travis_fold:start:system_info[0K[33;1mBuild system information[0m
Build language: java
Build group: stable
Build dist: precise
Build id: ''
Job id: ''
[34m[1mBuild image provisioning date and time[0m
Thu Feb  5 15:09:33 UTC 2015
[34m[1mOperating System Details[0m
Distributor ID:	Ubuntu
Description:	Ubuntu 12.04.5 LTS
Release:	12.04
Codename:	precise
[34m[1mLinux Version[0m
3.13.0-29-generic
[34m[1mCookbooks Version[0m
a68419e https://github.com/travis-ci/travis-cookbooks/tree/a68419e
[34m[1mGCC version[0m
gcc (Ubuntu/Linaro 4.6.3-1ubuntu5) 4.6.3
Copyright (C) 2011 Free Software Foundation, Inc.
This is free software; see the source for copying conditions.  There is NO
warranty; not even for MERCHANTABILITY or FITNESS FOR A PARTICULAR PURPOSE.

[34m[1mLLVM version[0m
clang version 3.4 (tags/RELEASE_34/final)
Target: x86_64-unknown-linux-gnu
Thread model: posix
[34m[1mPre-installed Ruby versions[0m
ruby-1.9.3-p551
[34m[1mPre-installed Node.js versions[0m
v0.10.36
[34m[1mPre-installed Go versions[0m
1.4.1
[34m[1mRedis version[0m
redis-server 2.8.19
[34m[1mriak version[0m
2.0.2
[34m[1mMongoDB version[0m
MongoDB 2.4.12
[34m[1mCouchDB version[0m
couchdb 1.6.1
[34m[1mNeo4j version[0m
1.9.4
[34m[1mRabbitMQ Version[0m
3.4.3
[34m[1mElasticSearch version[0m
1.4.0
[34m[1mInstalled Sphinx versions[0m
2.0.10
2.1.9
2.2.6
[34m[1mDefault Sphinx version[0m
2.2.6
[34m[1mInstalled Firefox version[0m
firefox 31.0esr
[34m[1mPhantomJS version[0m
1.9.8
[34m[1mant -version[0m
Apache Ant(TM) version 1.8.2 compiled on December 3 2011
[34m[1mmvn -version[0m
Apache Maven 3.2.5 (12a6b3acb947671f09b81f49094c53f426d8cea1; 2014-12-14T17:29:23+00:00)
Maven home: /usr/local/maven
Java version: 1.7.0_76, vendor: Oracle Corporation
Java home: /usr/lib/jvm/java-7-oracle/jre
Default locale: en_US, platform encoding: ANSI_X3.4-1968
OS name: "linux", version: "3.13.0-29-generic", arch: "amd64", family: "unix"
travis_fold:end:system_info[0K
grep: /etc/apt/sources.list.d/*: No such file or directory
sed: cannot rename /etc/hosts: Device or resource busy
sed: cannot rename /etc/hosts: Device or resource busy
$ jdk_switcher use oraclejdk8
Switching to Oracle JDK8 (java-8-oracle), JAVA_HOME will be set to /usr/lib/jvm/java-8-oracle
$ cd failed/yamcs/yamcs
travis_fold:start:cache.1[0KSetting up build cache
$ export CASHER_DIR=$HOME/.casher
travis_time:start:01b6049e[0K$ Installing caching utilities

travis_time:end:01b6049e:start=1604626398212488123,finish=1604626398487856271,duration=275368148[0Ktravis_time:start:2a34eb82[0K
travis_time:end:2a34eb82:start=1604626398502432853,finish=1604626398512252854,duration=9820001[0Ktravis_time:start:0bd7cf44[0K/home/travis/.casher/bin/casher:213:in `cache_archive_name': undefined method `[]' for nil:NilClass (NoMethodError)
	from /home/travis/.casher/bin/casher:65:in `block in fetch'
	from /home/travis/.casher/bin/casher:64:in `each'
	from /home/travis/.casher/bin/casher:64:in `fetch'
	from /home/travis/.casher/bin/casher:53:in `block in run'
	from /home/travis/.rvm/rubies/ruby-1.9.3-p551/lib/ruby/1.9.1/timeout.rb:69:in `timeout'
	from /home/travis/.casher/bin/casher:53:in `run'
	from /home/travis/.casher/bin/casher:263:in `<main>'
[32;1mattempting to download cache archive[0m

travis_time:end:0bd7cf44:start=1604626398523530934,finish=1604626399397619189,duration=874088255[0Ktravis_time:start:01baca9a[0K
travis_time:end:01baca9a:start=1604626399408860738,finish=1604626399419501565,duration=10640827[0Ktravis_time:start:16de366b[0K[32;1madding /home/travis/.m2 to cache[0m

travis_time:end:16de366b:start=1604626399433115090,finish=1604626400299323896,duration=866208806[0Ktravis_fold:end:cache.1[0K$ java -Xmx32m -version
java version "1.8.0_31"
Java(TM) SE Runtime Environment (build 1.8.0_31-b13)
Java HotSpot(TM) 64-Bit Server VM (build 25.31-b07, mixed mode)
$ javac -J-Xmx32m -version
javac 1.8.0_31
travis_fold:start:install[0Ktravis_time:start:01197ac4[0K$ mvn install -Dhttps.protocols=TLSv1.2 -DskipTests=true -Dmaven.javadoc.skip=true -B -V
Java HotSpot(TM) 64-Bit Server VM warning: ignoring option MaxPermSize=192m; support was removed in 8.0
Apache Maven 3.2.5 (12a6b3acb947671f09b81f49094c53f426d8cea1; 2014-12-14T17:29:23+00:00)
Maven home: /usr/local/maven
Java version: 1.8.0_31, vendor: Oracle Corporation
Java home: /usr/lib/jvm/java-8-oracle/jre
Default locale: en_US, platform encoding: UTF-8
OS name: "linux", version: "4.15.0-109-generic", arch: "amd64", family: "unix"
[INFO] Scanning for projects...
[INFO] ------------------------------------------------------------------------
[INFO] Reactor Build Order:
[INFO] 
[INFO] Yamcs
[INFO] Yamcs API
[INFO] Yamcs XTCE
[INFO] Yamcs Core
[INFO] Yamcs Simulation
[INFO]                                                                         
[INFO] ------------------------------------------------------------------------
[INFO] Building Yamcs 0.29.3
[INFO] ------------------------------------------------------------------------
[INFO] Downloading: https://repo.maven.apache.org/maven2/org/apache/maven/plugins/maven-install-plugin/2.4/maven-install-plugin-2.4.pom
[INFO] Downloaded: https://repo.maven.apache.org/maven2/org/apache/maven/plugins/maven-install-plugin/2.4/maven-install-plugin-2.4.pom (7 KB at 16.1 KB/sec)
[INFO] Downloading: https://repo.maven.apache.org/maven2/org/apache/maven/plugins/maven-plugins/23/maven-plugins-23.pom
[INFO] Downloaded: https://repo.maven.apache.org/maven2/org/apache/maven/plugins/maven-plugins/23/maven-plugins-23.pom (9 KB at 242.8 KB/sec)
[INFO] Downloading: https://repo.maven.apache.org/maven2/org/apache/maven/maven-parent/22/maven-parent-22.pom
[INFO] Downloaded: https://repo.maven.apache.org/maven2/org/apache/maven/maven-parent/22/maven-parent-22.pom (30 KB at 854.3 KB/sec)
[INFO] Downloading: https://repo.maven.apache.org/maven2/org/apache/apache/11/apache-11.pom
[INFO] Downloaded: https://repo.maven.apache.org/maven2/org/apache/apache/11/apache-11.pom (15 KB at 535.7 KB/sec)
[INFO] Downloading: https://repo.maven.apache.org/maven2/org/apache/maven/plugins/maven-install-plugin/2.4/maven-install-plugin-2.4.jar
[INFO] Downloaded: https://repo.maven.apache.org/maven2/org/apache/maven/plugins/maven-install-plugin/2.4/maven-install-plugin-2.4.jar (27 KB at 598.2 KB/sec)
[INFO] 
[INFO] --- maven-install-plugin:2.4:install (default-install) @ yamcs ---
[INFO] Downloading: https://repo.maven.apache.org/maven2/org/apache/maven/maven-plugin-api/2.0.6/maven-plugin-api-2.0.6.pom
[INFO] Downloaded: https://repo.maven.apache.org/maven2/org/apache/maven/maven-plugin-api/2.0.6/maven-plugin-api-2.0.6.pom (2 KB at 59.2 KB/sec)
[INFO] Downloading: https://repo.maven.apache.org/maven2/org/apache/maven/maven/2.0.6/maven-2.0.6.pom
[INFO] Downloaded: https://repo.maven.apache.org/maven2/org/apache/maven/maven/2.0.6/maven-2.0.6.pom (9 KB at 163.6 KB/sec)
[INFO] Downloading: https://repo.maven.apache.org/maven2/org/apache/maven/maven-parent/5/maven-parent-5.pom
[INFO] Downloaded: https://repo.maven.apache.org/maven2/org/apache/maven/maven-parent/5/maven-parent-5.pom (15 KB at 595.2 KB/sec)
[INFO] Downloading: https://repo.maven.apache.org/maven2/org/apache/apache/3/apache-3.pom
[INFO] Downloaded: https://repo.maven.apache.org/maven2/org/apache/apache/3/apache-3.pom (4 KB at 159.5 KB/sec)
[INFO] Downloading: https://repo.maven.apache.org/maven2/org/apache/maven/maven-project/2.0.6/maven-project-2.0.6.pom
[INFO] Downloaded: https://repo.maven.apache.org/maven2/org/apache/maven/maven-project/2.0.6/maven-project-2.0.6.pom (3 KB at 135.5 KB/sec)
[INFO] Downloading: https://repo.maven.apache.org/maven2/org/apache/maven/maven-settings/2.0.6/maven-settings-2.0.6.pom
[INFO] Downloaded: https://repo.maven.apache.org/maven2/org/apache/maven/maven-settings/2.0.6/maven-settings-2.0.6.pom (2 KB at 114.9 KB/sec)
[INFO] Downloading: https://repo.maven.apache.org/maven2/org/apache/maven/maven-model/2.0.6/maven-model-2.0.6.pom
[INFO] Downloaded: https://repo.maven.apache.org/maven2/org/apache/maven/maven-model/2.0.6/maven-model-2.0.6.pom (3 KB at 175.0 KB/sec)
[INFO] Downloading: https://repo.maven.apache.org/maven2/org/codehaus/plexus/plexus-utils/1.4.1/plexus-utils-1.4.1.pom
[INFO] Downloaded: https://repo.maven.apache.org/maven2/org/codehaus/plexus/plexus-utils/1.4.1/plexus-utils-1.4.1.pom (2 KB at 103.6 KB/sec)
[INFO] Downloading: https://repo.maven.apache.org/maven2/org/codehaus/plexus/plexus/1.0.11/plexus-1.0.11.pom
[INFO] Downloaded: https://repo.maven.apache.org/maven2/org/codehaus/plexus/plexus/1.0.11/plexus-1.0.11.pom (9 KB at 417.1 KB/sec)
[INFO] Downloading: https://repo.maven.apache.org/maven2/org/codehaus/plexus/plexus-container-default/1.0-alpha-9-stable-1/plexus-container-default-1.0-alpha-9-stable-1.pom
[INFO] Downloaded: https://repo.maven.apache.org/maven2/org/codehaus/plexus/plexus-container-default/1.0-alpha-9-stable-1/plexus-container-default-1.0-alpha-9-stable-1.pom (4 KB at 183.6 KB/sec)
[INFO] Downloading: https://repo.maven.apache.org/maven2/org/codehaus/plexus/plexus-containers/1.0.3/plexus-containers-1.0.3.pom
[INFO] Downloaded: https://repo.maven.apache.org/maven2/org/codehaus/plexus/plexus-containers/1.0.3/plexus-containers-1.0.3.pom (492 B at 30.0 KB/sec)
[INFO] Downloading: https://repo.maven.apache.org/maven2/org/codehaus/plexus/plexus/1.0.4/plexus-1.0.4.pom
[INFO] Downloaded: https://repo.maven.apache.org/maven2/org/codehaus/plexus/plexus/1.0.4/plexus-1.0.4.pom (6 KB at 311.3 KB/sec)
[INFO] Downloading: https://repo.maven.apache.org/maven2/junit/junit/3.8.1/junit-3.8.1.pom
[INFO] Downloaded: https://repo.maven.apache.org/maven2/junit/junit/3.8.1/junit-3.8.1.pom (998 B at 60.9 KB/sec)
[INFO] Downloading: https://repo.maven.apache.org/maven2/org/codehaus/plexus/plexus-utils/1.0.4/plexus-utils-1.0.4.pom
[INFO] Downloaded: https://repo.maven.apache.org/maven2/org/codehaus/plexus/plexus-utils/1.0.4/plexus-utils-1.0.4.pom (7 KB at 352.4 KB/sec)
[INFO] Downloading: https://repo.maven.apache.org/maven2/classworlds/classworlds/1.1-alpha-2/classworlds-1.1-alpha-2.pom
[INFO] Downloaded: https://repo.maven.apache.org/maven2/classworlds/classworlds/1.1-alpha-2/classworlds-1.1-alpha-2.pom (4 KB at 169.7 KB/sec)
[INFO] Downloading: https://repo.maven.apache.org/maven2/org/apache/maven/maven-profile/2.0.6/maven-profile-2.0.6.pom
[INFO] Downloaded: https://repo.maven.apache.org/maven2/org/apache/maven/maven-profile/2.0.6/maven-profile-2.0.6.pom (2 KB at 107.4 KB/sec)
[INFO] Downloading: https://repo.maven.apache.org/maven2/org/apache/maven/maven-artifact-manager/2.0.6/maven-artifact-manager-2.0.6.pom
[INFO] Downloaded: https://repo.maven.apache.org/maven2/org/apache/maven/maven-artifact-manager/2.0.6/maven-artifact-manager-2.0.6.pom (3 KB at 134.8 KB/sec)
[INFO] Downloading: https://repo.maven.apache.org/maven2/org/apache/maven/maven-repository-metadata/2.0.6/maven-repository-metadata-2.0.6.pom
[INFO] Downloaded: https://repo.maven.apache.org/maven2/org/apache/maven/maven-repository-metadata/2.0.6/maven-repository-metadata-2.0.6.pom (2 KB at 95.1 KB/sec)
[INFO] Downloading: https://repo.maven.apache.org/maven2/org/apache/maven/maven-artifact/2.0.6/maven-artifact-2.0.6.pom
[INFO] Downloaded: https://repo.maven.apache.org/maven2/org/apache/maven/maven-artifact/2.0.6/maven-artifact-2.0.6.pom (2 KB at 96.3 KB/sec)
[INFO] Downloading: https://repo.maven.apache.org/maven2/org/apache/maven/maven-plugin-registry/2.0.6/maven-plugin-registry-2.0.6.pom
[INFO] Downloaded: https://repo.maven.apache.org/maven2/org/apache/maven/maven-plugin-registry/2.0.6/maven-plugin-registry-2.0.6.pom (2 KB at 100.0 KB/sec)
[INFO] Downloading: https://repo.maven.apache.org/maven2/org/codehaus/plexus/plexus-utils/3.0.5/plexus-utils-3.0.5.pom
[INFO] Downloaded: https://repo.maven.apache.org/maven2/org/codehaus/plexus/plexus-utils/3.0.5/plexus-utils-3.0.5.pom (3 KB at 136.3 KB/sec)
[INFO] Downloading: https://repo.maven.apache.org/maven2/org/codehaus/plexus/plexus/3.1/plexus-3.1.pom
[INFO] Downloaded: https://repo.maven.apache.org/maven2/org/codehaus/plexus/plexus/3.1/plexus-3.1.pom (19 KB at 727.1 KB/sec)
[INFO] Downloading: https://repo.maven.apache.org/maven2/org/sonatype/spice/spice-parent/17/spice-parent-17.pom
[INFO] Downloaded: https://repo.maven.apache.org/maven2/org/sonatype/spice/spice-parent/17/spice-parent-17.pom (7 KB at 347.4 KB/sec)
[INFO] Downloading: https://repo.maven.apache.org/maven2/org/sonatype/forge/forge-parent/10/forge-parent-10.pom
[INFO] Downloaded: https://repo.maven.apache.org/maven2/org/sonatype/forge/forge-parent/10/forge-parent-10.pom (14 KB at 551.8 KB/sec)
[INFO] Downloading: https://repo.maven.apache.org/maven2/org/codehaus/plexus/plexus-digest/1.0/plexus-digest-1.0.pom
[INFO] Downloaded: https://repo.maven.apache.org/maven2/org/codehaus/plexus/plexus-digest/1.0/plexus-digest-1.0.pom (2 KB at 68.9 KB/sec)
[INFO] Downloading: https://repo.maven.apache.org/maven2/org/codehaus/plexus/plexus-components/1.1.7/plexus-components-1.1.7.pom
[INFO] Downloaded: https://repo.maven.apache.org/maven2/org/codehaus/plexus/plexus-components/1.1.7/plexus-components-1.1.7.pom (5 KB at 285.8 KB/sec)
[INFO] Downloading: https://repo.maven.apache.org/maven2/org/codehaus/plexus/plexus/1.0.8/plexus-1.0.8.pom
[INFO] Downloaded: https://repo.maven.apache.org/maven2/org/codehaus/plexus/plexus/1.0.8/plexus-1.0.8.pom (8 KB at 336.2 KB/sec)
[INFO] Downloading: https://repo.maven.apache.org/maven2/org/codehaus/plexus/plexus-container-default/1.0-alpha-8/plexus-container-default-1.0-alpha-8.pom
[INFO] Downloaded: https://repo.maven.apache.org/maven2/org/codehaus/plexus/plexus-container-default/1.0-alpha-8/plexus-container-default-1.0-alpha-8.pom (8 KB at 354.6 KB/sec)
[INFO] Downloading: https://repo.maven.apache.org/maven2/junit/junit/3.8.1/junit-3.8.1.jar
[INFO] Downloading: https://repo.maven.apache.org/maven2/org/codehaus/plexus/plexus-utils/3.0.5/plexus-utils-3.0.5.jar
[INFO] Downloading: https://repo.maven.apache.org/maven2/org/codehaus/plexus/plexus-digest/1.0/plexus-digest-1.0.jar
[INFO] Downloaded: https://repo.maven.apache.org/maven2/org/codehaus/plexus/plexus-digest/1.0/plexus-digest-1.0.jar (12 KB at 246.4 KB/sec)
[INFO] Downloaded: https://repo.maven.apache.org/maven2/junit/junit/3.8.1/junit-3.8.1.jar (119 KB at 1299.3 KB/sec)
[INFO] Downloaded: https://repo.maven.apache.org/maven2/org/codehaus/plexus/plexus-utils/3.0.5/plexus-utils-3.0.5.jar (226 KB at 2123.1 KB/sec)
[INFO] Installing /home/travis/build/failed/yamcs/yamcs/pom.xml to /home/travis/.m2/repository/org/yamcs/yamcs/0.29.3/yamcs-0.29.3.pom
[INFO]                                                                         
[INFO] ------------------------------------------------------------------------
[INFO] Building Yamcs API 0.29.3
[INFO] ------------------------------------------------------------------------
[INFO] Downloading: https://repo.maven.apache.org/maven2/org/apache/maven/plugins/maven-resources-plugin/2.6/maven-resources-plugin-2.6.pom
[INFO] Downloaded: https://repo.maven.apache.org/maven2/org/apache/maven/plugins/maven-resources-plugin/2.6/maven-resources-plugin-2.6.pom (8 KB at 360.2 KB/sec)
[INFO] Downloading: https://repo.maven.apache.org/maven2/org/apache/maven/plugins/maven-resources-plugin/2.6/maven-resources-plugin-2.6.jar
[INFO] Downloaded: https://repo.maven.apache.org/maven2/org/apache/maven/plugins/maven-resources-plugin/2.6/maven-resources-plugin-2.6.jar (29 KB at 670.4 KB/sec)
[INFO] Downloading: https://repo.maven.apache.org/maven2/org/apache/maven/plugins/maven-compiler-plugin/2.3.2/maven-compiler-plugin-2.3.2.pom
[INFO] Downloaded: https://repo.maven.apache.org/maven2/org/apache/maven/plugins/maven-compiler-plugin/2.3.2/maven-compiler-plugin-2.3.2.pom (8 KB at 311.2 KB/sec)
[INFO] Downloading: https://repo.maven.apache.org/maven2/org/apache/maven/plugins/maven-plugins/18/maven-plugins-18.pom
[INFO] Downloaded: https://repo.maven.apache.org/maven2/org/apache/maven/plugins/maven-plugins/18/maven-plugins-18.pom (13 KB at 470.2 KB/sec)
[INFO] Downloading: https://repo.maven.apache.org/maven2/org/apache/maven/maven-parent/16/maven-parent-16.pom
[INFO] Downloaded: https://repo.maven.apache.org/maven2/org/apache/maven/maven-parent/16/maven-parent-16.pom (23 KB at 212.4 KB/sec)
[INFO] Downloading: https://repo.maven.apache.org/maven2/org/apache/apache/7/apache-7.pom
[INFO] Downloaded: https://repo.maven.apache.org/maven2/org/apache/apache/7/apache-7.pom (15 KB at 542.0 KB/sec)
[INFO] Downloading: https://repo.maven.apache.org/maven2/org/apache/maven/plugins/maven-compiler-plugin/2.3.2/maven-compiler-plugin-2.3.2.jar
[INFO] Downloaded: https://repo.maven.apache.org/maven2/org/apache/maven/plugins/maven-compiler-plugin/2.3.2/maven-compiler-plugin-2.3.2.jar (29 KB at 814.1 KB/sec)
[INFO] Downloading: https://repo.maven.apache.org/maven2/org/apache/maven/plugins/maven-surefire-plugin/2.19.1/maven-surefire-plugin-2.19.1.pom
[INFO] Downloaded: https://repo.maven.apache.org/maven2/org/apache/maven/plugins/maven-surefire-plugin/2.19.1/maven-surefire-plugin-2.19.1.pom (6 KB at 258.7 KB/sec)
[INFO] Downloading: https://repo.maven.apache.org/maven2/org/apache/maven/surefire/surefire/2.19.1/surefire-2.19.1.pom
[INFO] Downloaded: https://repo.maven.apache.org/maven2/org/apache/maven/surefire/surefire/2.19.1/surefire-2.19.1.pom (19 KB at 621.4 KB/sec)
[INFO] Downloading: https://repo.maven.apache.org/maven2/org/apache/maven/maven-parent/26/maven-parent-26.pom
[INFO] Downloaded: https://repo.maven.apache.org/maven2/org/apache/maven/maven-parent/26/maven-parent-26.pom (39 KB at 971.3 KB/sec)
[INFO] Downloading: https://repo.maven.apache.org/maven2/org/apache/apache/16/apache-16.pom
[INFO] Downloaded: https://repo.maven.apache.org/maven2/org/apache/apache/16/apache-16.pom (16 KB at 683.5 KB/sec)
[INFO] Downloading: https://repo.maven.apache.org/maven2/org/apache/maven/plugins/maven-surefire-plugin/2.19.1/maven-surefire-plugin-2.19.1.jar
[INFO] Downloaded: https://repo.maven.apache.org/maven2/org/apache/maven/plugins/maven-surefire-plugin/2.19.1/maven-surefire-plugin-2.19.1.jar (38 KB at 937.6 KB/sec)
[INFO] Downloading: https://repo.maven.apache.org/maven2/org/apache/maven/plugins/maven-jar-plugin/2.4/maven-jar-plugin-2.4.pom
[INFO] Downloaded: https://repo.maven.apache.org/maven2/org/apache/maven/plugins/maven-jar-plugin/2.4/maven-jar-plugin-2.4.pom (6 KB at 271.3 KB/sec)
[INFO] Downloading: https://repo.maven.apache.org/maven2/org/apache/maven/plugins/maven-plugins/22/maven-plugins-22.pom
[INFO] Downloaded: https://repo.maven.apache.org/maven2/org/apache/maven/plugins/maven-plugins/22/maven-plugins-22.pom (13 KB at 553.6 KB/sec)
[INFO] Downloading: https://repo.maven.apache.org/maven2/org/apache/maven/maven-parent/21/maven-parent-21.pom
[INFO] Downloaded: https://repo.maven.apache.org/maven2/org/apache/maven/maven-parent/21/maven-parent-21.pom (26 KB at 887.6 KB/sec)
[INFO] Downloading: https://repo.maven.apache.org/maven2/org/apache/apache/10/apache-10.pom
[INFO] Downloaded: https://repo.maven.apache.org/maven2/org/apache/apache/10/apache-10.pom (15 KB at 688.2 KB/sec)
[INFO] Downloading: https://repo.maven.apache.org/maven2/org/apache/maven/plugins/maven-jar-plugin/2.4/maven-jar-plugin-2.4.jar
[INFO] Downloaded: https://repo.maven.apache.org/maven2/org/apache/maven/plugins/maven-jar-plugin/2.4/maven-jar-plugin-2.4.jar (34 KB at 1107.5 KB/sec)
[INFO] Downloading: http://insecure.repo1.maven.org/maven2/org/slf4j/slf4j-api/1.7.1/slf4j-api-1.7.1.pom
[INFO] Downloaded: http://insecure.repo1.maven.org/maven2/org/slf4j/slf4j-api/1.7.1/slf4j-api-1.7.1.pom (3 KB at 22.4 KB/sec)
[INFO] Downloading: http://insecure.repo1.maven.org/maven2/org/slf4j/slf4j-parent/1.7.1/slf4j-parent-1.7.1.pom
[INFO] Downloaded: http://insecure.repo1.maven.org/maven2/org/slf4j/slf4j-parent/1.7.1/slf4j-parent-1.7.1.pom (13 KB at 581.9 KB/sec)
[INFO] Downloading: http://insecure.repo1.maven.org/maven2/com/google/protobuf/protobuf-java/2.5.0/protobuf-java-2.5.0.pom
[INFO] Downloaded: http://insecure.repo1.maven.org/maven2/com/google/protobuf/protobuf-java/2.5.0/protobuf-java-2.5.0.pom (9 KB at 371.8 KB/sec)
[INFO] Downloading: http://insecure.repo1.maven.org/maven2/com/google/google/1/google-1.pom
[INFO] Downloaded: http://insecure.repo1.maven.org/maven2/com/google/google/1/google-1.pom (2 KB at 84.3 KB/sec)
[INFO] Downloading: http://insecure.repo1.maven.org/maven2/io/netty/netty-all/4.0.13.Final/netty-all-4.0.13.Final.pom
[INFO] Downloaded: http://insecure.repo1.maven.org/maven2/io/netty/netty-all/4.0.13.Final/netty-all-4.0.13.Final.pom (16 KB at 27.1 KB/sec)
[INFO] Downloading: http://insecure.repo1.maven.org/maven2/io/netty/netty-parent/4.0.13.Final/netty-parent-4.0.13.Final.pom
[INFO] Downloaded: http://insecure.repo1.maven.org/maven2/io/netty/netty-parent/4.0.13.Final/netty-parent-4.0.13.Final.pom (28 KB at 52.7 KB/sec)
[INFO] Downloading: http://insecure.repo1.maven.org/maven2/org/sonatype/oss/oss-parent/7/oss-parent-7.pom
[INFO] Downloaded: http://insecure.repo1.maven.org/maven2/org/sonatype/oss/oss-parent/7/oss-parent-7.pom (5 KB at 261.7 KB/sec)
[INFO] Downloading: http://insecure.repo1.maven.org/maven2/org/hornetq/hornetq-core-client/2.4.6.Final/hornetq-core-client-2.4.6.Final.pom
[INFO] Downloaded: http://insecure.repo1.maven.org/maven2/org/hornetq/hornetq-core-client/2.4.6.Final/hornetq-core-client-2.4.6.Final.pom (7 KB at 32.4 KB/sec)
[INFO] Downloading: http://insecure.repo1.maven.org/maven2/org/hornetq/hornetq-pom/2.4.6.Final/hornetq-pom-2.4.6.Final.pom
[INFO] Downloaded: http://insecure.repo1.maven.org/maven2/org/hornetq/hornetq-pom/2.4.6.Final/hornetq-pom-2.4.6.Final.pom (36 KB at 115.1 KB/sec)
[INFO] Downloading: http://insecure.repo1.maven.org/maven2/org/jgroups/jgroups/3.3.4.Final/jgroups-3.3.4.Final.pom
[INFO] Downloaded: http://insecure.repo1.maven.org/maven2/org/jgroups/jgroups/3.3.4.Final/jgroups-3.3.4.Final.pom (10 KB at 34.5 KB/sec)
[INFO] Downloading: http://insecure.repo1.maven.org/maven2/org/hornetq/hornetq-commons/2.4.6.Final/hornetq-commons-2.4.6.Final.pom
[INFO] Downloaded: http://insecure.repo1.maven.org/maven2/org/hornetq/hornetq-commons/2.4.6.Final/hornetq-commons-2.4.6.Final.pom (2 KB at 3.0 KB/sec)
[INFO] Downloading: http://insecure.repo1.maven.org/maven2/org/jboss/logging/jboss-logging/3.1.0.GA/jboss-logging-3.1.0.GA.pom
[INFO] Downloaded: http://insecure.repo1.maven.org/maven2/org/jboss/logging/jboss-logging/3.1.0.GA/jboss-logging-3.1.0.GA.pom (6 KB at 297.3 KB/sec)
[INFO] Downloading: http://insecure.repo1.maven.org/maven2/org/jboss/jboss-parent/7/jboss-parent-7.pom
[INFO] Downloaded: http://insecure.repo1.maven.org/maven2/org/jboss/jboss-parent/7/jboss-parent-7.pom (22 KB at 936.8 KB/sec)
[INFO] Downloading: http://insecure.repo1.maven.org/maven2/org/hornetq/hornetq-journal/2.4.6.Final/hornetq-journal-2.4.6.Final.pom
[INFO] Downloaded: http://insecure.repo1.maven.org/maven2/org/hornetq/hornetq-journal/2.4.6.Final/hornetq-journal-2.4.6.Final.pom (4 KB at 14.6 KB/sec)
[INFO] Downloading: http://insecure.repo1.maven.org/maven2/org/hornetq/hornetq-native/2.4.6.Final/hornetq-native-2.4.6.Final.pom
[INFO] Downloaded: http://insecure.repo1.maven.org/maven2/org/hornetq/hornetq-native/2.4.6.Final/hornetq-native-2.4.6.Final.pom (5 KB at 7.0 KB/sec)
[INFO] Downloading: http://insecure.repo1.maven.org/maven2/org/yaml/snakeyaml/1.9/snakeyaml-1.9.pom
[INFO] Downloaded: http://insecure.repo1.maven.org/maven2/org/yaml/snakeyaml/1.9/snakeyaml-1.9.pom (15 KB at 638.8 KB/sec)
[INFO] Downloading: http://insecure.repo1.maven.org/maven2/net/sourceforge/javacsv/javacsv/2.0/javacsv-2.0.pom
[INFO] Downloaded: http://insecure.repo1.maven.org/maven2/net/sourceforge/javacsv/javacsv/2.0/javacsv-2.0.pom (865 B at 4.1 KB/sec)
[INFO] Downloading: http://insecure.repo1.maven.org/maven2/io/protostuff/protostuff-api/1.3.3/protostuff-api-1.3.3.pom
[INFO] Downloaded: http://insecure.repo1.maven.org/maven2/io/protostuff/protostuff-api/1.3.3/protostuff-api-1.3.3.pom (681 B at 2.7 KB/sec)
[INFO] Downloading: http://insecure.repo1.maven.org/maven2/io/protostuff/protostuff/1.3.3/protostuff-1.3.3.pom
[INFO] Downloaded: http://insecure.repo1.maven.org/maven2/io/protostuff/protostuff/1.3.3/protostuff-1.3.3.pom (15 KB at 73.7 KB/sec)
[INFO] Downloading: http://insecure.repo1.maven.org/maven2/io/protostuff/protostuff-json/1.3.3/protostuff-json-1.3.3.pom
[INFO] Downloaded: http://insecure.repo1.maven.org/maven2/io/protostuff/protostuff-json/1.3.3/protostuff-json-1.3.3.pom (3 KB at 8.9 KB/sec)
[INFO] Downloading: http://insecure.repo1.maven.org/maven2/com/fasterxml/jackson/core/jackson-core/2.4.4/jackson-core-2.4.4.pom
[INFO] Downloaded: http://insecure.repo1.maven.org/maven2/com/fasterxml/jackson/core/jackson-core/2.4.4/jackson-core-2.4.4.pom (5 KB at 49.0 KB/sec)
[INFO] Downloading: http://insecure.repo1.maven.org/maven2/com/fasterxml/jackson/jackson-parent/2.4/jackson-parent-2.4.pom
[INFO] Downloaded: http://insecure.repo1.maven.org/maven2/com/fasterxml/jackson/jackson-parent/2.4/jackson-parent-2.4.pom (7 KB at 310.3 KB/sec)
[INFO] Downloading: http://insecure.repo1.maven.org/maven2/com/fasterxml/oss-parent/16/oss-parent-16.pom
[INFO] Downloaded: http://insecure.repo1.maven.org/maven2/com/fasterxml/oss-parent/16/oss-parent-16.pom (19 KB at 872.6 KB/sec)
[INFO] Downloading: http://insecure.repo1.maven.org/maven2/junit/junit/4.8.2/junit-4.8.2.pom
[INFO] Downloaded: http://insecure.repo1.maven.org/maven2/junit/junit/4.8.2/junit-4.8.2.pom (2 KB at 90.5 KB/sec)
[INFO] Downloading: http://insecure.repo1.maven.org/maven2/org/slf4j/slf4j-jdk14/1.7.1/slf4j-jdk14-1.7.1.pom
[INFO] Downloaded: http://insecure.repo1.maven.org/maven2/org/slf4j/slf4j-jdk14/1.7.1/slf4j-jdk14-1.7.1.pom (2 KB at 2.5 KB/sec)
[INFO] Downloading: http://insecure.repo1.maven.org/maven2/org/slf4j/slf4j-api/1.7.1/slf4j-api-1.7.1.jar
[INFO] Downloading: http://insecure.repo1.maven.org/maven2/com/google/protobuf/protobuf-java/2.5.0/protobuf-java-2.5.0.jar
[INFO] Downloading: http://insecure.repo1.maven.org/maven2/io/netty/netty-all/4.0.13.Final/netty-all-4.0.13.Final.jar
[INFO] Downloading: http://insecure.repo1.maven.org/maven2/org/hornetq/hornetq-core-client/2.4.6.Final/hornetq-core-client-2.4.6.Final.jar
[INFO] Downloading: http://insecure.repo1.maven.org/maven2/org/jgroups/jgroups/3.3.4.Final/jgroups-3.3.4.Final.jar
[INFO] Downloaded: http://insecure.repo1.maven.org/maven2/org/slf4j/slf4j-api/1.7.1/slf4j-api-1.7.1.jar (26 KB at 62.8 KB/sec)
[INFO] Downloading: http://insecure.repo1.maven.org/maven2/org/hornetq/hornetq-commons/2.4.6.Final/hornetq-commons-2.4.6.Final.jar
[INFO] Downloaded: http://insecure.repo1.maven.org/maven2/org/hornetq/hornetq-commons/2.4.6.Final/hornetq-commons-2.4.6.Final.jar (113 KB at 123.2 KB/sec)
[INFO] Downloading: http://insecure.repo1.maven.org/maven2/org/jboss/logging/jboss-logging/3.1.0.GA/jboss-logging-3.1.0.GA.jar
[INFO] Downloaded: http://insecure.repo1.maven.org/maven2/com/google/protobuf/protobuf-java/2.5.0/protobuf-java-2.5.0.jar (521 KB at 537.1 KB/sec)
[INFO] Downloading: http://insecure.repo1.maven.org/maven2/org/hornetq/hornetq-journal/2.4.6.Final/hornetq-journal-2.4.6.Final.jar
[INFO] Downloaded: http://insecure.repo1.maven.org/maven2/org/jboss/logging/jboss-logging/3.1.0.GA/jboss-logging-3.1.0.GA.jar (60 KB at 49.2 KB/sec)
[INFO] Downloading: http://insecure.repo1.maven.org/maven2/org/hornetq/hornetq-native/2.4.6.Final/hornetq-native-2.4.6.Final.jar
[INFO] Downloaded: http://insecure.repo1.maven.org/maven2/org/hornetq/hornetq-core-client/2.4.6.Final/hornetq-core-client-2.4.6.Final.jar (555 KB at 386.1 KB/sec)
[INFO] Downloading: http://insecure.repo1.maven.org/maven2/org/yaml/snakeyaml/1.9/snakeyaml-1.9.jar
[INFO] Downloaded: http://insecure.repo1.maven.org/maven2/org/hornetq/hornetq-native/2.4.6.Final/hornetq-native-2.4.6.Final.jar (39 KB at 24.3 KB/sec)
[INFO] Downloading: http://insecure.repo1.maven.org/maven2/net/sourceforge/javacsv/javacsv/2.0/javacsv-2.0.jar
[INFO] Downloaded: http://insecure.repo1.maven.org/maven2/net/sourceforge/javacsv/javacsv/2.0/javacsv-2.0.jar (14 KB at 7.3 KB/sec)
[INFO] Downloading: http://insecure.repo1.maven.org/maven2/io/protostuff/protostuff-api/1.3.3/protostuff-api-1.3.3.jar
[INFO] Downloaded: http://insecure.repo1.maven.org/maven2/org/hornetq/hornetq-journal/2.4.6.Final/hornetq-journal-2.4.6.Final.jar (183 KB at 99.4 KB/sec)
[INFO] Downloading: http://insecure.repo1.maven.org/maven2/io/protostuff/protostuff-json/1.3.3/protostuff-json-1.3.3.jar
[INFO] Downloaded: http://insecure.repo1.maven.org/maven2/org/yaml/snakeyaml/1.9/snakeyaml-1.9.jar (260 KB at 127.4 KB/sec)
[INFO] Downloading: http://insecure.repo1.maven.org/maven2/com/fasterxml/jackson/core/jackson-core/2.4.4/jackson-core-2.4.4.jar
[INFO] Downloaded: http://insecure.repo1.maven.org/maven2/io/protostuff/protostuff-json/1.3.3/protostuff-json-1.3.3.jar (29 KB at 13.5 KB/sec)
[INFO] Downloading: http://insecure.repo1.maven.org/maven2/junit/junit/4.8.2/junit-4.8.2.jar
[INFO] Downloaded: http://insecure.repo1.maven.org/maven2/junit/junit/4.8.2/junit-4.8.2.jar (232 KB at 108.2 KB/sec)
[INFO] Downloading: http://insecure.repo1.maven.org/maven2/org/slf4j/slf4j-jdk14/1.7.1/slf4j-jdk14-1.7.1.jar
[INFO] Downloaded: http://insecure.repo1.maven.org/maven2/com/fasterxml/jackson/core/jackson-core/2.4.4/jackson-core-2.4.4.jar (221 KB at 100.6 KB/sec)
[INFO] Downloaded: http://insecure.repo1.maven.org/maven2/org/slf4j/slf4j-jdk14/1.7.1/slf4j-jdk14-1.7.1.jar (8 KB at 3.4 KB/sec)
[INFO] Downloaded: http://insecure.repo1.maven.org/maven2/org/jgroups/jgroups/3.3.4.Final/jgroups-3.3.4.Final.jar (2030 KB at 887.0 KB/sec)
[INFO] Downloaded: http://insecure.repo1.maven.org/maven2/io/protostuff/protostuff-api/1.3.3/protostuff-api-1.3.3.jar (53 KB at 21.3 KB/sec)
[INFO] Downloaded: http://insecure.repo1.maven.org/maven2/io/netty/netty-all/4.0.13.Final/netty-all-4.0.13.Final.jar (1438 KB at 463.4 KB/sec)
[INFO] 
[INFO] --- maven-resources-plugin:2.6:resources (default-resources) @ yamcs-api ---
[INFO] Downloading: https://repo.maven.apache.org/maven2/org/apache/maven/maven-core/2.0.6/maven-core-2.0.6.pom
[INFO] Downloaded: https://repo.maven.apache.org/maven2/org/apache/maven/maven-core/2.0.6/maven-core-2.0.6.pom (7 KB at 327.7 KB/sec)
[INFO] Downloading: https://repo.maven.apache.org/maven2/org/apache/maven/maven-plugin-parameter-documenter/2.0.6/maven-plugin-parameter-documenter-2.0.6.pom
[INFO] Downloaded: https://repo.maven.apache.org/maven2/org/apache/maven/maven-plugin-parameter-documenter/2.0.6/maven-plugin-parameter-documenter-2.0.6.pom (2 KB at 109.8 KB/sec)
[INFO] Downloading: https://repo.maven.apache.org/maven2/org/apache/maven/reporting/maven-reporting-api/2.0.6/maven-reporting-api-2.0.6.pom
[INFO] Downloaded: https://repo.maven.apache.org/maven2/org/apache/maven/reporting/maven-reporting-api/2.0.6/maven-reporting-api-2.0.6.pom (2 KB at 106.9 KB/sec)
[INFO] Downloading: https://repo.maven.apache.org/maven2/org/apache/maven/reporting/maven-reporting/2.0.6/maven-reporting-2.0.6.pom
[INFO] Downloaded: https://repo.maven.apache.org/maven2/org/apache/maven/reporting/maven-reporting/2.0.6/maven-reporting-2.0.6.pom (2 KB at 93.7 KB/sec)
[INFO] Downloading: https://repo.maven.apache.org/maven2/org/apache/maven/doxia/doxia-sink-api/1.0-alpha-7/doxia-sink-api-1.0-alpha-7.pom
[INFO] Downloaded: https://repo.maven.apache.org/maven2/org/apache/maven/doxia/doxia-sink-api/1.0-alpha-7/doxia-sink-api-1.0-alpha-7.pom (424 B at 27.6 KB/sec)
[INFO] Downloading: https://repo.maven.apache.org/maven2/org/apache/maven/doxia/doxia/1.0-alpha-7/doxia-1.0-alpha-7.pom
[INFO] Downloaded: https://repo.maven.apache.org/maven2/org/apache/maven/doxia/doxia/1.0-alpha-7/doxia-1.0-alpha-7.pom (4 KB at 191.1 KB/sec)
[INFO] Downloading: https://repo.maven.apache.org/maven2/org/apache/maven/maven-error-diagnostics/2.0.6/maven-error-diagnostics-2.0.6.pom
[INFO] Downloaded: https://repo.maven.apache.org/maven2/org/apache/maven/maven-error-diagnostics/2.0.6/maven-error-diagnostics-2.0.6.pom (2 KB at 104.0 KB/sec)
[INFO] Downloading: https://repo.maven.apache.org/maven2/commons-cli/commons-cli/1.0/commons-cli-1.0.pom
[INFO] Downloaded: https://repo.maven.apache.org/maven2/commons-cli/commons-cli/1.0/commons-cli-1.0.pom (3 KB at 114.2 KB/sec)
[INFO] Downloading: https://repo.maven.apache.org/maven2/org/apache/maven/maven-plugin-descriptor/2.0.6/maven-plugin-descriptor-2.0.6.pom
[INFO] Downloaded: https://repo.maven.apache.org/maven2/org/apache/maven/maven-plugin-descriptor/2.0.6/maven-plugin-descriptor-2.0.6.pom (2 KB at 123.2 KB/sec)
[INFO] Downloading: https://repo.maven.apache.org/maven2/org/codehaus/plexus/plexus-interactivity-api/1.0-alpha-4/plexus-interactivity-api-1.0-alpha-4.pom
[INFO] Downloaded: https://repo.maven.apache.org/maven2/org/codehaus/plexus/plexus-interactivity-api/1.0-alpha-4/plexus-interactivity-api-1.0-alpha-4.pom (7 KB at 346.2 KB/sec)
[INFO] Downloading: https://repo.maven.apache.org/maven2/org/apache/maven/maven-monitor/2.0.6/maven-monitor-2.0.6.pom
[INFO] Downloaded: https://repo.maven.apache.org/maven2/org/apache/maven/maven-monitor/2.0.6/maven-monitor-2.0.6.pom (2 KB at 81.6 KB/sec)
[INFO] Downloading: https://repo.maven.apache.org/maven2/classworlds/classworlds/1.1/classworlds-1.1.pom
[INFO] Downloaded: https://repo.maven.apache.org/maven2/classworlds/classworlds/1.1/classworlds-1.1.pom (4 KB at 190.9 KB/sec)
[INFO] Downloading: https://repo.maven.apache.org/maven2/org/codehaus/plexus/plexus-utils/2.0.5/plexus-utils-2.0.5.pom
[INFO] Downloaded: https://repo.maven.apache.org/maven2/org/codehaus/plexus/plexus-utils/2.0.5/plexus-utils-2.0.5.pom (4 KB at 191.5 KB/sec)
[INFO] Downloading: https://repo.maven.apache.org/maven2/org/codehaus/plexus/plexus/2.0.6/plexus-2.0.6.pom
[INFO] Downloaded: https://repo.maven.apache.org/maven2/org/codehaus/plexus/plexus/2.0.6/plexus-2.0.6.pom (17 KB at 744.1 KB/sec)
[INFO] Downloading: https://repo.maven.apache.org/maven2/org/apache/maven/shared/maven-filtering/1.1/maven-filtering-1.1.pom
[INFO] Downloaded: https://repo.maven.apache.org/maven2/org/apache/maven/shared/maven-filtering/1.1/maven-filtering-1.1.pom (6 KB at 245.8 KB/sec)
[INFO] Downloading: https://repo.maven.apache.org/maven2/org/apache/maven/shared/maven-shared-components/17/maven-shared-components-17.pom
[INFO] Downloaded: https://repo.maven.apache.org/maven2/org/apache/maven/shared/maven-shared-components/17/maven-shared-components-17.pom (9 KB at 369.5 KB/sec)
[INFO] Downloading: https://repo.maven.apache.org/maven2/org/codehaus/plexus/plexus-utils/1.5.15/plexus-utils-1.5.15.pom
[INFO] Downloaded: https://repo.maven.apache.org/maven2/org/codehaus/plexus/plexus-utils/1.5.15/plexus-utils-1.5.15.pom (7 KB at 334.4 KB/sec)
[INFO] Downloading: https://repo.maven.apache.org/maven2/org/codehaus/plexus/plexus/2.0.2/plexus-2.0.2.pom
[INFO] Downloaded: https://repo.maven.apache.org/maven2/org/codehaus/plexus/plexus/2.0.2/plexus-2.0.2.pom (12 KB at 472.4 KB/sec)
[INFO] Downloading: https://repo.maven.apache.org/maven2/org/codehaus/plexus/plexus-interpolation/1.12/plexus-interpolation-1.12.pom
[INFO] Downloaded: https://repo.maven.apache.org/maven2/org/codehaus/plexus/plexus-interpolation/1.12/plexus-interpolation-1.12.pom (889 B at 57.9 KB/sec)
[INFO] Downloading: https://repo.maven.apache.org/maven2/org/codehaus/plexus/plexus-components/1.1.14/plexus-components-1.1.14.pom
[INFO] Downloaded: https://repo.maven.apache.org/maven2/org/codehaus/plexus/plexus-components/1.1.14/plexus-components-1.1.14.pom (6 KB at 285.3 KB/sec)
[INFO] Downloading: https://repo.maven.apache.org/maven2/org/sonatype/plexus/plexus-build-api/0.0.4/plexus-build-api-0.0.4.pom
[INFO] Downloaded: https://repo.maven.apache.org/maven2/org/sonatype/plexus/plexus-build-api/0.0.4/plexus-build-api-0.0.4.pom (3 KB at 174.7 KB/sec)
[INFO] Downloading: https://repo.maven.apache.org/maven2/org/sonatype/spice/spice-parent/10/spice-parent-10.pom
[INFO] Downloaded: https://repo.maven.apache.org/maven2/org/sonatype/spice/spice-parent/10/spice-parent-10.pom (3 KB at 184.0 KB/sec)
[INFO] Downloading: https://repo.maven.apache.org/maven2/org/sonatype/forge/forge-parent/3/forge-parent-3.pom
[INFO] Downloaded: https://repo.maven.apache.org/maven2/org/sonatype/forge/forge-parent/3/forge-parent-3.pom (5 KB at 307.2 KB/sec)
[INFO] Downloading: https://repo.maven.apache.org/maven2/org/codehaus/plexus/plexus-utils/1.5.8/plexus-utils-1.5.8.pom
[INFO] Downloaded: https://repo.maven.apache.org/maven2/org/codehaus/plexus/plexus-utils/1.5.8/plexus-utils-1.5.8.pom (8 KB at 414.4 KB/sec)
[INFO] Downloading: https://repo.maven.apache.org/maven2/org/codehaus/plexus/plexus-interpolation/1.13/plexus-interpolation-1.13.pom
[INFO] Downloaded: https://repo.maven.apache.org/maven2/org/codehaus/plexus/plexus-interpolation/1.13/plexus-interpolation-1.13.pom (890 B at 57.9 KB/sec)
[INFO] Downloading: https://repo.maven.apache.org/maven2/org/codehaus/plexus/plexus-components/1.1.15/plexus-components-1.1.15.pom
[INFO] Downloaded: https://repo.maven.apache.org/maven2/org/codehaus/plexus/plexus-components/1.1.15/plexus-components-1.1.15.pom (3 KB at 154.5 KB/sec)
[INFO] Downloading: https://repo.maven.apache.org/maven2/org/codehaus/plexus/plexus/2.0.3/plexus-2.0.3.pom
[INFO] Downloaded: https://repo.maven.apache.org/maven2/org/codehaus/plexus/plexus/2.0.3/plexus-2.0.3.pom (16 KB at 629.1 KB/sec)
[INFO] Downloading: https://repo.maven.apache.org/maven2/org/apache/maven/reporting/maven-reporting-api/2.0.6/maven-reporting-api-2.0.6.jar
[INFO] Downloading: https://repo.maven.apache.org/maven2/org/apache/maven/doxia/doxia-sink-api/1.0-alpha-7/doxia-sink-api-1.0-alpha-7.jar
[INFO] Downloading: https://repo.maven.apache.org/maven2/commons-cli/commons-cli/1.0/commons-cli-1.0.jar
[INFO] Downloading: https://repo.maven.apache.org/maven2/org/codehaus/plexus/plexus-interactivity-api/1.0-alpha-4/plexus-interactivity-api-1.0-alpha-4.jar
[INFO] Downloading: https://repo.maven.apache.org/maven2/org/codehaus/plexus/plexus-utils/2.0.5/plexus-utils-2.0.5.jar
[INFO] Downloaded: https://repo.maven.apache.org/maven2/org/codehaus/plexus/plexus-interactivity-api/1.0-alpha-4/plexus-interactivity-api-1.0-alpha-4.jar (14 KB at 467.6 KB/sec)
[INFO] Downloading: https://repo.maven.apache.org/maven2/org/apache/maven/shared/maven-filtering/1.1/maven-filtering-1.1.jar
[INFO] Downloaded: https://repo.maven.apache.org/maven2/org/apache/maven/doxia/doxia-sink-api/1.0-alpha-7/doxia-sink-api-1.0-alpha-7.jar (6 KB at 193.2 KB/sec)
[INFO] Downloading: https://repo.maven.apache.org/maven2/org/sonatype/plexus/plexus-build-api/0.0.4/plexus-build-api-0.0.4.jar
[INFO] Downloaded: https://repo.maven.apache.org/maven2/commons-cli/commons-cli/1.0/commons-cli-1.0.jar (30 KB at 774.0 KB/sec)
[INFO] Downloading: https://repo.maven.apache.org/maven2/org/codehaus/plexus/plexus-interpolation/1.13/plexus-interpolation-1.13.jar
[INFO] Downloaded: https://repo.maven.apache.org/maven2/org/sonatype/plexus/plexus-build-api/0.0.4/plexus-build-api-0.0.4.jar (7 KB at 133.0 KB/sec)
[INFO] Downloaded: https://repo.maven.apache.org/maven2/org/apache/maven/reporting/maven-reporting-api/2.0.6/maven-reporting-api-2.0.6.jar (10 KB at 170.3 KB/sec)
[INFO] Downloaded: https://repo.maven.apache.org/maven2/org/apache/maven/shared/maven-filtering/1.1/maven-filtering-1.1.jar (43 KB at 576.7 KB/sec)
[INFO] Downloaded: https://repo.maven.apache.org/maven2/org/codehaus/plexus/plexus-interpolation/1.13/plexus-interpolation-1.13.jar (60 KB at 701.5 KB/sec)
[INFO] Downloaded: https://repo.maven.apache.org/maven2/org/codehaus/plexus/plexus-utils/2.0.5/plexus-utils-2.0.5.jar (218 KB at 1492.7 KB/sec)
[INFO] Using 'UTF-8' encoding to copy filtered resources.
[INFO] Copying 1 resource
[INFO] 
[INFO] --- maven-compiler-plugin:2.3.2:compile (default-compile) @ yamcs-api ---
[INFO] Downloading: https://repo.maven.apache.org/maven2/org/apache/maven/maven-toolchain/1.0/maven-toolchain-1.0.pom
[INFO] Downloaded: https://repo.maven.apache.org/maven2/org/apache/maven/maven-toolchain/1.0/maven-toolchain-1.0.pom (4 KB at 158.8 KB/sec)
[INFO] Downloading: https://repo.maven.apache.org/maven2/org/codehaus/plexus/plexus-compiler-api/1.8.1/plexus-compiler-api-1.8.1.pom
[INFO] Downloaded: https://repo.maven.apache.org/maven2/org/codehaus/plexus/plexus-compiler-api/1.8.1/plexus-compiler-api-1.8.1.pom (805 B at 56.2 KB/sec)
[INFO] Downloading: https://repo.maven.apache.org/maven2/org/codehaus/plexus/plexus-compiler/1.8.1/plexus-compiler-1.8.1.pom
[INFO] Downloaded: https://repo.maven.apache.org/maven2/org/codehaus/plexus/plexus-compiler/1.8.1/plexus-compiler-1.8.1.pom (4 KB at 212.2 KB/sec)
[INFO] Downloading: https://repo.maven.apache.org/maven2/org/codehaus/plexus/plexus-components/1.1.18/plexus-components-1.1.18.pom
[INFO] Downloaded: https://repo.maven.apache.org/maven2/org/codehaus/plexus/plexus-components/1.1.18/plexus-components-1.1.18.pom (6 KB at 307.6 KB/sec)
[INFO] Downloading: https://repo.maven.apache.org/maven2/org/codehaus/plexus/plexus/2.0.7/plexus-2.0.7.pom
[INFO] Downloaded: https://repo.maven.apache.org/maven2/org/codehaus/plexus/plexus/2.0.7/plexus-2.0.7.pom (17 KB at 734.3 KB/sec)
[INFO] Downloading: https://repo.maven.apache.org/maven2/org/codehaus/plexus/plexus-utils/1.5.5/plexus-utils-1.5.5.pom
[INFO] Downloaded: https://repo.maven.apache.org/maven2/org/codehaus/plexus/plexus-utils/1.5.5/plexus-utils-1.5.5.pom (6 KB at 251.3 KB/sec)
[INFO] Downloading: https://repo.maven.apache.org/maven2/org/codehaus/plexus/plexus-compiler-manager/1.8.1/plexus-compiler-manager-1.8.1.pom
[INFO] Downloaded: https://repo.maven.apache.org/maven2/org/codehaus/plexus/plexus-compiler-manager/1.8.1/plexus-compiler-manager-1.8.1.pom (713 B at 49.7 KB/sec)
[INFO] Downloading: https://repo.maven.apache.org/maven2/org/codehaus/plexus/plexus-compiler-javac/1.8.1/plexus-compiler-javac-1.8.1.pom
[INFO] Downloaded: https://repo.maven.apache.org/maven2/org/codehaus/plexus/plexus-compiler-javac/1.8.1/plexus-compiler-javac-1.8.1.pom (710 B at 49.5 KB/sec)
[INFO] Downloading: https://repo.maven.apache.org/maven2/org/codehaus/plexus/plexus-compilers/1.8.1/plexus-compilers-1.8.1.pom
[INFO] Downloaded: https://repo.maven.apache.org/maven2/org/codehaus/plexus/plexus-compilers/1.8.1/plexus-compilers-1.8.1.pom (2 KB at 99.6 KB/sec)
[INFO] Downloading: https://repo.maven.apache.org/maven2/org/codehaus/plexus/plexus-compiler-api/1.8.1/plexus-compiler-api-1.8.1.jar
[INFO] Downloading: https://repo.maven.apache.org/maven2/org/codehaus/plexus/plexus-compiler-manager/1.8.1/plexus-compiler-manager-1.8.1.jar
[INFO] Downloading: https://repo.maven.apache.org/maven2/org/codehaus/plexus/plexus-compiler-javac/1.8.1/plexus-compiler-javac-1.8.1.jar
[INFO] Downloaded: https://repo.maven.apache.org/maven2/org/codehaus/plexus/plexus-compiler-api/1.8.1/plexus-compiler-api-1.8.1.jar (20 KB at 649.8 KB/sec)
[INFO] Downloaded: https://repo.maven.apache.org/maven2/org/codehaus/plexus/plexus-compiler-manager/1.8.1/plexus-compiler-manager-1.8.1.jar (6 KB at 173.3 KB/sec)
[INFO] Downloaded: https://repo.maven.apache.org/maven2/org/codehaus/plexus/plexus-compiler-javac/1.8.1/plexus-compiler-javac-1.8.1.jar (13 KB at 407.6 KB/sec)
[INFO] Compiling 64 source files to /home/travis/build/failed/yamcs/yamcs/yamcs-api/target/classes
[INFO] 
[INFO] --- maven-resources-plugin:2.6:testResources (default-testResources) @ yamcs-api ---
[INFO] Using 'UTF-8' encoding to copy filtered resources.
[INFO] skip non existing resourceDirectory /home/travis/build/failed/yamcs/yamcs/yamcs-api/src/test/resources
[INFO] 
[INFO] --- maven-compiler-plugin:2.3.2:testCompile (default-testCompile) @ yamcs-api ---
[INFO] Compiling 4 source files to /home/travis/build/failed/yamcs/yamcs/yamcs-api/target/test-classes
[INFO] 
[INFO] --- maven-surefire-plugin:2.19.1:test (default-test) @ yamcs-api ---
[INFO] Downloading: https://repo.maven.apache.org/maven2/org/apache/maven/maven-plugin-api/2.2.1/maven-plugin-api-2.2.1.pom
[INFO] Downloaded: https://repo.maven.apache.org/maven2/org/apache/maven/maven-plugin-api/2.2.1/maven-plugin-api-2.2.1.pom (2 KB at 83.8 KB/sec)
[INFO] Downloading: https://repo.maven.apache.org/maven2/org/apache/maven/maven/2.2.1/maven-2.2.1.pom
[INFO] Downloaded: https://repo.maven.apache.org/maven2/org/apache/maven/maven/2.2.1/maven-2.2.1.pom (22 KB at 875.4 KB/sec)
[INFO] Downloading: https://repo.maven.apache.org/maven2/org/apache/maven/maven-parent/11/maven-parent-11.pom
[INFO] Downloaded: https://repo.maven.apache.org/maven2/org/apache/maven/maven-parent/11/maven-parent-11.pom (32 KB at 1020.9 KB/sec)
[INFO] Downloading: https://repo.maven.apache.org/maven2/org/apache/apache/5/apache-5.pom
[INFO] Downloaded: https://repo.maven.apache.org/maven2/org/apache/apache/5/apache-5.pom (5 KB at 222.3 KB/sec)
[INFO] Downloading: https://repo.maven.apache.org/maven2/org/apache/maven/surefire/maven-surefire-common/2.19.1/maven-surefire-common-2.19.1.pom
[INFO] Downloaded: https://repo.maven.apache.org/maven2/org/apache/maven/surefire/maven-surefire-common/2.19.1/maven-surefire-common-2.19.1.pom (8 KB at 421.2 KB/sec)
[INFO] Downloading: https://repo.maven.apache.org/maven2/org/apache/maven/plugin-tools/maven-plugin-annotations/3.3/maven-plugin-annotations-3.3.pom
[INFO] Downloaded: https://repo.maven.apache.org/maven2/org/apache/maven/plugin-tools/maven-plugin-annotations/3.3/maven-plugin-annotations-3.3.pom (2 KB at 106.1 KB/sec)
[INFO] Downloading: https://repo.maven.apache.org/maven2/org/apache/maven/plugin-tools/maven-plugin-tools/3.3/maven-plugin-tools-3.3.pom
[INFO] Downloaded: https://repo.maven.apache.org/maven2/org/apache/maven/plugin-tools/maven-plugin-tools/3.3/maven-plugin-tools-3.3.pom (13 KB at 650.1 KB/sec)
[INFO] Downloading: https://repo.maven.apache.org/maven2/org/apache/maven/maven-parent/24/maven-parent-24.pom
[INFO] Downloaded: https://repo.maven.apache.org/maven2/org/apache/maven/maven-parent/24/maven-parent-24.pom (37 KB at 1162.4 KB/sec)
[INFO] Downloading: https://repo.maven.apache.org/maven2/org/apache/apache/14/apache-14.pom
[INFO] Downloaded: https://repo.maven.apache.org/maven2/org/apache/apache/14/apache-14.pom (15 KB at 651.9 KB/sec)
[INFO] Downloading: https://repo.maven.apache.org/maven2/org/apache/maven/maven-artifact/2.2.1/maven-artifact-2.2.1.pom
[INFO] Downloaded: https://repo.maven.apache.org/maven2/org/apache/maven/maven-artifact/2.2.1/maven-artifact-2.2.1.pom (2 KB at 96.5 KB/sec)
[INFO] Downloading: https://repo.maven.apache.org/maven2/org/apache/maven/surefire/surefire-api/2.19.1/surefire-api-2.19.1.pom
[INFO] Downloaded: https://repo.maven.apache.org/maven2/org/apache/maven/surefire/surefire-api/2.19.1/surefire-api-2.19.1.pom (4 KB at 149.0 KB/sec)
[INFO] Downloading: https://repo.maven.apache.org/maven2/org/apache/maven/surefire/surefire-booter/2.19.1/surefire-booter-2.19.1.pom
[INFO] Downloaded: https://repo.maven.apache.org/maven2/org/apache/maven/surefire/surefire-booter/2.19.1/surefire-booter-2.19.1.pom (4 KB at 194.3 KB/sec)
[INFO] Downloading: https://repo.maven.apache.org/maven2/org/apache/maven/maven-plugin-descriptor/2.2.1/maven-plugin-descriptor-2.2.1.pom
[INFO] Downloaded: https://repo.maven.apache.org/maven2/org/apache/maven/maven-plugin-descriptor/2.2.1/maven-plugin-descriptor-2.2.1.pom (3 KB at 134.4 KB/sec)
[INFO] Downloading: https://repo.maven.apache.org/maven2/junit/junit/4.12/junit-4.12.pom
[INFO] Downloaded: https://repo.maven.apache.org/maven2/junit/junit/4.12/junit-4.12.pom (24 KB at 856.4 KB/sec)
[INFO] Downloading: https://repo.maven.apache.org/maven2/org/hamcrest/hamcrest-core/1.3/hamcrest-core-1.3.pom
[INFO] Downloaded: https://repo.maven.apache.org/maven2/org/hamcrest/hamcrest-core/1.3/hamcrest-core-1.3.pom (766 B at 49.9 KB/sec)
[INFO] Downloading: https://repo.maven.apache.org/maven2/org/hamcrest/hamcrest-parent/1.3/hamcrest-parent-1.3.pom
[INFO] Downloaded: https://repo.maven.apache.org/maven2/org/hamcrest/hamcrest-parent/1.3/hamcrest-parent-1.3.pom (2 KB at 128.4 KB/sec)
[INFO] Downloading: https://repo.maven.apache.org/maven2/org/apache/maven/maven-project/2.2.1/maven-project-2.2.1.pom
[INFO] Downloaded: https://repo.maven.apache.org/maven2/org/apache/maven/maven-project/2.2.1/maven-project-2.2.1.pom (3 KB at 180.5 KB/sec)
[INFO] Downloading: https://repo.maven.apache.org/maven2/org/apache/maven/maven-settings/2.2.1/maven-settings-2.2.1.pom
[INFO] Downloaded: https://repo.maven.apache.org/maven2/org/apache/maven/maven-settings/2.2.1/maven-settings-2.2.1.pom (3 KB at 152.0 KB/sec)
[INFO] Downloading: https://repo.maven.apache.org/maven2/org/apache/maven/maven-model/2.2.1/maven-model-2.2.1.pom
[INFO] Downloaded: https://repo.maven.apache.org/maven2/org/apache/maven/maven-model/2.2.1/maven-model-2.2.1.pom (4 KB at 186.1 KB/sec)
[INFO] Downloading: https://repo.maven.apache.org/maven2/org/codehaus/plexus/plexus-interpolation/1.11/plexus-interpolation-1.11.pom
[INFO] Downloaded: https://repo.maven.apache.org/maven2/org/codehaus/plexus/plexus-interpolation/1.11/plexus-interpolation-1.11.pom (889 B at 57.9 KB/sec)
[INFO] Downloading: https://repo.maven.apache.org/maven2/org/apache/maven/maven-profile/2.2.1/maven-profile-2.2.1.pom
[INFO] Downloaded: https://repo.maven.apache.org/maven2/org/apache/maven/maven-profile/2.2.1/maven-profile-2.2.1.pom (3 KB at 141.3 KB/sec)
[INFO] Downloading: https://repo.maven.apache.org/maven2/org/apache/maven/maven-artifact-manager/2.2.1/maven-artifact-manager-2.2.1.pom
[INFO] Downloaded: https://repo.maven.apache.org/maven2/org/apache/maven/maven-artifact-manager/2.2.1/maven-artifact-manager-2.2.1.pom (4 KB at 216.4 KB/sec)
[INFO] Downloading: https://repo.maven.apache.org/maven2/org/apache/maven/maven-repository-metadata/2.2.1/maven-repository-metadata-2.2.1.pom
[INFO] Downloaded: https://repo.maven.apache.org/maven2/org/apache/maven/maven-repository-metadata/2.2.1/maven-repository-metadata-2.2.1.pom (2 KB at 130.5 KB/sec)
[INFO] Downloading: https://repo.maven.apache.org/maven2/backport-util-concurrent/backport-util-concurrent/3.1/backport-util-concurrent-3.1.pom
[INFO] Downloaded: https://repo.maven.apache.org/maven2/backport-util-concurrent/backport-util-concurrent/3.1/backport-util-concurrent-3.1.pom (880 B at 57.3 KB/sec)
[INFO] Downloading: https://repo.maven.apache.org/maven2/org/apache/maven/maven-plugin-registry/2.2.1/maven-plugin-registry-2.2.1.pom
[INFO] Downloaded: https://repo.maven.apache.org/maven2/org/apache/maven/maven-plugin-registry/2.2.1/maven-plugin-registry-2.2.1.pom (2 KB at 117.7 KB/sec)
[INFO] Downloading: https://repo.maven.apache.org/maven2/org/apache/maven/maven-core/2.2.1/maven-core-2.2.1.pom
[INFO] Downloaded: https://repo.maven.apache.org/maven2/org/apache/maven/maven-core/2.2.1/maven-core-2.2.1.pom (12 KB at 516.4 KB/sec)
[INFO] Downloading: https://repo.maven.apache.org/maven2/org/apache/maven/maven-plugin-parameter-documenter/2.2.1/maven-plugin-parameter-documenter-2.2.1.pom
[INFO] Downloaded: https://repo.maven.apache.org/maven2/org/apache/maven/maven-plugin-parameter-documenter/2.2.1/maven-plugin-parameter-documenter-2.2.1.pom (2 KB at 127.4 KB/sec)
[INFO] Downloading: https://repo.maven.apache.org/maven2/org/slf4j/slf4j-jdk14/1.5.6/slf4j-jdk14-1.5.6.pom
[INFO] Downloaded: https://repo.maven.apache.org/maven2/org/slf4j/slf4j-jdk14/1.5.6/slf4j-jdk14-1.5.6.pom (2 KB at 123.6 KB/sec)
[INFO] Downloading: https://repo.maven.apache.org/maven2/org/slf4j/slf4j-parent/1.5.6/slf4j-parent-1.5.6.pom
[INFO] Downloaded: https://repo.maven.apache.org/maven2/org/slf4j/slf4j-parent/1.5.6/slf4j-parent-1.5.6.pom (8 KB at 407.1 KB/sec)
[INFO] Downloading: https://repo.maven.apache.org/maven2/org/slf4j/slf4j-api/1.5.6/slf4j-api-1.5.6.pom
[INFO] Downloaded: https://repo.maven.apache.org/maven2/org/slf4j/slf4j-api/1.5.6/slf4j-api-1.5.6.pom (3 KB at 171.4 KB/sec)
[INFO] Downloading: https://repo.maven.apache.org/maven2/org/slf4j/jcl-over-slf4j/1.5.6/jcl-over-slf4j-1.5.6.pom
[INFO] Downloaded: https://repo.maven.apache.org/maven2/org/slf4j/jcl-over-slf4j/1.5.6/jcl-over-slf4j-1.5.6.pom (3 KB at 132.4 KB/sec)
[INFO] Downloading: https://repo.maven.apache.org/maven2/org/apache/maven/reporting/maven-reporting-api/3.0/maven-reporting-api-3.0.pom
[INFO] Downloaded: https://repo.maven.apache.org/maven2/org/apache/maven/reporting/maven-reporting-api/3.0/maven-reporting-api-3.0.pom (3 KB at 136.3 KB/sec)
[INFO] Downloading: https://repo.maven.apache.org/maven2/org/apache/maven/shared/maven-shared-components/15/maven-shared-components-15.pom
[INFO] Downloaded: https://repo.maven.apache.org/maven2/org/apache/maven/shared/maven-shared-components/15/maven-shared-components-15.pom (10 KB at 479.9 KB/sec)
[INFO] Downloading: https://repo.maven.apache.org/maven2/org/apache/maven/maven-error-diagnostics/2.2.1/maven-error-diagnostics-2.2.1.pom
[INFO] Downloaded: https://repo.maven.apache.org/maven2/org/apache/maven/maven-error-diagnostics/2.2.1/maven-error-diagnostics-2.2.1.pom (2 KB at 111.2 KB/sec)
[INFO] Downloading: https://repo.maven.apache.org/maven2/org/apache/maven/maven-monitor/2.2.1/maven-monitor-2.2.1.pom
[INFO] Downloaded: https://repo.maven.apache.org/maven2/org/apache/maven/maven-monitor/2.2.1/maven-monitor-2.2.1.pom (2 KB at 87.7 KB/sec)
[INFO] Downloading: https://repo.maven.apache.org/maven2/org/sonatype/plexus/plexus-sec-dispatcher/1.3/plexus-sec-dispatcher-1.3.pom
[INFO] Downloaded: https://repo.maven.apache.org/maven2/org/sonatype/plexus/plexus-sec-dispatcher/1.3/plexus-sec-dispatcher-1.3.pom (3 KB at 180.7 KB/sec)
[INFO] Downloading: https://repo.maven.apache.org/maven2/org/sonatype/spice/spice-parent/12/spice-parent-12.pom
[INFO] Downloaded: https://repo.maven.apache.org/maven2/org/sonatype/spice/spice-parent/12/spice-parent-12.pom (7 KB at 331.9 KB/sec)
[INFO] Downloading: https://repo.maven.apache.org/maven2/org/sonatype/forge/forge-parent/4/forge-parent-4.pom
[INFO] Downloaded: https://repo.maven.apache.org/maven2/org/sonatype/forge/forge-parent/4/forge-parent-4.pom (9 KB at 482.4 KB/sec)
[INFO] Downloading: https://repo.maven.apache.org/maven2/org/sonatype/plexus/plexus-cipher/1.4/plexus-cipher-1.4.pom
[INFO] Downloaded: https://repo.maven.apache.org/maven2/org/sonatype/plexus/plexus-cipher/1.4/plexus-cipher-1.4.pom (3 KB at 144.0 KB/sec)
[INFO] Downloading: https://repo.maven.apache.org/maven2/org/apache/maven/maven-toolchain/2.2.1/maven-toolchain-2.2.1.pom
[INFO] Downloaded: https://repo.maven.apache.org/maven2/org/apache/maven/maven-toolchain/2.2.1/maven-toolchain-2.2.1.pom (4 KB at 204.1 KB/sec)
[INFO] Downloading: https://repo.maven.apache.org/maven2/org/apache/commons/commons-lang3/3.1/commons-lang3-3.1.pom
[INFO] Downloaded: https://repo.maven.apache.org/maven2/org/apache/commons/commons-lang3/3.1/commons-lang3-3.1.pom (17 KB at 680.0 KB/sec)
[INFO] Downloading: https://repo.maven.apache.org/maven2/org/apache/commons/commons-parent/22/commons-parent-22.pom
[INFO] Downloaded: https://repo.maven.apache.org/maven2/org/apache/commons/commons-parent/22/commons-parent-22.pom (41 KB at 1204.0 KB/sec)
[INFO] Downloading: https://repo.maven.apache.org/maven2/org/apache/apache/9/apache-9.pom
[INFO] Downloaded: https://repo.maven.apache.org/maven2/org/apache/apache/9/apache-9.pom (15 KB at 672.9 KB/sec)
[INFO] Downloading: https://repo.maven.apache.org/maven2/org/apache/maven/surefire/maven-surefire-common/2.19.1/maven-surefire-common-2.19.1.jar
[INFO] Downloading: https://repo.maven.apache.org/maven2/org/apache/maven/surefire/surefire-booter/2.19.1/surefire-booter-2.19.1.jar
[INFO] Downloading: https://repo.maven.apache.org/maven2/org/codehaus/plexus/plexus-utils/1.5.15/plexus-utils-1.5.15.jar
[INFO] Downloading: https://repo.maven.apache.org/maven2/junit/junit/4.12/junit-4.12.jar
[INFO] Downloading: https://repo.maven.apache.org/maven2/org/hamcrest/hamcrest-core/1.3/hamcrest-core-1.3.jar
[INFO] Downloaded: https://repo.maven.apache.org/maven2/org/apache/maven/surefire/surefire-booter/2.19.1/surefire-booter-2.19.1.jar (45 KB at 1169.3 KB/sec)
[INFO] Downloading: https://repo.maven.apache.org/maven2/backport-util-concurrent/backport-util-concurrent/3.1/backport-util-concurrent-3.1.jar
[INFO] Downloaded: https://repo.maven.apache.org/maven2/org/hamcrest/hamcrest-core/1.3/hamcrest-core-1.3.jar (44 KB at 1157.1 KB/sec)
[INFO] Downloading: https://repo.maven.apache.org/maven2/org/codehaus/plexus/plexus-interpolation/1.11/plexus-interpolation-1.11.jar
[INFO] Downloaded: https://repo.maven.apache.org/maven2/org/codehaus/plexus/plexus-interpolation/1.11/plexus-interpolation-1.11.jar (50 KB at 621.8 KB/sec)
[INFO] Downloading: https://repo.maven.apache.org/maven2/org/slf4j/slf4j-jdk14/1.5.6/slf4j-jdk14-1.5.6.jar
[INFO] Downloaded: https://repo.maven.apache.org/maven2/org/slf4j/slf4j-jdk14/1.5.6/slf4j-jdk14-1.5.6.jar (9 KB at 87.0 KB/sec)
[INFO] Downloading: https://repo.maven.apache.org/maven2/org/slf4j/slf4j-api/1.5.6/slf4j-api-1.5.6.jar
[INFO] Downloaded: https://repo.maven.apache.org/maven2/org/codehaus/plexus/plexus-utils/1.5.15/plexus-utils-1.5.15.jar (223 KB at 1937.1 KB/sec)
[INFO] Downloading: https://repo.maven.apache.org/maven2/org/slf4j/jcl-over-slf4j/1.5.6/jcl-over-slf4j-1.5.6.jar
[INFO] Downloaded: https://repo.maven.apache.org/maven2/junit/junit/4.12/junit-4.12.jar (308 KB at 2697.8 KB/sec)
[INFO] Downloading: https://repo.maven.apache.org/maven2/org/apache/maven/reporting/maven-reporting-api/3.0/maven-reporting-api-3.0.jar
[INFO] Downloaded: https://repo.maven.apache.org/maven2/org/slf4j/slf4j-api/1.5.6/slf4j-api-1.5.6.jar (22 KB at 177.4 KB/sec)
[INFO] Downloading: https://repo.maven.apache.org/maven2/org/sonatype/plexus/plexus-sec-dispatcher/1.3/plexus-sec-dispatcher-1.3.jar
[INFO] Downloaded: https://repo.maven.apache.org/maven2/org/apache/maven/reporting/maven-reporting-api/3.0/maven-reporting-api-3.0.jar (11 KB at 80.9 KB/sec)
[INFO] Downloading: https://repo.maven.apache.org/maven2/org/sonatype/plexus/plexus-cipher/1.4/plexus-cipher-1.4.jar
[INFO] Downloaded: https://repo.maven.apache.org/maven2/org/apache/maven/surefire/maven-surefire-common/2.19.1/maven-surefire-common-2.19.1.jar (286 KB at 2115.9 KB/sec)
[INFO] Downloading: https://repo.maven.apache.org/maven2/org/apache/commons/commons-lang3/3.1/commons-lang3-3.1.jar
[INFO] Downloaded: https://repo.maven.apache.org/maven2/org/slf4j/jcl-over-slf4j/1.5.6/jcl-over-slf4j-1.5.6.jar (17 KB at 119.2 KB/sec)
[INFO] Downloading: https://repo.maven.apache.org/maven2/org/apache/maven/surefire/surefire-api/2.19.1/surefire-api-2.19.1.jar
[INFO] Downloaded: https://repo.maven.apache.org/maven2/org/sonatype/plexus/plexus-cipher/1.4/plexus-cipher-1.4.jar (14 KB at 86.1 KB/sec)
[INFO] Downloading: https://repo.maven.apache.org/maven2/org/apache/maven/plugin-tools/maven-plugin-annotations/3.3/maven-plugin-annotations-3.3.jar
[INFO] Downloaded: https://repo.maven.apache.org/maven2/org/sonatype/plexus/plexus-sec-dispatcher/1.3/plexus-sec-dispatcher-1.3.jar (28 KB at 174.3 KB/sec)
[INFO] Downloaded: https://repo.maven.apache.org/maven2/backport-util-concurrent/backport-util-concurrent/3.1/backport-util-concurrent-3.1.jar (324 KB at 1809.7 KB/sec)
[INFO] Downloaded: https://repo.maven.apache.org/maven2/org/apache/maven/plugin-tools/maven-plugin-annotations/3.3/maven-plugin-annotations-3.3.jar (14 KB at 76.6 KB/sec)
[INFO] Downloaded: https://repo.maven.apache.org/maven2/org/apache/maven/surefire/surefire-api/2.19.1/surefire-api-2.19.1.jar (192 KB at 847.2 KB/sec)
[INFO] Downloaded: https://repo.maven.apache.org/maven2/org/apache/commons/commons-lang3/3.1/commons-lang3-3.1.jar (309 KB at 1155.1 KB/sec)
[INFO] Tests are skipped.
[INFO] 
[INFO] --- maven-jar-plugin:2.4:jar (default-jar) @ yamcs-api ---
[INFO] Downloading: https://repo.maven.apache.org/maven2/org/apache/maven/maven-archiver/2.5/maven-archiver-2.5.pom
[INFO] Downloaded: https://repo.maven.apache.org/maven2/org/apache/maven/maven-archiver/2.5/maven-archiver-2.5.pom (5 KB at 277.0 KB/sec)
[INFO] Downloading: https://repo.maven.apache.org/maven2/org/codehaus/plexus/plexus-archiver/2.1/plexus-archiver-2.1.pom
[INFO] Downloaded: https://repo.maven.apache.org/maven2/org/codehaus/plexus/plexus-archiver/2.1/plexus-archiver-2.1.pom (3 KB at 182.9 KB/sec)
[INFO] Downloading: https://repo.maven.apache.org/maven2/org/codehaus/plexus/plexus-utils/3.0/plexus-utils-3.0.pom
[INFO] Downloaded: https://repo.maven.apache.org/maven2/org/codehaus/plexus/plexus-utils/3.0/plexus-utils-3.0.pom (4 KB at 305.5 KB/sec)
[INFO] Downloading: https://repo.maven.apache.org/maven2/org/sonatype/spice/spice-parent/16/spice-parent-16.pom
[INFO] Downloaded: https://repo.maven.apache.org/maven2/org/sonatype/spice/spice-parent/16/spice-parent-16.pom (9 KB at 480.1 KB/sec)
[INFO] Downloading: https://repo.maven.apache.org/maven2/org/sonatype/forge/forge-parent/5/forge-parent-5.pom
[INFO] Downloaded: https://repo.maven.apache.org/maven2/org/sonatype/forge/forge-parent/5/forge-parent-5.pom (9 KB at 480.4 KB/sec)
[INFO] Downloading: https://repo.maven.apache.org/maven2/org/codehaus/plexus/plexus-io/2.0.2/plexus-io-2.0.2.pom
[INFO] Downloaded: https://repo.maven.apache.org/maven2/org/codehaus/plexus/plexus-io/2.0.2/plexus-io-2.0.2.pom (2 KB at 120.9 KB/sec)
[INFO] Downloading: https://repo.maven.apache.org/maven2/org/codehaus/plexus/plexus-components/1.1.19/plexus-components-1.1.19.pom
[INFO] Downloaded: https://repo.maven.apache.org/maven2/org/codehaus/plexus/plexus-components/1.1.19/plexus-components-1.1.19.pom (3 KB at 175.7 KB/sec)
[INFO] Downloading: https://repo.maven.apache.org/maven2/org/codehaus/plexus/plexus/3.0.1/plexus-3.0.1.pom
[INFO] Downloaded: https://repo.maven.apache.org/maven2/org/codehaus/plexus/plexus/3.0.1/plexus-3.0.1.pom (19 KB at 790.3 KB/sec)
[INFO] Downloading: https://repo.maven.apache.org/maven2/org/codehaus/plexus/plexus-interpolation/1.15/plexus-interpolation-1.15.pom
[INFO] Downloaded: https://repo.maven.apache.org/maven2/org/codehaus/plexus/plexus-interpolation/1.15/plexus-interpolation-1.15.pom (1018 B at 71.0 KB/sec)
[INFO] Downloading: https://repo.maven.apache.org/maven2/commons-lang/commons-lang/2.1/commons-lang-2.1.pom
[INFO] Downloaded: https://repo.maven.apache.org/maven2/commons-lang/commons-lang/2.1/commons-lang-2.1.pom (10 KB at 510.3 KB/sec)
[INFO] Downloading: https://repo.maven.apache.org/maven2/org/apache/maven/maven-archiver/2.5/maven-archiver-2.5.jar
[INFO] Downloading: https://repo.maven.apache.org/maven2/org/codehaus/plexus/plexus-interpolation/1.15/plexus-interpolation-1.15.jar
[INFO] Downloading: https://repo.maven.apache.org/maven2/org/codehaus/plexus/plexus-archiver/2.1/plexus-archiver-2.1.jar
[INFO] Downloading: https://repo.maven.apache.org/maven2/org/codehaus/plexus/plexus-io/2.0.2/plexus-io-2.0.2.jar
[INFO] Downloading: https://repo.maven.apache.org/maven2/commons-lang/commons-lang/2.1/commons-lang-2.1.jar
[INFO] Downloaded: https://repo.maven.apache.org/maven2/org/apache/maven/maven-archiver/2.5/maven-archiver-2.5.jar (22 KB at 819.3 KB/sec)
[INFO] Downloading: https://repo.maven.apache.org/maven2/org/codehaus/plexus/plexus-utils/3.0/plexus-utils-3.0.jar
[INFO] Downloaded: https://repo.maven.apache.org/maven2/org/codehaus/plexus/plexus-io/2.0.2/plexus-io-2.0.2.jar (57 KB at 1422.5 KB/sec)
[INFO] Downloaded: https://repo.maven.apache.org/maven2/org/codehaus/plexus/plexus-interpolation/1.15/plexus-interpolation-1.15.jar (60 KB at 1158.0 KB/sec)
[INFO] Downloaded: https://repo.maven.apache.org/maven2/org/codehaus/plexus/plexus-archiver/2.1/plexus-archiver-2.1.jar (181 KB at 2046.8 KB/sec)
[INFO] Downloaded: https://repo.maven.apache.org/maven2/commons-lang/commons-lang/2.1/commons-lang-2.1.jar (203 KB at 2135.3 KB/sec)
[INFO] Downloaded: https://repo.maven.apache.org/maven2/org/codehaus/plexus/plexus-utils/3.0/plexus-utils-3.0.jar (221 KB at 2044.2 KB/sec)
[INFO] Building jar: /home/travis/build/failed/yamcs/yamcs/yamcs-api/target/yamcs-api-0.29.3.jar
[INFO] 
[INFO] --- maven-install-plugin:2.4:install (default-install) @ yamcs-api ---
[INFO] Installing /home/travis/build/failed/yamcs/yamcs/yamcs-api/target/yamcs-api-0.29.3.jar to /home/travis/.m2/repository/org/yamcs/yamcs-api/0.29.3/yamcs-api-0.29.3.jar
[INFO] Installing /home/travis/build/failed/yamcs/yamcs/yamcs-api/pom.xml to /home/travis/.m2/repository/org/yamcs/yamcs-api/0.29.3/yamcs-api-0.29.3.pom
[INFO]                                                                         
[INFO] ------------------------------------------------------------------------
[INFO] Building Yamcs XTCE 0.29.3
[INFO] ------------------------------------------------------------------------
[INFO] Downloading: http://insecure.repo1.maven.org/maven2/org/slf4j/slf4j-api/1.5.8/slf4j-api-1.5.8.pom
[INFO] Downloaded: http://insecure.repo1.maven.org/maven2/org/slf4j/slf4j-api/1.5.8/slf4j-api-1.5.8.pom (3 KB at 14.9 KB/sec)
[INFO] Downloading: http://insecure.repo1.maven.org/maven2/org/slf4j/slf4j-parent/1.5.8/slf4j-parent-1.5.8.pom
[INFO] Downloaded: http://insecure.repo1.maven.org/maven2/org/slf4j/slf4j-parent/1.5.8/slf4j-parent-1.5.8.pom (8 KB at 438.8 KB/sec)
[INFO] Downloading: http://insecure.repo1.maven.org/maven2/org/slf4j/slf4j-jdk14/1.5.8/slf4j-jdk14-1.5.8.pom
[INFO] Downloaded: http://insecure.repo1.maven.org/maven2/org/slf4j/slf4j-jdk14/1.5.8/slf4j-jdk14-1.5.8.pom (2 KB at 12.5 KB/sec)
[INFO] Downloading: http://insecure.repo1.maven.org/maven2/org/slf4j/slf4j-api/1.5.8/slf4j-api-1.5.8.jar
[INFO] Downloading: http://insecure.repo1.maven.org/maven2/org/slf4j/slf4j-jdk14/1.5.8/slf4j-jdk14-1.5.8.jar
[INFO] Downloaded: http://insecure.repo1.maven.org/maven2/org/slf4j/slf4j-jdk14/1.5.8/slf4j-jdk14-1.5.8.jar (9 KB at 42.0 KB/sec)
[INFO] Downloaded: http://insecure.repo1.maven.org/maven2/org/slf4j/slf4j-api/1.5.8/slf4j-api-1.5.8.jar (23 KB at 87.4 KB/sec)
[INFO] 
[INFO] --- maven-resources-plugin:2.6:resources (default-resources) @ yamcs-xtce ---
[INFO] Using 'UTF-8' encoding to copy filtered resources.
[INFO] Copying 1 resource
[INFO] 
[INFO] --- maven-compiler-plugin:2.3.2:compile (default-compile) @ yamcs-xtce ---
[INFO] Compiling 106 source files to /home/travis/build/failed/yamcs/yamcs/yamcs-xtce/target/classes
[INFO] 
[INFO] --- maven-resources-plugin:2.6:testResources (default-testResources) @ yamcs-xtce ---
[INFO] Using 'UTF-8' encoding to copy filtered resources.
[INFO] skip non existing resourceDirectory /home/travis/build/failed/yamcs/yamcs/yamcs-xtce/src/test/resources
[INFO] 
[INFO] --- maven-compiler-plugin:2.3.2:testCompile (default-testCompile) @ yamcs-xtce ---
[INFO] Compiling 1 source file to /home/travis/build/failed/yamcs/yamcs/yamcs-xtce/target/test-classes
[INFO] 
[INFO] --- maven-surefire-plugin:2.19.1:test (default-test) @ yamcs-xtce ---
[INFO] Tests are skipped.
[INFO] 
[INFO] --- maven-jar-plugin:2.4:jar (default-jar) @ yamcs-xtce ---
[INFO] Building jar: /home/travis/build/failed/yamcs/yamcs/yamcs-xtce/target/yamcs-xtce-0.29.3.jar
[INFO] 
[INFO] --- maven-install-plugin:2.4:install (default-install) @ yamcs-xtce ---
[INFO] Installing /home/travis/build/failed/yamcs/yamcs/yamcs-xtce/target/yamcs-xtce-0.29.3.jar to /home/travis/.m2/repository/org/yamcs/yamcs-xtce/0.29.3/yamcs-xtce-0.29.3.jar
[INFO] Installing /home/travis/build/failed/yamcs/yamcs/yamcs-xtce/pom.xml to /home/travis/.m2/repository/org/yamcs/yamcs-xtce/0.29.3/yamcs-xtce-0.29.3.pom
[INFO]                                                                         
[INFO] ------------------------------------------------------------------------
[INFO] Building Yamcs Core 0.29.3
[INFO] ------------------------------------------------------------------------
[INFO] Downloading: https://repo.maven.apache.org/maven2/org/codehaus/mojo/build-helper-maven-plugin/1.9.1/build-helper-maven-plugin-1.9.1.pom
[INFO] Downloaded: https://repo.maven.apache.org/maven2/org/codehaus/mojo/build-helper-maven-plugin/1.9.1/build-helper-maven-plugin-1.9.1.pom (7 KB at 350.6 KB/sec)
[INFO] Downloading: https://repo.maven.apache.org/maven2/org/codehaus/mojo/mojo-parent/33/mojo-parent-33.pom
[INFO] Downloaded: https://repo.maven.apache.org/maven2/org/codehaus/mojo/mojo-parent/33/mojo-parent-33.pom (26 KB at 915.0 KB/sec)
[INFO] Downloading: https://repo.maven.apache.org/maven2/org/codehaus/codehaus-parent/4/codehaus-parent-4.pom
[INFO] Downloaded: https://repo.maven.apache.org/maven2/org/codehaus/codehaus-parent/4/codehaus-parent-4.pom (5 KB at 313.9 KB/sec)
[INFO] Downloading: https://repo.maven.apache.org/maven2/org/codehaus/mojo/build-helper-maven-plugin/1.9.1/build-helper-maven-plugin-1.9.1.jar
[INFO] Downloaded: https://repo.maven.apache.org/maven2/org/codehaus/mojo/build-helper-maven-plugin/1.9.1/build-helper-maven-plugin-1.9.1.jar (47 KB at 939.4 KB/sec)
[INFO] Downloading: https://repo.maven.apache.org/maven2/org/apache/maven/plugins/maven-antrun-plugin/1.3/maven-antrun-plugin-1.3.pom
[INFO] Downloaded: https://repo.maven.apache.org/maven2/org/apache/maven/plugins/maven-antrun-plugin/1.3/maven-antrun-plugin-1.3.pom (5 KB at 271.8 KB/sec)
[INFO] Downloading: https://repo.maven.apache.org/maven2/org/apache/maven/plugins/maven-plugins/12/maven-plugins-12.pom
[INFO] Downloaded: https://repo.maven.apache.org/maven2/org/apache/maven/plugins/maven-plugins/12/maven-plugins-12.pom (12 KB at 521.5 KB/sec)
[INFO] Downloading: https://repo.maven.apache.org/maven2/org/apache/maven/maven-parent/9/maven-parent-9.pom
[INFO] Downloaded: https://repo.maven.apache.org/maven2/org/apache/maven/maven-parent/9/maven-parent-9.pom (33 KB at 971.7 KB/sec)
[INFO] Downloading: https://repo.maven.apache.org/maven2/org/apache/apache/4/apache-4.pom
[INFO] Downloaded: https://repo.maven.apache.org/maven2/org/apache/apache/4/apache-4.pom (5 KB at 258.2 KB/sec)
[INFO] Downloading: https://repo.maven.apache.org/maven2/org/apache/maven/plugins/maven-antrun-plugin/1.3/maven-antrun-plugin-1.3.jar
[INFO] Downloaded: https://repo.maven.apache.org/maven2/org/apache/maven/plugins/maven-antrun-plugin/1.3/maven-antrun-plugin-1.3.jar (24 KB at 852.6 KB/sec)
[INFO] Downloading: https://repo.maven.apache.org/maven2/org/apache/maven/plugins/maven-dependency-plugin/2.8/maven-dependency-plugin-2.8.pom
[INFO] Downloaded: https://repo.maven.apache.org/maven2/org/apache/maven/plugins/maven-dependency-plugin/2.8/maven-dependency-plugin-2.8.pom (12 KB at 385.7 KB/sec)
[INFO] Downloading: https://repo.maven.apache.org/maven2/org/apache/maven/plugins/maven-plugins/24/maven-plugins-24.pom
[INFO] Downloaded: https://repo.maven.apache.org/maven2/org/apache/maven/plugins/maven-plugins/24/maven-plugins-24.pom (11 KB at 555.4 KB/sec)
[INFO] Downloading: https://repo.maven.apache.org/maven2/org/apache/maven/maven-parent/23/maven-parent-23.pom
[INFO] Downloaded: https://repo.maven.apache.org/maven2/org/apache/maven/maven-parent/23/maven-parent-23.pom (32 KB at 1060.7 KB/sec)
[INFO] Downloading: https://repo.maven.apache.org/maven2/org/apache/apache/13/apache-13.pom
[INFO] Downloaded: https://repo.maven.apache.org/maven2/org/apache/apache/13/apache-13.pom (14 KB at 649.8 KB/sec)
[INFO] Downloading: https://repo.maven.apache.org/maven2/org/apache/maven/plugins/maven-dependency-plugin/2.8/maven-dependency-plugin-2.8.jar
[INFO] Downloaded: https://repo.maven.apache.org/maven2/org/apache/maven/plugins/maven-dependency-plugin/2.8/maven-dependency-plugin-2.8.jar (150 KB at 1893.6 KB/sec)
[INFO] Downloading: http://insecure.repo1.maven.org/maven2/org/python/jython-standalone/2.5.3/jython-standalone-2.5.3.pom
[INFO] Downloaded: http://insecure.repo1.maven.org/maven2/org/python/jython-standalone/2.5.3/jython-standalone-2.5.3.pom (2 KB at 83.0 KB/sec)
[INFO] Downloading: http://insecure.repo1.maven.org/maven2/janino/janino/2.5.15/janino-2.5.15.pom
[INFO] Downloading: https://oss.sonatype.org/content/repositories/releases/janino/janino/2.5.15/janino-2.5.15.pom
[INFO] Downloading: https://repository.apache.org/releases/janino/janino/2.5.15/janino-2.5.15.pom
[INFO] Downloading: http://repository.jboss.org/nexus/content/groups/public/janino/janino/2.5.15/janino-2.5.15.pom
[INFO] Downloaded: http://repository.jboss.org/nexus/content/groups/public/janino/janino/2.5.15/janino-2.5.15.pom (605 B at 1.7 KB/sec)
[INFO] Downloading: http://insecure.repo1.maven.org/maven2/net/sourceforge/jdatepicker/jdatepicker/1.3.2/jdatepicker-1.3.2.pom
[INFO] Downloaded: http://insecure.repo1.maven.org/maven2/net/sourceforge/jdatepicker/jdatepicker/1.3.2/jdatepicker-1.3.2.pom (3 KB at 5.8 KB/sec)
[INFO] Downloading: http://insecure.repo1.maven.org/maven2/net/sourceforge/jexcelapi/jxl/2.6.10/jxl-2.6.10.pom
[INFO] Downloaded: http://insecure.repo1.maven.org/maven2/net/sourceforge/jexcelapi/jxl/2.6.10/jxl-2.6.10.pom (2 KB at 14.9 KB/sec)
[INFO] Downloading: http://insecure.repo1.maven.org/maven2/log4j/log4j/1.2.14/log4j-1.2.14.pom
[INFO] Downloaded: http://insecure.repo1.maven.org/maven2/log4j/log4j/1.2.14/log4j-1.2.14.pom (3 KB at 18.7 KB/sec)
[INFO] Downloading: http://insecure.repo1.maven.org/maven2/org/hornetq/hornetq-server/2.4.6.Final/hornetq-server-2.4.6.Final.pom
[INFO] Downloaded: http://insecure.repo1.maven.org/maven2/org/hornetq/hornetq-server/2.4.6.Final/hornetq-server-2.4.6.Final.pom (5 KB at 27.1 KB/sec)
[INFO] Downloading: http://insecure.repo1.maven.org/maven2/com/google/guava/guava/18.0/guava-18.0.pom
[INFO] Downloaded: http://insecure.repo1.maven.org/maven2/com/google/guava/guava/18.0/guava-18.0.pom (6 KB at 307.4 KB/sec)
[INFO] Downloading: http://insecure.repo1.maven.org/maven2/com/google/guava/guava-parent/18.0/guava-parent-18.0.pom
[INFO] Downloaded: http://insecure.repo1.maven.org/maven2/com/google/guava/guava-parent/18.0/guava-parent-18.0.pom (8 KB at 417.0 KB/sec)
[INFO] Downloading: http://insecure.repo1.maven.org/maven2/org/rocksdb/rocksdbjni/4.1.0/rocksdbjni-4.1.0.pom
[INFO] Downloaded: http://insecure.repo1.maven.org/maven2/org/rocksdb/rocksdbjni/4.1.0/rocksdbjni-4.1.0.pom (7 KB at 24.9 KB/sec)
[INFO] Downloading: http://insecure.repo1.maven.org/maven2/org/python/jython-standalone/2.5.3/jython-standalone-2.5.3.jar
[INFO] Downloading: http://insecure.repo1.maven.org/maven2/janino/janino/2.5.15/janino-2.5.15.jar
[INFO] Downloading: http://insecure.repo1.maven.org/maven2/net/sourceforge/jdatepicker/jdatepicker/1.3.2/jdatepicker-1.3.2.jar
[INFO] Downloading: http://insecure.repo1.maven.org/maven2/net/sourceforge/jexcelapi/jxl/2.6.10/jxl-2.6.10.jar
[INFO] Downloading: http://insecure.repo1.maven.org/maven2/log4j/log4j/1.2.14/log4j-1.2.14.jar
[INFO] Downloading: http://insecure.repo1.maven.org/maven2/org/hornetq/hornetq-server/2.4.6.Final/hornetq-server-2.4.6.Final.jar
[INFO] Downloaded: http://insecure.repo1.maven.org/maven2/net/sourceforge/jdatepicker/jdatepicker/1.3.2/jdatepicker-1.3.2.jar (34 KB at 141.4 KB/sec)
[INFO] Downloading: http://insecure.repo1.maven.org/maven2/com/google/guava/guava/18.0/guava-18.0.jar
[INFO] Downloaded: http://insecure.repo1.maven.org/maven2/com/google/guava/guava/18.0/guava-18.0.jar (2204 KB at 6656.6 KB/sec)
[INFO] Downloading: http://insecure.repo1.maven.org/maven2/org/rocksdb/rocksdbjni/4.1.0/rocksdbjni-4.1.0.jar
[INFO] Downloaded: http://insecure.repo1.maven.org/maven2/log4j/log4j/1.2.14/log4j-1.2.14.jar (359 KB at 590.2 KB/sec)
[INFO] Downloaded: http://insecure.repo1.maven.org/maven2/net/sourceforge/jexcelapi/jxl/2.6.10/jxl-2.6.10.jar (726 KB at 1069.1 KB/sec)
[INFO] Downloaded: http://insecure.repo1.maven.org/maven2/org/rocksdb/rocksdbjni/4.1.0/rocksdbjni-4.1.0.jar (4451 KB at 3534.9 KB/sec)
[INFO] Downloaded: http://insecure.repo1.maven.org/maven2/org/python/jython-standalone/2.5.3/jython-standalone-2.5.3.jar (14005 KB at 10214.5 KB/sec)
[INFO] Downloaded: http://insecure.repo1.maven.org/maven2/org/hornetq/hornetq-server/2.4.6.Final/hornetq-server-2.4.6.Final.jar (995 KB at 434.1 KB/sec)
[INFO] Downloading: https://oss.sonatype.org/content/repositories/releases/janino/janino/2.5.15/janino-2.5.15.jar
[INFO] Downloading: https://repository.apache.org/releases/janino/janino/2.5.15/janino-2.5.15.jar
[INFO] Downloading: http://repository.jboss.org/nexus/content/groups/public/janino/janino/2.5.15/janino-2.5.15.jar
[INFO] Downloaded: http://repository.jboss.org/nexus/content/groups/public/janino/janino/2.5.15/janino-2.5.15.jar (453 KB at 1274.8 KB/sec)
[INFO] 
[INFO] --- build-helper-maven-plugin:1.9.1:add-source (add-source) @ yamcs-core ---
[INFO] Downloading: https://repo.maven.apache.org/maven2/junit/junit/4.11/junit-4.11.pom
[INFO] Downloaded: https://repo.maven.apache.org/maven2/junit/junit/4.11/junit-4.11.pom (3 KB at 152.6 KB/sec)
[INFO] Downloading: https://repo.maven.apache.org/maven2/org/apache/maven/reporting/maven-reporting-api/2.2.1/maven-reporting-api-2.2.1.pom
[INFO] Downloaded: https://repo.maven.apache.org/maven2/org/apache/maven/reporting/maven-reporting-api/2.2.1/maven-reporting-api-2.2.1.pom (2 KB at 120.6 KB/sec)
[INFO] Downloading: https://repo.maven.apache.org/maven2/org/apache/maven/reporting/maven-reporting/2.2.1/maven-reporting-2.2.1.pom
[INFO] Downloaded: https://repo.maven.apache.org/maven2/org/apache/maven/reporting/maven-reporting/2.2.1/maven-reporting-2.2.1.pom (2 KB at 93.9 KB/sec)
[INFO] Downloading: https://repo.maven.apache.org/maven2/org/apache/maven/doxia/doxia-sink-api/1.1/doxia-sink-api-1.1.pom
[INFO] Downloaded: https://repo.maven.apache.org/maven2/org/apache/maven/doxia/doxia-sink-api/1.1/doxia-sink-api-1.1.pom (2 KB at 117.1 KB/sec)
[INFO] Downloading: https://repo.maven.apache.org/maven2/org/apache/maven/doxia/doxia/1.1/doxia-1.1.pom
[INFO] Downloaded: https://repo.maven.apache.org/maven2/org/apache/maven/doxia/doxia/1.1/doxia-1.1.pom (15 KB at 644.4 KB/sec)
[INFO] Downloading: https://repo.maven.apache.org/maven2/org/apache/maven/doxia/doxia-logging-api/1.1/doxia-logging-api-1.1.pom
[INFO] Downloaded: https://repo.maven.apache.org/maven2/org/apache/maven/doxia/doxia-logging-api/1.1/doxia-logging-api-1.1.pom (2 KB at 109.9 KB/sec)
[INFO] Downloading: https://repo.maven.apache.org/maven2/org/codehaus/plexus/plexus-container-default/1.0-alpha-30/plexus-container-default-1.0-alpha-30.pom
[INFO] Downloaded: https://repo.maven.apache.org/maven2/org/codehaus/plexus/plexus-container-default/1.0-alpha-30/plexus-container-default-1.0-alpha-30.pom (4 KB at 226.4 KB/sec)
[INFO] Downloading: https://repo.maven.apache.org/maven2/org/codehaus/plexus/plexus-containers/1.0-alpha-30/plexus-containers-1.0-alpha-30.pom
[INFO] Downloaded: https://repo.maven.apache.org/maven2/org/codehaus/plexus/plexus-containers/1.0-alpha-30/plexus-containers-1.0-alpha-30.pom (2 KB at 132.1 KB/sec)
[INFO] Downloading: https://repo.maven.apache.org/maven2/org/codehaus/plexus/plexus-utils/1.4.5/plexus-utils-1.4.5.pom
[INFO] Downloaded: https://repo.maven.apache.org/maven2/org/codehaus/plexus/plexus-utils/1.4.5/plexus-utils-1.4.5.pom (3 KB at 122.9 KB/sec)
[INFO] Downloading: https://repo.maven.apache.org/maven2/org/codehaus/plexus/plexus-classworlds/1.2-alpha-9/plexus-classworlds-1.2-alpha-9.pom
[INFO] Downloaded: https://repo.maven.apache.org/maven2/org/codehaus/plexus/plexus-classworlds/1.2-alpha-9/plexus-classworlds-1.2-alpha-9.pom (4 KB at 196.7 KB/sec)
[INFO] Downloading: https://repo.maven.apache.org/maven2/org/codehaus/plexus/plexus/1.0.10/plexus-1.0.10.pom
[INFO] Downloaded: https://repo.maven.apache.org/maven2/org/codehaus/plexus/plexus/1.0.10/plexus-1.0.10.pom (9 KB at 447.6 KB/sec)
[INFO] Downloading: https://repo.maven.apache.org/maven2/commons-cli/commons-cli/1.2/commons-cli-1.2.pom
[INFO] Downloaded: https://repo.maven.apache.org/maven2/commons-cli/commons-cli/1.2/commons-cli-1.2.pom (8 KB at 458.4 KB/sec)
[INFO] Downloading: https://repo.maven.apache.org/maven2/org/apache/commons/commons-parent/11/commons-parent-11.pom
[INFO] Downloaded: https://repo.maven.apache.org/maven2/org/apache/commons/commons-parent/11/commons-parent-11.pom (25 KB at 925.8 KB/sec)
[INFO] Downloading: https://repo.maven.apache.org/maven2/org/apache/maven/maven-plugin-api/2.0.1/maven-plugin-api-2.0.1.pom
[INFO] Downloaded: https://repo.maven.apache.org/maven2/org/apache/maven/maven-plugin-api/2.0.1/maven-plugin-api-2.0.1.pom (643 B at 41.9 KB/sec)
[INFO] Downloading: https://repo.maven.apache.org/maven2/org/apache/maven/maven/2.0.1/maven-2.0.1.pom
[INFO] Downloaded: https://repo.maven.apache.org/maven2/org/apache/maven/maven/2.0.1/maven-2.0.1.pom (12 KB at 510.4 KB/sec)
[INFO] Downloading: https://repo.maven.apache.org/maven2/org/beanshell/bsh/2.0b4/bsh-2.0b4.pom
[INFO] Downloaded: https://repo.maven.apache.org/maven2/org/beanshell/bsh/2.0b4/bsh-2.0b4.pom (2 KB at 77.8 KB/sec)
[INFO] Downloading: https://repo.maven.apache.org/maven2/org/beanshell/beanshell/2.0b4/beanshell-2.0b4.pom
[INFO] Downloaded: https://repo.maven.apache.org/maven2/org/beanshell/beanshell/2.0b4/beanshell-2.0b4.pom (2 KB at 86.2 KB/sec)
[INFO] Downloading: https://repo.maven.apache.org/maven2/org/apache/maven/reporting/maven-reporting-api/2.2.1/maven-reporting-api-2.2.1.jar
[INFO] Downloading: https://repo.maven.apache.org/maven2/org/apache/maven/doxia/doxia-sink-api/1.1/doxia-sink-api-1.1.jar
[INFO] Downloading: https://repo.maven.apache.org/maven2/org/apache/maven/doxia/doxia-logging-api/1.1/doxia-logging-api-1.1.jar
[INFO] Downloading: https://repo.maven.apache.org/maven2/commons-cli/commons-cli/1.2/commons-cli-1.2.jar
[INFO] Downloading: https://repo.maven.apache.org/maven2/org/codehaus/plexus/plexus-utils/1.5.8/plexus-utils-1.5.8.jar
[INFO] Downloaded: https://repo.maven.apache.org/maven2/org/apache/maven/reporting/maven-reporting-api/2.2.1/maven-reporting-api-2.2.1.jar (10 KB at 455.1 KB/sec)
[INFO] Downloading: https://repo.maven.apache.org/maven2/org/beanshell/bsh/2.0b4/bsh-2.0b4.jar
[INFO] Downloaded: https://repo.maven.apache.org/maven2/org/apache/maven/doxia/doxia-logging-api/1.1/doxia-logging-api-1.1.jar (12 KB at 481.3 KB/sec)
[INFO] Downloaded: https://repo.maven.apache.org/maven2/org/apache/maven/doxia/doxia-sink-api/1.1/doxia-sink-api-1.1.jar (13 KB at 521.4 KB/sec)
[INFO] Downloaded: https://repo.maven.apache.org/maven2/commons-cli/commons-cli/1.2/commons-cli-1.2.jar (41 KB at 1181.2 KB/sec)
[INFO] Downloaded: https://repo.maven.apache.org/maven2/org/codehaus/plexus/plexus-utils/1.5.8/plexus-utils-1.5.8.jar (262 KB at 1604.8 KB/sec)
[INFO] Downloaded: https://repo.maven.apache.org/maven2/org/beanshell/bsh/2.0b4/bsh-2.0b4.jar (276 KB at 1495.1 KB/sec)
[INFO] Source directory: /home/travis/build/failed/yamcs/yamcs/yamcs-core/target/generated-sources/version added.
[INFO] 
[INFO] --- maven-antrun-plugin:1.3:run (generate-version) @ yamcs-core ---
[INFO] Downloading: https://repo.maven.apache.org/maven2/org/apache/maven/maven-plugin-api/2.0.4/maven-plugin-api-2.0.4.pom
[INFO] Downloaded: https://repo.maven.apache.org/maven2/org/apache/maven/maven-plugin-api/2.0.4/maven-plugin-api-2.0.4.pom (643 B at 41.9 KB/sec)
[INFO] Downloading: https://repo.maven.apache.org/maven2/org/apache/maven/maven/2.0.4/maven-2.0.4.pom
[INFO] Downloaded: https://repo.maven.apache.org/maven2/org/apache/maven/maven/2.0.4/maven-2.0.4.pom (12 KB at 575.9 KB/sec)
[INFO] Downloading: https://repo.maven.apache.org/maven2/org/apache/maven/maven-project/2.0.4/maven-project-2.0.4.pom
[INFO] Downloaded: https://repo.maven.apache.org/maven2/org/apache/maven/maven-project/2.0.4/maven-project-2.0.4.pom (2 KB at 112.4 KB/sec)
[INFO] Downloading: https://repo.maven.apache.org/maven2/org/apache/maven/maven-settings/2.0.4/maven-settings-2.0.4.pom
[INFO] Downloaded: https://repo.maven.apache.org/maven2/org/apache/maven/maven-settings/2.0.4/maven-settings-2.0.4.pom (2 KB at 83.6 KB/sec)
[INFO] Downloading: https://repo.maven.apache.org/maven2/org/apache/maven/maven-model/2.0.4/maven-model-2.0.4.pom
[INFO] Downloaded: https://repo.maven.apache.org/maven2/org/apache/maven/maven-model/2.0.4/maven-model-2.0.4.pom (3 KB at 189.0 KB/sec)
[INFO] Downloading: https://repo.maven.apache.org/maven2/org/codehaus/plexus/plexus-utils/1.1/plexus-utils-1.1.pom
[INFO] Downloaded: https://repo.maven.apache.org/maven2/org/codehaus/plexus/plexus-utils/1.1/plexus-utils-1.1.pom (767 B at 57.6 KB/sec)
[INFO] Downloading: https://repo.maven.apache.org/maven2/org/codehaus/plexus/plexus-container-default/1.0-alpha-9/plexus-container-default-1.0-alpha-9.pom
[INFO] Downloaded: https://repo.maven.apache.org/maven2/org/codehaus/plexus/plexus-container-default/1.0-alpha-9/plexus-container-default-1.0-alpha-9.pom (2 KB at 86.2 KB/sec)
[INFO] Downloading: https://repo.maven.apache.org/maven2/org/apache/maven/maven-profile/2.0.4/maven-profile-2.0.4.pom
[INFO] Downloaded: https://repo.maven.apache.org/maven2/org/apache/maven/maven-profile/2.0.4/maven-profile-2.0.4.pom (2 KB at 112.9 KB/sec)
[INFO] Downloading: https://repo.maven.apache.org/maven2/org/apache/maven/maven-artifact-manager/2.0.4/maven-artifact-manager-2.0.4.pom
[INFO] Downloaded: https://repo.maven.apache.org/maven2/org/apache/maven/maven-artifact-manager/2.0.4/maven-artifact-manager-2.0.4.pom (2 KB at 94.7 KB/sec)
[INFO] Downloading: https://repo.maven.apache.org/maven2/org/apache/maven/maven-repository-metadata/2.0.4/maven-repository-metadata-2.0.4.pom
[INFO] Downloaded: https://repo.maven.apache.org/maven2/org/apache/maven/maven-repository-metadata/2.0.4/maven-repository-metadata-2.0.4.pom (2 KB at 111.7 KB/sec)
[INFO] Downloading: https://repo.maven.apache.org/maven2/org/apache/maven/maven-artifact/2.0.4/maven-artifact-2.0.4.pom
[INFO] Downloaded: https://repo.maven.apache.org/maven2/org/apache/maven/maven-artifact/2.0.4/maven-artifact-2.0.4.pom (765 B at 57.5 KB/sec)
[INFO] Downloading: https://repo.maven.apache.org/maven2/org/codehaus/plexus/plexus-utils/1.5.6/plexus-utils-1.5.6.pom
[INFO] Downloaded: https://repo.maven.apache.org/maven2/org/codehaus/plexus/plexus-utils/1.5.6/plexus-utils-1.5.6.pom (6 KB at 369.8 KB/sec)
[INFO] Downloading: https://repo.maven.apache.org/maven2/org/codehaus/plexus/plexus/1.0.12/plexus-1.0.12.pom
[INFO] Downloaded: https://repo.maven.apache.org/maven2/org/codehaus/plexus/plexus/1.0.12/plexus-1.0.12.pom (10 KB at 503.7 KB/sec)
[INFO] Downloading: https://repo.maven.apache.org/maven2/org/apache/ant/ant-launcher/1.7.1/ant-launcher-1.7.1.pom
[INFO] Downloaded: https://repo.maven.apache.org/maven2/org/apache/ant/ant-launcher/1.7.1/ant-launcher-1.7.1.pom (3 KB at 72.7 KB/sec)
[INFO] Downloading: https://repo.maven.apache.org/maven2/org/apache/ant/ant-parent/1.7.1/ant-parent-1.7.1.pom
[INFO] Downloaded: https://repo.maven.apache.org/maven2/org/apache/ant/ant-parent/1.7.1/ant-parent-1.7.1.pom (5 KB at 267.2 KB/sec)
[INFO] Downloading: https://repo.maven.apache.org/maven2/org/apache/ant/ant/1.7.1/ant-1.7.1.pom
[INFO] Downloaded: https://repo.maven.apache.org/maven2/org/apache/ant/ant/1.7.1/ant-1.7.1.pom (10 KB at 476.5 KB/sec)
[INFO] Downloading: https://repo.maven.apache.org/maven2/org/codehaus/plexus/plexus-utils/1.5.6/plexus-utils-1.5.6.jar
[INFO] Downloading: https://repo.maven.apache.org/maven2/org/apache/ant/ant-launcher/1.7.1/ant-launcher-1.7.1.jar
[INFO] Downloading: https://repo.maven.apache.org/maven2/org/apache/ant/ant/1.7.1/ant-1.7.1.jar
[INFO] Downloaded: https://repo.maven.apache.org/maven2/org/apache/ant/ant-launcher/1.7.1/ant-launcher-1.7.1.jar (12 KB at 494.1 KB/sec)
[INFO] Downloaded: https://repo.maven.apache.org/maven2/org/codehaus/plexus/plexus-utils/1.5.6/plexus-utils-1.5.6.jar (245 KB at 2127.6 KB/sec)
[INFO] Downloaded: https://repo.maven.apache.org/maven2/org/apache/ant/ant/1.7.1/ant-1.7.1.jar (1292 KB at 2697.3 KB/sec)
[INFO] Executing tasks
     [copy] Copying 1 file to /home/travis/build/failed/yamcs/yamcs/yamcs-core/target/generated-sources/version/org/yamcs
[INFO] Executed tasks
[INFO] 
[INFO] --- maven-resources-plugin:2.6:resources (default-resources) @ yamcs-core ---
[INFO] Using 'UTF-8' encoding to copy filtered resources.
[INFO] Copying 31 resources
[INFO] 
[INFO] --- maven-compiler-plugin:2.3.2:compile (default-compile) @ yamcs-core ---
[INFO] Compiling 548 source files to /home/travis/build/failed/yamcs/yamcs/yamcs-core/target/classes
[INFO] 
[INFO] --- maven-resources-plugin:2.6:testResources (default-testResources) @ yamcs-core ---
[INFO] Using 'UTF-8' encoding to copy filtered resources.
[INFO] Copying 39 resources
[INFO] Copying 21 resources
[INFO] 
[INFO] --- maven-compiler-plugin:2.3.2:testCompile (default-testCompile) @ yamcs-core ---
[INFO] Compiling 93 source files to /home/travis/build/failed/yamcs/yamcs/yamcs-core/target/test-classes
[INFO] 
[INFO] --- maven-surefire-plugin:2.19.1:test (default-test) @ yamcs-core ---
[INFO] Tests are skipped.
[INFO] 
[INFO] --- maven-jar-plugin:2.4:jar (default-jar) @ yamcs-core ---
[INFO] Building jar: /home/travis/build/failed/yamcs/yamcs/yamcs-core/target/yamcs-core-0.29.3.jar
[INFO] 
[INFO] --- maven-dependency-plugin:2.8:copy-dependencies (copy-dependencies) @ yamcs-core ---
[INFO] Downloading: https://repo.maven.apache.org/maven2/org/apache/maven/maven-artifact/2.0.9/maven-artifact-2.0.9.pom
[INFO] Downloaded: https://repo.maven.apache.org/maven2/org/apache/maven/maven-artifact/2.0.9/maven-artifact-2.0.9.pom (2 KB at 112.9 KB/sec)
[INFO] Downloading: https://repo.maven.apache.org/maven2/org/apache/maven/maven/2.0.9/maven-2.0.9.pom
[INFO] Downloaded: https://repo.maven.apache.org/maven2/org/apache/maven/maven/2.0.9/maven-2.0.9.pom (19 KB at 738.6 KB/sec)
[INFO] Downloading: https://repo.maven.apache.org/maven2/org/apache/maven/maven-parent/8/maven-parent-8.pom
[INFO] Downloaded: https://repo.maven.apache.org/maven2/org/apache/maven/maven-parent/8/maven-parent-8.pom (24 KB at 872.9 KB/sec)
[INFO] Downloading: https://repo.maven.apache.org/maven2/org/codehaus/plexus/plexus-utils/1.5.1/plexus-utils-1.5.1.pom
[INFO] Downloaded: https://repo.maven.apache.org/maven2/org/codehaus/plexus/plexus-utils/1.5.1/plexus-utils-1.5.1.pom (3 KB at 140.1 KB/sec)
[INFO] Downloading: https://repo.maven.apache.org/maven2/org/apache/maven/maven-plugin-api/2.0.9/maven-plugin-api-2.0.9.pom
[INFO] Downloaded: https://repo.maven.apache.org/maven2/org/apache/maven/maven-plugin-api/2.0.9/maven-plugin-api-2.0.9.pom (2 KB at 97.3 KB/sec)
[INFO] Downloading: https://repo.maven.apache.org/maven2/org/apache/maven/maven-project/2.0.9/maven-project-2.0.9.pom
[INFO] Downloaded: https://repo.maven.apache.org/maven2/org/apache/maven/maven-project/2.0.9/maven-project-2.0.9.pom (3 KB at 176.4 KB/sec)
[INFO] Downloading: https://repo.maven.apache.org/maven2/org/apache/maven/maven-settings/2.0.9/maven-settings-2.0.9.pom
[INFO] Downloaded: https://repo.maven.apache.org/maven2/org/apache/maven/maven-settings/2.0.9/maven-settings-2.0.9.pom (3 KB at 143.6 KB/sec)
[INFO] Downloading: https://repo.maven.apache.org/maven2/org/apache/maven/maven-model/2.0.9/maven-model-2.0.9.pom
[INFO] Downloaded: https://repo.maven.apache.org/maven2/org/apache/maven/maven-model/2.0.9/maven-model-2.0.9.pom (4 KB at 191.7 KB/sec)
[INFO] Downloading: https://repo.maven.apache.org/maven2/org/apache/maven/maven-profile/2.0.9/maven-profile-2.0.9.pom
[INFO] Downloaded: https://repo.maven.apache.org/maven2/org/apache/maven/maven-profile/2.0.9/maven-profile-2.0.9.pom (3 KB at 125.1 KB/sec)
[INFO] Downloading: https://repo.maven.apache.org/maven2/org/apache/maven/maven-artifact-manager/2.0.9/maven-artifact-manager-2.0.9.pom
[INFO] Downloaded: https://repo.maven.apache.org/maven2/org/apache/maven/maven-artifact-manager/2.0.9/maven-artifact-manager-2.0.9.pom (3 KB at 188.3 KB/sec)
[INFO] Downloading: https://repo.maven.apache.org/maven2/org/apache/maven/maven-repository-metadata/2.0.9/maven-repository-metadata-2.0.9.pom
[INFO] Downloaded: https://repo.maven.apache.org/maven2/org/apache/maven/maven-repository-metadata/2.0.9/maven-repository-metadata-2.0.9.pom (2 KB at 123.8 KB/sec)
[INFO] Downloading: https://repo.maven.apache.org/maven2/org/apache/maven/maven-plugin-registry/2.0.9/maven-plugin-registry-2.0.9.pom
[INFO] Downloaded: https://repo.maven.apache.org/maven2/org/apache/maven/maven-plugin-registry/2.0.9/maven-plugin-registry-2.0.9.pom (2 KB at 128.3 KB/sec)
[INFO] Downloading: https://repo.maven.apache.org/maven2/org/apache/maven/maven-core/2.0.9/maven-core-2.0.9.pom
[INFO] Downloaded: https://repo.maven.apache.org/maven2/org/apache/maven/maven-core/2.0.9/maven-core-2.0.9.pom (8 KB at 475.2 KB/sec)
[INFO] Downloading: https://repo.maven.apache.org/maven2/org/apache/maven/maven-plugin-parameter-documenter/2.0.9/maven-plugin-parameter-documenter-2.0.9.pom
[INFO] Downloaded: https://repo.maven.apache.org/maven2/org/apache/maven/maven-plugin-parameter-documenter/2.0.9/maven-plugin-parameter-documenter-2.0.9.pom (2 KB at 137.0 KB/sec)
[INFO] Downloading: https://repo.maven.apache.org/maven2/org/apache/maven/reporting/maven-reporting-api/2.0.9/maven-reporting-api-2.0.9.pom
[INFO] Downloaded: https://repo.maven.apache.org/maven2/org/apache/maven/reporting/maven-reporting-api/2.0.9/maven-reporting-api-2.0.9.pom (2 KB at 117.3 KB/sec)
[INFO] Downloading: https://repo.maven.apache.org/maven2/org/apache/maven/reporting/maven-reporting/2.0.9/maven-reporting-2.0.9.pom
[INFO] Downloaded: https://repo.maven.apache.org/maven2/org/apache/maven/reporting/maven-reporting/2.0.9/maven-reporting-2.0.9.pom (2 KB at 84.8 KB/sec)
[INFO] Downloading: https://repo.maven.apache.org/maven2/org/apache/maven/doxia/doxia-sink-api/1.0-alpha-10/doxia-sink-api-1.0-alpha-10.pom
[INFO] Downloaded: https://repo.maven.apache.org/maven2/org/apache/maven/doxia/doxia-sink-api/1.0-alpha-10/doxia-sink-api-1.0-alpha-10.pom (2 KB at 82.2 KB/sec)
[INFO] Downloading: https://repo.maven.apache.org/maven2/org/apache/maven/doxia/doxia/1.0-alpha-10/doxia-1.0-alpha-10.pom
[INFO] Downloaded: https://repo.maven.apache.org/maven2/org/apache/maven/doxia/doxia/1.0-alpha-10/doxia-1.0-alpha-10.pom (9 KB at 447.3 KB/sec)
[INFO] Downloading: https://repo.maven.apache.org/maven2/org/apache/maven/maven-parent/6/maven-parent-6.pom
[INFO] Downloaded: https://repo.maven.apache.org/maven2/org/apache/maven/maven-parent/6/maven-parent-6.pom (20 KB at 889.8 KB/sec)
[INFO] Downloading: https://repo.maven.apache.org/maven2/org/apache/maven/maven-error-diagnostics/2.0.9/maven-error-diagnostics-2.0.9.pom
[INFO] Downloaded: https://repo.maven.apache.org/maven2/org/apache/maven/maven-error-diagnostics/2.0.9/maven-error-diagnostics-2.0.9.pom (2 KB at 121.7 KB/sec)
[INFO] Downloading: https://repo.maven.apache.org/maven2/org/apache/maven/maven-plugin-descriptor/2.0.9/maven-plugin-descriptor-2.0.9.pom
[INFO] Downloaded: https://repo.maven.apache.org/maven2/org/apache/maven/maven-plugin-descriptor/2.0.9/maven-plugin-descriptor-2.0.9.pom (3 KB at 144.7 KB/sec)
[INFO] Downloading: https://repo.maven.apache.org/maven2/org/apache/maven/maven-monitor/2.0.9/maven-monitor-2.0.9.pom
[INFO] Downloaded: https://repo.maven.apache.org/maven2/org/apache/maven/maven-monitor/2.0.9/maven-monitor-2.0.9.pom (2 KB at 89.6 KB/sec)
[INFO] Downloading: https://repo.maven.apache.org/maven2/org/apache/maven/doxia/doxia-sink-api/1.0/doxia-sink-api-1.0.pom
[INFO] Downloaded: https://repo.maven.apache.org/maven2/org/apache/maven/doxia/doxia-sink-api/1.0/doxia-sink-api-1.0.pom (2 KB at 96.7 KB/sec)
[INFO] Downloading: https://repo.maven.apache.org/maven2/org/apache/maven/doxia/doxia/1.0/doxia-1.0.pom
[INFO] Downloaded: https://repo.maven.apache.org/maven2/org/apache/maven/doxia/doxia/1.0/doxia-1.0.pom (10 KB at 495.7 KB/sec)
[INFO] Downloading: https://repo.maven.apache.org/maven2/org/apache/maven/maven-parent/10/maven-parent-10.pom
[INFO] Downloaded: https://repo.maven.apache.org/maven2/org/apache/maven/maven-parent/10/maven-parent-10.pom (31 KB at 1029.8 KB/sec)
[INFO] Downloading: https://repo.maven.apache.org/maven2/org/apache/maven/reporting/maven-reporting-impl/2.0.5/maven-reporting-impl-2.0.5.pom
[INFO] Downloaded: https://repo.maven.apache.org/maven2/org/apache/maven/reporting/maven-reporting-impl/2.0.5/maven-reporting-impl-2.0.5.pom (5 KB at 217.1 KB/sec)
[INFO] Downloading: https://repo.maven.apache.org/maven2/org/apache/maven/doxia/doxia-core/1.0/doxia-core-1.0.pom
[INFO] Downloaded: https://repo.maven.apache.org/maven2/org/apache/maven/doxia/doxia-core/1.0/doxia-core-1.0.pom (3 KB at 155.9 KB/sec)
[INFO] Downloading: https://repo.maven.apache.org/maven2/org/codehaus/plexus/plexus-utils/1.5.7/plexus-utils-1.5.7.pom
[INFO] Downloaded: https://repo.maven.apache.org/maven2/org/codehaus/plexus/plexus-utils/1.5.7/plexus-utils-1.5.7.pom (8 KB at 437.4 KB/sec)
[INFO] Downloading: https://repo.maven.apache.org/maven2/org/apache/maven/doxia/doxia-site-renderer/1.0/doxia-site-renderer-1.0.pom
[INFO] Downloaded: https://repo.maven.apache.org/maven2/org/apache/maven/doxia/doxia-site-renderer/1.0/doxia-site-renderer-1.0.pom (5 KB at 270.2 KB/sec)
[INFO] Downloading: https://repo.maven.apache.org/maven2/org/apache/maven/doxia/doxia-sitetools/1.0/doxia-sitetools-1.0.pom
[INFO] Downloaded: https://repo.maven.apache.org/maven2/org/apache/maven/doxia/doxia-sitetools/1.0/doxia-sitetools-1.0.pom (10 KB at 585.1 KB/sec)
[INFO] Downloading: https://repo.maven.apache.org/maven2/org/codehaus/plexus/plexus-i18n/1.0-beta-7/plexus-i18n-1.0-beta-7.pom
[INFO] Downloaded: https://repo.maven.apache.org/maven2/org/codehaus/plexus/plexus-i18n/1.0-beta-7/plexus-i18n-1.0-beta-7.pom (2 KB at 79.6 KB/sec)
[INFO] Downloading: https://repo.maven.apache.org/maven2/org/codehaus/plexus/plexus-components/1.1.12/plexus-components-1.1.12.pom
[INFO] Downloaded: https://repo.maven.apache.org/maven2/org/codehaus/plexus/plexus-components/1.1.12/plexus-components-1.1.12.pom (3 KB at 209.5 KB/sec)
[INFO] Downloading: https://repo.maven.apache.org/maven2/org/codehaus/plexus/plexus-velocity/1.1.7/plexus-velocity-1.1.7.pom
[INFO] Downloaded: https://repo.maven.apache.org/maven2/org/codehaus/plexus/plexus-velocity/1.1.7/plexus-velocity-1.1.7.pom (2 KB at 136.5 KB/sec)
[INFO] Downloading: https://repo.maven.apache.org/maven2/org/codehaus/plexus/plexus-container-default/1.0-alpha-20/plexus-container-default-1.0-alpha-20.pom
[INFO] Downloaded: https://repo.maven.apache.org/maven2/org/codehaus/plexus/plexus-container-default/1.0-alpha-20/plexus-container-default-1.0-alpha-20.pom (3 KB at 208.6 KB/sec)
[INFO] Downloading: https://repo.maven.apache.org/maven2/org/codehaus/plexus/plexus-containers/1.0-alpha-20/plexus-containers-1.0-alpha-20.pom
[INFO] Downloaded: https://repo.maven.apache.org/maven2/org/codehaus/plexus/plexus-containers/1.0-alpha-20/plexus-containers-1.0-alpha-20.pom (2 KB at 141.7 KB/sec)
[INFO] Downloading: https://repo.maven.apache.org/maven2/org/codehaus/plexus/plexus-utils/1.3/plexus-utils-1.3.pom
[INFO] Downloaded: https://repo.maven.apache.org/maven2/org/codehaus/plexus/plexus-utils/1.3/plexus-utils-1.3.pom (2 KB at 72.1 KB/sec)
[INFO] Downloading: https://repo.maven.apache.org/maven2/org/codehaus/plexus/plexus-classworlds/1.2-alpha-7/plexus-classworlds-1.2-alpha-7.pom
[INFO] Downloaded: https://repo.maven.apache.org/maven2/org/codehaus/plexus/plexus-classworlds/1.2-alpha-7/plexus-classworlds-1.2-alpha-7.pom (3 KB at 165.5 KB/sec)
[INFO] Downloading: https://repo.maven.apache.org/maven2/org/codehaus/plexus/plexus/1.0.9/plexus-1.0.9.pom
[INFO] Downloaded: https://repo.maven.apache.org/maven2/org/codehaus/plexus/plexus/1.0.9/plexus-1.0.9.pom (8 KB at 416.7 KB/sec)
[INFO] Downloading: https://repo.maven.apache.org/maven2/org/apache/velocity/velocity/1.5/velocity-1.5.pom
[INFO] Downloaded: https://repo.maven.apache.org/maven2/org/apache/velocity/velocity/1.5/velocity-1.5.pom (8 KB at 473.9 KB/sec)
[INFO] Downloading: https://repo.maven.apache.org/maven2/commons-collections/commons-collections/3.1/commons-collections-3.1.pom
[INFO] Downloaded: https://repo.maven.apache.org/maven2/commons-collections/commons-collections/3.1/commons-collections-3.1.pom (6 KB at 52.6 KB/sec)
[INFO] Downloading: https://repo.maven.apache.org/maven2/oro/oro/2.0.8/oro-2.0.8.pom
[INFO] Downloaded: https://repo.maven.apache.org/maven2/oro/oro/2.0.8/oro-2.0.8.pom (140 B at 10.5 KB/sec)
[INFO] Downloading: https://repo.maven.apache.org/maven2/org/apache/maven/doxia/doxia-decoration-model/1.0/doxia-decoration-model-1.0.pom
[INFO] Downloaded: https://repo.maven.apache.org/maven2/org/apache/maven/doxia/doxia-decoration-model/1.0/doxia-decoration-model-1.0.pom (4 KB at 205.3 KB/sec)
[INFO] Downloading: https://repo.maven.apache.org/maven2/commons-collections/commons-collections/3.2/commons-collections-3.2.pom
[INFO] Downloaded: https://repo.maven.apache.org/maven2/commons-collections/commons-collections/3.2/commons-collections-3.2.pom (11 KB at 567.1 KB/sec)
[INFO] Downloading: https://repo.maven.apache.org/maven2/org/apache/maven/doxia/doxia-module-apt/1.0/doxia-module-apt-1.0.pom
[INFO] Downloaded: https://repo.maven.apache.org/maven2/org/apache/maven/doxia/doxia-module-apt/1.0/doxia-module-apt-1.0.pom (3 KB at 157.2 KB/sec)
[INFO] Downloading: https://repo.maven.apache.org/maven2/org/apache/maven/doxia/doxia-modules/1.0/doxia-modules-1.0.pom
[INFO] Downloaded: https://repo.maven.apache.org/maven2/org/apache/maven/doxia/doxia-modules/1.0/doxia-modules-1.0.pom (3 KB at 155.9 KB/sec)
[INFO] Downloading: https://repo.maven.apache.org/maven2/org/apache/maven/doxia/doxia-module-fml/1.0/doxia-module-fml-1.0.pom
[INFO] Downloaded: https://repo.maven.apache.org/maven2/org/apache/maven/doxia/doxia-module-fml/1.0/doxia-module-fml-1.0.pom (3 KB at 187.8 KB/sec)
[INFO] Downloading: https://repo.maven.apache.org/maven2/org/apache/maven/doxia/doxia-module-xdoc/1.0/doxia-module-xdoc-1.0.pom
[INFO] Downloaded: https://repo.maven.apache.org/maven2/org/apache/maven/doxia/doxia-module-xdoc/1.0/doxia-module-xdoc-1.0.pom (3 KB at 146.0 KB/sec)
[INFO] Downloading: https://repo.maven.apache.org/maven2/org/apache/maven/doxia/doxia-module-xhtml/1.0/doxia-module-xhtml-1.0.pom
[INFO] Downloaded: https://repo.maven.apache.org/maven2/org/apache/maven/doxia/doxia-module-xhtml/1.0/doxia-module-xhtml-1.0.pom (2 KB at 111.5 KB/sec)
[INFO] Downloading: https://repo.maven.apache.org/maven2/org/apache/maven/shared/maven-doxia-tools/1.0.2/maven-doxia-tools-1.0.2.pom
[INFO] Downloaded: https://repo.maven.apache.org/maven2/org/apache/maven/shared/maven-doxia-tools/1.0.2/maven-doxia-tools-1.0.2.pom (6 KB at 358.0 KB/sec)
[INFO] Downloading: https://repo.maven.apache.org/maven2/org/apache/maven/shared/maven-shared-components/11/maven-shared-components-11.pom
[INFO] Downloaded: https://repo.maven.apache.org/maven2/org/apache/maven/shared/maven-shared-components/11/maven-shared-components-11.pom (9 KB at 387.9 KB/sec)
[INFO] Downloading: https://repo.maven.apache.org/maven2/commons-io/commons-io/1.4/commons-io-1.4.pom
[INFO] Downloaded: https://repo.maven.apache.org/maven2/commons-io/commons-io/1.4/commons-io-1.4.pom (13 KB at 584.4 KB/sec)
[INFO] Downloading: https://repo.maven.apache.org/maven2/org/apache/commons/commons-parent/7/commons-parent-7.pom
[INFO] Downloaded: https://repo.maven.apache.org/maven2/org/apache/commons/commons-parent/7/commons-parent-7.pom (18 KB at 683.4 KB/sec)
[INFO] Downloading: https://repo.maven.apache.org/maven2/commons-validator/commons-validator/1.2.0/commons-validator-1.2.0.pom
[INFO] Downloaded: https://repo.maven.apache.org/maven2/commons-validator/commons-validator/1.2.0/commons-validator-1.2.0.pom (9 KB at 466.9 KB/sec)
[INFO] Downloading: https://repo.maven.apache.org/maven2/commons-beanutils/commons-beanutils/1.7.0/commons-beanutils-1.7.0.pom
[INFO] Downloaded: https://repo.maven.apache.org/maven2/commons-beanutils/commons-beanutils/1.7.0/commons-beanutils-1.7.0.pom (357 B at 26.8 KB/sec)
[INFO] Downloading: https://repo.maven.apache.org/maven2/commons-logging/commons-logging/1.0.3/commons-logging-1.0.3.pom
[INFO] Downloaded: https://repo.maven.apache.org/maven2/commons-logging/commons-logging/1.0.3/commons-logging-1.0.3.pom (866 B at 60.4 KB/sec)
[INFO] Downloading: https://repo.maven.apache.org/maven2/commons-digester/commons-digester/1.6/commons-digester-1.6.pom
[INFO] Downloaded: https://repo.maven.apache.org/maven2/commons-digester/commons-digester/1.6/commons-digester-1.6.pom (974 B at 59.4 KB/sec)
[INFO] Downloading: https://repo.maven.apache.org/maven2/commons-beanutils/commons-beanutils/1.6/commons-beanutils-1.6.pom
[INFO] Downloaded: https://repo.maven.apache.org/maven2/commons-beanutils/commons-beanutils/1.6/commons-beanutils-1.6.pom (3 KB at 150.4 KB/sec)
[INFO] Downloading: https://repo.maven.apache.org/maven2/commons-logging/commons-logging/1.0/commons-logging-1.0.pom
[INFO] Downloaded: https://repo.maven.apache.org/maven2/commons-logging/commons-logging/1.0/commons-logging-1.0.pom (163 B at 11.4 KB/sec)
[INFO] Downloading: https://repo.maven.apache.org/maven2/commons-collections/commons-collections/2.0/commons-collections-2.0.pom
[INFO] Downloaded: https://repo.maven.apache.org/maven2/commons-collections/commons-collections/2.0/commons-collections-2.0.pom (171 B at 12.8 KB/sec)
[INFO] Downloading: https://repo.maven.apache.org/maven2/commons-collections/commons-collections/2.1/commons-collections-2.1.pom
[INFO] Downloaded: https://repo.maven.apache.org/maven2/commons-collections/commons-collections/2.1/commons-collections-2.1.pom (4 KB at 232.7 KB/sec)
[INFO] Downloading: https://repo.maven.apache.org/maven2/xml-apis/xml-apis/1.0.b2/xml-apis-1.0.b2.pom
[INFO] Downloaded: https://repo.maven.apache.org/maven2/xml-apis/xml-apis/1.0.b2/xml-apis-1.0.b2.pom (3 KB at 156.9 KB/sec)
[INFO] Downloading: https://repo.maven.apache.org/maven2/commons-logging/commons-logging/1.0.4/commons-logging-1.0.4.pom
[INFO] Downloaded: https://repo.maven.apache.org/maven2/commons-logging/commons-logging/1.0.4/commons-logging-1.0.4.pom (6 KB at 302.4 KB/sec)
[INFO] Downloading: https://repo.maven.apache.org/maven2/xml-apis/xml-apis/2.0.2/xml-apis-2.0.2.pom
[INFO] Downloaded: https://repo.maven.apache.org/maven2/xml-apis/xml-apis/2.0.2/xml-apis-2.0.2.pom (346 B at 28.2 KB/sec)
[INFO] Downloading: https://repo.maven.apache.org/maven2/org/codehaus/plexus/plexus-archiver/2.3/plexus-archiver-2.3.pom
[INFO] Downloaded: https://repo.maven.apache.org/maven2/org/codehaus/plexus/plexus-archiver/2.3/plexus-archiver-2.3.pom (4 KB at 219.3 KB/sec)
[INFO] Downloading: https://repo.maven.apache.org/maven2/org/codehaus/plexus/plexus-components/1.3/plexus-components-1.3.pom
[INFO] Downloaded: https://repo.maven.apache.org/maven2/org/codehaus/plexus/plexus-components/1.3/plexus-components-1.3.pom (3 KB at 199.1 KB/sec)
[INFO] Downloading: https://repo.maven.apache.org/maven2/org/codehaus/plexus/plexus/3.3/plexus-3.3.pom
[INFO] Downloaded: https://repo.maven.apache.org/maven2/org/codehaus/plexus/plexus/3.3/plexus-3.3.pom (20 KB at 747.4 KB/sec)
[INFO] Downloading: https://repo.maven.apache.org/maven2/org/codehaus/plexus/plexus-utils/3.0.10/plexus-utils-3.0.10.pom
[INFO] Downloaded: https://repo.maven.apache.org/maven2/org/codehaus/plexus/plexus-utils/3.0.10/plexus-utils-3.0.10.pom (4 KB at 219.3 KB/sec)
[INFO] Downloading: https://repo.maven.apache.org/maven2/org/codehaus/plexus/plexus-io/2.0.6/plexus-io-2.0.6.pom
[INFO] Downloaded: https://repo.maven.apache.org/maven2/org/codehaus/plexus/plexus-io/2.0.6/plexus-io-2.0.6.pom (3 KB at 134.9 KB/sec)
[INFO] Downloading: https://repo.maven.apache.org/maven2/org/codehaus/plexus/plexus-components/1.2/plexus-components-1.2.pom
[INFO] Downloaded: https://repo.maven.apache.org/maven2/org/codehaus/plexus/plexus-components/1.2/plexus-components-1.2.pom (3 KB at 165.9 KB/sec)
[INFO] Downloading: https://repo.maven.apache.org/maven2/org/codehaus/plexus/plexus/3.2/plexus-3.2.pom
[INFO] Downloaded: https://repo.maven.apache.org/maven2/org/codehaus/plexus/plexus/3.2/plexus-3.2.pom (19 KB at 762.8 KB/sec)
[INFO] Downloading: https://repo.maven.apache.org/maven2/org/codehaus/plexus/plexus-utils/3.0.8/plexus-utils-3.0.8.pom
[INFO] Downloaded: https://repo.maven.apache.org/maven2/org/codehaus/plexus/plexus-utils/3.0.8/plexus-utils-3.0.8.pom (4 KB at 204.6 KB/sec)
[INFO] Downloading: https://repo.maven.apache.org/maven2/org/codehaus/plexus/plexus-utils/3.0.9/plexus-utils-3.0.9.pom
[INFO] Downloaded: https://repo.maven.apache.org/maven2/org/codehaus/plexus/plexus-utils/3.0.9/plexus-utils-3.0.9.pom (4 KB at 180.5 KB/sec)
[INFO] Downloading: https://repo.maven.apache.org/maven2/org/apache/maven/shared/file-management/1.2.1/file-management-1.2.1.pom
[INFO] Downloaded: https://repo.maven.apache.org/maven2/org/apache/maven/shared/file-management/1.2.1/file-management-1.2.1.pom (4 KB at 270.8 KB/sec)
[INFO] Downloading: https://repo.maven.apache.org/maven2/org/apache/maven/shared/maven-shared-components/10/maven-shared-components-10.pom
[INFO] Downloaded: https://repo.maven.apache.org/maven2/org/apache/maven/shared/maven-shared-components/10/maven-shared-components-10.pom (9 KB at 433.4 KB/sec)
[INFO] Downloading: https://repo.maven.apache.org/maven2/org/apache/maven/shared/maven-shared-io/1.1/maven-shared-io-1.1.pom
[INFO] Downloaded: https://repo.maven.apache.org/maven2/org/apache/maven/shared/maven-shared-io/1.1/maven-shared-io-1.1.pom (4 KB at 247.8 KB/sec)
[INFO] Downloading: https://repo.maven.apache.org/maven2/org/apache/maven/shared/maven-shared-components/8/maven-shared-components-8.pom
[INFO] Downloaded: https://repo.maven.apache.org/maven2/org/apache/maven/shared/maven-shared-components/8/maven-shared-components-8.pom (3 KB at 186.5 KB/sec)
[INFO] Downloading: https://repo.maven.apache.org/maven2/org/apache/maven/maven-parent/7/maven-parent-7.pom
[INFO] Downloaded: https://repo.maven.apache.org/maven2/org/apache/maven/maven-parent/7/maven-parent-7.pom (21 KB at 902.0 KB/sec)
[INFO] Downloading: https://repo.maven.apache.org/maven2/org/apache/maven/maven-artifact/2.0.2/maven-artifact-2.0.2.pom
[INFO] Downloaded: https://repo.maven.apache.org/maven2/org/apache/maven/maven-artifact/2.0.2/maven-artifact-2.0.2.pom (765 B at 53.4 KB/sec)
[INFO] Downloading: https://repo.maven.apache.org/maven2/org/apache/maven/maven/2.0.2/maven-2.0.2.pom
[INFO] Downloaded: https://repo.maven.apache.org/maven2/org/apache/maven/maven/2.0.2/maven-2.0.2.pom (13 KB at 643.2 KB/sec)
[INFO] Downloading: https://repo.maven.apache.org/maven2/org/apache/maven/maven-artifact-manager/2.0.2/maven-artifact-manager-2.0.2.pom
[INFO] Downloaded: https://repo.maven.apache.org/maven2/org/apache/maven/maven-artifact-manager/2.0.2/maven-artifact-manager-2.0.2.pom (2 KB at 97.3 KB/sec)
[INFO] Downloading: https://repo.maven.apache.org/maven2/org/apache/maven/maven-repository-metadata/2.0.2/maven-repository-metadata-2.0.2.pom
[INFO] Downloaded: https://repo.maven.apache.org/maven2/org/apache/maven/maven-repository-metadata/2.0.2/maven-repository-metadata-2.0.2.pom (2 KB at 85.2 KB/sec)
[INFO] Downloading: https://repo.maven.apache.org/maven2/org/apache/maven/wagon/wagon-provider-api/1.0-alpha-6/wagon-provider-api-1.0-alpha-6.pom
[INFO] Downloaded: https://repo.maven.apache.org/maven2/org/apache/maven/wagon/wagon-provider-api/1.0-alpha-6/wagon-provider-api-1.0-alpha-6.pom (588 B at 41.0 KB/sec)
[INFO] Downloading: https://repo.maven.apache.org/maven2/org/apache/maven/wagon/wagon/1.0-alpha-6/wagon-1.0-alpha-6.pom
[INFO] Downloaded: https://repo.maven.apache.org/maven2/org/apache/maven/wagon/wagon/1.0-alpha-6/wagon-1.0-alpha-6.pom (7 KB at 347.4 KB/sec)
[INFO] Downloading: https://repo.maven.apache.org/maven2/org/codehaus/plexus/plexus-utils/1.4.6/plexus-utils-1.4.6.pom
[INFO] Downloaded: https://repo.maven.apache.org/maven2/org/codehaus/plexus/plexus-utils/1.4.6/plexus-utils-1.4.6.pom (3 KB at 147.5 KB/sec)
[INFO] Downloading: https://repo.maven.apache.org/maven2/org/apache/maven/shared/maven-dependency-analyzer/1.4/maven-dependency-analyzer-1.4.pom
[INFO] Downloaded: https://repo.maven.apache.org/maven2/org/apache/maven/shared/maven-dependency-analyzer/1.4/maven-dependency-analyzer-1.4.pom (6 KB at 279.6 KB/sec)
[INFO] Downloading: https://repo.maven.apache.org/maven2/org/apache/maven/shared/maven-shared-components/19/maven-shared-components-19.pom
[INFO] Downloaded: https://repo.maven.apache.org/maven2/org/apache/maven/shared/maven-shared-components/19/maven-shared-components-19.pom (7 KB at 345.0 KB/sec)
[INFO] Downloading: https://repo.maven.apache.org/maven2/asm/asm/3.3.1/asm-3.3.1.pom
[INFO] Downloaded: https://repo.maven.apache.org/maven2/asm/asm/3.3.1/asm-3.3.1.pom (266 B at 20.0 KB/sec)
[INFO] Downloading: https://repo.maven.apache.org/maven2/asm/asm-parent/3.3.1/asm-parent-3.3.1.pom
[INFO] Downloaded: https://repo.maven.apache.org/maven2/asm/asm-parent/3.3.1/asm-parent-3.3.1.pom (5 KB at 264.4 KB/sec)
[INFO] Downloading: https://repo.maven.apache.org/maven2/org/codehaus/plexus/plexus-component-annotations/1.5.5/plexus-component-annotations-1.5.5.pom
[INFO] Downloaded: https://repo.maven.apache.org/maven2/org/codehaus/plexus/plexus-component-annotations/1.5.5/plexus-component-annotations-1.5.5.pom (815 B at 61.2 KB/sec)
[INFO] Downloading: https://repo.maven.apache.org/maven2/org/codehaus/plexus/plexus-containers/1.5.5/plexus-containers-1.5.5.pom
[INFO] Downloaded: https://repo.maven.apache.org/maven2/org/codehaus/plexus/plexus-containers/1.5.5/plexus-containers-1.5.5.pom (5 KB at 276.0 KB/sec)
[INFO] Downloading: https://repo.maven.apache.org/maven2/org/apache/maven/maven-project/2.0.5/maven-project-2.0.5.pom
[INFO] Downloaded: https://repo.maven.apache.org/maven2/org/apache/maven/maven-project/2.0.5/maven-project-2.0.5.pom (2 KB at 119.9 KB/sec)
[INFO] Downloading: https://repo.maven.apache.org/maven2/org/apache/maven/maven/2.0.5/maven-2.0.5.pom
[INFO] Downloaded: https://repo.maven.apache.org/maven2/org/apache/maven/maven/2.0.5/maven-2.0.5.pom (6 KB at 293.2 KB/sec)
[INFO] Downloading: https://repo.maven.apache.org/maven2/org/apache/maven/maven-settings/2.0.5/maven-settings-2.0.5.pom
[INFO] Downloaded: https://repo.maven.apache.org/maven2/org/apache/maven/maven-settings/2.0.5/maven-settings-2.0.5.pom (2 KB at 116.9 KB/sec)
[INFO] Downloading: https://repo.maven.apache.org/maven2/org/apache/maven/maven-model/2.0.5/maven-model-2.0.5.pom
[INFO] Downloaded: https://repo.maven.apache.org/maven2/org/apache/maven/maven-model/2.0.5/maven-model-2.0.5.pom (3 KB at 166.1 KB/sec)
[INFO] Downloading: https://repo.maven.apache.org/maven2/org/apache/maven/maven-profile/2.0.5/maven-profile-2.0.5.pom
[INFO] Downloaded: https://repo.maven.apache.org/maven2/org/apache/maven/maven-profile/2.0.5/maven-profile-2.0.5.pom (2 KB at 115.4 KB/sec)
[INFO] Downloading: https://repo.maven.apache.org/maven2/org/apache/maven/maven-artifact-manager/2.0.5/maven-artifact-manager-2.0.5.pom
[INFO] Downloaded: https://repo.maven.apache.org/maven2/org/apache/maven/maven-artifact-manager/2.0.5/maven-artifact-manager-2.0.5.pom (2 KB at 119.4 KB/sec)
[INFO] Downloading: https://repo.maven.apache.org/maven2/org/apache/maven/maven-repository-metadata/2.0.5/maven-repository-metadata-2.0.5.pom
[INFO] Downloaded: https://repo.maven.apache.org/maven2/org/apache/maven/maven-repository-metadata/2.0.5/maven-repository-metadata-2.0.5.pom (2 KB at 103.7 KB/sec)
[INFO] Downloading: https://repo.maven.apache.org/maven2/org/apache/maven/maven-artifact/2.0.5/maven-artifact-2.0.5.pom
[INFO] Downloaded: https://repo.maven.apache.org/maven2/org/apache/maven/maven-artifact/2.0.5/maven-artifact-2.0.5.pom (727 B at 47.3 KB/sec)
[INFO] Downloading: https://repo.maven.apache.org/maven2/org/apache/maven/shared/maven-dependency-tree/2.1/maven-dependency-tree-2.1.pom
[INFO] Downloaded: https://repo.maven.apache.org/maven2/org/apache/maven/shared/maven-dependency-tree/2.1/maven-dependency-tree-2.1.pom (7 KB at 390.1 KB/sec)
[INFO] Downloading: https://repo.maven.apache.org/maven2/org/apache/maven/maven-project/2.2.0/maven-project-2.2.0.pom
[INFO] Downloaded: https://repo.maven.apache.org/maven2/org/apache/maven/maven-project/2.2.0/maven-project-2.2.0.pom (3 KB at 193.4 KB/sec)
[INFO] Downloading: https://repo.maven.apache.org/maven2/org/apache/maven/maven/2.2.0/maven-2.2.0.pom
[INFO] Downloaded: https://repo.maven.apache.org/maven2/org/apache/maven/maven/2.2.0/maven-2.2.0.pom (22 KB at 953.5 KB/sec)
[INFO] Downloading: https://repo.maven.apache.org/maven2/org/apache/maven/maven-settings/2.2.0/maven-settings-2.2.0.pom
[INFO] Downloaded: https://repo.maven.apache.org/maven2/org/apache/maven/maven-settings/2.2.0/maven-settings-2.2.0.pom (3 KB at 152.0 KB/sec)
[INFO] Downloading: https://repo.maven.apache.org/maven2/org/apache/maven/maven-model/2.2.0/maven-model-2.2.0.pom
[INFO] Downloaded: https://repo.maven.apache.org/maven2/org/apache/maven/maven-model/2.2.0/maven-model-2.2.0.pom (4 KB at 210.9 KB/sec)
[INFO] Downloading: https://repo.maven.apache.org/maven2/org/apache/maven/maven-profile/2.2.0/maven-profile-2.2.0.pom
[INFO] Downloaded: https://repo.maven.apache.org/maven2/org/apache/maven/maven-profile/2.2.0/maven-profile-2.2.0.pom (3 KB at 151.4 KB/sec)
[INFO] Downloading: https://repo.maven.apache.org/maven2/org/apache/maven/maven-artifact-manager/2.2.0/maven-artifact-manager-2.2.0.pom
[INFO] Downloaded: https://repo.maven.apache.org/maven2/org/apache/maven/maven-artifact-manager/2.2.0/maven-artifact-manager-2.2.0.pom (4 KB at 233.1 KB/sec)
[INFO] Downloading: https://repo.maven.apache.org/maven2/org/apache/maven/maven-repository-metadata/2.2.0/maven-repository-metadata-2.2.0.pom
[INFO] Downloaded: https://repo.maven.apache.org/maven2/org/apache/maven/maven-repository-metadata/2.2.0/maven-repository-metadata-2.2.0.pom (2 KB at 130.5 KB/sec)
[INFO] Downloading: https://repo.maven.apache.org/maven2/org/apache/maven/maven-artifact/2.2.0/maven-artifact-2.2.0.pom
[INFO] Downloaded: https://repo.maven.apache.org/maven2/org/apache/maven/maven-artifact/2.2.0/maven-artifact-2.2.0.pom (2 KB at 110.3 KB/sec)
[INFO] Downloading: https://repo.maven.apache.org/maven2/org/apache/maven/maven-plugin-registry/2.2.0/maven-plugin-registry-2.2.0.pom
[INFO] Downloaded: https://repo.maven.apache.org/maven2/org/apache/maven/maven-plugin-registry/2.2.0/maven-plugin-registry-2.2.0.pom (2 KB at 144.9 KB/sec)
[INFO] Downloading: https://repo.maven.apache.org/maven2/org/eclipse/aether/aether-util/0.9.0.M2/aether-util-0.9.0.M2.pom
[INFO] Downloaded: https://repo.maven.apache.org/maven2/org/eclipse/aether/aether-util/0.9.0.M2/aether-util-0.9.0.M2.pom (2 KB at 142.0 KB/sec)
[INFO] Downloading: https://repo.maven.apache.org/maven2/org/eclipse/aether/aether/0.9.0.M2/aether-0.9.0.M2.pom
[INFO] Downloaded: https://repo.maven.apache.org/maven2/org/eclipse/aether/aether/0.9.0.M2/aether-0.9.0.M2.pom (28 KB at 972.0 KB/sec)
[INFO] Downloading: https://repo.maven.apache.org/maven2/org/apache/maven/shared/maven-common-artifact-filters/1.4/maven-common-artifact-filters-1.4.pom
[INFO] Downloaded: https://repo.maven.apache.org/maven2/org/apache/maven/shared/maven-common-artifact-filters/1.4/maven-common-artifact-filters-1.4.pom (4 KB at 229.5 KB/sec)
[INFO] Downloading: https://repo.maven.apache.org/maven2/org/apache/maven/maven-artifact/2.0.8/maven-artifact-2.0.8.pom
[INFO] Downloaded: https://repo.maven.apache.org/maven2/org/apache/maven/maven-artifact/2.0.8/maven-artifact-2.0.8.pom (2 KB at 112.9 KB/sec)
[INFO] Downloading: https://repo.maven.apache.org/maven2/org/apache/maven/maven/2.0.8/maven-2.0.8.pom
[INFO] Downloaded: https://repo.maven.apache.org/maven2/org/apache/maven/maven/2.0.8/maven-2.0.8.pom (12 KB at 590.6 KB/sec)
[INFO] Downloading: https://repo.maven.apache.org/maven2/org/apache/maven/maven-model/2.0.8/maven-model-2.0.8.pom
[INFO] Downloaded: https://repo.maven.apache.org/maven2/org/apache/maven/maven-model/2.0.8/maven-model-2.0.8.pom (4 KB at 219.0 KB/sec)
[INFO] Downloading: https://repo.maven.apache.org/maven2/org/apache/maven/maven-project/2.0.8/maven-project-2.0.8.pom
[INFO] Downloaded: https://repo.maven.apache.org/maven2/org/apache/maven/maven-project/2.0.8/maven-project-2.0.8.pom (3 KB at 176.4 KB/sec)
[INFO] Downloading: https://repo.maven.apache.org/maven2/org/apache/maven/maven-settings/2.0.8/maven-settings-2.0.8.pom
[INFO] Downloaded: https://repo.maven.apache.org/maven2/org/apache/maven/maven-settings/2.0.8/maven-settings-2.0.8.pom (3 KB at 143.6 KB/sec)
[INFO] Downloading: https://repo.maven.apache.org/maven2/org/apache/maven/maven-profile/2.0.8/maven-profile-2.0.8.pom
[INFO] Downloaded: https://repo.maven.apache.org/maven2/org/apache/maven/maven-profile/2.0.8/maven-profile-2.0.8.pom (2 KB at 132.6 KB/sec)
[INFO] Downloading: https://repo.maven.apache.org/maven2/org/apache/maven/maven-artifact-manager/2.0.8/maven-artifact-manager-2.0.8.pom
[INFO] Downloaded: https://repo.maven.apache.org/maven2/org/apache/maven/maven-artifact-manager/2.0.8/maven-artifact-manager-2.0.8.pom (3 KB at 202.8 KB/sec)
[INFO] Downloading: https://repo.maven.apache.org/maven2/org/apache/maven/maven-repository-metadata/2.0.8/maven-repository-metadata-2.0.8.pom
[INFO] Downloaded: https://repo.maven.apache.org/maven2/org/apache/maven/maven-repository-metadata/2.0.8/maven-repository-metadata-2.0.8.pom (2 KB at 142.8 KB/sec)
[INFO] Downloading: https://repo.maven.apache.org/maven2/org/apache/maven/maven-plugin-registry/2.0.8/maven-plugin-registry-2.0.8.pom
[INFO] Downloaded: https://repo.maven.apache.org/maven2/org/apache/maven/maven-plugin-registry/2.0.8/maven-plugin-registry-2.0.8.pom (2 KB at 139.4 KB/sec)
[INFO] Downloading: https://repo.maven.apache.org/maven2/org/apache/maven/maven-plugin-api/2.0.8/maven-plugin-api-2.0.8.pom
[INFO] Downloaded: https://repo.maven.apache.org/maven2/org/apache/maven/maven-plugin-api/2.0.8/maven-plugin-api-2.0.8.pom (2 KB at 97.3 KB/sec)
[INFO] Downloading: https://repo.maven.apache.org/maven2/org/codehaus/plexus/plexus-container-default/1.5.5/plexus-container-default-1.5.5.pom
[INFO] Downloaded: https://repo.maven.apache.org/maven2/org/codehaus/plexus/plexus-container-default/1.5.5/plexus-container-default-1.5.5.pom (3 KB at 179.4 KB/sec)
[INFO] Downloading: https://repo.maven.apache.org/maven2/org/codehaus/plexus/plexus-classworlds/2.2.2/plexus-classworlds-2.2.2.pom
[INFO] Downloaded: https://repo.maven.apache.org/maven2/org/codehaus/plexus/plexus-classworlds/2.2.2/plexus-classworlds-2.2.2.pom (4 KB at 246.2 KB/sec)
[INFO] Downloading: https://repo.maven.apache.org/maven2/org/apache/xbean/xbean-reflect/3.4/xbean-reflect-3.4.pom
[INFO] Downloaded: https://repo.maven.apache.org/maven2/org/apache/xbean/xbean-reflect/3.4/xbean-reflect-3.4.pom (3 KB at 182.9 KB/sec)
[INFO] Downloading: https://repo.maven.apache.org/maven2/org/apache/xbean/xbean/3.4/xbean-3.4.pom
[INFO] Downloaded: https://repo.maven.apache.org/maven2/org/apache/xbean/xbean/3.4/xbean-3.4.pom (19 KB at 822.6 KB/sec)
[INFO] Downloading: https://repo.maven.apache.org/maven2/log4j/log4j/1.2.12/log4j-1.2.12.pom
[INFO] Downloaded: https://repo.maven.apache.org/maven2/log4j/log4j/1.2.12/log4j-1.2.12.pom (145 B at 10.9 KB/sec)
[INFO] Downloading: https://repo.maven.apache.org/maven2/commons-logging/commons-logging-api/1.1/commons-logging-api-1.1.pom
[INFO] Downloaded: https://repo.maven.apache.org/maven2/commons-logging/commons-logging-api/1.1/commons-logging-api-1.1.pom (6 KB at 326.4 KB/sec)
[INFO] Downloading: https://repo.maven.apache.org/maven2/com/google/collections/google-collections/1.0/google-collections-1.0.pom
[INFO] Downloaded: https://repo.maven.apache.org/maven2/com/google/collections/google-collections/1.0/google-collections-1.0.pom (3 KB at 172.9 KB/sec)
[INFO] Downloading: https://repo.maven.apache.org/maven2/junit/junit/3.8.2/junit-3.8.2.pom
[INFO] Downloaded: https://repo.maven.apache.org/maven2/junit/junit/3.8.2/junit-3.8.2.pom (747 B at 56.1 KB/sec)
[INFO] Downloading: https://repo.maven.apache.org/maven2/org/codehaus/plexus/plexus-utils/2.1/plexus-utils-2.1.pom
[INFO] Downloaded: https://repo.maven.apache.org/maven2/org/codehaus/plexus/plexus-utils/2.1/plexus-utils-2.1.pom (4 KB at 231.7 KB/sec)
[INFO] Downloading: https://repo.maven.apache.org/maven2/org/apache/maven/shared/maven-invoker/2.0.11/maven-invoker-2.0.11.pom
[INFO] Downloaded: https://repo.maven.apache.org/maven2/org/apache/maven/shared/maven-invoker/2.0.11/maven-invoker-2.0.11.pom (5 KB at 291.5 KB/sec)
[INFO] Downloading: https://repo.maven.apache.org/maven2/org/apache/maven/shared/maven-shared-components/12/maven-shared-components-12.pom
[INFO] Downloaded: https://repo.maven.apache.org/maven2/org/apache/maven/shared/maven-shared-components/12/maven-shared-components-12.pom (10 KB at 506.6 KB/sec)
[INFO] Downloading: https://repo.maven.apache.org/maven2/org/apache/maven/maven-parent/13/maven-parent-13.pom
[INFO] Downloaded: https://repo.maven.apache.org/maven2/org/apache/maven/maven-parent/13/maven-parent-13.pom (23 KB at 818.6 KB/sec)
[INFO] Downloading: https://repo.maven.apache.org/maven2/org/apache/apache/6/apache-6.pom
[INFO] Downloaded: https://repo.maven.apache.org/maven2/org/apache/apache/6/apache-6.pom (13 KB at 543.3 KB/sec)
[INFO] Downloading: https://repo.maven.apache.org/maven2/commons-lang/commons-lang/2.6/commons-lang-2.6.pom
[INFO] Downloaded: https://repo.maven.apache.org/maven2/commons-lang/commons-lang/2.6/commons-lang-2.6.pom (18 KB at 742.8 KB/sec)
[INFO] Downloading: https://repo.maven.apache.org/maven2/org/apache/commons/commons-parent/17/commons-parent-17.pom
[INFO] Downloaded: https://repo.maven.apache.org/maven2/org/apache/commons/commons-parent/17/commons-parent-17.pom (31 KB at 1087.6 KB/sec)
[INFO] Downloading: https://repo.maven.apache.org/maven2/commons-collections/commons-collections/3.2.1/commons-collections-3.2.1.pom
[INFO] Downloaded: https://repo.maven.apache.org/maven2/commons-collections/commons-collections/3.2.1/commons-collections-3.2.1.pom (13 KB at 555.1 KB/sec)
[INFO] Downloading: https://repo.maven.apache.org/maven2/org/apache/commons/commons-parent/9/commons-parent-9.pom
[INFO] Downloaded: https://repo.maven.apache.org/maven2/org/apache/commons/commons-parent/9/commons-parent-9.pom (22 KB at 856.6 KB/sec)
[INFO] Downloading: https://repo.maven.apache.org/maven2/org/apache/maven/reporting/maven-reporting-impl/2.0.5/maven-reporting-impl-2.0.5.jar
[INFO] Downloading: https://repo.maven.apache.org/maven2/org/apache/maven/doxia/doxia-core/1.0/doxia-core-1.0.jar
[INFO] Downloading: https://repo.maven.apache.org/maven2/org/apache/maven/shared/maven-doxia-tools/1.0.2/maven-doxia-tools-1.0.2.jar
[INFO] Downloading: https://repo.maven.apache.org/maven2/commons-io/commons-io/1.4/commons-io-1.4.jar
[INFO] Downloading: https://repo.maven.apache.org/maven2/commons-validator/commons-validator/1.2.0/commons-validator-1.2.0.jar
[INFO] Downloaded: https://repo.maven.apache.org/maven2/org/apache/maven/shared/maven-doxia-tools/1.0.2/maven-doxia-tools-1.0.2.jar (41 KB at 1146.3 KB/sec)
[INFO] Downloading: https://repo.maven.apache.org/maven2/commons-beanutils/commons-beanutils/1.7.0/commons-beanutils-1.7.0.jar
[INFO] Downloaded: https://repo.maven.apache.org/maven2/org/apache/maven/reporting/maven-reporting-impl/2.0.5/maven-reporting-impl-2.0.5.jar (21 KB at 559.2 KB/sec)
[INFO] Downloading: https://repo.maven.apache.org/maven2/commons-digester/commons-digester/1.6/commons-digester-1.6.jar
[INFO] Downloaded: https://repo.maven.apache.org/maven2/org/apache/maven/doxia/doxia-core/1.0/doxia-core-1.0.jar (54 KB at 1192.5 KB/sec)
[INFO] Downloading: https://repo.maven.apache.org/maven2/commons-logging/commons-logging/1.0.4/commons-logging-1.0.4.jar
[INFO] Downloaded: https://repo.maven.apache.org/maven2/commons-validator/commons-validator/1.2.0/commons-validator-1.2.0.jar (89 KB at 1588.9 KB/sec)
[INFO] Downloading: https://repo.maven.apache.org/maven2/oro/oro/2.0.8/oro-2.0.8.jar
[INFO] Downloaded: https://repo.maven.apache.org/maven2/commons-io/commons-io/1.4/commons-io-1.4.jar (107 KB at 1804.9 KB/sec)
[INFO] Downloading: https://repo.maven.apache.org/maven2/xml-apis/xml-apis/1.0.b2/xml-apis-1.0.b2.jar
[INFO] Downloaded: https://repo.maven.apache.org/maven2/commons-logging/commons-logging/1.0.4/commons-logging-1.0.4.jar (38 KB at 469.9 KB/sec)
[INFO] Downloading: https://repo.maven.apache.org/maven2/org/apache/maven/doxia/doxia-sink-api/1.0/doxia-sink-api-1.0.jar
[INFO] Downloaded: https://repo.maven.apache.org/maven2/oro/oro/2.0.8/oro-2.0.8.jar (64 KB at 663.9 KB/sec)
[INFO] Downloading: https://repo.maven.apache.org/maven2/org/apache/maven/doxia/doxia-site-renderer/1.0/doxia-site-renderer-1.0.jar
[INFO] Downloaded: https://repo.maven.apache.org/maven2/org/apache/maven/doxia/doxia-sink-api/1.0/doxia-sink-api-1.0.jar (10 KB at 101.4 KB/sec)
[INFO] Downloading: https://repo.maven.apache.org/maven2/org/codehaus/plexus/plexus-i18n/1.0-beta-7/plexus-i18n-1.0-beta-7.jar
[INFO] Downloaded: https://repo.maven.apache.org/maven2/xml-apis/xml-apis/1.0.b2/xml-apis-1.0.b2.jar (107 KB at 936.5 KB/sec)
[INFO] Downloading: https://repo.maven.apache.org/maven2/org/codehaus/plexus/plexus-velocity/1.1.7/plexus-velocity-1.1.7.jar
[INFO] Downloaded: https://repo.maven.apache.org/maven2/commons-digester/commons-digester/1.6/commons-digester-1.6.jar (165 KB at 1443.0 KB/sec)
[INFO] Downloaded: https://repo.maven.apache.org/maven2/org/codehaus/plexus/plexus-i18n/1.0-beta-7/plexus-i18n-1.0-beta-7.jar (11 KB at 89.2 KB/sec)
[INFO] Downloading: https://repo.maven.apache.org/maven2/org/apache/velocity/velocity/1.5/velocity-1.5.jar
[INFO] Downloading: https://repo.maven.apache.org/maven2/org/apache/maven/doxia/doxia-decoration-model/1.0/doxia-decoration-model-1.0.jar
[INFO] Downloaded: https://repo.maven.apache.org/maven2/commons-beanutils/commons-beanutils/1.7.0/commons-beanutils-1.7.0.jar (185 KB at 1510.2 KB/sec)
[INFO] Downloading: https://repo.maven.apache.org/maven2/org/apache/maven/doxia/doxia-module-apt/1.0/doxia-module-apt-1.0.jar
[INFO] Downloaded: https://repo.maven.apache.org/maven2/org/apache/maven/doxia/doxia-site-renderer/1.0/doxia-site-renderer-1.0.jar (46 KB at 349.4 KB/sec)
[INFO] Downloading: https://repo.maven.apache.org/maven2/org/apache/maven/doxia/doxia-module-fml/1.0/doxia-module-fml-1.0.jar
[INFO] Downloaded: https://repo.maven.apache.org/maven2/org/codehaus/plexus/plexus-velocity/1.1.7/plexus-velocity-1.1.7.jar (8 KB at 57.2 KB/sec)
[INFO] Downloading: https://repo.maven.apache.org/maven2/org/apache/maven/doxia/doxia-module-xdoc/1.0/doxia-module-xdoc-1.0.jar
[INFO] Downloaded: https://repo.maven.apache.org/maven2/org/apache/maven/doxia/doxia-module-fml/1.0/doxia-module-fml-1.0.jar (19 KB at 117.6 KB/sec)
[INFO] Downloading: https://repo.maven.apache.org/maven2/org/apache/maven/doxia/doxia-module-xhtml/1.0/doxia-module-xhtml-1.0.jar
[INFO] Downloaded: https://repo.maven.apache.org/maven2/org/apache/maven/doxia/doxia-module-xdoc/1.0/doxia-module-xdoc-1.0.jar (28 KB at 174.0 KB/sec)
[INFO] Downloading: https://repo.maven.apache.org/maven2/org/codehaus/plexus/plexus-archiver/2.3/plexus-archiver-2.3.jar
[INFO] Downloaded: https://repo.maven.apache.org/maven2/org/apache/maven/doxia/doxia-module-apt/1.0/doxia-module-apt-1.0.jar (46 KB at 291.0 KB/sec)
[INFO] Downloading: https://repo.maven.apache.org/maven2/org/codehaus/plexus/plexus-utils/3.0.9/plexus-utils-3.0.9.jar
[INFO] Downloaded: https://repo.maven.apache.org/maven2/org/apache/maven/doxia/doxia-decoration-model/1.0/doxia-decoration-model-1.0.jar (48 KB at 300.9 KB/sec)
[INFO] Downloading: https://repo.maven.apache.org/maven2/org/apache/maven/shared/file-management/1.2.1/file-management-1.2.1.jar
[INFO] Downloaded: https://repo.maven.apache.org/maven2/org/apache/maven/doxia/doxia-module-xhtml/1.0/doxia-module-xhtml-1.0.jar (22 KB at 118.3 KB/sec)
[INFO] Downloading: https://repo.maven.apache.org/maven2/org/apache/maven/shared/maven-shared-io/1.1/maven-shared-io-1.1.jar
[INFO] Downloaded: https://repo.maven.apache.org/maven2/org/apache/maven/shared/file-management/1.2.1/file-management-1.2.1.jar (37 KB at 193.1 KB/sec)
[INFO] Downloading: https://repo.maven.apache.org/maven2/org/codehaus/plexus/plexus-io/2.0.6/plexus-io-2.0.6.jar
[INFO] Downloaded: https://repo.maven.apache.org/maven2/org/apache/maven/shared/maven-shared-io/1.1/maven-shared-io-1.1.jar (39 KB at 182.7 KB/sec)
[INFO] Downloading: https://repo.maven.apache.org/maven2/org/apache/maven/shared/maven-dependency-analyzer/1.4/maven-dependency-analyzer-1.4.jar
[INFO] Downloaded: https://repo.maven.apache.org/maven2/org/codehaus/plexus/plexus-io/2.0.6/plexus-io-2.0.6.jar (57 KB at 248.1 KB/sec)
[INFO] Downloading: https://repo.maven.apache.org/maven2/asm/asm/3.3.1/asm-3.3.1.jar
[INFO] Downloaded: https://repo.maven.apache.org/maven2/org/codehaus/plexus/plexus-archiver/2.3/plexus-archiver-2.3.jar (183 KB at 771.6 KB/sec)
[INFO] Downloading: https://repo.maven.apache.org/maven2/org/codehaus/plexus/plexus-component-annotations/1.5.5/plexus-component-annotations-1.5.5.jar
[INFO] Downloaded: https://repo.maven.apache.org/maven2/org/apache/maven/shared/maven-dependency-analyzer/1.4/maven-dependency-analyzer-1.4.jar (27 KB at 109.8 KB/sec)
[INFO] Downloading: https://repo.maven.apache.org/maven2/org/apache/maven/shared/maven-dependency-tree/2.1/maven-dependency-tree-2.1.jar
[INFO] Downloaded: https://repo.maven.apache.org/maven2/org/codehaus/plexus/plexus-component-annotations/1.5.5/plexus-component-annotations-1.5.5.jar (5 KB at 16.6 KB/sec)
[INFO] Downloading: https://repo.maven.apache.org/maven2/org/eclipse/aether/aether-util/0.9.0.M2/aether-util-0.9.0.M2.jar
[INFO] Downloaded: https://repo.maven.apache.org/maven2/org/codehaus/plexus/plexus-utils/3.0.9/plexus-utils-3.0.9.jar (227 KB at 867.8 KB/sec)
[INFO] Downloading: https://repo.maven.apache.org/maven2/org/apache/maven/shared/maven-common-artifact-filters/1.4/maven-common-artifact-filters-1.4.jar
[INFO] Downloaded: https://repo.maven.apache.org/maven2/asm/asm/3.3.1/asm-3.3.1.jar (43 KB at 162.4 KB/sec)
[INFO] Downloading: https://repo.maven.apache.org/maven2/org/apache/maven/shared/maven-invoker/2.0.11/maven-invoker-2.0.11.jar
[INFO] Downloaded: https://repo.maven.apache.org/maven2/org/apache/velocity/velocity/1.5/velocity-1.5.jar (383 KB at 1392.5 KB/sec)
[INFO] Downloading: https://repo.maven.apache.org/maven2/commons-lang/commons-lang/2.6/commons-lang-2.6.jar
[INFO] Downloaded: https://repo.maven.apache.org/maven2/org/apache/maven/shared/maven-dependency-tree/2.1/maven-dependency-tree-2.1.jar (59 KB at 206.9 KB/sec)
[INFO] Downloading: https://repo.maven.apache.org/maven2/commons-collections/commons-collections/3.2.1/commons-collections-3.2.1.jar
[INFO] Downloaded: https://repo.maven.apache.org/maven2/org/apache/maven/shared/maven-invoker/2.0.11/maven-invoker-2.0.11.jar (29 KB at 98.0 KB/sec)
[INFO] Downloaded: https://repo.maven.apache.org/maven2/org/apache/maven/shared/maven-common-artifact-filters/1.4/maven-common-artifact-filters-1.4.jar (31 KB at 106.4 KB/sec)
[INFO] Downloaded: https://repo.maven.apache.org/maven2/org/eclipse/aether/aether-util/0.9.0.M2/aether-util-0.9.0.M2.jar (131 KB at 423.6 KB/sec)
[INFO] Downloaded: https://repo.maven.apache.org/maven2/commons-lang/commons-lang/2.6/commons-lang-2.6.jar (278 KB at 699.1 KB/sec)
[INFO] Downloaded: https://repo.maven.apache.org/maven2/commons-collections/commons-collections/3.2.1/commons-collections-3.2.1.jar (562 KB at 1112.7 KB/sec)
[INFO] Copying netty-all-4.0.13.Final.jar to /home/travis/build/failed/yamcs/yamcs/yamcs-core/lib/netty-all-4.0.13.Final.jar
[INFO] Copying jackson-core-2.4.4.jar to /home/travis/build/failed/yamcs/yamcs/yamcs-core/lib/jackson-core-2.4.4.jar
[INFO] Copying yamcs-api-0.29.3.jar to /home/travis/build/failed/yamcs/yamcs/yamcs-core/lib/yamcs-api-0.29.3.jar
[INFO] Copying snakeyaml-1.9.jar to /home/travis/build/failed/yamcs/yamcs/yamcs-core/lib/snakeyaml-1.9.jar
[INFO] Copying rocksdbjni-4.1.0.jar to /home/travis/build/failed/yamcs/yamcs/yamcs-core/lib/rocksdbjni-4.1.0.jar
[INFO] Copying protobuf-java-2.5.0.jar to /home/travis/build/failed/yamcs/yamcs/yamcs-core/lib/protobuf-java-2.5.0.jar
[INFO] Copying log4j-1.2.14.jar to /home/travis/build/failed/yamcs/yamcs/yamcs-core/lib/log4j-1.2.14.jar
[INFO] Copying jgroups-3.3.4.Final.jar to /home/travis/build/failed/yamcs/yamcs/yamcs-core/lib/jgroups-3.3.4.Final.jar
[INFO] Copying hornetq-server-2.4.6.Final.jar to /home/travis/build/failed/yamcs/yamcs/yamcs-core/lib/hornetq-server-2.4.6.Final.jar
[INFO] Copying protostuff-api-1.3.3.jar to /home/travis/build/failed/yamcs/yamcs/yamcs-core/lib/protostuff-api-1.3.3.jar
[INFO] Copying slf4j-jdk14-1.7.1.jar to /home/travis/build/failed/yamcs/yamcs/yamcs-core/lib/slf4j-jdk14-1.7.1.jar
[INFO] Copying jxl-2.6.10.jar to /home/travis/build/failed/yamcs/yamcs/yamcs-core/lib/jxl-2.6.10.jar
[INFO] Copying hornetq-native-2.4.6.Final.jar to /home/travis/build/failed/yamcs/yamcs/yamcs-core/lib/hornetq-native-2.4.6.Final.jar
[INFO] Copying hornetq-core-client-2.4.6.Final.jar to /home/travis/build/failed/yamcs/yamcs/yamcs-core/lib/hornetq-core-client-2.4.6.Final.jar
[INFO] Copying guava-18.0.jar to /home/travis/build/failed/yamcs/yamcs/yamcs-core/lib/guava-18.0.jar
[INFO] Copying jdatepicker-1.3.2.jar to /home/travis/build/failed/yamcs/yamcs/yamcs-core/lib/jdatepicker-1.3.2.jar
[INFO] Copying janino-2.5.15.jar to /home/travis/build/failed/yamcs/yamcs/yamcs-core/lib/janino-2.5.15.jar
[INFO] Copying javacsv-2.0.jar to /home/travis/build/failed/yamcs/yamcs/yamcs-core/lib/javacsv-2.0.jar
[INFO] Copying jboss-logging-3.1.0.GA.jar to /home/travis/build/failed/yamcs/yamcs/yamcs-core/lib/jboss-logging-3.1.0.GA.jar
[INFO] Copying hornetq-commons-2.4.6.Final.jar to /home/travis/build/failed/yamcs/yamcs/yamcs-core/lib/hornetq-commons-2.4.6.Final.jar
[INFO] Copying hornetq-journal-2.4.6.Final.jar to /home/travis/build/failed/yamcs/yamcs/yamcs-core/lib/hornetq-journal-2.4.6.Final.jar
[INFO] Copying yamcs-xtce-0.29.3.jar to /home/travis/build/failed/yamcs/yamcs/yamcs-core/lib/yamcs-xtce-0.29.3.jar
[INFO] Copying protostuff-json-1.3.3.jar to /home/travis/build/failed/yamcs/yamcs/yamcs-core/lib/protostuff-json-1.3.3.jar
[INFO] Copying slf4j-api-1.7.1.jar to /home/travis/build/failed/yamcs/yamcs/yamcs-core/lib/slf4j-api-1.7.1.jar
[INFO] 
[INFO] --- maven-install-plugin:2.4:install (default-install) @ yamcs-core ---
[INFO] Installing /home/travis/build/failed/yamcs/yamcs/yamcs-core/target/yamcs-core-0.29.3.jar to /home/travis/.m2/repository/org/yamcs/yamcs-core/0.29.3/yamcs-core-0.29.3.jar
[INFO] Installing /home/travis/build/failed/yamcs/yamcs/yamcs-core/pom.xml to /home/travis/.m2/repository/org/yamcs/yamcs-core/0.29.3/yamcs-core-0.29.3.pom
[INFO]                                                                         
[INFO] ------------------------------------------------------------------------
[INFO] Building Yamcs Simulation 0.29.3
[INFO] ------------------------------------------------------------------------
[INFO] 
[INFO] --- maven-resources-plugin:2.6:resources (default-resources) @ yamcs-simulation ---
[INFO] Using 'UTF-8' encoding to copy filtered resources.
[INFO] Copying 2 resources
[INFO] 
[INFO] --- maven-compiler-plugin:2.3.2:compile (default-compile) @ yamcs-simulation ---
[INFO] Compiling 34 source files to /home/travis/build/failed/yamcs/yamcs/yamcs-simulation/target/classes
[INFO] 
[INFO] --- maven-resources-plugin:2.6:testResources (default-testResources) @ yamcs-simulation ---
[INFO] Using 'UTF-8' encoding to copy filtered resources.
[INFO] Copying 5 resources
[INFO] 
[INFO] --- maven-compiler-plugin:2.3.2:testCompile (default-testCompile) @ yamcs-simulation ---
[INFO] Compiling 1 source file to /home/travis/build/failed/yamcs/yamcs/yamcs-simulation/target/test-classes
[INFO] 
[INFO] --- maven-surefire-plugin:2.19.1:test (default-test) @ yamcs-simulation ---
[INFO] Tests are skipped.
[INFO] 
[INFO] --- maven-jar-plugin:2.4:jar (default-jar) @ yamcs-simulation ---
[INFO] Building jar: /home/travis/build/failed/yamcs/yamcs/yamcs-simulation/target/yamcs-simulation-0.29.3.jar
[INFO] 
[INFO] --- maven-install-plugin:2.4:install (default-install) @ yamcs-simulation ---
[INFO] Installing /home/travis/build/failed/yamcs/yamcs/yamcs-simulation/target/yamcs-simulation-0.29.3.jar to /home/travis/.m2/repository/org/yamcs/yamcs-simulation/0.29.3/yamcs-simulation-0.29.3.jar
[INFO] Installing /home/travis/build/failed/yamcs/yamcs/yamcs-simulation/pom.xml to /home/travis/.m2/repository/org/yamcs/yamcs-simulation/0.29.3/yamcs-simulation-0.29.3.pom
[INFO] ------------------------------------------------------------------------
[INFO] Reactor Summary:
[INFO] 
[INFO] Yamcs .............................................. SUCCESS [  1.850 s]
[INFO] Yamcs API .......................................... SUCCESS [ 19.921 s]
[INFO] Yamcs XTCE ......................................... SUCCESS [  2.545 s]
[INFO] Yamcs Core ......................................... SUCCESS [ 31.705 s]
[INFO] Yamcs Simulation ................................... SUCCESS [  2.008 s]
[INFO] ------------------------------------------------------------------------
[INFO] BUILD SUCCESS
[INFO] ------------------------------------------------------------------------
[INFO] Total time: 58.307 s
[INFO] Finished at: 2020-11-06T01:34:20+00:00
[INFO] Final Memory: 76M/450M
[INFO] ------------------------------------------------------------------------

travis_time:end:01197ac4:start=1604626400599741921,finish=1604626462253449992,duration=61653708071[0Ktravis_fold:end:install[0Ktravis_time:start:1382c1de[0K$ mvn -Dhttps.protocols=TLSv1.2 -Dsurefire.useFile=false test && mvn -Dtest=PermissionsTest -pl yamcs-core test
Java HotSpot(TM) 64-Bit Server VM warning: ignoring option MaxPermSize=192m; support was removed in 8.0
[INFO] Scanning for projects...
[INFO] ------------------------------------------------------------------------
[INFO] Reactor Build Order:
[INFO] 
[INFO] Yamcs
[INFO] Yamcs API
[INFO] Yamcs XTCE
[INFO] Yamcs Core
[INFO] Yamcs Simulation
[INFO]                                                                         
[INFO] ------------------------------------------------------------------------
[INFO] Building Yamcs 0.29.3
[INFO] ------------------------------------------------------------------------
[INFO]                                                                         
[INFO] ------------------------------------------------------------------------
[INFO] Building Yamcs API 0.29.3
[INFO] ------------------------------------------------------------------------
[INFO] 
[INFO] --- maven-resources-plugin:2.6:resources (default-resources) @ yamcs-api ---
[INFO] Using 'UTF-8' encoding to copy filtered resources.
[INFO] Copying 1 resource
[INFO] 
[INFO] --- maven-compiler-plugin:2.3.2:compile (default-compile) @ yamcs-api ---
[INFO] Nothing to compile - all classes are up to date
[INFO] 
[INFO] --- maven-resources-plugin:2.6:testResources (default-testResources) @ yamcs-api ---
[INFO] Using 'UTF-8' encoding to copy filtered resources.
[INFO] skip non existing resourceDirectory /home/travis/build/failed/yamcs/yamcs/yamcs-api/src/test/resources
[INFO] 
[INFO] --- maven-compiler-plugin:2.3.2:testCompile (default-testCompile) @ yamcs-api ---
[INFO] Nothing to compile - all classes are up to date
[INFO] 
[INFO] --- maven-surefire-plugin:2.19.1:test (default-test) @ yamcs-api ---
Downloading: https://repo.maven.apache.org/maven2/org/apache/maven/surefire/surefire-junit4/2.19.1/surefire-junit4-2.19.1.pom
2/4 KB   3/4 KB   4/4 KB            Downloaded: https://repo.maven.apache.org/maven2/org/apache/maven/surefire/surefire-junit4/2.19.1/surefire-junit4-2.19.1.pom (4 KB at 6.8 KB/sec)
Downloading: https://repo.maven.apache.org/maven2/org/apache/maven/surefire/surefire-providers/2.19.1/surefire-providers-2.19.1.pom
2/3 KB   3/3 KB            Downloaded: https://repo.maven.apache.org/maven2/org/apache/maven/surefire/surefire-providers/2.19.1/surefire-providers-2.19.1.pom (3 KB at 108.8 KB/sec)
Downloading: https://repo.maven.apache.org/maven2/org/apache/maven/surefire/surefire-junit4/2.19.1/surefire-junit4-2.19.1.jar
2/74 KB   3/74 KB   5/74 KB   6/74 KB   7/74 KB   9/74 KB   10/74 KB   11/74 KB   13/74 KB   14/74 KB   15/74 KB   17/74 KB   18/74 KB   19/74 KB   21/74 KB   22/74 KB   23/74 KB   25/74 KB   26/74 KB   27/74 KB   29/74 KB   30/74 KB   31/74 KB   33/74 KB   34/74 KB   35/74 KB   37/74 KB   38/74 KB   39/74 KB   41/74 KB   42/74 KB   43/74 KB   45/74 KB   46/74 KB   47/74 KB   49/74 KB   50/74 KB   51/74 KB   53/74 KB   54/74 KB   55/74 KB   57/74 KB   58/74 KB   59/74 KB   61/74 KB   62/74 KB   63/74 KB   65/74 KB   66/74 KB   67/74 KB   69/74 KB   70/74 KB   71/74 KB   73/74 KB   74/74 KB   74/74 KB              Downloaded: https://repo.maven.apache.org/maven2/org/apache/maven/surefire/surefire-junit4/2.19.1/surefire-junit4-2.19.1.jar (74 KB at 1052.2 KB/sec)

-------------------------------------------------------
 T E S T S
-------------------------------------------------------
Running org.yamcs.utils.TaiUtcConverterTest
Tests run: 2, Failures: 0, Errors: 0, Skipped: 0, Time elapsed: 0.061 sec - in org.yamcs.utils.TaiUtcConverterTest
Running org.yamcs.utils.TimeEncodingTest
sdf,format:2010-12-31T23:59:59.000
d=Fri Dec 31 23:59:59 UTC 2010
cal=Fri Dec 31 23:59:59 UTC 2010
hod=23
s=2010-12-31T23:59:59.000
Tests run: 15, Failures: 0, Errors: 0, Skipped: 0, Time elapsed: 0.019 sec - in org.yamcs.utils.TimeEncodingTest
Running org.yamcs.api.AbstractEventProducerTest
Tests run: 5, Failures: 0, Errors: 0, Skipped: 0, Time elapsed: 0.054 sec - in org.yamcs.api.AbstractEventProducerTest

Results :

Tests run: 22, Failures: 0, Errors: 0, Skipped: 0

[INFO]                                                                         
[INFO] ------------------------------------------------------------------------
[INFO] Building Yamcs XTCE 0.29.3
[INFO] ------------------------------------------------------------------------
[INFO] 
[INFO] --- maven-resources-plugin:2.6:resources (default-resources) @ yamcs-xtce ---
[INFO] Using 'UTF-8' encoding to copy filtered resources.
[INFO] Copying 1 resource
[INFO] 
[INFO] --- maven-compiler-plugin:2.3.2:compile (default-compile) @ yamcs-xtce ---
[INFO] Nothing to compile - all classes are up to date
[INFO] 
[INFO] --- maven-resources-plugin:2.6:testResources (default-testResources) @ yamcs-xtce ---
[INFO] Using 'UTF-8' encoding to copy filtered resources.
[INFO] skip non existing resourceDirectory /home/travis/build/failed/yamcs/yamcs/yamcs-xtce/src/test/resources
[INFO] 
[INFO] --- maven-compiler-plugin:2.3.2:testCompile (default-testCompile) @ yamcs-xtce ---
[INFO] Nothing to compile - all classes are up to date
[INFO] 
[INFO] --- maven-surefire-plugin:2.19.1:test (default-test) @ yamcs-xtce ---

-------------------------------------------------------
 T E S T S
-------------------------------------------------------
Running org.yamcs.xtce.HistoryTest
Tests run: 2, Failures: 0, Errors: 0, Skipped: 0, Time elapsed: 0.049 sec - in org.yamcs.xtce.HistoryTest

Results :

Tests run: 2, Failures: 0, Errors: 0, Skipped: 0

[INFO]                                                                         
[INFO] ------------------------------------------------------------------------
[INFO] Building Yamcs Core 0.29.3
[INFO] ------------------------------------------------------------------------
[INFO] 
[INFO] --- build-helper-maven-plugin:1.9.1:add-source (add-source) @ yamcs-core ---
[INFO] Source directory: /home/travis/build/failed/yamcs/yamcs/yamcs-core/target/generated-sources/version added.
[INFO] 
[INFO] --- maven-antrun-plugin:1.3:run (generate-version) @ yamcs-core ---
[INFO] Executing tasks
[INFO] Executed tasks
[INFO] 
[INFO] --- maven-resources-plugin:2.6:resources (default-resources) @ yamcs-core ---
[INFO] Using 'UTF-8' encoding to copy filtered resources.
[INFO] Copying 31 resources
[INFO] 
[INFO] --- maven-compiler-plugin:2.3.2:compile (default-compile) @ yamcs-core ---
[INFO] Nothing to compile - all classes are up to date
[INFO] 
[INFO] --- maven-resources-plugin:2.6:testResources (default-testResources) @ yamcs-core ---
[INFO] Using 'UTF-8' encoding to copy filtered resources.
[INFO] Copying 39 resources
[INFO] Copying 21 resources
[INFO] 
[INFO] --- maven-compiler-plugin:2.3.2:testCompile (default-testCompile) @ yamcs-core ---
[INFO] Nothing to compile - all classes are up to date
[INFO] 
[INFO] --- maven-surefire-plugin:2.19.1:test (default-test) @ yamcs-core ---

-------------------------------------------------------
 T E S T S
-------------------------------------------------------
Running org.yamcs.parameterarchive.BooleanValueSegmentTest
Tests run: 1, Failures: 0, Errors: 0, Skipped: 0, Time elapsed: 0.14 sec - in org.yamcs.parameterarchive.BooleanValueSegmentTest
Running org.yamcs.parameterarchive.GenericValueSegmentTest
Tests run: 1, Failures: 0, Errors: 0, Skipped: 0, Time elapsed: 0.149 sec - in org.yamcs.parameterarchive.GenericValueSegmentTest
Running org.yamcs.parameterarchive.IntValueSegmentTest
Tests run: 3, Failures: 0, Errors: 0, Skipped: 0, Time elapsed: 0.195 sec - in org.yamcs.parameterarchive.IntValueSegmentTest
Running org.yamcs.parameterarchive.TestParameterGroupIdMap
Tests run: 1, Failures: 0, Errors: 0, Skipped: 0, Time elapsed: 0.181 sec - in org.yamcs.parameterarchive.TestParameterGroupIdMap
Running org.yamcs.parameterarchive.Uint64ValueSegmentTest
Tests run: 1, Failures: 0, Errors: 0, Skipped: 0, Time elapsed: 0.15 sec - in org.yamcs.parameterarchive.Uint64ValueSegmentTest
Running org.yamcs.parameterarchive.ParameterArchiveTest
pidvl: [name: p1 rawValue: {type: STRING
stringValue: "blala100"
} engValue: {type: STRING
stringValue: "blala100"
}]
Tests run: 6, Failures: 0, Errors: 0, Skipped: 0, Time elapsed: 0.553 sec - in org.yamcs.parameterarchive.ParameterArchiveTest
Running org.yamcs.parameterarchive.TestCompression
Tests run: 1, Failures: 0, Errors: 0, Skipped: 1, Time elapsed: 0.054 sec - in org.yamcs.parameterarchive.TestCompression
Running org.yamcs.parameterarchive.TestParameterIdMap
Tests run: 1, Failures: 0, Errors: 0, Skipped: 0, Time elapsed: 0.161 sec - in org.yamcs.parameterarchive.TestParameterIdMap
Running org.yamcs.parameterarchive.DoubleValueSegmentTest
Tests run: 1, Failures: 0, Errors: 0, Skipped: 0, Time elapsed: 0.143 sec - in org.yamcs.parameterarchive.DoubleValueSegmentTest
Running org.yamcs.parameterarchive.TimeSegmentTest
Tests run: 1, Failures: 0, Errors: 0, Skipped: 0, Time elapsed: 0.054 sec - in org.yamcs.parameterarchive.TimeSegmentTest
Running org.yamcs.parameterarchive.StringValueSegmentTest
Tests run: 1, Failures: 0, Errors: 0, Skipped: 0, Time elapsed: 0.097 sec - in org.yamcs.parameterarchive.StringValueSegmentTest
Running org.yamcs.parameterarchive.FloatValueSegmentTest
Tests run: 2, Failures: 0, Errors: 0, Skipped: 0, Time elapsed: 0.147 sec - in org.yamcs.parameterarchive.FloatValueSegmentTest
Running org.yamcs.parameterarchive.ObjectSegmentTest
Tests run: 4, Failures: 0, Errors: 0, Skipped: 0, Time elapsed: 0.227 sec - in org.yamcs.parameterarchive.ObjectSegmentTest
Running org.yamcs.parameterarchive.TestStructure
Tests run: 2, Failures: 0, Errors: 0, Skipped: 2, Time elapsed: 0.054 sec - in org.yamcs.parameterarchive.TestStructure
Running org.yamcs.tctm.TcpTcUplinkerTest
Tests run: 1, Failures: 1, Errors: 0, Skipped: 0, Time elapsed: 0.169 sec <<< FAILURE! - in org.yamcs.tctm.TcpTcUplinkerTest
testConfig(org.yamcs.tctm.TcpTcUplinkerTest)  Time elapsed: 0.115 sec  <<< FAILURE!
java.lang.AssertionError: expected:<48> but was:<-1>
	at org.yamcs.tctm.TcpTcUplinkerTest.testConfig(TcpTcUplinkerTest.java:11)

Running org.yamcs.tctm.TmFileReaderTest
Tests run: 2, Failures: 0, Errors: 0, Skipped: 0, Time elapsed: 0.079 sec - in org.yamcs.tctm.TmFileReaderTest
Running org.yamcs.yarch.StreamSqlParserTest
Created directory: /home/travis/.yamcs/log
Tests run: 3, Failures: 0, Errors: 0, Skipped: 0, Time elapsed: 0.344 sec - in org.yamcs.yarch.StreamSqlParserTest
Running org.yamcs.yarch.rocksdb.RDBFactoryTest
Tests run: 1, Failures: 0, Errors: 0, Skipped: 0, Time elapsed: 2.137 sec - in org.yamcs.yarch.rocksdb.RDBFactoryTest
Running org.yamcs.yarch.rocksdb.TagsTest
Tests run: 1, Failures: 0, Errors: 0, Skipped: 0, Time elapsed: 0.368 sec - in org.yamcs.yarch.rocksdb.TagsTest
Running org.yamcs.yarch.rocksdb.PartitioningTest
Tests run: 3, Failures: 0, Errors: 0, Skipped: 0, Time elapsed: 0.658 sec - in org.yamcs.yarch.rocksdb.PartitioningTest
Running org.yamcs.yarch.rocksdb.RdbSelectTest
Tests run: 7, Failures: 0, Errors: 0, Skipped: 0, Time elapsed: 0.588 sec - in org.yamcs.yarch.rocksdb.RdbSelectTest
Running org.yamcs.yarch.rocksdb.RdbEngineTest
Tests run: 1, Failures: 0, Errors: 0, Skipped: 0, Time elapsed: 0.316 sec - in org.yamcs.yarch.rocksdb.RdbEngineTest
Running org.yamcs.yarch.rocksdb.HistogramDbTest
Tests run: 1, Failures: 0, Errors: 0, Skipped: 0, Time elapsed: 0.278 sec - in org.yamcs.yarch.rocksdb.HistogramDbTest
Running org.yamcs.yarch.rocksdb.PartitionManagerTest
Tests run: 3, Failures: 0, Errors: 0, Skipped: 0, Time elapsed: 0.408 sec - in org.yamcs.yarch.rocksdb.PartitionManagerTest
Running org.yamcs.yarch.hornet.StreamAdapterTest
Nov 06 01:34:48.399 [1] org.yamcs.security.Privilege <clinit> WARNING:Privileges disabled, all connections are allowed and have full permissions
Nov 06 01:34:48.405 [1] org.yamcs.security.HornetQAuthManager start WARNING:Privileges disabled, all connections are allowed and have full permissions
Nov 06 01:34:48.888 [1] org.hornetq.core.server stop WARNING:HQ222113: On ManagementService stop, there are 1 unexpected registered MBeans: [core.acceptor.in-vm]
Tests run: 2, Failures: 0, Errors: 0, Skipped: 0, Time elapsed: 1.121 sec - in org.yamcs.yarch.hornet.StreamAdapterTest
Running org.yamcs.yarch.hornet.ProducerKillerTest
log4j:WARN No appenders could be found for logger (org.jboss.logging).
log4j:WARN Please initialize the log4j system properly.
Nov 06 01:34:50.006 [1] org.yamcs.security.Privilege <clinit> WARNING:Privileges disabled, all connections are allowed and have full permissions
Nov 06 01:34:50.022 [1] org.yamcs.security.HornetQAuthManager start WARNING:Privileges disabled, all connections are allowed and have full permissions
Nov 06 01:35:52.343 [312] org.yamcs.api.Protocol onMessage WARNING:closing producer org.hornetq.core.client.impl.ClientProducerImpl@67a20f67 because the consumer to the address tempDataAddress.42a9d7b3-6014-4a46-9f0f-cedf615a39c2 has closed
HornetQObjectClosedException[errorType=OBJECT_CLOSED message=HQ119018: Producer is closed]
	at org.hornetq.core.client.impl.ClientProducerImpl.checkClosed(ClientProducerImpl.java:346)
	at org.hornetq.core.client.impl.ClientProducerImpl.send(ClientProducerImpl.java:133)
	at org.yamcs.yarch.hornet.ProducerKillerTest$2.run(ProducerKillerTest.java:63)
	at java.lang.Thread.run(Thread.java:745)
Tests run: 1, Failures: 0, Errors: 0, Skipped: 0, Time elapsed: 62.907 sec - in org.yamcs.yarch.hornet.ProducerKillerTest
Running org.yamcs.yarch.DynamicSchemaTableTest
Tests run: 4, Failures: 0, Errors: 0, Skipped: 0, Time elapsed: 0.711 sec - in org.yamcs.yarch.DynamicSchemaTableTest
Running org.yamcs.yarch.StreamSelect2Test
Tests run: 8, Failures: 0, Errors: 0, Skipped: 0, Time elapsed: 4.307 sec - in org.yamcs.yarch.StreamSelect2Test
Running org.yamcs.yarch.StandaloneStreamTest
Tests run: 1, Failures: 0, Errors: 0, Skipped: 0, Time elapsed: 0.28 sec - in org.yamcs.yarch.StandaloneStreamTest
Running org.yamcs.yarch.HistogramStreamTest
Tests run: 4, Failures: 0, Errors: 0, Skipped: 0, Time elapsed: 1.052 sec - in org.yamcs.yarch.HistogramStreamTest
Running org.yamcs.yarch.StreamSelectTest
Tests run: 3, Failures: 0, Errors: 0, Skipped: 0, Time elapsed: 0.475 sec - in org.yamcs.yarch.StreamSelectTest
Running org.yamcs.yarch.StreamSelect1Test
Tests run: 2, Failures: 0, Errors: 0, Skipped: 0, Time elapsed: 0.474 sec - in org.yamcs.yarch.StreamSelect1Test
Running org.yamcs.yarch.StarSelectTest
Tests run: 1, Failures: 0, Errors: 0, Skipped: 0, Time elapsed: 0.275 sec - in org.yamcs.yarch.StarSelectTest
Running org.yamcs.yarch.StreamMergeTest
Tests run: 4, Failures: 0, Errors: 0, Skipped: 0, Time elapsed: 1.052 sec - in org.yamcs.yarch.StreamMergeTest
Running org.yamcs.yarch.EnumTest
Tests run: 3, Failures: 0, Errors: 0, Skipped: 0, Time elapsed: 0.665 sec - in org.yamcs.yarch.EnumTest
Running org.yamcs.yarch.TableDefinitionSerializationTest
Tests run: 4, Failures: 0, Errors: 0, Skipped: 0, Time elapsed: 0.498 sec - in org.yamcs.yarch.TableDefinitionSerializationTest
Running org.yamcs.yarch.HistogramDbTest
Tests run: 10, Failures: 0, Errors: 0, Skipped: 0, Time elapsed: 0.135 sec - in org.yamcs.yarch.HistogramDbTest
Running org.yamcs.yarch.EnumWithPartitionTest
Tests run: 4, Failures: 0, Errors: 0, Skipped: 0, Time elapsed: 0.602 sec - in org.yamcs.yarch.EnumWithPartitionTest
Running org.yamcs.yarch.StreamSelectPerfTest
Tests run: 1, Failures: 0, Errors: 0, Skipped: 0, Time elapsed: 1.898 sec - in org.yamcs.yarch.StreamSelectPerfTest
Running org.yamcs.yarch.ConcurrencyTest
Tests run: 1, Failures: 0, Errors: 0, Skipped: 0, Time elapsed: 16.862 sec - in org.yamcs.yarch.ConcurrencyTest
Running org.yamcs.algorithms.AlgorithmManagerTest
Warning:  Cell at E17 not present - adding a blank
Warning:  Some cells exceeded the specified bounds.  Resizing sheet dimensions from 4x42 to 5x42
Tests run: 14, Failures: 0, Errors: 0, Skipped: 1, Time elapsed: 14.569 sec - in org.yamcs.algorithms.AlgorithmManagerTest
Running org.yamcs.algorithms.AlgorithmWithContextTest
Tests run: 1, Failures: 0, Errors: 0, Skipped: 0, Time elapsed: 2.208 sec - in org.yamcs.algorithms.AlgorithmWithContextTest
Running org.yamcs.algorithms.AlgorithmManagerPyTest
Tests run: 3, Failures: 0, Errors: 0, Skipped: 0, Time elapsed: 2.539 sec - in org.yamcs.algorithms.AlgorithmManagerPyTest
Running org.yamcs.algorithms.WindowBufferTest
Tests run: 1, Failures: 0, Errors: 0, Skipped: 0, Time elapsed: 0.065 sec - in org.yamcs.algorithms.WindowBufferTest
Running org.yamcs.utils.StringConvertorsTest
Tests run: 1, Failures: 0, Errors: 0, Skipped: 0, Time elapsed: 0.096 sec - in org.yamcs.utils.StringConvertorsTest
Running org.yamcs.utils.TestBitBuffer
Tests run: 3, Failures: 0, Errors: 0, Skipped: 0, Time elapsed: 0.044 sec - in org.yamcs.utils.TestBitBuffer
Running org.yamcs.utils.TimeEncodingTest
max = 185539080470435999
5881469-05-27T23:59:59.999
Tests run: 2, Failures: 0, Errors: 0, Skipped: 0, Time elapsed: 0.084 sec - in org.yamcs.utils.TimeEncodingTest
Running org.yamcs.utils.VarIntUtilTest
Tests run: 3, Failures: 0, Errors: 0, Skipped: 0, Time elapsed: 0.057 sec - in org.yamcs.utils.VarIntUtilTest
Running org.yamcs.utils.SortedIntArrayTest
s2 encoded: [-1, 5, 20]
Tests run: 10, Failures: 0, Errors: 0, Skipped: 1, Time elapsed: 0.059 sec - in org.yamcs.utils.SortedIntArrayTest
Running org.yamcs.web.rest.RestRequestTest
Tests run: 5, Failures: 0, Errors: 0, Skipped: 0, Time elapsed: 0.149 sec - in org.yamcs.web.rest.RestRequestTest
Running org.yamcs.web.rest.archive.RestDownsamplerTest
Tests run: 1, Failures: 0, Errors: 0, Skipped: 0, Time elapsed: 0.119 sec - in org.yamcs.web.rest.archive.RestDownsamplerTest
Running org.yamcs.web.rest.RouterTest
Tests run: 10, Failures: 0, Errors: 0, Skipped: 0, Time elapsed: 0.316 sec - in org.yamcs.web.rest.RouterTest
Running org.yamcs.web.rest.mdb.NameDescriptionSearchMatcherTest
/REFMDB/ccsds-apid
/REFMDB/ccsds-apid
/REFMDB/ccsds-apid
Tests run: 1, Failures: 0, Errors: 0, Skipped: 0, Time elapsed: 0.406 sec - in org.yamcs.web.rest.mdb.NameDescriptionSearchMatcherTest
Running org.yamcs.client.YamcsConnectDataTest
Tests run: 4, Failures: 0, Errors: 0, Skipped: 0, Time elapsed: 0.044 sec - in org.yamcs.client.YamcsConnectDataTest
Running org.yamcs.commanding.CommandingManagerTest
Tests run: 9, Failures: 0, Errors: 0, Skipped: 0, Time elapsed: 0.373 sec - in org.yamcs.commanding.CommandingManagerTest
Running org.yamcs.AlarmTest
Tests run: 5, Failures: 0, Errors: 0, Skipped: 0, Time elapsed: 0.54 sec - in org.yamcs.AlarmTest
Running org.yamcs.derivedvalues.DerivedValuesTest
Tests run: 3, Failures: 0, Errors: 0, Skipped: 1, Time elapsed: 1.584 sec - in org.yamcs.derivedvalues.DerivedValuesTest
Running org.yamcs.ui.CcsdsCompletenessGuiTest
Tests run: 1, Failures: 0, Errors: 0, Skipped: 0, Time elapsed: 0.076 sec - in org.yamcs.ui.CcsdsCompletenessGuiTest
Running org.yamcs.ui.eventviewer.UtilsTest
Tests run: 3, Failures: 0, Errors: 0, Skipped: 0, Time elapsed: 0.053 sec - in org.yamcs.ui.eventviewer.UtilsTest
Running org.yamcs.xtceproc.XtceCommandEncodingTest
Warning:  Cell at E17 not present - adding a blank
Warning:  Some cells exceeded the specified bounds.  Resizing sheet dimensions from 4x42 to 5x42
command buffer: 0B0A1200
Tests run: 7, Failures: 0, Errors: 0, Skipped: 0, Time elapsed: 1.743 sec - in org.yamcs.xtceproc.XtceCommandEncodingTest
Running org.yamcs.xtceproc.XtceTmExtractorTest
Nov 06 01:37:06.235 [1] org.yamcs.xtceproc.ParameterTypeProcessor calibrateFloat WARNING:StringFloatTSCPara1_4_2: failed to parse string 'invalidfloat' to double
Nov 06 01:37:06.240 [1] org.yamcs.xtceproc.ParameterTypeProcessor calibrateInteger WARNING:StringIntTermPara1_5_2: failed to parse string 'invalidint' to long
Nov 06 01:37:06.244 [1] org.yamcs.xtceproc.ParameterTypeProcessor calibrateEnumerated WARNING:StringIntTermPara20_1: failed to parse string 'invalidlong' to long
Tests run: 21, Failures: 0, Errors: 0, Skipped: 0, Time elapsed: 0.513 sec - in org.yamcs.xtceproc.XtceTmExtractorTest
Running org.yamcs.xtceproc.XtceDbFactoryTest
Tests run: 3, Failures: 0, Errors: 0, Skipped: 0, Time elapsed: 0.416 sec - in org.yamcs.xtceproc.XtceDbFactoryTest
Running org.yamcs.archive.EventRecordingTest
Nov 06 01:37:08.296 [1] org.yamcs.security.Privilege <clinit> WARNING:Privileges disabled, all connections are allowed and have full permissions
Nov 06 01:37:08.302 [1] org.yamcs.security.HornetQAuthManager start WARNING:Privileges disabled, all connections are allowed and have full permissions
Nov 06 01:37:12.164 [52] org.yamcs.api.Protocol onMessage WARNING:closing producer org.hornetq.core.client.impl.ClientProducerImpl@280d9816 because the consumer to the address tempDataAddress.ae1d7051-2b27-4d85-b936-c3ea7f502e46 has closed
Nov 06 01:37:12.192 [51] org.hornetq.core.client fail WARNING:HQ212037: Connection failure has been detected: HQ119015: The connection was disconnected because of server shutdown [code=DISCONNECTED]
Nov 06 01:37:12.193 [1] org.hornetq.core.server stop WARNING:HQ222113: On ManagementService stop, there are 1 unexpected registered MBeans: [core.acceptor.in-vm]
Nov 06 01:37:12.194 [72] org.yamcs.hornetq.HornetQRetrievalServer run WARNING:null message received from the control queue
Nov 06 01:37:12.195 [72] org.yamcs.hornetq.HornetQRetrievalServer run WARNING:caught exception in packet reply: : HornetQObjectClosedException[errorType=OBJECT_CLOSED message=HQ119017: Consumer is closed]
	org.hornetq.core.client.impl.ClientConsumerImpl.checkClosed(ClientConsumerImpl.java:1044)
	org.hornetq.core.client.impl.ClientConsumerImpl.receive(ClientConsumerImpl.java:191)
	org.hornetq.core.client.impl.ClientConsumerImpl.receive(ClientConsumerImpl.java:408)
	org.yamcs.hornetq.HornetQRetrievalServer$HornetQReplayListener.run(HornetQRetrievalServer.java:198)
	java.lang.Thread.run(Thread.java:745)

HornetQObjectClosedException[errorType=OBJECT_CLOSED message=HQ119017: Consumer is closed]
	at org.hornetq.core.client.impl.ClientConsumerImpl.checkClosed(ClientConsumerImpl.java:1044)
	at org.hornetq.core.client.impl.ClientConsumerImpl.receive(ClientConsumerImpl.java:191)
	at org.hornetq.core.client.impl.ClientConsumerImpl.receive(ClientConsumerImpl.java:408)
	at org.yamcs.hornetq.HornetQRetrievalServer$HornetQReplayListener.run(HornetQRetrievalServer.java:198)
	at java.lang.Thread.run(Thread.java:745)
Tests run: 1, Failures: 0, Errors: 0, Skipped: 0, Time elapsed: 4.429 sec - in org.yamcs.archive.EventRecordingTest
Running org.yamcs.archive.PpTupleTranslatorTest
Nov 06 01:37:13.361 [1] org.yamcs.security.Privilege <clinit> WARNING:Privileges disabled, all connections are allowed and have full permissions
Nov 06 01:37:13.369 [1] org.yamcs.security.HornetQAuthManager start WARNING:Privileges disabled, all connections are allowed and have full permissions
Nov 06 01:37:16.939 [1] org.hornetq.core.server stop WARNING:HQ222113: On ManagementService stop, there are 1 unexpected registered MBeans: [core.acceptor.in-vm]
Tests run: 1, Failures: 0, Errors: 0, Skipped: 0, Time elapsed: 4.169 sec - in org.yamcs.archive.PpTupleTranslatorTest
Running org.yamcs.archive.CcsdsTmIndexTest
Tests run: 3, Failures: 0, Errors: 0, Skipped: 1, Time elapsed: 0.302 sec - in org.yamcs.archive.CcsdsTmIndexTest
Running org.yamcs.archive.CmdHistoryRecordingTest
Nov 06 01:37:18.970 [1] org.yamcs.security.Privilege <clinit> WARNING:Privileges disabled, all connections are allowed and have full permissions
Nov 06 01:37:18.976 [1] org.yamcs.security.HornetQAuthManager start WARNING:Privileges disabled, all connections are allowed and have full permissions
Nov 06 01:37:19.359 [1] org.yamcs.cmdhistory.CommandHistoryRecorder[yarchtest_CmdHistoryRecordingTest] doStart SEVERE:The stream cmdhist_dump has not been found
Nov 06 01:37:19.933 [32] org.yamcs.api.Protocol onMessage WARNING:closing producer org.hornetq.core.client.impl.ClientProducerImpl@2db54c8c because the consumer to the address tempDataAddress.4782a616-e9c1-4c4d-9f82-e93b250b2363 has closed
Nov 06 01:37:19.969 [30] org.hornetq.core.client fail WARNING:HQ212037: Connection failure has been detected: HQ119015: The connection was disconnected because of server shutdown [code=DISCONNECTED]
Nov 06 01:37:19.971 [55] org.yamcs.hornetq.HornetQRetrievalServer run WARNING:null message received from the control queue
Nov 06 01:37:19.971 [1] org.hornetq.core.server stop WARNING:HQ222113: On ManagementService stop, there are 1 unexpected registered MBeans: [core.acceptor.in-vm]
Nov 06 01:37:19.971 [55] org.yamcs.hornetq.HornetQRetrievalServer run WARNING:caught exception in packet reply: : HornetQObjectClosedException[errorType=OBJECT_CLOSED message=HQ119017: Consumer is closed]
	org.hornetq.core.client.impl.ClientConsumerImpl.checkClosed(ClientConsumerImpl.java:1044)
	org.hornetq.core.client.impl.ClientConsumerImpl.receive(ClientConsumerImpl.java:191)
	org.hornetq.core.client.impl.ClientConsumerImpl.receive(ClientConsumerImpl.java:408)
	org.yamcs.hornetq.HornetQRetrievalServer$HornetQReplayListener.run(HornetQRetrievalServer.java:198)
	java.lang.Thread.run(Thread.java:745)

HornetQObjectClosedException[errorType=OBJECT_CLOSED message=HQ119017: Consumer is closed]
	at org.hornetq.core.client.impl.ClientConsumerImpl.checkClosed(ClientConsumerImpl.java:1044)
	at org.hornetq.core.client.impl.ClientConsumerImpl.receive(ClientConsumerImpl.java:191)
	at org.hornetq.core.client.impl.ClientConsumerImpl.receive(ClientConsumerImpl.java:408)
	at org.yamcs.hornetq.HornetQRetrievalServer$HornetQReplayListener.run(HornetQRetrievalServer.java:198)
	at java.lang.Thread.run(Thread.java:745)
Tests run: 1, Failures: 0, Errors: 0, Skipped: 0, Time elapsed: 1.599 sec - in org.yamcs.archive.CmdHistoryRecordingTest
Running org.yamcs.YamcsServerTest
Nov 06 01:37:21.155 [1] org.yamcs.security.Privilege <clinit> WARNING:Privileges disabled, all connections are allowed and have full permissions
Nov 06 01:37:21.161 [1] org.yamcs.security.HornetQAuthManager start WARNING:Privileges disabled, all connections are allowed and have full permissions
Nov 06 01:37:21.656 [1] org.yamcs.StreamConfig <init> WARNING:No streamConfig defined for instance instance1
Nov 06 01:37:21.832 [1] org.hornetq.core.server stop WARNING:HQ222113: On ManagementService stop, there are 1 unexpected registered MBeans: [core.acceptor.in-vm]
Tests run: 1, Failures: 0, Errors: 0, Skipped: 0, Time elapsed: 1.314 sec - in org.yamcs.YamcsServerTest
Running org.yamcs.parameter.ParameterCacheTest
Tests run: 4, Failures: 0, Errors: 0, Skipped: 1, Time elapsed: 0.127 sec - in org.yamcs.parameter.ParameterCacheTest
Running org.yamcs.parameter.SubsriptionArrayTest
Tests run: 1, Failures: 0, Errors: 0, Skipped: 0, Time elapsed: 0.049 sec - in org.yamcs.parameter.SubsriptionArrayTest
Running org.yamcs.parameter.ParameterValueListTest
Tests run: 5, Failures: 0, Errors: 0, Skipped: 0, Time elapsed: 0.156 sec - in org.yamcs.parameter.ParameterValueListTest
Running org.yamcs.parameter.SoftwareParameterManagerTest
Tests run: 1, Failures: 0, Errors: 0, Skipped: 0, Time elapsed: 2.427 sec - in org.yamcs.parameter.SoftwareParameterManagerTest
Running org.yamcs.api.EventProducerTest
Nov 06 01:37:27.900 [1] org.yamcs.security.Privilege <clinit> WARNING:Privileges disabled, all connections are allowed and have full permissions
Nov 06 01:37:27.908 [1] org.yamcs.security.HornetQAuthManager start WARNING:Privileges disabled, all connections are allowed and have full permissions
Nov 06 01:37:28.316 [1] org.hornetq.core.server stop WARNING:HQ222113: On ManagementService stop, there are 1 unexpected registered MBeans: [core.acceptor.in-vm]
Tests run: 1, Failures: 0, Errors: 0, Skipped: 0, Time elapsed: 0.975 sec - in org.yamcs.api.EventProducerTest
Running org.yamcs.management.YProcessorsTest
Nov 06 01:37:29.315 [1] org.yamcs.security.Privilege <clinit> WARNING:Privileges disabled, all connections are allowed and have full permissions
Nov 06 01:37:29.321 [1] org.yamcs.security.HornetQAuthManager start WARNING:Privileges disabled, all connections are allowed and have full permissions
Nov 06 01:37:36.007 [1] org.yamcs.api.YamcsConnector disconnect WARNING:Disconnection requested
Nov 06 01:37:36.097 [66] org.yamcs.management.ManagementService createProcessor WARNING:createYProcessor called with invalid client id:10; ignored.
Nov 06 01:37:36.097 [66] org.yamcs.management.ManagementService createProcessor WARNING:createYProcessor called with invalid client id:14; ignored.
Nov 06 01:37:36.099 [66] org.yamcs.hornetq.HornetQProcessorManagement processControlMessage WARNING:Sending error reply createYProcessor invoked with a list full of invalid client ids
Nov 06 01:37:36.104 [1] org.yamcs.api.YamcsConnector disconnect WARNING:Disconnection requested
Nov 06 01:37:36.134 [1] org.hornetq.core.server stop WARNING:HQ222113: On ManagementService stop, there are 1 unexpected registered MBeans: [core.acceptor.in-vm]
Tests run: 3, Failures: 0, Errors: 0, Skipped: 0, Time elapsed: 7.322 sec - in org.yamcs.management.YProcessorsTest
Running org.yamcs.ContainerRequestManagerTest
Tests run: 1, Failures: 0, Errors: 0, Skipped: 0, Time elapsed: 0.492 sec - in org.yamcs.ContainerRequestManagerTest
Running org.yamcs.alarms.AlarmServerTest
Tests run: 6, Failures: 0, Errors: 0, Skipped: 0, Time elapsed: 0.131 sec - in org.yamcs.alarms.AlarmServerTest
Running org.yamcs.IntegrationTest
Nov 06 01:37:44.855 [30] org.yamcs.web.rest.Router dispatch WARNING:Sending nominal exception back to client: Invalid parameters: [name: "/REFMDB/SUBSYS1/InvalidParaName"
]
Nov 06 01:37:44.863 [30] org.yamcs.web.HttpHandler sendError WARNING:GET /api/processors/IntegrationTest/realtime/parameters/mget 400
Nov 06 01:37:47.965 [1] org.yamcs.IntegrationTest testRestParameterGet SEVERE:GET  BACK                      { }

Nov 06 01:37:49.051 [35] org.yamcs.web.rest.Router dispatch WARNING:Sending nominal exception back to client: Cannot assign integer from STRING
Nov 06 01:37:49.051 [35] org.yamcs.web.HttpHandler sendError WARNING:POST /api/processors/IntegrationTest/realtime/parameters/mset 400
Nov 06 01:37:54.077 [52] org.yamcs.web.rest.Router dispatch WARNING:Sending nominal exception back to client: Cannot find a local(software) parameter for 'name: "/REFMDB/SUBSYS1/IntegerPara1_1_6"
'
Nov 06 01:37:54.077 [52] org.yamcs.web.HttpHandler sendError WARNING:POST /api/processors/IntegrationTest/realtime/parameters/mset 400
Nov 06 01:37:54.133 [1] org.hornetq.core.server stop WARNING:HQ222113: On ManagementService stop, there are 2 unexpected registered MBeans: [core.acceptor.in-vm, core.acceptor.netty]
Tests run: 13, Failures: 0, Errors: 0, Skipped: 1, Time elapsed: 15.774 sec - in org.yamcs.IntegrationTest
Running org.yamcs.security.PasswordHashTest
1000:973ab202da3cfc6813d096f3350d128f94c5b2d49a177637:512b807803aacf0754e52ccbc4c30c93f8648557393b3664
1000:68d48394769591c0ab823089c33967347a23b2a6bba7d093:7a12e9c263035e7f2883461920c5deb9bde942cab8349162
1000:5e3cef5c707ff3511ae3d45028ebc7d32f31a24434aac0c0:5d0ed05c1f54897a8da2e49de9fee2dc22e6920cdeb65255
1000:c869f3516a080d122025ef8c4196c50fccf234f745cf1abd:d0ad705a87238b81e8f45e6a13cb57e339ce6a590e06b8a8
1000:a9bd62818036d9a56afb0ea5913e9b8bed42e22b43920ecf:8e6b9b7ec73a90cd29ed13da4a219fc3dd184eff9f180318
1000:0a96359e91e99e3bb507b373199fd36b67133c2f69006ccb:2925c079bd7c448a435bb3b533a85723ce07a6d6ceeb3eb1
1000:816661b35d2a3c5f978cfaca36cbc47f13a8b1015d6ad3fd:88063beb728a74d848d97df5103f8f1bcbf33ef6c087d433
1000:b2b732d5469a34c0dd7d78c664ebc1ca6fb50169efcb940d:5dc1f99be3a6af20ae34e076a782924b45acc4e9f2e88503
1000:88ba0630df99bca714fbd9c6e5f7f912330cb58ba8bca45d:87c690ac63821a717999726208df4f520aa462d9e9d75322
1000:aba18821389f79803c5936f5ffcbd628c89dd1d84ba9f0d1:4db3bc0002260f5bbce1950689efb6ec729cd83501e5a5ff
Running tests...
Tests run: 1, Failures: 0, Errors: 0, Skipped: 0, Time elapsed: 1.319 sec - in org.yamcs.security.PasswordHashTest

Results :

Failed tests: 
  TcpTcUplinkerTest.testConfig:11 expected:<48> but was:<-1>

Tests run: 256, Failures: 1, Errors: 0, Skipped: 9

[INFO] ------------------------------------------------------------------------
[INFO] Reactor Summary:
[INFO] 
[INFO] Yamcs .............................................. SUCCESS [  0.002 s]
[INFO] Yamcs API .......................................... SUCCESS [  2.272 s]
[INFO] Yamcs XTCE ......................................... SUCCESS [  0.632 s]
[INFO] Yamcs Core ......................................... FAILURE [03:30 min]
[INFO] Yamcs Simulation ................................... SKIPPED
[INFO] ------------------------------------------------------------------------
[INFO] BUILD FAILURE
[INFO] ------------------------------------------------------------------------
[INFO] Total time: 03:33 min
[INFO] Finished at: 2020-11-06T01:37:56+00:00
[INFO] Final Memory: 13M/368M
[INFO] ------------------------------------------------------------------------
[ERROR] Failed to execute goal org.apache.maven.plugins:maven-surefire-plugin:2.19.1:test (default-test) on project yamcs-core: There are test failures.
[ERROR] 
[ERROR] Please refer to /home/travis/build/failed/yamcs/yamcs/yamcs-core/target/surefire-reports for the individual test results.
[ERROR] -> [Help 1]
[ERROR] 
[ERROR] To see the full stack trace of the errors, re-run Maven with the -e switch.
[ERROR] Re-run Maven using the -X switch to enable full debug logging.
[ERROR] 
[ERROR] For more information about the errors and possible solutions, please read the following articles:
[ERROR] [Help 1] http://cwiki.apache.org/confluence/display/MAVEN/MojoFailureException
[ERROR] 
[ERROR] After correcting the problems, you can resume the build with the command
[ERROR]   mvn <goals> -rf :yamcs-core

travis_time:end:1382c1de:start=1604626462266315879,finish=1604626676721055329,duration=214454739450[0K
[31;1mThe command "mvn -Dhttps.protocols=TLSv1.2 -Dsurefire.useFile=false test && mvn -Dtest=PermissionsTest -pl yamcs-core test" exited with 1.[0m
travis_fold:start:cache.2[0Kstore build cache
travis_time:start:001c0c55[0K
travis_time:end:001c0c55:start=1604626676733202659,finish=1604626676742520543,duration=9317884[0Ktravis_time:start:0a0dd690[0K/home/travis/.casher/bin/casher:190: warning: Insecure world writable dir /home/travis/build/failed/yamcs/yamcs/. in PATH, mode 040777
[32;1mchanges detected, packing new archive[0m
/home/travis/.casher/bin/casher:213:in `cache_archive_name': undefined method `[]' for nil:NilClass (NoMethodError)
	from /home/travis/.casher/bin/casher:143:in `push'
	from /home/travis/.casher/bin/casher:53:in `block in run'
	from /home/travis/.rvm/rubies/ruby-1.9.3-p551/lib/ruby/1.9.1/timeout.rb:69:in `timeout'
	from /home/travis/.casher/bin/casher:53:in `run'
	from /home/travis/.casher/bin/casher:263:in `<main>'

travis_time:end:0a0dd690:start=1604626676752312655,finish=1604626680584598308,duration=3832285653[0Ktravis_fold:end:cache.2[0K
Done. Your build exited with 1.
