travis_fold:start:system_info[0K[33;1mBuild system information[0m
Build language: java
Build id: ''
Job id: ''
[34m[1mBuild image provisioning date and time[0m
Thu Feb  5 15:09:33 UTC 2015
[34m[1mOperating System Details[0m
Distributor ID:	Ubuntu
Description:	Ubuntu 12.04.5 LTS
Release:	12.04
Codename:	precise
[34m[1mLinux Version[0m
3.13.0-29-generic
[34m[1mCookbooks Version[0m
a68419e https://github.com/travis-ci/travis-cookbooks/tree/a68419e
[34m[1mGCC version[0m
gcc (Ubuntu/Linaro 4.6.3-1ubuntu5) 4.6.3
Copyright (C) 2011 Free Software Foundation, Inc.
This is free software; see the source for copying conditions.  There is NO
warranty; not even for MERCHANTABILITY or FITNESS FOR A PARTICULAR PURPOSE.

[34m[1mLLVM version[0m
clang version 3.4 (tags/RELEASE_34/final)
Target: x86_64-unknown-linux-gnu
Thread model: posix
[34m[1mPre-installed Ruby versions[0m
ruby-1.9.3-p551
[34m[1mPre-installed Node.js versions[0m
v0.10.36
[34m[1mPre-installed Go versions[0m
1.4.1
[34m[1mRedis version[0m
redis-server 2.8.19
[34m[1mriak version[0m
2.0.2
[34m[1mMongoDB version[0m
MongoDB 2.4.12
[34m[1mCouchDB version[0m
couchdb 1.6.1
[34m[1mNeo4j version[0m
1.9.4
[34m[1mRabbitMQ Version[0m
3.4.3
[34m[1mElasticSearch version[0m
1.4.0
[34m[1mInstalled Sphinx versions[0m
2.0.10
2.1.9
2.2.6
[34m[1mDefault Sphinx version[0m
2.2.6
[34m[1mInstalled Firefox version[0m
firefox 31.0esr
[34m[1mPhantomJS version[0m
1.9.8
[34m[1mant -version[0m
Apache Ant(TM) version 1.8.2 compiled on December 3 2011
[34m[1mmvn -version[0m
Apache Maven 3.2.5 (12a6b3acb947671f09b81f49094c53f426d8cea1; 2014-12-14T17:29:23+00:00)
Maven home: /usr/local/maven
Java version: 1.7.0_76, vendor: Oracle Corporation
Java home: /usr/lib/jvm/java-7-oracle/jre
Default locale: en_US, platform encoding: ANSI_X3.4-1968
OS name: "linux", version: "3.13.0-29-generic", arch: "amd64", family: "unix"
travis_fold:end:system_info[0K
W: Failed to fetch http://apt.postgresql.org/pub/repos/apt/dists/precise-pgdg/main/binary-amd64/Packages  404  Not Found [IP: 72.32.157.246 80]

W: Failed to fetch http://apt.postgresql.org/pub/repos/apt/dists/precise-pgdg/main/binary-i386/Packages  404  Not Found [IP: 72.32.157.246 80]

W: Failed to fetch http://us.archive.ubuntu.com/ubuntu/dists/precise/main/source/Sources  404  Not Found [IP: 91.189.91.38 80]

W: Failed to fetch http://us.archive.ubuntu.com/ubuntu/dists/precise/restricted/source/Sources  404  Not Found [IP: 91.189.91.38 80]

W: Failed to fetch http://us.archive.ubuntu.com/ubuntu/dists/precise/universe/source/Sources  404  Not Found [IP: 91.189.91.38 80]

W: Failed to fetch http://us.archive.ubuntu.com/ubuntu/dists/precise/multiverse/source/Sources  404  Not Found [IP: 91.189.91.38 80]

W: Failed to fetch http://us.archive.ubuntu.com/ubuntu/dists/precise/main/binary-amd64/Packages  404  Not Found [IP: 91.189.91.38 80]

W: Failed to fetch http://us.archive.ubuntu.com/ubuntu/dists/precise/restricted/binary-amd64/Packages  404  Not Found [IP: 91.189.91.38 80]

W: Failed to fetch http://us.archive.ubuntu.com/ubuntu/dists/precise/universe/binary-amd64/Packages  404  Not Found [IP: 91.189.91.38 80]

W: Failed to fetch http://us.archive.ubuntu.com/ubuntu/dists/precise/multiverse/binary-amd64/Packages  404  Not Found [IP: 91.189.91.38 80]

W: Failed to fetch http://us.archive.ubuntu.com/ubuntu/dists/precise/main/binary-i386/Packages  404  Not Found [IP: 91.189.91.38 80]

W: Failed to fetch http://us.archive.ubuntu.com/ubuntu/dists/precise/restricted/binary-i386/Packages  404  Not Found [IP: 91.189.91.38 80]

W: Failed to fetch http://us.archive.ubuntu.com/ubuntu/dists/precise/universe/binary-i386/Packages  404  Not Found [IP: 91.189.91.38 80]

W: Failed to fetch http://us.archive.ubuntu.com/ubuntu/dists/precise/multiverse/binary-i386/Packages  404  Not Found [IP: 91.189.91.38 80]

W: Failed to fetch http://us.archive.ubuntu.com/ubuntu/dists/precise-updates/main/source/Sources  404  Not Found [IP: 91.189.91.38 80]

W: Failed to fetch http://us.archive.ubuntu.com/ubuntu/dists/precise-updates/restricted/source/Sources  404  Not Found [IP: 91.189.91.38 80]

W: Failed to fetch http://us.archive.ubuntu.com/ubuntu/dists/precise-updates/universe/source/Sources  404  Not Found [IP: 91.189.91.38 80]

W: Failed to fetch http://us.archive.ubuntu.com/ubuntu/dists/precise-updates/multiverse/source/Sources  404  Not Found [IP: 91.189.91.38 80]

W: Failed to fetch http://us.archive.ubuntu.com/ubuntu/dists/precise-updates/main/binary-amd64/Packages  404  Not Found [IP: 91.189.91.38 80]

W: Failed to fetch http://us.archive.ubuntu.com/ubuntu/dists/precise-updates/restricted/binary-amd64/Packages  404  Not Found [IP: 91.189.91.38 80]

W: Failed to fetch http://us.archive.ubuntu.com/ubuntu/dists/precise-updates/universe/binary-amd64/Packages  404  Not Found [IP: 91.189.91.38 80]

W: Failed to fetch http://us.archive.ubuntu.com/ubuntu/dists/precise-updates/multiverse/binary-amd64/Packages  404  Not Found [IP: 91.189.91.38 80]

W: Failed to fetch http://us.archive.ubuntu.com/ubuntu/dists/precise-updates/main/binary-i386/Packages  404  Not Found [IP: 91.189.91.38 80]

W: Failed to fetch http://us.archive.ubuntu.com/ubuntu/dists/precise-updates/restricted/binary-i386/Packages  404  Not Found [IP: 91.189.91.38 80]

W: Failed to fetch http://us.archive.ubuntu.com/ubuntu/dists/precise-updates/universe/binary-i386/Packages  404  Not Found [IP: 91.189.91.38 80]

W: Failed to fetch http://us.archive.ubuntu.com/ubuntu/dists/precise-updates/multiverse/binary-i386/Packages  404  Not Found [IP: 91.189.91.38 80]

W: Failed to fetch http://us.archive.ubuntu.com/ubuntu/dists/precise-backports/main/source/Sources  404  Not Found [IP: 91.189.91.38 80]

W: Failed to fetch http://us.archive.ubuntu.com/ubuntu/dists/precise-backports/restricted/source/Sources  404  Not Found [IP: 91.189.91.38 80]

W: Failed to fetch http://us.archive.ubuntu.com/ubuntu/dists/precise-backports/universe/source/Sources  404  Not Found [IP: 91.189.91.38 80]

W: Failed to fetch http://us.archive.ubuntu.com/ubuntu/dists/precise-backports/multiverse/source/Sources  404  Not Found [IP: 91.189.91.38 80]

W: Failed to fetch http://us.archive.ubuntu.com/ubuntu/dists/precise-backports/main/binary-amd64/Packages  404  Not Found [IP: 91.189.91.38 80]

W: Failed to fetch http://us.archive.ubuntu.com/ubuntu/dists/precise-backports/restricted/binary-amd64/Packages  404  Not Found [IP: 91.189.91.38 80]

W: Failed to fetch http://us.archive.ubuntu.com/ubuntu/dists/precise-backports/universe/binary-amd64/Packages  404  Not Found [IP: 91.189.91.38 80]

W: Failed to fetch http://us.archive.ubuntu.com/ubuntu/dists/precise-backports/multiverse/binary-amd64/Packages  404  Not Found [IP: 91.189.91.38 80]

W: Failed to fetch http://us.archive.ubuntu.com/ubuntu/dists/precise-backports/main/binary-i386/Packages  404  Not Found [IP: 91.189.91.38 80]

W: Failed to fetch http://us.archive.ubuntu.com/ubuntu/dists/precise-backports/restricted/binary-i386/Packages  404  Not Found [IP: 91.189.91.38 80]

W: Failed to fetch http://us.archive.ubuntu.com/ubuntu/dists/precise-backports/universe/binary-i386/Packages  404  Not Found [IP: 91.189.91.38 80]

W: Failed to fetch http://us.archive.ubuntu.com/ubuntu/dists/precise-backports/multiverse/binary-i386/Packages  404  Not Found [IP: 91.189.91.38 80]

W: Failed to fetch http://security.ubuntu.com/ubuntu/dists/precise-security/main/source/Sources  404  Not Found [IP: 91.189.88.152 80]

W: Failed to fetch http://security.ubuntu.com/ubuntu/dists/precise-security/restricted/source/Sources  404  Not Found [IP: 91.189.88.152 80]

W: Failed to fetch http://security.ubuntu.com/ubuntu/dists/precise-security/universe/source/Sources  404  Not Found [IP: 91.189.88.152 80]

W: Failed to fetch http://security.ubuntu.com/ubuntu/dists/precise-security/multiverse/source/Sources  404  Not Found [IP: 91.189.88.152 80]

W: Failed to fetch http://security.ubuntu.com/ubuntu/dists/precise-security/main/binary-amd64/Packages  404  Not Found [IP: 91.189.88.152 80]

W: Failed to fetch http://security.ubuntu.com/ubuntu/dists/precise-security/restricted/binary-amd64/Packages  404  Not Found [IP: 91.189.88.152 80]

W: Failed to fetch http://security.ubuntu.com/ubuntu/dists/precise-security/universe/binary-amd64/Packages  404  Not Found [IP: 91.189.88.152 80]

W: Failed to fetch http://security.ubuntu.com/ubuntu/dists/precise-security/multiverse/binary-amd64/Packages  404  Not Found [IP: 91.189.88.152 80]

W: Failed to fetch http://security.ubuntu.com/ubuntu/dists/precise-security/main/binary-i386/Packages  404  Not Found [IP: 91.189.88.152 80]

W: Failed to fetch http://security.ubuntu.com/ubuntu/dists/precise-security/restricted/binary-i386/Packages  404  Not Found [IP: 91.189.88.152 80]

W: Failed to fetch http://security.ubuntu.com/ubuntu/dists/precise-security/universe/binary-i386/Packages  404  Not Found [IP: 91.189.88.152 80]

W: Failed to fetch http://security.ubuntu.com/ubuntu/dists/precise-security/multiverse/binary-i386/Packages  404  Not Found [IP: 91.189.88.152 80]

W: Failed to fetch http://ppa.launchpad.net/rwky/ppa/ubuntu/dists/precise/main/binary-amd64/Packages  403  Forbidden

W: Failed to fetch http://ppa.launchpad.net/rwky/ppa/ubuntu/dists/precise/main/binary-i386/Packages  403  Forbidden

W: Failed to fetch http://ppa.launchpad.net/travis-ci/zero-mq/ubuntu/dists/precise/main/binary-amd64/Packages  403  Forbidden

W: Failed to fetch http://ppa.launchpad.net/travis-ci/zero-mq/ubuntu/dists/precise/main/binary-i386/Packages  403  Forbidden

W: Failed to fetch http://downloads-distro.mongodb.org/repo/debian-sysvinit/dists/dist/10gen/binary-amd64/Packages  Undetermined Error [IP: 52.21.89.200 80]

W: Failed to fetch http://downloads-distro.mongodb.org/repo/debian-sysvinit/dists/dist/10gen/binary-i386/Packages  Undetermined Error [IP: 52.21.89.200 80]

E: Some index files failed to download. They have been ignored, or old ones used instead.
sed: cannot rename /etc/hosts: Device or resource busy
sed: cannot rename /etc/hosts: Device or resource busy
$ jdk_switcher use oraclejdk8
Switching to Oracle JDK8 (java-8-oracle), JAVA_HOME will be set to /usr/lib/jvm/java-8-oracle
$ cd failed/davidmoten/rxjava-jdbc
$ java -Xmx32m -version
java version "1.8.0_31"
Java(TM) SE Runtime Environment (build 1.8.0_31-b13)
Java HotSpot(TM) 64-Bit Server VM (build 25.31-b07, mixed mode)
$ javac -J-Xmx32m -version
javac 1.8.0_31
travis_fold:start:install[0Ktravis_time:start:17920299[0K$ mvn -o install -Dhttps.protocols=TLSv1.2 -DskipTests=true -Dmaven.javadoc.skip=true -B -V
Java HotSpot(TM) 64-Bit Server VM warning: ignoring option MaxPermSize=192m; support was removed in 8.0
Apache Maven 3.2.5 (12a6b3acb947671f09b81f49094c53f426d8cea1; 2014-12-14T17:29:23+00:00)
Maven home: /usr/local/maven
Java version: 1.8.0_31, vendor: Oracle Corporation
Java home: /usr/lib/jvm/java-8-oracle/jre
Default locale: en_US, platform encoding: UTF-8
OS name: "linux", version: "4.15.0-109-generic", arch: "amd64", family: "unix"
[INFO] Scanning for projects...
[INFO] Inspecting build with total of 1 modules...
[INFO] Installing Nexus Staging features:
[INFO]   ... total of 1 executions of maven-deploy-plugin replaced with nexus-staging-maven-plugin
[INFO]                                                                         
[INFO] ------------------------------------------------------------------------
[INFO] Building rxjava-jdbc 0.6.6-SNAPSHOT
[INFO] ------------------------------------------------------------------------
[INFO] 
[INFO] --- maven-resources-plugin:2.6:resources (default-resources) @ rxjava-jdbc ---
[INFO] Using 'UTF-8' encoding to copy filtered resources.
[INFO] skip non existing resourceDirectory /home/travis/build/failed/davidmoten/rxjava-jdbc/src/main/resources
[INFO] 
[INFO] --- maven-compiler-plugin:3.1:compile (default-compile) @ rxjava-jdbc ---
[INFO] Changes detected - recompiling the module!
[INFO] Compiling 48 source files to /home/travis/build/failed/davidmoten/rxjava-jdbc/target/classes
[INFO] 
[INFO] --- maven-resources-plugin:2.6:testResources (default-testResources) @ rxjava-jdbc ---
[INFO] Using 'UTF-8' encoding to copy filtered resources.
[INFO] Copying 4 resources
[INFO] 
[INFO] --- maven-compiler-plugin:3.1:testCompile (default-testCompile) @ rxjava-jdbc ---
[INFO] Nothing to compile - all classes are up to date
[INFO] 
[INFO] --- maven-surefire-plugin:2.12.4:test (default-test) @ rxjava-jdbc ---
[INFO] Tests are skipped.
[INFO] 
[INFO] --- maven-jar-plugin:2.4:jar (default-jar) @ rxjava-jdbc ---
[INFO] Building jar: /home/travis/build/failed/davidmoten/rxjava-jdbc/target/rxjava-jdbc-0.6.6-SNAPSHOT.jar
[INFO] 
[INFO] --- maven-javadoc-plugin:2.10.3:jar (attach-javadocs) @ rxjava-jdbc ---
[INFO] Skipping javadoc generation
[INFO] 
[INFO] --- maven-site-plugin:3.4:attach-descriptor (attach-descriptor) @ rxjava-jdbc ---
[INFO] 
[INFO] --- maven-install-plugin:2.4:install (default-install) @ rxjava-jdbc ---
[INFO] Installing /home/travis/build/failed/davidmoten/rxjava-jdbc/target/rxjava-jdbc-0.6.6-SNAPSHOT.jar to /home/travis/.m2/repository/com/github/davidmoten/rxjava-jdbc/0.6.6-SNAPSHOT/rxjava-jdbc-0.6.6-SNAPSHOT.jar
[INFO] Installing /home/travis/build/failed/davidmoten/rxjava-jdbc/pom.xml to /home/travis/.m2/repository/com/github/davidmoten/rxjava-jdbc/0.6.6-SNAPSHOT/rxjava-jdbc-0.6.6-SNAPSHOT.pom
[INFO] ------------------------------------------------------------------------
[INFO] BUILD SUCCESS
[INFO] ------------------------------------------------------------------------
[INFO] Total time: 01:20 min
[INFO] Finished at: 2022-02-06T05:14:01+00:00
[INFO] Final Memory: 28M/295M
[INFO] ------------------------------------------------------------------------

travis_time:end:17920299:start=1644124358767167409,finish=1644124441784213196,duration=83017045787[0Ktravis_fold:end:install[0Ktravis_time:start:1c2b299e[0K$ mvn test -Dhttps.protocols=TLSv1.2 -B
Java HotSpot(TM) 64-Bit Server VM warning: ignoring option MaxPermSize=192m; support was removed in 8.0
[INFO] Scanning for projects...
[INFO] Inspecting build with total of 1 modules...
[INFO] Installing Nexus Staging features:
[INFO]   ... total of 1 executions of maven-deploy-plugin replaced with nexus-staging-maven-plugin
[INFO]                                                                         
[INFO] ------------------------------------------------------------------------
[INFO] Building rxjava-jdbc 0.6.6-SNAPSHOT
[INFO] ------------------------------------------------------------------------
[INFO] 
[INFO] --- maven-resources-plugin:2.6:resources (default-resources) @ rxjava-jdbc ---
[INFO] Using 'UTF-8' encoding to copy filtered resources.
[INFO] skip non existing resourceDirectory /home/travis/build/failed/davidmoten/rxjava-jdbc/src/main/resources
[INFO] 
[INFO] --- maven-compiler-plugin:3.1:compile (default-compile) @ rxjava-jdbc ---
[INFO] Changes detected - recompiling the module!
[INFO] Compiling 48 source files to /home/travis/build/failed/davidmoten/rxjava-jdbc/target/classes
[INFO] 
[INFO] --- maven-resources-plugin:2.6:testResources (default-testResources) @ rxjava-jdbc ---
[INFO] Using 'UTF-8' encoding to copy filtered resources.
[INFO] Copying 4 resources
[INFO] 
[INFO] --- maven-compiler-plugin:3.1:testCompile (default-testCompile) @ rxjava-jdbc ---
[INFO] Nothing to compile - all classes are up to date
[INFO] 
[INFO] --- maven-surefire-plugin:2.12.4:test (default-test) @ rxjava-jdbc ---
[INFO] Surefire report directory: /home/travis/build/failed/davidmoten/rxjava-jdbc/target/surefire-reports

-------------------------------------------------------
 T E S T S
-------------------------------------------------------
Running com.github.davidmoten.rx.DynamicProxyTest
Tests run: 2, Failures: 0, Errors: 0, Skipped: 0, Time elapsed: 0.375 sec
Running com.github.davidmoten.rx.RetryTest
Tests run: 1, Failures: 0, Errors: 0, Skipped: 0, Time elapsed: 1.104 sec
Running com.github.davidmoten.rx.jdbc.ColumnNotFoundTest
Tests run: 1, Failures: 0, Errors: 0, Skipped: 0, Time elapsed: 1.535 sec
Running com.github.davidmoten.rx.jdbc.ConditionsTest
Tests run: 7, Failures: 0, Errors: 0, Skipped: 0, Time elapsed: 0.001 sec
Running com.github.davidmoten.rx.jdbc.ConnectionDemoTest
Tests run: 1, Failures: 0, Errors: 0, Skipped: 0, Time elapsed: 0.009 sec
Running com.github.davidmoten.rx.jdbc.ConnectionNonClosingTest
Tests run: 1, Failures: 0, Errors: 0, Skipped: 0, Time elapsed: 0.028 sec
Running com.github.davidmoten.rx.jdbc.ConnectionProviderAutoCommittingTest
Tests run: 1, Failures: 0, Errors: 0, Skipped: 0, Time elapsed: 0.081 sec
Running com.github.davidmoten.rx.jdbc.ConnectionProviderFromUrlTest
Tests run: 1, Failures: 0, Errors: 0, Skipped: 0, Time elapsed: 0.099 sec
Running com.github.davidmoten.rx.jdbc.DatabaseAsyncTest
2022-02-06 05:14:12.650 [main] INFO  com.github.davidmoten.rx.RxUtil - 1
2022-02-06 05:14:12.651 [main] INFO  com.github.davidmoten.rx.RxUtil - 2
2022-02-06 05:14:12.652 [main] INFO  com.github.davidmoten.rx.RxUtil - 3
2022-02-06 05:14:12.935 [RxComputationThreadPool-5] INFO  com.github.davidmoten.rx.RxUtil - 0
2022-02-06 05:14:12.938 [RxCachedThreadScheduler-2] INFO  com.github.davidmoten.rx.RxUtil - 21
[FRED, JOSEPH, MARMADUKE]
2022-02-06 05:14:14.019 [main] INFO  com.zaxxer.hikari.HikariDataSource - HikariCP pool HikariPool-0 is starting.
2022-02-06 05:14:14.422 [RxCachedThreadScheduler-1] INFO  com.github.davidmoten.rx.RxUtil - 21
2022-02-06 05:14:14.424 [RxCachedThreadScheduler-2] INFO  com.github.davidmoten.rx.RxUtil - 34
2022-02-06 05:14:15.141 [main] INFO  com.github.davidmoten.rx.RxUtil - rx.Observable@5d0a1059
2022-02-06 05:14:15.141 [main] INFO  com.github.davidmoten.rx.RxUtil - rx.Observable@5d0a1059
2022-02-06 05:14:15.141 [main] INFO  com.github.davidmoten.rx.RxUtil - rx.Observable@485966cc
2022-02-06 05:14:15.142 [main] INFO  com.github.davidmoten.rx.RxUtil - rx.Observable@54bff557
2022-02-06 05:14:15.143 [main] INFO  com.github.davidmoten.rx.RxUtil - rx.Observable@54bff557
2022-02-06 05:14:15.143 [main] INFO  com.github.davidmoten.rx.RxUtil - rx.Observable@593aaf41
2022-02-06 05:14:15.153 [main] INFO  com.github.davidmoten.rx.jdbc.DatabaseTestBase - committed 1
2022-02-06 05:14:15.153 [main] INFO  com.github.davidmoten.rx.jdbc.DatabaseTestBase - gets ok
2022-02-06 05:14:15.154 [main] INFO  com.github.davidmoten.rx.jdbc.DatabaseTestBase - closes ok
Syntax error in SQL statement "ZZZ[*] "; SQL statement:
zzz [42000-178]
Syntax error in SQL statement "ZZZ[*] "; SQL statement:
zzz [42000-178]
2022-02-06 05:14:15.748 [main] INFO  com.zaxxer.hikari.HikariDataSource - HikariCP pool HikariPool-1 is starting.
2022-02-06 05:14:15.755 [main] INFO  com.zaxxer.hikari.pool.HikariPool - HikariCP pool HikariPool-1 is shutting down.
2022-02-06 05:14:15.911 [main] INFO  com.github.davidmoten.rx.jdbc.DatabaseTestBase - committed 1
2022-02-06 05:14:15.912 [main] INFO  com.github.davidmoten.rx.jdbc.DatabaseTestBase - gets ok
2022-02-06 05:14:15.912 [main] INFO  com.github.davidmoten.rx.jdbc.DatabaseTestBase - closes ok
2022-02-06 05:14:15.914 [main] INFO  com.github.davidmoten.rx.RxUtil - rx.Observable@78e4deb0
2022-02-06 05:14:15.914 [main] INFO  com.github.davidmoten.rx.RxUtil - rx.Observable@78e4deb0
2022-02-06 05:14:15.914 [main] INFO  com.github.davidmoten.rx.RxUtil - rx.Observable@6e9175d8
2022-02-06 05:14:15.915 [main] INFO  com.github.davidmoten.rx.RxUtil - rx.Observable@15bb5034
2022-02-06 05:14:15.915 [main] INFO  com.github.davidmoten.rx.RxUtil - rx.Observable@15bb5034
2022-02-06 05:14:15.916 [main] INFO  com.github.davidmoten.rx.RxUtil - rx.Observable@4b741d6d
2022-02-06 05:14:16.063 [main] INFO  com.github.davidmoten.rx.RxUtil - 99
2022-02-06 05:14:16.064 [main] INFO  com.github.davidmoten.rx.RxUtil - 88
2022-02-06 05:14:16.167 [RxComputationThreadPool-6] INFO  com.github.davidmoten.rx.RxUtil - 0
2022-02-06 05:14:16.169 [RxCachedThreadScheduler-2] INFO  com.github.davidmoten.rx.RxUtil - 21
threads=[main]
2022-02-06 05:14:16.517 [main] INFO  com.zaxxer.hikari.HikariDataSource - HikariCP pool HikariPool-2 is starting.
[MARMADUKE, JOSEPH, MARMADUKE, JOSEPH, MARMADUKE, MARMADUKE, MARMADUKE, JOSEPH, MARMADUKE, JOSEPH, MARMADUKE, MARMADUKE]
2022-02-06 05:14:16.933 [main] INFO  com.github.davidmoten.rx.RxUtil - 99
2022-02-06 05:14:16.935 [main] INFO  com.github.davidmoten.rx.RxUtil - 88
2022-02-06 05:14:17.292 [RxCachedThreadScheduler-2] INFO  com.github.davidmoten.rx.RxUtil - 3
Column "NAMEZ" not found; SQL statement:
select namez from person where name=? [42122-178]
Column "NAMEZ" not found; SQL statement:
select namez from person where name=? [42122-178]
Tests run: 114, Failures: 0, Errors: 0, Skipped: 0, Time elapsed: 5.692 sec
Running com.github.davidmoten.rx.jdbc.DatabaseDerbyTest
Tests run: 1, Failures: 0, Errors: 0, Skipped: 1, Time elapsed: 0.001 sec
Running com.github.davidmoten.rx.jdbc.DatabaseExampleTest
FRED has score 21
JOE has score 34
Tests run: 2, Failures: 1, Errors: 0, Skipped: 0, Time elapsed: 0.259 sec <<< FAILURE!
testParameterOperatorBackpressure(com.github.davidmoten.rx.jdbc.DatabaseExampleTest)  Time elapsed: 0.005 sec  <<< FAILURE!
java.lang.AssertionError: Number of onNext events differ; expected: 1, actual: 0
	at rx.observers.TestSubscriber.assertValueCount(TestSubscriber.java:479)
	at com.github.davidmoten.rx.jdbc.DatabaseExampleTest.testParameterOperatorBackpressure(DatabaseExampleTest.java:63)
	at sun.reflect.NativeMethodAccessorImpl.invoke0(Native Method)
	at sun.reflect.NativeMethodAccessorImpl.invoke(NativeMethodAccessorImpl.java:62)
	at sun.reflect.DelegatingMethodAccessorImpl.invoke(DelegatingMethodAccessorImpl.java:43)
	at java.lang.reflect.Method.invoke(Method.java:483)
	at org.junit.runners.model.FrameworkMethod$1.runReflectiveCall(FrameworkMethod.java:50)
	at org.junit.internal.runners.model.ReflectiveCallable.run(ReflectiveCallable.java:12)
	at org.junit.runners.model.FrameworkMethod.invokeExplosively(FrameworkMethod.java:47)
	at org.junit.internal.runners.statements.InvokeMethod.evaluate(InvokeMethod.java:17)
	at org.junit.runners.ParentRunner.runLeaf(ParentRunner.java:325)
	at org.junit.runners.BlockJUnit4ClassRunner.runChild(BlockJUnit4ClassRunner.java:78)
	at org.junit.runners.BlockJUnit4ClassRunner.runChild(BlockJUnit4ClassRunner.java:57)
	at org.junit.runners.ParentRunner$3.run(ParentRunner.java:290)
	at org.junit.runners.ParentRunner$1.schedule(ParentRunner.java:71)
	at org.junit.runners.ParentRunner.runChildren(ParentRunner.java:288)
	at org.junit.runners.ParentRunner.access$000(ParentRunner.java:58)
	at org.junit.runners.ParentRunner$2.evaluate(ParentRunner.java:268)
	at org.junit.runners.ParentRunner.run(ParentRunner.java:363)
	at org.apache.maven.surefire.junit4.JUnit4Provider.execute(JUnit4Provider.java:252)
	at org.apache.maven.surefire.junit4.JUnit4Provider.executeTestSet(JUnit4Provider.java:141)
	at org.apache.maven.surefire.junit4.JUnit4Provider.invoke(JUnit4Provider.java:112)
	at sun.reflect.NativeMethodAccessorImpl.invoke0(Native Method)
	at sun.reflect.NativeMethodAccessorImpl.invoke(NativeMethodAccessorImpl.java:62)
	at sun.reflect.DelegatingMethodAccessorImpl.invoke(DelegatingMethodAccessorImpl.java:43)
	at java.lang.reflect.Method.invoke(Method.java:483)
	at org.apache.maven.surefire.util.ReflectionUtils.invokeMethodWithArray(ReflectionUtils.java:189)
	at org.apache.maven.surefire.booter.ProviderFactory$ProviderProxy.invoke(ProviderFactory.java:165)
	at org.apache.maven.surefire.booter.ProviderFactory.invokeProvider(ProviderFactory.java:85)
	at org.apache.maven.surefire.booter.ForkedBooter.runSuitesInProcess(ForkedBooter.java:115)
	at org.apache.maven.surefire.booter.ForkedBooter.main(ForkedBooter.java:75)

Running com.github.davidmoten.rx.jdbc.DatabaseMasterDetailTest
MasterAndDetails [id=1, name=FRED, details=[Detail [id=10, description=a good fellow], Detail [id=11, description=rides his bike]]]
MasterAndDetails [id=2, name=JOHN, details=[Detail [id=20, description=a bit of a bore], Detail [id=21, description=is a good cook]]]
Tests run: 2, Failures: 0, Errors: 0, Skipped: 0, Time elapsed: 0.296 sec
Running com.github.davidmoten.rx.jdbc.DatabaseSyncTest
2022-02-06 05:14:18.172 [main] INFO  com.github.davidmoten.rx.RxUtil - 1
2022-02-06 05:14:18.173 [main] INFO  com.github.davidmoten.rx.RxUtil - 2
2022-02-06 05:14:18.173 [main] INFO  com.github.davidmoten.rx.RxUtil - 3
2022-02-06 05:14:18.289 [RxComputationThreadPool-8] INFO  com.github.davidmoten.rx.RxUtil - 0
2022-02-06 05:14:18.290 [RxComputationThreadPool-8] INFO  com.github.davidmoten.rx.RxUtil - 21
[FRED, JOSEPH, MARMADUKE]
2022-02-06 05:14:18.305 [main] INFO  com.zaxxer.hikari.HikariDataSource - HikariCP pool HikariPool-3 is starting.
2022-02-06 05:14:18.339 [main] INFO  com.github.davidmoten.rx.RxUtil - 21
2022-02-06 05:14:18.339 [main] INFO  com.github.davidmoten.rx.RxUtil - 34
2022-02-06 05:14:18.372 [main] INFO  com.github.davidmoten.rx.RxUtil - rx.Observable@5d908d47
2022-02-06 05:14:18.373 [main] INFO  com.github.davidmoten.rx.RxUtil - rx.Observable@5d908d47
2022-02-06 05:14:18.373 [main] INFO  com.github.davidmoten.rx.RxUtil - rx.Observable@5efa40fe
2022-02-06 05:14:18.374 [main] INFO  com.github.davidmoten.rx.RxUtil - rx.Observable@1c9b0314
2022-02-06 05:14:18.374 [main] INFO  com.github.davidmoten.rx.RxUtil - rx.Observable@1c9b0314
2022-02-06 05:14:18.374 [main] INFO  com.github.davidmoten.rx.RxUtil - rx.Observable@45385f75
2022-02-06 05:14:18.393 [main] INFO  com.github.davidmoten.rx.jdbc.DatabaseTestBase - committed 1
2022-02-06 05:14:18.393 [main] INFO  com.github.davidmoten.rx.jdbc.DatabaseTestBase - gets ok
2022-02-06 05:14:18.393 [main] INFO  com.github.davidmoten.rx.jdbc.DatabaseTestBase - closes ok
Syntax error in SQL statement "ZZZ[*] "; SQL statement:
zzz [42000-178]
Syntax error in SQL statement "ZZZ[*] "; SQL statement:
zzz [42000-178]
2022-02-06 05:14:18.415 [main] INFO  com.zaxxer.hikari.HikariDataSource - HikariCP pool HikariPool-4 is starting.
2022-02-06 05:14:18.426 [main] INFO  com.zaxxer.hikari.pool.HikariPool - HikariCP pool HikariPool-4 is shutting down.
2022-02-06 05:14:18.433 [main] INFO  com.github.davidmoten.rx.jdbc.DatabaseTestBase - committed 1
2022-02-06 05:14:18.433 [main] INFO  com.github.davidmoten.rx.jdbc.DatabaseTestBase - gets ok
2022-02-06 05:14:18.433 [main] INFO  com.github.davidmoten.rx.jdbc.DatabaseTestBase - closes ok
2022-02-06 05:14:18.435 [main] INFO  com.github.davidmoten.rx.RxUtil - rx.Observable@28194a50
2022-02-06 05:14:18.435 [main] INFO  com.github.davidmoten.rx.RxUtil - rx.Observable@28194a50
2022-02-06 05:14:18.436 [main] INFO  com.github.davidmoten.rx.RxUtil - rx.Observable@7f2cfe3f
2022-02-06 05:14:18.436 [main] INFO  com.github.davidmoten.rx.RxUtil - rx.Observable@5038d0b5
2022-02-06 05:14:18.437 [main] INFO  com.github.davidmoten.rx.RxUtil - rx.Observable@5038d0b5
2022-02-06 05:14:18.437 [main] INFO  com.github.davidmoten.rx.RxUtil - rx.Observable@32115b28
2022-02-06 05:14:18.465 [main] INFO  com.github.davidmoten.rx.RxUtil - 99
2022-02-06 05:14:18.466 [main] INFO  com.github.davidmoten.rx.RxUtil - 88
2022-02-06 05:14:18.572 [RxComputationThreadPool-9] INFO  com.github.davidmoten.rx.RxUtil - 0
2022-02-06 05:14:18.573 [RxComputationThreadPool-9] INFO  com.github.davidmoten.rx.RxUtil - 21
threads=[main]
2022-02-06 05:14:18.595 [main] INFO  com.zaxxer.hikari.HikariDataSource - HikariCP pool HikariPool-5 is starting.
[MARMADUKE, JOSEPH, MARMADUKE, JOSEPH, MARMADUKE, MARMADUKE, MARMADUKE, JOSEPH, MARMADUKE, JOSEPH, MARMADUKE, MARMADUKE]
2022-02-06 05:14:18.631 [main] INFO  com.github.davidmoten.rx.RxUtil - 99
2022-02-06 05:14:18.632 [main] INFO  com.github.davidmoten.rx.RxUtil - 88
2022-02-06 05:14:18.655 [main] INFO  com.github.davidmoten.rx.RxUtil - 3
Column "NAMEZ" not found; SQL statement:
select namez from person where name=? [42122-178]
Column "NAMEZ" not found; SQL statement:
select namez from person where name=? [42122-178]
Tests run: 113, Failures: 0, Errors: 0, Skipped: 0, Time elapsed: 0.638 sec
Running com.github.davidmoten.rx.jdbc.DatabaseViaDataSourceTest
2022-02-06 05:14:18.987 [main] INFO  com.github.davidmoten.rx.RxUtil - 1
2022-02-06 05:14:18.988 [main] INFO  com.github.davidmoten.rx.RxUtil - 2
2022-02-06 05:14:18.988 [main] INFO  com.github.davidmoten.rx.RxUtil - 3
2022-02-06 05:14:19.102 [RxComputationThreadPool-11] INFO  com.github.davidmoten.rx.RxUtil - 0
2022-02-06 05:14:19.103 [RxComputationThreadPool-11] INFO  com.github.davidmoten.rx.RxUtil - 21
[FRED, JOSEPH, MARMADUKE]
2022-02-06 05:14:19.119 [main] INFO  com.zaxxer.hikari.HikariDataSource - HikariCP pool HikariPool-6 is starting.
2022-02-06 05:14:19.149 [main] INFO  com.github.davidmoten.rx.RxUtil - 21
2022-02-06 05:14:19.149 [main] INFO  com.github.davidmoten.rx.RxUtil - 34
2022-02-06 05:14:19.186 [main] INFO  com.github.davidmoten.rx.RxUtil - rx.Observable@7357a011
2022-02-06 05:14:19.187 [main] INFO  com.github.davidmoten.rx.RxUtil - rx.Observable@7357a011
2022-02-06 05:14:19.187 [main] INFO  com.github.davidmoten.rx.RxUtil - rx.Observable@3406472c
2022-02-06 05:14:19.188 [main] INFO  com.github.davidmoten.rx.RxUtil - rx.Observable@68f4865
2022-02-06 05:14:19.188 [main] INFO  com.github.davidmoten.rx.RxUtil - rx.Observable@68f4865
2022-02-06 05:14:19.188 [main] INFO  com.github.davidmoten.rx.RxUtil - rx.Observable@4816278d
2022-02-06 05:14:19.195 [main] INFO  com.github.davidmoten.rx.jdbc.DatabaseTestBase - committed 1
2022-02-06 05:14:19.196 [main] INFO  com.github.davidmoten.rx.jdbc.DatabaseTestBase - gets ok
2022-02-06 05:14:19.196 [main] INFO  com.github.davidmoten.rx.jdbc.DatabaseTestBase - closes ok
Syntax error in SQL statement "ZZZ[*] "; SQL statement:
zzz [42000-178]
Syntax error in SQL statement "ZZZ[*] "; SQL statement:
zzz [42000-178]
2022-02-06 05:14:19.216 [main] INFO  com.zaxxer.hikari.HikariDataSource - HikariCP pool HikariPool-7 is starting.
2022-02-06 05:14:19.220 [main] INFO  com.zaxxer.hikari.pool.HikariPool - HikariCP pool HikariPool-7 is shutting down.
2022-02-06 05:14:19.226 [main] INFO  com.github.davidmoten.rx.jdbc.DatabaseTestBase - committed 1
2022-02-06 05:14:19.226 [main] INFO  com.github.davidmoten.rx.jdbc.DatabaseTestBase - gets ok
2022-02-06 05:14:19.226 [main] INFO  com.github.davidmoten.rx.jdbc.DatabaseTestBase - closes ok
2022-02-06 05:14:19.232 [main] INFO  com.github.davidmoten.rx.RxUtil - rx.Observable@7aaca91a
2022-02-06 05:14:19.232 [main] INFO  com.github.davidmoten.rx.RxUtil - rx.Observable@7aaca91a
2022-02-06 05:14:19.232 [main] INFO  com.github.davidmoten.rx.RxUtil - rx.Observable@44c73c26
2022-02-06 05:14:19.233 [main] INFO  com.github.davidmoten.rx.RxUtil - rx.Observable@60b4beb4
2022-02-06 05:14:19.233 [main] INFO  com.github.davidmoten.rx.RxUtil - rx.Observable@60b4beb4
2022-02-06 05:14:19.233 [main] INFO  com.github.davidmoten.rx.RxUtil - rx.Observable@7fcf2fc1
2022-02-06 05:14:19.259 [main] INFO  com.github.davidmoten.rx.RxUtil - 99
2022-02-06 05:14:19.259 [main] INFO  com.github.davidmoten.rx.RxUtil - 88
2022-02-06 05:14:19.368 [RxComputationThreadPool-12] INFO  com.github.davidmoten.rx.RxUtil - 0
2022-02-06 05:14:19.369 [RxComputationThreadPool-12] INFO  com.github.davidmoten.rx.RxUtil - 21
threads=[main]
2022-02-06 05:14:19.445 [main] INFO  com.zaxxer.hikari.HikariDataSource - HikariCP pool HikariPool-8 is starting.
[MARMADUKE, JOSEPH, MARMADUKE, JOSEPH, MARMADUKE, MARMADUKE, MARMADUKE, JOSEPH, MARMADUKE, JOSEPH, MARMADUKE, MARMADUKE]
2022-02-06 05:14:19.533 [main] INFO  com.github.davidmoten.rx.RxUtil - 99
2022-02-06 05:14:19.534 [main] INFO  com.github.davidmoten.rx.RxUtil - 88
2022-02-06 05:14:19.561 [main] INFO  com.github.davidmoten.rx.RxUtil - 3
Column "NAMEZ" not found; SQL statement:
select namez from person where name=? [42122-178]
Column "NAMEZ" not found; SQL statement:
select namez from person where name=? [42122-178]
Tests run: 113, Failures: 0, Errors: 0, Skipped: 0, Time elapsed: 0.905 sec
Running com.github.davidmoten.rx.jdbc.NamedParametersTest
Tests run: 4, Failures: 0, Errors: 0, Skipped: 0, Time elapsed: 0.002 sec
Running com.github.davidmoten.rx.jdbc.QueriesTest
Tests run: 1, Failures: 0, Errors: 0, Skipped: 0, Time elapsed: 0 sec
Running com.github.davidmoten.rx.jdbc.UtilTest
Tests run: 60, Failures: 0, Errors: 0, Skipped: 0, Time elapsed: 0.833 sec
Running com.github.davidmoten.rx.jdbc.tuple.TuplesTest
Tests run: 1, Failures: 0, Errors: 0, Skipped: 0, Time elapsed: 0.001 sec

Results :

Failed tests:   testParameterOperatorBackpressure(com.github.davidmoten.rx.jdbc.DatabaseExampleTest): Number of onNext events differ; expected: 1, actual: 0

Tests run: 426, Failures: 1, Errors: 0, Skipped: 1

[INFO] ------------------------------------------------------------------------
[INFO] BUILD FAILURE
[INFO] ------------------------------------------------------------------------
[INFO] Total time: 17.467 s
[INFO] Finished at: 2022-02-06T05:14:20+00:00
[INFO] Final Memory: 20M/376M
[INFO] ------------------------------------------------------------------------
[ERROR] Failed to execute goal org.apache.maven.plugins:maven-surefire-plugin:2.12.4:test (default-test) on project rxjava-jdbc: There are test failures.
[ERROR] 
[ERROR] Please refer to /home/travis/build/failed/davidmoten/rxjava-jdbc/target/surefire-reports for the individual test results.
[ERROR] -> [Help 1]
[ERROR] 
[ERROR] To see the full stack trace of the errors, re-run Maven with the -e switch.
[ERROR] Re-run Maven using the -X switch to enable full debug logging.
[ERROR] 
[ERROR] For more information about the errors and possible solutions, please read the following articles:
[ERROR] [Help 1] http://cwiki.apache.org/confluence/display/MAVEN/MojoFailureException

travis_time:end:1c2b299e:start=1644124441792392717,finish=1644124460790143638,duration=18997750921[0K
[31;1mThe command "mvn test -Dhttps.protocols=TLSv1.2 -B" exited with 1.[0m

Done. Your build exited with 1.
