travis_fold:start:system_info[0K[33;1mBuild system information[0m
Build language: java
Build group: stable
Build dist: precise
Build id: ''
Job id: ''
[34m[1mBuild image provisioning date and time[0m
Thu Feb  5 15:09:33 UTC 2015
[34m[1mOperating System Details[0m
Distributor ID:	Ubuntu
Description:	Ubuntu 12.04.5 LTS
Release:	12.04
Codename:	precise
[34m[1mLinux Version[0m
3.13.0-29-generic
[34m[1mCookbooks Version[0m
a68419e https://github.com/travis-ci/travis-cookbooks/tree/a68419e
[34m[1mGCC version[0m
gcc (Ubuntu/Linaro 4.6.3-1ubuntu5) 4.6.3
Copyright (C) 2011 Free Software Foundation, Inc.
This is free software; see the source for copying conditions.  There is NO
warranty; not even for MERCHANTABILITY or FITNESS FOR A PARTICULAR PURPOSE.

[34m[1mLLVM version[0m
clang version 3.4 (tags/RELEASE_34/final)
Target: x86_64-unknown-linux-gnu
Thread model: posix
[34m[1mPre-installed Ruby versions[0m
ruby-1.9.3-p551
[34m[1mPre-installed Node.js versions[0m
v0.10.36
[34m[1mPre-installed Go versions[0m
1.4.1
[34m[1mRedis version[0m
redis-server 2.8.19
[34m[1mriak version[0m
2.0.2
[34m[1mMongoDB version[0m
MongoDB 2.4.12
[34m[1mCouchDB version[0m
couchdb 1.6.1
[34m[1mNeo4j version[0m
1.9.4
[34m[1mRabbitMQ Version[0m
3.4.3
[34m[1mElasticSearch version[0m
1.4.0
[34m[1mInstalled Sphinx versions[0m
2.0.10
2.1.9
2.2.6
[34m[1mDefault Sphinx version[0m
2.2.6
[34m[1mInstalled Firefox version[0m
firefox 31.0esr
[34m[1mPhantomJS version[0m
1.9.8
[34m[1mant -version[0m
Apache Ant(TM) version 1.8.2 compiled on December 3 2011
[34m[1mmvn -version[0m
Apache Maven 3.2.5 (12a6b3acb947671f09b81f49094c53f426d8cea1; 2014-12-14T17:29:23+00:00)
Maven home: /usr/local/maven
Java version: 1.7.0_76, vendor: Oracle Corporation
Java home: /usr/lib/jvm/java-7-oracle/jre
Default locale: en_US, platform encoding: ANSI_X3.4-1968
OS name: "linux", version: "3.13.0-29-generic", arch: "amd64", family: "unix"
travis_fold:end:system_info[0K
W: Failed to fetch http://apt.postgresql.org/pub/repos/apt/dists/precise-pgdg/main/binary-amd64/Packages  404  Not Found [IP: 72.32.157.246 80]

W: Failed to fetch http://apt.postgresql.org/pub/repos/apt/dists/precise-pgdg/main/binary-i386/Packages  404  Not Found [IP: 72.32.157.246 80]

W: Failed to fetch http://security.ubuntu.com/ubuntu/dists/precise-security/main/source/Sources  404  Not Found [IP: 91.189.91.39 80]

W: Failed to fetch http://security.ubuntu.com/ubuntu/dists/precise-security/restricted/source/Sources  404  Not Found [IP: 91.189.91.39 80]

W: Failed to fetch http://security.ubuntu.com/ubuntu/dists/precise-security/universe/source/Sources  404  Not Found [IP: 91.189.91.39 80]

W: Failed to fetch http://security.ubuntu.com/ubuntu/dists/precise-security/multiverse/source/Sources  404  Not Found [IP: 91.189.91.39 80]

W: Failed to fetch http://security.ubuntu.com/ubuntu/dists/precise-security/main/binary-amd64/Packages  404  Not Found [IP: 91.189.91.39 80]

W: Failed to fetch http://security.ubuntu.com/ubuntu/dists/precise-security/restricted/binary-amd64/Packages  404  Not Found [IP: 91.189.91.39 80]

W: Failed to fetch http://security.ubuntu.com/ubuntu/dists/precise-security/universe/binary-amd64/Packages  404  Not Found [IP: 91.189.91.39 80]

W: Failed to fetch http://security.ubuntu.com/ubuntu/dists/precise-security/multiverse/binary-amd64/Packages  404  Not Found [IP: 91.189.91.39 80]

W: Failed to fetch http://security.ubuntu.com/ubuntu/dists/precise-security/main/binary-i386/Packages  404  Not Found [IP: 91.189.91.39 80]

W: Failed to fetch http://security.ubuntu.com/ubuntu/dists/precise-security/restricted/binary-i386/Packages  404  Not Found [IP: 91.189.91.39 80]

W: Failed to fetch http://security.ubuntu.com/ubuntu/dists/precise-security/universe/binary-i386/Packages  404  Not Found [IP: 91.189.91.39 80]

W: Failed to fetch http://security.ubuntu.com/ubuntu/dists/precise-security/multiverse/binary-i386/Packages  404  Not Found [IP: 91.189.91.39 80]

W: Failed to fetch http://us.archive.ubuntu.com/ubuntu/dists/precise/main/source/Sources  404  Not Found [IP: 91.189.91.38 80]

W: Failed to fetch http://us.archive.ubuntu.com/ubuntu/dists/precise/restricted/source/Sources  404  Not Found [IP: 91.189.91.38 80]

W: Failed to fetch http://us.archive.ubuntu.com/ubuntu/dists/precise/universe/source/Sources  404  Not Found [IP: 91.189.91.38 80]

W: Failed to fetch http://us.archive.ubuntu.com/ubuntu/dists/precise/multiverse/source/Sources  404  Not Found [IP: 91.189.91.38 80]

W: Failed to fetch http://us.archive.ubuntu.com/ubuntu/dists/precise/main/binary-amd64/Packages  404  Not Found [IP: 91.189.91.38 80]

W: Failed to fetch http://us.archive.ubuntu.com/ubuntu/dists/precise/restricted/binary-amd64/Packages  404  Not Found [IP: 91.189.91.38 80]

W: Failed to fetch http://us.archive.ubuntu.com/ubuntu/dists/precise/universe/binary-amd64/Packages  404  Not Found [IP: 91.189.91.38 80]

W: Failed to fetch http://us.archive.ubuntu.com/ubuntu/dists/precise/multiverse/binary-amd64/Packages  404  Not Found [IP: 91.189.91.38 80]

W: Failed to fetch http://us.archive.ubuntu.com/ubuntu/dists/precise/main/binary-i386/Packages  404  Not Found [IP: 91.189.91.38 80]

W: Failed to fetch http://us.archive.ubuntu.com/ubuntu/dists/precise/restricted/binary-i386/Packages  404  Not Found [IP: 91.189.91.38 80]

W: Failed to fetch http://us.archive.ubuntu.com/ubuntu/dists/precise/universe/binary-i386/Packages  404  Not Found [IP: 91.189.91.38 80]

W: Failed to fetch http://us.archive.ubuntu.com/ubuntu/dists/precise/multiverse/binary-i386/Packages  404  Not Found [IP: 91.189.91.38 80]

W: Failed to fetch http://us.archive.ubuntu.com/ubuntu/dists/precise-updates/main/source/Sources  404  Not Found [IP: 91.189.91.38 80]

W: Failed to fetch http://us.archive.ubuntu.com/ubuntu/dists/precise-updates/restricted/source/Sources  404  Not Found [IP: 91.189.91.38 80]

W: Failed to fetch http://us.archive.ubuntu.com/ubuntu/dists/precise-updates/universe/source/Sources  404  Not Found [IP: 91.189.91.38 80]

W: Failed to fetch http://us.archive.ubuntu.com/ubuntu/dists/precise-updates/multiverse/source/Sources  404  Not Found [IP: 91.189.91.38 80]

W: Failed to fetch http://us.archive.ubuntu.com/ubuntu/dists/precise-updates/main/binary-amd64/Packages  404  Not Found [IP: 91.189.91.38 80]

W: Failed to fetch http://us.archive.ubuntu.com/ubuntu/dists/precise-updates/restricted/binary-amd64/Packages  404  Not Found [IP: 91.189.91.38 80]

W: Failed to fetch http://us.archive.ubuntu.com/ubuntu/dists/precise-updates/universe/binary-amd64/Packages  404  Not Found [IP: 91.189.91.38 80]

W: Failed to fetch http://us.archive.ubuntu.com/ubuntu/dists/precise-updates/multiverse/binary-amd64/Packages  404  Not Found [IP: 91.189.91.38 80]

W: Failed to fetch http://us.archive.ubuntu.com/ubuntu/dists/precise-updates/main/binary-i386/Packages  404  Not Found [IP: 91.189.91.38 80]

W: Failed to fetch http://us.archive.ubuntu.com/ubuntu/dists/precise-updates/restricted/binary-i386/Packages  404  Not Found [IP: 91.189.91.38 80]

W: Failed to fetch http://us.archive.ubuntu.com/ubuntu/dists/precise-updates/universe/binary-i386/Packages  404  Not Found [IP: 91.189.91.38 80]

W: Failed to fetch http://us.archive.ubuntu.com/ubuntu/dists/precise-updates/multiverse/binary-i386/Packages  404  Not Found [IP: 91.189.91.38 80]

W: Failed to fetch http://us.archive.ubuntu.com/ubuntu/dists/precise-backports/main/source/Sources  404  Not Found [IP: 91.189.91.38 80]

W: Failed to fetch http://us.archive.ubuntu.com/ubuntu/dists/precise-backports/restricted/source/Sources  404  Not Found [IP: 91.189.91.38 80]

W: Failed to fetch http://us.archive.ubuntu.com/ubuntu/dists/precise-backports/universe/source/Sources  404  Not Found [IP: 91.189.91.38 80]

W: Failed to fetch http://us.archive.ubuntu.com/ubuntu/dists/precise-backports/multiverse/source/Sources  404  Not Found [IP: 91.189.91.38 80]

W: Failed to fetch http://us.archive.ubuntu.com/ubuntu/dists/precise-backports/main/binary-amd64/Packages  404  Not Found [IP: 91.189.91.38 80]

W: Failed to fetch http://us.archive.ubuntu.com/ubuntu/dists/precise-backports/restricted/binary-amd64/Packages  404  Not Found [IP: 91.189.91.38 80]

W: Failed to fetch http://us.archive.ubuntu.com/ubuntu/dists/precise-backports/universe/binary-amd64/Packages  404  Not Found [IP: 91.189.91.38 80]

W: Failed to fetch http://us.archive.ubuntu.com/ubuntu/dists/precise-backports/multiverse/binary-amd64/Packages  404  Not Found [IP: 91.189.91.38 80]

W: Failed to fetch http://us.archive.ubuntu.com/ubuntu/dists/precise-backports/main/binary-i386/Packages  404  Not Found [IP: 91.189.91.38 80]

W: Failed to fetch http://us.archive.ubuntu.com/ubuntu/dists/precise-backports/restricted/binary-i386/Packages  404  Not Found [IP: 91.189.91.38 80]

W: Failed to fetch http://us.archive.ubuntu.com/ubuntu/dists/precise-backports/universe/binary-i386/Packages  404  Not Found [IP: 91.189.91.38 80]

W: Failed to fetch http://us.archive.ubuntu.com/ubuntu/dists/precise-backports/multiverse/binary-i386/Packages  404  Not Found [IP: 91.189.91.38 80]

W: Failed to fetch http://ppa.launchpad.net/rwky/ppa/ubuntu/dists/precise/main/binary-amd64/Packages  403  Forbidden

W: Failed to fetch http://ppa.launchpad.net/rwky/ppa/ubuntu/dists/precise/main/binary-i386/Packages  403  Forbidden

W: Failed to fetch http://ppa.launchpad.net/travis-ci/zero-mq/ubuntu/dists/precise/main/binary-amd64/Packages  403  Forbidden

W: Failed to fetch http://ppa.launchpad.net/travis-ci/zero-mq/ubuntu/dists/precise/main/binary-i386/Packages  403  Forbidden

W: Failed to fetch http://downloads-distro.mongodb.org/repo/debian-sysvinit/dists/dist/10gen/binary-amd64/Packages  Undetermined Error [IP: 52.21.89.200 80]

W: Failed to fetch http://downloads-distro.mongodb.org/repo/debian-sysvinit/dists/dist/10gen/binary-i386/Packages  Undetermined Error [IP: 52.21.89.200 80]

E: Some index files failed to download. They have been ignored, or old ones used instead.
sed: cannot rename /etc/hosts: Device or resource busy
sed: cannot rename /etc/hosts: Device or resource busy
$ jdk_switcher use oraclejdk8
Switching to Oracle JDK8 (java-8-oracle), JAVA_HOME will be set to /usr/lib/jvm/java-8-oracle
$ cd failed/GoClipse/goclipse
$ java -Xmx32m -version
java version "1.8.0_31"
Java(TM) SE Runtime Environment (build 1.8.0_31-b13)
Java HotSpot(TM) 64-Bit Server VM (build 25.31-b07, mixed mode)
$ javac -J-Xmx32m -version
javac 1.8.0_31
travis_fold:start:before_install.1[0Ktravis_time:start:2c18b29b[0K$ export DISPLAY=:99.0

travis_time:end:2c18b29b:start=1644104837601711457,finish=1644104837609912378,duration=8200921[0Ktravis_fold:end:before_install.1[0Ktravis_fold:start:before_install.2[0Ktravis_time:start:11161acc[0K$ sh -e /etc/init.d/xvfb start
Starting virtual X frame buffer: Xvfb.

travis_time:end:11161acc:start=1644104837619620348,finish=1644104837629911929,duration=10291581[0Ktravis_fold:end:before_install.2[0Ktravis_fold:start:install[0Ktravis_time:start:13000646[0K$ 

travis_time:end:13000646:start=1644104837639641727,finish=1644104837647686580,duration=8044853[0Ktravis_fold:end:install[0Ktravis_time:start:03047d6c[0K$ export MAVEN_OPTS="-Xmx2g"

travis_time:end:03047d6c:start=1644104837657428992,finish=1644104837665957329,duration=8528337[0K
[32;1mThe command "export MAVEN_OPTS="-Xmx2g"" exited with 0.[0m
travis_time:start:27780198[0K$ mvn clean integration-test -Dhttps.protocols=TLSv1.2
Java HotSpot(TM) 64-Bit Server VM warning: ignoring option MaxPermSize=192m; support was removed in 8.0
[INFO] Scanning for projects...
[WARNING] No explicit target runtime environment configuration. Build is platform dependent.
[WARNING] No explicit target runtime environment configuration. Build is platform dependent.
[WARNING] No explicit target runtime environment configuration. Build is platform dependent.
[WARNING] No explicit target runtime environment configuration. Build is platform dependent.
[WARNING] No explicit target runtime environment configuration. Build is platform dependent.
[WARNING] No explicit target runtime environment configuration. Build is platform dependent.
[WARNING] No explicit target runtime environment configuration. Build is platform dependent.
[WARNING] No explicit target runtime environment configuration. Build is platform dependent.
[WARNING] No explicit target runtime environment configuration. Build is platform dependent.
[INFO] Computing target platform for MavenProject: com.googlecode:com.googlecode.goclipse.jvmcheck:1.0.0-SNAPSHOT @ /home/travis/build/failed/GoClipse/goclipse/releng/plugin_jvmcheck/pom.xml
[INFO] Adding repository http://archive.eclipse.org/tools/orbit/downloads/drops/R20130517111416/repository
[INFO] Fetching p2.index from http://download.eclipse.org/releases/mars/ (0B of 128B at 0B/s)
[INFO] Adding repository http://download.eclipse.org/releases/mars
[INFO] Fetching p2.index from http://download.eclipse.org/technology/epp/packages/mars/ (0B of 142B at 0B/s)
[INFO] Fetching p2.index from http://download.eclipse.org/releases/mars/201506241002/ (0B of 142B at 0B/s)
[INFO] Fetching p2.index from http://download.eclipse.org/releases/mars/201510021000/ (0B of 142B at 0B/s)
[INFO] Fetching p2.index from http://download.eclipse.org/releases/mars/201602261000/ (0B of 142B at 0B/s)
[INFO] Resolving dependencies of MavenProject: com.googlecode:com.googlecode.goclipse.jvmcheck:1.0.0-SNAPSHOT @ /home/travis/build/failed/GoClipse/goclipse/releng/plugin_jvmcheck/pom.xml
[INFO] Resolving class path of MavenProject: com.googlecode:com.googlecode.goclipse.jvmcheck:1.0.0-SNAPSHOT @ /home/travis/build/failed/GoClipse/goclipse/releng/plugin_jvmcheck/pom.xml
[INFO] Computing target platform for MavenProject: com.googlecode:com.googlecode.goclipse.tooling:0.13.0-SNAPSHOT @ /home/travis/build/failed/GoClipse/goclipse/plugin_tooling/pom.xml
[INFO] Resolving dependencies of MavenProject: com.googlecode:com.googlecode.goclipse.tooling:0.13.0-SNAPSHOT @ /home/travis/build/failed/GoClipse/goclipse/plugin_tooling/pom.xml
[INFO] Resolving class path of MavenProject: com.googlecode:com.googlecode.goclipse.tooling:0.13.0-SNAPSHOT @ /home/travis/build/failed/GoClipse/goclipse/plugin_tooling/pom.xml
[INFO] Computing target platform for MavenProject: com.googlecode:com.googlecode.goclipse.core:0.13.0-SNAPSHOT @ /home/travis/build/failed/GoClipse/goclipse/plugin_ide.core/pom.xml
[INFO] Resolving dependencies of MavenProject: com.googlecode:com.googlecode.goclipse.core:0.13.0-SNAPSHOT @ /home/travis/build/failed/GoClipse/goclipse/plugin_ide.core/pom.xml
[INFO] Resolving class path of MavenProject: com.googlecode:com.googlecode.goclipse.core:0.13.0-SNAPSHOT @ /home/travis/build/failed/GoClipse/goclipse/plugin_ide.core/pom.xml
[INFO] Computing target platform for MavenProject: com.googlecode:com.googlecode.goclipse.core.tests:0.13.0-SNAPSHOT @ /home/travis/build/failed/GoClipse/goclipse/plugin_ide.core.tests/pom.xml
[INFO] Resolving dependencies of MavenProject: com.googlecode:com.googlecode.goclipse.core.tests:0.13.0-SNAPSHOT @ /home/travis/build/failed/GoClipse/goclipse/plugin_ide.core.tests/pom.xml
[INFO] Resolving class path of MavenProject: com.googlecode:com.googlecode.goclipse.core.tests:0.13.0-SNAPSHOT @ /home/travis/build/failed/GoClipse/goclipse/plugin_ide.core.tests/pom.xml
[INFO] Computing target platform for MavenProject: com.googlecode:com.googlecode.goclipse.ui:0.13.0-SNAPSHOT @ /home/travis/build/failed/GoClipse/goclipse/plugin_ide.ui/pom.xml
[INFO] Resolving dependencies of MavenProject: com.googlecode:com.googlecode.goclipse.ui:0.13.0-SNAPSHOT @ /home/travis/build/failed/GoClipse/goclipse/plugin_ide.ui/pom.xml
[INFO] Resolving class path of MavenProject: com.googlecode:com.googlecode.goclipse.ui:0.13.0-SNAPSHOT @ /home/travis/build/failed/GoClipse/goclipse/plugin_ide.ui/pom.xml
[INFO] Computing target platform for MavenProject: com.googlecode:com.googlecode.goclipse.ui.tests:0.13.0-SNAPSHOT @ /home/travis/build/failed/GoClipse/goclipse/plugin_ide.ui.tests/pom.xml
[INFO] Resolving dependencies of MavenProject: com.googlecode:com.googlecode.goclipse.ui.tests:0.13.0-SNAPSHOT @ /home/travis/build/failed/GoClipse/goclipse/plugin_ide.ui.tests/pom.xml
[INFO] Resolving class path of MavenProject: com.googlecode:com.googlecode.goclipse.ui.tests:0.13.0-SNAPSHOT @ /home/travis/build/failed/GoClipse/goclipse/plugin_ide.ui.tests/pom.xml
[INFO] Computing target platform for MavenProject: com.googlecode:com.googlecode.goclipse.debug:0.13.0-SNAPSHOT @ /home/travis/build/failed/GoClipse/goclipse/plugin_ide.debug/pom.xml
[INFO] Resolving dependencies of MavenProject: com.googlecode:com.googlecode.goclipse.debug:0.13.0-SNAPSHOT @ /home/travis/build/failed/GoClipse/goclipse/plugin_ide.debug/pom.xml
[INFO] Resolving class path of MavenProject: com.googlecode:com.googlecode.goclipse.debug:0.13.0-SNAPSHOT @ /home/travis/build/failed/GoClipse/goclipse/plugin_ide.debug/pom.xml
[INFO] Computing target platform for MavenProject: com.googlecode:goclipse_feature:0.13.0-SNAPSHOT @ /home/travis/build/failed/GoClipse/goclipse/feature/pom.xml
[INFO] Resolving dependencies of MavenProject: com.googlecode:goclipse_feature:0.13.0-SNAPSHOT @ /home/travis/build/failed/GoClipse/goclipse/feature/pom.xml
[INFO] Resolving class path of MavenProject: com.googlecode:goclipse_feature:0.13.0-SNAPSHOT @ /home/travis/build/failed/GoClipse/goclipse/feature/pom.xml
[INFO] Computing target platform for MavenProject: com.googlecode:features.repository:1.0.0-SNAPSHOT @ /home/travis/build/failed/GoClipse/goclipse/releng/repository/pom.xml
[INFO] Resolving dependencies of MavenProject: com.googlecode:features.repository:1.0.0-SNAPSHOT @ /home/travis/build/failed/GoClipse/goclipse/releng/repository/pom.xml
[INFO] Resolving class path of MavenProject: com.googlecode:features.repository:1.0.0-SNAPSHOT @ /home/travis/build/failed/GoClipse/goclipse/releng/repository/pom.xml
[INFO] ------------------------------------------------------------------------
[INFO] Reactor Build Order:
[INFO] 
[INFO] goclipse.aggregator
[INFO] com.googlecode.goclipse.jvmcheck
[INFO] com.googlecode.goclipse.tooling
[INFO] com.googlecode.goclipse.core
[INFO] com.googlecode.goclipse.core.tests
[INFO] com.googlecode.goclipse.ui
[INFO] com.googlecode.goclipse.ui.tests
[INFO] com.googlecode.goclipse.debug
[INFO] goclipse_feature
[INFO] features.repository
[INFO]                                                                         
[INFO] ------------------------------------------------------------------------
[INFO] Building goclipse.aggregator 1-SNAPSHOT
[INFO] ------------------------------------------------------------------------
[INFO] 
[INFO] --- maven-clean-plugin:2.5:clean (default-clean) @ goclipse.aggregator ---
[INFO]                                                                         
[INFO] ------------------------------------------------------------------------
[INFO] Building com.googlecode.goclipse.jvmcheck 1.0.0-SNAPSHOT
[INFO] ------------------------------------------------------------------------
[INFO] 
[INFO] --- maven-clean-plugin:2.5:clean (default-clean) @ com.googlecode.goclipse.jvmcheck ---
[INFO] 
[INFO] --- tycho-packaging-plugin:0.24.0:build-qualifier (default-build-qualifier) @ com.googlecode.goclipse.jvmcheck ---
[INFO] The project's OSGi version is 1.0.0.v202202052349
[INFO] 
[INFO] --- tycho-packaging-plugin:0.24.0:validate-id (default-validate-id) @ com.googlecode.goclipse.jvmcheck ---
[INFO] 
[INFO] --- tycho-packaging-plugin:0.24.0:validate-version (default-validate-version) @ com.googlecode.goclipse.jvmcheck ---
[INFO] 
[INFO] --- maven-resources-plugin:2.4.3:resources (default-resources) @ com.googlecode.goclipse.jvmcheck ---
[INFO] Using 'UTF-8' encoding to copy filtered resources.
[INFO] skip non existing resourceDirectory /home/travis/build/failed/GoClipse/goclipse/releng/plugin_jvmcheck/src/main/resources
[INFO] 
[INFO] --- tycho-compiler-plugin:0.24.0:compile (default-compile) @ com.googlecode.goclipse.jvmcheck ---
[INFO] Compiling 2 source files to /home/travis/build/failed/GoClipse/goclipse/bin-maven/com.googlecode.goclipse.jvmcheck/classes
[INFO] 
[INFO] --- maven-resources-plugin:2.4.3:testResources (default-testResources) @ com.googlecode.goclipse.jvmcheck ---
[INFO] Using 'UTF-8' encoding to copy filtered resources.
[INFO] skip non existing resourceDirectory /home/travis/build/failed/GoClipse/goclipse/releng/plugin_jvmcheck/src/test/resources
[INFO] 
[INFO] --- target-platform-configuration:0.24.0:target-platform (default-target-platform) @ com.googlecode.goclipse.jvmcheck ---
[INFO] 
[INFO] --- tycho-packaging-plugin:0.24.0:package-plugin (default-package-plugin) @ com.googlecode.goclipse.jvmcheck ---
[INFO] Building jar: /home/travis/build/failed/GoClipse/goclipse/bin-maven/com.googlecode.goclipse.jvmcheck/com.googlecode.goclipse.jvmcheck-1.0.0-SNAPSHOT.jar
[INFO] 
[INFO] --- tycho-p2-plugin:0.24.0:p2-metadata-default (default-p2-metadata-default) @ com.googlecode.goclipse.jvmcheck ---
[INFO]                                                                         
[INFO] ------------------------------------------------------------------------
[INFO] Building com.googlecode.goclipse.tooling 0.13.0-SNAPSHOT
[INFO] ------------------------------------------------------------------------
[INFO] 
[INFO] --- maven-clean-plugin:2.5:clean (default-clean) @ com.googlecode.goclipse.tooling ---
[INFO] 
[INFO] --- tycho-packaging-plugin:0.24.0:build-qualifier (default-build-qualifier) @ com.googlecode.goclipse.tooling ---
[INFO] The project's OSGi version is 0.13.0.v202202052349
[INFO] 
[INFO] --- tycho-packaging-plugin:0.24.0:validate-id (default-validate-id) @ com.googlecode.goclipse.tooling ---
[INFO] 
[INFO] --- tycho-packaging-plugin:0.24.0:validate-version (default-validate-version) @ com.googlecode.goclipse.tooling ---
[INFO] 
[INFO] --- maven-resources-plugin:2.4.3:resources (default-resources) @ com.googlecode.goclipse.tooling ---
[INFO] Using 'UTF-8' encoding to copy filtered resources.
[INFO] skip non existing resourceDirectory /home/travis/build/failed/GoClipse/goclipse/plugin_tooling/src/main/resources
[INFO] 
[INFO] --- tycho-compiler-plugin:0.24.0:compile (default-compile) @ com.googlecode.goclipse.tooling ---
[INFO] Compiling 229 source files to /home/travis/build/failed/GoClipse/goclipse/bin-maven/com.googlecode.goclipse.tooling/classes
[INFO] 
[INFO] --- maven-resources-plugin:2.4.3:testResources (default-testResources) @ com.googlecode.goclipse.tooling ---
[INFO] Using 'UTF-8' encoding to copy filtered resources.
[INFO] skip non existing resourceDirectory /home/travis/build/failed/GoClipse/goclipse/plugin_tooling/src/test/resources
[INFO] 
[INFO] --- target-platform-configuration:0.24.0:target-platform (default-target-platform) @ com.googlecode.goclipse.tooling ---
[INFO] 
[INFO] --- tycho-packaging-plugin:0.24.0:package-plugin (default-package-plugin) @ com.googlecode.goclipse.tooling ---
[INFO] Building jar: /home/travis/build/failed/GoClipse/goclipse/bin-maven/com.googlecode.goclipse.tooling/com.googlecode.goclipse.tooling-0.13.0-SNAPSHOT.jar
[INFO] 
[INFO] --- tycho-p2-plugin:0.24.0:p2-metadata-default (default-p2-metadata-default) @ com.googlecode.goclipse.tooling ---
[INFO] 
[INFO] --- tycho-surefire-plugin:0.24.0:test (default-test) @ com.googlecode.goclipse.tooling ---
[INFO] Expected eclipse log file: /home/travis/build/failed/GoClipse/goclipse/bin-maven/com.googlecode.goclipse.tooling/work/data/.metadata/.log
[INFO] Command line:
	[/usr/lib/jvm/java-8-oracle/jre/bin/java, -Dosgi.noShutdown=false, -Dosgi.os=linux, -Dosgi.ws=gtk, -Dosgi.arch=x86_64, -Dosgi.clean=true, -jar, /home/travis/.m2/repository/p2/osgi/bundle/org.eclipse.equinox.launcher/1.3.100.v20150511-1540/org.eclipse.equinox.launcher-1.3.100.v20150511-1540.jar, -data, /home/travis/build/failed/GoClipse/goclipse/bin-maven/com.googlecode.goclipse.tooling/work/data, -install, /home/travis/build/failed/GoClipse/goclipse/bin-maven/com.googlecode.goclipse.tooling/work, -configuration, /home/travis/build/failed/GoClipse/goclipse/bin-maven/com.googlecode.goclipse.tooling/work/configuration, -application, org.eclipse.tycho.surefire.osgibooter.headlesstest, -testproperties, /home/travis/build/failed/GoClipse/goclipse/bin-maven/com.googlecode.goclipse.tooling/surefire.properties]

-------------------------------------------------------
 T E S T S
-------------------------------------------------------
Running melnorme.utilbox.concurrency.ExecutorTaskAgent_Test
===============================  ExecutorTaskAgent_Test  ===============================
Tests run: 2, Failures: 0, Errors: 0, Skipped: 0, Time elapsed: 2.067 sec - in melnorme.utilbox.concurrency.ExecutorTaskAgent_Test
testBasic(melnorme.utilbox.concurrency.ExecutorTaskAgent_Test)  Time elapsed: 0.249 sec
testExceptionHandling(melnorme.utilbox.concurrency.ExecutorTaskAgent_Test)  Time elapsed: 1.79 sec
Running melnorme.utilbox.collections.Indexable_Tests
Tests run: 2, Failures: 0, Errors: 0, Skipped: 0, Time elapsed: 0.003 sec - in melnorme.utilbox.collections.Indexable_Tests
testListMethod(melnorme.utilbox.collections.Indexable_Tests)  Time elapsed: 0 sec
testEquals(melnorme.utilbox.collections.Indexable_Tests)  Time elapsed: 0 sec
Running melnorme.utilbox.misc.StringUtil_Test
Tests run: 1, Failures: 0, Errors: 0, Skipped: 0, Time elapsed: 0.001 sec - in melnorme.utilbox.misc.StringUtil_Test
testCommonPrefix(melnorme.utilbox.misc.StringUtil_Test)  Time elapsed: 0 sec
Running melnorme.lang.tooling.ops.util.SourceLinesInfo_Test
===============================  SourceLinesInfo_Test  ===============================
Tests run: 1, Failures: 0, Errors: 0, Skipped: 0, Time elapsed: 0.006 sec - in melnorme.lang.tooling.ops.util.SourceLinesInfo_Test
test(melnorme.lang.tooling.ops.util.SourceLinesInfo_Test)  Time elapsed: 0.004 sec
Running melnorme.lang.tooling.parser.lexer.CharacterLexingRule_Test
Tests run: 1, Failures: 0, Errors: 0, Skipped: 0, Time elapsed: 0.001 sec - in melnorme.lang.tooling.parser.lexer.CharacterLexingRule_Test
test(melnorme.lang.tooling.parser.lexer.CharacterLexingRule_Test)  Time elapsed: 0 sec
Running melnorme.lang.tooling.parser.TextBlocksReader_Test
Tests run: 1, Failures: 0, Errors: 0, Skipped: 0, Time elapsed: 0.007 sec - in melnorme.lang.tooling.parser.TextBlocksReader_Test
test(melnorme.lang.tooling.parser.TextBlocksReader_Test)  Time elapsed: 0.006 sec
Running melnorme.lang.utils.parse.ParseSource_Test$StringParseSource_Test
===============================  StringParseSource_Test  ===============================
Tests run: 3, Failures: 0, Errors: 0, Skipped: 0, Time elapsed: 0.004 sec - in melnorme.lang.utils.parse.ParseSource_Test$StringParseSource_Test
test_consumeDelimited(melnorme.lang.utils.parse.ParseSource_Test$StringParseSource_Test)  Time elapsed: 0.001 sec
test(melnorme.lang.utils.parse.ParseSource_Test$StringParseSource_Test)  Time elapsed: 0.001 sec
testConsumeNewline(melnorme.lang.utils.parse.ParseSource_Test$StringParseSource_Test)  Time elapsed: 0.001 sec
Running melnorme.lang.tests.NumberRuleTest
===============================  NumberRuleTest  ===============================
Tests run: 1, Failures: 0, Errors: 0, Skipped: 0, Time elapsed: 0.002 sec - in melnorme.lang.tests.NumberRuleTest
test(melnorme.lang.tests.NumberRuleTest)  Time elapsed: 0.001 sec
Running com.googlecode.goclipse.tooling.oracle.GoOracleFindDefinitionOperation_Test
====>> WORKING DIR: /tmp/_tests
[==] testResourcesDir: ../plugin_tooling/testdata
===============================  GoOracleFindDefinitionOperation_Test  ===============================
Tests run: 2, Failures: 0, Errors: 0, Skipped: 0, Time elapsed: 0.009 sec - in com.googlecode.goclipse.tooling.oracle.GoOracleFindDefinitionOperation_Test
test(com.googlecode.goclipse.tooling.oracle.GoOracleFindDefinitionOperation_Test)  Time elapsed: 0.004 sec
testCreateProcessBuilder(com.googlecode.goclipse.tooling.oracle.GoOracleFindDefinitionOperation_Test)  Time elapsed: 0.002 sec
Running com.googlecode.goclipse.tooling.oracle.OraclePackageDescribeParser_Test
===============================  OraclePackageDescribeParser_Test  ===============================
Tests run: 1, Failures: 0, Errors: 1, Skipped: 0, Time elapsed: 0.022 sec <<< FAILURE! - in com.googlecode.goclipse.tooling.oracle.OraclePackageDescribeParser_Test
test(com.googlecode.goclipse.tooling.oracle.OraclePackageDescribeParser_Test)  Time elapsed: 0.016 sec  <<< ERROR!
melnorme.utilbox.core.CommonException: Invalid column, out of bounds.
	at melnorme.lang.tooling.ops.util.SourceLinesInfo.getValidateOffset_do(SourceLinesInfo.java:104)
	at melnorme.lang.tooling.ops.util.SourceLinesInfo.getValidatedOffset_1(SourceLinesInfo.java:80)
	at melnorme.lang.tooling.ops.SourceFileLocation.parseSourceRangeFrom1BasedIndex(SourceFileLocation.java:96)
	at com.googlecode.goclipse.tooling.oracle.OraclePackageDescribeParser.parseStructureElement(OraclePackageDescribeParser.java:134)
	at com.googlecode.goclipse.tooling.oracle.OraclePackageDescribeParser.parseElements(OraclePackageDescribeParser.java:98)
	at com.googlecode.goclipse.tooling.oracle.OraclePackageDescribeParser.parseStructureElement(OraclePackageDescribeParser.java:182)
	at com.googlecode.goclipse.tooling.oracle.OraclePackageDescribeParser.parseElements(OraclePackageDescribeParser.java:98)
	at com.googlecode.goclipse.tooling.oracle.OraclePackageDescribeParser.doParseJsonResult(OraclePackageDescribeParser.java:79)
	at com.googlecode.goclipse.tooling.oracle.OraclePackageDescribeParser.parse(OraclePackageDescribeParser.java:62)
	at com.googlecode.goclipse.tooling.oracle.OraclePackageDescribeParser_Test.test$(OraclePackageDescribeParser_Test.java:172)
	at com.googlecode.goclipse.tooling.oracle.OraclePackageDescribeParser_Test.test(OraclePackageDescribeParser_Test.java:116)

Running com.googlecode.goclipse.tooling.env.GoEnvironmentTest
===============================  GoEnvironmentTest  ===============================
Tests run: 4, Failures: 0, Errors: 0, Skipped: 0, Time elapsed: 0.036 sec - in com.googlecode.goclipse.tooling.env.GoEnvironmentTest
test_GoPath(com.googlecode.goclipse.tooling.env.GoEnvironmentTest)  Time elapsed: 0.002 sec
test_GoPackageName(com.googlecode.goclipse.tooling.env.GoEnvironmentTest)  Time elapsed: 0.001 sec
testFindSourcePackage(com.googlecode.goclipse.tooling.env.GoEnvironmentTest)  Time elapsed: 0.03 sec
test(com.googlecode.goclipse.tooling.env.GoEnvironmentTest)  Time elapsed: 0 sec
Running com.googlecode.goclipse.tooling.lexer.GoNumberRuleTest
===============================  GoNumberRuleTest  ===============================
Tests run: 1, Failures: 0, Errors: 0, Skipped: 0, Time elapsed: 0.001 sec - in com.googlecode.goclipse.tooling.lexer.GoNumberRuleTest
test(com.googlecode.goclipse.tooling.lexer.GoNumberRuleTest)  Time elapsed: 0 sec
Running com.googlecode.goclipse.tooling.GoBuildOutputProcessorTest
===============================  GoBuildOutputProcessorTest  ===============================
Tests run: 1, Failures: 0, Errors: 0, Skipped: 0, Time elapsed: 0.1 sec - in com.googlecode.goclipse.tooling.GoBuildOutputProcessorTest
test(com.googlecode.goclipse.tooling.GoBuildOutputProcessorTest)  Time elapsed: 0.098 sec
Running com.googlecode.goclipse.tooling.GoSourceFileUtilTest
===============================  GoSourceFileUtilTest  ===============================
Tests run: 1, Failures: 0, Errors: 0, Skipped: 0, Time elapsed: 0.003 sec - in com.googlecode.goclipse.tooling.GoSourceFileUtilTest
test(com.googlecode.goclipse.tooling.GoSourceFileUtilTest)  Time elapsed: 0.001 sec

Results :

Tests in error: 
  OraclePackageDescribeParser_Test.test:116->test$:172 Â» Common Invalid column, ...

Tests run: 22, Failures: 0, Errors: 1, Skipped: 0

[INFO] ------------------------------------------------------------------------
[INFO] Reactor Summary:
[INFO] 
[INFO] goclipse.aggregator ................................ SUCCESS [  0.635 s]
[INFO] com.googlecode.goclipse.jvmcheck ................... SUCCESS [ 11.880 s]
[INFO] com.googlecode.goclipse.tooling .................... FAILURE [ 30.448 s]
[INFO] com.googlecode.goclipse.core ....................... SKIPPED
[INFO] com.googlecode.goclipse.core.tests ................. SKIPPED
[INFO] com.googlecode.goclipse.ui ......................... SKIPPED
[INFO] com.googlecode.goclipse.ui.tests ................... SKIPPED
[INFO] com.googlecode.goclipse.debug ...................... SKIPPED
[INFO] goclipse_feature ................................... SKIPPED
[INFO] features.repository ................................ SKIPPED
[INFO] ------------------------------------------------------------------------
[INFO] BUILD FAILURE
[INFO] ------------------------------------------------------------------------
[INFO] Total time: 03:15 min
[INFO] Finished at: 2022-02-05T23:50:34+00:00
[INFO] Final Memory: 80M/279M
[INFO] ------------------------------------------------------------------------
[ERROR] Failed to execute goal org.eclipse.tycho:tycho-surefire-plugin:0.24.0:test (default-test) on project com.googlecode.goclipse.tooling: There are test failures.
[ERROR] 
[ERROR] Please refer to /home/travis/build/failed/GoClipse/goclipse/bin-maven/com.googlecode.goclipse.tooling/surefire-reports for the individual test results.
[ERROR] -> [Help 1]
[ERROR] 
[ERROR] To see the full stack trace of the errors, re-run Maven with the -e switch.
[ERROR] Re-run Maven using the -X switch to enable full debug logging.
[ERROR] 
[ERROR] For more information about the errors and possible solutions, please read the following articles:
[ERROR] [Help 1] http://cwiki.apache.org/confluence/display/MAVEN/MojoFailureException
[ERROR] 
[ERROR] After correcting the problems, you can resume the build with the command
[ERROR]   mvn <goals> -rf :com.googlecode.goclipse.tooling

travis_time:end:27780198:start=1644104837675163549,finish=1644105043638156072,duration=205962992523[0K
[31;1mThe command "mvn clean integration-test -Dhttps.protocols=TLSv1.2" exited with 1.[0m

Done. Your build exited with 1.
