travis_time:start:025b0728[0Ktravis_time:end:025b0728:start=1643460855127709836,finish=1643460855469503462,duration=341793626,event=no_world_writable_dirs[0Ktravis_time:start:2f51a930[0Ktravis_time:end:2f51a930:start=1643460855476169273,finish=1643460855480325912,duration=4156639,event=check_unsupported[0Ktravis_time:start:026d03e5[0Ktravis_fold:start:system_info[0K[33;1mBuild system information[0m
Build language: java
Build group: stable
Build dist: trusty
Build id: ''
Job id: ''
Runtime kernel version: 4.15.0-109-generic
[34m[1mBuild image provisioning date and time[0m
Tue Dec  5 20:11:19 UTC 2017
[34m[1mOperating System Details[0m
Distributor ID:	Ubuntu
Description:	Ubuntu 14.04.5 LTS
Release:	14.04
Codename:	trusty
[34m[1mCookbooks Version[0m
7c2c6a6 https://github.com/travis-ci/travis-cookbooks/tree/7c2c6a6
[34m[1mgit version[0m
git version 2.15.1
[34m[1mbash version[0m
GNU bash, version 4.3.11(1)-release (x86_64-pc-linux-gnu)
[34m[1mgcc version[0m
gcc (Ubuntu 4.8.4-2ubuntu1~14.04.3) 4.8.4
Copyright (C) 2013 Free Software Foundation, Inc.
This is free software; see the source for copying conditions.  There is NO
warranty; not even for MERCHANTABILITY or FITNESS FOR A PARTICULAR PURPOSE.

[34m[1mdocker version[0m
Client:
 Version:      17.09.0-ce
 API version:  1.32
 Go version:   go1.8.3
 Git commit:   afdb6d4
 Built:        Tue Sep 26 22:39:28 2017
 OS/Arch:      linux/amd64
[34m[1mclang version[0m
clang version 5.0.0 (tags/RELEASE_500/final)
Target: x86_64-unknown-linux-gnu
Thread model: posix
InstalledDir: /usr/local/clang-5.0.0/bin
[34m[1mjq version[0m
jq-1.5
[34m[1mbats version[0m
Bats 0.4.0
[34m[1mshellcheck version[0m
0.4.6
[34m[1mshfmt version[0m
v2.0.0
[34m[1mccache version[0m
ccache version 3.1.9

Copyright (C) 2002-2007 Andrew Tridgell
Copyright (C) 2009-2011 Joel Rosdahl

This program is free software; you can redistribute it and/or modify it under
the terms of the GNU General Public License as published by the Free Software
Foundation; either version 3 of the License, or (at your option) any later
version.
[34m[1mcmake version[0m
cmake version 3.9.2

CMake suite maintained and supported by Kitware (kitware.com/cmake).
[34m[1mheroku version[0m
heroku-cli/6.14.39-addc925 (linux-x64) node-v9.2.0
[34m[1mimagemagick version[0m
Version: ImageMagick 6.7.7-10 2017-07-31 Q16 http://www.imagemagick.org
[34m[1mmd5deep version[0m
4.2
[34m[1mmercurial version[0m
Mercurial Distributed SCM (version 4.2.2)
(see https://mercurial-scm.org for more information)

Copyright (C) 2005-2017 Matt Mackall and others
This is free software; see the source for copying conditions. There is NO
warranty; not even for MERCHANTABILITY or FITNESS FOR A PARTICULAR PURPOSE.
[34m[1mmysql version[0m
mysql  Ver 14.14 Distrib 5.6.33, for debian-linux-gnu (x86_64) using  EditLine wrapper
[34m[1mopenssl version[0m
OpenSSL 1.0.1f 6 Jan 2014
[34m[1mpacker version[0m
Packer v1.0.2

Your version of Packer is out of date! The latest version
is 1.1.2. You can update by downloading from www.packer.io
[34m[1mpostgresql client version[0m
psql (PostgreSQL) 9.6.6
[34m[1mragel version[0m
Ragel State Machine Compiler version 6.8 Feb 2013
Copyright (c) 2001-2009 by Adrian Thurston
[34m[1msubversion version[0m
svn, version 1.8.8 (r1568071)
   compiled Aug 10 2017, 17:20:39 on x86_64-pc-linux-gnu

Copyright (C) 2013 The Apache Software Foundation.
This software consists of contributions made by many people;
see the NOTICE file for more information.
Subversion is open source software, see http://subversion.apache.org/

The following repository access (RA) modules are available:

* ra_svn : Module for accessing a repository using the svn network protocol.
  - with Cyrus SASL authentication
  - handles 'svn' scheme
* ra_local : Module for accessing a repository on local disk.
  - handles 'file' scheme
* ra_serf : Module for accessing a repository via WebDAV protocol using serf.
  - using serf 1.3.3
  - handles 'http' scheme
  - handles 'https' scheme

[34m[1msudo version[0m
Sudo version 1.8.9p5
Configure options: --prefix=/usr -v --with-all-insults --with-pam --with-fqdn --with-logging=syslog --with-logfac=authpriv --with-env-editor --with-editor=/usr/bin/editor --with-timeout=15 --with-password-timeout=0 --with-passprompt=[sudo] password for %p:  --without-lecture --with-tty-tickets --disable-root-mailer --enable-admin-flag --with-sendmail=/usr/sbin/sendmail --with-timedir=/var/lib/sudo --mandir=/usr/share/man --libexecdir=/usr/lib/sudo --with-sssd --with-sssd-lib=/usr/lib/x86_64-linux-gnu --with-selinux
Sudoers policy plugin version 1.8.9p5
Sudoers file grammar version 43

Sudoers path: /etc/sudoers
Authentication methods: 'pam'
Syslog facility if syslog is being used for logging: authpriv
Syslog priority to use when user authenticates successfully: notice
Syslog priority to use when user authenticates unsuccessfully: alert
Send mail if the user is not in sudoers
Use a separate timestamp for each user/tty combo
Lecture user the first time they run sudo
Root may run sudo
Allow some information gathering to give useful error messages
Require fully-qualified hostnames in the sudoers file
Visudo will honor the EDITOR environment variable
Set the LOGNAME and USER environment variables
Length at which to wrap log file lines (0 for no wrap): 80
Authentication timestamp timeout: 15.0 minutes
Password prompt timeout: 0.0 minutes
Number of tries to enter a password: 3
Umask to use or 0777 to use user's: 022
Path to mail program: /usr/sbin/sendmail
Flags for mail program: -t
Address to send mail to: root
Subject line for mail messages: *** SECURITY information for %h ***
Incorrect password message: Sorry, try again.
Path to authentication timestamp dir: /var/lib/sudo
Default password prompt: [sudo] password for %p: 
Default user to run commands as: root
Value to override user's $PATH with: /usr/local/sbin:/usr/local/bin:/usr/sbin:/usr/bin:/sbin:/bin:/snap/bin
Path to the editor for use by visudo: /usr/bin/editor
When to require a password for 'list' pseudocommand: any
When to require a password for 'verify' pseudocommand: all
File descriptors >= 3 will be closed before executing a command
Environment variables to check for sanity:
	TZ
	TERM
	LINGUAS
	LC_*
	LANGUAGE
	LANG
	COLORTERM
Environment variables to remove:
	RUBYOPT
	RUBYLIB
	PYTHONUSERBASE
	PYTHONINSPECT
	PYTHONPATH
	PYTHONHOME
	TMPPREFIX
	ZDOTDIR
	READNULLCMD
	NULLCMD
	FPATH
	PERL5DB
	PERL5OPT
	PERL5LIB
	PERLLIB
	PERLIO_DEBUG 
	JAVA_TOOL_OPTIONS
	SHELLOPTS
	GLOBIGNORE
	PS4
	BASH_ENV
	ENV
	TERMCAP
	TERMPATH
	TERMINFO_DIRS
	TERMINFO
	_RLD*
	LD_*
	PATH_LOCALE
	NLSPATH
	HOSTALIASES
	RES_OPTIONS
	LOCALDOMAIN
	CDPATH
	IFS
Environment variables to preserve:
	JAVA_HOME
	TRAVIS
	CI
	DEBIAN_FRONTEND
	XAUTHORIZATION
	XAUTHORITY
	PS2
	PS1
	PATH
	LS_COLORS
	KRB5CCNAME
	HOSTNAME
	HOME
	DISPLAY
	COLORS
Locale to use while parsing sudoers: C
Directory in which to store input/output logs: /var/log/sudo-io
File in which to store the input/output log: %{seq}
Add an entry to the utmp/utmpx file when allocating a pty
PAM service name to use
PAM service name to use for login shells
Create a new PAM session for the command to run in
Maximum I/O log sequence number: 0

Local IP address and netmask pairs:
	172.17.0.2/255.255.0.0

Sudoers I/O plugin version 1.8.9p5
[34m[1mgzip version[0m
gzip 1.6
Copyright (C) 2007, 2010, 2011 Free Software Foundation, Inc.
Copyright (C) 1993 Jean-loup Gailly.
This is free software.  You may redistribute copies of it under the terms of
the GNU General Public License <http://www.gnu.org/licenses/gpl.html>.
There is NO WARRANTY, to the extent permitted by law.

Written by Jean-loup Gailly.
[34m[1mzip version[0m
Copyright (c) 1990-2008 Info-ZIP - Type 'zip "-L"' for software license.
This is Zip 3.0 (July 5th 2008), by Info-ZIP.
Currently maintained by E. Gordon.  Please send bug reports to
the authors using the web page at www.info-zip.org; see README for details.

Latest sources and executables are at ftp://ftp.info-zip.org/pub/infozip,
as of above date; see http://www.info-zip.org/ for other sites.

Compiled with gcc 4.8.2 for Unix (Linux ELF) on Oct 21 2013.

Zip special compilation options:
	USE_EF_UT_TIME       (store Universal Time)
	BZIP2_SUPPORT        (bzip2 library version 1.0.6, 6-Sept-2010)
	    bzip2 code and library copyright (c) Julian R Seward
	    (See the bzip2 license for terms of use)
	SYMLINK_SUPPORT      (symbolic links supported)
	LARGE_FILE_SUPPORT   (can read and write large files on file system)
	ZIP64_SUPPORT        (use Zip64 to store large files in archives)
	UNICODE_SUPPORT      (store and read UTF-8 Unicode paths)
	STORE_UNIX_UIDs_GIDs (store UID/GID sizes/values using new extra field)
	UIDGID_NOT_16BIT     (old Unix 16-bit UID/GID extra field not used)
	[encryption, version 2.91 of 05 Jan 2007] (modified for Zip 3)

Encryption notice:
	The encryption code of this program is not copyrighted and is
	put in the public domain.  It was originally written in Europe
	and, to the best of our knowledge, can be freely distributed
	in both source and object forms from any country, including
	the USA under License Exception TSU of the U.S. Export
	Administration Regulations (section 740.13(e)) of 6 June 2002.

Zip environment options:
             ZIP:  [none]
          ZIPOPT:  [none]
[34m[1mvim version[0m
VIM - Vi IMproved 7.4 (2013 Aug 10, compiled Nov 24 2016 16:43:18)
Included patches: 1-52
Extra patches: 8.0.0056
Modified by pkg-vim-maintainers@lists.alioth.debian.org
Compiled by buildd@
Huge version without GUI.  Features included (+) or not (-):
+acl             +farsi           +mouse_netterm   +syntax
+arabic          +file_in_path    +mouse_sgr       +tag_binary
+autocmd         +find_in_path    -mouse_sysmouse  +tag_old_static
-balloon_eval    +float           +mouse_urxvt     -tag_any_white
-browse          +folding         +mouse_xterm     -tcl
++builtin_terms  -footer          +multi_byte      +terminfo
+byte_offset     +fork()          +multi_lang      +termresponse
+cindent         +gettext         -mzscheme        +textobjects
-clientserver    -hangul_input    +netbeans_intg   +title
-clipboard       +iconv           +path_extra      -toolbar
+cmdline_compl   +insert_expand   -perl            +user_commands
+cmdline_hist    +jumplist        +persistent_undo +vertsplit
+cmdline_info    +keymap          +postscript      +virtualedit
+comments        +langmap         +printer         +visual
+conceal         +libcall         +profile         +visualextra
+cryptv          +linebreak       +python          +viminfo
+cscope          +lispindent      -python3         +vreplace
+cursorbind      +listcmds        +quickfix        +wildignore
+cursorshape     +localmap        +reltime         +wildmenu
+dialog_con      -lua             +rightleft       +windows
+diff            +menu            -ruby            +writebackup
+digraphs        +mksession       +scrollbind      -X11
-dnd             +modify_fname    +signs           -xfontset
-ebcdic          +mouse           +smartindent     -xim
+emacs_tags      -mouseshape      -sniff           -xsmp
+eval            +mouse_dec       +startuptime     -xterm_clipboard
+ex_extra        +mouse_gpm       +statusline      -xterm_save
+extra_search    -mouse_jsbterm   -sun_workshop    -xpm
   system vimrc file: "$VIM/vimrc"
     user vimrc file: "$HOME/.vimrc"
 2nd user vimrc file: "~/.vim/vimrc"
      user exrc file: "$HOME/.exrc"
  fall-back for $VIM: "/usr/share/vim"
Compilation: gcc -c -I. -Iproto -DHAVE_CONFIG_H     -g -O2 -fstack-protector --param=ssp-buffer-size=4 -Wformat -Werror=format-security -U_FORTIFY_SOURCE -D_FORTIFY_SOURCE=1      
Linking: gcc   -Wl,-Bsymbolic-functions -Wl,-z,relro -Wl,--as-needed -o vim        -lm -ltinfo -lnsl  -lselinux  -lacl -lattr -lgpm -ldl    -L/usr/lib/python2.7/config-x86_64-linux-gnu -lpython2.7 -lpthread -ldl -lutil -lm -Xlinker -export-dynamic -Wl,-O1 -Wl,-Bsymbolic-functions      
[34m[1miptables version[0m
iptables v1.4.21
[34m[1mcurl version[0m
curl 7.35.0 (x86_64-pc-linux-gnu) libcurl/7.35.0 OpenSSL/1.0.1f zlib/1.2.8 libidn/1.28 librtmp/2.3
[34m[1mwget version[0m
GNU Wget 1.15 built on linux-gnu.
[34m[1mrsync version[0m
rsync  version 3.1.0  protocol version 31
[34m[1mgimme version[0m
v1.2.0
[34m[1mnvm version[0m
0.33.6
[34m[1mperlbrew version[0m
/home/travis/perl5/perlbrew/bin/perlbrew  - App::perlbrew/0.80
[34m[1mphpenv version[0m
rbenv 1.1.1-25-g6aa70b6
[34m[1mrvm version[0m
rvm 1.29.3 (latest) by Michal Papis, Piotr Kuczynski, Wayne E. Seguin [https://rvm.io]
[34m[1mdefault ruby version[0m
ruby 2.4.1p111 (2017-03-22 revision 58053) [x86_64-linux]
[34m[1mCouchDB version[0m
couchdb 1.6.1
[34m[1mElasticSearch version[0m
5.5.0
[34m[1mInstalled Firefox version[0m
firefox 56.0.2
[34m[1mMongoDB version[0m
MongoDB 3.4.10
[34m[1mPhantomJS version[0m
2.1.1
[34m[1mPre-installed PostgreSQL versions[0m
9.2.24
9.3.20
9.4.15
9.5.10
9.6.6
[34m[1mRabbitMQ Version[0m
3.6.14
[34m[1mRedis version[0m
redis-server 4.0.6
[34m[1mriak version[0m
2.2.3
[34m[1mPre-installed Go versions[0m
1.7.4
[34m[1mant version[0m
Apache Ant(TM) version 1.9.3 compiled on April 8 2014
[34m[1mmvn version[0m
Apache Maven 3.5.2 (138edd61fd100ec658bfa2d307c43b76940a5d7d; 2017-10-18T07:58:13Z)
Maven home: /usr/local/maven-3.5.2
Java version: 1.8.0_151, vendor: Oracle Corporation
Java home: /usr/lib/jvm/java-8-oracle/jre
Default locale: en_US, platform encoding: UTF-8
OS name: "linux", version: "4.4.0-101-generic", arch: "amd64", family: "unix"
[34m[1mgradle version[0m

------------------------------------------------------------
Gradle 4.0.1
------------------------------------------------------------

Build time:   2017-07-07 14:02:41 UTC
Revision:     38e5dc0f772daecca1d2681885d3d85414eb6826

Groovy:       2.4.11
Ant:          Apache Ant(TM) version 1.9.6 compiled on June 29 2015
JVM:          1.8.0_151 (Oracle Corporation 25.151-b12)
OS:           Linux 4.4.0-101-generic amd64

[34m[1mlein version[0m
Leiningen 2.8.1 on Java 1.8.0_151 Java HotSpot(TM) 64-Bit Server VM
[34m[1mPre-installed Node.js versions[0m
v4.8.6
v6.12.0
v6.12.1
v8.9
v8.9.1
[34m[1mphpenv versions[0m
  system
  5.6
* 5.6.32 (set by /home/travis/.phpenv/version)
  7.0
  7.0.25
  7.1
  7.1.11
  hhvm
  hhvm-stable
[34m[1mcomposer --version[0m
Composer version 1.5.2 2017-09-11 16:59:25
[34m[1mPre-installed Ruby versions[0m
ruby-2.2.7
ruby-2.3.4
ruby-2.4.1
travis_fold:end:system_info[0K
travis_time:end:026d03e5:start=1643460855485717201,finish=1643460855494169237,duration=8452036,event=show_system_info[0Ktravis_time:start:04be9db8[0Ktravis_time:end:04be9db8:start=1643460855500223667,finish=1643460855516185595,duration=15961928,event=rm_riak_source[0Ktravis_time:start:26bdf350[0Ktravis_time:end:26bdf350:start=1643460855521821968,finish=1643460855532504929,duration=10682961,event=fix_rwky_redis[0Ktravis_time:start:0dce10c8[0K[31;1mTimeout waiting for network availability.[0m
travis_time:end:0dce10c8:start=1643460855538650380,finish=1643460876222947985,duration=20684297605,event=wait_for_network[0Ktravis_time:start:07e3d2af[0Ktravis_time:end:07e3d2af:start=1643460876230876875,finish=1643460988426403065,duration=112195526190,event=update_apt_keys[0Ktravis_time:start:0ea7a6c4[0Ktravis_time:end:0ea7a6c4:start=1643460988432054398,finish=1643460992311323391,duration=3879268993,event=fix_hhvm_source[0Ktravis_time:start:0a8a203c[0Ktravis_time:end:0a8a203c:start=1643460992319185264,finish=1643460992325216870,duration=6031606,event=update_mongo_arch[0Ktravis_time:start:1386bd24[0Ktravis_time:end:1386bd24:start=1643460992331532230,finish=1643460992396876993,duration=65344763,event=fix_sudo_enabled_trusty[0Ktravis_time:start:019057f0[0Ktravis_time:end:019057f0:start=1643460992405917354,finish=1643460992427205761,duration=21288407,event=clean_up_path[0Ktravis_time:start:02869285[0Ktravis_time:end:02869285:start=1643460992434456610,finish=1643460992454163439,duration=19706829,event=fix_resolv_conf[0Ktravis_time:start:2afe43ce[0Ktravis_time:end:2afe43ce:start=1643460992462323661,finish=1643460992482739968,duration=20416307,event=fix_etc_hosts[0Ktravis_time:start:03b206d5[0Ktravis_time:end:03b206d5:start=1643460992490195846,finish=1643460993060027846,duration=569832000,event=fix_mvn_settings_xml[0Ktravis_time:start:08ec7ec4[0Ktravis_time:end:08ec7ec4:start=1643460993067659398,finish=1643460993088780926,duration=21121528,event=no_ipv6_localhost[0Ktravis_time:start:28241aa4[0Ktravis_time:end:28241aa4:start=1643460993096508168,finish=1643460993101829006,duration=5320838,event=fix_etc_mavenrc[0Ktravis_time:start:081b791f[0Ktravis_time:end:081b791f:start=1643460993109020710,finish=1643460993116613649,duration=7592939,event=fix_wwdr_certificate[0Ktravis_time:start:0818360c[0Ktravis_time:end:0818360c:start=1643460993123482451,finish=1643460993216600062,duration=93117611,event=put_localhost_first[0Ktravis_time:start:14260fcc[0Ktravis_time:end:14260fcc:start=1643460993223685897,finish=1643460993228308714,duration=4622817,event=home_paths[0Ktravis_time:start:1c771eb4[0Ktravis_time:end:1c771eb4:start=1643460993235218824,finish=1643460993291341354,duration=56122530,event=disable_initramfs[0Ktravis_time:start:106ce884[0Ktravis_time:end:106ce884:start=1643460993300314299,finish=1643460993459619688,duration=159305389,event=disable_ssh_roaming[0Ktravis_time:start:2110d20e[0Ktravis_time:end:2110d20e:start=1643460993466763450,finish=1643460993471945394,duration=5181944,event=debug_tools[0Ktravis_time:start:25a069f1[0Ktravis_time:end:25a069f1:start=1643460993479461852,finish=1643460993488053941,duration=8592089,event=uninstall_oclint[0Ktravis_time:start:14464606[0Ktravis_time:end:14464606:start=1643460993496294816,finish=1643460993504433041,duration=8138225,event=rvm_use[0Ktravis_time:start:06894e70[0Ktravis_time:end:06894e70:start=1643460993511769082,finish=1643460993527732282,duration=15963200,event=rm_etc_boto_cfg[0Ktravis_time:start:1eb50842[0Ktravis_time:end:1eb50842:start=1643460993535399866,finish=1643460993541698416,duration=6298550,event=rm_oraclejdk8_symlink[0Ktravis_time:start:09be4b35[0Ktravis_time:end:09be4b35:start=1643460993549375666,finish=1643460995520408194,duration=1971032528,event=enable_i386[0Ktravis_time:start:005e385a[0Ktravis_time:end:005e385a:start=1643460995528385015,finish=1643460995536350291,duration=7965276,event=update_rubygems[0Ktravis_time:start:00db9525[0Ktravis_time:end:00db9525:start=1643460995543447210,finish=1643460996838324285,duration=1294877075,event=ensure_path_components[0Ktravis_time:start:1501ae3b[0Ktravis_time:end:1501ae3b:start=1643460996846530887,finish=1643460996852607942,duration=6077055,event=redefine_curl[0Ktravis_time:start:04dde268[0Ktravis_time:end:04dde268:start=1643460996860616315,finish=1643460996866722780,duration=6106465,event=nonblock_pipe[0Ktravis_time:start:0107bff1[0Ktravis_time:end:0107bff1:start=1643460996874165151,finish=1643461006233385193,duration=9359220042,event=apt_get_update[0Ktravis_time:start:0e12f96e[0Ktravis_time:end:0e12f96e:start=1643461006240495083,finish=1643461006246750653,duration=6255570,event=deprecate_xcode_64[0Ktravis_time:start:23b2c714[0Ktravis_time:end:23b2c714:start=1643461006255778976,finish=1643461016300242485,duration=10044463509,event=update_heroku[0Ktravis_time:start:03b5ed5f[0Ktravis_time:end:03b5ed5f:start=1643461016307120926,finish=1643461016313595924,duration=6474998,event=shell_session_update[0Ktravis_time:start:02b02484[0Ktravis_fold:start:docker_mtu[0Ktee: /etc/docker/daemon.json: No such file or directory
docker: unrecognized service
travis_fold:end:docker_mtu[0Ktravis_time:end:02b02484:start=1643461016322057524,finish=1643461016367284340,duration=45226816,event=set_docker_mtu[0Ktravis_time:start:0dc45410[0Ktravis_fold:start:resolvconf[0Kinitctl: Unable to connect to Upstart: Failed to connect to socket /com/ubuntu/upstart: Connection refused
 * Restarting resolvconf...
   ...done.
travis_fold:end:resolvconf[0Ktravis_time:end:0dc45410:start=1643461016375868837,finish=1643461016464675298,duration=88806461,event=resolvconf[0Ktravis_time:start:0c5d71be[0Ktravis_time:end:0c5d71be:start=1643461016473113733,finish=1643461016596197928,duration=123084195,event=maven_https[0K
travis_fold:start:install_jdk[0K[33;1mInstalling openjdk11[0m
$ export JAVA_HOME=~/openjdk11
$ export PATH="$JAVA_HOME/bin:$PATH"
$ ~/bin/install-jdk.sh --target "/home/travis/openjdk11" --workspace "/home/travis/.cache/install-jdk" --feature "11" --license "GPL" --cacerts
Ignoring license option: GPL -- using GPLv2+CE by default
install-jdk.sh 2020-06-02
Variables:
  feature = 11
       os = linux-x64
      url = https://download.java.net/java/GA/jdk11/9/GPL/openjdk-11.0.2_linux-x64_bin.tar.gz
   status = 200
Downloading JDK from https://download.java.net/java/GA/jdk11/9/GPL/openjdk-11.0.2_linux-x64_bin.tar.gz...
Using custom target: /home/travis/openjdk11
openjdk version "11.0.2" 2019-01-15
OpenJDK Runtime Environment 18.9 (build 11.0.2+9)
OpenJDK 64-Bit Server VM 18.9 (build 11.0.2+9, mixed mode)
travis_fold:end:install_jdk[0Ktravis_time:start:197aa090[0Ktravis_time:end:197aa090:start=1643461026318831019,finish=1643461026323821063,duration=4990044,event=fix_ps4[0Ktravis_time:start:111189c7[0K
$ cd failed/alibaba/canal

travis_time:end:111189c7:start=1643461026331506864,finish=1643461026337202138,duration=5695274,event=checkout[0Ktravis_time:start:1757207a[0Ktravis_time:end:1757207a:start=1643461026344901142,finish=1643461026626076400,duration=281175258,event=env[0Ktravis_fold:start:cache.1[0KSetting up build cache
$ export CASHER_DIR=${TRAVIS_HOME}/.casher
travis_time:start:0d392244[0K$ Installing caching utilities
curl: (6) Could not resolve host: https

[31;1mThe command "eval curl -sf  -o $CASHER_DIR/bin/casher https:///files/casher " failed. Retrying, 2 of 3.[0m

curl: (6) Could not resolve host: https

[31;1mThe command "eval curl -sf  -o $CASHER_DIR/bin/casher https:///files/casher " failed. Retrying, 3 of 3.[0m

curl: (6) Could not resolve host: https

[31;1mThe command "eval curl -sf  -o $CASHER_DIR/bin/casher https:///files/casher " failed 3 times.[0m

travis_time:end:0d392244:start=1643461032378993462,finish=1643461044551072588,duration=12172079126,event=setup_casher[0Ktravis_time:start:000006b0[0K$ Installing caching utilities from the Travis CI server (https:///files/casher) failed, failing over to using GitHub (https://raw.githubusercontent.com/travis-ci/casher/bash/bin/casher)
travis_time:end:000006b0:start=1643461044560556017,finish=1643461044614389748,duration=53833731,event=setup_casher[0Ktravis_time:start:004fd6f1[0Ktravis_time:end:004fd6f1:start=1643461044626135080,finish=1643461044632355210,duration=6220130,event=setup_casher[0Ktravis_time:start:0800e3b0[0Kattempting to download cache archive[0m
[31;1mcould not download cache[0m
travis_time:end:0800e3b0:start=1643461044640633727,finish=1643461046004673991,duration=1364040264,event=setup_casher[0Ktravis_time:start:1f04f0e0[0Ktravis_time:end:1f04f0e0:start=1643461046010467100,finish=1643461046015098469,duration=4631369,event=setup_casher[0Ktravis_time:start:15c7d1a6[0Kadding /home/travis/.m2 to cache[0m
travis_time:end:15c7d1a6:start=1643461046021498394,finish=1643461057663541841,duration=11642043447,event=setup_casher[0Ktravis_fold:end:cache.1[0K
$ java -Xmx32m -version
openjdk version "11.0.2" 2019-01-15
OpenJDK Runtime Environment 18.9 (build 11.0.2+9)
OpenJDK 64-Bit Server VM 18.9 (build 11.0.2+9, mixed mode)
$ javac -J-Xmx32m -version
javac 11.0.2
travis_fold:start:install[0Ktravis_time:start:04b73b6f[0K$ true
travis_time:end:04b73b6f:start=1643461057994250962,finish=1643461057999808183,duration=5557221,event=install[0Ktravis_fold:end:install[0Ktravis_time:start:061c2ce7[0K$ travis_wait 30 ./mvnw clean install -DskipTests=false -Dcheckstyle.skip=true -Dmaven.javadoc.skip=true


Still running (1 of 30): ./mvnw clean install -DskipTests=false -Dcheckstyle.skip=true -Dmaven.javadoc.skip=true
[31;1mThe command ./mvnw clean install -DskipTests=false -Dcheckstyle.skip=true -Dmaven.javadoc.skip=true exited with 1.[0m

[32;1mLog:[0m

[[1;34mINFO[m] Scanning for projects...
WARNING: An illegal reflective access operation has occurred
WARNING: Illegal reflective access by org.codehaus.groovy.reflection.CachedClass (file:/home/travis/.m2/repository/org/codehaus/groovy/groovy-all/2.4.14/groovy-all-2.4.14.jar) to method java.lang.Object.finalize()
WARNING: Please consider reporting this to the maintainers of org.codehaus.groovy.reflection.CachedClass
WARNING: Use --illegal-access=warn to enable warnings of further illegal reflective access operations
WARNING: All illegal access operations will be denied in a future release
[[1;34mINFO[m] --- tiles-maven-plugin: Injecting 1 tiles as intermediary parent artifacts for com.alibaba.otter:canal-admin-server...
[[1;34mINFO[m] Mixed 'null:canal-admin-server:null' with tile 'io.ebean.tile:enhancement:11.41.1' as its new parent.
[[1;34mINFO[m] Explicitly set groupId to 'com.alibaba.otter' from original parent 'com.alibaba.otter:canal-admin:1.1.4-SNAPSHOT'.
[[1;34mINFO[m] Explicitly set version to '1.1.4-SNAPSHOT' from original parent 'com.alibaba.otter:canal-admin:1.1.4-SNAPSHOT'.
[[1;34mINFO[m] Mixed 'io.ebean.tile:enhancement:11.41.1' with original parent 'com.alibaba.otter:canal-admin:1.1.4-SNAPSHOT' as its new top level parent.
[[1;34mINFO[m] 
[[1;34mINFO[m] [1m------------------------------------------------------------------------[m
[[1;34mINFO[m] [1mReactor Build Order:[m
[[1;34mINFO[m] 
[[1;34mINFO[m] canal module for otter 1.1.4-SNAPSHOT
[[1;34mINFO[m] canal common module for otter 1.1.4-SNAPSHOT
[[1;34mINFO[m] canal protocol module for otter 1.1.4-SNAPSHOT
[[1;34mINFO[m] canal meta module for otter 1.1.4-SNAPSHOT
[[1;34mINFO[m] canal driver module for otter 1.1.4-SNAPSHOT
[[1;34mINFO[m] canal dbsync module for otter 1.1.4-SNAPSHOT
[[1;34mINFO[m] canal sink module for otter 1.1.4-SNAPSHOT
[[1;34mINFO[m] canal store module for otter 1.1.4-SNAPSHOT
[[1;34mINFO[m] canal sink module for otter 1.1.4-SNAPSHOT
[[1;34mINFO[m] canal parse module for otter 1.1.4-SNAPSHOT
[[1;34mINFO[m] canal instance core module for otter 1.1.4-SNAPSHOT
[[1;34mINFO[m] canal instance manager module for otter 1.1.4-SNAPSHOT
[[1;34mINFO[m] canal instance spring module for otter 1.1.4-SNAPSHOT
[[1;34mINFO[m] canal instance module for otter 1.1.4-SNAPSHOT
[[1;34mINFO[m] canal server module for otter 1.1.4-SNAPSHOT
[[1;34mINFO[m] canal client module for otter 1.1.4-SNAPSHOT
[[1;34mINFO[m] canal prometheus module for otter 1.1.4-SNAPSHOT
[[1;34mINFO[m] canal deployer module for otter 1.1.4-SNAPSHOT
[[1;34mINFO[m] canal example module for otter 1.1.4-SNAPSHOT
[[1;34mINFO[m] canal client adapter module for otter 1.1.4-SNAPSHOT
[[1;34mINFO[m] canal client adapter common module for otter 1.1.4-SNAPSHOT
[[1;34mINFO[m] canal client adapter logger example module for otter 1.1.4-SNAPSHOT
[[1;34mINFO[m] canal client adapter hbase module for otter 1.1.4-SNAPSHOT
[[1;34mINFO[m] canal client adapter elasticsearch module for otter 1.1.4-SNAPSHOT
[[1;34mINFO[m] canal client adapter rdb module for otter 1.1.4-SNAPSHOT
[[1;34mINFO[m] canal client adapter launcher module for otter 1.1.4-SNAPSHOT
[[1;34mINFO[m] canal-admin
[[1;34mINFO[m] canal-admin-ui
[[1;34mINFO[m] canal-admin-server
[[1;34mINFO[m] 
[[1;34mINFO[m] [1m------------------------------------------------------------------------[m
[[1;34mINFO[m] [1mBuilding canal module for otter 1.1.4-SNAPSHOT 1.1.4-SNAPSHOT[m
[[1;34mINFO[m] [1m------------------------------------------------------------------------[m
[[1;34mINFO[m] 
[[1;34mINFO[m] [1m--- [0;32mmaven-clean-plugin:2.5:clean[m [1m(default-clean)[m @ [36mcanal[0;1m ---[m
[[1;34mINFO[m] 
[[1;34mINFO[m] [1m--- [0;32mmaven-enforcer-plugin:1.0:enforce[m [1m(enforce-maven)[m @ [36mcanal[0;1m ---[m
[[1;34mINFO[m] 
[[1;34mINFO[m] [1m--- [0;32mjacoco-maven-plugin:0.8.3:prepare-agent[m [1m(jacoco-initialize)[m @ [36mcanal[0;1m ---[m
[[1;34mINFO[m] jacocoArgLine set to -javaagent:/home/travis/.m2/repository/org/jacoco/org.jacoco.agent/0.8.3/org.jacoco.agent-0.8.3-runtime.jar=destfile=/home/travis/build/failed/alibaba/canal/target/jacoco.exec
[[1;34mINFO[m] 
[[1;34mINFO[m] [1m>>> [0;32mmaven-source-plugin:2.4:jar[m [1m(attach-sources)[0;1m > [0;1mgenerate-sources[m @ [36mcanal[0;1m >>>[m
[[1;34mINFO[m] 
[[1;34mINFO[m] [1m--- [0;32mmaven-enforcer-plugin:1.0:enforce[m [1m(enforce-maven)[m @ [36mcanal[0;1m ---[m
[[1;34mINFO[m] 
[[1;34mINFO[m] [1m--- [0;32mjacoco-maven-plugin:0.8.3:prepare-agent[m [1m(jacoco-initialize)[m @ [36mcanal[0;1m ---[m
[[1;34mINFO[m] jacocoArgLine set to -javaagent:/home/travis/.m2/repository/org/jacoco/org.jacoco.agent/0.8.3/org.jacoco.agent-0.8.3-runtime.jar=destfile=/home/travis/build/failed/alibaba/canal/target/jacoco.exec
[[1;34mINFO[m] 
[[1;34mINFO[m] [1m<<< [0;32mmaven-source-plugin:2.4:jar[m [1m(attach-sources)[0;1m < [0;1mgenerate-sources[m @ [36mcanal[0;1m <<<[m
[[1;34mINFO[m] 
[[1;34mINFO[m] 
[[1;34mINFO[m] [1m--- [0;32mmaven-source-plugin:2.4:jar[m [1m(attach-sources)[m @ [36mcanal[0;1m ---[m
[[1;34mINFO[m] 
[[1;34mINFO[m] [1m--- [0;32mmaven-javadoc-plugin:2.9.1:jar[m [1m(attach-javadocs)[m @ [36mcanal[0;1m ---[m
[[1;34mINFO[m] Skipping javadoc generation
[[1;34mINFO[m] 
[[1;34mINFO[m] [1m--- [0;32mjacoco-maven-plugin:0.8.3:report-aggregate[m [1m(report-aggregate)[m @ [36mcanal[0;1m ---[m
[[1;34mINFO[m] 
[[1;34mINFO[m] [1m--- [0;32mmaven-install-plugin:2.4:install[m [1m(default-install)[m @ [36mcanal[0;1m ---[m
[[1;34mINFO[m] Installing /home/travis/build/failed/alibaba/canal/pom.xml to /home/travis/.m2/repository/com/alibaba/otter/canal/1.1.4-SNAPSHOT/canal-1.1.4-SNAPSHOT.pom
[[1;34mINFO[m] 
[[1;34mINFO[m] [1m------------------------------------------------------------------------[m
[[1;34mINFO[m] [1mBuilding canal common module for otter 1.1.4-SNAPSHOT 1.1.4-SNAPSHOT[m
[[1;34mINFO[m] [1m------------------------------------------------------------------------[m
[[1;34mINFO[m] 
[[1;34mINFO[m] [1m--- [0;32mmaven-clean-plugin:2.5:clean[m [1m(default-clean)[m @ [36mcanal.common[0;1m ---[m
[[1;34mINFO[m] 
[[1;34mINFO[m] [1m--- [0;32mmaven-enforcer-plugin:1.0:enforce[m [1m(enforce-maven)[m @ [36mcanal.common[0;1m ---[m
[[1;34mINFO[m] 
[[1;34mINFO[m] [1m--- [0;32mjacoco-maven-plugin:0.8.3:prepare-agent[m [1m(jacoco-initialize)[m @ [36mcanal.common[0;1m ---[m
[[1;34mINFO[m] jacocoArgLine set to -javaagent:/home/travis/.m2/repository/org/jacoco/org.jacoco.agent/0.8.3/org.jacoco.agent-0.8.3-runtime.jar=destfile=/home/travis/build/failed/alibaba/canal/common/target/jacoco.exec
[[1;34mINFO[m] 
[[1;34mINFO[m] [1m--- [0;32mmaven-resources-plugin:2.6:resources[m [1m(default-resources)[m @ [36mcanal.common[0;1m ---[m
[[1;34mINFO[m] Using 'UTF-8' encoding to copy filtered resources.
[[1;34mINFO[m] skip non existing resourceDirectory /home/travis/build/failed/alibaba/canal/common/src/main/resources
[[1;34mINFO[m] 
[[1;34mINFO[m] [1m--- [0;32mmaven-compiler-plugin:3.7.0:compile[m [1m(default-compile)[m @ [36mcanal.common[0;1m ---[m
[[1;34mINFO[m] Changes detected - recompiling the module!
[[1;34mINFO[m] Compiling 23 source files to /home/travis/build/failed/alibaba/canal/common/target/classes
[[1;34mINFO[m] /home/travis/build/failed/alibaba/canal/common/src/main/java/com/alibaba/otter/canal/common/utils/UriUtils.java: Some input files use unchecked or unsafe operations.
[[1;34mINFO[m] /home/travis/build/failed/alibaba/canal/common/src/main/java/com/alibaba/otter/canal/common/utils/UriUtils.java: Recompile with -Xlint:unchecked for details.
[[1;34mINFO[m] 
[[1;34mINFO[m] [1m--- [0;32mmaven-resources-plugin:2.6:testResources[m [1m(default-testResources)[m @ [36mcanal.common[0;1m ---[m
[[1;34mINFO[m] Using 'UTF-8' encoding to copy filtered resources.
[[1;34mINFO[m] skip non existing resourceDirectory /home/travis/build/failed/alibaba/canal/common/src/test/resources
[[1;34mINFO[m] 
[[1;34mINFO[m] [1m--- [0;32mmaven-compiler-plugin:3.7.0:testCompile[m [1m(default-testCompile)[m @ [36mcanal.common[0;1m ---[m
[[1;34mINFO[m] Changes detected - recompiling the module!
[[1;34mINFO[m] Compiling 2 source files to /home/travis/build/failed/alibaba/canal/common/target/test-classes
[[1;34mINFO[m] 
[[1;34mINFO[m] [1m--- [0;32mmaven-surefire-plugin:2.22.1:test[m [1m(default-test)[m @ [36mcanal.common[0;1m ---[m
[[1;34mINFO[m] 
[[1;34mINFO[m] -------------------------------------------------------
[[1;34mINFO[m]  T E S T S
[[1;34mINFO[m] -------------------------------------------------------
[[1;34mINFO[m] Running com.alibaba.otter.canal.common.[1mServerRunningTest[m
[[1;33mWARNING[m] [1;33mTests [0;1mrun: [0;1m1[m, Failures: 0, Errors: 0, [1;33mSkipped: [0;1;33m1[m, Time elapsed: 0.008 s - in com.alibaba.otter.canal.common.[1mServerRunningTest[m
[[1;34mINFO[m] 
[[1;34mINFO[m] Results:
[[1;34mINFO[m] 
[[1;33mWARNING[m] [1;33mTests run: 1, Failures: 0, Errors: 0, Skipped: 1[m
[[1;34mINFO[m] 
[[1;34mINFO[m] 
[[1;34mINFO[m] [1m--- [0;32mmaven-jar-plugin:3.0.2:jar[m [1m(default-jar)[m @ [36mcanal.common[0;1m ---[m
[[1;34mINFO[m] Building jar: /home/travis/build/failed/alibaba/canal/common/target/canal.common-1.1.4-SNAPSHOT.jar
[[1;34mINFO[m] 
[[1;34mINFO[m] [1m>>> [0;32mmaven-source-plugin:2.4:jar[m [1m(attach-sources)[0;1m > [0;1mgenerate-sources[m @ [36mcanal.common[0;1m >>>[m
[[1;34mINFO[m] 
[[1;34mINFO[m] [1m--- [0;32mmaven-enforcer-plugin:1.0:enforce[m [1m(enforce-maven)[m @ [36mcanal.common[0;1m ---[m
[[1;34mINFO[m] 
[[1;34mINFO[m] [1m--- [0;32mjacoco-maven-plugin:0.8.3:prepare-agent[m [1m(jacoco-initialize)[m @ [36mcanal.common[0;1m ---[m
[[1;34mINFO[m] jacocoArgLine set to -javaagent:/home/travis/.m2/repository/org/jacoco/org.jacoco.agent/0.8.3/org.jacoco.agent-0.8.3-runtime.jar=destfile=/home/travis/build/failed/alibaba/canal/common/target/jacoco.exec
[[1;34mINFO[m] 
[[1;34mINFO[m] [1m<<< [0;32mmaven-source-plugin:2.4:jar[m [1m(attach-sources)[0;1m < [0;1mgenerate-sources[m @ [36mcanal.common[0;1m <<<[m
[[1;34mINFO[m] 
[[1;34mINFO[m] 
[[1;34mINFO[m] [1m--- [0;32mmaven-source-plugin:2.4:jar[m [1m(attach-sources)[m @ [36mcanal.common[0;1m ---[m
[[1;34mINFO[m] Building jar: /home/travis/build/failed/alibaba/canal/common/target/canal.common-1.1.4-SNAPSHOT-sources.jar
[[1;34mINFO[m] 
[[1;34mINFO[m] [1m--- [0;32mmaven-javadoc-plugin:2.9.1:jar[m [1m(attach-javadocs)[m @ [36mcanal.common[0;1m ---[m
[[1;34mINFO[m] Skipping javadoc generation
[[1;34mINFO[m] 
[[1;34mINFO[m] [1m--- [0;32mjacoco-maven-plugin:0.8.3:report-aggregate[m [1m(report-aggregate)[m @ [36mcanal.common[0;1m ---[m
[[1;34mINFO[m] Loading execution data file /home/travis/build/failed/alibaba/canal/common/target/jacoco.exec
[[1;34mINFO[m] 
[[1;34mINFO[m] [1m--- [0;32mmaven-install-plugin:2.4:install[m [1m(default-install)[m @ [36mcanal.common[0;1m ---[m
[[1;34mINFO[m] Installing /home/travis/build/failed/alibaba/canal/common/target/canal.common-1.1.4-SNAPSHOT.jar to /home/travis/.m2/repository/com/alibaba/otter/canal.common/1.1.4-SNAPSHOT/canal.common-1.1.4-SNAPSHOT.jar
[[1;34mINFO[m] Installing /home/travis/build/failed/alibaba/canal/common/pom.xml to /home/travis/.m2/repository/com/alibaba/otter/canal.common/1.1.4-SNAPSHOT/canal.common-1.1.4-SNAPSHOT.pom
[[1;34mINFO[m] Installing /home/travis/build/failed/alibaba/canal/common/target/canal.common-1.1.4-SNAPSHOT-sources.jar to /home/travis/.m2/repository/com/alibaba/otter/canal.common/1.1.4-SNAPSHOT/canal.common-1.1.4-SNAPSHOT-sources.jar
[[1;34mINFO[m] 
[[1;34mINFO[m] [1m------------------------------------------------------------------------[m
[[1;34mINFO[m] [1mBuilding canal protocol module for otter 1.1.4-SNAPSHOT 1.1.4-SNAPSHOT[m
[[1;34mINFO[m] [1m------------------------------------------------------------------------[m
[[1;34mINFO[m] 
[[1;34mINFO[m] [1m--- [0;32mmaven-clean-plugin:2.5:clean[m [1m(default-clean)[m @ [36mcanal.protocol[0;1m ---[m
[[1;34mINFO[m] 
[[1;34mINFO[m] [1m--- [0;32mmaven-enforcer-plugin:1.0:enforce[m [1m(enforce-maven)[m @ [36mcanal.protocol[0;1m ---[m
[[1;34mINFO[m] 
[[1;34mINFO[m] [1m--- [0;32mjacoco-maven-plugin:0.8.3:prepare-agent[m [1m(jacoco-initialize)[m @ [36mcanal.protocol[0;1m ---[m
[[1;34mINFO[m] jacocoArgLine set to -javaagent:/home/travis/.m2/repository/org/jacoco/org.jacoco.agent/0.8.3/org.jacoco.agent-0.8.3-runtime.jar=destfile=/home/travis/build/failed/alibaba/canal/protocol/target/jacoco.exec
[[1;34mINFO[m] 
[[1;34mINFO[m] [1m--- [0;32mmaven-resources-plugin:2.6:resources[m [1m(default-resources)[m @ [36mcanal.protocol[0;1m ---[m
[[1;34mINFO[m] Using 'UTF-8' encoding to copy filtered resources.
[[1;34mINFO[m] skip non existing resourceDirectory /home/travis/build/failed/alibaba/canal/protocol/src/main/resources
[[1;34mINFO[m] 
[[1;34mINFO[m] [1m--- [0;32mmaven-compiler-plugin:3.7.0:compile[m [1m(default-compile)[m @ [36mcanal.protocol[0;1m ---[m
[[1;34mINFO[m] Changes detected - recompiling the module!
[[1;34mINFO[m] Compiling 13 source files to /home/travis/build/failed/alibaba/canal/protocol/target/classes
[[1;34mINFO[m] /home/travis/build/failed/alibaba/canal/protocol/src/main/java/com/alibaba/otter/canal/protocol/Message.java: /home/travis/build/failed/alibaba/canal/protocol/src/main/java/com/alibaba/otter/canal/protocol/Message.java uses unchecked or unsafe operations.
[[1;34mINFO[m] /home/travis/build/failed/alibaba/canal/protocol/src/main/java/com/alibaba/otter/canal/protocol/Message.java: Recompile with -Xlint:unchecked for details.
[[1;34mINFO[m] 
[[1;34mINFO[m] [1m--- [0;32mmaven-resources-plugin:2.6:testResources[m [1m(default-testResources)[m @ [36mcanal.protocol[0;1m ---[m
[[1;34mINFO[m] Using 'UTF-8' encoding to copy filtered resources.
[[1;34mINFO[m] skip non existing resourceDirectory /home/travis/build/failed/alibaba/canal/protocol/src/test/resources
[[1;34mINFO[m] 
[[1;34mINFO[m] [1m--- [0;32mmaven-compiler-plugin:3.7.0:testCompile[m [1m(default-testCompile)[m @ [36mcanal.protocol[0;1m ---[m
[[1;34mINFO[m] No sources to compile
[[1;34mINFO[m] 
[[1;34mINFO[m] [1m--- [0;32mmaven-surefire-plugin:2.22.1:test[m [1m(default-test)[m @ [36mcanal.protocol[0;1m ---[m
[[1;34mINFO[m] No tests to run.
[[1;34mINFO[m] 
[[1;34mINFO[m] [1m--- [0;32mmaven-jar-plugin:3.0.2:jar[m [1m(default-jar)[m @ [36mcanal.protocol[0;1m ---[m
[[1;34mINFO[m] Building jar: /home/travis/build/failed/alibaba/canal/protocol/target/canal.protocol-1.1.4-SNAPSHOT.jar
[[1;34mINFO[m] 
[[1;34mINFO[m] [1m>>> [0;32mmaven-source-plugin:2.4:jar[m [1m(attach-sources)[0;1m > [0;1mgenerate-sources[m @ [36mcanal.protocol[0;1m >>>[m
[[1;34mINFO[m] 
[[1;34mINFO[m] [1m--- [0;32mmaven-enforcer-plugin:1.0:enforce[m [1m(enforce-maven)[m @ [36mcanal.protocol[0;1m ---[m
[[1;34mINFO[m] 
[[1;34mINFO[m] [1m--- [0;32mjacoco-maven-plugin:0.8.3:prepare-agent[m [1m(jacoco-initialize)[m @ [36mcanal.protocol[0;1m ---[m
[[1;34mINFO[m] jacocoArgLine set to -javaagent:/home/travis/.m2/repository/org/jacoco/org.jacoco.agent/0.8.3/org.jacoco.agent-0.8.3-runtime.jar=destfile=/home/travis/build/failed/alibaba/canal/protocol/target/jacoco.exec
[[1;34mINFO[m] 
[[1;34mINFO[m] [1m<<< [0;32mmaven-source-plugin:2.4:jar[m [1m(attach-sources)[0;1m < [0;1mgenerate-sources[m @ [36mcanal.protocol[0;1m <<<[m
[[1;34mINFO[m] 
[[1;34mINFO[m] 
[[1;34mINFO[m] [1m--- [0;32mmaven-source-plugin:2.4:jar[m [1m(attach-sources)[m @ [36mcanal.protocol[0;1m ---[m
[[1;34mINFO[m] Building jar: /home/travis/build/failed/alibaba/canal/protocol/target/canal.protocol-1.1.4-SNAPSHOT-sources.jar
[[1;34mINFO[m] 
[[1;34mINFO[m] [1m--- [0;32mmaven-javadoc-plugin:2.9.1:jar[m [1m(attach-javadocs)[m @ [36mcanal.protocol[0;1m ---[m
[[1;34mINFO[m] Skipping javadoc generation
[[1;34mINFO[m] 
[[1;34mINFO[m] [1m--- [0;32mjacoco-maven-plugin:0.8.3:report-aggregate[m [1m(report-aggregate)[m @ [36mcanal.protocol[0;1m ---[m
[[1;34mINFO[m] Loading execution data file /home/travis/build/failed/alibaba/canal/common/target/jacoco.exec
[[1;34mINFO[m] Analyzed bundle 'canal.common' with 28 classes
[[1;34mINFO[m] 
[[1;34mINFO[m] [1m--- [0;32mmaven-install-plugin:2.4:install[m [1m(default-install)[m @ [36mcanal.protocol[0;1m ---[m
[[1;34mINFO[m] Installing /home/travis/build/failed/alibaba/canal/protocol/target/canal.protocol-1.1.4-SNAPSHOT.jar to /home/travis/.m2/repository/com/alibaba/otter/canal.protocol/1.1.4-SNAPSHOT/canal.protocol-1.1.4-SNAPSHOT.jar
[[1;34mINFO[m] Installing /home/travis/build/failed/alibaba/canal/protocol/pom.xml to /home/travis/.m2/repository/com/alibaba/otter/canal.protocol/1.1.4-SNAPSHOT/canal.protocol-1.1.4-SNAPSHOT.pom
[[1;34mINFO[m] Installing /home/travis/build/failed/alibaba/canal/protocol/target/canal.protocol-1.1.4-SNAPSHOT-sources.jar to /home/travis/.m2/repository/com/alibaba/otter/canal.protocol/1.1.4-SNAPSHOT/canal.protocol-1.1.4-SNAPSHOT-sources.jar
[[1;34mINFO[m] 
[[1;34mINFO[m] [1m------------------------------------------------------------------------[m
[[1;34mINFO[m] [1mBuilding canal meta module for otter 1.1.4-SNAPSHOT 1.1.4-SNAPSHOT[m
[[1;34mINFO[m] [1m------------------------------------------------------------------------[m
[[1;34mINFO[m] 
[[1;34mINFO[m] [1m--- [0;32mmaven-clean-plugin:2.5:clean[m [1m(default-clean)[m @ [36mcanal.meta[0;1m ---[m
[[1;34mINFO[m] 
[[1;34mINFO[m] [1m--- [0;32mmaven-enforcer-plugin:1.0:enforce[m [1m(enforce-maven)[m @ [36mcanal.meta[0;1m ---[m
[[1;34mINFO[m] 
[[1;34mINFO[m] [1m--- [0;32mjacoco-maven-plugin:0.8.3:prepare-agent[m [1m(jacoco-initialize)[m @ [36mcanal.meta[0;1m ---[m
[[1;34mINFO[m] jacocoArgLine set to -javaagent:/home/travis/.m2/repository/org/jacoco/org.jacoco.agent/0.8.3/org.jacoco.agent-0.8.3-runtime.jar=destfile=/home/travis/build/failed/alibaba/canal/meta/target/jacoco.exec
[[1;34mINFO[m] 
[[1;34mINFO[m] [1m--- [0;32mmaven-resources-plugin:2.6:resources[m [1m(default-resources)[m @ [36mcanal.meta[0;1m ---[m
[[1;34mINFO[m] Using 'UTF-8' encoding to copy filtered resources.
[[1;34mINFO[m] skip non existing resourceDirectory /home/travis/build/failed/alibaba/canal/meta/src/main/resources
[[1;34mINFO[m] 
[[1;34mINFO[m] [1m--- [0;32mmaven-compiler-plugin:3.7.0:compile[m [1m(default-compile)[m @ [36mcanal.meta[0;1m ---[m
[[1;34mINFO[m] Changes detected - recompiling the module!
[[1;34mINFO[m] Compiling 7 source files to /home/travis/build/failed/alibaba/canal/meta/target/classes
[[1;34mINFO[m] 
[[1;34mINFO[m] [1m--- [0;32mmaven-resources-plugin:2.6:testResources[m [1m(default-testResources)[m @ [36mcanal.meta[0;1m ---[m
[[1;34mINFO[m] Using 'UTF-8' encoding to copy filtered resources.
[[1;34mINFO[m] skip non existing resourceDirectory /home/travis/build/failed/alibaba/canal/meta/src/test/resources
[[1;34mINFO[m] 
[[1;34mINFO[m] [1m--- [0;32mmaven-compiler-plugin:3.7.0:testCompile[m [1m(default-testCompile)[m @ [36mcanal.meta[0;1m ---[m
[[1;34mINFO[m] Changes detected - recompiling the module!
[[1;34mINFO[m] Compiling 7 source files to /home/travis/build/failed/alibaba/canal/meta/target/test-classes
[[1;34mINFO[m] 
[[1;34mINFO[m] [1m--- [0;32mmaven-surefire-plugin:2.22.1:test[m [1m(default-test)[m @ [36mcanal.meta[0;1m ---[m
[[1;34mINFO[m] 
[[1;34mINFO[m] -------------------------------------------------------
[[1;34mINFO[m]  T E S T S
[[1;34mINFO[m] -------------------------------------------------------
[[1;34mINFO[m] Running com.alibaba.otter.canal.meta.[1mAbstractMetaManagerTest[m
[[1;33mWARNING[m] [1;33mTests [0;1mrun: [0;1m1[m, Failures: 0, Errors: 0, [1;33mSkipped: [0;1;33m1[m, Time elapsed: 0.03 s - in com.alibaba.otter.canal.meta.[1mAbstractMetaManagerTest[m
[[1;34mINFO[m] Running com.alibaba.otter.canal.meta.[1mMixedMetaManagerTest[m
[[1;33mWARNING[m] [1;33mTests [0;1mrun: [0;1m1[m, Failures: 0, Errors: 0, [1;33mSkipped: [0;1;33m1[m, Time elapsed: 0 s - in com.alibaba.otter.canal.meta.[1mMixedMetaManagerTest[m
[[1;34mINFO[m] Running com.alibaba.otter.canal.meta.[1mPeriodMixedMetaManagerTest[m
[[1;33mWARNING[m] [1;33mTests [0;1mrun: [0;1m1[m, Failures: 0, Errors: 0, [1;33mSkipped: [0;1;33m1[m, Time elapsed: 0 s - in com.alibaba.otter.canal.meta.[1mPeriodMixedMetaManagerTest[m
[[1;34mINFO[m] Running com.alibaba.otter.canal.meta.[1mZooKeeperMetaManagerTest[m
[[1;33mWARNING[m] [1;33mTests [0;1mrun: [0;1m1[m, Failures: 0, Errors: 0, [1;33mSkipped: [0;1;33m1[m, Time elapsed: 0 s - in com.alibaba.otter.canal.meta.[1mZooKeeperMetaManagerTest[m
[[1;34mINFO[m] Running com.alibaba.otter.canal.meta.[1mMemoryMetaManagerTest[m
[[1;33mWARNING[m] [1;33mTests [0;1mrun: [0;1m1[m, Failures: 0, Errors: 0, [1;33mSkipped: [0;1;33m1[m, Time elapsed: 0 s - in com.alibaba.otter.canal.meta.[1mMemoryMetaManagerTest[m
[[1;34mINFO[m] Running com.alibaba.otter.canal.meta.[1mFileMixedMetaManagerTest[m
[[1;33mWARNING[m] [1;33mTests [0;1mrun: [0;1m1[m, Failures: 0, Errors: 0, [1;33mSkipped: [0;1;33m1[m, Time elapsed: 0 s - in com.alibaba.otter.canal.meta.[1mFileMixedMetaManagerTest[m
[[1;34mINFO[m] 
[[1;34mINFO[m] Results:
[[1;34mINFO[m] 
[[1;33mWARNING[m] [1;33mTests run: 6, Failures: 0, Errors: 0, Skipped: 6[m
[[1;34mINFO[m] 
[[1;34mINFO[m] 
[[1;34mINFO[m] [1m--- [0;32mmaven-jar-plugin:3.0.2:jar[m [1m(default-jar)[m @ [36mcanal.meta[0;1m ---[m
[[1;34mINFO[m] Building jar: /home/travis/build/failed/alibaba/canal/meta/target/canal.meta-1.1.4-SNAPSHOT.jar
[[1;34mINFO[m] 
[[1;34mINFO[m] [1m>>> [0;32mmaven-source-plugin:2.4:jar[m [1m(attach-sources)[0;1m > [0;1mgenerate-sources[m @ [36mcanal.meta[0;1m >>>[m
[[1;34mINFO[m] 
[[1;34mINFO[m] [1m--- [0;32mmaven-enforcer-plugin:1.0:enforce[m [1m(enforce-maven)[m @ [36mcanal.meta[0;1m ---[m
[[1;34mINFO[m] 
[[1;34mINFO[m] [1m--- [0;32mjacoco-maven-plugin:0.8.3:prepare-agent[m [1m(jacoco-initialize)[m @ [36mcanal.meta[0;1m ---[m
[[1;34mINFO[m] jacocoArgLine set to -javaagent:/home/travis/.m2/repository/org/jacoco/org.jacoco.agent/0.8.3/org.jacoco.agent-0.8.3-runtime.jar=destfile=/home/travis/build/failed/alibaba/canal/meta/target/jacoco.exec
[[1;34mINFO[m] 
[[1;34mINFO[m] [1m<<< [0;32mmaven-source-plugin:2.4:jar[m [1m(attach-sources)[0;1m < [0;1mgenerate-sources[m @ [36mcanal.meta[0;1m <<<[m
[[1;34mINFO[m] 
[[1;34mINFO[m] 
[[1;34mINFO[m] [1m--- [0;32mmaven-source-plugin:2.4:jar[m [1m(attach-sources)[m @ [36mcanal.meta[0;1m ---[m
[[1;34mINFO[m] Building jar: /home/travis/build/failed/alibaba/canal/meta/target/canal.meta-1.1.4-SNAPSHOT-sources.jar
[[1;34mINFO[m] 
[[1;34mINFO[m] [1m--- [0;32mmaven-javadoc-plugin:2.9.1:jar[m [1m(attach-javadocs)[m @ [36mcanal.meta[0;1m ---[m
[[1;34mINFO[m] Skipping javadoc generation
[[1;34mINFO[m] 
[[1;34mINFO[m] [1m--- [0;32mjacoco-maven-plugin:0.8.3:report-aggregate[m [1m(report-aggregate)[m @ [36mcanal.meta[0;1m ---[m
[[1;34mINFO[m] Loading execution data file /home/travis/build/failed/alibaba/canal/meta/target/jacoco.exec
[[1;34mINFO[m] Loading execution data file /home/travis/build/failed/alibaba/canal/common/target/jacoco.exec
[[1;34mINFO[m] Analyzed bundle 'canal.common' with 28 classes
[[1;34mINFO[m] Analyzed bundle 'canal.protocol' with 96 classes
[[1;34mINFO[m] 
[[1;34mINFO[m] [1m--- [0;32mmaven-install-plugin:2.4:install[m [1m(default-install)[m @ [36mcanal.meta[0;1m ---[m
[[1;34mINFO[m] Installing /home/travis/build/failed/alibaba/canal/meta/target/canal.meta-1.1.4-SNAPSHOT.jar to /home/travis/.m2/repository/com/alibaba/otter/canal.meta/1.1.4-SNAPSHOT/canal.meta-1.1.4-SNAPSHOT.jar
[[1;34mINFO[m] Installing /home/travis/build/failed/alibaba/canal/meta/pom.xml to /home/travis/.m2/repository/com/alibaba/otter/canal.meta/1.1.4-SNAPSHOT/canal.meta-1.1.4-SNAPSHOT.pom
[[1;34mINFO[m] Installing /home/travis/build/failed/alibaba/canal/meta/target/canal.meta-1.1.4-SNAPSHOT-sources.jar to /home/travis/.m2/repository/com/alibaba/otter/canal.meta/1.1.4-SNAPSHOT/canal.meta-1.1.4-SNAPSHOT-sources.jar
[[1;34mINFO[m] 
[[1;34mINFO[m] [1m------------------------------------------------------------------------[m
[[1;34mINFO[m] [1mBuilding canal driver module for otter 1.1.4-SNAPSHOT 1.1.4-SNAPSHOT[m
[[1;34mINFO[m] [1m------------------------------------------------------------------------[m
[[1;34mINFO[m] 
[[1;34mINFO[m] [1m--- [0;32mmaven-clean-plugin:2.5:clean[m [1m(default-clean)[m @ [36mcanal.parse.driver[0;1m ---[m
[[1;34mINFO[m] 
[[1;34mINFO[m] [1m--- [0;32mmaven-enforcer-plugin:1.0:enforce[m [1m(enforce-maven)[m @ [36mcanal.parse.driver[0;1m ---[m
[[1;34mINFO[m] 
[[1;34mINFO[m] [1m--- [0;32mjacoco-maven-plugin:0.8.3:prepare-agent[m [1m(jacoco-initialize)[m @ [36mcanal.parse.driver[0;1m ---[m
[[1;34mINFO[m] jacocoArgLine set to -javaagent:/home/travis/.m2/repository/org/jacoco/org.jacoco.agent/0.8.3/org.jacoco.agent-0.8.3-runtime.jar=destfile=/home/travis/build/failed/alibaba/canal/driver/target/jacoco.exec
[[1;34mINFO[m] 
[[1;34mINFO[m] [1m--- [0;32mmaven-resources-plugin:2.6:resources[m [1m(default-resources)[m @ [36mcanal.parse.driver[0;1m ---[m
[[1;34mINFO[m] Using 'UTF-8' encoding to copy filtered resources.
[[1;34mINFO[m] skip non existing resourceDirectory /home/travis/build/failed/alibaba/canal/driver/src/main/resources
[[1;34mINFO[m] 
[[1;34mINFO[m] [1m--- [0;32mmaven-compiler-plugin:3.7.0:compile[m [1m(default-compile)[m @ [36mcanal.parse.driver[0;1m ---[m
[[1;34mINFO[m] Changes detected - recompiling the module!
[[1;34mINFO[m] Compiling 45 source files to /home/travis/build/failed/alibaba/canal/driver/target/classes
[[1;34mINFO[m] 
[[1;34mINFO[m] [1m--- [0;32mmaven-resources-plugin:2.6:testResources[m [1m(default-testResources)[m @ [36mcanal.parse.driver[0;1m ---[m
[[1;34mINFO[m] Using 'UTF-8' encoding to copy filtered resources.
[[1;34mINFO[m] skip non existing resourceDirectory /home/travis/build/failed/alibaba/canal/driver/src/test/resources
[[1;34mINFO[m] 
[[1;34mINFO[m] [1m--- [0;32mmaven-compiler-plugin:3.7.0:testCompile[m [1m(default-testCompile)[m @ [36mcanal.parse.driver[0;1m ---[m
[[1;34mINFO[m] Changes detected - recompiling the module!
[[1;34mINFO[m] Compiling 5 source files to /home/travis/build/failed/alibaba/canal/driver/target/test-classes
[[1;34mINFO[m] 
[[1;34mINFO[m] [1m--- [0;32mmaven-surefire-plugin:2.22.1:test[m [1m(default-test)[m @ [36mcanal.parse.driver[0;1m ---[m
[[1;34mINFO[m] 
[[1;34mINFO[m] -------------------------------------------------------
[[1;34mINFO[m]  T E S T S
[[1;34mINFO[m] -------------------------------------------------------
[[1;34mINFO[m] Running com.alibaba.otter.canal.parse.driver.mysql.[1mMysqlConnectorTest[m
[[1;33mWARNING[m] [1;33mTests [0;1mrun: [0;1m1[m, Failures: 0, Errors: 0, [1;33mSkipped: [0;1;33m1[m, Time elapsed: 0.029 s - in com.alibaba.otter.canal.parse.driver.mysql.[1mMysqlConnectorTest[m
[[1;34mINFO[m] Running com.alibaba.otter.canal.parse.driver.mysql.[1mUUIDSetTest[m
[[1;34mINFO[m] [1;32mTests run: [0;1;32m1[m, Failures: 0, Errors: 0, Skipped: 0, Time elapsed: 0.069 s - in com.alibaba.otter.canal.parse.driver.mysql.[1mUUIDSetTest[m
[[1;34mINFO[m] Running com.alibaba.otter.canal.parse.driver.mysql.[1mMysqlGTIDSetTest[m
[[1;34mINFO[m] [1;32mTests run: [0;1;32m2[m, Failures: 0, Errors: 0, Skipped: 0, Time elapsed: 0.005 s - in com.alibaba.otter.canal.parse.driver.mysql.[1mMysqlGTIDSetTest[m
[[1;34mINFO[m] Running com.alibaba.otter.canal.parse.driver.mysql.utils.[1mMySQLPasswordEncrypterTest[m
[[1;34mINFO[m] [1;32mTests run: [0;1;32m3[m, Failures: 0, Errors: 0, Skipped: 0, Time elapsed: 0.02 s - in com.alibaba.otter.canal.parse.driver.mysql.utils.[1mMySQLPasswordEncrypterTest[m
[[1;34mINFO[m] Running com.alibaba.otter.canal.parse.driver.mysql.[1mCharsetUtilTest[m
[[1;34mINFO[m] [1;32mTests run: [0;1;32m6[m, Failures: 0, Errors: 0, Skipped: 0, Time elapsed: 0.006 s - in com.alibaba.otter.canal.parse.driver.mysql.[1mCharsetUtilTest[m
[[1;34mINFO[m] 
[[1;34mINFO[m] Results:
[[1;34mINFO[m] 
[[1;33mWARNING[m] [1;33mTests run: 13, Failures: 0, Errors: 0, Skipped: 1[m
[[1;34mINFO[m] 
[[1;34mINFO[m] 
[[1;34mINFO[m] [1m--- [0;32mmaven-jar-plugin:3.0.2:jar[m [1m(default-jar)[m @ [36mcanal.parse.driver[0;1m ---[m
[[1;34mINFO[m] Building jar: /home/travis/build/failed/alibaba/canal/driver/target/canal.parse.driver-1.1.4-SNAPSHOT.jar
[[1;34mINFO[m] 
[[1;34mINFO[m] [1m>>> [0;32mmaven-source-plugin:2.4:jar[m [1m(attach-sources)[0;1m > [0;1mgenerate-sources[m @ [36mcanal.parse.driver[0;1m >>>[m
[[1;34mINFO[m] 
[[1;34mINFO[m] [1m--- [0;32mmaven-enforcer-plugin:1.0:enforce[m [1m(enforce-maven)[m @ [36mcanal.parse.driver[0;1m ---[m
[[1;34mINFO[m] 
[[1;34mINFO[m] [1m--- [0;32mjacoco-maven-plugin:0.8.3:prepare-agent[m [1m(jacoco-initialize)[m @ [36mcanal.parse.driver[0;1m ---[m
[[1;34mINFO[m] jacocoArgLine set to -javaagent:/home/travis/.m2/repository/org/jacoco/org.jacoco.agent/0.8.3/org.jacoco.agent-0.8.3-runtime.jar=destfile=/home/travis/build/failed/alibaba/canal/driver/target/jacoco.exec
[[1;34mINFO[m] 
[[1;34mINFO[m] [1m<<< [0;32mmaven-source-plugin:2.4:jar[m [1m(attach-sources)[0;1m < [0;1mgenerate-sources[m @ [36mcanal.parse.driver[0;1m <<<[m
[[1;34mINFO[m] 
[[1;34mINFO[m] 
[[1;34mINFO[m] [1m--- [0;32mmaven-source-plugin:2.4:jar[m [1m(attach-sources)[m @ [36mcanal.parse.driver[0;1m ---[m
[[1;34mINFO[m] Building jar: /home/travis/build/failed/alibaba/canal/driver/target/canal.parse.driver-1.1.4-SNAPSHOT-sources.jar
[[1;34mINFO[m] 
[[1;34mINFO[m] [1m--- [0;32mmaven-javadoc-plugin:2.9.1:jar[m [1m(attach-javadocs)[m @ [36mcanal.parse.driver[0;1m ---[m
[[1;34mINFO[m] Skipping javadoc generation
[[1;34mINFO[m] 
[[1;34mINFO[m] [1m--- [0;32mjacoco-maven-plugin:0.8.3:report-aggregate[m [1m(report-aggregate)[m @ [36mcanal.parse.driver[0;1m ---[m
[[1;34mINFO[m] Loading execution data file /home/travis/build/failed/alibaba/canal/driver/target/jacoco.exec
[[1;34mINFO[m] Loading execution data file /home/travis/build/failed/alibaba/canal/common/target/jacoco.exec
[[1;34mINFO[m] Analyzed bundle 'canal.common' with 28 classes
[[1;34mINFO[m] 
[[1;34mINFO[m] [1m--- [0;32mmaven-install-plugin:2.4:install[m [1m(default-install)[m @ [36mcanal.parse.driver[0;1m ---[m
[[1;34mINFO[m] Installing /home/travis/build/failed/alibaba/canal/driver/target/canal.parse.driver-1.1.4-SNAPSHOT.jar to /home/travis/.m2/repository/com/alibaba/otter/canal.parse.driver/1.1.4-SNAPSHOT/canal.parse.driver-1.1.4-SNAPSHOT.jar
[[1;34mINFO[m] Installing /home/travis/build/failed/alibaba/canal/driver/pom.xml to /home/travis/.m2/repository/com/alibaba/otter/canal.parse.driver/1.1.4-SNAPSHOT/canal.parse.driver-1.1.4-SNAPSHOT.pom
[[1;34mINFO[m] Installing /home/travis/build/failed/alibaba/canal/driver/target/canal.parse.driver-1.1.4-SNAPSHOT-sources.jar to /home/travis/.m2/repository/com/alibaba/otter/canal.parse.driver/1.1.4-SNAPSHOT/canal.parse.driver-1.1.4-SNAPSHOT-sources.jar
[[1;34mINFO[m] 
[[1;34mINFO[m] [1m------------------------------------------------------------------------[m
[[1;34mINFO[m] [1mBuilding canal dbsync module for otter 1.1.4-SNAPSHOT 1.1.4-SNAPSHOT[m
[[1;34mINFO[m] [1m------------------------------------------------------------------------[m
[[1;34mINFO[m] 
[[1;34mINFO[m] [1m--- [0;32mmaven-clean-plugin:2.5:clean[m [1m(default-clean)[m @ [36mcanal.parse.dbsync[0;1m ---[m
[[1;34mINFO[m] 
[[1;34mINFO[m] [1m--- [0;32mmaven-enforcer-plugin:1.0:enforce[m [1m(enforce-maven)[m @ [36mcanal.parse.dbsync[0;1m ---[m
[[1;34mINFO[m] 
[[1;34mINFO[m] [1m--- [0;32mjacoco-maven-plugin:0.8.3:prepare-agent[m [1m(jacoco-initialize)[m @ [36mcanal.parse.dbsync[0;1m ---[m
[[1;34mINFO[m] jacocoArgLine set to -javaagent:/home/travis/.m2/repository/org/jacoco/org.jacoco.agent/0.8.3/org.jacoco.agent-0.8.3-runtime.jar=destfile=/home/travis/build/failed/alibaba/canal/dbsync/target/jacoco.exec
[[1;34mINFO[m] 
[[1;34mINFO[m] [1m--- [0;32mmaven-resources-plugin:2.6:resources[m [1m(default-resources)[m @ [36mcanal.parse.dbsync[0;1m ---[m
[[1;34mINFO[m] Using 'UTF-8' encoding to copy filtered resources.
[[1;34mINFO[m] skip non existing resourceDirectory /home/travis/build/failed/alibaba/canal/dbsync/src/main/resources
[[1;34mINFO[m] 
[[1;34mINFO[m] [1m--- [0;32mmaven-compiler-plugin:3.7.0:compile[m [1m(default-compile)[m @ [36mcanal.parse.dbsync[0;1m ---[m
[[1;34mINFO[m] Changes detected - recompiling the module!
[[1;34mINFO[m] Compiling 50 source files to /home/travis/build/failed/alibaba/canal/dbsync/target/classes
[[1;34mINFO[m] 
[[1;34mINFO[m] [1m--- [0;32mmaven-resources-plugin:2.6:testResources[m [1m(default-testResources)[m @ [36mcanal.parse.dbsync[0;1m ---[m
[[1;34mINFO[m] Using 'UTF-8' encoding to copy filtered resources.
[[1;34mINFO[m] Copying 2 resources
[[1;34mINFO[m] 
[[1;34mINFO[m] [1m--- [0;32mmaven-compiler-plugin:3.7.0:testCompile[m [1m(default-testCompile)[m @ [36mcanal.parse.dbsync[0;1m ---[m
[[1;34mINFO[m] Changes detected - recompiling the module!
[[1;34mINFO[m] Compiling 5 source files to /home/travis/build/failed/alibaba/canal/dbsync/target/test-classes
[[1;34mINFO[m] 
[[1;34mINFO[m] [1m--- [0;32mmaven-surefire-plugin:2.22.1:test[m [1m(default-test)[m @ [36mcanal.parse.dbsync[0;1m ---[m
[[1;34mINFO[m] 
[[1;34mINFO[m] -------------------------------------------------------
[[1;34mINFO[m]  T E S T S
[[1;34mINFO[m] -------------------------------------------------------
[[1;34mINFO[m] Running com.taobao.tddl.dbsync.binlog.[1mDirectLogFetcherTest[m
[[1;33mWARNING[m] [1;33mTests [0;1mrun: [0;1m1[m, Failures: 0, Errors: 0, [1;33mSkipped: [0;1;33m1[m, Time elapsed: 0.034 s - in com.taobao.tddl.dbsync.binlog.[1mDirectLogFetcherTest[m
[[1;34mINFO[m] Running com.taobao.tddl.dbsync.binlog.[1mFileLogFetcherTest[m
[[1;33mWARNING[m] [1;33mTests [0;1mrun: [0;1m1[m, Failures: 0, Errors: 0, [1;33mSkipped: [0;1;33m1[m, Time elapsed: 0 s - in com.taobao.tddl.dbsync.binlog.[1mFileLogFetcherTest[m
[[1;34mINFO[m] Running com.taobao.tddl.dbsync.binlog.[1mLogBufferTest[m
old extract decimal: 
2939ns >> -4.4566999990
1144ns >> 5.4567000000
1160ns >> 102003000.400005
1325ns >> 7000000001.000003
1374ns >> 1.100000
new extract decimal: 
2559ns >> -4.456699999
1774ns >> 5.456700000
2634ns >> 102003000.400005
1255ns >> 7000000001.000003
1135ns >> 1.100000
1287ns >> -1
321ns >> 18446744073709551615
-16777216
4278190080
-65536
16711680
[[1;34mINFO[m] [1;32mTests run: [0;1;32m3[m, Failures: 0, Errors: 0, Skipped: 0, Time elapsed: 0.275 s - in com.taobao.tddl.dbsync.binlog.[1mLogBufferTest[m
[[1;34mINFO[m] 
[[1;34mINFO[m] Results:
[[1;34mINFO[m] 
[[1;33mWARNING[m] [1;33mTests run: 5, Failures: 0, Errors: 0, Skipped: 2[m
[[1;34mINFO[m] 
[[1;34mINFO[m] 
[[1;34mINFO[m] [1m--- [0;32mmaven-jar-plugin:3.0.2:jar[m [1m(default-jar)[m @ [36mcanal.parse.dbsync[0;1m ---[m
[[1;34mINFO[m] Building jar: /home/travis/build/failed/alibaba/canal/dbsync/target/canal.parse.dbsync-1.1.4-SNAPSHOT.jar
[[1;34mINFO[m] 
[[1;34mINFO[m] [1m>>> [0;32mmaven-source-plugin:2.4:jar[m [1m(attach-sources)[0;1m > [0;1mgenerate-sources[m @ [36mcanal.parse.dbsync[0;1m >>>[m
[[1;34mINFO[m] 
[[1;34mINFO[m] [1m--- [0;32mmaven-enforcer-plugin:1.0:enforce[m [1m(enforce-maven)[m @ [36mcanal.parse.dbsync[0;1m ---[m
[[1;34mINFO[m] 
[[1;34mINFO[m] [1m--- [0;32mjacoco-maven-plugin:0.8.3:prepare-agent[m [1m(jacoco-initialize)[m @ [36mcanal.parse.dbsync[0;1m ---[m
[[1;34mINFO[m] jacocoArgLine set to -javaagent:/home/travis/.m2/repository/org/jacoco/org.jacoco.agent/0.8.3/org.jacoco.agent-0.8.3-runtime.jar=destfile=/home/travis/build/failed/alibaba/canal/dbsync/target/jacoco.exec
[[1;34mINFO[m] 
[[1;34mINFO[m] [1m<<< [0;32mmaven-source-plugin:2.4:jar[m [1m(attach-sources)[0;1m < [0;1mgenerate-sources[m @ [36mcanal.parse.dbsync[0;1m <<<[m
[[1;34mINFO[m] 
[[1;34mINFO[m] 
[[1;34mINFO[m] [1m--- [0;32mmaven-source-plugin:2.4:jar[m [1m(attach-sources)[m @ [36mcanal.parse.dbsync[0;1m ---[m
[[1;34mINFO[m] Building jar: /home/travis/build/failed/alibaba/canal/dbsync/target/canal.parse.dbsync-1.1.4-SNAPSHOT-sources.jar
[[1;34mINFO[m] 
[[1;34mINFO[m] [1m--- [0;32mmaven-javadoc-plugin:2.9.1:jar[m [1m(attach-javadocs)[m @ [36mcanal.parse.dbsync[0;1m ---[m
[[1;34mINFO[m] Skipping javadoc generation
[[1;34mINFO[m] 
[[1;34mINFO[m] [1m--- [0;32mjacoco-maven-plugin:0.8.3:report-aggregate[m [1m(report-aggregate)[m @ [36mcanal.parse.dbsync[0;1m ---[m
[[1;34mINFO[m] Loading execution data file /home/travis/build/failed/alibaba/canal/dbsync/target/jacoco.exec
[[1;34mINFO[m] Loading execution data file /home/travis/build/failed/alibaba/canal/driver/target/jacoco.exec
[[1;34mINFO[m] Analyzed bundle 'canal.parse.driver' with 44 classes
[[1;34mINFO[m] 
[[1;34mINFO[m] [1m--- [0;32mmaven-install-plugin:2.4:install[m [1m(default-install)[m @ [36mcanal.parse.dbsync[0;1m ---[m
[[1;34mINFO[m] Installing /home/travis/build/failed/alibaba/canal/dbsync/target/canal.parse.dbsync-1.1.4-SNAPSHOT.jar to /home/travis/.m2/repository/com/alibaba/otter/canal.parse.dbsync/1.1.4-SNAPSHOT/canal.parse.dbsync-1.1.4-SNAPSHOT.jar
[[1;34mINFO[m] Installing /home/travis/build/failed/alibaba/canal/dbsync/pom.xml to /home/travis/.m2/repository/com/alibaba/otter/canal.parse.dbsync/1.1.4-SNAPSHOT/canal.parse.dbsync-1.1.4-SNAPSHOT.pom
[[1;34mINFO[m] Installing /home/travis/build/failed/alibaba/canal/dbsync/target/canal.parse.dbsync-1.1.4-SNAPSHOT-sources.jar to /home/travis/.m2/repository/com/alibaba/otter/canal.parse.dbsync/1.1.4-SNAPSHOT/canal.parse.dbsync-1.1.4-SNAPSHOT-sources.jar
[[1;34mINFO[m] 
[[1;34mINFO[m] [1m------------------------------------------------------------------------[m
[[1;34mINFO[m] [1mBuilding canal sink module for otter 1.1.4-SNAPSHOT 1.1.4-SNAPSHOT[m
[[1;34mINFO[m] [1m------------------------------------------------------------------------[m
[[1;34mINFO[m] 
[[1;34mINFO[m] [1m--- [0;32mmaven-clean-plugin:2.5:clean[m [1m(default-clean)[m @ [36mcanal.filter[0;1m ---[m
[[1;34mINFO[m] 
[[1;34mINFO[m] [1m--- [0;32mmaven-enforcer-plugin:1.0:enforce[m [1m(enforce-maven)[m @ [36mcanal.filter[0;1m ---[m
[[1;34mINFO[m] 
[[1;34mINFO[m] [1m--- [0;32mjacoco-maven-plugin:0.8.3:prepare-agent[m [1m(jacoco-initialize)[m @ [36mcanal.filter[0;1m ---[m
[[1;34mINFO[m] jacocoArgLine set to -javaagent:/home/travis/.m2/repository/org/jacoco/org.jacoco.agent/0.8.3/org.jacoco.agent-0.8.3-runtime.jar=destfile=/home/travis/build/failed/alibaba/canal/filter/target/jacoco.exec
[[1;34mINFO[m] 
[[1;34mINFO[m] [1m--- [0;32mmaven-resources-plugin:2.6:resources[m [1m(default-resources)[m @ [36mcanal.filter[0;1m ---[m
[[1;34mINFO[m] Using 'UTF-8' encoding to copy filtered resources.
[[1;34mINFO[m] skip non existing resourceDirectory /home/travis/build/failed/alibaba/canal/filter/src/main/resources
[[1;34mINFO[m] 
[[1;34mINFO[m] [1m--- [0;32mmaven-compiler-plugin:3.7.0:compile[m [1m(default-compile)[m @ [36mcanal.filter[0;1m ---[m
[[1;34mINFO[m] Changes detected - recompiling the module!
[[1;34mINFO[m] Compiling 7 source files to /home/travis/build/failed/alibaba/canal/filter/target/classes
[[1;34mINFO[m] 
[[1;34mINFO[m] [1m--- [0;32mmaven-resources-plugin:2.6:testResources[m [1m(default-testResources)[m @ [36mcanal.filter[0;1m ---[m
[[1;34mINFO[m] Using 'UTF-8' encoding to copy filtered resources.
[[1;34mINFO[m] skip non existing resourceDirectory /home/travis/build/failed/alibaba/canal/filter/src/test/resources
[[1;34mINFO[m] 
[[1;34mINFO[m] [1m--- [0;32mmaven-compiler-plugin:3.7.0:testCompile[m [1m(default-testCompile)[m @ [36mcanal.filter[0;1m ---[m
[[1;34mINFO[m] Changes detected - recompiling the module!
[[1;34mINFO[m] Compiling 2 source files to /home/travis/build/failed/alibaba/canal/filter/target/test-classes
[[1;34mINFO[m] 
[[1;34mINFO[m] [1m--- [0;32mmaven-surefire-plugin:2.22.1:test[m [1m(default-test)[m @ [36mcanal.filter[0;1m ---[m
[[1;34mINFO[m] 
[[1;34mINFO[m] -------------------------------------------------------
[[1;34mINFO[m]  T E S T S
[[1;34mINFO[m] -------------------------------------------------------
[[1;34mINFO[m] Running com.alibaba.otter.canal.filter.[1mMutliAviaterFilterTest[m
[[1;34mINFO[m] [1;32mTests run: [0;1;32m1[m, Failures: 0, Errors: 0, Skipped: 0, Time elapsed: 0.496 s - in com.alibaba.otter.canal.filter.[1mMutliAviaterFilterTest[m
[[1;34mINFO[m] Running com.alibaba.otter.canal.filter.[1mAviaterFilterTest[m
12:58:04.767 [main] DEBUG o.a.c.b.converters.BooleanConverter - Setting default value: false
12:58:04.774 [main] DEBUG o.a.c.b.converters.BooleanConverter - Converting 'Boolean' value 'false' to type 'Boolean'
12:58:04.774 [main] DEBUG o.a.c.b.converters.BooleanConverter -     No conversion required, value is already a Boolean
12:58:04.780 [main] DEBUG o.a.c.b.converters.ByteConverter - Setting default value: 0
12:58:04.781 [main] DEBUG o.a.c.b.converters.ByteConverter - Converting 'Integer' value '0' to type 'Byte'
12:58:04.781 [main] DEBUG o.a.c.b.converters.ByteConverter -     Converted to Byte value '0'
12:58:04.782 [main] DEBUG o.a.c.b.c.CharacterConverter - Setting default value:  
12:58:04.783 [main] DEBUG o.a.c.b.c.CharacterConverter - Converting 'Character' value ' ' to type 'Character'
12:58:04.783 [main] DEBUG o.a.c.b.c.CharacterConverter -     No conversion required, value is already a Character
12:58:04.784 [main] DEBUG o.a.c.b.converters.DoubleConverter - Setting default value: 0
12:58:04.784 [main] DEBUG o.a.c.b.converters.DoubleConverter - Converting 'Integer' value '0' to type 'Double'
12:58:04.785 [main] DEBUG o.a.c.b.converters.DoubleConverter -     Converted to Double value '0.0'
12:58:04.786 [main] DEBUG o.a.c.b.converters.FloatConverter - Setting default value: 0
12:58:04.786 [main] DEBUG o.a.c.b.converters.FloatConverter - Converting 'Integer' value '0' to type 'Float'
12:58:04.787 [main] DEBUG o.a.c.b.converters.FloatConverter -     Converted to Float value '0.0'
12:58:04.787 [main] DEBUG o.a.c.b.converters.IntegerConverter - Setting default value: 0
12:58:04.788 [main] DEBUG o.a.c.b.converters.IntegerConverter - Converting 'Integer' value '0' to type 'Integer'
12:58:04.788 [main] DEBUG o.a.c.b.converters.IntegerConverter -     No conversion required, value is already a Integer
12:58:04.788 [main] DEBUG o.a.c.b.converters.LongConverter - Setting default value: 0
12:58:04.788 [main] DEBUG o.a.c.b.converters.LongConverter - Converting 'Integer' value '0' to type 'Long'
12:58:04.789 [main] DEBUG o.a.c.b.converters.LongConverter -     Converted to Long value '0'
12:58:04.791 [main] DEBUG o.a.c.b.converters.ShortConverter - Setting default value: 0
12:58:04.791 [main] DEBUG o.a.c.b.converters.ShortConverter - Converting 'Integer' value '0' to type 'Short'
12:58:04.791 [main] DEBUG o.a.c.b.converters.ShortConverter -     Converted to Short value '0'
12:58:04.793 [main] DEBUG o.a.c.b.c.BigDecimalConverter - Setting default value: 0.0
12:58:04.793 [main] DEBUG o.a.c.b.c.BigDecimalConverter - Converting 'BigDecimal' value '0.0' to type 'BigDecimal'
12:58:04.793 [main] DEBUG o.a.c.b.c.BigDecimalConverter -     No conversion required, value is already a BigDecimal
12:58:04.793 [main] DEBUG o.a.c.b.c.BigIntegerConverter - Setting default value: 0
12:58:04.793 [main] DEBUG o.a.c.b.c.BigIntegerConverter - Converting 'BigInteger' value '0' to type 'BigInteger'
12:58:04.794 [main] DEBUG o.a.c.b.c.BigIntegerConverter -     No conversion required, value is already a BigInteger
12:58:04.794 [main] DEBUG o.a.c.b.converters.BooleanConverter - Setting default value: false
12:58:04.794 [main] DEBUG o.a.c.b.converters.BooleanConverter - Converting 'Boolean' value 'false' to type 'Boolean'
12:58:04.794 [main] DEBUG o.a.c.b.converters.BooleanConverter -     No conversion required, value is already a Boolean
12:58:04.794 [main] DEBUG o.a.c.b.converters.ByteConverter - Setting default value: 0
12:58:04.794 [main] DEBUG o.a.c.b.converters.ByteConverter - Converting 'Integer' value '0' to type 'Byte'
12:58:04.794 [main] DEBUG o.a.c.b.converters.ByteConverter -     Converted to Byte value '0'
12:58:04.794 [main] DEBUG o.a.c.b.c.CharacterConverter - Setting default value:  
12:58:04.794 [main] DEBUG o.a.c.b.c.CharacterConverter - Converting 'Character' value ' ' to type 'Character'
12:58:04.794 [main] DEBUG o.a.c.b.c.CharacterConverter -     No conversion required, value is already a Character
12:58:04.794 [main] DEBUG o.a.c.b.converters.DoubleConverter - Setting default value: 0
12:58:04.794 [main] DEBUG o.a.c.b.converters.DoubleConverter - Converting 'Integer' value '0' to type 'Double'
12:58:04.795 [main] DEBUG o.a.c.b.converters.DoubleConverter -     Converted to Double value '0.0'
12:58:04.795 [main] DEBUG o.a.c.b.converters.FloatConverter - Setting default value: 0
12:58:04.795 [main] DEBUG o.a.c.b.converters.FloatConverter - Converting 'Integer' value '0' to type 'Float'
12:58:04.795 [main] DEBUG o.a.c.b.converters.FloatConverter -     Converted to Float value '0.0'
12:58:04.795 [main] DEBUG o.a.c.b.converters.IntegerConverter - Setting default value: 0
12:58:04.795 [main] DEBUG o.a.c.b.converters.IntegerConverter - Converting 'Integer' value '0' to type 'Integer'
12:58:04.795 [main] DEBUG o.a.c.b.converters.IntegerConverter -     No conversion required, value is already a Integer
12:58:04.795 [main] DEBUG o.a.c.b.converters.LongConverter - Setting default value: 0
12:58:04.795 [main] DEBUG o.a.c.b.converters.LongConverter - Converting 'Integer' value '0' to type 'Long'
12:58:04.795 [main] DEBUG o.a.c.b.converters.LongConverter -     Converted to Long value '0'
12:58:04.795 [main] DEBUG o.a.c.b.converters.ShortConverter - Setting default value: 0
12:58:04.796 [main] DEBUG o.a.c.b.converters.ShortConverter - Converting 'Integer' value '0' to type 'Short'
12:58:04.796 [main] DEBUG o.a.c.b.converters.ShortConverter -     Converted to Short value '0'
12:58:04.797 [main] DEBUG o.a.c.b.converters.StringConverter - Setting default value: 
12:58:04.797 [main] DEBUG o.a.c.b.converters.StringConverter - Converting 'String' value '' to type 'String'
12:58:04.814 [main] DEBUG o.a.c.b.converters.ArrayConverter - Setting default value: [Z@6917bb4
12:58:04.814 [main] DEBUG o.a.c.b.converters.ArrayConverter - Converting 'boolean[]' value '[Z@6917bb4' to type 'boolean[]'
12:58:04.814 [main] DEBUG o.a.c.b.converters.ArrayConverter -     No conversion required, value is already a boolean[]
12:58:04.814 [main] DEBUG o.a.c.b.converters.ArrayConverter - Setting default value: [B@6ed16657
12:58:04.814 [main] DEBUG o.a.c.b.converters.ArrayConverter - Converting 'byte[]' value '[B@6ed16657' to type 'byte[]'
12:58:04.814 [main] DEBUG o.a.c.b.converters.ArrayConverter -     No conversion required, value is already a byte[]
12:58:04.814 [main] DEBUG o.a.c.b.converters.ArrayConverter - Setting default value: [C@1442f788
12:58:04.815 [main] DEBUG o.a.c.b.converters.ArrayConverter - Converting 'char[]' value '[C@1442f788' to type 'char[]'
12:58:04.815 [main] DEBUG o.a.c.b.converters.ArrayConverter -     No conversion required, value is already a char[]
12:58:04.815 [main] DEBUG o.a.c.b.converters.ArrayConverter - Setting default value: [D@1c7f96b1
12:58:04.815 [main] DEBUG o.a.c.b.converters.ArrayConverter - Converting 'double[]' value '[D@1c7f96b1' to type 'double[]'
12:58:04.815 [main] DEBUG o.a.c.b.converters.ArrayConverter -     No conversion required, value is already a double[]
12:58:04.815 [main] DEBUG o.a.c.b.converters.ArrayConverter - Setting default value: [F@7a04fea7
12:58:04.815 [main] DEBUG o.a.c.b.converters.ArrayConverter - Converting 'float[]' value '[F@7a04fea7' to type 'float[]'
12:58:04.815 [main] DEBUG o.a.c.b.converters.ArrayConverter -     No conversion required, value is already a float[]
12:58:04.816 [main] DEBUG o.a.c.b.converters.ArrayConverter - Setting default value: [I@7b6e5c12
12:58:04.816 [main] DEBUG o.a.c.b.converters.ArrayConverter - Converting 'int[]' value '[I@7b6e5c12' to type 'int[]'
12:58:04.816 [main] DEBUG o.a.c.b.converters.ArrayConverter -     No conversion required, value is already a int[]
12:58:04.816 [main] DEBUG o.a.c.b.converters.ArrayConverter - Setting default value: [J@4f66ffc8
12:58:04.816 [main] DEBUG o.a.c.b.converters.ArrayConverter - Converting 'long[]' value '[J@4f66ffc8' to type 'long[]'
12:58:04.816 [main] DEBUG o.a.c.b.converters.ArrayConverter -     No conversion required, value is already a long[]
12:58:04.816 [main] DEBUG o.a.c.b.converters.ArrayConverter - Setting default value: [S@2def7a7a
12:58:04.816 [main] DEBUG o.a.c.b.converters.ArrayConverter - Converting 'short[]' value '[S@2def7a7a' to type 'short[]'
12:58:04.816 [main] DEBUG o.a.c.b.converters.ArrayConverter -     No conversion required, value is already a short[]
12:58:04.817 [main] DEBUG o.a.c.b.converters.ArrayConverter - Setting default value: [Ljava.math.BigDecimal;@5c080ef3
12:58:04.817 [main] DEBUG o.a.c.b.converters.ArrayConverter - Converting 'BigDecimal[]' value '[Ljava.math.BigDecimal;@5c080ef3' to type 'BigDecimal[]'
12:58:04.817 [main] DEBUG o.a.c.b.converters.ArrayConverter -     No conversion required, value is already a BigDecimal[]
12:58:04.817 [main] DEBUG o.a.c.b.converters.ArrayConverter - Setting default value: [Ljava.math.BigInteger;@4ee6291f
12:58:04.817 [main] DEBUG o.a.c.b.converters.ArrayConverter - Converting 'BigInteger[]' value '[Ljava.math.BigInteger;@4ee6291f' to type 'BigInteger[]'
12:58:04.817 [main] DEBUG o.a.c.b.converters.ArrayConverter -     No conversion required, value is already a BigInteger[]
12:58:04.817 [main] DEBUG o.a.c.b.converters.ArrayConverter - Setting default value: [Ljava.lang.Boolean;@37e0292a
12:58:04.817 [main] DEBUG o.a.c.b.converters.ArrayConverter - Converting 'Boolean[]' value '[Ljava.lang.Boolean;@37e0292a' to type 'Boolean[]'
12:58:04.817 [main] DEBUG o.a.c.b.converters.ArrayConverter -     No conversion required, value is already a Boolean[]
12:58:04.818 [main] DEBUG o.a.c.b.converters.ArrayConverter - Setting default value: [Ljava.lang.Byte;@35267fd4
12:58:04.818 [main] DEBUG o.a.c.b.converters.ArrayConverter - Converting 'Byte[]' value '[Ljava.lang.Byte;@35267fd4' to type 'Byte[]'
12:58:04.818 [main] DEBUG o.a.c.b.converters.ArrayConverter -     No conversion required, value is already a Byte[]
12:58:04.818 [main] DEBUG o.a.c.b.converters.ArrayConverter - Setting default value: [Ljava.lang.Character;@36a6bea6
12:58:04.818 [main] DEBUG o.a.c.b.converters.ArrayConverter - Converting 'Character[]' value '[Ljava.lang.Character;@36a6bea6' to type 'Character[]'
12:58:04.818 [main] DEBUG o.a.c.b.converters.ArrayConverter -     No conversion required, value is already a Character[]
12:58:04.818 [main] DEBUG o.a.c.b.converters.ArrayConverter - Setting default value: [Ljava.lang.Double;@42373389
12:58:04.818 [main] DEBUG o.a.c.b.converters.ArrayConverter - Converting 'Double[]' value '[Ljava.lang.Double;@42373389' to type 'Double[]'
12:58:04.818 [main] DEBUG o.a.c.b.converters.ArrayConverter -     No conversion required, value is already a Double[]
12:58:04.818 [main] DEBUG o.a.c.b.converters.ArrayConverter - Setting default value: [Ljava.lang.Float;@a62c7cd
12:58:04.818 [main] DEBUG o.a.c.b.converters.ArrayConverter - Converting 'Float[]' value '[Ljava.lang.Float;@a62c7cd' to type 'Float[]'
12:58:04.818 [main] DEBUG o.a.c.b.converters.ArrayConverter -     No conversion required, value is already a Float[]
12:58:04.819 [main] DEBUG o.a.c.b.converters.ArrayConverter - Setting default value: [Ljava.lang.Integer;@7c36db44
12:58:04.819 [main] DEBUG o.a.c.b.converters.ArrayConverter - Converting 'Integer[]' value '[Ljava.lang.Integer;@7c36db44' to type 'Integer[]'
12:58:04.819 [main] DEBUG o.a.c.b.converters.ArrayConverter -     No conversion required, value is already a Integer[]
12:58:04.819 [main] DEBUG o.a.c.b.converters.ArrayConverter - Setting default value: [Ljava.lang.Long;@7903d448
12:58:04.819 [main] DEBUG o.a.c.b.converters.ArrayConverter - Converting 'Long[]' value '[Ljava.lang.Long;@7903d448' to type 'Long[]'
12:58:04.819 [main] DEBUG o.a.c.b.converters.ArrayConverter -     No conversion required, value is already a Long[]
12:58:04.819 [main] DEBUG o.a.c.b.converters.ArrayConverter - Setting default value: [Ljava.lang.Short;@42ea287
12:58:04.819 [main] DEBUG o.a.c.b.converters.ArrayConverter - Converting 'Short[]' value '[Ljava.lang.Short;@42ea287' to type 'Short[]'
12:58:04.819 [main] DEBUG o.a.c.b.converters.ArrayConverter -     No conversion required, value is already a Short[]
12:58:04.819 [main] DEBUG o.a.c.b.converters.ArrayConverter - Setting default value: [Ljava.lang.String;@1f0b3cfe
12:58:04.820 [main] DEBUG o.a.c.b.converters.ArrayConverter - Converting 'String[]' value '[Ljava.lang.String;@1f0b3cfe' to type 'String[]'
12:58:04.820 [main] DEBUG o.a.c.b.converters.ArrayConverter -     No conversion required, value is already a String[]
12:58:04.820 [main] DEBUG o.a.c.b.converters.ArrayConverter - Setting default value: [Ljava.lang.Class;@65a48602
12:58:04.820 [main] DEBUG o.a.c.b.converters.ArrayConverter - Converting 'Class[]' value '[Ljava.lang.Class;@65a48602' to type 'Class[]'
12:58:04.820 [main] DEBUG o.a.c.b.converters.ArrayConverter -     No conversion required, value is already a Class[]
12:58:04.820 [main] DEBUG o.a.c.b.converters.ArrayConverter - Setting default value: [Ljava.util.Date;@336206d8
12:58:04.820 [main] DEBUG o.a.c.b.converters.ArrayConverter - Converting 'Date[]' value '[Ljava.util.Date;@336206d8' to type 'Date[]'
12:58:04.820 [main] DEBUG o.a.c.b.converters.ArrayConverter -     No conversion required, value is already a Date[]
12:58:04.820 [main] DEBUG o.a.c.b.converters.ArrayConverter - Setting default value: [Ljava.util.Calendar;@1f11f64e
12:58:04.820 [main] DEBUG o.a.c.b.converters.ArrayConverter - Converting 'Calendar[]' value '[Ljava.util.Calendar;@1f11f64e' to type 'Calendar[]'
12:58:04.820 [main] DEBUG o.a.c.b.converters.ArrayConverter -     No conversion required, value is already a Calendar[]
12:58:04.821 [main] DEBUG o.a.c.b.converters.ArrayConverter - Setting default value: [Ljava.io.File;@858d8b4
12:58:04.821 [main] DEBUG o.a.c.b.converters.ArrayConverter - Converting 'java.io.File[]' value '[Ljava.io.File;@858d8b4' to type 'java.io.File[]'
12:58:04.821 [main] DEBUG o.a.c.b.converters.ArrayConverter -     No conversion required, value is already a java.io.File[]
12:58:04.821 [main] DEBUG o.a.c.b.converters.ArrayConverter - Setting default value: [Ljava.sql.Date;@612e21b9
12:58:04.821 [main] DEBUG o.a.c.b.converters.ArrayConverter - Converting 'java.sql.Date[]' value '[Ljava.sql.Date;@612e21b9' to type 'java.sql.Date[]'
12:58:04.821 [main] DEBUG o.a.c.b.converters.ArrayConverter -     No conversion required, value is already a java.sql.Date[]
12:58:04.821 [main] DEBUG o.a.c.b.converters.ArrayConverter - Setting default value: [Ljava.sql.Time;@7efd28bd
12:58:04.821 [main] DEBUG o.a.c.b.converters.ArrayConverter - Converting 'java.sql.Time[]' value '[Ljava.sql.Time;@7efd28bd' to type 'java.sql.Time[]'
12:58:04.822 [main] DEBUG o.a.c.b.converters.ArrayConverter -     No conversion required, value is already a java.sql.Time[]
12:58:04.822 [main] DEBUG o.a.c.b.converters.ArrayConverter - Setting default value: [Ljava.sql.Timestamp;@7718a40f
12:58:04.822 [main] DEBUG o.a.c.b.converters.ArrayConverter - Converting 'java.sql.Timestamp[]' value '[Ljava.sql.Timestamp;@7718a40f' to type 'java.sql.Timestamp[]'
12:58:04.822 [main] DEBUG o.a.c.b.converters.ArrayConverter -     No conversion required, value is already a java.sql.Timestamp[]
12:58:04.822 [main] DEBUG o.a.c.b.converters.ArrayConverter - Setting default value: [Ljava.net.URL;@26844abb
12:58:04.822 [main] DEBUG o.a.c.b.converters.ArrayConverter - Converting 'java.net.URL[]' value '[Ljava.net.URL;@26844abb' to type 'java.net.URL[]'
12:58:04.822 [main] DEBUG o.a.c.b.converters.ArrayConverter -     No conversion required, value is already a java.net.URL[]
[[1;34mINFO[m] [1;32mTests run: [0;1;32m4[m, Failures: 0, Errors: 0, Skipped: 0, Time elapsed: 0.433 s - in com.alibaba.otter.canal.filter.[1mAviaterFilterTest[m
[[1;34mINFO[m] 
[[1;34mINFO[m] Results:
[[1;34mINFO[m] 
[[1;34mINFO[m] [1;32mTests run: 5, Failures: 0, Errors: 0, Skipped: 0[m
[[1;34mINFO[m] 
[[1;34mINFO[m] 
[[1;34mINFO[m] [1m--- [0;32mmaven-jar-plugin:3.0.2:jar[m [1m(default-jar)[m @ [36mcanal.filter[0;1m ---[m
[[1;34mINFO[m] Building jar: /home/travis/build/failed/alibaba/canal/filter/target/canal.filter-1.1.4-SNAPSHOT.jar
[[1;34mINFO[m] 
[[1;34mINFO[m] [1m>>> [0;32mmaven-source-plugin:2.4:jar[m [1m(attach-sources)[0;1m > [0;1mgenerate-sources[m @ [36mcanal.filter[0;1m >>>[m
[[1;34mINFO[m] 
[[1;34mINFO[m] [1m--- [0;32mmaven-enforcer-plugin:1.0:enforce[m [1m(enforce-maven)[m @ [36mcanal.filter[0;1m ---[m
[[1;34mINFO[m] 
[[1;34mINFO[m] [1m--- [0;32mjacoco-maven-plugin:0.8.3:prepare-agent[m [1m(jacoco-initialize)[m @ [36mcanal.filter[0;1m ---[m
[[1;34mINFO[m] jacocoArgLine set to -javaagent:/home/travis/.m2/repository/org/jacoco/org.jacoco.agent/0.8.3/org.jacoco.agent-0.8.3-runtime.jar=destfile=/home/travis/build/failed/alibaba/canal/filter/target/jacoco.exec
[[1;34mINFO[m] 
[[1;34mINFO[m] [1m<<< [0;32mmaven-source-plugin:2.4:jar[m [1m(attach-sources)[0;1m < [0;1mgenerate-sources[m @ [36mcanal.filter[0;1m <<<[m
[[1;34mINFO[m] 
[[1;34mINFO[m] 
[[1;34mINFO[m] [1m--- [0;32mmaven-source-plugin:2.4:jar[m [1m(attach-sources)[m @ [36mcanal.filter[0;1m ---[m
[[1;34mINFO[m] Building jar: /home/travis/build/failed/alibaba/canal/filter/target/canal.filter-1.1.4-SNAPSHOT-sources.jar
[[1;34mINFO[m] 
[[1;34mINFO[m] [1m--- [0;32mmaven-javadoc-plugin:2.9.1:jar[m [1m(attach-javadocs)[m @ [36mcanal.filter[0;1m ---[m
[[1;34mINFO[m] Skipping javadoc generation
[[1;34mINFO[m] 
[[1;34mINFO[m] [1m--- [0;32mjacoco-maven-plugin:0.8.3:report-aggregate[m [1m(report-aggregate)[m @ [36mcanal.filter[0;1m ---[m
[[1;34mINFO[m] Loading execution data file /home/travis/build/failed/alibaba/canal/filter/target/jacoco.exec
[[1;34mINFO[m] Loading execution data file /home/travis/build/failed/alibaba/canal/common/target/jacoco.exec
[[1;34mINFO[m] Analyzed bundle 'canal.common' with 28 classes
[[1;34mINFO[m] Analyzed bundle 'canal.protocol' with 96 classes
[[1;34mINFO[m] 
[[1;34mINFO[m] [1m--- [0;32mmaven-install-plugin:2.4:install[m [1m(default-install)[m @ [36mcanal.filter[0;1m ---[m
[[1;34mINFO[m] Installing /home/travis/build/failed/alibaba/canal/filter/target/canal.filter-1.1.4-SNAPSHOT.jar to /home/travis/.m2/repository/com/alibaba/otter/canal.filter/1.1.4-SNAPSHOT/canal.filter-1.1.4-SNAPSHOT.jar
[[1;34mINFO[m] Installing /home/travis/build/failed/alibaba/canal/filter/pom.xml to /home/travis/.m2/repository/com/alibaba/otter/canal.filter/1.1.4-SNAPSHOT/canal.filter-1.1.4-SNAPSHOT.pom
[[1;34mINFO[m] Installing /home/travis/build/failed/alibaba/canal/filter/target/canal.filter-1.1.4-SNAPSHOT-sources.jar to /home/travis/.m2/repository/com/alibaba/otter/canal.filter/1.1.4-SNAPSHOT/canal.filter-1.1.4-SNAPSHOT-sources.jar
[[1;34mINFO[m] 
[[1;34mINFO[m] [1m------------------------------------------------------------------------[m
[[1;34mINFO[m] [1mBuilding canal store module for otter 1.1.4-SNAPSHOT 1.1.4-SNAPSHOT[m
[[1;34mINFO[m] [1m------------------------------------------------------------------------[m
[[1;34mINFO[m] 
[[1;34mINFO[m] [1m--- [0;32mmaven-clean-plugin:2.5:clean[m [1m(default-clean)[m @ [36mcanal.store[0;1m ---[m
[[1;34mINFO[m] 
[[1;34mINFO[m] [1m--- [0;32mmaven-enforcer-plugin:1.0:enforce[m [1m(enforce-maven)[m @ [36mcanal.store[0;1m ---[m
[[1;34mINFO[m] 
[[1;34mINFO[m] [1m--- [0;32mjacoco-maven-plugin:0.8.3:prepare-agent[m [1m(jacoco-initialize)[m @ [36mcanal.store[0;1m ---[m
[[1;34mINFO[m] jacocoArgLine set to -javaagent:/home/travis/.m2/repository/org/jacoco/org.jacoco.agent/0.8.3/org.jacoco.agent-0.8.3-runtime.jar=destfile=/home/travis/build/failed/alibaba/canal/store/target/jacoco.exec
[[1;34mINFO[m] 
[[1;34mINFO[m] [1m--- [0;32mmaven-resources-plugin:2.6:resources[m [1m(default-resources)[m @ [36mcanal.store[0;1m ---[m
[[1;34mINFO[m] Using 'UTF-8' encoding to copy filtered resources.
[[1;34mINFO[m] skip non existing resourceDirectory /home/travis/build/failed/alibaba/canal/store/src/main/resources
[[1;34mINFO[m] 
[[1;34mINFO[m] [1m--- [0;32mmaven-compiler-plugin:3.7.0:compile[m [1m(default-compile)[m @ [36mcanal.store[0;1m ---[m
[[1;34mINFO[m] Changes detected - recompiling the module!
[[1;34mINFO[m] Compiling 13 source files to /home/travis/build/failed/alibaba/canal/store/target/classes
[[1;34mINFO[m] 
[[1;34mINFO[m] [1m--- [0;32mmaven-resources-plugin:2.6:testResources[m [1m(default-testResources)[m @ [36mcanal.store[0;1m ---[m
[[1;34mINFO[m] Using 'UTF-8' encoding to copy filtered resources.
[[1;34mINFO[m] skip non existing resourceDirectory /home/travis/build/failed/alibaba/canal/store/src/test/resources
[[1;34mINFO[m] 
[[1;34mINFO[m] [1m--- [0;32mmaven-compiler-plugin:3.7.0:testCompile[m [1m(default-testCompile)[m @ [36mcanal.store[0;1m ---[m
[[1;34mINFO[m] Changes detected - recompiling the module!
[[1;34mINFO[m] Compiling 5 source files to /home/travis/build/failed/alibaba/canal/store/target/test-classes
[[1;34mINFO[m] 
[[1;34mINFO[m] [1m--- [0;32mmaven-surefire-plugin:2.22.1:test[m [1m(default-test)[m @ [36mcanal.store[0;1m ---[m
[[1;34mINFO[m] 
[[1;34mINFO[m] -------------------------------------------------------
[[1;34mINFO[m]  T E S T S
[[1;34mINFO[m] -------------------------------------------------------
[[1;34mINFO[m] Running com.alibaba.otter.cancel.store.memory.buffer.[1mMemoryEventStoreRollbackAndAckTest[m
start get
first get size : 8
second get size : 8
after rollback get size : 8
start get
first get size : 8
after rollback get size : 8
second get size : 8
after rollback get size : 16
[[1;31mERROR[m] [1;31mTests [0;1mrun: [0;1m2[m, [1;31mFailures: [0;1;31m1[m, Errors: 0, Skipped: 0, Time elapsed: 3.672 s[1;31m <<< FAILURE![m - in com.alibaba.otter.cancel.store.memory.buffer.[1mMemoryEventStoreRollbackAndAckTest[m
[[1;31mERROR[m] testAck(com.alibaba.otter.cancel.store.memory.buffer.MemoryEventStoreRollbackAndAckTest)  Time elapsed: 1.942 s  <<< FAILURE!
java.lang.AssertionError: expected:<LogPosition[identity=LogIdentity[sourceAddress=/127.0.0.1:3306,slaveId=1234],postion=EntryPosition[included=false,journalName=1,position=1,serverId=0,gtid=,timestamp=8]]> but was:<LogPosition[identity=LogIdentity[sourceAddress=/127.0.0.1:3306,slaveId=1234],postion=EntryPosition[included=false,journalName=1,position=1,serverId=0,gtid=,timestamp=9]]>
	at com.alibaba.otter.cancel.store.memory.buffer.MemoryEventStoreRollbackAndAckTest.testAck(MemoryEventStoreRollbackAndAckTest.java:124)

[[1;34mINFO[m] Running com.alibaba.otter.cancel.store.memory.buffer.[1mMemoryEventStoreMemBatchTest[m
start get
first get size : 8
second get size : 8
after rollback get size : 8
third get size : 0
start get
first get size : 16
start get
first get size : 8
after rollback get size : 8
second get size : 8
after rollback get size : 16
[[1;33mWARNING[m] [1;33mTests [0;1mrun: [0;1m8[m, Failures: 0, Errors: 0, [1;33mSkipped: [0;1;33m1[m, Time elapsed: 5.979 s - in com.alibaba.otter.cancel.store.memory.buffer.[1mMemoryEventStoreMemBatchTest[m
[[1;34mINFO[m] Running com.alibaba.otter.cancel.store.memory.buffer.[1mMemoryEventStoreMultiThreadTest[m
[[1;33mWARNING[m] [1;33mTests [0;1mrun: [0;1m1[m, Failures: 0, Errors: 0, [1;33mSkipped: [0;1;33m1[m, Time elapsed: 0.001 s - in com.alibaba.otter.cancel.store.memory.buffer.[1mMemoryEventStoreMultiThreadTest[m
[[1;34mINFO[m] Running com.alibaba.otter.cancel.store.memory.buffer.[1mMemoryEventStorePutAndGetTest[m
start get
first get size : 16
interrupt occured.
[[1;34mINFO[m] [1;32mTests run: [0;1;32m5[m, Failures: 0, Errors: 0, Skipped: 0, Time elapsed: 4.617 s - in com.alibaba.otter.cancel.store.memory.buffer.[1mMemoryEventStorePutAndGetTest[m
[[1;34mINFO[m] 
[[1;34mINFO[m] Results:
[[1;34mINFO[m] 
[[1;31mERROR[m] [1;31mFailures: [m
[[1;31mERROR[m] [1;31m  MemoryEventStoreRollbackAndAckTest.testAck:124 expected:<LogPosition[identity=LogIdentity[sourceAddress=/127.0.0.1:3306,slaveId=1234],postion=EntryPosition[included=false,journalName=1,position=1,serverId=0,gtid=,timestamp=8]]> but was:<LogPosition[identity=LogIdentity[sourceAddress=/127.0.0.1:3306,slaveId=1234],postion=EntryPosition[included=false,journalName=1,position=1,serverId=0,gtid=,timestamp=9]]>[m
[[1;34mINFO[m] 
[[1;31mERROR[m] [1;31mTests run: 16, Failures: 1, Errors: 0, Skipped: 2[m
[[1;34mINFO[m] 
[[1;34mINFO[m] [1m------------------------------------------------------------------------[m
[[1;34mINFO[m] [1mReactor Summary:[m
[[1;34mINFO[m] 
[[1;34mINFO[m] canal module for otter 1.1.4-SNAPSHOT .............. [1;32mSUCCESS[m [  4.326 s]
[[1;34mINFO[m] canal common module for otter 1.1.4-SNAPSHOT ....... [1;32mSUCCESS[m [  4.302 s]
[[1;34mINFO[m] canal protocol module for otter 1.1.4-SNAPSHOT ..... [1;32mSUCCESS[m [  2.735 s]
[[1;34mINFO[m] canal meta module for otter 1.1.4-SNAPSHOT ......... [1;32mSUCCESS[m [  2.391 s]
[[1;34mINFO[m] canal driver module for otter 1.1.4-SNAPSHOT ....... [1;32mSUCCESS[m [  2.560 s]
[[1;34mINFO[m] canal dbsync module for otter 1.1.4-SNAPSHOT ....... [1;32mSUCCESS[m [  2.892 s]
[[1;34mINFO[m] canal sink module for otter 1.1.4-SNAPSHOT ......... [1;32mSUCCESS[m [  3.135 s]
[[1;34mINFO[m] canal store module for otter 1.1.4-SNAPSHOT ........ [1;31mFAILURE[m [ 15.941 s]
[[1;34mINFO[m] canal sink module for otter 1.1.4-SNAPSHOT ......... [1;33mSKIPPED[m
[[1;34mINFO[m] canal parse module for otter 1.1.4-SNAPSHOT ........ [1;33mSKIPPED[m
[[1;34mINFO[m] canal instance core module for otter 1.1.4-SNAPSHOT  [1;33mSKIPPED[m
[[1;34mINFO[m] canal instance manager module for otter 1.1.4-SNAPSHOT [1;33mSKIPPED[m
[[1;34mINFO[m] canal instance spring module for otter 1.1.4-SNAPSHOT [1;33mSKIPPED[m
[[1;34mINFO[m] canal instance module for otter 1.1.4-SNAPSHOT ..... [1;33mSKIPPED[m
[[1;34mINFO[m] canal server module for otter 1.1.4-SNAPSHOT ....... [1;33mSKIPPED[m
[[1;34mINFO[m] canal client module for otter 1.1.4-SNAPSHOT ....... [1;33mSKIPPED[m
[[1;34mINFO[m] canal prometheus module for otter 1.1.4-SNAPSHOT ... [1;33mSKIPPED[m
[[1;34mINFO[m] canal deployer module for otter 1.1.4-SNAPSHOT ..... [1;33mSKIPPED[m
[[1;34mINFO[m] canal example module for otter 1.1.4-SNAPSHOT ...... [1;33mSKIPPED[m
[[1;34mINFO[m] canal client adapter module for otter 1.1.4-SNAPSHOT [1;33mSKIPPED[m
[[1;34mINFO[m] canal client adapter common module for otter 1.1.4-SNAPSHOT [1;33mSKIPPED[m
[[1;34mINFO[m] canal client adapter logger example module for otter 1.1.4-SNAPSHOT [1;33mSKIPPED[m
[[1;34mINFO[m] canal client adapter hbase module for otter 1.1.4-SNAPSHOT [1;33mSKIPPED[m
[[1;34mINFO[m] canal client adapter elasticsearch module for otter 1.1.4-SNAPSHOT [1;33mSKIPPED[m
[[1;34mINFO[m] canal client adapter rdb module for otter 1.1.4-SNAPSHOT [1;33mSKIPPED[m
[[1;34mINFO[m] canal client adapter launcher module for otter 1.1.4-SNAPSHOT [1;33mSKIPPED[m
[[1;34mINFO[m] canal-admin ........................................ [1;33mSKIPPED[m
[[1;34mINFO[m] canal-admin-ui ..................................... [1;33mSKIPPED[m
[[1;34mINFO[m] canal-admin-server ................................. [1;33mSKIPPED[m
[[1;34mINFO[m] [1m------------------------------------------------------------------------[m
[[1;34mINFO[m] [1;31mBUILD FAILURE[m
[[1;34mINFO[m] [1m------------------------------------------------------------------------[m
[[1;34mINFO[m] Total time: 41.469 s
[[1;34mINFO[m] Finished at: 2022-01-29T12:58:22Z
[[1;34mINFO[m] Final Memory: 54M/336M
[[1;34mINFO[m] [1m------------------------------------------------------------------------[m
[[1;31mERROR[m] Failed to execute goal [32morg.apache.maven.plugins:maven-surefire-plugin:2.22.1:test[m [1m(default-test)[m on project [36mcanal.store[m: [1;31mThere are test failures.[m
[[1;31mERROR[m] [1;31m[m
[[1;31mERROR[m] [1;31mPlease refer to /home/travis/build/failed/alibaba/canal/store/target/surefire-reports for the individual test results.[m
[[1;31mERROR[m] [1;31mPlease refer to dump files (if any exist) [date].dump, [date]-jvmRun[N].dump and [date].dumpstream.[m
[[1;31mERROR[m] -> [1m[Help 1][m
[[1;31mERROR[m] 
[[1;31mERROR[m] To see the full stack trace of the errors, re-run Maven with the [1m-e[m switch.
[[1;31mERROR[m] Re-run Maven using the [1m-X[m switch to enable full debug logging.
[[1;31mERROR[m] 
[[1;31mERROR[m] For more information about the errors and possible solutions, please read the following articles:
[[1;31mERROR[m] [1m[Help 1][m http://cwiki.apache.org/confluence/display/MAVEN/MojoFailureException
[[1;31mERROR[m] 
[[1;31mERROR[m] After correcting the problems, you can resume the build with the command
[[1;31mERROR[m]   [1mmvn <goals> -rf :canal.store[m
/home/travis/.travis/functions: line 607:  2883 Terminated              travis_jigger "${!}" "${timeout}" "${cmd[@]}"
travis_time:end:061c2ce7:start=1643461058008661465,finish=1643461102359984628,duration=44351323163,event=script[0K[31;1mThe command "travis_wait 30 ./mvnw clean install -DskipTests=false -Dcheckstyle.skip=true -Dmaven.javadoc.skip=true" exited with 1.[0m
travis_fold:start:cache.2[0Kstore build cache
travis_time:start:1aafc36f[0Ktravis_time:end:1aafc36f:start=1643461102368905011,finish=1643461102375034408,duration=6129397,event=cache[0Ktravis_time:start:1058e3d4[0K[32;1mchanges detected, packing new archive[0m
[32;1muploading /[0m
[31;1mfailed to upload cache[0m
travis_time:end:1058e3d4:start=1643461102383380360,finish=1643461113551261780,duration=11167881420,event=cache[0Ktravis_fold:end:cache.2[0K
travis_fold:start:after_failure[0Ktravis_time:start:0d43a1e0[0K$ if [ -f canal.log ]; then echo "------TAIL of canal.log------"; tail -n 1000 canal.log; echo "------END of canal.log------"; fi
travis_time:end:0d43a1e0:start=1643461113560759126,finish=1643461113566799146,duration=6040020,event=after_failure[0Ktravis_fold:end:after_failure[0K
Done. Your build exited with 1.
