travis_fold:start:system_info[0K[33;1mBuild system information[0m
Build language: java
Build group: stable
Build dist: trusty
Build id: ''
Job id: ''
[34m[1mBuild image provisioning date and time[0m
Tue Dec  5 20:11:19 UTC 2017
[34m[1mOperating System Details[0m
Distributor ID:	Ubuntu
Description:	Ubuntu 14.04.5 LTS
Release:	14.04
Codename:	trusty
[34m[1mCookbooks Version[0m
7c2c6a6 https://github.com/travis-ci/travis-cookbooks/tree/7c2c6a6
[34m[1mgit version[0m
git version 2.15.1
[34m[1mbash version[0m
GNU bash, version 4.3.11(1)-release (x86_64-pc-linux-gnu)
[34m[1mgcc version[0m
gcc (Ubuntu 4.8.4-2ubuntu1~14.04.3) 4.8.4
Copyright (C) 2013 Free Software Foundation, Inc.
This is free software; see the source for copying conditions.  There is NO
warranty; not even for MERCHANTABILITY or FITNESS FOR A PARTICULAR PURPOSE.

[34m[1mdocker version[0m
Client:
 Version:      17.09.0-ce
 API version:  1.32
 Go version:   go1.8.3
 Git commit:   afdb6d4
 Built:        Tue Sep 26 22:39:28 2017
 OS/Arch:      linux/amd64
[34m[1mclang version[0m
clang version 5.0.0 (tags/RELEASE_500/final)
Target: x86_64-unknown-linux-gnu
Thread model: posix
InstalledDir: /usr/local/clang-5.0.0/bin
[34m[1mjq version[0m
jq-1.5
[34m[1mbats version[0m
Bats 0.4.0
[34m[1mshellcheck version[0m
0.4.6
[34m[1mshfmt version[0m
v2.0.0
[34m[1mccache version[0m
ccache version 3.1.9

Copyright (C) 2002-2007 Andrew Tridgell
Copyright (C) 2009-2011 Joel Rosdahl

This program is free software; you can redistribute it and/or modify it under
the terms of the GNU General Public License as published by the Free Software
Foundation; either version 3 of the License, or (at your option) any later
version.
[34m[1mcmake version[0m
cmake version 3.9.2

CMake suite maintained and supported by Kitware (kitware.com/cmake).
[34m[1mheroku version[0m
heroku-cli/6.14.39-addc925 (linux-x64) node-v9.2.0
[34m[1mimagemagick version[0m
Version: ImageMagick 6.7.7-10 2017-07-31 Q16 http://www.imagemagick.org
[34m[1mmd5deep version[0m
4.2
[34m[1mmercurial version[0m
Mercurial Distributed SCM (version 4.2.2)
(see https://mercurial-scm.org for more information)

Copyright (C) 2005-2017 Matt Mackall and others
This is free software; see the source for copying conditions. There is NO
warranty; not even for MERCHANTABILITY or FITNESS FOR A PARTICULAR PURPOSE.
[34m[1mmysql version[0m
mysql  Ver 14.14 Distrib 5.6.33, for debian-linux-gnu (x86_64) using  EditLine wrapper
[34m[1mopenssl version[0m
OpenSSL 1.0.1f 6 Jan 2014
[34m[1mpacker version[0m
Packer v1.0.2

Your version of Packer is out of date! The latest version
is 1.1.2. You can update by downloading from www.packer.io
[34m[1mpostgresql client version[0m
psql (PostgreSQL) 9.6.6
[34m[1mragel version[0m
Ragel State Machine Compiler version 6.8 Feb 2013
Copyright (c) 2001-2009 by Adrian Thurston
[34m[1msubversion version[0m
svn, version 1.8.8 (r1568071)
   compiled Aug 10 2017, 17:20:39 on x86_64-pc-linux-gnu

Copyright (C) 2013 The Apache Software Foundation.
This software consists of contributions made by many people;
see the NOTICE file for more information.
Subversion is open source software, see http://subversion.apache.org/

The following repository access (RA) modules are available:

* ra_svn : Module for accessing a repository using the svn network protocol.
  - with Cyrus SASL authentication
  - handles 'svn' scheme
* ra_local : Module for accessing a repository on local disk.
  - handles 'file' scheme
* ra_serf : Module for accessing a repository via WebDAV protocol using serf.
  - using serf 1.3.3
  - handles 'http' scheme
  - handles 'https' scheme

[34m[1msudo version[0m
Sudo version 1.8.9p5
Configure options: --prefix=/usr -v --with-all-insults --with-pam --with-fqdn --with-logging=syslog --with-logfac=authpriv --with-env-editor --with-editor=/usr/bin/editor --with-timeout=15 --with-password-timeout=0 --with-passprompt=[sudo] password for %p:  --without-lecture --with-tty-tickets --disable-root-mailer --enable-admin-flag --with-sendmail=/usr/sbin/sendmail --with-timedir=/var/lib/sudo --mandir=/usr/share/man --libexecdir=/usr/lib/sudo --with-sssd --with-sssd-lib=/usr/lib/x86_64-linux-gnu --with-selinux
Sudoers policy plugin version 1.8.9p5
Sudoers file grammar version 43

Sudoers path: /etc/sudoers
Authentication methods: 'pam'
Syslog facility if syslog is being used for logging: authpriv
Syslog priority to use when user authenticates successfully: notice
Syslog priority to use when user authenticates unsuccessfully: alert
Send mail if the user is not in sudoers
Use a separate timestamp for each user/tty combo
Lecture user the first time they run sudo
Root may run sudo
Allow some information gathering to give useful error messages
Require fully-qualified hostnames in the sudoers file
Visudo will honor the EDITOR environment variable
Set the LOGNAME and USER environment variables
Length at which to wrap log file lines (0 for no wrap): 80
Authentication timestamp timeout: 15.0 minutes
Password prompt timeout: 0.0 minutes
Number of tries to enter a password: 3
Umask to use or 0777 to use user's: 022
Path to mail program: /usr/sbin/sendmail
Flags for mail program: -t
Address to send mail to: root
Subject line for mail messages: *** SECURITY information for %h ***
Incorrect password message: Sorry, try again.
Path to authentication timestamp dir: /var/lib/sudo
Default password prompt: [sudo] password for %p: 
Default user to run commands as: root
Value to override user's $PATH with: /usr/local/sbin:/usr/local/bin:/usr/sbin:/usr/bin:/sbin:/bin:/snap/bin
Path to the editor for use by visudo: /usr/bin/editor
When to require a password for 'list' pseudocommand: any
When to require a password for 'verify' pseudocommand: all
File descriptors >= 3 will be closed before executing a command
Environment variables to check for sanity:
	TZ
	TERM
	LINGUAS
	LC_*
	LANGUAGE
	LANG
	COLORTERM
Environment variables to remove:
	RUBYOPT
	RUBYLIB
	PYTHONUSERBASE
	PYTHONINSPECT
	PYTHONPATH
	PYTHONHOME
	TMPPREFIX
	ZDOTDIR
	READNULLCMD
	NULLCMD
	FPATH
	PERL5DB
	PERL5OPT
	PERL5LIB
	PERLLIB
	PERLIO_DEBUG 
	JAVA_TOOL_OPTIONS
	SHELLOPTS
	GLOBIGNORE
	PS4
	BASH_ENV
	ENV
	TERMCAP
	TERMPATH
	TERMINFO_DIRS
	TERMINFO
	_RLD*
	LD_*
	PATH_LOCALE
	NLSPATH
	HOSTALIASES
	RES_OPTIONS
	LOCALDOMAIN
	CDPATH
	IFS
Environment variables to preserve:
	JAVA_HOME
	TRAVIS
	CI
	DEBIAN_FRONTEND
	XAUTHORIZATION
	XAUTHORITY
	PS2
	PS1
	PATH
	LS_COLORS
	KRB5CCNAME
	HOSTNAME
	HOME
	DISPLAY
	COLORS
Locale to use while parsing sudoers: C
Directory in which to store input/output logs: /var/log/sudo-io
File in which to store the input/output log: %{seq}
Add an entry to the utmp/utmpx file when allocating a pty
PAM service name to use
PAM service name to use for login shells
Create a new PAM session for the command to run in
Maximum I/O log sequence number: 0

Local IP address and netmask pairs:
	172.17.0.2/255.255.0.0

Sudoers I/O plugin version 1.8.9p5
[34m[1mgzip version[0m
gzip 1.6
Copyright (C) 2007, 2010, 2011 Free Software Foundation, Inc.
Copyright (C) 1993 Jean-loup Gailly.
This is free software.  You may redistribute copies of it under the terms of
the GNU General Public License <http://www.gnu.org/licenses/gpl.html>.
There is NO WARRANTY, to the extent permitted by law.

Written by Jean-loup Gailly.
[34m[1mzip version[0m
Copyright (c) 1990-2008 Info-ZIP - Type 'zip "-L"' for software license.
This is Zip 3.0 (July 5th 2008), by Info-ZIP.
Currently maintained by E. Gordon.  Please send bug reports to
the authors using the web page at www.info-zip.org; see README for details.

Latest sources and executables are at ftp://ftp.info-zip.org/pub/infozip,
as of above date; see http://www.info-zip.org/ for other sites.

Compiled with gcc 4.8.2 for Unix (Linux ELF) on Oct 21 2013.

Zip special compilation options:
	USE_EF_UT_TIME       (store Universal Time)
	BZIP2_SUPPORT        (bzip2 library version 1.0.6, 6-Sept-2010)
	    bzip2 code and library copyright (c) Julian R Seward
	    (See the bzip2 license for terms of use)
	SYMLINK_SUPPORT      (symbolic links supported)
	LARGE_FILE_SUPPORT   (can read and write large files on file system)
	ZIP64_SUPPORT        (use Zip64 to store large files in archives)
	UNICODE_SUPPORT      (store and read UTF-8 Unicode paths)
	STORE_UNIX_UIDs_GIDs (store UID/GID sizes/values using new extra field)
	UIDGID_NOT_16BIT     (old Unix 16-bit UID/GID extra field not used)
	[encryption, version 2.91 of 05 Jan 2007] (modified for Zip 3)

Encryption notice:
	The encryption code of this program is not copyrighted and is
	put in the public domain.  It was originally written in Europe
	and, to the best of our knowledge, can be freely distributed
	in both source and object forms from any country, including
	the USA under License Exception TSU of the U.S. Export
	Administration Regulations (section 740.13(e)) of 6 June 2002.

Zip environment options:
             ZIP:  [none]
          ZIPOPT:  [none]
[34m[1mvim version[0m
VIM - Vi IMproved 7.4 (2013 Aug 10, compiled Nov 24 2016 16:43:18)
Included patches: 1-52
Extra patches: 8.0.0056
Modified by pkg-vim-maintainers@lists.alioth.debian.org
Compiled by buildd@
Huge version without GUI.  Features included (+) or not (-):
+acl             +farsi           +mouse_netterm   +syntax
+arabic          +file_in_path    +mouse_sgr       +tag_binary
+autocmd         +find_in_path    -mouse_sysmouse  +tag_old_static
-balloon_eval    +float           +mouse_urxvt     -tag_any_white
-browse          +folding         +mouse_xterm     -tcl
++builtin_terms  -footer          +multi_byte      +terminfo
+byte_offset     +fork()          +multi_lang      +termresponse
+cindent         +gettext         -mzscheme        +textobjects
-clientserver    -hangul_input    +netbeans_intg   +title
-clipboard       +iconv           +path_extra      -toolbar
+cmdline_compl   +insert_expand   -perl            +user_commands
+cmdline_hist    +jumplist        +persistent_undo +vertsplit
+cmdline_info    +keymap          +postscript      +virtualedit
+comments        +langmap         +printer         +visual
+conceal         +libcall         +profile         +visualextra
+cryptv          +linebreak       +python          +viminfo
+cscope          +lispindent      -python3         +vreplace
+cursorbind      +listcmds        +quickfix        +wildignore
+cursorshape     +localmap        +reltime         +wildmenu
+dialog_con      -lua             +rightleft       +windows
+diff            +menu            -ruby            +writebackup
+digraphs        +mksession       +scrollbind      -X11
-dnd             +modify_fname    +signs           -xfontset
-ebcdic          +mouse           +smartindent     -xim
+emacs_tags      -mouseshape      -sniff           -xsmp
+eval            +mouse_dec       +startuptime     -xterm_clipboard
+ex_extra        +mouse_gpm       +statusline      -xterm_save
+extra_search    -mouse_jsbterm   -sun_workshop    -xpm
   system vimrc file: "$VIM/vimrc"
     user vimrc file: "$HOME/.vimrc"
 2nd user vimrc file: "~/.vim/vimrc"
      user exrc file: "$HOME/.exrc"
  fall-back for $VIM: "/usr/share/vim"
Compilation: gcc -c -I. -Iproto -DHAVE_CONFIG_H     -g -O2 -fstack-protector --param=ssp-buffer-size=4 -Wformat -Werror=format-security -U_FORTIFY_SOURCE -D_FORTIFY_SOURCE=1      
Linking: gcc   -Wl,-Bsymbolic-functions -Wl,-z,relro -Wl,--as-needed -o vim        -lm -ltinfo -lnsl  -lselinux  -lacl -lattr -lgpm -ldl    -L/usr/lib/python2.7/config-x86_64-linux-gnu -lpython2.7 -lpthread -ldl -lutil -lm -Xlinker -export-dynamic -Wl,-O1 -Wl,-Bsymbolic-functions      
[34m[1miptables version[0m
iptables v1.4.21
[34m[1mcurl version[0m
curl 7.35.0 (x86_64-pc-linux-gnu) libcurl/7.35.0 OpenSSL/1.0.1f zlib/1.2.8 libidn/1.28 librtmp/2.3
[34m[1mwget version[0m
GNU Wget 1.15 built on linux-gnu.
[34m[1mrsync version[0m
rsync  version 3.1.0  protocol version 31
[34m[1mgimme version[0m
v1.2.0
[34m[1mnvm version[0m
0.33.6
[34m[1mperlbrew version[0m
/home/travis/perl5/perlbrew/bin/perlbrew  - App::perlbrew/0.80
[34m[1mphpenv version[0m
rbenv 1.1.1-25-g6aa70b6
[34m[1mrvm version[0m
rvm 1.29.3 (latest) by Michal Papis, Piotr Kuczynski, Wayne E. Seguin [https://rvm.io]
[34m[1mdefault ruby version[0m
ruby 2.4.1p111 (2017-03-22 revision 58053) [x86_64-linux]
[34m[1mCouchDB version[0m
couchdb 1.6.1
[34m[1mElasticSearch version[0m
5.5.0
[34m[1mInstalled Firefox version[0m
firefox 56.0.2
[34m[1mMongoDB version[0m
MongoDB 3.4.10
[34m[1mPhantomJS version[0m
2.1.1
[34m[1mPre-installed PostgreSQL versions[0m
9.2.24
9.3.20
9.4.15
9.5.10
9.6.6
[34m[1mRabbitMQ Version[0m
3.6.14
[34m[1mRedis version[0m
redis-server 4.0.6
[34m[1mriak version[0m
2.2.3
[34m[1mPre-installed Go versions[0m
1.7.4
[34m[1mant version[0m
Apache Ant(TM) version 1.9.3 compiled on April 8 2014
[34m[1mmvn version[0m
Apache Maven 3.5.2 (138edd61fd100ec658bfa2d307c43b76940a5d7d; 2017-10-18T07:58:13Z)
Maven home: /usr/local/maven-3.5.2
Java version: 1.8.0_151, vendor: Oracle Corporation
Java home: /usr/lib/jvm/java-8-oracle/jre
Default locale: en_US, platform encoding: UTF-8
OS name: "linux", version: "4.4.0-101-generic", arch: "amd64", family: "unix"
[34m[1mgradle version[0m

------------------------------------------------------------
Gradle 4.0.1
------------------------------------------------------------

Build time:   2017-07-07 14:02:41 UTC
Revision:     38e5dc0f772daecca1d2681885d3d85414eb6826

Groovy:       2.4.11
Ant:          Apache Ant(TM) version 1.9.6 compiled on June 29 2015
JVM:          1.8.0_151 (Oracle Corporation 25.151-b12)
OS:           Linux 4.4.0-101-generic amd64

[34m[1mlein version[0m
Leiningen 2.8.1 on Java 1.8.0_151 Java HotSpot(TM) 64-Bit Server VM
[34m[1mPre-installed Node.js versions[0m
v4.8.6
v6.12.0
v6.12.1
v8.9
v8.9.1
[34m[1mphpenv versions[0m
  system
  5.6
* 5.6.32 (set by /home/travis/.phpenv/version)
  7.0
  7.0.25
  7.1
  7.1.11
  hhvm
  hhvm-stable
[34m[1mcomposer --version[0m
Composer version 1.5.2 2017-09-11 16:59:25
[34m[1mPre-installed Ruby versions[0m
ruby-2.2.7
ruby-2.3.4
ruby-2.4.1
travis_fold:end:system_info[0K
grep: /etc/apt/sources.list.d/*: No such file or directory
sed: cannot rename /etc/hosts: Device or resource busy
sed: cannot rename /etc/hosts: Device or resource busy
$ jdk_switcher use oraclejdk8
Switching to Oracle JDK8 (java-8-oracle), JAVA_HOME will be set to /usr/lib/jvm/java-8-oracle
$ cd failed/languagetool-org/languagetool
$ java -Xmx32m -version
Picked up _JAVA_OPTIONS: -Xmx2048m -Xms512m
java version "1.8.0_151"
Java(TM) SE Runtime Environment (build 1.8.0_151-b12)
Java HotSpot(TM) 64-Bit Server VM (build 25.151-b12, mixed mode)
$ javac -J-Xmx32m -version
Picked up _JAVA_OPTIONS: -Xmx2048m -Xms512m
javac 1.8.0_151
travis_fold:start:install[0Ktravis_time:start:0132fdec[0K$ mvn -o install -Dhttps.protocols=TLSv1.2 -DskipTests=true -Dmaven.javadoc.skip=true -B -V
Picked up _JAVA_OPTIONS: -Xmx2048m -Xms512m
Apache Maven 3.5.2 (138edd61fd100ec658bfa2d307c43b76940a5d7d; 2017-10-18T07:58:13Z)
Maven home: /usr/local/maven-3.5.2
Java version: 1.8.0_151, vendor: Oracle Corporation
Java home: /usr/lib/jvm/java-8-oracle/jre
Default locale: en_US, platform encoding: UTF-8
OS name: "linux", version: "4.15.0-109-generic", arch: "amd64", family: "unix"
[INFO] Scanning for projects...
[WARNING] The project org.languagetool:languagetool-parent:pom:4.2-SNAPSHOT uses prerequisites which is only intended for maven-plugin projects but not for non maven-plugin projects. For such purposes you should use the maven-enforcer-plugin. See https://maven.apache.org/enforcer/enforcer-rules/requireMavenVersion.html
[INFO] ------------------------------------------------------------------------
[INFO] Reactor Build Order:
[INFO] 
[INFO] languagetool-parent
[INFO] LanguageTool Style and Grammar Checker Core
[INFO] English module for LanguageTool
[INFO] Persian module for LanguageTool
[INFO] French module for LanguageTool
[INFO] German module for LanguageTool
[INFO] Polish module for LanguageTool
[INFO] Catalan module for LanguageTool
[INFO] Italian module for LanguageTool
[INFO] Breton module for LanguageTool
[INFO] Dutch module for LanguageTool
[INFO] Portuguese module for LanguageTool
[INFO] Russian module for LanguageTool
[INFO] Asturian module for LanguageTool
[INFO] Belarusian module for LanguageTool
[INFO] Chinese module for LanguageTool
[INFO] Danish module for LanguageTool
[INFO] Esperanto module for LanguageTool
[INFO] Galician module for LanguageTool
[INFO] Greek module for LanguageTool
[INFO] Icelandic module for LanguageTool
[INFO] Japanese module for LanguageTool
[INFO] Khmer module for LanguageTool
[INFO] Lithuanian module for LanguageTool
[INFO] Malayalam module for LanguageTool
[INFO] Romanian module for LanguageTool
[INFO] Slovak module for LanguageTool
[INFO] Slovenian module for LanguageTool
[INFO] Serbian module for LanguageTool
[INFO] Spanish module for LanguageTool
[INFO] Swedish module for LanguageTool
[INFO] Tamil module for LanguageTool
[INFO] Tagalog module for LanguageTool
[INFO] Ukrainian module for LanguageTool
[INFO] Simple German module for LanguageTool
[INFO] All language modules for LanguageTool
[INFO] LanguageTool common GUI classes
[INFO] LanguageTool command-line version
[INFO] LanguageTool embedded HTTP server
[INFO] LanguageTool tools for building dictionaries
[INFO] LanguageTool stand-alone GUI
[INFO] LanguageTool LibreOffice/OpenOffice extension
[INFO] Hunspell native libs for LanguageTool
[INFO] LanguageTool Wikipedia tools
[INFO] LanguageTool HTTP API client
[INFO] LanguageTool development tools
[INFO] LanguageTool RPM
[INFO] 
[INFO] ------------------------------------------------------------------------
[INFO] Building languagetool-parent 4.2-SNAPSHOT
[INFO] ------------------------------------------------------------------------
[INFO] 
[INFO] --- maven-enforcer-plugin:1.0:enforce (enforce-maven) @ languagetool-parent ---
[INFO] 
[INFO] --- maven-install-plugin:2.4:install (default-install) @ languagetool-parent ---
[INFO] Installing /home/travis/build/failed/languagetool-org/languagetool/pom.xml to /home/travis/.m2/failed/org/languagetool/languagetool-parent/4.2-SNAPSHOT/languagetool-parent-4.2-SNAPSHOT.pom
[INFO] 
[INFO] ------------------------------------------------------------------------
[INFO] Building LanguageTool Style and Grammar Checker Core 4.2-SNAPSHOT
[INFO] ------------------------------------------------------------------------
[INFO] 
[INFO] --- maven-enforcer-plugin:1.4.1:enforce (enforce-maven) @ languagetool-core ---
[INFO] 
[INFO] --- maven-resources-plugin:2.6:resources (default-resources) @ languagetool-core ---
[INFO] Using 'UTF-8' encoding to copy filtered resources.
[INFO] Copying 16 resources
[INFO] 
[INFO] --- maven-compiler-plugin:3.7.0:compile (default-compile) @ languagetool-core ---
[INFO] Nothing to compile - all classes are up to date
[INFO] 
[INFO] --- maven-resources-plugin:2.6:testResources (default-testResources) @ languagetool-core ---
[INFO] Using 'UTF-8' encoding to copy filtered resources.
[INFO] Copying 38 resources
[INFO] 
[INFO] --- maven-compiler-plugin:3.7.0:testCompile (default-testCompile) @ languagetool-core ---
[INFO] Nothing to compile - all classes are up to date
[INFO] 
[INFO] --- maven-surefire-plugin:2.21.0:test (default-test) @ languagetool-core ---
[INFO] Tests are skipped.
[INFO] 
[INFO] --- maven-jar-plugin:2.6:jar (default-jar) @ languagetool-core ---
[INFO] 
[INFO] --- maven-jar-plugin:2.6:test-jar (default) @ languagetool-core ---
[INFO] 
[INFO] --- maven-install-plugin:2.4:install (default-install) @ languagetool-core ---
[INFO] Installing /home/travis/build/failed/languagetool-org/languagetool/languagetool-core/target/languagetool-core-4.2-SNAPSHOT.jar to /home/travis/.m2/failed/org/languagetool/languagetool-core/4.2-SNAPSHOT/languagetool-core-4.2-SNAPSHOT.jar
[INFO] Installing /home/travis/build/failed/languagetool-org/languagetool/languagetool-core/pom.xml to /home/travis/.m2/failed/org/languagetool/languagetool-core/4.2-SNAPSHOT/languagetool-core-4.2-SNAPSHOT.pom
[INFO] Installing /home/travis/build/failed/languagetool-org/languagetool/languagetool-core/target/languagetool-core-4.2-SNAPSHOT-tests.jar to /home/travis/.m2/failed/org/languagetool/languagetool-core/4.2-SNAPSHOT/languagetool-core-4.2-SNAPSHOT-tests.jar
[INFO] 
[INFO] ------------------------------------------------------------------------
[INFO] Building English module for LanguageTool 4.2-SNAPSHOT
[INFO] ------------------------------------------------------------------------
[INFO] 
[INFO] --- maven-enforcer-plugin:1.0:enforce (enforce-maven) @ language-en ---
[INFO] 
[INFO] --- maven-resources-plugin:2.6:resources (default-resources) @ language-en ---
[INFO] Using 'UTF-8' encoding to copy filtered resources.
[INFO] Copying 62 resources
[INFO] 
[INFO] --- maven-compiler-plugin:3.7.0:compile (default-compile) @ language-en ---
[INFO] Nothing to compile - all classes are up to date
[INFO] 
[INFO] --- maven-resources-plugin:2.6:testResources (default-testResources) @ language-en ---
[INFO] Using 'UTF-8' encoding to copy filtered resources.
[INFO] skip non existing resourceDirectory /home/travis/build/failed/languagetool-org/languagetool/languagetool-language-modules/en/src/test/resources
[INFO] 
[INFO] --- maven-compiler-plugin:3.7.0:testCompile (default-testCompile) @ language-en ---
[INFO] Nothing to compile - all classes are up to date
[INFO] 
[INFO] --- maven-surefire-plugin:2.21.0:test (default-test) @ language-en ---
[INFO] Tests are skipped.
[INFO] 
[INFO] --- maven-jar-plugin:2.4:jar (default-jar) @ language-en ---
[INFO] 
[INFO] --- maven-install-plugin:2.4:install (default-install) @ language-en ---
[INFO] Installing /home/travis/build/failed/languagetool-org/languagetool/languagetool-language-modules/en/target/language-en-4.2-SNAPSHOT.jar to /home/travis/.m2/failed/org/languagetool/language-en/4.2-SNAPSHOT/language-en-4.2-SNAPSHOT.jar
[INFO] Installing /home/travis/build/failed/languagetool-org/languagetool/languagetool-language-modules/en/pom.xml to /home/travis/.m2/failed/org/languagetool/language-en/4.2-SNAPSHOT/language-en-4.2-SNAPSHOT.pom
[INFO] 
[INFO] ------------------------------------------------------------------------
[INFO] Building Persian module for LanguageTool 4.2-SNAPSHOT
[INFO] ------------------------------------------------------------------------
[INFO] 
[INFO] --- maven-enforcer-plugin:1.0:enforce (enforce-maven) @ language-fa ---
[INFO] 
[INFO] --- maven-resources-plugin:2.6:resources (default-resources) @ language-fa ---
[INFO] Using 'UTF-8' encoding to copy filtered resources.
[INFO] Copying 5 resources
[INFO] 
[INFO] --- maven-compiler-plugin:3.7.0:compile (default-compile) @ language-fa ---
[INFO] Nothing to compile - all classes are up to date
[INFO] 
[INFO] --- maven-resources-plugin:2.6:testResources (default-testResources) @ language-fa ---
[INFO] Using 'UTF-8' encoding to copy filtered resources.
[INFO] skip non existing resourceDirectory /home/travis/build/failed/languagetool-org/languagetool/languagetool-language-modules/fa/src/test/resources
[INFO] 
[INFO] --- maven-compiler-plugin:3.7.0:testCompile (default-testCompile) @ language-fa ---
[INFO] Nothing to compile - all classes are up to date
[INFO] 
[INFO] --- maven-surefire-plugin:2.21.0:test (default-test) @ language-fa ---
[INFO] Tests are skipped.
[INFO] 
[INFO] --- maven-jar-plugin:2.4:jar (default-jar) @ language-fa ---
[INFO] 
[INFO] --- maven-install-plugin:2.4:install (default-install) @ language-fa ---
[INFO] Installing /home/travis/build/failed/languagetool-org/languagetool/languagetool-language-modules/fa/target/language-fa-4.2-SNAPSHOT.jar to /home/travis/.m2/failed/org/languagetool/language-fa/4.2-SNAPSHOT/language-fa-4.2-SNAPSHOT.jar
[INFO] Installing /home/travis/build/failed/languagetool-org/languagetool/languagetool-language-modules/fa/pom.xml to /home/travis/.m2/failed/org/languagetool/language-fa/4.2-SNAPSHOT/language-fa-4.2-SNAPSHOT.pom
[INFO] 
[INFO] ------------------------------------------------------------------------
[INFO] Building French module for LanguageTool 4.2-SNAPSHOT
[INFO] ------------------------------------------------------------------------
[INFO] 
[INFO] --- maven-enforcer-plugin:1.0:enforce (enforce-maven) @ language-fr ---
[INFO] 
[INFO] --- maven-resources-plugin:2.6:resources (default-resources) @ language-fr ---
[INFO] Using 'UTF-8' encoding to copy filtered resources.
[INFO] Copying 25 resources
[INFO] 
[INFO] --- maven-compiler-plugin:3.7.0:compile (default-compile) @ language-fr ---
[INFO] Nothing to compile - all classes are up to date
[INFO] 
[INFO] --- maven-resources-plugin:2.6:testResources (default-testResources) @ language-fr ---
[INFO] Using 'UTF-8' encoding to copy filtered resources.
[INFO] Copying 1 resource
[INFO] 
[INFO] --- maven-compiler-plugin:3.7.0:testCompile (default-testCompile) @ language-fr ---
[INFO] Nothing to compile - all classes are up to date
[INFO] 
[INFO] --- maven-surefire-plugin:2.21.0:test (default-test) @ language-fr ---
[INFO] Tests are skipped.
[INFO] 
[INFO] --- maven-jar-plugin:2.4:jar (default-jar) @ language-fr ---
[INFO] 
[INFO] --- maven-install-plugin:2.4:install (default-install) @ language-fr ---
[INFO] Installing /home/travis/build/failed/languagetool-org/languagetool/languagetool-language-modules/fr/target/language-fr-4.2-SNAPSHOT.jar to /home/travis/.m2/failed/org/languagetool/language-fr/4.2-SNAPSHOT/language-fr-4.2-SNAPSHOT.jar
[INFO] Installing /home/travis/build/failed/languagetool-org/languagetool/languagetool-language-modules/fr/pom.xml to /home/travis/.m2/failed/org/languagetool/language-fr/4.2-SNAPSHOT/language-fr-4.2-SNAPSHOT.pom
[INFO] 
[INFO] ------------------------------------------------------------------------
[INFO] Building German module for LanguageTool 4.2-SNAPSHOT
[INFO] ------------------------------------------------------------------------
[INFO] 
[INFO] --- maven-enforcer-plugin:1.0:enforce (enforce-maven) @ language-de ---
[INFO] 
[INFO] --- maven-resources-plugin:2.6:resources (default-resources) @ language-de ---
[INFO] Using 'UTF-8' encoding to copy filtered resources.
[INFO] Copying 41 resources
[INFO] 
[INFO] --- maven-compiler-plugin:3.7.0:compile (default-compile) @ language-de ---
[INFO] Nothing to compile - all classes are up to date
[INFO] 
[INFO] --- maven-resources-plugin:2.6:testResources (default-testResources) @ language-de ---
[INFO] Using 'UTF-8' encoding to copy filtered resources.
[INFO] Copying 1 resource
[INFO] 
[INFO] --- maven-compiler-plugin:3.7.0:testCompile (default-testCompile) @ language-de ---
[INFO] Nothing to compile - all classes are up to date
[INFO] 
[INFO] --- maven-surefire-plugin:2.21.0:test (default-test) @ language-de ---
[INFO] Tests are skipped.
[INFO] 
[INFO] --- maven-jar-plugin:2.4:jar (default-jar) @ language-de ---
[INFO] 
[INFO] --- maven-install-plugin:2.4:install (default-install) @ language-de ---
[INFO] Installing /home/travis/build/failed/languagetool-org/languagetool/languagetool-language-modules/de/target/language-de-4.2-SNAPSHOT.jar to /home/travis/.m2/failed/org/languagetool/language-de/4.2-SNAPSHOT/language-de-4.2-SNAPSHOT.jar
[INFO] Installing /home/travis/build/failed/languagetool-org/languagetool/languagetool-language-modules/de/pom.xml to /home/travis/.m2/failed/org/languagetool/language-de/4.2-SNAPSHOT/language-de-4.2-SNAPSHOT.pom
[INFO] 
[INFO] ------------------------------------------------------------------------
[INFO] Building Polish module for LanguageTool 4.2-SNAPSHOT
[INFO] ------------------------------------------------------------------------
[INFO] 
[INFO] --- maven-enforcer-plugin:1.0:enforce (enforce-maven) @ language-pl ---
[INFO] 
[INFO] --- maven-resources-plugin:2.6:resources (default-resources) @ language-pl ---
[INFO] Using 'UTF-8' encoding to copy filtered resources.
[INFO] Copying 21 resources
[INFO] 
[INFO] --- maven-compiler-plugin:3.7.0:compile (default-compile) @ language-pl ---
[INFO] Nothing to compile - all classes are up to date
[INFO] 
[INFO] --- maven-resources-plugin:2.6:testResources (default-testResources) @ language-pl ---
[INFO] Using 'UTF-8' encoding to copy filtered resources.
[INFO] skip non existing resourceDirectory /home/travis/build/failed/languagetool-org/languagetool/languagetool-language-modules/pl/src/test/resources
[INFO] 
[INFO] --- maven-compiler-plugin:3.7.0:testCompile (default-testCompile) @ language-pl ---
[INFO] Nothing to compile - all classes are up to date
[INFO] 
[INFO] --- maven-surefire-plugin:2.21.0:test (default-test) @ language-pl ---
[INFO] Tests are skipped.
[INFO] 
[INFO] --- maven-jar-plugin:2.4:jar (default-jar) @ language-pl ---
[INFO] 
[INFO] --- maven-install-plugin:2.4:install (default-install) @ language-pl ---
[INFO] Installing /home/travis/build/failed/languagetool-org/languagetool/languagetool-language-modules/pl/target/language-pl-4.2-SNAPSHOT.jar to /home/travis/.m2/failed/org/languagetool/language-pl/4.2-SNAPSHOT/language-pl-4.2-SNAPSHOT.jar
[INFO] Installing /home/travis/build/failed/languagetool-org/languagetool/languagetool-language-modules/pl/pom.xml to /home/travis/.m2/failed/org/languagetool/language-pl/4.2-SNAPSHOT/language-pl-4.2-SNAPSHOT.pom
[INFO] 
[INFO] ------------------------------------------------------------------------
[INFO] Building Catalan module for LanguageTool 4.2-SNAPSHOT
[INFO] ------------------------------------------------------------------------
[INFO] 
[INFO] --- maven-enforcer-plugin:1.0:enforce (enforce-maven) @ language-ca ---
[INFO] 
[INFO] --- maven-resources-plugin:2.6:resources (default-resources) @ language-ca ---
[INFO] Using 'UTF-8' encoding to copy filtered resources.
[INFO] Copying 24 resources
[INFO] 
[INFO] --- maven-compiler-plugin:3.7.0:compile (default-compile) @ language-ca ---
[INFO] Nothing to compile - all classes are up to date
[INFO] 
[INFO] --- maven-resources-plugin:2.6:testResources (default-testResources) @ language-ca ---
[INFO] Using 'UTF-8' encoding to copy filtered resources.
[INFO] skip non existing resourceDirectory /home/travis/build/failed/languagetool-org/languagetool/languagetool-language-modules/ca/src/test/resources
[INFO] 
[INFO] --- maven-compiler-plugin:3.7.0:testCompile (default-testCompile) @ language-ca ---
[INFO] Nothing to compile - all classes are up to date
[INFO] 
[INFO] --- maven-surefire-plugin:2.21.0:test (default-test) @ language-ca ---
[INFO] Tests are skipped.
[INFO] 
[INFO] --- maven-jar-plugin:2.4:jar (default-jar) @ language-ca ---
[INFO] 
[INFO] --- maven-install-plugin:2.4:install (default-install) @ language-ca ---
[INFO] Installing /home/travis/build/failed/languagetool-org/languagetool/languagetool-language-modules/ca/target/language-ca-4.2-SNAPSHOT.jar to /home/travis/.m2/failed/org/languagetool/language-ca/4.2-SNAPSHOT/language-ca-4.2-SNAPSHOT.jar
[INFO] Installing /home/travis/build/failed/languagetool-org/languagetool/languagetool-language-modules/ca/pom.xml to /home/travis/.m2/failed/org/languagetool/language-ca/4.2-SNAPSHOT/language-ca-4.2-SNAPSHOT.pom
[INFO] 
[INFO] ------------------------------------------------------------------------
[INFO] Building Italian module for LanguageTool 4.2-SNAPSHOT
[INFO] ------------------------------------------------------------------------
[INFO] 
[INFO] --- maven-enforcer-plugin:1.0:enforce (enforce-maven) @ language-it ---
[INFO] 
[INFO] --- maven-resources-plugin:2.6:resources (default-resources) @ language-it ---
[INFO] Using 'UTF-8' encoding to copy filtered resources.
[INFO] Copying 16 resources
[INFO] 
[INFO] --- maven-compiler-plugin:3.7.0:compile (default-compile) @ language-it ---
[INFO] Nothing to compile - all classes are up to date
[INFO] 
[INFO] --- maven-resources-plugin:2.6:testResources (default-testResources) @ language-it ---
[INFO] Using 'UTF-8' encoding to copy filtered resources.
[INFO] skip non existing resourceDirectory /home/travis/build/failed/languagetool-org/languagetool/languagetool-language-modules/it/src/test/resources
[INFO] 
[INFO] --- maven-compiler-plugin:3.7.0:testCompile (default-testCompile) @ language-it ---
[INFO] Nothing to compile - all classes are up to date
[INFO] 
[INFO] --- maven-surefire-plugin:2.21.0:test (default-test) @ language-it ---
[INFO] Tests are skipped.
[INFO] 
[INFO] --- maven-jar-plugin:2.4:jar (default-jar) @ language-it ---
[INFO] 
[INFO] --- maven-install-plugin:2.4:install (default-install) @ language-it ---
[INFO] Installing /home/travis/build/failed/languagetool-org/languagetool/languagetool-language-modules/it/target/language-it-4.2-SNAPSHOT.jar to /home/travis/.m2/failed/org/languagetool/language-it/4.2-SNAPSHOT/language-it-4.2-SNAPSHOT.jar
[INFO] Installing /home/travis/build/failed/languagetool-org/languagetool/languagetool-language-modules/it/pom.xml to /home/travis/.m2/failed/org/languagetool/language-it/4.2-SNAPSHOT/language-it-4.2-SNAPSHOT.pom
[INFO] 
[INFO] ------------------------------------------------------------------------
[INFO] Building Breton module for LanguageTool 4.2-SNAPSHOT
[INFO] ------------------------------------------------------------------------
[INFO] 
[INFO] --- maven-enforcer-plugin:1.0:enforce (enforce-maven) @ language-br ---
[INFO] 
[INFO] --- maven-resources-plugin:2.6:resources (default-resources) @ language-br ---
[INFO] Using 'UTF-8' encoding to copy filtered resources.
[INFO] Copying 14 resources
[INFO] 
[INFO] --- maven-compiler-plugin:3.7.0:compile (default-compile) @ language-br ---
[INFO] Nothing to compile - all classes are up to date
[INFO] 
[INFO] --- maven-resources-plugin:2.6:testResources (default-testResources) @ language-br ---
[INFO] Using 'UTF-8' encoding to copy filtered resources.
[INFO] skip non existing resourceDirectory /home/travis/build/failed/languagetool-org/languagetool/languagetool-language-modules/br/src/test/resources
[INFO] 
[INFO] --- maven-compiler-plugin:3.7.0:testCompile (default-testCompile) @ language-br ---
[INFO] Nothing to compile - all classes are up to date
[INFO] 
[INFO] --- maven-surefire-plugin:2.21.0:test (default-test) @ language-br ---
[INFO] Tests are skipped.
[INFO] 
[INFO] --- maven-jar-plugin:2.4:jar (default-jar) @ language-br ---
[INFO] 
[INFO] --- maven-install-plugin:2.4:install (default-install) @ language-br ---
[INFO] Installing /home/travis/build/failed/languagetool-org/languagetool/languagetool-language-modules/br/target/language-br-4.2-SNAPSHOT.jar to /home/travis/.m2/failed/org/languagetool/language-br/4.2-SNAPSHOT/language-br-4.2-SNAPSHOT.jar
[INFO] Installing /home/travis/build/failed/languagetool-org/languagetool/languagetool-language-modules/br/pom.xml to /home/travis/.m2/failed/org/languagetool/language-br/4.2-SNAPSHOT/language-br-4.2-SNAPSHOT.pom
[INFO] 
[INFO] ------------------------------------------------------------------------
[INFO] Building Dutch module for LanguageTool 4.2-SNAPSHOT
[INFO] ------------------------------------------------------------------------
[INFO] 
[INFO] --- maven-enforcer-plugin:1.0:enforce (enforce-maven) @ language-nl ---
[INFO] 
[INFO] --- maven-resources-plugin:2.6:resources (default-resources) @ language-nl ---
[INFO] Using 'UTF-8' encoding to copy filtered resources.
[INFO] Copying 20 resources
[INFO] 
[INFO] --- maven-compiler-plugin:3.7.0:compile (default-compile) @ language-nl ---
[INFO] Nothing to compile - all classes are up to date
[INFO] 
[INFO] --- maven-resources-plugin:2.6:testResources (default-testResources) @ language-nl ---
[INFO] Using 'UTF-8' encoding to copy filtered resources.
[INFO] skip non existing resourceDirectory /home/travis/build/failed/languagetool-org/languagetool/languagetool-language-modules/nl/src/test/resources
[INFO] 
[INFO] --- maven-compiler-plugin:3.7.0:testCompile (default-testCompile) @ language-nl ---
[INFO] Nothing to compile - all classes are up to date
[INFO] 
[INFO] --- maven-surefire-plugin:2.21.0:test (default-test) @ language-nl ---
[INFO] Tests are skipped.
[INFO] 
[INFO] --- maven-jar-plugin:2.4:jar (default-jar) @ language-nl ---
[INFO] 
[INFO] --- maven-install-plugin:2.4:install (default-install) @ language-nl ---
[INFO] Installing /home/travis/build/failed/languagetool-org/languagetool/languagetool-language-modules/nl/target/language-nl-4.2-SNAPSHOT.jar to /home/travis/.m2/failed/org/languagetool/language-nl/4.2-SNAPSHOT/language-nl-4.2-SNAPSHOT.jar
[INFO] Installing /home/travis/build/failed/languagetool-org/languagetool/languagetool-language-modules/nl/pom.xml to /home/travis/.m2/failed/org/languagetool/language-nl/4.2-SNAPSHOT/language-nl-4.2-SNAPSHOT.pom
[INFO] 
[INFO] ------------------------------------------------------------------------
[INFO] Building Portuguese module for LanguageTool 4.2-SNAPSHOT
[INFO] ------------------------------------------------------------------------
[INFO] 
[INFO] --- maven-enforcer-plugin:1.0:enforce (enforce-maven) @ language-pt ---
[INFO] 
[INFO] --- maven-resources-plugin:2.6:resources (default-resources) @ language-pt ---
[INFO] Using 'UTF-8' encoding to copy filtered resources.
[INFO] Copying 56 resources
[INFO] 
[INFO] --- maven-compiler-plugin:3.7.0:compile (default-compile) @ language-pt ---
[INFO] Nothing to compile - all classes are up to date
[INFO] 
[INFO] --- maven-resources-plugin:2.6:testResources (default-testResources) @ language-pt ---
[INFO] Using 'UTF-8' encoding to copy filtered resources.
[INFO] skip non existing resourceDirectory /home/travis/build/failed/languagetool-org/languagetool/languagetool-language-modules/pt/src/test/resources
[INFO] 
[INFO] --- maven-compiler-plugin:3.7.0:testCompile (default-testCompile) @ language-pt ---
[INFO] Nothing to compile - all classes are up to date
[INFO] 
[INFO] --- maven-surefire-plugin:2.21.0:test (default-test) @ language-pt ---
[INFO] Tests are skipped.
[INFO] 
[INFO] --- maven-jar-plugin:2.4:jar (default-jar) @ language-pt ---
[INFO] 
[INFO] --- maven-install-plugin:2.4:install (default-install) @ language-pt ---
[INFO] Installing /home/travis/build/failed/languagetool-org/languagetool/languagetool-language-modules/pt/target/language-pt-4.2-SNAPSHOT.jar to /home/travis/.m2/failed/org/languagetool/language-pt/4.2-SNAPSHOT/language-pt-4.2-SNAPSHOT.jar
[INFO] Installing /home/travis/build/failed/languagetool-org/languagetool/languagetool-language-modules/pt/pom.xml to /home/travis/.m2/failed/org/languagetool/language-pt/4.2-SNAPSHOT/language-pt-4.2-SNAPSHOT.pom
[INFO] 
[INFO] ------------------------------------------------------------------------
[INFO] Building Russian module for LanguageTool 4.2-SNAPSHOT
[INFO] ------------------------------------------------------------------------
[INFO] 
[INFO] --- maven-enforcer-plugin:1.0:enforce (enforce-maven) @ language-ru ---
[INFO] 
[INFO] --- maven-resources-plugin:2.6:resources (default-resources) @ language-ru ---
[INFO] Using 'UTF-8' encoding to copy filtered resources.
[INFO] Copying 35 resources
[INFO] 
[INFO] --- maven-compiler-plugin:3.7.0:compile (default-compile) @ language-ru ---
[INFO] Nothing to compile - all classes are up to date
[INFO] 
[INFO] --- maven-resources-plugin:2.6:testResources (default-testResources) @ language-ru ---
[INFO] Using 'UTF-8' encoding to copy filtered resources.
[INFO] skip non existing resourceDirectory /home/travis/build/failed/languagetool-org/languagetool/languagetool-language-modules/ru/src/test/resources
[INFO] 
[INFO] --- maven-compiler-plugin:3.7.0:testCompile (default-testCompile) @ language-ru ---
[INFO] Nothing to compile - all classes are up to date
[INFO] 
[INFO] --- maven-surefire-plugin:2.21.0:test (default-test) @ language-ru ---
[INFO] Tests are skipped.
[INFO] 
[INFO] --- maven-jar-plugin:2.4:jar (default-jar) @ language-ru ---
[INFO] 
[INFO] --- maven-install-plugin:2.4:install (default-install) @ language-ru ---
[INFO] Installing /home/travis/build/failed/languagetool-org/languagetool/languagetool-language-modules/ru/target/language-ru-4.2-SNAPSHOT.jar to /home/travis/.m2/failed/org/languagetool/language-ru/4.2-SNAPSHOT/language-ru-4.2-SNAPSHOT.jar
[INFO] Installing /home/travis/build/failed/languagetool-org/languagetool/languagetool-language-modules/ru/pom.xml to /home/travis/.m2/failed/org/languagetool/language-ru/4.2-SNAPSHOT/language-ru-4.2-SNAPSHOT.pom
[INFO] 
[INFO] ------------------------------------------------------------------------
[INFO] Building Asturian module for LanguageTool 4.2-SNAPSHOT
[INFO] ------------------------------------------------------------------------
[INFO] 
[INFO] --- maven-enforcer-plugin:1.0:enforce (enforce-maven) @ language-ast ---
[INFO] 
[INFO] --- maven-resources-plugin:2.6:resources (default-resources) @ language-ast ---
[INFO] Using 'UTF-8' encoding to copy filtered resources.
[INFO] Copying 14 resources
[INFO] 
[INFO] --- maven-compiler-plugin:3.7.0:compile (default-compile) @ language-ast ---
[INFO] Nothing to compile - all classes are up to date
[INFO] 
[INFO] --- maven-resources-plugin:2.6:testResources (default-testResources) @ language-ast ---
[INFO] Using 'UTF-8' encoding to copy filtered resources.
[INFO] skip non existing resourceDirectory /home/travis/build/failed/languagetool-org/languagetool/languagetool-language-modules/ast/src/test/resources
[INFO] 
[INFO] --- maven-compiler-plugin:3.7.0:testCompile (default-testCompile) @ language-ast ---
[INFO] Nothing to compile - all classes are up to date
[INFO] 
[INFO] --- maven-surefire-plugin:2.21.0:test (default-test) @ language-ast ---
[INFO] Tests are skipped.
[INFO] 
[INFO] --- maven-jar-plugin:2.4:jar (default-jar) @ language-ast ---
[INFO] 
[INFO] --- maven-install-plugin:2.4:install (default-install) @ language-ast ---
[INFO] Installing /home/travis/build/failed/languagetool-org/languagetool/languagetool-language-modules/ast/target/language-ast-4.2-SNAPSHOT.jar to /home/travis/.m2/failed/org/languagetool/language-ast/4.2-SNAPSHOT/language-ast-4.2-SNAPSHOT.jar
[INFO] Installing /home/travis/build/failed/languagetool-org/languagetool/languagetool-language-modules/ast/pom.xml to /home/travis/.m2/failed/org/languagetool/language-ast/4.2-SNAPSHOT/language-ast-4.2-SNAPSHOT.pom
[INFO] 
[INFO] ------------------------------------------------------------------------
[INFO] Building Belarusian module for LanguageTool 4.2-SNAPSHOT
[INFO] ------------------------------------------------------------------------
[INFO] 
[INFO] --- maven-enforcer-plugin:1.0:enforce (enforce-maven) @ language-be ---
[INFO] 
[INFO] --- maven-resources-plugin:2.6:resources (default-resources) @ language-be ---
[INFO] Using 'UTF-8' encoding to copy filtered resources.
[INFO] Copying 6 resources
[INFO] 
[INFO] --- maven-compiler-plugin:3.7.0:compile (default-compile) @ language-be ---
[INFO] Nothing to compile - all classes are up to date
[INFO] 
[INFO] --- maven-resources-plugin:2.6:testResources (default-testResources) @ language-be ---
[INFO] Using 'UTF-8' encoding to copy filtered resources.
[INFO] skip non existing resourceDirectory /home/travis/build/failed/languagetool-org/languagetool/languagetool-language-modules/be/src/test/resources
[INFO] 
[INFO] --- maven-compiler-plugin:3.7.0:testCompile (default-testCompile) @ language-be ---
[INFO] Nothing to compile - all classes are up to date
[INFO] 
[INFO] --- maven-surefire-plugin:2.21.0:test (default-test) @ language-be ---
[INFO] Tests are skipped.
[INFO] 
[INFO] --- maven-jar-plugin:2.4:jar (default-jar) @ language-be ---
[INFO] 
[INFO] --- maven-install-plugin:2.4:install (default-install) @ language-be ---
[INFO] Installing /home/travis/build/failed/languagetool-org/languagetool/languagetool-language-modules/be/target/language-be-4.2-SNAPSHOT.jar to /home/travis/.m2/failed/org/languagetool/language-be/4.2-SNAPSHOT/language-be-4.2-SNAPSHOT.jar
[INFO] Installing /home/travis/build/failed/languagetool-org/languagetool/languagetool-language-modules/be/pom.xml to /home/travis/.m2/failed/org/languagetool/language-be/4.2-SNAPSHOT/language-be-4.2-SNAPSHOT.pom
[INFO] 
[INFO] ------------------------------------------------------------------------
[INFO] Building Chinese module for LanguageTool 4.2-SNAPSHOT
[INFO] ------------------------------------------------------------------------
[INFO] 
[INFO] --- maven-enforcer-plugin:1.0:enforce (enforce-maven) @ language-zh ---
[INFO] 
[INFO] --- maven-resources-plugin:2.6:resources (default-resources) @ language-zh ---
[INFO] Using 'UTF-8' encoding to copy filtered resources.
[INFO] Copying 14 resources
[INFO] 
[INFO] --- maven-compiler-plugin:3.7.0:compile (default-compile) @ language-zh ---
[INFO] Nothing to compile - all classes are up to date
[INFO] 
[INFO] --- maven-resources-plugin:2.6:testResources (default-testResources) @ language-zh ---
[INFO] Using 'UTF-8' encoding to copy filtered resources.
[INFO] skip non existing resourceDirectory /home/travis/build/failed/languagetool-org/languagetool/languagetool-language-modules/zh/src/test/resources
[INFO] 
[INFO] --- maven-compiler-plugin:3.7.0:testCompile (default-testCompile) @ language-zh ---
[INFO] Nothing to compile - all classes are up to date
[INFO] 
[INFO] --- maven-surefire-plugin:2.21.0:test (default-test) @ language-zh ---
[INFO] Tests are skipped.
[INFO] 
[INFO] --- maven-jar-plugin:2.4:jar (default-jar) @ language-zh ---
[INFO] 
[INFO] --- maven-install-plugin:2.4:install (default-install) @ language-zh ---
[INFO] Installing /home/travis/build/failed/languagetool-org/languagetool/languagetool-language-modules/zh/target/language-zh-4.2-SNAPSHOT.jar to /home/travis/.m2/failed/org/languagetool/language-zh/4.2-SNAPSHOT/language-zh-4.2-SNAPSHOT.jar
[INFO] Installing /home/travis/build/failed/languagetool-org/languagetool/languagetool-language-modules/zh/pom.xml to /home/travis/.m2/failed/org/languagetool/language-zh/4.2-SNAPSHOT/language-zh-4.2-SNAPSHOT.pom
[INFO] 
[INFO] ------------------------------------------------------------------------
[INFO] Building Danish module for LanguageTool 4.2-SNAPSHOT
[INFO] ------------------------------------------------------------------------
[INFO] 
[INFO] --- maven-enforcer-plugin:1.0:enforce (enforce-maven) @ language-da ---
[INFO] 
[INFO] --- maven-resources-plugin:2.6:resources (default-resources) @ language-da ---
[INFO] Using 'UTF-8' encoding to copy filtered resources.
[INFO] Copying 13 resources
[INFO] 
[INFO] --- maven-compiler-plugin:3.7.0:compile (default-compile) @ language-da ---
[INFO] Nothing to compile - all classes are up to date
[INFO] 
[INFO] --- maven-resources-plugin:2.6:testResources (default-testResources) @ language-da ---
[INFO] Using 'UTF-8' encoding to copy filtered resources.
[INFO] skip non existing resourceDirectory /home/travis/build/failed/languagetool-org/languagetool/languagetool-language-modules/da/src/test/resources
[INFO] 
[INFO] --- maven-compiler-plugin:3.7.0:testCompile (default-testCompile) @ language-da ---
[INFO] Nothing to compile - all classes are up to date
[INFO] 
[INFO] --- maven-surefire-plugin:2.21.0:test (default-test) @ language-da ---
[INFO] Tests are skipped.
[INFO] 
[INFO] --- maven-jar-plugin:2.4:jar (default-jar) @ language-da ---
[INFO] 
[INFO] --- maven-install-plugin:2.4:install (default-install) @ language-da ---
[INFO] Installing /home/travis/build/failed/languagetool-org/languagetool/languagetool-language-modules/da/target/language-da-4.2-SNAPSHOT.jar to /home/travis/.m2/failed/org/languagetool/language-da/4.2-SNAPSHOT/language-da-4.2-SNAPSHOT.jar
[INFO] Installing /home/travis/build/failed/languagetool-org/languagetool/languagetool-language-modules/da/pom.xml to /home/travis/.m2/failed/org/languagetool/language-da/4.2-SNAPSHOT/language-da-4.2-SNAPSHOT.pom
[INFO] 
[INFO] ------------------------------------------------------------------------
[INFO] Building Esperanto module for LanguageTool 4.2-SNAPSHOT
[INFO] ------------------------------------------------------------------------
[INFO] 
[INFO] --- maven-enforcer-plugin:1.0:enforce (enforce-maven) @ language-eo ---
[INFO] 
[INFO] --- maven-resources-plugin:2.6:resources (default-resources) @ language-eo ---
[INFO] Using 'UTF-8' encoding to copy filtered resources.
[INFO] Copying 16 resources
[INFO] 
[INFO] --- maven-compiler-plugin:3.7.0:compile (default-compile) @ language-eo ---
[INFO] Nothing to compile - all classes are up to date
[INFO] 
[INFO] --- maven-resources-plugin:2.6:testResources (default-testResources) @ language-eo ---
[INFO] Using 'UTF-8' encoding to copy filtered resources.
[INFO] skip non existing resourceDirectory /home/travis/build/failed/languagetool-org/languagetool/languagetool-language-modules/eo/src/test/resources
[INFO] 
[INFO] --- maven-compiler-plugin:3.7.0:testCompile (default-testCompile) @ language-eo ---
[INFO] Nothing to compile - all classes are up to date
[INFO] 
[INFO] --- maven-surefire-plugin:2.21.0:test (default-test) @ language-eo ---
[INFO] Tests are skipped.
[INFO] 
[INFO] --- maven-jar-plugin:2.4:jar (default-jar) @ language-eo ---
[INFO] 
[INFO] --- maven-install-plugin:2.4:install (default-install) @ language-eo ---
[INFO] Installing /home/travis/build/failed/languagetool-org/languagetool/languagetool-language-modules/eo/target/language-eo-4.2-SNAPSHOT.jar to /home/travis/.m2/failed/org/languagetool/language-eo/4.2-SNAPSHOT/language-eo-4.2-SNAPSHOT.jar
[INFO] Installing /home/travis/build/failed/languagetool-org/languagetool/languagetool-language-modules/eo/pom.xml to /home/travis/.m2/failed/org/languagetool/language-eo/4.2-SNAPSHOT/language-eo-4.2-SNAPSHOT.pom
[INFO] 
[INFO] ------------------------------------------------------------------------
[INFO] Building Galician module for LanguageTool 4.2-SNAPSHOT
[INFO] ------------------------------------------------------------------------
[INFO] 
[INFO] --- maven-enforcer-plugin:1.0:enforce (enforce-maven) @ language-gl ---
[INFO] 
[INFO] --- maven-resources-plugin:2.6:resources (default-resources) @ language-gl ---
[INFO] Using 'UTF-8' encoding to copy filtered resources.
[INFO] Copying 28 resources
[INFO] 
[INFO] --- maven-compiler-plugin:3.7.0:compile (default-compile) @ language-gl ---
[INFO] Nothing to compile - all classes are up to date
[INFO] 
[INFO] --- maven-resources-plugin:2.6:testResources (default-testResources) @ language-gl ---
[INFO] Using 'UTF-8' encoding to copy filtered resources.
[INFO] skip non existing resourceDirectory /home/travis/build/failed/languagetool-org/languagetool/languagetool-language-modules/gl/src/test/resources
[INFO] 
[INFO] --- maven-compiler-plugin:3.7.0:testCompile (default-testCompile) @ language-gl ---
[INFO] Nothing to compile - all classes are up to date
[INFO] 
[INFO] --- maven-surefire-plugin:2.21.0:test (default-test) @ language-gl ---
[INFO] Tests are skipped.
[INFO] 
[INFO] --- maven-jar-plugin:2.4:jar (default-jar) @ language-gl ---
[INFO] 
[INFO] --- maven-install-plugin:2.4:install (default-install) @ language-gl ---
[INFO] Installing /home/travis/build/failed/languagetool-org/languagetool/languagetool-language-modules/gl/target/language-gl-4.2-SNAPSHOT.jar to /home/travis/.m2/failed/org/languagetool/language-gl/4.2-SNAPSHOT/language-gl-4.2-SNAPSHOT.jar
[INFO] Installing /home/travis/build/failed/languagetool-org/languagetool/languagetool-language-modules/gl/pom.xml to /home/travis/.m2/failed/org/languagetool/language-gl/4.2-SNAPSHOT/language-gl-4.2-SNAPSHOT.pom
[INFO] 
[INFO] ------------------------------------------------------------------------
[INFO] Building Greek module for LanguageTool 4.2-SNAPSHOT
[INFO] ------------------------------------------------------------------------
[INFO] 
[INFO] --- maven-enforcer-plugin:1.0:enforce (enforce-maven) @ language-el ---
[INFO] 
[INFO] --- maven-resources-plugin:2.6:resources (default-resources) @ language-el ---
[INFO] Using 'UTF-8' encoding to copy filtered resources.
[INFO] Copying 16 resources
[INFO] 
[INFO] --- maven-compiler-plugin:3.7.0:compile (default-compile) @ language-el ---
[INFO] Nothing to compile - all classes are up to date
[INFO] 
[INFO] --- maven-resources-plugin:2.6:testResources (default-testResources) @ language-el ---
[INFO] Using 'UTF-8' encoding to copy filtered resources.
[INFO] skip non existing resourceDirectory /home/travis/build/failed/languagetool-org/languagetool/languagetool-language-modules/el/src/test/resources
[INFO] 
[INFO] --- maven-compiler-plugin:3.7.0:testCompile (default-testCompile) @ language-el ---
[INFO] Nothing to compile - all classes are up to date
[INFO] 
[INFO] --- maven-surefire-plugin:2.21.0:test (default-test) @ language-el ---
[INFO] Tests are skipped.
[INFO] 
[INFO] --- maven-jar-plugin:2.4:jar (default-jar) @ language-el ---
[INFO] 
[INFO] --- maven-install-plugin:2.4:install (default-install) @ language-el ---
[INFO] Installing /home/travis/build/failed/languagetool-org/languagetool/languagetool-language-modules/el/target/language-el-4.2-SNAPSHOT.jar to /home/travis/.m2/failed/org/languagetool/language-el/4.2-SNAPSHOT/language-el-4.2-SNAPSHOT.jar
[INFO] Installing /home/travis/build/failed/languagetool-org/languagetool/languagetool-language-modules/el/pom.xml to /home/travis/.m2/failed/org/languagetool/language-el/4.2-SNAPSHOT/language-el-4.2-SNAPSHOT.pom
[INFO] 
[INFO] ------------------------------------------------------------------------
[INFO] Building Icelandic module for LanguageTool 4.2-SNAPSHOT
[INFO] ------------------------------------------------------------------------
[INFO] 
[INFO] --- maven-enforcer-plugin:1.0:enforce (enforce-maven) @ language-is ---
[INFO] 
[INFO] --- maven-resources-plugin:2.6:resources (default-resources) @ language-is ---
[INFO] Using 'UTF-8' encoding to copy filtered resources.
[INFO] Copying 8 resources
[INFO] 
[INFO] --- maven-compiler-plugin:3.7.0:compile (default-compile) @ language-is ---
[INFO] Nothing to compile - all classes are up to date
[INFO] 
[INFO] --- maven-resources-plugin:2.6:testResources (default-testResources) @ language-is ---
[INFO] Using 'UTF-8' encoding to copy filtered resources.
[INFO] skip non existing resourceDirectory /home/travis/build/failed/languagetool-org/languagetool/languagetool-language-modules/is/src/test/resources
[INFO] 
[INFO] --- maven-compiler-plugin:3.7.0:testCompile (default-testCompile) @ language-is ---
[INFO] Nothing to compile - all classes are up to date
[INFO] 
[INFO] --- maven-surefire-plugin:2.21.0:test (default-test) @ language-is ---
[INFO] Tests are skipped.
[INFO] 
[INFO] --- maven-jar-plugin:2.4:jar (default-jar) @ language-is ---
[INFO] 
[INFO] --- maven-install-plugin:2.4:install (default-install) @ language-is ---
[INFO] Installing /home/travis/build/failed/languagetool-org/languagetool/languagetool-language-modules/is/target/language-is-4.2-SNAPSHOT.jar to /home/travis/.m2/failed/org/languagetool/language-is/4.2-SNAPSHOT/language-is-4.2-SNAPSHOT.jar
[INFO] Installing /home/travis/build/failed/languagetool-org/languagetool/languagetool-language-modules/is/pom.xml to /home/travis/.m2/failed/org/languagetool/language-is/4.2-SNAPSHOT/language-is-4.2-SNAPSHOT.pom
[INFO] 
[INFO] ------------------------------------------------------------------------
[INFO] Building Japanese module for LanguageTool 4.2-SNAPSHOT
[INFO] ------------------------------------------------------------------------
[INFO] 
[INFO] --- maven-enforcer-plugin:1.0:enforce (enforce-maven) @ language-ja ---
[INFO] 
[INFO] --- maven-resources-plugin:2.6:resources (default-resources) @ language-ja ---
[INFO] Using 'UTF-8' encoding to copy filtered resources.
[INFO] Copying 3 resources
[INFO] 
[INFO] --- maven-compiler-plugin:3.7.0:compile (default-compile) @ language-ja ---
[INFO] Nothing to compile - all classes are up to date
[INFO] 
[INFO] --- maven-resources-plugin:2.6:testResources (default-testResources) @ language-ja ---
[INFO] Using 'UTF-8' encoding to copy filtered resources.
[INFO] skip non existing resourceDirectory /home/travis/build/failed/languagetool-org/languagetool/languagetool-language-modules/ja/src/test/resources
[INFO] 
[INFO] --- maven-compiler-plugin:3.7.0:testCompile (default-testCompile) @ language-ja ---
[INFO] Nothing to compile - all classes are up to date
[INFO] 
[INFO] --- maven-surefire-plugin:2.21.0:test (default-test) @ language-ja ---
[INFO] Tests are skipped.
[INFO] 
[INFO] --- maven-jar-plugin:2.4:jar (default-jar) @ language-ja ---
[INFO] 
[INFO] --- maven-install-plugin:2.4:install (default-install) @ language-ja ---
[INFO] Installing /home/travis/build/failed/languagetool-org/languagetool/languagetool-language-modules/ja/target/language-ja-4.2-SNAPSHOT.jar to /home/travis/.m2/failed/org/languagetool/language-ja/4.2-SNAPSHOT/language-ja-4.2-SNAPSHOT.jar
[INFO] Installing /home/travis/build/failed/languagetool-org/languagetool/languagetool-language-modules/ja/pom.xml to /home/travis/.m2/failed/org/languagetool/language-ja/4.2-SNAPSHOT/language-ja-4.2-SNAPSHOT.pom
[INFO] 
[INFO] ------------------------------------------------------------------------
[INFO] Building Khmer module for LanguageTool 4.2-SNAPSHOT
[INFO] ------------------------------------------------------------------------
[INFO] 
[INFO] --- maven-enforcer-plugin:1.0:enforce (enforce-maven) @ language-km ---
[INFO] 
[INFO] --- maven-resources-plugin:2.6:resources (default-resources) @ language-km ---
[INFO] Using 'UTF-8' encoding to copy filtered resources.
[INFO] Copying 16 resources
[INFO] 
[INFO] --- maven-compiler-plugin:3.7.0:compile (default-compile) @ language-km ---
[INFO] Nothing to compile - all classes are up to date
[INFO] 
[INFO] --- maven-resources-plugin:2.6:testResources (default-testResources) @ language-km ---
[INFO] Using 'UTF-8' encoding to copy filtered resources.
[INFO] skip non existing resourceDirectory /home/travis/build/failed/languagetool-org/languagetool/languagetool-language-modules/km/src/test/resources
[INFO] 
[INFO] --- maven-compiler-plugin:3.7.0:testCompile (default-testCompile) @ language-km ---
[INFO] Nothing to compile - all classes are up to date
[INFO] 
[INFO] --- maven-surefire-plugin:2.21.0:test (default-test) @ language-km ---
[INFO] Tests are skipped.
[INFO] 
[INFO] --- maven-jar-plugin:2.4:jar (default-jar) @ language-km ---
[INFO] 
[INFO] --- maven-install-plugin:2.4:install (default-install) @ language-km ---
[INFO] Installing /home/travis/build/failed/languagetool-org/languagetool/languagetool-language-modules/km/target/language-km-4.2-SNAPSHOT.jar to /home/travis/.m2/failed/org/languagetool/language-km/4.2-SNAPSHOT/language-km-4.2-SNAPSHOT.jar
[INFO] Installing /home/travis/build/failed/languagetool-org/languagetool/languagetool-language-modules/km/pom.xml to /home/travis/.m2/failed/org/languagetool/language-km/4.2-SNAPSHOT/language-km-4.2-SNAPSHOT.pom
[INFO] 
[INFO] ------------------------------------------------------------------------
[INFO] Building Lithuanian module for LanguageTool 4.2-SNAPSHOT
[INFO] ------------------------------------------------------------------------
[INFO] 
[INFO] --- maven-enforcer-plugin:1.0:enforce (enforce-maven) @ language-lt ---
[INFO] 
[INFO] --- maven-resources-plugin:2.6:resources (default-resources) @ language-lt ---
[INFO] Using 'UTF-8' encoding to copy filtered resources.
[INFO] Copying 3 resources
[INFO] 
[INFO] --- maven-compiler-plugin:3.7.0:compile (default-compile) @ language-lt ---
[INFO] Nothing to compile - all classes are up to date
[INFO] 
[INFO] --- maven-resources-plugin:2.6:testResources (default-testResources) @ language-lt ---
[INFO] Using 'UTF-8' encoding to copy filtered resources.
[INFO] skip non existing resourceDirectory /home/travis/build/failed/languagetool-org/languagetool/languagetool-language-modules/lt/src/test/resources
[INFO] 
[INFO] --- maven-compiler-plugin:3.7.0:testCompile (default-testCompile) @ language-lt ---
[INFO] Nothing to compile - all classes are up to date
[INFO] 
[INFO] --- maven-surefire-plugin:2.21.0:test (default-test) @ language-lt ---
[INFO] Tests are skipped.
[INFO] 
[INFO] --- maven-jar-plugin:2.4:jar (default-jar) @ language-lt ---
[INFO] 
[INFO] --- maven-install-plugin:2.4:install (default-install) @ language-lt ---
[INFO] Installing /home/travis/build/failed/languagetool-org/languagetool/languagetool-language-modules/lt/target/language-lt-4.2-SNAPSHOT.jar to /home/travis/.m2/failed/org/languagetool/language-lt/4.2-SNAPSHOT/language-lt-4.2-SNAPSHOT.jar
[INFO] Installing /home/travis/build/failed/languagetool-org/languagetool/languagetool-language-modules/lt/pom.xml to /home/travis/.m2/failed/org/languagetool/language-lt/4.2-SNAPSHOT/language-lt-4.2-SNAPSHOT.pom
[INFO] 
[INFO] ------------------------------------------------------------------------
[INFO] Building Malayalam module for LanguageTool 4.2-SNAPSHOT
[INFO] ------------------------------------------------------------------------
[INFO] 
[INFO] --- maven-enforcer-plugin:1.0:enforce (enforce-maven) @ language-ml ---
[INFO] 
[INFO] --- maven-resources-plugin:2.6:resources (default-resources) @ language-ml ---
[INFO] Using 'UTF-8' encoding to copy filtered resources.
[INFO] Copying 9 resources
[INFO] 
[INFO] --- maven-compiler-plugin:3.7.0:compile (default-compile) @ language-ml ---
[INFO] Nothing to compile - all classes are up to date
[INFO] 
[INFO] --- maven-resources-plugin:2.6:testResources (default-testResources) @ language-ml ---
[INFO] Using 'UTF-8' encoding to copy filtered resources.
[INFO] skip non existing resourceDirectory /home/travis/build/failed/languagetool-org/languagetool/languagetool-language-modules/ml/src/test/resources
[INFO] 
[INFO] --- maven-compiler-plugin:3.7.0:testCompile (default-testCompile) @ language-ml ---
[INFO] Nothing to compile - all classes are up to date
[INFO] 
[INFO] --- maven-surefire-plugin:2.21.0:test (default-test) @ language-ml ---
[INFO] Tests are skipped.
[INFO] 
[INFO] --- maven-jar-plugin:2.4:jar (default-jar) @ language-ml ---
[INFO] 
[INFO] --- maven-install-plugin:2.4:install (default-install) @ language-ml ---
[INFO] Installing /home/travis/build/failed/languagetool-org/languagetool/languagetool-language-modules/ml/target/language-ml-4.2-SNAPSHOT.jar to /home/travis/.m2/failed/org/languagetool/language-ml/4.2-SNAPSHOT/language-ml-4.2-SNAPSHOT.jar
[INFO] Installing /home/travis/build/failed/languagetool-org/languagetool/languagetool-language-modules/ml/pom.xml to /home/travis/.m2/failed/org/languagetool/language-ml/4.2-SNAPSHOT/language-ml-4.2-SNAPSHOT.pom
[INFO] 
[INFO] ------------------------------------------------------------------------
[INFO] Building Romanian module for LanguageTool 4.2-SNAPSHOT
[INFO] ------------------------------------------------------------------------
[INFO] 
[INFO] --- maven-enforcer-plugin:1.0:enforce (enforce-maven) @ language-ro ---
[INFO] 
[INFO] --- maven-resources-plugin:2.6:resources (default-resources) @ language-ro ---
[INFO] Using 'UTF-8' encoding to copy filtered resources.
[INFO] Copying 24 resources
[INFO] 
[INFO] --- maven-compiler-plugin:3.7.0:compile (default-compile) @ language-ro ---
[INFO] Nothing to compile - all classes are up to date
[INFO] 
[INFO] --- maven-resources-plugin:2.6:testResources (default-testResources) @ language-ro ---
[INFO] Using 'UTF-8' encoding to copy filtered resources.
[INFO] skip non existing resourceDirectory /home/travis/build/failed/languagetool-org/languagetool/languagetool-language-modules/ro/src/test/resources
[INFO] 
[INFO] --- maven-compiler-plugin:3.7.0:testCompile (default-testCompile) @ language-ro ---
[INFO] Nothing to compile - all classes are up to date
[INFO] 
[INFO] --- maven-surefire-plugin:2.21.0:test (default-test) @ language-ro ---
[INFO] Tests are skipped.
[INFO] 
[INFO] --- maven-jar-plugin:2.4:jar (default-jar) @ language-ro ---
[INFO] 
[INFO] --- maven-install-plugin:2.4:install (default-install) @ language-ro ---
[INFO] Installing /home/travis/build/failed/languagetool-org/languagetool/languagetool-language-modules/ro/target/language-ro-4.2-SNAPSHOT.jar to /home/travis/.m2/failed/org/languagetool/language-ro/4.2-SNAPSHOT/language-ro-4.2-SNAPSHOT.jar
[INFO] Installing /home/travis/build/failed/languagetool-org/languagetool/languagetool-language-modules/ro/pom.xml to /home/travis/.m2/failed/org/languagetool/language-ro/4.2-SNAPSHOT/language-ro-4.2-SNAPSHOT.pom
[INFO] 
[INFO] ------------------------------------------------------------------------
[INFO] Building Slovak module for LanguageTool 4.2-SNAPSHOT
[INFO] ------------------------------------------------------------------------
[INFO] 
[INFO] --- maven-enforcer-plugin:1.0:enforce (enforce-maven) @ language-sk ---
[INFO] 
[INFO] --- maven-resources-plugin:2.6:resources (default-resources) @ language-sk ---
[INFO] Using 'UTF-8' encoding to copy filtered resources.
[INFO] Copying 21 resources
[INFO] 
[INFO] --- maven-compiler-plugin:3.7.0:compile (default-compile) @ language-sk ---
[INFO] Nothing to compile - all classes are up to date
[INFO] 
[INFO] --- maven-resources-plugin:2.6:testResources (default-testResources) @ language-sk ---
[INFO] Using 'UTF-8' encoding to copy filtered resources.
[INFO] skip non existing resourceDirectory /home/travis/build/failed/languagetool-org/languagetool/languagetool-language-modules/sk/src/test/resources
[INFO] 
[INFO] --- maven-compiler-plugin:3.7.0:testCompile (default-testCompile) @ language-sk ---
[INFO] Nothing to compile - all classes are up to date
[INFO] 
[INFO] --- maven-surefire-plugin:2.21.0:test (default-test) @ language-sk ---
[INFO] Tests are skipped.
[INFO] 
[INFO] --- maven-jar-plugin:2.4:jar (default-jar) @ language-sk ---
[INFO] 
[INFO] --- maven-install-plugin:2.4:install (default-install) @ language-sk ---
[INFO] Installing /home/travis/build/failed/languagetool-org/languagetool/languagetool-language-modules/sk/target/language-sk-4.2-SNAPSHOT.jar to /home/travis/.m2/failed/org/languagetool/language-sk/4.2-SNAPSHOT/language-sk-4.2-SNAPSHOT.jar
[INFO] Installing /home/travis/build/failed/languagetool-org/languagetool/languagetool-language-modules/sk/pom.xml to /home/travis/.m2/failed/org/languagetool/language-sk/4.2-SNAPSHOT/language-sk-4.2-SNAPSHOT.pom
[INFO] 
[INFO] ------------------------------------------------------------------------
[INFO] Building Slovenian module for LanguageTool 4.2-SNAPSHOT
[INFO] ------------------------------------------------------------------------
[INFO] 
[INFO] --- maven-enforcer-plugin:1.0:enforce (enforce-maven) @ language-sl ---
[INFO] 
[INFO] --- maven-resources-plugin:2.6:resources (default-resources) @ language-sl ---
[INFO] Using 'UTF-8' encoding to copy filtered resources.
[INFO] Copying 8 resources
[INFO] 
[INFO] --- maven-compiler-plugin:3.7.0:compile (default-compile) @ language-sl ---
[INFO] Nothing to compile - all classes are up to date
[INFO] 
[INFO] --- maven-resources-plugin:2.6:testResources (default-testResources) @ language-sl ---
[INFO] Using 'UTF-8' encoding to copy filtered resources.
[INFO] skip non existing resourceDirectory /home/travis/build/failed/languagetool-org/languagetool/languagetool-language-modules/sl/src/test/resources
[INFO] 
[INFO] --- maven-compiler-plugin:3.7.0:testCompile (default-testCompile) @ language-sl ---
[INFO] Nothing to compile - all classes are up to date
[INFO] 
[INFO] --- maven-surefire-plugin:2.21.0:test (default-test) @ language-sl ---
[INFO] Tests are skipped.
[INFO] 
[INFO] --- maven-jar-plugin:2.4:jar (default-jar) @ language-sl ---
[INFO] 
[INFO] --- maven-install-plugin:2.4:install (default-install) @ language-sl ---
[INFO] Installing /home/travis/build/failed/languagetool-org/languagetool/languagetool-language-modules/sl/target/language-sl-4.2-SNAPSHOT.jar to /home/travis/.m2/failed/org/languagetool/language-sl/4.2-SNAPSHOT/language-sl-4.2-SNAPSHOT.jar
[INFO] Installing /home/travis/build/failed/languagetool-org/languagetool/languagetool-language-modules/sl/pom.xml to /home/travis/.m2/failed/org/languagetool/language-sl/4.2-SNAPSHOT/language-sl-4.2-SNAPSHOT.pom
[INFO] 
[INFO] ------------------------------------------------------------------------
[INFO] Building Serbian module for LanguageTool 4.2-SNAPSHOT
[INFO] ------------------------------------------------------------------------
[INFO] 
[INFO] --- maven-enforcer-plugin:1.0:enforce (enforce-maven) @ language-sr ---
[INFO] 
[INFO] --- maven-resources-plugin:2.6:resources (default-resources) @ language-sr ---
[INFO] Using 'UTF-8' encoding to copy filtered resources.
[INFO] Copying 59 resources
[INFO] 
[INFO] --- maven-compiler-plugin:3.7.0:compile (default-compile) @ language-sr ---
[INFO] Nothing to compile - all classes are up to date
[INFO] 
[INFO] --- maven-resources-plugin:2.6:testResources (default-testResources) @ language-sr ---
[INFO] Using 'UTF-8' encoding to copy filtered resources.
[INFO] skip non existing resourceDirectory /home/travis/build/failed/languagetool-org/languagetool/languagetool-language-modules/sr/src/test/resources
[INFO] 
[INFO] --- maven-compiler-plugin:3.7.0:testCompile (default-testCompile) @ language-sr ---
[INFO] Nothing to compile - all classes are up to date
[INFO] 
[INFO] --- maven-surefire-plugin:2.21.0:test (default-test) @ language-sr ---
[INFO] Tests are skipped.
[INFO] 
[INFO] --- maven-jar-plugin:2.4:jar (default-jar) @ language-sr ---
[INFO] 
[INFO] --- maven-install-plugin:2.4:install (default-install) @ language-sr ---
[INFO] Installing /home/travis/build/failed/languagetool-org/languagetool/languagetool-language-modules/sr/target/language-sr-4.2-SNAPSHOT.jar to /home/travis/.m2/failed/org/languagetool/language-sr/4.2-SNAPSHOT/language-sr-4.2-SNAPSHOT.jar
[INFO] Installing /home/travis/build/failed/languagetool-org/languagetool/languagetool-language-modules/sr/pom.xml to /home/travis/.m2/failed/org/languagetool/language-sr/4.2-SNAPSHOT/language-sr-4.2-SNAPSHOT.pom
[INFO] 
[INFO] ------------------------------------------------------------------------
[INFO] Building Spanish module for LanguageTool 4.2-SNAPSHOT
[INFO] ------------------------------------------------------------------------
[INFO] 
[INFO] --- maven-enforcer-plugin:1.0:enforce (enforce-maven) @ language-es ---
[INFO] 
[INFO] --- maven-resources-plugin:2.6:resources (default-resources) @ language-es ---
[INFO] Using 'UTF-8' encoding to copy filtered resources.
[INFO] Copying 31 resources
[INFO] 
[INFO] --- maven-compiler-plugin:3.7.0:compile (default-compile) @ language-es ---
[INFO] Nothing to compile - all classes are up to date
[INFO] 
[INFO] --- maven-resources-plugin:2.6:testResources (default-testResources) @ language-es ---
[INFO] Using 'UTF-8' encoding to copy filtered resources.
[INFO] skip non existing resourceDirectory /home/travis/build/failed/languagetool-org/languagetool/languagetool-language-modules/es/src/test/resources
[INFO] 
[INFO] --- maven-compiler-plugin:3.7.0:testCompile (default-testCompile) @ language-es ---
[INFO] Nothing to compile - all classes are up to date
[INFO] 
[INFO] --- maven-surefire-plugin:2.21.0:test (default-test) @ language-es ---
[INFO] Tests are skipped.
[INFO] 
[INFO] --- maven-jar-plugin:2.4:jar (default-jar) @ language-es ---
[INFO] 
[INFO] --- maven-install-plugin:2.4:install (default-install) @ language-es ---
[INFO] Installing /home/travis/build/failed/languagetool-org/languagetool/languagetool-language-modules/es/target/language-es-4.2-SNAPSHOT.jar to /home/travis/.m2/failed/org/languagetool/language-es/4.2-SNAPSHOT/language-es-4.2-SNAPSHOT.jar
[INFO] Installing /home/travis/build/failed/languagetool-org/languagetool/languagetool-language-modules/es/pom.xml to /home/travis/.m2/failed/org/languagetool/language-es/4.2-SNAPSHOT/language-es-4.2-SNAPSHOT.pom
[INFO] 
[INFO] ------------------------------------------------------------------------
[INFO] Building Swedish module for LanguageTool 4.2-SNAPSHOT
[INFO] ------------------------------------------------------------------------
[INFO] 
[INFO] --- maven-enforcer-plugin:1.0:enforce (enforce-maven) @ language-sv ---
[INFO] 
[INFO] --- maven-resources-plugin:2.6:resources (default-resources) @ language-sv ---
[INFO] Using 'UTF-8' encoding to copy filtered resources.
[INFO] Copying 14 resources
[INFO] 
[INFO] --- maven-compiler-plugin:3.7.0:compile (default-compile) @ language-sv ---
[INFO] Nothing to compile - all classes are up to date
[INFO] 
[INFO] --- maven-resources-plugin:2.6:testResources (default-testResources) @ language-sv ---
[INFO] Using 'UTF-8' encoding to copy filtered resources.
[INFO] skip non existing resourceDirectory /home/travis/build/failed/languagetool-org/languagetool/languagetool-language-modules/sv/src/test/resources
[INFO] 
[INFO] --- maven-compiler-plugin:3.7.0:testCompile (default-testCompile) @ language-sv ---
[INFO] Nothing to compile - all classes are up to date
[INFO] 
[INFO] --- maven-surefire-plugin:2.21.0:test (default-test) @ language-sv ---
[INFO] Tests are skipped.
[INFO] 
[INFO] --- maven-jar-plugin:2.4:jar (default-jar) @ language-sv ---
[INFO] 
[INFO] --- maven-install-plugin:2.4:install (default-install) @ language-sv ---
[INFO] Installing /home/travis/build/failed/languagetool-org/languagetool/languagetool-language-modules/sv/target/language-sv-4.2-SNAPSHOT.jar to /home/travis/.m2/failed/org/languagetool/language-sv/4.2-SNAPSHOT/language-sv-4.2-SNAPSHOT.jar
[INFO] Installing /home/travis/build/failed/languagetool-org/languagetool/languagetool-language-modules/sv/pom.xml to /home/travis/.m2/failed/org/languagetool/language-sv/4.2-SNAPSHOT/language-sv-4.2-SNAPSHOT.pom
[INFO] 
[INFO] ------------------------------------------------------------------------
[INFO] Building Tamil module for LanguageTool 4.2-SNAPSHOT
[INFO] ------------------------------------------------------------------------
[INFO] 
[INFO] --- maven-enforcer-plugin:1.0:enforce (enforce-maven) @ language-ta ---
[INFO] 
[INFO] --- maven-resources-plugin:2.6:resources (default-resources) @ language-ta ---
[INFO] Using 'UTF-8' encoding to copy filtered resources.
[INFO] Copying 7 resources
[INFO] 
[INFO] --- maven-compiler-plugin:3.7.0:compile (default-compile) @ language-ta ---
[INFO] Nothing to compile - all classes are up to date
[INFO] 
[INFO] --- maven-resources-plugin:2.6:testResources (default-testResources) @ language-ta ---
[INFO] Using 'UTF-8' encoding to copy filtered resources.
[INFO] skip non existing resourceDirectory /home/travis/build/failed/languagetool-org/languagetool/languagetool-language-modules/ta/src/test/resources
[INFO] 
[INFO] --- maven-compiler-plugin:3.7.0:testCompile (default-testCompile) @ language-ta ---
[INFO] Nothing to compile - all classes are up to date
[INFO] 
[INFO] --- maven-surefire-plugin:2.21.0:test (default-test) @ language-ta ---
[INFO] Tests are skipped.
[INFO] 
[INFO] --- maven-jar-plugin:2.4:jar (default-jar) @ language-ta ---
[INFO] 
[INFO] --- maven-install-plugin:2.4:install (default-install) @ language-ta ---
[INFO] Installing /home/travis/build/failed/languagetool-org/languagetool/languagetool-language-modules/ta/target/language-ta-4.2-SNAPSHOT.jar to /home/travis/.m2/failed/org/languagetool/language-ta/4.2-SNAPSHOT/language-ta-4.2-SNAPSHOT.jar
[INFO] Installing /home/travis/build/failed/languagetool-org/languagetool/languagetool-language-modules/ta/pom.xml to /home/travis/.m2/failed/org/languagetool/language-ta/4.2-SNAPSHOT/language-ta-4.2-SNAPSHOT.pom
[INFO] 
[INFO] ------------------------------------------------------------------------
[INFO] Building Tagalog module for LanguageTool 4.2-SNAPSHOT
[INFO] ------------------------------------------------------------------------
[INFO] 
[INFO] --- maven-enforcer-plugin:1.0:enforce (enforce-maven) @ language-tl ---
[INFO] 
[INFO] --- maven-resources-plugin:2.6:resources (default-resources) @ language-tl ---
[INFO] Using 'UTF-8' encoding to copy filtered resources.
[INFO] Copying 14 resources
[INFO] 
[INFO] --- maven-compiler-plugin:3.7.0:compile (default-compile) @ language-tl ---
[INFO] Nothing to compile - all classes are up to date
[INFO] 
[INFO] --- maven-resources-plugin:2.6:testResources (default-testResources) @ language-tl ---
[INFO] Using 'UTF-8' encoding to copy filtered resources.
[INFO] skip non existing resourceDirectory /home/travis/build/failed/languagetool-org/languagetool/languagetool-language-modules/tl/src/test/resources
[INFO] 
[INFO] --- maven-compiler-plugin:3.7.0:testCompile (default-testCompile) @ language-tl ---
[INFO] Nothing to compile - all classes are up to date
[INFO] 
[INFO] --- maven-surefire-plugin:2.21.0:test (default-test) @ language-tl ---
[INFO] Tests are skipped.
[INFO] 
[INFO] --- maven-jar-plugin:2.4:jar (default-jar) @ language-tl ---
[INFO] 
[INFO] --- maven-install-plugin:2.4:install (default-install) @ language-tl ---
[INFO] Installing /home/travis/build/failed/languagetool-org/languagetool/languagetool-language-modules/tl/target/language-tl-4.2-SNAPSHOT.jar to /home/travis/.m2/failed/org/languagetool/language-tl/4.2-SNAPSHOT/language-tl-4.2-SNAPSHOT.jar
[INFO] Installing /home/travis/build/failed/languagetool-org/languagetool/languagetool-language-modules/tl/pom.xml to /home/travis/.m2/failed/org/languagetool/language-tl/4.2-SNAPSHOT/language-tl-4.2-SNAPSHOT.pom
[INFO] 
[INFO] ------------------------------------------------------------------------
[INFO] Building Ukrainian module for LanguageTool 4.2-SNAPSHOT
[INFO] ------------------------------------------------------------------------
[INFO] 
[INFO] --- maven-enforcer-plugin:1.0:enforce (enforce-maven) @ language-uk ---
[INFO] 
[INFO] --- maven-resources-plugin:2.6:resources (default-resources) @ language-uk ---
[INFO] Using 'UTF-8' encoding to copy filtered resources.
[INFO] Copying 23 resources
[INFO] 
[INFO] --- maven-compiler-plugin:3.7.0:compile (default-compile) @ language-uk ---
[INFO] Nothing to compile - all classes are up to date
[INFO] 
[INFO] --- maven-resources-plugin:2.6:testResources (default-testResources) @ language-uk ---
[INFO] Using 'UTF-8' encoding to copy filtered resources.
[INFO] skip non existing resourceDirectory /home/travis/build/failed/languagetool-org/languagetool/languagetool-language-modules/uk/src/test/resources
[INFO] 
[INFO] --- maven-compiler-plugin:3.7.0:testCompile (default-testCompile) @ language-uk ---
[INFO] Nothing to compile - all classes are up to date
[INFO] 
[INFO] --- maven-surefire-plugin:2.21.0:test (default-test) @ language-uk ---
[INFO] Tests are skipped.
[INFO] 
[INFO] --- maven-jar-plugin:2.4:jar (default-jar) @ language-uk ---
[INFO] 
[INFO] --- maven-install-plugin:2.4:install (default-install) @ language-uk ---
[INFO] Installing /home/travis/build/failed/languagetool-org/languagetool/languagetool-language-modules/uk/target/language-uk-4.2-SNAPSHOT.jar to /home/travis/.m2/failed/org/languagetool/language-uk/4.2-SNAPSHOT/language-uk-4.2-SNAPSHOT.jar
[INFO] Installing /home/travis/build/failed/languagetool-org/languagetool/languagetool-language-modules/uk/pom.xml to /home/travis/.m2/failed/org/languagetool/language-uk/4.2-SNAPSHOT/language-uk-4.2-SNAPSHOT.pom
[INFO] 
[INFO] ------------------------------------------------------------------------
[INFO] Building Simple German module for LanguageTool 4.2-SNAPSHOT
[INFO] ------------------------------------------------------------------------
[INFO] 
[INFO] --- maven-enforcer-plugin:1.0:enforce (enforce-maven) @ language-de-DE-x-simple-language ---
[INFO] 
[INFO] --- maven-resources-plugin:2.6:resources (default-resources) @ language-de-DE-x-simple-language ---
[INFO] Using 'UTF-8' encoding to copy filtered resources.
[INFO] Copying 2 resources
[INFO] 
[INFO] --- maven-compiler-plugin:3.7.0:compile (default-compile) @ language-de-DE-x-simple-language ---
[INFO] Nothing to compile - all classes are up to date
[INFO] 
[INFO] --- maven-resources-plugin:2.6:testResources (default-testResources) @ language-de-DE-x-simple-language ---
[INFO] Using 'UTF-8' encoding to copy filtered resources.
[INFO] skip non existing resourceDirectory /home/travis/build/failed/languagetool-org/languagetool/languagetool-language-modules/de-DE-x-simple-language/src/test/resources
[INFO] 
[INFO] --- maven-compiler-plugin:3.7.0:testCompile (default-testCompile) @ language-de-DE-x-simple-language ---
[INFO] Nothing to compile - all classes are up to date
[INFO] 
[INFO] --- maven-surefire-plugin:2.21.0:test (default-test) @ language-de-DE-x-simple-language ---
[INFO] Tests are skipped.
[INFO] 
[INFO] --- maven-jar-plugin:2.4:jar (default-jar) @ language-de-DE-x-simple-language ---
[INFO] 
[INFO] --- maven-install-plugin:2.4:install (default-install) @ language-de-DE-x-simple-language ---
[INFO] Installing /home/travis/build/failed/languagetool-org/languagetool/languagetool-language-modules/de-DE-x-simple-language/target/language-de-DE-x-simple-language-4.2-SNAPSHOT.jar to /home/travis/.m2/failed/org/languagetool/language-de-DE-x-simple-language/4.2-SNAPSHOT/language-de-DE-x-simple-language-4.2-SNAPSHOT.jar
[INFO] Installing /home/travis/build/failed/languagetool-org/languagetool/languagetool-language-modules/de-DE-x-simple-language/pom.xml to /home/travis/.m2/failed/org/languagetool/language-de-DE-x-simple-language/4.2-SNAPSHOT/language-de-DE-x-simple-language-4.2-SNAPSHOT.pom
[INFO] 
[INFO] ------------------------------------------------------------------------
[INFO] Building All language modules for LanguageTool 4.2-SNAPSHOT
[INFO] ------------------------------------------------------------------------
[INFO] 
[INFO] --- maven-enforcer-plugin:1.0:enforce (enforce-maven) @ language-all ---
[INFO] 
[INFO] --- maven-resources-plugin:2.6:resources (default-resources) @ language-all ---
[INFO] Using 'UTF-8' encoding to copy filtered resources.
[INFO] skip non existing resourceDirectory /home/travis/build/failed/languagetool-org/languagetool/languagetool-language-modules/all/src/main/resources
[INFO] 
[INFO] --- maven-compiler-plugin:3.7.0:compile (default-compile) @ language-all ---
[INFO] No sources to compile
[INFO] 
[INFO] --- maven-resources-plugin:2.6:testResources (default-testResources) @ language-all ---
[INFO] Using 'UTF-8' encoding to copy filtered resources.
[INFO] skip non existing resourceDirectory /home/travis/build/failed/languagetool-org/languagetool/languagetool-language-modules/all/src/test/resources
[INFO] 
[INFO] --- maven-compiler-plugin:3.7.0:testCompile (default-testCompile) @ language-all ---
[INFO] No sources to compile
[INFO] 
[INFO] --- maven-surefire-plugin:2.21.0:test (default-test) @ language-all ---
[INFO] Tests are skipped.
[INFO] 
[INFO] --- maven-jar-plugin:2.4:jar (default-jar) @ language-all ---
[WARNING] JAR will be empty - no content was marked for inclusion!
[INFO] 
[INFO] --- maven-install-plugin:2.4:install (default-install) @ language-all ---
[INFO] Installing /home/travis/build/failed/languagetool-org/languagetool/languagetool-language-modules/all/target/language-all-4.2-SNAPSHOT.jar to /home/travis/.m2/failed/org/languagetool/language-all/4.2-SNAPSHOT/language-all-4.2-SNAPSHOT.jar
[INFO] Installing /home/travis/build/failed/languagetool-org/languagetool/languagetool-language-modules/all/pom.xml to /home/travis/.m2/failed/org/languagetool/language-all/4.2-SNAPSHOT/language-all-4.2-SNAPSHOT.pom
[INFO] 
[INFO] ------------------------------------------------------------------------
[INFO] Building LanguageTool common GUI classes 4.2-SNAPSHOT
[INFO] ------------------------------------------------------------------------
[INFO] 
[INFO] --- maven-enforcer-plugin:1.0:enforce (enforce-maven) @ languagetool-gui-commons ---
[INFO] 
[INFO] --- maven-resources-plugin:2.6:resources (default-resources) @ languagetool-gui-commons ---
[INFO] Using 'UTF-8' encoding to copy filtered resources.
[INFO] skip non existing resourceDirectory /home/travis/build/failed/languagetool-org/languagetool/languagetool-gui-commons/src/main/resources
[INFO] Copying 0 resource to META-INF
[INFO] skip non existing resourceDirectory /home/travis/build/failed/languagetool-org/languagetool/languagetool-gui-commons/libs/native-lib
[INFO] 
[INFO] --- maven-compiler-plugin:3.7.0:compile (default-compile) @ languagetool-gui-commons ---
[INFO] Nothing to compile - all classes are up to date
[INFO] 
[INFO] --- maven-resources-plugin:2.6:testResources (default-testResources) @ languagetool-gui-commons ---
[INFO] Using 'UTF-8' encoding to copy filtered resources.
[INFO] skip non existing resourceDirectory /home/travis/build/failed/languagetool-org/languagetool/languagetool-gui-commons/src/test/resources
[INFO] 
[INFO] --- maven-compiler-plugin:3.7.0:testCompile (default-testCompile) @ languagetool-gui-commons ---
[INFO] Nothing to compile - all classes are up to date
[INFO] 
[INFO] --- maven-surefire-plugin:2.21.0:test (default-test) @ languagetool-gui-commons ---
[INFO] Tests are skipped.
[INFO] 
[INFO] --- maven-jar-plugin:2.4:jar (default-jar) @ languagetool-gui-commons ---
[INFO] 
[INFO] --- maven-install-plugin:2.4:install (default-install) @ languagetool-gui-commons ---
[INFO] Installing /home/travis/build/failed/languagetool-org/languagetool/languagetool-gui-commons/target/languagetool-gui-commons-4.2-SNAPSHOT.jar to /home/travis/.m2/failed/org/languagetool/languagetool-gui-commons/4.2-SNAPSHOT/languagetool-gui-commons-4.2-SNAPSHOT.jar
[INFO] Installing /home/travis/build/failed/languagetool-org/languagetool/languagetool-gui-commons/pom.xml to /home/travis/.m2/failed/org/languagetool/languagetool-gui-commons/4.2-SNAPSHOT/languagetool-gui-commons-4.2-SNAPSHOT.pom
[INFO] 
[INFO] ------------------------------------------------------------------------
[INFO] Building LanguageTool command-line version 4.2-SNAPSHOT
[INFO] ------------------------------------------------------------------------
[INFO] 
[INFO] --- maven-enforcer-plugin:1.0:enforce (enforce-maven) @ languagetool-commandline ---
[INFO] 
[INFO] --- maven-resources-plugin:2.6:resources (default-resources) @ languagetool-commandline ---
[INFO] Using 'UTF-8' encoding to copy filtered resources.
[INFO] skip non existing resourceDirectory /home/travis/build/failed/languagetool-org/languagetool/languagetool-commandline/src/main/resources
[INFO] 
[INFO] --- maven-compiler-plugin:3.7.0:compile (default-compile) @ languagetool-commandline ---
[INFO] Nothing to compile - all classes are up to date
[INFO] 
[INFO] --- maven-resources-plugin:2.6:testResources (default-testResources) @ languagetool-commandline ---
[INFO] Using 'UTF-8' encoding to copy filtered resources.
[INFO] skip non existing resourceDirectory /home/travis/build/failed/languagetool-org/languagetool/languagetool-commandline/src/test/resources
[INFO] 
[INFO] --- maven-compiler-plugin:3.7.0:testCompile (default-testCompile) @ languagetool-commandline ---
[INFO] Nothing to compile - all classes are up to date
[INFO] 
[INFO] --- maven-surefire-plugin:2.21.0:test (default-test) @ languagetool-commandline ---
[INFO] Tests are skipped.
[INFO] 
[INFO] --- maven-jar-plugin:2.6:jar (default-jar) @ languagetool-commandline ---
[INFO] 
[INFO] --- maven-install-plugin:2.4:install (default-install) @ languagetool-commandline ---
[INFO] Installing /home/travis/build/failed/languagetool-org/languagetool/languagetool-commandline/target/languagetool-commandline-4.2-SNAPSHOT.jar to /home/travis/.m2/failed/org/languagetool/languagetool-commandline/4.2-SNAPSHOT/languagetool-commandline-4.2-SNAPSHOT.jar
[INFO] Installing /home/travis/build/failed/languagetool-org/languagetool/languagetool-commandline/pom.xml to /home/travis/.m2/failed/org/languagetool/languagetool-commandline/4.2-SNAPSHOT/languagetool-commandline-4.2-SNAPSHOT.pom
[INFO] 
[INFO] ------------------------------------------------------------------------
[INFO] Building LanguageTool embedded HTTP server 4.2-SNAPSHOT
[INFO] ------------------------------------------------------------------------
[INFO] 
[INFO] --- maven-enforcer-plugin:1.0:enforce (enforce-maven) @ languagetool-server ---
[INFO] 
[INFO] --- maven-resources-plugin:2.6:resources (default-resources) @ languagetool-server ---
[INFO] Using 'UTF-8' encoding to copy filtered resources.
[INFO] Copying 3 resources
[INFO] 
[INFO] --- maven-compiler-plugin:3.7.0:compile (default-compile) @ languagetool-server ---
[INFO] Nothing to compile - all classes are up to date
[INFO] 
[INFO] --- maven-resources-plugin:2.6:testResources (default-testResources) @ languagetool-server ---
[INFO] Using 'UTF-8' encoding to copy filtered resources.
[INFO] Copying 6 resources
[INFO] 
[INFO] --- maven-compiler-plugin:3.7.0:testCompile (default-testCompile) @ languagetool-server ---
[INFO] Nothing to compile - all classes are up to date
[INFO] 
[INFO] --- maven-surefire-plugin:2.21.0:test (default-test) @ languagetool-server ---
[INFO] Tests are skipped.
[INFO] 
[INFO] --- maven-jar-plugin:2.6:jar (default-jar) @ languagetool-server ---
[INFO] 
[INFO] --- maven-install-plugin:2.4:install (default-install) @ languagetool-server ---
[INFO] Installing /home/travis/build/failed/languagetool-org/languagetool/languagetool-server/target/languagetool-server-4.2-SNAPSHOT.jar to /home/travis/.m2/failed/org/languagetool/languagetool-server/4.2-SNAPSHOT/languagetool-server-4.2-SNAPSHOT.jar
[INFO] Installing /home/travis/build/failed/languagetool-org/languagetool/languagetool-server/pom.xml to /home/travis/.m2/failed/org/languagetool/languagetool-server/4.2-SNAPSHOT/languagetool-server-4.2-SNAPSHOT.pom
[INFO] 
[INFO] ------------------------------------------------------------------------
[INFO] Building LanguageTool tools for building dictionaries 4.2-SNAPSHOT
[INFO] ------------------------------------------------------------------------
[INFO] 
[INFO] --- maven-enforcer-plugin:1.0:enforce (enforce-maven) @ languagetool-tools ---
[INFO] 
[INFO] --- maven-resources-plugin:2.6:resources (default-resources) @ languagetool-tools ---
[INFO] Using 'UTF-8' encoding to copy filtered resources.
[INFO] skip non existing resourceDirectory /home/travis/build/failed/languagetool-org/languagetool/languagetool-tools/src/main/resources
[INFO] 
[INFO] --- maven-compiler-plugin:3.7.0:compile (default-compile) @ languagetool-tools ---
[INFO] Nothing to compile - all classes are up to date
[INFO] 
[INFO] --- maven-resources-plugin:2.6:testResources (default-testResources) @ languagetool-tools ---
[INFO] Using 'UTF-8' encoding to copy filtered resources.
[INFO] skip non existing resourceDirectory /home/travis/build/failed/languagetool-org/languagetool/languagetool-tools/src/test/resources
[INFO] 
[INFO] --- maven-compiler-plugin:3.7.0:testCompile (default-testCompile) @ languagetool-tools ---
[INFO] Nothing to compile - all classes are up to date
[INFO] 
[INFO] --- maven-surefire-plugin:2.21.0:test (default-test) @ languagetool-tools ---
[INFO] Tests are skipped.
[INFO] 
[INFO] --- maven-jar-plugin:2.4:jar (default-jar) @ languagetool-tools ---
[INFO] 
[INFO] --- maven-assembly-plugin:2.6:single (default) @ languagetool-tools ---
[INFO] Building jar: /home/travis/build/failed/languagetool-org/languagetool/languagetool-tools/target/languagetool-tools-4.2-SNAPSHOT-jar-with-dependencies.jar
[INFO] 
[INFO] --- maven-install-plugin:2.4:install (default-install) @ languagetool-tools ---
[INFO] Installing /home/travis/build/failed/languagetool-org/languagetool/languagetool-tools/target/languagetool-tools-4.2-SNAPSHOT.jar to /home/travis/.m2/failed/org/languagetool/languagetool-tools/4.2-SNAPSHOT/languagetool-tools-4.2-SNAPSHOT.jar
[INFO] Installing /home/travis/build/failed/languagetool-org/languagetool/languagetool-tools/pom.xml to /home/travis/.m2/failed/org/languagetool/languagetool-tools/4.2-SNAPSHOT/languagetool-tools-4.2-SNAPSHOT.pom
[INFO] Installing /home/travis/build/failed/languagetool-org/languagetool/languagetool-tools/target/languagetool-tools-4.2-SNAPSHOT-jar-with-dependencies.jar to /home/travis/.m2/failed/org/languagetool/languagetool-tools/4.2-SNAPSHOT/languagetool-tools-4.2-SNAPSHOT-jar-with-dependencies.jar
[INFO] 
[INFO] ------------------------------------------------------------------------
[INFO] Building LanguageTool stand-alone GUI 4.2-SNAPSHOT
[INFO] ------------------------------------------------------------------------
[INFO] 
[INFO] --- maven-enforcer-plugin:1.0:enforce (enforce-maven) @ languagetool-standalone ---
[INFO] 
[INFO] --- maven-resources-plugin:2.6:resources (default-resources) @ languagetool-standalone ---
[INFO] Using 'UTF-8' encoding to copy filtered resources.
[INFO] Copying 292 resources
[INFO] Copying 3 resources to META-INF
[INFO] 
[INFO] --- maven-compiler-plugin:3.7.0:compile (default-compile) @ languagetool-standalone ---
[INFO] Nothing to compile - all classes are up to date
[INFO] 
[INFO] --- maven-resources-plugin:2.6:testResources (default-testResources) @ languagetool-standalone ---
[INFO] Using 'UTF-8' encoding to copy filtered resources.
[INFO] skip non existing resourceDirectory /home/travis/build/failed/languagetool-org/languagetool/languagetool-standalone/src/test/resources
[INFO] 
[INFO] --- maven-compiler-plugin:3.7.0:testCompile (default-testCompile) @ languagetool-standalone ---
[INFO] Nothing to compile - all classes are up to date
[INFO] 
[INFO] --- maven-surefire-plugin:2.21.0:test (default-test) @ languagetool-standalone ---
[INFO] Tests are skipped.
[INFO] 
[INFO] --- maven-jar-plugin:2.6:jar (default-jar) @ languagetool-standalone ---
[INFO] 
[INFO] --- maven-assembly-plugin:2.6:single (make-assembly) @ languagetool-standalone ---
[INFO] Building zip: /home/travis/build/failed/languagetool-org/languagetool/languagetool-standalone/target/LanguageTool-4.2-SNAPSHOT.zip
[INFO] Copying files to /home/travis/build/failed/languagetool-org/languagetool/languagetool-standalone/target/LanguageTool-4.2-SNAPSHOT
[WARNING] Assembly file: /home/travis/build/failed/languagetool-org/languagetool/languagetool-standalone/target/LanguageTool-4.2-SNAPSHOT is not a regular file (it may be a directory). It cannot be attached to the project build for installation or deployment.
[INFO] 
[INFO] --- maven-install-plugin:2.4:install (default-install) @ languagetool-standalone ---
[INFO] Installing /home/travis/build/failed/languagetool-org/languagetool/languagetool-standalone/target/languagetool-standalone-4.2-SNAPSHOT.jar to /home/travis/.m2/failed/org/languagetool/languagetool-standalone/4.2-SNAPSHOT/languagetool-standalone-4.2-SNAPSHOT.jar
[INFO] Installing /home/travis/build/failed/languagetool-org/languagetool/languagetool-standalone/pom.xml to /home/travis/.m2/failed/org/languagetool/languagetool-standalone/4.2-SNAPSHOT/languagetool-standalone-4.2-SNAPSHOT.pom
[INFO] Installing /home/travis/build/failed/languagetool-org/languagetool/languagetool-standalone/target/LanguageTool-4.2-SNAPSHOT.zip to /home/travis/.m2/failed/org/languagetool/languagetool-standalone/4.2-SNAPSHOT/languagetool-standalone-4.2-SNAPSHOT.zip
[INFO] 
[INFO] ------------------------------------------------------------------------
[INFO] Building LanguageTool LibreOffice/OpenOffice extension 4.2-SNAPSHOT
[INFO] ------------------------------------------------------------------------
[INFO] 
[INFO] --- maven-enforcer-plugin:1.0:enforce (enforce-maven) @ languagetool-office-extension ---
[INFO] 
[INFO] --- maven-resources-plugin:2.6:resources (default-resources) @ languagetool-office-extension ---
[INFO] Using 'UTF-8' encoding to copy filtered resources.
[INFO] Copying 47 resources
[INFO] Copying 0 resource to META-INF
[INFO] 
[INFO] --- maven-compiler-plugin:3.7.0:compile (default-compile) @ languagetool-office-extension ---
[INFO] Nothing to compile - all classes are up to date
[INFO] 
[INFO] --- maven-resources-plugin:2.6:testResources (default-testResources) @ languagetool-office-extension ---
[INFO] Using 'UTF-8' encoding to copy filtered resources.
[INFO] Copying 1 resource
[INFO] 
[INFO] --- maven-compiler-plugin:3.7.0:testCompile (default-testCompile) @ languagetool-office-extension ---
[INFO] Nothing to compile - all classes are up to date
[INFO] 
[INFO] --- maven-surefire-plugin:2.21.0:test (default-test) @ languagetool-office-extension ---
[INFO] Tests are skipped.
[INFO] 
[INFO] --- maven-jar-plugin:2.6:jar (default-jar) @ languagetool-office-extension ---
[INFO] 
[INFO] --- maven-assembly-plugin:2.6:single (make-assembly) @ languagetool-office-extension ---
[INFO] Building zip: /home/travis/build/failed/languagetool-org/languagetool/languagetool-office-extension/target/LanguageTool-4.2-SNAPSHOT.zip
[INFO] 
[INFO] --- maven-install-plugin:2.4:install (default-install) @ languagetool-office-extension ---
[INFO] Installing /home/travis/build/failed/languagetool-org/languagetool/languagetool-office-extension/target/languagetool-office-extension-4.2-SNAPSHOT.jar to /home/travis/.m2/failed/org/languagetool/languagetool-office-extension/4.2-SNAPSHOT/languagetool-office-extension-4.2-SNAPSHOT.jar
[INFO] Installing /home/travis/build/failed/languagetool-org/languagetool/languagetool-office-extension/pom.xml to /home/travis/.m2/failed/org/languagetool/languagetool-office-extension/4.2-SNAPSHOT/languagetool-office-extension-4.2-SNAPSHOT.pom
[INFO] Installing /home/travis/build/failed/languagetool-org/languagetool/languagetool-office-extension/target/LanguageTool-4.2-SNAPSHOT.zip to /home/travis/.m2/failed/org/languagetool/languagetool-office-extension/4.2-SNAPSHOT/languagetool-office-extension-4.2-SNAPSHOT.zip
[INFO] 
[INFO] ------------------------------------------------------------------------
[INFO] Building Hunspell native libs for LanguageTool 4.2-SNAPSHOT
[INFO] ------------------------------------------------------------------------
[INFO] 
[INFO] --- maven-enforcer-plugin:1.0:enforce (enforce-maven) @ hunspell-native-libs ---
[INFO] 
[INFO] --- maven-resources-plugin:2.6:resources (default-resources) @ hunspell-native-libs ---
[INFO] Using 'UTF-8' encoding to copy filtered resources.
[INFO] Copying 7 resources
[INFO] 
[INFO] --- maven-compiler-plugin:3.7.0:compile (default-compile) @ hunspell-native-libs ---
[INFO] No sources to compile
[INFO] 
[INFO] --- maven-resources-plugin:2.6:testResources (default-testResources) @ hunspell-native-libs ---
[INFO] Using 'UTF-8' encoding to copy filtered resources.
[INFO] skip non existing resourceDirectory /home/travis/build/failed/languagetool-org/languagetool/hunspell-native-libs/src/test/resources
[INFO] 
[INFO] --- maven-compiler-plugin:3.7.0:testCompile (default-testCompile) @ hunspell-native-libs ---
[INFO] No sources to compile
[INFO] 
[INFO] --- maven-surefire-plugin:2.21.0:test (default-test) @ hunspell-native-libs ---
[INFO] Tests are skipped.
[INFO] 
[INFO] --- maven-jar-plugin:2.4:jar (default-jar) @ hunspell-native-libs ---
[INFO] 
[INFO] --- maven-install-plugin:2.4:install (default-install) @ hunspell-native-libs ---
[INFO] Installing /home/travis/build/failed/languagetool-org/languagetool/hunspell-native-libs/target/hunspell-native-libs-4.2-SNAPSHOT.jar to /home/travis/.m2/failed/org/languagetool/hunspell-native-libs/4.2-SNAPSHOT/hunspell-native-libs-4.2-SNAPSHOT.jar
[INFO] Installing /home/travis/build/failed/languagetool-org/languagetool/hunspell-native-libs/pom.xml to /home/travis/.m2/failed/org/languagetool/hunspell-native-libs/4.2-SNAPSHOT/hunspell-native-libs-4.2-SNAPSHOT.pom
[INFO] 
[INFO] ------------------------------------------------------------------------
[INFO] Building LanguageTool Wikipedia tools 4.2-SNAPSHOT
[INFO] ------------------------------------------------------------------------
[INFO] 
[INFO] --- maven-enforcer-plugin:1.0:enforce (enforce-maven) @ languagetool-wikipedia ---
[INFO] 
[INFO] --- maven-resources-plugin:2.6:resources (default-resources) @ languagetool-wikipedia ---
[INFO] Using 'UTF-8' encoding to copy filtered resources.
[INFO] Copying 11 resources
[INFO] 
[INFO] --- maven-compiler-plugin:3.7.0:compile (default-compile) @ languagetool-wikipedia ---
[INFO] Nothing to compile - all classes are up to date
[INFO] 
[INFO] --- maven-resources-plugin:2.6:testResources (default-testResources) @ languagetool-wikipedia ---
[INFO] Using 'UTF-8' encoding to copy filtered resources.
[INFO] Copying 9 resources
[INFO] 
[INFO] --- maven-compiler-plugin:3.7.0:testCompile (default-testCompile) @ languagetool-wikipedia ---
[INFO] Nothing to compile - all classes are up to date
[INFO] 
[INFO] --- maven-surefire-plugin:2.21.0:test (default-test) @ languagetool-wikipedia ---
[INFO] Tests are skipped.
[INFO] 
[INFO] --- maven-jar-plugin:2.6:jar (default-jar) @ languagetool-wikipedia ---
[INFO] 
[INFO] --- maven-assembly-plugin:2.6:single (make-assembly) @ languagetool-wikipedia ---
[INFO] Building zip: /home/travis/build/failed/languagetool-org/languagetool/languagetool-wikipedia/target/LanguageTool-wikipedia-4.2-SNAPSHOT.zip
[INFO] Copying files to /home/travis/build/failed/languagetool-org/languagetool/languagetool-wikipedia/target/LanguageTool-wikipedia-4.2-SNAPSHOT
[WARNING] Assembly file: /home/travis/build/failed/languagetool-org/languagetool/languagetool-wikipedia/target/LanguageTool-wikipedia-4.2-SNAPSHOT is not a regular file (it may be a directory). It cannot be attached to the project build for installation or deployment.
[INFO] 
[INFO] --- maven-install-plugin:2.4:install (default-install) @ languagetool-wikipedia ---
[INFO] Installing /home/travis/build/failed/languagetool-org/languagetool/languagetool-wikipedia/target/languagetool-wikipedia-4.2-SNAPSHOT.jar to /home/travis/.m2/failed/org/languagetool/languagetool-wikipedia/4.2-SNAPSHOT/languagetool-wikipedia-4.2-SNAPSHOT.jar
[INFO] Installing /home/travis/build/failed/languagetool-org/languagetool/languagetool-wikipedia/pom.xml to /home/travis/.m2/failed/org/languagetool/languagetool-wikipedia/4.2-SNAPSHOT/languagetool-wikipedia-4.2-SNAPSHOT.pom
[INFO] Installing /home/travis/build/failed/languagetool-org/languagetool/languagetool-wikipedia/target/LanguageTool-wikipedia-4.2-SNAPSHOT.zip to /home/travis/.m2/failed/org/languagetool/languagetool-wikipedia/4.2-SNAPSHOT/languagetool-wikipedia-4.2-SNAPSHOT.zip
[INFO] 
[INFO] ------------------------------------------------------------------------
[INFO] Building LanguageTool HTTP API client 4.2-SNAPSHOT
[INFO] ------------------------------------------------------------------------
[INFO] 
[INFO] --- maven-enforcer-plugin:1.0:enforce (enforce-maven) @ languagetool-http-client ---
[INFO] 
[INFO] --- maven-resources-plugin:2.6:resources (default-resources) @ languagetool-http-client ---
[INFO] Using 'UTF-8' encoding to copy filtered resources.
[INFO] skip non existing resourceDirectory /home/travis/build/failed/languagetool-org/languagetool/languagetool-http-client/src/main/resources
[INFO] 
[INFO] --- maven-compiler-plugin:3.7.0:compile (default-compile) @ languagetool-http-client ---
[INFO] Nothing to compile - all classes are up to date
[INFO] 
[INFO] --- maven-resources-plugin:2.6:testResources (default-testResources) @ languagetool-http-client ---
[INFO] Using 'UTF-8' encoding to copy filtered resources.
[INFO] Copying 4 resources
[INFO] 
[INFO] --- maven-compiler-plugin:3.7.0:testCompile (default-testCompile) @ languagetool-http-client ---
[INFO] Nothing to compile - all classes are up to date
[INFO] 
[INFO] --- maven-surefire-plugin:2.21.0:test (default-test) @ languagetool-http-client ---
[INFO] Tests are skipped.
[INFO] 
[INFO] --- maven-jar-plugin:2.4:jar (default-jar) @ languagetool-http-client ---
[INFO] 
[INFO] --- maven-install-plugin:2.4:install (default-install) @ languagetool-http-client ---
[INFO] Installing /home/travis/build/failed/languagetool-org/languagetool/languagetool-http-client/target/languagetool-http-client-4.2-SNAPSHOT.jar to /home/travis/.m2/failed/org/languagetool/languagetool-http-client/4.2-SNAPSHOT/languagetool-http-client-4.2-SNAPSHOT.jar
[INFO] Installing /home/travis/build/failed/languagetool-org/languagetool/languagetool-http-client/pom.xml to /home/travis/.m2/failed/org/languagetool/languagetool-http-client/4.2-SNAPSHOT/languagetool-http-client-4.2-SNAPSHOT.pom
[INFO] 
[INFO] ------------------------------------------------------------------------
[INFO] Building LanguageTool development tools 4.2-SNAPSHOT
[INFO] ------------------------------------------------------------------------
[INFO] 
[INFO] --- maven-enforcer-plugin:1.0:enforce (enforce-maven) @ languagetool-dev ---
[INFO] 
[INFO] --- maven-resources-plugin:2.6:resources (default-resources) @ languagetool-dev ---
[INFO] Using 'UTF-8' encoding to copy filtered resources.
[INFO] Copying 5 resources
[INFO] 
[INFO] --- maven-compiler-plugin:3.7.0:compile (default-compile) @ languagetool-dev ---
[INFO] Nothing to compile - all classes are up to date
[INFO] 
[INFO] --- maven-resources-plugin:2.6:testResources (default-testResources) @ languagetool-dev ---
[INFO] Using 'UTF-8' encoding to copy filtered resources.
[INFO] Copying 33 resources
[INFO] 
[INFO] --- maven-compiler-plugin:3.7.0:testCompile (default-testCompile) @ languagetool-dev ---
[INFO] Nothing to compile - all classes are up to date
[INFO] 
[INFO] --- maven-surefire-plugin:2.21.0:test (default-test) @ languagetool-dev ---
[INFO] Tests are skipped.
[INFO] 
[INFO] --- maven-jar-plugin:2.4:jar (default-jar) @ languagetool-dev ---
[INFO] 
[INFO] --- maven-install-plugin:2.4:install (default-install) @ languagetool-dev ---
[INFO] Installing /home/travis/build/failed/languagetool-org/languagetool/languagetool-dev/target/languagetool-dev-4.2-SNAPSHOT.jar to /home/travis/.m2/failed/org/languagetool/languagetool-dev/4.2-SNAPSHOT/languagetool-dev-4.2-SNAPSHOT.jar
[INFO] Installing /home/travis/build/failed/languagetool-org/languagetool/languagetool-dev/pom.xml to /home/travis/.m2/failed/org/languagetool/languagetool-dev/4.2-SNAPSHOT/languagetool-dev-4.2-SNAPSHOT.pom
[INFO] 
[INFO] ------------------------------------------------------------------------
[INFO] Building LanguageTool RPM 4.2-SNAPSHOT
[INFO] ------------------------------------------------------------------------
[INFO] 
[INFO] --- maven-enforcer-plugin:1.0:enforce (enforce-maven) @ languagetool ---
[INFO] 
[INFO] --- maven-resources-plugin:2.6:resources (default-resources) @ languagetool ---
[INFO] Using 'UTF-8' encoding to copy filtered resources.
[INFO] Copying 7 resources
[INFO] 
[INFO] --- maven-compiler-plugin:3.7.0:compile (default-compile) @ languagetool ---
[INFO] No sources to compile
[INFO] 
[INFO] --- maven-resources-plugin:2.6:testResources (default-testResources) @ languagetool ---
[INFO] Using 'UTF-8' encoding to copy filtered resources.
[INFO] skip non existing resourceDirectory /home/travis/build/failed/languagetool-org/languagetool/languagetool-rpm-package/src/test/resources
[INFO] 
[INFO] --- maven-compiler-plugin:3.7.0:testCompile (default-testCompile) @ languagetool ---
[INFO] No sources to compile
[INFO] 
[INFO] --- maven-surefire-plugin:2.21.0:test (default-test) @ languagetool ---
[INFO] Tests are skipped.
[INFO] 
[INFO] --- replacer:1.5.3:replace (prepare-lt-conf-sample) @ languagetool ---
[INFO] Replacement run on 1 file.
[INFO] 
[INFO] --- replacer:1.5.3:replace (prepare-lt-systemd-service) @ languagetool ---
[INFO] Replacement run on 1 file.
[INFO] 
[INFO] --- maven-jar-plugin:2.4:jar (default-jar) @ languagetool ---
[INFO] 
[INFO] --- rpm:0.10.0:rpm (default) @ languagetool ---
[INFO] Writing to target to: /home/travis/build/failed/languagetool-org/languagetool/languagetool-rpm-package/target
[INFO] Building with SNAPSHOT version
[INFO] RPM base information - name: languagetool, version: 4.2-0.202201300452, arch: noarch
[INFO] Writing target file: /home/travis/build/failed/languagetool-org/languagetool/languagetool-rpm-package/target/languagetool-4.2-0.202201300452-noarch.rpm
[INFO] [script prein]: Using script interpreter: /bin/sh
[INFO] Adding dependency [require]: name = java, version = 1.8.0, flags = [EQUAL, GREATER]
[INFO] 
[INFO] --- maven-install-plugin:2.4:install (default-install) @ languagetool ---
[INFO] Installing /home/travis/build/failed/languagetool-org/languagetool/languagetool-rpm-package/target/languagetool-4.2-SNAPSHOT.jar to /home/travis/.m2/failed/org/languagetool/languagetool/4.2-SNAPSHOT/languagetool-4.2-SNAPSHOT.jar
[INFO] Installing /home/travis/build/failed/languagetool-org/languagetool/languagetool-rpm-package/pom.xml to /home/travis/.m2/failed/org/languagetool/languagetool/4.2-SNAPSHOT/languagetool-4.2-SNAPSHOT.pom
[INFO] ------------------------------------------------------------------------
[INFO] Reactor Summary:
[INFO] 
[INFO] languagetool-parent ................................ SUCCESS [ 11.867 s]
[INFO] LanguageTool Style and Grammar Checker Core ........ SUCCESS [ 58.422 s]
[INFO] English module for LanguageTool .................... SUCCESS [ 45.364 s]
[INFO] Persian module for LanguageTool .................... SUCCESS [  6.952 s]
[INFO] French module for LanguageTool ..................... SUCCESS [ 18.851 s]
[INFO] German module for LanguageTool ..................... SUCCESS [ 29.814 s]
[INFO] Polish module for LanguageTool ..................... SUCCESS [  9.977 s]
[INFO] Catalan module for LanguageTool .................... SUCCESS [ 12.248 s]
[INFO] Italian module for LanguageTool .................... SUCCESS [  3.641 s]
[INFO] Breton module for LanguageTool ..................... SUCCESS [  3.699 s]
[INFO] Dutch module for LanguageTool ...................... SUCCESS [  8.630 s]
[INFO] Portuguese module for LanguageTool ................. SUCCESS [ 16.813 s]
[INFO] Russian module for LanguageTool .................... SUCCESS [ 15.727 s]
[INFO] Asturian module for LanguageTool ................... SUCCESS [  5.392 s]
[INFO] Belarusian module for LanguageTool ................. SUCCESS [  1.658 s]
[INFO] Chinese module for LanguageTool .................... SUCCESS [  6.325 s]
[INFO] Danish module for LanguageTool ..................... SUCCESS [  3.826 s]
[INFO] Esperanto module for LanguageTool .................. SUCCESS [  4.892 s]
[INFO] Galician module for LanguageTool ................... SUCCESS [  8.573 s]
[INFO] Greek module for LanguageTool ...................... SUCCESS [  4.950 s]
[INFO] Icelandic module for LanguageTool .................. SUCCESS [  2.101 s]
[INFO] Japanese module for LanguageTool ................... SUCCESS [  1.653 s]
[INFO] Khmer module for LanguageTool ...................... SUCCESS [  4.180 s]
[INFO] Lithuanian module for LanguageTool ................. SUCCESS [  1.022 s]
[INFO] Malayalam module for LanguageTool .................. SUCCESS [  3.430 s]
[INFO] Romanian module for LanguageTool ................... SUCCESS [  8.793 s]
[INFO] Slovak module for LanguageTool ..................... SUCCESS [  6.863 s]
[INFO] Slovenian module for LanguageTool .................. SUCCESS [  2.642 s]
[INFO] Serbian module for LanguageTool .................... SUCCESS [ 24.333 s]
[INFO] Spanish module for LanguageTool .................... SUCCESS [  8.751 s]
[INFO] Swedish module for LanguageTool .................... SUCCESS [  5.538 s]
[INFO] Tamil module for LanguageTool ...................... SUCCESS [  2.114 s]
[INFO] Tagalog module for LanguageTool .................... SUCCESS [  7.178 s]
[INFO] Ukrainian module for LanguageTool .................. SUCCESS [ 16.104 s]
[INFO] Simple German module for LanguageTool .............. SUCCESS [  0.857 s]
[INFO] All language modules for LanguageTool .............. SUCCESS [  0.260 s]
[INFO] LanguageTool common GUI classes .................... SUCCESS [  3.882 s]
[INFO] LanguageTool command-line version .................. SUCCESS [  0.717 s]
[INFO] LanguageTool embedded HTTP server .................. SUCCESS [  3.006 s]
[INFO] LanguageTool tools for building dictionaries ....... SUCCESS [ 22.045 s]
[INFO] LanguageTool stand-alone GUI ....................... SUCCESS [ 58.005 s]
[INFO] LanguageTool LibreOffice/OpenOffice extension ...... SUCCESS [  5.902 s]
[INFO] Hunspell native libs for LanguageTool .............. SUCCESS [  2.782 s]
[INFO] LanguageTool Wikipedia tools ....................... SUCCESS [ 21.203 s]
[INFO] LanguageTool HTTP API client ....................... SUCCESS [  4.138 s]
[INFO] LanguageTool development tools ..................... SUCCESS [ 13.406 s]
[INFO] LanguageTool RPM ................................... SUCCESS [ 24.933 s]
[INFO] ------------------------------------------------------------------------
[INFO] BUILD SUCCESS
[INFO] ------------------------------------------------------------------------
[INFO] Total time: 08:59 min
[INFO] Finished at: 2022-01-30T04:53:10Z
[INFO] Final Memory: 91M/648M
[INFO] ------------------------------------------------------------------------

travis_time:end:0132fdec:start=1643517849661792241,finish=1643518391196345067,duration=541534552826[0Ktravis_fold:end:install[0Ktravis_time:start:25b2e326[0K$ mvn test -Dhttps.protocols=TLSv1.2 -B
Picked up _JAVA_OPTIONS: -Xmx2048m -Xms512m
[INFO] Scanning for projects...
[WARNING] The project org.languagetool:languagetool-parent:pom:4.2-SNAPSHOT uses prerequisites which is only intended for maven-plugin projects but not for non maven-plugin projects. For such purposes you should use the maven-enforcer-plugin. See https://maven.apache.org/enforcer/enforcer-rules/requireMavenVersion.html
[INFO] ------------------------------------------------------------------------
[INFO] Reactor Build Order:
[INFO] 
[INFO] languagetool-parent
[INFO] LanguageTool Style and Grammar Checker Core
[INFO] English module for LanguageTool
[INFO] Persian module for LanguageTool
[INFO] French module for LanguageTool
[INFO] German module for LanguageTool
[INFO] Polish module for LanguageTool
[INFO] Catalan module for LanguageTool
[INFO] Italian module for LanguageTool
[INFO] Breton module for LanguageTool
[INFO] Dutch module for LanguageTool
[INFO] Portuguese module for LanguageTool
[INFO] Russian module for LanguageTool
[INFO] Asturian module for LanguageTool
[INFO] Belarusian module for LanguageTool
[INFO] Chinese module for LanguageTool
[INFO] Danish module for LanguageTool
[INFO] Esperanto module for LanguageTool
[INFO] Galician module for LanguageTool
[INFO] Greek module for LanguageTool
[INFO] Icelandic module for LanguageTool
[INFO] Japanese module for LanguageTool
[INFO] Khmer module for LanguageTool
[INFO] Lithuanian module for LanguageTool
[INFO] Malayalam module for LanguageTool
[INFO] Romanian module for LanguageTool
[INFO] Slovak module for LanguageTool
[INFO] Slovenian module for LanguageTool
[INFO] Serbian module for LanguageTool
[INFO] Spanish module for LanguageTool
[INFO] Swedish module for LanguageTool
[INFO] Tamil module for LanguageTool
[INFO] Tagalog module for LanguageTool
[INFO] Ukrainian module for LanguageTool
[INFO] Simple German module for LanguageTool
[INFO] All language modules for LanguageTool
[INFO] LanguageTool common GUI classes
[INFO] LanguageTool command-line version
[INFO] LanguageTool embedded HTTP server
[INFO] LanguageTool tools for building dictionaries
[INFO] LanguageTool stand-alone GUI
[INFO] LanguageTool LibreOffice/OpenOffice extension
[INFO] Hunspell native libs for LanguageTool
[INFO] LanguageTool Wikipedia tools
[INFO] LanguageTool HTTP API client
[INFO] LanguageTool development tools
[INFO] LanguageTool RPM
[INFO] 
[INFO] ------------------------------------------------------------------------
[INFO] Building languagetool-parent 4.2-SNAPSHOT
[INFO] ------------------------------------------------------------------------
[INFO] 
[INFO] --- maven-enforcer-plugin:1.0:enforce (enforce-maven) @ languagetool-parent ---
[INFO] 
[INFO] ------------------------------------------------------------------------
[INFO] Building LanguageTool Style and Grammar Checker Core 4.2-SNAPSHOT
[INFO] ------------------------------------------------------------------------
[INFO] 
[INFO] --- maven-enforcer-plugin:1.4.1:enforce (enforce-maven) @ languagetool-core ---
[INFO] 
[INFO] --- maven-resources-plugin:2.6:resources (default-resources) @ languagetool-core ---
[INFO] Using 'UTF-8' encoding to copy filtered resources.
[INFO] Copying 16 resources
[INFO] 
[INFO] --- maven-compiler-plugin:3.7.0:compile (default-compile) @ languagetool-core ---
[INFO] Nothing to compile - all classes are up to date
[INFO] 
[INFO] --- maven-resources-plugin:2.6:testResources (default-testResources) @ languagetool-core ---
[INFO] Using 'UTF-8' encoding to copy filtered resources.
[INFO] Copying 38 resources
[INFO] 
[INFO] --- maven-compiler-plugin:3.7.0:testCompile (default-testCompile) @ languagetool-core ---
[INFO] Nothing to compile - all classes are up to date
[INFO] 
[INFO] --- maven-surefire-plugin:2.21.0:test (default-test) @ languagetool-core ---
[INFO] 
[INFO] -------------------------------------------------------
[INFO]  T E S T S
[INFO] -------------------------------------------------------
[INFO] Running org.languagetool.rules.RuleWithMaxFilterTest
[INFO] Tests run: 4, Failures: 0, Errors: 0, Skipped: 0, Time elapsed: 1.011 s - in org.languagetool.rules.RuleWithMaxFilterTest
[INFO] Running org.languagetool.ResourceBundleToolsTest
[INFO] Tests run: 1, Failures: 0, Errors: 0, Skipped: 0, Time elapsed: 0 s - in org.languagetool.ResourceBundleToolsTest
[INFO] Running org.languagetool.tools.StringToolsTest
[INFO] Tests run: 18, Failures: 0, Errors: 0, Skipped: 0, Time elapsed: 0.002 s - in org.languagetool.tools.StringToolsTest
[INFO] Running org.languagetool.rules.neuralnetwork.TwoLayerClassifierTest
[INFO] Tests run: 1, Failures: 0, Errors: 0, Skipped: 0, Time elapsed: 0.149 s - in org.languagetool.rules.neuralnetwork.TwoLayerClassifierTest
[INFO] Running org.languagetool.rules.CommaWhitespaceRuleTest
[INFO] Tests run: 1, Failures: 0, Errors: 0, Skipped: 0, Time elapsed: 1.92 s - in org.languagetool.rules.CommaWhitespaceRuleTest
[INFO] Running org.languagetool.rules.patterns.PatternRuleTest
[INFO] Tests run: 2, Failures: 0, Errors: 0, Skipped: 0, Time elapsed: 0.007 s - in org.languagetool.rules.patterns.PatternRuleTest
[INFO] Running org.languagetool.rules.bitext.SameTranslationRuleTest
[INFO] Tests run: 1, Failures: 0, Errors: 0, Skipped: 0, Time elapsed: 0.052 s - in org.languagetool.rules.bitext.SameTranslationRuleTest
[INFO] Running org.languagetool.languagemodel.BaseLanguageModelTest
[INFO] Tests run: 2, Failures: 0, Errors: 0, Skipped: 0, Time elapsed: 0.159 s - in org.languagetool.languagemodel.BaseLanguageModelTest
[INFO] Running org.languagetool.rules.WhitespaceBeforePunctuationRuleTest
[INFO] Tests run: 2, Failures: 0, Errors: 0, Skipped: 0, Time elapsed: 0.04 s - in org.languagetool.rules.WhitespaceBeforePunctuationRuleTest
[INFO] Running org.languagetool.tagging.MorfologikTaggerTest
[INFO] Tests run: 1, Failures: 0, Errors: 0, Skipped: 0, Time elapsed: 0.252 s - in org.languagetool.tagging.MorfologikTaggerTest
[INFO] Running org.languagetool.rules.ngrams.GoogleTokenTest
[INFO] Tests run: 2, Failures: 0, Errors: 0, Skipped: 0, Time elapsed: 0.057 s - in org.languagetool.rules.ngrams.GoogleTokenTest
[INFO] Running org.languagetool.languagemodel.MultiLanguageModelTest
[INFO] Tests run: 1, Failures: 0, Errors: 0, Skipped: 0, Time elapsed: 0.032 s - in org.languagetool.languagemodel.MultiLanguageModelTest
[INFO] Running org.languagetool.rules.ngrams.ConfusionProbabilityRuleTest
[INFO] Tests run: 5, Failures: 0, Errors: 0, Skipped: 0, Time elapsed: 0.115 s - in org.languagetool.rules.ngrams.ConfusionProbabilityRuleTest
[INFO] Running org.languagetool.AnalyzedTokenTest
[INFO] Tests run: 2, Failures: 0, Errors: 0, Skipped: 0, Time elapsed: 0.001 s - in org.languagetool.AnalyzedTokenTest
[INFO] Running org.languagetool.rules.UppercaseSentenceStartRuleTest
[INFO] Tests run: 1, Failures: 0, Errors: 0, Skipped: 0, Time elapsed: 0 s - in org.languagetool.rules.UppercaseSentenceStartRuleTest
[INFO] Running org.languagetool.rules.spelling.SuggestionSorterTest
[WARNING] Tests run: 2, Failures: 0, Errors: 0, Skipped: 2, Time elapsed: 0 s - in org.languagetool.rules.spelling.SuggestionSorterTest
[INFO] Running org.languagetool.ValidateFalseFriendsXmlTest
Validating false-friends.xml...
Validation successfully finished.
[INFO] Tests run: 1, Failures: 0, Errors: 0, Skipped: 0, Time elapsed: 0.122 s - in org.languagetool.ValidateFalseFriendsXmlTest
[INFO] Running org.languagetool.tagging.disambiguation.rules.DisambiguationRuleTest
Running disambiguation tests for Testlanguage...
2 rules tested (192ms)
[INFO] Tests run: 1, Failures: 0, Errors: 0, Skipped: 0, Time elapsed: 0.207 s - in org.languagetool.tagging.disambiguation.rules.DisambiguationRuleTest
[INFO] Running org.languagetool.rules.patterns.PatternRuleLoaderTest
[INFO] Tests run: 1, Failures: 0, Errors: 0, Skipped: 0, Time elapsed: 0.008 s - in org.languagetool.rules.patterns.PatternRuleLoaderTest
[INFO] Running org.languagetool.rules.GenericUnpairedBracketsRuleTest
[INFO] Tests run: 2, Failures: 0, Errors: 0, Skipped: 0, Time elapsed: 0.569 s - in org.languagetool.rules.GenericUnpairedBracketsRuleTest
[INFO] Running org.languagetool.AnalyzedTokenReadingsTest
[INFO] Tests run: 6, Failures: 0, Errors: 0, Skipped: 0, Time elapsed: 0 s - in org.languagetool.AnalyzedTokenReadingsTest
[INFO] Running org.languagetool.rules.spelling.morfologik.MorfologikMultiSpellerTest
[INFO] Tests run: 4, Failures: 0, Errors: 0, Skipped: 0, Time elapsed: 0.279 s - in org.languagetool.rules.spelling.morfologik.MorfologikMultiSpellerTest
[INFO] Running org.languagetool.bitext.WordFastTMReaderTest
[INFO] Tests run: 1, Failures: 0, Errors: 0, Skipped: 0, Time elapsed: 0.225 s - in org.languagetool.bitext.WordFastTMReaderTest
[INFO] Running org.languagetool.rules.patterns.RegexPatternRuleTest
[INFO] Tests run: 2, Failures: 0, Errors: 0, Skipped: 0, Time elapsed: 0.001 s - in org.languagetool.rules.patterns.RegexPatternRuleTest
[INFO] Running org.languagetool.VersionTest
Java version: 1.8.0_151, Oracle Corporation
OS: amd64, Linux, 4.15.0-109-generic
user.language: en
user.country: US
file.encoding: UTF-8
[INFO] Tests run: 1, Failures: 0, Errors: 0, Skipped: 0, Time elapsed: 0 s - in org.languagetool.VersionTest
[INFO] Running org.languagetool.tools.RuleMatchesAsJsonSerializerTest
[INFO] Tests run: 3, Failures: 0, Errors: 0, Skipped: 0, Time elapsed: 0 s - in org.languagetool.tools.RuleMatchesAsJsonSerializerTest
[INFO] Running org.languagetool.rules.patterns.RuleFilterCreatorTest
[INFO] Tests run: 2, Failures: 0, Errors: 0, Skipped: 0, Time elapsed: 0 s - in org.languagetool.rules.patterns.RuleFilterCreatorTest
[INFO] Running org.languagetool.rules.SameRuleGroupFilterTest
[INFO] Tests run: 4, Failures: 0, Errors: 0, Skipped: 0, Time elapsed: 0 s - in org.languagetool.rules.SameRuleGroupFilterTest
[INFO] Running org.languagetool.rules.patterns.DemoPatternRuleTest
Running XML validation for xx/grammar.xml...
The Testlanguage rule: PATTERN_REGEXP_MATCH_SUGGESTIONS_INSIDE[3], token [1], contains "znel" that is marked as regular expression but probably is not one.
The Testlanguage rule: PATTERN_REGEXP_MATCH_SUGGESTIONS_OUTSIDE[4], token [1], contains "znel" that is marked as regular expression but probably is not one.
Running pattern rule tests for Testlanguage... 79 rules tested.
[INFO] Tests run: 8, Failures: 0, Errors: 0, Skipped: 0, Time elapsed: 0.141 s - in org.languagetool.rules.patterns.DemoPatternRuleTest
[INFO] Running org.languagetool.rules.patterns.PatternRuleMatcherTest
[WARNING] Tests run: 24, Failures: 0, Errors: 0, Skipped: 1, Time elapsed: 0.016 s - in org.languagetool.rules.patterns.PatternRuleMatcherTest
[INFO] Running org.languagetool.rules.patterns.PatternRuleHandlerTest
[INFO] Tests run: 1, Failures: 0, Errors: 0, Skipped: 0, Time elapsed: 0 s - in org.languagetool.rules.patterns.PatternRuleHandlerTest
[INFO] Running org.languagetool.rules.patterns.PatternRuleLoaderPermissionTest
[INFO] Tests run: 1, Failures: 0, Errors: 0, Skipped: 0, Time elapsed: 0.087 s - in org.languagetool.rules.patterns.PatternRuleLoaderPermissionTest
[INFO] Running org.languagetool.rules.patterns.PatternTokenTest
[INFO] Tests run: 2, Failures: 0, Errors: 0, Skipped: 0, Time elapsed: 0 s - in org.languagetool.rules.patterns.PatternTokenTest
[INFO] Running org.languagetool.tokenizers.SimpleSentenceTokenizerTest
[INFO] Tests run: 1, Failures: 0, Errors: 0, Skipped: 0, Time elapsed: 0 s - in org.languagetool.tokenizers.SimpleSentenceTokenizerTest
[INFO] Running org.languagetool.MultiThreadedJLanguageToolTest
[INFO] Tests run: 7, Failures: 0, Errors: 0, Skipped: 0, Time elapsed: 0 s - in org.languagetool.MultiThreadedJLanguageToolTest
[INFO] Running org.languagetool.rules.OpenNMTRuleTest
[WARNING] Tests run: 5, Failures: 0, Errors: 0, Skipped: 1, Time elapsed: 0 s - in org.languagetool.rules.OpenNMTRuleTest
[INFO] Running org.languagetool.rules.ScoredConfusionSetLoaderTest
[INFO] Tests run: 1, Failures: 0, Errors: 0, Skipped: 0, Time elapsed: 0.071 s - in org.languagetool.rules.ScoredConfusionSetLoaderTest
[INFO] Running org.languagetool.rules.bitext.DifferentLengthRuleTest
[INFO] Tests run: 1, Failures: 0, Errors: 0, Skipped: 0, Time elapsed: 0 s - in org.languagetool.rules.bitext.DifferentLengthRuleTest
[INFO] Running org.languagetool.rules.PunctuationMarkAtParagraphEndTest
[INFO] Tests run: 1, Failures: 0, Errors: 0, Skipped: 0, Time elapsed: 0.001 s - in org.languagetool.rules.PunctuationMarkAtParagraphEndTest
[INFO] Running org.languagetool.AnalyzedSentenceTest
[INFO] Tests run: 2, Failures: 0, Errors: 0, Skipped: 0, Time elapsed: 0 s - in org.languagetool.AnalyzedSentenceTest
[INFO] Running org.languagetool.rules.neuralnetwork.MatrixTest
[INFO] Tests run: 4, Failures: 0, Errors: 0, Skipped: 0, Time elapsed: 0.001 s - in org.languagetool.rules.neuralnetwork.MatrixTest
[INFO] Running org.languagetool.markup.AnnotatedTextTest
[INFO] Tests run: 1, Failures: 0, Errors: 0, Skipped: 0, Time elapsed: 0 s - in org.languagetool.markup.AnnotatedTextTest
[INFO] Running org.languagetool.rules.spelling.morfologik.MorfologikSpellerTest
[INFO] Tests run: 2, Failures: 0, Errors: 0, Skipped: 0, Time elapsed: 0 s - in org.languagetool.rules.spelling.morfologik.MorfologikSpellerTest
[INFO] Running org.languagetool.rules.neuralnetwork.NeuralNetworkRuleTest
[INFO] Tests run: 3, Failures: 0, Errors: 0, Skipped: 0, Time elapsed: 0 s - in org.languagetool.rules.neuralnetwork.NeuralNetworkRuleTest
[INFO] Running org.languagetool.synthesis.ManualSynthesizerTest
[INFO] Tests run: 4, Failures: 0, Errors: 0, Skipped: 0, Time elapsed: 0.001 s - in org.languagetool.synthesis.ManualSynthesizerTest
[INFO] Running org.languagetool.rules.LongSentenceRuleTest
[INFO] Tests run: 1, Failures: 0, Errors: 0, Skipped: 0, Time elapsed: 0.001 s - in org.languagetool.rules.LongSentenceRuleTest
[INFO] Running org.languagetool.languagemodel.LuceneSingleIndexLanguageModelTest
[WARNING] Tests run: 2, Failures: 0, Errors: 0, Skipped: 1, Time elapsed: 0.579 s - in org.languagetool.languagemodel.LuceneSingleIndexLanguageModelTest
[INFO] Running org.languagetool.rules.WordRepeatRuleTest
[INFO] Tests run: 1, Failures: 0, Errors: 0, Skipped: 0, Time elapsed: 0.088 s - in org.languagetool.rules.WordRepeatRuleTest
[INFO] Running org.languagetool.rules.bitext.BitextPatternRuleTest
[INFO] Tests run: 1, Failures: 0, Errors: 0, Skipped: 0, Time elapsed: 0.073 s - in org.languagetool.rules.bitext.BitextPatternRuleTest
[INFO] Running org.languagetool.tokenizers.WordTokenizerTest
[INFO] Tests run: 7, Failures: 0, Errors: 0, Skipped: 0, Time elapsed: 0.001 s - in org.languagetool.tokenizers.WordTokenizerTest
[INFO] Running org.languagetool.bitext.TabBitextReaderTest
[INFO] Tests run: 1, Failures: 0, Errors: 0, Skipped: 0, Time elapsed: 0 s - in org.languagetool.bitext.TabBitextReaderTest
[INFO] Running org.languagetool.rules.SentenceWhitespaceRuleTest
[INFO] Tests run: 1, Failures: 0, Errors: 0, Skipped: 0, Time elapsed: 0 s - in org.languagetool.rules.SentenceWhitespaceRuleTest
[INFO] Running org.languagetool.tagging.disambiguation.MultiWordChunkerTest
[INFO] Tests run: 4, Failures: 0, Errors: 0, Skipped: 0, Time elapsed: 0.109 s - in org.languagetool.tagging.disambiguation.MultiWordChunkerTest
[INFO] Running org.languagetool.rules.neuralnetwork.DictionaryTest
[INFO] Tests run: 1, Failures: 0, Errors: 0, Skipped: 0, Time elapsed: 0 s - in org.languagetool.rules.neuralnetwork.DictionaryTest
[INFO] Running org.languagetool.InputSentenceTest
[INFO] Tests run: 1, Failures: 0, Errors: 0, Skipped: 0, Time elapsed: 0 s - in org.languagetool.InputSentenceTest
[INFO] Running org.languagetool.rules.patterns.PatternRuleXmlCreatorTest
[INFO] Tests run: 6, Failures: 0, Errors: 0, Skipped: 0, Time elapsed: 0.12 s - in org.languagetool.rules.patterns.PatternRuleXmlCreatorTest
[INFO] Running org.languagetool.rules.MultipleWhitespaceRuleTest
[INFO] Tests run: 1, Failures: 0, Errors: 0, Skipped: 0, Time elapsed: 0 s - in org.languagetool.rules.MultipleWhitespaceRuleTest
[INFO] Running org.languagetool.rules.patterns.MatchStateTest
[INFO] Tests run: 1, Failures: 0, Errors: 0, Skipped: 0, Time elapsed: 0 s - in org.languagetool.rules.patterns.MatchStateTest
[INFO] Running org.languagetool.rules.patterns.UnifierTest
[INFO] Tests run: 7, Failures: 0, Errors: 0, Skipped: 0, Time elapsed: 0.001 s - in org.languagetool.rules.patterns.UnifierTest
[INFO] Running org.languagetool.rules.bitext.DifferentPunctuationRuleTest
[INFO] Tests run: 1, Failures: 0, Errors: 0, Skipped: 0, Time elapsed: 0 s - in org.languagetool.rules.bitext.DifferentPunctuationRuleTest
[INFO] Running org.languagetool.rules.patterns.MatchTest
[INFO] Tests run: 19, Failures: 0, Errors: 0, Skipped: 0, Time elapsed: 0.026 s - in org.languagetool.rules.patterns.MatchTest
[INFO] Running org.languagetool.rules.DoublePunctuationRuleTest
[INFO] Tests run: 1, Failures: 0, Errors: 0, Skipped: 0, Time elapsed: 0.01 s - in org.languagetool.rules.DoublePunctuationRuleTest
[INFO] Running org.languagetool.tools.ToolsTest
[INFO] Tests run: 2, Failures: 0, Errors: 0, Skipped: 0, Time elapsed: 0.007 s - in org.languagetool.tools.ToolsTest
[INFO] Running org.languagetool.rules.ConfusionSetTest
[INFO] Tests run: 2, Failures: 0, Errors: 0, Skipped: 0, Time elapsed: 0 s - in org.languagetool.rules.ConfusionSetTest
[INFO] Running org.languagetool.rules.UnsyncStackTest
[INFO] Tests run: 1, Failures: 0, Errors: 0, Skipped: 0, Time elapsed: 0 s - in org.languagetool.rules.UnsyncStackTest
[INFO] Running org.languagetool.rules.patterns.RuleFilterEvaluatorTest
[INFO] Tests run: 5, Failures: 0, Errors: 0, Skipped: 0, Time elapsed: 0 s - in org.languagetool.rules.patterns.RuleFilterEvaluatorTest
[INFO] Running org.languagetool.tokenizers.ManualTaggerAdapterTest
[INFO] Tests run: 3, Failures: 0, Errors: 0, Skipped: 0, Time elapsed: 0 s - in org.languagetool.tokenizers.ManualTaggerAdapterTest
[INFO] Running org.languagetool.tagging.CombiningTaggerTest
[INFO] Tests run: 4, Failures: 0, Errors: 0, Skipped: 0, Time elapsed: 0 s - in org.languagetool.tagging.CombiningTaggerTest
[INFO] Running org.languagetool.tools.RuleMatchAsXmlSerializerTest
[INFO] Tests run: 7, Failures: 0, Errors: 0, Skipped: 0, Time elapsed: 0 s - in org.languagetool.tools.RuleMatchAsXmlSerializerTest
[INFO] Running org.languagetool.language.LanguageBuilderTest
[INFO] Tests run: 2, Failures: 0, Errors: 0, Skipped: 0, Time elapsed: 0.066 s - in org.languagetool.language.LanguageBuilderTest
[INFO] Running org.languagetool.tools.ContextToolsTest
[INFO] Tests run: 7, Failures: 0, Errors: 0, Skipped: 0, Time elapsed: 0 s - in org.languagetool.tools.ContextToolsTest
[INFO] Running org.languagetool.rules.ConfusionSetLoaderTest
[INFO] Tests run: 1, Failures: 0, Errors: 0, Skipped: 0, Time elapsed: 0 s - in org.languagetool.rules.ConfusionSetLoaderTest
[INFO] 
[INFO] Results:
[INFO] 
[WARNING] Tests run: 232, Failures: 0, Errors: 0, Skipped: 5
[INFO] 
[INFO] 
[INFO] ------------------------------------------------------------------------
[INFO] Building English module for LanguageTool 4.2-SNAPSHOT
[INFO] ------------------------------------------------------------------------
[INFO] 
[INFO] --- maven-enforcer-plugin:1.0:enforce (enforce-maven) @ language-en ---
[INFO] 
[INFO] --- maven-resources-plugin:2.6:resources (default-resources) @ language-en ---
[INFO] Using 'UTF-8' encoding to copy filtered resources.
[INFO] Copying 62 resources
[INFO] 
[INFO] --- maven-compiler-plugin:3.7.0:compile (default-compile) @ language-en ---
[INFO] Nothing to compile - all classes are up to date
[INFO] 
[INFO] --- maven-resources-plugin:2.6:testResources (default-testResources) @ language-en ---
[INFO] Using 'UTF-8' encoding to copy filtered resources.
[INFO] skip non existing resourceDirectory /home/travis/build/failed/languagetool-org/languagetool/languagetool-language-modules/en/src/test/resources
[INFO] 
[INFO] --- maven-compiler-plugin:3.7.0:testCompile (default-testCompile) @ language-en ---
[INFO] Nothing to compile - all classes are up to date
[INFO] 
[INFO] --- maven-surefire-plugin:2.21.0:test (default-test) @ language-en ---
[INFO] 
[INFO] -------------------------------------------------------
[INFO]  T E S T S
[INFO] -------------------------------------------------------
[INFO] Running org.languagetool.rules.en.MorfologikCanadianSpellerRuleTest
[INFO] Tests run: 2, Failures: 0, Errors: 0, Skipped: 0, Time elapsed: 3.72 s - in org.languagetool.rules.en.MorfologikCanadianSpellerRuleTest
[INFO] Running org.languagetool.tagging.en.EnglishTaggerTest
[INFO] Tests run: 3, Failures: 0, Errors: 0, Skipped: 0, Time elapsed: 0.265 s - in org.languagetool.tagging.en.EnglishTaggerTest
[INFO] Running org.languagetool.rules.en.MorfologikSouthAfricanSpellerRuleTest
[INFO] Tests run: 2, Failures: 0, Errors: 0, Skipped: 0, Time elapsed: 0.488 s - in org.languagetool.rules.en.MorfologikSouthAfricanSpellerRuleTest
[INFO] Running org.languagetool.rules.en.WordCoherencyRuleTest
[INFO] Tests run: 4, Failures: 0, Errors: 0, Skipped: 0, Time elapsed: 0.893 s - in org.languagetool.rules.en.WordCoherencyRuleTest
[INFO] Running org.languagetool.synthesis.en.EnglishSynthesizerTest
[INFO] Tests run: 1, Failures: 0, Errors: 0, Skipped: 0, Time elapsed: 0.073 s - in org.languagetool.synthesis.en.EnglishSynthesizerTest
[INFO] Running org.languagetool.rules.en.SpellingCheckRuleTest
[INFO] Tests run: 3, Failures: 0, Errors: 0, Skipped: 0, Time elapsed: 0.643 s - in org.languagetool.rules.en.SpellingCheckRuleTest
[INFO] Running org.languagetool.rules.en.DateCheckFilterTest
[INFO] Tests run: 2, Failures: 0, Errors: 0, Skipped: 0, Time elapsed: 0 s - in org.languagetool.rules.en.DateCheckFilterTest
[INFO] Running org.languagetool.rules.en.EnglishWordRepeatRuleTest
[INFO] Tests run: 1, Failures: 0, Errors: 0, Skipped: 0, Time elapsed: 0.194 s - in org.languagetool.rules.en.EnglishWordRepeatRuleTest
[INFO] Running org.languagetool.tokenizers.EnglishSRXSentenceTokenizerTest
[INFO] Tests run: 1, Failures: 0, Errors: 0, Skipped: 0, Time elapsed: 0.027 s - in org.languagetool.tokenizers.EnglishSRXSentenceTokenizerTest
[INFO] Running org.languagetool.rules.en.AvsAnRuleTest
[INFO] Tests run: 5, Failures: 0, Errors: 0, Skipped: 0, Time elapsed: 0.599 s - in org.languagetool.rules.en.AvsAnRuleTest
[INFO] Running org.languagetool.SpellIgnoreTest
[INFO] Tests run: 1, Failures: 0, Errors: 0, Skipped: 0, Time elapsed: 0.162 s - in org.languagetool.SpellIgnoreTest
[INFO] Running org.languagetool.rules.en.EnglishPatternRuleTest
Running XML validation for en/grammar.xml...
Running pattern rule tests for English... 2064 rules tested.
Running XML validation for en/en-US/grammar.xml...
Running pattern rule tests for English (US)... 2069 rules tested.
Running XML validation for en/en-GB/grammar.xml...
Running pattern rule tests for English (GB)... 2079 rules tested.
Skipping English (Australian) because there are no specific rules for that variant
Skipping English (Canadian) because there are no specific rules for that variant
Skipping English (New Zealand) because there are no specific rules for that variant
Skipping English (South African) because there are no specific rules for that variant
[INFO] Tests run: 4, Failures: 0, Errors: 0, Skipped: 0, Time elapsed: 57.272 s - in org.languagetool.rules.en.EnglishPatternRuleTest
[INFO] Running org.languagetool.chunking.EnglishChunkerTest
[INFO] Tests run: 4, Failures: 0, Errors: 0, Skipped: 0, Time elapsed: 0.113 s - in org.languagetool.chunking.EnglishChunkerTest
[INFO] Running org.languagetool.rules.en.NewZealandReplaceRuleTest
[INFO] Tests run: 1, Failures: 0, Errors: 0, Skipped: 0, Time elapsed: 0.001 s - in org.languagetool.rules.en.NewZealandReplaceRuleTest
[INFO] Running org.languagetool.tagging.disambiguation.rules.en.EnglishDisambiguationRuleTest
Running disambiguation tests for English...
347 rules tested (1415ms)
Skipping variant: English (US)
Skipping variant: English (GB)
Skipping variant: English (Australian)
Skipping variant: English (Canadian)
Skipping variant: English (New Zealand)
Skipping variant: English (South African)
Running disambiguation tests for Testlanguage...
2 rules tested (7ms)
[INFO] Tests run: 2, Failures: 0, Errors: 0, Skipped: 0, Time elapsed: 1.229 s - in org.languagetool.tagging.disambiguation.rules.en.EnglishDisambiguationRuleTest
[INFO] Running org.languagetool.rules.en.BritishReplaceRuleTest
[INFO] Tests run: 1, Failures: 0, Errors: 0, Skipped: 0, Time elapsed: 0.089 s - in org.languagetool.rules.en.BritishReplaceRuleTest
[INFO] Running org.languagetool.rules.en.MorfologikAustralianSpellerRuleTest
[INFO] Tests run: 2, Failures: 0, Errors: 0, Skipped: 0, Time elapsed: 0.316 s - in org.languagetool.rules.en.MorfologikAustralianSpellerRuleTest
[INFO] Running org.languagetool.chunking.EnglishChunkFilterTest
[WARNING] Tests run: 3, Failures: 0, Errors: 0, Skipped: 1, Time elapsed: 0 s - in org.languagetool.chunking.EnglishChunkFilterTest
[INFO] Running org.languagetool.rules.en.EnglishWrongWordInContextRuleTest
[INFO] Tests run: 1, Failures: 0, Errors: 0, Skipped: 0, Time elapsed: 0 s - in org.languagetool.rules.en.EnglishWrongWordInContextRuleTest
[INFO] Running org.languagetool.rules.en.ContractionSpellingRuleTest
[INFO] Tests run: 1, Failures: 0, Errors: 0, Skipped: 0, Time elapsed: 0 s - in org.languagetool.rules.en.ContractionSpellingRuleTest
[INFO] Running org.languagetool.rules.en.MorfologikAmericanSpellerRuleTest
[INFO] Tests run: 5, Failures: 0, Errors: 0, Skipped: 0, Time elapsed: 0.227 s - in org.languagetool.rules.en.MorfologikAmericanSpellerRuleTest
[INFO] Running org.languagetool.rules.en.GoogleStyleWordTokenizerTest
[INFO] Tests run: 1, Failures: 0, Errors: 0, Skipped: 0, Time elapsed: 0.001 s - in org.languagetool.rules.en.GoogleStyleWordTokenizerTest
[INFO] Running org.languagetool.rules.en.MorfologikNewZealandSpellerRuleTest
[INFO] Tests run: 2, Failures: 0, Errors: 0, Skipped: 0, Time elapsed: 0 s - in org.languagetool.rules.en.MorfologikNewZealandSpellerRuleTest
[INFO] Running org.languagetool.rules.en.EnglishConfusionProbabilityRuleTest
[WARNING] Tests run: 2, Failures: 0, Errors: 0, Skipped: 1, Time elapsed: 0.001 s - in org.languagetool.rules.en.EnglishConfusionProbabilityRuleTest
[INFO] Running org.languagetool.JLanguageToolTest
[WARNING] Tests run: 11, Failures: 0, Errors: 0, Skipped: 3, Time elapsed: 0.544 s - in org.languagetool.JLanguageToolTest
[INFO] Running org.languagetool.tokenizers.en.EnglishWordTokenizerTest
[INFO] Tests run: 1, Failures: 0, Errors: 0, Skipped: 0, Time elapsed: 0 s - in org.languagetool.tokenizers.en.EnglishWordTokenizerTest
[INFO] Running org.languagetool.rules.en.WordRepeatRuleTest
[INFO] Tests run: 1, Failures: 0, Errors: 0, Skipped: 0, Time elapsed: 0 s - in org.languagetool.rules.en.WordRepeatRuleTest
[INFO] Running org.languagetool.tools.ToolsTest
[INFO] Tests run: 1, Failures: 0, Errors: 0, Skipped: 0, Time elapsed: 0.001 s - in org.languagetool.tools.ToolsTest
[INFO] Running org.languagetool.rules.en.MorfologikBritishSpellerRuleTest
[INFO] Tests run: 2, Failures: 0, Errors: 0, Skipped: 0, Time elapsed: 0 s - in org.languagetool.rules.en.MorfologikBritishSpellerRuleTest
[INFO] Running org.languagetool.rules.en.CompoundRuleTest
[INFO] Tests run: 1, Failures: 0, Errors: 0, Skipped: 0, Time elapsed: 0 s - in org.languagetool.rules.en.CompoundRuleTest
[INFO] Running org.languagetool.rules.en.UppercaseSentenceStartRuleTest
[INFO] Tests run: 1, Failures: 0, Errors: 0, Skipped: 0, Time elapsed: 0 s - in org.languagetool.rules.en.UppercaseSentenceStartRuleTest
[INFO] Running org.languagetool.rules.en.EnglishUnpairedBracketsRuleTest
[INFO] Tests run: 2, Failures: 0, Errors: 0, Skipped: 0, Time elapsed: 0 s - in org.languagetool.rules.en.EnglishUnpairedBracketsRuleTest
[INFO] Running org.languagetool.rules.en.EnglishDashRuleTest
[INFO] Tests run: 1, Failures: 0, Errors: 0, Skipped: 0, Time elapsed: 0.001 s - in org.languagetool.rules.en.EnglishDashRuleTest
[INFO] 
[INFO] Results:
[INFO] 
[WARNING] Tests run: 75, Failures: 0, Errors: 0, Skipped: 5
[INFO] 
[INFO] 
[INFO] ------------------------------------------------------------------------
[INFO] Building Persian module for LanguageTool 4.2-SNAPSHOT
[INFO] ------------------------------------------------------------------------
[INFO] 
[INFO] --- maven-enforcer-plugin:1.0:enforce (enforce-maven) @ language-fa ---
[INFO] 
[INFO] --- maven-resources-plugin:2.6:resources (default-resources) @ language-fa ---
[INFO] Using 'UTF-8' encoding to copy filtered resources.
[INFO] Copying 5 resources
[INFO] 
[INFO] --- maven-compiler-plugin:3.7.0:compile (default-compile) @ language-fa ---
[INFO] Nothing to compile - all classes are up to date
[INFO] 
[INFO] --- maven-resources-plugin:2.6:testResources (default-testResources) @ language-fa ---
[INFO] Using 'UTF-8' encoding to copy filtered resources.
[INFO] skip non existing resourceDirectory /home/travis/build/failed/languagetool-org/languagetool/languagetool-language-modules/fa/src/test/resources
[INFO] 
[INFO] --- maven-compiler-plugin:3.7.0:testCompile (default-testCompile) @ language-fa ---
[INFO] Nothing to compile - all classes are up to date
[INFO] 
[INFO] --- maven-surefire-plugin:2.21.0:test (default-test) @ language-fa ---
[INFO] 
[INFO] -------------------------------------------------------
[INFO]  T E S T S
[INFO] -------------------------------------------------------
[INFO] Running org.languagetool.rules.fa.WordCoherencyRuleTest
Warning: The content of <short> should be shorter than the content of <message>. Language: Persian. Rule: RemoveThesePhrases-to[1]:
  <short>:   از عبارت‌های هم‌‌معنی مانند «تا»، «الی» در یک جمله استفاده نکنید
  <message>: آیا منظور شما «<suggestion>\1</suggestion>» است؟
Warning: The content of <short> should be shorter than the content of <message>. Language: Persian. Rule: RemoveThesePhrases-age[1]:
  <short>:   از عبارت‌های هم‌‌معنی مانند «سن»، «سالگی» در یک جمله استفاده نکنید
  <message>: آیا منظور شما «<suggestion>\2 \3</suggestion>» است؟
Warning: The content of <short> should be shorter than the content of <message>. Language: Persian. Rule: Bad_ZWNJ[1]:
  <short>:   فاصلهٔ مجازی پس از سجاوندی، اعداد و بعضی از حروف فارسی مجاز نیست.
  <message>:  آیا منظور شما«<suggestion>\1</suggestion>» است؟
Warning: The content of <short> should be shorter than the content of <message>. Language: Persian. Rule: Bad_ZWNJ[2]:
  <short>:   فاصلهٔ مجازی پیش از حروف لاتین، اعداد و سجاوندی مجاز نیست.
  <message>:  آیا منظور شما«<suggestion>\2</suggestion>» است؟
Warning: The content of <short> should be shorter than the content of <message>. Language: Persian. Rule: Complex_Past_Verbs[1]:
  <short>:   «می و نمی» را با فاصلهٔ مجازی به فعل گذشته بچسبانید
  <message>: آیا منظور شما «<suggestion>\1‌\2</suggestion>» است؟
[INFO] Tests run: 3, Failures: 0, Errors: 0, Skipped: 0, Time elapsed: 0.547 s - in org.languagetool.rules.fa.WordCoherencyRuleTest
[INFO] Running org.languagetool.rules.fa.PersianSpaceBeforeRuleTest
[INFO] Tests run: 1, Failures: 0, Errors: 0, Skipped: 0, Time elapsed: 0.018 s - in org.languagetool.rules.fa.PersianSpaceBeforeRuleTest
[INFO] Running org.languagetool.tokenizers.PersianSRXSentenceTokenizerTest
[INFO] Tests run: 1, Failures: 0, Errors: 0, Skipped: 0, Time elapsed: 0.057 s - in org.languagetool.tokenizers.PersianSRXSentenceTokenizerTest
[INFO] Running org.languagetool.rules.fa.PersianPatternRuleTest
Running XML validation for fa/grammar.xml...
Running pattern rule tests for Persian... 283 rules tested.
Warning: The content of <short> should be shorter than the content of <message>. Language: Persian. Rule: RemoveThesePhrases-to[1]:
  <short>:   از عبارت‌های هم‌‌معنی مانند «تا»، «الی» در یک جمله استفاده نکنید
  <message>: آیا منظور شما «<suggestion>\1</suggestion>» است؟
Warning: The content of <short> should be shorter than the content of <message>. Language: Persian. Rule: RemoveThesePhrases-age[1]:
  <short>:   از عبارت‌های هم‌‌معنی مانند «سن»، «سالگی» در یک جمله استفاده نکنید
  <message>: آیا منظور شما «<suggestion>\2 \3</suggestion>» است؟
Warning: The content of <short> should be shorter than the content of <message>. Language: Persian. Rule: Bad_ZWNJ[1]:
  <short>:   فاصلهٔ مجازی پس از سجاوندی، اعداد و بعضی از حروف فارسی مجاز نیست.
  <message>:  آیا منظور شما«<suggestion>\1</suggestion>» است؟
Warning: The content of <short> should be shorter than the content of <message>. Language: Persian. Rule: Bad_ZWNJ[2]:
  <short>:   فاصلهٔ مجازی پیش از حروف لاتین، اعداد و سجاوندی مجاز نیست.
  <message>:  آیا منظور شما«<suggestion>\2</suggestion>» است؟
Warning: The content of <short> should be shorter than the content of <message>. Language: Persian. Rule: Complex_Past_Verbs[1]:
  <short>:   «می و نمی» را با فاصلهٔ مجازی به فعل گذشته بچسبانید
  <message>: آیا منظور شما «<suggestion>\1‌\2</suggestion>» است؟
[INFO] Tests run: 3, Failures: 0, Errors: 0, Skipped: 0, Time elapsed: 0.061 s - in org.languagetool.rules.fa.PersianPatternRuleTest
[INFO] 
[INFO] Results:
[INFO] 
[INFO] Tests run: 8, Failures: 0, Errors: 0, Skipped: 0
[INFO] 
[INFO] 
[INFO] ------------------------------------------------------------------------
[INFO] Building French module for LanguageTool 4.2-SNAPSHOT
[INFO] ------------------------------------------------------------------------
[INFO] 
[INFO] --- maven-enforcer-plugin:1.0:enforce (enforce-maven) @ language-fr ---
[INFO] 
[INFO] --- maven-resources-plugin:2.6:resources (default-resources) @ language-fr ---
[INFO] Using 'UTF-8' encoding to copy filtered resources.
[INFO] Copying 25 resources
[INFO] 
[INFO] --- maven-compiler-plugin:3.7.0:compile (default-compile) @ language-fr ---
[INFO] Nothing to compile - all classes are up to date
[INFO] 
[INFO] --- maven-resources-plugin:2.6:testResources (default-testResources) @ language-fr ---
[INFO] Using 'UTF-8' encoding to copy filtered resources.
[INFO] Copying 1 resource
[INFO] 
[INFO] --- maven-compiler-plugin:3.7.0:testCompile (default-testCompile) @ language-fr ---
[INFO] Nothing to compile - all classes are up to date
[INFO] 
[INFO] --- maven-surefire-plugin:2.21.0:test (default-test) @ language-fr ---
[INFO] 
[INFO] -------------------------------------------------------
[INFO]  T E S T S
[INFO] -------------------------------------------------------
[INFO] Running org.languagetool.rules.spelling.hunspell.HunspellRuleTest
[ERROR] Tests run: 2, Failures: 0, Errors: 2, Skipped: 0, Time elapsed: 1.994 s <<< FAILURE! - in org.languagetool.rules.spelling.hunspell.HunspellRuleTest
[ERROR] testRuleWithFrench(org.languagetool.rules.spelling.hunspell.HunspellRuleTest)  Time elapsed: 1.814 s  <<< ERROR!
java.lang.NullPointerException
	at org.languagetool.rules.spelling.hunspell.HunspellRule.match(HunspellRule.java:118)
	at org.languagetool.rules.spelling.hunspell.HunspellRuleTest.testRuleWithFrench(HunspellRuleTest.java:39)
	at sun.reflect.NativeMethodAccessorImpl.invoke0(Native Method)
	at sun.reflect.NativeMethodAccessorImpl.invoke(NativeMethodAccessorImpl.java:62)
	at sun.reflect.DelegatingMethodAccessorImpl.invoke(DelegatingMethodAccessorImpl.java:43)
	at java.lang.reflect.Method.invoke(Method.java:498)
	at org.junit.runners.model.FrameworkMethod$1.runReflectiveCall(FrameworkMethod.java:50)
	at org.junit.internal.runners.model.ReflectiveCallable.run(ReflectiveCallable.java:12)
	at org.junit.runners.model.FrameworkMethod.invokeExplosively(FrameworkMethod.java:47)
	at org.junit.internal.runners.statements.InvokeMethod.evaluate(InvokeMethod.java:17)
	at org.junit.runners.ParentRunner.runLeaf(ParentRunner.java:325)
	at org.junit.runners.BlockJUnit4ClassRunner.runChild(BlockJUnit4ClassRunner.java:78)
	at org.junit.runners.BlockJUnit4ClassRunner.runChild(BlockJUnit4ClassRunner.java:57)
	at org.junit.runners.ParentRunner$3.run(ParentRunner.java:290)
	at org.junit.runners.ParentRunner$1.schedule(ParentRunner.java:71)
	at org.junit.runners.ParentRunner.runChildren(ParentRunner.java:288)
	at org.junit.runners.ParentRunner.access$000(ParentRunner.java:58)
	at org.junit.runners.ParentRunner$2.evaluate(ParentRunner.java:268)
	at org.junit.runners.ParentRunner.run(ParentRunner.java:363)
	at org.apache.maven.surefire.junit4.JUnit4Provider.execute(JUnit4Provider.java:365)
	at org.apache.maven.surefire.junit4.JUnit4Provider.executeWithRerun(JUnit4Provider.java:273)
	at org.apache.maven.surefire.junit4.JUnit4Provider.executeTestSet(JUnit4Provider.java:238)
	at org.apache.maven.surefire.junit4.JUnit4Provider.invoke(JUnit4Provider.java:159)
	at org.apache.maven.surefire.booter.ForkedBooter.invokeProviderInSameClassLoader(ForkedBooter.java:379)
	at org.apache.maven.surefire.booter.ForkedBooter.runSuitesInProcess(ForkedBooter.java:340)
	at org.apache.maven.surefire.booter.ForkedBooter.execute(ForkedBooter.java:125)
	at org.apache.maven.surefire.booter.ForkedBooter.main(ForkedBooter.java:413)

[ERROR] testImmunizedFrenchWord(org.languagetool.rules.spelling.hunspell.HunspellRuleTest)  Time elapsed: 0.143 s  <<< ERROR!
java.lang.NullPointerException
	at org.languagetool.rules.spelling.hunspell.HunspellRule.match(HunspellRule.java:118)
	at org.languagetool.rules.spelling.hunspell.HunspellRuleTest.testImmunizedFrenchWord(HunspellRuleTest.java:62)
	at sun.reflect.NativeMethodAccessorImpl.invoke0(Native Method)
	at sun.reflect.NativeMethodAccessorImpl.invoke(NativeMethodAccessorImpl.java:62)
	at sun.reflect.DelegatingMethodAccessorImpl.invoke(DelegatingMethodAccessorImpl.java:43)
	at java.lang.reflect.Method.invoke(Method.java:498)
	at org.junit.runners.model.FrameworkMethod$1.runReflectiveCall(FrameworkMethod.java:50)
	at org.junit.internal.runners.model.ReflectiveCallable.run(ReflectiveCallable.java:12)
	at org.junit.runners.model.FrameworkMethod.invokeExplosively(FrameworkMethod.java:47)
	at org.junit.internal.runners.statements.InvokeMethod.evaluate(InvokeMethod.java:17)
	at org.junit.runners.ParentRunner.runLeaf(ParentRunner.java:325)
	at org.junit.runners.BlockJUnit4ClassRunner.runChild(BlockJUnit4ClassRunner.java:78)
	at org.junit.runners.BlockJUnit4ClassRunner.runChild(BlockJUnit4ClassRunner.java:57)
	at org.junit.runners.ParentRunner$3.run(ParentRunner.java:290)
	at org.junit.runners.ParentRunner$1.schedule(ParentRunner.java:71)
	at org.junit.runners.ParentRunner.runChildren(ParentRunner.java:288)
	at org.junit.runners.ParentRunner.access$000(ParentRunner.java:58)
	at org.junit.runners.ParentRunner$2.evaluate(ParentRunner.java:268)
	at org.junit.runners.ParentRunner.run(ParentRunner.java:363)
	at org.apache.maven.surefire.junit4.JUnit4Provider.execute(JUnit4Provider.java:365)
	at org.apache.maven.surefire.junit4.JUnit4Provider.executeWithRerun(JUnit4Provider.java:273)
	at org.apache.maven.surefire.junit4.JUnit4Provider.executeTestSet(JUnit4Provider.java:238)
	at org.apache.maven.surefire.junit4.JUnit4Provider.invoke(JUnit4Provider.java:159)
	at org.apache.maven.surefire.booter.ForkedBooter.invokeProviderInSameClassLoader(ForkedBooter.java:379)
	at org.apache.maven.surefire.booter.ForkedBooter.runSuitesInProcess(ForkedBooter.java:340)
	at org.apache.maven.surefire.booter.ForkedBooter.execute(ForkedBooter.java:125)
	at org.apache.maven.surefire.booter.ForkedBooter.main(ForkedBooter.java:413)

[INFO] Running org.languagetool.rules.fr.GenericUnpairedBracketsRuleTest
[INFO] Tests run: 1, Failures: 0, Errors: 0, Skipped: 0, Time elapsed: 0 s - in org.languagetool.rules.fr.GenericUnpairedBracketsRuleTest
[INFO] Running org.languagetool.rules.fr.FrenchCompoundAwareHunspellRuleTest
[INFO] Tests run: 1, Failures: 0, Errors: 0, Skipped: 0, Time elapsed: 0.245 s - in org.languagetool.rules.fr.FrenchCompoundAwareHunspellRuleTest
[INFO] Running org.languagetool.synthesis.fr.FrenchSynthesizerTest
[INFO] Tests run: 1, Failures: 0, Errors: 0, Skipped: 0, Time elapsed: 0.002 s - in org.languagetool.synthesis.fr.FrenchSynthesizerTest
[INFO] Running org.languagetool.rules.fr.FrenchConfusionProbabilityRuleTest
[INFO] Tests run: 1, Failures: 0, Errors: 0, Skipped: 0, Time elapsed: 0 s - in org.languagetool.rules.fr.FrenchConfusionProbabilityRuleTest
[INFO] Running org.languagetool.tagging.fr.FrenchTaggerTest
[INFO] Tests run: 2, Failures: 0, Errors: 0, Skipped: 0, Time elapsed: 0.049 s - in org.languagetool.tagging.fr.FrenchTaggerTest
[INFO] Running org.languagetool.tagging.disambiguation.rules.fr.FrenchRuleDisambiguatorTest
[INFO] Tests run: 1, Failures: 0, Errors: 0, Skipped: 0, Time elapsed: 0 s - in org.languagetool.tagging.disambiguation.rules.fr.FrenchRuleDisambiguatorTest
[INFO] Running org.languagetool.rules.fr.QuestionWhitespaceRuleTest
[INFO] Tests run: 1, Failures: 0, Errors: 0, Skipped: 0, Time elapsed: 0 s - in org.languagetool.rules.fr.QuestionWhitespaceRuleTest
[INFO] Running org.languagetool.rules.fr.FrenchPatternRuleTest
Running XML validation for fr/grammar.xml...
Running pattern rule tests for French... 2762 rules tested.
[INFO] Tests run: 3, Failures: 0, Errors: 0, Skipped: 0, Time elapsed: 3.7 s - in org.languagetool.rules.fr.FrenchPatternRuleTest
[INFO] 
[INFO] Results:
[INFO] 
[ERROR] Errors: 
[ERROR]   HunspellRuleTest.testImmunizedFrenchWord:62 » NullPointer
[ERROR]   HunspellRuleTest.testRuleWithFrench:39 » NullPointer
[INFO] 
[ERROR] Tests run: 13, Failures: 0, Errors: 2, Skipped: 0
[INFO] 
[INFO] ------------------------------------------------------------------------
[INFO] Reactor Summary:
[INFO] 
[INFO] languagetool-parent ................................ SUCCESS [  0.241 s]
[INFO] LanguageTool Style and Grammar Checker Core ........ SUCCESS [ 18.075 s]
[INFO] English module for LanguageTool .................... SUCCESS [01:13 min]
[INFO] Persian module for LanguageTool .................... SUCCESS [  2.350 s]
[INFO] French module for LanguageTool ..................... FAILURE [  9.078 s]
[INFO] German module for LanguageTool ..................... SKIPPED
[INFO] Polish module for LanguageTool ..................... SKIPPED
[INFO] Catalan module for LanguageTool .................... SKIPPED
[INFO] Italian module for LanguageTool .................... SKIPPED
[INFO] Breton module for LanguageTool ..................... SKIPPED
[INFO] Dutch module for LanguageTool ...................... SKIPPED
[INFO] Portuguese module for LanguageTool ................. SKIPPED
[INFO] Russian module for LanguageTool .................... SKIPPED
[INFO] Asturian module for LanguageTool ................... SKIPPED
[INFO] Belarusian module for LanguageTool ................. SKIPPED
[INFO] Chinese module for LanguageTool .................... SKIPPED
[INFO] Danish module for LanguageTool ..................... SKIPPED
[INFO] Esperanto module for LanguageTool .................. SKIPPED
[INFO] Galician module for LanguageTool ................... SKIPPED
[INFO] Greek module for LanguageTool ...................... SKIPPED
[INFO] Icelandic module for LanguageTool .................. SKIPPED
[INFO] Japanese module for LanguageTool ................... SKIPPED
[INFO] Khmer module for LanguageTool ...................... SKIPPED
[INFO] Lithuanian module for LanguageTool ................. SKIPPED
[INFO] Malayalam module for LanguageTool .................. SKIPPED
[INFO] Romanian module for LanguageTool ................... SKIPPED
[INFO] Slovak module for LanguageTool ..................... SKIPPED
[INFO] Slovenian module for LanguageTool .................. SKIPPED
[INFO] Serbian module for LanguageTool .................... SKIPPED
[INFO] Spanish module for LanguageTool .................... SKIPPED
[INFO] Swedish module for LanguageTool .................... SKIPPED
[INFO] Tamil module for LanguageTool ...................... SKIPPED
[INFO] Tagalog module for LanguageTool .................... SKIPPED
[INFO] Ukrainian module for LanguageTool .................. SKIPPED
[INFO] Simple German module for LanguageTool .............. SKIPPED
[INFO] All language modules for LanguageTool .............. SKIPPED
[INFO] LanguageTool common GUI classes .................... SKIPPED
[INFO] LanguageTool command-line version .................. SKIPPED
[INFO] LanguageTool embedded HTTP server .................. SKIPPED
[INFO] LanguageTool tools for building dictionaries ....... SKIPPED
[INFO] LanguageTool stand-alone GUI ....................... SKIPPED
[INFO] LanguageTool LibreOffice/OpenOffice extension ...... SKIPPED
[INFO] Hunspell native libs for LanguageTool .............. SKIPPED
[INFO] LanguageTool Wikipedia tools ....................... SKIPPED
[INFO] LanguageTool HTTP API client ....................... SKIPPED
[INFO] LanguageTool development tools ..................... SKIPPED
[INFO] LanguageTool RPM ................................... SKIPPED
[INFO] ------------------------------------------------------------------------
[INFO] BUILD FAILURE
[INFO] ------------------------------------------------------------------------
[INFO] Total time: 01:43 min
[INFO] Finished at: 2022-01-30T04:54:55Z
[INFO] Final Memory: 21M/751M
[INFO] ------------------------------------------------------------------------
[ERROR] Failed to execute goal org.apache.maven.plugins:maven-surefire-plugin:2.21.0:test (default-test) on project language-fr: There are test failures.
[ERROR] 
[ERROR] Please refer to /home/travis/build/failed/languagetool-org/languagetool/languagetool-language-modules/fr/target/surefire-reports for the individual test results.
[ERROR] Please refer to dump files (if any exist) [date]-jvmRun[N].dump, [date].dumpstream and [date]-jvmRun[N].dumpstream.
[ERROR] -> [Help 1]
[ERROR] 
[ERROR] To see the full stack trace of the errors, re-run Maven with the -e switch.
[ERROR] Re-run Maven using the -X switch to enable full debug logging.
[ERROR] 
[ERROR] For more information about the errors and possible solutions, please read the following articles:
[ERROR] [Help 1] http://cwiki.apache.org/confluence/display/MAVEN/MojoFailureException
[ERROR] 
[ERROR] After correcting the problems, you can resume the build with the command
[ERROR]   mvn <goals> -rf :language-fr

travis_time:end:25b2e326:start=1643518391208156369,finish=1643518496105584593,duration=104897428224[0K
[31;1mThe command "mvn test -Dhttps.protocols=TLSv1.2 -B" exited with 1.[0m

Done. Your build exited with 1.
