travis_fold:start:system_info[0K[33;1mBuild system information[0m
Build language: java
Build group: stable
Build dist: precise
Build id: ''
Job id: ''
[34m[1mBuild image provisioning date and time[0m
Thu Feb  5 15:09:33 UTC 2015
[34m[1mOperating System Details[0m
Distributor ID:	Ubuntu
Description:	Ubuntu 12.04.5 LTS
Release:	12.04
Codename:	precise
[34m[1mLinux Version[0m
3.13.0-29-generic
[34m[1mCookbooks Version[0m
a68419e https://github.com/travis-ci/travis-cookbooks/tree/a68419e
[34m[1mGCC version[0m
gcc (Ubuntu/Linaro 4.6.3-1ubuntu5) 4.6.3
Copyright (C) 2011 Free Software Foundation, Inc.
This is free software; see the source for copying conditions.  There is NO
warranty; not even for MERCHANTABILITY or FITNESS FOR A PARTICULAR PURPOSE.

[34m[1mLLVM version[0m
clang version 3.4 (tags/RELEASE_34/final)
Target: x86_64-unknown-linux-gnu
Thread model: posix
[34m[1mPre-installed Ruby versions[0m
ruby-1.9.3-p551
[34m[1mPre-installed Node.js versions[0m
v0.10.36
[34m[1mPre-installed Go versions[0m
1.4.1
[34m[1mRedis version[0m
redis-server 2.8.19
[34m[1mriak version[0m
2.0.2
[34m[1mMongoDB version[0m
MongoDB 2.4.12
[34m[1mCouchDB version[0m
couchdb 1.6.1
[34m[1mNeo4j version[0m
1.9.4
[34m[1mRabbitMQ Version[0m
3.4.3
[34m[1mElasticSearch version[0m
1.4.0
[34m[1mInstalled Sphinx versions[0m
2.0.10
2.1.9
2.2.6
[34m[1mDefault Sphinx version[0m
2.2.6
[34m[1mInstalled Firefox version[0m
firefox 31.0esr
[34m[1mPhantomJS version[0m
1.9.8
[34m[1mant -version[0m
Apache Ant(TM) version 1.8.2 compiled on December 3 2011
[34m[1mmvn -version[0m
Apache Maven 3.2.5 (12a6b3acb947671f09b81f49094c53f426d8cea1; 2014-12-14T17:29:23+00:00)
Maven home: /usr/local/maven
Java version: 1.7.0_76, vendor: Oracle Corporation
Java home: /usr/lib/jvm/java-7-oracle/jre
Default locale: en_US, platform encoding: ANSI_X3.4-1968
OS name: "linux", version: "3.13.0-29-generic", arch: "amd64", family: "unix"
travis_fold:end:system_info[0K
W: Failed to fetch http://us.archive.ubuntu.com/ubuntu/dists/precise/main/source/Sources  404  Not Found [IP: 91.189.91.39 80]

W: Failed to fetch http://us.archive.ubuntu.com/ubuntu/dists/precise/restricted/source/Sources  404  Not Found [IP: 91.189.91.39 80]

W: Failed to fetch http://us.archive.ubuntu.com/ubuntu/dists/precise/universe/source/Sources  404  Not Found [IP: 91.189.91.39 80]

W: Failed to fetch http://us.archive.ubuntu.com/ubuntu/dists/precise/multiverse/source/Sources  404  Not Found [IP: 91.189.91.39 80]

W: Failed to fetch http://us.archive.ubuntu.com/ubuntu/dists/precise/main/binary-amd64/Packages  404  Not Found [IP: 91.189.91.39 80]

W: Failed to fetch http://us.archive.ubuntu.com/ubuntu/dists/precise/restricted/binary-amd64/Packages  404  Not Found [IP: 91.189.91.39 80]

W: Failed to fetch http://us.archive.ubuntu.com/ubuntu/dists/precise/universe/binary-amd64/Packages  404  Not Found [IP: 91.189.91.39 80]

W: Failed to fetch http://us.archive.ubuntu.com/ubuntu/dists/precise/multiverse/binary-amd64/Packages  404  Not Found [IP: 91.189.91.39 80]

W: Failed to fetch http://us.archive.ubuntu.com/ubuntu/dists/precise/main/binary-i386/Packages  404  Not Found [IP: 91.189.91.39 80]

W: Failed to fetch http://us.archive.ubuntu.com/ubuntu/dists/precise/restricted/binary-i386/Packages  404  Not Found [IP: 91.189.91.39 80]

W: Failed to fetch http://us.archive.ubuntu.com/ubuntu/dists/precise/universe/binary-i386/Packages  404  Not Found [IP: 91.189.91.39 80]

W: Failed to fetch http://us.archive.ubuntu.com/ubuntu/dists/precise/multiverse/binary-i386/Packages  404  Not Found [IP: 91.189.91.39 80]

W: Failed to fetch http://us.archive.ubuntu.com/ubuntu/dists/precise-updates/main/source/Sources  404  Not Found [IP: 91.189.91.39 80]

W: Failed to fetch http://us.archive.ubuntu.com/ubuntu/dists/precise-updates/restricted/source/Sources  404  Not Found [IP: 91.189.91.39 80]

W: Failed to fetch http://us.archive.ubuntu.com/ubuntu/dists/precise-updates/universe/source/Sources  404  Not Found [IP: 91.189.91.39 80]

W: Failed to fetch http://us.archive.ubuntu.com/ubuntu/dists/precise-updates/multiverse/source/Sources  404  Not Found [IP: 91.189.91.39 80]

W: Failed to fetch http://us.archive.ubuntu.com/ubuntu/dists/precise-updates/main/binary-amd64/Packages  404  Not Found [IP: 91.189.91.39 80]

W: Failed to fetch http://us.archive.ubuntu.com/ubuntu/dists/precise-updates/restricted/binary-amd64/Packages  404  Not Found [IP: 91.189.91.39 80]

W: Failed to fetch http://us.archive.ubuntu.com/ubuntu/dists/precise-updates/universe/binary-amd64/Packages  404  Not Found [IP: 91.189.91.39 80]

W: Failed to fetch http://us.archive.ubuntu.com/ubuntu/dists/precise-updates/multiverse/binary-amd64/Packages  404  Not Found [IP: 91.189.91.39 80]

W: Failed to fetch http://us.archive.ubuntu.com/ubuntu/dists/precise-updates/main/binary-i386/Packages  404  Not Found [IP: 91.189.91.39 80]

W: Failed to fetch http://us.archive.ubuntu.com/ubuntu/dists/precise-updates/restricted/binary-i386/Packages  404  Not Found [IP: 91.189.91.39 80]

W: Failed to fetch http://us.archive.ubuntu.com/ubuntu/dists/precise-updates/universe/binary-i386/Packages  404  Not Found [IP: 91.189.91.39 80]

W: Failed to fetch http://us.archive.ubuntu.com/ubuntu/dists/precise-updates/multiverse/binary-i386/Packages  404  Not Found [IP: 91.189.91.39 80]

W: Failed to fetch http://us.archive.ubuntu.com/ubuntu/dists/precise-backports/main/source/Sources  404  Not Found [IP: 91.189.91.39 80]

W: Failed to fetch http://us.archive.ubuntu.com/ubuntu/dists/precise-backports/restricted/source/Sources  404  Not Found [IP: 91.189.91.39 80]

W: Failed to fetch http://us.archive.ubuntu.com/ubuntu/dists/precise-backports/universe/source/Sources  404  Not Found [IP: 91.189.91.39 80]

W: Failed to fetch http://us.archive.ubuntu.com/ubuntu/dists/precise-backports/multiverse/source/Sources  404  Not Found [IP: 91.189.91.39 80]

W: Failed to fetch http://us.archive.ubuntu.com/ubuntu/dists/precise-backports/main/binary-amd64/Packages  404  Not Found [IP: 91.189.91.39 80]

W: Failed to fetch http://us.archive.ubuntu.com/ubuntu/dists/precise-backports/restricted/binary-amd64/Packages  404  Not Found [IP: 91.189.91.39 80]

W: Failed to fetch http://us.archive.ubuntu.com/ubuntu/dists/precise-backports/universe/binary-amd64/Packages  404  Not Found [IP: 91.189.91.39 80]

W: Failed to fetch http://us.archive.ubuntu.com/ubuntu/dists/precise-backports/multiverse/binary-amd64/Packages  404  Not Found [IP: 91.189.91.39 80]

W: Failed to fetch http://us.archive.ubuntu.com/ubuntu/dists/precise-backports/main/binary-i386/Packages  404  Not Found [IP: 91.189.91.39 80]

W: Failed to fetch http://us.archive.ubuntu.com/ubuntu/dists/precise-backports/restricted/binary-i386/Packages  404  Not Found [IP: 91.189.91.39 80]

W: Failed to fetch http://us.archive.ubuntu.com/ubuntu/dists/precise-backports/universe/binary-i386/Packages  404  Not Found [IP: 91.189.91.39 80]

W: Failed to fetch http://us.archive.ubuntu.com/ubuntu/dists/precise-backports/multiverse/binary-i386/Packages  404  Not Found [IP: 91.189.91.39 80]

W: Failed to fetch http://apt.postgresql.org/pub/repos/apt/dists/precise-pgdg/main/binary-amd64/Packages  404  Not Found [IP: 147.75.85.69 80]

W: Failed to fetch http://apt.postgresql.org/pub/repos/apt/dists/precise-pgdg/main/binary-i386/Packages  404  Not Found [IP: 147.75.85.69 80]

W: Failed to fetch http://security.ubuntu.com/ubuntu/dists/precise-security/main/source/Sources  404  Not Found [IP: 91.189.88.142 80]

W: Failed to fetch http://security.ubuntu.com/ubuntu/dists/precise-security/restricted/source/Sources  404  Not Found [IP: 91.189.88.142 80]

W: Failed to fetch http://security.ubuntu.com/ubuntu/dists/precise-security/universe/source/Sources  404  Not Found [IP: 91.189.88.142 80]

W: Failed to fetch http://security.ubuntu.com/ubuntu/dists/precise-security/multiverse/source/Sources  404  Not Found [IP: 91.189.88.142 80]

W: Failed to fetch http://security.ubuntu.com/ubuntu/dists/precise-security/main/binary-amd64/Packages  404  Not Found [IP: 91.189.88.142 80]

W: Failed to fetch http://security.ubuntu.com/ubuntu/dists/precise-security/restricted/binary-amd64/Packages  404  Not Found [IP: 91.189.88.142 80]

W: Failed to fetch http://security.ubuntu.com/ubuntu/dists/precise-security/universe/binary-amd64/Packages  404  Not Found [IP: 91.189.88.142 80]

W: Failed to fetch http://security.ubuntu.com/ubuntu/dists/precise-security/multiverse/binary-amd64/Packages  404  Not Found [IP: 91.189.88.142 80]

W: Failed to fetch http://security.ubuntu.com/ubuntu/dists/precise-security/main/binary-i386/Packages  404  Not Found [IP: 91.189.88.142 80]

W: Failed to fetch http://security.ubuntu.com/ubuntu/dists/precise-security/restricted/binary-i386/Packages  404  Not Found [IP: 91.189.88.142 80]

W: Failed to fetch http://security.ubuntu.com/ubuntu/dists/precise-security/universe/binary-i386/Packages  404  Not Found [IP: 91.189.88.142 80]

W: Failed to fetch http://security.ubuntu.com/ubuntu/dists/precise-security/multiverse/binary-i386/Packages  404  Not Found [IP: 91.189.88.142 80]

W: Failed to fetch http://ppa.launchpad.net/rwky/ppa/ubuntu/dists/precise/main/binary-amd64/Packages  403  Forbidden

W: Failed to fetch http://ppa.launchpad.net/rwky/ppa/ubuntu/dists/precise/main/binary-i386/Packages  403  Forbidden

W: Failed to fetch http://ppa.launchpad.net/travis-ci/zero-mq/ubuntu/dists/precise/main/binary-amd64/Packages  403  Forbidden

W: Failed to fetch http://ppa.launchpad.net/travis-ci/zero-mq/ubuntu/dists/precise/main/binary-i386/Packages  403  Forbidden

W: Failed to fetch http://downloads-distro.mongodb.org/repo/debian-sysvinit/dists/dist/10gen/binary-amd64/Packages  Undetermined Error [IP: 54.175.147.155 80]

W: Failed to fetch http://downloads-distro.mongodb.org/repo/debian-sysvinit/dists/dist/10gen/binary-i386/Packages  Undetermined Error [IP: 54.175.147.155 80]

E: Some index files failed to download. They have been ignored, or old ones used instead.
sed: cannot rename /etc/hosts: Device or resource busy
sed: cannot rename /etc/hosts: Device or resource busy
$ jdk_switcher use openjdk7
Switching to OpenJDK7 (java-1.7.0-openjdk-amd64), JAVA_HOME will be set to /usr/lib/jvm/java-7-openjdk-amd64
$ cd failed/NitorCreations/nflow
travis_fold:start:postgresql[0K[33;1mStarting PostgreSQL v9.4[0m
travis_time:start:0cd90c4a[0K$ sudo service postgresql stop
 * Stopping PostgreSQL 9.1 database server
   ...done.
 * Stopping PostgreSQL 9.2 database server
   ...done.
 * Stopping PostgreSQL 9.3 database server
   ...done.
 * Stopping PostgreSQL 9.4 database server
   ...done.

travis_time:end:0cd90c4a:start=1643425086756068484,finish=1643425087443824405,duration=687755921[0Ktravis_time:start:2e956020[0K$ sudo service postgresql start 9.4
 * Starting PostgreSQL 9.4 database server
   ...done.

travis_time:end:2e956020:start=1643425087453770923,finish=1643425091935236691,duration=4481465768[0Ktravis_time:start:01c70f20[0K$ sudo -u postgres createuser -s -p 5432 travis &>/dev/null

travis_time:end:01c70f20:start=1643425091945208631,finish=1643425091999004245,duration=53795614[0Ktravis_time:start:12a36038[0K$ sudo -u postgres createdb -O travis -p 5432 travis &>/dev/null

travis_time:end:12a36038:start=1643425092009323589,finish=1643425092290222493,duration=280898904[0Ktravis_time:start:1076379d[0K$ sudo -u postgres createuser -s -p 5433 travis &>/dev/null

travis_time:end:1076379d:start=1643425092301375247,finish=1643425092355893572,duration=54518325[0Ktravis_time:start:3370ccac[0K$ sudo -u postgres createdb -O travis -p 5433 travis &>/dev/null

travis_time:end:3370ccac:start=1643425092366556098,finish=1643425092410914274,duration=44358176[0Ktravis_fold:end:postgresql[0K
[33;1mSetting environment variables from .travis.yml[0m
$ export BUILD_SYSTEM=travis
$ export SPRING_PROFILES_ACTIVE=nflow.db.postgresql

travis_fold:start:cache.1[0KSetting up build cache
$ export CASHER_DIR=$HOME/.casher
travis_fold:end:cache.1[0K$ java -Xmx32m -version
java version "1.7.0_75"
OpenJDK Runtime Environment (IcedTea 2.5.4) (7u75-2.5.4-1~precise1)
OpenJDK 64-Bit Server VM (build 24.75-b04, mixed mode)
$ javac -J-Xmx32m -version
javac 1.7.0_75
travis_fold:start:install[0Ktravis_time:start:09b35184[0K$ mvn -o install -Dhttps.protocols=TLSv1.2 -Dhttps.protocols=TLSv1.2 -DskipTests=true -Dmaven.javadoc.skip=true -B -V
Apache Maven 3.2.5 (12a6b3acb947671f09b81f49094c53f426d8cea1; 2014-12-14T17:29:23+00:00)
Maven home: /usr/local/maven
Java version: 1.7.0_75, vendor: Oracle Corporation
Java home: /usr/lib/jvm/java-7-openjdk-amd64/jre
Default locale: en_US, platform encoding: UTF-8
OS name: "linux", version: "4.15.0-109-generic", arch: "amd64", family: "unix"
[INFO] Scanning for projects...
[WARNING] 
[WARNING] Some problems were encountered while building the effective model for com.nitorcreations:nflow-jetty:jar:3.0.1-SNAPSHOT
[WARNING] 'profiles.profile[oracle].dependencies.dependency.systemPath' for com.oracle:ojdbc7:jar should not point at files within the project directory, ${basedir}/../ojdbc7.jar will be unresolvable by dependent projects @ com.nitorcreations:nflow-jetty:[unknown-version], /home/travis/build/failed/NitorCreations/nflow/nflow-jetty/pom.xml, line 302, column 23
[WARNING] 
[WARNING] Some problems were encountered while building the effective model for com.nitorcreations:nflow-tests:jar:3.0.1-SNAPSHOT
[WARNING] 'profiles.profile[oracle].dependencies.dependency.systemPath' for com.oracle:ojdbc7:jar should not point at files within the project directory, ${basedir}/../ojdbc7.jar will be unresolvable by dependent projects @ com.nitorcreations:nflow-tests:[unknown-version], /home/travis/build/failed/NitorCreations/nflow/nflow-tests/pom.xml, line 85, column 23
[WARNING] 
[WARNING] It is highly recommended to fix these problems because they threaten the stability of your build.
[WARNING] 
[WARNING] For this reason, future Maven versions might no longer support building such malformed projects.
[WARNING] 
[INFO] Inspecting build with total of 7 modules...
[INFO] Installing Nexus Staging features:
[INFO]   ... total of 7 executions of maven-deploy-plugin replaced with nexus-staging-maven-plugin
[INFO] ------------------------------------------------------------------------
[INFO] Reactor Build Order:
[INFO] 
[INFO] nflow
[INFO] nflow-engine
[INFO] nflow-rest-api
[INFO] nflow-jetty
[INFO] nflow-metrics
[INFO] nflow-tests
[INFO] nflow-perf-test
[INFO]                                                                         
[INFO] ------------------------------------------------------------------------
[INFO] Building nflow 3.0.1-SNAPSHOT
[INFO] ------------------------------------------------------------------------
[INFO] 
[INFO] --- maven-enforcer-plugin:1.4.1:enforce (ban-unwanted-dependencies) @ nflow-root ---
[INFO] 
[INFO] --- maven-source-plugin:2.4:jar-no-fork (attach-sources) @ nflow-root ---
[INFO] 
[INFO] --- maven-javadoc-plugin:2.10.3:jar (attach-javadocs) @ nflow-root ---
[INFO] Skipping javadoc generation
[INFO] 
[INFO] --- maven-install-plugin:2.5.2:install (default-install) @ nflow-root ---
[INFO] Installing /home/travis/build/failed/NitorCreations/nflow/pom.xml to /home/travis/.m2/repository/com/nitorcreations/nflow-root/3.0.1-SNAPSHOT/nflow-root-3.0.1-SNAPSHOT.pom
[INFO]                                                                         
[INFO] ------------------------------------------------------------------------
[INFO] Building nflow-engine 3.0.1-SNAPSHOT
[INFO] ------------------------------------------------------------------------
[INFO] 
[INFO] --- maven-enforcer-plugin:1.4.1:enforce (ban-unwanted-dependencies) @ nflow-engine ---
[INFO] 
[INFO] --- maven-resources-plugin:2.7:resources (default-resources) @ nflow-engine ---
[INFO] Using 'UTF-8' encoding to copy filtered resources.
[INFO] Copying 25 resources
[INFO] 
[INFO] --- maven-compiler-plugin:3.5:compile (default-compile) @ nflow-engine ---
[INFO] Changes detected - recompiling the module!
[INFO] Compiling 59 source files to /home/travis/build/failed/NitorCreations/nflow/nflow-engine/target/classes
[INFO] 
[INFO] --- maven-resources-plugin:2.7:testResources (default-testResources) @ nflow-engine ---
[INFO] Using 'UTF-8' encoding to copy filtered resources.
[INFO] Copying 6 resources
[INFO] 
[INFO] --- maven-compiler-plugin:3.5:testCompile (default-testCompile) @ nflow-engine ---
[INFO] Changes detected - recompiling the module!
[INFO] Compiling 42 source files to /home/travis/build/failed/NitorCreations/nflow/nflow-engine/target/test-classes
[INFO] 
[INFO] --- maven-surefire-plugin:2.19.1:test (default-test) @ nflow-engine ---
[INFO] Tests are skipped.
[INFO] 
[INFO] --- maven-jar-plugin:2.6:jar (default-jar) @ nflow-engine ---
[INFO] Building jar: /home/travis/build/failed/NitorCreations/nflow/nflow-engine/target/nflow-engine-3.0.1-SNAPSHOT.jar
[INFO] 
[INFO] --- maven-source-plugin:2.4:jar-no-fork (attach-sources) @ nflow-engine ---
[INFO] Building jar: /home/travis/build/failed/NitorCreations/nflow/nflow-engine/target/nflow-engine-3.0.1-SNAPSHOT-sources.jar
[INFO] 
[INFO] --- maven-javadoc-plugin:2.10.3:jar (attach-javadocs) @ nflow-engine ---
[INFO] Skipping javadoc generation
[INFO] 
[INFO] --- maven-install-plugin:2.5.2:install (default-install) @ nflow-engine ---
[INFO] Installing /home/travis/build/failed/NitorCreations/nflow/nflow-engine/target/nflow-engine-3.0.1-SNAPSHOT.jar to /home/travis/.m2/repository/com/nitorcreations/nflow-engine/3.0.1-SNAPSHOT/nflow-engine-3.0.1-SNAPSHOT.jar
[INFO] Installing /home/travis/build/failed/NitorCreations/nflow/nflow-engine/pom.xml to /home/travis/.m2/repository/com/nitorcreations/nflow-engine/3.0.1-SNAPSHOT/nflow-engine-3.0.1-SNAPSHOT.pom
[INFO] Installing /home/travis/build/failed/NitorCreations/nflow/nflow-engine/target/nflow-engine-3.0.1-SNAPSHOT-sources.jar to /home/travis/.m2/repository/com/nitorcreations/nflow-engine/3.0.1-SNAPSHOT/nflow-engine-3.0.1-SNAPSHOT-sources.jar
[INFO]                                                                         
[INFO] ------------------------------------------------------------------------
[INFO] Building nflow-rest-api 3.0.1-SNAPSHOT
[INFO] ------------------------------------------------------------------------
[INFO] 
[INFO] --- maven-enforcer-plugin:1.4.1:enforce (ban-unwanted-dependencies) @ nflow-rest-api ---
[INFO] 
[INFO] --- maven-resources-plugin:2.7:resources (default-resources) @ nflow-rest-api ---
[INFO] Using 'UTF-8' encoding to copy filtered resources.
[INFO] skip non existing resourceDirectory /home/travis/build/failed/NitorCreations/nflow/nflow-rest-api/src/main/resources
[INFO] 
[INFO] --- maven-compiler-plugin:3.5:compile (default-compile) @ nflow-rest-api ---
[INFO] Changes detected - recompiling the module!
[INFO] Compiling 26 source files to /home/travis/build/failed/NitorCreations/nflow/nflow-rest-api/target/classes
[INFO] 
[INFO] --- maven-resources-plugin:2.7:testResources (default-testResources) @ nflow-rest-api ---
[INFO] Using 'UTF-8' encoding to copy filtered resources.
[INFO] skip non existing resourceDirectory /home/travis/build/failed/NitorCreations/nflow/nflow-rest-api/src/test/resources
[INFO] 
[INFO] --- maven-compiler-plugin:3.5:testCompile (default-testCompile) @ nflow-rest-api ---
[INFO] Changes detected - recompiling the module!
[INFO] Compiling 15 source files to /home/travis/build/failed/NitorCreations/nflow/nflow-rest-api/target/test-classes
[INFO] 
[INFO] --- maven-surefire-plugin:2.19.1:test (default-test) @ nflow-rest-api ---
[INFO] Tests are skipped.
[INFO] 
[INFO] --- maven-jar-plugin:2.6:jar (default-jar) @ nflow-rest-api ---
[INFO] Building jar: /home/travis/build/failed/NitorCreations/nflow/nflow-rest-api/target/nflow-rest-api-3.0.1-SNAPSHOT.jar
[INFO] 
[INFO] --- maven-source-plugin:2.4:jar-no-fork (attach-sources) @ nflow-rest-api ---
[INFO] Building jar: /home/travis/build/failed/NitorCreations/nflow/nflow-rest-api/target/nflow-rest-api-3.0.1-SNAPSHOT-sources.jar
[INFO] 
[INFO] --- maven-javadoc-plugin:2.10.3:jar (attach-javadocs) @ nflow-rest-api ---
[INFO] Skipping javadoc generation
[INFO] 
[INFO] --- maven-install-plugin:2.5.2:install (default-install) @ nflow-rest-api ---
[INFO] Installing /home/travis/build/failed/NitorCreations/nflow/nflow-rest-api/target/nflow-rest-api-3.0.1-SNAPSHOT.jar to /home/travis/.m2/repository/com/nitorcreations/nflow-rest-api/3.0.1-SNAPSHOT/nflow-rest-api-3.0.1-SNAPSHOT.jar
[INFO] Installing /home/travis/build/failed/NitorCreations/nflow/nflow-rest-api/pom.xml to /home/travis/.m2/repository/com/nitorcreations/nflow-rest-api/3.0.1-SNAPSHOT/nflow-rest-api-3.0.1-SNAPSHOT.pom
[INFO] Installing /home/travis/build/failed/NitorCreations/nflow/nflow-rest-api/target/nflow-rest-api-3.0.1-SNAPSHOT-sources.jar to /home/travis/.m2/repository/com/nitorcreations/nflow-rest-api/3.0.1-SNAPSHOT/nflow-rest-api-3.0.1-SNAPSHOT-sources.jar
[INFO]                                                                         
[INFO] ------------------------------------------------------------------------
[INFO] Building nflow-jetty 3.0.1-SNAPSHOT
[INFO] ------------------------------------------------------------------------
[INFO] 
[INFO] --- maven-enforcer-plugin:1.4.1:enforce (ban-unwanted-dependencies) @ nflow-jetty ---
[INFO] 
[INFO] --- maven-dependency-plugin:2.10:unpack (unpack) @ nflow-jetty ---
[INFO] Configured Artifact: com.nitorcreations:nflow-explorer:1.1.0:tar.gz
[INFO] Unpacking /home/travis/.m2/repository/com/nitorcreations/nflow-explorer/1.1.0/nflow-explorer-1.1.0.tar.gz to /home/travis/build/failed/NitorCreations/nflow/nflow-jetty/target/explorer with includes "" and excludes ""
[INFO] Expanding: /home/travis/.m2/repository/com/nitorcreations/nflow-explorer/1.1.0/nflow-explorer-1.1.0.tar.gz into /home/travis/build/failed/NitorCreations/nflow/nflow-jetty/target/explorer
[INFO] 
[INFO] --- download-maven-plugin:1.2.1:wget (unpack-swagger-ui) @ nflow-jetty ---
[INFO] Got from cache: /home/travis/.m2/repository/.cache/maven-download-plugin/v2.1.4.tar.gz
[INFO] Expanding: /home/travis/build/failed/NitorCreations/nflow/nflow-jetty/target/swagger/v2.1.4.tar.gz into /home/travis/build/failed/NitorCreations/nflow/nflow-jetty/target/swagger
[INFO] 
[INFO] --- maven-resources-plugin:2.7:resources (default-resources) @ nflow-jetty ---
[INFO] Using 'UTF-8' encoding to copy filtered resources.
[INFO] Copying 7 resources
[INFO] 
[INFO] --- maven-resources-plugin:2.7:copy-resources (copy-swagger-resources) @ nflow-jetty ---
[INFO] Using 'UTF-8' encoding to copy filtered resources.
[INFO] Copying 43 resources
[INFO] 
[INFO] --- maven-resources-plugin:2.7:copy-resources (copy-explorer-resources) @ nflow-jetty ---
[INFO] Using 'UTF-8' encoding to copy filtered resources.
[INFO] Copying 47 resources
[INFO] 
[INFO] --- maven-compiler-plugin:3.5:compile (default-compile) @ nflow-jetty ---
[INFO] Changes detected - recompiling the module!
[INFO] Compiling 11 source files to /home/travis/build/failed/NitorCreations/nflow/nflow-jetty/target/classes
[INFO] 
[INFO] --- maven-resources-plugin:2.7:testResources (default-testResources) @ nflow-jetty ---
[INFO] Using 'UTF-8' encoding to copy filtered resources.
[INFO] Copying 3 resources
[INFO] 
[INFO] --- maven-compiler-plugin:3.5:testCompile (default-testCompile) @ nflow-jetty ---
[INFO] Changes detected - recompiling the module!
[INFO] Compiling 6 source files to /home/travis/build/failed/NitorCreations/nflow/nflow-jetty/target/test-classes
[INFO] 
[INFO] --- maven-surefire-plugin:2.19.1:test (default-test) @ nflow-jetty ---
[INFO] Tests are skipped.
[INFO] 
[INFO] --- maven-jar-plugin:2.6:jar (default-jar) @ nflow-jetty ---
[INFO] Building jar: /home/travis/build/failed/NitorCreations/nflow/nflow-jetty/target/nflow-jetty-3.0.1-SNAPSHOT.jar
[INFO] 
[INFO] --- maven-source-plugin:2.4:jar-no-fork (attach-sources) @ nflow-jetty ---
[INFO] Building jar: /home/travis/build/failed/NitorCreations/nflow/nflow-jetty/target/nflow-jetty-3.0.1-SNAPSHOT-sources.jar
[INFO] 
[INFO] --- maven-javadoc-plugin:2.10.3:jar (attach-javadocs) @ nflow-jetty ---
[INFO] Skipping javadoc generation
[INFO] 
[INFO] --- maven-install-plugin:2.5.2:install (default-install) @ nflow-jetty ---
[INFO] Installing /home/travis/build/failed/NitorCreations/nflow/nflow-jetty/target/nflow-jetty-3.0.1-SNAPSHOT.jar to /home/travis/.m2/repository/com/nitorcreations/nflow-jetty/3.0.1-SNAPSHOT/nflow-jetty-3.0.1-SNAPSHOT.jar
[INFO] Installing /home/travis/build/failed/NitorCreations/nflow/nflow-jetty/pom.xml to /home/travis/.m2/repository/com/nitorcreations/nflow-jetty/3.0.1-SNAPSHOT/nflow-jetty-3.0.1-SNAPSHOT.pom
[INFO] Installing /home/travis/build/failed/NitorCreations/nflow/nflow-jetty/target/nflow-jetty-3.0.1-SNAPSHOT-sources.jar to /home/travis/.m2/repository/com/nitorcreations/nflow-jetty/3.0.1-SNAPSHOT/nflow-jetty-3.0.1-SNAPSHOT-sources.jar
[INFO]                                                                         
[INFO] ------------------------------------------------------------------------
[INFO] Building nflow-metrics 3.0.1-SNAPSHOT
[INFO] ------------------------------------------------------------------------
[INFO] 
[INFO] --- maven-enforcer-plugin:1.4.1:enforce (ban-unwanted-dependencies) @ nflow-metrics ---
[INFO] 
[INFO] --- maven-resources-plugin:2.7:resources (default-resources) @ nflow-metrics ---
[INFO] Using 'UTF-8' encoding to copy filtered resources.
[INFO] skip non existing resourceDirectory /home/travis/build/failed/NitorCreations/nflow/nflow-metrics/src/main/resources
[INFO] 
[INFO] --- maven-compiler-plugin:3.5:compile (default-compile) @ nflow-metrics ---
[INFO] Changes detected - recompiling the module!
[INFO] Compiling 3 source files to /home/travis/build/failed/NitorCreations/nflow/nflow-metrics/target/classes
[INFO] 
[INFO] --- maven-resources-plugin:2.7:testResources (default-testResources) @ nflow-metrics ---
[INFO] Using 'UTF-8' encoding to copy filtered resources.
[INFO] skip non existing resourceDirectory /home/travis/build/failed/NitorCreations/nflow/nflow-metrics/src/test/resources
[INFO] 
[INFO] --- maven-compiler-plugin:3.5:testCompile (default-testCompile) @ nflow-metrics ---
[INFO] Changes detected - recompiling the module!
[INFO] Compiling 2 source files to /home/travis/build/failed/NitorCreations/nflow/nflow-metrics/target/test-classes
[INFO] 
[INFO] --- maven-surefire-plugin:2.19.1:test (default-test) @ nflow-metrics ---
[INFO] Tests are skipped.
[INFO] 
[INFO] --- maven-jar-plugin:2.6:jar (default-jar) @ nflow-metrics ---
[INFO] Building jar: /home/travis/build/failed/NitorCreations/nflow/nflow-metrics/target/nflow-metrics-3.0.1-SNAPSHOT.jar
[INFO] 
[INFO] --- maven-source-plugin:2.4:jar-no-fork (attach-sources) @ nflow-metrics ---
[INFO] Building jar: /home/travis/build/failed/NitorCreations/nflow/nflow-metrics/target/nflow-metrics-3.0.1-SNAPSHOT-sources.jar
[INFO] 
[INFO] --- maven-javadoc-plugin:2.10.3:jar (attach-javadocs) @ nflow-metrics ---
[INFO] Skipping javadoc generation
[INFO] 
[INFO] --- maven-install-plugin:2.5.2:install (default-install) @ nflow-metrics ---
[INFO] Installing /home/travis/build/failed/NitorCreations/nflow/nflow-metrics/target/nflow-metrics-3.0.1-SNAPSHOT.jar to /home/travis/.m2/repository/com/nitorcreations/nflow-metrics/3.0.1-SNAPSHOT/nflow-metrics-3.0.1-SNAPSHOT.jar
[INFO] Installing /home/travis/build/failed/NitorCreations/nflow/nflow-metrics/pom.xml to /home/travis/.m2/repository/com/nitorcreations/nflow-metrics/3.0.1-SNAPSHOT/nflow-metrics-3.0.1-SNAPSHOT.pom
[INFO] Installing /home/travis/build/failed/NitorCreations/nflow/nflow-metrics/target/nflow-metrics-3.0.1-SNAPSHOT-sources.jar to /home/travis/.m2/repository/com/nitorcreations/nflow-metrics/3.0.1-SNAPSHOT/nflow-metrics-3.0.1-SNAPSHOT-sources.jar
[INFO]                                                                         
[INFO] ------------------------------------------------------------------------
[INFO] Building nflow-tests 3.0.1-SNAPSHOT
[INFO] ------------------------------------------------------------------------
[INFO] 
[INFO] --- maven-enforcer-plugin:1.4.1:enforce (ban-unwanted-dependencies) @ nflow-tests ---
[INFO] 
[INFO] --- maven-resources-plugin:2.7:resources (default-resources) @ nflow-tests ---
[INFO] Using 'UTF-8' encoding to copy filtered resources.
[INFO] Copying 3 resources
[INFO] 
[INFO] --- maven-compiler-plugin:3.5:compile (default-compile) @ nflow-tests ---
[INFO] Changes detected - recompiling the module!
[INFO] Compiling 9 source files to /home/travis/build/failed/NitorCreations/nflow/nflow-tests/target/classes
[INFO] 
[INFO] --- maven-resources-plugin:2.7:testResources (default-testResources) @ nflow-tests ---
[INFO] Using 'UTF-8' encoding to copy filtered resources.
[INFO] Copying 1 resource
[INFO] 
[INFO] --- maven-compiler-plugin:3.5:testCompile (default-testCompile) @ nflow-tests ---
[INFO] Changes detected - recompiling the module!
[INFO] Compiling 18 source files to /home/travis/build/failed/NitorCreations/nflow/nflow-tests/target/test-classes
[INFO] 
[INFO] --- maven-surefire-plugin:2.19.1:test (default-test) @ nflow-tests ---
[INFO] Tests are skipped.
[INFO] 
[INFO] --- maven-jar-plugin:2.6:jar (default-jar) @ nflow-tests ---
[INFO] Building jar: /home/travis/build/failed/NitorCreations/nflow/nflow-tests/target/nflow-tests-3.0.1-SNAPSHOT.jar
[INFO] 
[INFO] --- asciidoctor-maven-plugin:1.5.2:process-asciidoc (generate-docs) @ nflow-tests ---
asciidoctor: WARNING: index.adoc: line 9: include file not found: /home/travis/build/failed/NitorCreations/nflow/nflow-tests/src/main/asciidoc/swagger2markup/overview.adoc
asciidoctor: WARNING: index.adoc: line 10: include file not found: /home/travis/build/failed/NitorCreations/nflow/nflow-tests/src/main/asciidoc/swagger2markup/paths.adoc
asciidoctor: WARNING: index.adoc: line 11: include file not found: /home/travis/build/failed/NitorCreations/nflow/nflow-tests/src/main/asciidoc/swagger2markup/definitions.adoc
[INFO] Rendered /home/travis/build/failed/NitorCreations/nflow/nflow-tests/src/main/asciidoc/swagger2markup/index.adoc
[INFO] 
[INFO] --- maven-shade-plugin:2.4.3:shade (default) @ nflow-tests ---
[INFO] Including com.nitorcreations:nflow-jetty:jar:3.0.1-SNAPSHOT in the shaded jar.
[INFO] Including com.nitorcreations:nflow-rest-api:jar:3.0.1-SNAPSHOT in the shaded jar.
[INFO] Including javax.ws.rs:javax.ws.rs-api:jar:2.0.1 in the shaded jar.
[INFO] Including io.swagger:swagger-annotations:jar:1.5.7 in the shaded jar.
[INFO] Including javax.validation:validation-api:jar:1.1.0.Final in the shaded jar.
[INFO] Including org.glassfish:javax.el:jar:3.0.0 in the shaded jar.
[INFO] Including org.hibernate:hibernate-validator:jar:5.2.3.Final in the shaded jar.
[INFO] Including org.jboss.logging:jboss-logging:jar:3.2.1.Final in the shaded jar.
[INFO] Including com.fasterxml:classmate:jar:1.1.0 in the shaded jar.
[INFO] Including com.nitorcreations:core-utils:jar:1.4 in the shaded jar.
[INFO] Including org.eclipse.jetty:jetty-server:jar:9.3.7.v20160115 in the shaded jar.
[INFO] Including org.eclipse.jetty:jetty-http:jar:9.3.7.v20160115 in the shaded jar.
[INFO] Including org.eclipse.jetty:jetty-io:jar:9.3.7.v20160115 in the shaded jar.
[INFO] Including org.eclipse.jetty:jetty-servlet:jar:9.3.7.v20160115 in the shaded jar.
[INFO] Including org.eclipse.jetty:jetty-security:jar:9.3.7.v20160115 in the shaded jar.
[INFO] Including org.eclipse.jetty:jetty-jmx:jar:9.3.7.v20160115 in the shaded jar.
[INFO] Including org.eclipse.jetty:jetty-util:jar:9.3.7.v20160115 in the shaded jar.
[INFO] Including org.apache.cxf:cxf-rt-frontend-jaxrs:jar:3.1.5 in the shaded jar.
[INFO] Including javax.annotation:javax.annotation-api:jar:1.2 in the shaded jar.
[INFO] Including org.apache.cxf:cxf-rt-management:jar:3.1.5 in the shaded jar.
[INFO] Including org.apache.cxf:cxf-rt-rs-service-description:jar:3.1.5 in the shaded jar.
[INFO] Including io.swagger:swagger-jaxrs:jar:1.5.7 in the shaded jar.
[INFO] Including com.fasterxml.jackson.dataformat:jackson-dataformat-yaml:jar:2.4.5 in the shaded jar.
[INFO] Including org.yaml:snakeyaml:jar:1.12 in the shaded jar.
[INFO] Including com.fasterxml.jackson.dataformat:jackson-dataformat-xml:jar:2.4.5 in the shaded jar.
[INFO] Including org.codehaus.woodstox:stax2-api:jar:3.1.4 in the shaded jar.
[INFO] Including io.swagger:swagger-core:jar:1.5.7 in the shaded jar.
[INFO] Including io.swagger:swagger-models:jar:1.5.7 in the shaded jar.
[INFO] Including org.reflections:reflections:jar:0.9.10 in the shaded jar.
[INFO] Including org.javassist:javassist:jar:3.20.0-GA in the shaded jar.
[INFO] Including com.google.guava:guava:jar:18.0 in the shaded jar.
[INFO] Including com.fasterxml.jackson.jaxrs:jackson-jaxrs-json-provider:jar:2.7.1 in the shaded jar.
[INFO] Including com.fasterxml.jackson.jaxrs:jackson-jaxrs-base:jar:2.7.1 in the shaded jar.
[INFO] Including com.fasterxml.jackson.module:jackson-module-jaxb-annotations:jar:2.7.1 in the shaded jar.
[INFO] Including org.springframework:spring-web:jar:4.2.5.RELEASE in the shaded jar.
[INFO] Including org.springframework:spring-aop:jar:4.2.5.RELEASE in the shaded jar.
[INFO] Including aopalliance:aopalliance:jar:1.0 in the shaded jar.
[INFO] Including org.springframework:spring-beans:jar:4.2.5.RELEASE in the shaded jar.
[INFO] Including org.springframework:spring-context:jar:4.2.5.RELEASE in the shaded jar.
[INFO] Including org.springframework:spring-expression:jar:4.2.5.RELEASE in the shaded jar.
[INFO] Including org.slf4j:slf4j-api:jar:1.7.18 in the shaded jar.
[INFO] Including org.slf4j:log4j-over-slf4j:jar:1.7.18 in the shaded jar.
[INFO] Including org.slf4j:jcl-over-slf4j:jar:1.7.18 in the shaded jar.
[INFO] Including ch.qos.logback:logback-classic:jar:1.1.5 in the shaded jar.
[INFO] Including ch.qos.logback:logback-core:jar:1.1.5 in the shaded jar.
[INFO] Including org.slf4j:jul-to-slf4j:jar:1.7.18 in the shaded jar.
[INFO] Including org.apache.commons:commons-lang3:jar:3.4 in the shaded jar.
[INFO] Including com.h2database:h2:jar:1.4.191 in the shaded jar.
[INFO] Including io.dropwizard.metrics:metrics-servlets:jar:3.1.2 in the shaded jar.
[INFO] Including io.dropwizard.metrics:metrics-json:jar:3.1.2 in the shaded jar.
[INFO] Including io.dropwizard.metrics:metrics-jvm:jar:3.1.2 in the shaded jar.
[INFO] Including com.nitorcreations:nflow-metrics:jar:3.0.1-SNAPSHOT in the shaded jar.
[INFO] Including io.dropwizard.metrics:metrics-core:jar:3.1.2 in the shaded jar.
[INFO] Including io.dropwizard.metrics:metrics-healthchecks:jar:3.1.2 in the shaded jar.
[INFO] Including com.nitorcreations:nflow-engine:jar:3.0.1-SNAPSHOT in the shaded jar.
[INFO] Including org.springframework:spring-jdbc:jar:4.2.5.RELEASE in the shaded jar.
[INFO] Including org.springframework:spring-tx:jar:4.2.5.RELEASE in the shaded jar.
[INFO] Including javax.inject:javax.inject:jar:1 in the shaded jar.
[INFO] Including com.zaxxer:HikariCP-java6:jar:2.3.13 in the shaded jar.
[INFO] Including org.apache.cxf:cxf-rt-rs-client:jar:3.1.5 in the shaded jar.
[INFO] Including org.apache.cxf:cxf-rt-transports-http:jar:3.1.5 in the shaded jar.
[INFO] Including org.apache.cxf:cxf-core:jar:3.1.5 in the shaded jar.
[INFO] Including org.codehaus.woodstox:woodstox-core-asl:jar:4.4.1 in the shaded jar.
[INFO] Including org.apache.ws.xmlschema:xmlschema-core:jar:2.2.1 in the shaded jar.
[INFO] Including com.fasterxml.jackson.datatype:jackson-datatype-joda:jar:2.7.1 in the shaded jar.
[INFO] Including com.fasterxml.jackson.core:jackson-annotations:jar:2.7.1 in the shaded jar.
[INFO] Including com.fasterxml.jackson.core:jackson-core:jar:2.7.1 in the shaded jar.
[INFO] Including com.fasterxml.jackson.core:jackson-databind:jar:2.7.1-1 in the shaded jar.
[INFO] Including joda-time:joda-time:jar:2.9.2 in the shaded jar.
[INFO] Including com.google.code.findbugs:jsr305:jar:3.0.1 in the shaded jar.
[INFO] Including io.github.robwin:swagger2markup:jar:0.9.2 in the shaded jar.
[INFO] Including io.github.robwin:markup-document-builder:jar:0.1.5 in the shaded jar.
[INFO] Including io.swagger:swagger-compat-spec-parser:jar:1.0.13 in the shaded jar.
[INFO] Including io.swagger:swagger-parser:jar:1.0.13 in the shaded jar.
[INFO] Including org.slf4j:slf4j-ext:jar:1.6.3 in the shaded jar.
[INFO] Including ch.qos.cal10n:cal10n-api:jar:0.7.4 in the shaded jar.
[INFO] Including com.github.fge:json-schema-validator:jar:2.2.3 in the shaded jar.
[INFO] Including com.github.fge:json-schema-core:jar:1.2.1 in the shaded jar.
[INFO] Including com.github.fge:uri-template:jar:0.9 in the shaded jar.
[INFO] Including org.mozilla:rhino:jar:1.7R4 in the shaded jar.
[INFO] Including com.googlecode.libphonenumber:libphonenumber:jar:6.0 in the shaded jar.
[INFO] Including javax.mail:mailapi:jar:1.4.3 in the shaded jar.
[INFO] Including javax.activation:activation:jar:1.1 in the shaded jar.
[INFO] Including net.sf.jopt-simple:jopt-simple:jar:4.6 in the shaded jar.
[INFO] Including com.github.fge:json-patch:jar:1.6 in the shaded jar.
[INFO] Including com.github.fge:jackson-coreutils:jar:1.6 in the shaded jar.
[INFO] Including com.github.fge:msg-simple:jar:1.1 in the shaded jar.
[INFO] Including com.github.fge:btf:jar:1.2 in the shaded jar.
[INFO] Including org.apache.httpcomponents:httpclient:jar:4.3.3 in the shaded jar.
[INFO] Including org.apache.httpcomponents:httpcore:jar:4.3.2 in the shaded jar.
[INFO] Including commons-codec:commons-codec:jar:1.6 in the shaded jar.
[INFO] Including commons-collections:commons-collections:jar:3.2.1 in the shaded jar.
[INFO] Including commons-io:commons-io:jar:2.4 in the shaded jar.
[INFO] Including org.springframework:spring-core:jar:4.2.5.RELEASE in the shaded jar.
[INFO] Including org.postgresql:postgresql:jar:9.4.1208.jre7 in the shaded jar.
[INFO] Including mysql:mysql-connector-java:jar:5.1.38 in the shaded jar.
[INFO] Including javax.servlet:javax.servlet-api:jar:3.1.0 in the shaded jar.
[INFO] Replacing original artifact with shaded artifact.
[INFO] Replacing /home/travis/build/failed/NitorCreations/nflow/nflow-tests/target/nflow-tests-3.0.1-SNAPSHOT.jar with /home/travis/build/failed/NitorCreations/nflow/nflow-tests/target/nflow-tests-3.0.1-SNAPSHOT-shaded.jar
[INFO] 
[INFO] --- maven-source-plugin:2.4:jar-no-fork (attach-sources) @ nflow-tests ---
[INFO] Building jar: /home/travis/build/failed/NitorCreations/nflow/nflow-tests/target/nflow-tests-3.0.1-SNAPSHOT-sources.jar
[INFO] 
[INFO] --- maven-javadoc-plugin:2.10.3:jar (attach-javadocs) @ nflow-tests ---
[INFO] Skipping javadoc generation
[INFO] 
[INFO] --- maven-install-plugin:2.5.2:install (default-install) @ nflow-tests ---
[INFO] Installing /home/travis/build/failed/NitorCreations/nflow/nflow-tests/target/nflow-tests-3.0.1-SNAPSHOT.jar to /home/travis/.m2/repository/com/nitorcreations/nflow-tests/3.0.1-SNAPSHOT/nflow-tests-3.0.1-SNAPSHOT.jar
[INFO] Installing /home/travis/build/failed/NitorCreations/nflow/nflow-tests/pom.xml to /home/travis/.m2/repository/com/nitorcreations/nflow-tests/3.0.1-SNAPSHOT/nflow-tests-3.0.1-SNAPSHOT.pom
[INFO] Installing /home/travis/build/failed/NitorCreations/nflow/nflow-tests/target/nflow-tests-3.0.1-SNAPSHOT-sources.jar to /home/travis/.m2/repository/com/nitorcreations/nflow-tests/3.0.1-SNAPSHOT/nflow-tests-3.0.1-SNAPSHOT-sources.jar
[INFO]                                                                         
[INFO] ------------------------------------------------------------------------
[INFO] Building nflow-perf-test 3.0.1-SNAPSHOT
[INFO] ------------------------------------------------------------------------
[INFO] 
[INFO] --- maven-enforcer-plugin:1.4.1:enforce (ban-unwanted-dependencies) @ nflow-perf-test ---
[INFO] 
[INFO] --- maven-resources-plugin:2.7:resources (default-resources) @ nflow-perf-test ---
[INFO] Using 'UTF-8' encoding to copy filtered resources.
[INFO] Copying 1 resource
[INFO] 
[INFO] --- maven-compiler-plugin:3.5:compile (default-compile) @ nflow-perf-test ---
[INFO] Changes detected - recompiling the module!
[INFO] Compiling 9 source files to /home/travis/build/failed/NitorCreations/nflow/nflow-perf-test/target/classes
[INFO] 
[INFO] --- maven-resources-plugin:2.7:testResources (default-testResources) @ nflow-perf-test ---
[INFO] Using 'UTF-8' encoding to copy filtered resources.
[INFO] skip non existing resourceDirectory /home/travis/build/failed/NitorCreations/nflow/nflow-perf-test/src/test/resources
[INFO] 
[INFO] --- maven-compiler-plugin:3.5:testCompile (default-testCompile) @ nflow-perf-test ---
[INFO] No sources to compile
[INFO] 
[INFO] --- maven-surefire-plugin:2.19.1:test (default-test) @ nflow-perf-test ---
[INFO] Tests are skipped.
[INFO] 
[INFO] --- maven-jar-plugin:2.6:jar (default-jar) @ nflow-perf-test ---
[INFO] Building jar: /home/travis/build/failed/NitorCreations/nflow/nflow-perf-test/target/nflow-perf-test-3.0.1-SNAPSHOT.jar
[INFO] 
[INFO] --- maven-shade-plugin:2.4.3:shade (default) @ nflow-perf-test ---
[INFO] Including com.nitorcreations:nflow-jetty:jar:3.0.1-SNAPSHOT in the shaded jar.
[INFO] Including com.nitorcreations:nflow-rest-api:jar:3.0.1-SNAPSHOT in the shaded jar.
[INFO] Including javax.ws.rs:javax.ws.rs-api:jar:2.0.1 in the shaded jar.
[INFO] Including io.swagger:swagger-annotations:jar:1.5.7 in the shaded jar.
[INFO] Including javax.validation:validation-api:jar:1.1.0.Final in the shaded jar.
[INFO] Including org.glassfish:javax.el:jar:3.0.0 in the shaded jar.
[INFO] Including org.hibernate:hibernate-validator:jar:5.2.3.Final in the shaded jar.
[INFO] Including org.jboss.logging:jboss-logging:jar:3.2.1.Final in the shaded jar.
[INFO] Including com.fasterxml:classmate:jar:1.1.0 in the shaded jar.
[INFO] Including com.nitorcreations:core-utils:jar:1.4 in the shaded jar.
[INFO] Including org.eclipse.jetty:jetty-server:jar:9.3.7.v20160115 in the shaded jar.
[INFO] Including org.eclipse.jetty:jetty-http:jar:9.3.7.v20160115 in the shaded jar.
[INFO] Including org.eclipse.jetty:jetty-io:jar:9.3.7.v20160115 in the shaded jar.
[INFO] Including org.eclipse.jetty:jetty-servlet:jar:9.3.7.v20160115 in the shaded jar.
[INFO] Including org.eclipse.jetty:jetty-security:jar:9.3.7.v20160115 in the shaded jar.
[INFO] Including org.eclipse.jetty:jetty-jmx:jar:9.3.7.v20160115 in the shaded jar.
[INFO] Including org.eclipse.jetty:jetty-util:jar:9.3.7.v20160115 in the shaded jar.
[INFO] Including org.apache.cxf:cxf-rt-frontend-jaxrs:jar:3.1.5 in the shaded jar.
[INFO] Including javax.annotation:javax.annotation-api:jar:1.2 in the shaded jar.
[INFO] Including org.apache.cxf:cxf-rt-management:jar:3.1.5 in the shaded jar.
[INFO] Including org.apache.cxf:cxf-rt-rs-service-description:jar:3.1.5 in the shaded jar.
[INFO] Including io.swagger:swagger-jaxrs:jar:1.5.7 in the shaded jar.
[INFO] Including com.fasterxml.jackson.dataformat:jackson-dataformat-yaml:jar:2.4.5 in the shaded jar.
[INFO] Including org.yaml:snakeyaml:jar:1.12 in the shaded jar.
[INFO] Including com.fasterxml.jackson.dataformat:jackson-dataformat-xml:jar:2.4.5 in the shaded jar.
[INFO] Including org.codehaus.woodstox:stax2-api:jar:3.1.4 in the shaded jar.
[INFO] Including io.swagger:swagger-core:jar:1.5.7 in the shaded jar.
[INFO] Including com.fasterxml.jackson.core:jackson-annotations:jar:2.7.1 in the shaded jar.
[INFO] Including io.swagger:swagger-models:jar:1.5.7 in the shaded jar.
[INFO] Including org.reflections:reflections:jar:0.9.10 in the shaded jar.
[INFO] Including org.javassist:javassist:jar:3.20.0-GA in the shaded jar.
[INFO] Including com.google.guava:guava:jar:18.0 in the shaded jar.
[INFO] Including com.fasterxml.jackson.jaxrs:jackson-jaxrs-json-provider:jar:2.7.1 in the shaded jar.
[INFO] Including com.fasterxml.jackson.jaxrs:jackson-jaxrs-base:jar:2.7.1 in the shaded jar.
[INFO] Including com.fasterxml.jackson.core:jackson-core:jar:2.7.1 in the shaded jar.
[INFO] Including com.fasterxml.jackson.core:jackson-databind:jar:2.7.1-1 in the shaded jar.
[INFO] Including com.fasterxml.jackson.module:jackson-module-jaxb-annotations:jar:2.7.1 in the shaded jar.
[INFO] Including org.springframework:spring-web:jar:4.2.5.RELEASE in the shaded jar.
[INFO] Including org.springframework:spring-aop:jar:4.2.5.RELEASE in the shaded jar.
[INFO] Including aopalliance:aopalliance:jar:1.0 in the shaded jar.
[INFO] Including org.springframework:spring-beans:jar:4.2.5.RELEASE in the shaded jar.
[INFO] Including org.springframework:spring-context:jar:4.2.5.RELEASE in the shaded jar.
[INFO] Including org.springframework:spring-expression:jar:4.2.5.RELEASE in the shaded jar.
[INFO] Including org.springframework:spring-core:jar:4.2.5.RELEASE in the shaded jar.
[INFO] Including org.slf4j:slf4j-api:jar:1.7.18 in the shaded jar.
[INFO] Including org.slf4j:log4j-over-slf4j:jar:1.7.18 in the shaded jar.
[INFO] Including org.slf4j:jcl-over-slf4j:jar:1.7.18 in the shaded jar.
[INFO] Including ch.qos.logback:logback-classic:jar:1.1.5 in the shaded jar.
[INFO] Including ch.qos.logback:logback-core:jar:1.1.5 in the shaded jar.
[INFO] Including org.slf4j:jul-to-slf4j:jar:1.7.18 in the shaded jar.
[INFO] Including org.apache.commons:commons-lang3:jar:3.4 in the shaded jar.
[INFO] Including com.h2database:h2:jar:1.4.191 in the shaded jar.
[INFO] Including io.dropwizard.metrics:metrics-servlets:jar:3.1.2 in the shaded jar.
[INFO] Including io.dropwizard.metrics:metrics-json:jar:3.1.2 in the shaded jar.
[INFO] Including io.dropwizard.metrics:metrics-jvm:jar:3.1.2 in the shaded jar.
[INFO] Including com.nitorcreations:nflow-metrics:jar:3.0.1-SNAPSHOT in the shaded jar.
[INFO] Including io.dropwizard.metrics:metrics-core:jar:3.1.2 in the shaded jar.
[INFO] Including io.dropwizard.metrics:metrics-healthchecks:jar:3.1.2 in the shaded jar.
[INFO] Including com.nitorcreations:nflow-engine:jar:3.0.1-SNAPSHOT in the shaded jar.
[INFO] Including org.springframework:spring-jdbc:jar:4.2.5.RELEASE in the shaded jar.
[INFO] Including org.springframework:spring-tx:jar:4.2.5.RELEASE in the shaded jar.
[INFO] Including com.fasterxml.jackson.datatype:jackson-datatype-joda:jar:2.7.1 in the shaded jar.
[INFO] Including joda-time:joda-time:jar:2.9.2 in the shaded jar.
[INFO] Including javax.inject:javax.inject:jar:1 in the shaded jar.
[INFO] Including com.zaxxer:HikariCP-java6:jar:2.3.13 in the shaded jar.
[INFO] Including javax.servlet:javax.servlet-api:jar:3.1.0 in the shaded jar.
[INFO] Including org.apache.cxf:cxf-rt-rs-client:jar:3.1.5 in the shaded jar.
[INFO] Including org.apache.cxf:cxf-rt-transports-http:jar:3.1.5 in the shaded jar.
[INFO] Including org.apache.cxf:cxf-core:jar:3.1.5 in the shaded jar.
[INFO] Including org.codehaus.woodstox:woodstox-core-asl:jar:4.4.1 in the shaded jar.
[INFO] Including org.apache.ws.xmlschema:xmlschema-core:jar:2.2.1 in the shaded jar.
[INFO] Including org.postgresql:postgresql:jar:9.4.1208.jre7 in the shaded jar.
[INFO] Replacing original artifact with shaded artifact.
[INFO] Replacing /home/travis/build/failed/NitorCreations/nflow/nflow-perf-test/target/nflow-perf-test-3.0.1-SNAPSHOT.jar with /home/travis/build/failed/NitorCreations/nflow/nflow-perf-test/target/nflow-perf-test-3.0.1-SNAPSHOT-shaded.jar
[INFO] 
[INFO] --- maven-source-plugin:2.4:jar-no-fork (attach-sources) @ nflow-perf-test ---
[INFO] Building jar: /home/travis/build/failed/NitorCreations/nflow/nflow-perf-test/target/nflow-perf-test-3.0.1-SNAPSHOT-sources.jar
[INFO] 
[INFO] --- maven-javadoc-plugin:2.10.3:jar (attach-javadocs) @ nflow-perf-test ---
[INFO] Skipping javadoc generation
[INFO] 
[INFO] --- maven-install-plugin:2.5.2:install (default-install) @ nflow-perf-test ---
[INFO] Installing /home/travis/build/failed/NitorCreations/nflow/nflow-perf-test/target/nflow-perf-test-3.0.1-SNAPSHOT.jar to /home/travis/.m2/repository/com/nitorcreations/nflow-perf-test/3.0.1-SNAPSHOT/nflow-perf-test-3.0.1-SNAPSHOT.jar
[INFO] Installing /home/travis/build/failed/NitorCreations/nflow/nflow-perf-test/pom.xml to /home/travis/.m2/repository/com/nitorcreations/nflow-perf-test/3.0.1-SNAPSHOT/nflow-perf-test-3.0.1-SNAPSHOT.pom
[INFO] Installing /home/travis/build/failed/NitorCreations/nflow/nflow-perf-test/target/nflow-perf-test-3.0.1-SNAPSHOT-sources.jar to /home/travis/.m2/repository/com/nitorcreations/nflow-perf-test/3.0.1-SNAPSHOT/nflow-perf-test-3.0.1-SNAPSHOT-sources.jar
[INFO] ------------------------------------------------------------------------
[INFO] Reactor Summary:
[INFO] 
[INFO] nflow .............................................. SUCCESS [01:22 min]
[INFO] nflow-engine ....................................... SUCCESS [01:12 min]
[INFO] nflow-rest-api ..................................... SUCCESS [ 20.561 s]
[INFO] nflow-jetty ........................................ SUCCESS [ 41.151 s]
[INFO] nflow-metrics ...................................... SUCCESS [  2.523 s]
[INFO] nflow-tests ........................................ SUCCESS [01:31 min]
[INFO] nflow-perf-test .................................... SUCCESS [  5.098 s]
[INFO] ------------------------------------------------------------------------
[INFO] BUILD SUCCESS
[INFO] ------------------------------------------------------------------------
[INFO] Total time: 06:21 min
[INFO] Finished at: 2022-01-29T03:04:38+00:00
[INFO] Final Memory: 66M/473M
[INFO] ------------------------------------------------------------------------

travis_time:end:09b35184:start=1643425095614378529,finish=1643425479308177414,duration=383693798885[0Ktravis_fold:end:install[0Ktravis_fold:start:before_script.1[0Ktravis_time:start:0d0f992f[0K$ if [[ "$SPRING_PROFILES_ACTIVE" =~ postgre ]]; then psql -c "create user nflow with password 'nflow';" -U postgres; fi
CREATE ROLE

travis_time:end:0d0f992f:start=1643425479318509267,finish=1643425479340303165,duration=21793898[0Ktravis_fold:end:before_script.1[0Ktravis_fold:start:before_script.2[0Ktravis_time:start:15e0a16c[0K$ if [[ "$SPRING_PROFILES_ACTIVE" =~ postgre ]]; then psql -c "create database nflow owner nflow;" -U postgres; fi
CREATE DATABASE

travis_time:end:15e0a16c:start=1643425479350259270,finish=1643425479591322604,duration=241063334[0Ktravis_fold:end:before_script.2[0Ktravis_fold:start:before_script.3[0Ktravis_time:start:074f0800[0K$ if [[ "$SPRING_PROFILES_ACTIVE" =~ mysql ]]; then mysql -v -e "create database nflow character set utf8mb4;" -u root; fi

travis_time:end:074f0800:start=1643425479604111537,finish=1643425479610623849,duration=6512312[0Ktravis_fold:end:before_script.3[0Ktravis_fold:start:before_script.4[0Ktravis_time:start:00eca4c2[0K$ if [[ "$SPRING_PROFILES_ACTIVE" =~ mysql ]]; then mysql -v -e "create user 'nflow'@'%' identified by 'nflow';" -u root; fi

travis_time:end:00eca4c2:start=1643425479624605755,finish=1643425479635901941,duration=11296186[0Ktravis_fold:end:before_script.4[0Ktravis_fold:start:before_script.5[0Ktravis_time:start:03592014[0K$ if [[ "$SPRING_PROFILES_ACTIVE" =~ mysql ]]; then mysql -v -e "create user 'nflow'@'localhost' identified by 'nflow';" -u root; fi

travis_time:end:03592014:start=1643425479650280739,finish=1643425479661908459,duration=11627720[0Ktravis_fold:end:before_script.5[0Ktravis_fold:start:before_script.6[0Ktravis_time:start:036e82e2[0K$ if [[ "$SPRING_PROFILES_ACTIVE" =~ mysql ]]; then mysql -v -e "grant all on nflow.* TO 'nflow'@'%';" -u root; fi

travis_time:end:036e82e2:start=1643425479680613177,finish=1643425479692321826,duration=11708649[0Ktravis_fold:end:before_script.6[0Ktravis_fold:start:before_script.7[0Ktravis_time:start:1de1f55e[0K$ if [[ "$SPRING_PROFILES_ACTIVE" =~ mysql ]]; then mysql -v -e "grant all on nflow.* TO 'nflow'@'localhost';" -u root; fi

travis_time:end:1de1f55e:start=1643425479702816807,finish=1643425479711640786,duration=8823979[0Ktravis_fold:end:before_script.7[0Ktravis_fold:start:before_script.8[0Ktravis_time:start:17735240[0K$ if [[ "$SPRING_PROFILES_ACTIVE" =~ mysql ]]; then mysql -v -e "flush privileges;" -u root; fi

travis_time:end:17735240:start=1643425479727321029,finish=1643425479740261414,duration=12940385[0Ktravis_fold:end:before_script.8[0Ktravis_time:start:24ddb835[0K$ mvn -o test -Dhttps.protocols=TLSv1.2 -Dhttps.protocols=TLSv1.2 -B
[INFO] Scanning for projects...
[WARNING] 
[WARNING] Some problems were encountered while building the effective model for com.nitorcreations:nflow-jetty:jar:3.0.1-SNAPSHOT
[WARNING] 'profiles.profile[oracle].dependencies.dependency.systemPath' for com.oracle:ojdbc7:jar should not point at files within the project directory, ${basedir}/../ojdbc7.jar will be unresolvable by dependent projects @ com.nitorcreations:nflow-jetty:[unknown-version], /home/travis/build/failed/NitorCreations/nflow/nflow-jetty/pom.xml, line 302, column 23
[WARNING] 
[WARNING] Some problems were encountered while building the effective model for com.nitorcreations:nflow-tests:jar:3.0.1-SNAPSHOT
[WARNING] 'profiles.profile[oracle].dependencies.dependency.systemPath' for com.oracle:ojdbc7:jar should not point at files within the project directory, ${basedir}/../ojdbc7.jar will be unresolvable by dependent projects @ com.nitorcreations:nflow-tests:[unknown-version], /home/travis/build/failed/NitorCreations/nflow/nflow-tests/pom.xml, line 85, column 23
[WARNING] 
[WARNING] It is highly recommended to fix these problems because they threaten the stability of your build.
[WARNING] 
[WARNING] For this reason, future Maven versions might no longer support building such malformed projects.
[WARNING] 
[INFO] Inspecting build with total of 7 modules...
[INFO] Installing Nexus Staging features:
[INFO]   ... total of 7 executions of maven-deploy-plugin replaced with nexus-staging-maven-plugin
[INFO] ------------------------------------------------------------------------
[INFO] Reactor Build Order:
[INFO] 
[INFO] nflow
[INFO] nflow-engine
[INFO] nflow-rest-api
[INFO] nflow-jetty
[INFO] nflow-metrics
[INFO] nflow-tests
[INFO] nflow-perf-test
[INFO]                                                                         
[INFO] ------------------------------------------------------------------------
[INFO] Building nflow 3.0.1-SNAPSHOT
[INFO] ------------------------------------------------------------------------
[INFO] 
[INFO] --- maven-enforcer-plugin:1.4.1:enforce (ban-unwanted-dependencies) @ nflow-root ---
[INFO]                                                                         
[INFO] ------------------------------------------------------------------------
[INFO] Building nflow-engine 3.0.1-SNAPSHOT
[INFO] ------------------------------------------------------------------------
[INFO] 
[INFO] --- maven-enforcer-plugin:1.4.1:enforce (ban-unwanted-dependencies) @ nflow-engine ---
[INFO] 
[INFO] --- maven-resources-plugin:2.7:resources (default-resources) @ nflow-engine ---
[INFO] Using 'UTF-8' encoding to copy filtered resources.
[INFO] Copying 25 resources
[INFO] 
[INFO] --- maven-compiler-plugin:3.5:compile (default-compile) @ nflow-engine ---
[INFO] Nothing to compile - all classes are up to date
[INFO] 
[INFO] --- maven-resources-plugin:2.7:testResources (default-testResources) @ nflow-engine ---
[INFO] Using 'UTF-8' encoding to copy filtered resources.
[INFO] Copying 6 resources
[INFO] 
[INFO] --- maven-compiler-plugin:3.5:testCompile (default-testCompile) @ nflow-engine ---
[INFO] Nothing to compile - all classes are up to date
[INFO] 
[INFO] --- maven-surefire-plugin:2.19.1:test (default-test) @ nflow-engine ---

-------------------------------------------------------
 T E S T S
-------------------------------------------------------
Running com.nitorcreations.nflow.engine.internal.config.EngineConfigurationTest
Tests run: 6, Failures: 0, Errors: 0, Skipped: 0, Time elapsed: 3.975 sec - in com.nitorcreations.nflow.engine.internal.config.EngineConfigurationTest
Running com.nitorcreations.nflow.engine.internal.config.WorkflowLifecycleTest
Tests run: 5, Failures: 0, Errors: 0, Skipped: 0, Time elapsed: 0.022 sec - in com.nitorcreations.nflow.engine.internal.config.WorkflowLifecycleTest
Running com.nitorcreations.nflow.engine.internal.config.PropertiesConfigurationTest
Tests run: 1, Failures: 0, Errors: 0, Skipped: 0, Time elapsed: 0 sec - in com.nitorcreations.nflow.engine.internal.config.PropertiesConfigurationTest
Running com.nitorcreations.nflow.engine.internal.dao.StatisticsDaoTest
Tests run: 5, Failures: 0, Errors: 0, Skipped: 0, Time elapsed: 1.557 sec - in com.nitorcreations.nflow.engine.internal.dao.StatisticsDaoTest
Running com.nitorcreations.nflow.engine.internal.dao.TableMetadataCheckerTest
Tests run: 8, Failures: 0, Errors: 0, Skipped: 0, Time elapsed: 0.247 sec - in com.nitorcreations.nflow.engine.internal.dao.TableMetadataCheckerTest
Running com.nitorcreations.nflow.engine.internal.dao.WorkflowDefinitionDaoTest
Tests run: 4, Failures: 0, Errors: 0, Skipped: 0, Time elapsed: 0.411 sec - in com.nitorcreations.nflow.engine.internal.dao.WorkflowDefinitionDaoTest
Running com.nitorcreations.nflow.engine.internal.dao.ExecutorDaoTest
Tests run: 3, Failures: 0, Errors: 0, Skipped: 0, Time elapsed: 0.035 sec - in com.nitorcreations.nflow.engine.internal.dao.ExecutorDaoTest
Running com.nitorcreations.nflow.engine.internal.dao.ArchiveDaoTest
Tests run: 5, Failures: 0, Errors: 0, Skipped: 0, Time elapsed: 0.289 sec - in com.nitorcreations.nflow.engine.internal.dao.ArchiveDaoTest
Running com.nitorcreations.nflow.engine.internal.dao.WorkflowInstanceDaoTest
Tests run: 26, Failures: 0, Errors: 0, Skipped: 0, Time elapsed: 0.861 sec - in com.nitorcreations.nflow.engine.internal.dao.WorkflowInstanceDaoTest
Running com.nitorcreations.nflow.engine.internal.dao.DaoUtilTest
Tests run: 2, Failures: 0, Errors: 0, Skipped: 0, Time elapsed: 0 sec - in com.nitorcreations.nflow.engine.internal.dao.DaoUtilTest
Running com.nitorcreations.nflow.engine.internal.dao.HealthCheckDaoTest
Tests run: 1, Failures: 0, Errors: 0, Skipped: 0, Time elapsed: 0.006 sec - in com.nitorcreations.nflow.engine.internal.dao.HealthCheckDaoTest
Running com.nitorcreations.nflow.engine.internal.executor.WorkflowDispatcherTest
Tests run: 8, Failures: 0, Errors: 0, Skipped: 0, Time elapsed: 0.535 sec - in com.nitorcreations.nflow.engine.internal.executor.WorkflowDispatcherTest
Running com.nitorcreations.nflow.engine.internal.executor.WorkflowStateProcessorFactoryTest
Tests run: 2, Failures: 0, Errors: 0, Skipped: 0, Time elapsed: 0.031 sec - in com.nitorcreations.nflow.engine.internal.executor.WorkflowStateProcessorFactoryTest
Running com.nitorcreations.nflow.engine.internal.executor.WorkflowInstanceExecutorTest
Tests run: 5, Failures: 0, Errors: 0, Skipped: 0, Time elapsed: 0.007 sec - in com.nitorcreations.nflow.engine.internal.executor.WorkflowInstanceExecutorTest
Running com.nitorcreations.nflow.engine.internal.executor.WorkflowStateProcessorTest
Tests run: 30, Failures: 0, Errors: 0, Skipped: 1, Time elapsed: 0.345 sec - in com.nitorcreations.nflow.engine.internal.executor.WorkflowStateProcessorTest
Running com.nitorcreations.nflow.engine.internal.executor.ThresholdBlockingQueueTest
Tests run: 4, Failures: 0, Errors: 0, Skipped: 0, Time elapsed: 7.008 sec - in com.nitorcreations.nflow.engine.internal.executor.ThresholdBlockingQueueTest
Running com.nitorcreations.nflow.engine.internal.storage.db.DatabaseInitializerTest
Tests run: 3, Failures: 0, Errors: 0, Skipped: 0, Time elapsed: 0.037 sec - in com.nitorcreations.nflow.engine.internal.storage.db.DatabaseInitializerTest
Running com.nitorcreations.nflow.engine.internal.workflow.StateExecutionImplTest
Tests run: 7, Failures: 0, Errors: 0, Skipped: 0, Time elapsed: 0.014 sec - in com.nitorcreations.nflow.engine.internal.workflow.StateExecutionImplTest
Running com.nitorcreations.nflow.engine.internal.workflow.WorkflowDefinitionScannerTest
Tests run: 7, Failures: 0, Errors: 0, Skipped: 0, Time elapsed: 0.012 sec - in com.nitorcreations.nflow.engine.internal.workflow.WorkflowDefinitionScannerTest
Running com.nitorcreations.nflow.engine.internal.util.PeriodicLoggerTest
Tests run: 3, Failures: 0, Errors: 0, Skipped: 0, Time elapsed: 0.022 sec - in com.nitorcreations.nflow.engine.internal.util.PeriodicLoggerTest
Running com.nitorcreations.nflow.engine.service.HealthCheckServiceTest
Tests run: 1, Failures: 0, Errors: 0, Skipped: 0, Time elapsed: 0.003 sec - in com.nitorcreations.nflow.engine.service.HealthCheckServiceTest
Running com.nitorcreations.nflow.engine.service.StatisticsServiceTest
Tests run: 2, Failures: 0, Errors: 0, Skipped: 0, Time elapsed: 0.01 sec - in com.nitorcreations.nflow.engine.service.StatisticsServiceTest
Running com.nitorcreations.nflow.engine.service.WorkflowExecutorServiceTest
Tests run: 1, Failures: 0, Errors: 0, Skipped: 0, Time elapsed: 0.005 sec - in com.nitorcreations.nflow.engine.service.WorkflowExecutorServiceTest
Running com.nitorcreations.nflow.engine.service.WorkflowInstanceServiceTest
Tests run: 9, Failures: 0, Errors: 0, Skipped: 0, Time elapsed: 0.031 sec - in com.nitorcreations.nflow.engine.service.WorkflowInstanceServiceTest
Running com.nitorcreations.nflow.engine.service.WorkflowDefinitionServiceWithSpringTest
Tests run: 1, Failures: 0, Errors: 0, Skipped: 0, Time elapsed: 0.176 sec - in com.nitorcreations.nflow.engine.service.WorkflowDefinitionServiceWithSpringTest
Running com.nitorcreations.nflow.engine.service.ArchiveServiceTest
Tests run: 3, Failures: 0, Errors: 0, Skipped: 0, Time elapsed: 0.01 sec - in com.nitorcreations.nflow.engine.service.ArchiveServiceTest
Running com.nitorcreations.nflow.engine.service.WorkflowDefinitionServiceTest
Tests run: 5, Failures: 0, Errors: 0, Skipped: 0, Time elapsed: 0.021 sec - in com.nitorcreations.nflow.engine.service.WorkflowDefinitionServiceTest
Running com.nitorcreations.nflow.engine.workflow.definition.WorkflowDefinitionTest
Tests run: 15, Failures: 0, Errors: 0, Skipped: 0, Time elapsed: 0.021 sec - in com.nitorcreations.nflow.engine.workflow.definition.WorkflowDefinitionTest
Running com.nitorcreations.nflow.engine.workflow.definition.WorkflowSettingsTest
Tests run: 2, Failures: 0, Errors: 0, Skipped: 0, Time elapsed: 0.003 sec - in com.nitorcreations.nflow.engine.workflow.definition.WorkflowSettingsTest
Running com.nitorcreations.nflow.engine.workflow.definition.MutableTest
Tests run: 3, Failures: 0, Errors: 0, Skipped: 0, Time elapsed: 0 sec - in com.nitorcreations.nflow.engine.workflow.definition.MutableTest
Running com.nitorcreations.nflow.engine.workflow.definition.WorkflowStateTypeTest
Tests run: 4, Failures: 0, Errors: 0, Skipped: 0, Time elapsed: 0.001 sec - in com.nitorcreations.nflow.engine.workflow.definition.WorkflowStateTypeTest
Running com.nitorcreations.nflow.engine.workflow.definition.NextActionTest
Tests run: 6, Failures: 0, Errors: 0, Skipped: 0, Time elapsed: 0.001 sec - in com.nitorcreations.nflow.engine.workflow.definition.NextActionTest
Running com.nitorcreations.nflow.engine.workflow.definition.AbstractWorkflowDefinitionTest
Tests run: 15, Failures: 0, Errors: 0, Skipped: 0, Time elapsed: 0.014 sec - in com.nitorcreations.nflow.engine.workflow.definition.AbstractWorkflowDefinitionTest
Running com.nitorcreations.nflow.engine.workflow.instance.WorkflowInstanceTest
Tests run: 1, Failures: 0, Errors: 0, Skipped: 0, Time elapsed: 0 sec - in com.nitorcreations.nflow.engine.workflow.instance.WorkflowInstanceTest
Running com.nitorcreations.nflow.engine.workflow.instance.WorkflowInstanceFactoryTest
Tests run: 1, Failures: 0, Errors: 0, Skipped: 0, Time elapsed: 0 sec - in com.nitorcreations.nflow.engine.workflow.instance.WorkflowInstanceFactoryTest
Running com.nitorcreations.nflow.engine.workflow.WorkflowInstancePreProcessorTest
Tests run: 5, Failures: 0, Errors: 0, Skipped: 0, Time elapsed: 0.003 sec - in com.nitorcreations.nflow.engine.workflow.WorkflowInstancePreProcessorTest

Results :

Tests run: 209, Failures: 0, Errors: 0, Skipped: 1

[INFO]                                                                         
[INFO] ------------------------------------------------------------------------
[INFO] Building nflow-rest-api 3.0.1-SNAPSHOT
[INFO] ------------------------------------------------------------------------
[INFO] 
[INFO] --- maven-enforcer-plugin:1.4.1:enforce (ban-unwanted-dependencies) @ nflow-rest-api ---
[INFO] 
[INFO] --- maven-resources-plugin:2.7:resources (default-resources) @ nflow-rest-api ---
[INFO] Using 'UTF-8' encoding to copy filtered resources.
[INFO] skip non existing resourceDirectory /home/travis/build/failed/NitorCreations/nflow/nflow-rest-api/src/main/resources
[INFO] 
[INFO] --- maven-compiler-plugin:3.5:compile (default-compile) @ nflow-rest-api ---
[INFO] Nothing to compile - all classes are up to date
[INFO] 
[INFO] --- maven-resources-plugin:2.7:testResources (default-testResources) @ nflow-rest-api ---
[INFO] Using 'UTF-8' encoding to copy filtered resources.
[INFO] skip non existing resourceDirectory /home/travis/build/failed/NitorCreations/nflow/nflow-rest-api/src/test/resources
[INFO] 
[INFO] --- maven-compiler-plugin:3.5:testCompile (default-testCompile) @ nflow-rest-api ---
[INFO] Nothing to compile - all classes are up to date
[INFO] 
[INFO] --- maven-surefire-plugin:2.19.1:test (default-test) @ nflow-rest-api ---

-------------------------------------------------------
 T E S T S
-------------------------------------------------------
Running com.nitorcreations.nflow.rest.v1.converter.CreateWorkflowConverterTest
Tests run: 3, Failures: 0, Errors: 0, Skipped: 0, Time elapsed: 0.351 sec - in com.nitorcreations.nflow.rest.v1.converter.CreateWorkflowConverterTest
Running com.nitorcreations.nflow.rest.v1.converter.ListWorkflowExecutorConverterTest
Tests run: 1, Failures: 0, Errors: 0, Skipped: 0, Time elapsed: 0.001 sec - in com.nitorcreations.nflow.rest.v1.converter.ListWorkflowExecutorConverterTest
Running com.nitorcreations.nflow.rest.v1.converter.ListWorkflowDefinitionConverterTest
Tests run: 2, Failures: 0, Errors: 0, Skipped: 0, Time elapsed: 0.039 sec - in com.nitorcreations.nflow.rest.v1.converter.ListWorkflowDefinitionConverterTest
Running com.nitorcreations.nflow.rest.v1.converter.ListWorkflowInstanceConverterTest
Tests run: 6, Failures: 0, Errors: 0, Skipped: 0, Time elapsed: 0.146 sec - in com.nitorcreations.nflow.rest.v1.converter.ListWorkflowInstanceConverterTest
Running com.nitorcreations.nflow.rest.v1.converter.StatisticsConverterTest
Tests run: 2, Failures: 0, Errors: 0, Skipped: 0, Time elapsed: 0.003 sec - in com.nitorcreations.nflow.rest.v1.converter.StatisticsConverterTest
Running com.nitorcreations.nflow.rest.v1.WorkflowExecutorResourceTest
Tests run: 1, Failures: 0, Errors: 0, Skipped: 0, Time elapsed: 0.012 sec - in com.nitorcreations.nflow.rest.v1.WorkflowExecutorResourceTest
Running com.nitorcreations.nflow.rest.v1.StatisticsResourceTest
Tests run: 2, Failures: 0, Errors: 0, Skipped: 0, Time elapsed: 0.02 sec - in com.nitorcreations.nflow.rest.v1.StatisticsResourceTest
Running com.nitorcreations.nflow.rest.v1.ArchiveResourceTest
Tests run: 1, Failures: 0, Errors: 0, Skipped: 0, Time elapsed: 0.019 sec - in com.nitorcreations.nflow.rest.v1.ArchiveResourceTest
Running com.nitorcreations.nflow.rest.v1.WorkflowDefinitionResourceTest
Tests run: 5, Failures: 0, Errors: 0, Skipped: 0, Time elapsed: 0.055 sec - in com.nitorcreations.nflow.rest.v1.WorkflowDefinitionResourceTest
Running com.nitorcreations.nflow.rest.v1.config.DateTimeParamConverterProviderTest
Tests run: 6, Failures: 0, Errors: 0, Skipped: 0, Time elapsed: 0.21 sec - in com.nitorcreations.nflow.rest.v1.config.DateTimeParamConverterProviderTest
Running com.nitorcreations.nflow.rest.v1.config.RestConfigurationTest
Tests run: 1, Failures: 0, Errors: 0, Skipped: 0, Time elapsed: 0.033 sec - in com.nitorcreations.nflow.rest.v1.config.RestConfigurationTest
Running com.nitorcreations.nflow.rest.v1.WorkflowInstanceResourceTest
Tests run: 12, Failures: 0, Errors: 0, Skipped: 0, Time elapsed: 0.046 sec - in com.nitorcreations.nflow.rest.v1.WorkflowInstanceResourceTest
Running com.nitorcreations.nflow.rest.config.CorsHeaderContainerResponseFilterTest
Tests run: 1, Failures: 0, Errors: 0, Skipped: 0, Time elapsed: 0.02 sec - in com.nitorcreations.nflow.rest.config.CorsHeaderContainerResponseFilterTest
Running com.nitorcreations.nflow.rest.JerseyCompabilityTest
Tests run: 1, Failures: 0, Errors: 0, Skipped: 0, Time elapsed: 9.608 sec - in com.nitorcreations.nflow.rest.JerseyCompabilityTest

Results :

Tests run: 44, Failures: 0, Errors: 0, Skipped: 0

[INFO]                                                                         
[INFO] ------------------------------------------------------------------------
[INFO] Building nflow-jetty 3.0.1-SNAPSHOT
[INFO] ------------------------------------------------------------------------
[INFO] 
[INFO] --- maven-enforcer-plugin:1.4.1:enforce (ban-unwanted-dependencies) @ nflow-jetty ---
[INFO] 
[INFO] --- maven-dependency-plugin:2.10:unpack (unpack) @ nflow-jetty ---
[INFO] Configured Artifact: com.nitorcreations:nflow-explorer:1.1.0:tar.gz
[INFO] Unpacking /home/travis/.m2/repository/com/nitorcreations/nflow-explorer/1.1.0/nflow-explorer-1.1.0.tar.gz to /home/travis/build/failed/NitorCreations/nflow/nflow-jetty/target/explorer with includes "" and excludes ""
[INFO] Expanding: /home/travis/.m2/repository/com/nitorcreations/nflow-explorer/1.1.0/nflow-explorer-1.1.0.tar.gz into /home/travis/build/failed/NitorCreations/nflow/nflow-jetty/target/explorer
[INFO] 
[INFO] --- download-maven-plugin:1.2.1:wget (unpack-swagger-ui) @ nflow-jetty ---
[INFO] Got from cache: /home/travis/.m2/repository/.cache/maven-download-plugin/v2.1.4.tar.gz
[INFO] Expanding: /home/travis/build/failed/NitorCreations/nflow/nflow-jetty/target/swagger/v2.1.4.tar.gz into /home/travis/build/failed/NitorCreations/nflow/nflow-jetty/target/swagger
[INFO] 
[INFO] --- maven-resources-plugin:2.7:resources (default-resources) @ nflow-jetty ---
[INFO] Using 'UTF-8' encoding to copy filtered resources.
[INFO] Copying 7 resources
[INFO] 
[INFO] --- maven-resources-plugin:2.7:copy-resources (copy-swagger-resources) @ nflow-jetty ---
[INFO] Using 'UTF-8' encoding to copy filtered resources.
[INFO] Copying 43 resources
[INFO] 
[INFO] --- maven-resources-plugin:2.7:copy-resources (copy-explorer-resources) @ nflow-jetty ---
[INFO] Using 'UTF-8' encoding to copy filtered resources.
[INFO] Copying 47 resources
[INFO] 
[INFO] --- maven-compiler-plugin:3.5:compile (default-compile) @ nflow-jetty ---
[INFO] Nothing to compile - all classes are up to date
[INFO] 
[INFO] --- maven-resources-plugin:2.7:testResources (default-testResources) @ nflow-jetty ---
[INFO] Using 'UTF-8' encoding to copy filtered resources.
[INFO] Copying 3 resources
[INFO] 
[INFO] --- maven-compiler-plugin:3.5:testCompile (default-testCompile) @ nflow-jetty ---
[INFO] Nothing to compile - all classes are up to date
[INFO] 
[INFO] --- maven-surefire-plugin:2.19.1:test (default-test) @ nflow-jetty ---

-------------------------------------------------------
 T E S T S
-------------------------------------------------------
Running com.nitorcreations.nflow.jetty.config.NflowJettyConfigurationTest
Tests run: 1, Failures: 0, Errors: 0, Skipped: 0, Time elapsed: 0.458 sec - in com.nitorcreations.nflow.jetty.config.NflowJettyConfigurationTest
Running com.nitorcreations.nflow.jetty.spring.NflowStandardEnvironmentTest
Tests run: 7, Failures: 0, Errors: 0, Skipped: 0, Time elapsed: 0.125 sec - in com.nitorcreations.nflow.jetty.spring.NflowStandardEnvironmentTest
Running com.nitorcreations.nflow.jetty.mapper.BadRequestExceptionMapperTest
Tests run: 1, Failures: 0, Errors: 0, Skipped: 0, Time elapsed: 0.174 sec - in com.nitorcreations.nflow.jetty.mapper.BadRequestExceptionMapperTest
Running com.nitorcreations.nflow.jetty.mapper.CustomValidationExceptionMapperTest
Tests run: 3, Failures: 0, Errors: 0, Skipped: 0, Time elapsed: 0.042 sec - in com.nitorcreations.nflow.jetty.mapper.CustomValidationExceptionMapperTest
Running com.nitorcreations.nflow.jetty.mapper.NotFoundExceptionMapperTest
Tests run: 1, Failures: 0, Errors: 0, Skipped: 0, Time elapsed: 0.001 sec - in com.nitorcreations.nflow.jetty.mapper.NotFoundExceptionMapperTest
Running com.nitorcreations.nflow.jetty.StartNflowTest
Tests run: 4, Failures: 0, Errors: 1, Skipped: 3, Time elapsed: 0.27 sec <<< FAILURE! - in com.nitorcreations.nflow.jetty.StartNflowTest
startNflowJettyToRandomFreeLocalPort(com.nitorcreations.nflow.jetty.StartNflowTest)  Time elapsed: 0.268 sec  <<< ERROR!
java.lang.UnsupportedClassVersionError: org/eclipse/jetty/server/Server : Unsupported major.minor version 52.0
	at com.nitorcreations.nflow.jetty.StartNflowTest.initJettyStart(StartNflowTest.java:27)
	at com.nitorcreations.nflow.jetty.StartNflowTest.startNflowJettyToRandomFreeLocalPort(StartNflowTest.java:17)


Results :

Tests in error: 
  StartNflowTest.startNflowJettyToRandomFreeLocalPort:17->initJettyStart:27 » UnsupportedClassVersion

Tests run: 17, Failures: 0, Errors: 1, Skipped: 3

[INFO] ------------------------------------------------------------------------
[INFO] Reactor Summary:
[INFO] 
[INFO] nflow .............................................. SUCCESS [  0.352 s]
[INFO] nflow-engine ....................................... SUCCESS [ 19.545 s]
[INFO] nflow-rest-api ..................................... SUCCESS [ 11.533 s]
[INFO] nflow-jetty ........................................ FAILURE [  2.950 s]
[INFO] nflow-metrics ...................................... SKIPPED
[INFO] nflow-tests ........................................ SKIPPED
[INFO] nflow-perf-test .................................... SKIPPED
[INFO] ------------------------------------------------------------------------
[INFO] BUILD FAILURE
[INFO] ------------------------------------------------------------------------
[INFO] Total time: 35.382 s
[INFO] Finished at: 2022-01-29T03:05:16+00:00
[INFO] Final Memory: 24M/491M
[INFO] ------------------------------------------------------------------------
[ERROR] Failed to execute goal org.apache.maven.plugins:maven-surefire-plugin:2.19.1:test (default-test) on project nflow-jetty: There are test failures.
[ERROR] 
[ERROR] Please refer to /home/travis/build/failed/NitorCreations/nflow/nflow-jetty/target/surefire-reports for the individual test results.
[ERROR] -> [Help 1]
[ERROR] 
[ERROR] To see the full stack trace of the errors, re-run Maven with the -e switch.
[ERROR] Re-run Maven using the -X switch to enable full debug logging.
[ERROR] 
[ERROR] For more information about the errors and possible solutions, please read the following articles:
[ERROR] [Help 1] http://cwiki.apache.org/confluence/display/MAVEN/MojoFailureException
[ERROR] 
[ERROR] After correcting the problems, you can resume the build with the command
[ERROR]   mvn <goals> -rf :nflow-jetty

travis_time:end:24ddb835:start=1643425479751922600,finish=1643425516708359513,duration=36956436913[0K
[31;1mThe command "mvn -o test -Dhttps.protocols=TLSv1.2 -Dhttps.protocols=TLSv1.2 -B" exited with 1.[0m
travis_fold:start:cache.2[0Kstore build cache
travis_fold:end:cache.2[0Ktravis_fold:start:after_script[0Ktravis_time:start:1fb5c1b4[0K$ for i in nflow-*/target/surefire-reports/*.txt; do echo ">>>>>>>>>>>>>>>>>>>"; echo $i; echo "<<<<<<<<<<<<<<<<<<<<<"; cat $i; done
>>>>>>>>>>>>>>>>>>>
nflow-engine/target/surefire-reports/com.nitorcreations.nflow.engine.internal.config.EngineConfigurationTest.txt
<<<<<<<<<<<<<<<<<<<<<
-------------------------------------------------------------------------------
Test set: com.nitorcreations.nflow.engine.internal.config.EngineConfigurationTest
-------------------------------------------------------------------------------
Tests run: 6, Failures: 0, Errors: 0, Skipped: 0, Time elapsed: 3.975 sec - in com.nitorcreations.nflow.engine.internal.config.EngineConfigurationTest
>>>>>>>>>>>>>>>>>>>
nflow-engine/target/surefire-reports/com.nitorcreations.nflow.engine.internal.config.PropertiesConfigurationTest.txt
<<<<<<<<<<<<<<<<<<<<<
-------------------------------------------------------------------------------
Test set: com.nitorcreations.nflow.engine.internal.config.PropertiesConfigurationTest
-------------------------------------------------------------------------------
Tests run: 1, Failures: 0, Errors: 0, Skipped: 0, Time elapsed: 0 sec - in com.nitorcreations.nflow.engine.internal.config.PropertiesConfigurationTest
>>>>>>>>>>>>>>>>>>>
nflow-engine/target/surefire-reports/com.nitorcreations.nflow.engine.internal.config.WorkflowLifecycleTest.txt
<<<<<<<<<<<<<<<<<<<<<
-------------------------------------------------------------------------------
Test set: com.nitorcreations.nflow.engine.internal.config.WorkflowLifecycleTest
-------------------------------------------------------------------------------
Tests run: 5, Failures: 0, Errors: 0, Skipped: 0, Time elapsed: 0.022 sec - in com.nitorcreations.nflow.engine.internal.config.WorkflowLifecycleTest
>>>>>>>>>>>>>>>>>>>
nflow-engine/target/surefire-reports/com.nitorcreations.nflow.engine.internal.dao.ArchiveDaoTest.txt
<<<<<<<<<<<<<<<<<<<<<
-------------------------------------------------------------------------------
Test set: com.nitorcreations.nflow.engine.internal.dao.ArchiveDaoTest
-------------------------------------------------------------------------------
Tests run: 5, Failures: 0, Errors: 0, Skipped: 0, Time elapsed: 0.289 sec - in com.nitorcreations.nflow.engine.internal.dao.ArchiveDaoTest
>>>>>>>>>>>>>>>>>>>
nflow-engine/target/surefire-reports/com.nitorcreations.nflow.engine.internal.dao.DaoUtilTest.txt
<<<<<<<<<<<<<<<<<<<<<
-------------------------------------------------------------------------------
Test set: com.nitorcreations.nflow.engine.internal.dao.DaoUtilTest
-------------------------------------------------------------------------------
Tests run: 2, Failures: 0, Errors: 0, Skipped: 0, Time elapsed: 0 sec - in com.nitorcreations.nflow.engine.internal.dao.DaoUtilTest
>>>>>>>>>>>>>>>>>>>
nflow-engine/target/surefire-reports/com.nitorcreations.nflow.engine.internal.dao.ExecutorDaoTest.txt
<<<<<<<<<<<<<<<<<<<<<
-------------------------------------------------------------------------------
Test set: com.nitorcreations.nflow.engine.internal.dao.ExecutorDaoTest
-------------------------------------------------------------------------------
Tests run: 3, Failures: 0, Errors: 0, Skipped: 0, Time elapsed: 0.035 sec - in com.nitorcreations.nflow.engine.internal.dao.ExecutorDaoTest
>>>>>>>>>>>>>>>>>>>
nflow-engine/target/surefire-reports/com.nitorcreations.nflow.engine.internal.dao.HealthCheckDaoTest.txt
<<<<<<<<<<<<<<<<<<<<<
-------------------------------------------------------------------------------
Test set: com.nitorcreations.nflow.engine.internal.dao.HealthCheckDaoTest
-------------------------------------------------------------------------------
Tests run: 1, Failures: 0, Errors: 0, Skipped: 0, Time elapsed: 0.006 sec - in com.nitorcreations.nflow.engine.internal.dao.HealthCheckDaoTest
>>>>>>>>>>>>>>>>>>>
nflow-engine/target/surefire-reports/com.nitorcreations.nflow.engine.internal.dao.StatisticsDaoTest-output.txt
<<<<<<<<<<<<<<<<<<<<<
29.01.2022 03:04:50 INFO  [main] orage.db.DatabaseConfiguration - [user:] Database connection to h2 using jdbc:h2:mem:test;TRACE_LEVEL_FILE=4
29.01.2022 03:04:50 INFO  [main] storage.db.DatabaseInitializer - [user:] Creating database populator using script 'scripts/db/h2.create.ddl.sql'
29.01.2022 03:04:50 INFO  [main] storage.db.DatabaseInitializer - [user:] Database created.
>>>>>>>>>>>>>>>>>>>
nflow-engine/target/surefire-reports/com.nitorcreations.nflow.engine.internal.dao.StatisticsDaoTest.txt
<<<<<<<<<<<<<<<<<<<<<
-------------------------------------------------------------------------------
Test set: com.nitorcreations.nflow.engine.internal.dao.StatisticsDaoTest
-------------------------------------------------------------------------------
Tests run: 5, Failures: 0, Errors: 0, Skipped: 0, Time elapsed: 1.557 sec - in com.nitorcreations.nflow.engine.internal.dao.StatisticsDaoTest
>>>>>>>>>>>>>>>>>>>
nflow-engine/target/surefire-reports/com.nitorcreations.nflow.engine.internal.dao.TableMetadataCheckerTest-output.txt
<<<<<<<<<<<<<<<<<<<<<
29.01.2022 03:04:51 INFO  [main] storage.db.DatabaseInitializer - [user:] Creating database populator using script 'scripts/db/metadata.create.ddl.sql'
29.01.2022 03:04:51 INFO  [main] storage.db.DatabaseInitializer - [user:] Database created.
>>>>>>>>>>>>>>>>>>>
nflow-engine/target/surefire-reports/com.nitorcreations.nflow.engine.internal.dao.TableMetadataCheckerTest.txt
<<<<<<<<<<<<<<<<<<<<<
-------------------------------------------------------------------------------
Test set: com.nitorcreations.nflow.engine.internal.dao.TableMetadataCheckerTest
-------------------------------------------------------------------------------
Tests run: 8, Failures: 0, Errors: 0, Skipped: 0, Time elapsed: 0.247 sec - in com.nitorcreations.nflow.engine.internal.dao.TableMetadataCheckerTest
>>>>>>>>>>>>>>>>>>>
nflow-engine/target/surefire-reports/com.nitorcreations.nflow.engine.internal.dao.WorkflowDefinitionDaoTest-output.txt
<<<<<<<<<<<<<<<<<<<<<
29.01.2022 03:04:51 INFO  [main] orage.db.DatabaseConfiguration - [user:] Database connection to h2 using jdbc:h2:mem:test;TRACE_LEVEL_FILE=4
29.01.2022 03:04:51 INFO  [main] storage.db.DatabaseInitializer - [user:] Creating database populator using script 'scripts/db/h2.create.ddl.sql'
29.01.2022 03:04:51 INFO  [main] storage.db.DatabaseInitializer - [user:] Database created.
29.01.2022 03:04:51 INFO  [main] ngine.internal.dao.ExecutorDao - [user:] Joining executor group junit
>>>>>>>>>>>>>>>>>>>
nflow-engine/target/surefire-reports/com.nitorcreations.nflow.engine.internal.dao.WorkflowDefinitionDaoTest.txt
<<<<<<<<<<<<<<<<<<<<<
-------------------------------------------------------------------------------
Test set: com.nitorcreations.nflow.engine.internal.dao.WorkflowDefinitionDaoTest
-------------------------------------------------------------------------------
Tests run: 4, Failures: 0, Errors: 0, Skipped: 0, Time elapsed: 0.411 sec - in com.nitorcreations.nflow.engine.internal.dao.WorkflowDefinitionDaoTest
>>>>>>>>>>>>>>>>>>>
nflow-engine/target/surefire-reports/com.nitorcreations.nflow.engine.internal.dao.WorkflowInstanceDaoTest-output.txt
<<<<<<<<<<<<<<<<<<<<<
com.nitorcreations.nflow.engine.internal.dao.PollingRaceConditionException: Race condition in polling workflow instances detected. Multiple pollers using same name (junit)
>>>>>>>>>>>>>>>>>>>
nflow-engine/target/surefire-reports/com.nitorcreations.nflow.engine.internal.dao.WorkflowInstanceDaoTest.txt
<<<<<<<<<<<<<<<<<<<<<
-------------------------------------------------------------------------------
Test set: com.nitorcreations.nflow.engine.internal.dao.WorkflowInstanceDaoTest
-------------------------------------------------------------------------------
Tests run: 26, Failures: 0, Errors: 0, Skipped: 0, Time elapsed: 0.861 sec - in com.nitorcreations.nflow.engine.internal.dao.WorkflowInstanceDaoTest
>>>>>>>>>>>>>>>>>>>
nflow-engine/target/surefire-reports/com.nitorcreations.nflow.engine.internal.executor.ThresholdBlockingQueueTest.txt
<<<<<<<<<<<<<<<<<<<<<
-------------------------------------------------------------------------------
Test set: com.nitorcreations.nflow.engine.internal.executor.ThresholdBlockingQueueTest
-------------------------------------------------------------------------------
Tests run: 4, Failures: 0, Errors: 0, Skipped: 0, Time elapsed: 7.008 sec - in com.nitorcreations.nflow.engine.internal.executor.ThresholdBlockingQueueTest
>>>>>>>>>>>>>>>>>>>
nflow-engine/target/surefire-reports/com.nitorcreations.nflow.engine.internal.executor.WorkflowDispatcherTest-output.txt
<<<<<<<<<<<<<<<<<<<<<
29.01.2022 03:04:53 INFO  [thread Dispatcher] al.executor.WorkflowDispatcher - [user:] Starting.
29.01.2022 03:04:53 INFO  [thread Shutdown] al.executor.WorkflowDispatcher - [user:] Shutdown requested.
29.01.2022 03:04:53 INFO  [thread Shutdown] al.executor.WorkflowDispatcher - [user:] Shutdown interrupted.
29.01.2022 03:04:53 INFO  [thread Dispatcher] al.executor.WorkflowDispatcher - [user:] Shutdown finished.
29.01.2022 03:04:53 INFO  [thread Dispatcher] al.executor.WorkflowDispatcher - [user:] Starting.
29.01.2022 03:04:53 INFO  [thread Shutdown] al.executor.WorkflowDispatcher - [user:] Shutdown requested.
29.01.2022 03:04:53 INFO  [thread Dispatcher] al.executor.WorkflowDispatcher - [user:] Shutdown finished.
29.01.2022 03:04:53 INFO  [thread Dispatcher] al.executor.WorkflowDispatcher - [user:] Starting.
29.01.2022 03:04:53 INFO  [thread Shutdown] al.executor.WorkflowDispatcher - [user:] Shutdown requested.
29.01.2022 03:04:53 INFO  [thread Dispatcher] al.executor.WorkflowDispatcher - [user:] Shutdown finished.
29.01.2022 03:04:53 ERROR [thread Dispatcher] al.executor.WorkflowDispatcher - [user:] Error in shutting down thread pool.
java.lang.RuntimeException: Expected: exception on pool shutdown
	at com.nitorcreations.nflow.engine.internal.executor.WorkflowDispatcher.shutdownPool(WorkflowDispatcher.java:89)
	at com.nitorcreations.nflow.engine.internal.executor.WorkflowDispatcher.run(WorkflowDispatcher.java:70)
	at com.nitorcreations.nflow.engine.internal.executor.WorkflowDispatcherTest$1ExceptionOnPoolShutdownIsNotPropagated.threadDispatcher(WorkflowDispatcherTest.java:220)
	at sun.reflect.NativeMethodAccessorImpl.invoke0(Native Method)
	at sun.reflect.NativeMethodAccessorImpl.invoke(NativeMethodAccessorImpl.java:57)
	at sun.reflect.DelegatingMethodAccessorImpl.invoke(DelegatingMethodAccessorImpl.java:43)
	at java.lang.reflect.Method.invoke(Method.java:606)
	at edu.umd.cs.mtc.TestFramework$2.run(TestFramework.java:592)
	at java.lang.Thread.run(Thread.java:745)
29.01.2022 03:04:53 INFO  [thread Dispatcher] al.executor.WorkflowDispatcher - [user:] Starting.
29.01.2022 03:04:53 INFO  [thread Shutdown] al.executor.WorkflowDispatcher - [user:] Shutdown requested.
29.01.2022 03:04:53 INFO  [thread Dispatcher] al.executor.WorkflowDispatcher - [user:] Shutdown finished.
29.01.2022 03:04:53 INFO  [main] al.executor.WorkflowDispatcher - [user:] Shutdown requested.
29.01.2022 03:04:53 INFO  [thread Dispatcher] al.executor.WorkflowDispatcher - [user:] Starting.
29.01.2022 03:04:53 INFO  [thread Shutdown] al.executor.WorkflowDispatcher - [user:] Shutdown requested.
29.01.2022 03:04:53 INFO  [thread Dispatcher] al.executor.WorkflowDispatcher - [user:] Shutdown finished.
29.01.2022 03:04:53 INFO  [thread Dispatcher] al.executor.WorkflowDispatcher - [user:] Starting.
29.01.2022 03:04:53 INFO  [thread Dispatcher] al.executor.WorkflowDispatcher - [user:] Shutdown finished.
29.01.2022 03:04:53 INFO  [thread Dispatcher] al.executor.WorkflowDispatcher - [user:] Starting.
29.01.2022 03:04:53 ERROR [thread Dispatcher] al.executor.WorkflowDispatcher - [user:] Exception in executing dispatcher - retrying after sleep period (Expected: exception during dispatcher execution)
java.lang.RuntimeException: Expected: exception during dispatcher execution
	at com.nitorcreations.nflow.engine.internal.executor.WorkflowDispatcher.getNextInstanceIds(WorkflowDispatcher.java:110)
	at com.nitorcreations.nflow.engine.internal.executor.WorkflowDispatcher.run(WorkflowDispatcher.java:58)
	at com.nitorcreations.nflow.engine.internal.executor.WorkflowDispatcherTest$1ExceptionDuringDispatcherExecutionCausesRetry.threadDispatcher(WorkflowDispatcherTest.java:81)
	at sun.reflect.NativeMethodAccessorImpl.invoke0(Native Method)
	at sun.reflect.NativeMethodAccessorImpl.invoke(NativeMethodAccessorImpl.java:57)
	at sun.reflect.DelegatingMethodAccessorImpl.invoke(DelegatingMethodAccessorImpl.java:43)
	at java.lang.reflect.Method.invoke(Method.java:606)
	at edu.umd.cs.mtc.TestFramework$2.run(TestFramework.java:592)
	at java.lang.Thread.run(Thread.java:745)
29.01.2022 03:04:53 INFO  [thread Shutdown] al.executor.WorkflowDispatcher - [user:] Shutdown requested.
29.01.2022 03:04:53 INFO  [thread Dispatcher] al.executor.WorkflowDispatcher - [user:] Shutdown finished.
>>>>>>>>>>>>>>>>>>>
nflow-engine/target/surefire-reports/com.nitorcreations.nflow.engine.internal.executor.WorkflowDispatcherTest.txt
<<<<<<<<<<<<<<<<<<<<<
-------------------------------------------------------------------------------
Test set: com.nitorcreations.nflow.engine.internal.executor.WorkflowDispatcherTest
-------------------------------------------------------------------------------
Tests run: 8, Failures: 0, Errors: 0, Skipped: 0, Time elapsed: 0.535 sec - in com.nitorcreations.nflow.engine.internal.executor.WorkflowDispatcherTest
>>>>>>>>>>>>>>>>>>>
nflow-engine/target/surefire-reports/com.nitorcreations.nflow.engine.internal.executor.WorkflowInstanceExecutorTest.txt
<<<<<<<<<<<<<<<<<<<<<
-------------------------------------------------------------------------------
Test set: com.nitorcreations.nflow.engine.internal.executor.WorkflowInstanceExecutorTest
-------------------------------------------------------------------------------
Tests run: 5, Failures: 0, Errors: 0, Skipped: 0, Time elapsed: 0.007 sec - in com.nitorcreations.nflow.engine.internal.executor.WorkflowInstanceExecutorTest
>>>>>>>>>>>>>>>>>>>
nflow-engine/target/surefire-reports/com.nitorcreations.nflow.engine.internal.executor.WorkflowStateProcessorFactoryTest.txt
<<<<<<<<<<<<<<<<<<<<<
-------------------------------------------------------------------------------
Test set: com.nitorcreations.nflow.engine.internal.executor.WorkflowStateProcessorFactoryTest
-------------------------------------------------------------------------------
Tests run: 2, Failures: 0, Errors: 0, Skipped: 0, Time elapsed: 0.031 sec - in com.nitorcreations.nflow.engine.internal.executor.WorkflowStateProcessorFactoryTest
>>>>>>>>>>>>>>>>>>>
nflow-engine/target/surefire-reports/com.nitorcreations.nflow.engine.internal.executor.WorkflowStateProcessorTest-output.txt
<<<<<<<<<<<<<<<<<<<<<
29.01.2022 03:04:53 WARN  [Time-limited test] xecutor.WorkflowStateProcessor - [user:] Workflow type test not configured to this nFlow instance - rescheduling workflow instance
29.01.2022 03:04:53 WARN  [Time-limited test] xecutor.WorkflowStateProcessor - [user:] Workflow state invalid not configured to workflow type simple-test - rescheduling workflow instance
29.01.2022 03:04:53 ERROR [Time-limited test] xecutor.WorkflowStateProcessor - [user:] Handler threw exception, trying again later.
java.lang.RuntimeException: test-fail
	at com.nitorcreations.nflow.engine.internal.executor.WorkflowStateProcessorTest$FailingTestWorkflow.start(WorkflowStateProcessorTest.java:826)
	at sun.reflect.NativeMethodAccessorImpl.invoke0(Native Method)
	at sun.reflect.NativeMethodAccessorImpl.invoke(NativeMethodAccessorImpl.java:57)
	at sun.reflect.DelegatingMethodAccessorImpl.invoke(DelegatingMethodAccessorImpl.java:43)
	at java.lang.reflect.Method.invoke(Method.java:606)
	at org.springframework.util.ReflectionUtils.invokeMethod(ReflectionUtils.java:216)
	at com.nitorcreations.nflow.engine.internal.executor.WorkflowStateProcessor$NormalStateHandler.getNextAction(WorkflowStateProcessor.java:306)
	at com.nitorcreations.nflow.engine.internal.executor.WorkflowStateProcessor$StateHandler.processState(WorkflowStateProcessor.java:350)
	at com.nitorcreations.nflow.engine.internal.executor.WorkflowStateProcessor$ProcessingExecutorListener.process(WorkflowStateProcessor.java:293)
	at com.nitorcreations.nflow.engine.internal.executor.WorkflowStateProcessor$ExecutorListenerChain.next(WorkflowStateProcessor.java:273)
	at com.nitorcreations.nflow.engine.internal.executor.WorkflowStateProcessorTest$2.answer(WorkflowStateProcessorTest.java:343)
	at org.mockito.internal.stubbing.StubbedInvocationMatcher.answer(StubbedInvocationMatcher.java:34)
	at org.mockito.internal.handler.MockHandlerImpl.handle(MockHandlerImpl.java:91)
	at org.mockito.internal.handler.NullResultGuardian.handle(NullResultGuardian.java:29)
	at org.mockito.internal.handler.InvocationNotifierHandler.handle(InvocationNotifierHandler.java:38)
	at org.mockito.internal.creation.cglib.MethodInterceptorFilter.intercept(MethodInterceptorFilter.java:59)
	at com.nitorcreations.nflow.engine.listener.WorkflowExecutorListener$$EnhancerByMockitoWithCGLIB$$b50418ad.process(<generated>)
	at com.nitorcreations.nflow.engine.internal.executor.WorkflowStateProcessor$ExecutorListenerChain.next(WorkflowStateProcessor.java:273)
	at com.nitorcreations.nflow.engine.internal.executor.WorkflowStateProcessorTest$2.answer(WorkflowStateProcessorTest.java:343)
	at org.mockito.internal.stubbing.StubbedInvocationMatcher.answer(StubbedInvocationMatcher.java:34)
	at org.mockito.internal.handler.MockHandlerImpl.handle(MockHandlerImpl.java:91)
	at org.mockito.internal.handler.NullResultGuardian.handle(NullResultGuardian.java:29)
	at org.mockito.internal.handler.InvocationNotifierHandler.handle(InvocationNotifierHandler.java:38)
	at org.mockito.internal.creation.cglib.MethodInterceptorFilter.intercept(MethodInterceptorFilter.java:59)
	at com.nitorcreations.nflow.engine.listener.WorkflowExecutorListener$$EnhancerByMockitoWithCGLIB$$b50418ad.process(<generated>)
	at com.nitorcreations.nflow.engine.internal.executor.WorkflowStateProcessor$ExecutorListenerChain.next(WorkflowStateProcessor.java:273)
	at com.nitorcreations.nflow.engine.internal.executor.WorkflowStateProcessor.processWithListeners(WorkflowStateProcessor.java:258)
	at com.nitorcreations.nflow.engine.internal.executor.WorkflowStateProcessor.runImpl(WorkflowStateProcessor.java:121)
	at com.nitorcreations.nflow.engine.internal.executor.WorkflowStateProcessor.run(WorkflowStateProcessor.java:88)
	at com.nitorcreations.nflow.engine.internal.executor.WorkflowStateProcessorTest.runWorkflowThroughToFailureState(WorkflowStateProcessorTest.java:185)
	at sun.reflect.NativeMethodAccessorImpl.invoke0(Native Method)
	at sun.reflect.NativeMethodAccessorImpl.invoke(NativeMethodAccessorImpl.java:57)
	at sun.reflect.DelegatingMethodAccessorImpl.invoke(DelegatingMethodAccessorImpl.java:43)
	at java.lang.reflect.Method.invoke(Method.java:606)
	at org.junit.runners.model.FrameworkMethod$1.runReflectiveCall(FrameworkMethod.java:50)
	at org.junit.internal.runners.model.ReflectiveCallable.run(ReflectiveCallable.java:12)
	at org.junit.runners.model.FrameworkMethod.invokeExplosively(FrameworkMethod.java:47)
	at org.junit.internal.runners.statements.InvokeMethod.evaluate(InvokeMethod.java:17)
	at org.junit.internal.runners.statements.RunBefores.evaluate(RunBefores.java:26)
	at org.junit.internal.runners.statements.RunAfters.evaluate(RunAfters.java:27)
	at org.junit.internal.runners.statements.FailOnTimeout$CallableStatement.call(FailOnTimeout.java:298)
	at org.junit.internal.runners.statements.FailOnTimeout$CallableStatement.call(FailOnTimeout.java:292)
	at java.util.concurrent.FutureTask.run(FutureTask.java:262)
	at java.lang.Thread.run(Thread.java:745)
29.01.2022 03:04:53 ERROR [Time-limited test] xecutor.WorkflowStateProcessor - [user:] Handler threw exception, trying again later.
java.lang.RuntimeException: test-fail
	at com.nitorcreations.nflow.engine.internal.executor.WorkflowStateProcessorTest$FailingTestWorkflow.start(WorkflowStateProcessorTest.java:826)
	at sun.reflect.NativeMethodAccessorImpl.invoke0(Native Method)
	at sun.reflect.NativeMethodAccessorImpl.invoke(NativeMethodAccessorImpl.java:57)
	at sun.reflect.DelegatingMethodAccessorImpl.invoke(DelegatingMethodAccessorImpl.java:43)
	at java.lang.reflect.Method.invoke(Method.java:606)
	at org.springframework.util.ReflectionUtils.invokeMethod(ReflectionUtils.java:216)
	at com.nitorcreations.nflow.engine.internal.executor.WorkflowStateProcessor$NormalStateHandler.getNextAction(WorkflowStateProcessor.java:306)
	at com.nitorcreations.nflow.engine.internal.executor.WorkflowStateProcessor$StateHandler.processState(WorkflowStateProcessor.java:350)
	at com.nitorcreations.nflow.engine.internal.executor.WorkflowStateProcessor$ProcessingExecutorListener.process(WorkflowStateProcessor.java:293)
	at com.nitorcreations.nflow.engine.internal.executor.WorkflowStateProcessor$ExecutorListenerChain.next(WorkflowStateProcessor.java:273)
	at com.nitorcreations.nflow.engine.internal.executor.WorkflowStateProcessorTest$2.answer(WorkflowStateProcessorTest.java:343)
	at org.mockito.internal.stubbing.StubbedInvocationMatcher.answer(StubbedInvocationMatcher.java:34)
	at org.mockito.internal.handler.MockHandlerImpl.handle(MockHandlerImpl.java:91)
	at org.mockito.internal.handler.NullResultGuardian.handle(NullResultGuardian.java:29)
	at org.mockito.internal.handler.InvocationNotifierHandler.handle(InvocationNotifierHandler.java:38)
	at org.mockito.internal.creation.cglib.MethodInterceptorFilter.intercept(MethodInterceptorFilter.java:59)
	at com.nitorcreations.nflow.engine.listener.WorkflowExecutorListener$$EnhancerByMockitoWithCGLIB$$b50418ad.process(<generated>)
	at com.nitorcreations.nflow.engine.internal.executor.WorkflowStateProcessor$ExecutorListenerChain.next(WorkflowStateProcessor.java:273)
	at com.nitorcreations.nflow.engine.internal.executor.WorkflowStateProcessorTest$2.answer(WorkflowStateProcessorTest.java:343)
	at org.mockito.internal.stubbing.StubbedInvocationMatcher.answer(StubbedInvocationMatcher.java:34)
	at org.mockito.internal.handler.MockHandlerImpl.handle(MockHandlerImpl.java:91)
	at org.mockito.internal.handler.NullResultGuardian.handle(NullResultGuardian.java:29)
	at org.mockito.internal.handler.InvocationNotifierHandler.handle(InvocationNotifierHandler.java:38)
	at org.mockito.internal.creation.cglib.MethodInterceptorFilter.intercept(MethodInterceptorFilter.java:59)
	at com.nitorcreations.nflow.engine.listener.WorkflowExecutorListener$$EnhancerByMockitoWithCGLIB$$b50418ad.process(<generated>)
	at com.nitorcreations.nflow.engine.internal.executor.WorkflowStateProcessor$ExecutorListenerChain.next(WorkflowStateProcessor.java:273)
	at com.nitorcreations.nflow.engine.internal.executor.WorkflowStateProcessor.processWithListeners(WorkflowStateProcessor.java:258)
	at com.nitorcreations.nflow.engine.internal.executor.WorkflowStateProcessor.runImpl(WorkflowStateProcessor.java:121)
	at com.nitorcreations.nflow.engine.internal.executor.WorkflowStateProcessor.run(WorkflowStateProcessor.java:88)
	at com.nitorcreations.nflow.engine.internal.executor.WorkflowStateProcessorTest.failureListenersAreExecutedAfterFailure(WorkflowStateProcessorTest.java:603)
	at sun.reflect.NativeMethodAccessorImpl.invoke0(Native Method)
	at sun.reflect.NativeMethodAccessorImpl.invoke(NativeMethodAccessorImpl.java:57)
	at sun.reflect.DelegatingMethodAccessorImpl.invoke(DelegatingMethodAccessorImpl.java:43)
	at java.lang.reflect.Method.invoke(Method.java:606)
	at org.junit.runners.model.FrameworkMethod$1.runReflectiveCall(FrameworkMethod.java:50)
	at org.junit.internal.runners.model.ReflectiveCallable.run(ReflectiveCallable.java:12)
	at org.junit.runners.model.FrameworkMethod.invokeExplosively(FrameworkMethod.java:47)
	at org.junit.internal.runners.statements.InvokeMethod.evaluate(InvokeMethod.java:17)
	at org.junit.internal.runners.statements.RunBefores.evaluate(RunBefores.java:26)
	at org.junit.internal.runners.statements.RunAfters.evaluate(RunAfters.java:27)
	at org.junit.internal.runners.statements.FailOnTimeout$CallableStatement.call(FailOnTimeout.java:298)
	at org.junit.internal.runners.statements.FailOnTimeout$CallableStatement.call(FailOnTimeout.java:292)
	at java.util.concurrent.FutureTask.run(FutureTask.java:262)
	at java.lang.Thread.run(Thread.java:745)
29.01.2022 03:04:53 ERROR [Time-limited test] xecutor.WorkflowStateProcessor - [user:] State 'processReturnNullNextState' handler method failed to create valid next action, proceeding to error state 'error'
com.nitorcreations.nflow.engine.internal.executor.InvalidNextActionException: Next state can not be null
	at com.nitorcreations.nflow.engine.workflow.definition.NextAction.assertNotNull(NextAction.java:108)
	at com.nitorcreations.nflow.engine.workflow.definition.NextAction.moveToState(NextAction.java:77)
	at com.nitorcreations.nflow.engine.internal.executor.WorkflowStateProcessorTest$FailingTestWorkflow.processReturnNullNextState(WorkflowStateProcessorTest.java:842)
	at sun.reflect.NativeMethodAccessorImpl.invoke0(Native Method)
	at sun.reflect.NativeMethodAccessorImpl.invoke(NativeMethodAccessorImpl.java:57)
	at sun.reflect.DelegatingMethodAccessorImpl.invoke(DelegatingMethodAccessorImpl.java:43)
	at java.lang.reflect.Method.invoke(Method.java:606)
	at org.springframework.util.ReflectionUtils.invokeMethod(ReflectionUtils.java:216)
	at com.nitorcreations.nflow.engine.internal.executor.WorkflowStateProcessor$NormalStateHandler.getNextAction(WorkflowStateProcessor.java:306)
	at com.nitorcreations.nflow.engine.internal.executor.WorkflowStateProcessor$StateHandler.processState(WorkflowStateProcessor.java:350)
	at com.nitorcreations.nflow.engine.internal.executor.WorkflowStateProcessor$ProcessingExecutorListener.process(WorkflowStateProcessor.java:293)
	at com.nitorcreations.nflow.engine.internal.executor.WorkflowStateProcessor$ExecutorListenerChain.next(WorkflowStateProcessor.java:273)
	at com.nitorcreations.nflow.engine.internal.executor.WorkflowStateProcessorTest$2.answer(WorkflowStateProcessorTest.java:343)
	at org.mockito.internal.stubbing.StubbedInvocationMatcher.answer(StubbedInvocationMatcher.java:34)
	at org.mockito.internal.handler.MockHandlerImpl.handle(MockHandlerImpl.java:91)
	at org.mockito.internal.handler.NullResultGuardian.handle(NullResultGuardian.java:29)
	at org.mockito.internal.handler.InvocationNotifierHandler.handle(InvocationNotifierHandler.java:38)
	at org.mockito.internal.creation.cglib.MethodInterceptorFilter.intercept(MethodInterceptorFilter.java:59)
	at com.nitorcreations.nflow.engine.listener.WorkflowExecutorListener$$EnhancerByMockitoWithCGLIB$$b50418ad.process(<generated>)
	at com.nitorcreations.nflow.engine.internal.executor.WorkflowStateProcessor$ExecutorListenerChain.next(WorkflowStateProcessor.java:273)
	at com.nitorcreations.nflow.engine.internal.executor.WorkflowStateProcessorTest$2.answer(WorkflowStateProcessorTest.java:343)
	at org.mockito.internal.stubbing.StubbedInvocationMatcher.answer(StubbedInvocationMatcher.java:34)
	at org.mockito.internal.handler.MockHandlerImpl.handle(MockHandlerImpl.java:91)
	at org.mockito.internal.handler.NullResultGuardian.handle(NullResultGuardian.java:29)
	at org.mockito.internal.handler.InvocationNotifierHandler.handle(InvocationNotifierHandler.java:38)
	at org.mockito.internal.creation.cglib.MethodInterceptorFilter.intercept(MethodInterceptorFilter.java:59)
	at com.nitorcreations.nflow.engine.listener.WorkflowExecutorListener$$EnhancerByMockitoWithCGLIB$$b50418ad.process(<generated>)
	at com.nitorcreations.nflow.engine.internal.executor.WorkflowStateProcessor$ExecutorListenerChain.next(WorkflowStateProcessor.java:273)
	at com.nitorcreations.nflow.engine.internal.executor.WorkflowStateProcessor.processWithListeners(WorkflowStateProcessor.java:258)
	at com.nitorcreations.nflow.engine.internal.executor.WorkflowStateProcessor.runImpl(WorkflowStateProcessor.java:121)
	at com.nitorcreations.nflow.engine.internal.executor.WorkflowStateProcessor.run(WorkflowStateProcessor.java:88)
	at com.nitorcreations.nflow.engine.internal.executor.WorkflowStateProcessorTest.goToErrorStateWhenNextStateIsNull(WorkflowStateProcessorTest.java:353)
	at sun.reflect.NativeMethodAccessorImpl.invoke0(Native Method)
	at sun.reflect.NativeMethodAccessorImpl.invoke(NativeMethodAccessorImpl.java:57)
	at sun.reflect.DelegatingMethodAccessorImpl.invoke(DelegatingMethodAccessorImpl.java:43)
	at java.lang.reflect.Method.invoke(Method.java:606)
	at org.junit.runners.model.FrameworkMethod$1.runReflectiveCall(FrameworkMethod.java:50)
	at org.junit.internal.runners.model.ReflectiveCallable.run(ReflectiveCallable.java:12)
	at org.junit.runners.model.FrameworkMethod.invokeExplosively(FrameworkMethod.java:47)
	at org.junit.internal.runners.statements.InvokeMethod.evaluate(InvokeMethod.java:17)
	at org.junit.internal.runners.statements.RunBefores.evaluate(RunBefores.java:26)
	at org.junit.internal.runners.statements.RunAfters.evaluate(RunAfters.java:27)
	at org.junit.internal.runners.statements.FailOnTimeout$CallableStatement.call(FailOnTimeout.java:298)
	at org.junit.internal.runners.statements.FailOnTimeout$CallableStatement.call(FailOnTimeout.java:292)
	at java.util.concurrent.FutureTask.run(FutureTask.java:262)
	at java.lang.Thread.run(Thread.java:745)
29.01.2022 03:04:53 INFO  [Time-limited test] xecutor.WorkflowStateProcessor - [user:] No handler method defined for end, clearing next activation
29.01.2022 03:04:53 INFO  [Time-limited test] xecutor.WorkflowStateProcessor - [user:] Woke up parent workflow instance 999
29.01.2022 03:04:53 ERROR [Time-limited test] xecutor.WorkflowStateProcessor - [user:] Error in com.nitorcreations.nflow.engine.listener.WorkflowExecutorListener$$EnhancerByMockitoWithCGLIB$$b50418ad.beforeProcessing (null)
java.lang.RuntimeException: null
29.01.2022 03:04:53 ERROR [Time-limited test] xecutor.WorkflowStateProcessor - [user:] Error in com.nitorcreations.nflow.engine.listener.WorkflowExecutorListener$$EnhancerByMockitoWithCGLIB$$b50418ad.afterProcessing (null)
java.lang.RuntimeException: null
29.01.2022 03:04:53 WARN  [Time-limited test] xecutor.WorkflowStateProcessor - [user:] State transition from 'illegalStateChange' to 'start' is not allowed by workflow definition.
29.01.2022 03:04:54 ERROR [Time-limited test] xecutor.WorkflowStateProcessor - [user:] Handler threw exception, trying again later.
java.lang.RuntimeException: test-fail
	at com.nitorcreations.nflow.engine.internal.executor.WorkflowStateProcessorTest$FailingTestWorkflow.start(WorkflowStateProcessorTest.java:826)
	at sun.reflect.NativeMethodAccessorImpl.invoke0(Native Method)
	at sun.reflect.NativeMethodAccessorImpl.invoke(NativeMethodAccessorImpl.java:57)
	at sun.reflect.DelegatingMethodAccessorImpl.invoke(DelegatingMethodAccessorImpl.java:43)
	at java.lang.reflect.Method.invoke(Method.java:606)
	at org.springframework.util.ReflectionUtils.invokeMethod(ReflectionUtils.java:216)
	at com.nitorcreations.nflow.engine.internal.executor.WorkflowStateProcessor$NormalStateHandler.getNextAction(WorkflowStateProcessor.java:306)
	at com.nitorcreations.nflow.engine.internal.executor.WorkflowStateProcessor$StateHandler.processState(WorkflowStateProcessor.java:350)
	at com.nitorcreations.nflow.engine.internal.executor.WorkflowStateProcessor$ProcessingExecutorListener.process(WorkflowStateProcessor.java:293)
	at com.nitorcreations.nflow.engine.internal.executor.WorkflowStateProcessor$ExecutorListenerChain.next(WorkflowStateProcessor.java:273)
	at com.nitorcreations.nflow.engine.internal.executor.WorkflowStateProcessorTest$2.answer(WorkflowStateProcessorTest.java:343)
	at org.mockito.internal.stubbing.StubbedInvocationMatcher.answer(StubbedInvocationMatcher.java:34)
	at org.mockito.internal.handler.MockHandlerImpl.handle(MockHandlerImpl.java:91)
	at org.mockito.internal.handler.NullResultGuardian.handle(NullResultGuardian.java:29)
	at org.mockito.internal.handler.InvocationNotifierHandler.handle(InvocationNotifierHandler.java:38)
	at org.mockito.internal.creation.cglib.MethodInterceptorFilter.intercept(MethodInterceptorFilter.java:59)
	at com.nitorcreations.nflow.engine.listener.WorkflowExecutorListener$$EnhancerByMockitoWithCGLIB$$b50418ad.process(<generated>)
	at com.nitorcreations.nflow.engine.internal.executor.WorkflowStateProcessor$ExecutorListenerChain.next(WorkflowStateProcessor.java:273)
	at com.nitorcreations.nflow.engine.internal.executor.WorkflowStateProcessorTest$2.answer(WorkflowStateProcessorTest.java:343)
	at org.mockito.internal.stubbing.StubbedInvocationMatcher.answer(StubbedInvocationMatcher.java:34)
	at org.mockito.internal.handler.MockHandlerImpl.handle(MockHandlerImpl.java:91)
	at org.mockito.internal.handler.NullResultGuardian.handle(NullResultGuardian.java:29)
	at org.mockito.internal.handler.InvocationNotifierHandler.handle(InvocationNotifierHandler.java:38)
	at org.mockito.internal.creation.cglib.MethodInterceptorFilter.intercept(MethodInterceptorFilter.java:59)
	at com.nitorcreations.nflow.engine.listener.WorkflowExecutorListener$$EnhancerByMockitoWithCGLIB$$b50418ad.process(<generated>)
	at com.nitorcreations.nflow.engine.internal.executor.WorkflowStateProcessor$ExecutorListenerChain.next(WorkflowStateProcessor.java:273)
	at com.nitorcreations.nflow.engine.internal.executor.WorkflowStateProcessor.processWithListeners(WorkflowStateProcessor.java:258)
	at com.nitorcreations.nflow.engine.internal.executor.WorkflowStateProcessor.runImpl(WorkflowStateProcessor.java:121)
	at com.nitorcreations.nflow.engine.internal.executor.WorkflowStateProcessor.run(WorkflowStateProcessor.java:88)
	at com.nitorcreations.nflow.engine.internal.executor.WorkflowStateProcessorTest.runWorkflowThroughOneFailedState(WorkflowStateProcessorTest.java:172)
	at sun.reflect.NativeMethodAccessorImpl.invoke0(Native Method)
	at sun.reflect.NativeMethodAccessorImpl.invoke(NativeMethodAccessorImpl.java:57)
	at sun.reflect.DelegatingMethodAccessorImpl.invoke(DelegatingMethodAccessorImpl.java:43)
	at java.lang.reflect.Method.invoke(Method.java:606)
	at org.junit.runners.model.FrameworkMethod$1.runReflectiveCall(FrameworkMethod.java:50)
	at org.junit.internal.runners.model.ReflectiveCallable.run(ReflectiveCallable.java:12)
	at org.junit.runners.model.FrameworkMethod.invokeExplosively(FrameworkMethod.java:47)
	at org.junit.internal.runners.statements.InvokeMethod.evaluate(InvokeMethod.java:17)
	at org.junit.internal.runners.statements.RunBefores.evaluate(RunBefores.java:26)
	at org.junit.internal.runners.statements.RunAfters.evaluate(RunAfters.java:27)
	at org.junit.internal.runners.statements.FailOnTimeout$CallableStatement.call(FailOnTimeout.java:298)
	at org.junit.internal.runners.statements.FailOnTimeout$CallableStatement.call(FailOnTimeout.java:292)
	at java.util.concurrent.FutureTask.run(FutureTask.java:262)
	at java.lang.Thread.run(Thread.java:745)
29.01.2022 03:04:54 INFO  [Time-limited test] xecutor.WorkflowStateProcessor - [user:] No handler method defined for end, clearing next activation
29.01.2022 03:04:54 WARN  [Time-limited test] xecutor.WorkflowStateProcessor - [user:] Workflow wake-test trying to wake up non existing parent workflow
29.01.2022 03:04:54 WARN  [Time-limited test] xecutor.WorkflowStateProcessor - [user:] Execution lagging 120 seconds.
29.01.2022 03:04:54 ERROR [Time-limited test] xecutor.WorkflowStateProcessor - [user:] State 'illegalStateChange' is not a state of 'failing' workflow definition, proceeding to error state 'error'
29.01.2022 03:04:54 ERROR [Time-limited test] xecutor.WorkflowStateProcessor - [user:] Handler threw exception, trying again later.
java.lang.RuntimeException: test-fail
	at com.nitorcreations.nflow.engine.internal.executor.WorkflowStateProcessorTest$FailingTestWorkflow.start(WorkflowStateProcessorTest.java:826)
	at sun.reflect.NativeMethodAccessorImpl.invoke0(Native Method)
	at sun.reflect.NativeMethodAccessorImpl.invoke(NativeMethodAccessorImpl.java:57)
	at sun.reflect.DelegatingMethodAccessorImpl.invoke(DelegatingMethodAccessorImpl.java:43)
	at java.lang.reflect.Method.invoke(Method.java:606)
	at org.springframework.util.ReflectionUtils.invokeMethod(ReflectionUtils.java:216)
	at com.nitorcreations.nflow.engine.internal.executor.WorkflowStateProcessor$NormalStateHandler.getNextAction(WorkflowStateProcessor.java:306)
	at com.nitorcreations.nflow.engine.internal.executor.WorkflowStateProcessor$StateHandler.processState(WorkflowStateProcessor.java:350)
	at com.nitorcreations.nflow.engine.internal.executor.WorkflowStateProcessor$ProcessingExecutorListener.process(WorkflowStateProcessor.java:293)
	at com.nitorcreations.nflow.engine.internal.executor.WorkflowStateProcessor$ExecutorListenerChain.next(WorkflowStateProcessor.java:273)
	at com.nitorcreations.nflow.engine.internal.executor.WorkflowStateProcessorTest$2.answer(WorkflowStateProcessorTest.java:343)
	at org.mockito.internal.stubbing.StubbedInvocationMatcher.answer(StubbedInvocationMatcher.java:34)
	at org.mockito.internal.handler.MockHandlerImpl.handle(MockHandlerImpl.java:91)
	at org.mockito.internal.handler.NullResultGuardian.handle(NullResultGuardian.java:29)
	at org.mockito.internal.handler.InvocationNotifierHandler.handle(InvocationNotifierHandler.java:38)
	at org.mockito.internal.creation.cglib.MethodInterceptorFilter.intercept(MethodInterceptorFilter.java:59)
	at com.nitorcreations.nflow.engine.listener.WorkflowExecutorListener$$EnhancerByMockitoWithCGLIB$$b50418ad.process(<generated>)
	at com.nitorcreations.nflow.engine.internal.executor.WorkflowStateProcessor$ExecutorListenerChain.next(WorkflowStateProcessor.java:273)
	at com.nitorcreations.nflow.engine.internal.executor.WorkflowStateProcessorTest$2.answer(WorkflowStateProcessorTest.java:343)
	at org.mockito.internal.stubbing.StubbedInvocationMatcher.answer(StubbedInvocationMatcher.java:34)
	at org.mockito.internal.handler.MockHandlerImpl.handle(MockHandlerImpl.java:91)
	at org.mockito.internal.handler.NullResultGuardian.handle(NullResultGuardian.java:29)
	at org.mockito.internal.handler.InvocationNotifierHandler.handle(InvocationNotifierHandler.java:38)
	at org.mockito.internal.creation.cglib.MethodInterceptorFilter.intercept(MethodInterceptorFilter.java:59)
	at com.nitorcreations.nflow.engine.listener.WorkflowExecutorListener$$EnhancerByMockitoWithCGLIB$$b50418ad.process(<generated>)
	at com.nitorcreations.nflow.engine.internal.executor.WorkflowStateProcessor$ExecutorListenerChain.next(WorkflowStateProcessor.java:273)
	at com.nitorcreations.nflow.engine.internal.executor.WorkflowStateProcessor.processWithListeners(WorkflowStateProcessor.java:258)
	at com.nitorcreations.nflow.engine.internal.executor.WorkflowStateProcessor.runImpl(WorkflowStateProcessor.java:121)
	at com.nitorcreations.nflow.engine.internal.executor.WorkflowStateProcessor.run(WorkflowStateProcessor.java:88)
	at com.nitorcreations.nflow.engine.internal.executor.WorkflowStateProcessorTest.continueProcessingWhenAfterFailureListenerThrowsException(WorkflowStateProcessorTest.java:457)
	at sun.reflect.NativeMethodAccessorImpl.invoke0(Native Method)
	at sun.reflect.NativeMethodAccessorImpl.invoke(NativeMethodAccessorImpl.java:57)
	at sun.reflect.DelegatingMethodAccessorImpl.invoke(DelegatingMethodAccessorImpl.java:43)
	at java.lang.reflect.Method.invoke(Method.java:606)
	at org.junit.runners.model.FrameworkMethod$1.runReflectiveCall(FrameworkMethod.java:50)
	at org.junit.internal.runners.model.ReflectiveCallable.run(ReflectiveCallable.java:12)
	at org.junit.runners.model.FrameworkMethod.invokeExplosively(FrameworkMethod.java:47)
	at org.junit.internal.runners.statements.InvokeMethod.evaluate(InvokeMethod.java:17)
	at org.junit.internal.runners.statements.RunBefores.evaluate(RunBefores.java:26)
	at org.junit.internal.runners.statements.RunAfters.evaluate(RunAfters.java:27)
	at org.junit.internal.runners.statements.FailOnTimeout$CallableStatement.call(FailOnTimeout.java:298)
	at org.junit.internal.runners.statements.FailOnTimeout$CallableStatement.call(FailOnTimeout.java:292)
	at java.util.concurrent.FutureTask.run(FutureTask.java:262)
	at java.lang.Thread.run(Thread.java:745)
29.01.2022 03:04:54 ERROR [Time-limited test] xecutor.WorkflowStateProcessor - [user:] Error in com.nitorcreations.nflow.engine.listener.WorkflowExecutorListener$$EnhancerByMockitoWithCGLIB$$b50418ad.afterFailure (null)
java.lang.RuntimeException: null
29.01.2022 03:04:54 INFO  [Time-limited test] xecutor.WorkflowStateProcessor - [user:] No handler method defined for end, clearing next activation
29.01.2022 03:04:54 WARN  [Time-limited test] xecutor.WorkflowStateProcessor - [user:] Failed to wake up parent workflow instance 999
29.01.2022 03:04:54 INFO  [Time-limited test] xecutor.WorkflowStateProcessor - [user:] No handler method defined for manualState, clearing next activation
29.01.2022 03:04:54 INFO  [Time-limited test] xecutor.WorkflowStateProcessor - [user:] No handler method defined for noMethodEndState, clearing next activation
29.01.2022 03:04:54 ERROR [Time-limited test] xecutor.WorkflowStateProcessor - [user:] State 'processReturnNull' handler method returned null, proceeding to error state 'error'
29.01.2022 03:04:54 WARN  [Time-limited test] xecutor.WorkflowStateProcessor - [user:] State transition from 'illegalStateChange' to 'start' is not allowed by workflow definition.
Executing error state
>>>>>>>>>>>>>>>>>>>
nflow-engine/target/surefire-reports/com.nitorcreations.nflow.engine.internal.executor.WorkflowStateProcessorTest.txt
<<<<<<<<<<<<<<<<<<<<<
-------------------------------------------------------------------------------
Test set: com.nitorcreations.nflow.engine.internal.executor.WorkflowStateProcessorTest
-------------------------------------------------------------------------------
Tests run: 30, Failures: 0, Errors: 0, Skipped: 1, Time elapsed: 0.345 sec - in com.nitorcreations.nflow.engine.internal.executor.WorkflowStateProcessorTest
>>>>>>>>>>>>>>>>>>>
nflow-engine/target/surefire-reports/com.nitorcreations.nflow.engine.internal.storage.db.DatabaseInitializerTest-output.txt
<<<<<<<<<<<<<<<<<<<<<
29.01.2022 03:05:01 INFO  [main] storage.db.DatabaseInitializer - [user:] Creating database populator using script 'scripts/db/fails.create.ddl.sql'
29.01.2022 03:05:01 ERROR [main] h2database                     - [user:] jdbc[3] exception
org.h2.jdbc.JdbcSQLException: Table "FOO" already exists; SQL statement:
create table foo [42101-191]
	at org.h2.message.DbException.getJdbcSQLException(DbException.java:345)
	at org.h2.message.DbException.get(DbException.java:179)
	at org.h2.message.DbException.get(DbException.java:155)
	at org.h2.command.ddl.CreateTable.update(CreateTable.java:115)
	at org.h2.command.CommandContainer.update(CommandContainer.java:98)
	at org.h2.command.Command.executeUpdate(Command.java:258)
	at org.h2.jdbc.JdbcStatement.executeInternal(JdbcStatement.java:184)
	at org.h2.jdbc.JdbcStatement.execute(JdbcStatement.java:158)
	at com.zaxxer.hikari.proxy.StatementProxy.execute(StatementProxy.java:83)
	at com.zaxxer.hikari.proxy.HikariStatementProxy.execute(HikariStatementProxy.java)
	at org.springframework.jdbc.datasource.init.ScriptUtils.executeSqlScript(ScriptUtils.java:473)
	at org.springframework.jdbc.datasource.init.ResourceDatabasePopulator.populate(ResourceDatabasePopulator.java:231)
	at org.springframework.jdbc.datasource.init.DatabasePopulatorUtils.execute(DatabasePopulatorUtils.java:48)
	at com.nitorcreations.nflow.engine.internal.storage.db.DatabaseInitializer.populate(DatabaseInitializer.java:30)
	at com.nitorcreations.nflow.engine.internal.storage.db.DatabaseInitializer.<init>(DatabaseInitializer.java:25)
	at com.nitorcreations.nflow.engine.internal.storage.db.DatabaseInitializerTest.databaseCreationDoesNotThrowExceptionWhenDatabaseIsAlreadyCreated(DatabaseInitializerTest.java:39)
	at sun.reflect.NativeMethodAccessorImpl.invoke0(Native Method)
	at sun.reflect.NativeMethodAccessorImpl.invoke(NativeMethodAccessorImpl.java:57)
	at sun.reflect.DelegatingMethodAccessorImpl.invoke(DelegatingMethodAccessorImpl.java:43)
	at java.lang.reflect.Method.invoke(Method.java:606)
	at org.junit.runners.model.FrameworkMethod$1.runReflectiveCall(FrameworkMethod.java:50)
	at org.junit.internal.runners.model.ReflectiveCallable.run(ReflectiveCallable.java:12)
	at org.junit.runners.model.FrameworkMethod.invokeExplosively(FrameworkMethod.java:47)
	at org.junit.internal.runners.statements.InvokeMethod.evaluate(InvokeMethod.java:17)
	at org.springframework.test.context.junit4.statements.RunBeforeTestMethodCallbacks.evaluate(RunBeforeTestMethodCallbacks.java:75)
	at org.springframework.test.context.junit4.statements.RunAfterTestMethodCallbacks.evaluate(RunAfterTestMethodCallbacks.java:86)
	at org.junit.rules.ExpectedException$ExpectedExceptionStatement.evaluate(ExpectedException.java:239)
	at org.junit.rules.RunRules.evaluate(RunRules.java:20)
	at org.springframework.test.context.junit4.statements.SpringRepeat.evaluate(SpringRepeat.java:84)
	at org.junit.runners.ParentRunner.runLeaf(ParentRunner.java:325)
	at org.springframework.test.context.junit4.SpringJUnit4ClassRunner.runChild(SpringJUnit4ClassRunner.java:254)
	at org.springframework.test.context.junit4.SpringJUnit4ClassRunner.runChild(SpringJUnit4ClassRunner.java:89)
	at org.junit.runners.ParentRunner$3.run(ParentRunner.java:290)
	at org.junit.runners.ParentRunner$1.schedule(ParentRunner.java:71)
	at org.junit.runners.ParentRunner.runChildren(ParentRunner.java:288)
	at org.junit.runners.ParentRunner.access$000(ParentRunner.java:58)
	at org.junit.runners.ParentRunner$2.evaluate(ParentRunner.java:268)
	at org.springframework.test.context.junit4.statements.RunBeforeTestClassCallbacks.evaluate(RunBeforeTestClassCallbacks.java:61)
	at org.springframework.test.context.junit4.statements.RunAfterTestClassCallbacks.evaluate(RunAfterTestClassCallbacks.java:70)
	at org.junit.runners.ParentRunner.run(ParentRunner.java:363)
	at org.springframework.test.context.junit4.SpringJUnit4ClassRunner.run(SpringJUnit4ClassRunner.java:193)
	at org.apache.maven.surefire.junit4.JUnit4Provider.execute(JUnit4Provider.java:367)
	at org.apache.maven.surefire.junit4.JUnit4Provider.executeWithRerun(JUnit4Provider.java:274)
	at org.apache.maven.surefire.junit4.JUnit4Provider.executeTestSet(JUnit4Provider.java:238)
	at org.apache.maven.surefire.junit4.JUnit4Provider.invoke(JUnit4Provider.java:161)
	at org.apache.maven.surefire.booter.ForkedBooter.invokeProviderInSameClassLoader(ForkedBooter.java:290)
	at org.apache.maven.surefire.booter.ForkedBooter.runSuitesInProcess(ForkedBooter.java:242)
	at org.apache.maven.surefire.booter.ForkedBooter.main(ForkedBooter.java:121)
29.01.2022 03:05:01 WARN  [main] storage.db.DatabaseInitializer - [user:] Failed to create the database, possibly already created: Failed to execute SQL script statement #2 of class path resource [scripts/db/fails.create.ddl.sql]: create table foo; nested exception is org.h2.jdbc.JdbcSQLException: Table "FOO" already exists; SQL statement:
create table foo [42101-191]
>>>>>>>>>>>>>>>>>>>
nflow-engine/target/surefire-reports/com.nitorcreations.nflow.engine.internal.storage.db.DatabaseInitializerTest.txt
<<<<<<<<<<<<<<<<<<<<<
-------------------------------------------------------------------------------
Test set: com.nitorcreations.nflow.engine.internal.storage.db.DatabaseInitializerTest
-------------------------------------------------------------------------------
Tests run: 3, Failures: 0, Errors: 0, Skipped: 0, Time elapsed: 0.037 sec - in com.nitorcreations.nflow.engine.internal.storage.db.DatabaseInitializerTest
>>>>>>>>>>>>>>>>>>>
nflow-engine/target/surefire-reports/com.nitorcreations.nflow.engine.internal.util.PeriodicLoggerTest.txt
<<<<<<<<<<<<<<<<<<<<<
-------------------------------------------------------------------------------
Test set: com.nitorcreations.nflow.engine.internal.util.PeriodicLoggerTest
-------------------------------------------------------------------------------
Tests run: 3, Failures: 0, Errors: 0, Skipped: 0, Time elapsed: 0.022 sec - in com.nitorcreations.nflow.engine.internal.util.PeriodicLoggerTest
>>>>>>>>>>>>>>>>>>>
nflow-engine/target/surefire-reports/com.nitorcreations.nflow.engine.internal.workflow.StateExecutionImplTest.txt
<<<<<<<<<<<<<<<<<<<<<
-------------------------------------------------------------------------------
Test set: com.nitorcreations.nflow.engine.internal.workflow.StateExecutionImplTest
-------------------------------------------------------------------------------
Tests run: 7, Failures: 0, Errors: 0, Skipped: 0, Time elapsed: 0.014 sec - in com.nitorcreations.nflow.engine.internal.workflow.StateExecutionImplTest
>>>>>>>>>>>>>>>>>>>
nflow-engine/target/surefire-reports/com.nitorcreations.nflow.engine.internal.workflow.WorkflowDefinitionScannerTest.txt
<<<<<<<<<<<<<<<<<<<<<
-------------------------------------------------------------------------------
Test set: com.nitorcreations.nflow.engine.internal.workflow.WorkflowDefinitionScannerTest
-------------------------------------------------------------------------------
Tests run: 7, Failures: 0, Errors: 0, Skipped: 0, Time elapsed: 0.012 sec - in com.nitorcreations.nflow.engine.internal.workflow.WorkflowDefinitionScannerTest
>>>>>>>>>>>>>>>>>>>
nflow-engine/target/surefire-reports/com.nitorcreations.nflow.engine.service.ArchiveServiceTest-output.txt
<<<<<<<<<<<<<<<<<<<<<
29.01.2022 03:05:01 INFO  [main] .engine.service.ArchiveService - [user:] Archiving starting. Archiving passive workflows older than 2015-07-10T19:57:00.000Z, in batches of 10.
29.01.2022 03:05:01 INFO  [main] .engine.service.ArchiveService - [user:] Archived 10 workflows. Archiving about 1.0E7 workflows / second.
29.01.2022 03:05:01 INFO  [main] .engine.service.ArchiveService - [user:] Archiving finished. Archived 30 workflows in 0 seconds.
29.01.2022 03:05:01 INFO  [main] .engine.service.ArchiveService - [user:] Archiving starting. Archiving passive workflows older than 2015-07-10T19:57:00.000Z, in batches of 10.
29.01.2022 03:05:01 INFO  [main] .engine.service.ArchiveService - [user:] Archiving finished. Archived 0 workflows in 0 seconds.
>>>>>>>>>>>>>>>>>>>
nflow-engine/target/surefire-reports/com.nitorcreations.nflow.engine.service.ArchiveServiceTest.txt
<<<<<<<<<<<<<<<<<<<<<
-------------------------------------------------------------------------------
Test set: com.nitorcreations.nflow.engine.service.ArchiveServiceTest
-------------------------------------------------------------------------------
Tests run: 3, Failures: 0, Errors: 0, Skipped: 0, Time elapsed: 0.01 sec - in com.nitorcreations.nflow.engine.service.ArchiveServiceTest
>>>>>>>>>>>>>>>>>>>
nflow-engine/target/surefire-reports/com.nitorcreations.nflow.engine.service.HealthCheckServiceTest.txt
<<<<<<<<<<<<<<<<<<<<<
-------------------------------------------------------------------------------
Test set: com.nitorcreations.nflow.engine.service.HealthCheckServiceTest
-------------------------------------------------------------------------------
Tests run: 1, Failures: 0, Errors: 0, Skipped: 0, Time elapsed: 0.003 sec - in com.nitorcreations.nflow.engine.service.HealthCheckServiceTest
>>>>>>>>>>>>>>>>>>>
nflow-engine/target/surefire-reports/com.nitorcreations.nflow.engine.service.StatisticsServiceTest.txt
<<<<<<<<<<<<<<<<<<<<<
-------------------------------------------------------------------------------
Test set: com.nitorcreations.nflow.engine.service.StatisticsServiceTest
-------------------------------------------------------------------------------
Tests run: 2, Failures: 0, Errors: 0, Skipped: 0, Time elapsed: 0.01 sec - in com.nitorcreations.nflow.engine.service.StatisticsServiceTest
>>>>>>>>>>>>>>>>>>>
nflow-engine/target/surefire-reports/com.nitorcreations.nflow.engine.service.WorkflowDefinitionServiceTest-output.txt
<<<<<<<<<<<<<<<<<<<<<
29.01.2022 03:05:01 INFO  [main] vice.WorkflowDefinitionService - [user:] Preparing workflow com.nitorcreations.nflow.engine.service.DummyTestWorkflow
29.01.2022 03:05:01 INFO  [main] vice.WorkflowDefinitionService - [user:] Added workflow type: dummy (com.nitorcreations.nflow.engine.service.DummyTestWorkflow)
29.01.2022 03:05:01 INFO  [main] vice.WorkflowDefinitionService - [user:] Preparing workflow com.nitorcreations.nflow.engine.service.DummyTestWorkflow
29.01.2022 03:05:01 INFO  [main] vice.WorkflowDefinitionService - [user:] Preparing workflow com.nitorcreations.nflow.engine.service.DummyTestWorkflow
29.01.2022 03:05:01 INFO  [main] vice.WorkflowDefinitionService - [user:] Added workflow type: dummy (com.nitorcreations.nflow.engine.service.DummyTestWorkflow)
29.01.2022 03:05:01 INFO  [main] vice.WorkflowDefinitionService - [user:] No non-Spring workflow definitions
29.01.2022 03:05:01 INFO  [main] vice.WorkflowDefinitionService - [user:] Preparing workflow com.nitorcreations.nflow.engine.service.DummyTestWorkflow
29.01.2022 03:05:01 INFO  [main] vice.WorkflowDefinitionService - [user:] Added workflow type: dummy (com.nitorcreations.nflow.engine.service.DummyTestWorkflow)
29.01.2022 03:05:01 INFO  [main] vice.WorkflowDefinitionService - [user:] Preparing workflow com.nitorcreations.nflow.engine.service.DummyTestWorkflow
29.01.2022 03:05:01 INFO  [main] vice.WorkflowDefinitionService - [user:] Added workflow type: dummy (com.nitorcreations.nflow.engine.service.DummyTestWorkflow)
29.01.2022 03:05:01 INFO  [main] vice.WorkflowDefinitionService - [user:] Preparing workflow com.nitorcreations.nflow.engine.service.DummyTestWorkflow
29.01.2022 03:05:01 INFO  [main] vice.WorkflowDefinitionService - [user:] Added workflow type: dummy (com.nitorcreations.nflow.engine.service.DummyTestWorkflow)
>>>>>>>>>>>>>>>>>>>
nflow-engine/target/surefire-reports/com.nitorcreations.nflow.engine.service.WorkflowDefinitionServiceTest.txt
<<<<<<<<<<<<<<<<<<<<<
-------------------------------------------------------------------------------
Test set: com.nitorcreations.nflow.engine.service.WorkflowDefinitionServiceTest
-------------------------------------------------------------------------------
Tests run: 5, Failures: 0, Errors: 0, Skipped: 0, Time elapsed: 0.021 sec - in com.nitorcreations.nflow.engine.service.WorkflowDefinitionServiceTest
>>>>>>>>>>>>>>>>>>>
nflow-engine/target/surefire-reports/com.nitorcreations.nflow.engine.service.WorkflowDefinitionServiceWithSpringTest-output.txt
<<<<<<<<<<<<<<<<<<<<<
29.01.2022 03:05:01 INFO  [main] vice.WorkflowDefinitionService - [user:] Added workflow type: springdummy (com.nitorcreations.nflow.engine.service.SpringDummyTestWorkflow)
29.01.2022 03:05:01 INFO  [main] vice.WorkflowDefinitionService - [user:] No non-Spring workflow definitions
>>>>>>>>>>>>>>>>>>>
nflow-engine/target/surefire-reports/com.nitorcreations.nflow.engine.service.WorkflowDefinitionServiceWithSpringTest.txt
<<<<<<<<<<<<<<<<<<<<<
-------------------------------------------------------------------------------
Test set: com.nitorcreations.nflow.engine.service.WorkflowDefinitionServiceWithSpringTest
-------------------------------------------------------------------------------
Tests run: 1, Failures: 0, Errors: 0, Skipped: 0, Time elapsed: 0.176 sec - in com.nitorcreations.nflow.engine.service.WorkflowDefinitionServiceWithSpringTest
>>>>>>>>>>>>>>>>>>>
nflow-engine/target/surefire-reports/com.nitorcreations.nflow.engine.service.WorkflowExecutorServiceTest.txt
<<<<<<<<<<<<<<<<<<<<<
-------------------------------------------------------------------------------
Test set: com.nitorcreations.nflow.engine.service.WorkflowExecutorServiceTest
-------------------------------------------------------------------------------
Tests run: 1, Failures: 0, Errors: 0, Skipped: 0, Time elapsed: 0.005 sec - in com.nitorcreations.nflow.engine.service.WorkflowExecutorServiceTest
>>>>>>>>>>>>>>>>>>>
nflow-engine/target/surefire-reports/com.nitorcreations.nflow.engine.service.WorkflowInstanceServiceTest.txt
<<<<<<<<<<<<<<<<<<<<<
-------------------------------------------------------------------------------
Test set: com.nitorcreations.nflow.engine.service.WorkflowInstanceServiceTest
-------------------------------------------------------------------------------
Tests run: 9, Failures: 0, Errors: 0, Skipped: 0, Time elapsed: 0.031 sec - in com.nitorcreations.nflow.engine.service.WorkflowInstanceServiceTest
>>>>>>>>>>>>>>>>>>>
nflow-engine/target/surefire-reports/com.nitorcreations.nflow.engine.workflow.definition.AbstractWorkflowDefinitionTest.txt
<<<<<<<<<<<<<<<<<<<<<
-------------------------------------------------------------------------------
Test set: com.nitorcreations.nflow.engine.workflow.definition.AbstractWorkflowDefinitionTest
-------------------------------------------------------------------------------
Tests run: 15, Failures: 0, Errors: 0, Skipped: 0, Time elapsed: 0.014 sec - in com.nitorcreations.nflow.engine.workflow.definition.AbstractWorkflowDefinitionTest
>>>>>>>>>>>>>>>>>>>
nflow-engine/target/surefire-reports/com.nitorcreations.nflow.engine.workflow.definition.MutableTest.txt
<<<<<<<<<<<<<<<<<<<<<
-------------------------------------------------------------------------------
Test set: com.nitorcreations.nflow.engine.workflow.definition.MutableTest
-------------------------------------------------------------------------------
Tests run: 3, Failures: 0, Errors: 0, Skipped: 0, Time elapsed: 0 sec - in com.nitorcreations.nflow.engine.workflow.definition.MutableTest
>>>>>>>>>>>>>>>>>>>
nflow-engine/target/surefire-reports/com.nitorcreations.nflow.engine.workflow.definition.NextActionTest.txt
<<<<<<<<<<<<<<<<<<<<<
-------------------------------------------------------------------------------
Test set: com.nitorcreations.nflow.engine.workflow.definition.NextActionTest
-------------------------------------------------------------------------------
Tests run: 6, Failures: 0, Errors: 0, Skipped: 0, Time elapsed: 0.001 sec - in com.nitorcreations.nflow.engine.workflow.definition.NextActionTest
>>>>>>>>>>>>>>>>>>>
nflow-engine/target/surefire-reports/com.nitorcreations.nflow.engine.workflow.definition.WorkflowDefinitionTest.txt
<<<<<<<<<<<<<<<<<<<<<
-------------------------------------------------------------------------------
Test set: com.nitorcreations.nflow.engine.workflow.definition.WorkflowDefinitionTest
-------------------------------------------------------------------------------
Tests run: 15, Failures: 0, Errors: 0, Skipped: 0, Time elapsed: 0.021 sec - in com.nitorcreations.nflow.engine.workflow.definition.WorkflowDefinitionTest
>>>>>>>>>>>>>>>>>>>
nflow-engine/target/surefire-reports/com.nitorcreations.nflow.engine.workflow.definition.WorkflowSettingsTest.txt
<<<<<<<<<<<<<<<<<<<<<
-------------------------------------------------------------------------------
Test set: com.nitorcreations.nflow.engine.workflow.definition.WorkflowSettingsTest
-------------------------------------------------------------------------------
Tests run: 2, Failures: 0, Errors: 0, Skipped: 0, Time elapsed: 0.003 sec - in com.nitorcreations.nflow.engine.workflow.definition.WorkflowSettingsTest
>>>>>>>>>>>>>>>>>>>
nflow-engine/target/surefire-reports/com.nitorcreations.nflow.engine.workflow.definition.WorkflowStateTypeTest.txt
<<<<<<<<<<<<<<<<<<<<<
-------------------------------------------------------------------------------
Test set: com.nitorcreations.nflow.engine.workflow.definition.WorkflowStateTypeTest
-------------------------------------------------------------------------------
Tests run: 4, Failures: 0, Errors: 0, Skipped: 0, Time elapsed: 0.001 sec - in com.nitorcreations.nflow.engine.workflow.definition.WorkflowStateTypeTest
>>>>>>>>>>>>>>>>>>>
nflow-engine/target/surefire-reports/com.nitorcreations.nflow.engine.workflow.instance.WorkflowInstanceFactoryTest.txt
<<<<<<<<<<<<<<<<<<<<<
-------------------------------------------------------------------------------
Test set: com.nitorcreations.nflow.engine.workflow.instance.WorkflowInstanceFactoryTest
-------------------------------------------------------------------------------
Tests run: 1, Failures: 0, Errors: 0, Skipped: 0, Time elapsed: 0 sec - in com.nitorcreations.nflow.engine.workflow.instance.WorkflowInstanceFactoryTest
>>>>>>>>>>>>>>>>>>>
nflow-engine/target/surefire-reports/com.nitorcreations.nflow.engine.workflow.instance.WorkflowInstanceTest.txt
<<<<<<<<<<<<<<<<<<<<<
-------------------------------------------------------------------------------
Test set: com.nitorcreations.nflow.engine.workflow.instance.WorkflowInstanceTest
-------------------------------------------------------------------------------
Tests run: 1, Failures: 0, Errors: 0, Skipped: 0, Time elapsed: 0 sec - in com.nitorcreations.nflow.engine.workflow.instance.WorkflowInstanceTest
>>>>>>>>>>>>>>>>>>>
nflow-engine/target/surefire-reports/com.nitorcreations.nflow.engine.workflow.WorkflowInstancePreProcessorTest.txt
<<<<<<<<<<<<<<<<<<<<<
-------------------------------------------------------------------------------
Test set: com.nitorcreations.nflow.engine.workflow.WorkflowInstancePreProcessorTest
-------------------------------------------------------------------------------
Tests run: 5, Failures: 0, Errors: 0, Skipped: 0, Time elapsed: 0.003 sec - in com.nitorcreations.nflow.engine.workflow.WorkflowInstancePreProcessorTest
>>>>>>>>>>>>>>>>>>>
nflow-jetty/target/surefire-reports/com.nitorcreations.nflow.jetty.config.NflowJettyConfigurationTest.txt
<<<<<<<<<<<<<<<<<<<<<
-------------------------------------------------------------------------------
Test set: com.nitorcreations.nflow.jetty.config.NflowJettyConfigurationTest
-------------------------------------------------------------------------------
Tests run: 1, Failures: 0, Errors: 0, Skipped: 0, Time elapsed: 0.458 sec - in com.nitorcreations.nflow.jetty.config.NflowJettyConfigurationTest
>>>>>>>>>>>>>>>>>>>
nflow-jetty/target/surefire-reports/com.nitorcreations.nflow.jetty.mapper.BadRequestExceptionMapperTest.txt
<<<<<<<<<<<<<<<<<<<<<
-------------------------------------------------------------------------------
Test set: com.nitorcreations.nflow.jetty.mapper.BadRequestExceptionMapperTest
-------------------------------------------------------------------------------
Tests run: 1, Failures: 0, Errors: 0, Skipped: 0, Time elapsed: 0.174 sec - in com.nitorcreations.nflow.jetty.mapper.BadRequestExceptionMapperTest
>>>>>>>>>>>>>>>>>>>
nflow-jetty/target/surefire-reports/com.nitorcreations.nflow.jetty.mapper.CustomValidationExceptionMapperTest-output.txt
<<<<<<<<<<<<<<<<<<<<<
2022-01-29 03:05:15 WARN  [main] ustomValidationExceptionMapper - [] CustomValidationExceptionMapperTest.violationPath: violationMessage
2022-01-29 03:05:15 WARN  [main] ustomValidationExceptionMapper - [] CustomValidationExceptionMapperTest.violationPath: violationMessage
>>>>>>>>>>>>>>>>>>>
nflow-jetty/target/surefire-reports/com.nitorcreations.nflow.jetty.mapper.CustomValidationExceptionMapperTest.txt
<<<<<<<<<<<<<<<<<<<<<
-------------------------------------------------------------------------------
Test set: com.nitorcreations.nflow.jetty.mapper.CustomValidationExceptionMapperTest
-------------------------------------------------------------------------------
Tests run: 3, Failures: 0, Errors: 0, Skipped: 0, Time elapsed: 0.042 sec - in com.nitorcreations.nflow.jetty.mapper.CustomValidationExceptionMapperTest
>>>>>>>>>>>>>>>>>>>
nflow-jetty/target/surefire-reports/com.nitorcreations.nflow.jetty.mapper.NotFoundExceptionMapperTest.txt
<<<<<<<<<<<<<<<<<<<<<
-------------------------------------------------------------------------------
Test set: com.nitorcreations.nflow.jetty.mapper.NotFoundExceptionMapperTest
-------------------------------------------------------------------------------
Tests run: 1, Failures: 0, Errors: 0, Skipped: 0, Time elapsed: 0.001 sec - in com.nitorcreations.nflow.jetty.mapper.NotFoundExceptionMapperTest
>>>>>>>>>>>>>>>>>>>
nflow-jetty/target/surefire-reports/com.nitorcreations.nflow.jetty.spring.NflowStandardEnvironmentTest-output.txt
<<<<<<<<<<<<<<<<<<<<<
2022-01-29 03:05:15 INFO  [main] pring.NflowStandardEnvironment - [] Failed to initialize environment-specific properties from resource common.properties
2022-01-29 03:05:15 INFO  [main] pring.NflowStandardEnvironment - [] Failed to initialize environment-specific properties from resource common.properties
2022-01-29 03:05:15 INFO  [main] pring.NflowStandardEnvironment - [] Failed to initialize environment-specific properties from resource common.properties
2022-01-29 03:05:15 INFO  [main] pring.NflowStandardEnvironment - [] Failed to initialize environment-specific properties from resource common.properties
2022-01-29 03:05:15 INFO  [main] pring.NflowStandardEnvironment - [] Failed to initialize environment-specific properties from resource common.properties
2022-01-29 03:05:15 INFO  [main] pring.NflowStandardEnvironment - [] Using external configuration file: /external.properties
2022-01-29 03:05:15 INFO  [main] pring.NflowStandardEnvironment - [] Failed to initialize environment-specific properties from resource common.properties
>>>>>>>>>>>>>>>>>>>
nflow-jetty/target/surefire-reports/com.nitorcreations.nflow.jetty.spring.NflowStandardEnvironmentTest.txt
<<<<<<<<<<<<<<<<<<<<<
-------------------------------------------------------------------------------
Test set: com.nitorcreations.nflow.jetty.spring.NflowStandardEnvironmentTest
-------------------------------------------------------------------------------
Tests run: 7, Failures: 0, Errors: 0, Skipped: 0, Time elapsed: 0.125 sec - in com.nitorcreations.nflow.jetty.spring.NflowStandardEnvironmentTest
>>>>>>>>>>>>>>>>>>>
nflow-jetty/target/surefire-reports/com.nitorcreations.nflow.jetty.StartNflowTest-output.txt
<<<<<<<<<<<<<<<<<<<<<
2022-01-29 03:05:15 INFO  [main] pring.NflowStandardEnvironment - [] Failed to initialize environment-specific properties from resource common.properties
>>>>>>>>>>>>>>>>>>>
nflow-jetty/target/surefire-reports/com.nitorcreations.nflow.jetty.StartNflowTest.txt
<<<<<<<<<<<<<<<<<<<<<
-------------------------------------------------------------------------------
Test set: com.nitorcreations.nflow.jetty.StartNflowTest
-------------------------------------------------------------------------------
Tests run: 4, Failures: 0, Errors: 1, Skipped: 3, Time elapsed: 0.27 sec <<< FAILURE! - in com.nitorcreations.nflow.jetty.StartNflowTest
startNflowJettyToRandomFreeLocalPort(com.nitorcreations.nflow.jetty.StartNflowTest)  Time elapsed: 0.268 sec  <<< ERROR!
java.lang.UnsupportedClassVersionError: org/eclipse/jetty/server/Server : Unsupported major.minor version 52.0
	at com.nitorcreations.nflow.jetty.StartNflowTest.initJettyStart(StartNflowTest.java:27)
	at com.nitorcreations.nflow.jetty.StartNflowTest.startNflowJettyToRandomFreeLocalPort(StartNflowTest.java:17)

>>>>>>>>>>>>>>>>>>>
nflow-rest-api/target/surefire-reports/com.nitorcreations.nflow.rest.config.CorsHeaderContainerResponseFilterTest.txt
<<<<<<<<<<<<<<<<<<<<<
-------------------------------------------------------------------------------
Test set: com.nitorcreations.nflow.rest.config.CorsHeaderContainerResponseFilterTest
-------------------------------------------------------------------------------
Tests run: 1, Failures: 0, Errors: 0, Skipped: 0, Time elapsed: 0.02 sec - in com.nitorcreations.nflow.rest.config.CorsHeaderContainerResponseFilterTest
>>>>>>>>>>>>>>>>>>>
nflow-rest-api/target/surefire-reports/com.nitorcreations.nflow.rest.JerseyCompabilityTest.txt
<<<<<<<<<<<<<<<<<<<<<
-------------------------------------------------------------------------------
Test set: com.nitorcreations.nflow.rest.JerseyCompabilityTest
-------------------------------------------------------------------------------
Tests run: 1, Failures: 0, Errors: 0, Skipped: 0, Time elapsed: 9.608 sec - in com.nitorcreations.nflow.rest.JerseyCompabilityTest
>>>>>>>>>>>>>>>>>>>
nflow-rest-api/target/surefire-reports/com.nitorcreations.nflow.rest.v1.ArchiveResourceTest.txt
<<<<<<<<<<<<<<<<<<<<<
-------------------------------------------------------------------------------
Test set: com.nitorcreations.nflow.rest.v1.ArchiveResourceTest
-------------------------------------------------------------------------------
Tests run: 1, Failures: 0, Errors: 0, Skipped: 0, Time elapsed: 0.019 sec - in com.nitorcreations.nflow.rest.v1.ArchiveResourceTest
>>>>>>>>>>>>>>>>>>>
nflow-rest-api/target/surefire-reports/com.nitorcreations.nflow.rest.v1.config.DateTimeParamConverterProviderTest.txt
<<<<<<<<<<<<<<<<<<<<<
-------------------------------------------------------------------------------
Test set: com.nitorcreations.nflow.rest.v1.config.DateTimeParamConverterProviderTest
-------------------------------------------------------------------------------
Tests run: 6, Failures: 0, Errors: 0, Skipped: 0, Time elapsed: 0.21 sec - in com.nitorcreations.nflow.rest.v1.config.DateTimeParamConverterProviderTest
>>>>>>>>>>>>>>>>>>>
nflow-rest-api/target/surefire-reports/com.nitorcreations.nflow.rest.v1.config.RestConfigurationTest.txt
<<<<<<<<<<<<<<<<<<<<<
-------------------------------------------------------------------------------
Test set: com.nitorcreations.nflow.rest.v1.config.RestConfigurationTest
-------------------------------------------------------------------------------
Tests run: 1, Failures: 0, Errors: 0, Skipped: 0, Time elapsed: 0.033 sec - in com.nitorcreations.nflow.rest.v1.config.RestConfigurationTest
>>>>>>>>>>>>>>>>>>>
nflow-rest-api/target/surefire-reports/com.nitorcreations.nflow.rest.v1.converter.CreateWorkflowConverterTest.txt
<<<<<<<<<<<<<<<<<<<<<
-------------------------------------------------------------------------------
Test set: com.nitorcreations.nflow.rest.v1.converter.CreateWorkflowConverterTest
-------------------------------------------------------------------------------
Tests run: 3, Failures: 0, Errors: 0, Skipped: 0, Time elapsed: 0.351 sec - in com.nitorcreations.nflow.rest.v1.converter.CreateWorkflowConverterTest
>>>>>>>>>>>>>>>>>>>
nflow-rest-api/target/surefire-reports/com.nitorcreations.nflow.rest.v1.converter.ListWorkflowDefinitionConverterTest-output.txt
<<<<<<<<<<<<<<<<<<<<<
SLF4J: Failed to load class "org.slf4j.impl.StaticLoggerBinder".
SLF4J: Defaulting to no-operation (NOP) logger implementation
SLF4J: See http://www.slf4j.org/codes.html#StaticLoggerBinder for further details.
>>>>>>>>>>>>>>>>>>>
nflow-rest-api/target/surefire-reports/com.nitorcreations.nflow.rest.v1.converter.ListWorkflowDefinitionConverterTest.txt
<<<<<<<<<<<<<<<<<<<<<
-------------------------------------------------------------------------------
Test set: com.nitorcreations.nflow.rest.v1.converter.ListWorkflowDefinitionConverterTest
-------------------------------------------------------------------------------
Tests run: 2, Failures: 0, Errors: 0, Skipped: 0, Time elapsed: 0.039 sec - in com.nitorcreations.nflow.rest.v1.converter.ListWorkflowDefinitionConverterTest
>>>>>>>>>>>>>>>>>>>
nflow-rest-api/target/surefire-reports/com.nitorcreations.nflow.rest.v1.converter.ListWorkflowExecutorConverterTest.txt
<<<<<<<<<<<<<<<<<<<<<
-------------------------------------------------------------------------------
Test set: com.nitorcreations.nflow.rest.v1.converter.ListWorkflowExecutorConverterTest
-------------------------------------------------------------------------------
Tests run: 1, Failures: 0, Errors: 0, Skipped: 0, Time elapsed: 0.001 sec - in com.nitorcreations.nflow.rest.v1.converter.ListWorkflowExecutorConverterTest
>>>>>>>>>>>>>>>>>>>
nflow-rest-api/target/surefire-reports/com.nitorcreations.nflow.rest.v1.converter.ListWorkflowInstanceConverterTest.txt
<<<<<<<<<<<<<<<<<<<<<
-------------------------------------------------------------------------------
Test set: com.nitorcreations.nflow.rest.v1.converter.ListWorkflowInstanceConverterTest
-------------------------------------------------------------------------------
Tests run: 6, Failures: 0, Errors: 0, Skipped: 0, Time elapsed: 0.146 sec - in com.nitorcreations.nflow.rest.v1.converter.ListWorkflowInstanceConverterTest
>>>>>>>>>>>>>>>>>>>
nflow-rest-api/target/surefire-reports/com.nitorcreations.nflow.rest.v1.converter.StatisticsConverterTest.txt
<<<<<<<<<<<<<<<<<<<<<
-------------------------------------------------------------------------------
Test set: com.nitorcreations.nflow.rest.v1.converter.StatisticsConverterTest
-------------------------------------------------------------------------------
Tests run: 2, Failures: 0, Errors: 0, Skipped: 0, Time elapsed: 0.003 sec - in com.nitorcreations.nflow.rest.v1.converter.StatisticsConverterTest
>>>>>>>>>>>>>>>>>>>
nflow-rest-api/target/surefire-reports/com.nitorcreations.nflow.rest.v1.StatisticsResourceTest.txt
<<<<<<<<<<<<<<<<<<<<<
-------------------------------------------------------------------------------
Test set: com.nitorcreations.nflow.rest.v1.StatisticsResourceTest
-------------------------------------------------------------------------------
Tests run: 2, Failures: 0, Errors: 0, Skipped: 0, Time elapsed: 0.02 sec - in com.nitorcreations.nflow.rest.v1.StatisticsResourceTest
>>>>>>>>>>>>>>>>>>>
nflow-rest-api/target/surefire-reports/com.nitorcreations.nflow.rest.v1.WorkflowDefinitionResourceTest.txt
<<<<<<<<<<<<<<<<<<<<<
-------------------------------------------------------------------------------
Test set: com.nitorcreations.nflow.rest.v1.WorkflowDefinitionResourceTest
-------------------------------------------------------------------------------
Tests run: 5, Failures: 0, Errors: 0, Skipped: 0, Time elapsed: 0.055 sec - in com.nitorcreations.nflow.rest.v1.WorkflowDefinitionResourceTest
>>>>>>>>>>>>>>>>>>>
nflow-rest-api/target/surefire-reports/com.nitorcreations.nflow.rest.v1.WorkflowExecutorResourceTest.txt
<<<<<<<<<<<<<<<<<<<<<
-------------------------------------------------------------------------------
Test set: com.nitorcreations.nflow.rest.v1.WorkflowExecutorResourceTest
-------------------------------------------------------------------------------
Tests run: 1, Failures: 0, Errors: 0, Skipped: 0, Time elapsed: 0.012 sec - in com.nitorcreations.nflow.rest.v1.WorkflowExecutorResourceTest
>>>>>>>>>>>>>>>>>>>
nflow-rest-api/target/surefire-reports/com.nitorcreations.nflow.rest.v1.WorkflowInstanceResourceTest.txt
<<<<<<<<<<<<<<<<<<<<<
-------------------------------------------------------------------------------
Test set: com.nitorcreations.nflow.rest.v1.WorkflowInstanceResourceTest
-------------------------------------------------------------------------------
Tests run: 12, Failures: 0, Errors: 0, Skipped: 0, Time elapsed: 0.046 sec - in com.nitorcreations.nflow.rest.v1.WorkflowInstanceResourceTest

travis_time:end:1fb5c1b4:start=1643425516719623440,finish=1643425516850537657,duration=130914217[0Ktravis_fold:end:after_script[0K
Done. Your build exited with 1.
