travis_fold:start:system_info[0K[33;1mBuild system information[0m
Build language: java
Build group: stable
Build dist: precise
Build id: ''
Job id: ''
[34m[1mBuild image provisioning date and time[0m
Thu Feb  5 15:09:33 UTC 2015
[34m[1mOperating System Details[0m
Distributor ID:	Ubuntu
Description:	Ubuntu 12.04.5 LTS
Release:	12.04
Codename:	precise
[34m[1mLinux Version[0m
3.13.0-29-generic
[34m[1mCookbooks Version[0m
a68419e https://github.com/travis-ci/travis-cookbooks/tree/a68419e
[34m[1mGCC version[0m
gcc (Ubuntu/Linaro 4.6.3-1ubuntu5) 4.6.3
Copyright (C) 2011 Free Software Foundation, Inc.
This is free software; see the source for copying conditions.  There is NO
warranty; not even for MERCHANTABILITY or FITNESS FOR A PARTICULAR PURPOSE.

[34m[1mLLVM version[0m
clang version 3.4 (tags/RELEASE_34/final)
Target: x86_64-unknown-linux-gnu
Thread model: posix
[34m[1mPre-installed Ruby versions[0m
ruby-1.9.3-p551
[34m[1mPre-installed Node.js versions[0m
v0.10.36
[34m[1mPre-installed Go versions[0m
1.4.1
[34m[1mRedis version[0m
redis-server 2.8.19
[34m[1mriak version[0m
2.0.2
[34m[1mMongoDB version[0m
MongoDB 2.4.12
[34m[1mCouchDB version[0m
couchdb 1.6.1
[34m[1mNeo4j version[0m
1.9.4
[34m[1mRabbitMQ Version[0m
3.4.3
[34m[1mElasticSearch version[0m
1.4.0
[34m[1mInstalled Sphinx versions[0m
2.0.10
2.1.9
2.2.6
[34m[1mDefault Sphinx version[0m
2.2.6
[34m[1mInstalled Firefox version[0m
firefox 31.0esr
[34m[1mPhantomJS version[0m
1.9.8
[34m[1mant -version[0m
Apache Ant(TM) version 1.8.2 compiled on December 3 2011
[34m[1mmvn -version[0m
Apache Maven 3.2.5 (12a6b3acb947671f09b81f49094c53f426d8cea1; 2014-12-14T17:29:23+00:00)
Maven home: /usr/local/maven
Java version: 1.7.0_76, vendor: Oracle Corporation
Java home: /usr/lib/jvm/java-7-oracle/jre
Default locale: en_US, platform encoding: ANSI_X3.4-1968
OS name: "linux", version: "3.13.0-29-generic", arch: "amd64", family: "unix"
travis_fold:end:system_info[0K
grep: /etc/apt/sources.list.d/*: No such file or directory
W: Failed to fetch http://security.ubuntu.com/ubuntu/dists/precise-security/main/source/Sources  404  Not Found [IP: 91.189.91.38 80]

W: Failed to fetch http://security.ubuntu.com/ubuntu/dists/precise-security/restricted/source/Sources  404  Not Found [IP: 91.189.91.38 80]

W: Failed to fetch http://security.ubuntu.com/ubuntu/dists/precise-security/universe/source/Sources  404  Not Found [IP: 91.189.91.38 80]

W: Failed to fetch http://security.ubuntu.com/ubuntu/dists/precise-security/multiverse/source/Sources  404  Not Found [IP: 91.189.91.38 80]

W: Failed to fetch http://security.ubuntu.com/ubuntu/dists/precise-security/main/binary-amd64/Packages  404  Not Found [IP: 91.189.91.38 80]

W: Failed to fetch http://security.ubuntu.com/ubuntu/dists/precise-security/restricted/binary-amd64/Packages  404  Not Found [IP: 91.189.91.38 80]

W: Failed to fetch http://security.ubuntu.com/ubuntu/dists/precise-security/universe/binary-amd64/Packages  404  Not Found [IP: 91.189.91.38 80]

W: Failed to fetch http://security.ubuntu.com/ubuntu/dists/precise-security/multiverse/binary-amd64/Packages  404  Not Found [IP: 91.189.91.38 80]

W: Failed to fetch http://security.ubuntu.com/ubuntu/dists/precise-security/main/binary-i386/Packages  404  Not Found [IP: 91.189.91.38 80]

W: Failed to fetch http://security.ubuntu.com/ubuntu/dists/precise-security/restricted/binary-i386/Packages  404  Not Found [IP: 91.189.91.38 80]

W: Failed to fetch http://security.ubuntu.com/ubuntu/dists/precise-security/universe/binary-i386/Packages  404  Not Found [IP: 91.189.91.38 80]

W: Failed to fetch http://security.ubuntu.com/ubuntu/dists/precise-security/multiverse/binary-i386/Packages  404  Not Found [IP: 91.189.91.38 80]

W: Failed to fetch http://us.archive.ubuntu.com/ubuntu/dists/precise/main/source/Sources  404  Not Found [IP: 91.189.91.38 80]

W: Failed to fetch http://us.archive.ubuntu.com/ubuntu/dists/precise/restricted/source/Sources  404  Not Found [IP: 91.189.91.38 80]

W: Failed to fetch http://us.archive.ubuntu.com/ubuntu/dists/precise/universe/source/Sources  404  Not Found [IP: 91.189.91.38 80]

W: Failed to fetch http://us.archive.ubuntu.com/ubuntu/dists/precise/multiverse/source/Sources  404  Not Found [IP: 91.189.91.38 80]

W: Failed to fetch http://us.archive.ubuntu.com/ubuntu/dists/precise/main/binary-amd64/Packages  404  Not Found [IP: 91.189.91.38 80]

W: Failed to fetch http://us.archive.ubuntu.com/ubuntu/dists/precise/restricted/binary-amd64/Packages  404  Not Found [IP: 91.189.91.38 80]

W: Failed to fetch http://us.archive.ubuntu.com/ubuntu/dists/precise/universe/binary-amd64/Packages  404  Not Found [IP: 91.189.91.38 80]

W: Failed to fetch http://us.archive.ubuntu.com/ubuntu/dists/precise/multiverse/binary-amd64/Packages  404  Not Found [IP: 91.189.91.38 80]

W: Failed to fetch http://us.archive.ubuntu.com/ubuntu/dists/precise/main/binary-i386/Packages  404  Not Found [IP: 91.189.91.38 80]

W: Failed to fetch http://us.archive.ubuntu.com/ubuntu/dists/precise/restricted/binary-i386/Packages  404  Not Found [IP: 91.189.91.38 80]

W: Failed to fetch http://us.archive.ubuntu.com/ubuntu/dists/precise/universe/binary-i386/Packages  404  Not Found [IP: 91.189.91.38 80]

W: Failed to fetch http://us.archive.ubuntu.com/ubuntu/dists/precise/multiverse/binary-i386/Packages  404  Not Found [IP: 91.189.91.38 80]

W: Failed to fetch http://us.archive.ubuntu.com/ubuntu/dists/precise-updates/main/source/Sources  404  Not Found [IP: 91.189.91.38 80]

W: Failed to fetch http://us.archive.ubuntu.com/ubuntu/dists/precise-updates/restricted/source/Sources  404  Not Found [IP: 91.189.91.38 80]

W: Failed to fetch http://us.archive.ubuntu.com/ubuntu/dists/precise-updates/universe/source/Sources  404  Not Found [IP: 91.189.91.38 80]

W: Failed to fetch http://us.archive.ubuntu.com/ubuntu/dists/precise-updates/multiverse/source/Sources  404  Not Found [IP: 91.189.91.38 80]

W: Failed to fetch http://us.archive.ubuntu.com/ubuntu/dists/precise-updates/main/binary-amd64/Packages  404  Not Found [IP: 91.189.91.38 80]

W: Failed to fetch http://us.archive.ubuntu.com/ubuntu/dists/precise-updates/restricted/binary-amd64/Packages  404  Not Found [IP: 91.189.91.38 80]

W: Failed to fetch http://us.archive.ubuntu.com/ubuntu/dists/precise-updates/universe/binary-amd64/Packages  404  Not Found [IP: 91.189.91.38 80]

W: Failed to fetch http://us.archive.ubuntu.com/ubuntu/dists/precise-updates/multiverse/binary-amd64/Packages  404  Not Found [IP: 91.189.91.38 80]

W: Failed to fetch http://us.archive.ubuntu.com/ubuntu/dists/precise-updates/main/binary-i386/Packages  404  Not Found [IP: 91.189.91.38 80]

W: Failed to fetch http://us.archive.ubuntu.com/ubuntu/dists/precise-updates/restricted/binary-i386/Packages  404  Not Found [IP: 91.189.91.38 80]

W: Failed to fetch http://us.archive.ubuntu.com/ubuntu/dists/precise-updates/universe/binary-i386/Packages  404  Not Found [IP: 91.189.91.38 80]

W: Failed to fetch http://us.archive.ubuntu.com/ubuntu/dists/precise-updates/multiverse/binary-i386/Packages  404  Not Found [IP: 91.189.91.38 80]

W: Failed to fetch http://us.archive.ubuntu.com/ubuntu/dists/precise-backports/main/source/Sources  404  Not Found [IP: 91.189.91.38 80]

W: Failed to fetch http://us.archive.ubuntu.com/ubuntu/dists/precise-backports/restricted/source/Sources  404  Not Found [IP: 91.189.91.38 80]

W: Failed to fetch http://us.archive.ubuntu.com/ubuntu/dists/precise-backports/universe/source/Sources  404  Not Found [IP: 91.189.91.38 80]

W: Failed to fetch http://us.archive.ubuntu.com/ubuntu/dists/precise-backports/multiverse/source/Sources  404  Not Found [IP: 91.189.91.38 80]

W: Failed to fetch http://us.archive.ubuntu.com/ubuntu/dists/precise-backports/main/binary-amd64/Packages  404  Not Found [IP: 91.189.91.38 80]

W: Failed to fetch http://us.archive.ubuntu.com/ubuntu/dists/precise-backports/restricted/binary-amd64/Packages  404  Not Found [IP: 91.189.91.38 80]

W: Failed to fetch http://us.archive.ubuntu.com/ubuntu/dists/precise-backports/universe/binary-amd64/Packages  404  Not Found [IP: 91.189.91.38 80]

W: Failed to fetch http://us.archive.ubuntu.com/ubuntu/dists/precise-backports/multiverse/binary-amd64/Packages  404  Not Found [IP: 91.189.91.38 80]

W: Failed to fetch http://us.archive.ubuntu.com/ubuntu/dists/precise-backports/main/binary-i386/Packages  404  Not Found [IP: 91.189.91.38 80]

W: Failed to fetch http://us.archive.ubuntu.com/ubuntu/dists/precise-backports/restricted/binary-i386/Packages  404  Not Found [IP: 91.189.91.38 80]

W: Failed to fetch http://us.archive.ubuntu.com/ubuntu/dists/precise-backports/universe/binary-i386/Packages  404  Not Found [IP: 91.189.91.38 80]

W: Failed to fetch http://us.archive.ubuntu.com/ubuntu/dists/precise-backports/multiverse/binary-i386/Packages  404  Not Found [IP: 91.189.91.38 80]

E: Some index files failed to download. They have been ignored, or old ones used instead.
sed: cannot rename /etc/hosts: Device or resource busy
sed: cannot rename /etc/hosts: Device or resource busy
$ jdk_switcher use oraclejdk8
Switching to Oracle JDK8 (java-8-oracle), JAVA_HOME will be set to /usr/lib/jvm/java-8-oracle
$ cd failed/square/retrofit

[33;1mSetting environment variables from .travis.yml[0m
$ export CI_DEPLOY_USERNAME=[secure]
$ export CI_DEPLOY_PASSWORD=[secure]

travis_fold:start:cache.1[0KSetting up build cache
$ export CASHER_DIR=$HOME/.casher
travis_time:start:0a375396[0K
travis_time:end:0a375396:start=1643544453765840098,finish=1643544453775863697,duration=10023599[0Ktravis_time:start:014c8609[0K/home/travis/.casher/bin/casher:213:in `cache_archive_name': undefined method `[]' for nil:NilClass (NoMethodError)
	from /home/travis/.casher/bin/casher:65:in `block in fetch'
	from /home/travis/.casher/bin/casher:64:in `each'
	from /home/travis/.casher/bin/casher:64:in `fetch'
	from /home/travis/.casher/bin/casher:53:in `block in run'
	from /home/travis/.rvm/rubies/ruby-1.9.3-p551/lib/ruby/1.9.1/timeout.rb:69:in `timeout'
	from /home/travis/.casher/bin/casher:53:in `run'
	from /home/travis/.casher/bin/casher:263:in `<main>'
[32;1mattempting to download cache archive[0m

travis_time:end:014c8609:start=1643544453786335977,finish=1643544454569171542,duration=782835565[0Ktravis_time:start:0fda425a[0K
travis_time:end:0fda425a:start=1643544454579479725,finish=1643544454588344896,duration=8865171[0Ktravis_time:start:10d6951a[0K[32;1madding /home/travis/.m2 to cache[0m

travis_time:end:10d6951a:start=1643544454599338701,finish=1643544455528383685,duration=929044984[0Ktravis_fold:end:cache.1[0K$ java -Xmx32m -version
java version "1.8.0_31"
Java(TM) SE Runtime Environment (build 1.8.0_31-b13)
Java HotSpot(TM) 64-Bit Server VM (build 25.31-b07, mixed mode)
$ javac -J-Xmx32m -version
javac 1.8.0_31
travis_fold:start:install[0Ktravis_time:start:044ff7ea[0K$ mvn -o install -Dhttps.protocols=TLSv1.2 -Dhttps.protocols=TLSv1.2 -Dhttps.protocols=TLSv1.2 -Dhttps.protocols=TLSv1.2 -DskipTests=true -Dmaven.javadoc.skip=true -B -V
Java HotSpot(TM) 64-Bit Server VM warning: ignoring option MaxPermSize=192m; support was removed in 8.0
Apache Maven 3.2.5 (12a6b3acb947671f09b81f49094c53f426d8cea1; 2014-12-14T17:29:23+00:00)
Maven home: /usr/local/maven
Java version: 1.8.0_31, vendor: Oracle Corporation
Java home: /usr/lib/jvm/java-8-oracle/jre
Default locale: en_US, platform encoding: UTF-8
OS name: "linux", version: "4.15.0-109-generic", arch: "amd64", family: "unix"
[INFO] Scanning for projects...
[WARNING] 
[WARNING] Some problems were encountered while building the effective model for com.squareup.retrofit2:samples:jar:2.0.0-SNAPSHOT
[WARNING] 'build.plugins.plugin.version' for org.apache.maven.plugins:maven-deploy-plugin is missing. @ com.squareup.retrofit2:samples:[unknown-version], /home/travis/build/failed/square/retrofit/samples/pom.xml, line 45, column 15
[WARNING] 
[WARNING] It is highly recommended to fix these problems because they threaten the stability of your build.
[WARNING] 
[WARNING] For this reason, future Maven versions might no longer support building such malformed projects.
[WARNING] 
[INFO] ------------------------------------------------------------------------
[INFO] Reactor Build Order:
[INFO] 
[INFO] Retrofit (Parent)
[INFO] Retrofit
[INFO] Adapters
[INFO] Adapter: RxJava
[INFO] Converters
[INFO] Converter: Gson
[INFO] Converter: Protocol Buffers
[INFO] Converter: Jackson
[INFO] Converter: Wire Protocol Buffers
[INFO] Converter: SimpleXML
[INFO] Converter: Java Scalars
[INFO] Converter: Moshi
[INFO] Retrofit Mock Adapter
[INFO] Samples
[INFO]                                                                         
[INFO] ------------------------------------------------------------------------
[INFO] Building Retrofit (Parent) 2.0.0-SNAPSHOT
[INFO] ------------------------------------------------------------------------
[INFO] 
[INFO] --- maven-enforcer-plugin:1.0:enforce (enforce-maven) @ parent ---
[INFO] 
[INFO] --- animal-sniffer-maven-plugin:1.14:check (default) @ parent ---
[INFO] Checking unresolved references to org.codehaus.mojo.signature:java16:1.1
[INFO] 
[INFO] --- maven-javadoc-plugin:2.10.3:jar (attach-javadocs) @ parent ---
[INFO] Skipping javadoc generation
[INFO] 
[INFO] --- maven-checkstyle-plugin:2.15:checkstyle (default) @ parent ---
[INFO] 
[INFO] --- maven-install-plugin:2.4:install (default-install) @ parent ---
[INFO] Installing /home/travis/build/failed/square/retrofit/pom.xml to /home/travis/.m2/repository/com/squareup/retrofit2/parent/2.0.0-SNAPSHOT/parent-2.0.0-SNAPSHOT.pom
[INFO]                                                                         
[INFO] ------------------------------------------------------------------------
[INFO] Building Retrofit 2.0.0-SNAPSHOT
[INFO] ------------------------------------------------------------------------
[INFO] 
[INFO] --- maven-enforcer-plugin:1.0:enforce (enforce-maven) @ retrofit ---
[INFO] 
[INFO] --- maven-resources-plugin:2.6:resources (default-resources) @ retrofit ---
[INFO] Using 'UTF-8' encoding to copy filtered resources.
[INFO] skip non existing resourceDirectory /home/travis/build/failed/square/retrofit/retrofit/src/main/resources
[INFO] 
[INFO] --- maven-compiler-plugin:3.0:compile (default-compile) @ retrofit ---
[INFO] Changes detected - recompiling the module!
[INFO] Compiling 42 source files to /home/travis/build/failed/square/retrofit/retrofit/target/classes
[WARNING] /home/travis/build/failed/square/retrofit/retrofit/src/main/java/retrofit2/Retrofit.java: Some input files use unchecked or unsafe operations.
[WARNING] /home/travis/build/failed/square/retrofit/retrofit/src/main/java/retrofit2/Retrofit.java: Recompile with -Xlint:unchecked for details.
[INFO] 
[INFO] --- maven-resources-plugin:2.6:testResources (default-testResources) @ retrofit ---
[INFO] Using 'UTF-8' encoding to copy filtered resources.
[INFO] skip non existing resourceDirectory /home/travis/build/failed/square/retrofit/retrofit/src/test/resources
[INFO] 
[INFO] --- maven-compiler-plugin:3.0:testCompile (default-testCompile) @ retrofit ---
[INFO] Changes detected - recompiling the module!
[INFO] Compiling 12 source files to /home/travis/build/failed/square/retrofit/retrofit/target/test-classes
[WARNING] /home/travis/build/failed/square/retrofit/retrofit/src/test/java/retrofit2/RetrofitTest.java: /home/travis/build/failed/square/retrofit/retrofit/src/test/java/retrofit2/RetrofitTest.java uses unchecked or unsafe operations.
[WARNING] /home/travis/build/failed/square/retrofit/retrofit/src/test/java/retrofit2/RetrofitTest.java: Recompile with -Xlint:unchecked for details.
[INFO] 
[INFO] --- maven-surefire-plugin:2.12.4:test (default-test) @ retrofit ---
[INFO] Tests are skipped.
[INFO] 
[INFO] --- animal-sniffer-maven-plugin:1.14:check (default) @ retrofit ---
[INFO] Checking unresolved references to org.codehaus.mojo.signature:java16:1.1
[INFO] 
[INFO] --- maven-jar-plugin:2.4:jar (default-jar) @ retrofit ---
[INFO] Building jar: /home/travis/build/failed/square/retrofit/retrofit/target/retrofit-2.0.0-SNAPSHOT.jar
[INFO] 
[INFO] --- maven-javadoc-plugin:2.10.3:jar (attach-javadocs) @ retrofit ---
[INFO] Skipping javadoc generation
[INFO] 
[INFO] --- maven-checkstyle-plugin:2.15:checkstyle (default) @ retrofit ---
[INFO] Starting audit...
Audit done.
[WARNING] Unable to locate Source XRef to link to - DISABLED
[INFO] 
[INFO] --- maven-install-plugin:2.4:install (default-install) @ retrofit ---
[INFO] Installing /home/travis/build/failed/square/retrofit/retrofit/target/retrofit-2.0.0-SNAPSHOT.jar to /home/travis/.m2/repository/com/squareup/retrofit2/retrofit/2.0.0-SNAPSHOT/retrofit-2.0.0-SNAPSHOT.jar
[INFO] Installing /home/travis/build/failed/square/retrofit/retrofit/pom.xml to /home/travis/.m2/repository/com/squareup/retrofit2/retrofit/2.0.0-SNAPSHOT/retrofit-2.0.0-SNAPSHOT.pom
[INFO]                                                                         
[INFO] ------------------------------------------------------------------------
[INFO] Building Adapters 2.0.0-SNAPSHOT
[INFO] ------------------------------------------------------------------------
[INFO] 
[INFO] --- maven-enforcer-plugin:1.0:enforce (enforce-maven) @ retrofit-adapters ---
[INFO] 
[INFO] --- animal-sniffer-maven-plugin:1.14:check (default) @ retrofit-adapters ---
[INFO] Checking unresolved references to org.codehaus.mojo.signature:java16:1.1
[INFO] 
[INFO] --- maven-javadoc-plugin:2.10.3:jar (attach-javadocs) @ retrofit-adapters ---
[INFO] Skipping javadoc generation
[INFO] 
[INFO] --- maven-checkstyle-plugin:2.15:checkstyle (default) @ retrofit-adapters ---
[INFO] 
[INFO] --- maven-install-plugin:2.4:install (default-install) @ retrofit-adapters ---
[INFO] Installing /home/travis/build/failed/square/retrofit/retrofit-adapters/pom.xml to /home/travis/.m2/repository/com/squareup/retrofit2/retrofit-adapters/2.0.0-SNAPSHOT/retrofit-adapters-2.0.0-SNAPSHOT.pom
[INFO]                                                                         
[INFO] ------------------------------------------------------------------------
[INFO] Building Adapter: RxJava 2.0.0-SNAPSHOT
[INFO] ------------------------------------------------------------------------
[INFO] 
[INFO] --- maven-enforcer-plugin:1.0:enforce (enforce-maven) @ adapter-rxjava ---
[INFO] 
[INFO] --- maven-resources-plugin:2.6:resources (default-resources) @ adapter-rxjava ---
[INFO] Using 'UTF-8' encoding to copy filtered resources.
[INFO] skip non existing resourceDirectory /home/travis/build/failed/square/retrofit/retrofit-adapters/rxjava/src/main/resources
[INFO] 
[INFO] --- maven-compiler-plugin:3.0:compile (default-compile) @ adapter-rxjava ---
[INFO] Changes detected - recompiling the module!
[INFO] Compiling 4 source files to /home/travis/build/failed/square/retrofit/retrofit-adapters/rxjava/target/classes
[INFO] 
[INFO] --- maven-resources-plugin:2.6:testResources (default-testResources) @ adapter-rxjava ---
[INFO] Using 'UTF-8' encoding to copy filtered resources.
[INFO] skip non existing resourceDirectory /home/travis/build/failed/square/retrofit/retrofit-adapters/rxjava/src/test/resources
[INFO] 
[INFO] --- maven-compiler-plugin:3.0:testCompile (default-testCompile) @ adapter-rxjava ---
[INFO] Changes detected - recompiling the module!
[INFO] Compiling 2 source files to /home/travis/build/failed/square/retrofit/retrofit-adapters/rxjava/target/test-classes
[INFO] 
[INFO] --- maven-surefire-plugin:2.12.4:test (default-test) @ adapter-rxjava ---
[INFO] Tests are skipped.
[INFO] 
[INFO] --- animal-sniffer-maven-plugin:1.14:check (default) @ adapter-rxjava ---
[INFO] Checking unresolved references to org.codehaus.mojo.signature:java16:1.1
[INFO] 
[INFO] --- maven-jar-plugin:2.4:jar (default-jar) @ adapter-rxjava ---
[INFO] Building jar: /home/travis/build/failed/square/retrofit/retrofit-adapters/rxjava/target/adapter-rxjava-2.0.0-SNAPSHOT.jar
[INFO] 
[INFO] --- maven-javadoc-plugin:2.10.3:jar (attach-javadocs) @ adapter-rxjava ---
[INFO] Skipping javadoc generation
[INFO] 
[INFO] --- maven-checkstyle-plugin:2.15:checkstyle (default) @ adapter-rxjava ---
[INFO] Starting audit...
Audit done.
[WARNING] Unable to locate Source XRef to link to - DISABLED
[INFO] 
[INFO] --- maven-install-plugin:2.4:install (default-install) @ adapter-rxjava ---
[INFO] Installing /home/travis/build/failed/square/retrofit/retrofit-adapters/rxjava/target/adapter-rxjava-2.0.0-SNAPSHOT.jar to /home/travis/.m2/repository/com/squareup/retrofit2/adapter-rxjava/2.0.0-SNAPSHOT/adapter-rxjava-2.0.0-SNAPSHOT.jar
[INFO] Installing /home/travis/build/failed/square/retrofit/retrofit-adapters/rxjava/pom.xml to /home/travis/.m2/repository/com/squareup/retrofit2/adapter-rxjava/2.0.0-SNAPSHOT/adapter-rxjava-2.0.0-SNAPSHOT.pom
[INFO]                                                                         
[INFO] ------------------------------------------------------------------------
[INFO] Building Converters 2.0.0-SNAPSHOT
[INFO] ------------------------------------------------------------------------
[INFO] 
[INFO] --- maven-enforcer-plugin:1.0:enforce (enforce-maven) @ retrofit-converters ---
[INFO] 
[INFO] --- animal-sniffer-maven-plugin:1.14:check (default) @ retrofit-converters ---
[INFO] Checking unresolved references to org.codehaus.mojo.signature:java16:1.1
[INFO] 
[INFO] --- maven-javadoc-plugin:2.10.3:jar (attach-javadocs) @ retrofit-converters ---
[INFO] Skipping javadoc generation
[INFO] 
[INFO] --- maven-checkstyle-plugin:2.15:checkstyle (default) @ retrofit-converters ---
[INFO] 
[INFO] --- maven-install-plugin:2.4:install (default-install) @ retrofit-converters ---
[INFO] Installing /home/travis/build/failed/square/retrofit/retrofit-converters/pom.xml to /home/travis/.m2/repository/com/squareup/retrofit2/retrofit-converters/2.0.0-SNAPSHOT/retrofit-converters-2.0.0-SNAPSHOT.pom
[INFO]                                                                         
[INFO] ------------------------------------------------------------------------
[INFO] Building Converter: Gson 2.0.0-SNAPSHOT
[INFO] ------------------------------------------------------------------------
[INFO] 
[INFO] --- maven-enforcer-plugin:1.0:enforce (enforce-maven) @ converter-gson ---
[INFO] 
[INFO] --- maven-resources-plugin:2.6:resources (default-resources) @ converter-gson ---
[INFO] Using 'UTF-8' encoding to copy filtered resources.
[INFO] skip non existing resourceDirectory /home/travis/build/failed/square/retrofit/retrofit-converters/gson/src/main/resources
[INFO] 
[INFO] --- maven-compiler-plugin:3.0:compile (default-compile) @ converter-gson ---
[INFO] Changes detected - recompiling the module!
[INFO] Compiling 3 source files to /home/travis/build/failed/square/retrofit/retrofit-converters/gson/target/classes
[INFO] 
[INFO] --- maven-resources-plugin:2.6:testResources (default-testResources) @ converter-gson ---
[INFO] Using 'UTF-8' encoding to copy filtered resources.
[INFO] skip non existing resourceDirectory /home/travis/build/failed/square/retrofit/retrofit-converters/gson/src/test/resources
[INFO] 
[INFO] --- maven-compiler-plugin:3.0:testCompile (default-testCompile) @ converter-gson ---
[INFO] Changes detected - recompiling the module!
[INFO] Compiling 1 source file to /home/travis/build/failed/square/retrofit/retrofit-converters/gson/target/test-classes
[INFO] 
[INFO] --- maven-surefire-plugin:2.12.4:test (default-test) @ converter-gson ---
[INFO] Tests are skipped.
[INFO] 
[INFO] --- animal-sniffer-maven-plugin:1.14:check (default) @ converter-gson ---
[INFO] Checking unresolved references to org.codehaus.mojo.signature:java16:1.1
[INFO] 
[INFO] --- maven-jar-plugin:2.4:jar (default-jar) @ converter-gson ---
[INFO] Building jar: /home/travis/build/failed/square/retrofit/retrofit-converters/gson/target/converter-gson-2.0.0-SNAPSHOT.jar
[INFO] 
[INFO] --- maven-javadoc-plugin:2.10.3:jar (attach-javadocs) @ converter-gson ---
[INFO] Skipping javadoc generation
[INFO] 
[INFO] --- maven-checkstyle-plugin:2.15:checkstyle (default) @ converter-gson ---
[INFO] Starting audit...
Audit done.
[WARNING] Unable to locate Source XRef to link to - DISABLED
[INFO] 
[INFO] --- maven-install-plugin:2.4:install (default-install) @ converter-gson ---
[INFO] Installing /home/travis/build/failed/square/retrofit/retrofit-converters/gson/target/converter-gson-2.0.0-SNAPSHOT.jar to /home/travis/.m2/repository/com/squareup/retrofit2/converter-gson/2.0.0-SNAPSHOT/converter-gson-2.0.0-SNAPSHOT.jar
[INFO] Installing /home/travis/build/failed/square/retrofit/retrofit-converters/gson/pom.xml to /home/travis/.m2/repository/com/squareup/retrofit2/converter-gson/2.0.0-SNAPSHOT/converter-gson-2.0.0-SNAPSHOT.pom
[INFO]                                                                         
[INFO] ------------------------------------------------------------------------
[INFO] Building Converter: Protocol Buffers 2.0.0-SNAPSHOT
[INFO] ------------------------------------------------------------------------
[INFO] 
[INFO] --- maven-enforcer-plugin:1.0:enforce (enforce-maven) @ converter-protobuf ---
[INFO] 
[INFO] --- maven-resources-plugin:2.6:resources (default-resources) @ converter-protobuf ---
[INFO] Using 'UTF-8' encoding to copy filtered resources.
[INFO] skip non existing resourceDirectory /home/travis/build/failed/square/retrofit/retrofit-converters/protobuf/src/main/resources
[INFO] 
[INFO] --- maven-compiler-plugin:3.0:compile (default-compile) @ converter-protobuf ---
[INFO] Changes detected - recompiling the module!
[INFO] Compiling 3 source files to /home/travis/build/failed/square/retrofit/retrofit-converters/protobuf/target/classes
[WARNING] /home/travis/build/failed/square/retrofit/retrofit-converters/protobuf/src/main/java/retrofit2/ProtoConverterFactory.java: /home/travis/build/failed/square/retrofit/retrofit-converters/protobuf/src/main/java/retrofit2/ProtoConverterFactory.java uses unchecked or unsafe operations.
[WARNING] /home/travis/build/failed/square/retrofit/retrofit-converters/protobuf/src/main/java/retrofit2/ProtoConverterFactory.java: Recompile with -Xlint:unchecked for details.
[INFO] 
[INFO] --- maven-resources-plugin:2.6:testResources (default-testResources) @ converter-protobuf ---
[INFO] Using 'UTF-8' encoding to copy filtered resources.
[INFO] skip non existing resourceDirectory /home/travis/build/failed/square/retrofit/retrofit-converters/protobuf/src/test/resources
[INFO] 
[INFO] --- maven-compiler-plugin:3.0:testCompile (default-testCompile) @ converter-protobuf ---
[INFO] Changes detected - recompiling the module!
[INFO] Compiling 2 source files to /home/travis/build/failed/square/retrofit/retrofit-converters/protobuf/target/test-classes
[INFO] 
[INFO] --- maven-surefire-plugin:2.12.4:test (default-test) @ converter-protobuf ---
[INFO] Tests are skipped.
[INFO] 
[INFO] --- animal-sniffer-maven-plugin:1.14:check (default) @ converter-protobuf ---
[INFO] Checking unresolved references to org.codehaus.mojo.signature:java16:1.1
[INFO] 
[INFO] --- maven-jar-plugin:2.4:jar (default-jar) @ converter-protobuf ---
[INFO] Building jar: /home/travis/build/failed/square/retrofit/retrofit-converters/protobuf/target/converter-protobuf-2.0.0-SNAPSHOT.jar
[INFO] 
[INFO] --- maven-javadoc-plugin:2.10.3:jar (attach-javadocs) @ converter-protobuf ---
[INFO] Skipping javadoc generation
[INFO] 
[INFO] --- maven-checkstyle-plugin:2.15:checkstyle (default) @ converter-protobuf ---
[INFO] Starting audit...
Audit done.
[WARNING] Unable to locate Source XRef to link to - DISABLED
[INFO] 
[INFO] --- maven-install-plugin:2.4:install (default-install) @ converter-protobuf ---
[INFO] Installing /home/travis/build/failed/square/retrofit/retrofit-converters/protobuf/target/converter-protobuf-2.0.0-SNAPSHOT.jar to /home/travis/.m2/repository/com/squareup/retrofit2/converter-protobuf/2.0.0-SNAPSHOT/converter-protobuf-2.0.0-SNAPSHOT.jar
[INFO] Installing /home/travis/build/failed/square/retrofit/retrofit-converters/protobuf/pom.xml to /home/travis/.m2/repository/com/squareup/retrofit2/converter-protobuf/2.0.0-SNAPSHOT/converter-protobuf-2.0.0-SNAPSHOT.pom
[INFO]                                                                         
[INFO] ------------------------------------------------------------------------
[INFO] Building Converter: Jackson 2.0.0-SNAPSHOT
[INFO] ------------------------------------------------------------------------
[INFO] 
[INFO] --- maven-enforcer-plugin:1.0:enforce (enforce-maven) @ converter-jackson ---
[INFO] 
[INFO] --- maven-resources-plugin:2.6:resources (default-resources) @ converter-jackson ---
[INFO] Using 'UTF-8' encoding to copy filtered resources.
[INFO] skip non existing resourceDirectory /home/travis/build/failed/square/retrofit/retrofit-converters/jackson/src/main/resources
[INFO] 
[INFO] --- maven-compiler-plugin:3.0:compile (default-compile) @ converter-jackson ---
[INFO] Changes detected - recompiling the module!
[INFO] Compiling 3 source files to /home/travis/build/failed/square/retrofit/retrofit-converters/jackson/target/classes
[INFO] 
[INFO] --- maven-resources-plugin:2.6:testResources (default-testResources) @ converter-jackson ---
[INFO] Using 'UTF-8' encoding to copy filtered resources.
[INFO] skip non existing resourceDirectory /home/travis/build/failed/square/retrofit/retrofit-converters/jackson/src/test/resources
[INFO] 
[INFO] --- maven-compiler-plugin:3.0:testCompile (default-testCompile) @ converter-jackson ---
[INFO] Changes detected - recompiling the module!
[INFO] Compiling 1 source file to /home/travis/build/failed/square/retrofit/retrofit-converters/jackson/target/test-classes
[INFO] 
[INFO] --- maven-surefire-plugin:2.12.4:test (default-test) @ converter-jackson ---
[INFO] Tests are skipped.
[INFO] 
[INFO] --- animal-sniffer-maven-plugin:1.14:check (default) @ converter-jackson ---
[INFO] Checking unresolved references to org.codehaus.mojo.signature:java16:1.1
[INFO] 
[INFO] --- maven-jar-plugin:2.4:jar (default-jar) @ converter-jackson ---
[INFO] Building jar: /home/travis/build/failed/square/retrofit/retrofit-converters/jackson/target/converter-jackson-2.0.0-SNAPSHOT.jar
[INFO] 
[INFO] --- maven-javadoc-plugin:2.10.3:jar (attach-javadocs) @ converter-jackson ---
[INFO] Skipping javadoc generation
[INFO] 
[INFO] --- maven-checkstyle-plugin:2.15:checkstyle (default) @ converter-jackson ---
[INFO] Starting audit...
Audit done.
[WARNING] Unable to locate Source XRef to link to - DISABLED
[INFO] 
[INFO] --- maven-install-plugin:2.4:install (default-install) @ converter-jackson ---
[INFO] Installing /home/travis/build/failed/square/retrofit/retrofit-converters/jackson/target/converter-jackson-2.0.0-SNAPSHOT.jar to /home/travis/.m2/repository/com/squareup/retrofit2/converter-jackson/2.0.0-SNAPSHOT/converter-jackson-2.0.0-SNAPSHOT.jar
[INFO] Installing /home/travis/build/failed/square/retrofit/retrofit-converters/jackson/pom.xml to /home/travis/.m2/repository/com/squareup/retrofit2/converter-jackson/2.0.0-SNAPSHOT/converter-jackson-2.0.0-SNAPSHOT.pom
[INFO]                                                                         
[INFO] ------------------------------------------------------------------------
[INFO] Building Converter: Wire Protocol Buffers 2.0.0-SNAPSHOT
[INFO] ------------------------------------------------------------------------
[INFO] 
[INFO] --- maven-enforcer-plugin:1.0:enforce (enforce-maven) @ converter-wire ---
[INFO] 
[INFO] --- maven-resources-plugin:2.6:resources (default-resources) @ converter-wire ---
[INFO] Using 'UTF-8' encoding to copy filtered resources.
[INFO] skip non existing resourceDirectory /home/travis/build/failed/square/retrofit/retrofit-converters/wire/src/main/resources
[INFO] 
[INFO] --- maven-compiler-plugin:3.0:compile (default-compile) @ converter-wire ---
[INFO] Changes detected - recompiling the module!
[INFO] Compiling 3 source files to /home/travis/build/failed/square/retrofit/retrofit-converters/wire/target/classes
[WARNING] /home/travis/build/failed/square/retrofit/retrofit-converters/wire/src/main/java/retrofit2/WireConverterFactory.java: /home/travis/build/failed/square/retrofit/retrofit-converters/wire/src/main/java/retrofit2/WireConverterFactory.java uses unchecked or unsafe operations.
[WARNING] /home/travis/build/failed/square/retrofit/retrofit-converters/wire/src/main/java/retrofit2/WireConverterFactory.java: Recompile with -Xlint:unchecked for details.
[INFO] 
[INFO] --- maven-resources-plugin:2.6:testResources (default-testResources) @ converter-wire ---
[INFO] Using 'UTF-8' encoding to copy filtered resources.
[INFO] skip non existing resourceDirectory /home/travis/build/failed/square/retrofit/retrofit-converters/wire/src/test/resources
[INFO] 
[INFO] --- maven-compiler-plugin:3.0:testCompile (default-testCompile) @ converter-wire ---
[INFO] Changes detected - recompiling the module!
[INFO] Compiling 2 source files to /home/travis/build/failed/square/retrofit/retrofit-converters/wire/target/test-classes
[INFO] 
[INFO] --- maven-surefire-plugin:2.12.4:test (default-test) @ converter-wire ---
[INFO] Tests are skipped.
[INFO] 
[INFO] --- animal-sniffer-maven-plugin:1.14:check (default) @ converter-wire ---
[INFO] Checking unresolved references to org.codehaus.mojo.signature:java16:1.1
[INFO] 
[INFO] --- maven-jar-plugin:2.4:jar (default-jar) @ converter-wire ---
[INFO] Building jar: /home/travis/build/failed/square/retrofit/retrofit-converters/wire/target/converter-wire-2.0.0-SNAPSHOT.jar
[INFO] 
[INFO] --- maven-javadoc-plugin:2.10.3:jar (attach-javadocs) @ converter-wire ---
[INFO] Skipping javadoc generation
[INFO] 
[INFO] --- maven-checkstyle-plugin:2.15:checkstyle (default) @ converter-wire ---
[INFO] Starting audit...
Audit done.
[WARNING] Unable to locate Source XRef to link to - DISABLED
[INFO] 
[INFO] --- maven-install-plugin:2.4:install (default-install) @ converter-wire ---
[INFO] Installing /home/travis/build/failed/square/retrofit/retrofit-converters/wire/target/converter-wire-2.0.0-SNAPSHOT.jar to /home/travis/.m2/repository/com/squareup/retrofit2/converter-wire/2.0.0-SNAPSHOT/converter-wire-2.0.0-SNAPSHOT.jar
[INFO] Installing /home/travis/build/failed/square/retrofit/retrofit-converters/wire/pom.xml to /home/travis/.m2/repository/com/squareup/retrofit2/converter-wire/2.0.0-SNAPSHOT/converter-wire-2.0.0-SNAPSHOT.pom
[INFO]                                                                         
[INFO] ------------------------------------------------------------------------
[INFO] Building Converter: SimpleXML 2.0.0-SNAPSHOT
[INFO] ------------------------------------------------------------------------
[INFO] 
[INFO] --- maven-enforcer-plugin:1.0:enforce (enforce-maven) @ converter-simplexml ---
[INFO] 
[INFO] --- maven-resources-plugin:2.6:resources (default-resources) @ converter-simplexml ---
[INFO] Using 'UTF-8' encoding to copy filtered resources.
[INFO] skip non existing resourceDirectory /home/travis/build/failed/square/retrofit/retrofit-converters/simplexml/src/main/resources
[INFO] 
[INFO] --- maven-compiler-plugin:3.0:compile (default-compile) @ converter-simplexml ---
[INFO] Changes detected - recompiling the module!
[INFO] Compiling 3 source files to /home/travis/build/failed/square/retrofit/retrofit-converters/simplexml/target/classes
[INFO] 
[INFO] --- maven-resources-plugin:2.6:testResources (default-testResources) @ converter-simplexml ---
[INFO] Using 'UTF-8' encoding to copy filtered resources.
[INFO] skip non existing resourceDirectory /home/travis/build/failed/square/retrofit/retrofit-converters/simplexml/src/test/resources
[INFO] 
[INFO] --- maven-compiler-plugin:3.0:testCompile (default-testCompile) @ converter-simplexml ---
[INFO] Changes detected - recompiling the module!
[INFO] Compiling 2 source files to /home/travis/build/failed/square/retrofit/retrofit-converters/simplexml/target/test-classes
[INFO] 
[INFO] --- maven-surefire-plugin:2.12.4:test (default-test) @ converter-simplexml ---
[INFO] Tests are skipped.
[INFO] 
[INFO] --- animal-sniffer-maven-plugin:1.14:check (default) @ converter-simplexml ---
[INFO] Checking unresolved references to org.codehaus.mojo.signature:java16:1.1
[INFO] 
[INFO] --- maven-jar-plugin:2.4:jar (default-jar) @ converter-simplexml ---
[INFO] Building jar: /home/travis/build/failed/square/retrofit/retrofit-converters/simplexml/target/converter-simplexml-2.0.0-SNAPSHOT.jar
[INFO] 
[INFO] --- maven-javadoc-plugin:2.10.3:jar (attach-javadocs) @ converter-simplexml ---
[INFO] Skipping javadoc generation
[INFO] 
[INFO] --- maven-checkstyle-plugin:2.15:checkstyle (default) @ converter-simplexml ---
[INFO] Starting audit...
Audit done.
[WARNING] Unable to locate Source XRef to link to - DISABLED
[INFO] 
[INFO] --- maven-install-plugin:2.4:install (default-install) @ converter-simplexml ---
[INFO] Installing /home/travis/build/failed/square/retrofit/retrofit-converters/simplexml/target/converter-simplexml-2.0.0-SNAPSHOT.jar to /home/travis/.m2/repository/com/squareup/retrofit2/converter-simplexml/2.0.0-SNAPSHOT/converter-simplexml-2.0.0-SNAPSHOT.jar
[INFO] Installing /home/travis/build/failed/square/retrofit/retrofit-converters/simplexml/pom.xml to /home/travis/.m2/repository/com/squareup/retrofit2/converter-simplexml/2.0.0-SNAPSHOT/converter-simplexml-2.0.0-SNAPSHOT.pom
[INFO]                                                                         
[INFO] ------------------------------------------------------------------------
[INFO] Building Converter: Java Scalars 2.0.0-SNAPSHOT
[INFO] ------------------------------------------------------------------------
[INFO] 
[INFO] --- maven-enforcer-plugin:1.0:enforce (enforce-maven) @ converter-scalars ---
[INFO] 
[INFO] --- maven-resources-plugin:2.6:resources (default-resources) @ converter-scalars ---
[INFO] Using 'UTF-8' encoding to copy filtered resources.
[INFO] skip non existing resourceDirectory /home/travis/build/failed/square/retrofit/retrofit-converters/scalars/src/main/resources
[INFO] 
[INFO] --- maven-compiler-plugin:3.0:compile (default-compile) @ converter-scalars ---
[INFO] Changes detected - recompiling the module!
[INFO] Compiling 3 source files to /home/travis/build/failed/square/retrofit/retrofit-converters/scalars/target/classes
[INFO] 
[INFO] --- maven-resources-plugin:2.6:testResources (default-testResources) @ converter-scalars ---
[INFO] Using 'UTF-8' encoding to copy filtered resources.
[INFO] skip non existing resourceDirectory /home/travis/build/failed/square/retrofit/retrofit-converters/scalars/src/test/resources
[INFO] 
[INFO] --- maven-compiler-plugin:3.0:testCompile (default-testCompile) @ converter-scalars ---
[INFO] Changes detected - recompiling the module!
[INFO] Compiling 1 source file to /home/travis/build/failed/square/retrofit/retrofit-converters/scalars/target/test-classes
[INFO] 
[INFO] --- maven-surefire-plugin:2.12.4:test (default-test) @ converter-scalars ---
[INFO] Tests are skipped.
[INFO] 
[INFO] --- animal-sniffer-maven-plugin:1.14:check (default) @ converter-scalars ---
[INFO] Checking unresolved references to org.codehaus.mojo.signature:java16:1.1
[INFO] 
[INFO] --- maven-jar-plugin:2.4:jar (default-jar) @ converter-scalars ---
[INFO] Building jar: /home/travis/build/failed/square/retrofit/retrofit-converters/scalars/target/converter-scalars-2.0.0-SNAPSHOT.jar
[INFO] 
[INFO] --- maven-javadoc-plugin:2.10.3:jar (attach-javadocs) @ converter-scalars ---
[INFO] Skipping javadoc generation
[INFO] 
[INFO] --- maven-checkstyle-plugin:2.15:checkstyle (default) @ converter-scalars ---
[INFO] Starting audit...
Audit done.
[WARNING] Unable to locate Source XRef to link to - DISABLED
[INFO] 
[INFO] --- maven-install-plugin:2.4:install (default-install) @ converter-scalars ---
[INFO] Installing /home/travis/build/failed/square/retrofit/retrofit-converters/scalars/target/converter-scalars-2.0.0-SNAPSHOT.jar to /home/travis/.m2/repository/com/squareup/retrofit2/converter-scalars/2.0.0-SNAPSHOT/converter-scalars-2.0.0-SNAPSHOT.jar
[INFO] Installing /home/travis/build/failed/square/retrofit/retrofit-converters/scalars/pom.xml to /home/travis/.m2/repository/com/squareup/retrofit2/converter-scalars/2.0.0-SNAPSHOT/converter-scalars-2.0.0-SNAPSHOT.pom
[INFO]                                                                         
[INFO] ------------------------------------------------------------------------
[INFO] Building Converter: Moshi 2.0.0-SNAPSHOT
[INFO] ------------------------------------------------------------------------
[INFO] 
[INFO] --- maven-enforcer-plugin:1.0:enforce (enforce-maven) @ converter-moshi ---
[INFO] 
[INFO] --- maven-resources-plugin:2.6:resources (default-resources) @ converter-moshi ---
[INFO] Using 'UTF-8' encoding to copy filtered resources.
[INFO] skip non existing resourceDirectory /home/travis/build/failed/square/retrofit/retrofit-converters/moshi/src/main/resources
[INFO] 
[INFO] --- maven-compiler-plugin:3.0:compile (default-compile) @ converter-moshi ---
[INFO] Changes detected - recompiling the module!
[INFO] Compiling 3 source files to /home/travis/build/failed/square/retrofit/retrofit-converters/moshi/target/classes
[INFO] 
[INFO] --- maven-resources-plugin:2.6:testResources (default-testResources) @ converter-moshi ---
[INFO] Using 'UTF-8' encoding to copy filtered resources.
[INFO] skip non existing resourceDirectory /home/travis/build/failed/square/retrofit/retrofit-converters/moshi/src/test/resources
[INFO] 
[INFO] --- maven-compiler-plugin:3.0:testCompile (default-testCompile) @ converter-moshi ---
[INFO] Changes detected - recompiling the module!
[INFO] Compiling 1 source file to /home/travis/build/failed/square/retrofit/retrofit-converters/moshi/target/test-classes
[INFO] 
[INFO] --- maven-surefire-plugin:2.12.4:test (default-test) @ converter-moshi ---
[INFO] Tests are skipped.
[INFO] 
[INFO] --- animal-sniffer-maven-plugin:1.14:check (default) @ converter-moshi ---
[INFO] Checking unresolved references to org.codehaus.mojo.signature:java16:1.1
[INFO] 
[INFO] --- maven-jar-plugin:2.4:jar (default-jar) @ converter-moshi ---
[INFO] Building jar: /home/travis/build/failed/square/retrofit/retrofit-converters/moshi/target/converter-moshi-2.0.0-SNAPSHOT.jar
[INFO] 
[INFO] --- maven-javadoc-plugin:2.10.3:jar (attach-javadocs) @ converter-moshi ---
[INFO] Skipping javadoc generation
[INFO] 
[INFO] --- maven-checkstyle-plugin:2.15:checkstyle (default) @ converter-moshi ---
[INFO] Starting audit...
Audit done.
[WARNING] Unable to locate Source XRef to link to - DISABLED
[INFO] 
[INFO] --- maven-install-plugin:2.4:install (default-install) @ converter-moshi ---
[INFO] Installing /home/travis/build/failed/square/retrofit/retrofit-converters/moshi/target/converter-moshi-2.0.0-SNAPSHOT.jar to /home/travis/.m2/repository/com/squareup/retrofit2/converter-moshi/2.0.0-SNAPSHOT/converter-moshi-2.0.0-SNAPSHOT.jar
[INFO] Installing /home/travis/build/failed/square/retrofit/retrofit-converters/moshi/pom.xml to /home/travis/.m2/repository/com/squareup/retrofit2/converter-moshi/2.0.0-SNAPSHOT/converter-moshi-2.0.0-SNAPSHOT.pom
[INFO]                                                                         
[INFO] ------------------------------------------------------------------------
[INFO] Building Retrofit Mock Adapter 2.0.0-SNAPSHOT
[INFO] ------------------------------------------------------------------------
[INFO] 
[INFO] --- maven-enforcer-plugin:1.0:enforce (enforce-maven) @ retrofit-mock ---
[INFO] 
[INFO] --- maven-resources-plugin:2.6:resources (default-resources) @ retrofit-mock ---
[INFO] Using 'UTF-8' encoding to copy filtered resources.
[INFO] skip non existing resourceDirectory /home/travis/build/failed/square/retrofit/retrofit-mock/src/main/resources
[INFO] 
[INFO] --- maven-compiler-plugin:3.0:compile (default-compile) @ retrofit-mock ---
[INFO] Changes detected - recompiling the module!
[INFO] Compiling 5 source files to /home/travis/build/failed/square/retrofit/retrofit-mock/target/classes
[INFO] 
[INFO] --- maven-resources-plugin:2.6:testResources (default-testResources) @ retrofit-mock ---
[INFO] Using 'UTF-8' encoding to copy filtered resources.
[INFO] skip non existing resourceDirectory /home/travis/build/failed/square/retrofit/retrofit-mock/src/test/resources
[INFO] 
[INFO] --- maven-compiler-plugin:3.0:testCompile (default-testCompile) @ retrofit-mock ---
[INFO] Changes detected - recompiling the module!
[INFO] Compiling 3 source files to /home/travis/build/failed/square/retrofit/retrofit-mock/target/test-classes
[INFO] 
[INFO] --- maven-surefire-plugin:2.12.4:test (default-test) @ retrofit-mock ---
[INFO] Tests are skipped.
[INFO] 
[INFO] --- animal-sniffer-maven-plugin:1.14:check (default) @ retrofit-mock ---
[INFO] Checking unresolved references to org.codehaus.mojo.signature:java16:1.1
[INFO] 
[INFO] --- maven-jar-plugin:2.4:jar (default-jar) @ retrofit-mock ---
[INFO] Building jar: /home/travis/build/failed/square/retrofit/retrofit-mock/target/retrofit-mock-2.0.0-SNAPSHOT.jar
[INFO] 
[INFO] --- maven-javadoc-plugin:2.10.3:jar (attach-javadocs) @ retrofit-mock ---
[INFO] Skipping javadoc generation
[INFO] 
[INFO] --- maven-checkstyle-plugin:2.15:checkstyle (default) @ retrofit-mock ---
[INFO] Starting audit...
Audit done.
[WARNING] Unable to locate Source XRef to link to - DISABLED
[INFO] 
[INFO] --- maven-install-plugin:2.4:install (default-install) @ retrofit-mock ---
[INFO] Installing /home/travis/build/failed/square/retrofit/retrofit-mock/target/retrofit-mock-2.0.0-SNAPSHOT.jar to /home/travis/.m2/repository/com/squareup/retrofit2/retrofit-mock/2.0.0-SNAPSHOT/retrofit-mock-2.0.0-SNAPSHOT.jar
[INFO] Installing /home/travis/build/failed/square/retrofit/retrofit-mock/pom.xml to /home/travis/.m2/repository/com/squareup/retrofit2/retrofit-mock/2.0.0-SNAPSHOT/retrofit-mock-2.0.0-SNAPSHOT.pom
[INFO]                                                                         
[INFO] ------------------------------------------------------------------------
[INFO] Building Samples 2.0.0-SNAPSHOT
[INFO] ------------------------------------------------------------------------
[INFO] 
[INFO] --- maven-enforcer-plugin:1.0:enforce (enforce-maven) @ samples ---
[INFO] 
[INFO] --- maven-resources-plugin:2.6:resources (default-resources) @ samples ---
[INFO] Using 'UTF-8' encoding to copy filtered resources.
[INFO] skip non existing resourceDirectory /home/travis/build/failed/square/retrofit/samples/src/main/resources
[INFO] 
[INFO] --- maven-compiler-plugin:3.0:compile (default-compile) @ samples ---
[INFO] Changes detected - recompiling the module!
[INFO] Compiling 6 source files to /home/travis/build/failed/square/retrofit/samples/target/classes
[INFO] 
[INFO] --- maven-resources-plugin:2.6:testResources (default-testResources) @ samples ---
[INFO] Using 'UTF-8' encoding to copy filtered resources.
[INFO] skip non existing resourceDirectory /home/travis/build/failed/square/retrofit/samples/src/test/resources
[INFO] 
[INFO] --- maven-compiler-plugin:3.0:testCompile (default-testCompile) @ samples ---
[INFO] No sources to compile
[INFO] 
[INFO] --- maven-surefire-plugin:2.12.4:test (default-test) @ samples ---
[INFO] Tests are skipped.
[INFO] 
[INFO] --- animal-sniffer-maven-plugin:1.14:check (default) @ samples ---
[INFO] Checking unresolved references to org.codehaus.mojo.signature:java16:1.1
[INFO] 
[INFO] --- maven-jar-plugin:2.4:jar (default-jar) @ samples ---
[INFO] Building jar: /home/travis/build/failed/square/retrofit/samples/target/samples-2.0.0-SNAPSHOT.jar
[INFO] 
[INFO] --- maven-javadoc-plugin:2.10.3:jar (attach-javadocs) @ samples ---
[INFO] Skipping javadoc generation
[INFO] 
[INFO] --- maven-checkstyle-plugin:2.15:checkstyle (default) @ samples ---
[INFO] Starting audit...
Audit done.
[WARNING] Unable to locate Source XRef to link to - DISABLED
[INFO] 
[INFO] --- maven-install-plugin:2.4:install (default-install) @ samples ---
[INFO] Installing /home/travis/build/failed/square/retrofit/samples/target/samples-2.0.0-SNAPSHOT.jar to /home/travis/.m2/repository/com/squareup/retrofit2/samples/2.0.0-SNAPSHOT/samples-2.0.0-SNAPSHOT.jar
[INFO] Installing /home/travis/build/failed/square/retrofit/samples/pom.xml to /home/travis/.m2/repository/com/squareup/retrofit2/samples/2.0.0-SNAPSHOT/samples-2.0.0-SNAPSHOT.pom
[INFO] ------------------------------------------------------------------------
[INFO] Reactor Summary:
[INFO] 
[INFO] Retrofit (Parent) .................................. SUCCESS [ 25.381 s]
[INFO] Retrofit ........................................... SUCCESS [ 37.043 s]
[INFO] Adapters ........................................... SUCCESS [  0.953 s]
[INFO] Adapter: RxJava .................................... SUCCESS [  4.205 s]
[INFO] Converters ......................................... SUCCESS [  0.615 s]
[INFO] Converter: Gson .................................... SUCCESS [  3.365 s]
[INFO] Converter: Protocol Buffers ........................ SUCCESS [  3.045 s]
[INFO] Converter: Jackson ................................. SUCCESS [  3.084 s]
[INFO] Converter: Wire Protocol Buffers ................... SUCCESS [  2.087 s]
[INFO] Converter: SimpleXML ............................... SUCCESS [  3.263 s]
[INFO] Converter: Java Scalars ............................ SUCCESS [  3.998 s]
[INFO] Converter: Moshi ................................... SUCCESS [  3.374 s]
[INFO] Retrofit Mock Adapter .............................. SUCCESS [  2.394 s]
[INFO] Samples ............................................ SUCCESS [  4.193 s]
[INFO] ------------------------------------------------------------------------
[INFO] BUILD SUCCESS
[INFO] ------------------------------------------------------------------------
[INFO] Total time: 01:38 min
[INFO] Finished at: 2022-01-30T12:09:16+00:00
[INFO] Final Memory: 43M/323M
[INFO] ------------------------------------------------------------------------

travis_time:end:044ff7ea:start=1643544456194436419,finish=1643544556635606445,duration=100441170026[0Ktravis_fold:end:install[0Ktravis_time:start:05450e20[0K$ mvn -o test -Dhttps.protocols=TLSv1.2 -Dhttps.protocols=TLSv1.2 -Dhttps.protocols=TLSv1.2 -Dhttps.protocols=TLSv1.2 -B
Java HotSpot(TM) 64-Bit Server VM warning: ignoring option MaxPermSize=192m; support was removed in 8.0
[INFO] Scanning for projects...
[WARNING] 
[WARNING] Some problems were encountered while building the effective model for com.squareup.retrofit2:samples:jar:2.0.0-SNAPSHOT
[WARNING] 'build.plugins.plugin.version' for org.apache.maven.plugins:maven-deploy-plugin is missing. @ com.squareup.retrofit2:samples:[unknown-version], /home/travis/build/failed/square/retrofit/samples/pom.xml, line 45, column 15
[WARNING] 
[WARNING] It is highly recommended to fix these problems because they threaten the stability of your build.
[WARNING] 
[WARNING] For this reason, future Maven versions might no longer support building such malformed projects.
[WARNING] 
[INFO] ------------------------------------------------------------------------
[INFO] Reactor Build Order:
[INFO] 
[INFO] Retrofit (Parent)
[INFO] Retrofit
[INFO] Adapters
[INFO] Adapter: RxJava
[INFO] Converters
[INFO] Converter: Gson
[INFO] Converter: Protocol Buffers
[INFO] Converter: Jackson
[INFO] Converter: Wire Protocol Buffers
[INFO] Converter: SimpleXML
[INFO] Converter: Java Scalars
[INFO] Converter: Moshi
[INFO] Retrofit Mock Adapter
[INFO] Samples
[INFO]                                                                         
[INFO] ------------------------------------------------------------------------
[INFO] Building Retrofit (Parent) 2.0.0-SNAPSHOT
[INFO] ------------------------------------------------------------------------
[INFO] 
[INFO] --- maven-enforcer-plugin:1.0:enforce (enforce-maven) @ parent ---
[INFO] 
[INFO] --- animal-sniffer-maven-plugin:1.14:check (default) @ parent ---
[INFO] Checking unresolved references to org.codehaus.mojo.signature:java16:1.1
[INFO]                                                                         
[INFO] ------------------------------------------------------------------------
[INFO] Building Retrofit 2.0.0-SNAPSHOT
[INFO] ------------------------------------------------------------------------
[INFO] 
[INFO] --- maven-enforcer-plugin:1.0:enforce (enforce-maven) @ retrofit ---
[INFO] 
[INFO] --- maven-resources-plugin:2.6:resources (default-resources) @ retrofit ---
[INFO] Using 'UTF-8' encoding to copy filtered resources.
[INFO] skip non existing resourceDirectory /home/travis/build/failed/square/retrofit/retrofit/src/main/resources
[INFO] 
[INFO] --- maven-compiler-plugin:3.0:compile (default-compile) @ retrofit ---
[INFO] Changes detected - recompiling the module!
[INFO] Compiling 42 source files to /home/travis/build/failed/square/retrofit/retrofit/target/classes
[WARNING] /home/travis/build/failed/square/retrofit/retrofit/src/main/java/retrofit2/Retrofit.java: Some input files use unchecked or unsafe operations.
[WARNING] /home/travis/build/failed/square/retrofit/retrofit/src/main/java/retrofit2/Retrofit.java: Recompile with -Xlint:unchecked for details.
[INFO] 
[INFO] --- maven-resources-plugin:2.6:testResources (default-testResources) @ retrofit ---
[INFO] Using 'UTF-8' encoding to copy filtered resources.
[INFO] skip non existing resourceDirectory /home/travis/build/failed/square/retrofit/retrofit/src/test/resources
[INFO] 
[INFO] --- maven-compiler-plugin:3.0:testCompile (default-testCompile) @ retrofit ---
[INFO] Changes detected - recompiling the module!
[INFO] Compiling 12 source files to /home/travis/build/failed/square/retrofit/retrofit/target/test-classes
[WARNING] /home/travis/build/failed/square/retrofit/retrofit/src/test/java/retrofit2/RetrofitTest.java: /home/travis/build/failed/square/retrofit/retrofit/src/test/java/retrofit2/RetrofitTest.java uses unchecked or unsafe operations.
[WARNING] /home/travis/build/failed/square/retrofit/retrofit/src/test/java/retrofit2/RetrofitTest.java: Recompile with -Xlint:unchecked for details.
[INFO] 
[INFO] --- maven-surefire-plugin:2.12.4:test (default-test) @ retrofit ---
[INFO] Surefire report directory: /home/travis/build/failed/square/retrofit/retrofit/target/surefire-reports

-------------------------------------------------------
 T E S T S
-------------------------------------------------------
Running retrofit2.CallTest
Jan 30, 2022 12:09:22 PM okhttp3.mockwebserver.MockWebServer$3 execute
INFO: MockWebServer[49713] starting to accept connections
Jan 30, 2022 12:09:22 PM okhttp3.mockwebserver.MockWebServer$3 acceptConnections
INFO: MockWebServer[49713] done accepting connections: Socket closed
Jan 30, 2022 12:09:22 PM okhttp3.mockwebserver.MockWebServer$3 execute
INFO: MockWebServer[46339] starting to accept connections
Jan 30, 2022 12:09:22 PM okhttp3.mockwebserver.MockWebServer$4 processOneRequest
INFO: MockWebServer[46339] received request: GET / HTTP/1.1 and responded: HTTP/1.1 200 OK
Jan 30, 2022 12:09:22 PM okhttp3.mockwebserver.MockWebServer$3 acceptConnections
INFO: MockWebServer[46339] done accepting connections: Socket closed
Jan 30, 2022 12:09:22 PM okhttp3.mockwebserver.MockWebServer$3 execute
INFO: MockWebServer[32915] starting to accept connections
Jan 30, 2022 12:09:22 PM okhttp3.mockwebserver.MockWebServer$4 processOneRequest
INFO: MockWebServer[32915] received request: GET / HTTP/1.1 and responded: HTTP/1.1 404 Client Error
Jan 30, 2022 12:09:22 PM okhttp3.mockwebserver.MockWebServer$3 acceptConnections
INFO: MockWebServer[32915] done accepting connections: Socket closed
Jan 30, 2022 12:09:22 PM okhttp3.mockwebserver.MockWebServer$3 execute
INFO: MockWebServer[35563] starting to accept connections
Jan 30, 2022 12:09:22 PM okhttp3.mockwebserver.MockWebServer$4 processOneRequest
INFO: MockWebServer[35563] received request: POST /Hello HTTP/1.1 and responded: HTTP/1.1 200 OK
Jan 30, 2022 12:09:22 PM okhttp3.mockwebserver.MockWebServer$3 acceptConnections
INFO: MockWebServer[35563] done accepting connections: Socket closed
Jan 30, 2022 12:09:22 PM okhttp3.mockwebserver.MockWebServer$3 execute
INFO: MockWebServer[38639] starting to accept connections
Jan 30, 2022 12:09:22 PM okhttp3.mockwebserver.MockWebServer$3 acceptConnections
INFO: MockWebServer[38639] done accepting connections: Socket closed
Jan 30, 2022 12:09:22 PM okhttp3.mockwebserver.MockWebServer$3 execute
INFO: MockWebServer[50607] starting to accept connections
Jan 30, 2022 12:09:22 PM okhttp3.mockwebserver.MockWebServer$3 acceptConnections
INFO: MockWebServer[50607] done accepting connections: Socket closed
Jan 30, 2022 12:09:22 PM okhttp3.mockwebserver.MockWebServer$3 execute
INFO: MockWebServer[51303] starting to accept connections
Jan 30, 2022 12:09:22 PM okhttp3.mockwebserver.MockWebServer$4 processOneRequest
INFO: MockWebServer[51303] received request: GET / HTTP/1.1 and responded: HTTP/1.1 200 OK
Jan 30, 2022 12:09:22 PM okhttp3.mockwebserver.MockWebServer$3 acceptConnections
INFO: MockWebServer[51303] done accepting connections: Socket closed
Jan 30, 2022 12:09:22 PM okhttp3.mockwebserver.MockWebServer$3 execute
INFO: MockWebServer[37157] starting to accept connections
Jan 30, 2022 12:09:23 PM okhttp3.mockwebserver.MockWebServer$4 processOneRequest
INFO: MockWebServer[37157] received request: GET / HTTP/1.1 and responded: HTTP/1.1 200 OK
Jan 30, 2022 12:09:23 PM okhttp3.mockwebserver.MockWebServer$3 acceptConnections
INFO: MockWebServer[37157] done accepting connections: Socket closed
Jan 30, 2022 12:09:23 PM okhttp3.mockwebserver.MockWebServer$3 execute
INFO: MockWebServer[40121] starting to accept connections
Jan 30, 2022 12:09:23 PM okhttp3.mockwebserver.MockWebServer$3 acceptConnections
INFO: MockWebServer[40121] done accepting connections: Socket closed
Jan 30, 2022 12:09:23 PM okhttp3.mockwebserver.MockWebServer$3 execute
INFO: MockWebServer[52995] starting to accept connections
Jan 30, 2022 12:09:23 PM okhttp3.mockwebserver.MockWebServer$4 processOneRequest
INFO: MockWebServer[52995] received request: POST /Hello HTTP/1.1 and responded: HTTP/1.1 200 OK
Jan 30, 2022 12:09:23 PM okhttp3.mockwebserver.MockWebServer$3 acceptConnections
INFO: MockWebServer[52995] done accepting connections: Socket closed
Jan 30, 2022 12:09:23 PM okhttp3.mockwebserver.MockWebServer$3 execute
INFO: MockWebServer[53681] starting to accept connections
Jan 30, 2022 12:09:23 PM okhttp3.mockwebserver.MockWebServer$4 processOneRequest
INFO: MockWebServer[53681] received request: POST /Hello HTTP/1.1 and responded: HTTP/1.1 200 OK
Jan 30, 2022 12:09:23 PM okhttp3.mockwebserver.MockWebServer$3 acceptConnections
INFO: MockWebServer[53681] done accepting connections: Socket closed
Jan 30, 2022 12:09:23 PM okhttp3.mockwebserver.MockWebServer$3 execute
INFO: MockWebServer[55689] starting to accept connections
Jan 30, 2022 12:09:23 PM okhttp3.mockwebserver.MockWebServer$3 acceptConnections
INFO: MockWebServer[55689] done accepting connections: Socket closed
Jan 30, 2022 12:09:23 PM okhttp3.mockwebserver.MockWebServer$3 execute
INFO: MockWebServer[38735] starting to accept connections
Jan 30, 2022 12:09:23 PM okhttp3.mockwebserver.MockWebServer$4 processOneRequest
INFO: MockWebServer[38735] received request: GET / HTTP/1.1 and responded: HTTP/1.1 404 Client Error
Jan 30, 2022 12:09:23 PM okhttp3.mockwebserver.MockWebServer$3 acceptConnections
INFO: MockWebServer[38735] done accepting connections: Socket closed
Jan 30, 2022 12:09:23 PM okhttp3.mockwebserver.MockWebServer$3 execute
INFO: MockWebServer[56311] starting to accept connections
Jan 30, 2022 12:09:23 PM okhttp3.mockwebserver.MockWebServer$4 processOneRequest
INFO: MockWebServer[56311] received request: POST / HTTP/1.1 and responded: HTTP/1.1 200 OK
Jan 30, 2022 12:09:23 PM okhttp3.mockwebserver.MockWebServer$3 acceptConnections
INFO: MockWebServer[56311] done accepting connections: Socket closed
Jan 30, 2022 12:09:23 PM okhttp3.mockwebserver.MockWebServer$3 execute
INFO: MockWebServer[50861] starting to accept connections
Jan 30, 2022 12:09:24 PM okhttp3.mockwebserver.MockWebServer$4 processOneRequest
INFO: MockWebServer[50861] received request: GET / HTTP/1.1 and responded: HTTP/1.1 204 Nothin
Jan 30, 2022 12:09:24 PM okhttp3.mockwebserver.MockWebServer$3 acceptConnections
INFO: MockWebServer[50861] done accepting connections: Socket closed
Jan 30, 2022 12:09:24 PM okhttp3.mockwebserver.MockWebServer$3 execute
INFO: MockWebServer[51723] starting to accept connections
Jan 30, 2022 12:09:24 PM okhttp3.mockwebserver.MockWebServer$3 acceptConnections
INFO: MockWebServer[51723] done accepting connections: Socket closed
Jan 30, 2022 12:09:24 PM okhttp3.mockwebserver.MockWebServer$3 execute
INFO: MockWebServer[51077] starting to accept connections
Jan 30, 2022 12:09:24 PM okhttp3.mockwebserver.MockWebServer$4 processOneRequest
INFO: MockWebServer[51077] received request: GET / HTTP/1.1 and responded: HTTP/1.1 200 OK
Jan 30, 2022 12:09:24 PM okhttp3.mockwebserver.MockWebServer$3 acceptConnections
INFO: MockWebServer[51077] done accepting connections: Socket closed
Jan 30, 2022 12:09:24 PM okhttp3.mockwebserver.MockWebServer$3 execute
INFO: MockWebServer[35997] starting to accept connections
Jan 30, 2022 12:09:24 PM okhttp3.mockwebserver.MockWebServer$4 processOneRequest
INFO: MockWebServer[35997] received request: POST /Hello HTTP/1.1 and responded: HTTP/1.1 200 OK
Jan 30, 2022 12:09:24 PM okhttp3.mockwebserver.MockWebServer$3 acceptConnections
INFO: MockWebServer[35997] done accepting connections: Socket closed
Jan 30, 2022 12:09:24 PM okhttp3.mockwebserver.MockWebServer$3 execute
INFO: MockWebServer[32847] starting to accept connections
Jan 30, 2022 12:09:24 PM okhttp3.mockwebserver.MockWebServer$4 processOneRequest
INFO: MockWebServer[32847] received request: GET / HTTP/1.1 and responded: HTTP/1.1 200 OK
Jan 30, 2022 12:09:24 PM okhttp3.mockwebserver.MockWebServer$3 acceptConnections
INFO: MockWebServer[32847] done accepting connections: Socket closed
Jan 30, 2022 12:09:24 PM okhttp3.mockwebserver.MockWebServer$3 execute
INFO: MockWebServer[39947] starting to accept connections
Jan 30, 2022 12:09:24 PM okhttp3.mockwebserver.MockWebServer$4 processOneRequest
INFO: MockWebServer[39947] received request: POST / HTTP/1.1 and responded: HTTP/1.1 200 OK
Jan 30, 2022 12:09:24 PM okhttp3.mockwebserver.MockWebServer$3 acceptConnections
INFO: MockWebServer[39947] done accepting connections: Socket closed
Jan 30, 2022 12:09:24 PM okhttp3.mockwebserver.MockWebServer$3 execute
INFO: MockWebServer[57885] starting to accept connections
Jan 30, 2022 12:09:24 PM okhttp3.mockwebserver.MockWebServer$3 acceptConnections
INFO: MockWebServer[57885] done accepting connections: Socket closed
Jan 30, 2022 12:09:24 PM okhttp3.mockwebserver.MockWebServer$3 execute
INFO: MockWebServer[37793] starting to accept connections
Jan 30, 2022 12:09:24 PM okhttp3.mockwebserver.MockWebServer$3 acceptConnections
INFO: MockWebServer[37793] done accepting connections: Socket closed
Jan 30, 2022 12:09:24 PM okhttp3.mockwebserver.MockWebServer$3 execute
INFO: MockWebServer[60239] starting to accept connections
Jan 30, 2022 12:09:24 PM okhttp3.mockwebserver.MockWebServer$3 acceptConnections
INFO: MockWebServer[60239] done accepting connections: Socket closed
Jan 30, 2022 12:09:24 PM okhttp3.mockwebserver.MockWebServer$3 execute
INFO: MockWebServer[60721] starting to accept connections
Jan 30, 2022 12:09:24 PM okhttp3.mockwebserver.MockWebServer$4 processOneRequest
INFO: MockWebServer[60721] received request: GET / HTTP/1.1 and responded: HTTP/1.1 200 OK
Jan 30, 2022 12:09:24 PM okhttp3.mockwebserver.MockWebServer$3 acceptConnections
INFO: MockWebServer[60721] done accepting connections: Socket closed
Jan 30, 2022 12:09:24 PM okhttp3.mockwebserver.MockWebServer$3 execute
INFO: MockWebServer[54161] starting to accept connections
Jan 30, 2022 12:09:24 PM okhttp3.mockwebserver.MockWebServer$4 processOneRequest
INFO: MockWebServer[54161] received request: GET / HTTP/1.1 and responded: HTTP/1.1 200 OK
Jan 30, 2022 12:09:24 PM okhttp3.mockwebserver.MockWebServer$3 acceptConnections
INFO: MockWebServer[54161] done accepting connections: Socket closed
Jan 30, 2022 12:09:24 PM okhttp3.mockwebserver.MockWebServer$3 execute
INFO: MockWebServer[39657] starting to accept connections
Jan 30, 2022 12:09:24 PM okhttp3.mockwebserver.MockWebServer$4 processOneRequest
INFO: MockWebServer[39657] received request: GET / HTTP/1.1 and responded: HTTP/1.1 205 Nothin
Jan 30, 2022 12:09:24 PM okhttp3.mockwebserver.MockWebServer$3 acceptConnections
INFO: MockWebServer[39657] done accepting connections: Socket closed
Jan 30, 2022 12:09:24 PM okhttp3.mockwebserver.MockWebServer$3 execute
INFO: MockWebServer[45717] starting to accept connections
Jan 30, 2022 12:09:24 PM okhttp3.mockwebserver.MockWebServer$4 processOneRequest
INFO: MockWebServer[45717] received request: GET / HTTP/1.1 and responded: HTTP/1.1 200 OK
Jan 30, 2022 12:09:24 PM okhttp3.mockwebserver.MockWebServer$4 processOneRequest
INFO: MockWebServer[45717] received request: GET / HTTP/1.1 and responded: HTTP/1.1 200 OK
Jan 30, 2022 12:09:24 PM okhttp3.mockwebserver.MockWebServer$3 acceptConnections
INFO: MockWebServer[45717] done accepting connections: Socket closed
Jan 30, 2022 12:09:24 PM okhttp3.mockwebserver.MockWebServer$3 execute
INFO: MockWebServer[47029] starting to accept connections
Jan 30, 2022 12:09:24 PM okhttp3.mockwebserver.MockWebServer$4 processOneRequest
INFO: MockWebServer[47029] received request: GET / HTTP/1.1 and responded: HTTP/1.1 200 OK
Jan 30, 2022 12:09:24 PM okhttp3.mockwebserver.MockWebServer$3 acceptConnections
INFO: MockWebServer[47029] done accepting connections: Socket closed
Jan 30, 2022 12:09:24 PM okhttp3.mockwebserver.MockWebServer$3 execute
INFO: MockWebServer[47615] starting to accept connections
Jan 30, 2022 12:09:24 PM okhttp3.mockwebserver.MockWebServer$3 acceptConnections
INFO: MockWebServer[47615] done accepting connections: Socket closed
Jan 30, 2022 12:09:24 PM okhttp3.mockwebserver.MockWebServer$3 execute
INFO: MockWebServer[42165] starting to accept connections
Jan 30, 2022 12:09:24 PM okhttp3.mockwebserver.MockWebServer$3 acceptConnections
INFO: MockWebServer[42165] done accepting connections: Socket closed
Jan 30, 2022 12:09:24 PM okhttp3.mockwebserver.MockWebServer$3 execute
INFO: MockWebServer[49781] starting to accept connections
Jan 30, 2022 12:09:24 PM okhttp3.mockwebserver.MockWebServer$3 acceptConnections
INFO: MockWebServer[49781] done accepting connections: Socket closed
Jan 30, 2022 12:09:24 PM okhttp3.mockwebserver.MockWebServer$3 execute
INFO: MockWebServer[35181] starting to accept connections
Jan 30, 2022 12:09:24 PM okhttp3.mockwebserver.MockWebServer$4 processOneRequest
INFO: MockWebServer[35181] received request: GET / HTTP/1.1 and responded: HTTP/1.1 200 OK
Jan 30, 2022 12:09:24 PM okhttp3.mockwebserver.MockWebServer$3 acceptConnections
INFO: MockWebServer[35181] done accepting connections: Socket closed
Jan 30, 2022 12:09:24 PM okhttp3.mockwebserver.MockWebServer$3 execute
INFO: MockWebServer[54173] starting to accept connections
Jan 30, 2022 12:09:24 PM okhttp3.mockwebserver.MockWebServer$4 processOneRequest
INFO: MockWebServer[54173] received request: GET / HTTP/1.1 and responded: HTTP/1.1 200 OK
Jan 30, 2022 12:09:24 PM okhttp3.mockwebserver.MockWebServer$3 acceptConnections
INFO: MockWebServer[54173] done accepting connections: Socket closed
Jan 30, 2022 12:09:24 PM okhttp3.mockwebserver.MockWebServer$3 execute
INFO: MockWebServer[57405] starting to accept connections
Jan 30, 2022 12:09:24 PM okhttp3.mockwebserver.MockWebServer$4 processOneRequest
INFO: MockWebServer[57405] received request: GET / HTTP/1.1 and responded: HTTP/1.1 200 OK
Jan 30, 2022 12:09:24 PM okhttp3.mockwebserver.MockWebServer$3 acceptConnections
INFO: MockWebServer[57405] done accepting connections: Socket closed
Tests run: 34, Failures: 0, Errors: 0, Skipped: 0, Time elapsed: 2.287 sec
Running retrofit2.ExecutorCallAdapterFactoryTest
Tests run: 7, Failures: 0, Errors: 0, Skipped: 0, Time elapsed: 0.001 sec
Running retrofit2.RequestBuilderAndroidTest
WARNING: No manifest file found at ./AndroidManifest.xml.Falling back to the Android OS resources only.
To remove this warning, annotate your test class with @Config(manifest=Config.NONE).
WARNING: No manifest file found at ./AndroidManifest.xml.Falling back to the Android OS resources only.
To remove this warning, annotate your test class with @Config(manifest=Config.NONE).
Tests run: 2, Failures: 0, Errors: 0, Skipped: 0, Time elapsed: 17.805 sec
Running retrofit2.RequestBuilderTest
Tests run: 103, Failures: 0, Errors: 0, Skipped: 2, Time elapsed: 0.092 sec
Running retrofit2.RequestFactoryParserTest
Tests run: 1, Failures: 0, Errors: 0, Skipped: 0, Time elapsed: 0.001 sec
Running retrofit2.ResponseTest
Tests run: 12, Failures: 0, Errors: 0, Skipped: 0, Time elapsed: 0.001 sec
Running retrofit2.RetrofitTest
Jan 30, 2022 12:09:42 PM okhttp3.mockwebserver.MockWebServer$3 execute
INFO: MockWebServer[56719] starting to accept connections
Jan 30, 2022 12:09:42 PM okhttp3.mockwebserver.MockWebServer$3 acceptConnections
INFO: MockWebServer[56719] done accepting connections: Socket closed
Jan 30, 2022 12:09:42 PM okhttp3.mockwebserver.MockWebServer$3 execute
INFO: MockWebServer[38353] starting to accept connections
Jan 30, 2022 12:09:42 PM okhttp3.mockwebserver.MockWebServer$3 acceptConnections
INFO: MockWebServer[38353] done accepting connections: Socket closed
Jan 30, 2022 12:09:42 PM okhttp3.mockwebserver.MockWebServer$3 execute
INFO: MockWebServer[49831] starting to accept connections
Jan 30, 2022 12:09:42 PM okhttp3.mockwebserver.MockWebServer$3 acceptConnections
INFO: MockWebServer[49831] done accepting connections: Socket closed
Jan 30, 2022 12:09:42 PM okhttp3.mockwebserver.MockWebServer$3 execute
INFO: MockWebServer[38505] starting to accept connections
Jan 30, 2022 12:09:42 PM okhttp3.mockwebserver.MockWebServer$3 acceptConnections
INFO: MockWebServer[38505] done accepting connections: Socket is closed
Jan 30, 2022 12:09:42 PM okhttp3.mockwebserver.MockWebServer$3 execute
INFO: MockWebServer[53309] starting to accept connections
Jan 30, 2022 12:09:42 PM okhttp3.mockwebserver.MockWebServer$4 processOneRequest
INFO: MockWebServer[53309] received request: GET / HTTP/1.1 and responded: HTTP/1.1 200 OK
Jan 30, 2022 12:09:42 PM okhttp3.mockwebserver.MockWebServer$3 acceptConnections
INFO: MockWebServer[53309] done accepting connections: Socket closed
Jan 30, 2022 12:09:42 PM okhttp3.mockwebserver.MockWebServer$3 execute
INFO: MockWebServer[36311] starting to accept connections
Jan 30, 2022 12:09:42 PM okhttp3.mockwebserver.MockWebServer$3 acceptConnections
INFO: MockWebServer[36311] done accepting connections: Socket closed
Jan 30, 2022 12:09:42 PM okhttp3.mockwebserver.MockWebServer$3 execute
INFO: MockWebServer[38305] starting to accept connections
Jan 30, 2022 12:09:42 PM okhttp3.mockwebserver.MockWebServer$3 acceptConnections
INFO: MockWebServer[38305] done accepting connections: Socket is closed
Jan 30, 2022 12:09:42 PM okhttp3.mockwebserver.MockWebServer$3 execute
INFO: MockWebServer[36935] starting to accept connections
Jan 30, 2022 12:09:42 PM okhttp3.mockwebserver.MockWebServer$3 acceptConnections
INFO: MockWebServer[36935] done accepting connections: Socket closed
Jan 30, 2022 12:09:42 PM okhttp3.mockwebserver.MockWebServer$3 execute
INFO: MockWebServer[43603] starting to accept connections
Jan 30, 2022 12:09:42 PM okhttp3.mockwebserver.MockWebServer$3 acceptConnections
INFO: MockWebServer[43603] done accepting connections: Socket closed
Jan 30, 2022 12:09:42 PM okhttp3.mockwebserver.MockWebServer$3 execute
INFO: MockWebServer[51049] starting to accept connections
Jan 30, 2022 12:09:42 PM okhttp3.mockwebserver.MockWebServer$3 acceptConnections
INFO: MockWebServer[51049] done accepting connections: Socket closed
Jan 30, 2022 12:09:42 PM okhttp3.mockwebserver.MockWebServer$3 execute
INFO: MockWebServer[45683] starting to accept connections
Jan 30, 2022 12:09:42 PM okhttp3.mockwebserver.MockWebServer$3 acceptConnections
INFO: MockWebServer[45683] done accepting connections: Socket closed
Jan 30, 2022 12:09:42 PM okhttp3.mockwebserver.MockWebServer$3 execute
INFO: MockWebServer[60709] starting to accept connections
Jan 30, 2022 12:09:42 PM okhttp3.mockwebserver.MockWebServer$3 acceptConnections
INFO: MockWebServer[60709] done accepting connections: Socket closed
Jan 30, 2022 12:09:42 PM okhttp3.mockwebserver.MockWebServer$3 execute
INFO: MockWebServer[42033] starting to accept connections
Jan 30, 2022 12:09:43 PM okhttp3.mockwebserver.MockWebServer$3 acceptConnections
INFO: MockWebServer[42033] done accepting connections: Socket closed
Jan 30, 2022 12:09:43 PM okhttp3.mockwebserver.MockWebServer$3 execute
INFO: MockWebServer[40087] starting to accept connections
Jan 30, 2022 12:09:43 PM okhttp3.mockwebserver.MockWebServer$3 acceptConnections
INFO: MockWebServer[40087] done accepting connections: Socket closed
Jan 30, 2022 12:09:43 PM okhttp3.mockwebserver.MockWebServer$3 execute
INFO: MockWebServer[49659] starting to accept connections
Jan 30, 2022 12:09:43 PM okhttp3.mockwebserver.MockWebServer$4 processOneRequest
INFO: MockWebServer[49659] received request: GET / HTTP/1.1 and responded: HTTP/1.1 200 OK
Jan 30, 2022 12:09:43 PM okhttp3.mockwebserver.MockWebServer$3 acceptConnections
INFO: MockWebServer[49659] done accepting connections: Socket closed
Jan 30, 2022 12:09:43 PM okhttp3.mockwebserver.MockWebServer$3 execute
INFO: MockWebServer[39409] starting to accept connections
Jan 30, 2022 12:09:43 PM okhttp3.mockwebserver.MockWebServer$3 acceptConnections
INFO: MockWebServer[39409] done accepting connections: Socket is closed
Jan 30, 2022 12:09:43 PM okhttp3.mockwebserver.MockWebServer$3 execute
INFO: MockWebServer[47615] starting to accept connections
Jan 30, 2022 12:09:43 PM okhttp3.mockwebserver.MockWebServer$3 acceptConnections
INFO: MockWebServer[47615] done accepting connections: Socket closed
Jan 30, 2022 12:09:43 PM okhttp3.mockwebserver.MockWebServer$3 execute
INFO: MockWebServer[48577] starting to accept connections
Jan 30, 2022 12:09:43 PM okhttp3.mockwebserver.MockWebServer$4 processOneRequest
INFO: MockWebServer[48577] received request: GET / HTTP/1.1 and responded: HTTP/1.1 200 OK
Jan 30, 2022 12:09:43 PM okhttp3.mockwebserver.MockWebServer$3 acceptConnections
INFO: MockWebServer[48577] done accepting connections: Socket closed
Jan 30, 2022 12:09:43 PM okhttp3.mockwebserver.MockWebServer$3 execute
INFO: MockWebServer[49091] starting to accept connections
Jan 30, 2022 12:09:43 PM okhttp3.mockwebserver.MockWebServer$3 acceptConnections
INFO: MockWebServer[49091] done accepting connections: Socket closed
Jan 30, 2022 12:09:43 PM okhttp3.mockwebserver.MockWebServer$3 execute
INFO: MockWebServer[32785] starting to accept connections
Jan 30, 2022 12:09:43 PM okhttp3.mockwebserver.MockWebServer$4 processOneRequest
INFO: MockWebServer[32785] received request: POST / HTTP/1.1 and responded: HTTP/1.1 200 OK
Jan 30, 2022 12:09:43 PM okhttp3.mockwebserver.MockWebServer$3 acceptConnections
INFO: MockWebServer[32785] done accepting connections: Socket closed
Jan 30, 2022 12:09:43 PM okhttp3.mockwebserver.MockWebServer$3 execute
INFO: MockWebServer[59275] starting to accept connections
Jan 30, 2022 12:09:43 PM okhttp3.mockwebserver.MockWebServer$3 acceptConnections
INFO: MockWebServer[59275] done accepting connections: Socket closed
Jan 30, 2022 12:09:43 PM okhttp3.mockwebserver.MockWebServer$3 execute
INFO: MockWebServer[47941] starting to accept connections
Jan 30, 2022 12:09:43 PM okhttp3.mockwebserver.MockWebServer$3 acceptConnections
INFO: MockWebServer[47941] done accepting connections: Socket closed
Jan 30, 2022 12:09:43 PM okhttp3.mockwebserver.MockWebServer$3 execute
INFO: MockWebServer[55439] starting to accept connections
Jan 30, 2022 12:09:43 PM okhttp3.mockwebserver.MockWebServer$3 acceptConnections
INFO: MockWebServer[55439] done accepting connections: Socket closed
Jan 30, 2022 12:09:43 PM okhttp3.mockwebserver.MockWebServer$3 execute
INFO: MockWebServer[39179] starting to accept connections
Jan 30, 2022 12:09:43 PM okhttp3.mockwebserver.MockWebServer$3 acceptConnections
INFO: MockWebServer[39179] done accepting connections: Socket is closed
Jan 30, 2022 12:09:43 PM okhttp3.mockwebserver.MockWebServer$3 execute
INFO: MockWebServer[44051] starting to accept connections
Jan 30, 2022 12:09:43 PM okhttp3.mockwebserver.MockWebServer$3 acceptConnections
INFO: MockWebServer[44051] done accepting connections: Socket closed
Jan 30, 2022 12:09:43 PM okhttp3.mockwebserver.MockWebServer$3 execute
INFO: MockWebServer[52327] starting to accept connections
Jan 30, 2022 12:09:43 PM okhttp3.mockwebserver.MockWebServer$3 acceptConnections
INFO: MockWebServer[52327] done accepting connections: Socket is closed
Jan 30, 2022 12:09:43 PM okhttp3.mockwebserver.MockWebServer$3 execute
INFO: MockWebServer[54979] starting to accept connections
Jan 30, 2022 12:09:43 PM okhttp3.mockwebserver.MockWebServer$3 acceptConnections
INFO: MockWebServer[54979] done accepting connections: Socket closed
Jan 30, 2022 12:09:43 PM okhttp3.mockwebserver.MockWebServer$3 execute
INFO: MockWebServer[58207] starting to accept connections
Jan 30, 2022 12:09:43 PM okhttp3.mockwebserver.MockWebServer$4 processOneRequest
INFO: MockWebServer[58207] received request: GET / HTTP/1.1 and responded: HTTP/1.1 200 OK
Jan 30, 2022 12:09:43 PM okhttp3.mockwebserver.MockWebServer$3 acceptConnections
INFO: MockWebServer[58207] done accepting connections: Socket closed
Jan 30, 2022 12:09:43 PM okhttp3.mockwebserver.MockWebServer$3 execute
INFO: MockWebServer[46487] starting to accept connections
Jan 30, 2022 12:09:43 PM okhttp3.mockwebserver.MockWebServer$3 acceptConnections
INFO: MockWebServer[46487] done accepting connections: Socket closed
Jan 30, 2022 12:09:43 PM okhttp3.mockwebserver.MockWebServer$3 execute
INFO: MockWebServer[33915] starting to accept connections
Jan 30, 2022 12:09:43 PM okhttp3.mockwebserver.MockWebServer$3 acceptConnections
INFO: MockWebServer[33915] done accepting connections: Socket closed
Jan 30, 2022 12:09:43 PM okhttp3.mockwebserver.MockWebServer$3 execute
INFO: MockWebServer[48599] starting to accept connections
Jan 30, 2022 12:09:43 PM okhttp3.mockwebserver.MockWebServer$3 acceptConnections
INFO: MockWebServer[48599] done accepting connections: Socket closed
Jan 30, 2022 12:09:43 PM okhttp3.mockwebserver.MockWebServer$3 execute
INFO: MockWebServer[47801] starting to accept connections
Jan 30, 2022 12:09:43 PM okhttp3.mockwebserver.MockWebServer$3 acceptConnections
INFO: MockWebServer[47801] done accepting connections: Socket closed
Jan 30, 2022 12:09:43 PM okhttp3.mockwebserver.MockWebServer$3 execute
INFO: MockWebServer[56041] starting to accept connections
Jan 30, 2022 12:09:43 PM okhttp3.mockwebserver.MockWebServer$3 acceptConnections
INFO: MockWebServer[56041] done accepting connections: Socket closed
Jan 30, 2022 12:09:43 PM okhttp3.mockwebserver.MockWebServer$3 execute
INFO: MockWebServer[50367] starting to accept connections
Jan 30, 2022 12:09:43 PM okhttp3.mockwebserver.MockWebServer$3 acceptConnections
INFO: MockWebServer[50367] done accepting connections: Socket closed
Jan 30, 2022 12:09:43 PM okhttp3.mockwebserver.MockWebServer$3 execute
INFO: MockWebServer[36381] starting to accept connections
Jan 30, 2022 12:09:43 PM okhttp3.mockwebserver.MockWebServer$3 acceptConnections
INFO: MockWebServer[36381] done accepting connections: Socket closed
Jan 30, 2022 12:09:43 PM okhttp3.mockwebserver.MockWebServer$3 execute
INFO: MockWebServer[36985] starting to accept connections
Jan 30, 2022 12:09:43 PM okhttp3.mockwebserver.MockWebServer$3 acceptConnections
INFO: MockWebServer[36985] done accepting connections: Socket closed
Jan 30, 2022 12:09:43 PM okhttp3.mockwebserver.MockWebServer$3 execute
INFO: MockWebServer[54699] starting to accept connections
Jan 30, 2022 12:09:43 PM okhttp3.mockwebserver.MockWebServer$3 acceptConnections
INFO: MockWebServer[54699] done accepting connections: Socket closed
Jan 30, 2022 12:09:43 PM okhttp3.mockwebserver.MockWebServer$3 execute
INFO: MockWebServer[43499] starting to accept connections
Jan 30, 2022 12:09:43 PM okhttp3.mockwebserver.MockWebServer$3 acceptConnections
INFO: MockWebServer[43499] done accepting connections: Socket closed
Jan 30, 2022 12:09:43 PM okhttp3.mockwebserver.MockWebServer$3 execute
INFO: MockWebServer[33471] starting to accept connections
Jan 30, 2022 12:09:43 PM okhttp3.mockwebserver.MockWebServer$3 acceptConnections
INFO: MockWebServer[33471] done accepting connections: Socket closed
Jan 30, 2022 12:09:43 PM okhttp3.mockwebserver.MockWebServer$3 execute
INFO: MockWebServer[36973] starting to accept connections
Jan 30, 2022 12:09:43 PM okhttp3.mockwebserver.MockWebServer$3 acceptConnections
INFO: MockWebServer[36973] done accepting connections: Socket closed
Jan 30, 2022 12:09:43 PM okhttp3.mockwebserver.MockWebServer$3 execute
INFO: MockWebServer[50413] starting to accept connections
Jan 30, 2022 12:09:43 PM okhttp3.mockwebserver.MockWebServer$3 acceptConnections
INFO: MockWebServer[50413] done accepting connections: Socket closed
Jan 30, 2022 12:09:43 PM okhttp3.mockwebserver.MockWebServer$3 execute
INFO: MockWebServer[48757] starting to accept connections
Jan 30, 2022 12:09:43 PM okhttp3.mockwebserver.MockWebServer$3 acceptConnections
INFO: MockWebServer[48757] done accepting connections: Socket is closed
Jan 30, 2022 12:09:43 PM okhttp3.mockwebserver.MockWebServer$3 execute
INFO: MockWebServer[56571] starting to accept connections
Jan 30, 2022 12:09:43 PM okhttp3.mockwebserver.MockWebServer$3 acceptConnections
INFO: MockWebServer[56571] done accepting connections: Socket closed
Jan 30, 2022 12:09:43 PM okhttp3.mockwebserver.MockWebServer$3 execute
INFO: MockWebServer[47639] starting to accept connections
Jan 30, 2022 12:09:43 PM okhttp3.mockwebserver.MockWebServer$3 acceptConnections
INFO: MockWebServer[47639] done accepting connections: Socket is closed
Jan 30, 2022 12:09:43 PM okhttp3.mockwebserver.MockWebServer$3 execute
INFO: MockWebServer[51103] starting to accept connections
Jan 30, 2022 12:09:43 PM okhttp3.mockwebserver.MockWebServer$3 acceptConnections
INFO: MockWebServer[51103] done accepting connections: Socket closed
Jan 30, 2022 12:09:43 PM okhttp3.mockwebserver.MockWebServer$3 execute
INFO: MockWebServer[35649] starting to accept connections
Jan 30, 2022 12:09:43 PM okhttp3.mockwebserver.MockWebServer$3 acceptConnections
INFO: MockWebServer[35649] done accepting connections: Socket closed
Jan 30, 2022 12:09:43 PM okhttp3.mockwebserver.MockWebServer$3 execute
INFO: MockWebServer[41287] starting to accept connections
Jan 30, 2022 12:09:43 PM okhttp3.mockwebserver.MockWebServer$3 acceptConnections
INFO: MockWebServer[41287] done accepting connections: Socket is closed
Jan 30, 2022 12:09:43 PM okhttp3.mockwebserver.MockWebServer$3 execute
INFO: MockWebServer[41701] starting to accept connections
Jan 30, 2022 12:09:43 PM okhttp3.mockwebserver.MockWebServer$3 acceptConnections
INFO: MockWebServer[41701] done accepting connections: Socket is closed
Jan 30, 2022 12:09:43 PM okhttp3.mockwebserver.MockWebServer$3 execute
INFO: MockWebServer[55411] starting to accept connections
Jan 30, 2022 12:09:43 PM okhttp3.mockwebserver.MockWebServer$3 acceptConnections
INFO: MockWebServer[55411] done accepting connections: Socket closed
Jan 30, 2022 12:09:43 PM okhttp3.mockwebserver.MockWebServer$3 execute
INFO: MockWebServer[37257] starting to accept connections
Jan 30, 2022 12:09:43 PM okhttp3.mockwebserver.MockWebServer$3 acceptConnections
INFO: MockWebServer[37257] done accepting connections: Socket closed
Jan 30, 2022 12:09:43 PM okhttp3.mockwebserver.MockWebServer$3 execute
INFO: MockWebServer[44491] starting to accept connections
Jan 30, 2022 12:09:43 PM okhttp3.mockwebserver.MockWebServer$3 acceptConnections
INFO: MockWebServer[44491] done accepting connections: Socket closed
Jan 30, 2022 12:09:43 PM okhttp3.mockwebserver.MockWebServer$3 execute
INFO: MockWebServer[44835] starting to accept connections
Jan 30, 2022 12:09:43 PM okhttp3.mockwebserver.MockWebServer$3 acceptConnections
INFO: MockWebServer[44835] done accepting connections: Socket closed
Jan 30, 2022 12:09:43 PM okhttp3.mockwebserver.MockWebServer$3 execute
INFO: MockWebServer[57297] starting to accept connections
Jan 30, 2022 12:09:43 PM okhttp3.mockwebserver.MockWebServer$3 acceptConnections
INFO: MockWebServer[57297] done accepting connections: Socket closed
Jan 30, 2022 12:09:43 PM okhttp3.mockwebserver.MockWebServer$3 execute
INFO: MockWebServer[58581] starting to accept connections
Jan 30, 2022 12:09:43 PM okhttp3.mockwebserver.MockWebServer$3 acceptConnections
INFO: MockWebServer[58581] done accepting connections: Socket closed
Jan 30, 2022 12:09:43 PM okhttp3.mockwebserver.MockWebServer$3 execute
INFO: MockWebServer[48627] starting to accept connections
Jan 30, 2022 12:09:43 PM okhttp3.mockwebserver.MockWebServer$3 acceptConnections
INFO: MockWebServer[48627] done accepting connections: Socket closed
Jan 30, 2022 12:09:43 PM okhttp3.mockwebserver.MockWebServer$3 execute
INFO: MockWebServer[45165] starting to accept connections
Jan 30, 2022 12:09:43 PM okhttp3.mockwebserver.MockWebServer$3 acceptConnections
INFO: MockWebServer[45165] done accepting connections: Socket closed
Jan 30, 2022 12:09:43 PM okhttp3.mockwebserver.MockWebServer$3 execute
INFO: MockWebServer[52959] starting to accept connections
Jan 30, 2022 12:09:43 PM okhttp3.mockwebserver.MockWebServer$3 acceptConnections
INFO: MockWebServer[52959] done accepting connections: Socket closed
Jan 30, 2022 12:09:43 PM okhttp3.mockwebserver.MockWebServer$3 execute
INFO: MockWebServer[59031] starting to accept connections
Jan 30, 2022 12:09:43 PM okhttp3.mockwebserver.MockWebServer$3 acceptConnections
INFO: MockWebServer[59031] done accepting connections: Socket closed
Jan 30, 2022 12:09:43 PM okhttp3.mockwebserver.MockWebServer$3 execute
INFO: MockWebServer[35471] starting to accept connections
Jan 30, 2022 12:09:43 PM okhttp3.mockwebserver.MockWebServer$3 acceptConnections
INFO: MockWebServer[35471] done accepting connections: Socket closed
Jan 30, 2022 12:09:43 PM okhttp3.mockwebserver.MockWebServer$3 execute
INFO: MockWebServer[60893] starting to accept connections
Jan 30, 2022 12:09:43 PM okhttp3.mockwebserver.MockWebServer$3 acceptConnections
INFO: MockWebServer[60893] done accepting connections: Socket closed
Jan 30, 2022 12:09:43 PM okhttp3.mockwebserver.MockWebServer$3 execute
INFO: MockWebServer[43709] starting to accept connections
Jan 30, 2022 12:09:43 PM okhttp3.mockwebserver.MockWebServer$3 acceptConnections
INFO: MockWebServer[43709] done accepting connections: Socket closed
Jan 30, 2022 12:09:43 PM okhttp3.mockwebserver.MockWebServer$3 execute
INFO: MockWebServer[43197] starting to accept connections
Jan 30, 2022 12:09:43 PM okhttp3.mockwebserver.MockWebServer$3 acceptConnections
INFO: MockWebServer[43197] done accepting connections: Socket closed
Tests run: 62, Failures: 0, Errors: 0, Skipped: 0, Time elapsed: 0.964 sec

Results :

Tests run: 221, Failures: 0, Errors: 0, Skipped: 2

[INFO] 
[INFO] --- animal-sniffer-maven-plugin:1.14:check (default) @ retrofit ---
[INFO] Checking unresolved references to org.codehaus.mojo.signature:java16:1.1
[INFO]                                                                         
[INFO] ------------------------------------------------------------------------
[INFO] Building Adapters 2.0.0-SNAPSHOT
[INFO] ------------------------------------------------------------------------
[INFO] 
[INFO] --- maven-enforcer-plugin:1.0:enforce (enforce-maven) @ retrofit-adapters ---
[INFO] 
[INFO] --- animal-sniffer-maven-plugin:1.14:check (default) @ retrofit-adapters ---
[INFO] Checking unresolved references to org.codehaus.mojo.signature:java16:1.1
[INFO]                                                                         
[INFO] ------------------------------------------------------------------------
[INFO] Building Adapter: RxJava 2.0.0-SNAPSHOT
[INFO] ------------------------------------------------------------------------
[INFO] 
[INFO] --- maven-enforcer-plugin:1.0:enforce (enforce-maven) @ adapter-rxjava ---
[INFO] 
[INFO] --- maven-resources-plugin:2.6:resources (default-resources) @ adapter-rxjava ---
[INFO] Using 'UTF-8' encoding to copy filtered resources.
[INFO] skip non existing resourceDirectory /home/travis/build/failed/square/retrofit/retrofit-adapters/rxjava/src/main/resources
[INFO] 
[INFO] --- maven-compiler-plugin:3.0:compile (default-compile) @ adapter-rxjava ---
[INFO] Changes detected - recompiling the module!
[INFO] Compiling 4 source files to /home/travis/build/failed/square/retrofit/retrofit-adapters/rxjava/target/classes
[INFO] 
[INFO] --- maven-resources-plugin:2.6:testResources (default-testResources) @ adapter-rxjava ---
[INFO] Using 'UTF-8' encoding to copy filtered resources.
[INFO] skip non existing resourceDirectory /home/travis/build/failed/square/retrofit/retrofit-adapters/rxjava/src/test/resources
[INFO] 
[INFO] --- maven-compiler-plugin:3.0:testCompile (default-testCompile) @ adapter-rxjava ---
[INFO] Changes detected - recompiling the module!
[INFO] Compiling 2 source files to /home/travis/build/failed/square/retrofit/retrofit-adapters/rxjava/target/test-classes
[INFO] 
[INFO] --- maven-surefire-plugin:2.12.4:test (default-test) @ adapter-rxjava ---
[INFO] Surefire report directory: /home/travis/build/failed/square/retrofit/retrofit-adapters/rxjava/target/surefire-reports

-------------------------------------------------------
 T E S T S
-------------------------------------------------------
Running retrofit2.ResultTest
Tests run: 4, Failures: 0, Errors: 0, Skipped: 0, Time elapsed: 0.118 sec
Running retrofit2.RxJavaCallAdapterFactoryTest
Jan 30, 2022 12:09:44 PM okhttp3.mockwebserver.MockWebServer$3 execute
INFO: MockWebServer[54457] starting to accept connections
Jan 30, 2022 12:09:45 PM okhttp3.mockwebserver.MockWebServer$4 processConnection
WARNING: MockWebServer[54457] connection from /127.0.0.1 didn't make a request
Jan 30, 2022 12:09:45 PM okhttp3.mockwebserver.MockWebServer$3 acceptConnections
INFO: MockWebServer[54457] done accepting connections: Socket closed
Jan 30, 2022 12:09:45 PM okhttp3.mockwebserver.MockWebServer$3 execute
INFO: MockWebServer[46057] starting to accept connections
Jan 30, 2022 12:09:45 PM okhttp3.mockwebserver.MockWebServer$4 processOneRequest
INFO: MockWebServer[46057] received request: GET / HTTP/1.1 and responded: HTTP/1.1 200 OK
Jan 30, 2022 12:09:45 PM okhttp3.mockwebserver.MockWebServer$3 acceptConnections
INFO: MockWebServer[46057] done accepting connections: Socket closed
Jan 30, 2022 12:09:45 PM okhttp3.mockwebserver.MockWebServer$3 execute
INFO: MockWebServer[35599] starting to accept connections
Jan 30, 2022 12:09:45 PM okhttp3.mockwebserver.MockWebServer$4 processOneRequest
INFO: MockWebServer[35599] received request: GET / HTTP/1.1 and responded: HTTP/1.1 404 Client Error
Jan 30, 2022 12:09:45 PM okhttp3.mockwebserver.MockWebServer$3 acceptConnections
INFO: MockWebServer[35599] done accepting connections: Socket closed
Jan 30, 2022 12:09:45 PM okhttp3.mockwebserver.MockWebServer$3 execute
INFO: MockWebServer[38695] starting to accept connections
Jan 30, 2022 12:09:45 PM okhttp3.mockwebserver.MockWebServer$3 acceptConnections
INFO: MockWebServer[38695] done accepting connections: Socket closed
Jan 30, 2022 12:09:45 PM okhttp3.mockwebserver.MockWebServer$3 execute
INFO: MockWebServer[59069] starting to accept connections
Jan 30, 2022 12:09:45 PM okhttp3.mockwebserver.MockWebServer$4 processOneRequest
INFO: MockWebServer[59069] received request: GET / HTTP/1.1 and responded: HTTP/1.1 200 OK
Jan 30, 2022 12:09:45 PM okhttp3.mockwebserver.MockWebServer$3 acceptConnections
INFO: MockWebServer[59069] done accepting connections: Socket closed
Jan 30, 2022 12:09:45 PM okhttp3.mockwebserver.MockWebServer$3 execute
INFO: MockWebServer[48845] starting to accept connections
Jan 30, 2022 12:09:45 PM okhttp3.mockwebserver.MockWebServer$4 processOneRequest
INFO: MockWebServer[48845] received request: GET / HTTP/1.1 and responded: HTTP/1.1 404 Client Error
Jan 30, 2022 12:09:45 PM okhttp3.mockwebserver.MockWebServer$3 acceptConnections
INFO: MockWebServer[48845] done accepting connections: Socket closed
Jan 30, 2022 12:09:45 PM okhttp3.mockwebserver.MockWebServer$3 execute
INFO: MockWebServer[45439] starting to accept connections
Jan 30, 2022 12:09:45 PM okhttp3.mockwebserver.MockWebServer$4 processConnection
WARNING: MockWebServer[45439] connection from /127.0.0.1 didn't make a request
Jan 30, 2022 12:09:45 PM okhttp3.mockwebserver.MockWebServer$3 acceptConnections
INFO: MockWebServer[45439] done accepting connections: Socket closed
Jan 30, 2022 12:09:45 PM okhttp3.mockwebserver.MockWebServer$3 execute
INFO: MockWebServer[53815] starting to accept connections
Jan 30, 2022 12:09:45 PM okhttp3.mockwebserver.MockWebServer$4 processOneRequest
INFO: MockWebServer[53815] received request: GET / HTTP/1.1 and responded: HTTP/1.1 200 OK
Jan 30, 2022 12:09:45 PM okhttp3.mockwebserver.MockWebServer$3 acceptConnections
INFO: MockWebServer[53815] done accepting connections: Socket closed
Jan 30, 2022 12:09:45 PM okhttp3.mockwebserver.MockWebServer$3 execute
INFO: MockWebServer[49183] starting to accept connections
Jan 30, 2022 12:09:45 PM okhttp3.mockwebserver.MockWebServer$4 processOneRequest
INFO: MockWebServer[49183] received request: GET / HTTP/1.1 and responded: HTTP/1.1 404 Client Error
Jan 30, 2022 12:09:45 PM okhttp3.mockwebserver.MockWebServer$3 acceptConnections
INFO: MockWebServer[49183] done accepting connections: Socket closed
Jan 30, 2022 12:09:45 PM okhttp3.mockwebserver.MockWebServer$3 execute
INFO: MockWebServer[49157] starting to accept connections
Jan 30, 2022 12:09:45 PM okhttp3.mockwebserver.MockWebServer$4 processConnection
WARNING: MockWebServer[49157] connection from /127.0.0.1 didn't make a request
Jan 30, 2022 12:09:45 PM okhttp3.mockwebserver.MockWebServer$3 acceptConnections
INFO: MockWebServer[49157] done accepting connections: Socket closed
Jan 30, 2022 12:09:45 PM okhttp3.mockwebserver.MockWebServer$3 execute
INFO: MockWebServer[56375] starting to accept connections
Jan 30, 2022 12:09:45 PM okhttp3.mockwebserver.MockWebServer$4 processOneRequest
INFO: MockWebServer[56375] received request: GET / HTTP/1.1 and responded: HTTP/1.1 200 OK
Jan 30, 2022 12:09:45 PM okhttp3.mockwebserver.MockWebServer$3 acceptConnections
INFO: MockWebServer[56375] done accepting connections: Socket closed
Jan 30, 2022 12:09:45 PM okhttp3.mockwebserver.MockWebServer$3 execute
INFO: MockWebServer[45927] starting to accept connections
Jan 30, 2022 12:09:45 PM okhttp3.mockwebserver.MockWebServer$4 processOneRequest
INFO: MockWebServer[45927] received request: GET / HTTP/1.1 and responded: HTTP/1.1 404 Client Error
Jan 30, 2022 12:09:45 PM okhttp3.mockwebserver.MockWebServer$3 acceptConnections
INFO: MockWebServer[45927] done accepting connections: Socket closed
Jan 30, 2022 12:09:45 PM okhttp3.mockwebserver.MockWebServer$3 execute
INFO: MockWebServer[32919] starting to accept connections
Jan 30, 2022 12:09:45 PM okhttp3.mockwebserver.MockWebServer$3 acceptConnections
INFO: MockWebServer[32919] done accepting connections: Socket closed
Jan 30, 2022 12:09:45 PM okhttp3.mockwebserver.MockWebServer$3 execute
INFO: MockWebServer[38221] starting to accept connections
Jan 30, 2022 12:09:45 PM okhttp3.mockwebserver.MockWebServer$4 processConnection
WARNING: MockWebServer[38221] connection from /127.0.0.1 didn't make a request
Jan 30, 2022 12:09:45 PM okhttp3.mockwebserver.MockWebServer$3 acceptConnections
INFO: MockWebServer[38221] done accepting connections: Socket closed
Jan 30, 2022 12:09:45 PM okhttp3.mockwebserver.MockWebServer$3 execute
INFO: MockWebServer[55735] starting to accept connections
Jan 30, 2022 12:09:45 PM okhttp3.mockwebserver.MockWebServer$4 processConnection
WARNING: MockWebServer[55735] connection from /127.0.0.1 didn't make a request
Jan 30, 2022 12:09:45 PM okhttp3.mockwebserver.MockWebServer$3 acceptConnections
INFO: MockWebServer[55735] done accepting connections: Socket closed
Jan 30, 2022 12:09:45 PM okhttp3.mockwebserver.MockWebServer$3 execute
INFO: MockWebServer[46649] starting to accept connections
Jan 30, 2022 12:09:45 PM okhttp3.mockwebserver.MockWebServer$4 processOneRequest
INFO: MockWebServer[46649] received request: GET / HTTP/1.1 and responded: HTTP/1.1 200 OK
Jan 30, 2022 12:09:45 PM okhttp3.mockwebserver.MockWebServer$3 acceptConnections
INFO: MockWebServer[46649] done accepting connections: Socket closed
Jan 30, 2022 12:09:45 PM okhttp3.mockwebserver.MockWebServer$3 execute
INFO: MockWebServer[50473] starting to accept connections
Jan 30, 2022 12:09:45 PM okhttp3.mockwebserver.MockWebServer$4 processOneRequest
INFO: MockWebServer[50473] received request: GET / HTTP/1.1 and responded: HTTP/1.1 404 Client Error
Jan 30, 2022 12:09:45 PM okhttp3.mockwebserver.MockWebServer$3 acceptConnections
INFO: MockWebServer[50473] done accepting connections: Socket closed
Jan 30, 2022 12:09:45 PM okhttp3.mockwebserver.MockWebServer$3 execute
INFO: MockWebServer[55111] starting to accept connections
Jan 30, 2022 12:09:45 PM okhttp3.mockwebserver.MockWebServer$3 acceptConnections
INFO: MockWebServer[55111] done accepting connections: Socket closed
Jan 30, 2022 12:09:45 PM okhttp3.mockwebserver.MockWebServer$3 execute
INFO: MockWebServer[47223] starting to accept connections
Jan 30, 2022 12:09:45 PM okhttp3.mockwebserver.MockWebServer$3 acceptConnections
INFO: MockWebServer[47223] done accepting connections: Socket closed
Jan 30, 2022 12:09:45 PM okhttp3.mockwebserver.MockWebServer$3 execute
INFO: MockWebServer[40705] starting to accept connections
Jan 30, 2022 12:09:45 PM okhttp3.mockwebserver.MockWebServer$4 processConnection
WARNING: MockWebServer[40705] connection from /127.0.0.1 didn't make a request
Jan 30, 2022 12:09:45 PM okhttp3.mockwebserver.MockWebServer$3 acceptConnections
INFO: MockWebServer[40705] done accepting connections: Socket closed
Jan 30, 2022 12:09:45 PM okhttp3.mockwebserver.MockWebServer$3 execute
INFO: MockWebServer[47563] starting to accept connections
Jan 30, 2022 12:09:45 PM okhttp3.mockwebserver.MockWebServer$4 processOneRequest
INFO: MockWebServer[47563] received request: GET / HTTP/1.1 and responded: HTTP/1.1 200 OK
Jan 30, 2022 12:09:45 PM okhttp3.mockwebserver.MockWebServer$3 acceptConnections
INFO: MockWebServer[47563] done accepting connections: Socket closed
Jan 30, 2022 12:09:45 PM okhttp3.mockwebserver.MockWebServer$3 execute
INFO: MockWebServer[47581] starting to accept connections
Jan 30, 2022 12:09:45 PM okhttp3.mockwebserver.MockWebServer$4 processOneRequest
INFO: MockWebServer[47581] received request: GET / HTTP/1.1 and responded: HTTP/1.1 404 Client Error
Jan 30, 2022 12:09:45 PM okhttp3.mockwebserver.MockWebServer$3 acceptConnections
INFO: MockWebServer[47581] done accepting connections: Socket closed
Jan 30, 2022 12:09:45 PM okhttp3.mockwebserver.MockWebServer$3 execute
INFO: MockWebServer[34529] starting to accept connections
Jan 30, 2022 12:09:45 PM okhttp3.mockwebserver.MockWebServer$3 acceptConnections
INFO: MockWebServer[34529] done accepting connections: Socket closed
Tests run: 23, Failures: 0, Errors: 0, Skipped: 0, Time elapsed: 0.522 sec

Results :

Tests run: 27, Failures: 0, Errors: 0, Skipped: 0

[INFO] 
[INFO] --- animal-sniffer-maven-plugin:1.14:check (default) @ adapter-rxjava ---
[INFO] Checking unresolved references to org.codehaus.mojo.signature:java16:1.1
[INFO]                                                                         
[INFO] ------------------------------------------------------------------------
[INFO] Building Converters 2.0.0-SNAPSHOT
[INFO] ------------------------------------------------------------------------
[INFO] 
[INFO] --- maven-enforcer-plugin:1.0:enforce (enforce-maven) @ retrofit-converters ---
[INFO] 
[INFO] --- animal-sniffer-maven-plugin:1.14:check (default) @ retrofit-converters ---
[INFO] Checking unresolved references to org.codehaus.mojo.signature:java16:1.1
[INFO]                                                                         
[INFO] ------------------------------------------------------------------------
[INFO] Building Converter: Gson 2.0.0-SNAPSHOT
[INFO] ------------------------------------------------------------------------
[INFO] 
[INFO] --- maven-enforcer-plugin:1.0:enforce (enforce-maven) @ converter-gson ---
[INFO] 
[INFO] --- maven-resources-plugin:2.6:resources (default-resources) @ converter-gson ---
[INFO] Using 'UTF-8' encoding to copy filtered resources.
[INFO] skip non existing resourceDirectory /home/travis/build/failed/square/retrofit/retrofit-converters/gson/src/main/resources
[INFO] 
[INFO] --- maven-compiler-plugin:3.0:compile (default-compile) @ converter-gson ---
[INFO] Changes detected - recompiling the module!
[INFO] Compiling 3 source files to /home/travis/build/failed/square/retrofit/retrofit-converters/gson/target/classes
[INFO] 
[INFO] --- maven-resources-plugin:2.6:testResources (default-testResources) @ converter-gson ---
[INFO] Using 'UTF-8' encoding to copy filtered resources.
[INFO] skip non existing resourceDirectory /home/travis/build/failed/square/retrofit/retrofit-converters/gson/src/test/resources
[INFO] 
[INFO] --- maven-compiler-plugin:3.0:testCompile (default-testCompile) @ converter-gson ---
[INFO] Changes detected - recompiling the module!
[INFO] Compiling 1 source file to /home/travis/build/failed/square/retrofit/retrofit-converters/gson/target/test-classes
[INFO] 
[INFO] --- maven-surefire-plugin:2.12.4:test (default-test) @ converter-gson ---
[INFO] Surefire report directory: /home/travis/build/failed/square/retrofit/retrofit-converters/gson/target/surefire-reports

-------------------------------------------------------
 T E S T S
-------------------------------------------------------
Running retrofit2.GsonConverterFactoryTest
Jan 30, 2022 12:09:46 PM okhttp3.mockwebserver.MockWebServer$3 execute
INFO: MockWebServer[37285] starting to accept connections
Jan 30, 2022 12:09:46 PM okhttp3.mockwebserver.MockWebServer$4 processOneRequest
INFO: MockWebServer[37285] received request: POST / HTTP/1.1 and responded: HTTP/1.1 200 OK
Jan 30, 2022 12:09:46 PM okhttp3.mockwebserver.MockWebServer$3 acceptConnections
INFO: MockWebServer[37285] done accepting connections: Socket closed
Jan 30, 2022 12:09:46 PM okhttp3.mockwebserver.MockWebServer$3 execute
INFO: MockWebServer[55815] starting to accept connections
Jan 30, 2022 12:09:46 PM okhttp3.mockwebserver.MockWebServer$4 processOneRequest
INFO: MockWebServer[55815] received request: POST / HTTP/1.1 and responded: HTTP/1.1 200 OK
Jan 30, 2022 12:09:46 PM okhttp3.mockwebserver.MockWebServer$3 acceptConnections
INFO: MockWebServer[55815] done accepting connections: Socket closed
Jan 30, 2022 12:09:46 PM okhttp3.mockwebserver.MockWebServer$3 execute
INFO: MockWebServer[59963] starting to accept connections
Jan 30, 2022 12:09:46 PM okhttp3.mockwebserver.MockWebServer$4 processOneRequest
INFO: MockWebServer[59963] received request: POST / HTTP/1.1 and responded: HTTP/1.1 200 OK
Jan 30, 2022 12:09:46 PM okhttp3.mockwebserver.MockWebServer$3 acceptConnections
INFO: MockWebServer[59963] done accepting connections: Socket closed
Tests run: 3, Failures: 0, Errors: 0, Skipped: 0, Time elapsed: 0.416 sec

Results :

Tests run: 3, Failures: 0, Errors: 0, Skipped: 0

[INFO] 
[INFO] --- animal-sniffer-maven-plugin:1.14:check (default) @ converter-gson ---
[INFO] Checking unresolved references to org.codehaus.mojo.signature:java16:1.1
[INFO]                                                                         
[INFO] ------------------------------------------------------------------------
[INFO] Building Converter: Protocol Buffers 2.0.0-SNAPSHOT
[INFO] ------------------------------------------------------------------------
[INFO] 
[INFO] --- maven-enforcer-plugin:1.0:enforce (enforce-maven) @ converter-protobuf ---
[INFO] 
[INFO] --- maven-resources-plugin:2.6:resources (default-resources) @ converter-protobuf ---
[INFO] Using 'UTF-8' encoding to copy filtered resources.
[INFO] skip non existing resourceDirectory /home/travis/build/failed/square/retrofit/retrofit-converters/protobuf/src/main/resources
[INFO] 
[INFO] --- maven-compiler-plugin:3.0:compile (default-compile) @ converter-protobuf ---
[INFO] Changes detected - recompiling the module!
[INFO] Compiling 3 source files to /home/travis/build/failed/square/retrofit/retrofit-converters/protobuf/target/classes
[WARNING] /home/travis/build/failed/square/retrofit/retrofit-converters/protobuf/src/main/java/retrofit2/ProtoConverterFactory.java: /home/travis/build/failed/square/retrofit/retrofit-converters/protobuf/src/main/java/retrofit2/ProtoConverterFactory.java uses unchecked or unsafe operations.
[WARNING] /home/travis/build/failed/square/retrofit/retrofit-converters/protobuf/src/main/java/retrofit2/ProtoConverterFactory.java: Recompile with -Xlint:unchecked for details.
[INFO] 
[INFO] --- maven-resources-plugin:2.6:testResources (default-testResources) @ converter-protobuf ---
[INFO] Using 'UTF-8' encoding to copy filtered resources.
[INFO] skip non existing resourceDirectory /home/travis/build/failed/square/retrofit/retrofit-converters/protobuf/src/test/resources
[INFO] 
[INFO] --- maven-compiler-plugin:3.0:testCompile (default-testCompile) @ converter-protobuf ---
[INFO] Changes detected - recompiling the module!
[INFO] Compiling 2 source files to /home/travis/build/failed/square/retrofit/retrofit-converters/protobuf/target/test-classes
[INFO] 
[INFO] --- maven-surefire-plugin:2.12.4:test (default-test) @ converter-protobuf ---
[INFO] Surefire report directory: /home/travis/build/failed/square/retrofit/retrofit-converters/protobuf/target/surefire-reports

-------------------------------------------------------
 T E S T S
-------------------------------------------------------
Running retrofit2.ProtoConverterFactoryTest
Jan 30, 2022 12:09:47 PM okhttp3.mockwebserver.MockWebServer$3 execute
INFO: MockWebServer[53183] starting to accept connections
Jan 30, 2022 12:09:47 PM okhttp3.mockwebserver.MockWebServer$4 processOneRequest
INFO: MockWebServer[53183] received request: POST / HTTP/1.1 and responded: HTTP/1.1 200 OK
Jan 30, 2022 12:09:47 PM okhttp3.mockwebserver.MockWebServer$3 acceptConnections
INFO: MockWebServer[53183] done accepting connections: Socket closed
Jan 30, 2022 12:09:47 PM okhttp3.mockwebserver.MockWebServer$3 execute
INFO: MockWebServer[47291] starting to accept connections
Jan 30, 2022 12:09:47 PM okhttp3.mockwebserver.MockWebServer$3 acceptConnections
INFO: MockWebServer[47291] done accepting connections: Socket closed
Jan 30, 2022 12:09:47 PM okhttp3.mockwebserver.MockWebServer$3 execute
INFO: MockWebServer[58981] starting to accept connections
Jan 30, 2022 12:09:47 PM okhttp3.mockwebserver.MockWebServer$4 processOneRequest
INFO: MockWebServer[58981] received request: GET / HTTP/1.1 and responded: HTTP/1.1 200 OK
Jan 30, 2022 12:09:47 PM okhttp3.mockwebserver.MockWebServer$3 acceptConnections
INFO: MockWebServer[58981] done accepting connections: Socket closed
Jan 30, 2022 12:09:47 PM okhttp3.mockwebserver.MockWebServer$3 execute
INFO: MockWebServer[33709] starting to accept connections
Jan 30, 2022 12:09:47 PM okhttp3.mockwebserver.MockWebServer$3 acceptConnections
INFO: MockWebServer[33709] done accepting connections: Socket closed
Jan 30, 2022 12:09:47 PM okhttp3.mockwebserver.MockWebServer$3 execute
INFO: MockWebServer[43699] starting to accept connections
Jan 30, 2022 12:09:47 PM okhttp3.mockwebserver.MockWebServer$4 processOneRequest
INFO: MockWebServer[43699] received request: GET / HTTP/1.1 and responded: HTTP/1.1 200 OK
Jan 30, 2022 12:09:47 PM okhttp3.mockwebserver.MockWebServer$3 acceptConnections
INFO: MockWebServer[43699] done accepting connections: Socket closed
Tests run: 5, Failures: 2, Errors: 0, Skipped: 0, Time elapsed: 0.423 sec <<< FAILURE!
deserializeWrongClass(retrofit2.ProtoConverterFactoryTest)  Time elapsed: 0.021 sec  <<< FAILURE!
java.lang.AssertionError: 
Expecting message:
 <"Could not locate ResponseBody converter for class java.lang.String. Tried:
 * retrofit2.BuiltInConverters
 * retrofit2.ProtoConverterFactory">
but was:
 <"Could not locate ResponseBody converter for class java.lang.String.
  Tried:
   * retrofit2.BuiltInConverters
   * retrofit2.ProtoConverterFactory">
	at retrofit2.ProtoConverterFactoryTest.deserializeWrongClass(ProtoConverterFactoryTest.java:90)
	at sun.reflect.NativeMethodAccessorImpl.invoke0(Native Method)
	at sun.reflect.NativeMethodAccessorImpl.invoke(NativeMethodAccessorImpl.java:62)
	at sun.reflect.DelegatingMethodAccessorImpl.invoke(DelegatingMethodAccessorImpl.java:43)
	at java.lang.reflect.Method.invoke(Method.java:483)
	at org.junit.runners.model.FrameworkMethod$1.runReflectiveCall(FrameworkMethod.java:50)
	at org.junit.internal.runners.model.ReflectiveCallable.run(ReflectiveCallable.java:12)
	at org.junit.runners.model.FrameworkMethod.invokeExplosively(FrameworkMethod.java:47)
	at org.junit.internal.runners.statements.InvokeMethod.evaluate(InvokeMethod.java:17)
	at org.junit.internal.runners.statements.RunBefores.evaluate(RunBefores.java:26)
	at okhttp3.mockwebserver.MockWebServer$2.evaluate(MockWebServer.java:154)
	at org.junit.rules.RunRules.evaluate(RunRules.java:20)
	at org.junit.runners.ParentRunner.runLeaf(ParentRunner.java:325)
	at org.junit.runners.BlockJUnit4ClassRunner.runChild(BlockJUnit4ClassRunner.java:78)
	at org.junit.runners.BlockJUnit4ClassRunner.runChild(BlockJUnit4ClassRunner.java:57)
	at org.junit.runners.ParentRunner$3.run(ParentRunner.java:290)
	at org.junit.runners.ParentRunner$1.schedule(ParentRunner.java:71)
	at org.junit.runners.ParentRunner.runChildren(ParentRunner.java:288)
	at org.junit.runners.ParentRunner.access$000(ParentRunner.java:58)
	at org.junit.runners.ParentRunner$2.evaluate(ParentRunner.java:268)
	at org.junit.runners.ParentRunner.run(ParentRunner.java:363)
	at org.apache.maven.surefire.junit4.JUnit4Provider.execute(JUnit4Provider.java:252)
	at org.apache.maven.surefire.junit4.JUnit4Provider.executeTestSet(JUnit4Provider.java:141)
	at org.apache.maven.surefire.junit4.JUnit4Provider.invoke(JUnit4Provider.java:112)
	at sun.reflect.NativeMethodAccessorImpl.invoke0(Native Method)
	at sun.reflect.NativeMethodAccessorImpl.invoke(NativeMethodAccessorImpl.java:62)
	at sun.reflect.DelegatingMethodAccessorImpl.invoke(DelegatingMethodAccessorImpl.java:43)
	at java.lang.reflect.Method.invoke(Method.java:483)
	at org.apache.maven.surefire.util.ReflectionUtils.invokeMethodWithArray(ReflectionUtils.java:189)
	at org.apache.maven.surefire.booter.ProviderFactory$ProviderProxy.invoke(ProviderFactory.java:165)
	at org.apache.maven.surefire.booter.ProviderFactory.invokeProvider(ProviderFactory.java:85)
	at org.apache.maven.surefire.booter.ForkedBooter.runSuitesInProcess(ForkedBooter.java:115)
	at org.apache.maven.surefire.booter.ForkedBooter.main(ForkedBooter.java:75)

deserializeWrongType(retrofit2.ProtoConverterFactoryTest)  Time elapsed: 0.009 sec  <<< FAILURE!
java.lang.AssertionError: 
Expecting message:
 <"Could not locate ResponseBody converter for java.util.List<java.lang.String>. Tried:
 * retrofit2.BuiltInConverters
 * retrofit2.ProtoConverterFactory">
but was:
 <"Could not locate ResponseBody converter for java.util.List<java.lang.String>.
  Tried:
   * retrofit2.BuiltInConverters
   * retrofit2.ProtoConverterFactory">
	at retrofit2.ProtoConverterFactoryTest.deserializeWrongType(ProtoConverterFactoryTest.java:107)
	at sun.reflect.NativeMethodAccessorImpl.invoke0(Native Method)
	at sun.reflect.NativeMethodAccessorImpl.invoke(NativeMethodAccessorImpl.java:62)
	at sun.reflect.DelegatingMethodAccessorImpl.invoke(DelegatingMethodAccessorImpl.java:43)
	at java.lang.reflect.Method.invoke(Method.java:483)
	at org.junit.runners.model.FrameworkMethod$1.runReflectiveCall(FrameworkMethod.java:50)
	at org.junit.internal.runners.model.ReflectiveCallable.run(ReflectiveCallable.java:12)
	at org.junit.runners.model.FrameworkMethod.invokeExplosively(FrameworkMethod.java:47)
	at org.junit.internal.runners.statements.InvokeMethod.evaluate(InvokeMethod.java:17)
	at org.junit.internal.runners.statements.RunBefores.evaluate(RunBefores.java:26)
	at okhttp3.mockwebserver.MockWebServer$2.evaluate(MockWebServer.java:154)
	at org.junit.rules.RunRules.evaluate(RunRules.java:20)
	at org.junit.runners.ParentRunner.runLeaf(ParentRunner.java:325)
	at org.junit.runners.BlockJUnit4ClassRunner.runChild(BlockJUnit4ClassRunner.java:78)
	at org.junit.runners.BlockJUnit4ClassRunner.runChild(BlockJUnit4ClassRunner.java:57)
	at org.junit.runners.ParentRunner$3.run(ParentRunner.java:290)
	at org.junit.runners.ParentRunner$1.schedule(ParentRunner.java:71)
	at org.junit.runners.ParentRunner.runChildren(ParentRunner.java:288)
	at org.junit.runners.ParentRunner.access$000(ParentRunner.java:58)
	at org.junit.runners.ParentRunner$2.evaluate(ParentRunner.java:268)
	at org.junit.runners.ParentRunner.run(ParentRunner.java:363)
	at org.apache.maven.surefire.junit4.JUnit4Provider.execute(JUnit4Provider.java:252)
	at org.apache.maven.surefire.junit4.JUnit4Provider.executeTestSet(JUnit4Provider.java:141)
	at org.apache.maven.surefire.junit4.JUnit4Provider.invoke(JUnit4Provider.java:112)
	at sun.reflect.NativeMethodAccessorImpl.invoke0(Native Method)
	at sun.reflect.NativeMethodAccessorImpl.invoke(NativeMethodAccessorImpl.java:62)
	at sun.reflect.DelegatingMethodAccessorImpl.invoke(DelegatingMethodAccessorImpl.java:43)
	at java.lang.reflect.Method.invoke(Method.java:483)
	at org.apache.maven.surefire.util.ReflectionUtils.invokeMethodWithArray(ReflectionUtils.java:189)
	at org.apache.maven.surefire.booter.ProviderFactory$ProviderProxy.invoke(ProviderFactory.java:165)
	at org.apache.maven.surefire.booter.ProviderFactory.invokeProvider(ProviderFactory.java:85)
	at org.apache.maven.surefire.booter.ForkedBooter.runSuitesInProcess(ForkedBooter.java:115)
	at org.apache.maven.surefire.booter.ForkedBooter.main(ForkedBooter.java:75)


Results :

Failed tests:   deserializeWrongClass(retrofit2.ProtoConverterFactoryTest): (..)
  deserializeWrongType(retrofit2.ProtoConverterFactoryTest): (..)

Tests run: 5, Failures: 2, Errors: 0, Skipped: 0

[INFO] ------------------------------------------------------------------------
[INFO] Reactor Summary:
[INFO] 
[INFO] Retrofit (Parent) .................................. SUCCESS [  0.967 s]
[INFO] Retrofit ........................................... SUCCESS [ 24.727 s]
[INFO] Adapters ........................................... SUCCESS [  0.298 s]
[INFO] Adapter: RxJava .................................... SUCCESS [  1.276 s]
[INFO] Converters ......................................... SUCCESS [  0.216 s]
[INFO] Converter: Gson .................................... SUCCESS [  1.001 s]
[INFO] Converter: Protocol Buffers ........................ FAILURE [  0.738 s]
[INFO] Converter: Jackson ................................. SKIPPED
[INFO] Converter: Wire Protocol Buffers ................... SKIPPED
[INFO] Converter: SimpleXML ............................... SKIPPED
[INFO] Converter: Java Scalars ............................ SKIPPED
[INFO] Converter: Moshi ................................... SKIPPED
[INFO] Retrofit Mock Adapter .............................. SKIPPED
[INFO] Samples ............................................ SKIPPED
[INFO] ------------------------------------------------------------------------
[INFO] BUILD FAILURE
[INFO] ------------------------------------------------------------------------
[INFO] Total time: 29.514 s
[INFO] Finished at: 2022-01-30T12:09:47+00:00
[INFO] Final Memory: 29M/332M
[INFO] ------------------------------------------------------------------------
[ERROR] Failed to execute goal org.apache.maven.plugins:maven-surefire-plugin:2.12.4:test (default-test) on project converter-protobuf: There are test failures.
[ERROR] 
[ERROR] Please refer to /home/travis/build/failed/square/retrofit/retrofit-converters/protobuf/target/surefire-reports for the individual test results.
[ERROR] -> [Help 1]
[ERROR] 
[ERROR] To see the full stack trace of the errors, re-run Maven with the -e switch.
[ERROR] Re-run Maven using the -X switch to enable full debug logging.
[ERROR] 
[ERROR] For more information about the errors and possible solutions, please read the following articles:
[ERROR] [Help 1] http://cwiki.apache.org/confluence/display/MAVEN/MojoFailureException
[ERROR] 
[ERROR] After correcting the problems, you can resume the build with the command
[ERROR]   mvn <goals> -rf :converter-protobuf

travis_time:end:05450e20:start=1643544556645226488,finish=1643544587900204183,duration=31254977695[0K
[31;1mThe command "mvn -o test -Dhttps.protocols=TLSv1.2 -Dhttps.protocols=TLSv1.2 -Dhttps.protocols=TLSv1.2 -Dhttps.protocols=TLSv1.2 -B" exited with 1.[0m
travis_fold:start:cache.2[0Kstore build cache
travis_time:start:0047acf8[0K
travis_time:end:0047acf8:start=1643544587913430297,finish=1643544587923365758,duration=9935461[0Ktravis_time:start:012a2b40[0K/home/travis/.casher/bin/casher:190: warning: Insecure world writable dir /home/travis/build/failed/square/retrofit/. in PATH, mode 040777
[32;1mchanges detected, packing new archive[0m
/home/travis/.casher/bin/casher:213:in `cache_archive_name': undefined method `[]' for nil:NilClass (NoMethodError)
	from /home/travis/.casher/bin/casher:143:in `push'
	from /home/travis/.casher/bin/casher:53:in `block in run'
	from /home/travis/.rvm/rubies/ruby-1.9.3-p551/lib/ruby/1.9.1/timeout.rb:69:in `timeout'
	from /home/travis/.casher/bin/casher:53:in `run'
	from /home/travis/.casher/bin/casher:263:in `<main>'
.
.
.
.
.
.
.
.
.
.

travis_time:end:012a2b40:start=1643544587933972774,finish=1643544639779551437,duration=51845578663[0Ktravis_fold:end:cache.2[0K
Done. Your build exited with 1.
