travis_time:start:091fe354[0Ktravis_time:end:091fe354:start=1643469490491725561,finish=1643469490781242009,duration=289516448,event=no_world_writable_dirs[0Ktravis_time:start:2e1e4002[0Ktravis_time:end:2e1e4002:start=1643469490788407199,finish=1643469490792614211,duration=4207012,event=check_unsupported[0Ktravis_time:start:05499328[0Ktravis_fold:start:system_info[0K[33;1mBuild system information[0m
Build language: java
Build group: stable
Build dist: xenial
Build id: ''
Job id: ''
Runtime kernel version: 4.15.0-109-generic
[34m[1mBuild image provisioning date and time[0m
Fri Aug  2 14:20:18 UTC 2019
[34m[1mOperating System Details[0m
Distributor ID:	Ubuntu
Description:	Ubuntu 16.04.6 LTS
Release:	16.04
Codename:	xenial
[34m[1mSystemd Version[0m
systemd 229
[34m[1mCookbooks Version[0m
790f512 https://github.com/travis-ci/travis-cookbooks/tree/790f512
[34m[1mgit version[0m
git version 2.22.0
[34m[1mbash version[0m
GNU bash, version 4.3.48(1)-release (x86_64-pc-linux-gnu)
[34m[1mgcc version[0m
gcc (Ubuntu 5.4.0-6ubuntu1~16.04.11) 5.4.0 20160609
[34m[1mdocker version[0m
Client:
 Version:           18.06.1-ce
 API version:       1.38
 Go version:        go1.10.3
 Git commit:        e68fc7a
 Built:             Tue Aug 21 17:20:43 2018
 OS/Arch:           linux/amd64
 Experimental:      false
[34m[1mclang version[0m
clang version 7.0.0 (tags/RELEASE_700/final)
[34m[1mjq version[0m
jq-1.5
[34m[1mbats version[0m
Bats 0.4.0
[34m[1mshellcheck version[0m
0.6.0
[34m[1mshfmt version[0m
v2.6.3
[34m[1mccache version[0m
3.2.4
[34m[1mcmake version[0m
cmake version 3.12.4
[34m[1mheroku version[0m
heroku/7.27.1 linux-x64 node-v11.14.0
[34m[1mimagemagick version[0m
Version: ImageMagick 6.8.9-9 Q16 x86_64 2019-06-15 http://www.imagemagick.org
[34m[1mmd5deep version[0m
4.4
[34m[1mmercurial version[0m
version 4.8
[34m[1mmysql version[0m
mysql  Ver 14.14 Distrib 5.7.27, for Linux (x86_64) using  EditLine wrapper
[34m[1mopenssl version[0m
OpenSSL 1.0.2g  1 Mar 2016
[34m[1mpacker version[0m
1.3.3
[34m[1mpostgresql client version[0m
psql (PostgreSQL) 10.9 (Ubuntu 10.9-1.pgdg16.04+1)
[34m[1mragel version[0m
Ragel State Machine Compiler version 6.8 Feb 2013
[34m[1msudo version[0m
1.8.16
[34m[1mgzip version[0m
gzip 1.6
[34m[1mzip version[0m
Zip 3.0
[34m[1mvim version[0m
VIM - Vi IMproved 7.4 (2013 Aug 10, compiled Jun 07 2019 15:35:43)
[34m[1miptables version[0m
iptables v1.6.0
[34m[1mcurl version[0m
curl 7.47.0 (x86_64-pc-linux-gnu) libcurl/7.47.0 GnuTLS/3.4.10 zlib/1.2.8 libidn/1.32 librtmp/2.3
[34m[1mwget version[0m
GNU Wget 1.17.1 built on linux-gnu.
[34m[1mrsync version[0m
rsync  version 3.1.1  protocol version 31
[34m[1mgimme version[0m
v1.5.3
[34m[1mnvm version[0m
0.34.0
[34m[1mperlbrew version[0m
/home/travis/perl5/perlbrew/bin/perlbrew  - App::perlbrew/0.86
[34m[1mphpenv version[0m
rbenv 1.1.2-2-g4e92322
[34m[1mrvm version[0m
rvm 1.29.9 (latest) by Michal Papis, Piotr Kuczynski, Wayne E. Seguin [https://rvm.io]
[34m[1mdefault ruby version[0m
ruby 2.5.3p105 (2018-10-18 revision 65156) [x86_64-linux]
[34m[1mCouchDB version[0m
couchdb 1.6.1
[34m[1mElasticSearch version[0m
5.5.0
[34m[1mInstalled Firefox version[0m
firefox 63.0.1
[34m[1mMongoDB version[0m
MongoDB 4.0.11
[34m[1mPhantomJS version[0m
2.1.1
[34m[1mPre-installed PostgreSQL versions[0m
9.4.23
9.5.18
9.6.14
[34m[1mRedis version[0m
redis-server 5.0.5
[34m[1mPre-installed Go versions[0m
1.11.1
[34m[1mant version[0m
Apache Ant(TM) version 1.9.6 compiled on July 20 2018
[34m[1mmvn version[0m
Apache Maven 3.6.0 (97c98ec64a1fdfee7767ce5ffb20918da4f719f3; 2018-10-24T18:41:47Z)
[34m[1mgradle version[0m
Gradle 5.1.1!
[34m[1mlein version[0m
Leiningen 2.9.1 on Java 11.0.2 OpenJDK 64-Bit Server VM
[34m[1mPre-installed Node.js versions[0m
v10.16.1
v11.0.0
v4.9.1
v6.17.1
v8.12.0
v8.16.0
v8.9
[34m[1mphpenv versions[0m
  system
  5.6
  5.6.40
  7.1
  7.1.27
  7.2
* 7.2.15 (set by /home/travis/.phpenv/version)
  hhvm
  hhvm-stable
[34m[1mcomposer --version[0m
Composer version 1.8.4 2019-02-11 10:52:10
[34m[1mPre-installed Ruby versions[0m
ruby-2.3.8
ruby-2.4.5
ruby-2.5.3
travis_fold:end:system_info[0K
travis_time:end:05499328:start=1643469490798271639,finish=1643469490806738549,duration=8466910,event=show_system_info[0Ktravis_time:start:29da3246[0Ktravis_time:end:29da3246:start=1643469490812536421,finish=1643469490833229692,duration=20693271,event=rm_riak_source[0Ktravis_time:start:0ba1bed0[0Ktravis_time:end:0ba1bed0:start=1643469490839032882,finish=1643469490849127947,duration=10095065,event=fix_rwky_redis[0Ktravis_time:start:3c2b84f8[0K[31;1mTimeout waiting for network availability.[0m
travis_time:end:3c2b84f8:start=1643469490855759393,finish=1643469511574798052,duration=20719038659,event=wait_for_network[0Ktravis_time:start:112dd280[0Ktravis_time:end:112dd280:start=1643469511581714945,finish=1643469511910226937,duration=328511992,event=update_apt_keys[0Ktravis_time:start:1400b0b0[0Ktravis_time:end:1400b0b0:start=1643469511917152179,finish=1643469512016353581,duration=99201402,event=fix_hhvm_source[0Ktravis_time:start:08125293[0Ktravis_time:end:08125293:start=1643469512023684140,finish=1643469512030338121,duration=6653981,event=update_mongo_arch[0Ktravis_time:start:054f69c4[0Ktravis_time:end:054f69c4:start=1643469512037206039,finish=1643469512113182685,duration=75976646,event=fix_sudo_enabled_trusty[0Ktravis_time:start:23a84af2[0Ktravis_time:end:23a84af2:start=1643469512120475135,finish=1643469512143696975,duration=23221840,event=clean_up_path[0Ktravis_time:start:081e78b5[0Ktravis_time:end:081e78b5:start=1643469512151320551,finish=1643469512165899900,duration=14579349,event=fix_resolv_conf[0Ktravis_time:start:00b52624[0Ktravis_time:end:00b52624:start=1643469512172560200,finish=1643469512192850234,duration=20290034,event=fix_etc_hosts[0Ktravis_time:start:1b4ba7c4[0Ktravis_time:end:1b4ba7c4:start=1643469512200382266,finish=1643469512495431462,duration=295049196,event=fix_mvn_settings_xml[0Ktravis_time:start:0909d978[0Ktravis_time:end:0909d978:start=1643469512502149426,finish=1643469512520656231,duration=18506805,event=no_ipv6_localhost[0Ktravis_time:start:33c4c85d[0Ktravis_time:end:33c4c85d:start=1643469512528281106,finish=1643469512533797382,duration=5516276,event=fix_etc_mavenrc[0Ktravis_time:start:0866b716[0Ktravis_time:end:0866b716:start=1643469512541475262,finish=1643469512549085770,duration=7610508,event=fix_wwdr_certificate[0Ktravis_time:start:07e87648[0Ktravis_time:end:07e87648:start=1643469512555285976,finish=1643469512605615467,duration=50329491,event=put_localhost_first[0Ktravis_time:start:0ab9bc2a[0Ktravis_time:end:0ab9bc2a:start=1643469512612194949,finish=1643469512617254481,duration=5059532,event=home_paths[0Ktravis_time:start:058b9331[0Ktravis_time:end:058b9331:start=1643469512624426327,finish=1643469512790110579,duration=165684252,event=disable_initramfs[0Ktravis_time:start:2619e458[0Ktravis_time:end:2619e458:start=1643469512796840045,finish=1643469512987740711,duration=190900666,event=disable_ssh_roaming[0Ktravis_time:start:10a54a54[0Ktravis_time:end:10a54a54:start=1643469512993777586,finish=1643469512998372810,duration=4595224,event=debug_tools[0Ktravis_time:start:08bcff6e[0Ktravis_time:end:08bcff6e:start=1643469513006166378,finish=1643469513012413563,duration=6247185,event=uninstall_oclint[0Ktravis_time:start:00072f80[0Ktravis_time:end:00072f80:start=1643469513019221585,finish=1643469513026988539,duration=7766954,event=rvm_use[0Ktravis_time:start:2fbcb6c2[0Ktravis_time:end:2fbcb6c2:start=1643469513033418763,finish=1643469513049856342,duration=16437579,event=rm_etc_boto_cfg[0Ktravis_time:start:0aa71ddb[0Ktravis_time:end:0aa71ddb:start=1643469513056306282,finish=1643469513060689391,duration=4383109,event=rm_oraclejdk8_symlink[0Ktravis_time:start:0f4fc8d8[0Ktravis_time:end:0f4fc8d8:start=1643469513066637097,finish=1643469513327364787,duration=260727690,event=enable_i386[0Ktravis_time:start:114c5e15[0Ktravis_time:end:114c5e15:start=1643469513335525012,finish=1643469513343800298,duration=8275286,event=update_rubygems[0Ktravis_time:start:0b987f9a[0Ktravis_time:end:0b987f9a:start=1643469513350510755,finish=1643469514607512170,duration=1257001415,event=ensure_path_components[0Ktravis_time:start:009f8e9b[0Ktravis_time:end:009f8e9b:start=1643469514613108591,finish=1643469514617453185,duration=4344594,event=redefine_curl[0Ktravis_time:start:010f13b2[0Ktravis_time:end:010f13b2:start=1643469514623571480,finish=1643469514628948298,duration=5376818,event=nonblock_pipe[0Ktravis_time:start:010e5700[0Ktravis_time:end:010e5700:start=1643469514635347928,finish=1643469529338810010,duration=14703462082,event=apt_get_update[0Ktravis_time:start:0148d3a0[0Ktravis_time:end:0148d3a0:start=1643469529346059729,finish=1643469529351398230,duration=5338501,event=deprecate_xcode_64[0Ktravis_time:start:1fd5b820[0Ktravis_time:end:1fd5b820:start=1643469529357720750,finish=1643469537608081439,duration=8250360689,event=update_heroku[0Ktravis_time:start:1807be5c[0Ktravis_time:end:1807be5c:start=1643469537614135371,finish=1643469537619660355,duration=5524984,event=shell_session_update[0Ktravis_time:start:120f9184[0Ktravis_fold:start:docker_mtu[0Ktee: /etc/docker/daemon.json: No such file or directory
docker: unrecognized service
travis_fold:end:docker_mtu[0Ktravis_time:end:120f9184:start=1643469537625613130,finish=1643469537663619168,duration=38006038,event=set_docker_mtu[0Ktravis_time:start:018225b8[0Ktravis_time:end:018225b8:start=1643469537669424473,finish=1643469537686080113,duration=16655640,event=resolvconf[0Ktravis_time:start:10ead653[0Ktravis_time:end:10ead653:start=1643469537691954593,finish=1643469537880725959,duration=188771366,event=maven_https[0K
travis_fold:start:install_jdk[0K[33;1mInstalling openjdk8[0m
travis_fold:end:install_jdk[0Ktravis_time:start:1f47df53[0Ktravis_time:end:1f47df53:start=1643469537896760276,finish=1643469537902273227,duration=5512951,event=fix_ps4[0Ktravis_time:start:0b23bd82[0K
$ cd failed/square/moshi

travis_time:end:0b23bd82:start=1643469537909200255,finish=1643469537915803558,duration=6603303,event=checkout[0Ktravis_time:start:1029e6c0[0K
[33;1mSetting environment variables from .travis.yml[0m
$ export CI_DEPLOY_USERNAME=[secure]
$ export CI_DEPLOY_PASSWORD=[secure]

travis_time:end:1029e6c0:start=1643469537924084859,finish=1643469538253302557,duration=329217698,event=env[0Ktravis_fold:start:cache.1[0KSetting up build cache
$ export CASHER_DIR=${TRAVIS_HOME}/.casher
travis_time:start:101a03cd[0K$ Installing caching utilities
curl: (6) Could not resolve host: https

[31;1mThe command "eval curl -sf  -o $CASHER_DIR/bin/casher https:///files/casher " failed. Retrying, 2 of 3.[0m

curl: (6) Could not resolve host: https

[31;1mThe command "eval curl -sf  -o $CASHER_DIR/bin/casher https:///files/casher " failed. Retrying, 3 of 3.[0m

curl: (6) Could not resolve host: https

[31;1mThe command "eval curl -sf  -o $CASHER_DIR/bin/casher https:///files/casher " failed 3 times.[0m

travis_time:end:101a03cd:start=1643469539520006702,finish=1643469551715208241,duration=12195201539,event=setup_casher[0Ktravis_time:start:03e10d06[0K$ Installing caching utilities from the Travis CI server (https:///files/casher) failed, failing over to using GitHub (https://raw.githubusercontent.com/travis-ci/casher/bash/bin/casher)
travis_time:end:03e10d06:start=1643469551723790525,finish=1643469551853093890,duration=129303365,event=setup_casher[0Ktravis_time:start:0905b50c[0Ktravis_time:end:0905b50c:start=1643469551865409438,finish=1643469551870874340,duration=5464902,event=setup_casher[0Ktravis_time:start:0224d834[0Kattempting to download cache archive[0m
[31;1mcould not download cache[0m
travis_time:end:0224d834:start=1643469551879118589,finish=1643469553506883826,duration=1627765237,event=setup_casher[0Ktravis_time:start:002d0b10[0Ktravis_time:end:002d0b10:start=1643469553516241886,finish=1643469553523216284,duration=6974398,event=setup_casher[0Ktravis_time:start:05ffc886[0Kadding /home/travis/.m2 to cache[0m
travis_time:end:05ffc886:start=1643469553532151992,finish=1643469592557990322,duration=39025838330,event=setup_casher[0Ktravis_fold:end:cache.1[0K
$ java -Xmx32m -version
Picked up _JAVA_OPTIONS: -Xmx2048m -Xms512m
openjdk version "1.8.0_222"
OpenJDK Runtime Environment (build 1.8.0_222-8u222-b10-1ubuntu1~16.04.1-b10)
OpenJDK 64-Bit Server VM (build 25.222-b10, mixed mode)
$ javac -J-Xmx32m -version
Picked up _JAVA_OPTIONS: -Xmx2048m -Xms512m
javac 1.8.0_222
travis_fold:start:install[0Ktravis_time:start:3308d408[0K$ mvn -o install -DskipTests=true -Dmaven.javadoc.skip=true -B -V
Picked up _JAVA_OPTIONS: -Xmx2048m -Xms512m
Apache Maven 3.6.0 (97c98ec64a1fdfee7767ce5ffb20918da4f719f3; 2018-10-24T18:41:47Z)
Maven home: /usr/local/maven-3.6.0
Java version: 1.8.0_222, vendor: Private Build, runtime: /usr/lib/jvm/java-8-openjdk-amd64/jre
Default locale: en_US, platform encoding: UTF-8
OS name: "linux", version: "4.15.0-109-generic", arch: "amd64", family: "unix"
[INFO] Scanning for projects...
[WARNING] 
[WARNING] Some problems were encountered while building the effective model for com.squareup.moshi:moshi:jar:1.10.0-SNAPSHOT
[WARNING] 'build.plugins.plugin.version' for org.apache.maven.plugins:maven-jar-plugin is missing. @ com.squareup.moshi:moshi:[unknown-version], /home/travis/build/failed/square/moshi/moshi/pom.xml, line 39, column 15
[WARNING] 
[WARNING] Some problems were encountered while building the effective model for com.squareup.moshi:moshi-adapters:jar:1.10.0-SNAPSHOT
[WARNING] 'build.plugins.plugin.version' for org.apache.maven.plugins:maven-jar-plugin is missing. @ com.squareup.moshi:moshi-adapters:[unknown-version], /home/travis/build/failed/square/moshi/adapters/pom.xml, line 39, column 15
[WARNING] 
[WARNING] Some problems were encountered while building the effective model for com.squareup.moshi:moshi-kotlin:jar:1.10.0-SNAPSHOT
[WARNING] 'build.plugins.plugin.version' for org.apache.maven.plugins:maven-jar-plugin is missing. @ com.squareup.moshi:moshi-kotlin:[unknown-version], /home/travis/build/failed/square/moshi/kotlin/reflect/pom.xml, line 93, column 15
[WARNING] 
[WARNING] It is highly recommended to fix these problems because they threaten the stability of your build.
[WARNING] 
[WARNING] For this reason, future Maven versions might no longer support building such malformed projects.
[WARNING] 
[INFO] ------------------------------------------------------------------------
[INFO] Reactor Build Order:
[INFO] 
[INFO] Moshi (Parent)                                                     [pom]
[INFO] Moshi                                                              [jar]
[INFO] moshi-adapters                                                     [jar]
[INFO] moshi-examples                                                     [jar]
[INFO] moshi-kotlin-codegen                                               [jar]
[INFO] moshi-kotlin                                                       [jar]
[INFO] moshi-kotlin-tests                                                 [jar]
[INFO] 
[INFO] ------------------< com.squareup.moshi:moshi-parent >-------------------
[INFO] Building Moshi (Parent) 1.10.0-SNAPSHOT                            [1/7]
[INFO] --------------------------------[ pom ]---------------------------------
[INFO] 
[INFO] --- maven-enforcer-plugin:1.0:enforce (enforce-maven) @ moshi-parent ---
[INFO] 
[INFO] --- maven-checkstyle-plugin:2.17:checkstyle (default) @ moshi-parent ---
[INFO] 
[INFO] --- maven-install-plugin:2.4:install (default-install) @ moshi-parent ---
[INFO] Installing /home/travis/build/failed/square/moshi/pom.xml to /home/travis/.m2/repository/com/squareup/moshi/moshi-parent/1.10.0-SNAPSHOT/moshi-parent-1.10.0-SNAPSHOT.pom
[INFO] 
[INFO] ----------------------< com.squareup.moshi:moshi >----------------------
[INFO] Building Moshi 1.10.0-SNAPSHOT                                     [2/7]
[INFO] --------------------------------[ jar ]---------------------------------
[INFO] 
[INFO] --- maven-enforcer-plugin:1.0:enforce (enforce-maven) @ moshi ---
[INFO] 
[INFO] --- maven-resources-plugin:2.6:resources (default-resources) @ moshi ---
[INFO] Using 'UTF-8' encoding to copy filtered resources.
[INFO] Copying 1 resource
[INFO] 
[INFO] --- maven-compiler-plugin:3.8.1:compile (default-compile) @ moshi ---
[INFO] Changes detected - recompiling the module!
[INFO] Compiling 29 source files to /home/travis/build/failed/square/moshi/moshi/target/classes
Note: Some input files use unchecked or unsafe operations.
Note: Recompile with -Xlint:unchecked for details.
[INFO] 
[INFO] --- maven-resources-plugin:2.6:testResources (default-testResources) @ moshi ---
[INFO] Using 'UTF-8' encoding to copy filtered resources.
[INFO] skip non existing resourceDirectory /home/travis/build/failed/square/moshi/moshi/src/test/resources
[INFO] 
[INFO] --- maven-compiler-plugin:3.8.1:testCompile (default-testCompile) @ moshi ---
[INFO] Changes detected - recompiling the module!
[INFO] Compiling 25 source files to /home/travis/build/failed/square/moshi/moshi/target/test-classes
Note: Some input files use unchecked or unsafe operations.
Note: Recompile with -Xlint:unchecked for details.
[INFO] 
[INFO] --- maven-surefire-plugin:2.12.4:test (default-test) @ moshi ---
[INFO] Tests are skipped.
[INFO] 
[INFO] --- maven-jar-plugin:2.4:jar (default-jar) @ moshi ---
[INFO] Building jar: /home/travis/build/failed/square/moshi/moshi/target/moshi-1.10.0-SNAPSHOT.jar
[INFO] 
[INFO] --- maven-checkstyle-plugin:2.17:checkstyle (default) @ moshi ---
[INFO] Starting audit...
Audit done.
[WARNING] Unable to locate Source XRef to link to - DISABLED
[INFO] 
[INFO] --- maven-install-plugin:2.4:install (default-install) @ moshi ---
[INFO] Installing /home/travis/build/failed/square/moshi/moshi/target/moshi-1.10.0-SNAPSHOT.jar to /home/travis/.m2/repository/com/squareup/moshi/moshi/1.10.0-SNAPSHOT/moshi-1.10.0-SNAPSHOT.jar
[INFO] Installing /home/travis/build/failed/square/moshi/moshi/pom.xml to /home/travis/.m2/repository/com/squareup/moshi/moshi/1.10.0-SNAPSHOT/moshi-1.10.0-SNAPSHOT.pom
[INFO] 
[INFO] -----------------< com.squareup.moshi:moshi-adapters >------------------
[INFO] Building moshi-adapters 1.10.0-SNAPSHOT                            [3/7]
[INFO] --------------------------------[ jar ]---------------------------------
[INFO] 
[INFO] --- maven-enforcer-plugin:1.0:enforce (enforce-maven) @ moshi-adapters ---
[INFO] 
[INFO] --- maven-resources-plugin:2.6:resources (default-resources) @ moshi-adapters ---
[INFO] Using 'UTF-8' encoding to copy filtered resources.
[INFO] skip non existing resourceDirectory /home/travis/build/failed/square/moshi/adapters/src/main/resources
[INFO] 
[INFO] --- maven-compiler-plugin:3.8.1:compile (default-compile) @ moshi-adapters ---
[INFO] Changes detected - recompiling the module!
[INFO] Compiling 5 source files to /home/travis/build/failed/square/moshi/adapters/target/classes
[INFO] 
[INFO] --- maven-resources-plugin:2.6:testResources (default-testResources) @ moshi-adapters ---
[INFO] Using 'UTF-8' encoding to copy filtered resources.
[INFO] skip non existing resourceDirectory /home/travis/build/failed/square/moshi/adapters/src/test/resources
[INFO] 
[INFO] --- maven-compiler-plugin:3.8.1:testCompile (default-testCompile) @ moshi-adapters ---
[INFO] Changes detected - recompiling the module!
[INFO] Compiling 3 source files to /home/travis/build/failed/square/moshi/adapters/target/test-classes
[INFO] 
[INFO] --- maven-surefire-plugin:2.12.4:test (default-test) @ moshi-adapters ---
[INFO] Tests are skipped.
[INFO] 
[INFO] --- maven-jar-plugin:2.4:jar (default-jar) @ moshi-adapters ---
[INFO] Building jar: /home/travis/build/failed/square/moshi/adapters/target/moshi-adapters-1.10.0-SNAPSHOT.jar
[INFO] 
[INFO] --- maven-checkstyle-plugin:2.17:checkstyle (default) @ moshi-adapters ---
[INFO] Starting audit...
Audit done.
[WARNING] Unable to locate Source XRef to link to - DISABLED
[INFO] 
[INFO] --- maven-install-plugin:2.4:install (default-install) @ moshi-adapters ---
[INFO] Installing /home/travis/build/failed/square/moshi/adapters/target/moshi-adapters-1.10.0-SNAPSHOT.jar to /home/travis/.m2/repository/com/squareup/moshi/moshi-adapters/1.10.0-SNAPSHOT/moshi-adapters-1.10.0-SNAPSHOT.jar
[INFO] Installing /home/travis/build/failed/square/moshi/adapters/pom.xml to /home/travis/.m2/repository/com/squareup/moshi/moshi-adapters/1.10.0-SNAPSHOT/moshi-adapters-1.10.0-SNAPSHOT.pom
[INFO] 
[INFO] -----------------< com.squareup.moshi:moshi-examples >------------------
[INFO] Building moshi-examples 1.10.0-SNAPSHOT                            [4/7]
[INFO] --------------------------------[ jar ]---------------------------------
[INFO] 
[INFO] --- maven-enforcer-plugin:1.0:enforce (enforce-maven) @ moshi-examples ---
[INFO] 
[INFO] --- maven-resources-plugin:2.6:resources (default-resources) @ moshi-examples ---
[INFO] Using 'UTF-8' encoding to copy filtered resources.
[INFO] skip non existing resourceDirectory /home/travis/build/failed/square/moshi/examples/src/main/resources
[INFO] 
[INFO] --- maven-compiler-plugin:3.8.1:compile (default-compile) @ moshi-examples ---
[INFO] Changes detected - recompiling the module!
[INFO] Compiling 23 source files to /home/travis/build/failed/square/moshi/examples/target/classes
[INFO] 
[INFO] --- maven-resources-plugin:2.6:testResources (default-testResources) @ moshi-examples ---
[INFO] Using 'UTF-8' encoding to copy filtered resources.
[INFO] skip non existing resourceDirectory /home/travis/build/failed/square/moshi/examples/src/test/resources
[INFO] 
[INFO] --- maven-compiler-plugin:3.8.1:testCompile (default-testCompile) @ moshi-examples ---
[INFO] No sources to compile
[INFO] 
[INFO] --- maven-surefire-plugin:2.12.4:test (default-test) @ moshi-examples ---
[INFO] Tests are skipped.
[INFO] 
[INFO] --- maven-jar-plugin:2.4:jar (default-jar) @ moshi-examples ---
[INFO] Building jar: /home/travis/build/failed/square/moshi/examples/target/moshi-examples-1.10.0-SNAPSHOT.jar
[INFO] 
[INFO] --- maven-checkstyle-plugin:2.17:checkstyle (default) @ moshi-examples ---
[INFO] Starting audit...
Audit done.
[WARNING] Unable to locate Source XRef to link to - DISABLED
[INFO] 
[INFO] --- maven-install-plugin:2.4:install (default-install) @ moshi-examples ---
[INFO] Installing /home/travis/build/failed/square/moshi/examples/target/moshi-examples-1.10.0-SNAPSHOT.jar to /home/travis/.m2/repository/com/squareup/moshi/moshi-examples/1.10.0-SNAPSHOT/moshi-examples-1.10.0-SNAPSHOT.jar
[INFO] Installing /home/travis/build/failed/square/moshi/examples/pom.xml to /home/travis/.m2/repository/com/squareup/moshi/moshi-examples/1.10.0-SNAPSHOT/moshi-examples-1.10.0-SNAPSHOT.pom
[INFO] 
[INFO] --------------< com.squareup.moshi:moshi-kotlin-codegen >---------------
[INFO] Building moshi-kotlin-codegen 1.10.0-SNAPSHOT                      [5/7]
[INFO] --------------------------------[ jar ]---------------------------------
[INFO] 
[INFO] --- maven-enforcer-plugin:1.0:enforce (enforce-maven) @ moshi-kotlin-codegen ---
[INFO] 
[INFO] --- kotlin-maven-plugin:1.3.50:kapt (kapt) @ moshi-kotlin-codegen ---
[WARNING] Source root doesn't exist: /home/travis/build/failed/square/moshi/kotlin/codegen/src/main/kotlin
[INFO] 
[INFO] --- maven-resources-plugin:2.6:resources (default-resources) @ moshi-kotlin-codegen ---
[INFO] Using 'UTF-8' encoding to copy filtered resources.
[INFO] skip non existing resourceDirectory /home/travis/build/failed/square/moshi/kotlin/codegen/src/main/resources
[INFO] 
[INFO] --- maven-compiler-plugin:3.8.1:compile (default-compile) @ moshi-kotlin-codegen ---
[INFO] Nothing to compile - all classes are up to date
[INFO] 
[INFO] --- kotlin-maven-plugin:1.3.50:compile (compile) @ moshi-kotlin-codegen ---
[WARNING] Duplicate source root: /home/travis/build/failed/square/moshi/kotlin/codegen/target/generated-sources/kapt/compile
[WARNING] Duplicate source root: /home/travis/build/failed/square/moshi/kotlin/codegen/target/generated-sources/kaptKotlin/compile
[INFO] 
[INFO] --- maven-compiler-plugin:3.8.1:compile (compile) @ moshi-kotlin-codegen ---
[INFO] Changes detected - recompiling the module!
[INFO] 
[INFO] --- maven-resources-plugin:2.6:testResources (default-testResources) @ moshi-kotlin-codegen ---
[INFO] Using 'UTF-8' encoding to copy filtered resources.
[INFO] skip non existing resourceDirectory /home/travis/build/failed/square/moshi/kotlin/codegen/src/test/resources
[INFO] 
[INFO] --- maven-compiler-plugin:3.8.1:testCompile (default-testCompile) @ moshi-kotlin-codegen ---
[INFO] Changes detected - recompiling the module!
[INFO] Compiling 1 source file to /home/travis/build/failed/square/moshi/kotlin/codegen/target/test-classes
[INFO] 
[INFO] --- kotlin-maven-plugin:1.3.50:test-compile (test-compile) @ moshi-kotlin-codegen ---
[WARNING] /home/travis/build/failed/square/moshi/kotlin/codegen/src/test/java/com/squareup/moshi/kotlin/codegen/JsonClassCodegenProcessorTest.kt: (29, 2) This class can only be used with the compiler argument '-Xuse-experimental=kotlin.Experimental'
[INFO] 
[INFO] --- maven-compiler-plugin:3.8.1:testCompile (testCompile) @ moshi-kotlin-codegen ---
[INFO] Changes detected - recompiling the module!
[INFO] Compiling 1 source file to /home/travis/build/failed/square/moshi/kotlin/codegen/target/test-classes
[INFO] 
[INFO] --- maven-surefire-plugin:2.21.0:test (default-test) @ moshi-kotlin-codegen ---
[INFO] Tests are skipped.
[INFO] 
[INFO] --- dokka-maven-plugin:0.9.17:dokka (default) @ moshi-kotlin-codegen ---
[INFO] Module: moshi-kotlin-codegen
[INFO] Output: /home/travis/build/failed/square/moshi/kotlin/codegen/target/dokka
[INFO] Sources: /home/travis/build/failed/square/moshi/kotlin/codegen/src/main/java, /home/travis/build/failed/square/moshi/kotlin/codegen/target/generated-sources/kapt/compile, /home/travis/build/failed/square/moshi/kotlin/codegen/target/generated-sources/kaptKotlin/compile, /home/travis/build/failed/square/moshi/kotlin/codegen/target/generated-sources/annotations
[INFO] Classpath: /usr/lib/jvm/java-8-openjdk-amd64/jre/lib/charsets.jar, /usr/lib/jvm/java-8-openjdk-amd64/jre/lib/jce.jar, /usr/lib/jvm/java-8-openjdk-amd64/jre/lib/jsse.jar, /usr/lib/jvm/java-8-openjdk-amd64/jre/lib/management-agent.jar, /usr/lib/jvm/java-8-openjdk-amd64/jre/lib/resources.jar, /usr/lib/jvm/java-8-openjdk-amd64/jre/lib/rt.jar, /usr/lib/jvm/java-8-openjdk-amd64/jre/lib/ext/cldrdata.jar, /usr/lib/jvm/java-8-openjdk-amd64/jre/lib/ext/dnsns.jar, /usr/lib/jvm/java-8-openjdk-amd64/jre/lib/ext/icedtea-sound.jar, /usr/lib/jvm/java-8-openjdk-amd64/jre/lib/ext/jaccess.jar, /usr/lib/jvm/java-8-openjdk-amd64/jre/lib/ext/localedata.jar, /usr/lib/jvm/java-8-openjdk-amd64/jre/lib/ext/nashorn.jar, /usr/lib/jvm/java-8-openjdk-amd64/jre/lib/ext/sunec.jar, /usr/lib/jvm/java-8-openjdk-amd64/jre/lib/ext/sunjce_provider.jar, /usr/lib/jvm/java-8-openjdk-amd64/jre/lib/ext/sunpkcs11.jar, /usr/lib/jvm/java-8-openjdk-amd64/jre/lib/ext/zipfs.jar, /home/travis/build/failed/square/moshi/kotlin/codegen/target/classes, /home/travis/build/failed/square/moshi/moshi/target/moshi-1.10.0-SNAPSHOT.jar, /home/travis/.m2/repository/org/jetbrains/kotlin/kotlin-stdlib/1.3.50/kotlin-stdlib-1.3.50.jar, /home/travis/.m2/repository/org/jetbrains/kotlin/kotlin-stdlib-common/1.3.50/kotlin-stdlib-common-1.3.50.jar, /home/travis/.m2/repository/org/jetbrains/annotations/13.0/annotations-13.0.jar, /home/travis/.m2/repository/com/squareup/kotlinpoet/1.4.3/kotlinpoet-1.4.3.jar, /home/travis/.m2/repository/org/jetbrains/kotlin/kotlin-stdlib-jdk7/1.3.50/kotlin-stdlib-jdk7-1.3.50.jar, /home/travis/.m2/repository/org/jetbrains/kotlinx/kotlinx-metadata-jvm/0.1.0/kotlinx-metadata-jvm-0.1.0.jar, /home/travis/.m2/repository/com/squareup/kotlinpoet-metadata/1.4.3/kotlinpoet-metadata-1.4.3.jar, /home/travis/.m2/repository/com/squareup/kotlinpoet-metadata-specs/1.4.3/kotlinpoet-metadata-specs-1.4.3.jar, /home/travis/.m2/repository/com/squareup/kotlinpoet-classinspector-elements/1.4.3/kotlinpoet-classinspector-elements-1.4.3.jar, /home/travis/.m2/repository/net/ltgt/gradle/incap/incap/0.2/incap-0.2.jar, /home/travis/.m2/repository/com/google/auto/service/auto-service-annotations/1.0-rc5/auto-service-annotations-1.0-rc5.jar, /home/travis/.m2/repository/com/google/code/findbugs/jsr305/3.0.2/jsr305-3.0.2.jar
[INFO] Analysing sources and libraries... 
[INFO]   package com.squareup.moshi.kotlin.codegen: 18 declarations
[WARNING] No documentation for com.squareup.moshi.kotlin.codegen.JsonClassCodegenProcessor$getSupportedAnnotationTypes() (JsonClassCodegenProcessor.kt:76)
[WARNING] No documentation for com.squareup.moshi.kotlin.codegen.JsonClassCodegenProcessor$getSupportedSourceVersion() (JsonClassCodegenProcessor.kt:78)
[WARNING] No documentation for com.squareup.moshi.kotlin.codegen.JsonClassCodegenProcessor$getSupportedOptions() (JsonClassCodegenProcessor.kt:80)
[WARNING] No documentation for com.squareup.moshi.kotlin.codegen.JsonClassCodegenProcessor$init(javax.annotation.processing.ProcessingEnvironment) (JsonClassCodegenProcessor.kt:82)
[WARNING] No documentation for com.squareup.moshi.kotlin.codegen.JsonClassCodegenProcessor$process(kotlin.collections.Set((javax.lang.model.element.TypeElement)), javax.annotation.processing.RoundEnvironment) (JsonClassCodegenProcessor.kt:97)
[INFO]   package com.squareup.moshi.kotlin.codegen.api: 23 declarations
[WARNING] No documentation for com.squareup.moshi.kotlin.codegen.api.TypeRenderer$renderTypeVariable(com.squareup.kotlinpoet.TypeVariableName) (TypeRenderer.kt:41)
[WARNING] No documentation for com.squareup.moshi.kotlin.codegen.api.TypeRenderer$render(com.squareup.kotlinpoet.TypeName, kotlin.Boolean) (TypeRenderer.kt:43)
[INFO] done in 11 secs
[INFO] Generating pages... 
[INFO] done in 0 secs
[INFO] 
[INFO] --- maven-jar-plugin:2.4:jar (default-jar) @ moshi-kotlin-codegen ---
[INFO] Building jar: /home/travis/build/failed/square/moshi/kotlin/codegen/target/moshi-kotlin-codegen-1.10.0-SNAPSHOT.jar
[INFO] 
[INFO] --- maven-shade-plugin:3.2.0:shade (default) @ moshi-kotlin-codegen ---
[INFO] Excluding com.squareup.moshi:moshi:jar:1.10.0-SNAPSHOT from the shaded jar.
[INFO] Excluding org.jetbrains.kotlin:kotlin-stdlib:jar:1.3.50 from the shaded jar.
[INFO] Excluding org.jetbrains.kotlin:kotlin-stdlib-common:jar:1.3.50 from the shaded jar.
[INFO] Excluding org.jetbrains:annotations:jar:13.0 from the shaded jar.
[INFO] Excluding com.squareup:kotlinpoet:jar:1.4.3 from the shaded jar.
[INFO] Excluding org.jetbrains.kotlin:kotlin-stdlib-jdk7:jar:1.3.50 from the shaded jar.
[INFO] Excluding org.jetbrains.kotlin:kotlin-reflect:jar:1.3.50 from the shaded jar.
[INFO] Including org.jetbrains.kotlinx:kotlinx-metadata-jvm:jar:0.1.0 in the shaded jar.
[INFO] Including com.squareup:kotlinpoet-metadata:jar:1.4.3 in the shaded jar.
[INFO] Including com.squareup:kotlinpoet-metadata-specs:jar:1.4.3 in the shaded jar.
[INFO] Including com.squareup:kotlinpoet-classinspector-elements:jar:1.4.3 in the shaded jar.
[INFO] Replacing original artifact with shaded artifact.
[INFO] Replacing /home/travis/build/failed/square/moshi/kotlin/codegen/target/moshi-kotlin-codegen-1.10.0-SNAPSHOT.jar with /home/travis/build/failed/square/moshi/kotlin/codegen/target/moshi-kotlin-codegen-1.10.0-SNAPSHOT-shaded.jar
[INFO] Dependency-reduced POM written at: /home/travis/build/failed/square/moshi/kotlin/codegen/dependency-reduced-pom.xml
[INFO] 
[INFO] --- maven-assembly-plugin:3.1.0:single (default) @ moshi-kotlin-codegen ---
[INFO] Reading assembly descriptor: src/assembly/dokka.xml
[WARNING] The assembly descriptor contains a filesystem-root relative reference, which is not cross platform compatible /
[INFO] Building jar: /home/travis/build/failed/square/moshi/kotlin/codegen/target/moshi-kotlin-codegen-1.10.0-SNAPSHOT-javadoc.jar
[INFO] 
[INFO] --- maven-checkstyle-plugin:2.17:checkstyle (default) @ moshi-kotlin-codegen ---
[INFO] Starting audit...
Audit done.
[INFO] 
[INFO] --- maven-install-plugin:2.4:install (default-install) @ moshi-kotlin-codegen ---
[INFO] Installing /home/travis/build/failed/square/moshi/kotlin/codegen/target/moshi-kotlin-codegen-1.10.0-SNAPSHOT.jar to /home/travis/.m2/repository/com/squareup/moshi/moshi-kotlin-codegen/1.10.0-SNAPSHOT/moshi-kotlin-codegen-1.10.0-SNAPSHOT.jar
[INFO] Installing /home/travis/build/failed/square/moshi/kotlin/codegen/dependency-reduced-pom.xml to /home/travis/.m2/repository/com/squareup/moshi/moshi-kotlin-codegen/1.10.0-SNAPSHOT/moshi-kotlin-codegen-1.10.0-SNAPSHOT.pom
[INFO] Installing /home/travis/build/failed/square/moshi/kotlin/codegen/target/moshi-kotlin-codegen-1.10.0-SNAPSHOT-javadoc.jar to /home/travis/.m2/repository/com/squareup/moshi/moshi-kotlin-codegen/1.10.0-SNAPSHOT/moshi-kotlin-codegen-1.10.0-SNAPSHOT-javadoc.jar
[INFO] 
[INFO] ------------------< com.squareup.moshi:moshi-kotlin >-------------------
[INFO] Building moshi-kotlin 1.10.0-SNAPSHOT                              [6/7]
[INFO] --------------------------------[ jar ]---------------------------------
[INFO] 
[INFO] --- maven-enforcer-plugin:1.0:enforce (enforce-maven) @ moshi-kotlin ---
[INFO] 
[INFO] --- maven-resources-plugin:2.6:resources (default-resources) @ moshi-kotlin ---
[INFO] Using 'UTF-8' encoding to copy filtered resources.
[INFO] Copying 1 resource
[INFO] 
[INFO] --- maven-compiler-plugin:3.8.1:compile (default-compile) @ moshi-kotlin ---
[INFO] Nothing to compile - all classes are up to date
[INFO] 
[INFO] --- kotlin-maven-plugin:1.3.50:compile (compile) @ moshi-kotlin ---
[INFO] 
[INFO] --- maven-compiler-plugin:3.8.1:compile (compile) @ moshi-kotlin ---
[INFO] Changes detected - recompiling the module!
[INFO] 
[INFO] --- maven-resources-plugin:2.6:testResources (default-testResources) @ moshi-kotlin ---
[INFO] Using 'UTF-8' encoding to copy filtered resources.
[INFO] skip non existing resourceDirectory /home/travis/build/failed/square/moshi/kotlin/reflect/src/test/resources
[INFO] 
[INFO] --- maven-compiler-plugin:3.8.1:testCompile (default-testCompile) @ moshi-kotlin ---
[INFO] No sources to compile
[INFO] 
[INFO] --- kotlin-maven-plugin:1.3.50:test-compile (test-compile) @ moshi-kotlin ---
[WARNING] No sources found skipping Kotlin compile
[INFO] 
[INFO] --- maven-compiler-plugin:3.8.1:testCompile (testCompile) @ moshi-kotlin ---
[INFO] No sources to compile
[INFO] 
[INFO] --- maven-surefire-plugin:2.12.4:test (default-test) @ moshi-kotlin ---
[INFO] Tests are skipped.
[INFO] 
[INFO] --- dokka-maven-plugin:0.9.17:dokka (default) @ moshi-kotlin ---
[INFO] Module: moshi-kotlin
[INFO] Output: /home/travis/build/failed/square/moshi/kotlin/reflect/target/dokka
[INFO] Sources: /home/travis/build/failed/square/moshi/kotlin/reflect/src/main/java, /home/travis/build/failed/square/moshi/kotlin/reflect/target/generated-sources/annotations
[INFO] Classpath: /usr/lib/jvm/java-8-openjdk-amd64/jre/lib/charsets.jar, /usr/lib/jvm/java-8-openjdk-amd64/jre/lib/jce.jar, /usr/lib/jvm/java-8-openjdk-amd64/jre/lib/jsse.jar, /usr/lib/jvm/java-8-openjdk-amd64/jre/lib/management-agent.jar, /usr/lib/jvm/java-8-openjdk-amd64/jre/lib/resources.jar, /usr/lib/jvm/java-8-openjdk-amd64/jre/lib/rt.jar, /usr/lib/jvm/java-8-openjdk-amd64/jre/lib/ext/cldrdata.jar, /usr/lib/jvm/java-8-openjdk-amd64/jre/lib/ext/dnsns.jar, /usr/lib/jvm/java-8-openjdk-amd64/jre/lib/ext/icedtea-sound.jar, /usr/lib/jvm/java-8-openjdk-amd64/jre/lib/ext/jaccess.jar, /usr/lib/jvm/java-8-openjdk-amd64/jre/lib/ext/localedata.jar, /usr/lib/jvm/java-8-openjdk-amd64/jre/lib/ext/nashorn.jar, /usr/lib/jvm/java-8-openjdk-amd64/jre/lib/ext/sunec.jar, /usr/lib/jvm/java-8-openjdk-amd64/jre/lib/ext/sunjce_provider.jar, /usr/lib/jvm/java-8-openjdk-amd64/jre/lib/ext/sunpkcs11.jar, /usr/lib/jvm/java-8-openjdk-amd64/jre/lib/ext/zipfs.jar, /home/travis/build/failed/square/moshi/kotlin/reflect/target/classes, /home/travis/build/failed/square/moshi/moshi/target/moshi-1.10.0-SNAPSHOT.jar, /home/travis/.m2/repository/com/squareup/okio/okio/1.16.0/okio-1.16.0.jar, /home/travis/.m2/repository/org/jetbrains/kotlin/kotlin-stdlib/1.3.50/kotlin-stdlib-1.3.50.jar, /home/travis/.m2/repository/org/jetbrains/kotlin/kotlin-stdlib-common/1.3.50/kotlin-stdlib-common-1.3.50.jar, /home/travis/.m2/repository/org/jetbrains/annotations/13.0/annotations-13.0.jar, /home/travis/.m2/repository/org/jetbrains/kotlin/kotlin-reflect/1.3.50/kotlin-reflect-1.3.50.jar
[INFO] Analysing sources and libraries... 
[INFO]   package com.squareup.moshi: 1 declarations
[INFO]   package com.squareup.moshi.kotlin.reflect: 4 declarations
[WARNING] No documentation for com.squareup.moshi.kotlin.reflect.KotlinJsonAdapterFactory (KotlinJsonAdapter.kt:180)
[WARNING] No documentation for com.squareup.moshi.kotlin.reflect.KotlinJsonAdapterFactory$<init>() (KotlinJsonAdapter.kt:180)
[WARNING] No documentation for com.squareup.moshi.kotlin.reflect.KotlinJsonAdapterFactory$create(java.lang.reflect.Type, kotlin.collections.MutableSet((kotlin.Annotation)), com.squareup.moshi.Moshi) (KotlinJsonAdapter.kt:181)
[INFO] done in 2 secs
[INFO] Generating pages... 
[INFO] done in 0 secs
[INFO] 
[INFO] --- maven-jar-plugin:2.4:jar (default-jar) @ moshi-kotlin ---
[INFO] Building jar: /home/travis/build/failed/square/moshi/kotlin/reflect/target/moshi-kotlin-1.10.0-SNAPSHOT.jar
[INFO] 
[INFO] --- maven-assembly-plugin:3.1.0:single (default) @ moshi-kotlin ---
[INFO] Reading assembly descriptor: src/assembly/dokka.xml
[WARNING] The assembly descriptor contains a filesystem-root relative reference, which is not cross platform compatible /
[INFO] Building jar: /home/travis/build/failed/square/moshi/kotlin/reflect/target/moshi-kotlin-1.10.0-SNAPSHOT-javadoc.jar
[INFO] 
[INFO] --- maven-checkstyle-plugin:2.17:checkstyle (default) @ moshi-kotlin ---
[INFO] Starting audit...
Audit done.
[INFO] 
[INFO] --- maven-install-plugin:2.4:install (default-install) @ moshi-kotlin ---
[INFO] Installing /home/travis/build/failed/square/moshi/kotlin/reflect/target/moshi-kotlin-1.10.0-SNAPSHOT.jar to /home/travis/.m2/repository/com/squareup/moshi/moshi-kotlin/1.10.0-SNAPSHOT/moshi-kotlin-1.10.0-SNAPSHOT.jar
[INFO] Installing /home/travis/build/failed/square/moshi/kotlin/reflect/pom.xml to /home/travis/.m2/repository/com/squareup/moshi/moshi-kotlin/1.10.0-SNAPSHOT/moshi-kotlin-1.10.0-SNAPSHOT.pom
[INFO] Installing /home/travis/build/failed/square/moshi/kotlin/reflect/target/moshi-kotlin-1.10.0-SNAPSHOT-javadoc.jar to /home/travis/.m2/repository/com/squareup/moshi/moshi-kotlin/1.10.0-SNAPSHOT/moshi-kotlin-1.10.0-SNAPSHOT-javadoc.jar
[INFO] 
[INFO] ---------------< com.squareup.moshi:moshi-kotlin-tests >----------------
[INFO] Building moshi-kotlin-tests 1.10.0-SNAPSHOT                        [7/7]
[INFO] --------------------------------[ jar ]---------------------------------
[INFO] 
[INFO] --- maven-enforcer-plugin:1.0:enforce (enforce-maven) @ moshi-kotlin-tests ---
[INFO] 
[INFO] --- kotlin-maven-plugin:1.3.50:kapt (kapt) @ moshi-kotlin-tests ---
[WARNING] No sources found skipping Kotlin compile
[INFO] 
[INFO] --- maven-resources-plugin:2.6:resources (default-resources) @ moshi-kotlin-tests ---
[INFO] Using 'UTF-8' encoding to copy filtered resources.
[INFO] skip non existing resourceDirectory /home/travis/build/failed/square/moshi/kotlin/tests/src/main/resources
[INFO] 
[INFO] --- kotlin-maven-plugin:1.3.50:compile (compile) @ moshi-kotlin-tests ---
[WARNING] No sources found skipping Kotlin compile
[INFO] 
[INFO] --- maven-compiler-plugin:3.5.1:compile (java-compile) @ moshi-kotlin-tests ---
[INFO] No sources to compile
[INFO] 
[INFO] --- kotlin-maven-plugin:1.3.50:test-kapt (test-kapt) @ moshi-kotlin-tests ---
[WARNING] Source root doesn't exist: /home/travis/build/failed/square/moshi/kotlin/tests/src/test/java
[WARNING] ATTENTION!
This build uses unsafe internal compiler arguments:

-XXLanguage:+InlineClasses

This mode is not recommended for production use,
as no stability/compatibility guarantees are given on
compiler or generated code. Use it at your own risk!

[INFO] 
[INFO] --- maven-resources-plugin:2.6:testResources (default-testResources) @ moshi-kotlin-tests ---
[INFO] Using 'UTF-8' encoding to copy filtered resources.
[INFO] skip non existing resourceDirectory /home/travis/build/failed/square/moshi/kotlin/tests/src/test/resources
[INFO] 
[INFO] --- kotlin-maven-plugin:1.3.50:test-compile (test-compile) @ moshi-kotlin-tests ---
[WARNING] Source root doesn't exist: /home/travis/build/failed/square/moshi/kotlin/tests/src/test/java
[WARNING] ATTENTION!
This build uses unsafe internal compiler arguments:

-XXLanguage:+InlineClasses

This mode is not recommended for production use,
as no stability/compatibility guarantees are given on
compiler or generated code. Use it at your own risk!

[WARNING] /home/travis/build/failed/square/moshi/kotlin/tests/src/test/kotlin/com/squareup/moshi/kotlin/DualKotlinTest.kt: (520, 56) Redundant '?'
[WARNING] /home/travis/build/failed/square/moshi/kotlin/tests/src/test/kotlin/com/squareup/moshi/kotlin/DualKotlinTest.kt: (522, 61) Redundant '?'
[WARNING] /home/travis/build/failed/square/moshi/kotlin/tests/target/generated-sources/kapt/test/com/squareup/moshi/kotlin/DualKotlinTest_TypeAliasUnwrappingJsonAdapter.kt: (39, 37) Projection is redundant: the corresponding type parameter of List has the same variance
[WARNING] /home/travis/build/failed/square/moshi/kotlin/tests/target/generated-sources/kapt/test/com/squareup/moshi/kotlin/DualKotlinTest_TypeAliasUnwrappingJsonAdapter.kt: (53, 36) Projection is redundant: the corresponding type parameter of List has the same variance
[INFO] 
[INFO] --- maven-compiler-plugin:3.5.1:testCompile (java-test-compile) @ moshi-kotlin-tests ---
[INFO] Nothing to compile - all classes are up to date
[INFO] 
[INFO] --- maven-surefire-plugin:2.12.4:test (default-test) @ moshi-kotlin-tests ---
[INFO] Tests are skipped.
[INFO] 
[INFO] --- dokka-maven-plugin:0.9.17:dokka (default) @ moshi-kotlin-tests ---
[INFO] Module: moshi-kotlin-tests
[INFO] Output: /home/travis/build/failed/square/moshi/kotlin/tests/target/dokka
[INFO] Sources: /home/travis/build/failed/square/moshi/kotlin/tests/src/main/java
[INFO] Classpath: /usr/lib/jvm/java-8-openjdk-amd64/jre/lib/charsets.jar, /usr/lib/jvm/java-8-openjdk-amd64/jre/lib/jce.jar, /usr/lib/jvm/java-8-openjdk-amd64/jre/lib/jsse.jar, /usr/lib/jvm/java-8-openjdk-amd64/jre/lib/management-agent.jar, /usr/lib/jvm/java-8-openjdk-amd64/jre/lib/resources.jar, /usr/lib/jvm/java-8-openjdk-amd64/jre/lib/rt.jar, /usr/lib/jvm/java-8-openjdk-amd64/jre/lib/ext/cldrdata.jar, /usr/lib/jvm/java-8-openjdk-amd64/jre/lib/ext/dnsns.jar, /usr/lib/jvm/java-8-openjdk-amd64/jre/lib/ext/icedtea-sound.jar, /usr/lib/jvm/java-8-openjdk-amd64/jre/lib/ext/jaccess.jar, /usr/lib/jvm/java-8-openjdk-amd64/jre/lib/ext/localedata.jar, /usr/lib/jvm/java-8-openjdk-amd64/jre/lib/ext/nashorn.jar, /usr/lib/jvm/java-8-openjdk-amd64/jre/lib/ext/sunec.jar, /usr/lib/jvm/java-8-openjdk-amd64/jre/lib/ext/sunjce_provider.jar, /usr/lib/jvm/java-8-openjdk-amd64/jre/lib/ext/sunpkcs11.jar, /usr/lib/jvm/java-8-openjdk-amd64/jre/lib/ext/zipfs.jar, /home/travis/build/failed/square/moshi/kotlin/tests/target/classes, /home/travis/build/failed/square/moshi/moshi/target/moshi-1.10.0-SNAPSHOT.jar, /home/travis/.m2/repository/com/squareup/okio/okio/1.16.0/okio-1.16.0.jar, /home/travis/build/failed/square/moshi/kotlin/reflect/target/moshi-kotlin-1.10.0-SNAPSHOT.jar, /home/travis/.m2/repository/org/jetbrains/kotlin/kotlin-reflect/1.3.50/kotlin-reflect-1.3.50.jar, /home/travis/.m2/repository/org/jetbrains/kotlin/kotlin-stdlib/1.3.50/kotlin-stdlib-1.3.50.jar, /home/travis/.m2/repository/org/jetbrains/kotlin/kotlin-stdlib-common/1.3.50/kotlin-stdlib-common-1.3.50.jar, /home/travis/.m2/repository/org/jetbrains/annotations/13.0/annotations-13.0.jar
[INFO] Analysing sources and libraries... 
[ERROR] error: source file or directory not found: /home/travis/build/failed/square/moshi/kotlin/tests/src/main/java
[ERROR] warning: classpath entry points to a non-existent location: /home/travis/build/failed/square/moshi/kotlin/tests/target/classes
[INFO] done in 1 secs
[INFO] Generating pages... 
[INFO] done in 0 secs
[INFO] 
[INFO] --- maven-jar-plugin:2.4:jar (default-jar) @ moshi-kotlin-tests ---
[WARNING] JAR will be empty - no content was marked for inclusion!
[INFO] Building jar: /home/travis/build/failed/square/moshi/kotlin/tests/target/moshi-kotlin-tests-1.10.0-SNAPSHOT.jar
[INFO] 
[INFO] --- maven-assembly-plugin:3.1.0:single (default) @ moshi-kotlin-tests ---
[INFO] Reading assembly descriptor: src/assembly/dokka.xml
[WARNING] The assembly descriptor contains a filesystem-root relative reference, which is not cross platform compatible /
[INFO] Building jar: /home/travis/build/failed/square/moshi/kotlin/tests/target/moshi-kotlin-tests-1.10.0-SNAPSHOT-javadoc.jar
[INFO] 
[INFO] --- maven-checkstyle-plugin:2.17:checkstyle (default) @ moshi-kotlin-tests ---
[INFO] 
[INFO] --- maven-install-plugin:2.4:install (default-install) @ moshi-kotlin-tests ---
[INFO] Installing /home/travis/build/failed/square/moshi/kotlin/tests/target/moshi-kotlin-tests-1.10.0-SNAPSHOT.jar to /home/travis/.m2/repository/com/squareup/moshi/moshi-kotlin-tests/1.10.0-SNAPSHOT/moshi-kotlin-tests-1.10.0-SNAPSHOT.jar
[INFO] Installing /home/travis/build/failed/square/moshi/kotlin/tests/pom.xml to /home/travis/.m2/repository/com/squareup/moshi/moshi-kotlin-tests/1.10.0-SNAPSHOT/moshi-kotlin-tests-1.10.0-SNAPSHOT.pom
[INFO] Installing /home/travis/build/failed/square/moshi/kotlin/tests/target/moshi-kotlin-tests-1.10.0-SNAPSHOT-javadoc.jar to /home/travis/.m2/repository/com/squareup/moshi/moshi-kotlin-tests/1.10.0-SNAPSHOT/moshi-kotlin-tests-1.10.0-SNAPSHOT-javadoc.jar
[INFO] ------------------------------------------------------------------------
[INFO] Reactor Summary for Moshi (Parent) 1.10.0-SNAPSHOT:
[INFO] 
[INFO] Moshi (Parent) ..................................... SUCCESS [  1.250 s]
[INFO] Moshi .............................................. SUCCESS [ 13.857 s]
[INFO] moshi-adapters ..................................... SUCCESS [  1.877 s]
[INFO] moshi-examples ..................................... SUCCESS [  2.912 s]
[INFO] moshi-kotlin-codegen ............................... SUCCESS [ 35.675 s]
[INFO] moshi-kotlin ....................................... SUCCESS [  5.051 s]
[INFO] moshi-kotlin-tests ................................. SUCCESS [ 25.185 s]
[INFO] ------------------------------------------------------------------------
[INFO] BUILD SUCCESS
[INFO] ------------------------------------------------------------------------
[INFO] Total time:  01:26 min
[INFO] Finished at: 2022-01-29T15:21:21Z
[INFO] ------------------------------------------------------------------------
travis_time:end:3308d408:start=1643469593093674133,finish=1643469681805324665,duration=88711650532,event=install[0Ktravis_fold:end:install[0Ktravis_time:start:1204fdb8[0K$ mvn test -B
Picked up _JAVA_OPTIONS: -Xmx2048m -Xms512m
[INFO] Scanning for projects...
[WARNING] 
[WARNING] Some problems were encountered while building the effective model for com.squareup.moshi:moshi:jar:1.10.0-SNAPSHOT
[WARNING] 'build.plugins.plugin.version' for org.apache.maven.plugins:maven-jar-plugin is missing. @ com.squareup.moshi:moshi:[unknown-version], /home/travis/build/failed/square/moshi/moshi/pom.xml, line 39, column 15
[WARNING] 
[WARNING] Some problems were encountered while building the effective model for com.squareup.moshi:moshi-adapters:jar:1.10.0-SNAPSHOT
[WARNING] 'build.plugins.plugin.version' for org.apache.maven.plugins:maven-jar-plugin is missing. @ com.squareup.moshi:moshi-adapters:[unknown-version], /home/travis/build/failed/square/moshi/adapters/pom.xml, line 39, column 15
[WARNING] 
[WARNING] Some problems were encountered while building the effective model for com.squareup.moshi:moshi-kotlin:jar:1.10.0-SNAPSHOT
[WARNING] 'build.plugins.plugin.version' for org.apache.maven.plugins:maven-jar-plugin is missing. @ com.squareup.moshi:moshi-kotlin:[unknown-version], /home/travis/build/failed/square/moshi/kotlin/reflect/pom.xml, line 93, column 15
[WARNING] 
[WARNING] It is highly recommended to fix these problems because they threaten the stability of your build.
[WARNING] 
[WARNING] For this reason, future Maven versions might no longer support building such malformed projects.
[WARNING] 
[INFO] ------------------------------------------------------------------------
[INFO] Reactor Build Order:
[INFO] 
[INFO] Moshi (Parent)                                                     [pom]
[INFO] Moshi                                                              [jar]
[INFO] moshi-adapters                                                     [jar]
[INFO] moshi-examples                                                     [jar]
[INFO] moshi-kotlin-codegen                                               [jar]
[INFO] moshi-kotlin                                                       [jar]
[INFO] moshi-kotlin-tests                                                 [jar]
[INFO] 
[INFO] ------------------< com.squareup.moshi:moshi-parent >-------------------
[INFO] Building Moshi (Parent) 1.10.0-SNAPSHOT                            [1/7]
[INFO] --------------------------------[ pom ]---------------------------------
[INFO] 
[INFO] --- maven-enforcer-plugin:1.0:enforce (enforce-maven) @ moshi-parent ---
[INFO] 
[INFO] ----------------------< com.squareup.moshi:moshi >----------------------
[INFO] Building Moshi 1.10.0-SNAPSHOT                                     [2/7]
[INFO] --------------------------------[ jar ]---------------------------------
[INFO] 
[INFO] --- maven-enforcer-plugin:1.0:enforce (enforce-maven) @ moshi ---
[INFO] 
[INFO] --- maven-resources-plugin:2.6:resources (default-resources) @ moshi ---
[INFO] Using 'UTF-8' encoding to copy filtered resources.
[INFO] Copying 1 resource
[INFO] 
[INFO] --- maven-compiler-plugin:3.8.1:compile (default-compile) @ moshi ---
[INFO] Nothing to compile - all classes are up to date
[INFO] 
[INFO] --- maven-resources-plugin:2.6:testResources (default-testResources) @ moshi ---
[INFO] Using 'UTF-8' encoding to copy filtered resources.
[INFO] skip non existing resourceDirectory /home/travis/build/failed/square/moshi/moshi/src/test/resources
[INFO] 
[INFO] --- maven-compiler-plugin:3.8.1:testCompile (default-testCompile) @ moshi ---
[INFO] Nothing to compile - all classes are up to date
[INFO] 
[INFO] --- maven-surefire-plugin:2.12.4:test (default-test) @ moshi ---
[INFO] Surefire report directory: /home/travis/build/failed/square/moshi/moshi/target/surefire-reports

-------------------------------------------------------
 T E S T S
-------------------------------------------------------
Picked up _JAVA_OPTIONS: -Xmx2048m -Xms512m
Running com.squareup.moshi.LinkedHashTreeMapTest
Tests run: 15, Failures: 0, Errors: 0, Skipped: 0, Time elapsed: 0.214 sec
Running com.squareup.moshi.FlattenTest
Tests run: 36, Failures: 0, Errors: 0, Skipped: 0, Time elapsed: 0.037 sec
Running com.squareup.moshi.JsonQualifiersTest
Tests run: 13, Failures: 0, Errors: 0, Skipped: 0, Time elapsed: 0.051 sec
Running com.squareup.moshi.JsonValueReaderTest
Tests run: 24, Failures: 0, Errors: 0, Skipped: 0, Time elapsed: 0.011 sec
Running com.squareup.moshi.JsonWriterPathTest
Tests run: 27, Failures: 0, Errors: 0, Skipped: 2, Time elapsed: 0.012 sec
Running com.squareup.moshi.PromoteNameToValueTest
Tests run: 69, Failures: 0, Errors: 0, Skipped: 0, Time elapsed: 0.02 sec
Running com.squareup.moshi.MapJsonAdapterTest
Tests run: 12, Failures: 0, Errors: 0, Skipped: 0, Time elapsed: 0.013 sec
Running com.squareup.moshi.DeferredAdapterTest
Tests run: 1, Failures: 0, Errors: 0, Skipped: 0, Time elapsed: 0.012 sec
Running com.squareup.moshi.JsonReaderTest
Tests run: 231, Failures: 0, Errors: 0, Skipped: 8, Time elapsed: 0.056 sec
Running com.squareup.moshi.CircularAdaptersTest
Tests run: 2, Failures: 0, Errors: 0, Skipped: 0, Time elapsed: 0.001 sec
Running com.squareup.moshi.ClassJsonAdapterTest
Tests run: 26, Failures: 0, Errors: 0, Skipped: 0, Time elapsed: 0.017 sec
Running com.squareup.moshi.JsonWriterTest
Tests run: 165, Failures: 0, Errors: 0, Skipped: 4, Time elapsed: 0.02 sec
Running com.squareup.moshi.ObjectAdapterTest
Tests run: 14, Failures: 0, Errors: 0, Skipped: 0, Time elapsed: 0.003 sec
Running com.squareup.moshi.JsonReaderPathTest
Tests run: 30, Failures: 0, Errors: 0, Skipped: 2, Time elapsed: 0.003 sec
Running com.squareup.moshi.MoshiTest
Tests run: 59, Failures: 0, Errors: 0, Skipped: 0, Time elapsed: 0.24 sec
Running com.squareup.moshi.JsonUtf8ReaderTest
Tests run: 92, Failures: 0, Errors: 0, Skipped: 5, Time elapsed: 0.028 sec
Running com.squareup.moshi.RecursiveTypesResolveTest
Tests run: 5, Failures: 0, Errors: 0, Skipped: 0, Time elapsed: 0.002 sec
Running com.squareup.moshi.TypesTest
Tests run: 30, Failures: 0, Errors: 0, Skipped: 0, Time elapsed: 0.019 sec
Running com.squareup.moshi.JsonAdapterTest
Tests run: 39, Failures: 0, Errors: 0, Skipped: 2, Time elapsed: 0.009 sec
Running com.squareup.moshi.JsonValueWriterTest
Tests run: 10, Failures: 0, Errors: 0, Skipped: 0, Time elapsed: 0.002 sec
Running com.squareup.moshi.JsonUtf8WriterTest
Tests run: 4, Failures: 0, Errors: 0, Skipped: 0, Time elapsed: 0 sec
Running com.squareup.moshi.AdapterMethodsTest
Tests run: 29, Failures: 0, Errors: 0, Skipped: 0, Time elapsed: 0.039 sec

Results :

Tests run: 933, Failures: 0, Errors: 0, Skipped: 23

[INFO] 
[INFO] -----------------< com.squareup.moshi:moshi-adapters >------------------
[INFO] Building moshi-adapters 1.10.0-SNAPSHOT                            [3/7]
[INFO] --------------------------------[ jar ]---------------------------------
[INFO] 
[INFO] --- maven-enforcer-plugin:1.0:enforce (enforce-maven) @ moshi-adapters ---
[INFO] 
[INFO] --- maven-resources-plugin:2.6:resources (default-resources) @ moshi-adapters ---
[INFO] Using 'UTF-8' encoding to copy filtered resources.
[INFO] skip non existing resourceDirectory /home/travis/build/failed/square/moshi/adapters/src/main/resources
[INFO] 
[INFO] --- maven-compiler-plugin:3.8.1:compile (default-compile) @ moshi-adapters ---
[INFO] Nothing to compile - all classes are up to date
[INFO] 
[INFO] --- maven-resources-plugin:2.6:testResources (default-testResources) @ moshi-adapters ---
[INFO] Using 'UTF-8' encoding to copy filtered resources.
[INFO] skip non existing resourceDirectory /home/travis/build/failed/square/moshi/adapters/src/test/resources
[INFO] 
[INFO] --- maven-compiler-plugin:3.8.1:testCompile (default-testCompile) @ moshi-adapters ---
[INFO] Nothing to compile - all classes are up to date
[INFO] 
[INFO] --- maven-surefire-plugin:2.12.4:test (default-test) @ moshi-adapters ---
[INFO] Surefire report directory: /home/travis/build/failed/square/moshi/adapters/target/surefire-reports

-------------------------------------------------------
 T E S T S
-------------------------------------------------------
Picked up _JAVA_OPTIONS: -Xmx2048m -Xms512m
Running com.squareup.moshi.adapters.PolymorphicJsonAdapterFactoryTest
Tests run: 14, Failures: 0, Errors: 0, Skipped: 0, Time elapsed: 0.212 sec
Running com.squareup.moshi.adapters.Rfc3339DateJsonAdapterTest
Tests run: 4, Failures: 0, Errors: 0, Skipped: 0, Time elapsed: 0.029 sec
Running com.squareup.moshi.adapters.EnumJsonAdapterTest
Tests run: 5, Failures: 0, Errors: 0, Skipped: 0, Time elapsed: 0.006 sec

Results :

Tests run: 23, Failures: 0, Errors: 0, Skipped: 0

[INFO] 
[INFO] -----------------< com.squareup.moshi:moshi-examples >------------------
[INFO] Building moshi-examples 1.10.0-SNAPSHOT                            [4/7]
[INFO] --------------------------------[ jar ]---------------------------------
[INFO] 
[INFO] --- maven-enforcer-plugin:1.0:enforce (enforce-maven) @ moshi-examples ---
[INFO] 
[INFO] --- maven-resources-plugin:2.6:resources (default-resources) @ moshi-examples ---
[INFO] Using 'UTF-8' encoding to copy filtered resources.
[INFO] skip non existing resourceDirectory /home/travis/build/failed/square/moshi/examples/src/main/resources
[INFO] 
[INFO] --- maven-compiler-plugin:3.8.1:compile (default-compile) @ moshi-examples ---
[INFO] Nothing to compile - all classes are up to date
[INFO] 
[INFO] --- maven-resources-plugin:2.6:testResources (default-testResources) @ moshi-examples ---
[INFO] Using 'UTF-8' encoding to copy filtered resources.
[INFO] skip non existing resourceDirectory /home/travis/build/failed/square/moshi/examples/src/test/resources
[INFO] 
[INFO] --- maven-compiler-plugin:3.8.1:testCompile (default-testCompile) @ moshi-examples ---
[INFO] No sources to compile
[INFO] 
[INFO] --- maven-surefire-plugin:2.12.4:test (default-test) @ moshi-examples ---
[INFO] No tests to run.
[INFO] 
[INFO] --------------< com.squareup.moshi:moshi-kotlin-codegen >---------------
[INFO] Building moshi-kotlin-codegen 1.10.0-SNAPSHOT                      [5/7]
[INFO] --------------------------------[ jar ]---------------------------------
[INFO] 
[INFO] --- maven-enforcer-plugin:1.0:enforce (enforce-maven) @ moshi-kotlin-codegen ---
[INFO] 
[INFO] --- kotlin-maven-plugin:1.3.50:kapt (kapt) @ moshi-kotlin-codegen ---
[WARNING] Source root doesn't exist: /home/travis/build/failed/square/moshi/kotlin/codegen/src/main/kotlin
[INFO] 
[INFO] --- maven-resources-plugin:2.6:resources (default-resources) @ moshi-kotlin-codegen ---
[INFO] Using 'UTF-8' encoding to copy filtered resources.
[INFO] skip non existing resourceDirectory /home/travis/build/failed/square/moshi/kotlin/codegen/src/main/resources
[INFO] 
[INFO] --- maven-compiler-plugin:3.8.1:compile (default-compile) @ moshi-kotlin-codegen ---
[INFO] Nothing to compile - all classes are up to date
[INFO] 
[INFO] --- kotlin-maven-plugin:1.3.50:compile (compile) @ moshi-kotlin-codegen ---
[WARNING] Duplicate source root: /home/travis/build/failed/square/moshi/kotlin/codegen/target/generated-sources/kapt/compile
[WARNING] Duplicate source root: /home/travis/build/failed/square/moshi/kotlin/codegen/target/generated-sources/kaptKotlin/compile
[INFO] 
[INFO] --- maven-compiler-plugin:3.8.1:compile (compile) @ moshi-kotlin-codegen ---
[INFO] Changes detected - recompiling the module!
[INFO] 
[INFO] --- maven-resources-plugin:2.6:testResources (default-testResources) @ moshi-kotlin-codegen ---
[INFO] Using 'UTF-8' encoding to copy filtered resources.
[INFO] skip non existing resourceDirectory /home/travis/build/failed/square/moshi/kotlin/codegen/src/test/resources
[INFO] 
[INFO] --- maven-compiler-plugin:3.8.1:testCompile (default-testCompile) @ moshi-kotlin-codegen ---
[INFO] Changes detected - recompiling the module!
[INFO] Compiling 1 source file to /home/travis/build/failed/square/moshi/kotlin/codegen/target/test-classes
[INFO] 
[INFO] --- kotlin-maven-plugin:1.3.50:test-compile (test-compile) @ moshi-kotlin-codegen ---
[WARNING] /home/travis/build/failed/square/moshi/kotlin/codegen/src/test/java/com/squareup/moshi/kotlin/codegen/JsonClassCodegenProcessorTest.kt: (29, 2) This class can only be used with the compiler argument '-Xuse-experimental=kotlin.Experimental'
[INFO] 
[INFO] --- maven-compiler-plugin:3.8.1:testCompile (testCompile) @ moshi-kotlin-codegen ---
[INFO] Changes detected - recompiling the module!
[INFO] Compiling 1 source file to /home/travis/build/failed/square/moshi/kotlin/codegen/target/test-classes
[INFO] 
[INFO] --- maven-surefire-plugin:2.21.0:test (default-test) @ moshi-kotlin-codegen ---
[INFO] 
[INFO] -------------------------------------------------------
[INFO]  T E S T S
[INFO] -------------------------------------------------------
[INFO] Running com.squareup.moshi.kotlin.codegen.JsonClassCodegenProcessorTest
e: /tmp/junit3706147653596481219/kapt/stubs/PrivateProperties.java:6: error: property a is not visible
public final class PrivateProperties {
             ^
e: /tmp/junit4909516416344667799/kapt/stubs/PrivateConstructor.java:6: error: @JsonClass can't be applied to PrivateConstructor: primary constructor is not internal or public
public final class PrivateConstructor {
             ^
e: /tmp/junit1977812812214569934/kapt/stubs/RequiredTransientConstructorParameter.java:6: error: No default value for transient property a
public final class RequiredTransientConstructorParameter {
             ^
e: /tmp/junit8182298515367907666/kapt/stubs/ObjectDeclaration.java:6: error: @JsonClass can't be applied to ObjectDeclaration: must be a Kotlin class
public final class ObjectDeclaration {
             ^
e: /tmp/junit5973467402244493101/kapt/stubs/NonPropertyConstructorParameter.java:6: error: No property for required constructor parameter a
public final class NonPropertyConstructorParameter {
             ^
e: /tmp/junit5973467402244493101/sources/source.kt: (1, 27): Conflicting import, imported name 'JsonClass' is ambiguous
e: /tmp/junit5973467402244493101/sources/source.kt: (3, 27): Conflicting import, imported name 'JsonClass' is ambiguous
e: /tmp/junit2397075965395725397/kapt/stubs/KotlinEnum.java:6: error: @JsonClass with 'generateAdapter = "true"' can't be applied to KotlinEnum: code gen for enums is not supported or necessary
public enum KotlinEnum {
       ^
e: error: JsonQualifier @UpperCase must have RUNTIME retention
e: /tmp/junit8011669594466135158/kapt/stubs/Interface.java:6: error: @JsonClass can't be applied to Interface: must be a Kotlin class
public abstract interface Interface {
                ^
e: /tmp/junit4495842547994076359/kapt/stubs/ExtendsJavaType.java:6: error: @JsonClass can't be applied to ExtendsJavaType: supertype com.squareup.moshi.kotlin.codegen.JavaSuperclass is not a Kotlin type
public final class ExtendsJavaType extends com.squareup.moshi.kotlin.codegen.JavaSuperclass {
             ^
e: [kapt] An exception occurred: java.lang.IllegalArgumentException: Invalid option value for moshi.generated. Found javax.annotation.GeneratedBlerg, allowable values are [javax.annotation.processing.Generated, javax.annotation.Generated].
	at com.squareup.moshi.kotlin.codegen.JsonClassCodegenProcessor.init(JsonClassCodegenProcessor.kt:85)
	at org.jetbrains.kotlin.kapt3.base.incremental.IncrementalProcessor.init(incrementalProcessors.kt:31)
	at org.jetbrains.kotlin.kapt3.base.ProcessorWrapper.init(annotationProcessing.kt:156)
	at com.sun.tools.javac.processing.JavacProcessingEnvironment$ProcessorState.<init>(JavacProcessingEnvironment.java:508)
	at com.sun.tools.javac.processing.JavacProcessingEnvironment$DiscoveredProcessors$ProcessorStateIterator.next(JavacProcessingEnvironment.java:605)
	at com.sun.tools.javac.processing.JavacProcessingEnvironment.discoverAndRunProcs(JavacProcessingEnvironment.java:698)
	at com.sun.tools.javac.processing.JavacProcessingEnvironment.access$1800(JavacProcessingEnvironment.java:91)
	at com.sun.tools.javac.processing.JavacProcessingEnvironment$Round.run(JavacProcessingEnvironment.java:1043)
	at com.sun.tools.javac.processing.JavacProcessingEnvironment.doProcessing(JavacProcessingEnvironment.java:1184)
	at com.sun.tools.javac.main.JavaCompiler.processAnnotations(JavaCompiler.java:1170)
	at com.sun.tools.javac.main.JavaCompiler.processAnnotations(JavaCompiler.java:1068)
	at org.jetbrains.kotlin.kapt3.base.AnnotationProcessingKt.doAnnotationProcessing(annotationProcessing.kt:79)
	at org.jetbrains.kotlin.kapt3.base.AnnotationProcessingKt.doAnnotationProcessing$default(annotationProcessing.kt:35)
	at org.jetbrains.kotlin.kapt3.AbstractKapt3Extension.runAnnotationProcessing(Kapt3Extension.kt:230)
	at org.jetbrains.kotlin.kapt3.AbstractKapt3Extension.analysisCompleted(Kapt3Extension.kt:188)
	at org.jetbrains.kotlin.cli.jvm.compiler.TopDownAnalyzerFacadeForJVM$analyzeFilesWithJavaIntegration$2.invoke(TopDownAnalyzerFacadeForJVM.kt:96)
	at org.jetbrains.kotlin.cli.jvm.compiler.TopDownAnalyzerFacadeForJVM.analyzeFilesWithJavaIntegration(TopDownAnalyzerFacadeForJVM.kt:106)
	at org.jetbrains.kotlin.cli.jvm.compiler.TopDownAnalyzerFacadeForJVM.analyzeFilesWithJavaIntegration$default(TopDownAnalyzerFacadeForJVM.kt:81)
	at org.jetbrains.kotlin.cli.jvm.compiler.KotlinToJVMBytecodeCompiler$analyze$1.invoke(KotlinToJVMBytecodeCompiler.kt:555)
	at org.jetbrains.kotlin.cli.jvm.compiler.KotlinToJVMBytecodeCompiler$analyze$1.invoke(KotlinToJVMBytecodeCompiler.kt:82)
	at org.jetbrains.kotlin.cli.common.messages.AnalyzerWithCompilerReport.analyzeAndReport(AnalyzerWithCompilerReport.kt:107)
	at org.jetbrains.kotlin.cli.jvm.compiler.KotlinToJVMBytecodeCompiler.analyze(KotlinToJVMBytecodeCompiler.kt:546)
	at org.jetbrains.kotlin.cli.jvm.compiler.KotlinToJVMBytecodeCompiler.compileModules$cli(KotlinToJVMBytecodeCompiler.kt:177)
	at org.jetbrains.kotlin.cli.jvm.K2JVMCompiler.doExecute(K2JVMCompiler.kt:164)
	at org.jetbrains.kotlin.cli.jvm.K2JVMCompiler.doExecute(K2JVMCompiler.kt:54)
	at org.jetbrains.kotlin.cli.common.CLICompiler.execImpl(CLICompiler.kt:84)
	at org.jetbrains.kotlin.cli.common.CLICompiler.execImpl(CLICompiler.kt:42)
	at org.jetbrains.kotlin.cli.common.CLITool.exec(CLITool.kt:104)
	at com.tschuchort.compiletesting.KotlinCompilation.stubsAndApt(KotlinCompilation.kt:526)
	at com.tschuchort.compiletesting.KotlinCompilation.compile(KotlinCompilation.kt:749)
	at com.squareup.moshi.kotlin.codegen.JsonClassCodegenProcessorTest.badGeneratedAnnotation(JsonClassCodegenProcessorTest.kt:256)
	at sun.reflect.NativeMethodAccessorImpl.invoke0(Native Method)
	at sun.reflect.NativeMethodAccessorImpl.invoke(NativeMethodAccessorImpl.java:62)
	at sun.reflect.DelegatingMethodAccessorImpl.invoke(DelegatingMethodAccessorImpl.java:43)
	at java.lang.reflect.Method.invoke(Method.java:498)
	at org.junit.runners.model.FrameworkMethod$1.runReflectiveCall(FrameworkMethod.java:50)
	at org.junit.internal.runners.model.ReflectiveCallable.run(ReflectiveCallable.java:12)
	at org.junit.runners.model.FrameworkMethod.invokeExplosively(FrameworkMethod.java:47)
	at org.junit.internal.runners.statements.InvokeMethod.evaluate(InvokeMethod.java:17)
	at org.junit.rules.ExternalResource$1.evaluate(ExternalResource.java:48)
	at org.junit.rules.RunRules.evaluate(RunRules.java:20)
	at org.junit.runners.ParentRunner.runLeaf(ParentRunner.java:325)
	at org.junit.runners.BlockJUnit4ClassRunner.runChild(BlockJUnit4ClassRunner.java:78)
	at org.junit.runners.BlockJUnit4ClassRunner.runChild(BlockJUnit4ClassRunner.java:57)
	at org.junit.runners.ParentRunner$3.run(ParentRunner.java:290)
	at org.junit.runners.ParentRunner$1.schedule(ParentRunner.java:71)
	at org.junit.runners.ParentRunner.runChildren(ParentRunner.java:288)
	at org.junit.runners.ParentRunner.access$000(ParentRunner.java:58)
	at org.junit.runners.ParentRunner$2.evaluate(ParentRunner.java:268)
	at org.junit.runners.ParentRunner.run(ParentRunner.java:363)
	at org.apache.maven.surefire.junit4.JUnit4Provider.execute(JUnit4Provider.java:365)
	at org.apache.maven.surefire.junit4.JUnit4Provider.executeWithRerun(JUnit4Provider.java:273)
	at org.apache.maven.surefire.junit4.JUnit4Provider.executeTestSet(JUnit4Provider.java:238)
	at org.apache.maven.surefire.junit4.JUnit4Provider.invoke(JUnit4Provider.java:159)
	at org.apache.maven.surefire.booter.ForkedBooter.invokeProviderInSameClassLoader(ForkedBooter.java:379)
	at org.apache.maven.surefire.booter.ForkedBooter.runSuitesInProcess(ForkedBooter.java:340)
	at org.apache.maven.surefire.booter.ForkedBooter.execute(ForkedBooter.java:125)
	at org.apache.maven.surefire.booter.ForkedBooter.main(ForkedBooter.java:413)

e: error: JsonQualifier @UpperCase must support FIELD target
e: /tmp/junit6317695317123045505/kapt/stubs/SourceKt.java:10: error: @JsonClass can't be applied to expression$annotations(): must be a Kotlin class
    public static void expression$annotations() {
                       ^
e: /tmp/junit4793843741287408939/kapt/stubs/Class1.java:6: error: property a is not visible
public final class Class1 {
             ^
e: /tmp/junit4793843741287408939/kapt/stubs/Class2.java:6: error: property c is not visible
public final class Class2 {
             ^
e: /tmp/junit8067702994726114907/kapt/stubs/AbstractClass.java:6: error: @JsonClass can't be applied to AbstractClass: must not be abstract
public abstract class AbstractClass {
                ^
e: /tmp/junit297441118912972884/kapt/stubs/PrivateConstructorParameter.java:6: error: property a is not visible
public final class PrivateConstructorParameter {
             ^
e: /tmp/junit5948732657393656508/kapt/stubs/ExtendsPlatformClass.java:6: error: @JsonClass can't be applied to ExtendsPlatformClass: supertype java.util.Date is not a Kotlin type
public final class ExtendsPlatformClass extends java.util.Date {
             ^
e: /tmp/junit220377730238616799/kapt/stubs/SealedClass.java:6: error: @JsonClass can't be applied to SealedClass: must not be sealed
public abstract class SealedClass {
                ^
e: /tmp/junit2741407904668926001/kapt/stubs/Outer.java:13: error: @JsonClass can't be applied to Outer.InnerClass: must not be an inner class
    public final class InnerClass {
                 ^
[ERROR] Tests run: 21, Failures: 1, Errors: 0, Skipped: 1, Time elapsed: 17.288 s <<< FAILURE! - in com.squareup.moshi.kotlin.codegen.JsonClassCodegenProcessorTest
[ERROR] TypeAliases with the same backing type should share the same adapter(com.squareup.moshi.kotlin.codegen.JsonClassCodegenProcessorTest)  Time elapsed: 1.747 s  <<< FAILURE!
org.junit.ComparisonFailure: 
expected:<...er.endObject()
  }
}[]"> but was:<...er.endObject()
  }
}[
]">
	at com.squareup.moshi.kotlin.codegen.JsonClassCodegenProcessorTest.TypeAliases with the same backing type should share the same adapter(JsonClassCodegenProcessorTest.kt:372)

[INFO] 
[INFO] Results:
[INFO] 
[ERROR] Failures: 
[ERROR]   JsonClassCodegenProcessorTest.TypeAliases with the same backing type should share the same adapter:372 expected:<...er.endObject()
  }
}[]"> but was:<...er.endObject()
  }
}[
]">
[INFO] 
[ERROR] Tests run: 21, Failures: 1, Errors: 0, Skipped: 1
[INFO] 
[INFO] ------------------------------------------------------------------------
[INFO] Reactor Summary for Moshi (Parent) 1.10.0-SNAPSHOT:
[INFO] 
[INFO] Moshi (Parent) ..................................... SUCCESS [  0.299 s]
[INFO] Moshi .............................................. SUCCESS [  2.069 s]
[INFO] moshi-adapters ..................................... SUCCESS [  0.547 s]
[INFO] moshi-examples ..................................... SUCCESS [  0.026 s]
[INFO] moshi-kotlin-codegen ............................... FAILURE [ 35.562 s]
[INFO] moshi-kotlin ....................................... SKIPPED
[INFO] moshi-kotlin-tests ................................. SKIPPED
[INFO] ------------------------------------------------------------------------
[INFO] BUILD FAILURE
[INFO] ------------------------------------------------------------------------
[INFO] Total time:  38.721 s
[INFO] Finished at: 2022-01-29T15:22:01Z
[INFO] ------------------------------------------------------------------------
[ERROR] Failed to execute goal org.apache.maven.plugins:maven-surefire-plugin:2.21.0:test (default-test) on project moshi-kotlin-codegen: There are test failures.
[ERROR] 
[ERROR] Please refer to /home/travis/build/failed/square/moshi/kotlin/codegen/target/surefire-reports for the individual test results.
[ERROR] Please refer to dump files (if any exist) [date]-jvmRun[N].dump, [date].dumpstream and [date]-jvmRun[N].dumpstream.
[ERROR] -> [Help 1]
[ERROR] 
[ERROR] To see the full stack trace of the errors, re-run Maven with the -e switch.
[ERROR] Re-run Maven using the -X switch to enable full debug logging.
[ERROR] 
[ERROR] For more information about the errors and possible solutions, please read the following articles:
[ERROR] [Help 1] http://cwiki.apache.org/confluence/display/MAVEN/MojoFailureException
[ERROR] 
[ERROR] After correcting the problems, you can resume the build with the command
[ERROR]   mvn <goals> -rf :moshi-kotlin-codegen
travis_time:end:1204fdb8:start=1643469681812801968,finish=1643469722095237671,duration=40282435703,event=[0K[31;1mThe command "mvn test -B" exited with 1.[0m
travis_fold:start:cache.2[0Kstore build cache
travis_time:start:0b0d9168[0Ktravis_time:end:0b0d9168:start=1643469722104341429,finish=1643469722109913691,duration=5572262,event=cache[0Ktravis_time:start:2893bba4[0K[32;1mchanges detected, packing new archive[0m
[32;1muploading /[0m
[31;1mfailed to upload cache[0m
travis_time:end:2893bba4:start=1643469722117229360,finish=1643469733707696490,duration=11590467130,event=cache[0Ktravis_fold:end:cache.2[0K

Done. Your build exited with 1.
