travis_time:start:151bc0ff[0Ktravis_time:end:151bc0ff:start=1643514718503990188,finish=1643514718815032117,duration=311041929,event=no_world_writable_dirs[0Ktravis_time:start:0547f356[0Ktravis_time:end:0547f356:start=1643514718822156711,finish=1643514718827133843,duration=4977132,event=check_unsupported[0Ktravis_time:start:1ef5d4f8[0Ktravis_fold:start:system_info[0K[33;1mBuild system information[0m
Build language: java
Build group: stable
Build dist: xenial
Build id: ''
Job id: ''
Runtime kernel version: 4.15.0-109-generic
[34m[1mBuild image provisioning date and time[0m
Fri Aug  2 14:20:18 UTC 2019
[34m[1mOperating System Details[0m
Distributor ID:	Ubuntu
Description:	Ubuntu 16.04.6 LTS
Release:	16.04
Codename:	xenial
[34m[1mSystemd Version[0m
systemd 229
[34m[1mCookbooks Version[0m
790f512 https://github.com/travis-ci/travis-cookbooks/tree/790f512
[34m[1mgit version[0m
git version 2.22.0
[34m[1mbash version[0m
GNU bash, version 4.3.48(1)-release (x86_64-pc-linux-gnu)
[34m[1mgcc version[0m
gcc (Ubuntu 5.4.0-6ubuntu1~16.04.11) 5.4.0 20160609
[34m[1mdocker version[0m
Client:
 Version:           18.06.1-ce
 API version:       1.38
 Go version:        go1.10.3
 Git commit:        e68fc7a
 Built:             Tue Aug 21 17:20:43 2018
 OS/Arch:           linux/amd64
 Experimental:      false
[34m[1mclang version[0m
clang version 7.0.0 (tags/RELEASE_700/final)
[34m[1mjq version[0m
jq-1.5
[34m[1mbats version[0m
Bats 0.4.0
[34m[1mshellcheck version[0m
0.6.0
[34m[1mshfmt version[0m
v2.6.3
[34m[1mccache version[0m
3.2.4
[34m[1mcmake version[0m
cmake version 3.12.4
[34m[1mheroku version[0m
heroku/7.27.1 linux-x64 node-v11.14.0
[34m[1mimagemagick version[0m
Version: ImageMagick 6.8.9-9 Q16 x86_64 2019-06-15 http://www.imagemagick.org
[34m[1mmd5deep version[0m
4.4
[34m[1mmercurial version[0m
version 4.8
[34m[1mmysql version[0m
mysql  Ver 14.14 Distrib 5.7.27, for Linux (x86_64) using  EditLine wrapper
[34m[1mopenssl version[0m
OpenSSL 1.0.2g  1 Mar 2016
[34m[1mpacker version[0m
1.3.3
[34m[1mpostgresql client version[0m
psql (PostgreSQL) 10.9 (Ubuntu 10.9-1.pgdg16.04+1)
[34m[1mragel version[0m
Ragel State Machine Compiler version 6.8 Feb 2013
[34m[1msudo version[0m
1.8.16
[34m[1mgzip version[0m
gzip 1.6
[34m[1mzip version[0m
Zip 3.0
[34m[1mvim version[0m
VIM - Vi IMproved 7.4 (2013 Aug 10, compiled Jun 07 2019 15:35:43)
[34m[1miptables version[0m
iptables v1.6.0
[34m[1mcurl version[0m
curl 7.47.0 (x86_64-pc-linux-gnu) libcurl/7.47.0 GnuTLS/3.4.10 zlib/1.2.8 libidn/1.32 librtmp/2.3
[34m[1mwget version[0m
GNU Wget 1.17.1 built on linux-gnu.
[34m[1mrsync version[0m
rsync  version 3.1.1  protocol version 31
[34m[1mgimme version[0m
v1.5.3
[34m[1mnvm version[0m
0.34.0
[34m[1mperlbrew version[0m
/home/travis/perl5/perlbrew/bin/perlbrew  - App::perlbrew/0.86
[34m[1mphpenv version[0m
rbenv 1.1.2-2-g4e92322
[34m[1mrvm version[0m
rvm 1.29.9 (latest) by Michal Papis, Piotr Kuczynski, Wayne E. Seguin [https://rvm.io]
[34m[1mdefault ruby version[0m
ruby 2.5.3p105 (2018-10-18 revision 65156) [x86_64-linux]
[34m[1mCouchDB version[0m
couchdb 1.6.1
[34m[1mElasticSearch version[0m
5.5.0
[34m[1mInstalled Firefox version[0m
firefox 63.0.1
[34m[1mMongoDB version[0m
MongoDB 4.0.11
[34m[1mPhantomJS version[0m
2.1.1
[34m[1mPre-installed PostgreSQL versions[0m
9.4.23
9.5.18
9.6.14
[34m[1mRedis version[0m
redis-server 5.0.5
[34m[1mPre-installed Go versions[0m
1.11.1
[34m[1mant version[0m
Apache Ant(TM) version 1.9.6 compiled on July 20 2018
[34m[1mmvn version[0m
Apache Maven 3.6.0 (97c98ec64a1fdfee7767ce5ffb20918da4f719f3; 2018-10-24T18:41:47Z)
[34m[1mgradle version[0m
Gradle 5.1.1!
[34m[1mlein version[0m
Leiningen 2.9.1 on Java 11.0.2 OpenJDK 64-Bit Server VM
[34m[1mPre-installed Node.js versions[0m
v10.16.1
v11.0.0
v4.9.1
v6.17.1
v8.12.0
v8.16.0
v8.9
[34m[1mphpenv versions[0m
  system
  5.6
  5.6.40
  7.1
  7.1.27
  7.2
* 7.2.15 (set by /home/travis/.phpenv/version)
  hhvm
  hhvm-stable
[34m[1mcomposer --version[0m
Composer version 1.8.4 2019-02-11 10:52:10
[34m[1mPre-installed Ruby versions[0m
ruby-2.3.8
ruby-2.4.5
ruby-2.5.3
travis_fold:end:system_info[0K
travis_time:end:1ef5d4f8:start=1643514718832197245,finish=1643514718839784724,duration=7587479,event=show_system_info[0Ktravis_time:start:0718b162[0Ktravis_time:end:0718b162:start=1643514718843604208,finish=1643514718861667517,duration=18063309,event=rm_riak_source[0Ktravis_time:start:037f6a0a[0Ktravis_time:end:037f6a0a:start=1643514718868554882,finish=1643514718880396684,duration=11841802,event=fix_rwky_redis[0Ktravis_time:start:150561af[0K[31;1mTimeout waiting for network availability.[0m
travis_time:end:150561af:start=1643514718886298387,finish=1643514739641070137,duration=20754771750,event=wait_for_network[0Ktravis_time:start:14377b41[0Ktravis_time:end:14377b41:start=1643514739647566736,finish=1643514740171283174,duration=523716438,event=update_apt_keys[0Ktravis_time:start:14879f2e[0Ktravis_time:end:14879f2e:start=1643514740177619401,finish=1643514740390159653,duration=212540252,event=fix_hhvm_source[0Ktravis_time:start:05b611a8[0Ktravis_time:end:05b611a8:start=1643514740396280237,finish=1643514740402184952,duration=5904715,event=update_mongo_arch[0Ktravis_time:start:2d028835[0Ktravis_time:end:2d028835:start=1643514740408524492,finish=1643514740474796038,duration=66271546,event=fix_sudo_enabled_trusty[0Ktravis_time:start:067312b6[0Ktravis_time:end:067312b6:start=1643514740482556567,finish=1643514740499632302,duration=17075735,event=clean_up_path[0Ktravis_time:start:06aa62ca[0Ktravis_time:end:06aa62ca:start=1643514740505667602,finish=1643514740523343665,duration=17676063,event=fix_resolv_conf[0Ktravis_time:start:0f49c389[0Ktravis_time:end:0f49c389:start=1643514740530795454,finish=1643514740552484886,duration=21689432,event=fix_etc_hosts[0Ktravis_time:start:21062318[0Ktravis_time:end:21062318:start=1643514740559806209,finish=1643514740578432708,duration=18626499,event=fix_mvn_settings_xml[0Ktravis_time:start:2f4ba27c[0Ktravis_time:end:2f4ba27c:start=1643514740586539494,finish=1643514740891787471,duration=305247977,event=no_ipv6_localhost[0Ktravis_time:start:0282aab8[0Ktravis_time:end:0282aab8:start=1643514740899336578,finish=1643514740904405138,duration=5068560,event=fix_etc_mavenrc[0Ktravis_time:start:05aad5e0[0Ktravis_time:end:05aad5e0:start=1643514740911011235,finish=1643514740918796030,duration=7784795,event=fix_wwdr_certificate[0Ktravis_time:start:065796c8[0Ktravis_time:end:065796c8:start=1643514740926102683,finish=1643514741054738555,duration=128635872,event=put_localhost_first[0Ktravis_time:start:21d0c0bc[0Ktravis_time:end:21d0c0bc:start=1643514741062229157,finish=1643514741067790862,duration=5561705,event=home_paths[0Ktravis_time:start:0139e8b8[0Ktravis_time:end:0139e8b8:start=1643514741074624324,finish=1643514741586586539,duration=511962215,event=disable_initramfs[0Ktravis_time:start:07ee6fba[0Ktravis_time:end:07ee6fba:start=1643514741594037255,finish=1643514742038402174,duration=444364919,event=disable_ssh_roaming[0Ktravis_time:start:060c56f2[0Ktravis_time:end:060c56f2:start=1643514742046269634,finish=1643514742051463071,duration=5193437,event=debug_tools[0Ktravis_time:start:0ddc9dbc[0Ktravis_time:end:0ddc9dbc:start=1643514742058220289,finish=1643514742065057202,duration=6836913,event=uninstall_oclint[0Ktravis_time:start:065772ba[0Ktravis_time:end:065772ba:start=1643514742072903233,finish=1643514742080286664,duration=7383431,event=rvm_use[0Ktravis_time:start:2580dcc1[0Ktravis_time:end:2580dcc1:start=1643514742088518449,finish=1643514742106221772,duration=17703323,event=rm_etc_boto_cfg[0Ktravis_time:start:074b6d9c[0Ktravis_time:end:074b6d9c:start=1643514742113240372,finish=1643514742118892328,duration=5651956,event=rm_oraclejdk8_symlink[0Ktravis_time:start:2b845f2d[0Ktravis_time:end:2b845f2d:start=1643514742126068194,finish=1643514742938270371,duration=812202177,event=enable_i386[0Ktravis_time:start:21344a52[0Ktravis_time:end:21344a52:start=1643514742945498728,finish=1643514743152704217,duration=207205489,event=update_rubygems[0Ktravis_time:start:2e7ff7f4[0Ktravis_time:end:2e7ff7f4:start=1643514743161173761,finish=1643514744666197652,duration=1505023891,event=ensure_path_components[0Ktravis_time:start:0586afab[0Ktravis_time:end:0586afab:start=1643514744673030533,finish=1643514744677909891,duration=4879358,event=redefine_curl[0Ktravis_time:start:0d0bd978[0Ktravis_time:end:0d0bd978:start=1643514744683213263,finish=1643514744687504647,duration=4291384,event=nonblock_pipe[0Ktravis_time:start:024509f4[0Ktravis_time:end:024509f4:start=1643514744692920765,finish=1643514758831972445,duration=14139051680,event=apt_get_update[0Ktravis_time:start:02f28e82[0Ktravis_time:end:02f28e82:start=1643514758840328823,finish=1643514758845874581,duration=5545758,event=deprecate_xcode_64[0Ktravis_time:start:144eb474[0Ktravis_time:end:144eb474:start=1643514758853231607,finish=1643514862237886611,duration=103384655004,event=update_heroku[0Ktravis_time:start:16345eed[0Ktravis_time:end:16345eed:start=1643514862243659832,finish=1643514862248010240,duration=4350408,event=shell_session_update[0Ktravis_time:start:13931bdc[0Ktravis_fold:start:docker_mtu[0Ktee: /etc/docker/daemon.json: No such file or directory
docker: unrecognized service
travis_fold:end:docker_mtu[0Ktravis_time:end:13931bdc:start=1643514862254856842,finish=1643514862292191054,duration=37334212,event=set_docker_mtu[0Ktravis_time:start:03a90130[0Ktravis_time:end:03a90130:start=1643514862297023170,finish=1643514862308547377,duration=11524207,event=resolvconf[0K
travis_fold:start:install_jdk[0K[33;1mInstalling openjdk11[0m
travis_fold:end:install_jdk[0Ktravis_time:start:02a4a92f[0Ktravis_time:end:02a4a92f:start=1643514862321512250,finish=1643514862326118393,duration=4606143,event=fix_ps4[0Ktravis_time:start:15420d8c[0K
$ cd failed/Wikidata/Wikidata-Toolkit

travis_time:end:15420d8c:start=1643514862332565681,finish=1643514862337799346,duration=5233665,event=checkout[0Ktravis_time:start:0bd11c16[0Ktravis_time:end:0bd11c16:start=1643514862343333414,finish=1643514863218750145,duration=875416731,event=env[0Ktravis_fold:start:cache.1[0KSetting up build cache
$ export CASHER_DIR=${TRAVIS_HOME}/.casher
travis_time:start:126f893b[0K$ Installing caching utilities
curl: (6) Could not resolve host: https

[31;1mThe command "eval curl -sf  -o $CASHER_DIR/bin/casher https:///files/casher " failed. Retrying, 2 of 3.[0m

curl: (6) Could not resolve host: https

[31;1mThe command "eval curl -sf  -o $CASHER_DIR/bin/casher https:///files/casher " failed. Retrying, 3 of 3.[0m

curl: (6) Could not resolve host: https

[31;1mThe command "eval curl -sf  -o $CASHER_DIR/bin/casher https:///files/casher " failed 3 times.[0m

travis_time:end:126f893b:start=1643514864303631531,finish=1643514876471594415,duration=12167962884,event=setup_casher[0Ktravis_time:start:000319b6[0K$ Installing caching utilities from the Travis CI server (https:///files/casher) failed, failing over to using GitHub (https://raw.githubusercontent.com/travis-ci/casher/bash/bin/casher)
travis_time:end:000319b6:start=1643514876480128498,finish=1643514877350429685,duration=870301187,event=setup_casher[0Ktravis_time:start:0ad3d65d[0Ktravis_time:end:0ad3d65d:start=1643514877359161269,finish=1643514877363892730,duration=4731461,event=setup_casher[0Ktravis_time:start:01df33a1[0Kattempting to download cache archive[0m
[31;1mcould not download cache[0m
travis_time:end:01df33a1:start=1643514877371103256,finish=1643514878739896184,duration=1368792928,event=setup_casher[0Ktravis_time:start:2bcd10f0[0Ktravis_time:end:2bcd10f0:start=1643514878747751455,finish=1643514878753343525,duration=5592070,event=setup_casher[0Ktravis_time:start:1990bfc0[0Kadding /home/travis/.m2 to cache[0m
travis_time:end:1990bfc0:start=1643514878760389649,finish=1643514949036498916,duration=70276109267,event=setup_casher[0Ktravis_fold:end:cache.1[0K
$ java -Xmx32m -version
Picked up _JAVA_OPTIONS: -Xmx2048m -Xms512m
openjdk version "11.0.2" 2019-01-15
OpenJDK Runtime Environment 18.9 (build 11.0.2+9)
OpenJDK 64-Bit Server VM 18.9 (build 11.0.2+9, mixed mode)
$ javac -J-Xmx32m -version
Picked up _JAVA_OPTIONS: -Xmx2048m -Xms512m
javac 11.0.2
travis_fold:start:install[0Ktravis_time:start:0be4a01a[0K$ mvn -o install -DskipTests=true -Dmaven.javadoc.skip=true -B -V
Picked up _JAVA_OPTIONS: -Xmx2048m -Xms512m
Apache Maven 3.6.0 (97c98ec64a1fdfee7767ce5ffb20918da4f719f3; 2018-10-24T18:41:47Z)
Maven home: /usr/local/maven-3.6.0
Java version: 11.0.2, vendor: Oracle Corporation, runtime: /usr/local/lib/jvm/openjdk11
Default locale: en_US, platform encoding: UTF-8
OS name: "linux", version: "4.15.0-109-generic", arch: "amd64", family: "unix"
[INFO] Scanning for projects...
[INFO] ------------------------------------------------------------------------
[INFO] Reactor Build Order:
[INFO] 
[INFO] Wikidata Toolkit                                                   [pom]
[INFO] Wikidata Toolkit Utilities                                         [jar]
[INFO] Wikidata Toolkit Testing Utilities                                 [jar]
[INFO] Wikidata Toolkit Data Model                                        [jar]
[INFO] Wikidata Toolkit Storage                                           [jar]
[INFO] Wikidata Toolkit Dump File Handling                                [jar]
[INFO] Wikidata Toolkit Wikibase API                                      [jar]
[INFO] Wikidata Toolkit RDF                                               [jar]
[INFO] Wikidata Toolkit Examples                                          [jar]
[INFO] Wikidata Toolkit Distribution                                      [jar]
[INFO] 
[INFO] -------------------< org.wikidata.wdtk:wdtk-parent >--------------------
[INFO] Building Wikidata Toolkit 0.11.0-SNAPSHOT                         [1/10]
[INFO] --------------------------------[ pom ]---------------------------------
[INFO] 
[INFO] --- jacoco-maven-plugin:0.8.4:prepare-agent (prepare-agent) @ wdtk-parent ---
[INFO] argLine set to -javaagent:/home/travis/.m2/failed/org/jacoco/org.jacoco.agent/0.8.4/org.jacoco.agent-0.8.4-runtime.jar=destfile=/home/travis/build/failed/Wikidata/Wikidata-Toolkit/target/jacoco.exec
[INFO] 
[INFO] --- license-maven-plugin:1.20:update-file-header (first) @ wdtk-parent ---
[WARNING] No file to scan.
[INFO] 
[INFO] 
[INFO] --- license-maven-plugin:1.20:update-project-license (first) @ wdtk-parent ---
[INFO] 
[INFO] --- maven-install-plugin:2.4:install (default-install) @ wdtk-parent ---
[INFO] Installing /home/travis/build/failed/Wikidata/Wikidata-Toolkit/pom.xml to /home/travis/.m2/failed/org/wikidata/wdtk/wdtk-parent/0.11.0-SNAPSHOT/wdtk-parent-0.11.0-SNAPSHOT.pom
[INFO] 
[INFO] --------------------< org.wikidata.wdtk:wdtk-util >---------------------
[INFO] Building Wikidata Toolkit Utilities 0.11.0-SNAPSHOT               [2/10]
[INFO] --------------------------------[ jar ]---------------------------------
[INFO] 
[INFO] --- jacoco-maven-plugin:0.8.4:prepare-agent (prepare-agent) @ wdtk-util ---
[INFO] argLine set to -javaagent:/home/travis/.m2/failed/org/jacoco/org.jacoco.agent/0.8.4/org.jacoco.agent-0.8.4-runtime.jar=destfile=/home/travis/build/failed/Wikidata/Wikidata-Toolkit/wdtk-util/target/jacoco.exec
[INFO] 
[INFO] --- license-maven-plugin:1.20:update-file-header (first) @ wdtk-util ---
[INFO] Will search files to update from root /home/travis/build/failed/Wikidata/Wikidata-Toolkit/wdtk-util/src/main/java
[INFO] Will search files to update from root /home/travis/build/failed/Wikidata/Wikidata-Toolkit/wdtk-util/src/test/java
[INFO] Scan 14 files header done in 267.016ms.
[INFO] All files are up-to-date.
[INFO] 
[INFO] --- license-maven-plugin:1.20:update-project-license (first) @ wdtk-util ---
[INFO] 
[INFO] --- maven-resources-plugin:2.6:resources (default-resources) @ wdtk-util ---
[INFO] Using 'UTF-8' encoding to copy filtered resources.
[INFO] skip non existing resourceDirectory /home/travis/build/failed/Wikidata/Wikidata-Toolkit/wdtk-util/src/main/resources
[INFO] Copying 1 resource
[INFO] 
[INFO] --- maven-compiler-plugin:3.8.0:compile (default-compile) @ wdtk-util ---
[INFO] Changes detected - recompiling the module!
[INFO] Compiling 9 source files to /home/travis/build/failed/Wikidata/Wikidata-Toolkit/wdtk-util/target/classes
[INFO] 
[INFO] --- maven-resources-plugin:2.6:testResources (default-testResources) @ wdtk-util ---
[INFO] Using 'UTF-8' encoding to copy filtered resources.
[INFO] skip non existing resourceDirectory /home/travis/build/failed/Wikidata/Wikidata-Toolkit/wdtk-util/src/test/resources
[INFO] 
[INFO] --- maven-compiler-plugin:3.8.0:testCompile (default-testCompile) @ wdtk-util ---
[INFO] Nothing to compile - all classes are up to date
[INFO] 
[INFO] --- maven-surefire-plugin:2.12.4:test (default-test) @ wdtk-util ---
[INFO] Tests are skipped.
[INFO] 
[INFO] --- maven-jar-plugin:2.4:jar (default-jar) @ wdtk-util ---
[INFO] Building jar: /home/travis/build/failed/Wikidata/Wikidata-Toolkit/wdtk-util/target/wdtk-util-0.11.0-SNAPSHOT.jar
[INFO] 
[INFO] --- maven-install-plugin:2.4:install (default-install) @ wdtk-util ---
[INFO] Installing /home/travis/build/failed/Wikidata/Wikidata-Toolkit/wdtk-util/target/wdtk-util-0.11.0-SNAPSHOT.jar to /home/travis/.m2/failed/org/wikidata/wdtk/wdtk-util/0.11.0-SNAPSHOT/wdtk-util-0.11.0-SNAPSHOT.jar
[INFO] Installing /home/travis/build/failed/Wikidata/Wikidata-Toolkit/wdtk-util/pom.xml to /home/travis/.m2/failed/org/wikidata/wdtk/wdtk-util/0.11.0-SNAPSHOT/wdtk-util-0.11.0-SNAPSHOT.pom
[INFO] 
[INFO] -------------------< org.wikidata.wdtk:wdtk-testing >-------------------
[INFO] Building Wikidata Toolkit Testing Utilities 0.11.0-SNAPSHOT       [3/10]
[INFO] --------------------------------[ jar ]---------------------------------
[INFO] 
[INFO] --- jacoco-maven-plugin:0.8.4:prepare-agent (prepare-agent) @ wdtk-testing ---
[INFO] argLine set to -javaagent:/home/travis/.m2/failed/org/jacoco/org.jacoco.agent/0.8.4/org.jacoco.agent-0.8.4-runtime.jar=destfile=/home/travis/build/failed/Wikidata/Wikidata-Toolkit/wdtk-testing/target/jacoco.exec
[INFO] 
[INFO] --- license-maven-plugin:1.20:update-file-header (first) @ wdtk-testing ---
[INFO] Will search files to update from root /home/travis/build/failed/Wikidata/Wikidata-Toolkit/wdtk-testing/src/main/java
[INFO] Will search files to update from root /home/travis/build/failed/Wikidata/Wikidata-Toolkit/wdtk-testing/src/test/java
[INFO] Scan 7 files header done in 79.557ms.
[INFO] All files are up-to-date.
[INFO] 
[INFO] --- license-maven-plugin:1.20:update-project-license (first) @ wdtk-testing ---
[INFO] 
[INFO] --- maven-resources-plugin:2.6:resources (default-resources) @ wdtk-testing ---
[INFO] Using 'UTF-8' encoding to copy filtered resources.
[INFO] skip non existing resourceDirectory /home/travis/build/failed/Wikidata/Wikidata-Toolkit/wdtk-testing/src/main/resources
[INFO] Copying 1 resource
[INFO] 
[INFO] --- maven-compiler-plugin:3.8.0:compile (default-compile) @ wdtk-testing ---
[INFO] Changes detected - recompiling the module!
[INFO] Compiling 5 source files to /home/travis/build/failed/Wikidata/Wikidata-Toolkit/wdtk-testing/target/classes
[INFO] 
[INFO] --- maven-resources-plugin:2.6:testResources (default-testResources) @ wdtk-testing ---
[INFO] Using 'UTF-8' encoding to copy filtered resources.
[INFO] Copying 1 resource
[INFO] 
[INFO] --- maven-compiler-plugin:3.8.0:testCompile (default-testCompile) @ wdtk-testing ---
[INFO] Nothing to compile - all classes are up to date
[INFO] 
[INFO] --- maven-surefire-plugin:2.12.4:test (default-test) @ wdtk-testing ---
[INFO] Tests are skipped.
[INFO] 
[INFO] --- maven-jar-plugin:2.4:jar (default-jar) @ wdtk-testing ---
[INFO] Building jar: /home/travis/build/failed/Wikidata/Wikidata-Toolkit/wdtk-testing/target/wdtk-testing-0.11.0-SNAPSHOT.jar
[INFO] 
[INFO] --- maven-install-plugin:2.4:install (default-install) @ wdtk-testing ---
[INFO] Installing /home/travis/build/failed/Wikidata/Wikidata-Toolkit/wdtk-testing/target/wdtk-testing-0.11.0-SNAPSHOT.jar to /home/travis/.m2/failed/org/wikidata/wdtk/wdtk-testing/0.11.0-SNAPSHOT/wdtk-testing-0.11.0-SNAPSHOT.jar
[INFO] Installing /home/travis/build/failed/Wikidata/Wikidata-Toolkit/wdtk-testing/pom.xml to /home/travis/.m2/failed/org/wikidata/wdtk/wdtk-testing/0.11.0-SNAPSHOT/wdtk-testing-0.11.0-SNAPSHOT.pom
[INFO] 
[INFO] ------------------< org.wikidata.wdtk:wdtk-datamodel >------------------
[INFO] Building Wikidata Toolkit Data Model 0.11.0-SNAPSHOT              [4/10]
[INFO] --------------------------------[ jar ]---------------------------------
[INFO] 
[INFO] --- jacoco-maven-plugin:0.8.4:prepare-agent (prepare-agent) @ wdtk-datamodel ---
[INFO] argLine set to -javaagent:/home/travis/.m2/failed/org/jacoco/org.jacoco.agent/0.8.4/org.jacoco.agent-0.8.4-runtime.jar=destfile=/home/travis/build/failed/Wikidata/Wikidata-Toolkit/wdtk-datamodel/target/jacoco.exec
[INFO] 
[INFO] --- license-maven-plugin:1.20:update-file-header (first) @ wdtk-datamodel ---
[INFO] Will search files to update from root /home/travis/build/failed/Wikidata/Wikidata-Toolkit/wdtk-datamodel/src/main/java
[INFO] Will search files to update from root /home/travis/build/failed/Wikidata/Wikidata-Toolkit/wdtk-datamodel/src/test/java
[INFO] Scan 157 files header done in 542.367ms.
[INFO] All files are up-to-date.
[INFO] 
[INFO] --- license-maven-plugin:1.20:update-project-license (first) @ wdtk-datamodel ---
[INFO] 
[INFO] --- maven-resources-plugin:2.6:resources (default-resources) @ wdtk-datamodel ---
[INFO] Using 'UTF-8' encoding to copy filtered resources.
[INFO] skip non existing resourceDirectory /home/travis/build/failed/Wikidata/Wikidata-Toolkit/wdtk-datamodel/src/main/resources
[INFO] Copying 1 resource
[INFO] 
[INFO] --- maven-compiler-plugin:3.8.0:compile (default-compile) @ wdtk-datamodel ---
[INFO] Changes detected - recompiling the module!
[INFO] Compiling 109 source files to /home/travis/build/failed/Wikidata/Wikidata-Toolkit/wdtk-datamodel/target/classes
[INFO] /home/travis/build/failed/Wikidata/Wikidata-Toolkit/wdtk-datamodel/src/main/java/org/wikidata/wdtk/datamodel/interfaces/ValueSnak.java: Some input files use or override a deprecated API.
[INFO] /home/travis/build/failed/Wikidata/Wikidata-Toolkit/wdtk-datamodel/src/main/java/org/wikidata/wdtk/datamodel/interfaces/ValueSnak.java: Recompile with -Xlint:deprecation for details.
[INFO] 
[INFO] --- maven-resources-plugin:2.6:testResources (default-testResources) @ wdtk-datamodel ---
[INFO] Using 'UTF-8' encoding to copy filtered resources.
[INFO] skip non existing resourceDirectory /home/travis/build/failed/Wikidata/Wikidata-Toolkit/wdtk-datamodel/src/test/resources
[INFO] 
[INFO] --- maven-compiler-plugin:3.8.0:testCompile (default-testCompile) @ wdtk-datamodel ---
[INFO] Nothing to compile - all classes are up to date
[INFO] 
[INFO] --- maven-surefire-plugin:2.12.4:test (default-test) @ wdtk-datamodel ---
[INFO] Tests are skipped.
[INFO] 
[INFO] --- maven-jar-plugin:2.4:jar (default-jar) @ wdtk-datamodel ---
[INFO] Building jar: /home/travis/build/failed/Wikidata/Wikidata-Toolkit/wdtk-datamodel/target/wdtk-datamodel-0.11.0-SNAPSHOT.jar
[INFO] 
[INFO] --- maven-install-plugin:2.4:install (default-install) @ wdtk-datamodel ---
[INFO] Installing /home/travis/build/failed/Wikidata/Wikidata-Toolkit/wdtk-datamodel/target/wdtk-datamodel-0.11.0-SNAPSHOT.jar to /home/travis/.m2/failed/org/wikidata/wdtk/wdtk-datamodel/0.11.0-SNAPSHOT/wdtk-datamodel-0.11.0-SNAPSHOT.jar
[INFO] Installing /home/travis/build/failed/Wikidata/Wikidata-Toolkit/wdtk-datamodel/pom.xml to /home/travis/.m2/failed/org/wikidata/wdtk/wdtk-datamodel/0.11.0-SNAPSHOT/wdtk-datamodel-0.11.0-SNAPSHOT.pom
[INFO] 
[INFO] -------------------< org.wikidata.wdtk:wdtk-storage >-------------------
[INFO] Building Wikidata Toolkit Storage 0.11.0-SNAPSHOT                 [5/10]
[INFO] --------------------------------[ jar ]---------------------------------
[INFO] 
[INFO] --- jacoco-maven-plugin:0.8.4:prepare-agent (prepare-agent) @ wdtk-storage ---
[INFO] argLine set to -javaagent:/home/travis/.m2/failed/org/jacoco/org.jacoco.agent/0.8.4/org.jacoco.agent-0.8.4-runtime.jar=destfile=/home/travis/build/failed/Wikidata/Wikidata-Toolkit/wdtk-storage/target/jacoco.exec
[INFO] 
[INFO] --- license-maven-plugin:1.20:update-file-header (first) @ wdtk-storage ---
[INFO] Will search files to update from root /home/travis/build/failed/Wikidata/Wikidata-Toolkit/wdtk-storage/src/main/java
[INFO] Will search files to update from root /home/travis/build/failed/Wikidata/Wikidata-Toolkit/wdtk-storage/src/test/java
[INFO] Scan 12 files header done in 333.675ms.
[INFO] All files are up-to-date.
[INFO] 
[INFO] --- license-maven-plugin:1.20:update-project-license (first) @ wdtk-storage ---
[INFO] 
[INFO] --- maven-resources-plugin:2.6:resources (default-resources) @ wdtk-storage ---
[INFO] Using 'UTF-8' encoding to copy filtered resources.
[INFO] skip non existing resourceDirectory /home/travis/build/failed/Wikidata/Wikidata-Toolkit/wdtk-storage/src/main/resources
[INFO] Copying 1 resource
[INFO] 
[INFO] --- maven-compiler-plugin:3.8.0:compile (default-compile) @ wdtk-storage ---
[INFO] Changes detected - recompiling the module!
[INFO] Compiling 8 source files to /home/travis/build/failed/Wikidata/Wikidata-Toolkit/wdtk-storage/target/classes
[INFO] 
[INFO] --- maven-resources-plugin:2.6:testResources (default-testResources) @ wdtk-storage ---
[INFO] Using 'UTF-8' encoding to copy filtered resources.
[INFO] skip non existing resourceDirectory /home/travis/build/failed/Wikidata/Wikidata-Toolkit/wdtk-storage/src/test/resources
[INFO] 
[INFO] --- maven-compiler-plugin:3.8.0:testCompile (default-testCompile) @ wdtk-storage ---
[INFO] Nothing to compile - all classes are up to date
[INFO] 
[INFO] --- maven-surefire-plugin:2.12.4:test (default-test) @ wdtk-storage ---
[INFO] Tests are skipped.
[INFO] 
[INFO] --- maven-jar-plugin:2.4:jar (default-jar) @ wdtk-storage ---
[INFO] Building jar: /home/travis/build/failed/Wikidata/Wikidata-Toolkit/wdtk-storage/target/wdtk-storage-0.11.0-SNAPSHOT.jar
[INFO] 
[INFO] --- maven-install-plugin:2.4:install (default-install) @ wdtk-storage ---
[INFO] Installing /home/travis/build/failed/Wikidata/Wikidata-Toolkit/wdtk-storage/target/wdtk-storage-0.11.0-SNAPSHOT.jar to /home/travis/.m2/failed/org/wikidata/wdtk/wdtk-storage/0.11.0-SNAPSHOT/wdtk-storage-0.11.0-SNAPSHOT.jar
[INFO] Installing /home/travis/build/failed/Wikidata/Wikidata-Toolkit/wdtk-storage/pom.xml to /home/travis/.m2/failed/org/wikidata/wdtk/wdtk-storage/0.11.0-SNAPSHOT/wdtk-storage-0.11.0-SNAPSHOT.pom
[INFO] 
[INFO] ------------------< org.wikidata.wdtk:wdtk-dumpfiles >------------------
[INFO] Building Wikidata Toolkit Dump File Handling 0.11.0-SNAPSHOT      [6/10]
[INFO] --------------------------------[ jar ]---------------------------------
[INFO] 
[INFO] --- jacoco-maven-plugin:0.8.4:prepare-agent (prepare-agent) @ wdtk-dumpfiles ---
[INFO] argLine set to -javaagent:/home/travis/.m2/failed/org/jacoco/org.jacoco.agent/0.8.4/org.jacoco.agent-0.8.4-runtime.jar=destfile=/home/travis/build/failed/Wikidata/Wikidata-Toolkit/wdtk-dumpfiles/target/jacoco.exec
[INFO] 
[INFO] --- license-maven-plugin:1.20:update-file-header (first) @ wdtk-dumpfiles ---
[INFO] Will search files to update from root /home/travis/build/failed/Wikidata/Wikidata-Toolkit/wdtk-dumpfiles/src/main/java
[INFO] Will search files to update from root /home/travis/build/failed/Wikidata/Wikidata-Toolkit/wdtk-dumpfiles/src/test/java
[INFO] Scan 33 files header done in 672.292ms.
[INFO] All files are up-to-date.
[INFO] 
[INFO] --- license-maven-plugin:1.20:update-project-license (first) @ wdtk-dumpfiles ---
[INFO] 
[INFO] --- maven-resources-plugin:2.6:resources (default-resources) @ wdtk-dumpfiles ---
[INFO] Using 'UTF-8' encoding to copy filtered resources.
[INFO] skip non existing resourceDirectory /home/travis/build/failed/Wikidata/Wikidata-Toolkit/wdtk-dumpfiles/src/main/resources
[INFO] Copying 1 resource
[INFO] 
[INFO] --- maven-compiler-plugin:3.8.0:compile (default-compile) @ wdtk-dumpfiles ---
[INFO] Changes detected - recompiling the module!
[INFO] Compiling 24 source files to /home/travis/build/failed/Wikidata/Wikidata-Toolkit/wdtk-dumpfiles/target/classes
[INFO] 
[INFO] --- maven-resources-plugin:2.6:testResources (default-testResources) @ wdtk-dumpfiles ---
[INFO] Using 'UTF-8' encoding to copy filtered resources.
[INFO] Copying 17 resources
[INFO] 
[INFO] --- maven-compiler-plugin:3.8.0:testCompile (default-testCompile) @ wdtk-dumpfiles ---
[INFO] Nothing to compile - all classes are up to date
[INFO] 
[INFO] --- maven-surefire-plugin:2.12.4:test (default-test) @ wdtk-dumpfiles ---
[INFO] Tests are skipped.
[INFO] 
[INFO] --- maven-jar-plugin:2.4:jar (default-jar) @ wdtk-dumpfiles ---
[INFO] Building jar: /home/travis/build/failed/Wikidata/Wikidata-Toolkit/wdtk-dumpfiles/target/wdtk-dumpfiles-0.11.0-SNAPSHOT.jar
[INFO] 
[INFO] --- maven-install-plugin:2.4:install (default-install) @ wdtk-dumpfiles ---
[INFO] Installing /home/travis/build/failed/Wikidata/Wikidata-Toolkit/wdtk-dumpfiles/target/wdtk-dumpfiles-0.11.0-SNAPSHOT.jar to /home/travis/.m2/failed/org/wikidata/wdtk/wdtk-dumpfiles/0.11.0-SNAPSHOT/wdtk-dumpfiles-0.11.0-SNAPSHOT.jar
[INFO] Installing /home/travis/build/failed/Wikidata/Wikidata-Toolkit/wdtk-dumpfiles/pom.xml to /home/travis/.m2/failed/org/wikidata/wdtk/wdtk-dumpfiles/0.11.0-SNAPSHOT/wdtk-dumpfiles-0.11.0-SNAPSHOT.pom
[INFO] 
[INFO] -----------------< org.wikidata.wdtk:wdtk-wikibaseapi >-----------------
[INFO] Building Wikidata Toolkit Wikibase API 0.11.0-SNAPSHOT            [7/10]
[INFO] --------------------------------[ jar ]---------------------------------
[INFO] 
[INFO] --- jacoco-maven-plugin:0.8.4:prepare-agent (prepare-agent) @ wdtk-wikibaseapi ---
[INFO] argLine set to -javaagent:/home/travis/.m2/failed/org/jacoco/org.jacoco.agent/0.8.4/org.jacoco.agent-0.8.4-runtime.jar=destfile=/home/travis/build/failed/Wikidata/Wikidata-Toolkit/wdtk-wikibaseapi/target/jacoco.exec
[INFO] 
[INFO] --- license-maven-plugin:1.20:update-file-header (first) @ wdtk-wikibaseapi ---
[INFO] Will search files to update from root /home/travis/build/failed/Wikidata/Wikidata-Toolkit/wdtk-wikibaseapi/src/main/java
[INFO] Will search files to update from root /home/travis/build/failed/Wikidata/Wikidata-Toolkit/wdtk-wikibaseapi/src/test/java
[INFO] Scan 37 files header done in 538.232ms.
[INFO] All files are up-to-date.
[INFO] 
[INFO] --- license-maven-plugin:1.20:update-project-license (first) @ wdtk-wikibaseapi ---
[INFO] 
[INFO] --- maven-resources-plugin:2.6:resources (default-resources) @ wdtk-wikibaseapi ---
[INFO] Using 'UTF-8' encoding to copy filtered resources.
[INFO] skip non existing resourceDirectory /home/travis/build/failed/Wikidata/Wikidata-Toolkit/wdtk-wikibaseapi/src/main/resources
[INFO] Copying 1 resource
[INFO] 
[INFO] --- maven-compiler-plugin:3.8.0:compile (default-compile) @ wdtk-wikibaseapi ---
[INFO] Changes detected - recompiling the module!
[INFO] Compiling 26 source files to /home/travis/build/failed/Wikidata/Wikidata-Toolkit/wdtk-wikibaseapi/target/classes
[INFO] /home/travis/build/failed/Wikidata/Wikidata-Toolkit/wdtk-wikibaseapi/src/main/java/org/wikidata/wdtk/wikibaseapi/WikibaseDataFetcher.java: Some input files use or override a deprecated API.
[INFO] /home/travis/build/failed/Wikidata/Wikidata-Toolkit/wdtk-wikibaseapi/src/main/java/org/wikidata/wdtk/wikibaseapi/WikibaseDataFetcher.java: Recompile with -Xlint:deprecation for details.
[INFO] 
[INFO] --- maven-resources-plugin:2.6:testResources (default-testResources) @ wdtk-wikibaseapi ---
[INFO] Using 'UTF-8' encoding to copy filtered resources.
[INFO] Copying 19 resources
[INFO] 
[INFO] --- maven-compiler-plugin:3.8.0:testCompile (default-testCompile) @ wdtk-wikibaseapi ---
[INFO] Nothing to compile - all classes are up to date
[INFO] 
[INFO] --- maven-surefire-plugin:2.12.4:test (default-test) @ wdtk-wikibaseapi ---
[INFO] Tests are skipped.
[INFO] 
[INFO] --- maven-jar-plugin:2.4:jar (default-jar) @ wdtk-wikibaseapi ---
[INFO] Building jar: /home/travis/build/failed/Wikidata/Wikidata-Toolkit/wdtk-wikibaseapi/target/wdtk-wikibaseapi-0.11.0-SNAPSHOT.jar
[INFO] 
[INFO] --- maven-install-plugin:2.4:install (default-install) @ wdtk-wikibaseapi ---
[INFO] Installing /home/travis/build/failed/Wikidata/Wikidata-Toolkit/wdtk-wikibaseapi/target/wdtk-wikibaseapi-0.11.0-SNAPSHOT.jar to /home/travis/.m2/failed/org/wikidata/wdtk/wdtk-wikibaseapi/0.11.0-SNAPSHOT/wdtk-wikibaseapi-0.11.0-SNAPSHOT.jar
[INFO] Installing /home/travis/build/failed/Wikidata/Wikidata-Toolkit/wdtk-wikibaseapi/pom.xml to /home/travis/.m2/failed/org/wikidata/wdtk/wdtk-wikibaseapi/0.11.0-SNAPSHOT/wdtk-wikibaseapi-0.11.0-SNAPSHOT.pom
[INFO] 
[INFO] ---------------------< org.wikidata.wdtk:wdtk-rdf >---------------------
[INFO] Building Wikidata Toolkit RDF 0.11.0-SNAPSHOT                     [8/10]
[INFO] --------------------------------[ jar ]---------------------------------
[INFO] 
[INFO] --- jacoco-maven-plugin:0.8.4:prepare-agent (prepare-agent) @ wdtk-rdf ---
[INFO] argLine set to -javaagent:/home/travis/.m2/failed/org/jacoco/org.jacoco.agent/0.8.4/org.jacoco.agent-0.8.4-runtime.jar=destfile=/home/travis/build/failed/Wikidata/Wikidata-Toolkit/wdtk-rdf/target/jacoco.exec
[INFO] 
[INFO] --- license-maven-plugin:1.20:update-file-header (first) @ wdtk-rdf ---
[INFO] Will search files to update from root /home/travis/build/failed/Wikidata/Wikidata-Toolkit/wdtk-rdf/src/main/java
[INFO] Will search files to update from root /home/travis/build/failed/Wikidata/Wikidata-Toolkit/wdtk-rdf/src/test/java
[INFO] Scan 30 files header done in 366.619ms.
[INFO] All files are up-to-date.
[INFO] 
[INFO] --- license-maven-plugin:1.20:update-project-license (first) @ wdtk-rdf ---
[INFO] 
[INFO] --- maven-resources-plugin:2.6:resources (default-resources) @ wdtk-rdf ---
[INFO] Using 'UTF-8' encoding to copy filtered resources.
[INFO] skip non existing resourceDirectory /home/travis/build/failed/Wikidata/Wikidata-Toolkit/wdtk-rdf/src/main/resources
[INFO] Copying 1 resource
[INFO] 
[INFO] --- maven-compiler-plugin:3.8.0:compile (default-compile) @ wdtk-rdf ---
[INFO] Changes detected - recompiling the module!
[INFO] Compiling 23 source files to /home/travis/build/failed/Wikidata/Wikidata-Toolkit/wdtk-rdf/target/classes
[INFO] /home/travis/build/failed/Wikidata/Wikidata-Toolkit/wdtk-rdf/src/main/java/org/wikidata/wdtk/rdf/PropertyRegister.java: /home/travis/build/failed/Wikidata/Wikidata-Toolkit/wdtk-rdf/src/main/java/org/wikidata/wdtk/rdf/PropertyRegister.java uses or overrides a deprecated API.
[INFO] /home/travis/build/failed/Wikidata/Wikidata-Toolkit/wdtk-rdf/src/main/java/org/wikidata/wdtk/rdf/PropertyRegister.java: Recompile with -Xlint:deprecation for details.
[INFO] 
[INFO] --- maven-resources-plugin:2.6:testResources (default-testResources) @ wdtk-rdf ---
[INFO] Using 'UTF-8' encoding to copy filtered resources.
[INFO] Copying 17 resources
[INFO] 
[INFO] --- maven-compiler-plugin:3.8.0:testCompile (default-testCompile) @ wdtk-rdf ---
[INFO] Nothing to compile - all classes are up to date
[INFO] 
[INFO] --- maven-surefire-plugin:2.12.4:test (default-test) @ wdtk-rdf ---
[INFO] Tests are skipped.
[INFO] 
[INFO] --- maven-jar-plugin:2.4:jar (default-jar) @ wdtk-rdf ---
[INFO] Building jar: /home/travis/build/failed/Wikidata/Wikidata-Toolkit/wdtk-rdf/target/wdtk-rdf-0.11.0-SNAPSHOT.jar
[INFO] 
[INFO] --- maven-install-plugin:2.4:install (default-install) @ wdtk-rdf ---
[INFO] Installing /home/travis/build/failed/Wikidata/Wikidata-Toolkit/wdtk-rdf/target/wdtk-rdf-0.11.0-SNAPSHOT.jar to /home/travis/.m2/failed/org/wikidata/wdtk/wdtk-rdf/0.11.0-SNAPSHOT/wdtk-rdf-0.11.0-SNAPSHOT.jar
[INFO] Installing /home/travis/build/failed/Wikidata/Wikidata-Toolkit/wdtk-rdf/pom.xml to /home/travis/.m2/failed/org/wikidata/wdtk/wdtk-rdf/0.11.0-SNAPSHOT/wdtk-rdf-0.11.0-SNAPSHOT.pom
[INFO] 
[INFO] ------------------< org.wikidata.wdtk:wdtk-examples >-------------------
[INFO] Building Wikidata Toolkit Examples 0.11.0-SNAPSHOT                [9/10]
[INFO] --------------------------------[ jar ]---------------------------------
[INFO] 
[INFO] --- jacoco-maven-plugin:0.8.4:prepare-agent (prepare-agent) @ wdtk-examples ---
[INFO] argLine set to -javaagent:/home/travis/.m2/failed/org/jacoco/org.jacoco.agent/0.8.4/org.jacoco.agent-0.8.4-runtime.jar=destfile=/home/travis/build/failed/Wikidata/Wikidata-Toolkit/wdtk-examples/target/jacoco.exec
[INFO] 
[INFO] --- license-maven-plugin:1.20:update-file-header (first) @ wdtk-examples ---
[INFO] Will search files to update from root /home/travis/build/failed/Wikidata/Wikidata-Toolkit/wdtk-examples/src/main/java
[INFO] Scan 21 files header done in 145.481ms.
[INFO] All files are up-to-date.
[INFO] 
[INFO] --- license-maven-plugin:1.20:update-project-license (first) @ wdtk-examples ---
[INFO] 
[INFO] --- maven-resources-plugin:2.6:resources (default-resources) @ wdtk-examples ---
[INFO] Using 'UTF-8' encoding to copy filtered resources.
[INFO] skip non existing resourceDirectory /home/travis/build/failed/Wikidata/Wikidata-Toolkit/wdtk-examples/src/main/resources
[INFO] Copying 1 resource
[INFO] 
[INFO] --- maven-compiler-plugin:3.8.0:compile (default-compile) @ wdtk-examples ---
[INFO] Changes detected - recompiling the module!
[INFO] Compiling 21 source files to /home/travis/build/failed/Wikidata/Wikidata-Toolkit/wdtk-examples/target/classes
[INFO] /home/travis/build/failed/Wikidata/Wikidata-Toolkit/wdtk-examples/src/main/java/org/wikidata/wdtk/examples/bots/SetLabelsForNumbersBot.java: Some input files use or override a deprecated API.
[INFO] /home/travis/build/failed/Wikidata/Wikidata-Toolkit/wdtk-examples/src/main/java/org/wikidata/wdtk/examples/bots/SetLabelsForNumbersBot.java: Recompile with -Xlint:deprecation for details.
[INFO] 
[INFO] --- maven-resources-plugin:2.6:testResources (default-testResources) @ wdtk-examples ---
[INFO] Using 'UTF-8' encoding to copy filtered resources.
[INFO] skip non existing resourceDirectory /home/travis/build/failed/Wikidata/Wikidata-Toolkit/wdtk-examples/src/test/resources
[INFO] 
[INFO] --- maven-compiler-plugin:3.8.0:testCompile (default-testCompile) @ wdtk-examples ---
[INFO] No sources to compile
[INFO] 
[INFO] --- maven-surefire-plugin:2.12.4:test (default-test) @ wdtk-examples ---
[INFO] Tests are skipped.
[INFO] 
[INFO] --- maven-jar-plugin:2.4:jar (default-jar) @ wdtk-examples ---
[INFO] Building jar: /home/travis/build/failed/Wikidata/Wikidata-Toolkit/wdtk-examples/target/wdtk-examples-0.11.0-SNAPSHOT.jar
[INFO] 
[INFO] --- maven-install-plugin:2.4:install (default-install) @ wdtk-examples ---
[INFO] Installing /home/travis/build/failed/Wikidata/Wikidata-Toolkit/wdtk-examples/target/wdtk-examples-0.11.0-SNAPSHOT.jar to /home/travis/.m2/failed/org/wikidata/wdtk/wdtk-examples/0.11.0-SNAPSHOT/wdtk-examples-0.11.0-SNAPSHOT.jar
[INFO] Installing /home/travis/build/failed/Wikidata/Wikidata-Toolkit/wdtk-examples/pom.xml to /home/travis/.m2/failed/org/wikidata/wdtk/wdtk-examples/0.11.0-SNAPSHOT/wdtk-examples-0.11.0-SNAPSHOT.pom
[INFO] 
[INFO] ----------------< org.wikidata.wdtk:wdtk-distribution >-----------------
[INFO] Building Wikidata Toolkit Distribution 0.11.0-SNAPSHOT           [10/10]
[INFO] --------------------------------[ jar ]---------------------------------
[INFO] 
[INFO] --- jacoco-maven-plugin:0.8.4:prepare-agent (prepare-agent) @ wdtk-distribution ---
[INFO] argLine set to -javaagent:/home/travis/.m2/failed/org/jacoco/org.jacoco.agent/0.8.4/org.jacoco.agent-0.8.4-runtime.jar=destfile=/home/travis/build/failed/Wikidata/Wikidata-Toolkit/wdtk-distribution/target/jacoco.exec
[INFO] 
[INFO] --- license-maven-plugin:1.20:update-file-header (first) @ wdtk-distribution ---
[WARNING] No file to scan.
[INFO] 
[INFO] 
[INFO] --- license-maven-plugin:1.20:update-project-license (first) @ wdtk-distribution ---
[INFO] 
[INFO] --- maven-resources-plugin:2.6:resources (default-resources) @ wdtk-distribution ---
[INFO] Using 'UTF-8' encoding to copy filtered resources.
[INFO] skip non existing resourceDirectory /home/travis/build/failed/Wikidata/Wikidata-Toolkit/wdtk-distribution/src/main/resources
[INFO] Copying 1 resource
[INFO] 
[INFO] --- maven-compiler-plugin:3.8.0:compile (default-compile) @ wdtk-distribution ---
[INFO] No sources to compile
[INFO] 
[INFO] --- maven-resources-plugin:2.6:testResources (default-testResources) @ wdtk-distribution ---
[INFO] Using 'UTF-8' encoding to copy filtered resources.
[INFO] skip non existing resourceDirectory /home/travis/build/failed/Wikidata/Wikidata-Toolkit/wdtk-distribution/src/test/resources
[INFO] 
[INFO] --- maven-compiler-plugin:3.8.0:testCompile (default-testCompile) @ wdtk-distribution ---
[INFO] No sources to compile
[INFO] 
[INFO] --- maven-surefire-plugin:2.12.4:test (default-test) @ wdtk-distribution ---
[INFO] Tests are skipped.
[INFO] 
[INFO] --- maven-jar-plugin:2.4:jar (default-jar) @ wdtk-distribution ---
[INFO] 
[INFO] --- maven-install-plugin:2.4:install (default-install) @ wdtk-distribution ---
[INFO] Installing /home/travis/build/failed/Wikidata/Wikidata-Toolkit/wdtk-distribution/target/wdtk-distribution-0.11.0-SNAPSHOT.jar to /home/travis/.m2/failed/org/wikidata/wdtk/wdtk-distribution/0.11.0-SNAPSHOT/wdtk-distribution-0.11.0-SNAPSHOT.jar
[INFO] Installing /home/travis/build/failed/Wikidata/Wikidata-Toolkit/wdtk-distribution/pom.xml to /home/travis/.m2/failed/org/wikidata/wdtk/wdtk-distribution/0.11.0-SNAPSHOT/wdtk-distribution-0.11.0-SNAPSHOT.pom
[INFO] ------------------------------------------------------------------------
[INFO] Reactor Summary for Wikidata Toolkit 0.11.0-SNAPSHOT:
[INFO] 
[INFO] Wikidata Toolkit ................................... SUCCESS [  1.665 s]
[INFO] Wikidata Toolkit Utilities ......................... SUCCESS [  1.940 s]
[INFO] Wikidata Toolkit Testing Utilities ................. SUCCESS [  0.433 s]
[INFO] Wikidata Toolkit Data Model ........................ SUCCESS [  3.236 s]
[INFO] Wikidata Toolkit Storage ........................... SUCCESS [  1.305 s]
[INFO] Wikidata Toolkit Dump File Handling ................ SUCCESS [  2.382 s]
[INFO] Wikidata Toolkit Wikibase API ...................... SUCCESS [  1.764 s]
[INFO] Wikidata Toolkit RDF ............................... SUCCESS [  1.576 s]
[INFO] Wikidata Toolkit Examples .......................... SUCCESS [  1.322 s]
[INFO] Wikidata Toolkit Distribution ...................... SUCCESS [  0.165 s]
[INFO] ------------------------------------------------------------------------
[INFO] BUILD SUCCESS
[INFO] ------------------------------------------------------------------------
[INFO] Total time:  16.272 s
[INFO] Finished at: 2022-01-30T03:56:06Z
[INFO] ------------------------------------------------------------------------
travis_time:end:0be4a01a:start=1643514949367284391,finish=1643514966931044977,duration=17563760586,event=install[0Ktravis_fold:end:install[0Ktravis_time:start:0c49bf62[0K$ mvn test jacoco:report
Picked up _JAVA_OPTIONS: -Xmx2048m -Xms512m
[INFO] Scanning for projects...
[INFO] ------------------------------------------------------------------------
[INFO] Reactor Build Order:
[INFO] 
[INFO] Wikidata Toolkit                                                   [pom]
[INFO] Wikidata Toolkit Utilities                                         [jar]
[INFO] Wikidata Toolkit Testing Utilities                                 [jar]
[INFO] Wikidata Toolkit Data Model                                        [jar]
[INFO] Wikidata Toolkit Storage                                           [jar]
[INFO] Wikidata Toolkit Dump File Handling                                [jar]
[INFO] Wikidata Toolkit Wikibase API                                      [jar]
[INFO] Wikidata Toolkit RDF                                               [jar]
[INFO] Wikidata Toolkit Examples                                          [jar]
[INFO] Wikidata Toolkit Distribution                                      [jar]
[INFO] 
[INFO] -------------------< org.wikidata.wdtk:wdtk-parent >--------------------
[INFO] Building Wikidata Toolkit 0.11.0-SNAPSHOT                         [1/10]
[INFO] --------------------------------[ pom ]---------------------------------
[INFO] 
[INFO] --- jacoco-maven-plugin:0.8.4:prepare-agent (prepare-agent) @ wdtk-parent ---
[INFO] argLine set to -javaagent:/home/travis/.m2/failed/org/jacoco/org.jacoco.agent/0.8.4/org.jacoco.agent-0.8.4-runtime.jar=destfile=/home/travis/build/failed/Wikidata/Wikidata-Toolkit/target/jacoco.exec
[INFO] 
[INFO] --- license-maven-plugin:1.20:update-file-header (first) @ wdtk-parent ---
[WARNING] No file to scan.
[INFO] 
[INFO] 
[INFO] --- license-maven-plugin:1.20:update-project-license (first) @ wdtk-parent ---
[INFO] 
[INFO] --- jacoco-maven-plugin:0.8.4:report (default-cli) @ wdtk-parent ---
[INFO] Skipping JaCoCo execution due to missing execution data file.
[INFO] 
[INFO] --------------------< org.wikidata.wdtk:wdtk-util >---------------------
[INFO] Building Wikidata Toolkit Utilities 0.11.0-SNAPSHOT               [2/10]
[INFO] --------------------------------[ jar ]---------------------------------
[INFO] 
[INFO] --- jacoco-maven-plugin:0.8.4:prepare-agent (prepare-agent) @ wdtk-util ---
[INFO] argLine set to -javaagent:/home/travis/.m2/failed/org/jacoco/org.jacoco.agent/0.8.4/org.jacoco.agent-0.8.4-runtime.jar=destfile=/home/travis/build/failed/Wikidata/Wikidata-Toolkit/wdtk-util/target/jacoco.exec
[INFO] 
[INFO] --- license-maven-plugin:1.20:update-file-header (first) @ wdtk-util ---
[INFO] Will search files to update from root /home/travis/build/failed/Wikidata/Wikidata-Toolkit/wdtk-util/src/main/java
[INFO] Will search files to update from root /home/travis/build/failed/Wikidata/Wikidata-Toolkit/wdtk-util/src/test/java
[INFO] Scan 14 files header done in 39.065ms.
[INFO] All files are up-to-date.
[INFO] 
[INFO] --- license-maven-plugin:1.20:update-project-license (first) @ wdtk-util ---
[INFO] 
[INFO] --- maven-resources-plugin:2.6:resources (default-resources) @ wdtk-util ---
[INFO] Using 'UTF-8' encoding to copy filtered resources.
[INFO] skip non existing resourceDirectory /home/travis/build/failed/Wikidata/Wikidata-Toolkit/wdtk-util/src/main/resources
[INFO] Copying 1 resource
[INFO] 
[INFO] --- maven-compiler-plugin:3.8.0:compile (default-compile) @ wdtk-util ---
[INFO] Changes detected - recompiling the module!
[INFO] Compiling 9 source files to /home/travis/build/failed/Wikidata/Wikidata-Toolkit/wdtk-util/target/classes
[INFO] 
[INFO] --- maven-resources-plugin:2.6:testResources (default-testResources) @ wdtk-util ---
[INFO] Using 'UTF-8' encoding to copy filtered resources.
[INFO] skip non existing resourceDirectory /home/travis/build/failed/Wikidata/Wikidata-Toolkit/wdtk-util/src/test/resources
[INFO] 
[INFO] --- maven-compiler-plugin:3.8.0:testCompile (default-testCompile) @ wdtk-util ---
[INFO] Nothing to compile - all classes are up to date
[INFO] 
[INFO] --- maven-surefire-plugin:2.12.4:test (default-test) @ wdtk-util ---
[INFO] Surefire report directory: /home/travis/build/failed/Wikidata/Wikidata-Toolkit/wdtk-util/target/surefire-reports

-------------------------------------------------------
 T E S T S
-------------------------------------------------------
Picked up _JAVA_OPTIONS: -Xmx2048m -Xms512m
Running org.wikidata.wdtk.util.DirectoryManagerFactoryTest
Tests run: 4, Failures: 0, Errors: 0, Skipped: 0, Time elapsed: 0.12 sec
Running org.wikidata.wdtk.util.DirectoryManagerTest
Tests run: 9, Failures: 0, Errors: 0, Skipped: 0, Time elapsed: 0.022 sec
Running org.wikidata.wdtk.util.NestedIteratorTest
Tests run: 4, Failures: 0, Errors: 0, Skipped: 0, Time elapsed: 0.001 sec
Running org.wikidata.wdtk.util.TimerTest
Tests run: 4, Failures: 0, Errors: 0, Skipped: 0, Time elapsed: 0.693 sec
Running org.wikidata.wdtk.util.WebResourceFetcherTest
Tests run: 2, Failures: 0, Errors: 0, Skipped: 0, Time elapsed: 0.037 sec

Results :

Tests run: 23, Failures: 0, Errors: 0, Skipped: 0

[INFO] 
[INFO] --- jacoco-maven-plugin:0.8.4:report (default-cli) @ wdtk-util ---
[INFO] Loading execution data file /home/travis/build/failed/Wikidata/Wikidata-Toolkit/wdtk-util/target/jacoco.exec
[INFO] Analyzed bundle 'Wikidata Toolkit Utilities' with 6 classes
[INFO] 
[INFO] -------------------< org.wikidata.wdtk:wdtk-testing >-------------------
[INFO] Building Wikidata Toolkit Testing Utilities 0.11.0-SNAPSHOT       [3/10]
[INFO] --------------------------------[ jar ]---------------------------------
[INFO] 
[INFO] --- jacoco-maven-plugin:0.8.4:prepare-agent (prepare-agent) @ wdtk-testing ---
[INFO] argLine set to -javaagent:/home/travis/.m2/failed/org/jacoco/org.jacoco.agent/0.8.4/org.jacoco.agent-0.8.4-runtime.jar=destfile=/home/travis/build/failed/Wikidata/Wikidata-Toolkit/wdtk-testing/target/jacoco.exec
[INFO] 
[INFO] --- license-maven-plugin:1.20:update-file-header (first) @ wdtk-testing ---
[INFO] Will search files to update from root /home/travis/build/failed/Wikidata/Wikidata-Toolkit/wdtk-testing/src/main/java
[INFO] Will search files to update from root /home/travis/build/failed/Wikidata/Wikidata-Toolkit/wdtk-testing/src/test/java
[INFO] Scan 7 files header done in 13.666ms.
[INFO] All files are up-to-date.
[INFO] 
[INFO] --- license-maven-plugin:1.20:update-project-license (first) @ wdtk-testing ---
[INFO] 
[INFO] --- maven-resources-plugin:2.6:resources (default-resources) @ wdtk-testing ---
[INFO] Using 'UTF-8' encoding to copy filtered resources.
[INFO] skip non existing resourceDirectory /home/travis/build/failed/Wikidata/Wikidata-Toolkit/wdtk-testing/src/main/resources
[INFO] Copying 1 resource
[INFO] 
[INFO] --- maven-compiler-plugin:3.8.0:compile (default-compile) @ wdtk-testing ---
[INFO] Changes detected - recompiling the module!
[INFO] Compiling 5 source files to /home/travis/build/failed/Wikidata/Wikidata-Toolkit/wdtk-testing/target/classes
[INFO] 
[INFO] --- maven-resources-plugin:2.6:testResources (default-testResources) @ wdtk-testing ---
[INFO] Using 'UTF-8' encoding to copy filtered resources.
[INFO] Copying 1 resource
[INFO] 
[INFO] --- maven-compiler-plugin:3.8.0:testCompile (default-testCompile) @ wdtk-testing ---
[INFO] Nothing to compile - all classes are up to date
[INFO] 
[INFO] --- maven-surefire-plugin:2.12.4:test (default-test) @ wdtk-testing ---
[INFO] Surefire report directory: /home/travis/build/failed/Wikidata/Wikidata-Toolkit/wdtk-testing/target/surefire-reports

-------------------------------------------------------
 T E S T S
-------------------------------------------------------
Picked up _JAVA_OPTIONS: -Xmx2048m -Xms512m
Running org.wikidata.wdtk.testing.MockDirectoryManagerTest
Tests run: 20, Failures: 0, Errors: 0, Skipped: 0, Time elapsed: 0.621 sec
Running org.wikidata.wdtk.testing.MockWebResourceFetcherTest
Tests run: 4, Failures: 0, Errors: 0, Skipped: 0, Time elapsed: 0.114 sec

Results :

Tests run: 24, Failures: 0, Errors: 0, Skipped: 0

[INFO] 
[INFO] --- jacoco-maven-plugin:0.8.4:report (default-cli) @ wdtk-testing ---
[INFO] Loading execution data file /home/travis/build/failed/Wikidata/Wikidata-Toolkit/wdtk-testing/target/jacoco.exec
[INFO] Analyzed bundle 'Wikidata Toolkit Testing Utilities' with 4 classes
[INFO] 
[INFO] ------------------< org.wikidata.wdtk:wdtk-datamodel >------------------
[INFO] Building Wikidata Toolkit Data Model 0.11.0-SNAPSHOT              [4/10]
[INFO] --------------------------------[ jar ]---------------------------------
[INFO] 
[INFO] --- jacoco-maven-plugin:0.8.4:prepare-agent (prepare-agent) @ wdtk-datamodel ---
[INFO] argLine set to -javaagent:/home/travis/.m2/failed/org/jacoco/org.jacoco.agent/0.8.4/org.jacoco.agent-0.8.4-runtime.jar=destfile=/home/travis/build/failed/Wikidata/Wikidata-Toolkit/wdtk-datamodel/target/jacoco.exec
[INFO] 
[INFO] --- license-maven-plugin:1.20:update-file-header (first) @ wdtk-datamodel ---
[INFO] Will search files to update from root /home/travis/build/failed/Wikidata/Wikidata-Toolkit/wdtk-datamodel/src/main/java
[INFO] Will search files to update from root /home/travis/build/failed/Wikidata/Wikidata-Toolkit/wdtk-datamodel/src/test/java
[INFO] Scan 157 files header done in 245.574ms.
[INFO] All files are up-to-date.
[INFO] 
[INFO] --- license-maven-plugin:1.20:update-project-license (first) @ wdtk-datamodel ---
[INFO] 
[INFO] --- maven-resources-plugin:2.6:resources (default-resources) @ wdtk-datamodel ---
[INFO] Using 'UTF-8' encoding to copy filtered resources.
[INFO] skip non existing resourceDirectory /home/travis/build/failed/Wikidata/Wikidata-Toolkit/wdtk-datamodel/src/main/resources
[INFO] Copying 1 resource
[INFO] 
[INFO] --- maven-compiler-plugin:3.8.0:compile (default-compile) @ wdtk-datamodel ---
[INFO] Changes detected - recompiling the module!
[INFO] Compiling 109 source files to /home/travis/build/failed/Wikidata/Wikidata-Toolkit/wdtk-datamodel/target/classes
[INFO] /home/travis/build/failed/Wikidata/Wikidata-Toolkit/wdtk-datamodel/src/main/java/org/wikidata/wdtk/datamodel/interfaces/ValueSnak.java: Some input files use or override a deprecated API.
[INFO] /home/travis/build/failed/Wikidata/Wikidata-Toolkit/wdtk-datamodel/src/main/java/org/wikidata/wdtk/datamodel/interfaces/ValueSnak.java: Recompile with -Xlint:deprecation for details.
[INFO] 
[INFO] --- maven-resources-plugin:2.6:testResources (default-testResources) @ wdtk-datamodel ---
[INFO] Using 'UTF-8' encoding to copy filtered resources.
[INFO] skip non existing resourceDirectory /home/travis/build/failed/Wikidata/Wikidata-Toolkit/wdtk-datamodel/src/test/resources
[INFO] 
[INFO] --- maven-compiler-plugin:3.8.0:testCompile (default-testCompile) @ wdtk-datamodel ---
[INFO] Nothing to compile - all classes are up to date
[INFO] 
[INFO] --- maven-surefire-plugin:2.12.4:test (default-test) @ wdtk-datamodel ---
[INFO] Surefire report directory: /home/travis/build/failed/Wikidata/Wikidata-Toolkit/wdtk-datamodel/target/surefire-reports

-------------------------------------------------------
 T E S T S
-------------------------------------------------------
Picked up _JAVA_OPTIONS: -Xmx2048m -Xms512m
Running org.wikidata.wdtk.datamodel.helpers.DatamodelConverterTest
SLF4J: Failed to load class "org.slf4j.impl.StaticLoggerBinder".
SLF4J: Defaulting to no-operation (NOP) logger implementation
SLF4J: See http://www.slf4j.org/codes.html#StaticLoggerBinder for further details.
Tests run: 3, Failures: 0, Errors: 0, Skipped: 0, Time elapsed: 0.612 sec
Running org.wikidata.wdtk.datamodel.helpers.DatamodelFilterTest
Tests run: 11, Failures: 0, Errors: 0, Skipped: 0, Time elapsed: 0.001 sec
Running org.wikidata.wdtk.datamodel.helpers.DatamodelTest
Tests run: 39, Failures: 0, Errors: 0, Skipped: 0, Time elapsed: 0.002 sec
Running org.wikidata.wdtk.datamodel.helpers.DatatypeConvertersTest
Tests run: 2, Failures: 0, Errors: 0, Skipped: 0, Time elapsed: 0 sec
Running org.wikidata.wdtk.datamodel.helpers.FilterCopyTest
Tests run: 7, Failures: 0, Errors: 0, Skipped: 0, Time elapsed: 0 sec
Running org.wikidata.wdtk.datamodel.helpers.ItemDocumentBuilderTest
Tests run: 6, Failures: 0, Errors: 0, Skipped: 0, Time elapsed: 0 sec
Running org.wikidata.wdtk.datamodel.helpers.JsonSerializerTest
Tests run: 5, Failures: 0, Errors: 0, Skipped: 0, Time elapsed: 1.149 sec
Running org.wikidata.wdtk.datamodel.helpers.PropertyDocumentBuilderTest
Tests run: 3, Failures: 0, Errors: 0, Skipped: 0, Time elapsed: 0 sec
Running org.wikidata.wdtk.datamodel.helpers.ReferenceBuilderTest
Tests run: 2, Failures: 0, Errors: 0, Skipped: 0, Time elapsed: 0 sec
Running org.wikidata.wdtk.datamodel.helpers.StatementBuilderTest
Tests run: 6, Failures: 0, Errors: 0, Skipped: 0, Time elapsed: 0 sec
Running org.wikidata.wdtk.datamodel.helpers.StatementDocumentTest
Tests run: 1, Failures: 0, Errors: 0, Skipped: 0, Time elapsed: 0 sec
Running org.wikidata.wdtk.datamodel.implementation.ClaimImplTest
Tests run: 7, Failures: 0, Errors: 0, Skipped: 0, Time elapsed: 0.001 sec
Running org.wikidata.wdtk.datamodel.implementation.DataObjectFactoryImplTest
Tests run: 25, Failures: 0, Errors: 0, Skipped: 0, Time elapsed: 0 sec
Running org.wikidata.wdtk.datamodel.implementation.DatatypeIdImplTest
Tests run: 28, Failures: 0, Errors: 0, Skipped: 0, Time elapsed: 0.001 sec
Running org.wikidata.wdtk.datamodel.implementation.EntityIdValueImplTest
Tests run: 7, Failures: 0, Errors: 0, Skipped: 0, Time elapsed: 0 sec
Running org.wikidata.wdtk.datamodel.implementation.EntityRedirectDocumentImplTest
Tests run: 8, Failures: 0, Errors: 0, Skipped: 0, Time elapsed: 0 sec
Running org.wikidata.wdtk.datamodel.implementation.FormDocumentImplTest
Tests run: 18, Failures: 0, Errors: 0, Skipped: 0, Time elapsed: 0.023 sec
Running org.wikidata.wdtk.datamodel.implementation.FormIdValueImplTest
Tests run: 16, Failures: 0, Errors: 0, Skipped: 0, Time elapsed: 0.024 sec
Running org.wikidata.wdtk.datamodel.implementation.GlobeCoordinatesValueImplTest
Tests run: 13, Failures: 0, Errors: 0, Skipped: 0, Time elapsed: 0.018 sec
Running org.wikidata.wdtk.datamodel.implementation.ItemDocumentImplTest
Tests run: 31, Failures: 0, Errors: 0, Skipped: 0, Time elapsed: 0.125 sec
Running org.wikidata.wdtk.datamodel.implementation.ItemIdValueImplTest
Tests run: 18, Failures: 0, Errors: 0, Skipped: 0, Time elapsed: 0.022 sec
Running org.wikidata.wdtk.datamodel.implementation.LexemeDocumentImplTest
Tests run: 29, Failures: 0, Errors: 0, Skipped: 0, Time elapsed: 0.033 sec
Running org.wikidata.wdtk.datamodel.implementation.LexemeIdValueImplTest
Tests run: 14, Failures: 0, Errors: 0, Skipped: 0, Time elapsed: 0.006 sec
Running org.wikidata.wdtk.datamodel.implementation.MediaInfoDocumentImplTest
Tests run: 20, Failures: 0, Errors: 0, Skipped: 0, Time elapsed: 0.049 sec
Running org.wikidata.wdtk.datamodel.implementation.MediaInfoIdValueImplTest
Tests run: 14, Failures: 0, Errors: 0, Skipped: 0, Time elapsed: 0.008 sec
Running org.wikidata.wdtk.datamodel.implementation.MonolingualTextValueImplTest
Tests run: 7, Failures: 0, Errors: 0, Skipped: 0, Time elapsed: 0.003 sec
Running org.wikidata.wdtk.datamodel.implementation.PropertyDocumentImplTest
Tests run: 26, Failures: 0, Errors: 0, Skipped: 0, Time elapsed: 0.021 sec
Running org.wikidata.wdtk.datamodel.implementation.PropertyIdValueImplTest
Tests run: 11, Failures: 0, Errors: 0, Skipped: 0, Time elapsed: 0.006 sec
Running org.wikidata.wdtk.datamodel.implementation.QuantityValueImplTest
Tests run: 19, Failures: 0, Errors: 0, Skipped: 0, Time elapsed: 0.014 sec
Running org.wikidata.wdtk.datamodel.implementation.ReferenceImplTest
Tests run: 5, Failures: 0, Errors: 0, Skipped: 0, Time elapsed: 0.001 sec
Running org.wikidata.wdtk.datamodel.implementation.SenseDocumentImplTest
Tests run: 15, Failures: 0, Errors: 0, Skipped: 0, Time elapsed: 0.016 sec
Running org.wikidata.wdtk.datamodel.implementation.SenseIdValueImplTest
Tests run: 16, Failures: 0, Errors: 0, Skipped: 0, Time elapsed: 0.008 sec
Running org.wikidata.wdtk.datamodel.implementation.SiteLinkImplTest
Tests run: 8, Failures: 0, Errors: 0, Skipped: 0, Time elapsed: 0.002 sec
Running org.wikidata.wdtk.datamodel.implementation.SitesImplTest
Tests run: 3, Failures: 0, Errors: 0, Skipped: 0, Time elapsed: 0.002 sec
Running org.wikidata.wdtk.datamodel.implementation.SnakGroupTest
Tests run: 8, Failures: 0, Errors: 0, Skipped: 0, Time elapsed: 0.002 sec
Running org.wikidata.wdtk.datamodel.implementation.SnakImplTest
Tests run: 18, Failures: 0, Errors: 0, Skipped: 0, Time elapsed: 0.022 sec
Running org.wikidata.wdtk.datamodel.implementation.StatementDocumentAccessTest
Tests run: 10, Failures: 0, Errors: 0, Skipped: 0, Time elapsed: 0.002 sec
Running org.wikidata.wdtk.datamodel.implementation.StatementGroupTest
Tests run: 16, Failures: 0, Errors: 0, Skipped: 0, Time elapsed: 0.002 sec
Running org.wikidata.wdtk.datamodel.implementation.StatementImplTest
Tests run: 12, Failures: 0, Errors: 0, Skipped: 0, Time elapsed: 0.024 sec
Running org.wikidata.wdtk.datamodel.implementation.StringValueImplTest
Tests run: 6, Failures: 0, Errors: 0, Skipped: 0, Time elapsed: 0.003 sec
Running org.wikidata.wdtk.datamodel.implementation.TermImplTest
Tests run: 7, Failures: 0, Errors: 0, Skipped: 0, Time elapsed: 0.008 sec
Running org.wikidata.wdtk.datamodel.implementation.TermedStatementDocumentImplTest
Tests run: 4, Failures: 0, Errors: 0, Skipped: 0, Time elapsed: 0 sec
Running org.wikidata.wdtk.datamodel.implementation.TimeValueImplTest
Tests run: 10, Failures: 0, Errors: 0, Skipped: 0, Time elapsed: 0.154 sec
Running org.wikidata.wdtk.datamodel.implementation.UnsupportedEntityIdValueTest
Tests run: 9, Failures: 0, Errors: 0, Skipped: 0, Time elapsed: 0.014 sec
Running org.wikidata.wdtk.datamodel.implementation.UnsupportedValueImplTest
Tests run: 5, Failures: 0, Errors: 0, Skipped: 0, Time elapsed: 0.005 sec
Running org.wikidata.wdtk.datamodel.implementation.WikimediaLanguageCodesTest
Tests run: 4, Failures: 0, Errors: 0, Skipped: 0, Time elapsed: 0.003 sec
Running org.wikidata.wdtk.datamodel.interfaces.NullEntityIdsTest
Tests run: 3, Failures: 0, Errors: 0, Skipped: 0, Time elapsed: 0.235 sec

Results :

Tests run: 555, Failures: 0, Errors: 0, Skipped: 0

[INFO] 
[INFO] --- jacoco-maven-plugin:0.8.4:report (default-cli) @ wdtk-datamodel ---
[INFO] Loading execution data file /home/travis/build/failed/Wikidata/Wikidata-Toolkit/wdtk-datamodel/target/jacoco.exec
[INFO] Analyzed bundle 'Wikidata Toolkit Data Model' with 87 classes
[INFO] 
[INFO] -------------------< org.wikidata.wdtk:wdtk-storage >-------------------
[INFO] Building Wikidata Toolkit Storage 0.11.0-SNAPSHOT                 [5/10]
[INFO] --------------------------------[ jar ]---------------------------------
[INFO] 
[INFO] --- jacoco-maven-plugin:0.8.4:prepare-agent (prepare-agent) @ wdtk-storage ---
[INFO] argLine set to -javaagent:/home/travis/.m2/failed/org/jacoco/org.jacoco.agent/0.8.4/org.jacoco.agent-0.8.4-runtime.jar=destfile=/home/travis/build/failed/Wikidata/Wikidata-Toolkit/wdtk-storage/target/jacoco.exec
[INFO] 
[INFO] --- license-maven-plugin:1.20:update-file-header (first) @ wdtk-storage ---
[INFO] Will search files to update from root /home/travis/build/failed/Wikidata/Wikidata-Toolkit/wdtk-storage/src/main/java
[INFO] Will search files to update from root /home/travis/build/failed/Wikidata/Wikidata-Toolkit/wdtk-storage/src/test/java
[INFO] Scan 12 files header done in 12.374ms.
[INFO] All files are up-to-date.
[INFO] 
[INFO] --- license-maven-plugin:1.20:update-project-license (first) @ wdtk-storage ---
[INFO] 
[INFO] --- maven-resources-plugin:2.6:resources (default-resources) @ wdtk-storage ---
[INFO] Using 'UTF-8' encoding to copy filtered resources.
[INFO] skip non existing resourceDirectory /home/travis/build/failed/Wikidata/Wikidata-Toolkit/wdtk-storage/src/main/resources
[INFO] Copying 1 resource
[INFO] 
[INFO] --- maven-compiler-plugin:3.8.0:compile (default-compile) @ wdtk-storage ---
[INFO] Changes detected - recompiling the module!
[INFO] Compiling 8 source files to /home/travis/build/failed/Wikidata/Wikidata-Toolkit/wdtk-storage/target/classes
[INFO] 
[INFO] --- maven-resources-plugin:2.6:testResources (default-testResources) @ wdtk-storage ---
[INFO] Using 'UTF-8' encoding to copy filtered resources.
[INFO] skip non existing resourceDirectory /home/travis/build/failed/Wikidata/Wikidata-Toolkit/wdtk-storage/src/test/resources
[INFO] 
[INFO] --- maven-compiler-plugin:3.8.0:testCompile (default-testCompile) @ wdtk-storage ---
[INFO] Nothing to compile - all classes are up to date
[INFO] 
[INFO] --- maven-surefire-plugin:2.12.4:test (default-test) @ wdtk-storage ---
[INFO] Surefire report directory: /home/travis/build/failed/Wikidata/Wikidata-Toolkit/wdtk-storage/target/surefire-reports

-------------------------------------------------------
 T E S T S
-------------------------------------------------------
Picked up _JAVA_OPTIONS: -Xmx2048m -Xms512m
Running org.wikidata.wdtk.storage.datastructures.BitVectorImplTest
Tests run: 17, Failures: 0, Errors: 0, Skipped: 0, Time elapsed: 0.315 sec
Running org.wikidata.wdtk.storage.datastructures.BitVectorIteratorTest
Tests run: 5, Failures: 0, Errors: 0, Skipped: 0, Time elapsed: 0 sec
Running org.wikidata.wdtk.storage.datastructures.RankedBitVectorImplTest
Tests run: 17, Failures: 0, Errors: 0, Skipped: 0, Time elapsed: 1.713 sec

Results :

Tests run: 39, Failures: 0, Errors: 0, Skipped: 0

[INFO] 
[INFO] --- jacoco-maven-plugin:0.8.4:report (default-cli) @ wdtk-storage ---
[INFO] Loading execution data file /home/travis/build/failed/Wikidata/Wikidata-Toolkit/wdtk-storage/target/jacoco.exec
[INFO] Analyzed bundle 'Wikidata Toolkit Storage' with 5 classes
[INFO] 
[INFO] ------------------< org.wikidata.wdtk:wdtk-dumpfiles >------------------
[INFO] Building Wikidata Toolkit Dump File Handling 0.11.0-SNAPSHOT      [6/10]
[INFO] --------------------------------[ jar ]---------------------------------
[INFO] 
[INFO] --- jacoco-maven-plugin:0.8.4:prepare-agent (prepare-agent) @ wdtk-dumpfiles ---
[INFO] argLine set to -javaagent:/home/travis/.m2/failed/org/jacoco/org.jacoco.agent/0.8.4/org.jacoco.agent-0.8.4-runtime.jar=destfile=/home/travis/build/failed/Wikidata/Wikidata-Toolkit/wdtk-dumpfiles/target/jacoco.exec
[INFO] 
[INFO] --- license-maven-plugin:1.20:update-file-header (first) @ wdtk-dumpfiles ---
[INFO] Will search files to update from root /home/travis/build/failed/Wikidata/Wikidata-Toolkit/wdtk-dumpfiles/src/main/java
[INFO] Will search files to update from root /home/travis/build/failed/Wikidata/Wikidata-Toolkit/wdtk-dumpfiles/src/test/java
[INFO] Scan 33 files header done in 110.542ms.
[INFO] All files are up-to-date.
[INFO] 
[INFO] --- license-maven-plugin:1.20:update-project-license (first) @ wdtk-dumpfiles ---
[INFO] 
[INFO] --- maven-resources-plugin:2.6:resources (default-resources) @ wdtk-dumpfiles ---
[INFO] Using 'UTF-8' encoding to copy filtered resources.
[INFO] skip non existing resourceDirectory /home/travis/build/failed/Wikidata/Wikidata-Toolkit/wdtk-dumpfiles/src/main/resources
[INFO] Copying 1 resource
[INFO] 
[INFO] --- maven-compiler-plugin:3.8.0:compile (default-compile) @ wdtk-dumpfiles ---
[INFO] Changes detected - recompiling the module!
[INFO] Compiling 24 source files to /home/travis/build/failed/Wikidata/Wikidata-Toolkit/wdtk-dumpfiles/target/classes
[INFO] 
[INFO] --- maven-resources-plugin:2.6:testResources (default-testResources) @ wdtk-dumpfiles ---
[INFO] Using 'UTF-8' encoding to copy filtered resources.
[INFO] Copying 17 resources
[INFO] 
[INFO] --- maven-compiler-plugin:3.8.0:testCompile (default-testCompile) @ wdtk-dumpfiles ---
[INFO] Nothing to compile - all classes are up to date
[INFO] 
[INFO] --- maven-surefire-plugin:2.12.4:test (default-test) @ wdtk-dumpfiles ---
[INFO] Surefire report directory: /home/travis/build/failed/Wikidata/Wikidata-Toolkit/wdtk-dumpfiles/target/surefire-reports

-------------------------------------------------------
 T E S T S
-------------------------------------------------------
Picked up _JAVA_OPTIONS: -Xmx2048m -Xms512m
Running org.wikidata.wdtk.dumpfiles.JsonDumpFileProcessingTest
SLF4J: Failed to load class "org.slf4j.impl.StaticLoggerBinder".
SLF4J: Defaulting to no-operation (NOP) logger implementation
SLF4J: See http://www.slf4j.org/codes.html#StaticLoggerBinder for further details.
Tests run: 4, Failures: 0, Errors: 0, Skipped: 1, Time elapsed: 3.814 sec
Running org.wikidata.wdtk.dumpfiles.MwDumpFileProcessingTest
Tests run: 6, Failures: 0, Errors: 0, Skipped: 0, Time elapsed: 1.532 sec
Running org.wikidata.wdtk.dumpfiles.MwLocalDumpFileTest
Tests run: 11, Failures: 0, Errors: 0, Skipped: 0, Time elapsed: 0.012 sec
Running org.wikidata.wdtk.dumpfiles.SitesTest
Tests run: 1, Failures: 0, Errors: 0, Skipped: 0, Time elapsed: 0.077 sec
Running org.wikidata.wdtk.dumpfiles.wmf.WmfDumpFileManagerTest
Tests run: 10, Failures: 0, Errors: 0, Skipped: 0, Time elapsed: 0.199 sec
Running org.wikidata.wdtk.dumpfiles.wmf.WmfDumpFileTest
Tests run: 1, Failures: 0, Errors: 0, Skipped: 0, Time elapsed: 0 sec
Running org.wikidata.wdtk.dumpfiles.wmf.WmfLocalDumpFileTest
Tests run: 3, Failures: 0, Errors: 0, Skipped: 0, Time elapsed: 0.032 sec
Running org.wikidata.wdtk.dumpfiles.wmf.WmfOnlineDailyDumpFileTest
Tests run: 6, Failures: 0, Errors: 0, Skipped: 0, Time elapsed: 0.007 sec
Running org.wikidata.wdtk.dumpfiles.wmf.WmfOnlineStandardDumpFileTest
Tests run: 8, Failures: 0, Errors: 0, Skipped: 0, Time elapsed: 0.203 sec

Results :

Tests run: 50, Failures: 0, Errors: 0, Skipped: 1

[INFO] 
[INFO] --- jacoco-maven-plugin:0.8.4:report (default-cli) @ wdtk-dumpfiles ---
[INFO] Loading execution data file /home/travis/build/failed/Wikidata/Wikidata-Toolkit/wdtk-dumpfiles/target/jacoco.exec
[INFO] Analyzed bundle 'Wikidata Toolkit Dump File Handling' with 22 classes
[INFO] 
[INFO] -----------------< org.wikidata.wdtk:wdtk-wikibaseapi >-----------------
[INFO] Building Wikidata Toolkit Wikibase API 0.11.0-SNAPSHOT            [7/10]
[INFO] --------------------------------[ jar ]---------------------------------
[INFO] 
[INFO] --- jacoco-maven-plugin:0.8.4:prepare-agent (prepare-agent) @ wdtk-wikibaseapi ---
[INFO] argLine set to -javaagent:/home/travis/.m2/failed/org/jacoco/org.jacoco.agent/0.8.4/org.jacoco.agent-0.8.4-runtime.jar=destfile=/home/travis/build/failed/Wikidata/Wikidata-Toolkit/wdtk-wikibaseapi/target/jacoco.exec
[INFO] 
[INFO] --- license-maven-plugin:1.20:update-file-header (first) @ wdtk-wikibaseapi ---
[INFO] Will search files to update from root /home/travis/build/failed/Wikidata/Wikidata-Toolkit/wdtk-wikibaseapi/src/main/java
[INFO] Will search files to update from root /home/travis/build/failed/Wikidata/Wikidata-Toolkit/wdtk-wikibaseapi/src/test/java
[INFO] Scan 37 files header done in 63.119ms.
[INFO] All files are up-to-date.
[INFO] 
[INFO] --- license-maven-plugin:1.20:update-project-license (first) @ wdtk-wikibaseapi ---
[INFO] 
[INFO] --- maven-resources-plugin:2.6:resources (default-resources) @ wdtk-wikibaseapi ---
[INFO] Using 'UTF-8' encoding to copy filtered resources.
[INFO] skip non existing resourceDirectory /home/travis/build/failed/Wikidata/Wikidata-Toolkit/wdtk-wikibaseapi/src/main/resources
[INFO] Copying 1 resource
[INFO] 
[INFO] --- maven-compiler-plugin:3.8.0:compile (default-compile) @ wdtk-wikibaseapi ---
[INFO] Changes detected - recompiling the module!
[INFO] Compiling 26 source files to /home/travis/build/failed/Wikidata/Wikidata-Toolkit/wdtk-wikibaseapi/target/classes
[INFO] /home/travis/build/failed/Wikidata/Wikidata-Toolkit/wdtk-wikibaseapi/src/main/java/org/wikidata/wdtk/wikibaseapi/WikibaseDataFetcher.java: Some input files use or override a deprecated API.
[INFO] /home/travis/build/failed/Wikidata/Wikidata-Toolkit/wdtk-wikibaseapi/src/main/java/org/wikidata/wdtk/wikibaseapi/WikibaseDataFetcher.java: Recompile with -Xlint:deprecation for details.
[INFO] 
[INFO] --- maven-resources-plugin:2.6:testResources (default-testResources) @ wdtk-wikibaseapi ---
[INFO] Using 'UTF-8' encoding to copy filtered resources.
[INFO] Copying 19 resources
[INFO] 
[INFO] --- maven-compiler-plugin:3.8.0:testCompile (default-testCompile) @ wdtk-wikibaseapi ---
[INFO] Nothing to compile - all classes are up to date
[INFO] 
[INFO] --- maven-surefire-plugin:2.12.4:test (default-test) @ wdtk-wikibaseapi ---
[INFO] Surefire report directory: /home/travis/build/failed/Wikidata/Wikidata-Toolkit/wdtk-wikibaseapi/target/surefire-reports

-------------------------------------------------------
 T E S T S
-------------------------------------------------------
Picked up _JAVA_OPTIONS: -Xmx2048m -Xms512m
Running org.wikidata.wdtk.wikibaseapi.BasicApiConnectionTest
SLF4J: Failed to load class "org.slf4j.impl.StaticLoggerBinder".
SLF4J: Defaulting to no-operation (NOP) logger implementation
SLF4J: See http://www.slf4j.org/codes.html#StaticLoggerBinder for further details.
WARNING: An illegal reflective access operation has occurred
WARNING: Illegal reflective access by org.mockito.internal.creation.cglib.ClassImposterizer (file:/home/travis/.m2/failed/org/mockito/mockito-core/1.10.19/mockito-core-1.10.19.jar) to constructor java.net.HttpURLConnection(java.net.URL)
WARNING: Please consider reporting this to the maintainers of org.mockito.internal.creation.cglib.ClassImposterizer
WARNING: Use --illegal-access=warn to enable warnings of further illegal reflective access operations
WARNING: All illegal access operations will be denied in a future release
Tests run: 25, Failures: 0, Errors: 0, Skipped: 0, Time elapsed: 2.384 sec
Running org.wikidata.wdtk.wikibaseapi.StatementUpdateTest
Tests run: 12, Failures: 0, Errors: 0, Skipped: 0, Time elapsed: 0.134 sec
Running org.wikidata.wdtk.wikibaseapi.TermStatementUpdateTest
Tests run: 12, Failures: 0, Errors: 0, Skipped: 0, Time elapsed: 0.06 sec
Running org.wikidata.wdtk.wikibaseapi.WbEditingActionTest
Tests run: 11, Failures: 0, Errors: 2, Skipped: 0, Time elapsed: 0.158 sec <<< FAILURE!
testNoTokenInReponse(org.wikidata.wdtk.wikibaseapi.WbEditingActionTest)  Time elapsed: 0.04 sec  <<< ERROR!
java.lang.Exception: Unexpected exception, expected<org.wikidata.wdtk.wikibaseapi.apierrors.TokenErrorException> but was<java.io.IOException>
	at org.junit.internal.runners.statements.ExpectException.evaluate(ExpectException.java:28)
	at org.junit.runners.ParentRunner.runLeaf(ParentRunner.java:325)
	at org.junit.runners.BlockJUnit4ClassRunner.runChild(BlockJUnit4ClassRunner.java:78)
	at org.junit.runners.BlockJUnit4ClassRunner.runChild(BlockJUnit4ClassRunner.java:57)
	at org.junit.runners.ParentRunner$3.run(ParentRunner.java:290)
	at org.junit.runners.ParentRunner$1.schedule(ParentRunner.java:71)
	at org.junit.runners.ParentRunner.runChildren(ParentRunner.java:288)
	at org.junit.runners.ParentRunner.access$000(ParentRunner.java:58)
	at org.junit.runners.ParentRunner$2.evaluate(ParentRunner.java:268)
	at org.junit.runners.ParentRunner.run(ParentRunner.java:363)
	at org.apache.maven.surefire.junit4.JUnit4Provider.execute(JUnit4Provider.java:252)
	at org.apache.maven.surefire.junit4.JUnit4Provider.executeTestSet(JUnit4Provider.java:141)
	at org.apache.maven.surefire.junit4.JUnit4Provider.invoke(JUnit4Provider.java:112)
	at java.base/jdk.internal.reflect.NativeMethodAccessorImpl.invoke0(Native Method)
	at java.base/jdk.internal.reflect.NativeMethodAccessorImpl.invoke(NativeMethodAccessorImpl.java:62)
	at java.base/jdk.internal.reflect.DelegatingMethodAccessorImpl.invoke(DelegatingMethodAccessorImpl.java:43)
	at java.base/java.lang.reflect.Method.invoke(Method.java:566)
	at org.apache.maven.surefire.util.ReflectionUtils.invokeMethodWithArray(ReflectionUtils.java:189)
	at org.apache.maven.surefire.booter.ProviderFactory$ProviderProxy.invoke(ProviderFactory.java:165)
	at org.apache.maven.surefire.booter.ProviderFactory.invokeProvider(ProviderFactory.java:85)
	at org.apache.maven.surefire.booter.ForkedBooter.runSuitesInProcess(ForkedBooter.java:115)
	at org.apache.maven.surefire.booter.ForkedBooter.main(ForkedBooter.java:75)
Caused by: java.io.IOException: API result not mocked for parameters {meta=tokens, format=json, action=query, type=csrf}
	at org.wikidata.wdtk.wikibaseapi.MockBasicApiConnection.sendRequest(MockBasicApiConnection.java:109)
	at org.wikidata.wdtk.wikibaseapi.ApiConnection.sendJsonRequest(ApiConnection.java:456)
	at org.wikidata.wdtk.wikibaseapi.ApiConnection.fetchToken(ApiConnection.java:428)
	at org.wikidata.wdtk.wikibaseapi.ApiConnection.getOrFetchToken(ApiConnection.java:397)
	at org.wikidata.wdtk.wikibaseapi.WbEditingAction.performAPIAction(WbEditingAction.java:712)
	at org.wikidata.wdtk.wikibaseapi.WbEditingAction.wbEditEntity(WbEditingAction.java:291)
	at org.wikidata.wdtk.wikibaseapi.WbEditingActionTest.testNoTokenInReponse(WbEditingActionTest.java:105)
	at java.base/jdk.internal.reflect.NativeMethodAccessorImpl.invoke0(Native Method)
	at java.base/jdk.internal.reflect.NativeMethodAccessorImpl.invoke(NativeMethodAccessorImpl.java:62)
	at java.base/jdk.internal.reflect.DelegatingMethodAccessorImpl.invoke(DelegatingMethodAccessorImpl.java:43)
	at java.base/java.lang.reflect.Method.invoke(Method.java:566)
	at org.junit.runners.model.FrameworkMethod$1.runReflectiveCall(FrameworkMethod.java:50)
	at org.junit.internal.runners.model.ReflectiveCallable.run(ReflectiveCallable.java:12)
	at org.junit.runners.model.FrameworkMethod.invokeExplosively(FrameworkMethod.java:47)
	at org.junit.internal.runners.statements.InvokeMethod.evaluate(InvokeMethod.java:17)
	at org.junit.internal.runners.statements.ExpectException.evaluate(ExpectException.java:19)
	... 21 more

testApiErrorGettingToken(org.wikidata.wdtk.wikibaseapi.WbEditingActionTest)  Time elapsed: 0.004 sec  <<< ERROR!
java.lang.Exception: Unexpected exception, expected<org.wikidata.wdtk.wikibaseapi.apierrors.TokenErrorException> but was<java.io.IOException>
	at org.junit.internal.runners.statements.ExpectException.evaluate(ExpectException.java:28)
	at org.junit.runners.ParentRunner.runLeaf(ParentRunner.java:325)
	at org.junit.runners.BlockJUnit4ClassRunner.runChild(BlockJUnit4ClassRunner.java:78)
	at org.junit.runners.BlockJUnit4ClassRunner.runChild(BlockJUnit4ClassRunner.java:57)
	at org.junit.runners.ParentRunner$3.run(ParentRunner.java:290)
	at org.junit.runners.ParentRunner$1.schedule(ParentRunner.java:71)
	at org.junit.runners.ParentRunner.runChildren(ParentRunner.java:288)
	at org.junit.runners.ParentRunner.access$000(ParentRunner.java:58)
	at org.junit.runners.ParentRunner$2.evaluate(ParentRunner.java:268)
	at org.junit.runners.ParentRunner.run(ParentRunner.java:363)
	at org.apache.maven.surefire.junit4.JUnit4Provider.execute(JUnit4Provider.java:252)
	at org.apache.maven.surefire.junit4.JUnit4Provider.executeTestSet(JUnit4Provider.java:141)
	at org.apache.maven.surefire.junit4.JUnit4Provider.invoke(JUnit4Provider.java:112)
	at java.base/jdk.internal.reflect.NativeMethodAccessorImpl.invoke0(Native Method)
	at java.base/jdk.internal.reflect.NativeMethodAccessorImpl.invoke(NativeMethodAccessorImpl.java:62)
	at java.base/jdk.internal.reflect.DelegatingMethodAccessorImpl.invoke(DelegatingMethodAccessorImpl.java:43)
	at java.base/java.lang.reflect.Method.invoke(Method.java:566)
	at org.apache.maven.surefire.util.ReflectionUtils.invokeMethodWithArray(ReflectionUtils.java:189)
	at org.apache.maven.surefire.booter.ProviderFactory$ProviderProxy.invoke(ProviderFactory.java:165)
	at org.apache.maven.surefire.booter.ProviderFactory.invokeProvider(ProviderFactory.java:85)
	at org.apache.maven.surefire.booter.ForkedBooter.runSuitesInProcess(ForkedBooter.java:115)
	at org.apache.maven.surefire.booter.ForkedBooter.main(ForkedBooter.java:75)
Caused by: java.io.IOException: Error when trying to fetch token: org.wikidata.wdtk.wikibaseapi.apierrors.TokenErrorException: [badtoken] bla bla
	at org.wikidata.wdtk.wikibaseapi.ApiConnection.fetchToken(ApiConnection.java:431)
	at org.wikidata.wdtk.wikibaseapi.ApiConnection.getOrFetchToken(ApiConnection.java:397)
	at org.wikidata.wdtk.wikibaseapi.WbEditingAction.performAPIAction(WbEditingAction.java:712)
	at org.wikidata.wdtk.wikibaseapi.WbEditingAction.wbEditEntity(WbEditingAction.java:291)
	at org.wikidata.wdtk.wikibaseapi.WbEditingActionTest.testApiErrorGettingToken(WbEditingActionTest.java:77)
	at java.base/jdk.internal.reflect.NativeMethodAccessorImpl.invoke0(Native Method)
	at java.base/jdk.internal.reflect.NativeMethodAccessorImpl.invoke(NativeMethodAccessorImpl.java:62)
	at java.base/jdk.internal.reflect.DelegatingMethodAccessorImpl.invoke(DelegatingMethodAccessorImpl.java:43)
	at java.base/java.lang.reflect.Method.invoke(Method.java:566)
	at org.junit.runners.model.FrameworkMethod$1.runReflectiveCall(FrameworkMethod.java:50)
	at org.junit.internal.runners.model.ReflectiveCallable.run(ReflectiveCallable.java:12)
	at org.junit.runners.model.FrameworkMethod.invokeExplosively(FrameworkMethod.java:47)
	at org.junit.internal.runners.statements.InvokeMethod.evaluate(InvokeMethod.java:17)
	at org.junit.internal.runners.statements.ExpectException.evaluate(ExpectException.java:19)
	... 21 more

Running org.wikidata.wdtk.wikibaseapi.WbGetEntitiesActionTest
Tests run: 9, Failures: 0, Errors: 0, Skipped: 0, Time elapsed: 0.79 sec
Running org.wikidata.wdtk.wikibaseapi.WbSearchEntitiesActionTest
Tests run: 4, Failures: 0, Errors: 0, Skipped: 0, Time elapsed: 0.039 sec
Running org.wikidata.wdtk.wikibaseapi.WikibaseDataEditorTest
Tests run: 22, Failures: 0, Errors: 0, Skipped: 0, Time elapsed: 0.287 sec
Running org.wikidata.wdtk.wikibaseapi.WikibaseDataFetcherTest
Tests run: 10, Failures: 0, Errors: 0, Skipped: 0, Time elapsed: 0.365 sec
Running org.wikidata.wdtk.wikibaseapi.apierrors.MediaWikiApiErrorHandlerTest
Tests run: 6, Failures: 0, Errors: 0, Skipped: 0, Time elapsed: 0.002 sec

Results :

Tests in error: 
  testNoTokenInReponse(org.wikidata.wdtk.wikibaseapi.WbEditingActionTest): Unexpected exception, expected<org.wikidata.wdtk.wikibaseapi.apierrors.TokenErrorException> but was<java.io.IOException>
  testApiErrorGettingToken(org.wikidata.wdtk.wikibaseapi.WbEditingActionTest): Unexpected exception, expected<org.wikidata.wdtk.wikibaseapi.apierrors.TokenErrorException> but was<java.io.IOException>

Tests run: 111, Failures: 0, Errors: 2, Skipped: 0

[INFO] ------------------------------------------------------------------------
[INFO] Reactor Summary for Wikidata Toolkit 0.11.0-SNAPSHOT:
[INFO] 
[INFO] Wikidata Toolkit ................................... SUCCESS [  1.463 s]
[INFO] Wikidata Toolkit Utilities ......................... SUCCESS [  4.649 s]
[INFO] Wikidata Toolkit Testing Utilities ................. SUCCESS [  1.951 s]
[INFO] Wikidata Toolkit Data Model ........................ SUCCESS [ 10.118 s]
[INFO] Wikidata Toolkit Storage ........................... SUCCESS [  3.444 s]
[INFO] Wikidata Toolkit Dump File Handling ................ SUCCESS [  7.801 s]
[INFO] Wikidata Toolkit Wikibase API ...................... FAILURE [  5.768 s]
[INFO] Wikidata Toolkit RDF ............................... SKIPPED
[INFO] Wikidata Toolkit Examples .......................... SKIPPED
[INFO] Wikidata Toolkit Distribution ...................... SKIPPED
[INFO] ------------------------------------------------------------------------
[INFO] BUILD FAILURE
[INFO] ------------------------------------------------------------------------
[INFO] Total time:  35.680 s
[INFO] Finished at: 2022-01-30T03:56:44Z
[INFO] ------------------------------------------------------------------------
[ERROR] Failed to execute goal org.apache.maven.plugins:maven-surefire-plugin:2.12.4:test (default-test) on project wdtk-wikibaseapi: There are test failures.
[ERROR] 
[ERROR] Please refer to /home/travis/build/failed/Wikidata/Wikidata-Toolkit/wdtk-wikibaseapi/target/surefire-reports for the individual test results.
[ERROR] -> [Help 1]
[ERROR] 
[ERROR] To see the full stack trace of the errors, re-run Maven with the -e switch.
[ERROR] Re-run Maven using the -X switch to enable full debug logging.
[ERROR] 
[ERROR] For more information about the errors and possible solutions, please read the following articles:
[ERROR] [Help 1] http://cwiki.apache.org/confluence/display/MAVEN/MojoFailureException
[ERROR] 
[ERROR] After correcting the problems, you can resume the build with the command
[ERROR]   mvn <goals> -rf :wdtk-wikibaseapi
travis_time:end:0c49bf62:start=1643514966939603507,finish=1643515004370831142,duration=37431227635,event=script[0K[31;1mThe command "mvn test jacoco:report" exited with 1.[0m
travis_fold:start:cache.2[0Kstore build cache
travis_time:start:11d16100[0Ktravis_time:end:11d16100:start=1643515004379671059,finish=1643515004385437009,duration=5765950,event=cache[0Ktravis_time:start:049b0f66[0K[32;1mchanges detected, packing new archive[0m
[32;1muploading /[0m
[31;1mfailed to upload cache[0m
travis_time:end:049b0f66:start=1643515004394083673,finish=1643515008986502004,duration=4592418331,event=cache[0Ktravis_fold:end:cache.2[0K

Done. Your build exited with 1.
