travis_fold:start:system_info[0K[33;1mBuild system information[0m
Build language: java
Build group: stable
Build dist: precise
Build id: ''
Job id: ''
[34m[1mBuild image provisioning date and time[0m
Thu Feb  5 15:09:33 UTC 2015
[34m[1mOperating System Details[0m
Distributor ID:	Ubuntu
Description:	Ubuntu 12.04.5 LTS
Release:	12.04
Codename:	precise
[34m[1mLinux Version[0m
3.13.0-29-generic
[34m[1mCookbooks Version[0m
a68419e https://github.com/travis-ci/travis-cookbooks/tree/a68419e
[34m[1mGCC version[0m
gcc (Ubuntu/Linaro 4.6.3-1ubuntu5) 4.6.3
Copyright (C) 2011 Free Software Foundation, Inc.
This is free software; see the source for copying conditions.  There is NO
warranty; not even for MERCHANTABILITY or FITNESS FOR A PARTICULAR PURPOSE.

[34m[1mLLVM version[0m
clang version 3.4 (tags/RELEASE_34/final)
Target: x86_64-unknown-linux-gnu
Thread model: posix
[34m[1mPre-installed Ruby versions[0m
ruby-1.9.3-p551
[34m[1mPre-installed Node.js versions[0m
v0.10.36
[34m[1mPre-installed Go versions[0m
1.4.1
[34m[1mRedis version[0m
redis-server 2.8.19
[34m[1mriak version[0m
2.0.2
[34m[1mMongoDB version[0m
MongoDB 2.4.12
[34m[1mCouchDB version[0m
couchdb 1.6.1
[34m[1mNeo4j version[0m
1.9.4
[34m[1mRabbitMQ Version[0m
3.4.3
[34m[1mElasticSearch version[0m
1.4.0
[34m[1mInstalled Sphinx versions[0m
2.0.10
2.1.9
2.2.6
[34m[1mDefault Sphinx version[0m
2.2.6
[34m[1mInstalled Firefox version[0m
firefox 31.0esr
[34m[1mPhantomJS version[0m
1.9.8
[34m[1mant -version[0m
Apache Ant(TM) version 1.8.2 compiled on December 3 2011
[34m[1mmvn -version[0m
Apache Maven 3.2.5 (12a6b3acb947671f09b81f49094c53f426d8cea1; 2014-12-14T17:29:23+00:00)
Maven home: /usr/local/maven
Java version: 1.7.0_76, vendor: Oracle Corporation
Java home: /usr/lib/jvm/java-7-oracle/jre
Default locale: en_US, platform encoding: ANSI_X3.4-1968
OS name: "linux", version: "3.13.0-29-generic", arch: "amd64", family: "unix"
travis_fold:end:system_info[0K
W: Failed to fetch http://us.archive.ubuntu.com/ubuntu/dists/precise/main/source/Sources  404  Not Found [IP: 91.189.91.38 80]

W: Failed to fetch http://us.archive.ubuntu.com/ubuntu/dists/precise/restricted/source/Sources  404  Not Found [IP: 91.189.91.38 80]

W: Failed to fetch http://us.archive.ubuntu.com/ubuntu/dists/precise/universe/source/Sources  404  Not Found [IP: 91.189.91.38 80]

W: Failed to fetch http://us.archive.ubuntu.com/ubuntu/dists/precise/multiverse/source/Sources  404  Not Found [IP: 91.189.91.38 80]

W: Failed to fetch http://us.archive.ubuntu.com/ubuntu/dists/precise/main/binary-amd64/Packages  404  Not Found [IP: 91.189.91.38 80]

W: Failed to fetch http://us.archive.ubuntu.com/ubuntu/dists/precise/restricted/binary-amd64/Packages  404  Not Found [IP: 91.189.91.38 80]

W: Failed to fetch http://us.archive.ubuntu.com/ubuntu/dists/precise/universe/binary-amd64/Packages  404  Not Found [IP: 91.189.91.38 80]

W: Failed to fetch http://us.archive.ubuntu.com/ubuntu/dists/precise/multiverse/binary-amd64/Packages  404  Not Found [IP: 91.189.91.38 80]

W: Failed to fetch http://us.archive.ubuntu.com/ubuntu/dists/precise/main/binary-i386/Packages  404  Not Found [IP: 91.189.91.38 80]

W: Failed to fetch http://us.archive.ubuntu.com/ubuntu/dists/precise/restricted/binary-i386/Packages  404  Not Found [IP: 91.189.91.38 80]

W: Failed to fetch http://us.archive.ubuntu.com/ubuntu/dists/precise/universe/binary-i386/Packages  404  Not Found [IP: 91.189.91.38 80]

W: Failed to fetch http://us.archive.ubuntu.com/ubuntu/dists/precise/multiverse/binary-i386/Packages  404  Not Found [IP: 91.189.91.38 80]

W: Failed to fetch http://us.archive.ubuntu.com/ubuntu/dists/precise-updates/main/source/Sources  404  Not Found [IP: 91.189.91.38 80]

W: Failed to fetch http://us.archive.ubuntu.com/ubuntu/dists/precise-updates/restricted/source/Sources  404  Not Found [IP: 91.189.91.38 80]

W: Failed to fetch http://us.archive.ubuntu.com/ubuntu/dists/precise-updates/universe/source/Sources  404  Not Found [IP: 91.189.91.38 80]

W: Failed to fetch http://us.archive.ubuntu.com/ubuntu/dists/precise-updates/multiverse/source/Sources  404  Not Found [IP: 91.189.91.38 80]

W: Failed to fetch http://us.archive.ubuntu.com/ubuntu/dists/precise-updates/main/binary-amd64/Packages  404  Not Found [IP: 91.189.91.38 80]

W: Failed to fetch http://us.archive.ubuntu.com/ubuntu/dists/precise-updates/restricted/binary-amd64/Packages  404  Not Found [IP: 91.189.91.38 80]

W: Failed to fetch http://us.archive.ubuntu.com/ubuntu/dists/precise-updates/universe/binary-amd64/Packages  404  Not Found [IP: 91.189.91.38 80]

W: Failed to fetch http://us.archive.ubuntu.com/ubuntu/dists/precise-updates/multiverse/binary-amd64/Packages  404  Not Found [IP: 91.189.91.38 80]

W: Failed to fetch http://us.archive.ubuntu.com/ubuntu/dists/precise-updates/main/binary-i386/Packages  404  Not Found [IP: 91.189.91.38 80]

W: Failed to fetch http://us.archive.ubuntu.com/ubuntu/dists/precise-updates/restricted/binary-i386/Packages  404  Not Found [IP: 91.189.91.38 80]

W: Failed to fetch http://us.archive.ubuntu.com/ubuntu/dists/precise-updates/universe/binary-i386/Packages  404  Not Found [IP: 91.189.91.38 80]

W: Failed to fetch http://us.archive.ubuntu.com/ubuntu/dists/precise-updates/multiverse/binary-i386/Packages  404  Not Found [IP: 91.189.91.38 80]

W: Failed to fetch http://us.archive.ubuntu.com/ubuntu/dists/precise-backports/main/source/Sources  404  Not Found [IP: 91.189.91.38 80]

W: Failed to fetch http://us.archive.ubuntu.com/ubuntu/dists/precise-backports/restricted/source/Sources  404  Not Found [IP: 91.189.91.38 80]

W: Failed to fetch http://us.archive.ubuntu.com/ubuntu/dists/precise-backports/universe/source/Sources  404  Not Found [IP: 91.189.91.38 80]

W: Failed to fetch http://us.archive.ubuntu.com/ubuntu/dists/precise-backports/multiverse/source/Sources  404  Not Found [IP: 91.189.91.38 80]

W: Failed to fetch http://us.archive.ubuntu.com/ubuntu/dists/precise-backports/main/binary-amd64/Packages  404  Not Found [IP: 91.189.91.38 80]

W: Failed to fetch http://us.archive.ubuntu.com/ubuntu/dists/precise-backports/restricted/binary-amd64/Packages  404  Not Found [IP: 91.189.91.38 80]

W: Failed to fetch http://us.archive.ubuntu.com/ubuntu/dists/precise-backports/universe/binary-amd64/Packages  404  Not Found [IP: 91.189.91.38 80]

W: Failed to fetch http://us.archive.ubuntu.com/ubuntu/dists/precise-backports/multiverse/binary-amd64/Packages  404  Not Found [IP: 91.189.91.38 80]

W: Failed to fetch http://us.archive.ubuntu.com/ubuntu/dists/precise-backports/main/binary-i386/Packages  404  Not Found [IP: 91.189.91.38 80]

W: Failed to fetch http://us.archive.ubuntu.com/ubuntu/dists/precise-backports/restricted/binary-i386/Packages  404  Not Found [IP: 91.189.91.38 80]

W: Failed to fetch http://us.archive.ubuntu.com/ubuntu/dists/precise-backports/universe/binary-i386/Packages  404  Not Found [IP: 91.189.91.38 80]

W: Failed to fetch http://us.archive.ubuntu.com/ubuntu/dists/precise-backports/multiverse/binary-i386/Packages  404  Not Found [IP: 91.189.91.38 80]

W: Failed to fetch http://security.ubuntu.com/ubuntu/dists/precise-security/main/source/Sources  404  Not Found [IP: 91.189.88.152 80]

W: Failed to fetch http://security.ubuntu.com/ubuntu/dists/precise-security/restricted/source/Sources  404  Not Found [IP: 91.189.88.152 80]

W: Failed to fetch http://security.ubuntu.com/ubuntu/dists/precise-security/universe/source/Sources  404  Not Found [IP: 91.189.88.152 80]

W: Failed to fetch http://security.ubuntu.com/ubuntu/dists/precise-security/multiverse/source/Sources  404  Not Found [IP: 91.189.88.152 80]

W: Failed to fetch http://security.ubuntu.com/ubuntu/dists/precise-security/main/binary-amd64/Packages  404  Not Found [IP: 91.189.88.152 80]

W: Failed to fetch http://security.ubuntu.com/ubuntu/dists/precise-security/restricted/binary-amd64/Packages  404  Not Found [IP: 91.189.88.152 80]

W: Failed to fetch http://security.ubuntu.com/ubuntu/dists/precise-security/universe/binary-amd64/Packages  404  Not Found [IP: 91.189.88.152 80]

W: Failed to fetch http://security.ubuntu.com/ubuntu/dists/precise-security/multiverse/binary-amd64/Packages  404  Not Found [IP: 91.189.88.152 80]

W: Failed to fetch http://security.ubuntu.com/ubuntu/dists/precise-security/main/binary-i386/Packages  404  Not Found [IP: 91.189.88.152 80]

W: Failed to fetch http://security.ubuntu.com/ubuntu/dists/precise-security/restricted/binary-i386/Packages  404  Not Found [IP: 91.189.88.152 80]

W: Failed to fetch http://security.ubuntu.com/ubuntu/dists/precise-security/universe/binary-i386/Packages  404  Not Found [IP: 91.189.88.152 80]

W: Failed to fetch http://security.ubuntu.com/ubuntu/dists/precise-security/multiverse/binary-i386/Packages  404  Not Found [IP: 91.189.88.152 80]

W: Failed to fetch http://apt.postgresql.org/pub/repos/apt/dists/precise-pgdg/main/binary-amd64/Packages  404  Not Found [IP: 147.75.85.69 80]

W: Failed to fetch http://apt.postgresql.org/pub/repos/apt/dists/precise-pgdg/main/binary-i386/Packages  404  Not Found [IP: 147.75.85.69 80]

W: Failed to fetch http://ppa.launchpad.net/rwky/ppa/ubuntu/dists/precise/main/binary-amd64/Packages  403  Forbidden

W: Failed to fetch http://ppa.launchpad.net/rwky/ppa/ubuntu/dists/precise/main/binary-i386/Packages  403  Forbidden

W: Failed to fetch http://ppa.launchpad.net/travis-ci/zero-mq/ubuntu/dists/precise/main/binary-amd64/Packages  403  Forbidden

W: Failed to fetch http://ppa.launchpad.net/travis-ci/zero-mq/ubuntu/dists/precise/main/binary-i386/Packages  403  Forbidden

W: Failed to fetch http://downloads-distro.mongodb.org/repo/debian-sysvinit/dists/dist/10gen/binary-amd64/Packages  Undetermined Error [IP: 54.175.147.155 80]

W: Failed to fetch http://downloads-distro.mongodb.org/repo/debian-sysvinit/dists/dist/10gen/binary-i386/Packages  Undetermined Error [IP: 54.175.147.155 80]

E: Some index files failed to download. They have been ignored, or old ones used instead.
sed: cannot rename /etc/hosts: Device or resource busy
sed: cannot rename /etc/hosts: Device or resource busy
$ jdk_switcher use oraclejdk8
Switching to Oracle JDK8 (java-8-oracle), JAVA_HOME will be set to /usr/lib/jvm/java-8-oracle
$ cd failed/yamcs/yamcs
travis_fold:start:cache.1[0KSetting up build cache
$ export CASHER_DIR=$HOME/.casher
travis_time:start:0fdf140c[0K
travis_time:end:0fdf140c:start=1643475551644891696,finish=1643475551653101882,duration=8210186[0Ktravis_time:start:027ff974[0K/home/travis/.casher/bin/casher:213:in `cache_archive_name': undefined method `[]' for nil:NilClass (NoMethodError)
	from /home/travis/.casher/bin/casher:65:in `block in fetch'
	from /home/travis/.casher/bin/casher:64:in `each'
	from /home/travis/.casher/bin/casher:64:in `fetch'
	from /home/travis/.casher/bin/casher:53:in `block in run'
	from /home/travis/.rvm/rubies/ruby-1.9.3-p551/lib/ruby/1.9.1/timeout.rb:69:in `timeout'
	from /home/travis/.casher/bin/casher:53:in `run'
	from /home/travis/.casher/bin/casher:263:in `<main>'
[32;1mattempting to download cache archive[0m

travis_time:end:027ff974:start=1643475551662414143,finish=1643475552397131374,duration=734717231[0Ktravis_time:start:091f7a50[0K
travis_time:end:091f7a50:start=1643475552405263532,finish=1643475552413196835,duration=7933303[0Ktravis_time:start:03fd789e[0K[32;1madding /home/travis/.m2 to cache[0m

travis_time:end:03fd789e:start=1643475552422469413,finish=1643475553322962457,duration=900493044[0Ktravis_fold:end:cache.1[0K$ java -Xmx32m -version
java version "1.8.0_31"
Java(TM) SE Runtime Environment (build 1.8.0_31-b13)
Java HotSpot(TM) 64-Bit Server VM (build 25.31-b07, mixed mode)
$ javac -J-Xmx32m -version
javac 1.8.0_31
travis_fold:start:install[0Ktravis_time:start:0927aa3a[0K$ mvn -o install -Dhttps.protocols=TLSv1.2 -DskipTests=true -Dmaven.javadoc.skip=true -B -V
Java HotSpot(TM) 64-Bit Server VM warning: ignoring option MaxPermSize=192m; support was removed in 8.0
Apache Maven 3.2.5 (12a6b3acb947671f09b81f49094c53f426d8cea1; 2014-12-14T17:29:23+00:00)
Maven home: /usr/local/maven
Java version: 1.8.0_31, vendor: Oracle Corporation
Java home: /usr/lib/jvm/java-8-oracle/jre
Default locale: en_US, platform encoding: UTF-8
OS name: "linux", version: "4.15.0-109-generic", arch: "amd64", family: "unix"
[INFO] Scanning for projects...
[INFO] ------------------------------------------------------------------------
[INFO] Reactor Build Order:
[INFO] 
[INFO] Yamcs
[INFO] Yamcs API
[INFO] Yamcs XTCE
[INFO] Yamcs Core
[INFO] Yamcs Simulation
[INFO]                                                                         
[INFO] ------------------------------------------------------------------------
[INFO] Building Yamcs 0.30.0
[INFO] ------------------------------------------------------------------------
[INFO] 
[INFO] --- maven-source-plugin:2.2.1:jar-no-fork (attach-sources) @ yamcs ---
[INFO] 
[INFO] --- maven-install-plugin:2.4:install (default-install) @ yamcs ---
[INFO] Installing /home/travis/build/failed/yamcs/yamcs/pom.xml to /home/travis/.m2/repository/org/yamcs/yamcs/0.30.0/yamcs-0.30.0.pom
[INFO]                                                                         
[INFO] ------------------------------------------------------------------------
[INFO] Building Yamcs API 0.30.0
[INFO] ------------------------------------------------------------------------
[INFO] 
[INFO] --- maven-resources-plugin:2.6:resources (default-resources) @ yamcs-api ---
[INFO] Using 'UTF-8' encoding to copy filtered resources.
[INFO] Copying 1 resource
[INFO] 
[INFO] --- maven-compiler-plugin:2.3.2:compile (default-compile) @ yamcs-api ---
[INFO] Nothing to compile - all classes are up to date
[INFO] 
[INFO] --- maven-resources-plugin:2.6:testResources (default-testResources) @ yamcs-api ---
[INFO] Using 'UTF-8' encoding to copy filtered resources.
[INFO] skip non existing resourceDirectory /home/travis/build/failed/yamcs/yamcs/yamcs-api/src/test/resources
[INFO] 
[INFO] --- maven-compiler-plugin:2.3.2:testCompile (default-testCompile) @ yamcs-api ---
[INFO] Nothing to compile - all classes are up to date
[INFO] 
[INFO] --- maven-surefire-plugin:2.19.1:test (default-test) @ yamcs-api ---
[INFO] Tests are skipped.
[INFO] 
[INFO] --- maven-jar-plugin:2.4:jar (default-jar) @ yamcs-api ---
[INFO] 
[INFO] --- maven-source-plugin:2.2.1:jar-no-fork (attach-sources) @ yamcs-api ---
[INFO] 
[INFO] --- maven-install-plugin:2.4:install (default-install) @ yamcs-api ---
[INFO] Installing /home/travis/build/failed/yamcs/yamcs/yamcs-api/target/yamcs-api-0.30.0.jar to /home/travis/.m2/repository/org/yamcs/yamcs-api/0.30.0/yamcs-api-0.30.0.jar
[INFO] Installing /home/travis/build/failed/yamcs/yamcs/yamcs-api/pom.xml to /home/travis/.m2/repository/org/yamcs/yamcs-api/0.30.0/yamcs-api-0.30.0.pom
[INFO] Installing /home/travis/build/failed/yamcs/yamcs/yamcs-api/target/yamcs-api-0.30.0-sources.jar to /home/travis/.m2/repository/org/yamcs/yamcs-api/0.30.0/yamcs-api-0.30.0-sources.jar
[INFO]                                                                         
[INFO] ------------------------------------------------------------------------
[INFO] Building Yamcs XTCE 0.30.0
[INFO] ------------------------------------------------------------------------
[INFO] 
[INFO] --- maven-resources-plugin:2.6:resources (default-resources) @ yamcs-xtce ---
[INFO] Using 'UTF-8' encoding to copy filtered resources.
[INFO] Copying 1 resource
[INFO] 
[INFO] --- maven-compiler-plugin:2.3.2:compile (default-compile) @ yamcs-xtce ---
[INFO] Nothing to compile - all classes are up to date
[INFO] 
[INFO] --- maven-resources-plugin:2.6:testResources (default-testResources) @ yamcs-xtce ---
[INFO] Using 'UTF-8' encoding to copy filtered resources.
[INFO] skip non existing resourceDirectory /home/travis/build/failed/yamcs/yamcs/yamcs-xtce/src/test/resources
[INFO] 
[INFO] --- maven-compiler-plugin:2.3.2:testCompile (default-testCompile) @ yamcs-xtce ---
[INFO] Nothing to compile - all classes are up to date
[INFO] 
[INFO] --- maven-surefire-plugin:2.19.1:test (default-test) @ yamcs-xtce ---
[INFO] Tests are skipped.
[INFO] 
[INFO] --- maven-jar-plugin:2.4:jar (default-jar) @ yamcs-xtce ---
[INFO] Building jar: /home/travis/build/failed/yamcs/yamcs/yamcs-xtce/target/yamcs-xtce-0.30.0.jar
[INFO] 
[INFO] --- maven-source-plugin:2.2.1:jar-no-fork (attach-sources) @ yamcs-xtce ---
[INFO] 
[INFO] --- maven-install-plugin:2.4:install (default-install) @ yamcs-xtce ---
[INFO] Installing /home/travis/build/failed/yamcs/yamcs/yamcs-xtce/target/yamcs-xtce-0.30.0.jar to /home/travis/.m2/repository/org/yamcs/yamcs-xtce/0.30.0/yamcs-xtce-0.30.0.jar
[INFO] Installing /home/travis/build/failed/yamcs/yamcs/yamcs-xtce/pom.xml to /home/travis/.m2/repository/org/yamcs/yamcs-xtce/0.30.0/yamcs-xtce-0.30.0.pom
[INFO] Installing /home/travis/build/failed/yamcs/yamcs/yamcs-xtce/target/yamcs-xtce-0.30.0-sources.jar to /home/travis/.m2/repository/org/yamcs/yamcs-xtce/0.30.0/yamcs-xtce-0.30.0-sources.jar
[INFO]                                                                         
[INFO] ------------------------------------------------------------------------
[INFO] Building Yamcs Core 0.30.0
[INFO] ------------------------------------------------------------------------
[INFO] 
[INFO] --- build-helper-maven-plugin:1.11:add-source (add-source) @ yamcs-core ---
[INFO] Source directory: /home/travis/build/failed/yamcs/yamcs/yamcs-core/target/generated-sources/version added.
[INFO] 
[INFO] --- maven-antrun-plugin:1.3:run (generate-version) @ yamcs-core ---
[INFO] Executing tasks
[INFO] Executed tasks
[INFO] 
[INFO] --- maven-resources-plugin:2.6:resources (default-resources) @ yamcs-core ---
[INFO] Using 'UTF-8' encoding to copy filtered resources.
[INFO] Copying 31 resources
[INFO] 
[INFO] --- maven-compiler-plugin:2.3.2:compile (default-compile) @ yamcs-core ---
[INFO] Nothing to compile - all classes are up to date
[INFO] 
[INFO] --- maven-resources-plugin:2.6:testResources (default-testResources) @ yamcs-core ---
[INFO] Using 'UTF-8' encoding to copy filtered resources.
[INFO] Copying 40 resources
[INFO] Copying 20 resources
[INFO] 
[INFO] --- maven-compiler-plugin:2.3.2:testCompile (default-testCompile) @ yamcs-core ---
[INFO] Nothing to compile - all classes are up to date
[INFO] 
[INFO] --- maven-surefire-plugin:2.19.1:test (default-test) @ yamcs-core ---
[INFO] Tests are skipped.
[INFO] 
[INFO] --- maven-jar-plugin:2.4:jar (default-jar) @ yamcs-core ---
[INFO] 
[INFO] --- maven-dependency-plugin:2.8:copy-dependencies (copy-dependencies) @ yamcs-core ---
[INFO] Copying yamcs-xtce-0.30.0.jar to /home/travis/build/failed/yamcs/yamcs/yamcs-core/lib/yamcs-xtce-0.30.0.jar
[INFO] protobuf-java-2.5.0.jar already exists in destination.
[INFO] protostuff-json-1.4.0.jar already exists in destination.
[INFO] slf4j-jdk14-1.7.1.jar already exists in destination.
[INFO] janino-2.5.15.jar already exists in destination.
[INFO] artemis-commons-1.3.0.jar already exists in destination.
[INFO] commons-collections-3.2.1.jar already exists in destination.
[INFO] artemis-jdbc-store-1.3.0.jar already exists in destination.
[INFO] javacsv-2.0.jar already exists in destination.
[INFO] rocksdbjni-4.11.2.jar already exists in destination.
[INFO] artemis-server-1.3.0.jar already exists in destination.
[INFO] artemis-selector-1.3.0.jar already exists in destination.
[INFO] slf4j-api-1.7.1.jar already exists in destination.
[INFO] jgroups-3.6.9.Final.jar already exists in destination.
[INFO] netty-all-4.0.32.Final.jar already exists in destination.
[INFO] jackson-core-2.7.1.jar already exists in destination.
[INFO] artemis-native-1.3.0.jar already exists in destination.
[INFO] snakeyaml-1.9.jar already exists in destination.
[INFO] commons-logging-1.1.1.jar already exists in destination.
[INFO] commons-beanutils-1.9.2.jar already exists in destination.
[INFO] log4j-1.2.14.jar already exists in destination.
[INFO] artemis-journal-1.3.0.jar already exists in destination.
[INFO] jxl-2.6.10.jar already exists in destination.
[INFO] guava-18.0.jar already exists in destination.
[INFO] jdatepicker-1.3.2.jar already exists in destination.
[INFO] protostuff-api-1.4.0.jar already exists in destination.
[INFO] yamcs-api-0.30.0.jar already exists in destination.
[INFO] jboss-logging-3.3.0.Final.jar already exists in destination.
[INFO] artemis-core-client-1.3.0.jar already exists in destination.
[INFO] 
[INFO] --- maven-source-plugin:2.2.1:jar-no-fork (attach-sources) @ yamcs-core ---
[INFO] 
[INFO] --- maven-install-plugin:2.4:install (default-install) @ yamcs-core ---
[INFO] Installing /home/travis/build/failed/yamcs/yamcs/yamcs-core/target/yamcs-core-0.30.0.jar to /home/travis/.m2/repository/org/yamcs/yamcs-core/0.30.0/yamcs-core-0.30.0.jar
[INFO] Installing /home/travis/build/failed/yamcs/yamcs/yamcs-core/pom.xml to /home/travis/.m2/repository/org/yamcs/yamcs-core/0.30.0/yamcs-core-0.30.0.pom
[INFO] Installing /home/travis/build/failed/yamcs/yamcs/yamcs-core/target/yamcs-core-0.30.0-sources.jar to /home/travis/.m2/repository/org/yamcs/yamcs-core/0.30.0/yamcs-core-0.30.0-sources.jar
[INFO]                                                                         
[INFO] ------------------------------------------------------------------------
[INFO] Building Yamcs Simulation 0.30.0
[INFO] ------------------------------------------------------------------------
[INFO] 
[INFO] --- maven-resources-plugin:2.6:resources (default-resources) @ yamcs-simulation ---
[INFO] Using 'UTF-8' encoding to copy filtered resources.
[INFO] Copying 2 resources
[INFO] 
[INFO] --- maven-compiler-plugin:2.3.2:compile (default-compile) @ yamcs-simulation ---
[INFO] Nothing to compile - all classes are up to date
[INFO] 
[INFO] --- maven-resources-plugin:2.6:testResources (default-testResources) @ yamcs-simulation ---
[INFO] Using 'UTF-8' encoding to copy filtered resources.
[INFO] Copying 5 resources
[INFO] 
[INFO] --- maven-compiler-plugin:2.3.2:testCompile (default-testCompile) @ yamcs-simulation ---
[INFO] Nothing to compile - all classes are up to date
[INFO] 
[INFO] --- maven-surefire-plugin:2.19.1:test (default-test) @ yamcs-simulation ---
[INFO] Tests are skipped.
[INFO] 
[INFO] --- maven-jar-plugin:2.4:jar (default-jar) @ yamcs-simulation ---
[INFO] 
[INFO] --- maven-source-plugin:2.2.1:jar-no-fork (attach-sources) @ yamcs-simulation ---
[INFO] 
[INFO] --- maven-install-plugin:2.4:install (default-install) @ yamcs-simulation ---
[INFO] Installing /home/travis/build/failed/yamcs/yamcs/yamcs-simulation/target/yamcs-simulation-0.30.0.jar to /home/travis/.m2/repository/org/yamcs/yamcs-simulation/0.30.0/yamcs-simulation-0.30.0.jar
[INFO] Installing /home/travis/build/failed/yamcs/yamcs/yamcs-simulation/pom.xml to /home/travis/.m2/repository/org/yamcs/yamcs-simulation/0.30.0/yamcs-simulation-0.30.0.pom
[INFO] Installing /home/travis/build/failed/yamcs/yamcs/yamcs-simulation/target/yamcs-simulation-0.30.0-sources.jar to /home/travis/.m2/repository/org/yamcs/yamcs-simulation/0.30.0/yamcs-simulation-0.30.0-sources.jar
[INFO] ------------------------------------------------------------------------
[INFO] Reactor Summary:
[INFO] 
[INFO] Yamcs .............................................. SUCCESS [  4.690 s]
[INFO] Yamcs API .......................................... SUCCESS [  6.878 s]
[INFO] Yamcs XTCE ......................................... SUCCESS [  1.913 s]
[INFO] Yamcs Core ......................................... SUCCESS [ 28.025 s]
[INFO] Yamcs Simulation ................................... SUCCESS [  3.199 s]
[INFO] ------------------------------------------------------------------------
[INFO] BUILD SUCCESS
[INFO] ------------------------------------------------------------------------
[INFO] Total time: 45.245 s
[INFO] Finished at: 2022-01-29T16:59:59+00:00
[INFO] Final Memory: 17M/293M
[INFO] ------------------------------------------------------------------------

travis_time:end:0927aa3a:start=1643475553626284440,finish=1643475600182107519,duration=46555823079[0Ktravis_fold:end:install[0Ktravis_time:start:0b523366[0K$ mvn -o -Dhttps.protocols=TLSv1.2 -Dsurefire.useFile=false test
Java HotSpot(TM) 64-Bit Server VM warning: ignoring option MaxPermSize=192m; support was removed in 8.0
[INFO] Scanning for projects...
[INFO] ------------------------------------------------------------------------
[INFO] Reactor Build Order:
[INFO] 
[INFO] Yamcs
[INFO] Yamcs API
[INFO] Yamcs XTCE
[INFO] Yamcs Core
[INFO] Yamcs Simulation
[INFO]                                                                         
[INFO] ------------------------------------------------------------------------
[INFO] Building Yamcs 0.30.0
[INFO] ------------------------------------------------------------------------
[INFO]                                                                         
[INFO] ------------------------------------------------------------------------
[INFO] Building Yamcs API 0.30.0
[INFO] ------------------------------------------------------------------------
[INFO] 
[INFO] --- maven-resources-plugin:2.6:resources (default-resources) @ yamcs-api ---
[INFO] Using 'UTF-8' encoding to copy filtered resources.
[INFO] Copying 1 resource
[INFO] 
[INFO] --- maven-compiler-plugin:2.3.2:compile (default-compile) @ yamcs-api ---
[INFO] Nothing to compile - all classes are up to date
[INFO] 
[INFO] --- maven-resources-plugin:2.6:testResources (default-testResources) @ yamcs-api ---
[INFO] Using 'UTF-8' encoding to copy filtered resources.
[INFO] skip non existing resourceDirectory /home/travis/build/failed/yamcs/yamcs/yamcs-api/src/test/resources
[INFO] 
[INFO] --- maven-compiler-plugin:2.3.2:testCompile (default-testCompile) @ yamcs-api ---
[INFO] Nothing to compile - all classes are up to date
[INFO] 
[INFO] --- maven-surefire-plugin:2.19.1:test (default-test) @ yamcs-api ---

-------------------------------------------------------
 T E S T S
-------------------------------------------------------
Running org.yamcs.api.AbstractEventProducerTest
Tests run: 5, Failures: 0, Errors: 0, Skipped: 0, Time elapsed: 0.211 sec - in org.yamcs.api.AbstractEventProducerTest
Running org.yamcs.utils.TaiUtcConverterTest
Tests run: 2, Failures: 0, Errors: 0, Skipped: 0, Time elapsed: 0.001 sec - in org.yamcs.utils.TaiUtcConverterTest
Running org.yamcs.utils.TimeEncodingTest
sdf,format:2010-12-31T23:59:59.000
d=Fri Dec 31 23:59:59 UTC 2010
cal=Fri Dec 31 23:59:59 UTC 2010
hod=23
s=2010-12-31T23:59:59.000
Tests run: 15, Failures: 0, Errors: 0, Skipped: 0, Time elapsed: 0.007 sec - in org.yamcs.utils.TimeEncodingTest

Results :

Tests run: 22, Failures: 0, Errors: 0, Skipped: 0

[INFO]                                                                         
[INFO] ------------------------------------------------------------------------
[INFO] Building Yamcs XTCE 0.30.0
[INFO] ------------------------------------------------------------------------
[INFO] 
[INFO] --- maven-resources-plugin:2.6:resources (default-resources) @ yamcs-xtce ---
[INFO] Using 'UTF-8' encoding to copy filtered resources.
[INFO] Copying 1 resource
[INFO] 
[INFO] --- maven-compiler-plugin:2.3.2:compile (default-compile) @ yamcs-xtce ---
[INFO] Nothing to compile - all classes are up to date
[INFO] 
[INFO] --- maven-resources-plugin:2.6:testResources (default-testResources) @ yamcs-xtce ---
[INFO] Using 'UTF-8' encoding to copy filtered resources.
[INFO] skip non existing resourceDirectory /home/travis/build/failed/yamcs/yamcs/yamcs-xtce/src/test/resources
[INFO] 
[INFO] --- maven-compiler-plugin:2.3.2:testCompile (default-testCompile) @ yamcs-xtce ---
[INFO] Nothing to compile - all classes are up to date
[INFO] 
[INFO] --- maven-surefire-plugin:2.19.1:test (default-test) @ yamcs-xtce ---

-------------------------------------------------------
 T E S T S
-------------------------------------------------------
Running org.yamcs.xtce.HistoryTest
Tests run: 2, Failures: 0, Errors: 0, Skipped: 0, Time elapsed: 0.043 sec - in org.yamcs.xtce.HistoryTest

Results :

Tests run: 2, Failures: 0, Errors: 0, Skipped: 0

[INFO]                                                                         
[INFO] ------------------------------------------------------------------------
[INFO] Building Yamcs Core 0.30.0
[INFO] ------------------------------------------------------------------------
[INFO] 
[INFO] --- build-helper-maven-plugin:1.11:add-source (add-source) @ yamcs-core ---
[INFO] Source directory: /home/travis/build/failed/yamcs/yamcs/yamcs-core/target/generated-sources/version added.
[INFO] 
[INFO] --- maven-antrun-plugin:1.3:run (generate-version) @ yamcs-core ---
[INFO] Executing tasks
[INFO] Executed tasks
[INFO] 
[INFO] --- maven-resources-plugin:2.6:resources (default-resources) @ yamcs-core ---
[INFO] Using 'UTF-8' encoding to copy filtered resources.
[INFO] Copying 31 resources
[INFO] 
[INFO] --- maven-compiler-plugin:2.3.2:compile (default-compile) @ yamcs-core ---
[INFO] Nothing to compile - all classes are up to date
[INFO] 
[INFO] --- maven-resources-plugin:2.6:testResources (default-testResources) @ yamcs-core ---
[INFO] Using 'UTF-8' encoding to copy filtered resources.
[INFO] Copying 40 resources
[INFO] Copying 20 resources
[INFO] 
[INFO] --- maven-compiler-plugin:2.3.2:testCompile (default-testCompile) @ yamcs-core ---
[INFO] Nothing to compile - all classes are up to date
[INFO] 
[INFO] --- maven-surefire-plugin:2.19.1:test (default-test) @ yamcs-core ---

-------------------------------------------------------
 T E S T S
-------------------------------------------------------
Running org.yamcs.AlarmTest
Tests run: 5, Failures: 0, Errors: 0, Skipped: 0, Time elapsed: 1.316 sec - in org.yamcs.AlarmTest
Running org.yamcs.ContainerRequestManagerTest
Tests run: 1, Failures: 0, Errors: 0, Skipped: 0, Time elapsed: 0.611 sec - in org.yamcs.ContainerRequestManagerTest
Running org.yamcs.IntegrationTest
Jan 29 17:00:11.584 [1] org.yamcs.web.WebConfig <init> WARNING:Property 'webPort' in yamcs.yaml is deprecated. Instead nest new property 'port' under 'webConfig'.
Jan 29 17:00:11.590 [1] org.yamcs.web.WebConfig <init> WARNING:Property 'webRoot' in yamcs.yaml is deprecated. Instead nest 'webRoot' under 'webConfig'.
log4j:WARN No appenders could be found for logger (org.apache.commons.beanutils.converters.BooleanConverter).
log4j:WARN Please initialize the log4j system properly.
Jan 29 17:00:14.730 [1] org.apache.activemq.artemis.core.server start INFO:AMQ221000: live Message Broker is starting with configuration Broker Configuration (clustered=false,journalDirectory=data/journal,bindingsDirectory=data/bindings,largeMessagesDirectory=data/largemessages,pagingDirectory=data/paging)
Jan 29 17:00:14.888 [1] org.apache.activemq.artemis.core.server <init> INFO:AMQ221043: Protocol module found: [artemis-server]. Adding protocol support for: CORE
Jan 29 17:00:15.134 [1] org.apache.activemq.artemis.core.server start INFO:AMQ221020: Started Acceptor at 0.0.0.0:5445 for protocols [CORE]
Jan 29 17:00:15.134 [1] org.apache.activemq.artemis.core.server run INFO:AMQ221007: Server is now live
Jan 29 17:00:15.135 [1] org.apache.activemq.artemis.core.server start INFO:AMQ221001: Apache ActiveMQ Artemis Message Broker version 1.3.0 [localhost, nodeID=ed942ede-8124-11ec-bcda-0242ac110010] 
Jan 29 17:00:40.453 [43] org.yamcs.web.rest.Router handleException WARNING:R10: Sending nominal exception back to client: Cannot find a local(software) parameter for 'name: "/REFMDB/SUBSYS1/IntegerPara1_1_6"
'
Jan 29 17:00:40.457 [43] org.yamcs.web.HttpRequestHandler sendError WARNING:POST /api/processors/IntegrationTest/realtime/parameters/mset 400
Jan 29 17:00:40.512 [45] org.yamcs.web.rest.Router handleException WARNING:R11: Sending nominal exception back to client: Cannot assign integer from STRING
Jan 29 17:00:40.512 [45] org.yamcs.web.HttpRequestHandler sendError WARNING:POST /api/processors/IntegrationTest/realtime/parameters/mset 400
Jan 29 17:00:43.802 [54] org.yamcs.web.rest.Router handleException WARNING:R16: Sending nominal exception back to client: Invalid parameters: [name: "/REFMDB/SUBSYS1/InvalidParaName"
]
Jan 29 17:00:43.803 [54] org.yamcs.web.HttpRequestHandler sendError WARNING:GET /api/processors/IntegrationTest/realtime/parameters/mget 400
Jan 29 17:00:46.852 [357] org.yamcs.web.rest.Router lambda$dispatch$3 SEVERE:R18 blocking the netty thread for 2 seconds. uri: /api/processors/IntegrationTest/realtime/parameters/mget
Jan 29 17:00:46.855 [1] org.yamcs.IntegrationTest testRestParameterGet SEVERE:GET  BACK                      { }

Jan 29 17:00:58.018 [1] org.yamcs.YamcsServer[IntegrationTest] stop SEVERE:Service IndexServer [STOPPING] did not stop in 10 seconds
Jan 29 17:00:58.044 [1097] org.apache.activemq.artemis.core.client fail WARNING:AMQ212037: Connection failure has been detected: AMQ119015: The connection was disconnected because of server shutdown [code=DISCONNECTED]
Jan 29 17:00:58.073 [1] org.apache.activemq.artemis.core.server stop INFO:AMQ221002: Apache ActiveMQ Artemis Message Broker version 1.3.0 [ed942ede-8124-11ec-bcda-0242ac110010] stopped, uptime 43.457 seconds
Tests run: 14, Failures: 0, Errors: 0, Skipped: 1, Time elapsed: 47.366 sec - in org.yamcs.IntegrationTest
Running org.yamcs.PermissionsTest
Jan 29 17:00:59.090 [1] org.yamcs.web.WebConfig <init> WARNING:Property 'webPort' in yamcs.yaml is deprecated. Instead nest new property 'port' under 'webConfig'.
Jan 29 17:00:59.096 [1] org.yamcs.web.WebConfig <init> WARNING:Property 'webRoot' in yamcs.yaml is deprecated. Instead nest 'webRoot' under 'webConfig'.
log4j:WARN No appenders could be found for logger (org.apache.commons.beanutils.converters.BooleanConverter).
log4j:WARN Please initialize the log4j system properly.
Jan 29 17:00:59.846 [1] org.apache.activemq.artemis.core.server start INFO:AMQ221000: live Message Broker is starting with configuration Broker Configuration (clustered=false,journalDirectory=data/journal,bindingsDirectory=data/bindings,largeMessagesDirectory=data/largemessages,pagingDirectory=data/paging)
Jan 29 17:00:59.885 [1] org.apache.activemq.artemis.core.server <init> INFO:AMQ221043: Protocol module found: [artemis-server]. Adding protocol support for: CORE
Jan 29 17:00:59.990 [1] org.apache.activemq.artemis.core.server start INFO:AMQ221020: Started Acceptor at 0.0.0.0:5445 for protocols [CORE]
Jan 29 17:00:59.991 [1] org.apache.activemq.artemis.core.server run INFO:AMQ221007: Server is now live
Jan 29 17:00:59.991 [1] org.apache.activemq.artemis.core.server start INFO:AMQ221001: Apache ActiveMQ Artemis Message Broker version 1.3.0 [localhost, nodeID=0884da87-8125-11ec-92c3-0242ac110010] 
Jan 29 17:01:04.397 [27] org.yamcs.security.YamlRealm loadUser WARNING:Unable to load user baduser/***** from YamlRealm: cannot find a mapping for key 'baduser'
Jan 29 17:01:04.400 [27] org.yamcs.web.HttpRequestHandler sendUnauthorized WARNING:GET /api/user 401 [realm="YamlRealm"]
Jan 29 17:01:07.178 [29] org.yamcs.security.YamlRealm getPrivileges WARNING:No privileges of type tm_parameter_privileges for role EmptyRole
Jan 29 17:01:07.178 [29] org.yamcs.security.YamlRealm getPrivileges WARNING:No privileges of type tm_parameter_set_privileges for role EmptyRole
Jan 29 17:01:07.178 [29] org.yamcs.security.YamlRealm getPrivileges WARNING:No privileges of type tm_packet_privileges for role EmptyRole
Jan 29 17:01:07.179 [29] org.yamcs.security.YamlRealm getPrivileges WARNING:No privileges of type tc_privileges for role EmptyRole
Jan 29 17:01:07.179 [29] org.yamcs.security.YamlRealm getPrivileges WARNING:No privileges of type system_privileges for role EmptyRole
Jan 29 17:01:07.195 [29] org.yamcs.web.rest.Router handleException SEVERE:R1: Reporting internal server error to client: org.yamcs.web.InternalServerErrorException: Exception creating the replay
	org.yamcs.web.rest.archive.RestReplays.replay(RestReplays.java:63)
	org.yamcs.web.rest.archive.ArchiveParameterRestHandler.listParameterHistory(ArchiveParameterRestHandler.java:169)
	org.yamcs.web.rest.Router.dispatch(Router.java:250)
	org.yamcs.web.rest.Router.handleHttpRequest(Router.java:188)
	org.yamcs.web.HttpRequestHandler.channelRead0(HttpRequestHandler.java:97)
	org.yamcs.web.HttpRequestHandler.channelRead0(HttpRequestHandler.java:52)
	io.netty.channel.SimpleChannelInboundHandler.channelRead(SimpleChannelInboundHandler.java:105)
	io.netty.channel.AbstractChannelHandlerContext.invokeChannelRead(AbstractChannelHandlerContext.java:308)
	io.netty.channel.AbstractChannelHandlerContext.fireChannelRead(AbstractChannelHandlerContext.java:294)
	io.netty.handler.codec.MessageToMessageDecoder.channelRead(MessageToMessageDecoder.java:103)
	io.netty.handler.codec.MessageToMessageCodec.channelRead(MessageToMessageCodec.java:111)
	io.netty.channel.AbstractChannelHandlerContext.invokeChannelRead(AbstractChannelHandlerContext.java:308)
	io.netty.channel.AbstractChannelHandlerContext.fireChannelRead(AbstractChannelHandlerContext.java:294)
	io.netty.handler.codec.http.cors.CorsHandler.channelRead(CorsHandler.java:65)
	io.netty.channel.AbstractChannelHandlerContext.invokeChannelRead(AbstractChannelHandlerContext.java:308)
	io.netty.channel.AbstractChannelHandlerContext.fireChannelRead(AbstractChannelHandlerContext.java:294)
	io.netty.handler.codec.MessageToMessageDecoder.channelRead(MessageToMessageDecoder.java:103)
	io.netty.channel.AbstractChannelHandlerContext.invokeChannelRead(AbstractChannelHandlerContext.java:308)
	io.netty.channel.AbstractChannelHandlerContext.fireChannelRead(AbstractChannelHandlerContext.java:294)
	io.netty.channel.ChannelInboundHandlerAdapter.channelRead(ChannelInboundHandlerAdapter.java:86)
	io.netty.channel.AbstractChannelHandlerContext.invokeChannelRead(AbstractChannelHandlerContext.java:308)
	io.netty.channel.AbstractChannelHandlerContext.fireChannelRead(AbstractChannelHandlerContext.java:294)
	io.netty.handler.codec.ByteToMessageDecoder.channelRead(ByteToMessageDecoder.java:265)
	io.netty.channel.CombinedChannelDuplexHandler.channelRead(CombinedChannelDuplexHandler.java:147)
	io.netty.channel.AbstractChannelHandlerContext.invokeChannelRead(AbstractChannelHandlerContext.java:308)
	io.netty.channel.AbstractChannelHandlerContext.fireChannelRead(AbstractChannelHandlerContext.java:294)
	io.netty.channel.DefaultChannelPipeline.fireChannelRead(DefaultChannelPipeline.java:846)
	io.netty.channel.nio.AbstractNioByteChannel$NioByteUnsafe.read(AbstractNioByteChannel.java:131)
	io.netty.channel.nio.NioEventLoop.processSelectedKey(NioEventLoop.java:511)
	io.netty.channel.nio.NioEventLoop.processSelectedKeysOptimized(NioEventLoop.java:468)
	io.netty.channel.nio.NioEventLoop.processSelectedKeys(NioEventLoop.java:382)
	io.netty.channel.nio.NioEventLoop.run(NioEventLoop.java:354)
	io.netty.util.concurrent.SingleThreadEventExecutor$2.run(SingleThreadEventExecutor.java:112)
	io.netty.util.concurrent.DefaultThreadFactory$DefaultRunnableDecorator.run(DefaultThreadFactory.java:137)
	java.lang.Thread.run(Thread.java:745)
Caused by: Cannot instantiate object from class org.yamcs.derivedvalues.DerivedValuesManager: java.lang.ClassNotFoundException: org.yamcs.derivedvalues.DerivedValuesManager
	org.yamcs.utils.YObjectLoader.loadObject(YObjectLoader.java:73)
	org.yamcs.ProcessorFactory.loadObject(ProcessorFactory.java:112)
	org.yamcs.ProcessorFactory.create(ProcessorFactory.java:73)
	org.yamcs.web.rest.archive.RestReplays.replay(RestReplays.java:49)
	org.yamcs.web.rest.archive.ArchiveParameterRestHandler.listParameterHistory(ArchiveParameterRestHandler.java:169)
	org.yamcs.web.rest.Router.dispatch(Router.java:250)
	org.yamcs.web.rest.Router.handleHttpRequest(Router.java:188)
	org.yamcs.web.HttpRequestHandler.channelRead0(HttpRequestHandler.java:97)
	org.yamcs.web.HttpRequestHandler.channelRead0(HttpRequestHandler.java:52)
	io.netty.channel.SimpleChannelInboundHandler.channelRead(SimpleChannelInboundHandler.java:105)
	io.netty.channel.AbstractChannelHandlerContext.invokeChannelRead(AbstractChannelHandlerContext.java:308)
	io.netty.channel.AbstractChannelHandlerContext.fireChannelRead(AbstractChannelHandlerContext.java:294)
	io.netty.handler.codec.MessageToMessageDecoder.channelRead(MessageToMessageDecoder.java:103)
	io.netty.handler.codec.MessageToMessageCodec.channelRead(MessageToMessageCodec.java:111)
	io.netty.channel.AbstractChannelHandlerContext.invokeChannelRead(AbstractChannelHandlerContext.java:308)
	io.netty.channel.AbstractChannelHandlerContext.fireChannelRead(AbstractChannelHandlerContext.java:294)
	io.netty.handler.codec.http.cors.CorsHandler.channelRead(CorsHandler.java:65)
	io.netty.channel.AbstractChannelHandlerContext.invokeChannelRead(AbstractChannelHandlerContext.java:308)
	io.netty.channel.AbstractChannelHandlerContext.fireChannelRead(AbstractChannelHandlerContext.java:294)
	io.netty.handler.codec.MessageToMessageDecoder.channelRead(MessageToMessageDecoder.java:103)
	io.netty.channel.AbstractChannelHandlerContext.invokeChannelRead(AbstractChannelHandlerContext.java:308)
	io.netty.channel.AbstractChannelHandlerContext.fireChannelRead(AbstractChannelHandlerContext.java:294)
	io.netty.channel.ChannelInboundHandlerAdapter.channelRead(ChannelInboundHandlerAdapter.java:86)
	io.netty.channel.AbstractChannelHandlerContext.invokeChannelRead(AbstractChannelHandlerContext.java:308)
	io.netty.channel.AbstractChannelHandlerContext.fireChannelRead(AbstractChannelHandlerContext.java:294)
	io.netty.handler.codec.ByteToMessageDecoder.channelRead(ByteToMessageDecoder.java:265)
	io.netty.channel.CombinedChannelDuplexHandler.channelRead(CombinedChannelDuplexHandler.java:147)
	io.netty.channel.AbstractChannelHandlerContext.invokeChannelRead(AbstractChannelHandlerContext.java:308)
	io.netty.channel.AbstractChannelHandlerContext.fireChannelRead(AbstractChannelHandlerContext.java:294)
	io.netty.channel.DefaultChannelPipeline.fireChannelRead(DefaultChannelPipeline.java:846)
	io.netty.channel.nio.AbstractNioByteChannel$NioByteUnsafe.read(AbstractNioByteChannel.java:131)
	io.netty.channel.nio.NioEventLoop.processSelectedKey(NioEventLoop.java:511)
	io.netty.channel.nio.NioEventLoop.processSelectedKeysOptimized(NioEventLoop.java:468)
	io.netty.channel.nio.NioEventLoop.processSelectedKeys(NioEventLoop.java:382)
	io.netty.channel.nio.NioEventLoop.run(NioEventLoop.java:354)
	io.netty.util.concurrent.SingleThreadEventExecutor$2.run(SingleThreadEventExecutor.java:112)
	io.netty.util.concurrent.DefaultThreadFactory$DefaultRunnableDecorator.run(DefaultThreadFactory.java:137)
	java.lang.Thread.run(Thread.java:745)
Caused by: java.lang.ClassNotFoundException: org.yamcs.derivedvalues.DerivedValuesManager
	java.net.URLClassLoader$1.run(URLClassLoader.java:372)
	java.net.URLClassLoader$1.run(URLClassLoader.java:361)
	java.security.AccessController.doPrivileged(Native Method)
	java.net.URLClassLoader.findClass(URLClassLoader.java:360)
	java.lang.ClassLoader.loadClass(ClassLoader.java:424)
	sun.misc.Launcher$AppClassLoader.loadClass(Launcher.java:308)
	java.lang.ClassLoader.loadClass(ClassLoader.java:357)
	java.lang.Class.forName0(Native Method)
	java.lang.Class.forName(Class.java:260)
	org.yamcs.utils.YObjectLoader.loadObject(YObjectLoader.java:26)
	org.yamcs.ProcessorFactory.loadObject(ProcessorFactory.java:112)
	org.yamcs.ProcessorFactory.create(ProcessorFactory.java:73)
	org.yamcs.web.rest.archive.RestReplays.replay(RestReplays.java:49)
	org.yamcs.web.rest.archive.ArchiveParameterRestHandler.listParameterHistory(ArchiveParameterRestHandler.java:169)
	org.yamcs.web.rest.Router.dispatch(Router.java:250)
	org.yamcs.web.rest.Router.handleHttpRequest(Router.java:188)
	org.yamcs.web.HttpRequestHandler.channelRead0(HttpRequestHandler.java:97)
	org.yamcs.web.HttpRequestHandler.channelRead0(HttpRequestHandler.java:52)
	io.netty.channel.SimpleChannelInboundHandler.channelRead(SimpleChannelInboundHandler.java:105)
	io.netty.channel.AbstractChannelHandlerContext.invokeChannelRead(AbstractChannelHandlerContext.java:308)
	io.netty.channel.AbstractChannelHandlerContext.fireChannelRead(AbstractChannelHandlerContext.java:294)
	io.netty.handler.codec.MessageToMessageDecoder.channelRead(MessageToMessageDecoder.java:103)
	io.netty.handler.codec.MessageToMessageCodec.channelRead(MessageToMessageCodec.java:111)
	io.netty.channel.AbstractChannelHandlerContext.invokeChannelRead(AbstractChannelHandlerContext.java:308)
	io.netty.channel.AbstractChannelHandlerContext.fireChannelRead(AbstractChannelHandlerContext.java:294)
	io.netty.handler.codec.http.cors.CorsHandler.channelRead(CorsHandler.java:65)
	io.netty.channel.AbstractChannelHandlerContext.invokeChannelRead(AbstractChannelHandlerContext.java:308)
	io.netty.channel.AbstractChannelHandlerContext.fireChannelRead(AbstractChannelHandlerContext.java:294)
	io.netty.handler.codec.MessageToMessageDecoder.channelRead(MessageToMessageDecoder.java:103)
	io.netty.channel.AbstractChannelHandlerContext.invokeChannelRead(AbstractChannelHandlerContext.java:308)
	io.netty.channel.AbstractChannelHandlerContext.fireChannelRead(AbstractChannelHandlerContext.java:294)
	io.netty.channel.ChannelInboundHandlerAdapter.channelRead(ChannelInboundHandlerAdapter.java:86)
	io.netty.channel.AbstractChannelHandlerContext.invokeChannelRead(AbstractChannelHandlerContext.java:308)
	io.netty.channel.AbstractChannelHandlerContext.fireChannelRead(AbstractChannelHandlerContext.java:294)
	io.netty.handler.codec.ByteToMessageDecoder.channelRead(ByteToMessageDecoder.java:265)
	io.netty.channel.CombinedChannelDuplexHandler.channelRead(CombinedChannelDuplexHandler.java:147)
	io.netty.channel.AbstractChannelHandlerContext.invokeChannelRead(AbstractChannelHandlerContext.java:308)
	io.netty.channel.AbstractChannelHandlerContext.fireChannelRead(AbstractChannelHandlerContext.java:294)
	io.netty.channel.DefaultChannelPipeline.fireChannelRead(DefaultChannelPipeline.java:846)
	io.netty.channel.nio.AbstractNioByteChannel$NioByteUnsafe.read(AbstractNioByteChannel.java:131)
	io.netty.channel.nio.NioEventLoop.processSelectedKey(NioEventLoop.java:511)
	io.netty.channel.nio.NioEventLoop.processSelectedKeysOptimized(NioEventLoop.java:468)
	io.netty.channel.nio.NioEventLoop.processSelectedKeys(NioEventLoop.java:382)
	io.netty.channel.nio.NioEventLoop.run(NioEventLoop.java:354)
	io.netty.util.concurrent.SingleThreadEventExecutor$2.run(SingleThreadEventExecutor.java:112)
	io.netty.util.concurrent.DefaultThreadFactory$DefaultRunnableDecorator.run(DefaultThreadFactory.java:137)
	java.lang.Thread.run(Thread.java:745)

Jan 29 17:01:07.209 [29] org.yamcs.web.HttpRequestHandler sendError WARNING:GET /api/archive/IntegrationTest/parameters/REFMDB/SUBSYS1/IntegerPara1_1_6?start=2015-03-02T10:10:00&stop=2015-03-02T10:10:02&order=asc 500
Jan 29 17:01:09.380 [427] org.yamcs.web.rest.Router lambda$dispatch$3 SEVERE:R2 blocking the netty thread for 2 seconds. uri: /api/processors/IntegrationTest/realtime/commands/REFMDB/SUBSYS1/INT_ARG_TC
Jan 29 17:01:10.043 [37] org.yamcs.web.rest.Router handleException WARNING:R4: Sending nominal exception back to client: User operator/***** has no 'set' permission for parameter /REFMDB/SUBSYS1/LocalPara1
Jan 29 17:01:10.044 [37] org.yamcs.web.HttpRequestHandler sendError WARNING:POST /api/processors/IntegrationTest/realtime/parameters/mset 403
Jan 29 17:01:10.119 [39] org.yamcs.commanding.CommandingManager addToCommandHistory WARNING:Throwing InsufficientPrivileges for lack of COMMANDING privilege for user testuser/*****
Jan 29 17:01:10.120 [39] org.yamcs.web.rest.Router handleException WARNING:R5: Sending nominal exception back to client: Forbidden
Jan 29 17:01:10.120 [39] org.yamcs.web.HttpRequestHandler sendError WARNING:POST /api/processors/IntegrationTest/realtime/commandhistory/REFMDB/SUBSYS1/ONE_INT_ARG_TC 403
Jan 29 17:01:12.156 [427] org.yamcs.web.rest.Router lambda$dispatch$3 SEVERE:R6 blocking the netty thread for 2 seconds. uri: /api/processors/IntegrationTest/realtime/commandhistory/REFMDB/SUBSYS1/ONE_INT_ARG_TC
Jan 29 17:01:22.610 [1] org.yamcs.YamcsServer[IntegrationTest] stop SEVERE:Service IndexServer [STOPPING] did not stop in 10 seconds
Jan 29 17:01:22.626 [855] org.apache.activemq.artemis.core.client fail WARNING:AMQ212037: Connection failure has been detected: AMQ119015: The connection was disconnected because of server shutdown [code=DISCONNECTED]
Jan 29 17:01:22.652 [1] org.apache.activemq.artemis.core.server stop INFO:AMQ221002: Apache ActiveMQ Artemis Message Broker version 1.3.0 [0884da87-8125-11ec-92c3-0242ac110010] stopped, uptime 22.831 seconds
Tests run: 6, Failures: 0, Errors: 3, Skipped: 0, Time elapsed: 23.807 sec <<< FAILURE! - in org.yamcs.PermissionsTest
testPermissionArchive(org.yamcs.PermissionsTest)  Time elapsed: 2.835 sec  <<< ERROR!
java.util.concurrent.ExecutionException: org.yamcs.api.YamcsApiException: InternalServerErrorException : Exception creating the replay
	at org.yamcs.PermissionsTest.testPermissionArchive(PermissionsTest.java:53)
Caused by: org.yamcs.api.YamcsApiException: InternalServerErrorException : Exception creating the replay

testPermissionSendCommand(org.yamcs.PermissionsTest)  Time elapsed: 2.483 sec  <<< ERROR!
java.lang.NullPointerException
	at org.yamcs.PermissionsTest.testPermissionSendCommand(PermissionsTest.java:99)

testPermissionGetParameter(org.yamcs.PermissionsTest)  Time elapsed: 0.212 sec  <<< ERROR!
java.lang.NullPointerException
	at org.yamcs.PermissionsTest.testPermissionGetParameter(PermissionsTest.java:120)

Running org.yamcs.RestClientTest
Jan 29 17:01:23.901 [1] org.yamcs.web.WebConfig <init> WARNING:Property 'webPort' in yamcs.yaml is deprecated. Instead nest new property 'port' under 'webConfig'.
Jan 29 17:01:23.907 [1] org.yamcs.web.WebConfig <init> WARNING:Property 'webRoot' in yamcs.yaml is deprecated. Instead nest 'webRoot' under 'webConfig'.
log4j:WARN No appenders could be found for logger (org.apache.commons.beanutils.converters.BooleanConverter).
log4j:WARN Please initialize the log4j system properly.
Jan 29 17:01:24.649 [1] org.apache.activemq.artemis.core.server start INFO:AMQ221000: live Message Broker is starting with configuration Broker Configuration (clustered=false,journalDirectory=data/journal,bindingsDirectory=data/bindings,largeMessagesDirectory=data/largemessages,pagingDirectory=data/paging)
Jan 29 17:01:24.688 [1] org.apache.activemq.artemis.core.server <init> INFO:AMQ221043: Protocol module found: [artemis-server]. Adding protocol support for: CORE
Jan 29 17:01:24.798 [1] org.apache.activemq.artemis.core.server start INFO:AMQ221020: Started Acceptor at 0.0.0.0:5445 for protocols [CORE]
Jan 29 17:01:24.799 [1] org.apache.activemq.artemis.core.server run INFO:AMQ221007: Server is now live
Jan 29 17:01:24.799 [1] org.apache.activemq.artemis.core.server start INFO:AMQ221001: Apache ActiveMQ Artemis Message Broker version 1.3.0 [localhost, nodeID=174da4d8-8125-11ec-ade9-0242ac110010] 
Jan 29 17:01:28.677 [27] org.yamcs.web.HttpRequestHandler sendUnauthorized WARNING:GET /api/instances 401 [realm="YamlRealm"]
Jan 29 17:01:38.960 [1] org.yamcs.YamcsServer[IntegrationTest] stop SEVERE:Service IndexServer [STOPPING] did not stop in 10 seconds
Jan 29 17:01:38.974 [525] org.apache.activemq.artemis.core.client fail WARNING:AMQ212037: Connection failure has been detected: AMQ119015: The connection was disconnected because of server shutdown [code=DISCONNECTED]
Jan 29 17:01:39.025 [1] org.apache.activemq.artemis.core.server stop INFO:AMQ221002: Apache ActiveMQ Artemis Message Broker version 1.3.0 [174da4d8-8125-11ec-ade9-0242ac110010] stopped, uptime 14.403 seconds
Tests run: 3, Failures: 0, Errors: 0, Skipped: 0, Time elapsed: 15.426 sec - in org.yamcs.RestClientTest
Running org.yamcs.YamcsServerTest
Jan 29 17:01:40.221 [1] org.apache.activemq.artemis.core.server start INFO:AMQ221000: live Message Broker is starting with configuration Broker Configuration (clustered=false,journalDirectory=data/journal,bindingsDirectory=data/bindings,largeMessagesDirectory=data/largemessages,pagingDirectory=data/paging)
Jan 29 17:01:40.260 [1] org.apache.activemq.artemis.core.server <init> INFO:AMQ221043: Protocol module found: [artemis-server]. Adding protocol support for: CORE
log4j:WARN No appenders could be found for logger (org.apache.commons.beanutils.converters.BooleanConverter).
log4j:WARN Please initialize the log4j system properly.
Jan 29 17:01:40.403 [1] org.apache.activemq.artemis.core.server run INFO:AMQ221007: Server is now live
Jan 29 17:01:40.403 [1] org.apache.activemq.artemis.core.server start INFO:AMQ221001: Apache ActiveMQ Artemis Message Broker version 1.3.0 [localhost, nodeID=2095bd50-8125-11ec-b1da-0242ac110010] 
Jan 29 17:01:40.847 [1] org.yamcs.StreamConfig <init> WARNING:No streamConfig defined for instance instance1
Jan 29 17:01:40.900 [38] org.yamcs.security.Privilege <clinit> WARNING:Privileges disabled, all connections are allowed and have full permissions
Jan 29 17:01:41.029 [56] org.apache.activemq.artemis.core.client fail WARNING:AMQ212037: Connection failure has been detected: AMQ119015: The connection was disconnected because of server shutdown [code=DISCONNECTED]
Jan 29 17:01:41.069 [1] org.apache.activemq.artemis.core.server stop INFO:AMQ221002: Apache ActiveMQ Artemis Message Broker version 1.3.0 [2095bd50-8125-11ec-b1da-0242ac110010] stopped, uptime 0.883 seconds
Tests run: 1, Failures: 0, Errors: 0, Skipped: 0, Time elapsed: 1.428 sec - in org.yamcs.YamcsServerTest
Running org.yamcs.alarms.AlarmServerTest
Tests run: 6, Failures: 0, Errors: 0, Skipped: 0, Time elapsed: 0.157 sec - in org.yamcs.alarms.AlarmServerTest
Running org.yamcs.algorithms.AlgorithmManagerPyTest
Tests run: 3, Failures: 0, Errors: 0, Skipped: 0, Time elapsed: 2.457 sec - in org.yamcs.algorithms.AlgorithmManagerPyTest
Running org.yamcs.algorithms.AlgorithmManagerTest
Tests run: 14, Failures: 0, Errors: 0, Skipped: 1, Time elapsed: 13.154 sec - in org.yamcs.algorithms.AlgorithmManagerTest
Running org.yamcs.algorithms.AlgorithmWithContextTest
Tests run: 1, Failures: 0, Errors: 0, Skipped: 0, Time elapsed: 2.372 sec - in org.yamcs.algorithms.AlgorithmWithContextTest
Running org.yamcs.algorithms.WindowBufferTest
Tests run: 1, Failures: 0, Errors: 0, Skipped: 0, Time elapsed: 0.059 sec - in org.yamcs.algorithms.WindowBufferTest
Running org.yamcs.api.artemis.ArtemisEventProducerTest
Jan 29 17:02:03.175 [1] org.apache.activemq.artemis.core.server start INFO:AMQ221000: live Message Broker is starting with configuration Broker Configuration (clustered=false,journalDirectory=data/journal,bindingsDirectory=data/bindings,largeMessagesDirectory=data/largemessages,pagingDirectory=data/paging)
Jan 29 17:02:03.217 [1] org.apache.activemq.artemis.core.server <init> INFO:AMQ221043: Protocol module found: [artemis-server]. Adding protocol support for: CORE
log4j:WARN No appenders could be found for logger (org.apache.commons.beanutils.converters.BooleanConverter).
log4j:WARN Please initialize the log4j system properly.
Jan 29 17:02:03.360 [1] org.apache.activemq.artemis.core.server run INFO:AMQ221007: Server is now live
Jan 29 17:02:03.360 [1] org.apache.activemq.artemis.core.server start INFO:AMQ221001: Apache ActiveMQ Artemis Message Broker version 1.3.0 [localhost, nodeID=2e441728-8125-11ec-9084-0242ac110010] 
Jan 29 17:02:03.744 [39] org.apache.activemq.artemis.core.client fail WARNING:AMQ212037: Connection failure has been detected: AMQ119015: The connection was disconnected because of server shutdown [code=DISCONNECTED]
Jan 29 17:02:03.750 [1] org.apache.activemq.artemis.core.server stop INFO:AMQ221002: Apache ActiveMQ Artemis Message Broker version 1.3.0 [2e441728-8125-11ec-9084-0242ac110010] stopped, uptime 0.612 seconds
Tests run: 1, Failures: 0, Errors: 0, Skipped: 0, Time elapsed: 1.102 sec - in org.yamcs.api.artemis.ArtemisEventProducerTest
Running org.yamcs.archive.CcsdsTmIndexTest
Tests run: 3, Failures: 0, Errors: 0, Skipped: 1, Time elapsed: 0.416 sec - in org.yamcs.archive.CcsdsTmIndexTest
Running org.yamcs.archive.CmdHistoryRecordingTest
Jan 29 17:02:05.826 [1] org.apache.activemq.artemis.core.server start INFO:AMQ221000: live Message Broker is starting with configuration Broker Configuration (clustered=false,journalDirectory=data/journal,bindingsDirectory=data/bindings,largeMessagesDirectory=data/largemessages,pagingDirectory=data/paging)
Jan 29 17:02:05.867 [1] org.apache.activemq.artemis.core.server <init> INFO:AMQ221043: Protocol module found: [artemis-server]. Adding protocol support for: CORE
log4j:WARN No appenders could be found for logger (org.apache.commons.beanutils.converters.BooleanConverter).
log4j:WARN Please initialize the log4j system properly.
Jan 29 17:02:06.000 [1] org.apache.activemq.artemis.core.server run INFO:AMQ221007: Server is now live
Jan 29 17:02:06.001 [1] org.apache.activemq.artemis.core.server start INFO:AMQ221001: Apache ActiveMQ Artemis Message Broker version 1.3.0 [localhost, nodeID=2fd8c07d-8125-11ec-8526-0242ac110010] 
Jan 29 17:02:06.384 [1] org.yamcs.archive.CommandHistoryRecorder[yarchtest_CmdHistoryRecordingTest] doStart SEVERE:The stream cmdhist_dump has not been found
Jan 29 17:02:06.617 [39] org.yamcs.security.Privilege <clinit> WARNING:Privileges disabled, all connections are allowed and have full permissions
Jan 29 17:02:07.327 [71] org.apache.activemq.artemis.core.client fail WARNING:AMQ212037: Connection failure has been detected: AMQ119015: The connection was disconnected because of server shutdown [code=DISCONNECTED]
Jan 29 17:02:07.327 [76] org.apache.activemq.artemis.core.client fail WARNING:AMQ212037: Connection failure has been detected: AMQ119015: The connection was disconnected because of server shutdown [code=DISCONNECTED]
Jan 29 17:02:07.327 [73] org.apache.activemq.artemis.core.client fail WARNING:AMQ212037: Connection failure has been detected: AMQ119015: The connection was disconnected because of server shutdown [code=DISCONNECTED]
Jan 29 17:02:07.327 [75] org.apache.activemq.artemis.core.client fail WARNING:AMQ212037: Connection failure has been detected: AMQ119015: The connection was disconnected because of server shutdown [code=DISCONNECTED]
Jan 29 17:02:07.334 [1] org.apache.activemq.artemis.core.server stop INFO:AMQ221002: Apache ActiveMQ Artemis Message Broker version 1.3.0 [2fd8c07d-8125-11ec-8526-0242ac110010] stopped, uptime 1.550 seconds
Tests run: 1, Failures: 0, Errors: 0, Skipped: 0, Time elapsed: 2.034 sec - in org.yamcs.archive.CmdHistoryRecordingTest
Running org.yamcs.archive.EventRecordingTest
Jan 29 17:02:08.453 [1] org.apache.activemq.artemis.core.server start INFO:AMQ221000: live Message Broker is starting with configuration Broker Configuration (clustered=false,journalDirectory=data/journal,bindingsDirectory=data/bindings,largeMessagesDirectory=data/largemessages,pagingDirectory=data/paging)
Jan 29 17:02:08.498 [1] org.apache.activemq.artemis.core.server <init> INFO:AMQ221043: Protocol module found: [artemis-server]. Adding protocol support for: CORE
log4j:WARN No appenders could be found for logger (org.apache.commons.beanutils.converters.BooleanConverter).
log4j:WARN Please initialize the log4j system properly.
Jan 29 17:02:08.648 [1] org.apache.activemq.artemis.core.server run INFO:AMQ221007: Server is now live
Jan 29 17:02:08.648 [1] org.apache.activemq.artemis.core.server start INFO:AMQ221001: Apache ActiveMQ Artemis Message Broker version 1.3.0 [localhost, nodeID=316972bd-8125-11ec-bf2b-0242ac110010] 
Jan 29 17:02:12.283 [59] org.yamcs.security.Privilege <clinit> WARNING:Privileges disabled, all connections are allowed and have full permissions
Jan 29 17:02:12.663 [47] org.apache.activemq.artemis.core.client fail WARNING:AMQ212037: Connection failure has been detected: AMQ119015: The connection was disconnected because of server shutdown [code=DISCONNECTED]
Jan 29 17:02:12.663 [49] org.apache.activemq.artemis.core.client fail WARNING:AMQ212037: Connection failure has been detected: AMQ119015: The connection was disconnected because of server shutdown [code=DISCONNECTED]
Jan 29 17:02:12.663 [50] org.apache.activemq.artemis.core.client fail WARNING:AMQ212037: Connection failure has been detected: AMQ119015: The connection was disconnected because of server shutdown [code=DISCONNECTED]
Jan 29 17:02:12.676 [1] org.apache.activemq.artemis.core.server stop INFO:AMQ221002: Apache ActiveMQ Artemis Message Broker version 1.3.0 [316972bd-8125-11ec-bf2b-0242ac110010] stopped, uptime 4.263 seconds
Tests run: 1, Failures: 0, Errors: 0, Skipped: 0, Time elapsed: 4.759 sec - in org.yamcs.archive.EventRecordingTest
Running org.yamcs.archive.PpTupleTranslatorTest
Jan 29 17:02:13.778 [1] org.apache.activemq.artemis.core.server start INFO:AMQ221000: live Message Broker is starting with configuration Broker Configuration (clustered=false,journalDirectory=data/journal,bindingsDirectory=data/bindings,largeMessagesDirectory=data/largemessages,pagingDirectory=data/paging)
Jan 29 17:02:13.820 [1] org.apache.activemq.artemis.core.server <init> INFO:AMQ221043: Protocol module found: [artemis-server]. Adding protocol support for: CORE
log4j:WARN No appenders could be found for logger (org.apache.commons.beanutils.converters.BooleanConverter).
log4j:WARN Please initialize the log4j system properly.
Jan 29 17:02:13.954 [1] org.apache.activemq.artemis.core.server run INFO:AMQ221007: Server is now live
Jan 29 17:02:13.954 [1] org.apache.activemq.artemis.core.server start INFO:AMQ221001: Apache ActiveMQ Artemis Message Broker version 1.3.0 [localhost, nodeID=3495fb48-8125-11ec-9732-0242ac110010] 
Jan 29 17:02:17.774 [44] org.apache.activemq.artemis.core.client fail WARNING:AMQ212037: Connection failure has been detected: AMQ119015: The connection was disconnected because of server shutdown [code=DISCONNECTED]
Jan 29 17:02:17.832 [1] org.apache.activemq.artemis.core.server stop INFO:AMQ221002: Apache ActiveMQ Artemis Message Broker version 1.3.0 [3495fb48-8125-11ec-9732-0242ac110010] stopped, uptime 4.092 seconds
Tests run: 1, Failures: 0, Errors: 0, Skipped: 0, Time elapsed: 4.598 sec - in org.yamcs.archive.PpTupleTranslatorTest
Running org.yamcs.commanding.CommandingManagerTest
Tests run: 9, Failures: 0, Errors: 0, Skipped: 0, Time elapsed: 0.464 sec - in org.yamcs.commanding.CommandingManagerTest
Running org.yamcs.management.ProcessorsTest
Jan 29 17:02:21.104 [1] org.yamcs.YamcsServer checkAndPrintDeprecatedWarning WARNING:The class org.yamcs.YProcessorCreatorService is deprecated: The service has been renamed to ProcessorCreatorService
Jan 29 17:02:21.743 [1] org.yamcs.YamcsServer checkAndPrintDeprecatedWarning WARNING:The class org.yamcs.YProcessorCreatorService is deprecated: The service has been renamed to ProcessorCreatorService
connecting to yamcs
Jan 29 17:02:21.929 [26] org.yamcs.security.Privilege <clinit> WARNING:Privileges disabled, all connections are allowed and have full permissions
Jan 29 17:02:22.044 [28] org.yamcs.management.ManagementService createProcessor WARNING:createProcessor called with invalid client id:10; ignored.
Jan 29 17:02:22.044 [28] org.yamcs.management.ManagementService createProcessor WARNING:createProcessor called with invalid client id:14; ignored.
Jan 29 17:02:22.046 [28] org.yamcs.web.rest.Router handleException WARNING:R2: Sending nominal exception back to client: createProcessor invoked with a list full of invalid client ids
Jan 29 17:02:22.049 [28] org.yamcs.web.HttpRequestHandler sendError WARNING:POST /api/processors/yproctest0 400
log: Exception creating processor: BadRequestException : createProcessor invoked with a list full of invalid client ids
connecting to yamcs
Tests run: 3, Failures: 0, Errors: 0, Skipped: 0, Time elapsed: 8.74 sec - in org.yamcs.management.ProcessorsTest
Running org.yamcs.parameter.ParameterCacheTest
Tests run: 5, Failures: 0, Errors: 0, Skipped: 1, Time elapsed: 0.119 sec - in org.yamcs.parameter.ParameterCacheTest
Running org.yamcs.parameter.ParameterValueListTest
Tests run: 5, Failures: 0, Errors: 0, Skipped: 0, Time elapsed: 0.146 sec - in org.yamcs.parameter.ParameterValueListTest
Running org.yamcs.parameter.SoftwareParameterManagerTest
Tests run: 1, Failures: 0, Errors: 0, Skipped: 0, Time elapsed: 2.511 sec - in org.yamcs.parameter.SoftwareParameterManagerTest
Running org.yamcs.parameter.SubsriptionArrayTest
Tests run: 1, Failures: 0, Errors: 0, Skipped: 0, Time elapsed: 0.044 sec - in org.yamcs.parameter.SubsriptionArrayTest
Running org.yamcs.parameter.ValueTest
Tests run: 1, Failures: 0, Errors: 0, Skipped: 1, Time elapsed: 0.052 sec - in org.yamcs.parameter.ValueTest
Running org.yamcs.parameterarchive.BooleanValueSegmentTest
Tests run: 1, Failures: 0, Errors: 0, Skipped: 0, Time elapsed: 0.067 sec - in org.yamcs.parameterarchive.BooleanValueSegmentTest
Running org.yamcs.parameterarchive.DoubleValueSegmentTest
Tests run: 1, Failures: 0, Errors: 0, Skipped: 0, Time elapsed: 0.069 sec - in org.yamcs.parameterarchive.DoubleValueSegmentTest
Running org.yamcs.parameterarchive.FloatValueSegmentTest
Tests run: 2, Failures: 0, Errors: 0, Skipped: 0, Time elapsed: 0.058 sec - in org.yamcs.parameterarchive.FloatValueSegmentTest
Running org.yamcs.parameterarchive.GenericValueSegmentTest
Tests run: 1, Failures: 0, Errors: 0, Skipped: 0, Time elapsed: 0.086 sec - in org.yamcs.parameterarchive.GenericValueSegmentTest
Running org.yamcs.parameterarchive.IntValueSegmentTest
Tests run: 3, Failures: 0, Errors: 0, Skipped: 0, Time elapsed: 0.075 sec - in org.yamcs.parameterarchive.IntValueSegmentTest
Running org.yamcs.parameterarchive.LongValueSegmentTest
Tests run: 2, Failures: 0, Errors: 0, Skipped: 0, Time elapsed: 0.067 sec - in org.yamcs.parameterarchive.LongValueSegmentTest
Running org.yamcs.parameterarchive.ObjectSegmentTest
Tests run: 4, Failures: 0, Errors: 0, Skipped: 0, Time elapsed: 0.223 sec - in org.yamcs.parameterarchive.ObjectSegmentTest
Running org.yamcs.parameterarchive.ParameterArchiveTest
Jan 29 17:02:41.452 [1] org.yamcs.parameterarchive.ParameterArchive openExistingDb WARNING:Unknown column family 'meta_p2pid'
Jan 29 17:02:41.459 [1] org.yamcs.parameterarchive.ParameterArchive openExistingDb WARNING:Unknown column family 'meta_pgid2pg'
Tests run: 5, Failures: 0, Errors: 0, Skipped: 0, Time elapsed: 7.929 sec - in org.yamcs.parameterarchive.ParameterArchiveTest
Running org.yamcs.parameterarchive.StringValueSegmentTest
Tests run: 1, Failures: 0, Errors: 0, Skipped: 0, Time elapsed: 0.068 sec - in org.yamcs.parameterarchive.StringValueSegmentTest
Running org.yamcs.parameterarchive.TestCompression
Tests run: 1, Failures: 0, Errors: 0, Skipped: 1, Time elapsed: 0.044 sec - in org.yamcs.parameterarchive.TestCompression
Running org.yamcs.parameterarchive.TestParameterGroupIdMap
Tests run: 1, Failures: 0, Errors: 0, Skipped: 0, Time elapsed: 1.359 sec - in org.yamcs.parameterarchive.TestParameterGroupIdMap
Running org.yamcs.parameterarchive.TestParameterIdMap
Tests run: 1, Failures: 0, Errors: 0, Skipped: 0, Time elapsed: 1.124 sec - in org.yamcs.parameterarchive.TestParameterIdMap
Running org.yamcs.parameterarchive.TestStructure
Tests run: 2, Failures: 0, Errors: 0, Skipped: 2, Time elapsed: 0.044 sec - in org.yamcs.parameterarchive.TestStructure
Running org.yamcs.parameterarchive.TimeSegmentTest
Tests run: 1, Failures: 0, Errors: 0, Skipped: 0, Time elapsed: 0.052 sec - in org.yamcs.parameterarchive.TimeSegmentTest
Running org.yamcs.security.PasswordHashTest
1000:4f04a854541520405ad70272fc0ba3b428d6a3a7d94c0830:5a9a4512b472632f47ab8f29c378ceecdc7decec873e74c1
1000:674264be2b5a488d67f48a1eb3fb30baaefa312f3f3ee5a7:c26f233d736134e1daf4f60e6ce960950699a06a24244de4
1000:53a1dcea50e088d8be0bcc9c7f44a6955578a015725bacad:cbaf66ab3f3a75d24a76d51803414b1f6688a777e1fdf65a
1000:9005cbee343e53343207f89c11da15bfdfd7167708d2787d:76a18466ad62a3150b9909dd1e6d2445cbd855fdf563bd00
1000:479a1f4a97bfdfeb706ad4606dc5f0dd0f96b42a177000e9:7cf08c9161772416fa1a02da327b3ee9d42d1d2c9b113c14
1000:da9fc43011688c4afaf148b374b66999e7edc515edbad0ba:11d17cd467b3d0b634592c7448e8790e52fe5091ca25f426
1000:809e8eb1fbfd227e6bb086bd1d1ba475fa2e38dd4dd887db:1359dd5f01eeb037419d8d8cc62a8027013437535e136dae
1000:73e989e78158bc8d550f3a25c17e4f0e211e4495ffdf3611:6ddd824ed2406ff7458f6a0a61b188adfb01a57d4f6a7e52
1000:2fab24c603007f06365a426e67ca776c14200006e4e376ba:b43b9050a249814865d0574d74ce31ed6c3d2aae6e7ea01d
1000:f61f813c4bdce18c7d06667317d88eafa0d65d3342007dc6:cd47af3094580443aa71ed2891067e19f42899a23cdd9c79
Running tests...
Tests run: 1, Failures: 0, Errors: 0, Skipped: 0, Time elapsed: 1.4 sec - in org.yamcs.security.PasswordHashTest
Running org.yamcs.tctm.TcpTcUplinkerTest
Tests run: 1, Failures: 0, Errors: 0, Skipped: 0, Time elapsed: 0.233 sec - in org.yamcs.tctm.TcpTcUplinkerTest
Running org.yamcs.tctm.TmFileReaderTest
Tests run: 2, Failures: 0, Errors: 0, Skipped: 0, Time elapsed: 0.153 sec - in org.yamcs.tctm.TmFileReaderTest
Running org.yamcs.ui.eventviewer.UtilsTest
Tests run: 3, Failures: 0, Errors: 0, Skipped: 0, Time elapsed: 0.058 sec - in org.yamcs.ui.eventviewer.UtilsTest
Running org.yamcs.utils.SortedIntArrayTest
s2 encoded: [-1, 5, 20]
Tests run: 10, Failures: 0, Errors: 0, Skipped: 1, Time elapsed: 0.066 sec - in org.yamcs.utils.SortedIntArrayTest
Running org.yamcs.utils.TestBitBuffer
Tests run: 3, Failures: 0, Errors: 0, Skipped: 0, Time elapsed: 0.05 sec - in org.yamcs.utils.TestBitBuffer
Running org.yamcs.utils.TimeEncodingTest
max = 185539080470435999
5881469-05-27T23:59:59.999
Tests run: 2, Failures: 0, Errors: 0, Skipped: 0, Time elapsed: 0.099 sec - in org.yamcs.utils.TimeEncodingTest
Running org.yamcs.utils.VarIntUtilTest
Tests run: 3, Failures: 0, Errors: 0, Skipped: 0, Time elapsed: 0.074 sec - in org.yamcs.utils.VarIntUtilTest
Running org.yamcs.web.rest.RestRequestTest
Tests run: 5, Failures: 0, Errors: 0, Skipped: 0, Time elapsed: 0.171 sec - in org.yamcs.web.rest.RestRequestTest
Running org.yamcs.web.rest.RouterTest
Tests run: 10, Failures: 0, Errors: 0, Skipped: 0, Time elapsed: 0.571 sec - in org.yamcs.web.rest.RouterTest
Running org.yamcs.web.rest.archive.RestDownsamplerTest
Tests run: 1, Failures: 0, Errors: 0, Skipped: 0, Time elapsed: 0.121 sec - in org.yamcs.web.rest.archive.RestDownsamplerTest
Running org.yamcs.web.rest.mdb.NameDescriptionSearchMatcherTest
/REFMDB/ccsds-apid
/REFMDB/ccsds-apid
/REFMDB/ccsds-apid
Tests run: 1, Failures: 0, Errors: 0, Skipped: 0, Time elapsed: 0.438 sec - in org.yamcs.web.rest.mdb.NameDescriptionSearchMatcherTest
Running org.yamcs.web.rest.mdb.XtceToGpbAssemblerTest
Tests run: 3, Failures: 0, Errors: 0, Skipped: 0, Time elapsed: 0.564 sec - in org.yamcs.web.rest.mdb.XtceToGpbAssemblerTest
Running org.yamcs.xtceproc.XtceCommandEncodingTest
command buffer: 0B0A1200
Tests run: 10, Failures: 0, Errors: 0, Skipped: 0, Time elapsed: 0.727 sec - in org.yamcs.xtceproc.XtceCommandEncodingTest
Running org.yamcs.xtceproc.XtceDbFactoryTest
Tests run: 5, Failures: 0, Errors: 0, Skipped: 0, Time elapsed: 0.842 sec - in org.yamcs.xtceproc.XtceDbFactoryTest
Running org.yamcs.xtceproc.XtceTmExtractorTest
Jan 29 17:03:07.367 [1] org.yamcs.xtceproc.ParameterTypeProcessor calibrateFloat WARNING:StringFloatTSCPara1_4_2: failed to parse string 'invalidfloat' to double
Jan 29 17:03:07.373 [1] org.yamcs.xtceproc.ParameterTypeProcessor calibrateInteger WARNING:StringIntTermPara1_5_2: failed to parse string 'invalidint' to long
Jan 29 17:03:07.379 [1] org.yamcs.xtceproc.ParameterTypeProcessor calibrateEnumerated WARNING:StringIntTermPara20_1: failed to parse string 'invalidlong' to long
Tests run: 21, Failures: 0, Errors: 0, Skipped: 0, Time elapsed: 0.51 sec - in org.yamcs.xtceproc.XtceTmExtractorTest
Running org.yamcs.yarch.ConcurrencyTest
Tests run: 1, Failures: 0, Errors: 0, Skipped: 0, Time elapsed: 17.071 sec - in org.yamcs.yarch.ConcurrencyTest
Running org.yamcs.yarch.DynamicSchemaTableTest
Tests run: 4, Failures: 0, Errors: 0, Skipped: 0, Time elapsed: 2.166 sec - in org.yamcs.yarch.DynamicSchemaTableTest
Running org.yamcs.yarch.EnumTest
Tests run: 3, Failures: 0, Errors: 0, Skipped: 0, Time elapsed: 2.735 sec - in org.yamcs.yarch.EnumTest
Running org.yamcs.yarch.EnumWithPartitionTest
Tests run: 4, Failures: 0, Errors: 0, Skipped: 0, Time elapsed: 4.752 sec - in org.yamcs.yarch.EnumWithPartitionTest
Running org.yamcs.yarch.HistogramDbTest
Tests run: 10, Failures: 0, Errors: 0, Skipped: 0, Time elapsed: 0.158 sec - in org.yamcs.yarch.HistogramDbTest
Running org.yamcs.yarch.HistogramStreamTest
Tests run: 4, Failures: 0, Errors: 0, Skipped: 0, Time elapsed: 2.795 sec - in org.yamcs.yarch.HistogramStreamTest
Running org.yamcs.yarch.StandaloneStreamTest
Tests run: 1, Failures: 0, Errors: 0, Skipped: 0, Time elapsed: 0.268 sec - in org.yamcs.yarch.StandaloneStreamTest
Running org.yamcs.yarch.StarSelectTest
Tests run: 1, Failures: 0, Errors: 0, Skipped: 0, Time elapsed: 0.537 sec - in org.yamcs.yarch.StarSelectTest
Running org.yamcs.yarch.StreamMergeTest
Tests run: 4, Failures: 0, Errors: 0, Skipped: 0, Time elapsed: 4.123 sec - in org.yamcs.yarch.StreamMergeTest
Running org.yamcs.yarch.StreamSelect1Test
Tests run: 2, Failures: 0, Errors: 0, Skipped: 0, Time elapsed: 0.75 sec - in org.yamcs.yarch.StreamSelect1Test
Running org.yamcs.yarch.StreamSelect2Test
Tests run: 8, Failures: 0, Errors: 0, Skipped: 0, Time elapsed: 6.017 sec - in org.yamcs.yarch.StreamSelect2Test
Running org.yamcs.yarch.StreamSelectPerfTest
Tests run: 1, Failures: 0, Errors: 0, Skipped: 0, Time elapsed: 2.791 sec - in org.yamcs.yarch.StreamSelectPerfTest
Running org.yamcs.yarch.StreamSelectTest
Tests run: 3, Failures: 0, Errors: 0, Skipped: 0, Time elapsed: 0.657 sec - in org.yamcs.yarch.StreamSelectTest
Running org.yamcs.yarch.StreamSqlParserTest
Tests run: 3, Failures: 0, Errors: 0, Skipped: 0, Time elapsed: 0.405 sec - in org.yamcs.yarch.StreamSqlParserTest
Running org.yamcs.yarch.TableDefinitionSerializationTest
Tests run: 4, Failures: 0, Errors: 0, Skipped: 0, Time elapsed: 0.525 sec - in org.yamcs.yarch.TableDefinitionSerializationTest
Running org.yamcs.yarch.hornet.ProducerKillerTest
log4j:WARN No appenders could be found for logger (org.jboss.logging).
log4j:WARN Please initialize the log4j system properly.
msg: ClientMessageImpl[messageID=9, durable=true, address=activemq.notifications,userID=null,properties=TypedProperties[_AMQ_Binding_Type=0,_AMQ_RoutingName=ProducerKiller,_AMQ_Distance=0,_AMQ_Address=activemq.notifications,_AMQ_NotifType=BINDING_ADDED,_AMQ_Binding_ID=8,_AMQ_NotifTimestamp=1643475844788,_AMQ_ClusterName=ProducerKiller762b6076-8125-11ec-b3d9-0242ac110010,foobar=76c29776-8125-11ec-b3d9-0242ac110010]]
msg: ClientMessageImpl[messageID=10, durable=true, address=activemq.notifications,userID=null,properties=TypedProperties[_AMQ_RoutingName=ProducerKiller,_AMQ_Distance=0,_AMQ_ConsumerCount=1,_AMQ_User=f0f1a6cf-f5b1-431d-b998-71fed67714ed,_AMQ_SessionName=76c27065-8125-11ec-b3d9-0242ac110010,_AMQ_Address=activemq.notifications,_AMQ_RemoteAddress=invm:0,_AMQ_NotifType=CONSUMER_CREATED,_AMQ_NotifTimestamp=1643475844795,_AMQ_ClusterName=ProducerKiller762b6076-8125-11ec-b3d9-0242ac110010]]
Thread[Thread-0 (ActiveMQ-client-global-threads-591391158),5,ActiveMQ-client-global-threads-591391158] received the first message: ClientMessageImpl[messageID=11, durable=false, address=tempDataAddress.7e6f5c59-f4d1-4863-b36c-69ba3ae7a35e,userID=null,properties=TypedProperties[]], closing connection
Thread[Thread-0 (ActiveMQ-client-global-threads-591391158),5,ActiveMQ-client-global-threads-591391158] received the first message: ClientMessageImpl[messageID=12, durable=false, address=tempDataAddress.7e6f5c59-f4d1-4863-b36c-69ba3ae7a35e,userID=null,properties=TypedProperties[]], closing connection
Thread[Thread-0 (ActiveMQ-client-global-threads-591391158),5,ActiveMQ-client-global-threads-591391158] received the first message: ClientMessageImpl[messageID=13, durable=false, address=tempDataAddress.7e6f5c59-f4d1-4863-b36c-69ba3ae7a35e,userID=null,properties=TypedProperties[]], closing connection
Thread[Thread-0 (ActiveMQ-client-global-threads-591391158),5,ActiveMQ-client-global-threads-591391158] received the first message: ClientMessageImpl[messageID=14, durable=false, address=tempDataAddress.7e6f5c59-f4d1-4863-b36c-69ba3ae7a35e,userID=null,properties=TypedProperties[]], closing connection
msg: ClientMessageImpl[messageID=694, durable=true, address=activemq.notifications,userID=null,properties=TypedProperties[_AMQ_RoutingName=tempDataQueue.3941adf2-d73b-45ca-a52f-723cdc2598b1,_AMQ_Distance=0,_AMQ_ConsumerCount=0,_AMQ_User=NULL-value,_AMQ_SessionName=768f797a-8125-11ec-b3d9-0242ac110010,_AMQ_Address=tempDataAddress.7e6f5c59-f4d1-4863-b36c-69ba3ae7a35e,_AMQ_RemoteAddress=/127.0.0.1:52184,_AMQ_NotifType=CONSUMER_CLOSED,_AMQ_FilterString=NULL-value,_AMQ_NotifTimestamp=1643475905944,_AMQ_ClusterName=tempDataQueue.3941adf2-d73b-45ca-a52f-723cdc2598b1762b6076-8125-11ec-b3d9-0242ac110010]]
Jan 29 17:05:05.950 [316] org.yamcs.api.artemis.Protocol onMessage WARNING:closing producer org.apache.activemq.artemis.core.client.impl.ClientProducerImpl@1d2adfbe because the consumer to the address tempDataAddress.7e6f5c59-f4d1-4863-b36c-69ba3ae7a35e has closed
msg: ClientMessageImpl[messageID=696, durable=true, address=activemq.notifications,userID=null,properties=TypedProperties[_AMQ_RoutingName=tempDataQueue.3941adf2-d73b-45ca-a52f-723cdc2598b1,_AMQ_Distance=0,_AMQ_Address=tempDataAddress.7e6f5c59-f4d1-4863-b36c-69ba3ae7a35e,_AMQ_NotifType=BINDING_REMOVED,_AMQ_Binding_ID=2,_AMQ_FilterString=NULL-value,_AMQ_NotifTimestamp=1643475905949,_AMQ_ClusterName=tempDataQueue.3941adf2-d73b-45ca-a52f-723cdc2598b1762b6076-8125-11ec-b3d9-0242ac110010]]
ActiveMQObjectClosedException[errorType=OBJECT_CLOSED message=AMQ119018: Producer is closed]
	at org.apache.activemq.artemis.core.client.impl.ClientProducerImpl.checkClosed(ClientProducerImpl.java:299)
	at org.apache.activemq.artemis.core.client.impl.ClientProducerImpl.send(ClientProducerImpl.java:126)
	at org.yamcs.api.artemis.YamcsClient.sendData(YamcsClient.java:380)
	at org.yamcs.yarch.hornet.ProducerKillerTest$2.run(ProducerKillerTest.java:62)
	at java.lang.Thread.run(Thread.java:745)
Tests run: 1, Failures: 0, Errors: 0, Skipped: 0, Time elapsed: 62.755 sec - in org.yamcs.yarch.hornet.ProducerKillerTest
Running org.yamcs.yarch.hornet.StreamAdapterTest
Jan 29 17:05:07.140 [1] org.apache.activemq.artemis.core.server start INFO:AMQ221000: live Message Broker is starting with configuration Broker Configuration (clustered=false,journalDirectory=data/journal,bindingsDirectory=data/bindings,largeMessagesDirectory=data/largemessages,pagingDirectory=data/paging)
Jan 29 17:05:07.185 [1] org.apache.activemq.artemis.core.server <init> INFO:AMQ221043: Protocol module found: [artemis-server]. Adding protocol support for: CORE
log4j:WARN No appenders could be found for logger (org.apache.commons.beanutils.converters.BooleanConverter).
log4j:WARN Please initialize the log4j system properly.
Jan 29 17:05:07.320 [1] org.apache.activemq.artemis.core.server run INFO:AMQ221007: Server is now live
Jan 29 17:05:07.321 [1] org.apache.activemq.artemis.core.server start INFO:AMQ221001: Apache ActiveMQ Artemis Message Broker version 1.3.0 [localhost, nodeID=9beaebc6-8125-11ec-9cbb-0242ac110010] 
Jan 29 17:05:07.782 [38] org.apache.activemq.artemis.core.client fail WARNING:AMQ212037: Connection failure has been detected: AMQ119015: The connection was disconnected because of server shutdown [code=DISCONNECTED]
Jan 29 17:05:07.808 [1] org.apache.activemq.artemis.core.server stop INFO:AMQ221002: Apache ActiveMQ Artemis Message Broker version 1.3.0 [9beaebc6-8125-11ec-9cbb-0242ac110010] stopped, uptime 0.707 seconds
Tests run: 2, Failures: 0, Errors: 0, Skipped: 0, Time elapsed: 1.207 sec - in org.yamcs.yarch.hornet.StreamAdapterTest
Running org.yamcs.yarch.rocksdb.HistogramDbTest
Tests run: 1, Failures: 0, Errors: 0, Skipped: 0, Time elapsed: 0.357 sec - in org.yamcs.yarch.rocksdb.HistogramDbTest
Running org.yamcs.yarch.rocksdb.PartitionManagerTest
Tests run: 5, Failures: 0, Errors: 0, Skipped: 0, Time elapsed: 0.655 sec - in org.yamcs.yarch.rocksdb.PartitionManagerTest
Running org.yamcs.yarch.rocksdb.PartitioningTest
Tests run: 3, Failures: 0, Errors: 0, Skipped: 0, Time elapsed: 1.765 sec - in org.yamcs.yarch.rocksdb.PartitioningTest
Running org.yamcs.yarch.rocksdb.RDBFactoryTest
Tests run: 1, Failures: 0, Errors: 0, Skipped: 0, Time elapsed: 3.584 sec - in org.yamcs.yarch.rocksdb.RDBFactoryTest
Running org.yamcs.yarch.rocksdb.RdbEngineTest
Tests run: 1, Failures: 0, Errors: 0, Skipped: 0, Time elapsed: 0.475 sec - in org.yamcs.yarch.rocksdb.RdbEngineTest
Running org.yamcs.yarch.rocksdb.RdbSelectPerfTest
Tests run: 1, Failures: 0, Errors: 0, Skipped: 1, Time elapsed: 0.032 sec - in org.yamcs.yarch.rocksdb.RdbSelectPerfTest
Running org.yamcs.yarch.rocksdb.RdbSelectTest
Tests run: 7, Failures: 0, Errors: 0, Skipped: 0, Time elapsed: 0.826 sec - in org.yamcs.yarch.rocksdb.RdbSelectTest
Running org.yamcs.yarch.rocksdb.TagsTest
Tests run: 1, Failures: 0, Errors: 0, Skipped: 0, Time elapsed: 0.688 sec - in org.yamcs.yarch.rocksdb.TagsTest

Results :

Tests in error: 
  PermissionsTest.testPermissionArchive:53 » Execution org.yamcs.api.YamcsApiExc...
  PermissionsTest.testPermissionGetParameter:120 NullPointer
  PermissionsTest.testPermissionSendCommand:99 NullPointer

Tests run: 270, Failures: 0, Errors: 3, Skipped: 10

[INFO] ------------------------------------------------------------------------
[INFO] Reactor Summary:
[INFO] 
[INFO] Yamcs .............................................. SUCCESS [  0.047 s]
[INFO] Yamcs API .......................................... SUCCESS [  2.531 s]
[INFO] Yamcs XTCE ......................................... SUCCESS [  0.682 s]
[INFO] Yamcs Core ......................................... FAILURE [05:16 min]
[INFO] Yamcs Simulation ................................... SKIPPED
[INFO] ------------------------------------------------------------------------
[INFO] BUILD FAILURE
[INFO] ------------------------------------------------------------------------
[INFO] Total time: 05:19 min
[INFO] Finished at: 2022-01-29T17:05:21+00:00
[INFO] Final Memory: 12M/291M
[INFO] ------------------------------------------------------------------------
[ERROR] Failed to execute goal org.apache.maven.plugins:maven-surefire-plugin:2.19.1:test (default-test) on project yamcs-core: There are test failures.
[ERROR] 
[ERROR] Please refer to /home/travis/build/failed/yamcs/yamcs/yamcs-core/target/surefire-reports for the individual test results.
[ERROR] -> [Help 1]
[ERROR] 
[ERROR] To see the full stack trace of the errors, re-run Maven with the -e switch.
[ERROR] Re-run Maven using the -X switch to enable full debug logging.
[ERROR] 
[ERROR] For more information about the errors and possible solutions, please read the following articles:
[ERROR] [Help 1] http://cwiki.apache.org/confluence/display/MAVEN/MojoFailureException
[ERROR] 
[ERROR] After correcting the problems, you can resume the build with the command
[ERROR]   mvn <goals> -rf :yamcs-core

travis_time:end:0b523366:start=1643475600192760032,finish=1643475921363557108,duration=321170797076[0K
[31;1mThe command "mvn -o -Dhttps.protocols=TLSv1.2 -Dsurefire.useFile=false test" exited with 1.[0m
travis_fold:start:cache.2[0Kstore build cache
travis_time:start:00c49a20[0K
travis_time:end:00c49a20:start=1643475921377034599,finish=1643475921388219112,duration=11184513[0Ktravis_time:start:1693b1ac[0K/home/travis/.casher/bin/casher:190: warning: Insecure world writable dir /home/travis/build/failed/yamcs/yamcs/. in PATH, mode 040777
[32;1mchanges detected, packing new archive[0m
/home/travis/.casher/bin/casher:213:in `cache_archive_name': undefined method `[]' for nil:NilClass (NoMethodError)
	from /home/travis/.casher/bin/casher:143:in `push'
	from /home/travis/.casher/bin/casher:53:in `block in run'
	from /home/travis/.rvm/rubies/ruby-1.9.3-p551/lib/ruby/1.9.1/timeout.rb:69:in `timeout'
	from /home/travis/.casher/bin/casher:53:in `run'
	from /home/travis/.casher/bin/casher:263:in `<main>'
.
.
.
.
.

travis_time:end:1693b1ac:start=1643475921400519021,finish=1643475950310217082,duration=28909698061[0Ktravis_fold:end:cache.2[0K
Done. Your build exited with 1.
