travis_fold:start:system_info[0K[33;1mBuild system information[0m
Build language: java
Build group: stable
Build dist: precise
Build id: ''
Job id: ''
[34m[1mBuild image provisioning date and time[0m
Thu Feb  5 15:09:33 UTC 2015
[34m[1mOperating System Details[0m
Distributor ID:	Ubuntu
Description:	Ubuntu 12.04.5 LTS
Release:	12.04
Codename:	precise
[34m[1mLinux Version[0m
3.13.0-29-generic
[34m[1mCookbooks Version[0m
a68419e https://github.com/travis-ci/travis-cookbooks/tree/a68419e
[34m[1mGCC version[0m
gcc (Ubuntu/Linaro 4.6.3-1ubuntu5) 4.6.3
Copyright (C) 2011 Free Software Foundation, Inc.
This is free software; see the source for copying conditions.  There is NO
warranty; not even for MERCHANTABILITY or FITNESS FOR A PARTICULAR PURPOSE.

[34m[1mLLVM version[0m
clang version 3.4 (tags/RELEASE_34/final)
Target: x86_64-unknown-linux-gnu
Thread model: posix
[34m[1mPre-installed Ruby versions[0m
ruby-1.9.3-p551
[34m[1mPre-installed Node.js versions[0m
v0.10.36
[34m[1mPre-installed Go versions[0m
1.4.1
[34m[1mRedis version[0m
redis-server 2.8.19
[34m[1mriak version[0m
2.0.2
[34m[1mMongoDB version[0m
MongoDB 2.4.12
[34m[1mCouchDB version[0m
couchdb 1.6.1
[34m[1mNeo4j version[0m
1.9.4
[34m[1mRabbitMQ Version[0m
3.4.3
[34m[1mElasticSearch version[0m
1.4.0
[34m[1mInstalled Sphinx versions[0m
2.0.10
2.1.9
2.2.6
[34m[1mDefault Sphinx version[0m
2.2.6
[34m[1mInstalled Firefox version[0m
firefox 31.0esr
[34m[1mPhantomJS version[0m
1.9.8
[34m[1mant -version[0m
Apache Ant(TM) version 1.8.2 compiled on December 3 2011
[34m[1mmvn -version[0m
Apache Maven 3.2.5 (12a6b3acb947671f09b81f49094c53f426d8cea1; 2014-12-14T17:29:23+00:00)
Maven home: /usr/local/maven
Java version: 1.7.0_76, vendor: Oracle Corporation
Java home: /usr/lib/jvm/java-7-oracle/jre
Default locale: en_US, platform encoding: ANSI_X3.4-1968
OS name: "linux", version: "3.13.0-29-generic", arch: "amd64", family: "unix"
travis_fold:end:system_info[0K
W: GPG error: http://apt.postgresql.org precise-pgdg Release: The following signatures were invalid: KEYEXPIRED 1562078959
W: Failed to fetch http://ppa.launchpad.net/travis-ci/zero-mq/ubuntu/dists/precise/main/binary-amd64/Packages  403  Forbidden

W: Failed to fetch http://ppa.launchpad.net/travis-ci/zero-mq/ubuntu/dists/precise/main/binary-i386/Packages  403  Forbidden

W: Failed to fetch http://downloads-distro.mongodb.org/repo/debian-sysvinit/dists/dist/10gen/binary-amd64/Packages  Undetermined Error [IP: 52.21.89.200 80]

W: Failed to fetch http://downloads-distro.mongodb.org/repo/debian-sysvinit/dists/dist/10gen/binary-i386/Packages  Undetermined Error [IP: 52.21.89.200 80]

E: Some index files failed to download. They have been ignored, or old ones used instead.
$ jdk_switcher use oraclejdk8
Switching to Oracle JDK8 (java-8-oracle), JAVA_HOME will be set to /usr/lib/jvm/java-8-oracle
$ cd failed/brettwooldridge/HikariCP
travis_fold:start:cache.1[0KSetting up build cache
$ export CASHER_DIR=$HOME/.casher
travis_time:start:0d39df28[0K$ Installing caching utilities

travis_time:end:0d39df28:start=1591453751769480766,finish=1591453752101624426,duration=332143660[0Ktravis_time:start:1d5fec4e[0K
travis_time:end:1d5fec4e:start=1591453752115554316,finish=1591453752125197749,duration=9643433[0Ktravis_time:start:295d7bdc[0K[32;1mattempting to download cache archive[0m

travis_time:end:295d7bdc:start=1591453752136082918,finish=1591453752885787137,duration=749704219[0Ktravis_time:start:00cc8952[0K
travis_time:end:00cc8952:start=1591453752895932035,finish=1591453752904261424,duration=8329389[0Ktravis_time:start:0179dca4[0K[32;1madding /home/travis/.m2/repository to cache[0m

travis_time:end:0179dca4:start=1591453752913835050,finish=1591453753690234500,duration=776399450[0Ktravis_fold:end:cache.1[0K$ java -Xmx32m -version
$ javac -J-Xmx32m -version
travis_fold:start:install[0Ktravis_time:start:00e4ce10[0K$ /bin/true

travis_time:end:00e4ce10:start=1591453753982137142,finish=1591453754036853242,duration=54716100[0Ktravis_fold:end:install[0Ktravis_time:start:07fe993e[0K$ mvn install -Dhttps.protocols=TLSv1.2 -Dmaven.javadoc.skip=true -V -B
Apache Maven 3.2.5 (12a6b3acb947671f09b81f49094c53f426d8cea1; 2014-12-14T17:29:23+00:00)
Maven home: /usr/local/maven
Java version: 1.8.0_31, vendor: Oracle Corporation
Java home: /usr/lib/jvm/java-8-oracle/jre
Default locale: en_US, platform encoding: UTF-8
OS name: "linux", version: "4.15.0-91-generic", arch: "amd64", family: "unix"
[INFO] Scanning for projects...
[INFO] Downloading: http://insecure.repo1.maven.org/maven2/org/sonatype/oss/oss-parent/9/oss-parent-9.pom
[INFO] Downloaded: http://insecure.repo1.maven.org/maven2/org/sonatype/oss/oss-parent/9/oss-parent-9.pom (7 KB at 37.5 KB/sec)
[INFO] Downloading: https://repo.maven.apache.org/maven2/org/apache/felix/maven-bundle-plugin/3.2.0/maven-bundle-plugin-3.2.0.pom
[INFO] Downloaded: https://repo.maven.apache.org/maven2/org/apache/felix/maven-bundle-plugin/3.2.0/maven-bundle-plugin-3.2.0.pom (9 KB at 25.4 KB/sec)
[INFO] Downloading: https://repo.maven.apache.org/maven2/org/apache/felix/felix-parent/4/felix-parent-4.pom
[INFO] Downloaded: https://repo.maven.apache.org/maven2/org/apache/felix/felix-parent/4/felix-parent-4.pom (24 KB at 557.3 KB/sec)
[INFO] Downloading: https://repo.maven.apache.org/maven2/org/apache/apache/17/apache-17.pom
[INFO] Downloaded: https://repo.maven.apache.org/maven2/org/apache/apache/17/apache-17.pom (16 KB at 522.7 KB/sec)
[INFO] Downloading: https://repo.maven.apache.org/maven2/org/osgi/org.osgi.core/4.3.1/org.osgi.core-4.3.1.pom
[INFO] Downloaded: https://repo.maven.apache.org/maven2/org/osgi/org.osgi.core/4.3.1/org.osgi.core-4.3.1.pom (2 KB at 65.7 KB/sec)
[INFO] Downloading: https://repo.maven.apache.org/maven2/biz/aQute/bnd/biz.aQute.bndlib/3.2.0/biz.aQute.bndlib-3.2.0.pom
[INFO] Downloaded: https://repo.maven.apache.org/maven2/biz/aQute/bnd/biz.aQute.bndlib/3.2.0/biz.aQute.bndlib-3.2.0.pom (2 KB at 59.1 KB/sec)
[INFO] Downloading: https://repo.maven.apache.org/maven2/org/apache/felix/org.apache.felix.bundlerepository/1.6.6/org.apache.felix.bundlerepository-1.6.6.pom
[INFO] Downloaded: https://repo.maven.apache.org/maven2/org/apache/felix/org.apache.felix.bundlerepository/1.6.6/org.apache.felix.bundlerepository-1.6.6.pom (6 KB at 249.9 KB/sec)
[INFO] Downloading: https://repo.maven.apache.org/maven2/org/apache/felix/felix-parent/2.1/felix-parent-2.1.pom
[INFO] Downloaded: https://repo.maven.apache.org/maven2/org/apache/felix/felix-parent/2.1/felix-parent-2.1.pom (10 KB at 349.4 KB/sec)
[INFO] Downloading: https://repo.maven.apache.org/maven2/org/apache/apache/9/apache-9.pom
[INFO] Downloaded: https://repo.maven.apache.org/maven2/org/apache/apache/9/apache-9.pom (15 KB at 528.7 KB/sec)
[INFO] Downloading: https://repo.maven.apache.org/maven2/org/osgi/org.osgi.core/4.1.0/org.osgi.core-4.1.0.pom
[INFO] Downloaded: https://repo.maven.apache.org/maven2/org/osgi/org.osgi.core/4.1.0/org.osgi.core-4.1.0.pom (193 B at 9.4 KB/sec)
[INFO] Downloading: https://repo.maven.apache.org/maven2/org/easymock/easymock/3.4/easymock-3.4.pom
[INFO] Downloaded: https://repo.maven.apache.org/maven2/org/easymock/easymock/3.4/easymock-3.4.pom (8 KB at 285.3 KB/sec)
[INFO] Downloading: https://repo.maven.apache.org/maven2/org/easymock/easymock-parent/3.4/easymock-parent-3.4.pom
[INFO] Downloaded: https://repo.maven.apache.org/maven2/org/easymock/easymock-parent/3.4/easymock-parent-3.4.pom (17 KB at 596.0 KB/sec)
[INFO] Downloading: https://repo.maven.apache.org/maven2/org/objenesis/objenesis/2.2/objenesis-2.2.pom
[INFO] Downloaded: https://repo.maven.apache.org/maven2/org/objenesis/objenesis/2.2/objenesis-2.2.pom (3 KB at 105.3 KB/sec)
[INFO] Downloading: https://repo.maven.apache.org/maven2/org/objenesis/objenesis-parent/2.2/objenesis-parent-2.2.pom
[INFO] Downloaded: https://repo.maven.apache.org/maven2/org/objenesis/objenesis-parent/2.2/objenesis-parent-2.2.pom (17 KB at 556.5 KB/sec)
[INFO] Downloading: https://repo.maven.apache.org/maven2/org/apache/felix/org.apache.felix.utils/1.6.0/org.apache.felix.utils-1.6.0.pom
[INFO] Downloaded: https://repo.maven.apache.org/maven2/org/apache/felix/org.apache.felix.utils/1.6.0/org.apache.felix.utils-1.6.0.pom (4 KB at 152.3 KB/sec)
[INFO] Downloading: https://repo.maven.apache.org/maven2/org/osgi/org.osgi.compendium/4.2.0/org.osgi.compendium-4.2.0.pom
[INFO] Downloaded: https://repo.maven.apache.org/maven2/org/osgi/org.osgi.compendium/4.2.0/org.osgi.compendium-4.2.0.pom (463 B at 21.5 KB/sec)
[INFO] Downloading: https://repo.maven.apache.org/maven2/org/apache/maven/maven-core/2.2.0/maven-core-2.2.0.pom
[INFO] Downloaded: https://repo.maven.apache.org/maven2/org/apache/maven/maven-core/2.2.0/maven-core-2.2.0.pom (11 KB at 421.2 KB/sec)
[INFO] Downloading: https://repo.maven.apache.org/maven2/org/apache/maven/maven/2.2.0/maven-2.2.0.pom
[INFO] Downloaded: https://repo.maven.apache.org/maven2/org/apache/maven/maven/2.2.0/maven-2.2.0.pom (22 KB at 731.0 KB/sec)
[INFO] Downloading: https://repo.maven.apache.org/maven2/org/apache/maven/maven-parent/11/maven-parent-11.pom
[INFO] Downloaded: https://repo.maven.apache.org/maven2/org/apache/maven/maven-parent/11/maven-parent-11.pom (32 KB at 904.3 KB/sec)
[INFO] Downloading: https://repo.maven.apache.org/maven2/org/apache/apache/5/apache-5.pom
[INFO] Downloaded: https://repo.maven.apache.org/maven2/org/apache/apache/5/apache-5.pom (5 KB at 190.5 KB/sec)
[INFO] Downloading: https://repo.maven.apache.org/maven2/org/apache/maven/maven-settings/2.2.0/maven-settings-2.2.0.pom
[INFO] Downloaded: https://repo.maven.apache.org/maven2/org/apache/maven/maven-settings/2.2.0/maven-settings-2.2.0.pom (3 KB at 101.3 KB/sec)
[INFO] Downloading: https://repo.maven.apache.org/maven2/org/apache/maven/maven-model/2.2.0/maven-model-2.2.0.pom
[INFO] Downloaded: https://repo.maven.apache.org/maven2/org/apache/maven/maven-model/2.2.0/maven-model-2.2.0.pom (4 KB at 158.2 KB/sec)
[INFO] Downloading: https://repo.maven.apache.org/maven2/org/codehaus/plexus/plexus-utils/1.5.15/plexus-utils-1.5.15.pom
[INFO] Downloaded: https://repo.maven.apache.org/maven2/org/codehaus/plexus/plexus-utils/1.5.15/plexus-utils-1.5.15.pom (7 KB at 290.8 KB/sec)
[INFO] Downloading: https://repo.maven.apache.org/maven2/org/codehaus/plexus/plexus/2.0.2/plexus-2.0.2.pom
[INFO] Downloaded: https://repo.maven.apache.org/maven2/org/codehaus/plexus/plexus/2.0.2/plexus-2.0.2.pom (12 KB at 493.0 KB/sec)
[INFO] Downloading: https://repo.maven.apache.org/maven2/org/codehaus/plexus/plexus-interpolation/1.11/plexus-interpolation-1.11.pom
[INFO] Downloaded: https://repo.maven.apache.org/maven2/org/codehaus/plexus/plexus-interpolation/1.11/plexus-interpolation-1.11.pom (889 B at 48.2 KB/sec)
[INFO] Downloading: https://repo.maven.apache.org/maven2/org/codehaus/plexus/plexus-components/1.1.14/plexus-components-1.1.14.pom
[INFO] Downloaded: https://repo.maven.apache.org/maven2/org/codehaus/plexus/plexus-components/1.1.14/plexus-components-1.1.14.pom (6 KB at 259.3 KB/sec)
[INFO] Downloading: https://repo.maven.apache.org/maven2/org/codehaus/plexus/plexus-container-default/1.0-alpha-9-stable-1/plexus-container-default-1.0-alpha-9-stable-1.pom
[INFO] Downloaded: https://repo.maven.apache.org/maven2/org/codehaus/plexus/plexus-container-default/1.0-alpha-9-stable-1/plexus-container-default-1.0-alpha-9-stable-1.pom (4 KB at 183.6 KB/sec)
[INFO] Downloading: https://repo.maven.apache.org/maven2/org/codehaus/plexus/plexus-containers/1.0.3/plexus-containers-1.0.3.pom
[INFO] Downloaded: https://repo.maven.apache.org/maven2/org/codehaus/plexus/plexus-containers/1.0.3/plexus-containers-1.0.3.pom (492 B at 26.7 KB/sec)
[INFO] Downloading: https://repo.maven.apache.org/maven2/org/codehaus/plexus/plexus/1.0.4/plexus-1.0.4.pom
[INFO] Downloaded: https://repo.maven.apache.org/maven2/org/codehaus/plexus/plexus/1.0.4/plexus-1.0.4.pom (6 KB at 243.6 KB/sec)
[INFO] Downloading: https://repo.maven.apache.org/maven2/junit/junit/4.12/junit-4.12.pom
[INFO] Downloaded: https://repo.maven.apache.org/maven2/junit/junit/4.12/junit-4.12.pom (24 KB at 642.3 KB/sec)
[INFO] Downloading: https://repo.maven.apache.org/maven2/org/hamcrest/hamcrest-core/1.3/hamcrest-core-1.3.pom
[INFO] Downloaded: https://repo.maven.apache.org/maven2/org/hamcrest/hamcrest-core/1.3/hamcrest-core-1.3.pom (766 B at 39.4 KB/sec)
[INFO] Downloading: https://repo.maven.apache.org/maven2/org/hamcrest/hamcrest-parent/1.3/hamcrest-parent-1.3.pom
[INFO] Downloaded: https://repo.maven.apache.org/maven2/org/hamcrest/hamcrest-parent/1.3/hamcrest-parent-1.3.pom (2 KB at 107.0 KB/sec)
[INFO] Downloading: https://repo.maven.apache.org/maven2/org/codehaus/plexus/plexus-utils/1.0.4/plexus-utils-1.0.4.pom
[INFO] Downloaded: https://repo.maven.apache.org/maven2/org/codehaus/plexus/plexus-utils/1.0.4/plexus-utils-1.0.4.pom (7 KB at 318.8 KB/sec)
[INFO] Downloading: https://repo.maven.apache.org/maven2/classworlds/classworlds/1.1-alpha-2/classworlds-1.1-alpha-2.pom
[INFO] Downloaded: https://repo.maven.apache.org/maven2/classworlds/classworlds/1.1-alpha-2/classworlds-1.1-alpha-2.pom (4 KB at 145.5 KB/sec)
[INFO] Downloading: https://repo.maven.apache.org/maven2/org/apache/maven/maven-plugin-parameter-documenter/2.2.0/maven-plugin-parameter-documenter-2.2.0.pom
[INFO] Downloaded: https://repo.maven.apache.org/maven2/org/apache/maven/maven-plugin-parameter-documenter/2.2.0/maven-plugin-parameter-documenter-2.2.0.pom (2 KB at 106.2 KB/sec)
[INFO] Downloading: https://repo.maven.apache.org/maven2/org/slf4j/slf4j-jdk14/1.5.6/slf4j-jdk14-1.5.6.pom
[INFO] Downloaded: https://repo.maven.apache.org/maven2/org/slf4j/slf4j-jdk14/1.5.6/slf4j-jdk14-1.5.6.pom (2 KB at 103.0 KB/sec)
[INFO] Downloading: https://repo.maven.apache.org/maven2/org/slf4j/slf4j-parent/1.5.6/slf4j-parent-1.5.6.pom
[INFO] Downloaded: https://repo.maven.apache.org/maven2/org/slf4j/slf4j-parent/1.5.6/slf4j-parent-1.5.6.pom (8 KB at 351.6 KB/sec)
[INFO] Downloading: https://repo.maven.apache.org/maven2/org/slf4j/slf4j-api/1.5.6/slf4j-api-1.5.6.pom
[INFO] Downloaded: https://repo.maven.apache.org/maven2/org/slf4j/slf4j-api/1.5.6/slf4j-api-1.5.6.pom (3 KB at 153.4 KB/sec)
[INFO] Downloading: https://repo.maven.apache.org/maven2/org/slf4j/jcl-over-slf4j/1.5.6/jcl-over-slf4j-1.5.6.pom
[INFO] Downloaded: https://repo.maven.apache.org/maven2/org/slf4j/jcl-over-slf4j/1.5.6/jcl-over-slf4j-1.5.6.pom (3 KB at 105.9 KB/sec)
[INFO] Downloading: https://repo.maven.apache.org/maven2/org/apache/maven/reporting/maven-reporting-api/2.2.0/maven-reporting-api-2.2.0.pom
[INFO] Downloaded: https://repo.maven.apache.org/maven2/org/apache/maven/reporting/maven-reporting-api/2.2.0/maven-reporting-api-2.2.0.pom (2 KB at 90.4 KB/sec)
[INFO] Downloading: https://repo.maven.apache.org/maven2/org/apache/maven/reporting/maven-reporting/2.2.0/maven-reporting-2.2.0.pom
[INFO] Downloaded: https://repo.maven.apache.org/maven2/org/apache/maven/reporting/maven-reporting/2.2.0/maven-reporting-2.2.0.pom (2 KB at 78.3 KB/sec)
[INFO] Downloading: https://repo.maven.apache.org/maven2/org/apache/maven/doxia/doxia-sink-api/1.1/doxia-sink-api-1.1.pom
[INFO] Downloaded: https://repo.maven.apache.org/maven2/org/apache/maven/doxia/doxia-sink-api/1.1/doxia-sink-api-1.1.pom (2 KB at 110.6 KB/sec)
[INFO] Downloading: https://repo.maven.apache.org/maven2/org/apache/maven/doxia/doxia/1.1/doxia-1.1.pom
[INFO] Downloaded: https://repo.maven.apache.org/maven2/org/apache/maven/doxia/doxia/1.1/doxia-1.1.pom (15 KB at 570.1 KB/sec)
[INFO] Downloading: https://repo.maven.apache.org/maven2/org/apache/maven/doxia/doxia-logging-api/1.1/doxia-logging-api-1.1.pom
[INFO] Downloaded: https://repo.maven.apache.org/maven2/org/apache/maven/doxia/doxia-logging-api/1.1/doxia-logging-api-1.1.pom (2 KB at 85.4 KB/sec)
[INFO] Downloading: https://repo.maven.apache.org/maven2/org/codehaus/plexus/plexus-container-default/1.0-alpha-30/plexus-container-default-1.0-alpha-30.pom
[INFO] Downloaded: https://repo.maven.apache.org/maven2/org/codehaus/plexus/plexus-container-default/1.0-alpha-30/plexus-container-default-1.0-alpha-30.pom (4 KB at 178.7 KB/sec)
[INFO] Downloading: https://repo.maven.apache.org/maven2/org/codehaus/plexus/plexus-containers/1.0-alpha-30/plexus-containers-1.0-alpha-30.pom
[INFO] Downloaded: https://repo.maven.apache.org/maven2/org/codehaus/plexus/plexus-containers/1.0-alpha-30/plexus-containers-1.0-alpha-30.pom (2 KB at 97.3 KB/sec)
[INFO] Downloading: https://repo.maven.apache.org/maven2/org/codehaus/plexus/plexus/1.0.11/plexus-1.0.11.pom
[INFO] Downloaded: https://repo.maven.apache.org/maven2/org/codehaus/plexus/plexus/1.0.11/plexus-1.0.11.pom (9 KB at 380.8 KB/sec)
[INFO] Downloading: https://repo.maven.apache.org/maven2/org/codehaus/plexus/plexus-utils/1.4.5/plexus-utils-1.4.5.pom
[INFO] Downloaded: https://repo.maven.apache.org/maven2/org/codehaus/plexus/plexus-utils/1.4.5/plexus-utils-1.4.5.pom (3 KB at 122.9 KB/sec)
[INFO] Downloading: https://repo.maven.apache.org/maven2/org/codehaus/plexus/plexus-classworlds/1.2-alpha-9/plexus-classworlds-1.2-alpha-9.pom
[INFO] Downloaded: https://repo.maven.apache.org/maven2/org/codehaus/plexus/plexus-classworlds/1.2-alpha-9/plexus-classworlds-1.2-alpha-9.pom (4 KB at 165.7 KB/sec)
[INFO] Downloading: https://repo.maven.apache.org/maven2/org/codehaus/plexus/plexus/1.0.10/plexus-1.0.10.pom
[INFO] Downloaded: https://repo.maven.apache.org/maven2/org/codehaus/plexus/plexus/1.0.10/plexus-1.0.10.pom (9 KB at 322.3 KB/sec)
[INFO] Downloading: https://repo.maven.apache.org/maven2/org/apache/maven/maven-profile/2.2.0/maven-profile-2.2.0.pom
[INFO] Downloaded: https://repo.maven.apache.org/maven2/org/apache/maven/maven-profile/2.2.0/maven-profile-2.2.0.pom (3 KB at 111.6 KB/sec)
[INFO] Downloading: https://repo.maven.apache.org/maven2/org/apache/maven/maven-artifact/2.2.0/maven-artifact-2.2.0.pom
[INFO] Downloaded: https://repo.maven.apache.org/maven2/org/apache/maven/maven-artifact/2.2.0/maven-artifact-2.2.0.pom (2 KB at 90.8 KB/sec)
[INFO] Downloading: https://repo.maven.apache.org/maven2/org/apache/maven/maven-repository-metadata/2.2.0/maven-repository-metadata-2.2.0.pom
[INFO] Downloaded: https://repo.maven.apache.org/maven2/org/apache/maven/maven-repository-metadata/2.2.0/maven-repository-metadata-2.2.0.pom (2 KB at 107.5 KB/sec)
[INFO] Downloading: https://repo.maven.apache.org/maven2/org/apache/maven/maven-error-diagnostics/2.2.0/maven-error-diagnostics-2.2.0.pom
[INFO] Downloaded: https://repo.maven.apache.org/maven2/org/apache/maven/maven-error-diagnostics/2.2.0/maven-error-diagnostics-2.2.0.pom (2 KB at 87.8 KB/sec)
[INFO] Downloading: https://repo.maven.apache.org/maven2/org/apache/maven/maven-project/2.2.0/maven-project-2.2.0.pom
[INFO] Downloaded: https://repo.maven.apache.org/maven2/org/apache/maven/maven-project/2.2.0/maven-project-2.2.0.pom (3 KB at 150.4 KB/sec)
[INFO] Downloading: https://repo.maven.apache.org/maven2/org/apache/maven/maven-artifact-manager/2.2.0/maven-artifact-manager-2.2.0.pom
[INFO] Downloaded: https://repo.maven.apache.org/maven2/org/apache/maven/maven-artifact-manager/2.2.0/maven-artifact-manager-2.2.0.pom (4 KB at 137.7 KB/sec)
[INFO] Downloading: https://repo.maven.apache.org/maven2/backport-util-concurrent/backport-util-concurrent/3.1/backport-util-concurrent-3.1.pom
[INFO] Downloaded: https://repo.maven.apache.org/maven2/backport-util-concurrent/backport-util-concurrent/3.1/backport-util-concurrent-3.1.pom (880 B at 43.0 KB/sec)
[INFO] Downloading: https://repo.maven.apache.org/maven2/org/apache/maven/maven-plugin-registry/2.2.0/maven-plugin-registry-2.2.0.pom
[INFO] Downloaded: https://repo.maven.apache.org/maven2/org/apache/maven/maven-plugin-registry/2.2.0/maven-plugin-registry-2.2.0.pom (2 KB at 89.7 KB/sec)
[INFO] Downloading: https://repo.maven.apache.org/maven2/commons-cli/commons-cli/1.2/commons-cli-1.2.pom
[INFO] Downloaded: https://repo.maven.apache.org/maven2/commons-cli/commons-cli/1.2/commons-cli-1.2.pom (8 KB at 354.2 KB/sec)
[INFO] Downloading: https://repo.maven.apache.org/maven2/org/apache/commons/commons-parent/11/commons-parent-11.pom
[INFO] Downloaded: https://repo.maven.apache.org/maven2/org/apache/commons/commons-parent/11/commons-parent-11.pom (25 KB at 752.2 KB/sec)
[INFO] Downloading: https://repo.maven.apache.org/maven2/org/apache/apache/4/apache-4.pom
[INFO] Downloaded: https://repo.maven.apache.org/maven2/org/apache/apache/4/apache-4.pom (5 KB at 199.5 KB/sec)
[INFO] Downloading: https://repo.maven.apache.org/maven2/org/apache/maven/maven-plugin-api/2.2.0/maven-plugin-api-2.2.0.pom
[INFO] Downloaded: https://repo.maven.apache.org/maven2/org/apache/maven/maven-plugin-api/2.2.0/maven-plugin-api-2.2.0.pom (2 KB at 71.2 KB/sec)
[INFO] Downloading: https://repo.maven.apache.org/maven2/org/apache/maven/maven-plugin-descriptor/2.2.0/maven-plugin-descriptor-2.2.0.pom
[INFO] Downloaded: https://repo.maven.apache.org/maven2/org/apache/maven/maven-plugin-descriptor/2.2.0/maven-plugin-descriptor-2.2.0.pom (3 KB at 100.8 KB/sec)
[INFO] Downloading: https://repo.maven.apache.org/maven2/org/codehaus/plexus/plexus-interactivity-api/1.0-alpha-4/plexus-interactivity-api-1.0-alpha-4.pom
[INFO] Downloaded: https://repo.maven.apache.org/maven2/org/codehaus/plexus/plexus-interactivity-api/1.0-alpha-4/plexus-interactivity-api-1.0-alpha-4.pom (7 KB at 314.8 KB/sec)
[INFO] Downloading: https://repo.maven.apache.org/maven2/org/apache/maven/maven-monitor/2.2.0/maven-monitor-2.2.0.pom
[INFO] Downloaded: https://repo.maven.apache.org/maven2/org/apache/maven/maven-monitor/2.2.0/maven-monitor-2.2.0.pom (2 KB at 64.6 KB/sec)
[INFO] Downloading: https://repo.maven.apache.org/maven2/classworlds/classworlds/1.1/classworlds-1.1.pom
[INFO] Downloaded: https://repo.maven.apache.org/maven2/classworlds/classworlds/1.1/classworlds-1.1.pom (4 KB at 162.3 KB/sec)
[INFO] Downloading: https://repo.maven.apache.org/maven2/org/sonatype/plexus/plexus-sec-dispatcher/1.3/plexus-sec-dispatcher-1.3.pom
[INFO] Downloaded: https://repo.maven.apache.org/maven2/org/sonatype/plexus/plexus-sec-dispatcher/1.3/plexus-sec-dispatcher-1.3.pom (3 KB at 115.7 KB/sec)
[INFO] Downloading: https://repo.maven.apache.org/maven2/org/sonatype/spice/spice-parent/12/spice-parent-12.pom
[INFO] Downloaded: https://repo.maven.apache.org/maven2/org/sonatype/spice/spice-parent/12/spice-parent-12.pom (7 KB at 276.6 KB/sec)
[INFO] Downloading: https://repo.maven.apache.org/maven2/org/sonatype/forge/forge-parent/4/forge-parent-4.pom
[INFO] Downloaded: https://repo.maven.apache.org/maven2/org/sonatype/forge/forge-parent/4/forge-parent-4.pom (9 KB at 356.5 KB/sec)
[INFO] Downloading: https://repo.maven.apache.org/maven2/org/codehaus/plexus/plexus-utils/1.5.5/plexus-utils-1.5.5.pom
[INFO] Downloaded: https://repo.maven.apache.org/maven2/org/codehaus/plexus/plexus-utils/1.5.5/plexus-utils-1.5.5.pom (6 KB at 264.5 KB/sec)
[INFO] Downloading: https://repo.maven.apache.org/maven2/org/sonatype/plexus/plexus-cipher/1.4/plexus-cipher-1.4.pom
[INFO] Downloaded: https://repo.maven.apache.org/maven2/org/sonatype/plexus/plexus-cipher/1.4/plexus-cipher-1.4.pom (3 KB at 112.0 KB/sec)
[INFO] Downloading: https://repo.maven.apache.org/maven2/org/apache/maven/maven-archiver/2.5/maven-archiver-2.5.pom
[INFO] Downloaded: https://repo.maven.apache.org/maven2/org/apache/maven/maven-archiver/2.5/maven-archiver-2.5.pom (5 KB at 233.2 KB/sec)
[INFO] Downloading: https://repo.maven.apache.org/maven2/org/apache/maven/shared/maven-shared-components/17/maven-shared-components-17.pom
[INFO] Downloaded: https://repo.maven.apache.org/maven2/org/apache/maven/shared/maven-shared-components/17/maven-shared-components-17.pom (9 KB at 386.3 KB/sec)
[INFO] Downloading: https://repo.maven.apache.org/maven2/org/apache/maven/maven-parent/21/maven-parent-21.pom
[INFO] Downloaded: https://repo.maven.apache.org/maven2/org/apache/maven/maven-parent/21/maven-parent-21.pom (26 KB at 757.1 KB/sec)
[INFO] Downloading: https://repo.maven.apache.org/maven2/org/apache/apache/10/apache-10.pom
[INFO] Downloaded: https://repo.maven.apache.org/maven2/org/apache/apache/10/apache-10.pom (15 KB at 437.9 KB/sec)
[INFO] Downloading: https://repo.maven.apache.org/maven2/org/apache/maven/maven-artifact/2.0.6/maven-artifact-2.0.6.pom
[INFO] Downloaded: https://repo.maven.apache.org/maven2/org/apache/maven/maven-artifact/2.0.6/maven-artifact-2.0.6.pom (2 KB at 90.6 KB/sec)
[INFO] Downloading: https://repo.maven.apache.org/maven2/org/apache/maven/maven/2.0.6/maven-2.0.6.pom
[INFO] Downloaded: https://repo.maven.apache.org/maven2/org/apache/maven/maven/2.0.6/maven-2.0.6.pom (9 KB at 420.7 KB/sec)
[INFO] Downloading: https://repo.maven.apache.org/maven2/org/apache/maven/maven-parent/5/maven-parent-5.pom
[INFO] Downloaded: https://repo.maven.apache.org/maven2/org/apache/maven/maven-parent/5/maven-parent-5.pom (15 KB at 595.2 KB/sec)
[INFO] Downloading: https://repo.maven.apache.org/maven2/org/apache/apache/3/apache-3.pom
[INFO] Downloaded: https://repo.maven.apache.org/maven2/org/apache/apache/3/apache-3.pom (4 KB at 167.5 KB/sec)
[INFO] Downloading: https://repo.maven.apache.org/maven2/org/codehaus/plexus/plexus-utils/1.4.1/plexus-utils-1.4.1.pom
[INFO] Downloaded: https://repo.maven.apache.org/maven2/org/codehaus/plexus/plexus-utils/1.4.1/plexus-utils-1.4.1.pom (2 KB at 103.6 KB/sec)
[INFO] Downloading: https://repo.maven.apache.org/maven2/org/apache/maven/maven-model/2.0.6/maven-model-2.0.6.pom
[INFO] Downloaded: https://repo.maven.apache.org/maven2/org/apache/maven/maven-model/2.0.6/maven-model-2.0.6.pom (3 KB at 148.8 KB/sec)
[INFO] Downloading: https://repo.maven.apache.org/maven2/org/apache/maven/maven-core/2.0.6/maven-core-2.0.6.pom
[INFO] Downloaded: https://repo.maven.apache.org/maven2/org/apache/maven/maven-core/2.0.6/maven-core-2.0.6.pom (7 KB at 284.9 KB/sec)
[INFO] Downloading: https://repo.maven.apache.org/maven2/org/apache/maven/maven-settings/2.0.6/maven-settings-2.0.6.pom
[INFO] Downloaded: https://repo.maven.apache.org/maven2/org/apache/maven/maven-settings/2.0.6/maven-settings-2.0.6.pom (2 KB at 97.7 KB/sec)
[INFO] Downloading: https://repo.maven.apache.org/maven2/org/apache/maven/maven-plugin-parameter-documenter/2.0.6/maven-plugin-parameter-documenter-2.0.6.pom
[INFO] Downloaded: https://repo.maven.apache.org/maven2/org/apache/maven/maven-plugin-parameter-documenter/2.0.6/maven-plugin-parameter-documenter-2.0.6.pom (2 KB at 93.3 KB/sec)
[INFO] Downloading: https://repo.maven.apache.org/maven2/org/apache/maven/reporting/maven-reporting-api/2.0.6/maven-reporting-api-2.0.6.pom
[INFO] Downloaded: https://repo.maven.apache.org/maven2/org/apache/maven/reporting/maven-reporting-api/2.0.6/maven-reporting-api-2.0.6.pom (2 KB at 85.5 KB/sec)
[INFO] Downloading: https://repo.maven.apache.org/maven2/org/apache/maven/reporting/maven-reporting/2.0.6/maven-reporting-2.0.6.pom
[INFO] Downloaded: https://repo.maven.apache.org/maven2/org/apache/maven/reporting/maven-reporting/2.0.6/maven-reporting-2.0.6.pom (2 KB at 70.3 KB/sec)
[INFO] Downloading: https://repo.maven.apache.org/maven2/org/apache/maven/doxia/doxia-sink-api/1.0-alpha-7/doxia-sink-api-1.0-alpha-7.pom
[INFO] Downloaded: https://repo.maven.apache.org/maven2/org/apache/maven/doxia/doxia-sink-api/1.0-alpha-7/doxia-sink-api-1.0-alpha-7.pom (424 B at 23.0 KB/sec)
[INFO] Downloading: https://repo.maven.apache.org/maven2/org/apache/maven/doxia/doxia/1.0-alpha-7/doxia-1.0-alpha-7.pom
[INFO] Downloaded: https://repo.maven.apache.org/maven2/org/apache/maven/doxia/doxia/1.0-alpha-7/doxia-1.0-alpha-7.pom (4 KB at 191.1 KB/sec)
[INFO] Downloading: https://repo.maven.apache.org/maven2/org/apache/maven/maven-profile/2.0.6/maven-profile-2.0.6.pom
[INFO] Downloaded: https://repo.maven.apache.org/maven2/org/apache/maven/maven-profile/2.0.6/maven-profile-2.0.6.pom (2 KB at 101.8 KB/sec)
[INFO] Downloading: https://repo.maven.apache.org/maven2/org/apache/maven/maven-repository-metadata/2.0.6/maven-repository-metadata-2.0.6.pom
[INFO] Downloaded: https://repo.maven.apache.org/maven2/org/apache/maven/maven-repository-metadata/2.0.6/maven-repository-metadata-2.0.6.pom (2 KB at 95.1 KB/sec)
[INFO] Downloading: https://repo.maven.apache.org/maven2/org/apache/maven/maven-error-diagnostics/2.0.6/maven-error-diagnostics-2.0.6.pom
[INFO] Downloaded: https://repo.maven.apache.org/maven2/org/apache/maven/maven-error-diagnostics/2.0.6/maven-error-diagnostics-2.0.6.pom (2 KB at 87.6 KB/sec)
[INFO] Downloading: https://repo.maven.apache.org/maven2/org/apache/maven/maven-project/2.0.6/maven-project-2.0.6.pom
[INFO] Downloaded: https://repo.maven.apache.org/maven2/org/apache/maven/maven-project/2.0.6/maven-project-2.0.6.pom (3 KB at 143.1 KB/sec)
[INFO] Downloading: https://repo.maven.apache.org/maven2/org/apache/maven/maven-artifact-manager/2.0.6/maven-artifact-manager-2.0.6.pom
[INFO] Downloaded: https://repo.maven.apache.org/maven2/org/apache/maven/maven-artifact-manager/2.0.6/maven-artifact-manager-2.0.6.pom (3 KB at 150.6 KB/sec)
[INFO] Downloading: https://repo.maven.apache.org/maven2/org/apache/maven/maven-plugin-registry/2.0.6/maven-plugin-registry-2.0.6.pom
[INFO] Downloaded: https://repo.maven.apache.org/maven2/org/apache/maven/maven-plugin-registry/2.0.6/maven-plugin-registry-2.0.6.pom (2 KB at 100.0 KB/sec)
[INFO] Downloading: https://repo.maven.apache.org/maven2/commons-cli/commons-cli/1.0/commons-cli-1.0.pom
[INFO] Downloaded: https://repo.maven.apache.org/maven2/commons-cli/commons-cli/1.0/commons-cli-1.0.pom (3 KB at 114.2 KB/sec)
[INFO] Downloading: https://repo.maven.apache.org/maven2/org/apache/maven/maven-plugin-api/2.0.6/maven-plugin-api-2.0.6.pom
[INFO] Downloaded: https://repo.maven.apache.org/maven2/org/apache/maven/maven-plugin-api/2.0.6/maven-plugin-api-2.0.6.pom (2 KB at 74.8 KB/sec)
[INFO] Downloading: https://repo.maven.apache.org/maven2/org/apache/maven/maven-plugin-descriptor/2.0.6/maven-plugin-descriptor-2.0.6.pom
[INFO] Downloaded: https://repo.maven.apache.org/maven2/org/apache/maven/maven-plugin-descriptor/2.0.6/maven-plugin-descriptor-2.0.6.pom (2 KB at 109.5 KB/sec)
[INFO] Downloading: https://repo.maven.apache.org/maven2/org/apache/maven/maven-monitor/2.0.6/maven-monitor-2.0.6.pom
[INFO] Downloaded: https://repo.maven.apache.org/maven2/org/apache/maven/maven-monitor/2.0.6/maven-monitor-2.0.6.pom (2 KB at 64.5 KB/sec)
[INFO] Downloading: https://repo.maven.apache.org/maven2/org/codehaus/plexus/plexus-archiver/2.1/plexus-archiver-2.1.pom
[INFO] Downloaded: https://repo.maven.apache.org/maven2/org/codehaus/plexus/plexus-archiver/2.1/plexus-archiver-2.1.pom (3 KB at 144.4 KB/sec)
[INFO] Downloading: https://repo.maven.apache.org/maven2/org/sonatype/spice/spice-parent/17/spice-parent-17.pom
[INFO] Downloaded: https://repo.maven.apache.org/maven2/org/sonatype/spice/spice-parent/17/spice-parent-17.pom (7 KB at 314.3 KB/sec)
[INFO] Downloading: https://repo.maven.apache.org/maven2/org/sonatype/forge/forge-parent/10/forge-parent-10.pom
[INFO] Downloaded: https://repo.maven.apache.org/maven2/org/sonatype/forge/forge-parent/10/forge-parent-10.pom (14 KB at 551.8 KB/sec)
[INFO] Downloading: https://repo.maven.apache.org/maven2/org/codehaus/plexus/plexus-utils/3.0/plexus-utils-3.0.pom
[INFO] Downloaded: https://repo.maven.apache.org/maven2/org/codehaus/plexus/plexus-utils/3.0/plexus-utils-3.0.pom (4 KB at 220.6 KB/sec)
[INFO] Downloading: https://repo.maven.apache.org/maven2/org/sonatype/spice/spice-parent/16/spice-parent-16.pom
[INFO] Downloaded: https://repo.maven.apache.org/maven2/org/sonatype/spice/spice-parent/16/spice-parent-16.pom (9 KB at 388.7 KB/sec)
[INFO] Downloading: https://repo.maven.apache.org/maven2/org/sonatype/forge/forge-parent/5/forge-parent-5.pom
[INFO] Downloaded: https://repo.maven.apache.org/maven2/org/sonatype/forge/forge-parent/5/forge-parent-5.pom (9 KB at 388.9 KB/sec)
[INFO] Downloading: https://repo.maven.apache.org/maven2/org/codehaus/plexus/plexus-io/2.0.2/plexus-io-2.0.2.pom
[INFO] Downloaded: https://repo.maven.apache.org/maven2/org/codehaus/plexus/plexus-io/2.0.2/plexus-io-2.0.2.pom (2 KB at 84.6 KB/sec)
[INFO] Downloading: https://repo.maven.apache.org/maven2/org/codehaus/plexus/plexus-components/1.1.19/plexus-components-1.1.19.pom
[INFO] Downloaded: https://repo.maven.apache.org/maven2/org/codehaus/plexus/plexus-components/1.1.19/plexus-components-1.1.19.pom (3 KB at 138.7 KB/sec)
[INFO] Downloading: https://repo.maven.apache.org/maven2/org/codehaus/plexus/plexus/3.0.1/plexus-3.0.1.pom
[INFO] Downloaded: https://repo.maven.apache.org/maven2/org/codehaus/plexus/plexus/3.0.1/plexus-3.0.1.pom (19 KB at 605.9 KB/sec)
[INFO] Downloading: https://repo.maven.apache.org/maven2/org/codehaus/plexus/plexus-interpolation/1.15/plexus-interpolation-1.15.pom
[INFO] Downloaded: https://repo.maven.apache.org/maven2/org/codehaus/plexus/plexus-interpolation/1.15/plexus-interpolation-1.15.pom (1018 B at 55.2 KB/sec)
[INFO] Downloading: https://repo.maven.apache.org/maven2/org/apache/maven/shared/maven-dependency-tree/2.1/maven-dependency-tree-2.1.pom
[INFO] Downloaded: https://repo.maven.apache.org/maven2/org/apache/maven/shared/maven-dependency-tree/2.1/maven-dependency-tree-2.1.pom (7 KB at 288.3 KB/sec)
[INFO] Downloading: https://repo.maven.apache.org/maven2/org/apache/maven/shared/maven-shared-components/19/maven-shared-components-19.pom
[INFO] Downloaded: https://repo.maven.apache.org/maven2/org/apache/maven/shared/maven-shared-components/19/maven-shared-components-19.pom (7 KB at 282.3 KB/sec)
[INFO] Downloading: https://repo.maven.apache.org/maven2/org/apache/maven/maven-parent/23/maven-parent-23.pom
[INFO] Downloaded: https://repo.maven.apache.org/maven2/org/apache/maven/maven-parent/23/maven-parent-23.pom (32 KB at 964.3 KB/sec)
[INFO] Downloading: https://repo.maven.apache.org/maven2/org/apache/apache/13/apache-13.pom
[INFO] Downloaded: https://repo.maven.apache.org/maven2/org/apache/apache/13/apache-13.pom (14 KB at 470.6 KB/sec)
[INFO] Downloading: https://repo.maven.apache.org/maven2/org/codehaus/plexus/plexus-component-annotations/1.5.5/plexus-component-annotations-1.5.5.pom
[INFO] Downloaded: https://repo.maven.apache.org/maven2/org/codehaus/plexus/plexus-component-annotations/1.5.5/plexus-component-annotations-1.5.5.pom (815 B at 44.2 KB/sec)
[INFO] Downloading: https://repo.maven.apache.org/maven2/org/codehaus/plexus/plexus-containers/1.5.5/plexus-containers-1.5.5.pom
[INFO] Downloaded: https://repo.maven.apache.org/maven2/org/codehaus/plexus/plexus-containers/1.5.5/plexus-containers-1.5.5.pom (5 KB at 207.0 KB/sec)
[INFO] Downloading: https://repo.maven.apache.org/maven2/org/codehaus/plexus/plexus/2.0.7/plexus-2.0.7.pom
[INFO] Downloaded: https://repo.maven.apache.org/maven2/org/codehaus/plexus/plexus/2.0.7/plexus-2.0.7.pom (17 KB at 625.5 KB/sec)
[INFO] Downloading: https://repo.maven.apache.org/maven2/org/eclipse/aether/aether-util/0.9.0.M2/aether-util-0.9.0.M2.pom
[INFO] Downloaded: https://repo.maven.apache.org/maven2/org/eclipse/aether/aether-util/0.9.0.M2/aether-util-0.9.0.M2.pom (2 KB at 94.6 KB/sec)
[INFO] Downloading: https://repo.maven.apache.org/maven2/org/eclipse/aether/aether/0.9.0.M2/aether-0.9.0.M2.pom
[INFO] Downloaded: https://repo.maven.apache.org/maven2/org/eclipse/aether/aether/0.9.0.M2/aether-0.9.0.M2.pom (28 KB at 777.6 KB/sec)
[INFO] Downloading: https://repo.maven.apache.org/maven2/org/codehaus/plexus/plexus-utils/3.0.10/plexus-utils-3.0.10.pom
[INFO] Downloaded: https://repo.maven.apache.org/maven2/org/codehaus/plexus/plexus-utils/3.0.10/plexus-utils-3.0.10.pom (4 KB at 161.6 KB/sec)
[INFO] Downloading: https://repo.maven.apache.org/maven2/org/codehaus/plexus/plexus/3.3/plexus-3.3.pom
[INFO] Downloaded: https://repo.maven.apache.org/maven2/org/codehaus/plexus/plexus/3.3/plexus-3.3.pom (20 KB at 670.1 KB/sec)
[INFO] Downloading: https://repo.maven.apache.org/maven2/org/sonatype/plexus/plexus-build-api/0.0.7/plexus-build-api-0.0.7.pom
[INFO] Downloaded: https://repo.maven.apache.org/maven2/org/sonatype/plexus/plexus-build-api/0.0.7/plexus-build-api-0.0.7.pom (4 KB at 149.0 KB/sec)
[INFO] Downloading: https://repo.maven.apache.org/maven2/org/sonatype/spice/spice-parent/15/spice-parent-15.pom
[INFO] Downloaded: https://repo.maven.apache.org/maven2/org/sonatype/spice/spice-parent/15/spice-parent-15.pom (9 KB at 388.7 KB/sec)
[INFO] Downloading: https://repo.maven.apache.org/maven2/org/codehaus/plexus/plexus-utils/1.5.8/plexus-utils-1.5.8.pom
[INFO] Downloaded: https://repo.maven.apache.org/maven2/org/codehaus/plexus/plexus-utils/1.5.8/plexus-utils-1.5.8.pom (8 KB at 393.7 KB/sec)
[INFO] Downloading: https://repo.maven.apache.org/maven2/org/apache/maven/doxia/doxia-sink-api/1.0/doxia-sink-api-1.0.pom
[INFO] Downloaded: https://repo.maven.apache.org/maven2/org/apache/maven/doxia/doxia-sink-api/1.0/doxia-sink-api-1.0.pom (2 KB at 75.2 KB/sec)
[INFO] Downloading: https://repo.maven.apache.org/maven2/org/apache/maven/doxia/doxia/1.0/doxia-1.0.pom
[INFO] Downloaded: https://repo.maven.apache.org/maven2/org/apache/maven/doxia/doxia/1.0/doxia-1.0.pom (10 KB at 470.9 KB/sec)
[INFO] Downloading: https://repo.maven.apache.org/maven2/org/apache/maven/maven-parent/10/maven-parent-10.pom
[INFO] Downloaded: https://repo.maven.apache.org/maven2/org/apache/maven/maven-parent/10/maven-parent-10.pom (31 KB at 1103.3 KB/sec)
[INFO] Downloading: https://repo.maven.apache.org/maven2/org/apache/maven/doxia/doxia-site-renderer/1.0/doxia-site-renderer-1.0.pom
[INFO] Downloaded: https://repo.maven.apache.org/maven2/org/apache/maven/doxia/doxia-site-renderer/1.0/doxia-site-renderer-1.0.pom (5 KB at 216.2 KB/sec)
[INFO] Downloading: https://repo.maven.apache.org/maven2/org/apache/maven/doxia/doxia-sitetools/1.0/doxia-sitetools-1.0.pom
[INFO] Downloaded: https://repo.maven.apache.org/maven2/org/apache/maven/doxia/doxia-sitetools/1.0/doxia-sitetools-1.0.pom (10 KB at 360.1 KB/sec)
[INFO] Downloading: https://repo.maven.apache.org/maven2/org/apache/maven/doxia/doxia-core/1.0/doxia-core-1.0.pom
[INFO] Downloaded: https://repo.maven.apache.org/maven2/org/apache/maven/doxia/doxia-core/1.0/doxia-core-1.0.pom (3 KB at 116.9 KB/sec)
[INFO] Downloading: https://repo.maven.apache.org/maven2/org/codehaus/plexus/plexus-utils/1.5.7/plexus-utils-1.5.7.pom
[INFO] Downloaded: https://repo.maven.apache.org/maven2/org/codehaus/plexus/plexus-utils/1.5.7/plexus-utils-1.5.7.pom (8 KB at 342.3 KB/sec)
[INFO] Downloading: https://repo.maven.apache.org/maven2/org/codehaus/plexus/plexus-i18n/1.0-beta-7/plexus-i18n-1.0-beta-7.pom
[INFO] Downloaded: https://repo.maven.apache.org/maven2/org/codehaus/plexus/plexus-i18n/1.0-beta-7/plexus-i18n-1.0-beta-7.pom (2 KB at 54.4 KB/sec)
[INFO] Downloading: https://repo.maven.apache.org/maven2/org/codehaus/plexus/plexus-components/1.1.12/plexus-components-1.1.12.pom
[INFO] Downloaded: https://repo.maven.apache.org/maven2/org/codehaus/plexus/plexus-components/1.1.12/plexus-components-1.1.12.pom (3 KB at 146.6 KB/sec)
[INFO] Downloading: https://repo.maven.apache.org/maven2/org/codehaus/plexus/plexus-velocity/1.1.7/plexus-velocity-1.1.7.pom
[INFO] Downloaded: https://repo.maven.apache.org/maven2/org/codehaus/plexus/plexus-velocity/1.1.7/plexus-velocity-1.1.7.pom (2 KB at 106.2 KB/sec)
[INFO] Downloading: https://repo.maven.apache.org/maven2/org/codehaus/plexus/plexus-container-default/1.0-alpha-20/plexus-container-default-1.0-alpha-20.pom
[INFO] Downloaded: https://repo.maven.apache.org/maven2/org/codehaus/plexus/plexus-container-default/1.0-alpha-20/plexus-container-default-1.0-alpha-20.pom (3 KB at 146.0 KB/sec)
[INFO] Downloading: https://repo.maven.apache.org/maven2/org/codehaus/plexus/plexus-containers/1.0-alpha-20/plexus-containers-1.0-alpha-20.pom
[INFO] Downloaded: https://repo.maven.apache.org/maven2/org/codehaus/plexus/plexus-containers/1.0-alpha-20/plexus-containers-1.0-alpha-20.pom (2 KB at 96.9 KB/sec)
[INFO] Downloading: https://repo.maven.apache.org/maven2/org/codehaus/plexus/plexus-utils/1.3/plexus-utils-1.3.pom
[INFO] Downloaded: https://repo.maven.apache.org/maven2/org/codehaus/plexus/plexus-utils/1.3/plexus-utils-1.3.pom (2 KB at 59.4 KB/sec)
[INFO] Downloading: https://repo.maven.apache.org/maven2/org/codehaus/plexus/plexus/1.0.8/plexus-1.0.8.pom
[INFO] Downloaded: https://repo.maven.apache.org/maven2/org/codehaus/plexus/plexus/1.0.8/plexus-1.0.8.pom (8 KB at 336.2 KB/sec)
[INFO] Downloading: https://repo.maven.apache.org/maven2/org/codehaus/plexus/plexus-classworlds/1.2-alpha-7/plexus-classworlds-1.2-alpha-7.pom
[INFO] Downloaded: https://repo.maven.apache.org/maven2/org/codehaus/plexus/plexus-classworlds/1.2-alpha-7/plexus-classworlds-1.2-alpha-7.pom (3 KB at 128.7 KB/sec)
[INFO] Downloading: https://repo.maven.apache.org/maven2/org/codehaus/plexus/plexus/1.0.9/plexus-1.0.9.pom
[INFO] Downloaded: https://repo.maven.apache.org/maven2/org/codehaus/plexus/plexus/1.0.9/plexus-1.0.9.pom (8 KB at 326.1 KB/sec)
[INFO] Downloading: https://repo.maven.apache.org/maven2/org/apache/velocity/velocity/1.5/velocity-1.5.pom
[INFO] Downloaded: https://repo.maven.apache.org/maven2/org/apache/velocity/velocity/1.5/velocity-1.5.pom (8 KB at 344.7 KB/sec)
[INFO] Downloading: https://repo.maven.apache.org/maven2/commons-collections/commons-collections/3.1/commons-collections-3.1.pom
[INFO] Downloaded: https://repo.maven.apache.org/maven2/commons-collections/commons-collections/3.1/commons-collections-3.1.pom (6 KB at 297.1 KB/sec)
[INFO] Downloading: https://repo.maven.apache.org/maven2/commons-lang/commons-lang/2.1/commons-lang-2.1.pom
[INFO] Downloaded: https://repo.maven.apache.org/maven2/commons-lang/commons-lang/2.1/commons-lang-2.1.pom (10 KB at 387.8 KB/sec)
[INFO] Downloading: https://repo.maven.apache.org/maven2/oro/oro/2.0.8/oro-2.0.8.pom
[INFO] Downloaded: https://repo.maven.apache.org/maven2/oro/oro/2.0.8/oro-2.0.8.pom (140 B at 7.6 KB/sec)
[INFO] Downloading: https://repo.maven.apache.org/maven2/org/apache/maven/doxia/doxia-decoration-model/1.0/doxia-decoration-model-1.0.pom
[INFO] Downloaded: https://repo.maven.apache.org/maven2/org/apache/maven/doxia/doxia-decoration-model/1.0/doxia-decoration-model-1.0.pom (4 KB at 154.0 KB/sec)
[INFO] Downloading: https://repo.maven.apache.org/maven2/commons-collections/commons-collections/3.2/commons-collections-3.2.pom
[INFO] Downloaded: https://repo.maven.apache.org/maven2/commons-collections/commons-collections/3.2/commons-collections-3.2.pom (11 KB at 468.5 KB/sec)
[INFO] Downloading: https://repo.maven.apache.org/maven2/org/apache/maven/doxia/doxia-module-apt/1.0/doxia-module-apt-1.0.pom
[INFO] Downloaded: https://repo.maven.apache.org/maven2/org/apache/maven/doxia/doxia-module-apt/1.0/doxia-module-apt-1.0.pom (3 KB at 115.8 KB/sec)
[INFO] Downloading: https://repo.maven.apache.org/maven2/org/apache/maven/doxia/doxia-modules/1.0/doxia-modules-1.0.pom
[INFO] Downloaded: https://repo.maven.apache.org/maven2/org/apache/maven/doxia/doxia-modules/1.0/doxia-modules-1.0.pom (3 KB at 123.0 KB/sec)
[INFO] Downloading: https://repo.maven.apache.org/maven2/org/apache/maven/doxia/doxia-module-fml/1.0/doxia-module-fml-1.0.pom
[INFO] Downloaded: https://repo.maven.apache.org/maven2/org/apache/maven/doxia/doxia-module-fml/1.0/doxia-module-fml-1.0.pom (3 KB at 146.1 KB/sec)
[INFO] Downloading: https://repo.maven.apache.org/maven2/org/apache/maven/doxia/doxia-module-xdoc/1.0/doxia-module-xdoc-1.0.pom
[INFO] Downloaded: https://repo.maven.apache.org/maven2/org/apache/maven/doxia/doxia-module-xdoc/1.0/doxia-module-xdoc-1.0.pom (3 KB at 109.5 KB/sec)
[INFO] Downloading: https://repo.maven.apache.org/maven2/org/apache/maven/doxia/doxia-module-xhtml/1.0/doxia-module-xhtml-1.0.pom
[INFO] Downloaded: https://repo.maven.apache.org/maven2/org/apache/maven/doxia/doxia-module-xhtml/1.0/doxia-module-xhtml-1.0.pom (2 KB at 86.8 KB/sec)
[INFO] Downloading: https://repo.maven.apache.org/maven2/org/jdom/jdom/1.1/jdom-1.1.pom
[INFO] Downloaded: https://repo.maven.apache.org/maven2/org/jdom/jdom/1.1/jdom-1.1.pom (3 KB at 112.5 KB/sec)
[INFO] Downloading: https://repo.maven.apache.org/maven2/org/apache/felix/maven-bundle-plugin/3.2.0/maven-bundle-plugin-3.2.0.jar
[INFO] Downloading: https://repo.maven.apache.org/maven2/org/osgi/org.osgi.core/4.3.1/org.osgi.core-4.3.1.jar
[INFO] Downloading: https://repo.maven.apache.org/maven2/biz/aQute/bnd/biz.aQute.bndlib/3.2.0/biz.aQute.bndlib-3.2.0.jar
[INFO] Downloading: https://repo.maven.apache.org/maven2/org/apache/felix/org.apache.felix.bundlerepository/1.6.6/org.apache.felix.bundlerepository-1.6.6.jar
[INFO] Downloading: https://repo.maven.apache.org/maven2/org/easymock/easymock/3.4/easymock-3.4.jar
[INFO] Downloaded: https://repo.maven.apache.org/maven2/org/apache/felix/org.apache.felix.bundlerepository/1.6.6/org.apache.felix.bundlerepository-1.6.6.jar (165 KB at 1467.3 KB/sec)
[INFO] Downloading: https://repo.maven.apache.org/maven2/org/objenesis/objenesis/2.2/objenesis-2.2.jar
[INFO] Downloaded: https://repo.maven.apache.org/maven2/org/apache/felix/maven-bundle-plugin/3.2.0/maven-bundle-plugin-3.2.0.jar (218 KB at 1413.9 KB/sec)
[INFO] Downloading: https://repo.maven.apache.org/maven2/org/apache/felix/org.apache.felix.utils/1.6.0/org.apache.felix.utils-1.6.0.jar
[INFO] Downloaded: https://repo.maven.apache.org/maven2/org/objenesis/objenesis/2.2/objenesis-2.2.jar (52 KB at 331.2 KB/sec)
[INFO] Downloading: https://repo.maven.apache.org/maven2/org/osgi/org.osgi.compendium/4.2.0/org.osgi.compendium-4.2.0.jar
[INFO] Downloaded: https://repo.maven.apache.org/maven2/org/osgi/org.osgi.core/4.3.1/org.osgi.core-4.3.1.jar (342 KB at 1847.5 KB/sec)
[INFO] Downloading: https://repo.maven.apache.org/maven2/org/slf4j/slf4j-jdk14/1.5.6/slf4j-jdk14-1.5.6.jar
[INFO] Downloaded: https://repo.maven.apache.org/maven2/org/apache/felix/org.apache.felix.utils/1.6.0/org.apache.felix.utils-1.6.0.jar (67 KB at 322.1 KB/sec)
[INFO] Downloading: https://repo.maven.apache.org/maven2/org/slf4j/slf4j-api/1.5.6/slf4j-api-1.5.6.jar
[INFO] Downloaded: https://repo.maven.apache.org/maven2/org/slf4j/slf4j-jdk14/1.5.6/slf4j-jdk14-1.5.6.jar (9 KB at 41.6 KB/sec)
[INFO] Downloading: https://repo.maven.apache.org/maven2/org/slf4j/jcl-over-slf4j/1.5.6/jcl-over-slf4j-1.5.6.jar
[INFO] Downloaded: https://repo.maven.apache.org/maven2/org/slf4j/jcl-over-slf4j/1.5.6/jcl-over-slf4j-1.5.6.jar (17 KB at 69.5 KB/sec)
[INFO] Downloading: https://repo.maven.apache.org/maven2/org/apache/maven/reporting/maven-reporting-api/2.2.0/maven-reporting-api-2.2.0.jar
[INFO] Downloaded: https://repo.maven.apache.org/maven2/org/slf4j/slf4j-api/1.5.6/slf4j-api-1.5.6.jar (22 KB at 92.8 KB/sec)
[INFO] Downloading: https://repo.maven.apache.org/maven2/org/apache/maven/doxia/doxia-logging-api/1.1/doxia-logging-api-1.1.jar
[INFO] Downloaded: https://repo.maven.apache.org/maven2/org/apache/maven/doxia/doxia-logging-api/1.1/doxia-logging-api-1.1.jar (12 KB at 42.7 KB/sec)
[INFO] Downloading: https://repo.maven.apache.org/maven2/junit/junit/4.12/junit-4.12.jar
[INFO] Downloaded: https://repo.maven.apache.org/maven2/org/apache/maven/reporting/maven-reporting-api/2.2.0/maven-reporting-api-2.2.0.jar (10 KB at 36.7 KB/sec)
[INFO] Downloading: https://repo.maven.apache.org/maven2/org/hamcrest/hamcrest-core/1.3/hamcrest-core-1.3.jar
[INFO] Downloaded: https://repo.maven.apache.org/maven2/org/hamcrest/hamcrest-core/1.3/hamcrest-core-1.3.jar (44 KB at 147.5 KB/sec)
[INFO] Downloading: https://repo.maven.apache.org/maven2/commons-cli/commons-cli/1.2/commons-cli-1.2.jar
[INFO] Downloaded: https://repo.maven.apache.org/maven2/org/easymock/easymock/3.4/easymock-3.4.jar (464 KB at 1538.9 KB/sec)
[INFO] Downloading: https://repo.maven.apache.org/maven2/org/codehaus/plexus/plexus-interactivity-api/1.0-alpha-4/plexus-interactivity-api-1.0-alpha-4.jar
[INFO] Downloaded: https://repo.maven.apache.org/maven2/org/codehaus/plexus/plexus-interactivity-api/1.0-alpha-4/plexus-interactivity-api-1.0-alpha-4.jar (14 KB at 40.9 KB/sec)
[INFO] Downloading: https://repo.maven.apache.org/maven2/backport-util-concurrent/backport-util-concurrent/3.1/backport-util-concurrent-3.1.jar
[INFO] Downloaded: https://repo.maven.apache.org/maven2/commons-cli/commons-cli/1.2/commons-cli-1.2.jar (41 KB at 120.6 KB/sec)
[INFO] Downloading: https://repo.maven.apache.org/maven2/org/sonatype/plexus/plexus-sec-dispatcher/1.3/plexus-sec-dispatcher-1.3.jar
[INFO] Downloaded: https://repo.maven.apache.org/maven2/org/sonatype/plexus/plexus-sec-dispatcher/1.3/plexus-sec-dispatcher-1.3.jar (28 KB at 76.4 KB/sec)
[INFO] Downloading: https://repo.maven.apache.org/maven2/org/sonatype/plexus/plexus-cipher/1.4/plexus-cipher-1.4.jar
[INFO] Downloaded: https://repo.maven.apache.org/maven2/org/sonatype/plexus/plexus-cipher/1.4/plexus-cipher-1.4.jar (14 KB at 34.0 KB/sec)
[INFO] Downloading: https://repo.maven.apache.org/maven2/org/apache/maven/maven-archiver/2.5/maven-archiver-2.5.jar
[INFO] Downloaded: https://repo.maven.apache.org/maven2/junit/junit/4.12/junit-4.12.jar (308 KB at 748.3 KB/sec)
[INFO] Downloading: https://repo.maven.apache.org/maven2/org/codehaus/plexus/plexus-archiver/2.1/plexus-archiver-2.1.jar
[INFO] Downloaded: https://repo.maven.apache.org/maven2/org/apache/maven/maven-archiver/2.5/maven-archiver-2.5.jar (22 KB at 51.5 KB/sec)
[INFO] Downloading: https://repo.maven.apache.org/maven2/org/codehaus/plexus/plexus-io/2.0.2/plexus-io-2.0.2.jar
[INFO] Downloaded: https://repo.maven.apache.org/maven2/org/osgi/org.osgi.compendium/4.2.0/org.osgi.compendium-4.2.0.jar (600 KB at 1424.6 KB/sec)
[INFO] Downloading: https://repo.maven.apache.org/maven2/org/codehaus/plexus/plexus-interpolation/1.15/plexus-interpolation-1.15.jar
[INFO] Downloaded: https://repo.maven.apache.org/maven2/org/codehaus/plexus/plexus-io/2.0.2/plexus-io-2.0.2.jar (57 KB at 124.5 KB/sec)
[INFO] Downloading: https://repo.maven.apache.org/maven2/org/apache/maven/shared/maven-dependency-tree/2.1/maven-dependency-tree-2.1.jar
[INFO] Downloaded: https://repo.maven.apache.org/maven2/org/codehaus/plexus/plexus-interpolation/1.15/plexus-interpolation-1.15.jar (60 KB at 125.9 KB/sec)
[INFO] Downloading: https://repo.maven.apache.org/maven2/org/codehaus/plexus/plexus-component-annotations/1.5.5/plexus-component-annotations-1.5.5.jar
[INFO] Downloaded: https://repo.maven.apache.org/maven2/backport-util-concurrent/backport-util-concurrent/3.1/backport-util-concurrent-3.1.jar (324 KB at 661.1 KB/sec)
[INFO] Downloaded: https://repo.maven.apache.org/maven2/org/codehaus/plexus/plexus-component-annotations/1.5.5/plexus-component-annotations-1.5.5.jar (5 KB at 8.4 KB/sec)
[INFO] Downloading: https://repo.maven.apache.org/maven2/org/eclipse/aether/aether-util/0.9.0.M2/aether-util-0.9.0.M2.jar
[INFO] Downloading: https://repo.maven.apache.org/maven2/org/codehaus/plexus/plexus-utils/3.0.10/plexus-utils-3.0.10.jar
[INFO] Downloaded: https://repo.maven.apache.org/maven2/org/apache/maven/shared/maven-dependency-tree/2.1/maven-dependency-tree-2.1.jar (59 KB at 116.4 KB/sec)
[INFO] Downloading: https://repo.maven.apache.org/maven2/org/sonatype/plexus/plexus-build-api/0.0.7/plexus-build-api-0.0.7.jar
[INFO] Downloaded: https://repo.maven.apache.org/maven2/org/codehaus/plexus/plexus-archiver/2.1/plexus-archiver-2.1.jar (181 KB at 357.4 KB/sec)
[INFO] Downloading: https://repo.maven.apache.org/maven2/org/apache/maven/doxia/doxia-sink-api/1.0/doxia-sink-api-1.0.jar
[INFO] Downloaded: https://repo.maven.apache.org/maven2/org/sonatype/plexus/plexus-build-api/0.0.7/plexus-build-api-0.0.7.jar (9 KB at 15.3 KB/sec)
[INFO] Downloading: https://repo.maven.apache.org/maven2/org/apache/maven/doxia/doxia-site-renderer/1.0/doxia-site-renderer-1.0.jar
[INFO] Downloaded: https://repo.maven.apache.org/maven2/org/apache/maven/doxia/doxia-sink-api/1.0/doxia-sink-api-1.0.jar (10 KB at 18.1 KB/sec)
[INFO] Downloading: https://repo.maven.apache.org/maven2/org/apache/maven/doxia/doxia-core/1.0/doxia-core-1.0.jar
[INFO] Downloaded: https://repo.maven.apache.org/maven2/org/apache/maven/doxia/doxia-site-renderer/1.0/doxia-site-renderer-1.0.jar (46 KB at 78.5 KB/sec)
[INFO] Downloading: https://repo.maven.apache.org/maven2/org/codehaus/plexus/plexus-i18n/1.0-beta-7/plexus-i18n-1.0-beta-7.jar
[INFO] Downloaded: https://repo.maven.apache.org/maven2/org/apache/maven/doxia/doxia-core/1.0/doxia-core-1.0.jar (54 KB at 91.6 KB/sec)
[INFO] Downloading: https://repo.maven.apache.org/maven2/org/codehaus/plexus/plexus-velocity/1.1.7/plexus-velocity-1.1.7.jar
[INFO] Downloaded: https://repo.maven.apache.org/maven2/org/eclipse/aether/aether-util/0.9.0.M2/aether-util-0.9.0.M2.jar (131 KB at 219.3 KB/sec)
[INFO] Downloading: https://repo.maven.apache.org/maven2/org/apache/velocity/velocity/1.5/velocity-1.5.jar
[INFO] Downloaded: https://repo.maven.apache.org/maven2/org/codehaus/plexus/plexus-i18n/1.0-beta-7/plexus-i18n-1.0-beta-7.jar (11 KB at 17.1 KB/sec)
[INFO] Downloading: https://repo.maven.apache.org/maven2/commons-lang/commons-lang/2.1/commons-lang-2.1.jar
[INFO] Downloaded: https://repo.maven.apache.org/maven2/org/codehaus/plexus/plexus-velocity/1.1.7/plexus-velocity-1.1.7.jar (8 KB at 12.4 KB/sec)
[INFO] Downloading: https://repo.maven.apache.org/maven2/oro/oro/2.0.8/oro-2.0.8.jar
[INFO] Downloaded: https://repo.maven.apache.org/maven2/org/codehaus/plexus/plexus-utils/3.0.10/plexus-utils-3.0.10.jar (226 KB at 361.9 KB/sec)
[INFO] Downloading: https://repo.maven.apache.org/maven2/org/apache/maven/doxia/doxia-decoration-model/1.0/doxia-decoration-model-1.0.jar
[INFO] Downloaded: https://repo.maven.apache.org/maven2/oro/oro/2.0.8/oro-2.0.8.jar (64 KB at 97.9 KB/sec)
[INFO] Downloading: https://repo.maven.apache.org/maven2/commons-collections/commons-collections/3.2/commons-collections-3.2.jar
[INFO] Downloaded: https://repo.maven.apache.org/maven2/org/apache/maven/doxia/doxia-decoration-model/1.0/doxia-decoration-model-1.0.jar (48 KB at 72.3 KB/sec)
[INFO] Downloading: https://repo.maven.apache.org/maven2/org/apache/maven/doxia/doxia-module-apt/1.0/doxia-module-apt-1.0.jar
[INFO] Downloaded: https://repo.maven.apache.org/maven2/org/apache/maven/doxia/doxia-module-apt/1.0/doxia-module-apt-1.0.jar (46 KB at 65.7 KB/sec)
[INFO] Downloading: https://repo.maven.apache.org/maven2/org/apache/maven/doxia/doxia-module-fml/1.0/doxia-module-fml-1.0.jar
[INFO] Downloaded: https://repo.maven.apache.org/maven2/commons-lang/commons-lang/2.1/commons-lang-2.1.jar (203 KB at 286.1 KB/sec)
[INFO] Downloading: https://repo.maven.apache.org/maven2/org/apache/maven/doxia/doxia-module-xdoc/1.0/doxia-module-xdoc-1.0.jar
[INFO] Downloaded: https://repo.maven.apache.org/maven2/org/apache/maven/doxia/doxia-module-fml/1.0/doxia-module-fml-1.0.jar (19 KB at 24.9 KB/sec)
[INFO] Downloading: https://repo.maven.apache.org/maven2/org/apache/maven/doxia/doxia-module-xhtml/1.0/doxia-module-xhtml-1.0.jar
[INFO] Downloaded: https://repo.maven.apache.org/maven2/org/apache/maven/doxia/doxia-module-xdoc/1.0/doxia-module-xdoc-1.0.jar (28 KB at 36.5 KB/sec)
[INFO] Downloading: https://repo.maven.apache.org/maven2/org/jdom/jdom/1.1/jdom-1.1.jar
[INFO] Downloaded: https://repo.maven.apache.org/maven2/org/apache/maven/doxia/doxia-module-xhtml/1.0/doxia-module-xhtml-1.0.jar (22 KB at 25.5 KB/sec)
[INFO] Downloaded: https://repo.maven.apache.org/maven2/org/apache/velocity/velocity/1.5/velocity-1.5.jar (383 KB at 447.4 KB/sec)
[INFO] Downloaded: https://repo.maven.apache.org/maven2/org/jdom/jdom/1.1/jdom-1.1.jar (150 KB at 167.1 KB/sec)
[INFO] Downloaded: https://repo.maven.apache.org/maven2/commons-collections/commons-collections/3.2/commons-collections-3.2.jar (558 KB at 577.5 KB/sec)
[INFO] Downloaded: https://repo.maven.apache.org/maven2/biz/aQute/bnd/biz.aQute.bndlib/3.2.0/biz.aQute.bndlib-3.2.0.jar (2319 KB at 2127.3 KB/sec)
[INFO]                                                                         
[INFO] ------------------------------------------------------------------------
[INFO] Building HikariCP 2.4.9-SNAPSHOT
[INFO] ------------------------------------------------------------------------
[INFO] Downloading: https://repo.maven.apache.org/maven2/org/apache/maven/plugins/maven-resources-plugin/maven-metadata.xml
[INFO] Downloaded: https://repo.maven.apache.org/maven2/org/apache/maven/plugins/maven-resources-plugin/maven-metadata.xml (843 B at 43.3 KB/sec)
[INFO] Downloading: https://repo.maven.apache.org/maven2/org/apache/maven/plugins/maven-resources-plugin/3.1.0/maven-resources-plugin-3.1.0.pom
[INFO] Downloaded: https://repo.maven.apache.org/maven2/org/apache/maven/plugins/maven-resources-plugin/3.1.0/maven-resources-plugin-3.1.0.pom (7 KB at 333.1 KB/sec)
[INFO] Downloading: https://repo.maven.apache.org/maven2/org/apache/maven/plugins/maven-plugins/31/maven-plugins-31.pom
[INFO] Downloaded: https://repo.maven.apache.org/maven2/org/apache/maven/plugins/maven-plugins/31/maven-plugins-31.pom (11 KB at 483.5 KB/sec)
[INFO] Downloading: https://repo.maven.apache.org/maven2/org/apache/maven/maven-parent/31/maven-parent-31.pom
[INFO] Downloaded: https://repo.maven.apache.org/maven2/org/apache/maven/maven-parent/31/maven-parent-31.pom (43 KB at 1176.9 KB/sec)
[INFO] Downloading: https://repo.maven.apache.org/maven2/org/apache/apache/19/apache-19.pom
[INFO] Downloaded: https://repo.maven.apache.org/maven2/org/apache/apache/19/apache-19.pom (16 KB at 581.8 KB/sec)
[INFO] Downloading: https://repo.maven.apache.org/maven2/org/apache/maven/plugins/maven-resources-plugin/3.1.0/maven-resources-plugin-3.1.0.jar
[INFO] Downloaded: https://repo.maven.apache.org/maven2/org/apache/maven/plugins/maven-resources-plugin/3.1.0/maven-resources-plugin-3.1.0.jar (31 KB at 751.7 KB/sec)
[INFO] Downloading: https://repo.maven.apache.org/maven2/org/apache/maven/plugins/maven-install-plugin/maven-metadata.xml
[INFO] Downloaded: https://repo.maven.apache.org/maven2/org/apache/maven/plugins/maven-install-plugin/maven-metadata.xml (663 B at 38.1 KB/sec)
[INFO] Downloading: https://repo.maven.apache.org/maven2/org/apache/maven/plugins/maven-install-plugin/3.0.0-M1/maven-install-plugin-3.0.0-M1.pom
[INFO] Downloaded: https://repo.maven.apache.org/maven2/org/apache/maven/plugins/maven-install-plugin/3.0.0-M1/maven-install-plugin-3.0.0-M1.pom (7 KB at 287.9 KB/sec)
[INFO] Downloading: https://repo.maven.apache.org/maven2/org/apache/maven/plugins/maven-plugins/33/maven-plugins-33.pom
[INFO] Downloaded: https://repo.maven.apache.org/maven2/org/apache/maven/plugins/maven-plugins/33/maven-plugins-33.pom (11 KB at 474.4 KB/sec)
[INFO] Downloading: https://repo.maven.apache.org/maven2/org/apache/maven/maven-parent/33/maven-parent-33.pom
[INFO] Downloaded: https://repo.maven.apache.org/maven2/org/apache/maven/maven-parent/33/maven-parent-33.pom (44 KB at 1078.0 KB/sec)
[INFO] Downloading: https://repo.maven.apache.org/maven2/org/apache/apache/21/apache-21.pom
[INFO] Downloaded: https://repo.maven.apache.org/maven2/org/apache/apache/21/apache-21.pom (17 KB at 696.1 KB/sec)
[INFO] Downloading: https://repo.maven.apache.org/maven2/org/apache/maven/plugins/maven-install-plugin/3.0.0-M1/maven-install-plugin-3.0.0-M1.jar
[INFO] Downloaded: https://repo.maven.apache.org/maven2/org/apache/maven/plugins/maven-install-plugin/3.0.0-M1/maven-install-plugin-3.0.0-M1.jar (29 KB at 871.2 KB/sec)
[INFO] Downloading: https://repo.maven.apache.org/maven2/org/apache/maven/plugins/maven-deploy-plugin/maven-metadata.xml
[INFO] Downloaded: https://repo.maven.apache.org/maven2/org/apache/maven/plugins/maven-deploy-plugin/maven-metadata.xml (749 B at 43.0 KB/sec)
[INFO] Downloading: https://repo.maven.apache.org/maven2/org/apache/maven/plugins/maven-deploy-plugin/3.0.0-M1/maven-deploy-plugin-3.0.0-M1.pom
[INFO] Downloaded: https://repo.maven.apache.org/maven2/org/apache/maven/plugins/maven-deploy-plugin/3.0.0-M1/maven-deploy-plugin-3.0.0-M1.pom (8 KB at 381.4 KB/sec)
[INFO] Downloading: https://repo.maven.apache.org/maven2/org/apache/maven/plugins/maven-deploy-plugin/3.0.0-M1/maven-deploy-plugin-3.0.0-M1.jar
[INFO] Downloaded: https://repo.maven.apache.org/maven2/org/apache/maven/plugins/maven-deploy-plugin/3.0.0-M1/maven-deploy-plugin-3.0.0-M1.jar (34 KB at 930.3 KB/sec)
[INFO] Downloading: https://repo.maven.apache.org/maven2/org/apache/maven/plugins/maven-enforcer-plugin/1.2/maven-enforcer-plugin-1.2.pom
[INFO] Downloaded: https://repo.maven.apache.org/maven2/org/apache/maven/plugins/maven-enforcer-plugin/1.2/maven-enforcer-plugin-1.2.pom (6 KB at 259.0 KB/sec)
[INFO] Downloading: https://repo.maven.apache.org/maven2/org/apache/maven/enforcer/enforcer/1.2/enforcer-1.2.pom
[INFO] Downloaded: https://repo.maven.apache.org/maven2/org/apache/maven/enforcer/enforcer/1.2/enforcer-1.2.pom (11 KB at 412.6 KB/sec)
[INFO] Downloading: https://repo.maven.apache.org/maven2/org/apache/maven/maven-parent/22/maven-parent-22.pom
[INFO] Downloaded: https://repo.maven.apache.org/maven2/org/apache/maven/maven-parent/22/maven-parent-22.pom (30 KB at 907.7 KB/sec)
[INFO] Downloading: https://repo.maven.apache.org/maven2/org/apache/apache/11/apache-11.pom
[INFO] Downloaded: https://repo.maven.apache.org/maven2/org/apache/apache/11/apache-11.pom (15 KB at 578.6 KB/sec)
[INFO] Downloading: https://repo.maven.apache.org/maven2/org/apache/maven/plugins/maven-enforcer-plugin/1.2/maven-enforcer-plugin-1.2.jar
[INFO] Downloaded: https://repo.maven.apache.org/maven2/org/apache/maven/plugins/maven-enforcer-plugin/1.2/maven-enforcer-plugin-1.2.jar (25 KB at 621.0 KB/sec)
[INFO] Downloading: https://repo.maven.apache.org/maven2/org/jacoco/jacoco-maven-plugin/0.7.7.201606060606/jacoco-maven-plugin-0.7.7.201606060606.pom
[INFO] Downloaded: https://repo.maven.apache.org/maven2/org/jacoco/jacoco-maven-plugin/0.7.7.201606060606/jacoco-maven-plugin-0.7.7.201606060606.pom (5 KB at 189.7 KB/sec)
[INFO] Downloading: https://repo.maven.apache.org/maven2/org/jacoco/org.jacoco.build/0.7.7.201606060606/org.jacoco.build-0.7.7.201606060606.pom
[INFO] Downloaded: https://repo.maven.apache.org/maven2/org/jacoco/org.jacoco.build/0.7.7.201606060606/org.jacoco.build-0.7.7.201606060606.pom (35 KB at 1027.8 KB/sec)
[INFO] Downloading: https://repo.maven.apache.org/maven2/org/jacoco/jacoco-maven-plugin/0.7.7.201606060606/jacoco-maven-plugin-0.7.7.201606060606.jar
[INFO] Downloaded: https://repo.maven.apache.org/maven2/org/jacoco/jacoco-maven-plugin/0.7.7.201606060606/jacoco-maven-plugin-0.7.7.201606060606.jar (60 KB at 1421.8 KB/sec)
[INFO] Downloading: https://repo.maven.apache.org/maven2/org/apache/maven/plugins/maven-compiler-plugin/3.5.1/maven-compiler-plugin-3.5.1.pom
[INFO] Downloaded: https://repo.maven.apache.org/maven2/org/apache/maven/plugins/maven-compiler-plugin/3.5.1/maven-compiler-plugin-3.5.1.pom (10 KB at 450.3 KB/sec)
[INFO] Downloading: https://repo.maven.apache.org/maven2/org/apache/maven/plugins/maven-plugins/28/maven-plugins-28.pom
[INFO] Downloaded: https://repo.maven.apache.org/maven2/org/apache/maven/plugins/maven-plugins/28/maven-plugins-28.pom (12 KB at 510.8 KB/sec)
[INFO] Downloading: https://repo.maven.apache.org/maven2/org/apache/maven/maven-parent/27/maven-parent-27.pom
[INFO] Downloaded: https://repo.maven.apache.org/maven2/org/apache/maven/maven-parent/27/maven-parent-27.pom (40 KB at 1135.9 KB/sec)
[INFO] Downloading: https://repo.maven.apache.org/maven2/org/apache/maven/plugins/maven-compiler-plugin/3.5.1/maven-compiler-plugin-3.5.1.jar
[INFO] Downloaded: https://repo.maven.apache.org/maven2/org/apache/maven/plugins/maven-compiler-plugin/3.5.1/maven-compiler-plugin-3.5.1.jar (50 KB at 961.7 KB/sec)
[INFO] Downloading: https://repo.maven.apache.org/maven2/org/codehaus/mojo/exec-maven-plugin/1.5.0/exec-maven-plugin-1.5.0.pom
[INFO] Downloaded: https://repo.maven.apache.org/maven2/org/codehaus/mojo/exec-maven-plugin/1.5.0/exec-maven-plugin-1.5.0.pom (13 KB at 462.9 KB/sec)
[INFO] Downloading: https://repo.maven.apache.org/maven2/org/codehaus/mojo/mojo-parent/38/mojo-parent-38.pom
[INFO] Downloaded: https://repo.maven.apache.org/maven2/org/codehaus/mojo/mojo-parent/38/mojo-parent-38.pom (33 KB at 922.9 KB/sec)
[INFO] Downloading: https://repo.maven.apache.org/maven2/org/codehaus/mojo/exec-maven-plugin/1.5.0/exec-maven-plugin-1.5.0.jar
[INFO] Downloaded: https://repo.maven.apache.org/maven2/org/codehaus/mojo/exec-maven-plugin/1.5.0/exec-maven-plugin-1.5.0.jar (53 KB at 1239.4 KB/sec)
[INFO] Downloading: https://repo.maven.apache.org/maven2/org/apache/maven/plugins/maven-surefire-plugin/2.19.1/maven-surefire-plugin-2.19.1.pom
[INFO] Downloaded: https://repo.maven.apache.org/maven2/org/apache/maven/plugins/maven-surefire-plugin/2.19.1/maven-surefire-plugin-2.19.1.pom (6 KB at 258.7 KB/sec)
[INFO] Downloading: https://repo.maven.apache.org/maven2/org/apache/maven/surefire/surefire/2.19.1/surefire-2.19.1.pom
[INFO] Downloaded: https://repo.maven.apache.org/maven2/org/apache/maven/surefire/surefire/2.19.1/surefire-2.19.1.pom (19 KB at 667.4 KB/sec)
[INFO] Downloading: https://repo.maven.apache.org/maven2/org/apache/maven/maven-parent/26/maven-parent-26.pom
[INFO] Downloaded: https://repo.maven.apache.org/maven2/org/apache/maven/maven-parent/26/maven-parent-26.pom (39 KB at 1110.1 KB/sec)
[INFO] Downloading: https://repo.maven.apache.org/maven2/org/apache/apache/16/apache-16.pom
[INFO] Downloaded: https://repo.maven.apache.org/maven2/org/apache/apache/16/apache-16.pom (16 KB at 578.3 KB/sec)
[INFO] Downloading: https://repo.maven.apache.org/maven2/org/apache/maven/plugins/maven-surefire-plugin/2.19.1/maven-surefire-plugin-2.19.1.jar
[INFO] Downloaded: https://repo.maven.apache.org/maven2/org/apache/maven/plugins/maven-surefire-plugin/2.19.1/maven-surefire-plugin-2.19.1.jar (38 KB at 872.2 KB/sec)
[INFO] Downloading: http://insecure.repo1.maven.org/maven2/org/slf4j/slf4j-api/1.7.21/slf4j-api-1.7.21.pom
[INFO] Downloaded: http://insecure.repo1.maven.org/maven2/org/slf4j/slf4j-api/1.7.21/slf4j-api-1.7.21.pom (3 KB at 169.4 KB/sec)
[INFO] Downloading: http://insecure.repo1.maven.org/maven2/org/slf4j/slf4j-parent/1.7.21/slf4j-parent-1.7.21.pom
[INFO] Downloaded: http://insecure.repo1.maven.org/maven2/org/slf4j/slf4j-parent/1.7.21/slf4j-parent-1.7.21.pom (14 KB at 659.4 KB/sec)
[INFO] Downloading: http://insecure.repo1.maven.org/maven2/org/apache/logging/log4j/log4j-slf4j-impl/2.6.2/log4j-slf4j-impl-2.6.2.pom
[INFO] Downloaded: http://insecure.repo1.maven.org/maven2/org/apache/logging/log4j/log4j-slf4j-impl/2.6.2/log4j-slf4j-impl-2.6.2.pom (9 KB at 40.7 KB/sec)
[INFO] Downloading: http://insecure.repo1.maven.org/maven2/org/apache/logging/log4j/log4j/2.6.2/log4j-2.6.2.pom
[INFO] Downloaded: http://insecure.repo1.maven.org/maven2/org/apache/logging/log4j/log4j/2.6.2/log4j-2.6.2.pom (51 KB at 93.1 KB/sec)
[INFO] Downloading: http://insecure.repo1.maven.org/maven2/org/apache/logging/log4j/log4j-api/2.6.2/log4j-api-2.6.2.pom
[INFO] Downloaded: http://insecure.repo1.maven.org/maven2/org/apache/logging/log4j/log4j-api/2.6.2/log4j-api-2.6.2.pom (9 KB at 45.1 KB/sec)
[INFO] Downloading: http://insecure.repo1.maven.org/maven2/org/apache/logging/log4j/log4j-core/2.6.2/log4j-core-2.6.2.pom
[INFO] Downloaded: http://insecure.repo1.maven.org/maven2/org/apache/logging/log4j/log4j-core/2.6.2/log4j-core-2.6.2.pom (18 KB at 38.0 KB/sec)
[INFO] Downloading: http://insecure.repo1.maven.org/maven2/org/apache/commons/commons-csv/1.4/commons-csv-1.4.pom
[INFO] Downloaded: http://insecure.repo1.maven.org/maven2/org/apache/commons/commons-csv/1.4/commons-csv-1.4.pom (19 KB at 98.2 KB/sec)
[INFO] Downloading: http://insecure.repo1.maven.org/maven2/org/apache/commons/commons-parent/40/commons-parent-40.pom
[INFO] Downloaded: http://insecure.repo1.maven.org/maven2/org/apache/commons/commons-parent/40/commons-parent-40.pom (63 KB at 2019.6 KB/sec)
[INFO] Downloading: http://insecure.repo1.maven.org/maven2/org/mockito/mockito-core/1.10.19/mockito-core-1.10.19.pom
[INFO] Downloaded: http://insecure.repo1.maven.org/maven2/org/mockito/mockito-core/1.10.19/mockito-core-1.10.19.pom (2 KB at 80.3 KB/sec)
[INFO] Downloading: http://insecure.repo1.maven.org/maven2/org/objenesis/objenesis/2.1/objenesis-2.1.pom
[INFO] Downloaded: http://insecure.repo1.maven.org/maven2/org/objenesis/objenesis/2.1/objenesis-2.1.pom (3 KB at 145.7 KB/sec)
[INFO] Downloading: http://insecure.repo1.maven.org/maven2/org/objenesis/objenesis-parent/2.1/objenesis-parent-2.1.pom
[INFO] Downloaded: http://insecure.repo1.maven.org/maven2/org/objenesis/objenesis-parent/2.1/objenesis-parent-2.1.pom (17 KB at 776.9 KB/sec)
[INFO] Downloading: http://insecure.repo1.maven.org/maven2/org/javassist/javassist/3.20.0-GA/javassist-3.20.0-GA.pom
[INFO] Downloaded: http://insecure.repo1.maven.org/maven2/org/javassist/javassist/3.20.0-GA/javassist-3.20.0-GA.pom (10 KB at 479.8 KB/sec)
[INFO] Downloading: http://insecure.repo1.maven.org/maven2/org/hibernate/hibernate-core/5.2.2.Final/hibernate-core-5.2.2.Final.pom
[INFO] Downloaded: http://insecure.repo1.maven.org/maven2/org/hibernate/hibernate-core/5.2.2.Final/hibernate-core-5.2.2.Final.pom (4 KB at 11.2 KB/sec)
[INFO] Downloading: http://insecure.repo1.maven.org/maven2/org/hibernate/javax/persistence/hibernate-jpa-2.1-api/1.0.0.Final/hibernate-jpa-2.1-api-1.0.0.Final.pom
[INFO] Downloaded: http://insecure.repo1.maven.org/maven2/org/hibernate/javax/persistence/hibernate-jpa-2.1-api/1.0.0.Final/hibernate-jpa-2.1-api-1.0.0.Final.pom (3 KB at 126.8 KB/sec)
[INFO] Downloading: http://insecure.repo1.maven.org/maven2/antlr/antlr/2.7.7/antlr-2.7.7.pom
[INFO] Downloaded: http://insecure.repo1.maven.org/maven2/antlr/antlr/2.7.7/antlr-2.7.7.pom (632 B at 36.3 KB/sec)
[INFO] Downloading: http://insecure.repo1.maven.org/maven2/org/apache/geronimo/specs/geronimo-jta_1.1_spec/1.1.1/geronimo-jta_1.1_spec-1.1.1.pom
[INFO] Downloaded: http://insecure.repo1.maven.org/maven2/org/apache/geronimo/specs/geronimo-jta_1.1_spec/1.1.1/geronimo-jta_1.1_spec-1.1.1.pom (3 KB at 108.5 KB/sec)
[INFO] Downloading: http://insecure.repo1.maven.org/maven2/org/apache/geronimo/specs/specs/1.4/specs-1.4.pom
[INFO] Downloaded: http://insecure.repo1.maven.org/maven2/org/apache/geronimo/specs/specs/1.4/specs-1.4.pom (12 KB at 488.2 KB/sec)
[INFO] Downloading: http://insecure.repo1.maven.org/maven2/org/apache/geronimo/genesis/config/project-config/1.2/project-config-1.2.pom
[INFO] Downloaded: http://insecure.repo1.maven.org/maven2/org/apache/geronimo/genesis/config/project-config/1.2/project-config-1.2.pom (22 KB at 925.3 KB/sec)
[INFO] Downloading: http://insecure.repo1.maven.org/maven2/org/apache/geronimo/genesis/config/config/1.2/config-1.2.pom
[INFO] Downloaded: http://insecure.repo1.maven.org/maven2/org/apache/geronimo/genesis/config/config/1.2/config-1.2.pom (2 KB at 96.4 KB/sec)
[INFO] Downloading: http://insecure.repo1.maven.org/maven2/org/apache/geronimo/genesis/genesis/1.2/genesis-1.2.pom
[INFO] Downloaded: http://insecure.repo1.maven.org/maven2/org/apache/geronimo/genesis/genesis/1.2/genesis-1.2.pom (11 KB at 338.7 KB/sec)
[INFO] Downloading: http://insecure.repo1.maven.org/maven2/org/jboss/jandex/2.0.0.Final/jandex-2.0.0.Final.pom
[INFO] Downloaded: http://insecure.repo1.maven.org/maven2/org/jboss/jandex/2.0.0.Final/jandex-2.0.0.Final.pom (6 KB at 279.6 KB/sec)
[INFO] Downloading: http://insecure.repo1.maven.org/maven2/org/jboss/jboss-parent/12/jboss-parent-12.pom
[INFO] Downloaded: http://insecure.repo1.maven.org/maven2/org/jboss/jboss-parent/12/jboss-parent-12.pom (31 KB at 1339.9 KB/sec)
[INFO] Downloading: http://insecure.repo1.maven.org/maven2/com/fasterxml/classmate/1.3.0/classmate-1.3.0.pom
[INFO] Downloaded: http://insecure.repo1.maven.org/maven2/com/fasterxml/classmate/1.3.0/classmate-1.3.0.pom (6 KB at 254.0 KB/sec)
[INFO] Downloading: http://insecure.repo1.maven.org/maven2/com/fasterxml/oss-parent/24/oss-parent-24.pom
[INFO] Downloaded: http://insecure.repo1.maven.org/maven2/com/fasterxml/oss-parent/24/oss-parent-24.pom (19 KB at 903.8 KB/sec)
[INFO] Downloading: http://insecure.repo1.maven.org/maven2/dom4j/dom4j/1.6.1/dom4j-1.6.1.pom
[INFO] Downloaded: http://insecure.repo1.maven.org/maven2/dom4j/dom4j/1.6.1/dom4j-1.6.1.pom (7 KB at 367.0 KB/sec)
[INFO] Downloading: http://insecure.repo1.maven.org/maven2/org/hibernate/common/hibernate-commons-annotations/5.0.1.Final/hibernate-commons-annotations-5.0.1.Final.pom
[INFO] Downloaded: http://insecure.repo1.maven.org/maven2/org/hibernate/common/hibernate-commons-annotations/5.0.1.Final/hibernate-commons-annotations-5.0.1.Final.pom (2 KB at 103.5 KB/sec)
[INFO] Downloading: http://insecure.repo1.maven.org/maven2/javax/enterprise/cdi-api/1.1/cdi-api-1.1.pom
[INFO] Downloaded: http://insecure.repo1.maven.org/maven2/javax/enterprise/cdi-api/1.1/cdi-api-1.1.pom (6 KB at 32.4 KB/sec)
[INFO] Downloading: http://insecure.repo1.maven.org/maven2/org/jboss/weld/weld-parent/21/weld-parent-21.pom
[INFO] Downloaded: http://insecure.repo1.maven.org/maven2/org/jboss/weld/weld-parent/21/weld-parent-21.pom (32 KB at 91.2 KB/sec)
[INFO] Downloading: http://insecure.repo1.maven.org/maven2/javax/el/el-api/2.2/el-api-2.2.pom
[INFO] Downloaded: http://insecure.repo1.maven.org/maven2/javax/el/el-api/2.2/el-api-2.2.pom (5 KB at 19.0 KB/sec)
[INFO] Downloading: http://insecure.repo1.maven.org/maven2/org/glassfish/web/el/2.2/el-2.2.pom
[INFO] Downloaded: http://insecure.repo1.maven.org/maven2/org/glassfish/web/el/2.2/el-2.2.pom (4 KB at 15.2 KB/sec)
[INFO] Downloading: http://insecure.repo1.maven.org/maven2/org/jboss/spec/javax/interceptor/jboss-interceptors-api_1.1_spec/1.0.0.Beta1/jboss-interceptors-api_1.1_spec-1.0.0.Beta1.pom
[INFO] Downloaded: http://insecure.repo1.maven.org/maven2/org/jboss/spec/javax/interceptor/jboss-interceptors-api_1.1_spec/1.0.0.Beta1/jboss-interceptors-api_1.1_spec-1.0.0.Beta1.pom (2 KB at 65.3 KB/sec)
[INFO] Downloading: http://insecure.repo1.maven.org/maven2/org/jboss/spec/jboss-specs-parent/1.0.0.Beta1/jboss-specs-parent-1.0.0.Beta1.pom
[INFO] Downloaded: http://insecure.repo1.maven.org/maven2/org/jboss/spec/jboss-specs-parent/1.0.0.Beta1/jboss-specs-parent-1.0.0.Beta1.pom (3 KB at 173.6 KB/sec)
[INFO] Downloading: http://insecure.repo1.maven.org/maven2/org/jboss/jboss-parent/5-beta-5/jboss-parent-5-beta-5.pom
[INFO] Downloaded: http://insecure.repo1.maven.org/maven2/org/jboss/jboss-parent/5-beta-5/jboss-parent-5-beta-5.pom (19 KB at 927.0 KB/sec)
[INFO] Downloading: http://insecure.repo1.maven.org/maven2/javax/annotation/jsr250-api/1.0/jsr250-api-1.0.pom
[INFO] Downloaded: http://insecure.repo1.maven.org/maven2/javax/annotation/jsr250-api/1.0/jsr250-api-1.0.pom (1023 B at 62.4 KB/sec)
[INFO] Downloading: http://insecure.repo1.maven.org/maven2/javax/inject/javax.inject/1/javax.inject-1.pom
[INFO] Downloaded: http://insecure.repo1.maven.org/maven2/javax/inject/javax.inject/1/javax.inject-1.pom (612 B at 37.4 KB/sec)
[INFO] Downloading: http://insecure.repo1.maven.org/maven2/io/dropwizard/metrics/metrics-core/3.1.2/metrics-core-3.1.2.pom
[INFO] Downloaded: http://insecure.repo1.maven.org/maven2/io/dropwizard/metrics/metrics-core/3.1.2/metrics-core-3.1.2.pom (846 B at 48.6 KB/sec)
[INFO] Downloading: http://insecure.repo1.maven.org/maven2/io/dropwizard/metrics/metrics-parent/3.1.2/metrics-parent-3.1.2.pom
[INFO] Downloaded: http://insecure.repo1.maven.org/maven2/io/dropwizard/metrics/metrics-parent/3.1.2/metrics-parent-3.1.2.pom (12 KB at 488.3 KB/sec)
[INFO] Downloading: http://insecure.repo1.maven.org/maven2/org/slf4j/slf4j-api/1.7.7/slf4j-api-1.7.7.pom
[INFO] Downloaded: http://insecure.repo1.maven.org/maven2/org/slf4j/slf4j-api/1.7.7/slf4j-api-1.7.7.pom (3 KB at 145.9 KB/sec)
[INFO] Downloading: http://insecure.repo1.maven.org/maven2/org/slf4j/slf4j-parent/1.7.7/slf4j-parent-1.7.7.pom
[INFO] Downloaded: http://insecure.repo1.maven.org/maven2/org/slf4j/slf4j-parent/1.7.7/slf4j-parent-1.7.7.pom (12 KB at 553.7 KB/sec)
[INFO] Downloading: http://insecure.repo1.maven.org/maven2/io/dropwizard/metrics/metrics-healthchecks/3.1.2/metrics-healthchecks-3.1.2.pom
[INFO] Downloaded: http://insecure.repo1.maven.org/maven2/io/dropwizard/metrics/metrics-healthchecks/3.1.2/metrics-healthchecks-3.1.2.pom (2 KB at 57.6 KB/sec)
[INFO] Downloading: http://insecure.repo1.maven.org/maven2/io/prometheus/simpleclient/0.0.16/simpleclient-0.0.16.pom
[INFO] Downloaded: http://insecure.repo1.maven.org/maven2/io/prometheus/simpleclient/0.0.16/simpleclient-0.0.16.pom (2 KB at 5.2 KB/sec)
[INFO] Downloading: http://insecure.repo1.maven.org/maven2/io/prometheus/parent/0.0.16/parent-0.0.16.pom
[INFO] Downloaded: http://insecure.repo1.maven.org/maven2/io/prometheus/parent/0.0.16/parent-0.0.16.pom (7 KB at 38.0 KB/sec)
[INFO] Downloading: http://insecure.repo1.maven.org/maven2/org/sonatype/oss/oss-parent/7/oss-parent-7.pom
[INFO] Downloaded: http://insecure.repo1.maven.org/maven2/org/sonatype/oss/oss-parent/7/oss-parent-7.pom (5 KB at 294.4 KB/sec)
[INFO] Downloading: http://insecure.repo1.maven.org/maven2/simple-jndi/simple-jndi/0.11.4.1/simple-jndi-0.11.4.1.pom
[INFO] Downloaded: http://insecure.repo1.maven.org/maven2/simple-jndi/simple-jndi/0.11.4.1/simple-jndi-0.11.4.1.pom (5 KB at 237.6 KB/sec)
[INFO] Downloading: http://insecure.repo1.maven.org/maven2/org/apache/felix/org.apache.felix.framework/5.4.0/org.apache.felix.framework-5.4.0.pom
[INFO] Downloaded: http://insecure.repo1.maven.org/maven2/org/apache/felix/org.apache.felix.framework/5.4.0/org.apache.felix.framework-5.4.0.pom (6 KB at 10.2 KB/sec)
[INFO] Downloading: http://insecure.repo1.maven.org/maven2/org/apache/felix/felix-parent/3/felix-parent-3.pom
[INFO] Downloaded: http://insecure.repo1.maven.org/maven2/org/apache/felix/felix-parent/3/felix-parent-3.pom (17 KB at 597.2 KB/sec)
[INFO] Downloading: http://insecure.repo1.maven.org/maven2/org/ops4j/pax/exam/pax-exam-container-native/4.9.1/pax-exam-container-native-4.9.1.pom
[INFO] Downloaded: http://insecure.repo1.maven.org/maven2/org/ops4j/pax/exam/pax-exam-container-native/4.9.1/pax-exam-container-native-4.9.1.pom (4 KB at 8.6 KB/sec)
[INFO] Downloading: http://insecure.repo1.maven.org/maven2/org/ops4j/pax/exam/4.9.1/exam-4.9.1.pom
[INFO] Downloaded: http://insecure.repo1.maven.org/maven2/org/ops4j/pax/exam/4.9.1/exam-4.9.1.pom (42 KB at 105.0 KB/sec)
[INFO] Downloading: http://insecure.repo1.maven.org/maven2/org/ops4j/pax/exam-reactor/4.9.1/exam-reactor-4.9.1.pom
[INFO] Downloaded: http://insecure.repo1.maven.org/maven2/org/ops4j/pax/exam-reactor/4.9.1/exam-reactor-4.9.1.pom (4 KB at 15.8 KB/sec)
[INFO] Downloading: http://insecure.repo1.maven.org/maven2/org/ops4j/master/4.3.0/master-4.3.0.pom
[INFO] Downloaded: http://insecure.repo1.maven.org/maven2/org/ops4j/master/4.3.0/master-4.3.0.pom (14 KB at 635.0 KB/sec)
[INFO] Downloading: http://insecure.repo1.maven.org/maven2/org/ops4j/pax/exam/pax-exam/4.9.1/pax-exam-4.9.1.pom
[INFO] Downloaded: http://insecure.repo1.maven.org/maven2/org/ops4j/pax/exam/pax-exam/4.9.1/pax-exam-4.9.1.pom (3 KB at 10.6 KB/sec)
[INFO] Downloading: http://insecure.repo1.maven.org/maven2/org/ops4j/base/ops4j-base-lang/1.5.0/ops4j-base-lang-1.5.0.pom
[INFO] Downloaded: http://insecure.repo1.maven.org/maven2/org/ops4j/base/ops4j-base-lang/1.5.0/ops4j-base-lang-1.5.0.pom (988 B at 53.6 KB/sec)
[INFO] Downloading: http://insecure.repo1.maven.org/maven2/org/ops4j/base/1.5.0/base-1.5.0.pom
[INFO] Downloaded: http://insecure.repo1.maven.org/maven2/org/ops4j/base/1.5.0/base-1.5.0.pom (6 KB at 296.2 KB/sec)
[INFO] Downloading: http://insecure.repo1.maven.org/maven2/org/ops4j/master/3.3.0/master-3.3.0.pom
[INFO] Downloaded: http://insecure.repo1.maven.org/maven2/org/ops4j/master/3.3.0/master-3.3.0.pom (11 KB at 479.4 KB/sec)
[INFO] Downloading: http://insecure.repo1.maven.org/maven2/org/ops4j/base/ops4j-base-store/1.5.0/ops4j-base-store-1.5.0.pom
[INFO] Downloaded: http://insecure.repo1.maven.org/maven2/org/ops4j/base/ops4j-base-store/1.5.0/ops4j-base-store-1.5.0.pom (2 KB at 72.7 KB/sec)
[INFO] Downloading: http://insecure.repo1.maven.org/maven2/org/slf4j/slf4j-api/1.5.11/slf4j-api-1.5.11.pom
[INFO] Downloaded: http://insecure.repo1.maven.org/maven2/org/slf4j/slf4j-api/1.5.11/slf4j-api-1.5.11.pom (3 KB at 172.0 KB/sec)
[INFO] Downloading: http://insecure.repo1.maven.org/maven2/org/slf4j/slf4j-parent/1.5.11/slf4j-parent-1.5.11.pom
[INFO] Downloaded: http://insecure.repo1.maven.org/maven2/org/slf4j/slf4j-parent/1.5.11/slf4j-parent-1.5.11.pom (9 KB at 430.0 KB/sec)
[INFO] Downloading: http://insecure.repo1.maven.org/maven2/org/ops4j/base/ops4j-base-io/1.5.0/ops4j-base-io-1.5.0.pom
[INFO] Downloaded: http://insecure.repo1.maven.org/maven2/org/ops4j/base/ops4j-base-io/1.5.0/ops4j-base-io-1.5.0.pom (2 KB at 73.3 KB/sec)
[INFO] Downloading: http://insecure.repo1.maven.org/maven2/org/ops4j/base/ops4j-base-monitors/1.5.0/ops4j-base-monitors-1.5.0.pom
[INFO] Downloaded: http://insecure.repo1.maven.org/maven2/org/ops4j/base/ops4j-base-monitors/1.5.0/ops4j-base-monitors-1.5.0.pom (1005 B at 54.5 KB/sec)
[INFO] Downloading: http://insecure.repo1.maven.org/maven2/org/ops4j/base/ops4j-base-util-property/1.5.0/ops4j-base-util-property-1.5.0.pom
[INFO] Downloaded: http://insecure.repo1.maven.org/maven2/org/ops4j/base/ops4j-base-util-property/1.5.0/ops4j-base-util-property-1.5.0.pom (2 KB at 56.8 KB/sec)
[INFO] Downloading: http://insecure.repo1.maven.org/maven2/org/ops4j/pax/exam/pax-exam-spi/4.9.1/pax-exam-spi-4.9.1.pom
[INFO] Downloaded: http://insecure.repo1.maven.org/maven2/org/ops4j/pax/exam/pax-exam-spi/4.9.1/pax-exam-spi-4.9.1.pom (4 KB at 28.6 KB/sec)
[INFO] Downloading: http://insecure.repo1.maven.org/maven2/org/ops4j/base/ops4j-base-spi/1.5.0/ops4j-base-spi-1.5.0.pom
[INFO] Downloaded: http://insecure.repo1.maven.org/maven2/org/ops4j/base/ops4j-base-spi/1.5.0/ops4j-base-spi-1.5.0.pom (985 B at 53.4 KB/sec)
[INFO] Downloading: http://insecure.repo1.maven.org/maven2/org/slf4j/slf4j-api/1.6.6/slf4j-api-1.6.6.pom
[INFO] Downloaded: http://insecure.repo1.maven.org/maven2/org/slf4j/slf4j-api/1.6.6/slf4j-api-1.6.6.pom (3 KB at 145.9 KB/sec)
[INFO] Downloading: http://insecure.repo1.maven.org/maven2/org/slf4j/slf4j-parent/1.6.6/slf4j-parent-1.6.6.pom
[INFO] Downloaded: http://insecure.repo1.maven.org/maven2/org/slf4j/slf4j-parent/1.6.6/slf4j-parent-1.6.6.pom (13 KB at 579.9 KB/sec)
[INFO] Downloading: http://insecure.repo1.maven.org/maven2/org/ops4j/pax/tinybundles/tinybundles/2.1.1/tinybundles-2.1.1.pom
[INFO] Downloaded: http://insecure.repo1.maven.org/maven2/org/ops4j/pax/tinybundles/tinybundles/2.1.1/tinybundles-2.1.1.pom (7 KB at 296.6 KB/sec)
[INFO] Downloading: http://insecure.repo1.maven.org/maven2/org/ops4j/master/4.2.0/master-4.2.0.pom
[INFO] Downloaded: http://insecure.repo1.maven.org/maven2/org/ops4j/master/4.2.0/master-4.2.0.pom (14 KB at 629.3 KB/sec)
[INFO] Downloading: http://insecure.repo1.maven.org/maven2/biz/aQute/bnd/bndlib/2.4.0/bndlib-2.4.0.pom
[INFO] Downloaded: http://insecure.repo1.maven.org/maven2/biz/aQute/bnd/bndlib/2.4.0/bndlib-2.4.0.pom (2 KB at 77.2 KB/sec)
[INFO] Downloading: http://insecure.repo1.maven.org/maven2/biz/aQute/bnd/parent/2.4.0/parent-2.4.0.pom
[INFO] Downloaded: http://insecure.repo1.maven.org/maven2/biz/aQute/bnd/parent/2.4.0/parent-2.4.0.pom (5 KB at 234.5 KB/sec)
[INFO] Downloading: http://insecure.repo1.maven.org/maven2/org/ops4j/pax/swissbox/pax-swissbox-core/1.8.2/pax-swissbox-core-1.8.2.pom
[INFO] Downloaded: http://insecure.repo1.maven.org/maven2/org/ops4j/pax/swissbox/pax-swissbox-core/1.8.2/pax-swissbox-core-1.8.2.pom (2 KB at 79.6 KB/sec)
[INFO] Downloading: http://insecure.repo1.maven.org/maven2/org/ops4j/pax/swissbox/1.8.2/swissbox-1.8.2.pom
[INFO] Downloaded: http://insecure.repo1.maven.org/maven2/org/ops4j/pax/swissbox/1.8.2/swissbox-1.8.2.pom (8 KB at 371.4 KB/sec)
[INFO] Downloading: http://insecure.repo1.maven.org/maven2/org/ops4j/pax/swissbox/pax-swissbox-lifecycle/1.8.2/pax-swissbox-lifecycle-1.8.2.pom
[INFO] Downloaded: http://insecure.repo1.maven.org/maven2/org/ops4j/pax/swissbox/pax-swissbox-lifecycle/1.8.2/pax-swissbox-lifecycle-1.8.2.pom (2 KB at 61.5 KB/sec)
[INFO] Downloading: http://insecure.repo1.maven.org/maven2/org/ops4j/pax/swissbox/pax-swissbox-tracker/1.8.2/pax-swissbox-tracker-1.8.2.pom
[INFO] Downloaded: http://insecure.repo1.maven.org/maven2/org/ops4j/pax/swissbox/pax-swissbox-tracker/1.8.2/pax-swissbox-tracker-1.8.2.pom (2 KB at 99.0 KB/sec)
[INFO] Downloading: http://insecure.repo1.maven.org/maven2/org/ops4j/base/ops4j-base-net/1.5.0/ops4j-base-net-1.5.0.pom
[INFO] Downloaded: http://insecure.repo1.maven.org/maven2/org/ops4j/base/ops4j-base-net/1.5.0/ops4j-base-net-1.5.0.pom (2 KB at 82.8 KB/sec)
[INFO] Downloading: http://insecure.repo1.maven.org/maven2/org/ops4j/pax/url/pax-url-link/2.4.5/pax-url-link-2.4.5.pom
[INFO] Downloaded: http://insecure.repo1.maven.org/maven2/org/ops4j/pax/url/pax-url-link/2.4.5/pax-url-link-2.4.5.pom (3 KB at 129.7 KB/sec)
[INFO] Downloading: http://insecure.repo1.maven.org/maven2/org/ops4j/pax/url/2.4.5/url-2.4.5.pom
[INFO] Downloaded: http://insecure.repo1.maven.org/maven2/org/ops4j/pax/url/2.4.5/url-2.4.5.pom (17 KB at 670.6 KB/sec)
[INFO] Downloading: http://insecure.repo1.maven.org/maven2/org/ops4j/base/ops4j-base-lang/1.4.0/ops4j-base-lang-1.4.0.pom
[INFO] Downloaded: http://insecure.repo1.maven.org/maven2/org/ops4j/base/ops4j-base-lang/1.4.0/ops4j-base-lang-1.4.0.pom (988 B at 56.8 KB/sec)
[INFO] Downloading: http://insecure.repo1.maven.org/maven2/org/ops4j/base/1.4.0/base-1.4.0.pom
[INFO] Downloaded: http://insecure.repo1.maven.org/maven2/org/ops4j/base/1.4.0/base-1.4.0.pom (6 KB at 296.2 KB/sec)
[INFO] Downloading: http://insecure.repo1.maven.org/maven2/org/ops4j/master/3.1.0/master-3.1.0.pom
[INFO] Downloaded: http://insecure.repo1.maven.org/maven2/org/ops4j/master/3.1.0/master-3.1.0.pom (13 KB at 641.7 KB/sec)
[INFO] Downloading: http://insecure.repo1.maven.org/maven2/org/ops4j/base/ops4j-base-util-property/1.4.0/ops4j-base-util-property-1.4.0.pom
[INFO] Downloaded: http://insecure.repo1.maven.org/maven2/org/ops4j/base/ops4j-base-util-property/1.4.0/ops4j-base-util-property-1.4.0.pom (2 KB at 56.8 KB/sec)
[INFO] Downloading: http://insecure.repo1.maven.org/maven2/org/ops4j/pax/url/pax-url-commons/2.4.5/pax-url-commons-2.4.5.pom
[INFO] Downloaded: http://insecure.repo1.maven.org/maven2/org/ops4j/pax/url/pax-url-commons/2.4.5/pax-url-commons-2.4.5.pom (3 KB at 119.3 KB/sec)
[INFO] Downloading: http://insecure.repo1.maven.org/maven2/org/ops4j/pax/swissbox/pax-swissbox-property/1.8.2/pax-swissbox-property-1.8.2.pom
[INFO] Downloaded: http://insecure.repo1.maven.org/maven2/org/ops4j/pax/swissbox/pax-swissbox-property/1.8.2/pax-swissbox-property-1.8.2.pom (2 KB at 91.0 KB/sec)
[INFO] Downloading: http://insecure.repo1.maven.org/maven2/org/ops4j/pax/url/pax-url-classpath/2.4.5/pax-url-classpath-2.4.5.pom
[INFO] Downloaded: http://insecure.repo1.maven.org/maven2/org/ops4j/pax/url/pax-url-classpath/2.4.5/pax-url-classpath-2.4.5.pom (3 KB at 138.3 KB/sec)
[INFO] Downloading: http://insecure.repo1.maven.org/maven2/org/ops4j/pax/swissbox/pax-swissbox-optional-jcl/1.8.2/pax-swissbox-optional-jcl-1.8.2.pom
[INFO] Downloaded: http://insecure.repo1.maven.org/maven2/org/ops4j/pax/swissbox/pax-swissbox-optional-jcl/1.8.2/pax-swissbox-optional-jcl-1.8.2.pom (2 KB at 81.4 KB/sec)
[INFO] Downloading: http://insecure.repo1.maven.org/maven2/org/ops4j/pax/exam/pax-exam-junit4/4.9.1/pax-exam-junit4-4.9.1.pom
[INFO] Downloaded: http://insecure.repo1.maven.org/maven2/org/ops4j/pax/exam/pax-exam-junit4/4.9.1/pax-exam-junit4-4.9.1.pom (2 KB at 1.7 KB/sec)
[INFO] Downloading: http://insecure.repo1.maven.org/maven2/org/ops4j/pax/exam/pax-exam-link-mvn/4.9.1/pax-exam-link-mvn-4.9.1.pom
[INFO] Downloaded: http://insecure.repo1.maven.org/maven2/org/ops4j/pax/exam/pax-exam-link-mvn/4.9.1/pax-exam-link-mvn-4.9.1.pom (2 KB at 8.7 KB/sec)
[INFO] Downloading: http://insecure.repo1.maven.org/maven2/org/ops4j/pax/url/pax-url-aether/2.4.5/pax-url-aether-2.4.5.pom
[INFO] Downloaded: http://insecure.repo1.maven.org/maven2/org/ops4j/pax/url/pax-url-aether/2.4.5/pax-url-aether-2.4.5.pom (12 KB at 353.8 KB/sec)
[INFO] Downloading: http://insecure.repo1.maven.org/maven2/org/slf4j/jcl-over-slf4j/1.6.6/jcl-over-slf4j-1.6.6.pom
[INFO] Downloaded: http://insecure.repo1.maven.org/maven2/org/slf4j/jcl-over-slf4j/1.6.6/jcl-over-slf4j-1.6.6.pom (3 KB at 126.8 KB/sec)
[INFO] Downloading: http://insecure.repo1.maven.org/maven2/org/ops4j/pax/url/pax-url-aether/2.4.7/pax-url-aether-2.4.7.pom
[INFO] Downloaded: http://insecure.repo1.maven.org/maven2/org/ops4j/pax/url/pax-url-aether/2.4.7/pax-url-aether-2.4.7.pom (13 KB at 80.5 KB/sec)
[INFO] Downloading: http://insecure.repo1.maven.org/maven2/org/ops4j/pax/url/2.4.7/url-2.4.7.pom
[INFO] Downloaded: http://insecure.repo1.maven.org/maven2/org/ops4j/pax/url/2.4.7/url-2.4.7.pom (17 KB at 107.3 KB/sec)
[INFO] Downloading: http://insecure.repo1.maven.org/maven2/org/ops4j/pax/url/pax-url-reference/2.4.7/pax-url-reference-2.4.7.pom
[INFO] Downloaded: http://insecure.repo1.maven.org/maven2/org/ops4j/pax/url/pax-url-reference/2.4.7/pax-url-reference-2.4.7.pom (3 KB at 8.4 KB/sec)
[INFO] Downloading: http://insecure.repo1.maven.org/maven2/org/ops4j/pax/url/pax-url-commons/2.4.7/pax-url-commons-2.4.7.pom
[INFO] Downloaded: http://insecure.repo1.maven.org/maven2/org/ops4j/pax/url/pax-url-commons/2.4.7/pax-url-commons-2.4.7.pom (3 KB at 13.9 KB/sec)
[INFO] Downloading: http://insecure.repo1.maven.org/maven2/com/h2database/h2/1.4.192/h2-1.4.192.pom
[INFO] Downloaded: http://insecure.repo1.maven.org/maven2/com/h2database/h2/1.4.192/h2-1.4.192.pom (960 B at 46.9 KB/sec)
[INFO] Downloading: http://insecure.repo1.maven.org/maven2/org/slf4j/slf4j-api/1.7.21/slf4j-api-1.7.21.jar
[INFO] Downloading: http://insecure.repo1.maven.org/maven2/org/apache/logging/log4j/log4j-slf4j-impl/2.6.2/log4j-slf4j-impl-2.6.2.jar
[INFO] Downloading: http://insecure.repo1.maven.org/maven2/org/apache/logging/log4j/log4j-api/2.6.2/log4j-api-2.6.2.jar
[INFO] Downloading: http://insecure.repo1.maven.org/maven2/org/apache/logging/log4j/log4j-core/2.6.2/log4j-core-2.6.2.jar
[INFO] Downloading: http://insecure.repo1.maven.org/maven2/org/apache/commons/commons-csv/1.4/commons-csv-1.4.jar
[INFO] Downloaded: http://insecure.repo1.maven.org/maven2/org/slf4j/slf4j-api/1.7.21/slf4j-api-1.7.21.jar (41 KB at 431.3 KB/sec)
[INFO] Downloading: http://insecure.repo1.maven.org/maven2/org/mockito/mockito-core/1.10.19/mockito-core-1.10.19.jar
[INFO] Downloaded: http://insecure.repo1.maven.org/maven2/org/mockito/mockito-core/1.10.19/mockito-core-1.10.19.jar (1146 KB at 7954.8 KB/sec)
[INFO] Downloading: http://insecure.repo1.maven.org/maven2/org/objenesis/objenesis/2.1/objenesis-2.1.jar
[INFO] Downloaded: http://insecure.repo1.maven.org/maven2/org/objenesis/objenesis/2.1/objenesis-2.1.jar (41 KB at 259.7 KB/sec)
[INFO] Downloading: http://insecure.repo1.maven.org/maven2/org/javassist/javassist/3.20.0-GA/javassist-3.20.0-GA.jar
[INFO] Downloaded: http://insecure.repo1.maven.org/maven2/org/apache/logging/log4j/log4j-slf4j-impl/2.6.2/log4j-slf4j-impl-2.6.2.jar (23 KB at 125.8 KB/sec)
[INFO] Downloading: http://insecure.repo1.maven.org/maven2/org/hibernate/hibernate-core/5.2.2.Final/hibernate-core-5.2.2.Final.jar
[INFO] Downloaded: http://insecure.repo1.maven.org/maven2/org/javassist/javassist/3.20.0-GA/javassist-3.20.0-GA.jar (733 KB at 3983.6 KB/sec)
[INFO] Downloading: http://insecure.repo1.maven.org/maven2/org/hibernate/javax/persistence/hibernate-jpa-2.1-api/1.0.0.Final/hibernate-jpa-2.1-api-1.0.0.Final.jar
[INFO] Downloaded: http://insecure.repo1.maven.org/maven2/org/hibernate/javax/persistence/hibernate-jpa-2.1-api/1.0.0.Final/hibernate-jpa-2.1-api-1.0.0.Final.jar (111 KB at 550.8 KB/sec)
[INFO] Downloading: http://insecure.repo1.maven.org/maven2/antlr/antlr/2.7.7/antlr-2.7.7.jar
[INFO] Downloaded: http://insecure.repo1.maven.org/maven2/antlr/antlr/2.7.7/antlr-2.7.7.jar (435 KB at 1941.3 KB/sec)
[INFO] Downloading: http://insecure.repo1.maven.org/maven2/org/apache/geronimo/specs/geronimo-jta_1.1_spec/1.1.1/geronimo-jta_1.1_spec-1.1.1.jar
[INFO] Downloaded: http://insecure.repo1.maven.org/maven2/org/apache/geronimo/specs/geronimo-jta_1.1_spec/1.1.1/geronimo-jta_1.1_spec-1.1.1.jar (16 KB at 62.9 KB/sec)
[INFO] Downloading: http://insecure.repo1.maven.org/maven2/org/jboss/jandex/2.0.0.Final/jandex-2.0.0.Final.jar
[INFO] Downloaded: http://insecure.repo1.maven.org/maven2/org/jboss/jandex/2.0.0.Final/jandex-2.0.0.Final.jar (184 KB at 686.7 KB/sec)
[INFO] Downloading: http://insecure.repo1.maven.org/maven2/com/fasterxml/classmate/1.3.0/classmate-1.3.0.jar
[INFO] Downloaded: http://insecure.repo1.maven.org/maven2/com/fasterxml/classmate/1.3.0/classmate-1.3.0.jar (63 KB at 221.2 KB/sec)
[INFO] Downloading: http://insecure.repo1.maven.org/maven2/dom4j/dom4j/1.6.1/dom4j-1.6.1.jar
[INFO] Downloaded: http://insecure.repo1.maven.org/maven2/dom4j/dom4j/1.6.1/dom4j-1.6.1.jar (307 KB at 1001.8 KB/sec)
[INFO] Downloading: http://insecure.repo1.maven.org/maven2/org/hibernate/common/hibernate-commons-annotations/5.0.1.Final/hibernate-commons-annotations-5.0.1.Final.jar
[INFO] Downloaded: http://insecure.repo1.maven.org/maven2/org/hibernate/common/hibernate-commons-annotations/5.0.1.Final/hibernate-commons-annotations-5.0.1.Final.jar (74 KB at 228.3 KB/sec)
[INFO] Downloading: http://insecure.repo1.maven.org/maven2/javax/enterprise/cdi-api/1.1/cdi-api-1.1.jar
[INFO] Downloaded: http://insecure.repo1.maven.org/maven2/org/apache/commons/commons-csv/1.4/commons-csv-1.4.jar (40 KB at 106.4 KB/sec)
[INFO] Downloading: http://insecure.repo1.maven.org/maven2/javax/el/el-api/2.2/el-api-2.2.jar
[INFO] Downloaded: http://insecure.repo1.maven.org/maven2/javax/enterprise/cdi-api/1.1/cdi-api-1.1.jar (70 KB at 110.1 KB/sec)
[INFO] Downloading: http://insecure.repo1.maven.org/maven2/org/jboss/spec/javax/interceptor/jboss-interceptors-api_1.1_spec/1.0.0.Beta1/jboss-interceptors-api_1.1_spec-1.0.0.Beta1.jar
[INFO] Downloaded: http://insecure.repo1.maven.org/maven2/org/jboss/spec/javax/interceptor/jboss-interceptors-api_1.1_spec/1.0.0.Beta1/jboss-interceptors-api_1.1_spec-1.0.0.Beta1.jar (6 KB at 8.5 KB/sec)
[INFO] Downloading: http://insecure.repo1.maven.org/maven2/javax/annotation/jsr250-api/1.0/jsr250-api-1.0.jar
[INFO] Downloaded: http://insecure.repo1.maven.org/maven2/javax/annotation/jsr250-api/1.0/jsr250-api-1.0.jar (6 KB at 8.7 KB/sec)
[INFO] Downloading: http://insecure.repo1.maven.org/maven2/io/dropwizard/metrics/metrics-core/3.1.2/metrics-core-3.1.2.jar
[INFO] Downloaded: http://insecure.repo1.maven.org/maven2/io/dropwizard/metrics/metrics-core/3.1.2/metrics-core-3.1.2.jar (110 KB at 159.1 KB/sec)
[INFO] Downloading: http://insecure.repo1.maven.org/maven2/io/dropwizard/metrics/metrics-healthchecks/3.1.2/metrics-healthchecks-3.1.2.jar
[INFO] Downloaded: http://insecure.repo1.maven.org/maven2/io/dropwizard/metrics/metrics-healthchecks/3.1.2/metrics-healthchecks-3.1.2.jar (10 KB at 13.9 KB/sec)
[INFO] Downloading: http://insecure.repo1.maven.org/maven2/io/prometheus/simpleclient/0.0.16/simpleclient-0.0.16.jar
[INFO] Downloaded: http://insecure.repo1.maven.org/maven2/javax/el/el-api/2.2/el-api-2.2.jar (34 KB at 35.2 KB/sec)
[INFO] Downloading: http://insecure.repo1.maven.org/maven2/simple-jndi/simple-jndi/0.11.4.1/simple-jndi-0.11.4.1.jar
[INFO] Downloaded: http://insecure.repo1.maven.org/maven2/org/apache/logging/log4j/log4j-api/2.6.2/log4j-api-2.6.2.jar (195 KB at 191.8 KB/sec)
[INFO] Downloading: http://insecure.repo1.maven.org/maven2/javax/inject/javax.inject/1/javax.inject-1.jar
[INFO] Downloaded: http://insecure.repo1.maven.org/maven2/simple-jndi/simple-jndi/0.11.4.1/simple-jndi-0.11.4.1.jar (42 KB at 40.4 KB/sec)
[INFO] Downloading: http://insecure.repo1.maven.org/maven2/org/apache/felix/org.apache.felix.framework/5.4.0/org.apache.felix.framework-5.4.0.jar
[INFO] Downloaded: http://insecure.repo1.maven.org/maven2/javax/inject/javax.inject/1/javax.inject-1.jar (3 KB at 2.4 KB/sec)
[INFO] Downloading: http://insecure.repo1.maven.org/maven2/org/ops4j/pax/exam/pax-exam-container-native/4.9.1/pax-exam-container-native-4.9.1.jar
[INFO] Downloaded: http://insecure.repo1.maven.org/maven2/io/prometheus/simpleclient/0.0.16/simpleclient-0.0.16.jar (48 KB at 40.4 KB/sec)
[INFO] Downloading: http://insecure.repo1.maven.org/maven2/org/ops4j/pax/exam/pax-exam/4.9.1/pax-exam-4.9.1.jar
[INFO] Downloaded: http://insecure.repo1.maven.org/maven2/org/apache/felix/org.apache.felix.framework/5.4.0/org.apache.felix.framework-5.4.0.jar (663 KB at 513.7 KB/sec)
[INFO] Downloading: http://insecure.repo1.maven.org/maven2/org/ops4j/base/ops4j-base-store/1.5.0/ops4j-base-store-1.5.0.jar
[INFO] Downloaded: http://insecure.repo1.maven.org/maven2/org/ops4j/pax/exam/pax-exam-container-native/4.9.1/pax-exam-container-native-4.9.1.jar (21 KB at 15.8 KB/sec)
[INFO] Downloading: http://insecure.repo1.maven.org/maven2/org/ops4j/base/ops4j-base-io/1.5.0/ops4j-base-io-1.5.0.jar
[INFO] Downloaded: http://insecure.repo1.maven.org/maven2/org/ops4j/base/ops4j-base-store/1.5.0/ops4j-base-store-1.5.0.jar (8 KB at 5.5 KB/sec)
[INFO] Downloading: http://insecure.repo1.maven.org/maven2/org/ops4j/pax/exam/pax-exam-spi/4.9.1/pax-exam-spi-4.9.1.jar
[INFO] Downloaded: http://insecure.repo1.maven.org/maven2/org/ops4j/base/ops4j-base-io/1.5.0/ops4j-base-io-1.5.0.jar (21 KB at 15.4 KB/sec)
[INFO] Downloading: http://insecure.repo1.maven.org/maven2/org/ops4j/base/ops4j-base-spi/1.5.0/ops4j-base-spi-1.5.0.jar
[INFO] Downloaded: http://insecure.repo1.maven.org/maven2/org/ops4j/base/ops4j-base-spi/1.5.0/ops4j-base-spi-1.5.0.jar (8 KB at 5.2 KB/sec)
[INFO] Downloading: http://insecure.repo1.maven.org/maven2/org/ops4j/pax/tinybundles/tinybundles/2.1.1/tinybundles-2.1.1.jar
[INFO] Downloaded: http://insecure.repo1.maven.org/maven2/org/ops4j/pax/tinybundles/tinybundles/2.1.1/tinybundles-2.1.1.jar (29 KB at 19.9 KB/sec)
[INFO] Downloading: http://insecure.repo1.maven.org/maven2/biz/aQute/bnd/bndlib/2.4.0/bndlib-2.4.0.jar
[INFO] Downloaded: http://insecure.repo1.maven.org/maven2/org/ops4j/pax/exam/pax-exam/4.9.1/pax-exam-4.9.1.jar (80 KB at 53.8 KB/sec)
[INFO] Downloading: http://insecure.repo1.maven.org/maven2/org/ops4j/pax/swissbox/pax-swissbox-core/1.8.2/pax-swissbox-core-1.8.2.jar
[INFO] Downloaded: http://insecure.repo1.maven.org/maven2/org/ops4j/pax/swissbox/pax-swissbox-core/1.8.2/pax-swissbox-core-1.8.2.jar (9 KB at 6.0 KB/sec)
[INFO] Downloading: http://insecure.repo1.maven.org/maven2/org/ops4j/pax/swissbox/pax-swissbox-lifecycle/1.8.2/pax-swissbox-lifecycle-1.8.2.jar
[INFO] Downloaded: http://insecure.repo1.maven.org/maven2/org/ops4j/pax/swissbox/pax-swissbox-lifecycle/1.8.2/pax-swissbox-lifecycle-1.8.2.jar (7 KB at 4.3 KB/sec)
[INFO] Downloading: http://insecure.repo1.maven.org/maven2/org/ops4j/pax/swissbox/pax-swissbox-tracker/1.8.2/pax-swissbox-tracker-1.8.2.jar
[INFO] Downloaded: http://insecure.repo1.maven.org/maven2/org/ops4j/pax/swissbox/pax-swissbox-tracker/1.8.2/pax-swissbox-tracker-1.8.2.jar (15 KB at 9.8 KB/sec)
[INFO] Downloading: http://insecure.repo1.maven.org/maven2/org/ops4j/base/ops4j-base-lang/1.5.0/ops4j-base-lang-1.5.0.jar
[INFO] Downloaded: http://insecure.repo1.maven.org/maven2/org/ops4j/base/ops4j-base-lang/1.5.0/ops4j-base-lang-1.5.0.jar (7 KB at 4.2 KB/sec)
[INFO] Downloading: http://insecure.repo1.maven.org/maven2/org/ops4j/base/ops4j-base-net/1.5.0/ops4j-base-net-1.5.0.jar
[INFO] Downloaded: http://insecure.repo1.maven.org/maven2/org/ops4j/base/ops4j-base-net/1.5.0/ops4j-base-net-1.5.0.jar (13 KB at 8.2 KB/sec)
[INFO] Downloading: http://insecure.repo1.maven.org/maven2/org/ops4j/base/ops4j-base-monitors/1.5.0/ops4j-base-monitors-1.5.0.jar
[INFO] Downloaded: http://insecure.repo1.maven.org/maven2/org/ops4j/base/ops4j-base-monitors/1.5.0/ops4j-base-monitors-1.5.0.jar (9 KB at 5.1 KB/sec)
[INFO] Downloading: http://insecure.repo1.maven.org/maven2/org/ops4j/pax/url/pax-url-link/2.4.5/pax-url-link-2.4.5.jar
[INFO] Downloaded: http://insecure.repo1.maven.org/maven2/org/ops4j/pax/url/pax-url-link/2.4.5/pax-url-link-2.4.5.jar (8 KB at 4.6 KB/sec)
[INFO] Downloading: http://insecure.repo1.maven.org/maven2/org/ops4j/pax/url/pax-url-classpath/2.4.5/pax-url-classpath-2.4.5.jar
[INFO] Downloaded: http://insecure.repo1.maven.org/maven2/org/ops4j/pax/url/pax-url-classpath/2.4.5/pax-url-classpath-2.4.5.jar (9 KB at 5.3 KB/sec)
[INFO] Downloading: http://insecure.repo1.maven.org/maven2/org/ops4j/pax/exam/pax-exam-junit4/4.9.1/pax-exam-junit4-4.9.1.jar
[INFO] Downloaded: http://insecure.repo1.maven.org/maven2/org/ops4j/pax/exam/pax-exam-spi/4.9.1/pax-exam-spi-4.9.1.jar (69 KB at 41.8 KB/sec)
[INFO] Downloading: http://insecure.repo1.maven.org/maven2/org/ops4j/pax/exam/pax-exam-link-mvn/4.9.1/pax-exam-link-mvn-4.9.1.jar
[INFO] Downloaded: http://insecure.repo1.maven.org/maven2/biz/aQute/bnd/bndlib/2.4.0/bndlib-2.4.0.jar (1935 KB at 1166.2 KB/sec)
[INFO] Downloading: http://insecure.repo1.maven.org/maven2/org/ops4j/pax/url/pax-url-aether/2.4.7/pax-url-aether-2.4.7.jar
[INFO] Downloaded: http://insecure.repo1.maven.org/maven2/org/ops4j/pax/exam/pax-exam-link-mvn/4.9.1/pax-exam-link-mvn-4.9.1.jar (11 KB at 5.8 KB/sec)
[INFO] Downloading: http://insecure.repo1.maven.org/maven2/org/slf4j/jcl-over-slf4j/1.6.6/jcl-over-slf4j-1.6.6.jar
[INFO] Downloaded: http://insecure.repo1.maven.org/maven2/org/ops4j/pax/exam/pax-exam-junit4/4.9.1/pax-exam-junit4-4.9.1.jar (35 KB at 18.1 KB/sec)
[INFO] Downloading: http://insecure.repo1.maven.org/maven2/org/ops4j/pax/url/pax-url-reference/2.4.7/pax-url-reference-2.4.7.jar
[INFO] Downloaded: http://insecure.repo1.maven.org/maven2/org/slf4j/jcl-over-slf4j/1.6.6/jcl-over-slf4j-1.6.6.jar (17 KB at 8.9 KB/sec)
[INFO] Downloading: http://insecure.repo1.maven.org/maven2/org/ops4j/base/ops4j-base-util-property/1.5.0/ops4j-base-util-property-1.5.0.jar
[INFO] Downloaded: http://insecure.repo1.maven.org/maven2/org/ops4j/base/ops4j-base-util-property/1.5.0/ops4j-base-util-property-1.5.0.jar (6 KB at 3.0 KB/sec)
[INFO] Downloading: http://insecure.repo1.maven.org/maven2/org/ops4j/pax/swissbox/pax-swissbox-optional-jcl/1.8.2/pax-swissbox-optional-jcl-1.8.2.jar
[INFO] Downloaded: http://insecure.repo1.maven.org/maven2/org/ops4j/pax/swissbox/pax-swissbox-optional-jcl/1.8.2/pax-swissbox-optional-jcl-1.8.2.jar (7 KB at 3.4 KB/sec)
[INFO] Downloading: http://insecure.repo1.maven.org/maven2/org/ops4j/pax/url/pax-url-commons/2.4.7/pax-url-commons-2.4.7.jar
[INFO] Downloaded: http://insecure.repo1.maven.org/maven2/org/ops4j/pax/url/pax-url-commons/2.4.7/pax-url-commons-2.4.7.jar (10 KB at 4.7 KB/sec)
[INFO] Downloading: http://insecure.repo1.maven.org/maven2/org/ops4j/pax/swissbox/pax-swissbox-property/1.8.2/pax-swissbox-property-1.8.2.jar
[INFO] Downloaded: http://insecure.repo1.maven.org/maven2/org/ops4j/pax/swissbox/pax-swissbox-property/1.8.2/pax-swissbox-property-1.8.2.jar (4 KB at 2.0 KB/sec)
[INFO] Downloading: http://insecure.repo1.maven.org/maven2/com/h2database/h2/1.4.192/h2-1.4.192.jar
[INFO] Downloaded: http://insecure.repo1.maven.org/maven2/com/h2database/h2/1.4.192/h2-1.4.192.jar (1735 KB at 859.8 KB/sec)
[INFO] Downloaded: http://insecure.repo1.maven.org/maven2/org/ops4j/pax/url/pax-url-reference/2.4.7/pax-url-reference-2.4.7.jar (8 KB at 3.9 KB/sec)
[INFO] Downloaded: http://insecure.repo1.maven.org/maven2/org/ops4j/pax/url/pax-url-aether/2.4.7/pax-url-aether-2.4.7.jar (2869 KB at 1373.0 KB/sec)
[INFO] Downloaded: http://insecure.repo1.maven.org/maven2/org/apache/logging/log4j/log4j-core/2.6.2/log4j-core-2.6.2.jar (1165 KB at 480.8 KB/sec)
[INFO] Downloaded: http://insecure.repo1.maven.org/maven2/org/hibernate/hibernate-core/5.2.2.Final/hibernate-core-5.2.2.Final.jar (6253 KB at 847.3 KB/sec)
[INFO] 
[INFO] --- maven-enforcer-plugin:1.2:enforce (enforce-maven) @ HikariCP-java7 ---
[INFO] Downloading: https://repo.maven.apache.org/maven2/org/apache/maven/maven-artifact/2.0.9/maven-artifact-2.0.9.pom
[INFO] Downloaded: https://repo.maven.apache.org/maven2/org/apache/maven/maven-artifact/2.0.9/maven-artifact-2.0.9.pom (2 KB at 93.0 KB/sec)
[INFO] Downloading: https://repo.maven.apache.org/maven2/org/apache/maven/maven/2.0.9/maven-2.0.9.pom
[INFO] Downloaded: https://repo.maven.apache.org/maven2/org/apache/maven/maven/2.0.9/maven-2.0.9.pom (19 KB at 659.4 KB/sec)
[INFO] Downloading: https://repo.maven.apache.org/maven2/org/apache/maven/maven-parent/8/maven-parent-8.pom
[INFO] Downloaded: https://repo.maven.apache.org/maven2/org/apache/maven/maven-parent/8/maven-parent-8.pom (24 KB at 841.7 KB/sec)
[INFO] Downloading: https://repo.maven.apache.org/maven2/org/apache/maven/maven-plugin-api/2.0.9/maven-plugin-api-2.0.9.pom
[INFO] Downloaded: https://repo.maven.apache.org/maven2/org/apache/maven/maven-plugin-api/2.0.9/maven-plugin-api-2.0.9.pom (2 KB at 91.2 KB/sec)
[INFO] Downloading: https://repo.maven.apache.org/maven2/org/apache/maven/maven-project/2.0.9/maven-project-2.0.9.pom
[INFO] Downloaded: https://repo.maven.apache.org/maven2/org/apache/maven/maven-project/2.0.9/maven-project-2.0.9.pom (3 KB at 139.3 KB/sec)
[INFO] Downloading: https://repo.maven.apache.org/maven2/org/apache/maven/maven-settings/2.0.9/maven-settings-2.0.9.pom
[INFO] Downloaded: https://repo.maven.apache.org/maven2/org/apache/maven/maven-settings/2.0.9/maven-settings-2.0.9.pom (3 KB at 118.2 KB/sec)
[INFO] Downloading: https://repo.maven.apache.org/maven2/org/apache/maven/maven-model/2.0.9/maven-model-2.0.9.pom
[INFO] Downloaded: https://repo.maven.apache.org/maven2/org/apache/maven/maven-model/2.0.9/maven-model-2.0.9.pom (4 KB at 170.4 KB/sec)
[INFO] Downloading: https://repo.maven.apache.org/maven2/junit/junit/3.8.2/junit-3.8.2.pom
[INFO] Downloaded: https://repo.maven.apache.org/maven2/junit/junit/3.8.2/junit-3.8.2.pom (747 B at 45.6 KB/sec)
[INFO] Downloading: https://repo.maven.apache.org/maven2/org/apache/maven/maven-profile/2.0.9/maven-profile-2.0.9.pom
[INFO] Downloaded: https://repo.maven.apache.org/maven2/org/apache/maven/maven-profile/2.0.9/maven-profile-2.0.9.pom (3 KB at 111.2 KB/sec)
[INFO] Downloading: https://repo.maven.apache.org/maven2/org/apache/maven/maven-artifact-manager/2.0.9/maven-artifact-manager-2.0.9.pom
[INFO] Downloaded: https://repo.maven.apache.org/maven2/org/apache/maven/maven-artifact-manager/2.0.9/maven-artifact-manager-2.0.9.pom (3 KB at 155.1 KB/sec)
[INFO] Downloading: https://repo.maven.apache.org/maven2/org/apache/maven/maven-repository-metadata/2.0.9/maven-repository-metadata-2.0.9.pom
[INFO] Downloaded: https://repo.maven.apache.org/maven2/org/apache/maven/maven-repository-metadata/2.0.9/maven-repository-metadata-2.0.9.pom (2 KB at 103.1 KB/sec)
[INFO] Downloading: https://repo.maven.apache.org/maven2/org/apache/maven/maven-plugin-registry/2.0.9/maven-plugin-registry-2.0.9.pom
[INFO] Downloaded: https://repo.maven.apache.org/maven2/org/apache/maven/maven-plugin-registry/2.0.9/maven-plugin-registry-2.0.9.pom (2 KB at 101.3 KB/sec)
[INFO] Downloading: https://repo.maven.apache.org/maven2/org/apache/maven/maven-core/2.0.9/maven-core-2.0.9.pom
[INFO] Downloaded: https://repo.maven.apache.org/maven2/org/apache/maven/maven-core/2.0.9/maven-core-2.0.9.pom (8 KB at 362.0 KB/sec)
[INFO] Downloading: https://repo.maven.apache.org/maven2/org/apache/maven/maven-plugin-parameter-documenter/2.0.9/maven-plugin-parameter-documenter-2.0.9.pom
[INFO] Downloaded: https://repo.maven.apache.org/maven2/org/apache/maven/maven-plugin-parameter-documenter/2.0.9/maven-plugin-parameter-documenter-2.0.9.pom (2 KB at 112.8 KB/sec)
[INFO] Downloading: https://repo.maven.apache.org/maven2/org/apache/maven/reporting/maven-reporting-api/2.0.9/maven-reporting-api-2.0.9.pom
[INFO] Downloaded: https://repo.maven.apache.org/maven2/org/apache/maven/reporting/maven-reporting-api/2.0.9/maven-reporting-api-2.0.9.pom (2 KB at 97.8 KB/sec)
[INFO] Downloading: https://repo.maven.apache.org/maven2/org/apache/maven/reporting/maven-reporting/2.0.9/maven-reporting-2.0.9.pom
[INFO] Downloaded: https://repo.maven.apache.org/maven2/org/apache/maven/reporting/maven-reporting/2.0.9/maven-reporting-2.0.9.pom (2 KB at 80.1 KB/sec)
[INFO] Downloading: https://repo.maven.apache.org/maven2/org/apache/maven/doxia/doxia-sink-api/1.0-alpha-10/doxia-sink-api-1.0-alpha-10.pom
[INFO] Downloaded: https://repo.maven.apache.org/maven2/org/apache/maven/doxia/doxia-sink-api/1.0-alpha-10/doxia-sink-api-1.0-alpha-10.pom (2 KB at 77.4 KB/sec)
[INFO] Downloading: https://repo.maven.apache.org/maven2/org/apache/maven/doxia/doxia/1.0-alpha-10/doxia-1.0-alpha-10.pom
[INFO] Downloaded: https://repo.maven.apache.org/maven2/org/apache/maven/doxia/doxia/1.0-alpha-10/doxia-1.0-alpha-10.pom (9 KB at 447.3 KB/sec)
[INFO] Downloading: https://repo.maven.apache.org/maven2/org/apache/maven/maven-parent/6/maven-parent-6.pom
[INFO] Downloaded: https://repo.maven.apache.org/maven2/org/apache/maven/maven-parent/6/maven-parent-6.pom (20 KB at 725.0 KB/sec)
[INFO] Downloading: https://repo.maven.apache.org/maven2/org/apache/maven/maven-error-diagnostics/2.0.9/maven-error-diagnostics-2.0.9.pom
[INFO] Downloaded: https://repo.maven.apache.org/maven2/org/apache/maven/maven-error-diagnostics/2.0.9/maven-error-diagnostics-2.0.9.pom (2 KB at 100.2 KB/sec)
[INFO] Downloading: https://repo.maven.apache.org/maven2/org/apache/maven/maven-plugin-descriptor/2.0.9/maven-plugin-descriptor-2.0.9.pom
[INFO] Downloaded: https://repo.maven.apache.org/maven2/org/apache/maven/maven-plugin-descriptor/2.0.9/maven-plugin-descriptor-2.0.9.pom (3 KB at 126.6 KB/sec)
[INFO] Downloading: https://repo.maven.apache.org/maven2/org/apache/maven/maven-monitor/2.0.9/maven-monitor-2.0.9.pom
[INFO] Downloaded: https://repo.maven.apache.org/maven2/org/apache/maven/maven-monitor/2.0.9/maven-monitor-2.0.9.pom (2 KB at 73.8 KB/sec)
[INFO] Downloading: https://repo.maven.apache.org/maven2/commons-lang/commons-lang/2.3/commons-lang-2.3.pom
[INFO] Downloaded: https://repo.maven.apache.org/maven2/commons-lang/commons-lang/2.3/commons-lang-2.3.pom (11 KB at 493.4 KB/sec)
[INFO] Downloading: https://repo.maven.apache.org/maven2/org/apache/maven/enforcer/enforcer-api/1.2/enforcer-api-1.2.pom
[INFO] Downloaded: https://repo.maven.apache.org/maven2/org/apache/maven/enforcer/enforcer-api/1.2/enforcer-api-1.2.pom (3 KB at 155.1 KB/sec)
[INFO] Downloading: https://repo.maven.apache.org/maven2/org/codehaus/plexus/plexus-container-default/1.0-alpha-9/plexus-container-default-1.0-alpha-9.pom
[INFO] Downloaded: https://repo.maven.apache.org/maven2/org/codehaus/plexus/plexus-container-default/1.0-alpha-9/plexus-container-default-1.0-alpha-9.pom (2 KB at 60.4 KB/sec)
[INFO] Downloading: https://repo.maven.apache.org/maven2/org/apache/maven/enforcer/enforcer-rules/1.2/enforcer-rules-1.2.pom
[INFO] Downloaded: https://repo.maven.apache.org/maven2/org/apache/maven/enforcer/enforcer-rules/1.2/enforcer-rules-1.2.pom (4 KB at 180.2 KB/sec)
[INFO] Downloading: https://repo.maven.apache.org/maven2/org/apache/maven/shared/maven-common-artifact-filters/1.2/maven-common-artifact-filters-1.2.pom
[INFO] Downloaded: https://repo.maven.apache.org/maven2/org/apache/maven/shared/maven-common-artifact-filters/1.2/maven-common-artifact-filters-1.2.pom (5 KB at 220.8 KB/sec)
[INFO] Downloading: https://repo.maven.apache.org/maven2/org/apache/maven/shared/maven-shared-components/11/maven-shared-components-11.pom
[INFO] Downloaded: https://repo.maven.apache.org/maven2/org/apache/maven/shared/maven-shared-components/11/maven-shared-components-11.pom (9 KB at 387.9 KB/sec)
[INFO] Downloading: https://repo.maven.apache.org/maven2/org/apache/maven/maven-model/2.0.8/maven-model-2.0.8.pom
[INFO] Downloaded: https://repo.maven.apache.org/maven2/org/apache/maven/maven-model/2.0.8/maven-model-2.0.8.pom (4 KB at 161.4 KB/sec)
[INFO] Downloading: https://repo.maven.apache.org/maven2/org/apache/maven/maven/2.0.8/maven-2.0.8.pom
[INFO] Downloaded: https://repo.maven.apache.org/maven2/org/apache/maven/maven/2.0.8/maven-2.0.8.pom (12 KB at 472.5 KB/sec)
[INFO] Downloading: https://repo.maven.apache.org/maven2/org/apache/maven/shared/maven-plugin-testing-harness/1.1/maven-plugin-testing-harness-1.1.pom
[INFO] Downloaded: https://repo.maven.apache.org/maven2/org/apache/maven/shared/maven-plugin-testing-harness/1.1/maven-plugin-testing-harness-1.1.pom (7 KB at 294.6 KB/sec)
[INFO] Downloading: https://repo.maven.apache.org/maven2/org/apache/maven/shared/maven-shared-components/7/maven-shared-components-7.pom
[INFO] Downloaded: https://repo.maven.apache.org/maven2/org/apache/maven/shared/maven-shared-components/7/maven-shared-components-7.pom (3 KB at 141.0 KB/sec)
[INFO] Downloading: https://repo.maven.apache.org/maven2/org/codehaus/plexus/plexus-archiver/1.0-alpha-7/plexus-archiver-1.0-alpha-7.pom
[INFO] Downloaded: https://repo.maven.apache.org/maven2/org/codehaus/plexus/plexus-archiver/1.0-alpha-7/plexus-archiver-1.0-alpha-7.pom (2 KB at 56.6 KB/sec)
[INFO] Downloading: https://repo.maven.apache.org/maven2/org/codehaus/plexus/plexus-components/1.1.6/plexus-components-1.1.6.pom
[INFO] Downloaded: https://repo.maven.apache.org/maven2/org/codehaus/plexus/plexus-components/1.1.6/plexus-components-1.1.6.pom (2 KB at 102.4 KB/sec)
[INFO] Downloading: https://repo.maven.apache.org/maven2/org/codehaus/plexus/plexus-container-default/1.0-alpha-8/plexus-container-default-1.0-alpha-8.pom
[INFO] Downloaded: https://repo.maven.apache.org/maven2/org/codehaus/plexus/plexus-container-default/1.0-alpha-8/plexus-container-default-1.0-alpha-8.pom (8 KB at 337.8 KB/sec)
[INFO] Downloading: https://repo.maven.apache.org/maven2/org/beanshell/bsh/2.0b4/bsh-2.0b4.pom
[INFO] Downloaded: https://repo.maven.apache.org/maven2/org/beanshell/bsh/2.0b4/bsh-2.0b4.pom (2 KB at 68.6 KB/sec)
[INFO] Downloading: https://repo.maven.apache.org/maven2/org/beanshell/beanshell/2.0b4/beanshell-2.0b4.pom
[INFO] Downloaded: https://repo.maven.apache.org/maven2/org/beanshell/beanshell/2.0b4/beanshell-2.0b4.pom (2 KB at 81.1 KB/sec)
[INFO] Downloading: https://repo.maven.apache.org/maven2/org/apache/maven/shared/maven-dependency-tree/2.0/maven-dependency-tree-2.0.pom
[INFO] Downloaded: https://repo.maven.apache.org/maven2/org/apache/maven/shared/maven-dependency-tree/2.0/maven-dependency-tree-2.0.pom (5 KB at 228.1 KB/sec)
[INFO] Downloading: https://repo.maven.apache.org/maven2/org/codehaus/plexus/plexus-i18n/1.0-beta-6/plexus-i18n-1.0-beta-6.pom
[INFO] Downloaded: https://repo.maven.apache.org/maven2/org/codehaus/plexus/plexus-i18n/1.0-beta-6/plexus-i18n-1.0-beta-6.pom (771 B at 41.8 KB/sec)
[INFO] Downloading: https://repo.maven.apache.org/maven2/org/codehaus/plexus/plexus-components/1.1.4/plexus-components-1.1.4.pom
[INFO] Downloaded: https://repo.maven.apache.org/maven2/org/codehaus/plexus/plexus-components/1.1.4/plexus-components-1.1.4.pom (3 KB at 106.4 KB/sec)
[INFO] Downloading: https://repo.maven.apache.org/maven2/org/apache/maven/reporting/maven-reporting-api/2.0.9/maven-reporting-api-2.0.9.jar
[INFO] Downloading: https://repo.maven.apache.org/maven2/org/apache/maven/doxia/doxia-sink-api/1.0-alpha-10/doxia-sink-api-1.0-alpha-10.jar
[INFO] Downloading: https://repo.maven.apache.org/maven2/commons-cli/commons-cli/1.0/commons-cli-1.0.jar
[INFO] Downloading: https://repo.maven.apache.org/maven2/org/codehaus/plexus/plexus-utils/1.5.8/plexus-utils-1.5.8.jar
[INFO] Downloading: https://repo.maven.apache.org/maven2/commons-lang/commons-lang/2.3/commons-lang-2.3.jar
[INFO] Downloaded: https://repo.maven.apache.org/maven2/org/apache/maven/doxia/doxia-sink-api/1.0-alpha-10/doxia-sink-api-1.0-alpha-10.jar (10 KB at 345.5 KB/sec)
[INFO] Downloaded: https://repo.maven.apache.org/maven2/org/apache/maven/reporting/maven-reporting-api/2.0.9/maven-reporting-api-2.0.9.jar (10 KB at 353.6 KB/sec)
[INFO] Downloading: https://repo.maven.apache.org/maven2/org/apache/maven/enforcer/enforcer-api/1.2/enforcer-api-1.2.jar
[INFO] Downloading: https://repo.maven.apache.org/maven2/org/apache/maven/enforcer/enforcer-rules/1.2/enforcer-rules-1.2.jar
[INFO] Downloaded: https://repo.maven.apache.org/maven2/commons-cli/commons-cli/1.0/commons-cli-1.0.jar (30 KB at 840.3 KB/sec)
[INFO] Downloading: https://repo.maven.apache.org/maven2/org/apache/maven/shared/maven-common-artifact-filters/1.2/maven-common-artifact-filters-1.2.jar
[INFO] Downloaded: https://repo.maven.apache.org/maven2/org/apache/maven/enforcer/enforcer-api/1.2/enforcer-api-1.2.jar (10 KB at 194.5 KB/sec)
[INFO] Downloading: https://repo.maven.apache.org/maven2/org/beanshell/bsh/2.0b4/bsh-2.0b4.jar
[INFO] Downloaded: https://repo.maven.apache.org/maven2/org/apache/maven/shared/maven-common-artifact-filters/1.2/maven-common-artifact-filters-1.2.jar (31 KB at 428.6 KB/sec)
[INFO] Downloading: https://repo.maven.apache.org/maven2/org/apache/maven/shared/maven-dependency-tree/2.0/maven-dependency-tree-2.0.jar
[INFO] Downloaded: https://repo.maven.apache.org/maven2/org/apache/maven/enforcer/enforcer-rules/1.2/enforcer-rules-1.2.jar (75 KB at 876.3 KB/sec)
[INFO] Downloading: https://repo.maven.apache.org/maven2/org/codehaus/plexus/plexus-i18n/1.0-beta-6/plexus-i18n-1.0-beta-6.jar
[INFO] Downloaded: https://repo.maven.apache.org/maven2/org/codehaus/plexus/plexus-i18n/1.0-beta-6/plexus-i18n-1.0-beta-6.jar (12 KB at 104.7 KB/sec)
[INFO] Downloaded: https://repo.maven.apache.org/maven2/commons-lang/commons-lang/2.3/commons-lang-2.3.jar (240 KB at 2082.8 KB/sec)
[INFO] Downloaded: https://repo.maven.apache.org/maven2/org/codehaus/plexus/plexus-utils/1.5.8/plexus-utils-1.5.8.jar (262 KB at 2126.6 KB/sec)
[INFO] Downloaded: https://repo.maven.apache.org/maven2/org/beanshell/bsh/2.0b4/bsh-2.0b4.jar (276 KB at 1608.7 KB/sec)
[INFO] Downloaded: https://repo.maven.apache.org/maven2/org/apache/maven/shared/maven-dependency-tree/2.0/maven-dependency-tree-2.0.jar (55 KB at 285.0 KB/sec)
[INFO] 
[INFO] --- jacoco-maven-plugin:0.7.7.201606060606:prepare-agent (pre-unit-test) @ HikariCP-java7 ---
[INFO] Downloading: https://repo.maven.apache.org/maven2/org/apache/maven/maven-plugin-api/2.2.1/maven-plugin-api-2.2.1.pom
[INFO] Downloaded: https://repo.maven.apache.org/maven2/org/apache/maven/maven-plugin-api/2.2.1/maven-plugin-api-2.2.1.pom (2 KB at 95.0 KB/sec)
[INFO] Downloading: https://repo.maven.apache.org/maven2/org/apache/maven/maven/2.2.1/maven-2.2.1.pom
[INFO] Downloaded: https://repo.maven.apache.org/maven2/org/apache/maven/maven/2.2.1/maven-2.2.1.pom (22 KB at 810.5 KB/sec)
[INFO] Downloading: https://repo.maven.apache.org/maven2/org/apache/maven/maven-project/2.2.1/maven-project-2.2.1.pom
[INFO] Downloaded: https://repo.maven.apache.org/maven2/org/apache/maven/maven-project/2.2.1/maven-project-2.2.1.pom (3 KB at 159.3 KB/sec)
[INFO] Downloading: https://repo.maven.apache.org/maven2/org/apache/maven/maven-settings/2.2.1/maven-settings-2.2.1.pom
[INFO] Downloaded: https://repo.maven.apache.org/maven2/org/apache/maven/maven-settings/2.2.1/maven-settings-2.2.1.pom (3 KB at 125.2 KB/sec)
[INFO] Downloading: https://repo.maven.apache.org/maven2/org/apache/maven/maven-model/2.2.1/maven-model-2.2.1.pom
[INFO] Downloaded: https://repo.maven.apache.org/maven2/org/apache/maven/maven-model/2.2.1/maven-model-2.2.1.pom (4 KB at 186.1 KB/sec)
[INFO] Downloading: https://repo.maven.apache.org/maven2/junit/junit/4.8.2/junit-4.8.2.pom
[INFO] Downloaded: https://repo.maven.apache.org/maven2/junit/junit/4.8.2/junit-4.8.2.pom (2 KB at 90.5 KB/sec)
[INFO] Downloading: https://repo.maven.apache.org/maven2/org/apache/maven/maven-profile/2.2.1/maven-profile-2.2.1.pom
[INFO] Downloaded: https://repo.maven.apache.org/maven2/org/apache/maven/maven-profile/2.2.1/maven-profile-2.2.1.pom (3 KB at 106.0 KB/sec)
[INFO] Downloading: https://repo.maven.apache.org/maven2/org/apache/maven/maven-artifact-manager/2.2.1/maven-artifact-manager-2.2.1.pom
[INFO] Downloaded: https://repo.maven.apache.org/maven2/org/apache/maven/maven-artifact-manager/2.2.1/maven-artifact-manager-2.2.1.pom (4 KB at 178.3 KB/sec)
[INFO] Downloading: https://repo.maven.apache.org/maven2/org/apache/maven/maven-repository-metadata/2.2.1/maven-repository-metadata-2.2.1.pom
[INFO] Downloaded: https://repo.maven.apache.org/maven2/org/apache/maven/maven-repository-metadata/2.2.1/maven-repository-metadata-2.2.1.pom (2 KB at 114.2 KB/sec)
[INFO] Downloading: https://repo.maven.apache.org/maven2/org/apache/maven/maven-artifact/2.2.1/maven-artifact-2.2.1.pom
[INFO] Downloaded: https://repo.maven.apache.org/maven2/org/apache/maven/maven-artifact/2.2.1/maven-artifact-2.2.1.pom (2 KB at 96.5 KB/sec)
[INFO] Downloading: https://repo.maven.apache.org/maven2/org/apache/maven/maven-plugin-registry/2.2.1/maven-plugin-registry-2.2.1.pom
[INFO] Downloaded: https://repo.maven.apache.org/maven2/org/apache/maven/maven-plugin-registry/2.2.1/maven-plugin-registry-2.2.1.pom (2 KB at 110.8 KB/sec)
[INFO] Downloading: https://repo.maven.apache.org/maven2/org/codehaus/plexus/plexus-utils/3.0.22/plexus-utils-3.0.22.pom
[INFO] Downloaded: https://repo.maven.apache.org/maven2/org/codehaus/plexus/plexus-utils/3.0.22/plexus-utils-3.0.22.pom (4 KB at 196.9 KB/sec)
[INFO] Downloading: https://repo.maven.apache.org/maven2/org/codehaus/plexus/plexus/3.3.1/plexus-3.3.1.pom
[INFO] Downloaded: https://repo.maven.apache.org/maven2/org/codehaus/plexus/plexus/3.3.1/plexus-3.3.1.pom (20 KB at 950.8 KB/sec)
[INFO] Downloading: https://repo.maven.apache.org/maven2/org/apache/maven/shared/file-management/1.2.1/file-management-1.2.1.pom
[INFO] Downloaded: https://repo.maven.apache.org/maven2/org/apache/maven/shared/file-management/1.2.1/file-management-1.2.1.pom (4 KB at 210.6 KB/sec)
[INFO] Downloading: https://repo.maven.apache.org/maven2/org/apache/maven/shared/maven-shared-components/10/maven-shared-components-10.pom
[INFO] Downloaded: https://repo.maven.apache.org/maven2/org/apache/maven/shared/maven-shared-components/10/maven-shared-components-10.pom (9 KB at 433.4 KB/sec)
[INFO] Downloading: https://repo.maven.apache.org/maven2/org/apache/maven/maven-parent/9/maven-parent-9.pom
[INFO] Downloaded: https://repo.maven.apache.org/maven2/org/apache/maven/maven-parent/9/maven-parent-9.pom (33 KB at 971.7 KB/sec)
[INFO] Downloading: https://repo.maven.apache.org/maven2/org/apache/maven/shared/maven-shared-io/1.1/maven-shared-io-1.1.pom
[INFO] Downloaded: https://repo.maven.apache.org/maven2/org/apache/maven/shared/maven-shared-io/1.1/maven-shared-io-1.1.pom (4 KB at 220.3 KB/sec)
[INFO] Downloading: https://repo.maven.apache.org/maven2/org/apache/maven/shared/maven-shared-components/8/maven-shared-components-8.pom
[INFO] Downloaded: https://repo.maven.apache.org/maven2/org/apache/maven/shared/maven-shared-components/8/maven-shared-components-8.pom (3 KB at 163.2 KB/sec)
[INFO] Downloading: https://repo.maven.apache.org/maven2/org/apache/maven/maven-parent/7/maven-parent-7.pom
[INFO] Downloaded: https://repo.maven.apache.org/maven2/org/apache/maven/maven-parent/7/maven-parent-7.pom (21 KB at 797.9 KB/sec)
[INFO] Downloading: https://repo.maven.apache.org/maven2/org/apache/maven/maven-artifact/2.0.2/maven-artifact-2.0.2.pom
[INFO] Downloaded: https://repo.maven.apache.org/maven2/org/apache/maven/maven-artifact/2.0.2/maven-artifact-2.0.2.pom (765 B at 49.8 KB/sec)
[INFO] Downloading: https://repo.maven.apache.org/maven2/org/apache/maven/maven/2.0.2/maven-2.0.2.pom
[INFO] Downloaded: https://repo.maven.apache.org/maven2/org/apache/maven/maven/2.0.2/maven-2.0.2.pom (13 KB at 559.3 KB/sec)
[INFO] Downloading: https://repo.maven.apache.org/maven2/org/codehaus/plexus/plexus-utils/1.1/plexus-utils-1.1.pom
[INFO] Downloaded: https://repo.maven.apache.org/maven2/org/codehaus/plexus/plexus-utils/1.1/plexus-utils-1.1.pom (767 B at 46.8 KB/sec)
[INFO] Downloading: https://repo.maven.apache.org/maven2/org/apache/maven/maven-artifact-manager/2.0.2/maven-artifact-manager-2.0.2.pom
[INFO] Downloaded: https://repo.maven.apache.org/maven2/org/apache/maven/maven-artifact-manager/2.0.2/maven-artifact-manager-2.0.2.pom (2 KB at 75.7 KB/sec)
[INFO] Downloading: https://repo.maven.apache.org/maven2/org/apache/maven/maven-repository-metadata/2.0.2/maven-repository-metadata-2.0.2.pom
[INFO] Downloaded: https://repo.maven.apache.org/maven2/org/apache/maven/maven-repository-metadata/2.0.2/maven-repository-metadata-2.0.2.pom (2 KB at 71.0 KB/sec)
[INFO] Downloading: https://repo.maven.apache.org/maven2/org/apache/maven/wagon/wagon-provider-api/1.0-alpha-6/wagon-provider-api-1.0-alpha-6.pom
[INFO] Downloaded: https://repo.maven.apache.org/maven2/org/apache/maven/wagon/wagon-provider-api/1.0-alpha-6/wagon-provider-api-1.0-alpha-6.pom (588 B at 33.8 KB/sec)
[INFO] Downloading: https://repo.maven.apache.org/maven2/org/apache/maven/wagon/wagon/1.0-alpha-6/wagon-1.0-alpha-6.pom
[INFO] Downloaded: https://repo.maven.apache.org/maven2/org/apache/maven/wagon/wagon/1.0-alpha-6/wagon-1.0-alpha-6.pom (7 KB at 297.8 KB/sec)
[INFO] Downloading: https://repo.maven.apache.org/maven2/org/codehaus/plexus/plexus-utils/1.4.6/plexus-utils-1.4.6.pom
[INFO] Downloaded: https://repo.maven.apache.org/maven2/org/codehaus/plexus/plexus-utils/1.4.6/plexus-utils-1.4.6.pom (3 KB at 122.9 KB/sec)
[INFO] Downloading: https://repo.maven.apache.org/maven2/org/codehaus/plexus/plexus-utils/1.5.6/plexus-utils-1.5.6.pom
[INFO] Downloaded: https://repo.maven.apache.org/maven2/org/codehaus/plexus/plexus-utils/1.5.6/plexus-utils-1.5.6.pom (6 KB at 287.7 KB/sec)
[INFO] Downloading: https://repo.maven.apache.org/maven2/org/codehaus/plexus/plexus/1.0.12/plexus-1.0.12.pom
[INFO] Downloaded: https://repo.maven.apache.org/maven2/org/codehaus/plexus/plexus/1.0.12/plexus-1.0.12.pom (10 KB at 455.7 KB/sec)
[INFO] Downloading: https://repo.maven.apache.org/maven2/org/apache/maven/reporting/maven-reporting-api/2.2.1/maven-reporting-api-2.2.1.pom
[INFO] Downloaded: https://repo.maven.apache.org/maven2/org/apache/maven/reporting/maven-reporting-api/2.2.1/maven-reporting-api-2.2.1.pom (2 KB at 106.4 KB/sec)
[INFO] Downloading: https://repo.maven.apache.org/maven2/org/apache/maven/reporting/maven-reporting/2.2.1/maven-reporting-2.2.1.pom
[INFO] Downloaded: https://repo.maven.apache.org/maven2/org/apache/maven/reporting/maven-reporting/2.2.1/maven-reporting-2.2.1.pom (2 KB at 88.1 KB/sec)
[INFO] Downloading: https://repo.maven.apache.org/maven2/org/apache/maven/reporting/maven-reporting-impl/2.1/maven-reporting-impl-2.1.pom
[INFO] Downloaded: https://repo.maven.apache.org/maven2/org/apache/maven/reporting/maven-reporting-impl/2.1/maven-reporting-impl-2.1.pom (5 KB at 232.5 KB/sec)
[INFO] Downloading: https://repo.maven.apache.org/maven2/org/apache/maven/shared/maven-shared-components/15/maven-shared-components-15.pom
[INFO] Downloaded: https://repo.maven.apache.org/maven2/org/apache/maven/shared/maven-shared-components/15/maven-shared-components-15.pom (10 KB at 379.9 KB/sec)
[INFO] Downloading: https://repo.maven.apache.org/maven2/org/apache/maven/maven-parent/16/maven-parent-16.pom
[INFO] Downloaded: https://repo.maven.apache.org/maven2/org/apache/maven/maven-parent/16/maven-parent-16.pom (23 KB at 783.7 KB/sec)
[INFO] Downloading: https://repo.maven.apache.org/maven2/org/apache/apache/7/apache-7.pom
[INFO] Downloaded: https://repo.maven.apache.org/maven2/org/apache/apache/7/apache-7.pom (15 KB at 587.2 KB/sec)
[INFO] Downloading: https://repo.maven.apache.org/maven2/org/apache/maven/reporting/maven-reporting-api/3.0/maven-reporting-api-3.0.pom
[INFO] Downloaded: https://repo.maven.apache.org/maven2/org/apache/maven/reporting/maven-reporting-api/3.0/maven-reporting-api-3.0.pom (3 KB at 136.3 KB/sec)
[INFO] Downloading: https://repo.maven.apache.org/maven2/org/apache/maven/maven-project/2.0.10/maven-project-2.0.10.pom
[INFO] Downloaded: https://repo.maven.apache.org/maven2/org/apache/maven/maven-project/2.0.10/maven-project-2.0.10.pom (3 KB at 154.5 KB/sec)
[INFO] Downloading: https://repo.maven.apache.org/maven2/org/apache/maven/maven/2.0.10/maven-2.0.10.pom
[INFO] Downloaded: https://repo.maven.apache.org/maven2/org/apache/maven/maven/2.0.10/maven-2.0.10.pom (24 KB at 846.9 KB/sec)
[INFO] Downloading: https://repo.maven.apache.org/maven2/org/apache/maven/maven-settings/2.0.10/maven-settings-2.0.10.pom
[INFO] Downloaded: https://repo.maven.apache.org/maven2/org/apache/maven/maven-settings/2.0.10/maven-settings-2.0.10.pom (3 KB at 136.6 KB/sec)
[INFO] Downloading: https://repo.maven.apache.org/maven2/org/apache/maven/maven-model/2.0.10/maven-model-2.0.10.pom
[INFO] Downloaded: https://repo.maven.apache.org/maven2/org/apache/maven/maven-model/2.0.10/maven-model-2.0.10.pom (4 KB at 181.0 KB/sec)
[INFO] Downloading: https://repo.maven.apache.org/maven2/org/codehaus/plexus/plexus-interpolation/1.1/plexus-interpolation-1.1.pom
[INFO] Downloaded: https://repo.maven.apache.org/maven2/org/codehaus/plexus/plexus-interpolation/1.1/plexus-interpolation-1.1.pom (2 KB at 87.7 KB/sec)
[INFO] Downloading: https://repo.maven.apache.org/maven2/org/apache/maven/maven-profile/2.0.10/maven-profile-2.0.10.pom
[INFO] Downloaded: https://repo.maven.apache.org/maven2/org/apache/maven/maven-profile/2.0.10/maven-profile-2.0.10.pom (3 KB at 120.3 KB/sec)
[INFO] Downloading: https://repo.maven.apache.org/maven2/org/apache/maven/maven-artifact-manager/2.0.10/maven-artifact-manager-2.0.10.pom
[INFO] Downloaded: https://repo.maven.apache.org/maven2/org/apache/maven/maven-artifact-manager/2.0.10/maven-artifact-manager-2.0.10.pom (3 KB at 155.2 KB/sec)
[INFO] Downloading: https://repo.maven.apache.org/maven2/org/apache/maven/maven-repository-metadata/2.0.10/maven-repository-metadata-2.0.10.pom
[INFO] Downloaded: https://repo.maven.apache.org/maven2/org/apache/maven/maven-repository-metadata/2.0.10/maven-repository-metadata-2.0.10.pom (3 KB at 125.6 KB/sec)
[INFO] Downloading: https://repo.maven.apache.org/maven2/org/apache/maven/maven-artifact/2.0.10/maven-artifact-2.0.10.pom
[INFO] Downloaded: https://repo.maven.apache.org/maven2/org/apache/maven/maven-artifact/2.0.10/maven-artifact-2.0.10.pom (2 KB at 98.9 KB/sec)
[INFO] Downloading: https://repo.maven.apache.org/maven2/org/apache/maven/maven-plugin-registry/2.0.10/maven-plugin-registry-2.0.10.pom
[INFO] Downloaded: https://repo.maven.apache.org/maven2/org/apache/maven/maven-plugin-registry/2.0.10/maven-plugin-registry-2.0.10.pom (2 KB at 115.8 KB/sec)
[INFO] Downloading: https://repo.maven.apache.org/maven2/org/apache/maven/maven-plugin-api/2.0.10/maven-plugin-api-2.0.10.pom
[INFO] Downloaded: https://repo.maven.apache.org/maven2/org/apache/maven/maven-plugin-api/2.0.10/maven-plugin-api-2.0.10.pom (2 KB at 85.9 KB/sec)
[INFO] Downloading: https://repo.maven.apache.org/maven2/org/apache/maven/doxia/doxia-sink-api/1.1.2/doxia-sink-api-1.1.2.pom
[INFO] Downloaded: https://repo.maven.apache.org/maven2/org/apache/maven/doxia/doxia-sink-api/1.1.2/doxia-sink-api-1.1.2.pom (2 KB at 90.5 KB/sec)
[INFO] Downloading: https://repo.maven.apache.org/maven2/org/apache/maven/doxia/doxia/1.1.2/doxia-1.1.2.pom
[INFO] Downloaded: https://repo.maven.apache.org/maven2/org/apache/maven/doxia/doxia/1.1.2/doxia-1.1.2.pom (18 KB at 656.7 KB/sec)
[INFO] Downloading: https://repo.maven.apache.org/maven2/org/apache/maven/maven-parent/15/maven-parent-15.pom
[INFO] Downloaded: https://repo.maven.apache.org/maven2/org/apache/maven/maven-parent/15/maven-parent-15.pom (24 KB at 837.2 KB/sec)
[INFO] Downloading: https://repo.maven.apache.org/maven2/org/apache/apache/6/apache-6.pom
[INFO] Downloaded: https://repo.maven.apache.org/maven2/org/apache/apache/6/apache-6.pom (13 KB at 446.3 KB/sec)
[INFO] Downloading: https://repo.maven.apache.org/maven2/org/apache/maven/doxia/doxia-logging-api/1.1.2/doxia-logging-api-1.1.2.pom
[INFO] Downloaded: https://repo.maven.apache.org/maven2/org/apache/maven/doxia/doxia-logging-api/1.1.2/doxia-logging-api-1.1.2.pom (2 KB at 96.4 KB/sec)
[INFO] Downloading: https://repo.maven.apache.org/maven2/org/apache/maven/doxia/doxia-core/1.1.2/doxia-core-1.1.2.pom
[INFO] Downloaded: https://repo.maven.apache.org/maven2/org/apache/maven/doxia/doxia-core/1.1.2/doxia-core-1.1.2.pom (4 KB at 213.7 KB/sec)
[INFO] Downloading: https://repo.maven.apache.org/maven2/org/codehaus/plexus/plexus-utils/1.5.12/plexus-utils-1.5.12.pom
[INFO] Downloaded: https://repo.maven.apache.org/maven2/org/codehaus/plexus/plexus-utils/1.5.12/plexus-utils-1.5.12.pom (6 KB at 305.7 KB/sec)
[INFO] Downloading: https://repo.maven.apache.org/maven2/xerces/xercesImpl/2.8.1/xercesImpl-2.8.1.pom
[INFO] Downloaded: https://repo.maven.apache.org/maven2/xerces/xercesImpl/2.8.1/xercesImpl-2.8.1.pom (3 KB at 134.7 KB/sec)
[INFO] Downloading: https://repo.maven.apache.org/maven2/xml-apis/xml-apis/1.3.03/xml-apis-1.3.03.pom
[INFO] Downloaded: https://repo.maven.apache.org/maven2/xml-apis/xml-apis/1.3.03/xml-apis-1.3.03.pom (738 B at 45.0 KB/sec)
[INFO] Downloading: https://repo.maven.apache.org/maven2/org/apache/apache/1/apache-1.pom
[INFO] Downloaded: https://repo.maven.apache.org/maven2/org/apache/apache/1/apache-1.pom (4 KB at 195.9 KB/sec)
[INFO] Downloading: https://repo.maven.apache.org/maven2/commons-lang/commons-lang/2.4/commons-lang-2.4.pom
[INFO] Downloaded: https://repo.maven.apache.org/maven2/commons-lang/commons-lang/2.4/commons-lang-2.4.pom (14 KB at 593.4 KB/sec)
[INFO] Downloading: https://repo.maven.apache.org/maven2/org/apache/commons/commons-parent/9/commons-parent-9.pom
[INFO] Downloaded: https://repo.maven.apache.org/maven2/org/apache/commons/commons-parent/9/commons-parent-9.pom (22 KB at 973.5 KB/sec)
[INFO] Downloading: https://repo.maven.apache.org/maven2/commons-httpclient/commons-httpclient/3.1/commons-httpclient-3.1.pom
[INFO] Downloaded: https://repo.maven.apache.org/maven2/commons-httpclient/commons-httpclient/3.1/commons-httpclient-3.1.pom (8 KB at 379.1 KB/sec)
[INFO] Downloading: https://repo.maven.apache.org/maven2/commons-logging/commons-logging/1.0.4/commons-logging-1.0.4.pom
[INFO] Downloaded: https://repo.maven.apache.org/maven2/commons-logging/commons-logging/1.0.4/commons-logging-1.0.4.pom (6 KB at 257.0 KB/sec)
[INFO] Downloading: https://repo.maven.apache.org/maven2/commons-codec/commons-codec/1.2/commons-codec-1.2.pom
[INFO] Downloaded: https://repo.maven.apache.org/maven2/commons-codec/commons-codec/1.2/commons-codec-1.2.pom (4 KB at 207.5 KB/sec)
[INFO] Downloading: https://repo.maven.apache.org/maven2/org/apache/maven/doxia/doxia-site-renderer/1.1.2/doxia-site-renderer-1.1.2.pom
[INFO] Downloaded: https://repo.maven.apache.org/maven2/org/apache/maven/doxia/doxia-site-renderer/1.1.2/doxia-site-renderer-1.1.2.pom (6 KB at 298.8 KB/sec)
[INFO] Downloading: https://repo.maven.apache.org/maven2/org/apache/maven/doxia/doxia-sitetools/1.1.2/doxia-sitetools-1.1.2.pom
[INFO] Downloaded: https://repo.maven.apache.org/maven2/org/apache/maven/doxia/doxia-sitetools/1.1.2/doxia-sitetools-1.1.2.pom (15 KB at 648.9 KB/sec)
[INFO] Downloading: https://repo.maven.apache.org/maven2/org/apache/maven/doxia/doxia-decoration-model/1.1.2/doxia-decoration-model-1.1.2.pom
[INFO] Downloaded: https://repo.maven.apache.org/maven2/org/apache/maven/doxia/doxia-decoration-model/1.1.2/doxia-decoration-model-1.1.2.pom (3 KB at 161.4 KB/sec)
[INFO] Downloading: https://repo.maven.apache.org/maven2/org/apache/maven/doxia/doxia-module-xhtml/1.1.2/doxia-module-xhtml-1.1.2.pom
[INFO] Downloaded: https://repo.maven.apache.org/maven2/org/apache/maven/doxia/doxia-module-xhtml/1.1.2/doxia-module-xhtml-1.1.2.pom (2 KB at 92.0 KB/sec)
[INFO] Downloading: https://repo.maven.apache.org/maven2/org/apache/maven/doxia/doxia-modules/1.1.2/doxia-modules-1.1.2.pom
[INFO] Downloaded: https://repo.maven.apache.org/maven2/org/apache/maven/doxia/doxia-modules/1.1.2/doxia-modules-1.1.2.pom (3 KB at 132.2 KB/sec)
[INFO] Downloading: https://repo.maven.apache.org/maven2/org/apache/maven/doxia/doxia-module-fml/1.1.2/doxia-module-fml-1.1.2.pom
[INFO] Downloaded: https://repo.maven.apache.org/maven2/org/apache/maven/doxia/doxia-module-fml/1.1.2/doxia-module-fml-1.1.2.pom (6 KB at 268.3 KB/sec)
[INFO] Downloading: https://repo.maven.apache.org/maven2/commons-validator/commons-validator/1.2.0/commons-validator-1.2.0.pom
[INFO] Downloaded: https://repo.maven.apache.org/maven2/commons-validator/commons-validator/1.2.0/commons-validator-1.2.0.pom (9 KB at 403.2 KB/sec)
[INFO] Downloading: https://repo.maven.apache.org/maven2/commons-beanutils/commons-beanutils/1.7.0/commons-beanutils-1.7.0.pom
[INFO] Downloaded: https://repo.maven.apache.org/maven2/commons-beanutils/commons-beanutils/1.7.0/commons-beanutils-1.7.0.pom (357 B at 20.5 KB/sec)
[INFO] Downloading: https://repo.maven.apache.org/maven2/commons-logging/commons-logging/1.0.3/commons-logging-1.0.3.pom
[INFO] Downloaded: https://repo.maven.apache.org/maven2/commons-logging/commons-logging/1.0.3/commons-logging-1.0.3.pom (866 B at 52.9 KB/sec)
[INFO] Downloading: https://repo.maven.apache.org/maven2/commons-digester/commons-digester/1.6/commons-digester-1.6.pom
[INFO] Downloaded: https://repo.maven.apache.org/maven2/commons-digester/commons-digester/1.6/commons-digester-1.6.pom (974 B at 59.4 KB/sec)
[INFO] Downloading: https://repo.maven.apache.org/maven2/commons-beanutils/commons-beanutils/1.6/commons-beanutils-1.6.pom
[INFO] Downloaded: https://repo.maven.apache.org/maven2/commons-beanutils/commons-beanutils/1.6/commons-beanutils-1.6.pom (3 KB at 98.1 KB/sec)
[INFO] Downloading: https://repo.maven.apache.org/maven2/commons-logging/commons-logging/1.0/commons-logging-1.0.pom
[INFO] Downloaded: https://repo.maven.apache.org/maven2/commons-logging/commons-logging/1.0/commons-logging-1.0.pom (163 B at 9.4 KB/sec)
[INFO] Downloading: https://repo.maven.apache.org/maven2/commons-collections/commons-collections/2.0/commons-collections-2.0.pom
[INFO] Downloaded: https://repo.maven.apache.org/maven2/commons-collections/commons-collections/2.0/commons-collections-2.0.pom (171 B at 10.4 KB/sec)
[INFO] Downloading: https://repo.maven.apache.org/maven2/commons-collections/commons-collections/2.1/commons-collections-2.1.pom
[INFO] Downloaded: https://repo.maven.apache.org/maven2/commons-collections/commons-collections/2.1/commons-collections-2.1.pom (4 KB at 171.5 KB/sec)
[INFO] Downloading: https://repo.maven.apache.org/maven2/xml-apis/xml-apis/1.0.b2/xml-apis-1.0.b2.pom
[INFO] Downloaded: https://repo.maven.apache.org/maven2/xml-apis/xml-apis/1.0.b2/xml-apis-1.0.b2.pom (3 KB at 137.3 KB/sec)
[INFO] Downloading: https://repo.maven.apache.org/maven2/xml-apis/xml-apis/2.0.2/xml-apis-2.0.2.pom
[INFO] Downloaded: https://repo.maven.apache.org/maven2/xml-apis/xml-apis/2.0.2/xml-apis-2.0.2.pom (346 B at 21.1 KB/sec)
[INFO] Downloading: https://repo.maven.apache.org/maven2/org/jacoco/org.jacoco.agent/0.7.7.201606060606/org.jacoco.agent-0.7.7.201606060606.pom
[INFO] Downloaded: https://repo.maven.apache.org/maven2/org/jacoco/org.jacoco.agent/0.7.7.201606060606/org.jacoco.agent-0.7.7.201606060606.pom (3 KB at 141.0 KB/sec)
[INFO] Downloading: https://repo.maven.apache.org/maven2/org/jacoco/org.jacoco.core/0.7.7.201606060606/org.jacoco.core-0.7.7.201606060606.pom
[INFO] Downloaded: https://repo.maven.apache.org/maven2/org/jacoco/org.jacoco.core/0.7.7.201606060606/org.jacoco.core-0.7.7.201606060606.pom (2 KB at 74.7 KB/sec)
[INFO] Downloading: https://repo.maven.apache.org/maven2/org/ow2/asm/asm-debug-all/5.1/asm-debug-all-5.1.pom
[INFO] Downloaded: https://repo.maven.apache.org/maven2/org/ow2/asm/asm-debug-all/5.1/asm-debug-all-5.1.pom (2 KB at 107.5 KB/sec)
[INFO] Downloading: https://repo.maven.apache.org/maven2/org/ow2/asm/asm-parent/5.1/asm-parent-5.1.pom
[INFO] Downloaded: https://repo.maven.apache.org/maven2/org/ow2/asm/asm-parent/5.1/asm-parent-5.1.pom (6 KB at 298.0 KB/sec)
[INFO] Downloading: https://repo.maven.apache.org/maven2/org/ow2/ow2/1.3/ow2-1.3.pom
[INFO] Downloaded: https://repo.maven.apache.org/maven2/org/ow2/ow2/1.3/ow2-1.3.pom (10 KB at 442.2 KB/sec)
[INFO] Downloading: https://repo.maven.apache.org/maven2/org/jacoco/org.jacoco.report/0.7.7.201606060606/org.jacoco.report-0.7.7.201606060606.pom
[INFO] Downloaded: https://repo.maven.apache.org/maven2/org/jacoco/org.jacoco.report/0.7.7.201606060606/org.jacoco.report-0.7.7.201606060606.pom (2 KB at 78.1 KB/sec)
[INFO] Downloading: https://repo.maven.apache.org/maven2/org/codehaus/plexus/plexus-interpolation/1.11/plexus-interpolation-1.11.jar
[INFO] Downloading: https://repo.maven.apache.org/maven2/junit/junit/4.8.2/junit-4.8.2.jar
[INFO] Downloading: https://repo.maven.apache.org/maven2/org/codehaus/plexus/plexus-utils/3.0.22/plexus-utils-3.0.22.jar
[INFO] Downloading: https://repo.maven.apache.org/maven2/org/apache/maven/shared/file-management/1.2.1/file-management-1.2.1.jar
[INFO] Downloading: https://repo.maven.apache.org/maven2/org/apache/maven/shared/maven-shared-io/1.1/maven-shared-io-1.1.jar
[INFO] Downloaded: https://repo.maven.apache.org/maven2/org/apache/maven/shared/maven-shared-io/1.1/maven-shared-io-1.1.jar (39 KB at 1243.7 KB/sec)
[INFO] Downloading: https://repo.maven.apache.org/maven2/org/apache/maven/reporting/maven-reporting-api/2.2.1/maven-reporting-api-2.2.1.jar
[INFO] Downloaded: https://repo.maven.apache.org/maven2/org/apache/maven/shared/file-management/1.2.1/file-management-1.2.1.jar (37 KB at 1019.3 KB/sec)
[INFO] Downloading: https://repo.maven.apache.org/maven2/org/apache/maven/doxia/doxia-sink-api/1.1/doxia-sink-api-1.1.jar
[INFO] Downloaded: https://repo.maven.apache.org/maven2/org/codehaus/plexus/plexus-interpolation/1.11/plexus-interpolation-1.11.jar (50 KB at 994.8 KB/sec)
[INFO] Downloading: https://repo.maven.apache.org/maven2/org/apache/maven/reporting/maven-reporting-impl/2.1/maven-reporting-impl-2.1.jar
[INFO] Downloaded: https://repo.maven.apache.org/maven2/org/apache/maven/doxia/doxia-sink-api/1.1/doxia-sink-api-1.1.jar (13 KB at 215.8 KB/sec)
[INFO] Downloading: https://repo.maven.apache.org/maven2/org/apache/maven/doxia/doxia-core/1.1.2/doxia-core-1.1.2.jar
[INFO] Downloaded: https://repo.maven.apache.org/maven2/org/codehaus/plexus/plexus-utils/3.0.22/plexus-utils-3.0.22.jar (240 KB at 1811.8 KB/sec)
[INFO] Downloading: https://repo.maven.apache.org/maven2/xerces/xercesImpl/2.8.1/xercesImpl-2.8.1.jar
[INFO] Downloaded: https://repo.maven.apache.org/maven2/junit/junit/4.8.2/junit-4.8.2.jar (232 KB at 1691.8 KB/sec)
[INFO] Downloading: https://repo.maven.apache.org/maven2/commons-lang/commons-lang/2.4/commons-lang-2.4.jar
[INFO] Downloaded: https://repo.maven.apache.org/maven2/org/apache/maven/doxia/doxia-core/1.1.2/doxia-core-1.1.2.jar (155 KB at 1136.7 KB/sec)
[INFO] Downloading: https://repo.maven.apache.org/maven2/commons-httpclient/commons-httpclient/3.1/commons-httpclient-3.1.jar
[INFO] Downloaded: https://repo.maven.apache.org/maven2/org/apache/maven/reporting/maven-reporting-api/2.2.1/maven-reporting-api-2.2.1.jar (10 KB at 44.0 KB/sec)
[INFO] Downloading: https://repo.maven.apache.org/maven2/commons-codec/commons-codec/1.2/commons-codec-1.2.jar
[INFO] Downloaded: https://repo.maven.apache.org/maven2/org/apache/maven/reporting/maven-reporting-impl/2.1/maven-reporting-impl-2.1.jar (17 KB at 75.0 KB/sec)
[INFO] Downloading: https://repo.maven.apache.org/maven2/org/apache/maven/doxia/doxia-site-renderer/1.1.2/doxia-site-renderer-1.1.2.jar
[INFO] Downloaded: https://repo.maven.apache.org/maven2/commons-codec/commons-codec/1.2/commons-codec-1.2.jar (30 KB at 118.9 KB/sec)
[INFO] Downloading: https://repo.maven.apache.org/maven2/org/apache/maven/doxia/doxia-decoration-model/1.1.2/doxia-decoration-model-1.1.2.jar
[INFO] Downloaded: https://repo.maven.apache.org/maven2/commons-lang/commons-lang/2.4/commons-lang-2.4.jar (256 KB at 1014.6 KB/sec)
[INFO] Downloading: https://repo.maven.apache.org/maven2/org/apache/maven/doxia/doxia-module-xhtml/1.1.2/doxia-module-xhtml-1.1.2.jar
[INFO] Downloaded: https://repo.maven.apache.org/maven2/org/apache/maven/doxia/doxia-site-renderer/1.1.2/doxia-site-renderer-1.1.2.jar (50 KB at 188.8 KB/sec)
[INFO] Downloading: https://repo.maven.apache.org/maven2/org/apache/maven/doxia/doxia-module-fml/1.1.2/doxia-module-fml-1.1.2.jar
[INFO] Downloaded: https://repo.maven.apache.org/maven2/commons-httpclient/commons-httpclient/3.1/commons-httpclient-3.1.jar (298 KB at 1103.2 KB/sec)
[INFO] Downloading: https://repo.maven.apache.org/maven2/commons-validator/commons-validator/1.2.0/commons-validator-1.2.0.jar
[INFO] Downloaded: https://repo.maven.apache.org/maven2/org/apache/maven/doxia/doxia-module-fml/1.1.2/doxia-module-fml-1.1.2.jar (37 KB at 123.4 KB/sec)
[INFO] Downloading: https://repo.maven.apache.org/maven2/commons-beanutils/commons-beanutils/1.7.0/commons-beanutils-1.7.0.jar
[INFO] Downloaded: https://repo.maven.apache.org/maven2/commons-validator/commons-validator/1.2.0/commons-validator-1.2.0.jar (89 KB at 275.5 KB/sec)
[INFO] Downloading: https://repo.maven.apache.org/maven2/commons-digester/commons-digester/1.6/commons-digester-1.6.jar
[INFO] Downloaded: https://repo.maven.apache.org/maven2/org/apache/maven/doxia/doxia-module-xhtml/1.1.2/doxia-module-xhtml-1.1.2.jar (15 KB at 39.8 KB/sec)
[INFO] Downloading: https://repo.maven.apache.org/maven2/commons-logging/commons-logging/1.0.4/commons-logging-1.0.4.jar
[INFO] Downloaded: https://repo.maven.apache.org/maven2/org/apache/maven/doxia/doxia-decoration-model/1.1.2/doxia-decoration-model-1.1.2.jar (52 KB at 138.8 KB/sec)
[INFO] Downloading: https://repo.maven.apache.org/maven2/xml-apis/xml-apis/1.0.b2/xml-apis-1.0.b2.jar
[INFO] Downloaded: https://repo.maven.apache.org/maven2/commons-beanutils/commons-beanutils/1.7.0/commons-beanutils-1.7.0.jar (185 KB at 479.8 KB/sec)
[INFO] Downloading: https://repo.maven.apache.org/maven2/org/jacoco/org.jacoco.agent/0.7.7.201606060606/org.jacoco.agent-0.7.7.201606060606-runtime.jar
[INFO] Downloaded: https://repo.maven.apache.org/maven2/commons-logging/commons-logging/1.0.4/commons-logging-1.0.4.jar (38 KB at 88.8 KB/sec)
[INFO] Downloading: https://repo.maven.apache.org/maven2/org/jacoco/org.jacoco.core/0.7.7.201606060606/org.jacoco.core-0.7.7.201606060606.jar
[INFO] Downloaded: https://repo.maven.apache.org/maven2/commons-digester/commons-digester/1.6/commons-digester-1.6.jar (165 KB at 388.9 KB/sec)
[INFO] Downloading: https://repo.maven.apache.org/maven2/org/ow2/asm/asm-debug-all/5.1/asm-debug-all-5.1.jar
[INFO] Downloaded: https://repo.maven.apache.org/maven2/xml-apis/xml-apis/1.0.b2/xml-apis-1.0.b2.jar (107 KB at 242.1 KB/sec)
[INFO] Downloading: https://repo.maven.apache.org/maven2/org/jacoco/org.jacoco.report/0.7.7.201606060606/org.jacoco.report-0.7.7.201606060606.jar
[INFO] Downloaded: https://repo.maven.apache.org/maven2/org/jacoco/org.jacoco.core/0.7.7.201606060606/org.jacoco.core-0.7.7.201606060606.jar (135 KB at 275.1 KB/sec)
[INFO] Downloaded: https://repo.maven.apache.org/maven2/org/jacoco/org.jacoco.report/0.7.7.201606060606/org.jacoco.report-0.7.7.201606060606.jar (139 KB at 270.0 KB/sec)
[INFO] Downloaded: https://repo.maven.apache.org/maven2/org/jacoco/org.jacoco.agent/0.7.7.201606060606/org.jacoco.agent-0.7.7.201606060606-runtime.jar (265 KB at 508.8 KB/sec)
[INFO] Downloaded: https://repo.maven.apache.org/maven2/org/ow2/asm/asm-debug-all/5.1/asm-debug-all-5.1.jar (379 KB at 650.6 KB/sec)
[INFO] Downloaded: https://repo.maven.apache.org/maven2/xerces/xercesImpl/2.8.1/xercesImpl-2.8.1.jar (1185 KB at 1945.1 KB/sec)
[INFO] surefireArgLine set to -javaagent:/home/travis/.m2/repository/org/jacoco/org.jacoco.agent/0.7.7.201606060606/org.jacoco.agent-0.7.7.201606060606-runtime.jar=destfile=/home/travis/build/failed/brettwooldridge/HikariCP/target/coverage-reports/jacoco.exec,excludes=**/com/zaxxer/hikari/pool/HikariProxy*:**/com/zaxxer/hikari/metrics/**
[INFO] 
[INFO] --- maven-resources-plugin:3.1.0:resources (default-resources) @ HikariCP-java7 ---
[INFO] Downloading: https://repo.maven.apache.org/maven2/org/apache/maven/maven-plugin-api/3.0/maven-plugin-api-3.0.pom
[INFO] Downloaded: https://repo.maven.apache.org/maven2/org/apache/maven/maven-plugin-api/3.0/maven-plugin-api-3.0.pom (3 KB at 149.0 KB/sec)
[INFO] Downloading: https://repo.maven.apache.org/maven2/org/apache/maven/maven/3.0/maven-3.0.pom
[INFO] Downloaded: https://repo.maven.apache.org/maven2/org/apache/maven/maven/3.0/maven-3.0.pom (22 KB at 971.5 KB/sec)
[INFO] Downloading: https://repo.maven.apache.org/maven2/org/apache/maven/maven-model/3.0/maven-model-3.0.pom
[INFO] Downloaded: https://repo.maven.apache.org/maven2/org/apache/maven/maven-model/3.0/maven-model-3.0.pom (4 KB at 200.0 KB/sec)
[INFO] Downloading: https://repo.maven.apache.org/maven2/org/codehaus/plexus/plexus-utils/2.0.4/plexus-utils-2.0.4.pom
[INFO] Downloaded: https://repo.maven.apache.org/maven2/org/codehaus/plexus/plexus-utils/2.0.4/plexus-utils-2.0.4.pom (4 KB at 171.4 KB/sec)
[INFO] Downloading: https://repo.maven.apache.org/maven2/org/codehaus/plexus/plexus/2.0.6/plexus-2.0.6.pom
[INFO] Downloaded: https://repo.maven.apache.org/maven2/org/codehaus/plexus/plexus/2.0.6/plexus-2.0.6.pom (17 KB at 584.6 KB/sec)
[INFO] Downloading: https://repo.maven.apache.org/maven2/org/apache/maven/maven-artifact/3.0/maven-artifact-3.0.pom
[INFO] Downloaded: https://repo.maven.apache.org/maven2/org/apache/maven/maven-artifact/3.0/maven-artifact-3.0.pom (2 KB at 110.8 KB/sec)
[INFO] Downloading: https://repo.maven.apache.org/maven2/org/sonatype/sisu/sisu-inject-plexus/1.4.2/sisu-inject-plexus-1.4.2.pom
[INFO] Downloaded: https://repo.maven.apache.org/maven2/org/sonatype/sisu/sisu-inject-plexus/1.4.2/sisu-inject-plexus-1.4.2.pom (6 KB at 276.0 KB/sec)
[INFO] Downloading: https://repo.maven.apache.org/maven2/org/sonatype/sisu/inject/guice-plexus/1.4.2/guice-plexus-1.4.2.pom
[INFO] Downloaded: https://repo.maven.apache.org/maven2/org/sonatype/sisu/inject/guice-plexus/1.4.2/guice-plexus-1.4.2.pom (4 KB at 160.8 KB/sec)
[INFO] Downloading: https://repo.maven.apache.org/maven2/org/sonatype/sisu/inject/guice-bean/1.4.2/guice-bean-1.4.2.pom
[INFO] Downloaded: https://repo.maven.apache.org/maven2/org/sonatype/sisu/inject/guice-bean/1.4.2/guice-bean-1.4.2.pom (3 KB at 141.4 KB/sec)
[INFO] Downloading: https://repo.maven.apache.org/maven2/org/sonatype/sisu/sisu-inject/1.4.2/sisu-inject-1.4.2.pom
[INFO] Downloaded: https://repo.maven.apache.org/maven2/org/sonatype/sisu/sisu-inject/1.4.2/sisu-inject-1.4.2.pom (2 KB at 71.7 KB/sec)
[INFO] Downloading: https://repo.maven.apache.org/maven2/org/sonatype/sisu/sisu-parent/1.4.2/sisu-parent-1.4.2.pom
[INFO] Downloaded: https://repo.maven.apache.org/maven2/org/sonatype/sisu/sisu-parent/1.4.2/sisu-parent-1.4.2.pom (8 KB at 399.7 KB/sec)
[INFO] Downloading: https://repo.maven.apache.org/maven2/org/sonatype/forge/forge-parent/6/forge-parent-6.pom
[INFO] Downloaded: https://repo.maven.apache.org/maven2/org/sonatype/forge/forge-parent/6/forge-parent-6.pom (11 KB at 456.6 KB/sec)
[INFO] Downloading: https://repo.maven.apache.org/maven2/org/codehaus/plexus/plexus-component-annotations/1.7.1/plexus-component-annotations-1.7.1.pom
[INFO] Downloaded: https://repo.maven.apache.org/maven2/org/codehaus/plexus/plexus-component-annotations/1.7.1/plexus-component-annotations-1.7.1.pom (770 B at 41.8 KB/sec)
[INFO] Downloading: https://repo.maven.apache.org/maven2/org/codehaus/plexus/plexus-containers/1.7.1/plexus-containers-1.7.1.pom
[INFO] Downloaded: https://repo.maven.apache.org/maven2/org/codehaus/plexus/plexus-containers/1.7.1/plexus-containers-1.7.1.pom (5 KB at 213.7 KB/sec)
[INFO] Downloading: https://repo.maven.apache.org/maven2/org/codehaus/plexus/plexus/4.0/plexus-4.0.pom
[INFO] Downloaded: https://repo.maven.apache.org/maven2/org/codehaus/plexus/plexus/4.0/plexus-4.0.pom (21 KB at 724.0 KB/sec)
[INFO] Downloading: https://repo.maven.apache.org/maven2/org/codehaus/plexus/plexus-classworlds/2.2.3/plexus-classworlds-2.2.3.pom
[INFO] Downloaded: https://repo.maven.apache.org/maven2/org/codehaus/plexus/plexus-classworlds/2.2.3/plexus-classworlds-2.2.3.pom (4 KB at 216.9 KB/sec)
[INFO] Downloading: https://repo.maven.apache.org/maven2/org/codehaus/plexus/plexus-utils/2.0.5/plexus-utils-2.0.5.pom
[INFO] Downloaded: https://repo.maven.apache.org/maven2/org/codehaus/plexus/plexus-utils/2.0.5/plexus-utils-2.0.5.pom (4 KB at 191.5 KB/sec)
[INFO] Downloading: https://repo.maven.apache.org/maven2/org/sonatype/sisu/sisu-inject-bean/1.4.2/sisu-inject-bean-1.4.2.pom
[INFO] Downloaded: https://repo.maven.apache.org/maven2/org/sonatype/sisu/sisu-inject-bean/1.4.2/sisu-inject-bean-1.4.2.pom (6 KB at 280.5 KB/sec)
[INFO] Downloading: https://repo.maven.apache.org/maven2/org/sonatype/sisu/sisu-guice/2.1.7/sisu-guice-2.1.7.pom
[INFO] Downloaded: https://repo.maven.apache.org/maven2/org/sonatype/sisu/sisu-guice/2.1.7/sisu-guice-2.1.7.pom (11 KB at 491.0 KB/sec)
[INFO] Downloading: https://repo.maven.apache.org/maven2/org/apache/maven/maven-core/3.0/maven-core-3.0.pom
[INFO] Downloaded: https://repo.maven.apache.org/maven2/org/apache/maven/maven-core/3.0/maven-core-3.0.pom (7 KB at 340.7 KB/sec)
[INFO] Downloading: https://repo.maven.apache.org/maven2/org/apache/maven/maven-settings/3.0/maven-settings-3.0.pom
[INFO] Downloaded: https://repo.maven.apache.org/maven2/org/apache/maven/maven-settings/3.0/maven-settings-3.0.pom (2 KB at 114.8 KB/sec)
[INFO] Downloading: https://repo.maven.apache.org/maven2/org/apache/maven/maven-settings-builder/3.0/maven-settings-builder-3.0.pom
[INFO] Downloaded: https://repo.maven.apache.org/maven2/org/apache/maven/maven-settings-builder/3.0/maven-settings-builder-3.0.pom (3 KB at 120.4 KB/sec)
[INFO] Downloading: https://repo.maven.apache.org/maven2/org/codehaus/plexus/plexus-interpolation/1.14/plexus-interpolation-1.14.pom
[INFO] Downloaded: https://repo.maven.apache.org/maven2/org/codehaus/plexus/plexus-interpolation/1.14/plexus-interpolation-1.14.pom (910 B at 49.4 KB/sec)
[INFO] Downloading: https://repo.maven.apache.org/maven2/org/codehaus/plexus/plexus-components/1.1.18/plexus-components-1.1.18.pom
[INFO] Downloaded: https://repo.maven.apache.org/maven2/org/codehaus/plexus/plexus-components/1.1.18/plexus-components-1.1.18.pom (6 KB at 275.2 KB/sec)
[INFO] Downloading: https://repo.maven.apache.org/maven2/org/apache/maven/maven-repository-metadata/3.0/maven-repository-metadata-3.0.pom
[INFO] Downloaded: https://repo.maven.apache.org/maven2/org/apache/maven/maven-repository-metadata/3.0/maven-repository-metadata-3.0.pom (2 KB at 117.7 KB/sec)
[INFO] Downloading: https://repo.maven.apache.org/maven2/org/apache/maven/maven-model-builder/3.0/maven-model-builder-3.0.pom
[INFO] Downloaded: https://repo.maven.apache.org/maven2/org/apache/maven/maven-model-builder/3.0/maven-model-builder-3.0.pom (3 KB at 109.7 KB/sec)
[INFO] Downloading: https://repo.maven.apache.org/maven2/org/apache/maven/maven-aether-provider/3.0/maven-aether-provider-3.0.pom
[INFO] Downloaded: https://repo.maven.apache.org/maven2/org/apache/maven/maven-aether-provider/3.0/maven-aether-provider-3.0.pom (3 KB at 141.9 KB/sec)
[INFO] Downloading: https://repo.maven.apache.org/maven2/org/sonatype/aether/aether-api/1.7/aether-api-1.7.pom
[INFO] Downloaded: https://repo.maven.apache.org/maven2/org/sonatype/aether/aether-api/1.7/aether-api-1.7.pom (2 KB at 96.1 KB/sec)
[INFO] Downloading: https://repo.maven.apache.org/maven2/org/sonatype/aether/aether-parent/1.7/aether-parent-1.7.pom
[INFO] Downloaded: https://repo.maven.apache.org/maven2/org/sonatype/aether/aether-parent/1.7/aether-parent-1.7.pom (8 KB at 342.9 KB/sec)
[INFO] Downloading: https://repo.maven.apache.org/maven2/org/sonatype/aether/aether-util/1.7/aether-util-1.7.pom
[INFO] Downloaded: https://repo.maven.apache.org/maven2/org/sonatype/aether/aether-util/1.7/aether-util-1.7.pom (3 KB at 118.5 KB/sec)
[INFO] Downloading: https://repo.maven.apache.org/maven2/org/sonatype/aether/aether-impl/1.7/aether-impl-1.7.pom
[INFO] Downloaded: https://repo.maven.apache.org/maven2/org/sonatype/aether/aether-impl/1.7/aether-impl-1.7.pom (4 KB at 180.3 KB/sec)
[INFO] Downloading: https://repo.maven.apache.org/maven2/org/sonatype/aether/aether-spi/1.7/aether-spi-1.7.pom
[INFO] Downloaded: https://repo.maven.apache.org/maven2/org/sonatype/aether/aether-spi/1.7/aether-spi-1.7.pom (2 KB at 106.3 KB/sec)
[INFO] Downloading: https://repo.maven.apache.org/maven2/org/codehaus/plexus/plexus-utils/3.1.0/plexus-utils-3.1.0.pom
[INFO] Downloaded: https://repo.maven.apache.org/maven2/org/codehaus/plexus/plexus-utils/3.1.0/plexus-utils-3.1.0.pom (5 KB at 206.8 KB/sec)
[INFO] Downloading: https://repo.maven.apache.org/maven2/org/apache/maven/shared/maven-filtering/3.1.1/maven-filtering-3.1.1.pom
[INFO] Downloaded: https://repo.maven.apache.org/maven2/org/apache/maven/shared/maven-filtering/3.1.1/maven-filtering-3.1.1.pom (6 KB at 326.5 KB/sec)
[INFO] Downloading: https://repo.maven.apache.org/maven2/org/apache/maven/shared/maven-shared-components/30/maven-shared-components-30.pom
[INFO] Downloaded: https://repo.maven.apache.org/maven2/org/apache/maven/shared/maven-shared-components/30/maven-shared-components-30.pom (5 KB at 279.7 KB/sec)
[INFO] Downloading: https://repo.maven.apache.org/maven2/org/apache/maven/maven-parent/30/maven-parent-30.pom
[INFO] Downloaded: https://repo.maven.apache.org/maven2/org/apache/maven/maven-parent/30/maven-parent-30.pom (41 KB at 1090.6 KB/sec)
[INFO] Downloading: https://repo.maven.apache.org/maven2/org/apache/apache/18/apache-18.pom
[INFO] Downloaded: https://repo.maven.apache.org/maven2/org/apache/apache/18/apache-18.pom (16 KB at 588.5 KB/sec)
[INFO] Downloading: https://repo.maven.apache.org/maven2/org/apache/maven/shared/maven-shared-utils/3.0.0/maven-shared-utils-3.0.0.pom
[INFO] Downloaded: https://repo.maven.apache.org/maven2/org/apache/maven/shared/maven-shared-utils/3.0.0/maven-shared-utils-3.0.0.pom (6 KB at 259.7 KB/sec)
[INFO] Downloading: https://repo.maven.apache.org/maven2/org/apache/maven/shared/maven-shared-components/21/maven-shared-components-21.pom
[INFO] Downloaded: https://repo.maven.apache.org/maven2/org/apache/maven/shared/maven-shared-components/21/maven-shared-components-21.pom (5 KB at 237.5 KB/sec)
[INFO] Downloading: https://repo.maven.apache.org/maven2/org/apache/maven/maven-parent/25/maven-parent-25.pom
[INFO] Downloaded: https://repo.maven.apache.org/maven2/org/apache/maven/maven-parent/25/maven-parent-25.pom (37 KB at 1075.4 KB/sec)
[INFO] Downloading: https://repo.maven.apache.org/maven2/org/apache/apache/15/apache-15.pom
[INFO] Downloaded: https://repo.maven.apache.org/maven2/org/apache/apache/15/apache-15.pom (15 KB at 551.1 KB/sec)
[INFO] Downloading: https://repo.maven.apache.org/maven2/commons-io/commons-io/2.4/commons-io-2.4.pom
[INFO] Downloaded: https://repo.maven.apache.org/maven2/commons-io/commons-io/2.4/commons-io-2.4.pom (10 KB at 413.7 KB/sec)
[INFO] Downloading: https://repo.maven.apache.org/maven2/org/apache/commons/commons-parent/25/commons-parent-25.pom
[INFO] Downloaded: https://repo.maven.apache.org/maven2/org/apache/commons/commons-parent/25/commons-parent-25.pom (48 KB at 1209.5 KB/sec)
[INFO] Downloading: https://repo.maven.apache.org/maven2/com/google/code/findbugs/jsr305/2.0.1/jsr305-2.0.1.pom
[INFO] Downloaded: https://repo.maven.apache.org/maven2/com/google/code/findbugs/jsr305/2.0.1/jsr305-2.0.1.pom (965 B at 55.4 KB/sec)
[INFO] Downloading: https://repo.maven.apache.org/maven2/org/codehaus/plexus/plexus-utils/3.0.24/plexus-utils-3.0.24.pom
[INFO] Downloaded: https://repo.maven.apache.org/maven2/org/codehaus/plexus/plexus-utils/3.0.24/plexus-utils-3.0.24.pom (5 KB at 237.1 KB/sec)
[INFO] Downloading: https://repo.maven.apache.org/maven2/org/codehaus/plexus/plexus-interpolation/1.22/plexus-interpolation-1.22.pom
[INFO] Downloaded: https://repo.maven.apache.org/maven2/org/codehaus/plexus/plexus-interpolation/1.22/plexus-interpolation-1.22.pom (2 KB at 100.2 KB/sec)
[INFO] Downloading: https://repo.maven.apache.org/maven2/org/codehaus/plexus/plexus-components/1.3.1/plexus-components-1.3.1.pom
[INFO] Downloaded: https://repo.maven.apache.org/maven2/org/codehaus/plexus/plexus-components/1.3.1/plexus-components-1.3.1.pom (3 KB at 176.0 KB/sec)
[INFO] Downloading: https://repo.maven.apache.org/maven2/commons-io/commons-io/2.5/commons-io-2.5.pom
[INFO] Downloaded: https://repo.maven.apache.org/maven2/commons-io/commons-io/2.5/commons-io-2.5.pom (13 KB at 589.9 KB/sec)
[INFO] Downloading: https://repo.maven.apache.org/maven2/org/apache/commons/commons-parent/39/commons-parent-39.pom
[INFO] Downloaded: https://repo.maven.apache.org/maven2/org/apache/commons/commons-parent/39/commons-parent-39.pom (61 KB at 1476.2 KB/sec)
[INFO] Downloading: https://repo.maven.apache.org/maven2/org/codehaus/plexus/plexus-interpolation/1.24/plexus-interpolation-1.24.pom
[INFO] Downloaded: https://repo.maven.apache.org/maven2/org/codehaus/plexus/plexus-interpolation/1.24/plexus-interpolation-1.24.pom (3 KB at 134.8 KB/sec)
[INFO] Downloading: https://repo.maven.apache.org/maven2/org/sonatype/sisu/sisu-inject-bean/1.4.2/sisu-inject-bean-1.4.2.jar
[INFO] Downloading: https://repo.maven.apache.org/maven2/org/sonatype/sisu/sisu-guice/2.1.7/sisu-guice-2.1.7-noaop.jar
[INFO] Downloading: https://repo.maven.apache.org/maven2/org/sonatype/aether/aether-util/1.7/aether-util-1.7.jar
[INFO] Downloading: https://repo.maven.apache.org/maven2/org/codehaus/plexus/plexus-component-annotations/1.7.1/plexus-component-annotations-1.7.1.jar
[INFO] Downloading: https://repo.maven.apache.org/maven2/org/codehaus/plexus/plexus-utils/3.1.0/plexus-utils-3.1.0.jar
[INFO] Downloaded: https://repo.maven.apache.org/maven2/org/codehaus/plexus/plexus-component-annotations/1.7.1/plexus-component-annotations-1.7.1.jar (5 KB at 246.3 KB/sec)
[INFO] Downloading: https://repo.maven.apache.org/maven2/org/apache/maven/shared/maven-filtering/3.1.1/maven-filtering-3.1.1.jar
[INFO] Downloaded: https://repo.maven.apache.org/maven2/org/apache/maven/shared/maven-filtering/3.1.1/maven-filtering-3.1.1.jar (50 KB at 902.3 KB/sec)
[INFO] Downloading: https://repo.maven.apache.org/maven2/org/apache/maven/shared/maven-shared-utils/3.0.0/maven-shared-utils-3.0.0.jar
[INFO] Downloaded: https://repo.maven.apache.org/maven2/org/sonatype/aether/aether-util/1.7/aether-util-1.7.jar (106 KB at 1673.3 KB/sec)
[INFO] Downloading: https://repo.maven.apache.org/maven2/com/google/code/findbugs/jsr305/2.0.1/jsr305-2.0.1.jar
[INFO] Downloaded: https://repo.maven.apache.org/maven2/org/sonatype/sisu/sisu-inject-bean/1.4.2/sisu-inject-bean-1.4.2.jar (150 KB at 1844.5 KB/sec)
[INFO] Downloading: https://repo.maven.apache.org/maven2/commons-io/commons-io/2.5/commons-io-2.5.jar
[INFO] Downloaded: https://repo.maven.apache.org/maven2/com/google/code/findbugs/jsr305/2.0.1/jsr305-2.0.1.jar (32 KB at 327.6 KB/sec)
[INFO] Downloading: https://repo.maven.apache.org/maven2/org/codehaus/plexus/plexus-interpolation/1.24/plexus-interpolation-1.24.jar
[INFO] Downloaded: https://repo.maven.apache.org/maven2/org/codehaus/plexus/plexus-utils/3.1.0/plexus-utils-3.1.0.jar (256 KB at 2146.9 KB/sec)
[INFO] Downloaded: https://repo.maven.apache.org/maven2/org/codehaus/plexus/plexus-interpolation/1.24/plexus-interpolation-1.24.jar (78 KB at 503.4 KB/sec)
[INFO] Downloaded: https://repo.maven.apache.org/maven2/org/apache/maven/shared/maven-shared-utils/3.0.0/maven-shared-utils-3.0.0.jar (152 KB at 987.4 KB/sec)
[INFO] Downloaded: https://repo.maven.apache.org/maven2/commons-io/commons-io/2.5/commons-io-2.5.jar (204 KB at 1126.0 KB/sec)
[INFO] Downloaded: https://repo.maven.apache.org/maven2/org/sonatype/sisu/sisu-guice/2.1.7/sisu-guice-2.1.7-noaop.jar (461 KB at 2374.6 KB/sec)
[INFO] Using 'UTF-8' encoding to copy filtered resources.
[INFO] skip non existing resourceDirectory /home/travis/build/failed/brettwooldridge/HikariCP/src/main/resources
[INFO] 
[INFO] --- maven-compiler-plugin:3.5.1:compile (default-compile) @ HikariCP-java7 ---
[INFO] Downloading: https://repo.maven.apache.org/maven2/org/apache/maven/maven-toolchain/2.2.1/maven-toolchain-2.2.1.pom
[INFO] Downloaded: https://repo.maven.apache.org/maven2/org/apache/maven/maven-toolchain/2.2.1/maven-toolchain-2.2.1.pom (4 KB at 192.1 KB/sec)
[INFO] Downloading: https://repo.maven.apache.org/maven2/org/apache/maven/maven-core/2.2.1/maven-core-2.2.1.pom
[INFO] Downloaded: https://repo.maven.apache.org/maven2/org/apache/maven/maven-core/2.2.1/maven-core-2.2.1.pom (12 KB at 541.0 KB/sec)
[INFO] Downloading: https://repo.maven.apache.org/maven2/junit/junit/3.8.1/junit-3.8.1.pom
[INFO] Downloaded: https://repo.maven.apache.org/maven2/junit/junit/3.8.1/junit-3.8.1.pom (998 B at 65.0 KB/sec)
[INFO] Downloading: https://repo.maven.apache.org/maven2/org/apache/maven/maven-plugin-parameter-documenter/2.2.1/maven-plugin-parameter-documenter-2.2.1.pom
[INFO] Downloaded: https://repo.maven.apache.org/maven2/org/apache/maven/maven-plugin-parameter-documenter/2.2.1/maven-plugin-parameter-documenter-2.2.1.pom (2 KB at 112.4 KB/sec)
[INFO] Downloading: https://repo.maven.apache.org/maven2/org/apache/maven/maven-error-diagnostics/2.2.1/maven-error-diagnostics-2.2.1.pom
[INFO] Downloaded: https://repo.maven.apache.org/maven2/org/apache/maven/maven-error-diagnostics/2.2.1/maven-error-diagnostics-2.2.1.pom (2 KB at 92.7 KB/sec)
[INFO] Downloading: https://repo.maven.apache.org/maven2/org/apache/maven/maven-plugin-descriptor/2.2.1/maven-plugin-descriptor-2.2.1.pom
[INFO] Downloaded: https://repo.maven.apache.org/maven2/org/apache/maven/maven-plugin-descriptor/2.2.1/maven-plugin-descriptor-2.2.1.pom (3 KB at 126.0 KB/sec)
[INFO] Downloading: https://repo.maven.apache.org/maven2/org/apache/maven/maven-monitor/2.2.1/maven-monitor-2.2.1.pom
[INFO] Downloaded: https://repo.maven.apache.org/maven2/org/apache/maven/maven-monitor/2.2.1/maven-monitor-2.2.1.pom (2 KB at 76.7 KB/sec)
[INFO] Downloading: https://repo.maven.apache.org/maven2/org/apache/maven/shared/maven-shared-incremental/1.1/maven-shared-incremental-1.1.pom
[INFO] Downloaded: https://repo.maven.apache.org/maven2/org/apache/maven/shared/maven-shared-incremental/1.1/maven-shared-incremental-1.1.pom (5 KB at 257.3 KB/sec)
[INFO] Downloading: https://repo.maven.apache.org/maven2/org/apache/maven/shared/maven-shared-utils/0.1/maven-shared-utils-0.1.pom
[INFO] Downloaded: https://repo.maven.apache.org/maven2/org/apache/maven/shared/maven-shared-utils/0.1/maven-shared-utils-0.1.pom (4 KB at 232.5 KB/sec)
[INFO] Downloading: https://repo.maven.apache.org/maven2/org/apache/maven/shared/maven-shared-components/18/maven-shared-components-18.pom
[INFO] Downloaded: https://repo.maven.apache.org/maven2/org/apache/maven/shared/maven-shared-components/18/maven-shared-components-18.pom (5 KB at 267.7 KB/sec)
[INFO] Downloading: https://repo.maven.apache.org/maven2/org/codehaus/plexus/plexus-compiler-api/2.7/plexus-compiler-api-2.7.pom
[INFO] Downloaded: https://repo.maven.apache.org/maven2/org/codehaus/plexus/plexus-compiler-api/2.7/plexus-compiler-api-2.7.pom (891 B at 51.2 KB/sec)
[INFO] Downloading: https://repo.maven.apache.org/maven2/org/codehaus/plexus/plexus-compiler/2.7/plexus-compiler-2.7.pom
[INFO] Downloaded: https://repo.maven.apache.org/maven2/org/codehaus/plexus/plexus-compiler/2.7/plexus-compiler-2.7.pom (5 KB at 253.6 KB/sec)
[INFO] Downloading: https://repo.maven.apache.org/maven2/org/codehaus/plexus/plexus-components/4.0/plexus-components-4.0.pom
[INFO] Downloaded: https://repo.maven.apache.org/maven2/org/codehaus/plexus/plexus-components/4.0/plexus-components-4.0.pom (3 KB at 162.2 KB/sec)
[INFO] Downloading: https://repo.maven.apache.org/maven2/org/codehaus/plexus/plexus-compiler-manager/2.7/plexus-compiler-manager-2.7.pom
[INFO] Downloaded: https://repo.maven.apache.org/maven2/org/codehaus/plexus/plexus-compiler-manager/2.7/plexus-compiler-manager-2.7.pom (711 B at 40.8 KB/sec)
[INFO] Downloading: https://repo.maven.apache.org/maven2/org/codehaus/plexus/plexus-compiler-javac/2.7/plexus-compiler-javac-2.7.pom
[INFO] Downloaded: https://repo.maven.apache.org/maven2/org/codehaus/plexus/plexus-compiler-javac/2.7/plexus-compiler-javac-2.7.pom (792 B at 48.3 KB/sec)
[INFO] Downloading: https://repo.maven.apache.org/maven2/org/codehaus/plexus/plexus-compilers/2.7/plexus-compilers-2.7.pom
[INFO] Downloaded: https://repo.maven.apache.org/maven2/org/codehaus/plexus/plexus-compilers/2.7/plexus-compilers-2.7.pom (2 KB at 79.4 KB/sec)
[INFO] Downloading: https://repo.maven.apache.org/maven2/org/codehaus/plexus/plexus-utils/2.0.4/plexus-utils-2.0.4.jar
[INFO] Downloading: https://repo.maven.apache.org/maven2/org/codehaus/plexus/plexus-interpolation/1.14/plexus-interpolation-1.14.jar
[INFO] Downloading: https://repo.maven.apache.org/maven2/commons-io/commons-io/2.4/commons-io-2.4.jar
[INFO] Downloading: https://repo.maven.apache.org/maven2/org/apache/maven/shared/maven-shared-incremental/1.1/maven-shared-incremental-1.1.jar
[INFO] Downloading: https://repo.maven.apache.org/maven2/org/codehaus/plexus/plexus-compiler-api/2.7/plexus-compiler-api-2.7.jar
[INFO] Downloaded: https://repo.maven.apache.org/maven2/org/apache/maven/shared/maven-shared-incremental/1.1/maven-shared-incremental-1.1.jar (14 KB at 388.8 KB/sec)
[INFO] Downloading: https://repo.maven.apache.org/maven2/org/codehaus/plexus/plexus-compiler-manager/2.7/plexus-compiler-manager-2.7.jar
[INFO] Downloaded: https://repo.maven.apache.org/maven2/org/codehaus/plexus/plexus-compiler-api/2.7/plexus-compiler-api-2.7.jar (26 KB at 697.1 KB/sec)
[INFO] Downloading: https://repo.maven.apache.org/maven2/org/codehaus/plexus/plexus-compiler-javac/2.7/plexus-compiler-javac-2.7.jar
[INFO] Downloaded: https://repo.maven.apache.org/maven2/org/codehaus/plexus/plexus-interpolation/1.14/plexus-interpolation-1.14.jar (60 KB at 1104.5 KB/sec)
[INFO] Downloaded: https://repo.maven.apache.org/maven2/org/codehaus/plexus/plexus-compiler-manager/2.7/plexus-compiler-manager-2.7.jar (5 KB at 83.1 KB/sec)
[INFO] Downloaded: https://repo.maven.apache.org/maven2/org/codehaus/plexus/plexus-compiler-javac/2.7/plexus-compiler-javac-2.7.jar (20 KB at 264.3 KB/sec)
[INFO] Downloaded: https://repo.maven.apache.org/maven2/commons-io/commons-io/2.4/commons-io-2.4.jar (181 KB at 1738.5 KB/sec)
[INFO] Downloaded: https://repo.maven.apache.org/maven2/org/codehaus/plexus/plexus-utils/2.0.4/plexus-utils-2.0.4.jar (217 KB at 1778.1 KB/sec)
[INFO] Changes detected - recompiling the module!
[INFO] Compiling 36 source files to /home/travis/build/failed/brettwooldridge/HikariCP/target/classes
[INFO] 
[INFO] --- exec-maven-plugin:1.5.0:java (default) @ HikariCP-java7 ---
[INFO] Downloading: https://repo.maven.apache.org/maven2/org/apache/maven/maven-toolchain/1.0/maven-toolchain-1.0.pom
[INFO] Downloaded: https://repo.maven.apache.org/maven2/org/apache/maven/maven-toolchain/1.0/maven-toolchain-1.0.pom (4 KB at 196.1 KB/sec)
[INFO] Downloading: https://repo.maven.apache.org/maven2/org/codehaus/plexus/plexus-utils/3.0.20/plexus-utils-3.0.20.pom
[INFO] Downloaded: https://repo.maven.apache.org/maven2/org/codehaus/plexus/plexus-utils/3.0.20/plexus-utils-3.0.20.pom (4 KB at 218.9 KB/sec)
[INFO] Downloading: https://repo.maven.apache.org/maven2/org/apache/commons/commons-exec/1.3/commons-exec-1.3.pom
[INFO] Downloaded: https://repo.maven.apache.org/maven2/org/apache/commons/commons-exec/1.3/commons-exec-1.3.pom (11 KB at 488.0 KB/sec)
[INFO] Downloading: https://repo.maven.apache.org/maven2/org/apache/commons/commons-parent/35/commons-parent-35.pom
[INFO] Downloaded: https://repo.maven.apache.org/maven2/org/apache/commons/commons-parent/35/commons-parent-35.pom (57 KB at 1151.4 KB/sec)
[INFO] Downloading: https://repo.maven.apache.org/maven2/org/codehaus/plexus/plexus-utils/3.0.20/plexus-utils-3.0.20.jar
[INFO] Downloading: https://repo.maven.apache.org/maven2/org/apache/commons/commons-exec/1.3/commons-exec-1.3.jar
[INFO] Downloaded: https://repo.maven.apache.org/maven2/org/apache/commons/commons-exec/1.3/commons-exec-1.3.jar (54 KB at 1107.2 KB/sec)
[INFO] Downloaded: https://repo.maven.apache.org/maven2/org/codehaus/plexus/plexus-utils/3.0.20/plexus-utils-3.0.20.jar (238 KB at 1884.4 KB/sec)
Generating com.zaxxer.hikari.pool.HikariProxyConnection
Generating com.zaxxer.hikari.pool.HikariProxyStatement
Generating com.zaxxer.hikari.pool.HikariProxyResultSet
Generating com.zaxxer.hikari.pool.HikariProxyPreparedStatement
Generating com.zaxxer.hikari.pool.HikariProxyCallableStatement
Generating method bodies for com.zaxxer.hikari.proxy.ProxyFactory
[INFO] 
[INFO] --- maven-bundle-plugin:3.2.0:manifest (default) @ HikariCP-java7 ---
[INFO] 
[INFO] --- maven-resources-plugin:3.1.0:testResources (default-testResources) @ HikariCP-java7 ---
[INFO] Using 'UTF-8' encoding to copy filtered resources.
[INFO] Copying 5 resources
[INFO] 
[INFO] --- maven-compiler-plugin:3.5.1:testCompile (default-testCompile) @ HikariCP-java7 ---
[INFO] Changes detected - recompiling the module!
[INFO] Compiling 39 source files to /home/travis/build/failed/brettwooldridge/HikariCP/target/test-classes
[INFO] /home/travis/build/failed/brettwooldridge/HikariCP/src/test/java/com/zaxxer/hikari/mocks/StubResultSet.java: Some input files use or override a deprecated API.
[INFO] /home/travis/build/failed/brettwooldridge/HikariCP/src/test/java/com/zaxxer/hikari/mocks/StubResultSet.java: Recompile with -Xlint:deprecation for details.
[INFO] 
[INFO] --- maven-surefire-plugin:2.19.1:test (default-test) @ HikariCP-java7 ---
[INFO] Downloading: https://repo.maven.apache.org/maven2/org/apache/maven/surefire/maven-surefire-common/2.19.1/maven-surefire-common-2.19.1.pom
[INFO] Downloaded: https://repo.maven.apache.org/maven2/org/apache/maven/surefire/maven-surefire-common/2.19.1/maven-surefire-common-2.19.1.pom (8 KB at 341.0 KB/sec)
[INFO] Downloading: https://repo.maven.apache.org/maven2/org/apache/maven/plugin-tools/maven-plugin-annotations/3.3/maven-plugin-annotations-3.3.pom
[INFO] Downloaded: https://repo.maven.apache.org/maven2/org/apache/maven/plugin-tools/maven-plugin-annotations/3.3/maven-plugin-annotations-3.3.pom (2 KB at 88.4 KB/sec)
[INFO] Downloading: https://repo.maven.apache.org/maven2/org/apache/maven/plugin-tools/maven-plugin-tools/3.3/maven-plugin-tools-3.3.pom
[INFO] Downloaded: https://repo.maven.apache.org/maven2/org/apache/maven/plugin-tools/maven-plugin-tools/3.3/maven-plugin-tools-3.3.pom (13 KB at 537.0 KB/sec)
[INFO] Downloading: https://repo.maven.apache.org/maven2/org/apache/maven/maven-parent/24/maven-parent-24.pom
[INFO] Downloaded: https://repo.maven.apache.org/maven2/org/apache/maven/maven-parent/24/maven-parent-24.pom (37 KB at 1091.9 KB/sec)
[INFO] Downloading: https://repo.maven.apache.org/maven2/org/apache/apache/14/apache-14.pom
[INFO] Downloaded: https://repo.maven.apache.org/maven2/org/apache/apache/14/apache-14.pom (15 KB at 717.0 KB/sec)
[INFO] Downloading: https://repo.maven.apache.org/maven2/org/apache/maven/surefire/surefire-api/2.19.1/surefire-api-2.19.1.pom
[INFO] Downloaded: https://repo.maven.apache.org/maven2/org/apache/maven/surefire/surefire-api/2.19.1/surefire-api-2.19.1.pom (4 KB at 190.4 KB/sec)
[INFO] Downloading: https://repo.maven.apache.org/maven2/org/apache/maven/surefire/surefire-booter/2.19.1/surefire-booter-2.19.1.pom
[INFO] Downloaded: https://repo.maven.apache.org/maven2/org/apache/maven/surefire/surefire-booter/2.19.1/surefire-booter-2.19.1.pom (4 KB at 172.7 KB/sec)
[INFO] Downloading: https://repo.maven.apache.org/maven2/org/apache/commons/commons-lang3/3.1/commons-lang3-3.1.pom
[INFO] Downloaded: https://repo.maven.apache.org/maven2/org/apache/commons/commons-lang3/3.1/commons-lang3-3.1.pom (17 KB at 604.4 KB/sec)
[INFO] Downloading: https://repo.maven.apache.org/maven2/org/apache/commons/commons-parent/22/commons-parent-22.pom
[INFO] Downloaded: https://repo.maven.apache.org/maven2/org/apache/commons/commons-parent/22/commons-parent-22.pom (41 KB at 1320.5 KB/sec)
[INFO] Downloading: https://repo.maven.apache.org/maven2/org/apache/maven/surefire/maven-surefire-common/2.19.1/maven-surefire-common-2.19.1.jar
[INFO] Downloading: https://repo.maven.apache.org/maven2/org/apache/maven/surefire/surefire-booter/2.19.1/surefire-booter-2.19.1.jar
[INFO] Downloading: https://repo.maven.apache.org/maven2/org/codehaus/plexus/plexus-utils/1.5.15/plexus-utils-1.5.15.jar
[INFO] Downloading: https://repo.maven.apache.org/maven2/org/apache/maven/reporting/maven-reporting-api/3.0/maven-reporting-api-3.0.jar
[INFO] Downloading: https://repo.maven.apache.org/maven2/org/apache/commons/commons-lang3/3.1/commons-lang3-3.1.jar
[INFO] Downloaded: https://repo.maven.apache.org/maven2/org/apache/maven/reporting/maven-reporting-api/3.0/maven-reporting-api-3.0.jar (11 KB at 534.2 KB/sec)
[INFO] Downloading: https://repo.maven.apache.org/maven2/org/apache/maven/surefire/surefire-api/2.19.1/surefire-api-2.19.1.jar
[INFO] Downloaded: https://repo.maven.apache.org/maven2/org/apache/maven/surefire/surefire-booter/2.19.1/surefire-booter-2.19.1.jar (45 KB at 1234.3 KB/sec)
[INFO] Downloading: https://repo.maven.apache.org/maven2/org/apache/maven/plugin-tools/maven-plugin-annotations/3.3/maven-plugin-annotations-3.3.jar
[INFO] Downloaded: https://repo.maven.apache.org/maven2/org/apache/maven/plugin-tools/maven-plugin-annotations/3.3/maven-plugin-annotations-3.3.jar (14 KB at 207.7 KB/sec)
[INFO] Downloaded: https://repo.maven.apache.org/maven2/org/codehaus/plexus/plexus-utils/1.5.15/plexus-utils-1.5.15.jar (223 KB at 2503.0 KB/sec)
[INFO] Downloaded: https://repo.maven.apache.org/maven2/org/apache/maven/surefire/surefire-api/2.19.1/surefire-api-2.19.1.jar (192 KB at 1694.5 KB/sec)
[INFO] Downloaded: https://repo.maven.apache.org/maven2/org/apache/commons/commons-lang3/3.1/commons-lang3-3.1.jar (309 KB at 2447.6 KB/sec)
[INFO] Downloaded: https://repo.maven.apache.org/maven2/org/apache/maven/surefire/maven-surefire-common/2.19.1/maven-surefire-common-2.19.1.jar (286 KB at 939.6 KB/sec)
[INFO] Downloading: https://repo.maven.apache.org/maven2/org/apache/maven/surefire/surefire-junit4/2.19.1/surefire-junit4-2.19.1.pom
[INFO] Downloaded: https://repo.maven.apache.org/maven2/org/apache/maven/surefire/surefire-junit4/2.19.1/surefire-junit4-2.19.1.pom (4 KB at 167.9 KB/sec)
[INFO] Downloading: https://repo.maven.apache.org/maven2/org/apache/maven/surefire/surefire-providers/2.19.1/surefire-providers-2.19.1.pom
[INFO] Downloaded: https://repo.maven.apache.org/maven2/org/apache/maven/surefire/surefire-providers/2.19.1/surefire-providers-2.19.1.pom (3 KB at 156.4 KB/sec)
[INFO] Downloading: https://repo.maven.apache.org/maven2/org/apache/maven/surefire/surefire-junit4/2.19.1/surefire-junit4-2.19.1.jar
[INFO] Downloaded: https://repo.maven.apache.org/maven2/org/apache/maven/surefire/surefire-junit4/2.19.1/surefire-junit4-2.19.1.jar (74 KB at 1473.0 KB/sec)

-------------------------------------------------------
 T E S T S
-------------------------------------------------------
Running com.zaxxer.hikari.pool.TestMBean
Tests run: 1, Failures: 0, Errors: 0, Skipped: 0, Time elapsed: 0.823 sec - in com.zaxxer.hikari.pool.TestMBean
Running com.zaxxer.hikari.pool.TestConnections
Tests run: 12, Failures: 0, Errors: 0, Skipped: 0, Time elapsed: 50.727 sec - in com.zaxxer.hikari.pool.TestConnections
Running com.zaxxer.hikari.pool.ConnectionStateTest
Tests run: 6, Failures: 0, Errors: 0, Skipped: 0, Time elapsed: 0.857 sec - in com.zaxxer.hikari.pool.ConnectionStateTest
Running com.zaxxer.hikari.pool.StatementTest
Tests run: 4, Failures: 0, Errors: 0, Skipped: 0, Time elapsed: 0.802 sec - in com.zaxxer.hikari.pool.StatementTest
Running com.zaxxer.hikari.pool.TestValidation
Tests run: 16, Failures: 0, Errors: 0, Skipped: 0, Time elapsed: 0.726 sec - in com.zaxxer.hikari.pool.TestValidation
Running com.zaxxer.hikari.pool.JdbcDriverTest
Tests run: 2, Failures: 0, Errors: 0, Skipped: 0, Time elapsed: 0.755 sec - in com.zaxxer.hikari.pool.JdbcDriverTest
Running com.zaxxer.hikari.pool.TestMetrics
Tests run: 8, Failures: 0, Errors: 0, Skipped: 0, Time elapsed: 3.127 sec - in com.zaxxer.hikari.pool.TestMetrics
Running com.zaxxer.hikari.pool.ExceptionTest
Tests run: 3, Failures: 0, Errors: 0, Skipped: 0, Time elapsed: 0.878 sec - in com.zaxxer.hikari.pool.ExceptionTest
Running com.zaxxer.hikari.pool.ShutdownTest
Tests run: 8, Failures: 0, Errors: 0, Skipped: 0, Time elapsed: 11.753 sec - in com.zaxxer.hikari.pool.ShutdownTest
Running com.zaxxer.hikari.pool.TestConnectionTimeoutRetry
Tests run: 5, Failures: 0, Errors: 0, Skipped: 0, Time elapsed: 7.402 sec - in com.zaxxer.hikari.pool.TestConnectionTimeoutRetry
Running com.zaxxer.hikari.pool.TestProxies
Tests run: 4, Failures: 0, Errors: 0, Skipped: 0, Time elapsed: 0.81 sec - in com.zaxxer.hikari.pool.TestProxies
Running com.zaxxer.hikari.pool.TestHibernate
Tests run: 1, Failures: 0, Errors: 0, Skipped: 0, Time elapsed: 0.754 sec - in com.zaxxer.hikari.pool.TestHibernate
Running com.zaxxer.hikari.pool.TestPropertySetter
Tests run: 6, Failures: 0, Errors: 0, Skipped: 0, Time elapsed: 0.797 sec - in com.zaxxer.hikari.pool.TestPropertySetter
Running com.zaxxer.hikari.pool.ConcurrentCloseConnectionTest
Tests run: 1, Failures: 0, Errors: 0, Skipped: 0, Time elapsed: 0.807 sec - in com.zaxxer.hikari.pool.ConcurrentCloseConnectionTest
Running com.zaxxer.hikari.pool.TestJNDI
Tests run: 3, Failures: 0, Errors: 0, Skipped: 0, Time elapsed: 0.769 sec - in com.zaxxer.hikari.pool.TestJNDI
Running com.zaxxer.hikari.pool.TestConcurrentBag
Tests run: 1, Failures: 0, Errors: 0, Skipped: 0, Time elapsed: 0.831 sec - in com.zaxxer.hikari.pool.TestConcurrentBag
Running com.zaxxer.hikari.pool.IsolationTest
Tests run: 2, Failures: 0, Errors: 0, Skipped: 0, Time elapsed: 0.885 sec - in com.zaxxer.hikari.pool.IsolationTest
Running com.zaxxer.hikari.pool.MiscTest
Tests run: 4, Failures: 0, Errors: 0, Skipped: 0, Time elapsed: 6.004 sec - in com.zaxxer.hikari.pool.MiscTest
Running com.zaxxer.hikari.pool.TestFastList
Tests run: 6, Failures: 0, Errors: 0, Skipped: 0, Time elapsed: 0.102 sec - in com.zaxxer.hikari.pool.TestFastList
Running com.zaxxer.hikari.pool.ConnectionRaceConditionTest
Tests run: 1, Failures: 0, Errors: 0, Skipped: 0, Time elapsed: 1.048 sec - in com.zaxxer.hikari.pool.ConnectionRaceConditionTest
Running com.zaxxer.hikari.pool.UnwrapTest
Tests run: 2, Failures: 0, Errors: 0, Skipped: 0, Time elapsed: 0.804 sec - in com.zaxxer.hikari.pool.UnwrapTest
Running com.zaxxer.hikari.metrics.prometheus.HikariCPCollectorTest
Tests run: 4, Failures: 0, Errors: 0, Skipped: 0, Time elapsed: 1.163 sec - in com.zaxxer.hikari.metrics.prometheus.HikariCPCollectorTest
Running com.zaxxer.hikari.metrics.prometheus.PrometheusMetricsTrackerTest
Tests run: 1, Failures: 0, Errors: 0, Skipped: 0, Time elapsed: 1.526 sec - in com.zaxxer.hikari.metrics.prometheus.PrometheusMetricsTrackerTest
Running com.zaxxer.hikari.metrics.dropwizard.CodaHaleMetricsTrackerTest
Tests run: 1, Failures: 0, Errors: 0, Skipped: 0, Time elapsed: 0.438 sec - in com.zaxxer.hikari.metrics.dropwizard.CodaHaleMetricsTrackerTest
Running com.zaxxer.hikari.util.ClockSourceTest
Tests run: 1, Failures: 0, Errors: 0, Skipped: 0, Time elapsed: 0.107 sec - in com.zaxxer.hikari.util.ClockSourceTest
Running com.zaxxer.hikari.osgi.OSGiBundleTest
Tests run: 2, Failures: 0, Errors: 2, Skipped: 0, Time elapsed: 2.411 sec <<< FAILURE! - in com.zaxxer.hikari.osgi.OSGiBundleTest
checkBundle(com.zaxxer.hikari.osgi.OSGiBundleTest)  Time elapsed: 1.378 sec  <<< ERROR!
java.io.IOException: Error resolving artifact org.ops4j.pax.exam:pax-exam-inject:jar:4.9.1: Could not transfer artifact org.ops4j.pax.exam:pax-exam-inject:jar:4.9.1 from/to central (http://repo1.maven.org/maven2/): Failed to transfer file: http://repo1.maven.org/maven2/org/ops4j/pax/exam/pax-exam-inject/4.9.1/pax-exam-inject-4.9.1.jar. Return code is: 501 , ReasonPhrase:HTTPS Required.

checkInject(com.zaxxer.hikari.osgi.OSGiBundleTest)  Time elapsed: 0.104 sec  <<< ERROR!
java.io.IOException: Error resolving artifact org.ops4j.pax.exam:pax-exam-inject:jar:4.9.1: Could not transfer artifact org.ops4j.pax.exam:pax-exam-inject:jar:4.9.1 from/to central (http://repo1.maven.org/maven2/): Failed to transfer file: http://repo1.maven.org/maven2/org/ops4j/pax/exam/pax-exam-inject/4.9.1/pax-exam-inject-4.9.1.jar. Return code is: 501 , ReasonPhrase:HTTPS Required.

Running com.zaxxer.hikari.db.BasicPoolTest
Tests run: 2, Failures: 0, Errors: 0, Skipped: 0, Time elapsed: 11.238 sec - in com.zaxxer.hikari.db.BasicPoolTest

Results :

Tests in error: 
  OSGiBundleTest.checkBundle » IO Error resolving artifact org.ops4j.pax.exam:pa...
  OSGiBundleTest.checkInject » IO Error resolving artifact org.ops4j.pax.exam:pa...

Tests run: 107, Failures: 0, Errors: 2, Skipped: 0

[INFO] ------------------------------------------------------------------------
[INFO] BUILD FAILURE
[INFO] ------------------------------------------------------------------------
[INFO] Total time: 02:56 min
[INFO] Finished at: 2020-06-06T14:32:11+00:00
[INFO] Final Memory: 32M/410M
[INFO] ------------------------------------------------------------------------
[ERROR] Failed to execute goal org.apache.maven.plugins:maven-surefire-plugin:2.19.1:test (default-test) on project HikariCP-java7: There are test failures.
[ERROR] 
[ERROR] Please refer to /home/travis/build/failed/brettwooldridge/HikariCP/target/surefire-reports for the individual test results.
[ERROR] -> [Help 1]
[ERROR] 
[ERROR] To see the full stack trace of the errors, re-run Maven with the -e switch.
[ERROR] Re-run Maven using the -X switch to enable full debug logging.
[ERROR] 
[ERROR] For more information about the errors and possible solutions, please read the following articles:
[ERROR] [Help 1] http://cwiki.apache.org/confluence/display/MAVEN/MojoFailureException

travis_time:end:07fe993e:start=1591453754047736696,finish=1591453932037668599,duration=177989931903[0K
[31;1mThe command "mvn install -Dhttps.protocols=TLSv1.2 -Dmaven.javadoc.skip=true -V -B" exited with 1.[0m
travis_time:start:02319a7b[0K$ jdk_switcher use openjdk7
Switching to OpenJDK7 (java-1.7.0-openjdk-amd64), JAVA_HOME will be set to /usr/lib/jvm/java-7-openjdk-amd64

travis_time:end:02319a7b:start=1591453932045416591,finish=1591453932058198021,duration=12781430[0K
[32;1mThe command "jdk_switcher use openjdk7" exited with 0.[0m
travis_time:start:09b39bfb[0K$ mvn test -Dhttps.protocols=TLSv1.2
[INFO] Scanning for projects...
[INFO]                                                                         
[INFO] ------------------------------------------------------------------------
[INFO] Building HikariCP 2.4.9-SNAPSHOT
[INFO] ------------------------------------------------------------------------
[INFO] 
[INFO] --- maven-enforcer-plugin:1.2:enforce (enforce-maven) @ HikariCP-java7 ---
[INFO] 
[INFO] --- jacoco-maven-plugin:0.7.7.201606060606:prepare-agent (pre-unit-test) @ HikariCP-java7 ---
[INFO] surefireArgLine set to -javaagent:/home/travis/.m2/repository/org/jacoco/org.jacoco.agent/0.7.7.201606060606/org.jacoco.agent-0.7.7.201606060606-runtime.jar=destfile=/home/travis/build/failed/brettwooldridge/HikariCP/target/coverage-reports/jacoco.exec,excludes=**/com/zaxxer/hikari/pool/HikariProxy*:**/com/zaxxer/hikari/metrics/**
[INFO] 
[INFO] --- maven-resources-plugin:3.1.0:resources (default-resources) @ HikariCP-java7 ---
[INFO] Using 'UTF-8' encoding to copy filtered resources.
[INFO] skip non existing resourceDirectory /home/travis/build/failed/brettwooldridge/HikariCP/src/main/resources
[INFO] 
[INFO] --- maven-compiler-plugin:3.5.1:compile (default-compile) @ HikariCP-java7 ---
[INFO] Nothing to compile - all classes are up to date
[INFO] 
[INFO] --- exec-maven-plugin:1.5.0:java (default) @ HikariCP-java7 ---
Generating com.zaxxer.hikari.pool.HikariProxyConnection
Generating com.zaxxer.hikari.pool.HikariProxyStatement
Generating com.zaxxer.hikari.pool.HikariProxyResultSet
Generating com.zaxxer.hikari.pool.HikariProxyPreparedStatement
Generating com.zaxxer.hikari.pool.HikariProxyCallableStatement
Generating method bodies for com.zaxxer.hikari.proxy.ProxyFactory
[INFO] 
[INFO] --- maven-bundle-plugin:3.2.0:manifest (default) @ HikariCP-java7 ---
[INFO] 
[INFO] --- maven-resources-plugin:3.1.0:testResources (default-testResources) @ HikariCP-java7 ---
[INFO] Using 'UTF-8' encoding to copy filtered resources.
[INFO] Copying 5 resources
[INFO] 
[INFO] --- maven-compiler-plugin:3.5.1:testCompile (default-testCompile) @ HikariCP-java7 ---
[INFO] Nothing to compile - all classes are up to date
[INFO] 
[INFO] --- maven-surefire-plugin:2.19.1:test (default-test) @ HikariCP-java7 ---

-------------------------------------------------------
 T E S T S
-------------------------------------------------------

Results :

Tests run: 0, Failures: 0, Errors: 0, Skipped: 0

[INFO] ------------------------------------------------------------------------
[INFO] BUILD FAILURE
[INFO] ------------------------------------------------------------------------
[INFO] Total time: 5.145 s
[INFO] Finished at: 2020-06-06T14:32:18+00:00
[INFO] Final Memory: 21M/491M
[INFO] ------------------------------------------------------------------------
[ERROR] Failed to execute goal org.apache.maven.plugins:maven-surefire-plugin:2.19.1:test (default-test) on project HikariCP-java7: Execution default-test of goal org.apache.maven.plugins:maven-surefire-plugin:2.19.1:test failed: java.lang.UnsupportedClassVersionError: org/hibernate/service/UnknownUnwrapTypeException : Unsupported major.minor version 52.0 -> [Help 1]
[ERROR] 
[ERROR] To see the full stack trace of the errors, re-run Maven with the -e switch.
[ERROR] Re-run Maven using the -X switch to enable full debug logging.
[ERROR] 
[ERROR] For more information about the errors and possible solutions, please read the following articles:
[ERROR] [Help 1] http://cwiki.apache.org/confluence/display/MAVEN/PluginExecutionException

travis_time:end:09b39bfb:start=1591453932066334521,finish=1591453938993189422,duration=6926854901[0K
[31;1mThe command "mvn test -Dhttps.protocols=TLSv1.2" exited with 1.[0m
travis_fold:start:cache.2[0Kstore build cache
travis_time:start:1cb373ce[0K
travis_time:end:1cb373ce:start=1591453939005087224,finish=1591453939014011791,duration=8924567[0Ktravis_time:start:2748422f[0K[32;1mchanges detected, packing new archive[0m

travis_time:end:2748422f:start=1591453939023808691,finish=1591453942793352427,duration=3769543736[0Ktravis_fold:end:cache.2[0K
Done. Your build exited with 1.
