travis_fold:start:system_info[0K[33;1mBuild system information[0m
Build language: java
Build id: ''
Job id: ''
[34m[1mBuild image provisioning date and time[0m
Fri Dec 12 23:29:11 UTC 2014
[34m[1mlsb_release -a[0m
Distributor ID:	Ubuntu
Description:	Ubuntu 12.04.5 LTS
Release:	12.04
Codename:	precise
[34m[1mCookbooks Version[0m
540230e https://github.com/travis-ci/travis-cookbooks/tree/540230e
[34m[1mGCC version[0m
gcc (Ubuntu/Linaro 4.6.3-1ubuntu5) 4.6.3
Copyright (C) 2011 Free Software Foundation, Inc.
This is free software; see the source for copying conditions.  There is NO
warranty; not even for MERCHANTABILITY or FITNESS FOR A PARTICULAR PURPOSE.

[34m[1mLLVM version[0m
clang version 3.4 (tags/RELEASE_34/final)
Target: x86_64-unknown-linux-gnu
Thread model: posix
[34m[1mPre-installed Ruby versions[0m
ruby-1.9.3-p551
[34m[1mPre-installed Node.js versions[0m
v0.10.33
[34m[1mPre-installed Go versions[0m
go1.4
[34m[1mRedis version[0m
redis-server 2.8.18
[34m[1mriak version[0m
1.4.12
[34m[1mMongoDB version[0m
MongoDB 2.4.12
[34m[1mCouchDB version[0m
couchdb 1.6.1
[34m[1mNeo4j version[0m
1.9.4
[34m[1mCassandra version[0m
2.0.9
[34m[1mRabbitMQ Version[0m
3.4.2
[34m[1mElasticSearch version[0m
1.4.0
[34m[1mInstalled Sphinx versions[0m
2.0.10
2.1.9
2.2.4
[34m[1mDefault Sphinx version[0m
2.1.9
[34m[1mInstalled Firefox version[0m
firefox 31.0esr
[34m[1mPhantomJS version[0m
1.9.8
[34m[1mant -version[0m
Apache Ant(TM) version 1.8.2 compiled on December 3 2011
[34m[1mmvn -version[0m
Apache Maven 3.2.3 (33f8c3e1027c3ddde99d3cdebad2656a31e8fdf4; 2014-08-11T20:58:10+00:00)
Maven home: /usr/local/maven
Java version: 1.7.0_72, vendor: Oracle Corporation
Java home: /usr/lib/jvm/java-7-oracle/jre
Default locale: en_US, platform encoding: ANSI_X3.4-1968
OS name: "linux", version: "3.13.0-29-generic", arch: "amd64", family: "unix"
[34m[1mgradle -version[0m

------------------------------------------------------------
Gradle 2.2.1
------------------------------------------------------------

Build time:   2014-11-24 09:45:35 UTC
Build number: none
Revision:     6fcb59c06f43a4e6b1bcb401f7686a8601a1fb4a

Groovy:       2.3.6
Ant:          Apache Ant(TM) version 1.9.3 compiled on December 23 2013
JVM:          1.7.0_72 (Oracle Corporation 24.72-b04)
OS:           Linux 3.13.0-29-generic amd64

[34m[1mlein1 version[0m
Using JLine for console I/O; install rlwrap for optimum experience.
Leiningen 1.7.1 on Java 1.7.0_72 Java HotSpot(TM) 64-Bit Server VM
[34m[1mlein2 version[0m
Leiningen 2.5.0 on Java 1.7.0_72 Java HotSpot(TM) 64-Bit Server VM
[34m[1mlein version[0m
Leiningen 2.5.0 on Java 1.7.0_72 Java HotSpot(TM) 64-Bit Server VM
travis_fold:end:system_info[0K
grep: /etc/apt/sources.list.d/*: No such file or directory
sed: cannot rename /etc/hosts: Device or resource busy
sed: cannot rename /etc/hosts: Device or resource busy
$ jdk_switcher use oraclejdk8
Switching to Oracle JDK8 (java-8-oracle), JAVA_HOME will be set to /usr/lib/jvm/java-8-oracle
$ cd failed/square/retrofit

[33;1mSetting environment variables from .travis.yml[0m
$ export CI_DEPLOY_USERNAME=[secure]
$ export CI_DEPLOY_PASSWORD=[secure]

travis_fold:start:cache.1[0KSetting up build cache
$ export CASHER_DIR=$HOME/.casher
travis_time:start:0508672e[0K$ Installing caching utilities

travis_time:end:0508672e:start=1617062661213599522,finish=1617062661499178752,duration=285579230[0Ktravis_time:start:115b40e0[0K
travis_time:end:115b40e0:start=1617062661514121556,finish=1617062661524139226,duration=10017670[0Ktravis_time:start:235ea5fb[0K/home/travis/.casher/bin/casher:213:in `cache_archive_name': undefined method `[]' for nil:NilClass (NoMethodError)
	from /home/travis/.casher/bin/casher:65:in `block in fetch'
	from /home/travis/.casher/bin/casher:64:in `each'
	from /home/travis/.casher/bin/casher:64:in `fetch'
	from /home/travis/.casher/bin/casher:53:in `block in run'
	from /home/travis/.rvm/rubies/ruby-1.9.3-p551/lib/ruby/1.9.1/timeout.rb:69:in `timeout'
	from /home/travis/.casher/bin/casher:53:in `run'
	from /home/travis/.casher/bin/casher:263:in `<main>'
[32;1mattempting to download cache archive[0m

travis_time:end:235ea5fb:start=1617062661536207733,finish=1617062662402076933,duration=865869200[0Ktravis_time:start:014b45e0[0K
travis_time:end:014b45e0:start=1617062662412125245,finish=1617062662420716333,duration=8591088[0Ktravis_time:start:0d95e440[0K[32;1madding /home/travis/.m2 to cache[0m

travis_time:end:0d95e440:start=1617062662430275833,finish=1617062663240480720,duration=810204887[0Ktravis_fold:end:cache.1[0K$ java -Xmx32m -version
java version "1.8.0_25"
Java(TM) SE Runtime Environment (build 1.8.0_25-b17)
Java HotSpot(TM) 64-Bit Server VM (build 25.25-b02, mixed mode)
$ javac -J-Xmx32m -version
javac 1.8.0_25
travis_fold:start:install[0Ktravis_time:start:24b737b0[0K$ mvn install -Dhttps.protocols=TLSv1.2 -DskipTests=true -Dmaven.javadoc.skip=true -B -V
Java HotSpot(TM) 64-Bit Server VM warning: ignoring option MaxPermSize=192m; support was removed in 8.0
Apache Maven 3.2.3 (33f8c3e1027c3ddde99d3cdebad2656a31e8fdf4; 2014-08-11T20:58:10+00:00)
Maven home: /usr/local/maven
Java version: 1.8.0_25, vendor: Oracle Corporation
Java home: /usr/lib/jvm/java-8-oracle/jre
Default locale: en_US, platform encoding: UTF-8
OS name: "linux", version: "4.15.0-109-generic", arch: "amd64", family: "unix"
[INFO] Scanning for projects...
[INFO] Downloading: http://insecure.repo1.maven.org/maven2/org/sonatype/oss/oss-parent/7/oss-parent-7.pom
[INFO] Downloaded: http://insecure.repo1.maven.org/maven2/org/sonatype/oss/oss-parent/7/oss-parent-7.pom (5 KB at 32.9 KB/sec)
[INFO] Downloading: https://oss.sonatype.org/content/repositories/releases/org/sonatype/oss/oss-parent/7/oss-parent-7.pom
[INFO] Downloaded: https://oss.sonatype.org/content/repositories/releases/org/sonatype/oss/oss-parent/7/oss-parent-7.pom (5 KB at 4.9 KB/sec)
[INFO] Downloading: https://repository.apache.org/releases/org/sonatype/oss/oss-parent/7/oss-parent-7.pom
[INFO] ------------------------------------------------------------------------
[INFO] Reactor Build Order:
[INFO] 
[INFO] Retrofit (Parent)
[INFO] Retrofit
[INFO] Retrofit AppEngine
[INFO] Converters
[INFO] Converter: Protocol Buffers
[INFO] Converter: Jackson
[INFO] Converter: Wire Protocol Buffers
[INFO] Converter: SimpleXML
[INFO] Retrofit Mock Adapter
[INFO] Samples
[INFO] Sample: GitHub Client
[INFO] Sample: Mock GitHub Client
[INFO]                                                                         
[INFO] ------------------------------------------------------------------------
[INFO] Building Retrofit (Parent) 2.0.0-SNAPSHOT
[INFO] ------------------------------------------------------------------------
[INFO] Downloading: https://repo.maven.apache.org/maven2/org/apache/maven/plugins/maven-enforcer-plugin/1.0/maven-enforcer-plugin-1.0.pom
[INFO] Downloaded: https://repo.maven.apache.org/maven2/org/apache/maven/plugins/maven-enforcer-plugin/1.0/maven-enforcer-plugin-1.0.pom (7 KB at 44.4 KB/sec)
[INFO] Downloading: https://repo.maven.apache.org/maven2/org/apache/maven/enforcer/enforcer/1.0/enforcer-1.0.pom
[INFO] Downloaded: https://repo.maven.apache.org/maven2/org/apache/maven/enforcer/enforcer/1.0/enforcer-1.0.pom (12 KB at 375.0 KB/sec)
[INFO] Downloading: https://repo.maven.apache.org/maven2/org/apache/maven/maven-parent/17/maven-parent-17.pom
[INFO] Downloaded: https://repo.maven.apache.org/maven2/org/apache/maven/maven-parent/17/maven-parent-17.pom (25 KB at 552.9 KB/sec)
[INFO] Downloading: https://repo.maven.apache.org/maven2/org/apache/apache/7/apache-7.pom
[INFO] Downloaded: https://repo.maven.apache.org/maven2/org/apache/apache/7/apache-7.pom (15 KB at 402.6 KB/sec)
[INFO] Downloading: https://repo.maven.apache.org/maven2/org/apache/maven/plugins/maven-enforcer-plugin/1.0/maven-enforcer-plugin-1.0.jar
[INFO] Downloaded: https://repo.maven.apache.org/maven2/org/apache/maven/plugins/maven-enforcer-plugin/1.0/maven-enforcer-plugin-1.0.jar (22 KB at 752.4 KB/sec)
[INFO] Downloading: https://repo.maven.apache.org/maven2/org/apache/maven/plugins/maven-checkstyle-plugin/2.9.1/maven-checkstyle-plugin-2.9.1.pom
[INFO] Downloaded: https://repo.maven.apache.org/maven2/org/apache/maven/plugins/maven-checkstyle-plugin/2.9.1/maven-checkstyle-plugin-2.9.1.pom (10 KB at 319.8 KB/sec)
[INFO] Downloading: https://repo.maven.apache.org/maven2/org/apache/maven/plugins/maven-plugins/22/maven-plugins-22.pom
[INFO] Downloaded: https://repo.maven.apache.org/maven2/org/apache/maven/plugins/maven-plugins/22/maven-plugins-22.pom (13 KB at 424.4 KB/sec)
[INFO] Downloading: https://repo.maven.apache.org/maven2/org/apache/maven/maven-parent/21/maven-parent-21.pom
[INFO] Downloaded: https://repo.maven.apache.org/maven2/org/apache/maven/maven-parent/21/maven-parent-21.pom (26 KB at 757.1 KB/sec)
[INFO] Downloading: https://repo.maven.apache.org/maven2/org/apache/apache/10/apache-10.pom
[INFO] Downloaded: https://repo.maven.apache.org/maven2/org/apache/apache/10/apache-10.pom (15 KB at 481.7 KB/sec)
[INFO] Downloading: https://repo.maven.apache.org/maven2/org/apache/maven/plugins/maven-checkstyle-plugin/2.9.1/maven-checkstyle-plugin-2.9.1.jar
[INFO] Downloaded: https://repo.maven.apache.org/maven2/org/apache/maven/plugins/maven-checkstyle-plugin/2.9.1/maven-checkstyle-plugin-2.9.1.jar (85 KB at 1088.5 KB/sec)
[INFO] Downloading: https://repo.maven.apache.org/maven2/org/apache/maven/plugins/maven-install-plugin/2.4/maven-install-plugin-2.4.pom
[INFO] Downloaded: https://repo.maven.apache.org/maven2/org/apache/maven/plugins/maven-install-plugin/2.4/maven-install-plugin-2.4.pom (7 KB at 249.3 KB/sec)
[INFO] Downloading: https://repo.maven.apache.org/maven2/org/apache/maven/plugins/maven-plugins/23/maven-plugins-23.pom
[INFO] Downloaded: https://repo.maven.apache.org/maven2/org/apache/maven/plugins/maven-plugins/23/maven-plugins-23.pom (9 KB at 374.3 KB/sec)
[INFO] Downloading: https://repo.maven.apache.org/maven2/org/apache/maven/maven-parent/22/maven-parent-22.pom
[INFO] Downloaded: https://repo.maven.apache.org/maven2/org/apache/maven/maven-parent/22/maven-parent-22.pom (30 KB at 829.9 KB/sec)
[INFO] Downloading: https://repo.maven.apache.org/maven2/org/apache/apache/11/apache-11.pom
[INFO] Downloaded: https://repo.maven.apache.org/maven2/org/apache/apache/11/apache-11.pom (15 KB at 535.7 KB/sec)
[INFO] Downloading: https://repo.maven.apache.org/maven2/org/apache/maven/plugins/maven-install-plugin/2.4/maven-install-plugin-2.4.jar
[INFO] Downloaded: https://repo.maven.apache.org/maven2/org/apache/maven/plugins/maven-install-plugin/2.4/maven-install-plugin-2.4.jar (27 KB at 731.1 KB/sec)
[INFO] 
[INFO] --- maven-enforcer-plugin:1.0:enforce (enforce-maven) @ parent ---
[INFO] Downloading: https://repo.maven.apache.org/maven2/org/apache/maven/maven-artifact/2.0.9/maven-artifact-2.0.9.pom
[INFO] Downloaded: https://repo.maven.apache.org/maven2/org/apache/maven/maven-artifact/2.0.9/maven-artifact-2.0.9.pom (2 KB at 79.1 KB/sec)
[INFO] Downloading: https://repo.maven.apache.org/maven2/org/apache/maven/maven/2.0.9/maven-2.0.9.pom
[INFO] Downloaded: https://repo.maven.apache.org/maven2/org/apache/maven/maven/2.0.9/maven-2.0.9.pom (19 KB at 710.1 KB/sec)
[INFO] Downloading: https://repo.maven.apache.org/maven2/org/apache/maven/maven-parent/8/maven-parent-8.pom
[INFO] Downloaded: https://repo.maven.apache.org/maven2/org/apache/maven/maven-parent/8/maven-parent-8.pom (24 KB at 693.2 KB/sec)
[INFO] Downloading: https://repo.maven.apache.org/maven2/org/apache/apache/4/apache-4.pom
[INFO] Downloaded: https://repo.maven.apache.org/maven2/org/apache/apache/4/apache-4.pom (5 KB at 182.9 KB/sec)
[INFO] Downloading: https://repo.maven.apache.org/maven2/org/codehaus/plexus/plexus-utils/1.5.8/plexus-utils-1.5.8.pom
[INFO] Downloaded: https://repo.maven.apache.org/maven2/org/codehaus/plexus/plexus-utils/1.5.8/plexus-utils-1.5.8.pom (8 KB at 302.8 KB/sec)
[INFO] Downloading: https://repo.maven.apache.org/maven2/org/codehaus/plexus/plexus/2.0.2/plexus-2.0.2.pom
[INFO] Downloaded: https://repo.maven.apache.org/maven2/org/codehaus/plexus/plexus/2.0.2/plexus-2.0.2.pom (12 KB at 391.0 KB/sec)
[INFO] Downloading: https://repo.maven.apache.org/maven2/org/apache/maven/maven-plugin-api/2.0.9/maven-plugin-api-2.0.9.pom
[INFO] Downloaded: https://repo.maven.apache.org/maven2/org/apache/maven/maven-plugin-api/2.0.9/maven-plugin-api-2.0.9.pom (2 KB at 76.8 KB/sec)
[INFO] Downloading: https://repo.maven.apache.org/maven2/org/apache/maven/maven-project/2.0.9/maven-project-2.0.9.pom
[INFO] Downloaded: https://repo.maven.apache.org/maven2/org/apache/maven/maven-project/2.0.9/maven-project-2.0.9.pom (3 KB at 132.3 KB/sec)
[INFO] Downloading: https://repo.maven.apache.org/maven2/org/apache/maven/maven-settings/2.0.9/maven-settings-2.0.9.pom
[INFO] Downloaded: https://repo.maven.apache.org/maven2/org/apache/maven/maven-settings/2.0.9/maven-settings-2.0.9.pom (3 KB at 100.5 KB/sec)
[INFO] Downloading: https://repo.maven.apache.org/maven2/org/apache/maven/maven-model/2.0.9/maven-model-2.0.9.pom
[INFO] Downloaded: https://repo.maven.apache.org/maven2/org/apache/maven/maven-model/2.0.9/maven-model-2.0.9.pom (4 KB at 139.4 KB/sec)
[INFO] Downloading: https://repo.maven.apache.org/maven2/org/codehaus/plexus/plexus-container-default/1.0-alpha-9-stable-1/plexus-container-default-1.0-alpha-9-stable-1.pom
[INFO] Downloaded: https://repo.maven.apache.org/maven2/org/codehaus/plexus/plexus-container-default/1.0-alpha-9-stable-1/plexus-container-default-1.0-alpha-9-stable-1.pom (4 KB at 167.7 KB/sec)
[INFO] Downloading: https://repo.maven.apache.org/maven2/org/codehaus/plexus/plexus-containers/1.0.3/plexus-containers-1.0.3.pom
[INFO] Downloaded: https://repo.maven.apache.org/maven2/org/codehaus/plexus/plexus-containers/1.0.3/plexus-containers-1.0.3.pom (492 B at 19.2 KB/sec)
[INFO] Downloading: https://repo.maven.apache.org/maven2/org/codehaus/plexus/plexus/1.0.4/plexus-1.0.4.pom
[INFO] Downloaded: https://repo.maven.apache.org/maven2/org/codehaus/plexus/plexus/1.0.4/plexus-1.0.4.pom (6 KB at 233.4 KB/sec)
[INFO] Downloading: https://repo.maven.apache.org/maven2/junit/junit/3.8.2/junit-3.8.2.pom
[INFO] Downloaded: https://repo.maven.apache.org/maven2/junit/junit/3.8.2/junit-3.8.2.pom (747 B at 38.4 KB/sec)
[INFO] Downloading: https://repo.maven.apache.org/maven2/classworlds/classworlds/1.1-alpha-2/classworlds-1.1-alpha-2.pom
[INFO] Downloaded: https://repo.maven.apache.org/maven2/classworlds/classworlds/1.1-alpha-2/classworlds-1.1-alpha-2.pom (4 KB at 138.8 KB/sec)
[INFO] Downloading: https://repo.maven.apache.org/maven2/org/apache/maven/maven-profile/2.0.9/maven-profile-2.0.9.pom
[INFO] Downloaded: https://repo.maven.apache.org/maven2/org/apache/maven/maven-profile/2.0.9/maven-profile-2.0.9.pom (3 KB at 95.3 KB/sec)
[INFO] Downloading: https://repo.maven.apache.org/maven2/org/apache/maven/maven-artifact-manager/2.0.9/maven-artifact-manager-2.0.9.pom
[INFO] Downloaded: https://repo.maven.apache.org/maven2/org/apache/maven/maven-artifact-manager/2.0.9/maven-artifact-manager-2.0.9.pom (3 KB at 105.5 KB/sec)
[INFO] Downloading: https://repo.maven.apache.org/maven2/org/apache/maven/maven-repository-metadata/2.0.9/maven-repository-metadata-2.0.9.pom
[INFO] Downloaded: https://repo.maven.apache.org/maven2/org/apache/maven/maven-repository-metadata/2.0.9/maven-repository-metadata-2.0.9.pom (2 KB at 92.8 KB/sec)
[INFO] Downloading: https://repo.maven.apache.org/maven2/org/apache/maven/maven-plugin-registry/2.0.9/maven-plugin-registry-2.0.9.pom
[INFO] Downloaded: https://repo.maven.apache.org/maven2/org/apache/maven/maven-plugin-registry/2.0.9/maven-plugin-registry-2.0.9.pom (2 KB at 96.2 KB/sec)
[INFO] Downloading: https://repo.maven.apache.org/maven2/org/apache/maven/maven-core/2.0.9/maven-core-2.0.9.pom
[INFO] Downloaded: https://repo.maven.apache.org/maven2/org/apache/maven/maven-core/2.0.9/maven-core-2.0.9.pom (8 KB at 345.6 KB/sec)
[INFO] Downloading: https://repo.maven.apache.org/maven2/org/apache/maven/maven-plugin-parameter-documenter/2.0.9/maven-plugin-parameter-documenter-2.0.9.pom
[INFO] Downloaded: https://repo.maven.apache.org/maven2/org/apache/maven/maven-plugin-parameter-documenter/2.0.9/maven-plugin-parameter-documenter-2.0.9.pom (2 KB at 91.3 KB/sec)
[INFO] Downloading: https://repo.maven.apache.org/maven2/org/apache/maven/reporting/maven-reporting-api/2.0.9/maven-reporting-api-2.0.9.pom
[INFO] Downloaded: https://repo.maven.apache.org/maven2/org/apache/maven/reporting/maven-reporting-api/2.0.9/maven-reporting-api-2.0.9.pom (2 KB at 83.8 KB/sec)
[INFO] Downloading: https://repo.maven.apache.org/maven2/org/apache/maven/reporting/maven-reporting/2.0.9/maven-reporting-2.0.9.pom
[INFO] Downloaded: https://repo.maven.apache.org/maven2/org/apache/maven/reporting/maven-reporting/2.0.9/maven-reporting-2.0.9.pom (2 KB at 72.1 KB/sec)
[INFO] Downloading: https://repo.maven.apache.org/maven2/org/apache/maven/doxia/doxia-sink-api/1.0-alpha-10/doxia-sink-api-1.0-alpha-10.pom
[INFO] Downloaded: https://repo.maven.apache.org/maven2/org/apache/maven/doxia/doxia-sink-api/1.0-alpha-10/doxia-sink-api-1.0-alpha-10.pom (2 KB at 65.8 KB/sec)
[INFO] Downloading: https://repo.maven.apache.org/maven2/org/apache/maven/doxia/doxia/1.0-alpha-10/doxia-1.0-alpha-10.pom
[INFO] Downloaded: https://repo.maven.apache.org/maven2/org/apache/maven/doxia/doxia/1.0-alpha-10/doxia-1.0-alpha-10.pom (9 KB at 372.7 KB/sec)
[INFO] Downloading: https://repo.maven.apache.org/maven2/org/apache/maven/maven-parent/6/maven-parent-6.pom
[INFO] Downloaded: https://repo.maven.apache.org/maven2/org/apache/maven/maven-parent/6/maven-parent-6.pom (20 KB at 652.5 KB/sec)
[INFO] Downloading: https://repo.maven.apache.org/maven2/org/apache/maven/maven-error-diagnostics/2.0.9/maven-error-diagnostics-2.0.9.pom
[INFO] Downloaded: https://repo.maven.apache.org/maven2/org/apache/maven/maven-error-diagnostics/2.0.9/maven-error-diagnostics-2.0.9.pom (2 KB at 100.2 KB/sec)
[INFO] Downloading: https://repo.maven.apache.org/maven2/commons-cli/commons-cli/1.0/commons-cli-1.0.pom
[INFO] Downloaded: https://repo.maven.apache.org/maven2/commons-cli/commons-cli/1.0/commons-cli-1.0.pom (3 KB at 102.8 KB/sec)
[INFO] Downloading: https://repo.maven.apache.org/maven2/org/apache/maven/maven-plugin-descriptor/2.0.9/maven-plugin-descriptor-2.0.9.pom
[INFO] Downloaded: https://repo.maven.apache.org/maven2/org/apache/maven/maven-plugin-descriptor/2.0.9/maven-plugin-descriptor-2.0.9.pom (3 KB at 101.3 KB/sec)
[INFO] Downloading: https://repo.maven.apache.org/maven2/org/codehaus/plexus/plexus-interactivity-api/1.0-alpha-4/plexus-interactivity-api-1.0-alpha-4.pom
[INFO] Downloaded: https://repo.maven.apache.org/maven2/org/codehaus/plexus/plexus-interactivity-api/1.0-alpha-4/plexus-interactivity-api-1.0-alpha-4.pom (7 KB at 288.5 KB/sec)
[INFO] Downloading: https://repo.maven.apache.org/maven2/org/apache/maven/maven-monitor/2.0.9/maven-monitor-2.0.9.pom
[INFO] Downloaded: https://repo.maven.apache.org/maven2/org/apache/maven/maven-monitor/2.0.9/maven-monitor-2.0.9.pom (2 KB at 59.8 KB/sec)
[INFO] Downloading: https://repo.maven.apache.org/maven2/classworlds/classworlds/1.1/classworlds-1.1.pom
[INFO] Downloaded: https://repo.maven.apache.org/maven2/classworlds/classworlds/1.1/classworlds-1.1.pom (4 KB at 162.3 KB/sec)
[INFO] Downloading: https://repo.maven.apache.org/maven2/commons-lang/commons-lang/2.3/commons-lang-2.3.pom
[INFO] Downloaded: https://repo.maven.apache.org/maven2/commons-lang/commons-lang/2.3/commons-lang-2.3.pom (11 KB at 434.2 KB/sec)
[INFO] Downloading: https://repo.maven.apache.org/maven2/org/apache/maven/enforcer/enforcer-api/1.0/enforcer-api-1.0.pom
[INFO] Downloaded: https://repo.maven.apache.org/maven2/org/apache/maven/enforcer/enforcer-api/1.0/enforcer-api-1.0.pom (4 KB at 160.0 KB/sec)
[INFO] Downloading: https://repo.maven.apache.org/maven2/org/codehaus/plexus/plexus-container-default/1.0-alpha-9/plexus-container-default-1.0-alpha-9.pom
[INFO] Downloaded: https://repo.maven.apache.org/maven2/org/codehaus/plexus/plexus-container-default/1.0-alpha-9/plexus-container-default-1.0-alpha-9.pom (2 KB at 63.5 KB/sec)
[INFO] Downloading: https://repo.maven.apache.org/maven2/org/apache/maven/enforcer/enforcer-rules/1.0/enforcer-rules-1.0.pom
[INFO] Downloaded: https://repo.maven.apache.org/maven2/org/apache/maven/enforcer/enforcer-rules/1.0/enforcer-rules-1.0.pom (5 KB at 183.5 KB/sec)
[INFO] Downloading: https://repo.maven.apache.org/maven2/org/apache/maven/shared/maven-common-artifact-filters/1.2/maven-common-artifact-filters-1.2.pom
[INFO] Downloaded: https://repo.maven.apache.org/maven2/org/apache/maven/shared/maven-common-artifact-filters/1.2/maven-common-artifact-filters-1.2.pom (5 KB at 210.2 KB/sec)
[INFO] Downloading: https://repo.maven.apache.org/maven2/org/apache/maven/shared/maven-shared-components/11/maven-shared-components-11.pom
[INFO] Downloaded: https://repo.maven.apache.org/maven2/org/apache/maven/shared/maven-shared-components/11/maven-shared-components-11.pom (9 KB at 214.4 KB/sec)
[INFO] Downloading: https://repo.maven.apache.org/maven2/org/apache/maven/maven-parent/11/maven-parent-11.pom
[INFO] Downloaded: https://repo.maven.apache.org/maven2/org/apache/maven/maven-parent/11/maven-parent-11.pom (32 KB at 771.9 KB/sec)
[INFO] Downloading: https://repo.maven.apache.org/maven2/org/apache/apache/5/apache-5.pom
[INFO] Downloaded: https://repo.maven.apache.org/maven2/org/apache/apache/5/apache-5.pom (5 KB at 174.0 KB/sec)
[INFO] Downloading: https://repo.maven.apache.org/maven2/org/apache/maven/maven-model/2.0.8/maven-model-2.0.8.pom
[INFO] Downloaded: https://repo.maven.apache.org/maven2/org/apache/maven/maven-model/2.0.8/maven-model-2.0.8.pom (4 KB at 161.4 KB/sec)
[INFO] Downloading: https://repo.maven.apache.org/maven2/org/apache/maven/maven/2.0.8/maven-2.0.8.pom
[INFO] Downloaded: https://repo.maven.apache.org/maven2/org/apache/maven/maven/2.0.8/maven-2.0.8.pom (12 KB at 454.3 KB/sec)
[INFO] Downloading: https://repo.maven.apache.org/maven2/org/apache/maven/shared/maven-plugin-testing-harness/1.1/maven-plugin-testing-harness-1.1.pom
[INFO] Downloaded: https://repo.maven.apache.org/maven2/org/apache/maven/shared/maven-plugin-testing-harness/1.1/maven-plugin-testing-harness-1.1.pom (7 KB at 281.2 KB/sec)
[INFO] Downloading: https://repo.maven.apache.org/maven2/org/apache/maven/shared/maven-shared-components/7/maven-shared-components-7.pom
[INFO] Downloaded: https://repo.maven.apache.org/maven2/org/apache/maven/shared/maven-shared-components/7/maven-shared-components-7.pom (3 KB at 133.6 KB/sec)
[INFO] Downloading: https://repo.maven.apache.org/maven2/org/apache/maven/maven-parent/5/maven-parent-5.pom
[INFO] Downloaded: https://repo.maven.apache.org/maven2/org/apache/maven/maven-parent/5/maven-parent-5.pom (15 KB at 437.6 KB/sec)
[INFO] Downloading: https://repo.maven.apache.org/maven2/org/apache/apache/3/apache-3.pom
[INFO] Downloaded: https://repo.maven.apache.org/maven2/org/apache/apache/3/apache-3.pom (4 KB at 145.6 KB/sec)
[INFO] Downloading: https://repo.maven.apache.org/maven2/org/codehaus/plexus/plexus-archiver/1.0-alpha-7/plexus-archiver-1.0-alpha-7.pom
[INFO] Downloaded: https://repo.maven.apache.org/maven2/org/codehaus/plexus/plexus-archiver/1.0-alpha-7/plexus-archiver-1.0-alpha-7.pom (2 KB at 48.5 KB/sec)
[INFO] Downloading: https://repo.maven.apache.org/maven2/org/codehaus/plexus/plexus-components/1.1.6/plexus-components-1.1.6.pom
[INFO] Downloaded: https://repo.maven.apache.org/maven2/org/codehaus/plexus/plexus-components/1.1.6/plexus-components-1.1.6.pom (2 KB at 97.0 KB/sec)
[INFO] Downloading: https://repo.maven.apache.org/maven2/org/codehaus/plexus/plexus/1.0.8/plexus-1.0.8.pom
[INFO] Downloaded: https://repo.maven.apache.org/maven2/org/codehaus/plexus/plexus/1.0.8/plexus-1.0.8.pom (8 KB at 320.9 KB/sec)
[INFO] Downloading: https://repo.maven.apache.org/maven2/org/codehaus/plexus/plexus-container-default/1.0-alpha-8/plexus-container-default-1.0-alpha-8.pom
[INFO] Downloaded: https://repo.maven.apache.org/maven2/org/codehaus/plexus/plexus-container-default/1.0-alpha-8/plexus-container-default-1.0-alpha-8.pom (8 KB at 354.6 KB/sec)
[INFO] Downloading: https://repo.maven.apache.org/maven2/org/beanshell/bsh/2.0b4/bsh-2.0b4.pom
[INFO] Downloaded: https://repo.maven.apache.org/maven2/org/beanshell/bsh/2.0b4/bsh-2.0b4.pom (2 KB at 72.9 KB/sec)
[INFO] Downloading: https://repo.maven.apache.org/maven2/org/beanshell/beanshell/2.0b4/beanshell-2.0b4.pom
[INFO] Downloaded: https://repo.maven.apache.org/maven2/org/beanshell/beanshell/2.0b4/beanshell-2.0b4.pom (2 KB at 76.6 KB/sec)
[INFO] Downloading: https://repo.maven.apache.org/maven2/org/apache/maven/shared/maven-dependency-tree/1.2/maven-dependency-tree-1.2.pom
[INFO] Downloaded: https://repo.maven.apache.org/maven2/org/apache/maven/shared/maven-dependency-tree/1.2/maven-dependency-tree-1.2.pom (4 KB at 167.9 KB/sec)
[INFO] Downloading: https://repo.maven.apache.org/maven2/org/apache/maven/shared/maven-shared-components/9/maven-shared-components-9.pom
[INFO] Downloaded: https://repo.maven.apache.org/maven2/org/apache/maven/shared/maven-shared-components/9/maven-shared-components-9.pom (4 KB at 170.9 KB/sec)
[INFO] Downloading: https://repo.maven.apache.org/maven2/org/codehaus/plexus/plexus-i18n/1.0-beta-6/plexus-i18n-1.0-beta-6.pom
[INFO] Downloaded: https://repo.maven.apache.org/maven2/org/codehaus/plexus/plexus-i18n/1.0-beta-6/plexus-i18n-1.0-beta-6.pom (771 B at 39.6 KB/sec)
[INFO] Downloading: https://repo.maven.apache.org/maven2/org/codehaus/plexus/plexus-components/1.1.4/plexus-components-1.1.4.pom
[INFO] Downloaded: https://repo.maven.apache.org/maven2/org/codehaus/plexus/plexus-components/1.1.4/plexus-components-1.1.4.pom (3 KB at 101.1 KB/sec)
[INFO] Downloading: https://repo.maven.apache.org/maven2/org/codehaus/plexus/plexus-interactivity-api/1.0-alpha-4/plexus-interactivity-api-1.0-alpha-4.jar
[INFO] Downloading: https://repo.maven.apache.org/maven2/commons-cli/commons-cli/1.0/commons-cli-1.0.jar
[INFO] Downloading: https://repo.maven.apache.org/maven2/org/apache/maven/doxia/doxia-sink-api/1.0-alpha-10/doxia-sink-api-1.0-alpha-10.jar
[INFO] Downloading: https://repo.maven.apache.org/maven2/org/apache/maven/reporting/maven-reporting-api/2.0.9/maven-reporting-api-2.0.9.jar
[INFO] Downloading: https://repo.maven.apache.org/maven2/org/codehaus/plexus/plexus-utils/1.5.8/plexus-utils-1.5.8.jar
[INFO] Downloaded: https://repo.maven.apache.org/maven2/org/apache/maven/doxia/doxia-sink-api/1.0-alpha-10/doxia-sink-api-1.0-alpha-10.jar (10 KB at 345.5 KB/sec)
[INFO] Downloading: https://repo.maven.apache.org/maven2/commons-lang/commons-lang/2.3/commons-lang-2.3.jar
[INFO] Downloaded: https://repo.maven.apache.org/maven2/org/apache/maven/reporting/maven-reporting-api/2.0.9/maven-reporting-api-2.0.9.jar (10 KB at 260.5 KB/sec)
[INFO] Downloading: https://repo.maven.apache.org/maven2/org/apache/maven/enforcer/enforcer-api/1.0/enforcer-api-1.0.jar
[INFO] Downloaded: https://repo.maven.apache.org/maven2/org/codehaus/plexus/plexus-interactivity-api/1.0-alpha-4/plexus-interactivity-api-1.0-alpha-4.jar (14 KB at 278.6 KB/sec)
[INFO] Downloading: https://repo.maven.apache.org/maven2/org/apache/maven/enforcer/enforcer-rules/1.0/enforcer-rules-1.0.jar
[INFO] Downloaded: https://repo.maven.apache.org/maven2/commons-cli/commons-cli/1.0/commons-cli-1.0.jar (30 KB at 565.6 KB/sec)
[INFO] Downloading: https://repo.maven.apache.org/maven2/org/apache/maven/shared/maven-common-artifact-filters/1.2/maven-common-artifact-filters-1.2.jar
[INFO] Downloaded: https://repo.maven.apache.org/maven2/org/apache/maven/enforcer/enforcer-api/1.0/enforcer-api-1.0.jar (10 KB at 416.3 KB/sec)
[INFO] Downloading: https://repo.maven.apache.org/maven2/org/beanshell/bsh/2.0b4/bsh-2.0b4.jar
[INFO] Downloaded: https://repo.maven.apache.org/maven2/org/apache/maven/shared/maven-common-artifact-filters/1.2/maven-common-artifact-filters-1.2.jar (31 KB at 881.7 KB/sec)
[INFO] Downloading: https://repo.maven.apache.org/maven2/org/apache/maven/shared/maven-dependency-tree/1.2/maven-dependency-tree-1.2.jar
[INFO] Downloaded: https://repo.maven.apache.org/maven2/org/apache/maven/enforcer/enforcer-rules/1.0/enforcer-rules-1.0.jar (60 KB at 1353.2 KB/sec)
[INFO] Downloading: https://repo.maven.apache.org/maven2/org/codehaus/plexus/plexus-i18n/1.0-beta-6/plexus-i18n-1.0-beta-6.jar
[INFO] Downloaded: https://repo.maven.apache.org/maven2/org/codehaus/plexus/plexus-i18n/1.0-beta-6/plexus-i18n-1.0-beta-6.jar (12 KB at 533.0 KB/sec)
[INFO] Downloaded: https://repo.maven.apache.org/maven2/org/apache/maven/shared/maven-dependency-tree/1.2/maven-dependency-tree-1.2.jar (34 KB at 1088.7 KB/sec)
[INFO] Downloaded: https://repo.maven.apache.org/maven2/org/codehaus/plexus/plexus-utils/1.5.8/plexus-utils-1.5.8.jar (262 KB at 1791.6 KB/sec)
[INFO] Downloaded: https://repo.maven.apache.org/maven2/commons-lang/commons-lang/2.3/commons-lang-2.3.jar (240 KB at 2029.9 KB/sec)
[INFO] Downloaded: https://repo.maven.apache.org/maven2/org/beanshell/bsh/2.0b4/bsh-2.0b4.jar (276 KB at 2022.7 KB/sec)
[INFO] 
[INFO] --- maven-checkstyle-plugin:2.9.1:checkstyle (default) @ parent ---
[INFO] Downloading: https://repo.maven.apache.org/maven2/org/apache/maven/maven-artifact/2.2.1/maven-artifact-2.2.1.pom
[INFO] Downloaded: https://repo.maven.apache.org/maven2/org/apache/maven/maven-artifact/2.2.1/maven-artifact-2.2.1.pom (2 KB at 73.5 KB/sec)
[INFO] Downloading: https://repo.maven.apache.org/maven2/org/apache/maven/maven/2.2.1/maven-2.2.1.pom
[INFO] Downloaded: https://repo.maven.apache.org/maven2/org/apache/maven/maven/2.2.1/maven-2.2.1.pom (22 KB at 663.1 KB/sec)
[INFO] Downloading: https://repo.maven.apache.org/maven2/org/codehaus/plexus/plexus-utils/1.5.15/plexus-utils-1.5.15.pom
[INFO] Downloaded: https://repo.maven.apache.org/maven2/org/codehaus/plexus/plexus-utils/1.5.15/plexus-utils-1.5.15.pom (7 KB at 371.6 KB/sec)
[INFO] Downloading: https://repo.maven.apache.org/maven2/org/apache/maven/maven-model/2.2.1/maven-model-2.2.1.pom
[INFO] Downloaded: https://repo.maven.apache.org/maven2/org/apache/maven/maven-model/2.2.1/maven-model-2.2.1.pom (4 KB at 186.1 KB/sec)
[INFO] Downloading: https://repo.maven.apache.org/maven2/org/apache/maven/maven-plugin-api/2.2.1/maven-plugin-api-2.2.1.pom
[INFO] Downloaded: https://repo.maven.apache.org/maven2/org/apache/maven/maven-plugin-api/2.2.1/maven-plugin-api-2.2.1.pom (2 KB at 83.8 KB/sec)
[INFO] Downloading: https://repo.maven.apache.org/maven2/org/apache/maven/maven-project/2.2.1/maven-project-2.2.1.pom
[INFO] Downloaded: https://repo.maven.apache.org/maven2/org/apache/maven/maven-project/2.2.1/maven-project-2.2.1.pom (3 KB at 142.5 KB/sec)
[INFO] Downloading: https://repo.maven.apache.org/maven2/org/apache/maven/maven-settings/2.2.1/maven-settings-2.2.1.pom
[INFO] Downloaded: https://repo.maven.apache.org/maven2/org/apache/maven/maven-settings/2.2.1/maven-settings-2.2.1.pom (3 KB at 125.2 KB/sec)
[INFO] Downloading: https://repo.maven.apache.org/maven2/org/codehaus/plexus/plexus-interpolation/1.11/plexus-interpolation-1.11.pom
[INFO] Downloaded: https://repo.maven.apache.org/maven2/org/codehaus/plexus/plexus-interpolation/1.11/plexus-interpolation-1.11.pom (889 B at 33.4 KB/sec)
[INFO] Downloading: https://repo.maven.apache.org/maven2/org/codehaus/plexus/plexus-components/1.1.14/plexus-components-1.1.14.pom
[INFO] Downloaded: https://repo.maven.apache.org/maven2/org/codehaus/plexus/plexus-components/1.1.14/plexus-components-1.1.14.pom (6 KB at 211.3 KB/sec)
[INFO] Downloading: https://repo.maven.apache.org/maven2/junit/junit/3.8.1/junit-3.8.1.pom
[INFO] Downloaded: https://repo.maven.apache.org/maven2/junit/junit/3.8.1/junit-3.8.1.pom (998 B at 54.1 KB/sec)
[INFO] Downloading: https://repo.maven.apache.org/maven2/org/codehaus/plexus/plexus-utils/1.0.4/plexus-utils-1.0.4.pom
[INFO] Downloaded: https://repo.maven.apache.org/maven2/org/codehaus/plexus/plexus-utils/1.0.4/plexus-utils-1.0.4.pom (7 KB at 291.1 KB/sec)
[INFO] Downloading: https://repo.maven.apache.org/maven2/org/apache/maven/maven-profile/2.2.1/maven-profile-2.2.1.pom
[INFO] Downloaded: https://repo.maven.apache.org/maven2/org/apache/maven/maven-profile/2.2.1/maven-profile-2.2.1.pom (3 KB at 111.6 KB/sec)
[INFO] Downloading: https://repo.maven.apache.org/maven2/org/apache/maven/maven-artifact-manager/2.2.1/maven-artifact-manager-2.2.1.pom
[INFO] Downloaded: https://repo.maven.apache.org/maven2/org/apache/maven/maven-artifact-manager/2.2.1/maven-artifact-manager-2.2.1.pom (4 KB at 144.3 KB/sec)
[INFO] Downloading: https://repo.maven.apache.org/maven2/org/apache/maven/maven-repository-metadata/2.2.1/maven-repository-metadata-2.2.1.pom
[INFO] Downloaded: https://repo.maven.apache.org/maven2/org/apache/maven/maven-repository-metadata/2.2.1/maven-repository-metadata-2.2.1.pom (2 KB at 107.5 KB/sec)
[INFO] Downloading: https://repo.maven.apache.org/maven2/backport-util-concurrent/backport-util-concurrent/3.1/backport-util-concurrent-3.1.pom
[INFO] Downloaded: https://repo.maven.apache.org/maven2/backport-util-concurrent/backport-util-concurrent/3.1/backport-util-concurrent-3.1.pom (880 B at 57.3 KB/sec)
[INFO] Downloading: https://repo.maven.apache.org/maven2/org/apache/maven/maven-plugin-registry/2.2.1/maven-plugin-registry-2.2.1.pom
[INFO] Downloaded: https://repo.maven.apache.org/maven2/org/apache/maven/maven-plugin-registry/2.2.1/maven-plugin-registry-2.2.1.pom (2 KB at 104.7 KB/sec)
[INFO] Downloading: https://repo.maven.apache.org/maven2/org/apache/maven/reporting/maven-reporting-api/3.0/maven-reporting-api-3.0.pom
[INFO] Downloaded: https://repo.maven.apache.org/maven2/org/apache/maven/reporting/maven-reporting-api/3.0/maven-reporting-api-3.0.pom (3 KB at 144.8 KB/sec)
[INFO] Downloading: https://repo.maven.apache.org/maven2/org/apache/maven/shared/maven-shared-components/15/maven-shared-components-15.pom
[INFO] Downloaded: https://repo.maven.apache.org/maven2/org/apache/maven/shared/maven-shared-components/15/maven-shared-components-15.pom (10 KB at 379.9 KB/sec)
[INFO] Downloading: https://repo.maven.apache.org/maven2/org/apache/maven/maven-parent/16/maven-parent-16.pom
[INFO] Downloaded: https://repo.maven.apache.org/maven2/org/apache/maven/maven-parent/16/maven-parent-16.pom (23 KB at 783.7 KB/sec)
[INFO] Downloading: https://repo.maven.apache.org/maven2/org/apache/maven/doxia/doxia-sink-api/1.0/doxia-sink-api-1.0.pom
[INFO] Downloaded: https://repo.maven.apache.org/maven2/org/apache/maven/doxia/doxia-sink-api/1.0/doxia-sink-api-1.0.pom (2 KB at 75.2 KB/sec)
[INFO] Downloading: https://repo.maven.apache.org/maven2/org/apache/maven/doxia/doxia/1.0/doxia-1.0.pom
[INFO] Downloaded: https://repo.maven.apache.org/maven2/org/apache/maven/doxia/doxia/1.0/doxia-1.0.pom (10 KB at 376.7 KB/sec)
[INFO] Downloading: https://repo.maven.apache.org/maven2/org/apache/maven/maven-parent/10/maven-parent-10.pom
[INFO] Downloaded: https://repo.maven.apache.org/maven2/org/apache/maven/maven-parent/10/maven-parent-10.pom (31 KB at 835.0 KB/sec)
[INFO] Downloading: https://repo.maven.apache.org/maven2/org/apache/maven/reporting/maven-reporting-impl/2.2/maven-reporting-impl-2.2.pom
[INFO] Downloaded: https://repo.maven.apache.org/maven2/org/apache/maven/reporting/maven-reporting-impl/2.2/maven-reporting-impl-2.2.pom (5 KB at 231.0 KB/sec)
[INFO] Downloading: https://repo.maven.apache.org/maven2/org/apache/maven/shared/maven-shared-components/17/maven-shared-components-17.pom
[INFO] Downloaded: https://repo.maven.apache.org/maven2/org/apache/maven/shared/maven-shared-components/17/maven-shared-components-17.pom (9 KB at 404.7 KB/sec)
[INFO] Downloading: https://repo.maven.apache.org/maven2/org/apache/maven/doxia/doxia-sink-api/1.2/doxia-sink-api-1.2.pom
[INFO] Downloaded: https://repo.maven.apache.org/maven2/org/apache/maven/doxia/doxia-sink-api/1.2/doxia-sink-api-1.2.pom (2 KB at 88.9 KB/sec)
[INFO] Downloading: https://repo.maven.apache.org/maven2/org/apache/maven/doxia/doxia/1.2/doxia-1.2.pom
[INFO] Downloaded: https://repo.maven.apache.org/maven2/org/apache/maven/doxia/doxia/1.2/doxia-1.2.pom (19 KB at 681.0 KB/sec)
[INFO] Downloading: https://repo.maven.apache.org/maven2/org/apache/maven/maven-parent/19/maven-parent-19.pom
[INFO] Downloaded: https://repo.maven.apache.org/maven2/org/apache/maven/maven-parent/19/maven-parent-19.pom (25 KB at 763.1 KB/sec)
[INFO] Downloading: https://repo.maven.apache.org/maven2/org/apache/apache/9/apache-9.pom
[INFO] Downloaded: https://repo.maven.apache.org/maven2/org/apache/apache/9/apache-9.pom (15 KB at 528.7 KB/sec)
[INFO] Downloading: https://repo.maven.apache.org/maven2/org/apache/maven/doxia/doxia-logging-api/1.2/doxia-logging-api-1.2.pom
[INFO] Downloaded: https://repo.maven.apache.org/maven2/org/apache/maven/doxia/doxia-logging-api/1.2/doxia-logging-api-1.2.pom (2 KB at 89.4 KB/sec)
[INFO] Downloading: https://repo.maven.apache.org/maven2/org/codehaus/plexus/plexus-container-default/1.0-alpha-30/plexus-container-default-1.0-alpha-30.pom
[INFO] Downloaded: https://repo.maven.apache.org/maven2/org/codehaus/plexus/plexus-container-default/1.0-alpha-30/plexus-container-default-1.0-alpha-30.pom (4 KB at 178.7 KB/sec)
[INFO] Downloading: https://repo.maven.apache.org/maven2/org/codehaus/plexus/plexus-containers/1.0-alpha-30/plexus-containers-1.0-alpha-30.pom
[INFO] Downloaded: https://repo.maven.apache.org/maven2/org/codehaus/plexus/plexus-containers/1.0-alpha-30/plexus-containers-1.0-alpha-30.pom (2 KB at 102.8 KB/sec)
[INFO] Downloading: https://repo.maven.apache.org/maven2/org/codehaus/plexus/plexus/1.0.11/plexus-1.0.11.pom
[INFO] Downloaded: https://repo.maven.apache.org/maven2/org/codehaus/plexus/plexus/1.0.11/plexus-1.0.11.pom (9 KB at 486.6 KB/sec)
[INFO] Downloading: https://repo.maven.apache.org/maven2/org/codehaus/plexus/plexus-utils/1.4.5/plexus-utils-1.4.5.pom
[INFO] Downloaded: https://repo.maven.apache.org/maven2/org/codehaus/plexus/plexus-utils/1.4.5/plexus-utils-1.4.5.pom (3 KB at 122.9 KB/sec)
[INFO] Downloading: https://repo.maven.apache.org/maven2/org/codehaus/plexus/plexus-classworlds/1.2-alpha-9/plexus-classworlds-1.2-alpha-9.pom
[INFO] Downloaded: https://repo.maven.apache.org/maven2/org/codehaus/plexus/plexus-classworlds/1.2-alpha-9/plexus-classworlds-1.2-alpha-9.pom (4 KB at 157.4 KB/sec)
[INFO] Downloading: https://repo.maven.apache.org/maven2/org/codehaus/plexus/plexus/1.0.10/plexus-1.0.10.pom
[INFO] Downloaded: https://repo.maven.apache.org/maven2/org/codehaus/plexus/plexus/1.0.10/plexus-1.0.10.pom (9 KB at 366.2 KB/sec)
[INFO] Downloading: https://repo.maven.apache.org/maven2/org/apache/maven/doxia/doxia-core/1.2/doxia-core-1.2.pom
[INFO] Downloaded: https://repo.maven.apache.org/maven2/org/apache/maven/doxia/doxia-core/1.2/doxia-core-1.2.pom (4 KB at 183.9 KB/sec)
[INFO] Downloading: https://repo.maven.apache.org/maven2/org/codehaus/plexus/plexus-utils/2.0.5/plexus-utils-2.0.5.pom
[INFO] Downloaded: https://repo.maven.apache.org/maven2/org/codehaus/plexus/plexus-utils/2.0.5/plexus-utils-2.0.5.pom (4 KB at 180.9 KB/sec)
[INFO] Downloading: https://repo.maven.apache.org/maven2/org/codehaus/plexus/plexus/2.0.6/plexus-2.0.6.pom
[INFO] Downloaded: https://repo.maven.apache.org/maven2/org/codehaus/plexus/plexus/2.0.6/plexus-2.0.6.pom (17 KB at 629.6 KB/sec)
[INFO] Downloading: https://repo.maven.apache.org/maven2/xerces/xercesImpl/2.9.1/xercesImpl-2.9.1.pom
[INFO] Downloaded: https://repo.maven.apache.org/maven2/xerces/xercesImpl/2.9.1/xercesImpl-2.9.1.pom (2 KB at 70.1 KB/sec)
[INFO] Downloading: https://repo.maven.apache.org/maven2/xml-apis/xml-apis/1.3.04/xml-apis-1.3.04.pom
[INFO] Downloaded: https://repo.maven.apache.org/maven2/xml-apis/xml-apis/1.3.04/xml-apis-1.3.04.pom (2 KB at 84.7 KB/sec)
[INFO] Downloading: https://repo.maven.apache.org/maven2/commons-lang/commons-lang/2.4/commons-lang-2.4.pom
[INFO] Downloaded: https://repo.maven.apache.org/maven2/commons-lang/commons-lang/2.4/commons-lang-2.4.pom (14 KB at 545.9 KB/sec)
[INFO] Downloading: https://repo.maven.apache.org/maven2/org/apache/commons/commons-parent/9/commons-parent-9.pom
[INFO] Downloaded: https://repo.maven.apache.org/maven2/org/apache/commons/commons-parent/9/commons-parent-9.pom (22 KB at 713.9 KB/sec)
[INFO] Downloading: https://repo.maven.apache.org/maven2/org/apache/httpcomponents/httpclient/4.0.2/httpclient-4.0.2.pom
[INFO] Downloaded: https://repo.maven.apache.org/maven2/org/apache/httpcomponents/httpclient/4.0.2/httpclient-4.0.2.pom (8 KB at 252.4 KB/sec)
[INFO] Downloading: https://repo.maven.apache.org/maven2/org/apache/httpcomponents/httpcomponents-client/4.0.2/httpcomponents-client-4.0.2.pom
[INFO] Downloaded: https://repo.maven.apache.org/maven2/org/apache/httpcomponents/httpcomponents-client/4.0.2/httpcomponents-client-4.0.2.pom (9 KB at 98.4 KB/sec)
[INFO] Downloading: https://repo.maven.apache.org/maven2/org/apache/httpcomponents/project/4.1/project-4.1.pom
[INFO] Downloaded: https://repo.maven.apache.org/maven2/org/apache/httpcomponents/project/4.1/project-4.1.pom (16 KB at 551.7 KB/sec)
[INFO] Downloading: https://repo.maven.apache.org/maven2/org/apache/httpcomponents/httpcore/4.0.1/httpcore-4.0.1.pom
[INFO] Downloaded: https://repo.maven.apache.org/maven2/org/apache/httpcomponents/httpcore/4.0.1/httpcore-4.0.1.pom (5 KB at 238.7 KB/sec)
[INFO] Downloading: https://repo.maven.apache.org/maven2/org/apache/httpcomponents/httpcomponents-core/4.0.1/httpcomponents-core-4.0.1.pom
[INFO] Downloaded: https://repo.maven.apache.org/maven2/org/apache/httpcomponents/httpcomponents-core/4.0.1/httpcomponents-core-4.0.1.pom (10 KB at 456.6 KB/sec)
[INFO] Downloading: https://repo.maven.apache.org/maven2/org/apache/httpcomponents/project/4.0/project-4.0.pom
[INFO] Downloaded: https://repo.maven.apache.org/maven2/org/apache/httpcomponents/project/4.0/project-4.0.pom (13 KB at 492.5 KB/sec)
[INFO] Downloading: https://repo.maven.apache.org/maven2/commons-logging/commons-logging/1.1.1/commons-logging-1.1.1.pom
[INFO] Downloaded: https://repo.maven.apache.org/maven2/commons-logging/commons-logging/1.1.1/commons-logging-1.1.1.pom (18 KB at 597.8 KB/sec)
[INFO] Downloading: https://repo.maven.apache.org/maven2/org/apache/commons/commons-parent/5/commons-parent-5.pom
[INFO] Downloaded: https://repo.maven.apache.org/maven2/org/apache/commons/commons-parent/5/commons-parent-5.pom (16 KB at 474.7 KB/sec)
[INFO] Downloading: https://repo.maven.apache.org/maven2/commons-codec/commons-codec/1.3/commons-codec-1.3.pom
[INFO] Downloaded: https://repo.maven.apache.org/maven2/commons-codec/commons-codec/1.3/commons-codec-1.3.pom (6 KB at 283.9 KB/sec)
[INFO] Downloading: https://repo.maven.apache.org/maven2/org/apache/maven/doxia/doxia-site-renderer/1.2/doxia-site-renderer-1.2.pom
[INFO] Downloaded: https://repo.maven.apache.org/maven2/org/apache/maven/doxia/doxia-site-renderer/1.2/doxia-site-renderer-1.2.pom (7 KB at 253.8 KB/sec)
[INFO] Downloading: https://repo.maven.apache.org/maven2/org/apache/maven/doxia/doxia-sitetools/1.2/doxia-sitetools-1.2.pom
[INFO] Downloaded: https://repo.maven.apache.org/maven2/org/apache/maven/doxia/doxia-sitetools/1.2/doxia-sitetools-1.2.pom (16 KB at 560.3 KB/sec)
[INFO] Downloading: https://repo.maven.apache.org/maven2/org/apache/maven/doxia/doxia-decoration-model/1.2/doxia-decoration-model-1.2.pom
[INFO] Downloaded: https://repo.maven.apache.org/maven2/org/apache/maven/doxia/doxia-decoration-model/1.2/doxia-decoration-model-1.2.pom (3 KB at 149.3 KB/sec)
[INFO] Downloading: https://repo.maven.apache.org/maven2/org/apache/maven/doxia/doxia-module-xhtml/1.2/doxia-module-xhtml-1.2.pom
[INFO] Downloaded: https://repo.maven.apache.org/maven2/org/apache/maven/doxia/doxia-module-xhtml/1.2/doxia-module-xhtml-1.2.pom (2 KB at 95.5 KB/sec)
[INFO] Downloading: https://repo.maven.apache.org/maven2/org/apache/maven/doxia/doxia-modules/1.2/doxia-modules-1.2.pom
[INFO] Downloaded: https://repo.maven.apache.org/maven2/org/apache/maven/doxia/doxia-modules/1.2/doxia-modules-1.2.pom (3 KB at 116.3 KB/sec)
[INFO] Downloading: https://repo.maven.apache.org/maven2/org/apache/maven/doxia/doxia-module-fml/1.2/doxia-module-fml-1.2.pom
[INFO] Downloaded: https://repo.maven.apache.org/maven2/org/apache/maven/doxia/doxia-module-fml/1.2/doxia-module-fml-1.2.pom (6 KB at 249.7 KB/sec)
[INFO] Downloading: https://repo.maven.apache.org/maven2/org/codehaus/plexus/plexus-i18n/1.0-beta-7/plexus-i18n-1.0-beta-7.pom
[INFO] Downloaded: https://repo.maven.apache.org/maven2/org/codehaus/plexus/plexus-i18n/1.0-beta-7/plexus-i18n-1.0-beta-7.pom (2 KB at 57.5 KB/sec)
[INFO] Downloading: https://repo.maven.apache.org/maven2/org/codehaus/plexus/plexus-components/1.1.12/plexus-components-1.1.12.pom
[INFO] Downloaded: https://repo.maven.apache.org/maven2/org/codehaus/plexus/plexus-components/1.1.12/plexus-components-1.1.12.pom (3 KB at 122.2 KB/sec)
[INFO] Downloading: https://repo.maven.apache.org/maven2/org/codehaus/plexus/plexus-utils/1.4.1/plexus-utils-1.4.1.pom
[INFO] Downloaded: https://repo.maven.apache.org/maven2/org/codehaus/plexus/plexus-utils/1.4.1/plexus-utils-1.4.1.pom (2 KB at 81.1 KB/sec)
[INFO] Downloading: https://repo.maven.apache.org/maven2/org/codehaus/plexus/plexus-velocity/1.1.7/plexus-velocity-1.1.7.pom
[INFO] Downloaded: https://repo.maven.apache.org/maven2/org/codehaus/plexus/plexus-velocity/1.1.7/plexus-velocity-1.1.7.pom (2 KB at 86.9 KB/sec)
[INFO] Downloading: https://repo.maven.apache.org/maven2/org/codehaus/plexus/plexus-container-default/1.0-alpha-20/plexus-container-default-1.0-alpha-20.pom
[INFO] Downloaded: https://repo.maven.apache.org/maven2/org/codehaus/plexus/plexus-container-default/1.0-alpha-20/plexus-container-default-1.0-alpha-20.pom (3 KB at 153.7 KB/sec)
[INFO] Downloading: https://repo.maven.apache.org/maven2/org/codehaus/plexus/plexus-containers/1.0-alpha-20/plexus-containers-1.0-alpha-20.pom
[INFO] Downloaded: https://repo.maven.apache.org/maven2/org/codehaus/plexus/plexus-containers/1.0-alpha-20/plexus-containers-1.0-alpha-20.pom (2 KB at 102.3 KB/sec)
[INFO] Downloading: https://repo.maven.apache.org/maven2/org/codehaus/plexus/plexus-utils/1.3/plexus-utils-1.3.pom
[INFO] Downloaded: https://repo.maven.apache.org/maven2/org/codehaus/plexus/plexus-utils/1.3/plexus-utils-1.3.pom (2 KB at 59.4 KB/sec)
[INFO] Downloading: https://repo.maven.apache.org/maven2/org/codehaus/plexus/plexus-classworlds/1.2-alpha-7/plexus-classworlds-1.2-alpha-7.pom
[INFO] Downloaded: https://repo.maven.apache.org/maven2/org/codehaus/plexus/plexus-classworlds/1.2-alpha-7/plexus-classworlds-1.2-alpha-7.pom (3 KB at 121.9 KB/sec)
[INFO] Downloading: https://repo.maven.apache.org/maven2/org/codehaus/plexus/plexus/1.0.9/plexus-1.0.9.pom
[INFO] Downloaded: https://repo.maven.apache.org/maven2/org/codehaus/plexus/plexus/1.0.9/plexus-1.0.9.pom (8 KB at 375.0 KB/sec)
[INFO] Downloading: https://repo.maven.apache.org/maven2/org/apache/velocity/velocity/1.5/velocity-1.5.pom
[INFO] Downloaded: https://repo.maven.apache.org/maven2/org/apache/velocity/velocity/1.5/velocity-1.5.pom (8 KB at 303.3 KB/sec)
[INFO] Downloading: https://repo.maven.apache.org/maven2/commons-collections/commons-collections/3.1/commons-collections-3.1.pom
[INFO] Downloaded: https://repo.maven.apache.org/maven2/commons-collections/commons-collections/3.1/commons-collections-3.1.pom (6 KB at 270.1 KB/sec)
[INFO] Downloading: https://repo.maven.apache.org/maven2/commons-lang/commons-lang/2.1/commons-lang-2.1.pom
[INFO] Downloaded: https://repo.maven.apache.org/maven2/commons-lang/commons-lang/2.1/commons-lang-2.1.pom (10 KB at 538.6 KB/sec)
[INFO] Downloading: https://repo.maven.apache.org/maven2/oro/oro/2.0.8/oro-2.0.8.pom
[INFO] Downloaded: https://repo.maven.apache.org/maven2/oro/oro/2.0.8/oro-2.0.8.pom (140 B at 7.6 KB/sec)
[INFO] Downloading: https://repo.maven.apache.org/maven2/commons-collections/commons-collections/3.2.1/commons-collections-3.2.1.pom
[INFO] Downloaded: https://repo.maven.apache.org/maven2/commons-collections/commons-collections/3.2.1/commons-collections-3.2.1.pom (13 KB at 531.0 KB/sec)
[INFO] Downloading: https://repo.maven.apache.org/maven2/commons-validator/commons-validator/1.3.1/commons-validator-1.3.1.pom
[INFO] Downloaded: https://repo.maven.apache.org/maven2/commons-validator/commons-validator/1.3.1/commons-validator-1.3.1.pom (9 KB at 352.6 KB/sec)
[INFO] Downloading: https://repo.maven.apache.org/maven2/commons-beanutils/commons-beanutils/1.7.0/commons-beanutils-1.7.0.pom
[INFO] Downloaded: https://repo.maven.apache.org/maven2/commons-beanutils/commons-beanutils/1.7.0/commons-beanutils-1.7.0.pom (357 B at 16.6 KB/sec)
[INFO] Downloading: https://repo.maven.apache.org/maven2/commons-logging/commons-logging/1.0.3/commons-logging-1.0.3.pom
[INFO] Downloaded: https://repo.maven.apache.org/maven2/commons-logging/commons-logging/1.0.3/commons-logging-1.0.3.pom (866 B at 42.3 KB/sec)
[INFO] Downloading: https://repo.maven.apache.org/maven2/commons-digester/commons-digester/1.6/commons-digester-1.6.pom
[INFO] Downloaded: https://repo.maven.apache.org/maven2/commons-digester/commons-digester/1.6/commons-digester-1.6.pom (974 B at 50.1 KB/sec)
[INFO] Downloading: https://repo.maven.apache.org/maven2/commons-beanutils/commons-beanutils/1.6/commons-beanutils-1.6.pom
[INFO] Downloaded: https://repo.maven.apache.org/maven2/commons-beanutils/commons-beanutils/1.6/commons-beanutils-1.6.pom (3 KB at 132.7 KB/sec)
[INFO] Downloading: https://repo.maven.apache.org/maven2/commons-logging/commons-logging/1.0/commons-logging-1.0.pom
[INFO] Downloaded: https://repo.maven.apache.org/maven2/commons-logging/commons-logging/1.0/commons-logging-1.0.pom (163 B at 9.4 KB/sec)
[INFO] Downloading: https://repo.maven.apache.org/maven2/commons-collections/commons-collections/2.0/commons-collections-2.0.pom
[INFO] Downloaded: https://repo.maven.apache.org/maven2/commons-collections/commons-collections/2.0/commons-collections-2.0.pom (171 B at 9.8 KB/sec)
[INFO] Downloading: https://repo.maven.apache.org/maven2/commons-collections/commons-collections/2.1/commons-collections-2.1.pom
[INFO] Downloaded: https://repo.maven.apache.org/maven2/commons-collections/commons-collections/2.1/commons-collections-2.1.pom (4 KB at 181.0 KB/sec)
[INFO] Downloading: https://repo.maven.apache.org/maven2/xml-apis/xml-apis/1.0.b2/xml-apis-1.0.b2.pom
[INFO] Downloaded: https://repo.maven.apache.org/maven2/xml-apis/xml-apis/1.0.b2/xml-apis-1.0.b2.pom (3 KB at 122.0 KB/sec)
[INFO] Downloading: https://repo.maven.apache.org/maven2/commons-logging/commons-logging/1.0.4/commons-logging-1.0.4.pom
[INFO] Downloaded: https://repo.maven.apache.org/maven2/commons-logging/commons-logging/1.0.4/commons-logging-1.0.4.pom (6 KB at 257.0 KB/sec)
[INFO] Downloading: https://repo.maven.apache.org/maven2/org/apache/maven/doxia/doxia-sink-api/1.1.3/doxia-sink-api-1.1.3.pom
[INFO] Downloaded: https://repo.maven.apache.org/maven2/org/apache/maven/doxia/doxia-sink-api/1.1.3/doxia-sink-api-1.1.3.pom (2 KB at 81.0 KB/sec)
[INFO] Downloading: https://repo.maven.apache.org/maven2/org/apache/maven/doxia/doxia/1.1.3/doxia-1.1.3.pom
[INFO] Downloaded: https://repo.maven.apache.org/maven2/org/apache/maven/doxia/doxia/1.1.3/doxia-1.1.3.pom (19 KB at 790.0 KB/sec)
[INFO] Downloading: https://repo.maven.apache.org/maven2/org/apache/maven/doxia/doxia-logging-api/1.1.3/doxia-logging-api-1.1.3.pom
[INFO] Downloaded: https://repo.maven.apache.org/maven2/org/apache/maven/doxia/doxia-logging-api/1.1.3/doxia-logging-api-1.1.3.pom (2 KB at 85.7 KB/sec)
[INFO] Downloading: https://repo.maven.apache.org/maven2/org/apache/maven/doxia/doxia-decoration-model/1.1.3/doxia-decoration-model-1.1.3.pom
[INFO] Downloaded: https://repo.maven.apache.org/maven2/org/apache/maven/doxia/doxia-decoration-model/1.1.3/doxia-decoration-model-1.1.3.pom (3 KB at 126.3 KB/sec)
[INFO] Downloading: https://repo.maven.apache.org/maven2/org/apache/maven/doxia/doxia-sitetools/1.1.3/doxia-sitetools-1.1.3.pom
[INFO] Downloaded: https://repo.maven.apache.org/maven2/org/apache/maven/doxia/doxia-sitetools/1.1.3/doxia-sitetools-1.1.3.pom (16 KB at 549.0 KB/sec)
[INFO] Downloading: https://repo.maven.apache.org/maven2/org/codehaus/plexus/plexus-utils/1.5.12/plexus-utils-1.5.12.pom
[INFO] Downloaded: https://repo.maven.apache.org/maven2/org/codehaus/plexus/plexus-utils/1.5.12/plexus-utils-1.5.12.pom (6 KB at 211.6 KB/sec)
[INFO] Downloading: https://repo.maven.apache.org/maven2/org/apache/maven/doxia/doxia-site-renderer/1.1.3/doxia-site-renderer-1.1.3.pom
[INFO] Downloaded: https://repo.maven.apache.org/maven2/org/apache/maven/doxia/doxia-site-renderer/1.1.3/doxia-site-renderer-1.1.3.pom (6 KB at 284.6 KB/sec)
[INFO] Downloading: https://repo.maven.apache.org/maven2/org/apache/maven/doxia/doxia-core/1.1.3/doxia-core-1.1.3.pom
[INFO] Downloaded: https://repo.maven.apache.org/maven2/org/apache/maven/doxia/doxia-core/1.1.3/doxia-core-1.1.3.pom (4 KB at 181.6 KB/sec)
[INFO] Downloading: https://repo.maven.apache.org/maven2/commons-httpclient/commons-httpclient/3.1/commons-httpclient-3.1.pom
[INFO] Downloaded: https://repo.maven.apache.org/maven2/commons-httpclient/commons-httpclient/3.1/commons-httpclient-3.1.pom (8 KB at 315.9 KB/sec)
[INFO] Downloading: https://repo.maven.apache.org/maven2/commons-codec/commons-codec/1.2/commons-codec-1.2.pom
[INFO] Downloaded: https://repo.maven.apache.org/maven2/commons-codec/commons-codec/1.2/commons-codec-1.2.pom (4 KB at 196.6 KB/sec)
[INFO] Downloading: https://repo.maven.apache.org/maven2/org/apache/maven/doxia/doxia-module-xhtml/1.1.3/doxia-module-xhtml-1.1.3.pom
[INFO] Downloaded: https://repo.maven.apache.org/maven2/org/apache/maven/doxia/doxia-module-xhtml/1.1.3/doxia-module-xhtml-1.1.3.pom (2 KB at 78.2 KB/sec)
[INFO] Downloading: https://repo.maven.apache.org/maven2/org/apache/maven/doxia/doxia-modules/1.1.3/doxia-modules-1.1.3.pom
[INFO] Downloaded: https://repo.maven.apache.org/maven2/org/apache/maven/doxia/doxia-modules/1.1.3/doxia-modules-1.1.3.pom (3 KB at 132.2 KB/sec)
[INFO] Downloading: https://repo.maven.apache.org/maven2/org/apache/maven/doxia/doxia-module-fml/1.1.3/doxia-module-fml-1.1.3.pom
[INFO] Downloaded: https://repo.maven.apache.org/maven2/org/apache/maven/doxia/doxia-module-fml/1.1.3/doxia-module-fml-1.1.3.pom (6 KB at 268.3 KB/sec)
[INFO] Downloading: https://repo.maven.apache.org/maven2/commons-collections/commons-collections/3.2/commons-collections-3.2.pom
[INFO] Downloaded: https://repo.maven.apache.org/maven2/commons-collections/commons-collections/3.2/commons-collections-3.2.pom (11 KB at 468.5 KB/sec)
[INFO] Downloading: https://repo.maven.apache.org/maven2/org/apache/maven/shared/maven-doxia-tools/1.2.1/maven-doxia-tools-1.2.1.pom
[INFO] Downloaded: https://repo.maven.apache.org/maven2/org/apache/maven/shared/maven-doxia-tools/1.2.1/maven-doxia-tools-1.2.1.pom (7 KB at 293.5 KB/sec)
[INFO] Downloading: https://repo.maven.apache.org/maven2/commons-io/commons-io/1.4/commons-io-1.4.pom
[INFO] Downloaded: https://repo.maven.apache.org/maven2/commons-io/commons-io/1.4/commons-io-1.4.pom (13 KB at 414.8 KB/sec)
[INFO] Downloading: https://repo.maven.apache.org/maven2/org/apache/commons/commons-parent/7/commons-parent-7.pom
[INFO] Downloaded: https://repo.maven.apache.org/maven2/org/apache/commons/commons-parent/7/commons-parent-7.pom (18 KB at 632.8 KB/sec)
[INFO] Downloading: https://repo.maven.apache.org/maven2/org/apache/maven/maven-artifact/2.0.6/maven-artifact-2.0.6.pom
[INFO] Downloaded: https://repo.maven.apache.org/maven2/org/apache/maven/maven-artifact/2.0.6/maven-artifact-2.0.6.pom (2 KB at 85.6 KB/sec)
[INFO] Downloading: https://repo.maven.apache.org/maven2/org/apache/maven/maven/2.0.6/maven-2.0.6.pom
[INFO] Downloaded: https://repo.maven.apache.org/maven2/org/apache/maven/maven/2.0.6/maven-2.0.6.pom (9 KB at 420.7 KB/sec)
[INFO] Downloading: https://repo.maven.apache.org/maven2/org/apache/maven/maven-artifact-manager/2.0.6/maven-artifact-manager-2.0.6.pom
[INFO] Downloaded: https://repo.maven.apache.org/maven2/org/apache/maven/maven-artifact-manager/2.0.6/maven-artifact-manager-2.0.6.pom (3 KB at 150.6 KB/sec)
[INFO] Downloading: https://repo.maven.apache.org/maven2/org/apache/maven/maven-repository-metadata/2.0.6/maven-repository-metadata-2.0.6.pom
[INFO] Downloaded: https://repo.maven.apache.org/maven2/org/apache/maven/maven-repository-metadata/2.0.6/maven-repository-metadata-2.0.6.pom (2 KB at 106.3 KB/sec)
[INFO] Downloading: https://repo.maven.apache.org/maven2/org/apache/maven/maven-model/2.0.6/maven-model-2.0.6.pom
[INFO] Downloaded: https://repo.maven.apache.org/maven2/org/apache/maven/maven-model/2.0.6/maven-model-2.0.6.pom (3 KB at 165.3 KB/sec)
[INFO] Downloading: https://repo.maven.apache.org/maven2/org/apache/maven/maven-project/2.0.6/maven-project-2.0.6.pom
[INFO] Downloaded: https://repo.maven.apache.org/maven2/org/apache/maven/maven-project/2.0.6/maven-project-2.0.6.pom (3 KB at 151.5 KB/sec)
[INFO] Downloading: https://repo.maven.apache.org/maven2/org/apache/maven/maven-settings/2.0.6/maven-settings-2.0.6.pom
[INFO] Downloaded: https://repo.maven.apache.org/maven2/org/apache/maven/maven-settings/2.0.6/maven-settings-2.0.6.pom (2 KB at 108.6 KB/sec)
[INFO] Downloading: https://repo.maven.apache.org/maven2/org/apache/maven/maven-profile/2.0.6/maven-profile-2.0.6.pom
[INFO] Downloaded: https://repo.maven.apache.org/maven2/org/apache/maven/maven-profile/2.0.6/maven-profile-2.0.6.pom (2 KB at 49.6 KB/sec)
[INFO] Downloading: https://repo.maven.apache.org/maven2/org/apache/maven/maven-plugin-registry/2.0.6/maven-plugin-registry-2.0.6.pom
[INFO] Downloaded: https://repo.maven.apache.org/maven2/org/apache/maven/maven-plugin-registry/2.0.6/maven-plugin-registry-2.0.6.pom (2 KB at 82.6 KB/sec)
[INFO] Downloading: https://repo.maven.apache.org/maven2/org/apache/maven/reporting/maven-reporting-api/2.0.6/maven-reporting-api-2.0.6.pom
[INFO] Downloaded: https://repo.maven.apache.org/maven2/org/apache/maven/reporting/maven-reporting-api/2.0.6/maven-reporting-api-2.0.6.pom (2 KB at 100.6 KB/sec)
[INFO] Downloading: https://repo.maven.apache.org/maven2/org/apache/maven/reporting/maven-reporting/2.0.6/maven-reporting-2.0.6.pom
[INFO] Downloaded: https://repo.maven.apache.org/maven2/org/apache/maven/reporting/maven-reporting/2.0.6/maven-reporting-2.0.6.pom (2 KB at 82.7 KB/sec)
[INFO] Downloading: https://repo.maven.apache.org/maven2/org/apache/maven/doxia/doxia-sink-api/1.0-alpha-7/doxia-sink-api-1.0-alpha-7.pom
[INFO] Downloaded: https://repo.maven.apache.org/maven2/org/apache/maven/doxia/doxia-sink-api/1.0-alpha-7/doxia-sink-api-1.0-alpha-7.pom (424 B at 24.4 KB/sec)
[INFO] Downloading: https://repo.maven.apache.org/maven2/org/apache/maven/doxia/doxia/1.0-alpha-7/doxia-1.0-alpha-7.pom
[INFO] Downloaded: https://repo.maven.apache.org/maven2/org/apache/maven/doxia/doxia/1.0-alpha-7/doxia-1.0-alpha-7.pom (4 KB at 212.3 KB/sec)
[INFO] Downloading: https://repo.maven.apache.org/maven2/org/apache/maven/maven-plugin-api/2.0.6/maven-plugin-api-2.0.6.pom
[INFO] Downloaded: https://repo.maven.apache.org/maven2/org/apache/maven/maven-plugin-api/2.0.6/maven-plugin-api-2.0.6.pom (2 KB at 88.8 KB/sec)
[INFO] Downloading: https://repo.maven.apache.org/maven2/org/codehaus/plexus/plexus-resources/1.0-alpha-7/plexus-resources-1.0-alpha-7.pom
[INFO] Downloaded: https://repo.maven.apache.org/maven2/org/codehaus/plexus/plexus-resources/1.0-alpha-7/plexus-resources-1.0-alpha-7.pom (2 KB at 78.1 KB/sec)
[INFO] Downloading: https://repo.maven.apache.org/maven2/org/codehaus/plexus/plexus-components/1.1.17/plexus-components-1.1.17.pom
[INFO] Downloaded: https://repo.maven.apache.org/maven2/org/codehaus/plexus/plexus-components/1.1.17/plexus-components-1.1.17.pom (6 KB at 137.5 KB/sec)
[INFO] Downloading: https://repo.maven.apache.org/maven2/org/codehaus/plexus/plexus/2.0.5/plexus-2.0.5.pom
[INFO] Downloaded: https://repo.maven.apache.org/maven2/org/codehaus/plexus/plexus/2.0.5/plexus-2.0.5.pom (17 KB at 605.1 KB/sec)
[INFO] Downloading: https://repo.maven.apache.org/maven2/org/codehaus/plexus/plexus-utils/1.5.5/plexus-utils-1.5.5.pom
[INFO] Downloaded: https://repo.maven.apache.org/maven2/org/codehaus/plexus/plexus-utils/1.5.5/plexus-utils-1.5.5.pom (6 KB at 279.2 KB/sec)
[INFO] Downloading: https://repo.maven.apache.org/maven2/org/codehaus/plexus/plexus-interpolation/1.13/plexus-interpolation-1.13.pom
[INFO] Downloaded: https://repo.maven.apache.org/maven2/org/codehaus/plexus/plexus-interpolation/1.13/plexus-interpolation-1.13.pom (890 B at 54.3 KB/sec)
[INFO] Downloading: https://repo.maven.apache.org/maven2/org/codehaus/plexus/plexus-components/1.1.15/plexus-components-1.1.15.pom
[INFO] Downloaded: https://repo.maven.apache.org/maven2/org/codehaus/plexus/plexus-components/1.1.15/plexus-components-1.1.15.pom (3 KB at 173.8 KB/sec)
[INFO] Downloading: https://repo.maven.apache.org/maven2/org/codehaus/plexus/plexus/2.0.3/plexus-2.0.3.pom
[INFO] Downloaded: https://repo.maven.apache.org/maven2/org/codehaus/plexus/plexus/2.0.3/plexus-2.0.3.pom (16 KB at 603.9 KB/sec)
[INFO] Downloading: https://repo.maven.apache.org/maven2/org/codehaus/plexus/plexus-velocity/1.1.8/plexus-velocity-1.1.8.pom
[INFO] Downloaded: https://repo.maven.apache.org/maven2/org/codehaus/plexus/plexus-velocity/1.1.8/plexus-velocity-1.1.8.pom (2 KB at 93.8 KB/sec)
[INFO] Downloading: https://repo.maven.apache.org/maven2/com/puppycrawl/tools/checkstyle/5.5/checkstyle-5.5.pom
[INFO] Downloaded: https://repo.maven.apache.org/maven2/com/puppycrawl/tools/checkstyle/5.5/checkstyle-5.5.pom (19 KB at 661.3 KB/sec)
[INFO] Downloading: https://repo.maven.apache.org/maven2/org/sonatype/oss/oss-parent/5/oss-parent-5.pom
[INFO] Downloaded: https://repo.maven.apache.org/maven2/org/sonatype/oss/oss-parent/5/oss-parent-5.pom (4 KB at 209.8 KB/sec)
[INFO] Downloading: https://repo.maven.apache.org/maven2/antlr/antlr/2.7.7/antlr-2.7.7.pom
[INFO] Downloaded: https://repo.maven.apache.org/maven2/antlr/antlr/2.7.7/antlr-2.7.7.pom (632 B at 36.3 KB/sec)
[INFO] Downloading: https://repo.maven.apache.org/maven2/commons-beanutils/commons-beanutils-core/1.8.3/commons-beanutils-core-1.8.3.pom
[INFO] Downloaded: https://repo.maven.apache.org/maven2/commons-beanutils/commons-beanutils-core/1.8.3/commons-beanutils-core-1.8.3.pom (2 KB at 84.2 KB/sec)
[INFO] Downloading: https://repo.maven.apache.org/maven2/commons-cli/commons-cli/1.2/commons-cli-1.2.pom
[INFO] Downloaded: https://repo.maven.apache.org/maven2/commons-cli/commons-cli/1.2/commons-cli-1.2.pom (8 KB at 389.6 KB/sec)
[INFO] Downloading: https://repo.maven.apache.org/maven2/org/apache/commons/commons-parent/11/commons-parent-11.pom
[INFO] Downloaded: https://repo.maven.apache.org/maven2/org/apache/commons/commons-parent/11/commons-parent-11.pom (25 KB at 859.7 KB/sec)
[INFO] Downloading: https://repo.maven.apache.org/maven2/com/google/collections/google-collections/1.0/google-collections-1.0.pom
[INFO] Downloaded: https://repo.maven.apache.org/maven2/com/google/collections/google-collections/1.0/google-collections-1.0.pom (3 KB at 142.3 KB/sec)
[INFO] Downloading: https://repo.maven.apache.org/maven2/com/google/google/1/google-1.pom
[INFO] Downloaded: https://repo.maven.apache.org/maven2/com/google/google/1/google-1.pom (2 KB at 84.3 KB/sec)
[INFO] Downloading: https://repo.maven.apache.org/maven2/backport-util-concurrent/backport-util-concurrent/3.1/backport-util-concurrent-3.1.jar
[INFO] Downloading: https://repo.maven.apache.org/maven2/org/apache/maven/reporting/maven-reporting-api/3.0/maven-reporting-api-3.0.jar
[INFO] Downloading: https://repo.maven.apache.org/maven2/org/apache/maven/reporting/maven-reporting-impl/2.2/maven-reporting-impl-2.2.jar
[INFO] Downloading: https://repo.maven.apache.org/maven2/org/apache/maven/doxia/doxia-core/1.2/doxia-core-1.2.jar
[INFO] Downloading: https://repo.maven.apache.org/maven2/xerces/xercesImpl/2.9.1/xercesImpl-2.9.1.jar
[INFO] Downloaded: https://repo.maven.apache.org/maven2/org/apache/maven/reporting/maven-reporting-impl/2.2/maven-reporting-impl-2.2.jar (17 KB at 633.3 KB/sec)
[INFO] Downloading: https://repo.maven.apache.org/maven2/xml-apis/xml-apis/1.3.04/xml-apis-1.3.04.jar
[INFO] Downloaded: https://repo.maven.apache.org/maven2/org/apache/maven/reporting/maven-reporting-api/3.0/maven-reporting-api-3.0.jar (11 KB at 381.6 KB/sec)
[INFO] Downloading: https://repo.maven.apache.org/maven2/org/apache/httpcomponents/httpclient/4.0.2/httpclient-4.0.2.jar
[INFO] Downloaded: https://repo.maven.apache.org/maven2/org/apache/maven/doxia/doxia-core/1.2/doxia-core-1.2.jar (151 KB at 1419.9 KB/sec)
[INFO] Downloading: https://repo.maven.apache.org/maven2/org/apache/httpcomponents/httpcore/4.0.1/httpcore-4.0.1.jar
[INFO] Downloaded: https://repo.maven.apache.org/maven2/xml-apis/xml-apis/1.3.04/xml-apis-1.3.04.jar (190 KB at 2063.0 KB/sec)
[INFO] Downloading: https://repo.maven.apache.org/maven2/commons-codec/commons-codec/1.3/commons-codec-1.3.jar
[INFO] Downloaded: https://repo.maven.apache.org/maven2/backport-util-concurrent/backport-util-concurrent/3.1/backport-util-concurrent-3.1.jar (324 KB at 2249.6 KB/sec)
[INFO] Downloading: https://repo.maven.apache.org/maven2/commons-validator/commons-validator/1.3.1/commons-validator-1.3.1.jar
[INFO] Downloaded: https://repo.maven.apache.org/maven2/commons-codec/commons-codec/1.3/commons-codec-1.3.jar (46 KB at 1303.7 KB/sec)
[INFO] Downloading: https://repo.maven.apache.org/maven2/commons-beanutils/commons-beanutils/1.7.0/commons-beanutils-1.7.0.jar
[INFO] Downloaded: https://repo.maven.apache.org/maven2/org/apache/httpcomponents/httpclient/4.0.2/httpclient-4.0.2.jar (287 KB at 1959.1 KB/sec)
[INFO] Downloading: https://repo.maven.apache.org/maven2/commons-digester/commons-digester/1.6/commons-digester-1.6.jar
[INFO] Downloaded: https://repo.maven.apache.org/maven2/commons-validator/commons-validator/1.3.1/commons-validator-1.3.1.jar (136 KB at 1884.7 KB/sec)
[INFO] Downloading: https://repo.maven.apache.org/maven2/commons-logging/commons-logging/1.0.4/commons-logging-1.0.4.jar
[INFO] Downloaded: https://repo.maven.apache.org/maven2/org/apache/httpcomponents/httpcore/4.0.1/httpcore-4.0.1.jar (169 KB at 1481.0 KB/sec)
[INFO] Downloading: https://repo.maven.apache.org/maven2/org/apache/maven/doxia/doxia-sink-api/1.1.3/doxia-sink-api-1.1.3.jar
[INFO] Downloaded: https://repo.maven.apache.org/maven2/org/apache/maven/doxia/doxia-sink-api/1.1.3/doxia-sink-api-1.1.3.jar (13 KB at 538.7 KB/sec)
[INFO] Downloading: https://repo.maven.apache.org/maven2/org/apache/maven/doxia/doxia-logging-api/1.1.3/doxia-logging-api-1.1.3.jar
[INFO] Downloaded: https://repo.maven.apache.org/maven2/commons-beanutils/commons-beanutils/1.7.0/commons-beanutils-1.7.0.jar (185 KB at 2024.7 KB/sec)
[INFO] Downloading: https://repo.maven.apache.org/maven2/org/apache/maven/doxia/doxia-decoration-model/1.1.3/doxia-decoration-model-1.1.3.jar
[INFO] Downloaded: https://repo.maven.apache.org/maven2/commons-logging/commons-logging/1.0.4/commons-logging-1.0.4.jar (38 KB at 1160.1 KB/sec)
[INFO] Downloading: https://repo.maven.apache.org/maven2/org/apache/maven/doxia/doxia-site-renderer/1.1.3/doxia-site-renderer-1.1.3.jar
[INFO] Downloaded: https://repo.maven.apache.org/maven2/commons-digester/commons-digester/1.6/commons-digester-1.6.jar (165 KB at 2030.8 KB/sec)
[INFO] Downloading: https://repo.maven.apache.org/maven2/org/apache/maven/doxia/doxia-module-xhtml/1.1.3/doxia-module-xhtml-1.1.3.jar
[INFO] Downloaded: https://repo.maven.apache.org/maven2/org/apache/maven/doxia/doxia-logging-api/1.1.3/doxia-logging-api-1.1.3.jar (12 KB at 503.2 KB/sec)
[INFO] Downloading: https://repo.maven.apache.org/maven2/org/apache/maven/doxia/doxia-module-fml/1.1.3/doxia-module-fml-1.1.3.jar
[INFO] Downloaded: https://repo.maven.apache.org/maven2/org/apache/maven/doxia/doxia-module-xhtml/1.1.3/doxia-module-xhtml-1.1.3.jar (15 KB at 666.4 KB/sec)
[INFO] Downloading: https://repo.maven.apache.org/maven2/org/codehaus/plexus/plexus-i18n/1.0-beta-7/plexus-i18n-1.0-beta-7.jar
[INFO] Downloaded: https://repo.maven.apache.org/maven2/org/apache/maven/doxia/doxia-decoration-model/1.1.3/doxia-decoration-model-1.1.3.jar (52 KB at 1245.9 KB/sec)
[INFO] Downloading: https://repo.maven.apache.org/maven2/org/apache/maven/shared/maven-doxia-tools/1.2.1/maven-doxia-tools-1.2.1.jar
[INFO] Downloaded: https://repo.maven.apache.org/maven2/org/apache/maven/doxia/doxia-site-renderer/1.1.3/doxia-site-renderer-1.1.3.jar (50 KB at 1271.3 KB/sec)
[INFO] Downloading: https://repo.maven.apache.org/maven2/commons-io/commons-io/1.4/commons-io-1.4.jar
[INFO] Downloaded: https://repo.maven.apache.org/maven2/org/codehaus/plexus/plexus-i18n/1.0-beta-7/plexus-i18n-1.0-beta-7.jar (11 KB at 570.1 KB/sec)
[INFO] Downloading: https://repo.maven.apache.org/maven2/junit/junit/3.8.1/junit-3.8.1.jar
[INFO] Downloaded: https://repo.maven.apache.org/maven2/org/apache/maven/doxia/doxia-module-fml/1.1.3/doxia-module-fml-1.1.3.jar (37 KB at 793.9 KB/sec)
[INFO] Downloading: https://repo.maven.apache.org/maven2/org/codehaus/plexus/plexus-resources/1.0-alpha-7/plexus-resources-1.0-alpha-7.jar
[INFO] Downloaded: https://repo.maven.apache.org/maven2/org/apache/maven/shared/maven-doxia-tools/1.2.1/maven-doxia-tools-1.2.1.jar (43 KB at 1109.7 KB/sec)
[INFO] Downloading: https://repo.maven.apache.org/maven2/org/codehaus/plexus/plexus-utils/2.0.5/plexus-utils-2.0.5.jar
[INFO] Downloaded: https://repo.maven.apache.org/maven2/org/codehaus/plexus/plexus-resources/1.0-alpha-7/plexus-resources-1.0-alpha-7.jar (23 KB at 783.2 KB/sec)
[INFO] Downloading: https://repo.maven.apache.org/maven2/org/codehaus/plexus/plexus-interpolation/1.13/plexus-interpolation-1.13.jar
[INFO] Downloaded: https://repo.maven.apache.org/maven2/junit/junit/3.8.1/junit-3.8.1.jar (119 KB at 2038.5 KB/sec)
[INFO] Downloading: https://repo.maven.apache.org/maven2/org/codehaus/plexus/plexus-velocity/1.1.8/plexus-velocity-1.1.8.jar
[INFO] Downloaded: https://repo.maven.apache.org/maven2/commons-io/commons-io/1.4/commons-io-1.4.jar (107 KB at 1589.4 KB/sec)
[INFO] Downloading: https://repo.maven.apache.org/maven2/com/puppycrawl/tools/checkstyle/5.5/checkstyle-5.5.jar
[INFO] Downloaded: https://repo.maven.apache.org/maven2/org/codehaus/plexus/plexus-velocity/1.1.8/plexus-velocity-1.1.8.jar (8 KB at 405.3 KB/sec)
[INFO] Downloading: https://repo.maven.apache.org/maven2/antlr/antlr/2.7.7/antlr-2.7.7.jar
[INFO] Downloaded: https://repo.maven.apache.org/maven2/org/codehaus/plexus/plexus-interpolation/1.13/plexus-interpolation-1.13.jar (60 KB at 1419.7 KB/sec)
[INFO] Downloading: https://repo.maven.apache.org/maven2/commons-beanutils/commons-beanutils-core/1.8.3/commons-beanutils-core-1.8.3.jar
[INFO] Downloaded: https://repo.maven.apache.org/maven2/org/codehaus/plexus/plexus-utils/2.0.5/plexus-utils-2.0.5.jar (218 KB at 2115.9 KB/sec)
[INFO] Downloading: https://repo.maven.apache.org/maven2/commons-cli/commons-cli/1.2/commons-cli-1.2.jar
[INFO] Downloaded: https://repo.maven.apache.org/maven2/xerces/xercesImpl/2.9.1/xercesImpl-2.9.1.jar (1201 KB at 2715.7 KB/sec)
[INFO] Downloading: https://repo.maven.apache.org/maven2/com/google/collections/google-collections/1.0/google-collections-1.0.jar
[INFO] Downloaded: https://repo.maven.apache.org/maven2/commons-cli/commons-cli/1.2/commons-cli-1.2.jar (41 KB at 1147.4 KB/sec)
[INFO] Downloading: https://repo.maven.apache.org/maven2/org/apache/velocity/velocity/1.5/velocity-1.5.jar
[INFO] Downloaded: https://repo.maven.apache.org/maven2/commons-beanutils/commons-beanutils-core/1.8.3/commons-beanutils-core-1.8.3.jar (202 KB at 2147.5 KB/sec)
[INFO] Downloading: https://repo.maven.apache.org/maven2/commons-lang/commons-lang/2.1/commons-lang-2.1.jar
[INFO] Downloaded: https://repo.maven.apache.org/maven2/antlr/antlr/2.7.7/antlr-2.7.7.jar (435 KB at 2402.5 KB/sec)
[INFO] Downloading: https://repo.maven.apache.org/maven2/oro/oro/2.0.8/oro-2.0.8.jar
[INFO] Downloaded: https://repo.maven.apache.org/maven2/commons-lang/commons-lang/2.1/commons-lang-2.1.jar (203 KB at 2113.1 KB/sec)
[INFO] Downloading: https://repo.maven.apache.org/maven2/commons-collections/commons-collections/3.2.1/commons-collections-3.2.1.jar
[INFO] Downloaded: https://repo.maven.apache.org/maven2/oro/oro/2.0.8/oro-2.0.8.jar (64 KB at 1202.5 KB/sec)
[INFO] Downloaded: https://repo.maven.apache.org/maven2/com/puppycrawl/tools/checkstyle/5.5/checkstyle-5.5.jar (623 KB at 2240.7 KB/sec)
[INFO] Downloaded: https://repo.maven.apache.org/maven2/org/apache/velocity/velocity/1.5/velocity-1.5.jar (383 KB at 2151.3 KB/sec)
[INFO] Downloaded: https://repo.maven.apache.org/maven2/com/google/collections/google-collections/1.0/google-collections-1.0.jar (625 KB at 2304.8 KB/sec)
[INFO] Downloaded: https://repo.maven.apache.org/maven2/commons-collections/commons-collections/3.2.1/commons-collections-3.2.1.jar (562 KB at 2370.9 KB/sec)
[INFO] 
[INFO] --- maven-install-plugin:2.4:install (default-install) @ parent ---
[INFO] Downloading: https://repo.maven.apache.org/maven2/org/codehaus/plexus/plexus-utils/3.0.5/plexus-utils-3.0.5.pom
[INFO] Downloaded: https://repo.maven.apache.org/maven2/org/codehaus/plexus/plexus-utils/3.0.5/plexus-utils-3.0.5.pom (3 KB at 136.3 KB/sec)
[INFO] Downloading: https://repo.maven.apache.org/maven2/org/codehaus/plexus/plexus/3.1/plexus-3.1.pom
[INFO] Downloaded: https://repo.maven.apache.org/maven2/org/codehaus/plexus/plexus/3.1/plexus-3.1.pom (19 KB at 673.3 KB/sec)
[INFO] Downloading: https://repo.maven.apache.org/maven2/org/sonatype/spice/spice-parent/17/spice-parent-17.pom
[INFO] Downloaded: https://repo.maven.apache.org/maven2/org/sonatype/spice/spice-parent/17/spice-parent-17.pom (7 KB at 330.0 KB/sec)
[INFO] Downloading: https://repo.maven.apache.org/maven2/org/sonatype/forge/forge-parent/10/forge-parent-10.pom
[INFO] Downloaded: https://repo.maven.apache.org/maven2/org/sonatype/forge/forge-parent/10/forge-parent-10.pom (14 KB at 575.7 KB/sec)
[INFO] Downloading: https://repo.maven.apache.org/maven2/org/codehaus/plexus/plexus-digest/1.0/plexus-digest-1.0.pom
[INFO] Downloaded: https://repo.maven.apache.org/maven2/org/codehaus/plexus/plexus-digest/1.0/plexus-digest-1.0.pom (2 KB at 54.4 KB/sec)
[INFO] Downloading: https://repo.maven.apache.org/maven2/org/codehaus/plexus/plexus-components/1.1.7/plexus-components-1.1.7.pom
[INFO] Downloaded: https://repo.maven.apache.org/maven2/org/codehaus/plexus/plexus-components/1.1.7/plexus-components-1.1.7.pom (5 KB at 211.2 KB/sec)
[INFO] Downloading: https://repo.maven.apache.org/maven2/org/codehaus/plexus/plexus-utils/3.0.5/plexus-utils-3.0.5.jar
[INFO] Downloading: https://repo.maven.apache.org/maven2/org/codehaus/plexus/plexus-digest/1.0/plexus-digest-1.0.jar
[INFO] Downloaded: https://repo.maven.apache.org/maven2/org/codehaus/plexus/plexus-digest/1.0/plexus-digest-1.0.jar (12 KB at 526.4 KB/sec)
[INFO] Downloaded: https://repo.maven.apache.org/maven2/org/codehaus/plexus/plexus-utils/3.0.5/plexus-utils-3.0.5.jar (226 KB at 2528.6 KB/sec)
[INFO] Installing /home/travis/build/failed/square/retrofit/pom.xml to /home/travis/.m2/repository/com/squareup/retrofit/parent/2.0.0-SNAPSHOT/parent-2.0.0-SNAPSHOT.pom
[INFO]                                                                         
[INFO] ------------------------------------------------------------------------
[INFO] Building Retrofit 2.0.0-SNAPSHOT
[INFO] ------------------------------------------------------------------------
[INFO] Downloading: https://repo.maven.apache.org/maven2/org/apache/maven/plugins/maven-resources-plugin/2.6/maven-resources-plugin-2.6.pom
[INFO] Downloaded: https://repo.maven.apache.org/maven2/org/apache/maven/plugins/maven-resources-plugin/2.6/maven-resources-plugin-2.6.pom (8 KB at 417.1 KB/sec)
[INFO] Downloading: https://repo.maven.apache.org/maven2/org/apache/maven/plugins/maven-resources-plugin/2.6/maven-resources-plugin-2.6.jar
[INFO] Downloaded: https://repo.maven.apache.org/maven2/org/apache/maven/plugins/maven-resources-plugin/2.6/maven-resources-plugin-2.6.jar (29 KB at 929.9 KB/sec)
[INFO] Downloading: https://repo.maven.apache.org/maven2/org/apache/maven/plugins/maven-compiler-plugin/3.0/maven-compiler-plugin-3.0.pom
[INFO] Downloaded: https://repo.maven.apache.org/maven2/org/apache/maven/plugins/maven-compiler-plugin/3.0/maven-compiler-plugin-3.0.pom (10 KB at 420.9 KB/sec)
[INFO] Downloading: https://repo.maven.apache.org/maven2/org/apache/maven/plugins/maven-compiler-plugin/3.0/maven-compiler-plugin-3.0.jar
[INFO] Downloaded: https://repo.maven.apache.org/maven2/org/apache/maven/plugins/maven-compiler-plugin/3.0/maven-compiler-plugin-3.0.jar (41 KB at 1093.4 KB/sec)
[INFO] Downloading: https://repo.maven.apache.org/maven2/org/apache/maven/plugins/maven-surefire-plugin/2.12.4/maven-surefire-plugin-2.12.4.pom
[INFO] Downloaded: https://repo.maven.apache.org/maven2/org/apache/maven/plugins/maven-surefire-plugin/2.12.4/maven-surefire-plugin-2.12.4.pom (11 KB at 465.0 KB/sec)
[INFO] Downloading: https://repo.maven.apache.org/maven2/org/apache/maven/surefire/surefire/2.12.4/surefire-2.12.4.pom
[INFO] Downloaded: https://repo.maven.apache.org/maven2/org/apache/maven/surefire/surefire/2.12.4/surefire-2.12.4.pom (14 KB at 518.0 KB/sec)
[INFO] Downloading: https://repo.maven.apache.org/maven2/org/apache/maven/plugins/maven-surefire-plugin/2.12.4/maven-surefire-plugin-2.12.4.jar
[INFO] Downloaded: https://repo.maven.apache.org/maven2/org/apache/maven/plugins/maven-surefire-plugin/2.12.4/maven-surefire-plugin-2.12.4.jar (30 KB at 959.6 KB/sec)
[INFO] Downloading: https://repo.maven.apache.org/maven2/org/apache/maven/plugins/maven-jar-plugin/2.4/maven-jar-plugin-2.4.pom
[INFO] Downloaded: https://repo.maven.apache.org/maven2/org/apache/maven/plugins/maven-jar-plugin/2.4/maven-jar-plugin-2.4.pom (6 KB at 379.8 KB/sec)
[INFO] Downloading: https://repo.maven.apache.org/maven2/org/apache/maven/plugins/maven-jar-plugin/2.4/maven-jar-plugin-2.4.jar
[INFO] Downloaded: https://repo.maven.apache.org/maven2/org/apache/maven/plugins/maven-jar-plugin/2.4/maven-jar-plugin-2.4.jar (34 KB at 1329.0 KB/sec)
[INFO] Downloading: http://insecure.repo1.maven.org/maven2/com/google/code/gson/gson/2.3.1/gson-2.3.1.pom
[INFO] Downloaded: http://insecure.repo1.maven.org/maven2/com/google/code/gson/gson/2.3.1/gson-2.3.1.pom (9 KB at 419.5 KB/sec)
[INFO] Downloading: https://oss.sonatype.org/content/repositories/releases/com/google/code/gson/gson/2.3.1/gson-2.3.1.pom
[INFO] Downloaded: https://oss.sonatype.org/content/repositories/releases/com/google/code/gson/gson/2.3.1/gson-2.3.1.pom (9 KB at 41.0 KB/sec)
[INFO] Downloading: https://repository.apache.org/releases/com/google/code/gson/gson/2.3.1/gson-2.3.1.pom
[INFO] Downloading: http://insecure.repo1.maven.org/maven2/org/sonatype/oss/oss-parent/9/oss-parent-9.pom
[INFO] Downloaded: http://insecure.repo1.maven.org/maven2/org/sonatype/oss/oss-parent/9/oss-parent-9.pom (7 KB at 320.8 KB/sec)
[INFO] Downloading: https://oss.sonatype.org/content/repositories/releases/org/sonatype/oss/oss-parent/9/oss-parent-9.pom
[INFO] Downloaded: https://oss.sonatype.org/content/repositories/releases/org/sonatype/oss/oss-parent/9/oss-parent-9.pom (7 KB at 29.4 KB/sec)
[INFO] Downloading: https://repository.apache.org/releases/org/sonatype/oss/oss-parent/9/oss-parent-9.pom
[INFO] Downloading: http://insecure.repo1.maven.org/maven2/com/google/android/android/4.1.1.4/android-4.1.1.4.pom
[INFO] Downloaded: http://insecure.repo1.maven.org/maven2/com/google/android/android/4.1.1.4/android-4.1.1.4.pom (3 KB at 148.3 KB/sec)
[INFO] Downloading: https://oss.sonatype.org/content/repositories/releases/com/google/android/android/4.1.1.4/android-4.1.1.4.pom
[INFO] Downloaded: https://oss.sonatype.org/content/repositories/releases/com/google/android/android/4.1.1.4/android-4.1.1.4.pom (3 KB at 13.6 KB/sec)
[INFO] Downloading: https://repository.apache.org/releases/com/google/android/android/4.1.1.4/android-4.1.1.4.pom
[INFO] Downloading: http://insecure.repo1.maven.org/maven2/org/apache/httpcomponents/httpclient/4.0.1/httpclient-4.0.1.pom
[INFO] Downloaded: http://insecure.repo1.maven.org/maven2/org/apache/httpcomponents/httpclient/4.0.1/httpclient-4.0.1.pom (7 KB at 332.0 KB/sec)
[INFO] Downloading: https://oss.sonatype.org/content/repositories/releases/org/apache/httpcomponents/httpclient/4.0.1/httpclient-4.0.1.pom
[INFO] Downloaded: https://oss.sonatype.org/content/repositories/releases/org/apache/httpcomponents/httpclient/4.0.1/httpclient-4.0.1.pom (7 KB at 30.9 KB/sec)
[INFO] Downloading: https://repository.apache.org/releases/org/apache/httpcomponents/httpclient/4.0.1/httpclient-4.0.1.pom
[INFO] Downloading: http://insecure.repo1.maven.org/maven2/org/apache/httpcomponents/httpcomponents-client/4.0.1/httpcomponents-client-4.0.1.pom
[INFO] Downloaded: http://insecure.repo1.maven.org/maven2/org/apache/httpcomponents/httpcomponents-client/4.0.1/httpcomponents-client-4.0.1.pom (9 KB at 427.5 KB/sec)
[INFO] Downloading: https://oss.sonatype.org/content/repositories/releases/org/apache/httpcomponents/httpcomponents-client/4.0.1/httpcomponents-client-4.0.1.pom
[INFO] Downloaded: https://oss.sonatype.org/content/repositories/releases/org/apache/httpcomponents/httpcomponents-client/4.0.1/httpcomponents-client-4.0.1.pom (9 KB at 42.4 KB/sec)
[INFO] Downloading: https://repository.apache.org/releases/org/apache/httpcomponents/httpcomponents-client/4.0.1/httpcomponents-client-4.0.1.pom
[INFO] Downloading: http://insecure.repo1.maven.org/maven2/org/khronos/opengl-api/gl1.1-android-2.1_r1/opengl-api-gl1.1-android-2.1_r1.pom
[INFO] Downloaded: http://insecure.repo1.maven.org/maven2/org/khronos/opengl-api/gl1.1-android-2.1_r1/opengl-api-gl1.1-android-2.1_r1.pom (2 KB at 85.3 KB/sec)
[INFO] Downloading: https://oss.sonatype.org/content/repositories/releases/org/khronos/opengl-api/gl1.1-android-2.1_r1/opengl-api-gl1.1-android-2.1_r1.pom
[INFO] Downloaded: https://oss.sonatype.org/content/repositories/releases/org/khronos/opengl-api/gl1.1-android-2.1_r1/opengl-api-gl1.1-android-2.1_r1.pom (2 KB at 5.9 KB/sec)
[INFO] Downloading: https://repository.apache.org/releases/org/khronos/opengl-api/gl1.1-android-2.1_r1/opengl-api-gl1.1-android-2.1_r1.pom
[INFO] Downloading: http://insecure.repo1.maven.org/maven2/xerces/xmlParserAPIs/2.6.2/xmlParserAPIs-2.6.2.pom
[INFO] Downloaded: http://insecure.repo1.maven.org/maven2/xerces/xmlParserAPIs/2.6.2/xmlParserAPIs-2.6.2.pom (153 B at 8.3 KB/sec)
[INFO] Downloading: https://oss.sonatype.org/content/repositories/releases/xerces/xmlParserAPIs/2.6.2/xmlParserAPIs-2.6.2.pom
[INFO] Downloaded: https://oss.sonatype.org/content/repositories/releases/xerces/xmlParserAPIs/2.6.2/xmlParserAPIs-2.6.2.pom (153 B at 0.7 KB/sec)
[INFO] Downloading: https://repository.apache.org/releases/xerces/xmlParserAPIs/2.6.2/xmlParserAPIs-2.6.2.pom
[INFO] Downloading: http://insecure.repo1.maven.org/maven2/xpp3/xpp3/1.1.4c/xpp3-1.1.4c.pom
[INFO] Downloaded: http://insecure.repo1.maven.org/maven2/xpp3/xpp3/1.1.4c/xpp3-1.1.4c.pom (3 KB at 120.9 KB/sec)
[INFO] Downloading: https://oss.sonatype.org/content/repositories/releases/xpp3/xpp3/1.1.4c/xpp3-1.1.4c.pom
[INFO] Downloaded: https://oss.sonatype.org/content/repositories/releases/xpp3/xpp3/1.1.4c/xpp3-1.1.4c.pom (3 KB at 10.0 KB/sec)
[INFO] Downloading: https://repository.apache.org/releases/xpp3/xpp3/1.1.4c/xpp3-1.1.4c.pom
[INFO] Downloading: http://insecure.repo1.maven.org/maven2/org/json/json/20080701/json-20080701.pom
[INFO] Downloaded: http://insecure.repo1.maven.org/maven2/org/json/json/20080701/json-20080701.pom (2 KB at 86.0 KB/sec)
[INFO] Downloading: https://oss.sonatype.org/content/repositories/releases/org/json/json/20080701/json-20080701.pom
[INFO] Downloaded: https://oss.sonatype.org/content/repositories/releases/org/json/json/20080701/json-20080701.pom (2 KB at 7.9 KB/sec)
[INFO] Downloading: https://repository.apache.org/releases/org/json/json/20080701/json-20080701.pom
[INFO] Downloading: http://insecure.repo1.maven.org/maven2/com/squareup/okhttp/okhttp/2.2.0/okhttp-2.2.0.pom
[INFO] Downloaded: http://insecure.repo1.maven.org/maven2/com/squareup/okhttp/okhttp/2.2.0/okhttp-2.2.0.pom (2 KB at 69.0 KB/sec)
[INFO] Downloading: https://oss.sonatype.org/content/repositories/releases/com/squareup/okhttp/okhttp/2.2.0/okhttp-2.2.0.pom
[INFO] Downloaded: https://oss.sonatype.org/content/repositories/releases/com/squareup/okhttp/okhttp/2.2.0/okhttp-2.2.0.pom (2 KB at 6.6 KB/sec)
[INFO] Downloading: https://repository.apache.org/releases/com/squareup/okhttp/okhttp/2.2.0/okhttp-2.2.0.pom
[INFO] Downloading: http://insecure.repo1.maven.org/maven2/com/squareup/okhttp/parent/2.2.0/parent-2.2.0.pom
[INFO] Downloaded: http://insecure.repo1.maven.org/maven2/com/squareup/okhttp/parent/2.2.0/parent-2.2.0.pom (9 KB at 392.2 KB/sec)
[INFO] Downloading: https://oss.sonatype.org/content/repositories/releases/com/squareup/okhttp/parent/2.2.0/parent-2.2.0.pom
[INFO] Downloaded: https://oss.sonatype.org/content/repositories/releases/com/squareup/okhttp/parent/2.2.0/parent-2.2.0.pom (9 KB at 40.9 KB/sec)
[INFO] Downloading: https://repository.apache.org/releases/com/squareup/okhttp/parent/2.2.0/parent-2.2.0.pom
[INFO] Downloading: http://insecure.repo1.maven.org/maven2/com/squareup/okio/okio/1.2.0/okio-1.2.0.pom
[INFO] Downloaded: http://insecure.repo1.maven.org/maven2/com/squareup/okio/okio/1.2.0/okio-1.2.0.pom (812 B at 41.7 KB/sec)
[INFO] Downloading: https://oss.sonatype.org/content/repositories/releases/com/squareup/okio/okio/1.2.0/okio-1.2.0.pom
[INFO] Downloaded: https://oss.sonatype.org/content/repositories/releases/com/squareup/okio/okio/1.2.0/okio-1.2.0.pom (812 B at 3.9 KB/sec)
[INFO] Downloading: https://repository.apache.org/releases/com/squareup/okio/okio/1.2.0/okio-1.2.0.pom
[INFO] Downloading: http://insecure.repo1.maven.org/maven2/com/squareup/okio/okio-parent/1.2.0/okio-parent-1.2.0.pom
[INFO] Downloaded: http://insecure.repo1.maven.org/maven2/com/squareup/okio/okio-parent/1.2.0/okio-parent-1.2.0.pom (4 KB at 164.1 KB/sec)
[INFO] Downloading: https://oss.sonatype.org/content/repositories/releases/com/squareup/okio/okio-parent/1.2.0/okio-parent-1.2.0.pom
[INFO] Downloaded: https://oss.sonatype.org/content/repositories/releases/com/squareup/okio/okio-parent/1.2.0/okio-parent-1.2.0.pom (4 KB at 15.9 KB/sec)
[INFO] Downloading: https://repository.apache.org/releases/com/squareup/okio/okio-parent/1.2.0/okio-parent-1.2.0.pom
[INFO] Downloading: http://insecure.repo1.maven.org/maven2/io/reactivex/rxjava/1.0.0/rxjava-1.0.0.pom
[INFO] Downloaded: http://insecure.repo1.maven.org/maven2/io/reactivex/rxjava/1.0.0/rxjava-1.0.0.pom (3 KB at 124.6 KB/sec)
[INFO] Downloading: https://oss.sonatype.org/content/repositories/releases/io/reactivex/rxjava/1.0.0/rxjava-1.0.0.pom
[INFO] Downloaded: https://oss.sonatype.org/content/repositories/releases/io/reactivex/rxjava/1.0.0/rxjava-1.0.0.pom (3 KB at 11.4 KB/sec)
[INFO] Downloading: https://repository.apache.org/releases/io/reactivex/rxjava/1.0.0/rxjava-1.0.0.pom
[INFO] Downloading: http://insecure.repo1.maven.org/maven2/junit/junit/4.11/junit-4.11.pom
[INFO] Downloaded: http://insecure.repo1.maven.org/maven2/junit/junit/4.11/junit-4.11.pom (3 KB at 120.5 KB/sec)
[INFO] Downloading: https://oss.sonatype.org/content/repositories/releases/junit/junit/4.11/junit-4.11.pom
[INFO] Downloaded: https://oss.sonatype.org/content/repositories/releases/junit/junit/4.11/junit-4.11.pom (3 KB at 11.1 KB/sec)
[INFO] Downloading: https://repository.apache.org/releases/junit/junit/4.11/junit-4.11.pom
[INFO] Downloading: http://insecure.repo1.maven.org/maven2/org/hamcrest/hamcrest-core/1.3/hamcrest-core-1.3.pom
[INFO] Downloaded: http://insecure.repo1.maven.org/maven2/org/hamcrest/hamcrest-core/1.3/hamcrest-core-1.3.pom (766 B at 41.6 KB/sec)
[INFO] Downloading: https://oss.sonatype.org/content/repositories/releases/org/hamcrest/hamcrest-core/1.3/hamcrest-core-1.3.pom
[INFO] Downloaded: https://oss.sonatype.org/content/repositories/releases/org/hamcrest/hamcrest-core/1.3/hamcrest-core-1.3.pom (766 B at 3.6 KB/sec)
[INFO] Downloading: https://repository.apache.org/releases/org/hamcrest/hamcrest-core/1.3/hamcrest-core-1.3.pom
[INFO] Downloading: http://insecure.repo1.maven.org/maven2/org/hamcrest/hamcrest-parent/1.3/hamcrest-parent-1.3.pom
[INFO] Downloaded: http://insecure.repo1.maven.org/maven2/org/hamcrest/hamcrest-parent/1.3/hamcrest-parent-1.3.pom (2 KB at 101.4 KB/sec)
[INFO] Downloading: https://oss.sonatype.org/content/repositories/releases/org/hamcrest/hamcrest-parent/1.3/hamcrest-parent-1.3.pom
[INFO] Downloaded: https://oss.sonatype.org/content/repositories/releases/org/hamcrest/hamcrest-parent/1.3/hamcrest-parent-1.3.pom (2 KB at 9.3 KB/sec)
[INFO] Downloading: https://repository.apache.org/releases/org/hamcrest/hamcrest-parent/1.3/hamcrest-parent-1.3.pom
[INFO] Downloading: http://insecure.repo1.maven.org/maven2/org/assertj/assertj-core/1.7.0/assertj-core-1.7.0.pom
[INFO] Downloaded: http://insecure.repo1.maven.org/maven2/org/assertj/assertj-core/1.7.0/assertj-core-1.7.0.pom (5 KB at 237.3 KB/sec)
[INFO] Downloading: https://oss.sonatype.org/content/repositories/releases/org/assertj/assertj-core/1.7.0/assertj-core-1.7.0.pom
[INFO] Downloaded: https://oss.sonatype.org/content/repositories/releases/org/assertj/assertj-core/1.7.0/assertj-core-1.7.0.pom (5 KB at 21.3 KB/sec)
[INFO] Downloading: https://repository.apache.org/releases/org/assertj/assertj-core/1.7.0/assertj-core-1.7.0.pom
[INFO] Downloading: http://insecure.repo1.maven.org/maven2/org/assertj/assertj-parent-pom/1.2.6/assertj-parent-pom-1.2.6.pom
[INFO] Downloaded: http://insecure.repo1.maven.org/maven2/org/assertj/assertj-parent-pom/1.2.6/assertj-parent-pom-1.2.6.pom (14 KB at 594.9 KB/sec)
[INFO] Downloading: https://oss.sonatype.org/content/repositories/releases/org/assertj/assertj-parent-pom/1.2.6/assertj-parent-pom-1.2.6.pom
[INFO] Downloaded: https://oss.sonatype.org/content/repositories/releases/org/assertj/assertj-parent-pom/1.2.6/assertj-parent-pom-1.2.6.pom (14 KB at 61.2 KB/sec)
[INFO] Downloading: https://repository.apache.org/releases/org/assertj/assertj-parent-pom/1.2.6/assertj-parent-pom-1.2.6.pom
[INFO] Downloading: http://insecure.repo1.maven.org/maven2/org/mockito/mockito-core/1.9.5/mockito-core-1.9.5.pom
[INFO] Downloaded: http://insecure.repo1.maven.org/maven2/org/mockito/mockito-core/1.9.5/mockito-core-1.9.5.pom (2 KB at 74.6 KB/sec)
[INFO] Downloading: https://oss.sonatype.org/content/repositories/releases/org/mockito/mockito-core/1.9.5/mockito-core-1.9.5.pom
[INFO] Downloaded: https://oss.sonatype.org/content/repositories/releases/org/mockito/mockito-core/1.9.5/mockito-core-1.9.5.pom (2 KB at 6.9 KB/sec)
[INFO] Downloading: https://repository.apache.org/releases/org/mockito/mockito-core/1.9.5/mockito-core-1.9.5.pom
[INFO] Downloading: http://insecure.repo1.maven.org/maven2/org/hamcrest/hamcrest-core/1.1/hamcrest-core-1.1.pom
[INFO] Downloaded: http://insecure.repo1.maven.org/maven2/org/hamcrest/hamcrest-core/1.1/hamcrest-core-1.1.pom (481 B at 26.1 KB/sec)
[INFO] Downloading: https://oss.sonatype.org/content/repositories/releases/org/hamcrest/hamcrest-core/1.1/hamcrest-core-1.1.pom
[INFO] Downloaded: https://oss.sonatype.org/content/repositories/releases/org/hamcrest/hamcrest-core/1.1/hamcrest-core-1.1.pom (481 B at 2.3 KB/sec)
[INFO] Downloading: https://repository.apache.org/releases/org/hamcrest/hamcrest-core/1.1/hamcrest-core-1.1.pom
[INFO] Downloading: http://insecure.repo1.maven.org/maven2/org/hamcrest/hamcrest-parent/1.1/hamcrest-parent-1.1.pom
[INFO] Downloaded: http://insecure.repo1.maven.org/maven2/org/hamcrest/hamcrest-parent/1.1/hamcrest-parent-1.1.pom (6 KB at 287.0 KB/sec)
[INFO] Downloading: https://oss.sonatype.org/content/repositories/releases/org/hamcrest/hamcrest-parent/1.1/hamcrest-parent-1.1.pom
[INFO] Downloaded: https://oss.sonatype.org/content/repositories/releases/org/hamcrest/hamcrest-parent/1.1/hamcrest-parent-1.1.pom (6 KB at 27.5 KB/sec)
[INFO] Downloading: https://repository.apache.org/releases/org/hamcrest/hamcrest-parent/1.1/hamcrest-parent-1.1.pom
[INFO] Downloading: http://insecure.repo1.maven.org/maven2/org/objenesis/objenesis/1.0/objenesis-1.0.pom
[INFO] Downloaded: http://insecure.repo1.maven.org/maven2/org/objenesis/objenesis/1.0/objenesis-1.0.pom (853 B at 46.3 KB/sec)
[INFO] Downloading: https://oss.sonatype.org/content/repositories/releases/org/objenesis/objenesis/1.0/objenesis-1.0.pom
[INFO] Downloaded: https://oss.sonatype.org/content/repositories/releases/org/objenesis/objenesis/1.0/objenesis-1.0.pom (853 B at 4.0 KB/sec)
[INFO] Downloading: https://repository.apache.org/releases/org/objenesis/objenesis/1.0/objenesis-1.0.pom
[INFO] Downloading: http://insecure.repo1.maven.org/maven2/com/google/guava/guava/18.0/guava-18.0.pom
[INFO] Downloaded: http://insecure.repo1.maven.org/maven2/com/google/guava/guava/18.0/guava-18.0.pom (6 KB at 263.5 KB/sec)
[INFO] Downloading: https://oss.sonatype.org/content/repositories/releases/com/google/guava/guava/18.0/guava-18.0.pom
[INFO] Downloaded: https://oss.sonatype.org/content/repositories/releases/com/google/guava/guava/18.0/guava-18.0.pom (6 KB at 26.6 KB/sec)
[INFO] Downloading: https://repository.apache.org/releases/com/google/guava/guava/18.0/guava-18.0.pom
[INFO] Downloading: http://insecure.repo1.maven.org/maven2/com/google/guava/guava-parent/18.0/guava-parent-18.0.pom
[INFO] Downloaded: http://insecure.repo1.maven.org/maven2/com/google/guava/guava-parent/18.0/guava-parent-18.0.pom (8 KB at 341.2 KB/sec)
[INFO] Downloading: https://oss.sonatype.org/content/repositories/releases/com/google/guava/guava-parent/18.0/guava-parent-18.0.pom
[INFO] Downloaded: https://oss.sonatype.org/content/repositories/releases/com/google/guava/guava-parent/18.0/guava-parent-18.0.pom (8 KB at 35.7 KB/sec)
[INFO] Downloading: https://repository.apache.org/releases/com/google/guava/guava-parent/18.0/guava-parent-18.0.pom
[INFO] Downloading: http://insecure.repo1.maven.org/maven2/com/squareup/okhttp/mockwebserver/2.2.0/mockwebserver-2.2.0.pom
[INFO] Downloaded: http://insecure.repo1.maven.org/maven2/com/squareup/okhttp/mockwebserver/2.2.0/mockwebserver-2.2.0.pom (2 KB at 81.7 KB/sec)
[INFO] Downloading: https://oss.sonatype.org/content/repositories/releases/com/squareup/okhttp/mockwebserver/2.2.0/mockwebserver-2.2.0.pom
[INFO] Downloaded: https://oss.sonatype.org/content/repositories/releases/com/squareup/okhttp/mockwebserver/2.2.0/mockwebserver-2.2.0.pom (2 KB at 7.1 KB/sec)
[INFO] Downloading: https://repository.apache.org/releases/com/squareup/okhttp/mockwebserver/2.2.0/mockwebserver-2.2.0.pom
[INFO] Downloading: http://insecure.repo1.maven.org/maven2/org/bouncycastle/bcprov-jdk15on/1.50/bcprov-jdk15on-1.50.pom
[INFO] Downloaded: http://insecure.repo1.maven.org/maven2/org/bouncycastle/bcprov-jdk15on/1.50/bcprov-jdk15on-1.50.pom (2 KB at 53.7 KB/sec)
[INFO] Downloading: https://oss.sonatype.org/content/repositories/releases/org/bouncycastle/bcprov-jdk15on/1.50/bcprov-jdk15on-1.50.pom
[INFO] Downloaded: https://oss.sonatype.org/content/repositories/releases/org/bouncycastle/bcprov-jdk15on/1.50/bcprov-jdk15on-1.50.pom (2 KB at 5.4 KB/sec)
[INFO] Downloading: https://repository.apache.org/releases/org/bouncycastle/bcprov-jdk15on/1.50/bcprov-jdk15on-1.50.pom
[INFO] Downloading: http://insecure.repo1.maven.org/maven2/com/google/code/gson/gson/2.3.1/gson-2.3.1.jar
[INFO] Downloading: http://insecure.repo1.maven.org/maven2/com/google/android/android/4.1.1.4/android-4.1.1.4.jar
[INFO] Downloading: http://insecure.repo1.maven.org/maven2/commons-logging/commons-logging/1.1.1/commons-logging-1.1.1.jar
[INFO] Downloading: http://insecure.repo1.maven.org/maven2/org/apache/httpcomponents/httpclient/4.0.1/httpclient-4.0.1.jar
[INFO] Downloading: http://insecure.repo1.maven.org/maven2/org/khronos/opengl-api/gl1.1-android-2.1_r1/opengl-api-gl1.1-android-2.1_r1.jar
[INFO] Downloaded: http://insecure.repo1.maven.org/maven2/org/khronos/opengl-api/gl1.1-android-2.1_r1/opengl-api-gl1.1-android-2.1_r1.jar (19 KB at 172.0 KB/sec)
[INFO] Downloading: http://insecure.repo1.maven.org/maven2/xerces/xmlParserAPIs/2.6.2/xmlParserAPIs-2.6.2.jar
[INFO] Downloaded: http://insecure.repo1.maven.org/maven2/commons-logging/commons-logging/1.1.1/commons-logging-1.1.1.jar (60 KB at 392.5 KB/sec)
[INFO] Downloading: http://insecure.repo1.maven.org/maven2/xpp3/xpp3/1.1.4c/xpp3-1.1.4c.jar
[INFO] Downloaded: http://insecure.repo1.maven.org/maven2/xpp3/xpp3/1.1.4c/xpp3-1.1.4c.jar (118 KB at 627.0 KB/sec)
[INFO] Downloading: http://insecure.repo1.maven.org/maven2/org/json/json/20080701/json-20080701.jar
[INFO] Downloaded: http://insecure.repo1.maven.org/maven2/com/google/code/gson/gson/2.3.1/gson-2.3.1.jar (206 KB at 504.7 KB/sec)
[INFO] Downloaded: http://insecure.repo1.maven.org/maven2/org/json/json/20080701/json-20080701.jar (37 KB at 536.0 KB/sec)
[INFO] Downloading: http://insecure.repo1.maven.org/maven2/com/squareup/okhttp/okhttp/2.2.0/okhttp-2.2.0.jar
[INFO] Downloading: http://insecure.repo1.maven.org/maven2/com/squareup/okio/okio/1.2.0/okio-1.2.0.jar
[INFO] Downloaded: http://insecure.repo1.maven.org/maven2/xerces/xmlParserAPIs/2.6.2/xmlParserAPIs-2.6.2.jar (122 KB at 363.6 KB/sec)
[INFO] Downloading: http://insecure.repo1.maven.org/maven2/io/reactivex/rxjava/1.0.0/rxjava-1.0.0.jar
[INFO] Downloaded: http://insecure.repo1.maven.org/maven2/com/squareup/okio/okio/1.2.0/okio-1.2.0.jar (54 KB at 546.5 KB/sec)
[INFO] Downloading: http://insecure.repo1.maven.org/maven2/junit/junit/4.11/junit-4.11.jar
[INFO] Downloaded: http://insecure.repo1.maven.org/maven2/io/reactivex/rxjava/1.0.0/rxjava-1.0.0.jar (658 KB at 7391.1 KB/sec)
[INFO] Downloading: http://insecure.repo1.maven.org/maven2/org/hamcrest/hamcrest-core/1.3/hamcrest-core-1.3.jar
[INFO] Downloaded: http://insecure.repo1.maven.org/maven2/org/apache/httpcomponents/httpclient/4.0.1/httpclient-4.0.1.jar (285 KB at 525.4 KB/sec)
[INFO] Downloading: http://insecure.repo1.maven.org/maven2/org/assertj/assertj-core/1.7.0/assertj-core-1.7.0.jar
[INFO] Downloaded: http://insecure.repo1.maven.org/maven2/org/hamcrest/hamcrest-core/1.3/hamcrest-core-1.3.jar (44 KB at 3382.2 KB/sec)
[INFO] Downloading: http://insecure.repo1.maven.org/maven2/org/mockito/mockito-core/1.9.5/mockito-core-1.9.5.jar
[INFO] Downloaded: http://insecure.repo1.maven.org/maven2/junit/junit/4.11/junit-4.11.jar (240 KB at 3067.9 KB/sec)
[INFO] Downloading: http://insecure.repo1.maven.org/maven2/org/objenesis/objenesis/1.0/objenesis-1.0.jar
[INFO] Downloaded: http://insecure.repo1.maven.org/maven2/org/objenesis/objenesis/1.0/objenesis-1.0.jar (28 KB at 1992.8 KB/sec)
[INFO] Downloading: http://insecure.repo1.maven.org/maven2/com/google/guava/guava/18.0/guava-18.0.jar
[INFO] Downloaded: http://insecure.repo1.maven.org/maven2/org/mockito/mockito-core/1.9.5/mockito-core-1.9.5.jar (1465 KB at 22888.4 KB/sec)
[INFO] Downloading: http://insecure.repo1.maven.org/maven2/com/squareup/okhttp/mockwebserver/2.2.0/mockwebserver-2.2.0.jar
[INFO] Downloaded: http://insecure.repo1.maven.org/maven2/com/squareup/okhttp/mockwebserver/2.2.0/mockwebserver-2.2.0.jar (40 KB at 2631.6 KB/sec)
[INFO] Downloading: http://insecure.repo1.maven.org/maven2/org/bouncycastle/bcprov-jdk15on/1.50/bcprov-jdk15on-1.50.jar
[INFO] Downloaded: http://insecure.repo1.maven.org/maven2/org/assertj/assertj-core/1.7.0/assertj-core-1.7.0.jar (605 KB at 7555.4 KB/sec)
[INFO] Downloaded: http://insecure.repo1.maven.org/maven2/com/google/guava/guava/18.0/guava-18.0.jar (2204 KB at 28991.2 KB/sec)
[INFO] Downloaded: http://insecure.repo1.maven.org/maven2/org/bouncycastle/bcprov-jdk15on/1.50/bcprov-jdk15on-1.50.jar (2669 KB at 26163.1 KB/sec)
[INFO] Downloaded: http://insecure.repo1.maven.org/maven2/com/squareup/okhttp/okhttp/2.2.0/okhttp-2.2.0.jar (304 KB at 631.5 KB/sec)
[INFO] Downloaded: http://insecure.repo1.maven.org/maven2/com/google/android/android/4.1.1.4/android-4.1.1.4.jar (12645 KB at 3219.0 KB/sec)
[INFO] Downloading: https://oss.sonatype.org/content/repositories/releases/com/google/code/gson/gson/2.3.1/gson-2.3.1.jar
[INFO] Downloading: https://oss.sonatype.org/content/repositories/releases/com/google/android/android/4.1.1.4/android-4.1.1.4.jar
[INFO] Downloading: https://oss.sonatype.org/content/repositories/releases/commons-logging/commons-logging/1.1.1/commons-logging-1.1.1.jar
[INFO] Downloading: https://oss.sonatype.org/content/repositories/releases/org/apache/httpcomponents/httpclient/4.0.1/httpclient-4.0.1.jar
[INFO] Downloading: https://oss.sonatype.org/content/repositories/releases/org/khronos/opengl-api/gl1.1-android-2.1_r1/opengl-api-gl1.1-android-2.1_r1.jar
[INFO] Downloaded: https://oss.sonatype.org/content/repositories/releases/com/google/code/gson/gson/2.3.1/gson-2.3.1.jar (206 KB at 707.6 KB/sec)
[INFO] Downloading: https://oss.sonatype.org/content/repositories/releases/xerces/xmlParserAPIs/2.6.2/xmlParserAPIs-2.6.2.jar
[INFO] Downloaded: https://oss.sonatype.org/content/repositories/releases/org/khronos/opengl-api/gl1.1-android-2.1_r1/opengl-api-gl1.1-android-2.1_r1.jar (19 KB at 38.3 KB/sec)
[INFO] Downloading: https://oss.sonatype.org/content/repositories/releases/xpp3/xpp3/1.1.4c/xpp3-1.1.4c.jar
[INFO] Downloaded: https://oss.sonatype.org/content/repositories/releases/commons-logging/commons-logging/1.1.1/commons-logging-1.1.1.jar (60 KB at 124.2 KB/sec)
[INFO] Downloading: https://oss.sonatype.org/content/repositories/releases/org/json/json/20080701/json-20080701.jar
[INFO] Downloaded: https://oss.sonatype.org/content/repositories/releases/xerces/xmlParserAPIs/2.6.2/xmlParserAPIs-2.6.2.jar (122 KB at 472.1 KB/sec)
[INFO] Downloading: https://oss.sonatype.org/content/repositories/releases/com/squareup/okhttp/okhttp/2.2.0/okhttp-2.2.0.jar
[INFO] Downloaded: https://oss.sonatype.org/content/repositories/releases/org/apache/httpcomponents/httpclient/4.0.1/httpclient-4.0.1.jar (285 KB at 498.6 KB/sec)
[INFO] Downloading: https://oss.sonatype.org/content/repositories/releases/com/squareup/okio/okio/1.2.0/okio-1.2.0.jar
[INFO] Downloaded: https://oss.sonatype.org/content/repositories/releases/org/json/json/20080701/json-20080701.jar (37 KB at 162.9 KB/sec)
[INFO] Downloading: https://oss.sonatype.org/content/repositories/releases/io/reactivex/rxjava/1.0.0/rxjava-1.0.0.jar
[INFO] Downloaded: https://oss.sonatype.org/content/repositories/releases/xpp3/xpp3/1.1.4c/xpp3-1.1.4c.jar (118 KB at 429.5 KB/sec)
[INFO] Downloading: https://oss.sonatype.org/content/repositories/releases/junit/junit/4.11/junit-4.11.jar
[INFO] Downloaded: https://oss.sonatype.org/content/repositories/releases/com/squareup/okio/okio/1.2.0/okio-1.2.0.jar (54 KB at 233.9 KB/sec)
[INFO] Downloading: https://oss.sonatype.org/content/repositories/releases/org/hamcrest/hamcrest-core/1.3/hamcrest-core-1.3.jar
[INFO] Downloaded: https://oss.sonatype.org/content/repositories/releases/com/squareup/okhttp/okhttp/2.2.0/okhttp-2.2.0.jar (304 KB at 878.0 KB/sec)
[INFO] Downloading: https://oss.sonatype.org/content/repositories/releases/org/assertj/assertj-core/1.7.0/assertj-core-1.7.0.jar
[INFO] Downloaded: https://oss.sonatype.org/content/repositories/releases/org/hamcrest/hamcrest-core/1.3/hamcrest-core-1.3.jar (44 KB at 194.6 KB/sec)
[INFO] Downloading: https://oss.sonatype.org/content/repositories/releases/org/mockito/mockito-core/1.9.5/mockito-core-1.9.5.jar
[INFO] Downloaded: https://oss.sonatype.org/content/repositories/releases/junit/junit/4.11/junit-4.11.jar (240 KB at 795.0 KB/sec)
[INFO] Downloading: https://oss.sonatype.org/content/repositories/releases/org/objenesis/objenesis/1.0/objenesis-1.0.jar
[INFO] Downloaded: https://oss.sonatype.org/content/repositories/releases/io/reactivex/rxjava/1.0.0/rxjava-1.0.0.jar (658 KB at 1455.3 KB/sec)
[INFO] Downloading: https://oss.sonatype.org/content/repositories/releases/com/google/guava/guava/18.0/guava-18.0.jar
[INFO] Downloaded: https://oss.sonatype.org/content/repositories/releases/org/objenesis/objenesis/1.0/objenesis-1.0.jar (28 KB at 124.0 KB/sec)
[INFO] Downloading: https://oss.sonatype.org/content/repositories/releases/com/squareup/okhttp/mockwebserver/2.2.0/mockwebserver-2.2.0.jar
[INFO] Downloaded: https://oss.sonatype.org/content/repositories/releases/org/assertj/assertj-core/1.7.0/assertj-core-1.7.0.jar (605 KB at 1412.2 KB/sec)
[INFO] Downloading: https://oss.sonatype.org/content/repositories/releases/org/bouncycastle/bcprov-jdk15on/1.50/bcprov-jdk15on-1.50.jar
[INFO] Downloaded: https://oss.sonatype.org/content/repositories/releases/com/squareup/okhttp/mockwebserver/2.2.0/mockwebserver-2.2.0.jar (40 KB at 168.7 KB/sec)
[INFO] Downloaded: https://oss.sonatype.org/content/repositories/releases/org/mockito/mockito-core/1.9.5/mockito-core-1.9.5.jar (1465 KB at 2107.7 KB/sec)
[INFO] Downloaded: https://oss.sonatype.org/content/repositories/releases/com/google/guava/guava/18.0/guava-18.0.jar (2204 KB at 2489.6 KB/sec)
[INFO] Downloaded: https://oss.sonatype.org/content/repositories/releases/org/bouncycastle/bcprov-jdk15on/1.50/bcprov-jdk15on-1.50.jar (2669 KB at 2682.0 KB/sec)
[INFO] Downloaded: https://oss.sonatype.org/content/repositories/releases/com/google/android/android/4.1.1.4/android-4.1.1.4.jar (12645 KB at 2986.4 KB/sec)
[INFO] Downloading: https://repository.apache.org/releases/com/google/code/gson/gson/2.3.1/gson-2.3.1.jar
[INFO] Downloading: https://repository.apache.org/releases/com/google/android/android/4.1.1.4/android-4.1.1.4.jar
[INFO] Downloading: https://repository.apache.org/releases/commons-logging/commons-logging/1.1.1/commons-logging-1.1.1.jar
[INFO] Downloading: https://repository.apache.org/releases/org/apache/httpcomponents/httpclient/4.0.1/httpclient-4.0.1.jar
[INFO] Downloading: https://repository.apache.org/releases/org/khronos/opengl-api/gl1.1-android-2.1_r1/opengl-api-gl1.1-android-2.1_r1.jar
[INFO] Downloading: https://repository.apache.org/releases/xerces/xmlParserAPIs/2.6.2/xmlParserAPIs-2.6.2.jar
[INFO] Downloading: https://repository.apache.org/releases/xpp3/xpp3/1.1.4c/xpp3-1.1.4c.jar
[INFO] Downloading: https://repository.apache.org/releases/org/json/json/20080701/json-20080701.jar
[INFO] Downloading: https://repository.apache.org/releases/com/squareup/okhttp/okhttp/2.2.0/okhttp-2.2.0.jar
[INFO] Downloading: https://repository.apache.org/releases/com/squareup/okio/okio/1.2.0/okio-1.2.0.jar
[INFO] Downloading: https://repository.apache.org/releases/io/reactivex/rxjava/1.0.0/rxjava-1.0.0.jar
[INFO] Downloading: https://repository.apache.org/releases/junit/junit/4.11/junit-4.11.jar
[INFO] Downloading: https://repository.apache.org/releases/org/hamcrest/hamcrest-core/1.3/hamcrest-core-1.3.jar
[INFO] Downloading: https://repository.apache.org/releases/org/assertj/assertj-core/1.7.0/assertj-core-1.7.0.jar
[INFO] Downloading: https://repository.apache.org/releases/org/mockito/mockito-core/1.9.5/mockito-core-1.9.5.jar
[INFO] Downloading: https://repository.apache.org/releases/org/objenesis/objenesis/1.0/objenesis-1.0.jar
[INFO] Downloading: https://repository.apache.org/releases/com/google/guava/guava/18.0/guava-18.0.jar
[INFO] Downloading: https://repository.apache.org/releases/com/squareup/okhttp/mockwebserver/2.2.0/mockwebserver-2.2.0.jar
[INFO] Downloading: https://repository.apache.org/releases/org/bouncycastle/bcprov-jdk15on/1.50/bcprov-jdk15on-1.50.jar
[INFO] 
[INFO] --- maven-enforcer-plugin:1.0:enforce (enforce-maven) @ retrofit ---
[INFO] 
[INFO] --- maven-resources-plugin:2.6:resources (default-resources) @ retrofit ---
[INFO] Downloading: https://repo.maven.apache.org/maven2/org/apache/maven/maven-core/2.0.6/maven-core-2.0.6.pom
[INFO] Downloaded: https://repo.maven.apache.org/maven2/org/apache/maven/maven-core/2.0.6/maven-core-2.0.6.pom (7 KB at 252.1 KB/sec)
[INFO] Downloading: https://repo.maven.apache.org/maven2/org/apache/maven/maven-plugin-parameter-documenter/2.0.6/maven-plugin-parameter-documenter-2.0.6.pom
[INFO] Downloaded: https://repo.maven.apache.org/maven2/org/apache/maven/maven-plugin-parameter-documenter/2.0.6/maven-plugin-parameter-documenter-2.0.6.pom (2 KB at 116.6 KB/sec)
[INFO] Downloading: https://repo.maven.apache.org/maven2/org/apache/maven/maven-error-diagnostics/2.0.6/maven-error-diagnostics-2.0.6.pom
[INFO] Downloaded: https://repo.maven.apache.org/maven2/org/apache/maven/maven-error-diagnostics/2.0.6/maven-error-diagnostics-2.0.6.pom (2 KB at 97.9 KB/sec)
[INFO] Downloading: https://repo.maven.apache.org/maven2/org/apache/maven/maven-plugin-descriptor/2.0.6/maven-plugin-descriptor-2.0.6.pom
[INFO] Downloaded: https://repo.maven.apache.org/maven2/org/apache/maven/maven-plugin-descriptor/2.0.6/maven-plugin-descriptor-2.0.6.pom (2 KB at 103.7 KB/sec)
[INFO] Downloading: https://repo.maven.apache.org/maven2/org/apache/maven/maven-monitor/2.0.6/maven-monitor-2.0.6.pom
[INFO] Downloaded: https://repo.maven.apache.org/maven2/org/apache/maven/maven-monitor/2.0.6/maven-monitor-2.0.6.pom (2 KB at 72.0 KB/sec)
[INFO] Downloading: https://repo.maven.apache.org/maven2/org/apache/maven/shared/maven-filtering/1.1/maven-filtering-1.1.pom
[INFO] Downloaded: https://repo.maven.apache.org/maven2/org/apache/maven/shared/maven-filtering/1.1/maven-filtering-1.1.pom (6 KB at 269.2 KB/sec)
[INFO] Downloading: https://repo.maven.apache.org/maven2/org/codehaus/plexus/plexus-interpolation/1.12/plexus-interpolation-1.12.pom
[INFO] Downloaded: https://repo.maven.apache.org/maven2/org/codehaus/plexus/plexus-interpolation/1.12/plexus-interpolation-1.12.pom (889 B at 54.3 KB/sec)
[INFO] Downloading: https://repo.maven.apache.org/maven2/org/sonatype/plexus/plexus-build-api/0.0.4/plexus-build-api-0.0.4.pom
[INFO] Downloaded: https://repo.maven.apache.org/maven2/org/sonatype/plexus/plexus-build-api/0.0.4/plexus-build-api-0.0.4.pom (3 KB at 155.3 KB/sec)
[INFO] Downloading: https://repo.maven.apache.org/maven2/org/sonatype/spice/spice-parent/10/spice-parent-10.pom
[INFO] Downloaded: https://repo.maven.apache.org/maven2/org/sonatype/spice/spice-parent/10/spice-parent-10.pom (3 KB at 86.6 KB/sec)
[INFO] Downloading: https://repo.maven.apache.org/maven2/org/sonatype/forge/forge-parent/3/forge-parent-3.pom
[INFO] Downloaded: https://repo.maven.apache.org/maven2/org/sonatype/forge/forge-parent/3/forge-parent-3.pom (5 KB at 245.8 KB/sec)
[INFO] Downloading: https://repo.maven.apache.org/maven2/org/apache/maven/reporting/maven-reporting-api/2.0.6/maven-reporting-api-2.0.6.jar
[INFO] Downloading: https://repo.maven.apache.org/maven2/org/apache/maven/doxia/doxia-sink-api/1.0-alpha-7/doxia-sink-api-1.0-alpha-7.jar
[INFO] Downloading: https://repo.maven.apache.org/maven2/org/apache/maven/shared/maven-filtering/1.1/maven-filtering-1.1.jar
[INFO] Downloading: https://repo.maven.apache.org/maven2/org/sonatype/plexus/plexus-build-api/0.0.4/plexus-build-api-0.0.4.jar
[INFO] Downloaded: https://repo.maven.apache.org/maven2/org/apache/maven/doxia/doxia-sink-api/1.0-alpha-7/doxia-sink-api-1.0-alpha-7.jar (6 KB at 305.1 KB/sec)
[INFO] Downloaded: https://repo.maven.apache.org/maven2/org/apache/maven/reporting/maven-reporting-api/2.0.6/maven-reporting-api-2.0.6.jar (10 KB at 510.9 KB/sec)
[INFO] Downloaded: https://repo.maven.apache.org/maven2/org/sonatype/plexus/plexus-build-api/0.0.4/plexus-build-api-0.0.4.jar (7 KB at 332.5 KB/sec)
[INFO] Downloaded: https://repo.maven.apache.org/maven2/org/apache/maven/shared/maven-filtering/1.1/maven-filtering-1.1.jar (43 KB at 1002.3 KB/sec)
[INFO] Using 'UTF-8' encoding to copy filtered resources.
[INFO] skip non existing resourceDirectory /home/travis/build/failed/square/retrofit/retrofit/src/main/resources
[INFO] 
[INFO] --- maven-compiler-plugin:3.0:compile (default-compile) @ retrofit ---
[INFO] Downloading: https://repo.maven.apache.org/maven2/org/codehaus/plexus/plexus-utils/1.5.1/plexus-utils-1.5.1.pom
[INFO] Downloaded: https://repo.maven.apache.org/maven2/org/codehaus/plexus/plexus-utils/1.5.1/plexus-utils-1.5.1.pom (3 KB at 124.6 KB/sec)
[INFO] Downloading: https://repo.maven.apache.org/maven2/org/apache/maven/maven-toolchain/1.0/maven-toolchain-1.0.pom
[INFO] Downloaded: https://repo.maven.apache.org/maven2/org/apache/maven/maven-toolchain/1.0/maven-toolchain-1.0.pom (4 KB at 196.1 KB/sec)
[INFO] Downloading: https://repo.maven.apache.org/maven2/org/apache/maven/shared/maven-shared-utils/0.1/maven-shared-utils-0.1.pom
[INFO] Downloaded: https://repo.maven.apache.org/maven2/org/apache/maven/shared/maven-shared-utils/0.1/maven-shared-utils-0.1.pom (4 KB at 219.6 KB/sec)
[INFO] Downloading: https://repo.maven.apache.org/maven2/org/apache/maven/shared/maven-shared-components/18/maven-shared-components-18.pom
[INFO] Downloaded: https://repo.maven.apache.org/maven2/org/apache/maven/shared/maven-shared-components/18/maven-shared-components-18.pom (5 KB at 253.6 KB/sec)
[INFO] Downloading: https://repo.maven.apache.org/maven2/com/google/code/findbugs/jsr305/2.0.1/jsr305-2.0.1.pom
[INFO] Downloaded: https://repo.maven.apache.org/maven2/com/google/code/findbugs/jsr305/2.0.1/jsr305-2.0.1.pom (965 B at 49.6 KB/sec)
[INFO] Downloading: https://repo.maven.apache.org/maven2/org/apache/maven/shared/maven-shared-incremental/1.0/maven-shared-incremental-1.0.pom
[INFO] Downloaded: https://repo.maven.apache.org/maven2/org/apache/maven/shared/maven-shared-incremental/1.0/maven-shared-incremental-1.0.pom (5 KB at 220.5 KB/sec)
[INFO] Downloading: https://repo.maven.apache.org/maven2/org/apache/maven/maven-core/2.2.1/maven-core-2.2.1.pom
[INFO] Downloaded: https://repo.maven.apache.org/maven2/org/apache/maven/maven-core/2.2.1/maven-core-2.2.1.pom (12 KB at 420.8 KB/sec)
[INFO] Downloading: https://repo.maven.apache.org/maven2/org/apache/maven/maven-plugin-parameter-documenter/2.2.1/maven-plugin-parameter-documenter-2.2.1.pom
[INFO] Downloaded: https://repo.maven.apache.org/maven2/org/apache/maven/maven-plugin-parameter-documenter/2.2.1/maven-plugin-parameter-documenter-2.2.1.pom (2 KB at 106.2 KB/sec)
[INFO] Downloading: https://repo.maven.apache.org/maven2/org/slf4j/slf4j-jdk14/1.5.6/slf4j-jdk14-1.5.6.pom
[INFO] Downloaded: https://repo.maven.apache.org/maven2/org/slf4j/slf4j-jdk14/1.5.6/slf4j-jdk14-1.5.6.pom (2 KB at 88.3 KB/sec)
[INFO] Downloading: https://repo.maven.apache.org/maven2/org/slf4j/slf4j-parent/1.5.6/slf4j-parent-1.5.6.pom
[INFO] Downloaded: https://repo.maven.apache.org/maven2/org/slf4j/slf4j-parent/1.5.6/slf4j-parent-1.5.6.pom (8 KB at 351.6 KB/sec)
[INFO] Downloading: https://repo.maven.apache.org/maven2/org/slf4j/slf4j-api/1.5.6/slf4j-api-1.5.6.pom
[INFO] Downloaded: https://repo.maven.apache.org/maven2/org/slf4j/slf4j-api/1.5.6/slf4j-api-1.5.6.pom (3 KB at 153.4 KB/sec)
[INFO] Downloading: https://repo.maven.apache.org/maven2/org/slf4j/jcl-over-slf4j/1.5.6/jcl-over-slf4j-1.5.6.pom
[INFO] Downloaded: https://repo.maven.apache.org/maven2/org/slf4j/jcl-over-slf4j/1.5.6/jcl-over-slf4j-1.5.6.pom (3 KB at 100.9 KB/sec)
[INFO] Downloading: https://repo.maven.apache.org/maven2/org/apache/maven/maven-error-diagnostics/2.2.1/maven-error-diagnostics-2.2.1.pom
[INFO] Downloaded: https://repo.maven.apache.org/maven2/org/apache/maven/maven-error-diagnostics/2.2.1/maven-error-diagnostics-2.2.1.pom (2 KB at 92.7 KB/sec)
[INFO] Downloading: https://repo.maven.apache.org/maven2/org/apache/maven/maven-plugin-descriptor/2.2.1/maven-plugin-descriptor-2.2.1.pom
[INFO] Downloaded: https://repo.maven.apache.org/maven2/org/apache/maven/maven-plugin-descriptor/2.2.1/maven-plugin-descriptor-2.2.1.pom (3 KB at 126.0 KB/sec)
[INFO] Downloading: https://repo.maven.apache.org/maven2/org/apache/maven/maven-monitor/2.2.1/maven-monitor-2.2.1.pom
[INFO] Downloaded: https://repo.maven.apache.org/maven2/org/apache/maven/maven-monitor/2.2.1/maven-monitor-2.2.1.pom (2 KB at 81.8 KB/sec)
[INFO] Downloading: https://repo.maven.apache.org/maven2/org/sonatype/plexus/plexus-sec-dispatcher/1.3/plexus-sec-dispatcher-1.3.pom
[INFO] Downloaded: https://repo.maven.apache.org/maven2/org/sonatype/plexus/plexus-sec-dispatcher/1.3/plexus-sec-dispatcher-1.3.pom (3 KB at 152.2 KB/sec)
[INFO] Downloading: https://repo.maven.apache.org/maven2/org/sonatype/spice/spice-parent/12/spice-parent-12.pom
[INFO] Downloaded: https://repo.maven.apache.org/maven2/org/sonatype/spice/spice-parent/12/spice-parent-12.pom (7 KB at 276.6 KB/sec)
[INFO] Downloading: https://repo.maven.apache.org/maven2/org/sonatype/forge/forge-parent/4/forge-parent-4.pom
[INFO] Downloaded: https://repo.maven.apache.org/maven2/org/sonatype/forge/forge-parent/4/forge-parent-4.pom (9 KB at 356.5 KB/sec)
[INFO] Downloading: https://repo.maven.apache.org/maven2/org/sonatype/plexus/plexus-cipher/1.4/plexus-cipher-1.4.pom
[INFO] Downloaded: https://repo.maven.apache.org/maven2/org/sonatype/plexus/plexus-cipher/1.4/plexus-cipher-1.4.pom (3 KB at 96.0 KB/sec)
[INFO] Downloading: https://repo.maven.apache.org/maven2/org/codehaus/plexus/plexus-component-annotations/1.5.5/plexus-component-annotations-1.5.5.pom
[INFO] Downloaded: https://repo.maven.apache.org/maven2/org/codehaus/plexus/plexus-component-annotations/1.5.5/plexus-component-annotations-1.5.5.pom (815 B at 41.9 KB/sec)
[INFO] Downloading: https://repo.maven.apache.org/maven2/org/codehaus/plexus/plexus-containers/1.5.5/plexus-containers-1.5.5.pom
[INFO] Downloaded: https://repo.maven.apache.org/maven2/org/codehaus/plexus/plexus-containers/1.5.5/plexus-containers-1.5.5.pom (5 KB at 207.0 KB/sec)
[INFO] Downloading: https://repo.maven.apache.org/maven2/org/codehaus/plexus/plexus/2.0.7/plexus-2.0.7.pom
[INFO] Downloaded: https://repo.maven.apache.org/maven2/org/codehaus/plexus/plexus/2.0.7/plexus-2.0.7.pom (17 KB at 625.5 KB/sec)
[INFO] Downloading: https://repo.maven.apache.org/maven2/org/codehaus/plexus/plexus-compiler-api/2.0/plexus-compiler-api-2.0.pom
[INFO] Downloaded: https://repo.maven.apache.org/maven2/org/codehaus/plexus/plexus-compiler-api/2.0/plexus-compiler-api-2.0.pom (865 B at 44.5 KB/sec)
[INFO] Downloading: https://repo.maven.apache.org/maven2/org/codehaus/plexus/plexus-compiler/2.0/plexus-compiler-2.0.pom
[INFO] Downloaded: https://repo.maven.apache.org/maven2/org/codehaus/plexus/plexus-compiler/2.0/plexus-compiler-2.0.pom (4 KB at 207.5 KB/sec)
[INFO] Downloading: https://repo.maven.apache.org/maven2/org/codehaus/plexus/plexus-components/1.3/plexus-components-1.3.pom
[INFO] Downloaded: https://repo.maven.apache.org/maven2/org/codehaus/plexus/plexus-components/1.3/plexus-components-1.3.pom (3 KB at 186.6 KB/sec)
[INFO] Downloading: https://repo.maven.apache.org/maven2/org/codehaus/plexus/plexus/3.3/plexus-3.3.pom
[INFO] Downloaded: https://repo.maven.apache.org/maven2/org/codehaus/plexus/plexus/3.3/plexus-3.3.pom (20 KB at 719.8 KB/sec)
[INFO] Downloading: https://repo.maven.apache.org/maven2/org/codehaus/plexus/plexus-utils/3.0.8/plexus-utils-3.0.8.pom
[INFO] Downloaded: https://repo.maven.apache.org/maven2/org/codehaus/plexus/plexus-utils/3.0.8/plexus-utils-3.0.8.pom (4 KB at 153.4 KB/sec)
[INFO] Downloading: https://repo.maven.apache.org/maven2/org/codehaus/plexus/plexus/3.2/plexus-3.2.pom
[INFO] Downloaded: https://repo.maven.apache.org/maven2/org/codehaus/plexus/plexus/3.2/plexus-3.2.pom (19 KB at 653.8 KB/sec)
[INFO] Downloading: https://repo.maven.apache.org/maven2/org/codehaus/plexus/plexus-compiler-manager/2.0/plexus-compiler-manager-2.0.pom
[INFO] Downloaded: https://repo.maven.apache.org/maven2/org/codehaus/plexus/plexus-compiler-manager/2.0/plexus-compiler-manager-2.0.pom (690 B at 39.6 KB/sec)
[INFO] Downloading: https://repo.maven.apache.org/maven2/org/codehaus/plexus/plexus-compiler-javac/2.0/plexus-compiler-javac-2.0.pom
[INFO] Downloaded: https://repo.maven.apache.org/maven2/org/codehaus/plexus/plexus-compiler-javac/2.0/plexus-compiler-javac-2.0.pom (769 B at 34.1 KB/sec)
[INFO] Downloading: https://repo.maven.apache.org/maven2/org/codehaus/plexus/plexus-compilers/2.0/plexus-compilers-2.0.pom
[INFO] Downloaded: https://repo.maven.apache.org/maven2/org/codehaus/plexus/plexus-compilers/2.0/plexus-compilers-2.0.pom (2 KB at 71.3 KB/sec)
[INFO] Downloading: https://repo.maven.apache.org/maven2/org/codehaus/plexus/plexus-container-default/1.5.5/plexus-container-default-1.5.5.pom
[INFO] Downloaded: https://repo.maven.apache.org/maven2/org/codehaus/plexus/plexus-container-default/1.5.5/plexus-container-default-1.5.5.pom (3 KB at 141.6 KB/sec)
[INFO] Downloading: https://repo.maven.apache.org/maven2/org/codehaus/plexus/plexus-classworlds/2.2.2/plexus-classworlds-2.2.2.pom
[INFO] Downloaded: https://repo.maven.apache.org/maven2/org/codehaus/plexus/plexus-classworlds/2.2.2/plexus-classworlds-2.2.2.pom (4 KB at 207.3 KB/sec)
[INFO] Downloading: https://repo.maven.apache.org/maven2/org/apache/xbean/xbean-reflect/3.4/xbean-reflect-3.4.pom
[INFO] Downloaded: https://repo.maven.apache.org/maven2/org/apache/xbean/xbean-reflect/3.4/xbean-reflect-3.4.pom (3 KB at 144.4 KB/sec)
[INFO] Downloading: https://repo.maven.apache.org/maven2/org/apache/xbean/xbean/3.4/xbean-3.4.pom
[INFO] Downloaded: https://repo.maven.apache.org/maven2/org/apache/xbean/xbean/3.4/xbean-3.4.pom (19 KB at 603.3 KB/sec)
[INFO] Downloading: https://repo.maven.apache.org/maven2/log4j/log4j/1.2.12/log4j-1.2.12.pom
[INFO] Downloaded: https://repo.maven.apache.org/maven2/log4j/log4j/1.2.12/log4j-1.2.12.pom (145 B at 8.3 KB/sec)
[INFO] Downloading: https://repo.maven.apache.org/maven2/commons-logging/commons-logging-api/1.1/commons-logging-api-1.1.pom
[INFO] Downloaded: https://repo.maven.apache.org/maven2/commons-logging/commons-logging-api/1.1/commons-logging-api-1.1.pom (6 KB at 248.7 KB/sec)
[INFO] Downloading: https://repo.maven.apache.org/maven2/org/codehaus/plexus/plexus-utils/1.5.1/plexus-utils-1.5.1.jar
[INFO] Downloading: https://repo.maven.apache.org/maven2/org/apache/maven/shared/maven-shared-utils/0.1/maven-shared-utils-0.1.jar
[INFO] Downloading: https://repo.maven.apache.org/maven2/com/google/code/findbugs/jsr305/2.0.1/jsr305-2.0.1.jar
[INFO] Downloading: https://repo.maven.apache.org/maven2/org/apache/maven/shared/maven-shared-incremental/1.0/maven-shared-incremental-1.0.jar
[INFO] Downloading: https://repo.maven.apache.org/maven2/org/codehaus/plexus/plexus-component-annotations/1.5.5/plexus-component-annotations-1.5.5.jar
[INFO] Downloaded: https://repo.maven.apache.org/maven2/org/codehaus/plexus/plexus-component-annotations/1.5.5/plexus-component-annotations-1.5.5.jar (5 KB at 195.8 KB/sec)
[INFO] Downloading: https://repo.maven.apache.org/maven2/org/codehaus/plexus/plexus-compiler-api/2.0/plexus-compiler-api-2.0.jar
[INFO] Downloaded: https://repo.maven.apache.org/maven2/org/apache/maven/shared/maven-shared-incremental/1.0/maven-shared-incremental-1.0.jar (13 KB at 548.4 KB/sec)
[INFO] Downloading: https://repo.maven.apache.org/maven2/org/codehaus/plexus/plexus-compiler-manager/2.0/plexus-compiler-manager-2.0.jar
[INFO] Downloaded: https://repo.maven.apache.org/maven2/com/google/code/findbugs/jsr305/2.0.1/jsr305-2.0.1.jar (32 KB at 1152.6 KB/sec)
[INFO] Downloading: https://repo.maven.apache.org/maven2/org/codehaus/plexus/plexus-compiler-javac/2.0/plexus-compiler-javac-2.0.jar
[INFO] Downloaded: https://repo.maven.apache.org/maven2/org/codehaus/plexus/plexus-compiler-manager/2.0/plexus-compiler-manager-2.0.jar (5 KB at 202.6 KB/sec)
[INFO] Downloading: https://repo.maven.apache.org/maven2/org/apache/xbean/xbean-reflect/3.4/xbean-reflect-3.4.jar
[INFO] Downloaded: https://repo.maven.apache.org/maven2/org/codehaus/plexus/plexus-compiler-javac/2.0/plexus-compiler-javac-2.0.jar (19 KB at 877.9 KB/sec)
[INFO] Downloading: https://repo.maven.apache.org/maven2/log4j/log4j/1.2.12/log4j-1.2.12.jar
[INFO] Downloaded: https://repo.maven.apache.org/maven2/org/codehaus/plexus/plexus-compiler-api/2.0/plexus-compiler-api-2.0.jar (25 KB at 841.4 KB/sec)
[INFO] Downloading: https://repo.maven.apache.org/maven2/commons-logging/commons-logging-api/1.1/commons-logging-api-1.1.jar
[INFO] Downloaded: https://repo.maven.apache.org/maven2/org/apache/maven/shared/maven-shared-utils/0.1/maven-shared-utils-0.1.jar (151 KB at 1840.2 KB/sec)
[INFO] Downloading: https://repo.maven.apache.org/maven2/junit/junit/3.8.2/junit-3.8.2.jar
[INFO] Downloaded: https://repo.maven.apache.org/maven2/commons-logging/commons-logging-api/1.1/commons-logging-api-1.1.jar (44 KB at 1037.0 KB/sec)
[INFO] Downloaded: https://repo.maven.apache.org/maven2/org/codehaus/plexus/plexus-utils/1.5.1/plexus-utils-1.5.1.jar (206 KB at 2099.4 KB/sec)
[INFO] Downloaded: https://repo.maven.apache.org/maven2/org/apache/xbean/xbean-reflect/3.4/xbean-reflect-3.4.jar (131 KB at 1815.1 KB/sec)
[INFO] Downloaded: https://repo.maven.apache.org/maven2/junit/junit/3.8.2/junit-3.8.2.jar (118 KB at 1785.0 KB/sec)
[INFO] Downloaded: https://repo.maven.apache.org/maven2/log4j/log4j/1.2.12/log4j-1.2.12.jar (350 KB at 2241.6 KB/sec)
[INFO] Changes detected - recompiling the module!
[INFO] Compiling 61 source files to /home/travis/build/failed/square/retrofit/retrofit/target/classes
[INFO] 
[INFO] --- maven-resources-plugin:2.6:testResources (default-testResources) @ retrofit ---
[INFO] Using 'UTF-8' encoding to copy filtered resources.
[INFO] skip non existing resourceDirectory /home/travis/build/failed/square/retrofit/retrofit/src/test/resources
[INFO] 
[INFO] --- maven-compiler-plugin:3.0:testCompile (default-testCompile) @ retrofit ---
[INFO] Changes detected - recompiling the module!
[INFO] Compiling 19 source files to /home/travis/build/failed/square/retrofit/retrofit/target/test-classes
[WARNING] /home/travis/build/failed/square/retrofit/retrofit/src/test/java/retrofit/CallbackRunnableTest.java: Some input files use unchecked or unsafe operations.
[WARNING] /home/travis/build/failed/square/retrofit/retrofit/src/test/java/retrofit/CallbackRunnableTest.java: Recompile with -Xlint:unchecked for details.
[INFO] 
[INFO] --- maven-surefire-plugin:2.12.4:test (default-test) @ retrofit ---
[INFO] Downloading: https://repo.maven.apache.org/maven2/org/apache/maven/surefire/surefire-booter/2.12.4/surefire-booter-2.12.4.pom
[INFO] Downloaded: https://repo.maven.apache.org/maven2/org/apache/maven/surefire/surefire-booter/2.12.4/surefire-booter-2.12.4.pom (3 KB at 185.1 KB/sec)
[INFO] Downloading: https://repo.maven.apache.org/maven2/org/apache/maven/surefire/surefire-api/2.12.4/surefire-api-2.12.4.pom
[INFO] Downloaded: https://repo.maven.apache.org/maven2/org/apache/maven/surefire/surefire-api/2.12.4/surefire-api-2.12.4.pom (3 KB at 135.1 KB/sec)
[INFO] Downloading: https://repo.maven.apache.org/maven2/org/apache/maven/surefire/maven-surefire-common/2.12.4/maven-surefire-common-2.12.4.pom
[INFO] Downloaded: https://repo.maven.apache.org/maven2/org/apache/maven/surefire/maven-surefire-common/2.12.4/maven-surefire-common-2.12.4.pom (6 KB at 270.0 KB/sec)
[INFO] Downloading: https://repo.maven.apache.org/maven2/org/apache/maven/plugin-tools/maven-plugin-annotations/3.1/maven-plugin-annotations-3.1.pom
[INFO] Downloaded: https://repo.maven.apache.org/maven2/org/apache/maven/plugin-tools/maven-plugin-annotations/3.1/maven-plugin-annotations-3.1.pom (2 KB at 79.3 KB/sec)
[INFO] Downloading: https://repo.maven.apache.org/maven2/org/apache/maven/plugin-tools/maven-plugin-tools/3.1/maven-plugin-tools-3.1.pom
[INFO] Downloaded: https://repo.maven.apache.org/maven2/org/apache/maven/plugin-tools/maven-plugin-tools/3.1/maven-plugin-tools-3.1.pom (16 KB at 658.5 KB/sec)
[INFO] Downloading: https://repo.maven.apache.org/maven2/org/apache/maven/maven-toolchain/2.0.9/maven-toolchain-2.0.9.pom
[INFO] Downloaded: https://repo.maven.apache.org/maven2/org/apache/maven/maven-toolchain/2.0.9/maven-toolchain-2.0.9.pom (4 KB at 199.7 KB/sec)
[INFO] Downloading: https://repo.maven.apache.org/maven2/org/apache/commons/commons-lang3/3.1/commons-lang3-3.1.pom
[INFO] Downloaded: https://repo.maven.apache.org/maven2/org/apache/commons/commons-lang3/3.1/commons-lang3-3.1.pom (17 KB at 652.8 KB/sec)
[INFO] Downloading: https://repo.maven.apache.org/maven2/org/apache/commons/commons-parent/22/commons-parent-22.pom
[INFO] Downloaded: https://repo.maven.apache.org/maven2/org/apache/commons/commons-parent/22/commons-parent-22.pom (41 KB at 1137.1 KB/sec)
[INFO] Downloading: https://repo.maven.apache.org/maven2/org/apache/maven/shared/maven-common-artifact-filters/1.3/maven-common-artifact-filters-1.3.pom
[INFO] Downloaded: https://repo.maven.apache.org/maven2/org/apache/maven/shared/maven-common-artifact-filters/1.3/maven-common-artifact-filters-1.3.pom (4 KB at 200.8 KB/sec)
[INFO] Downloading: https://repo.maven.apache.org/maven2/org/apache/maven/shared/maven-shared-components/12/maven-shared-components-12.pom
[INFO] Downloaded: https://repo.maven.apache.org/maven2/org/apache/maven/shared/maven-shared-components/12/maven-shared-components-12.pom (10 KB at 396.4 KB/sec)
[INFO] Downloading: https://repo.maven.apache.org/maven2/org/apache/maven/maven-parent/13/maven-parent-13.pom
[INFO] Downloaded: https://repo.maven.apache.org/maven2/org/apache/maven/maven-parent/13/maven-parent-13.pom (23 KB at 736.8 KB/sec)
[INFO] Downloading: https://repo.maven.apache.org/maven2/org/apache/apache/6/apache-6.pom
[INFO] Downloaded: https://repo.maven.apache.org/maven2/org/apache/apache/6/apache-6.pom (13 KB at 520.7 KB/sec)
[INFO] Downloading: https://repo.maven.apache.org/maven2/org/apache/maven/surefire/surefire-booter/2.12.4/surefire-booter-2.12.4.jar
[INFO] Downloading: https://repo.maven.apache.org/maven2/org/apache/maven/surefire/surefire-api/2.12.4/surefire-api-2.12.4.jar
[INFO] Downloading: https://repo.maven.apache.org/maven2/org/apache/maven/surefire/maven-surefire-common/2.12.4/maven-surefire-common-2.12.4.jar
[INFO] Downloading: https://repo.maven.apache.org/maven2/org/apache/commons/commons-lang3/3.1/commons-lang3-3.1.jar
[INFO] Downloading: https://repo.maven.apache.org/maven2/org/apache/maven/shared/maven-common-artifact-filters/1.3/maven-common-artifact-filters-1.3.jar
[INFO] Downloaded: https://repo.maven.apache.org/maven2/org/apache/maven/shared/maven-common-artifact-filters/1.3/maven-common-artifact-filters-1.3.jar (31 KB at 1011.0 KB/sec)
[INFO] Downloading: https://repo.maven.apache.org/maven2/org/codehaus/plexus/plexus-utils/3.0.8/plexus-utils-3.0.8.jar
[INFO] Downloaded: https://repo.maven.apache.org/maven2/org/apache/maven/surefire/surefire-booter/2.12.4/surefire-booter-2.12.4.jar (34 KB at 1026.3 KB/sec)
[INFO] Downloading: https://repo.maven.apache.org/maven2/org/apache/maven/plugin-tools/maven-plugin-annotations/3.1/maven-plugin-annotations-3.1.jar
[INFO] Downloaded: https://repo.maven.apache.org/maven2/org/apache/maven/plugin-tools/maven-plugin-annotations/3.1/maven-plugin-annotations-3.1.jar (14 KB at 652.1 KB/sec)
[INFO] Downloaded: https://repo.maven.apache.org/maven2/org/apache/maven/surefire/surefire-api/2.12.4/surefire-api-2.12.4.jar (115 KB at 1822.7 KB/sec)
[INFO] Downloaded: https://repo.maven.apache.org/maven2/org/apache/maven/surefire/maven-surefire-common/2.12.4/maven-surefire-common-2.12.4.jar (257 KB at 1885.8 KB/sec)
[INFO] Downloaded: https://repo.maven.apache.org/maven2/org/apache/commons/commons-lang3/3.1/commons-lang3-3.1.jar (309 KB at 2218.7 KB/sec)
[INFO] Downloaded: https://repo.maven.apache.org/maven2/org/codehaus/plexus/plexus-utils/3.0.8/plexus-utils-3.0.8.jar (227 KB at 1728.2 KB/sec)
[INFO] Tests are skipped.
[INFO] 
[INFO] --- maven-jar-plugin:2.4:jar (default-jar) @ retrofit ---
[INFO] Downloading: https://repo.maven.apache.org/maven2/org/apache/maven/maven-archiver/2.5/maven-archiver-2.5.pom
[INFO] Downloaded: https://repo.maven.apache.org/maven2/org/apache/maven/maven-archiver/2.5/maven-archiver-2.5.pom (5 KB at 260.7 KB/sec)
[INFO] Downloading: https://repo.maven.apache.org/maven2/org/codehaus/plexus/plexus-archiver/2.1/plexus-archiver-2.1.pom
[INFO] Downloaded: https://repo.maven.apache.org/maven2/org/codehaus/plexus/plexus-archiver/2.1/plexus-archiver-2.1.pom (3 KB at 171.4 KB/sec)
[INFO] Downloading: https://repo.maven.apache.org/maven2/org/codehaus/plexus/plexus-utils/3.0/plexus-utils-3.0.pom
[INFO] Downloaded: https://repo.maven.apache.org/maven2/org/codehaus/plexus/plexus-utils/3.0/plexus-utils-3.0.pom (4 KB at 233.6 KB/sec)
[INFO] Downloading: https://repo.maven.apache.org/maven2/org/sonatype/spice/spice-parent/16/spice-parent-16.pom
[INFO] Downloaded: https://repo.maven.apache.org/maven2/org/sonatype/spice/spice-parent/16/spice-parent-16.pom (9 KB at 408.1 KB/sec)
[INFO] Downloading: https://repo.maven.apache.org/maven2/org/sonatype/forge/forge-parent/5/forge-parent-5.pom
[INFO] Downloaded: https://repo.maven.apache.org/maven2/org/sonatype/forge/forge-parent/5/forge-parent-5.pom (9 KB at 408.3 KB/sec)
[INFO] Downloading: https://repo.maven.apache.org/maven2/org/codehaus/plexus/plexus-io/2.0.2/plexus-io-2.0.2.pom
[INFO] Downloaded: https://repo.maven.apache.org/maven2/org/codehaus/plexus/plexus-io/2.0.2/plexus-io-2.0.2.pom (2 KB at 105.8 KB/sec)
[INFO] Downloading: https://repo.maven.apache.org/maven2/org/codehaus/plexus/plexus-components/1.1.19/plexus-components-1.1.19.pom
[INFO] Downloaded: https://repo.maven.apache.org/maven2/org/codehaus/plexus/plexus-components/1.1.19/plexus-components-1.1.19.pom (3 KB at 164.7 KB/sec)
[INFO] Downloading: https://repo.maven.apache.org/maven2/org/codehaus/plexus/plexus/3.0.1/plexus-3.0.1.pom
[INFO] Downloaded: https://repo.maven.apache.org/maven2/org/codehaus/plexus/plexus/3.0.1/plexus-3.0.1.pom (19 KB at 790.3 KB/sec)
[INFO] Downloading: https://repo.maven.apache.org/maven2/org/codehaus/plexus/plexus-interpolation/1.15/plexus-interpolation-1.15.pom
[INFO] Downloaded: https://repo.maven.apache.org/maven2/org/codehaus/plexus/plexus-interpolation/1.15/plexus-interpolation-1.15.pom (1018 B at 62.1 KB/sec)
[INFO] Downloading: https://repo.maven.apache.org/maven2/org/apache/maven/maven-archiver/2.5/maven-archiver-2.5.jar
[INFO] Downloading: https://repo.maven.apache.org/maven2/org/codehaus/plexus/plexus-interpolation/1.15/plexus-interpolation-1.15.jar
[INFO] Downloading: https://repo.maven.apache.org/maven2/org/codehaus/plexus/plexus-archiver/2.1/plexus-archiver-2.1.jar
[INFO] Downloading: https://repo.maven.apache.org/maven2/org/codehaus/plexus/plexus-io/2.0.2/plexus-io-2.0.2.jar
[INFO] Downloading: https://repo.maven.apache.org/maven2/org/codehaus/plexus/plexus-utils/3.0/plexus-utils-3.0.jar
[INFO] Downloaded: https://repo.maven.apache.org/maven2/org/apache/maven/maven-archiver/2.5/maven-archiver-2.5.jar (22 KB at 789.0 KB/sec)
[INFO] Downloaded: https://repo.maven.apache.org/maven2/org/codehaus/plexus/plexus-io/2.0.2/plexus-io-2.0.2.jar (57 KB at 1537.8 KB/sec)
[INFO] Downloaded: https://repo.maven.apache.org/maven2/org/codehaus/plexus/plexus-interpolation/1.15/plexus-interpolation-1.15.jar (60 KB at 1342.2 KB/sec)
[INFO] Downloaded: https://repo.maven.apache.org/maven2/org/codehaus/plexus/plexus-archiver/2.1/plexus-archiver-2.1.jar (181 KB at 2001.3 KB/sec)
[INFO] Downloaded: https://repo.maven.apache.org/maven2/org/codehaus/plexus/plexus-utils/3.0/plexus-utils-3.0.jar (221 KB at 2143.4 KB/sec)
[INFO] Building jar: /home/travis/build/failed/square/retrofit/retrofit/target/retrofit-2.0.0-SNAPSHOT.jar
[INFO] 
[INFO] --- maven-checkstyle-plugin:2.9.1:checkstyle (default) @ retrofit ---
[INFO] Starting audit...
Audit done.

[WARNING] Unable to locate Source XRef to link to - DISABLED
[INFO] 
[INFO] --- maven-install-plugin:2.4:install (default-install) @ retrofit ---
[INFO] Installing /home/travis/build/failed/square/retrofit/retrofit/target/retrofit-2.0.0-SNAPSHOT.jar to /home/travis/.m2/repository/com/squareup/retrofit/retrofit/2.0.0-SNAPSHOT/retrofit-2.0.0-SNAPSHOT.jar
[INFO] Installing /home/travis/build/failed/square/retrofit/retrofit/pom.xml to /home/travis/.m2/repository/com/squareup/retrofit/retrofit/2.0.0-SNAPSHOT/retrofit-2.0.0-SNAPSHOT.pom
[INFO]                                                                         
[INFO] ------------------------------------------------------------------------
[INFO] Building Retrofit AppEngine 2.0.0-SNAPSHOT
[INFO] ------------------------------------------------------------------------
[INFO] Downloading: http://insecure.repo1.maven.org/maven2/com/google/appengine/appengine-api-1.0-sdk/1.9.12/appengine-api-1.0-sdk-1.9.12.pom
[INFO] Downloaded: http://insecure.repo1.maven.org/maven2/com/google/appengine/appengine-api-1.0-sdk/1.9.12/appengine-api-1.0-sdk-1.9.12.pom (607 B at 39.5 KB/sec)
[INFO] Downloading: https://oss.sonatype.org/content/repositories/releases/com/google/appengine/appengine-api-1.0-sdk/1.9.12/appengine-api-1.0-sdk-1.9.12.pom
[INFO] Downloaded: https://oss.sonatype.org/content/repositories/releases/com/google/appengine/appengine-api-1.0-sdk/1.9.12/appengine-api-1.0-sdk-1.9.12.pom (607 B at 2.9 KB/sec)
[INFO] Downloading: https://repository.apache.org/releases/com/google/appengine/appengine-api-1.0-sdk/1.9.12/appengine-api-1.0-sdk-1.9.12.pom
[INFO] Downloading: http://insecure.repo1.maven.org/maven2/com/google/appengine/appengine/1.9.12/appengine-1.9.12.pom
[INFO] Downloaded: http://insecure.repo1.maven.org/maven2/com/google/appengine/appengine/1.9.12/appengine-1.9.12.pom (845 B at 63.5 KB/sec)
[INFO] Downloading: https://oss.sonatype.org/content/repositories/releases/com/google/appengine/appengine/1.9.12/appengine-1.9.12.pom
[INFO] Downloaded: https://oss.sonatype.org/content/repositories/releases/com/google/appengine/appengine/1.9.12/appengine-1.9.12.pom (845 B at 3.9 KB/sec)
[INFO] Downloading: https://repository.apache.org/releases/com/google/appengine/appengine/1.9.12/appengine-1.9.12.pom
[INFO] Downloading: http://insecure.repo1.maven.org/maven2/org/sonatype/oss/oss-parent/4/oss-parent-4.pom
[INFO] Downloaded: http://insecure.repo1.maven.org/maven2/org/sonatype/oss/oss-parent/4/oss-parent-4.pom (4 KB at 279.0 KB/sec)
[INFO] Downloading: https://oss.sonatype.org/content/repositories/releases/org/sonatype/oss/oss-parent/4/oss-parent-4.pom
[INFO] Downloaded: https://oss.sonatype.org/content/repositories/releases/org/sonatype/oss/oss-parent/4/oss-parent-4.pom (4 KB at 18.7 KB/sec)
[INFO] Downloading: https://repository.apache.org/releases/org/sonatype/oss/oss-parent/4/oss-parent-4.pom
[INFO] Downloading: http://insecure.repo1.maven.org/maven2/com/google/appengine/appengine-api-1.0-sdk/1.9.12/appengine-api-1.0-sdk-1.9.12.jar
[INFO] Downloaded: http://insecure.repo1.maven.org/maven2/com/google/appengine/appengine-api-1.0-sdk/1.9.12/appengine-api-1.0-sdk-1.9.12.jar (13041 KB at 34317.9 KB/sec)
[INFO] Downloading: https://oss.sonatype.org/content/repositories/releases/com/google/appengine/appengine-api-1.0-sdk/1.9.12/appengine-api-1.0-sdk-1.9.12.jar
[INFO] Downloaded: https://oss.sonatype.org/content/repositories/releases/com/google/appengine/appengine-api-1.0-sdk/1.9.12/appengine-api-1.0-sdk-1.9.12.jar (13041 KB at 3423.7 KB/sec)
[INFO] Downloading: https://repository.apache.org/releases/com/google/appengine/appengine-api-1.0-sdk/1.9.12/appengine-api-1.0-sdk-1.9.12.jar
[INFO] 
[INFO] --- maven-enforcer-plugin:1.0:enforce (enforce-maven) @ retrofit-appengine ---
[INFO] 
[INFO] --- maven-resources-plugin:2.6:resources (default-resources) @ retrofit-appengine ---
[INFO] Using 'UTF-8' encoding to copy filtered resources.
[INFO] skip non existing resourceDirectory /home/travis/build/failed/square/retrofit/retrofit-appengine/src/main/resources
[INFO] 
[INFO] --- maven-compiler-plugin:3.0:compile (default-compile) @ retrofit-appengine ---
[INFO] Changes detected - recompiling the module!
[INFO] Compiling 1 source file to /home/travis/build/failed/square/retrofit/retrofit-appengine/target/classes
[INFO] 
[INFO] --- maven-resources-plugin:2.6:testResources (default-testResources) @ retrofit-appengine ---
[INFO] Using 'UTF-8' encoding to copy filtered resources.
[INFO] skip non existing resourceDirectory /home/travis/build/failed/square/retrofit/retrofit-appengine/src/test/resources
[INFO] 
[INFO] --- maven-compiler-plugin:3.0:testCompile (default-testCompile) @ retrofit-appengine ---
[INFO] Changes detected - recompiling the module!
[INFO] Compiling 3 source files to /home/travis/build/failed/square/retrofit/retrofit-appengine/target/test-classes
[INFO] 
[INFO] --- maven-surefire-plugin:2.12.4:test (default-test) @ retrofit-appengine ---
[INFO] Tests are skipped.
[INFO] 
[INFO] --- maven-jar-plugin:2.4:jar (default-jar) @ retrofit-appengine ---
[INFO] Building jar: /home/travis/build/failed/square/retrofit/retrofit-appengine/target/retrofit-appengine-2.0.0-SNAPSHOT.jar
[INFO] 
[INFO] --- maven-checkstyle-plugin:2.9.1:checkstyle (default) @ retrofit-appengine ---
[INFO] Starting audit...
Audit done.

[WARNING] Unable to locate Source XRef to link to - DISABLED
[INFO] 
[INFO] --- maven-install-plugin:2.4:install (default-install) @ retrofit-appengine ---
[INFO] Installing /home/travis/build/failed/square/retrofit/retrofit-appengine/target/retrofit-appengine-2.0.0-SNAPSHOT.jar to /home/travis/.m2/repository/com/squareup/retrofit/retrofit-appengine/2.0.0-SNAPSHOT/retrofit-appengine-2.0.0-SNAPSHOT.jar
[INFO] Installing /home/travis/build/failed/square/retrofit/retrofit-appengine/pom.xml to /home/travis/.m2/repository/com/squareup/retrofit/retrofit-appengine/2.0.0-SNAPSHOT/retrofit-appengine-2.0.0-SNAPSHOT.pom
[INFO]                                                                         
[INFO] ------------------------------------------------------------------------
[INFO] Building Converters 2.0.0-SNAPSHOT
[INFO] ------------------------------------------------------------------------
[INFO] 
[INFO] --- maven-enforcer-plugin:1.0:enforce (enforce-maven) @ retrofit-converters ---
[INFO] 
[INFO] --- maven-checkstyle-plugin:2.9.1:checkstyle (default) @ retrofit-converters ---
[INFO] 
[INFO] --- maven-install-plugin:2.4:install (default-install) @ retrofit-converters ---
[INFO] Installing /home/travis/build/failed/square/retrofit/retrofit-converters/pom.xml to /home/travis/.m2/repository/com/squareup/retrofit/retrofit-converters/2.0.0-SNAPSHOT/retrofit-converters-2.0.0-SNAPSHOT.pom
[INFO]                                                                         
[INFO] ------------------------------------------------------------------------
[INFO] Building Converter: Protocol Buffers 2.0.0-SNAPSHOT
[INFO] ------------------------------------------------------------------------
[INFO] Downloading: http://insecure.repo1.maven.org/maven2/com/google/protobuf/protobuf-java/2.5.0/protobuf-java-2.5.0.pom
[INFO] Downloaded: http://insecure.repo1.maven.org/maven2/com/google/protobuf/protobuf-java/2.5.0/protobuf-java-2.5.0.pom (9 KB at 545.2 KB/sec)
[INFO] Downloading: https://oss.sonatype.org/content/repositories/releases/com/google/protobuf/protobuf-java/2.5.0/protobuf-java-2.5.0.pom
[INFO] Downloaded: https://oss.sonatype.org/content/repositories/releases/com/google/protobuf/protobuf-java/2.5.0/protobuf-java-2.5.0.pom (9 KB at 40.1 KB/sec)
[INFO] Downloading: https://repository.apache.org/releases/com/google/protobuf/protobuf-java/2.5.0/protobuf-java-2.5.0.pom
[INFO] Downloading: http://insecure.repo1.maven.org/maven2/com/google/protobuf/protobuf-java/2.5.0/protobuf-java-2.5.0.jar
[INFO] Downloaded: http://insecure.repo1.maven.org/maven2/com/google/protobuf/protobuf-java/2.5.0/protobuf-java-2.5.0.jar (521 KB at 17365.1 KB/sec)
[INFO] Downloading: https://oss.sonatype.org/content/repositories/releases/com/google/protobuf/protobuf-java/2.5.0/protobuf-java-2.5.0.jar
[INFO] Downloaded: https://oss.sonatype.org/content/repositories/releases/com/google/protobuf/protobuf-java/2.5.0/protobuf-java-2.5.0.jar (521 KB at 1497.0 KB/sec)
[INFO] Downloading: https://repository.apache.org/releases/com/google/protobuf/protobuf-java/2.5.0/protobuf-java-2.5.0.jar
[INFO] 
[INFO] --- maven-enforcer-plugin:1.0:enforce (enforce-maven) @ converter-protobuf ---
[INFO] 
[INFO] --- maven-resources-plugin:2.6:resources (default-resources) @ converter-protobuf ---
[INFO] Using 'UTF-8' encoding to copy filtered resources.
[INFO] skip non existing resourceDirectory /home/travis/build/failed/square/retrofit/retrofit-converters/protobuf/src/main/resources
[INFO] 
[INFO] --- maven-compiler-plugin:3.0:compile (default-compile) @ converter-protobuf ---
[INFO] Changes detected - recompiling the module!
[INFO] Compiling 1 source file to /home/travis/build/failed/square/retrofit/retrofit-converters/protobuf/target/classes
[INFO] 
[INFO] --- maven-resources-plugin:2.6:testResources (default-testResources) @ converter-protobuf ---
[INFO] Using 'UTF-8' encoding to copy filtered resources.
[INFO] skip non existing resourceDirectory /home/travis/build/failed/square/retrofit/retrofit-converters/protobuf/src/test/resources
[INFO] 
[INFO] --- maven-compiler-plugin:3.0:testCompile (default-testCompile) @ converter-protobuf ---
[INFO] Changes detected - recompiling the module!
[INFO] Compiling 2 source files to /home/travis/build/failed/square/retrofit/retrofit-converters/protobuf/target/test-classes
[INFO] 
[INFO] --- maven-surefire-plugin:2.12.4:test (default-test) @ converter-protobuf ---
[INFO] Tests are skipped.
[INFO] 
[INFO] --- maven-jar-plugin:2.4:jar (default-jar) @ converter-protobuf ---
[INFO] Building jar: /home/travis/build/failed/square/retrofit/retrofit-converters/protobuf/target/converter-protobuf-2.0.0-SNAPSHOT.jar
[INFO] 
[INFO] --- maven-checkstyle-plugin:2.9.1:checkstyle (default) @ converter-protobuf ---
[INFO] Starting audit...
Audit done.

[WARNING] Unable to locate Source XRef to link to - DISABLED
[INFO] 
[INFO] --- maven-install-plugin:2.4:install (default-install) @ converter-protobuf ---
[INFO] Installing /home/travis/build/failed/square/retrofit/retrofit-converters/protobuf/target/converter-protobuf-2.0.0-SNAPSHOT.jar to /home/travis/.m2/repository/com/squareup/retrofit/converter-protobuf/2.0.0-SNAPSHOT/converter-protobuf-2.0.0-SNAPSHOT.jar
[INFO] Installing /home/travis/build/failed/square/retrofit/retrofit-converters/protobuf/pom.xml to /home/travis/.m2/repository/com/squareup/retrofit/converter-protobuf/2.0.0-SNAPSHOT/converter-protobuf-2.0.0-SNAPSHOT.pom
[INFO]                                                                         
[INFO] ------------------------------------------------------------------------
[INFO] Building Converter: Jackson 2.0.0-SNAPSHOT
[INFO] ------------------------------------------------------------------------
[INFO] Downloading: http://insecure.repo1.maven.org/maven2/com/fasterxml/jackson/core/jackson-databind/2.4.3/jackson-databind-2.4.3.pom
[INFO] Downloaded: http://insecure.repo1.maven.org/maven2/com/fasterxml/jackson/core/jackson-databind/2.4.3/jackson-databind-2.4.3.pom (6 KB at 370.2 KB/sec)
[INFO] Downloading: https://oss.sonatype.org/content/repositories/releases/com/fasterxml/jackson/core/jackson-databind/2.4.3/jackson-databind-2.4.3.pom
[INFO] Downloaded: https://oss.sonatype.org/content/repositories/releases/com/fasterxml/jackson/core/jackson-databind/2.4.3/jackson-databind-2.4.3.pom (6 KB at 27.0 KB/sec)
[INFO] Downloading: https://repository.apache.org/releases/com/fasterxml/jackson/core/jackson-databind/2.4.3/jackson-databind-2.4.3.pom
[INFO] Downloading: http://insecure.repo1.maven.org/maven2/com/fasterxml/jackson/jackson-parent/2.4/jackson-parent-2.4.pom
[INFO] Downloaded: http://insecure.repo1.maven.org/maven2/com/fasterxml/jackson/jackson-parent/2.4/jackson-parent-2.4.pom (7 KB at 413.7 KB/sec)
[INFO] Downloading: https://oss.sonatype.org/content/repositories/releases/com/fasterxml/jackson/jackson-parent/2.4/jackson-parent-2.4.pom
[INFO] Downloaded: https://oss.sonatype.org/content/repositories/releases/com/fasterxml/jackson/jackson-parent/2.4/jackson-parent-2.4.pom (7 KB at 30.3 KB/sec)
[INFO] Downloading: https://repository.apache.org/releases/com/fasterxml/jackson/jackson-parent/2.4/jackson-parent-2.4.pom
[INFO] Downloading: http://insecure.repo1.maven.org/maven2/com/fasterxml/oss-parent/16/oss-parent-16.pom
[INFO] Downloaded: http://insecure.repo1.maven.org/maven2/com/fasterxml/oss-parent/16/oss-parent-16.pom (19 KB at 1308.9 KB/sec)
[INFO] Downloading: https://oss.sonatype.org/content/repositories/releases/com/fasterxml/oss-parent/16/oss-parent-16.pom
[INFO] Downloaded: https://oss.sonatype.org/content/repositories/releases/com/fasterxml/oss-parent/16/oss-parent-16.pom (19 KB at 86.0 KB/sec)
[INFO] Downloading: https://repository.apache.org/releases/com/fasterxml/oss-parent/16/oss-parent-16.pom
[INFO] Downloading: http://insecure.repo1.maven.org/maven2/com/fasterxml/jackson/core/jackson-annotations/2.4.0/jackson-annotations-2.4.0.pom
[INFO] Downloaded: http://insecure.repo1.maven.org/maven2/com/fasterxml/jackson/core/jackson-annotations/2.4.0/jackson-annotations-2.4.0.pom (2 KB at 79.4 KB/sec)
[INFO] Downloading: https://oss.sonatype.org/content/repositories/releases/com/fasterxml/jackson/core/jackson-annotations/2.4.0/jackson-annotations-2.4.0.pom
[INFO] Downloaded: https://oss.sonatype.org/content/repositories/releases/com/fasterxml/jackson/core/jackson-annotations/2.4.0/jackson-annotations-2.4.0.pom (2 KB at 5.7 KB/sec)
[INFO] Downloading: https://repository.apache.org/releases/com/fasterxml/jackson/core/jackson-annotations/2.4.0/jackson-annotations-2.4.0.pom
[INFO] Downloading: http://insecure.repo1.maven.org/maven2/com/fasterxml/jackson/core/jackson-core/2.4.3/jackson-core-2.4.3.pom
[INFO] Downloaded: http://insecure.repo1.maven.org/maven2/com/fasterxml/jackson/core/jackson-core/2.4.3/jackson-core-2.4.3.pom (5 KB at 336.1 KB/sec)
[INFO] Downloading: https://oss.sonatype.org/content/repositories/releases/com/fasterxml/jackson/core/jackson-core/2.4.3/jackson-core-2.4.3.pom
[INFO] Downloaded: https://oss.sonatype.org/content/repositories/releases/com/fasterxml/jackson/core/jackson-core/2.4.3/jackson-core-2.4.3.pom (5 KB at 22.5 KB/sec)
[INFO] Downloading: https://repository.apache.org/releases/com/fasterxml/jackson/core/jackson-core/2.4.3/jackson-core-2.4.3.pom
[INFO] Downloading: http://insecure.repo1.maven.org/maven2/com/fasterxml/jackson/core/jackson-databind/2.4.3/jackson-databind-2.4.3.jar
[INFO] Downloading: http://insecure.repo1.maven.org/maven2/com/fasterxml/jackson/core/jackson-annotations/2.4.0/jackson-annotations-2.4.0.jar
[INFO] Downloading: http://insecure.repo1.maven.org/maven2/com/fasterxml/jackson/core/jackson-core/2.4.3/jackson-core-2.4.3.jar
[INFO] Downloaded: http://insecure.repo1.maven.org/maven2/com/fasterxml/jackson/core/jackson-core/2.4.3/jackson-core-2.4.3.jar (221 KB at 9167.3 KB/sec)
[INFO] Downloaded: http://insecure.repo1.maven.org/maven2/com/fasterxml/jackson/core/jackson-databind/2.4.3/jackson-databind-2.4.3.jar (1051 KB at 22836.3 KB/sec)
[INFO] Downloaded: http://insecure.repo1.maven.org/maven2/com/fasterxml/jackson/core/jackson-annotations/2.4.0/jackson-annotations-2.4.0.jar (38 KB at 359.0 KB/sec)
[INFO] Downloading: https://oss.sonatype.org/content/repositories/releases/com/fasterxml/jackson/core/jackson-databind/2.4.3/jackson-databind-2.4.3.jar
[INFO] Downloading: https://oss.sonatype.org/content/repositories/releases/com/fasterxml/jackson/core/jackson-annotations/2.4.0/jackson-annotations-2.4.0.jar
[INFO] Downloading: https://oss.sonatype.org/content/repositories/releases/com/fasterxml/jackson/core/jackson-core/2.4.3/jackson-core-2.4.3.jar
[INFO] Downloaded: https://oss.sonatype.org/content/repositories/releases/com/fasterxml/jackson/core/jackson-annotations/2.4.0/jackson-annotations-2.4.0.jar (38 KB at 157.7 KB/sec)
[INFO] Downloaded: https://oss.sonatype.org/content/repositories/releases/com/fasterxml/jackson/core/jackson-core/2.4.3/jackson-core-2.4.3.jar (221 KB at 761.3 KB/sec)
[INFO] Downloaded: https://oss.sonatype.org/content/repositories/releases/com/fasterxml/jackson/core/jackson-databind/2.4.3/jackson-databind-2.4.3.jar (1051 KB at 1978.3 KB/sec)
[INFO] Downloading: https://repository.apache.org/releases/com/fasterxml/jackson/core/jackson-databind/2.4.3/jackson-databind-2.4.3.jar
[INFO] Downloading: https://repository.apache.org/releases/com/fasterxml/jackson/core/jackson-annotations/2.4.0/jackson-annotations-2.4.0.jar
[INFO] Downloading: https://repository.apache.org/releases/com/fasterxml/jackson/core/jackson-core/2.4.3/jackson-core-2.4.3.jar
[INFO] 
[INFO] --- maven-enforcer-plugin:1.0:enforce (enforce-maven) @ converter-jackson ---
[INFO] 
[INFO] --- maven-resources-plugin:2.6:resources (default-resources) @ converter-jackson ---
[INFO] Using 'UTF-8' encoding to copy filtered resources.
[INFO] skip non existing resourceDirectory /home/travis/build/failed/square/retrofit/retrofit-converters/jackson/src/main/resources
[INFO] 
[INFO] --- maven-compiler-plugin:3.0:compile (default-compile) @ converter-jackson ---
[INFO] Changes detected - recompiling the module!
[INFO] Compiling 1 source file to /home/travis/build/failed/square/retrofit/retrofit-converters/jackson/target/classes
[INFO] 
[INFO] --- maven-resources-plugin:2.6:testResources (default-testResources) @ converter-jackson ---
[INFO] Using 'UTF-8' encoding to copy filtered resources.
[INFO] skip non existing resourceDirectory /home/travis/build/failed/square/retrofit/retrofit-converters/jackson/src/test/resources
[INFO] 
[INFO] --- maven-compiler-plugin:3.0:testCompile (default-testCompile) @ converter-jackson ---
[INFO] Changes detected - recompiling the module!
[INFO] Compiling 1 source file to /home/travis/build/failed/square/retrofit/retrofit-converters/jackson/target/test-classes
[INFO] 
[INFO] --- maven-surefire-plugin:2.12.4:test (default-test) @ converter-jackson ---
[INFO] Tests are skipped.
[INFO] 
[INFO] --- maven-jar-plugin:2.4:jar (default-jar) @ converter-jackson ---
[INFO] Building jar: /home/travis/build/failed/square/retrofit/retrofit-converters/jackson/target/converter-jackson-2.0.0-SNAPSHOT.jar
[INFO] 
[INFO] --- maven-checkstyle-plugin:2.9.1:checkstyle (default) @ converter-jackson ---
[INFO] Starting audit...
Audit done.

[WARNING] Unable to locate Source XRef to link to - DISABLED
[INFO] 
[INFO] --- maven-install-plugin:2.4:install (default-install) @ converter-jackson ---
[INFO] Installing /home/travis/build/failed/square/retrofit/retrofit-converters/jackson/target/converter-jackson-2.0.0-SNAPSHOT.jar to /home/travis/.m2/repository/com/squareup/retrofit/converter-jackson/2.0.0-SNAPSHOT/converter-jackson-2.0.0-SNAPSHOT.jar
[INFO] Installing /home/travis/build/failed/square/retrofit/retrofit-converters/jackson/pom.xml to /home/travis/.m2/repository/com/squareup/retrofit/converter-jackson/2.0.0-SNAPSHOT/converter-jackson-2.0.0-SNAPSHOT.pom
[INFO]                                                                         
[INFO] ------------------------------------------------------------------------
[INFO] Building Converter: Wire Protocol Buffers 2.0.0-SNAPSHOT
[INFO] ------------------------------------------------------------------------
[INFO] Downloading: http://insecure.repo1.maven.org/maven2/com/squareup/wire/wire-runtime/1.5.2/wire-runtime-1.5.2.pom
[INFO] Downloaded: http://insecure.repo1.maven.org/maven2/com/squareup/wire/wire-runtime/1.5.2/wire-runtime-1.5.2.pom (2 KB at 63.1 KB/sec)
[INFO] Downloading: https://oss.sonatype.org/content/repositories/releases/com/squareup/wire/wire-runtime/1.5.2/wire-runtime-1.5.2.pom
[INFO] Downloaded: https://oss.sonatype.org/content/repositories/releases/com/squareup/wire/wire-runtime/1.5.2/wire-runtime-1.5.2.pom (2 KB at 7.1 KB/sec)
[INFO] Downloading: https://repository.apache.org/releases/com/squareup/wire/wire-runtime/1.5.2/wire-runtime-1.5.2.pom
[INFO] Downloading: http://insecure.repo1.maven.org/maven2/com/squareup/wire/wire/1.5.2/wire-1.5.2.pom
[INFO] Downloaded: http://insecure.repo1.maven.org/maven2/com/squareup/wire/wire/1.5.2/wire-1.5.2.pom (4 KB at 183.3 KB/sec)
[INFO] Downloading: https://oss.sonatype.org/content/repositories/releases/com/squareup/wire/wire/1.5.2/wire-1.5.2.pom
[INFO] Downloaded: https://oss.sonatype.org/content/repositories/releases/com/squareup/wire/wire/1.5.2/wire-1.5.2.pom (4 KB at 17.5 KB/sec)
[INFO] Downloading: https://repository.apache.org/releases/com/squareup/wire/wire/1.5.2/wire-1.5.2.pom
[INFO] Downloading: http://insecure.repo1.maven.org/maven2/com/squareup/okio/okio/1.0.0/okio-1.0.0.pom
[INFO] Downloaded: http://insecure.repo1.maven.org/maven2/com/squareup/okio/okio/1.0.0/okio-1.0.0.pom (812 B at 46.6 KB/sec)
[INFO] Downloading: https://oss.sonatype.org/content/repositories/releases/com/squareup/okio/okio/1.0.0/okio-1.0.0.pom
[INFO] Downloaded: https://oss.sonatype.org/content/repositories/releases/com/squareup/okio/okio/1.0.0/okio-1.0.0.pom (812 B at 3.9 KB/sec)
[INFO] Downloading: https://repository.apache.org/releases/com/squareup/okio/okio/1.0.0/okio-1.0.0.pom
[INFO] Downloading: http://insecure.repo1.maven.org/maven2/com/squareup/okio/okio-parent/1.0.0/okio-parent-1.0.0.pom
[INFO] Downloaded: http://insecure.repo1.maven.org/maven2/com/squareup/okio/okio-parent/1.0.0/okio-parent-1.0.0.pom (4 KB at 172.7 KB/sec)
[INFO] Downloading: https://oss.sonatype.org/content/repositories/releases/com/squareup/okio/okio-parent/1.0.0/okio-parent-1.0.0.pom
[INFO] Downloaded: https://oss.sonatype.org/content/repositories/releases/com/squareup/okio/okio-parent/1.0.0/okio-parent-1.0.0.pom (4 KB at 15.9 KB/sec)
[INFO] Downloading: https://repository.apache.org/releases/com/squareup/okio/okio-parent/1.0.0/okio-parent-1.0.0.pom
[INFO] Downloading: http://insecure.repo1.maven.org/maven2/com/squareup/wire/wire-runtime/1.5.2/wire-runtime-1.5.2.jar
[INFO] Downloading: http://insecure.repo1.maven.org/maven2/com/squareup/okio/okio/1.0.0/okio-1.0.0.jar
[INFO] Downloaded: http://insecure.repo1.maven.org/maven2/com/squareup/okio/okio/1.0.0/okio-1.0.0.jar (51 KB at 3181.8 KB/sec)
[INFO] Downloaded: http://insecure.repo1.maven.org/maven2/com/squareup/wire/wire-runtime/1.5.2/wire-runtime-1.5.2.jar (72 KB at 549.0 KB/sec)
[INFO] Downloading: https://oss.sonatype.org/content/repositories/releases/com/squareup/wire/wire-runtime/1.5.2/wire-runtime-1.5.2.jar
[INFO] Downloading: https://oss.sonatype.org/content/repositories/releases/com/squareup/okio/okio/1.0.0/okio-1.0.0.jar
[INFO] Downloaded: https://oss.sonatype.org/content/repositories/releases/com/squareup/okio/okio/1.0.0/okio-1.0.0.jar (51 KB at 222.3 KB/sec)
[INFO] Downloaded: https://oss.sonatype.org/content/repositories/releases/com/squareup/wire/wire-runtime/1.5.2/wire-runtime-1.5.2.jar (72 KB at 304.7 KB/sec)
[INFO] Downloading: https://repository.apache.org/releases/com/squareup/wire/wire-runtime/1.5.2/wire-runtime-1.5.2.jar
[INFO] Downloading: https://repository.apache.org/releases/com/squareup/okio/okio/1.0.0/okio-1.0.0.jar
[INFO] 
[INFO] --- maven-enforcer-plugin:1.0:enforce (enforce-maven) @ converter-wire ---
[INFO] 
[INFO] --- maven-resources-plugin:2.6:resources (default-resources) @ converter-wire ---
[INFO] Using 'UTF-8' encoding to copy filtered resources.
[INFO] skip non existing resourceDirectory /home/travis/build/failed/square/retrofit/retrofit-converters/wire/src/main/resources
[INFO] 
[INFO] --- maven-compiler-plugin:3.0:compile (default-compile) @ converter-wire ---
[INFO] Changes detected - recompiling the module!
[INFO] Compiling 1 source file to /home/travis/build/failed/square/retrofit/retrofit-converters/wire/target/classes
[INFO] 
[INFO] --- maven-resources-plugin:2.6:testResources (default-testResources) @ converter-wire ---
[INFO] Using 'UTF-8' encoding to copy filtered resources.
[INFO] skip non existing resourceDirectory /home/travis/build/failed/square/retrofit/retrofit-converters/wire/src/test/resources
[INFO] 
[INFO] --- maven-compiler-plugin:3.0:testCompile (default-testCompile) @ converter-wire ---
[INFO] Changes detected - recompiling the module!
[INFO] Compiling 2 source files to /home/travis/build/failed/square/retrofit/retrofit-converters/wire/target/test-classes
[INFO] 
[INFO] --- maven-surefire-plugin:2.12.4:test (default-test) @ converter-wire ---
[INFO] Tests are skipped.
[INFO] 
[INFO] --- maven-jar-plugin:2.4:jar (default-jar) @ converter-wire ---
[INFO] Building jar: /home/travis/build/failed/square/retrofit/retrofit-converters/wire/target/converter-wire-2.0.0-SNAPSHOT.jar
[INFO] 
[INFO] --- maven-checkstyle-plugin:2.9.1:checkstyle (default) @ converter-wire ---
[INFO] Starting audit...
Audit done.

[WARNING] Unable to locate Source XRef to link to - DISABLED
[INFO] 
[INFO] --- maven-install-plugin:2.4:install (default-install) @ converter-wire ---
[INFO] Installing /home/travis/build/failed/square/retrofit/retrofit-converters/wire/target/converter-wire-2.0.0-SNAPSHOT.jar to /home/travis/.m2/repository/com/squareup/retrofit/converter-wire/2.0.0-SNAPSHOT/converter-wire-2.0.0-SNAPSHOT.jar
[INFO] Installing /home/travis/build/failed/square/retrofit/retrofit-converters/wire/pom.xml to /home/travis/.m2/repository/com/squareup/retrofit/converter-wire/2.0.0-SNAPSHOT/converter-wire-2.0.0-SNAPSHOT.pom
[INFO]                                                                         
[INFO] ------------------------------------------------------------------------
[INFO] Building Converter: SimpleXML 2.0.0-SNAPSHOT
[INFO] ------------------------------------------------------------------------
[INFO] Downloading: http://insecure.repo1.maven.org/maven2/org/simpleframework/simple-xml/2.7.1/simple-xml-2.7.1.pom
[INFO] Downloaded: http://insecure.repo1.maven.org/maven2/org/simpleframework/simple-xml/2.7.1/simple-xml-2.7.1.pom (4 KB at 210.5 KB/sec)
[INFO] Downloading: https://oss.sonatype.org/content/repositories/releases/org/simpleframework/simple-xml/2.7.1/simple-xml-2.7.1.pom
[INFO] Downloaded: https://oss.sonatype.org/content/repositories/releases/org/simpleframework/simple-xml/2.7.1/simple-xml-2.7.1.pom (4 KB at 19.5 KB/sec)
[INFO] Downloading: https://repository.apache.org/releases/org/simpleframework/simple-xml/2.7.1/simple-xml-2.7.1.pom
[INFO] Downloading: http://insecure.repo1.maven.org/maven2/stax/stax-api/1.0.1/stax-api-1.0.1.pom
[INFO] Downloaded: http://insecure.repo1.maven.org/maven2/stax/stax-api/1.0.1/stax-api-1.0.1.pom (2 KB at 78.4 KB/sec)
[INFO] Downloading: https://oss.sonatype.org/content/repositories/releases/stax/stax-api/1.0.1/stax-api-1.0.1.pom
[INFO] Downloaded: https://oss.sonatype.org/content/repositories/releases/stax/stax-api/1.0.1/stax-api-1.0.1.pom (2 KB at 7.3 KB/sec)
[INFO] Downloading: https://repository.apache.org/releases/stax/stax-api/1.0.1/stax-api-1.0.1.pom
[INFO] Downloading: http://insecure.repo1.maven.org/maven2/stax/stax/1.2.0/stax-1.2.0.pom
[INFO] Downloaded: http://insecure.repo1.maven.org/maven2/stax/stax/1.2.0/stax-1.2.0.pom (4 KB at 180.1 KB/sec)
[INFO] Downloading: https://oss.sonatype.org/content/repositories/releases/stax/stax/1.2.0/stax-1.2.0.pom
[INFO] Downloaded: https://oss.sonatype.org/content/repositories/releases/stax/stax/1.2.0/stax-1.2.0.pom (4 KB at 15.8 KB/sec)
[INFO] Downloading: https://repository.apache.org/releases/stax/stax/1.2.0/stax-1.2.0.pom
[INFO] Downloading: http://insecure.repo1.maven.org/maven2/xpp3/xpp3/1.1.3.3/xpp3-1.1.3.3.pom
[INFO] Downloaded: http://insecure.repo1.maven.org/maven2/xpp3/xpp3/1.1.3.3/xpp3-1.1.3.3.pom (145 B at 8.3 KB/sec)
[INFO] Downloading: https://oss.sonatype.org/content/repositories/releases/xpp3/xpp3/1.1.3.3/xpp3-1.1.3.3.pom
[INFO] Downloaded: https://oss.sonatype.org/content/repositories/releases/xpp3/xpp3/1.1.3.3/xpp3-1.1.3.3.pom (145 B at 0.7 KB/sec)
[INFO] Downloading: https://repository.apache.org/releases/xpp3/xpp3/1.1.3.3/xpp3-1.1.3.3.pom
[INFO] Downloading: http://insecure.repo1.maven.org/maven2/org/simpleframework/simple-xml/2.7.1/simple-xml-2.7.1.jar
[INFO] Downloading: http://insecure.repo1.maven.org/maven2/stax/stax-api/1.0.1/stax-api-1.0.1.jar
[INFO] Downloading: http://insecure.repo1.maven.org/maven2/stax/stax/1.2.0/stax-1.2.0.jar
[INFO] Downloading: http://insecure.repo1.maven.org/maven2/xpp3/xpp3/1.1.3.3/xpp3-1.1.3.3.jar
[INFO] Downloaded: http://insecure.repo1.maven.org/maven2/stax/stax-api/1.0.1/stax-api-1.0.1.jar (26 KB at 1849.5 KB/sec)
[INFO] Downloaded: http://insecure.repo1.maven.org/maven2/xpp3/xpp3/1.1.3.3/xpp3-1.1.3.3.jar (92 KB at 4800.3 KB/sec)
[INFO] Downloaded: http://insecure.repo1.maven.org/maven2/stax/stax/1.2.0/stax-1.2.0.jar (176 KB at 9218.0 KB/sec)
[INFO] Downloaded: http://insecure.repo1.maven.org/maven2/org/simpleframework/simple-xml/2.7.1/simple-xml-2.7.1.jar (404 KB at 535.9 KB/sec)
[INFO] Downloading: https://oss.sonatype.org/content/repositories/releases/org/simpleframework/simple-xml/2.7.1/simple-xml-2.7.1.jar
[INFO] Downloading: https://oss.sonatype.org/content/repositories/releases/stax/stax-api/1.0.1/stax-api-1.0.1.jar
[INFO] Downloading: https://oss.sonatype.org/content/repositories/releases/stax/stax/1.2.0/stax-1.2.0.jar
[INFO] Downloading: https://oss.sonatype.org/content/repositories/releases/xpp3/xpp3/1.1.3.3/xpp3-1.1.3.3.jar
[INFO] Downloaded: https://oss.sonatype.org/content/repositories/releases/stax/stax-api/1.0.1/stax-api-1.0.1.jar (26 KB at 118.8 KB/sec)
[INFO] Downloaded: https://oss.sonatype.org/content/repositories/releases/xpp3/xpp3/1.1.3.3/xpp3-1.1.3.3.jar (92 KB at 364.8 KB/sec)
[INFO] Downloaded: https://oss.sonatype.org/content/repositories/releases/stax/stax/1.2.0/stax-1.2.0.jar (176 KB at 641.5 KB/sec)
[INFO] Downloaded: https://oss.sonatype.org/content/repositories/releases/org/simpleframework/simple-xml/2.7.1/simple-xml-2.7.1.jar (404 KB at 1136.7 KB/sec)
[INFO] Downloading: https://repository.apache.org/releases/org/simpleframework/simple-xml/2.7.1/simple-xml-2.7.1.jar
[INFO] Downloading: https://repository.apache.org/releases/stax/stax-api/1.0.1/stax-api-1.0.1.jar
[INFO] Downloading: https://repository.apache.org/releases/stax/stax/1.2.0/stax-1.2.0.jar
[INFO] Downloading: https://repository.apache.org/releases/xpp3/xpp3/1.1.3.3/xpp3-1.1.3.3.jar
[INFO] 
[INFO] --- maven-enforcer-plugin:1.0:enforce (enforce-maven) @ converter-simplexml ---
[INFO] 
[INFO] --- maven-resources-plugin:2.6:resources (default-resources) @ converter-simplexml ---
[INFO] Using 'UTF-8' encoding to copy filtered resources.
[INFO] skip non existing resourceDirectory /home/travis/build/failed/square/retrofit/retrofit-converters/simplexml/src/main/resources
[INFO] 
[INFO] --- maven-compiler-plugin:3.0:compile (default-compile) @ converter-simplexml ---
[INFO] Changes detected - recompiling the module!
[INFO] Compiling 1 source file to /home/travis/build/failed/square/retrofit/retrofit-converters/simplexml/target/classes
[INFO] 
[INFO] --- maven-resources-plugin:2.6:testResources (default-testResources) @ converter-simplexml ---
[INFO] Using 'UTF-8' encoding to copy filtered resources.
[INFO] skip non existing resourceDirectory /home/travis/build/failed/square/retrofit/retrofit-converters/simplexml/src/test/resources
[INFO] 
[INFO] --- maven-compiler-plugin:3.0:testCompile (default-testCompile) @ converter-simplexml ---
[INFO] Changes detected - recompiling the module!
[INFO] Compiling 1 source file to /home/travis/build/failed/square/retrofit/retrofit-converters/simplexml/target/test-classes
[INFO] 
[INFO] --- maven-surefire-plugin:2.12.4:test (default-test) @ converter-simplexml ---
[INFO] Tests are skipped.
[INFO] 
[INFO] --- maven-jar-plugin:2.4:jar (default-jar) @ converter-simplexml ---
[INFO] Building jar: /home/travis/build/failed/square/retrofit/retrofit-converters/simplexml/target/converter-simplexml-2.0.0-SNAPSHOT.jar
[INFO] 
[INFO] --- maven-checkstyle-plugin:2.9.1:checkstyle (default) @ converter-simplexml ---
[INFO] Starting audit...
Audit done.

[WARNING] Unable to locate Source XRef to link to - DISABLED
[INFO] 
[INFO] --- maven-install-plugin:2.4:install (default-install) @ converter-simplexml ---
[INFO] Installing /home/travis/build/failed/square/retrofit/retrofit-converters/simplexml/target/converter-simplexml-2.0.0-SNAPSHOT.jar to /home/travis/.m2/repository/com/squareup/retrofit/converter-simplexml/2.0.0-SNAPSHOT/converter-simplexml-2.0.0-SNAPSHOT.jar
[INFO] Installing /home/travis/build/failed/square/retrofit/retrofit-converters/simplexml/pom.xml to /home/travis/.m2/repository/com/squareup/retrofit/converter-simplexml/2.0.0-SNAPSHOT/converter-simplexml-2.0.0-SNAPSHOT.pom
[INFO]                                                                         
[INFO] ------------------------------------------------------------------------
[INFO] Building Retrofit Mock Adapter 2.0.0-SNAPSHOT
[INFO] ------------------------------------------------------------------------
[INFO] 
[INFO] --- maven-enforcer-plugin:1.0:enforce (enforce-maven) @ retrofit-mock ---
[INFO] 
[INFO] --- maven-resources-plugin:2.6:resources (default-resources) @ retrofit-mock ---
[INFO] Using 'UTF-8' encoding to copy filtered resources.
[INFO] skip non existing resourceDirectory /home/travis/build/failed/square/retrofit/retrofit-mock/src/main/resources
[INFO] 
[INFO] --- maven-compiler-plugin:3.0:compile (default-compile) @ retrofit-mock ---
[INFO] Changes detected - recompiling the module!
[INFO] Compiling 5 source files to /home/travis/build/failed/square/retrofit/retrofit-mock/target/classes
[INFO] 
[INFO] --- maven-resources-plugin:2.6:testResources (default-testResources) @ retrofit-mock ---
[INFO] Using 'UTF-8' encoding to copy filtered resources.
[INFO] skip non existing resourceDirectory /home/travis/build/failed/square/retrofit/retrofit-mock/src/test/resources
[INFO] 
[INFO] --- maven-compiler-plugin:3.0:testCompile (default-testCompile) @ retrofit-mock ---
[INFO] Changes detected - recompiling the module!
[INFO] Compiling 1 source file to /home/travis/build/failed/square/retrofit/retrofit-mock/target/test-classes
[INFO] 
[INFO] --- maven-surefire-plugin:2.12.4:test (default-test) @ retrofit-mock ---
[INFO] Tests are skipped.
[INFO] 
[INFO] --- maven-jar-plugin:2.4:jar (default-jar) @ retrofit-mock ---
[INFO] Building jar: /home/travis/build/failed/square/retrofit/retrofit-mock/target/retrofit-mock-2.0.0-SNAPSHOT.jar
[INFO] 
[INFO] --- maven-checkstyle-plugin:2.9.1:checkstyle (default) @ retrofit-mock ---
[INFO] Starting audit...
Audit done.

[WARNING] Unable to locate Source XRef to link to - DISABLED
[INFO] 
[INFO] --- maven-install-plugin:2.4:install (default-install) @ retrofit-mock ---
[INFO] Installing /home/travis/build/failed/square/retrofit/retrofit-mock/target/retrofit-mock-2.0.0-SNAPSHOT.jar to /home/travis/.m2/repository/com/squareup/retrofit/retrofit-mock/2.0.0-SNAPSHOT/retrofit-mock-2.0.0-SNAPSHOT.jar
[INFO] Installing /home/travis/build/failed/square/retrofit/retrofit-mock/pom.xml to /home/travis/.m2/repository/com/squareup/retrofit/retrofit-mock/2.0.0-SNAPSHOT/retrofit-mock-2.0.0-SNAPSHOT.pom
[INFO]                                                                         
[INFO] ------------------------------------------------------------------------
[INFO] Building Samples 2.0.0-SNAPSHOT
[INFO] ------------------------------------------------------------------------
[INFO] 
[INFO] --- maven-enforcer-plugin:1.0:enforce (enforce-maven) @ parent ---
[INFO] 
[INFO] --- maven-checkstyle-plugin:2.9.1:checkstyle (default) @ parent ---
[INFO] 
[INFO] --- maven-install-plugin:2.4:install (default-install) @ parent ---
[INFO] Installing /home/travis/build/failed/square/retrofit/samples/pom.xml to /home/travis/.m2/repository/com/squareup/retrofit/samples/parent/2.0.0-SNAPSHOT/parent-2.0.0-SNAPSHOT.pom
[INFO]                                                                         
[INFO] ------------------------------------------------------------------------
[INFO] Building Sample: GitHub Client 2.0.0-SNAPSHOT
[INFO] ------------------------------------------------------------------------
[INFO] 
[INFO] --- maven-enforcer-plugin:1.0:enforce (enforce-maven) @ github-client ---
[INFO] 
[INFO] --- maven-resources-plugin:2.6:resources (default-resources) @ github-client ---
[INFO] Using 'UTF-8' encoding to copy filtered resources.
[INFO] skip non existing resourceDirectory /home/travis/build/failed/square/retrofit/samples/github-client/src/main/resources
[INFO] 
[INFO] --- maven-compiler-plugin:3.0:compile (default-compile) @ github-client ---
[INFO] Changes detected - recompiling the module!
[INFO] Compiling 1 source file to /home/travis/build/failed/square/retrofit/samples/github-client/target/classes
[INFO] 
[INFO] --- maven-resources-plugin:2.6:testResources (default-testResources) @ github-client ---
[INFO] Using 'UTF-8' encoding to copy filtered resources.
[INFO] skip non existing resourceDirectory /home/travis/build/failed/square/retrofit/samples/github-client/src/test/resources
[INFO] 
[INFO] --- maven-compiler-plugin:3.0:testCompile (default-testCompile) @ github-client ---
[INFO] No sources to compile
[INFO] 
[INFO] --- maven-surefire-plugin:2.12.4:test (default-test) @ github-client ---
[INFO] Tests are skipped.
[INFO] 
[INFO] --- maven-jar-plugin:2.4:jar (default-jar) @ github-client ---
[INFO] Building jar: /home/travis/build/failed/square/retrofit/samples/github-client/target/github-client-2.0.0-SNAPSHOT.jar
[INFO] 
[INFO] --- maven-checkstyle-plugin:2.9.1:checkstyle (default) @ github-client ---
[INFO] Starting audit...
Audit done.

[WARNING] Unable to locate Source XRef to link to - DISABLED
[INFO] 
[INFO] --- maven-install-plugin:2.4:install (default-install) @ github-client ---
[INFO] Installing /home/travis/build/failed/square/retrofit/samples/github-client/target/github-client-2.0.0-SNAPSHOT.jar to /home/travis/.m2/repository/com/squareup/retrofit/samples/github-client/2.0.0-SNAPSHOT/github-client-2.0.0-SNAPSHOT.jar
[INFO] Installing /home/travis/build/failed/square/retrofit/samples/github-client/pom.xml to /home/travis/.m2/repository/com/squareup/retrofit/samples/github-client/2.0.0-SNAPSHOT/github-client-2.0.0-SNAPSHOT.pom
[INFO]                                                                         
[INFO] ------------------------------------------------------------------------
[INFO] Building Sample: Mock GitHub Client 2.0.0-SNAPSHOT
[INFO] ------------------------------------------------------------------------
[INFO] 
[INFO] --- maven-enforcer-plugin:1.0:enforce (enforce-maven) @ mock-github-client ---
[INFO] 
[INFO] --- maven-resources-plugin:2.6:resources (default-resources) @ mock-github-client ---
[INFO] Using 'UTF-8' encoding to copy filtered resources.
[INFO] skip non existing resourceDirectory /home/travis/build/failed/square/retrofit/samples/mock-github-client/src/main/resources
[INFO] 
[INFO] --- maven-compiler-plugin:3.0:compile (default-compile) @ mock-github-client ---
[INFO] Changes detected - recompiling the module!
[INFO] Compiling 1 source file to /home/travis/build/failed/square/retrofit/samples/mock-github-client/target/classes
[INFO] 
[INFO] --- maven-resources-plugin:2.6:testResources (default-testResources) @ mock-github-client ---
[INFO] Using 'UTF-8' encoding to copy filtered resources.
[INFO] skip non existing resourceDirectory /home/travis/build/failed/square/retrofit/samples/mock-github-client/src/test/resources
[INFO] 
[INFO] --- maven-compiler-plugin:3.0:testCompile (default-testCompile) @ mock-github-client ---
[INFO] No sources to compile
[INFO] 
[INFO] --- maven-surefire-plugin:2.12.4:test (default-test) @ mock-github-client ---
[INFO] Tests are skipped.
[INFO] 
[INFO] --- maven-jar-plugin:2.4:jar (default-jar) @ mock-github-client ---
[INFO] Building jar: /home/travis/build/failed/square/retrofit/samples/mock-github-client/target/mock-github-client-2.0.0-SNAPSHOT.jar
[INFO] 
[INFO] --- maven-checkstyle-plugin:2.9.1:checkstyle (default) @ mock-github-client ---
[INFO] Starting audit...
Audit done.

[WARNING] Unable to locate Source XRef to link to - DISABLED
[INFO] 
[INFO] --- maven-install-plugin:2.4:install (default-install) @ mock-github-client ---
[INFO] Installing /home/travis/build/failed/square/retrofit/samples/mock-github-client/target/mock-github-client-2.0.0-SNAPSHOT.jar to /home/travis/.m2/repository/com/squareup/retrofit/samples/mock-github-client/2.0.0-SNAPSHOT/mock-github-client-2.0.0-SNAPSHOT.jar
[INFO] Installing /home/travis/build/failed/square/retrofit/samples/mock-github-client/pom.xml to /home/travis/.m2/repository/com/squareup/retrofit/samples/mock-github-client/2.0.0-SNAPSHOT/mock-github-client-2.0.0-SNAPSHOT.pom
[INFO] ------------------------------------------------------------------------
[INFO] Reactor Summary:
[INFO] 
[INFO] Retrofit (Parent) .................................. SUCCESS [  9.810 s]
[INFO] Retrofit ........................................... SUCCESS [ 36.168 s]
[INFO] Retrofit AppEngine ................................. SUCCESS [  7.793 s]
[INFO] Converters ......................................... SUCCESS [  0.006 s]
[INFO] Converter: Protocol Buffers ........................ SUCCESS [  2.265 s]
[INFO] Converter: Jackson ................................. SUCCESS [  5.258 s]
[INFO] Converter: Wire Protocol Buffers ................... SUCCESS [  4.202 s]
[INFO] Converter: SimpleXML ............................... SUCCESS [  4.847 s]
[INFO] Retrofit Mock Adapter .............................. SUCCESS [  0.542 s]
[INFO] Samples ............................................ SUCCESS [  0.006 s]
[INFO] Sample: GitHub Client .............................. SUCCESS [  0.333 s]
[INFO] Sample: Mock GitHub Client ......................... SUCCESS [  0.342 s]
[INFO] ------------------------------------------------------------------------
[INFO] BUILD SUCCESS
[INFO] ------------------------------------------------------------------------
[INFO] Total time: 01:14 min
[INFO] Finished at: 2021-03-30T00:05:38+00:00
[INFO] Final Memory: 38M/357M
[INFO] ------------------------------------------------------------------------

travis_time:end:24b737b0:start=1617062663525202522,finish=1617062739324334613,duration=75799132091[0Ktravis_fold:end:install[0Ktravis_time:start:1fb91f8c[0K$ mvn test -Dhttps.protocols=TLSv1.2 -B
Java HotSpot(TM) 64-Bit Server VM warning: ignoring option MaxPermSize=192m; support was removed in 8.0
[INFO] Scanning for projects...
[INFO] ------------------------------------------------------------------------
[INFO] Reactor Build Order:
[INFO] 
[INFO] Retrofit (Parent)
[INFO] Retrofit
[INFO] Retrofit AppEngine
[INFO] Converters
[INFO] Converter: Protocol Buffers
[INFO] Converter: Jackson
[INFO] Converter: Wire Protocol Buffers
[INFO] Converter: SimpleXML
[INFO] Retrofit Mock Adapter
[INFO] Samples
[INFO] Sample: GitHub Client
[INFO] Sample: Mock GitHub Client
[INFO]                                                                         
[INFO] ------------------------------------------------------------------------
[INFO] Building Retrofit (Parent) 2.0.0-SNAPSHOT
[INFO] ------------------------------------------------------------------------
[INFO] 
[INFO] --- maven-enforcer-plugin:1.0:enforce (enforce-maven) @ parent ---
[INFO]                                                                         
[INFO] ------------------------------------------------------------------------
[INFO] Building Retrofit 2.0.0-SNAPSHOT
[INFO] ------------------------------------------------------------------------
[INFO] 
[INFO] --- maven-enforcer-plugin:1.0:enforce (enforce-maven) @ retrofit ---
[INFO] 
[INFO] --- maven-resources-plugin:2.6:resources (default-resources) @ retrofit ---
[INFO] Using 'UTF-8' encoding to copy filtered resources.
[INFO] skip non existing resourceDirectory /home/travis/build/failed/square/retrofit/retrofit/src/main/resources
[INFO] 
[INFO] --- maven-compiler-plugin:3.0:compile (default-compile) @ retrofit ---
[INFO] Changes detected - recompiling the module!
[INFO] Compiling 61 source files to /home/travis/build/failed/square/retrofit/retrofit/target/classes
[INFO] 
[INFO] --- maven-resources-plugin:2.6:testResources (default-testResources) @ retrofit ---
[INFO] Using 'UTF-8' encoding to copy filtered resources.
[INFO] skip non existing resourceDirectory /home/travis/build/failed/square/retrofit/retrofit/src/test/resources
[INFO] 
[INFO] --- maven-compiler-plugin:3.0:testCompile (default-testCompile) @ retrofit ---
[INFO] Changes detected - recompiling the module!
[INFO] Compiling 19 source files to /home/travis/build/failed/square/retrofit/retrofit/target/test-classes
[WARNING] /home/travis/build/failed/square/retrofit/retrofit/src/test/java/retrofit/CallbackRunnableTest.java: Some input files use unchecked or unsafe operations.
[WARNING] /home/travis/build/failed/square/retrofit/retrofit/src/test/java/retrofit/CallbackRunnableTest.java: Recompile with -Xlint:unchecked for details.
[INFO] 
[INFO] --- maven-surefire-plugin:2.12.4:test (default-test) @ retrofit ---
[INFO] Surefire report directory: /home/travis/build/failed/square/retrofit/retrofit/target/surefire-reports
[INFO] Downloading: https://repo.maven.apache.org/maven2/org/apache/maven/surefire/surefire-junit4/2.12.4/surefire-junit4-2.12.4.pom
[INFO] Downloaded: https://repo.maven.apache.org/maven2/org/apache/maven/surefire/surefire-junit4/2.12.4/surefire-junit4-2.12.4.pom (3 KB at 5.8 KB/sec)
[INFO] Downloading: https://repo.maven.apache.org/maven2/org/apache/maven/surefire/surefire-providers/2.12.4/surefire-providers-2.12.4.pom
[INFO] Downloaded: https://repo.maven.apache.org/maven2/org/apache/maven/surefire/surefire-providers/2.12.4/surefire-providers-2.12.4.pom (3 KB at 84.9 KB/sec)
[INFO] Downloading: https://repo.maven.apache.org/maven2/org/apache/maven/surefire/surefire-junit4/2.12.4/surefire-junit4-2.12.4.jar
[INFO] Downloaded: https://repo.maven.apache.org/maven2/org/apache/maven/surefire/surefire-junit4/2.12.4/surefire-junit4-2.12.4.jar (37 KB at 667.7 KB/sec)

-------------------------------------------------------
 T E S T S
-------------------------------------------------------
Running retrofit.RxSupportTest
Tests run: 7, Failures: 0, Errors: 0, Skipped: 0, Time elapsed: 0.27 sec
Running retrofit.mime.MimeUtilTest
Tests run: 2, Failures: 0, Errors: 0, Skipped: 0, Time elapsed: 0.016 sec
Running retrofit.mime.TypedFileTest
Tests run: 3, Failures: 0, Errors: 0, Skipped: 0, Time elapsed: 0.017 sec
Running retrofit.mime.TypedByteArrayTest
Tests run: 1, Failures: 0, Errors: 0, Skipped: 0, Time elapsed: 0.001 sec
Running retrofit.mime.FormUrlEncodingTypedOutputTest
Tests run: 3, Failures: 0, Errors: 0, Skipped: 0, Time elapsed: 0.001 sec
Running retrofit.mime.MultipartTypedOutputTest
Tests run: 4, Failures: 0, Errors: 0, Skipped: 0, Time elapsed: 0.002 sec
Running retrofit.EndpointsTest
Tests run: 1, Failures: 0, Errors: 0, Skipped: 0, Time elapsed: 0 sec
Running retrofit.CallbackRunnableTest
Tests run: 2, Failures: 0, Errors: 0, Skipped: 0, Time elapsed: 0.023 sec
Running retrofit.RestMethodInfoTest
Tests run: 14, Failures: 0, Errors: 0, Skipped: 0, Time elapsed: 0.027 sec
Running retrofit.RestAdapterTest
Tests run: 30, Failures: 0, Errors: 0, Skipped: 0, Time elapsed: 0.106 sec
Running retrofit.client.ApacheClientTest
Tests run: 6, Failures: 0, Errors: 0, Skipped: 0, Time elapsed: 0.011 sec
Running retrofit.client.OkClientTest
Tests run: 6, Failures: 1, Errors: 0, Skipped: 0, Time elapsed: 0.015 sec <<< FAILURE!
headers(retrofit.client.OkClientTest)  Time elapsed: 0.008 sec  <<< FAILURE!
org.junit.ComparisonFailure: expected:<[2]> but was:<[3]>
	at sun.reflect.NativeConstructorAccessorImpl.newInstance0(Native Method)
	at sun.reflect.NativeConstructorAccessorImpl.newInstance(NativeConstructorAccessorImpl.java:62)
	at sun.reflect.DelegatingConstructorAccessorImpl.newInstance(DelegatingConstructorAccessorImpl.java:45)
	at retrofit.client.OkClientTest.headers(OkClientTest.java:61)
	at sun.reflect.NativeMethodAccessorImpl.invoke0(Native Method)
	at sun.reflect.NativeMethodAccessorImpl.invoke(NativeMethodAccessorImpl.java:62)
	at sun.reflect.DelegatingMethodAccessorImpl.invoke(DelegatingMethodAccessorImpl.java:43)
	at java.lang.reflect.Method.invoke(Method.java:483)
	at org.junit.runners.model.FrameworkMethod$1.runReflectiveCall(FrameworkMethod.java:47)
	at org.junit.internal.runners.model.ReflectiveCallable.run(ReflectiveCallable.java:12)
	at org.junit.runners.model.FrameworkMethod.invokeExplosively(FrameworkMethod.java:44)
	at org.junit.internal.runners.statements.InvokeMethod.evaluate(InvokeMethod.java:17)
	at org.junit.runners.ParentRunner.runLeaf(ParentRunner.java:271)
	at org.junit.runners.BlockJUnit4ClassRunner.runChild(BlockJUnit4ClassRunner.java:70)
	at org.junit.runners.BlockJUnit4ClassRunner.runChild(BlockJUnit4ClassRunner.java:50)
	at org.junit.runners.ParentRunner$3.run(ParentRunner.java:238)
	at org.junit.runners.ParentRunner$1.schedule(ParentRunner.java:63)
	at org.junit.runners.ParentRunner.runChildren(ParentRunner.java:236)
	at org.junit.runners.ParentRunner.access$000(ParentRunner.java:53)
	at org.junit.runners.ParentRunner$2.evaluate(ParentRunner.java:229)
	at org.junit.runners.ParentRunner.run(ParentRunner.java:309)
	at org.apache.maven.surefire.junit4.JUnit4Provider.execute(JUnit4Provider.java:252)
	at org.apache.maven.surefire.junit4.JUnit4Provider.executeTestSet(JUnit4Provider.java:141)
	at org.apache.maven.surefire.junit4.JUnit4Provider.invoke(JUnit4Provider.java:112)
	at sun.reflect.NativeMethodAccessorImpl.invoke0(Native Method)
	at sun.reflect.NativeMethodAccessorImpl.invoke(NativeMethodAccessorImpl.java:62)
	at sun.reflect.DelegatingMethodAccessorImpl.invoke(DelegatingMethodAccessorImpl.java:43)
	at java.lang.reflect.Method.invoke(Method.java:483)
	at org.apache.maven.surefire.util.ReflectionUtils.invokeMethodWithArray(ReflectionUtils.java:189)
	at org.apache.maven.surefire.booter.ProviderFactory$ProviderProxy.invoke(ProviderFactory.java:165)
	at org.apache.maven.surefire.booter.ProviderFactory.invokeProvider(ProviderFactory.java:85)
	at org.apache.maven.surefire.booter.ForkedBooter.runSuitesInProcess(ForkedBooter.java:115)
	at org.apache.maven.surefire.booter.ForkedBooter.main(ForkedBooter.java:75)

Running retrofit.client.UrlConnectionClientTest
Tests run: 9, Failures: 0, Errors: 0, Skipped: 0, Time elapsed: 0.001 sec
Running retrofit.RequestBuilderTest
Tests run: 105, Failures: 0, Errors: 0, Skipped: 0, Time elapsed: 0.077 sec
Running retrofit.ErrorHandlerTest
Tests run: 4, Failures: 0, Errors: 0, Skipped: 0, Time elapsed: 0.005 sec

Results :

Failed tests:   headers(retrofit.client.OkClientTest): expected:<[2]> but was:<[3]>

Tests run: 197, Failures: 1, Errors: 0, Skipped: 0

[INFO] ------------------------------------------------------------------------
[INFO] Reactor Summary:
[INFO] 
[INFO] Retrofit (Parent) .................................. SUCCESS [  0.243 s]
[INFO] Retrofit ........................................... FAILURE [  3.886 s]
[INFO] Retrofit AppEngine ................................. SKIPPED
[INFO] Converters ......................................... SKIPPED
[INFO] Converter: Protocol Buffers ........................ SKIPPED
[INFO] Converter: Jackson ................................. SKIPPED
[INFO] Converter: Wire Protocol Buffers ................... SKIPPED
[INFO] Converter: SimpleXML ............................... SKIPPED
[INFO] Retrofit Mock Adapter .............................. SKIPPED
[INFO] Samples ............................................ SKIPPED
[INFO] Sample: GitHub Client .............................. SKIPPED
[INFO] Sample: Mock GitHub Client ......................... SKIPPED
[INFO] ------------------------------------------------------------------------
[INFO] BUILD FAILURE
[INFO] ------------------------------------------------------------------------
[INFO] Total time: 4.353 s
[INFO] Finished at: 2021-03-30T00:05:44+00:00
[INFO] Final Memory: 25M/382M
[INFO] ------------------------------------------------------------------------
[ERROR] Failed to execute goal org.apache.maven.plugins:maven-surefire-plugin:2.12.4:test (default-test) on project retrofit: There are test failures.
[ERROR] 
[ERROR] Please refer to /home/travis/build/failed/square/retrofit/retrofit/target/surefire-reports for the individual test results.
[ERROR] -> [Help 1]
[ERROR] 
[ERROR] To see the full stack trace of the errors, re-run Maven with the -e switch.
[ERROR] Re-run Maven using the -X switch to enable full debug logging.
[ERROR] 
[ERROR] For more information about the errors and possible solutions, please read the following articles:
[ERROR] [Help 1] http://cwiki.apache.org/confluence/display/MAVEN/MojoFailureException
[ERROR] 
[ERROR] After correcting the problems, you can resume the build with the command
[ERROR]   mvn <goals> -rf :retrofit

travis_time:end:1fb91f8c:start=1617062739336104071,finish=1617062745008199604,duration=5672095533[0K
[31;1mThe command "mvn test -Dhttps.protocols=TLSv1.2 -B" exited with 1.[0m
travis_fold:start:cache.2[0Kstore build cache
travis_time:start:0dc13f00[0K
travis_time:end:0dc13f00:start=1617062745022023254,finish=1617062745032392208,duration=10368954[0Ktravis_time:start:1ca737eb[0K/home/travis/.casher/bin/casher:190: warning: Insecure world writable dir /home/travis/build/failed/square/retrofit/. in PATH, mode 040777
[32;1mchanges detected, packing new archive[0m
/home/travis/.casher/bin/casher:213:in `cache_archive_name': undefined method `[]' for nil:NilClass (NoMethodError)
	from /home/travis/.casher/bin/casher:143:in `push'
	from /home/travis/.casher/bin/casher:53:in `block in run'
	from /home/travis/.rvm/rubies/ruby-1.9.3-p551/lib/ruby/1.9.1/timeout.rb:69:in `timeout'
	from /home/travis/.casher/bin/casher:53:in `run'
	from /home/travis/.casher/bin/casher:263:in `<main>'

travis_time:end:1ca737eb:start=1617062745043398495,finish=1617062748955781632,duration=3912383137[0Ktravis_fold:end:cache.2[0K
Done. Your build exited with 1.
