travis_fold:start:system_info[0K[33;1mBuild system information[0m
Build language: java
Build group: stable
Build dist: precise
Build id: ''
Job id: ''
[34m[1mBuild image provisioning date and time[0m
Thu Feb  5 15:09:33 UTC 2015
[34m[1mOperating System Details[0m
Distributor ID:	Ubuntu
Description:	Ubuntu 12.04.5 LTS
Release:	12.04
Codename:	precise
[34m[1mLinux Version[0m
3.13.0-29-generic
[34m[1mCookbooks Version[0m
a68419e https://github.com/travis-ci/travis-cookbooks/tree/a68419e
[34m[1mGCC version[0m
gcc (Ubuntu/Linaro 4.6.3-1ubuntu5) 4.6.3
Copyright (C) 2011 Free Software Foundation, Inc.
This is free software; see the source for copying conditions.  There is NO
warranty; not even for MERCHANTABILITY or FITNESS FOR A PARTICULAR PURPOSE.

[34m[1mLLVM version[0m
clang version 3.4 (tags/RELEASE_34/final)
Target: x86_64-unknown-linux-gnu
Thread model: posix
[34m[1mPre-installed Ruby versions[0m
ruby-1.9.3-p551
[34m[1mPre-installed Node.js versions[0m
v0.10.36
[34m[1mPre-installed Go versions[0m
1.4.1
[34m[1mRedis version[0m
redis-server 2.8.19
[34m[1mriak version[0m
2.0.2
[34m[1mMongoDB version[0m
MongoDB 2.4.12
[34m[1mCouchDB version[0m
couchdb 1.6.1
[34m[1mNeo4j version[0m
1.9.4
[34m[1mRabbitMQ Version[0m
3.4.3
[34m[1mElasticSearch version[0m
1.4.0
[34m[1mInstalled Sphinx versions[0m
2.0.10
2.1.9
2.2.6
[34m[1mDefault Sphinx version[0m
2.2.6
[34m[1mInstalled Firefox version[0m
firefox 31.0esr
[34m[1mPhantomJS version[0m
1.9.8
[34m[1mant -version[0m
Apache Ant(TM) version 1.8.2 compiled on December 3 2011
[34m[1mmvn -version[0m
Apache Maven 3.2.5 (12a6b3acb947671f09b81f49094c53f426d8cea1; 2014-12-14T17:29:23+00:00)
Maven home: /usr/local/maven
Java version: 1.7.0_76, vendor: Oracle Corporation
Java home: /usr/lib/jvm/java-7-oracle/jre
Default locale: en_US, platform encoding: ANSI_X3.4-1968
OS name: "linux", version: "3.13.0-29-generic", arch: "amd64", family: "unix"
travis_fold:end:system_info[0K
W: Failed to fetch http://us.archive.ubuntu.com/ubuntu/dists/precise/main/source/Sources  404  Not Found [IP: 91.189.91.38 80]

W: Failed to fetch http://us.archive.ubuntu.com/ubuntu/dists/precise/restricted/source/Sources  404  Not Found [IP: 91.189.91.38 80]

W: Failed to fetch http://us.archive.ubuntu.com/ubuntu/dists/precise/universe/source/Sources  404  Not Found [IP: 91.189.91.38 80]

W: Failed to fetch http://us.archive.ubuntu.com/ubuntu/dists/precise/multiverse/source/Sources  404  Not Found [IP: 91.189.91.38 80]

W: Failed to fetch http://us.archive.ubuntu.com/ubuntu/dists/precise/main/binary-amd64/Packages  404  Not Found [IP: 91.189.91.38 80]

W: Failed to fetch http://us.archive.ubuntu.com/ubuntu/dists/precise/restricted/binary-amd64/Packages  404  Not Found [IP: 91.189.91.38 80]

W: Failed to fetch http://us.archive.ubuntu.com/ubuntu/dists/precise/universe/binary-amd64/Packages  404  Not Found [IP: 91.189.91.38 80]

W: Failed to fetch http://us.archive.ubuntu.com/ubuntu/dists/precise/multiverse/binary-amd64/Packages  404  Not Found [IP: 91.189.91.38 80]

W: Failed to fetch http://us.archive.ubuntu.com/ubuntu/dists/precise/main/binary-i386/Packages  404  Not Found [IP: 91.189.91.38 80]

W: Failed to fetch http://us.archive.ubuntu.com/ubuntu/dists/precise/restricted/binary-i386/Packages  404  Not Found [IP: 91.189.91.38 80]

W: Failed to fetch http://us.archive.ubuntu.com/ubuntu/dists/precise/universe/binary-i386/Packages  404  Not Found [IP: 91.189.91.38 80]

W: Failed to fetch http://us.archive.ubuntu.com/ubuntu/dists/precise/multiverse/binary-i386/Packages  404  Not Found [IP: 91.189.91.38 80]

W: Failed to fetch http://us.archive.ubuntu.com/ubuntu/dists/precise-updates/main/source/Sources  404  Not Found [IP: 91.189.91.38 80]

W: Failed to fetch http://us.archive.ubuntu.com/ubuntu/dists/precise-updates/restricted/source/Sources  404  Not Found [IP: 91.189.91.38 80]

W: Failed to fetch http://us.archive.ubuntu.com/ubuntu/dists/precise-updates/universe/source/Sources  404  Not Found [IP: 91.189.91.38 80]

W: Failed to fetch http://us.archive.ubuntu.com/ubuntu/dists/precise-updates/multiverse/source/Sources  404  Not Found [IP: 91.189.91.38 80]

W: Failed to fetch http://us.archive.ubuntu.com/ubuntu/dists/precise-updates/main/binary-amd64/Packages  404  Not Found [IP: 91.189.91.38 80]

W: Failed to fetch http://us.archive.ubuntu.com/ubuntu/dists/precise-updates/restricted/binary-amd64/Packages  404  Not Found [IP: 91.189.91.38 80]

W: Failed to fetch http://us.archive.ubuntu.com/ubuntu/dists/precise-updates/universe/binary-amd64/Packages  404  Not Found [IP: 91.189.91.38 80]

W: Failed to fetch http://us.archive.ubuntu.com/ubuntu/dists/precise-updates/multiverse/binary-amd64/Packages  404  Not Found [IP: 91.189.91.38 80]

W: Failed to fetch http://us.archive.ubuntu.com/ubuntu/dists/precise-updates/main/binary-i386/Packages  404  Not Found [IP: 91.189.91.38 80]

W: Failed to fetch http://us.archive.ubuntu.com/ubuntu/dists/precise-updates/restricted/binary-i386/Packages  404  Not Found [IP: 91.189.91.38 80]

W: Failed to fetch http://us.archive.ubuntu.com/ubuntu/dists/precise-updates/universe/binary-i386/Packages  404  Not Found [IP: 91.189.91.38 80]

W: Failed to fetch http://us.archive.ubuntu.com/ubuntu/dists/precise-updates/multiverse/binary-i386/Packages  404  Not Found [IP: 91.189.91.38 80]

W: Failed to fetch http://us.archive.ubuntu.com/ubuntu/dists/precise-backports/main/source/Sources  404  Not Found [IP: 91.189.91.38 80]

W: Failed to fetch http://us.archive.ubuntu.com/ubuntu/dists/precise-backports/restricted/source/Sources  404  Not Found [IP: 91.189.91.38 80]

W: Failed to fetch http://us.archive.ubuntu.com/ubuntu/dists/precise-backports/universe/source/Sources  404  Not Found [IP: 91.189.91.38 80]

W: Failed to fetch http://us.archive.ubuntu.com/ubuntu/dists/precise-backports/multiverse/source/Sources  404  Not Found [IP: 91.189.91.38 80]

W: Failed to fetch http://us.archive.ubuntu.com/ubuntu/dists/precise-backports/main/binary-amd64/Packages  404  Not Found [IP: 91.189.91.38 80]

W: Failed to fetch http://us.archive.ubuntu.com/ubuntu/dists/precise-backports/restricted/binary-amd64/Packages  404  Not Found [IP: 91.189.91.38 80]

W: Failed to fetch http://us.archive.ubuntu.com/ubuntu/dists/precise-backports/universe/binary-amd64/Packages  404  Not Found [IP: 91.189.91.38 80]

W: Failed to fetch http://us.archive.ubuntu.com/ubuntu/dists/precise-backports/multiverse/binary-amd64/Packages  404  Not Found [IP: 91.189.91.38 80]

W: Failed to fetch http://us.archive.ubuntu.com/ubuntu/dists/precise-backports/main/binary-i386/Packages  404  Not Found [IP: 91.189.91.38 80]

W: Failed to fetch http://us.archive.ubuntu.com/ubuntu/dists/precise-backports/restricted/binary-i386/Packages  404  Not Found [IP: 91.189.91.38 80]

W: Failed to fetch http://us.archive.ubuntu.com/ubuntu/dists/precise-backports/universe/binary-i386/Packages  404  Not Found [IP: 91.189.91.38 80]

W: Failed to fetch http://us.archive.ubuntu.com/ubuntu/dists/precise-backports/multiverse/binary-i386/Packages  404  Not Found [IP: 91.189.91.38 80]

W: Failed to fetch http://apt.postgresql.org/pub/repos/apt/dists/precise-pgdg/main/binary-amd64/Packages  404  Not Found [IP: 87.238.57.227 80]

W: Failed to fetch http://apt.postgresql.org/pub/repos/apt/dists/precise-pgdg/main/binary-i386/Packages  404  Not Found [IP: 87.238.57.227 80]

W: Failed to fetch http://security.ubuntu.com/ubuntu/dists/precise-security/main/source/Sources  404  Not Found [IP: 91.189.88.142 80]

W: Failed to fetch http://security.ubuntu.com/ubuntu/dists/precise-security/restricted/source/Sources  404  Not Found [IP: 91.189.88.142 80]

W: Failed to fetch http://security.ubuntu.com/ubuntu/dists/precise-security/universe/source/Sources  404  Not Found [IP: 91.189.88.142 80]

W: Failed to fetch http://security.ubuntu.com/ubuntu/dists/precise-security/multiverse/source/Sources  404  Not Found [IP: 91.189.88.142 80]

W: Failed to fetch http://security.ubuntu.com/ubuntu/dists/precise-security/main/binary-amd64/Packages  404  Not Found [IP: 91.189.88.142 80]

W: Failed to fetch http://security.ubuntu.com/ubuntu/dists/precise-security/restricted/binary-amd64/Packages  404  Not Found [IP: 91.189.88.142 80]

W: Failed to fetch http://security.ubuntu.com/ubuntu/dists/precise-security/universe/binary-amd64/Packages  404  Not Found [IP: 91.189.88.142 80]

W: Failed to fetch http://security.ubuntu.com/ubuntu/dists/precise-security/multiverse/binary-amd64/Packages  404  Not Found [IP: 91.189.88.142 80]

W: Failed to fetch http://security.ubuntu.com/ubuntu/dists/precise-security/main/binary-i386/Packages  404  Not Found [IP: 91.189.88.142 80]

W: Failed to fetch http://security.ubuntu.com/ubuntu/dists/precise-security/restricted/binary-i386/Packages  404  Not Found [IP: 91.189.88.142 80]

W: Failed to fetch http://security.ubuntu.com/ubuntu/dists/precise-security/universe/binary-i386/Packages  404  Not Found [IP: 91.189.88.142 80]

W: Failed to fetch http://security.ubuntu.com/ubuntu/dists/precise-security/multiverse/binary-i386/Packages  404  Not Found [IP: 91.189.88.142 80]

W: Failed to fetch http://ppa.launchpad.net/rwky/ppa/ubuntu/dists/precise/main/binary-amd64/Packages  403  Forbidden

W: Failed to fetch http://ppa.launchpad.net/rwky/ppa/ubuntu/dists/precise/main/binary-i386/Packages  403  Forbidden

W: Failed to fetch http://ppa.launchpad.net/travis-ci/zero-mq/ubuntu/dists/precise/main/binary-amd64/Packages  403  Forbidden

W: Failed to fetch http://ppa.launchpad.net/travis-ci/zero-mq/ubuntu/dists/precise/main/binary-i386/Packages  403  Forbidden

W: Failed to fetch http://downloads-distro.mongodb.org/repo/debian-sysvinit/dists/dist/10gen/binary-amd64/Packages  Undetermined Error [IP: 54.175.147.155 80]

W: Failed to fetch http://downloads-distro.mongodb.org/repo/debian-sysvinit/dists/dist/10gen/binary-i386/Packages  Undetermined Error [IP: 54.175.147.155 80]

E: Some index files failed to download. They have been ignored, or old ones used instead.
sed: cannot rename /etc/hosts: Device or resource busy
sed: cannot rename /etc/hosts: Device or resource busy
$ jdk_switcher use oraclejdk8
Switching to Oracle JDK8 (java-8-oracle), JAVA_HOME will be set to /usr/lib/jvm/java-8-oracle
$ cd failed/NitorCreations/nflow
travis_fold:start:postgresql[0K[33;1mStarting PostgreSQL v9.4[0m
travis_time:start:0f175db0[0K$ sudo service postgresql stop
 * Stopping PostgreSQL 9.1 database server
   ...done.
 * Stopping PostgreSQL 9.2 database server
   ...done.
 * Stopping PostgreSQL 9.3 database server
   ...done.
 * Stopping PostgreSQL 9.4 database server
   ...done.

travis_time:end:0f175db0:start=1642917994115417462,finish=1642917995275062186,duration=1159644724[0Ktravis_time:start:0a78848c[0K$ sudo service postgresql start 9.4
 * Starting PostgreSQL 9.4 database server
   ...done.

travis_time:end:0a78848c:start=1642917995285245955,finish=1642918013222893724,duration=17937647769[0Ktravis_time:start:0fcb9376[0K$ sudo -u postgres createuser -s -p 5432 travis &>/dev/null

travis_time:end:0fcb9376:start=1642918013231917108,finish=1642918013293344914,duration=61427806[0Ktravis_time:start:244f3e1c[0K$ sudo -u postgres createdb -O travis -p 5432 travis &>/dev/null

travis_time:end:244f3e1c:start=1642918013303486225,finish=1642918013367738854,duration=64252629[0Ktravis_time:start:0435bfe8[0K$ sudo -u postgres createuser -s -p 5433 travis &>/dev/null

travis_time:end:0435bfe8:start=1642918013378666063,finish=1642918013438783274,duration=60117211[0Ktravis_time:start:20a7fc64[0K$ sudo -u postgres createdb -O travis -p 5433 travis &>/dev/null

travis_time:end:20a7fc64:start=1642918013449388236,finish=1642918013502124227,duration=52735991[0Ktravis_fold:end:postgresql[0K
[33;1mSetting environment variables from .travis.yml[0m
$ export BUILD_SYSTEM=travis
$ export SPRING_PROFILES_ACTIVE=nflow.db.h2

travis_fold:start:cache.1[0KSetting up build cache
$ export CASHER_DIR=$HOME/.casher
travis_time:start:1ca93d82[0K
travis_time:end:1ca93d82:start=1642918028761564152,finish=1642918028771911863,duration=10347711[0Ktravis_time:start:06df5cde[0K/home/travis/.casher/bin/casher:213:in `cache_archive_name': undefined method `[]' for nil:NilClass (NoMethodError)
	from /home/travis/.casher/bin/casher:65:in `block in fetch'
	from /home/travis/.casher/bin/casher:64:in `each'
	from /home/travis/.casher/bin/casher:64:in `fetch'
	from /home/travis/.casher/bin/casher:53:in `block in run'
	from /home/travis/.rvm/rubies/ruby-1.9.3-p551/lib/ruby/1.9.1/timeout.rb:69:in `timeout'
	from /home/travis/.casher/bin/casher:53:in `run'
	from /home/travis/.casher/bin/casher:263:in `<main>'
[32;1mattempting to download cache archive[0m

travis_time:end:06df5cde:start=1642918028782885625,finish=1642918029576943732,duration=794058107[0Ktravis_time:start:30a0a52d[0K
travis_time:end:30a0a52d:start=1642918029587206946,finish=1642918029596027231,duration=8820285[0Ktravis_time:start:12783d68[0K[32;1madding /home/travis/.m2 to cache[0m

travis_time:end:12783d68:start=1642918029606438171,finish=1642918031585531522,duration=1979093351[0Ktravis_fold:end:cache.1[0K$ java -Xmx32m -version
java version "1.8.0_31"
Java(TM) SE Runtime Environment (build 1.8.0_31-b13)
Java HotSpot(TM) 64-Bit Server VM (build 25.31-b07, mixed mode)
$ javac -J-Xmx32m -version
javac 1.8.0_31
travis_fold:start:install[0Ktravis_time:start:1e51de93[0K$ mvn -o install -Dhttps.protocols=TLSv1.2 -DskipTests=true -Dmaven.javadoc.skip=true -B -V
Java HotSpot(TM) 64-Bit Server VM warning: ignoring option MaxPermSize=192m; support was removed in 8.0
Apache Maven 3.2.5 (12a6b3acb947671f09b81f49094c53f426d8cea1; 2014-12-14T17:29:23+00:00)
Maven home: /usr/local/maven
Java version: 1.8.0_31, vendor: Oracle Corporation
Java home: /usr/lib/jvm/java-8-oracle/jre
Default locale: en_US, platform encoding: UTF-8
OS name: "linux", version: "4.15.0-109-generic", arch: "amd64", family: "unix"
[INFO] Scanning for projects...
[WARNING] 
[WARNING] Some problems were encountered while building the effective model for io.nflow:nflow-jetty:jar:4.0.1-SNAPSHOT
[WARNING] 'profiles.profile[oracle].dependencies.dependency.systemPath' for com.oracle:ojdbc7:jar should not point at files within the project directory, ${basedir}/../ojdbc7.jar will be unresolvable by dependent projects @ io.nflow:nflow-jetty:[unknown-version], /home/travis/build/failed/NitorCreations/nflow/nflow-jetty/pom.xml, line 302, column 23
[WARNING] 
[WARNING] Some problems were encountered while building the effective model for io.nflow:nflow-tests:jar:4.0.1-SNAPSHOT
[WARNING] 'profiles.profile[oracle].dependencies.dependency.systemPath' for com.oracle:ojdbc7:jar should not point at files within the project directory, ${basedir}/../ojdbc7.jar will be unresolvable by dependent projects @ io.nflow:nflow-tests:[unknown-version], /home/travis/build/failed/NitorCreations/nflow/nflow-tests/pom.xml, line 89, column 23
[WARNING] 
[WARNING] It is highly recommended to fix these problems because they threaten the stability of your build.
[WARNING] 
[WARNING] For this reason, future Maven versions might no longer support building such malformed projects.
[WARNING] 
[INFO] Inspecting build with total of 8 modules...
[INFO] Installing Nexus Staging features:
[INFO]   ... total of 8 executions of maven-deploy-plugin replaced with nexus-staging-maven-plugin
[INFO] ------------------------------------------------------------------------
[INFO] Reactor Build Order:
[INFO] 
[INFO] nflow
[INFO] nflow-engine
[INFO] nflow-rest-api
[INFO] nflow-jetty
[INFO] nflow-metrics
[INFO] nflow-tests
[INFO] nflow-perf-test
[INFO] nflow-guice
[INFO]                                                                         
[INFO] ------------------------------------------------------------------------
[INFO] Building nflow 4.0.1-SNAPSHOT
[INFO] ------------------------------------------------------------------------
[INFO] 
[INFO] --- maven-enforcer-plugin:1.4.1:enforce (ban-unwanted-dependencies) @ nflow-root ---
[INFO] 
[INFO] --- maven-source-plugin:3.0.1:jar-no-fork (attach-sources) @ nflow-root ---
[INFO] 
[INFO] --- maven-javadoc-plugin:2.10.4:jar (attach-javadocs) @ nflow-root ---
[INFO] Skipping javadoc generation
[INFO] 
[INFO] --- maven-install-plugin:2.5.2:install (default-install) @ nflow-root ---
[INFO] Installing /home/travis/build/failed/NitorCreations/nflow/pom.xml to /home/travis/.m2/repository/io/nflow/nflow-root/4.0.1-SNAPSHOT/nflow-root-4.0.1-SNAPSHOT.pom
[INFO]                                                                         
[INFO] ------------------------------------------------------------------------
[INFO] Building nflow-engine 4.0.1-SNAPSHOT
[INFO] ------------------------------------------------------------------------
[INFO] 
[INFO] --- maven-enforcer-plugin:1.4.1:enforce (ban-unwanted-dependencies) @ nflow-engine ---
[INFO] 
[INFO] --- maven-resources-plugin:3.0.1:resources (default-resources) @ nflow-engine ---
[INFO] Using 'UTF-8' encoding to copy filtered resources.
[INFO] Copying 30 resources
[INFO] 
[INFO] --- maven-compiler-plugin:3.5.1:compile (default-compile) @ nflow-engine ---
[INFO] Changes detected - recompiling the module!
[INFO] Compiling 69 source files to /home/travis/build/failed/NitorCreations/nflow/nflow-engine/target/classes
[INFO] 
[INFO] --- maven-resources-plugin:3.0.1:testResources (default-testResources) @ nflow-engine ---
[INFO] Using 'UTF-8' encoding to copy filtered resources.
[INFO] Copying 6 resources
[INFO] 
[INFO] --- maven-compiler-plugin:3.5.1:testCompile (default-testCompile) @ nflow-engine ---
[INFO] Nothing to compile - all classes are up to date
[INFO] 
[INFO] --- maven-surefire-plugin:2.19.1:test (default-test) @ nflow-engine ---
[INFO] Tests are skipped.
[INFO] 
[INFO] --- maven-jar-plugin:3.0.2:jar (default-jar) @ nflow-engine ---
[INFO] Building jar: /home/travis/build/failed/NitorCreations/nflow/nflow-engine/target/nflow-engine-4.0.1-SNAPSHOT.jar
[INFO] 
[INFO] --- maven-source-plugin:3.0.1:jar-no-fork (attach-sources) @ nflow-engine ---
[INFO] Building jar: /home/travis/build/failed/NitorCreations/nflow/nflow-engine/target/nflow-engine-4.0.1-SNAPSHOT-sources.jar
[INFO] 
[INFO] --- maven-javadoc-plugin:2.10.4:jar (attach-javadocs) @ nflow-engine ---
[INFO] Skipping javadoc generation
[INFO] 
[INFO] --- maven-install-plugin:2.5.2:install (default-install) @ nflow-engine ---
[INFO] Installing /home/travis/build/failed/NitorCreations/nflow/nflow-engine/target/nflow-engine-4.0.1-SNAPSHOT.jar to /home/travis/.m2/repository/io/nflow/nflow-engine/4.0.1-SNAPSHOT/nflow-engine-4.0.1-SNAPSHOT.jar
[INFO] Installing /home/travis/build/failed/NitorCreations/nflow/nflow-engine/pom.xml to /home/travis/.m2/repository/io/nflow/nflow-engine/4.0.1-SNAPSHOT/nflow-engine-4.0.1-SNAPSHOT.pom
[INFO] Installing /home/travis/build/failed/NitorCreations/nflow/nflow-engine/target/nflow-engine-4.0.1-SNAPSHOT-sources.jar to /home/travis/.m2/repository/io/nflow/nflow-engine/4.0.1-SNAPSHOT/nflow-engine-4.0.1-SNAPSHOT-sources.jar
[INFO]                                                                         
[INFO] ------------------------------------------------------------------------
[INFO] Building nflow-rest-api 4.0.1-SNAPSHOT
[INFO] ------------------------------------------------------------------------
[INFO] 
[INFO] --- maven-enforcer-plugin:1.4.1:enforce (ban-unwanted-dependencies) @ nflow-rest-api ---
[INFO] 
[INFO] --- maven-resources-plugin:3.0.1:resources (default-resources) @ nflow-rest-api ---
[INFO] Using 'UTF-8' encoding to copy filtered resources.
[INFO] Copying 1 resource
[INFO] 
[INFO] --- maven-compiler-plugin:3.5.1:compile (default-compile) @ nflow-rest-api ---
[INFO] Changes detected - recompiling the module!
[INFO] Compiling 32 source files to /home/travis/build/failed/NitorCreations/nflow/nflow-rest-api/target/classes
[INFO] 
[INFO] --- maven-resources-plugin:3.0.1:testResources (default-testResources) @ nflow-rest-api ---
[INFO] Using 'UTF-8' encoding to copy filtered resources.
[INFO] skip non existing resourceDirectory /home/travis/build/failed/NitorCreations/nflow/nflow-rest-api/src/test/resources
[INFO] 
[INFO] --- maven-compiler-plugin:3.5.1:testCompile (default-testCompile) @ nflow-rest-api ---
[INFO] Nothing to compile - all classes are up to date
[INFO] 
[INFO] --- maven-surefire-plugin:2.19.1:test (default-test) @ nflow-rest-api ---
[INFO] Tests are skipped.
[INFO] 
[INFO] --- maven-jar-plugin:3.0.2:jar (default-jar) @ nflow-rest-api ---
[INFO] Building jar: /home/travis/build/failed/NitorCreations/nflow/nflow-rest-api/target/nflow-rest-api-4.0.1-SNAPSHOT.jar
[INFO] 
[INFO] --- maven-source-plugin:3.0.1:jar-no-fork (attach-sources) @ nflow-rest-api ---
[INFO] Building jar: /home/travis/build/failed/NitorCreations/nflow/nflow-rest-api/target/nflow-rest-api-4.0.1-SNAPSHOT-sources.jar
[INFO] 
[INFO] --- maven-javadoc-plugin:2.10.4:jar (attach-javadocs) @ nflow-rest-api ---
[INFO] Skipping javadoc generation
[INFO] 
[INFO] --- maven-install-plugin:2.5.2:install (default-install) @ nflow-rest-api ---
[INFO] Installing /home/travis/build/failed/NitorCreations/nflow/nflow-rest-api/target/nflow-rest-api-4.0.1-SNAPSHOT.jar to /home/travis/.m2/repository/io/nflow/nflow-rest-api/4.0.1-SNAPSHOT/nflow-rest-api-4.0.1-SNAPSHOT.jar
[INFO] Installing /home/travis/build/failed/NitorCreations/nflow/nflow-rest-api/pom.xml to /home/travis/.m2/repository/io/nflow/nflow-rest-api/4.0.1-SNAPSHOT/nflow-rest-api-4.0.1-SNAPSHOT.pom
[INFO] Installing /home/travis/build/failed/NitorCreations/nflow/nflow-rest-api/target/nflow-rest-api-4.0.1-SNAPSHOT-sources.jar to /home/travis/.m2/repository/io/nflow/nflow-rest-api/4.0.1-SNAPSHOT/nflow-rest-api-4.0.1-SNAPSHOT-sources.jar
[INFO]                                                                         
[INFO] ------------------------------------------------------------------------
[INFO] Building nflow-jetty 4.0.1-SNAPSHOT
[INFO] ------------------------------------------------------------------------
[INFO] 
[INFO] --- maven-enforcer-plugin:1.4.1:enforce (ban-unwanted-dependencies) @ nflow-jetty ---
[INFO] 
[INFO] --- maven-dependency-plugin:2.10:unpack (unpack) @ nflow-jetty ---
[INFO] Configured Artifact: com.nitorcreations:nflow-explorer:1.2.3:tar.gz
[INFO] Unpacking /home/travis/.m2/repository/com/nitorcreations/nflow-explorer/1.2.3/nflow-explorer-1.2.3.tar.gz to /home/travis/build/failed/NitorCreations/nflow/nflow-jetty/target/explorer with includes "" and excludes ""
[INFO] Expanding: /home/travis/.m2/repository/com/nitorcreations/nflow-explorer/1.2.3/nflow-explorer-1.2.3.tar.gz into /home/travis/build/failed/NitorCreations/nflow/nflow-jetty/target/explorer
[INFO] 
[INFO] --- download-maven-plugin:1.3.0:wget (unpack-swagger-ui) @ nflow-jetty ---
[INFO] Got from cache: /home/travis/.m2/repository/.cache/download-maven-plugin/v2.1.4.tar.gz_de9920813a355cf20826ccb76acc6430
[INFO] Expanding: /home/travis/build/failed/NitorCreations/nflow/nflow-jetty/target/swagger/v2.1.4.tar.gz into /home/travis/build/failed/NitorCreations/nflow/nflow-jetty/target/swagger
[INFO] 
[INFO] --- maven-resources-plugin:3.0.1:resources (default-resources) @ nflow-jetty ---
[INFO] Using 'UTF-8' encoding to copy filtered resources.
[INFO] Copying 7 resources
[INFO] 
[INFO] --- maven-resources-plugin:3.0.1:copy-resources (copy-swagger-resources) @ nflow-jetty ---
[INFO] Using 'UTF-8' encoding to copy filtered resources.
[INFO] Copying 43 resources
[INFO] 
[INFO] --- maven-resources-plugin:3.0.1:copy-resources (copy-explorer-resources) @ nflow-jetty ---
[INFO] Using 'UTF-8' encoding to copy filtered resources.
[INFO] Copying 48 resources
[INFO] 
[INFO] --- maven-compiler-plugin:3.5.1:compile (default-compile) @ nflow-jetty ---
[INFO] Changes detected - recompiling the module!
[INFO] Compiling 16 source files to /home/travis/build/failed/NitorCreations/nflow/nflow-jetty/target/classes
[INFO] 
[INFO] --- maven-resources-plugin:3.0.1:testResources (default-testResources) @ nflow-jetty ---
[INFO] Using 'UTF-8' encoding to copy filtered resources.
[INFO] Copying 3 resources
[INFO] 
[INFO] --- maven-compiler-plugin:3.5.1:testCompile (default-testCompile) @ nflow-jetty ---
[INFO] Nothing to compile - all classes are up to date
[INFO] 
[INFO] --- maven-surefire-plugin:2.19.1:test (default-test) @ nflow-jetty ---
[INFO] Tests are skipped.
[INFO] 
[INFO] --- maven-jar-plugin:3.0.2:jar (default-jar) @ nflow-jetty ---
[INFO] Building jar: /home/travis/build/failed/NitorCreations/nflow/nflow-jetty/target/nflow-jetty-4.0.1-SNAPSHOT.jar
[INFO] 
[INFO] --- maven-source-plugin:3.0.1:jar-no-fork (attach-sources) @ nflow-jetty ---
[INFO] Building jar: /home/travis/build/failed/NitorCreations/nflow/nflow-jetty/target/nflow-jetty-4.0.1-SNAPSHOT-sources.jar
[INFO] 
[INFO] --- maven-javadoc-plugin:2.10.4:jar (attach-javadocs) @ nflow-jetty ---
[INFO] Skipping javadoc generation
[INFO] 
[INFO] --- maven-install-plugin:2.5.2:install (default-install) @ nflow-jetty ---
[INFO] Installing /home/travis/build/failed/NitorCreations/nflow/nflow-jetty/target/nflow-jetty-4.0.1-SNAPSHOT.jar to /home/travis/.m2/repository/io/nflow/nflow-jetty/4.0.1-SNAPSHOT/nflow-jetty-4.0.1-SNAPSHOT.jar
[INFO] Installing /home/travis/build/failed/NitorCreations/nflow/nflow-jetty/pom.xml to /home/travis/.m2/repository/io/nflow/nflow-jetty/4.0.1-SNAPSHOT/nflow-jetty-4.0.1-SNAPSHOT.pom
[INFO] Installing /home/travis/build/failed/NitorCreations/nflow/nflow-jetty/target/nflow-jetty-4.0.1-SNAPSHOT-sources.jar to /home/travis/.m2/repository/io/nflow/nflow-jetty/4.0.1-SNAPSHOT/nflow-jetty-4.0.1-SNAPSHOT-sources.jar
[INFO]                                                                         
[INFO] ------------------------------------------------------------------------
[INFO] Building nflow-metrics 4.0.1-SNAPSHOT
[INFO] ------------------------------------------------------------------------
[INFO] 
[INFO] --- maven-enforcer-plugin:1.4.1:enforce (ban-unwanted-dependencies) @ nflow-metrics ---
[INFO] 
[INFO] --- maven-resources-plugin:3.0.1:resources (default-resources) @ nflow-metrics ---
[INFO] Using 'UTF-8' encoding to copy filtered resources.
[INFO] skip non existing resourceDirectory /home/travis/build/failed/NitorCreations/nflow/nflow-metrics/src/main/resources
[INFO] 
[INFO] --- maven-compiler-plugin:3.5.1:compile (default-compile) @ nflow-metrics ---
[INFO] Changes detected - recompiling the module!
[INFO] Compiling 4 source files to /home/travis/build/failed/NitorCreations/nflow/nflow-metrics/target/classes
[INFO] 
[INFO] --- maven-resources-plugin:3.0.1:testResources (default-testResources) @ nflow-metrics ---
[INFO] Using 'UTF-8' encoding to copy filtered resources.
[INFO] skip non existing resourceDirectory /home/travis/build/failed/NitorCreations/nflow/nflow-metrics/src/test/resources
[INFO] 
[INFO] --- maven-compiler-plugin:3.5.1:testCompile (default-testCompile) @ nflow-metrics ---
[INFO] Nothing to compile - all classes are up to date
[INFO] 
[INFO] --- maven-surefire-plugin:2.19.1:test (default-test) @ nflow-metrics ---
[INFO] Tests are skipped.
[INFO] 
[INFO] --- maven-jar-plugin:3.0.2:jar (default-jar) @ nflow-metrics ---
[INFO] Building jar: /home/travis/build/failed/NitorCreations/nflow/nflow-metrics/target/nflow-metrics-4.0.1-SNAPSHOT.jar
[INFO] 
[INFO] --- maven-source-plugin:3.0.1:jar-no-fork (attach-sources) @ nflow-metrics ---
[INFO] Building jar: /home/travis/build/failed/NitorCreations/nflow/nflow-metrics/target/nflow-metrics-4.0.1-SNAPSHOT-sources.jar
[INFO] 
[INFO] --- maven-javadoc-plugin:2.10.4:jar (attach-javadocs) @ nflow-metrics ---
[INFO] Skipping javadoc generation
[INFO] 
[INFO] --- maven-install-plugin:2.5.2:install (default-install) @ nflow-metrics ---
[INFO] Installing /home/travis/build/failed/NitorCreations/nflow/nflow-metrics/target/nflow-metrics-4.0.1-SNAPSHOT.jar to /home/travis/.m2/repository/io/nflow/nflow-metrics/4.0.1-SNAPSHOT/nflow-metrics-4.0.1-SNAPSHOT.jar
[INFO] Installing /home/travis/build/failed/NitorCreations/nflow/nflow-metrics/pom.xml to /home/travis/.m2/repository/io/nflow/nflow-metrics/4.0.1-SNAPSHOT/nflow-metrics-4.0.1-SNAPSHOT.pom
[INFO] Installing /home/travis/build/failed/NitorCreations/nflow/nflow-metrics/target/nflow-metrics-4.0.1-SNAPSHOT-sources.jar to /home/travis/.m2/repository/io/nflow/nflow-metrics/4.0.1-SNAPSHOT/nflow-metrics-4.0.1-SNAPSHOT-sources.jar
[INFO]                                                                         
[INFO] ------------------------------------------------------------------------
[INFO] Building nflow-tests 4.0.1-SNAPSHOT
[INFO] ------------------------------------------------------------------------
[INFO] 
[INFO] --- maven-enforcer-plugin:1.4.1:enforce (ban-unwanted-dependencies) @ nflow-tests ---
[INFO] 
[INFO] --- maven-resources-plugin:3.0.1:resources (default-resources) @ nflow-tests ---
[INFO] Using 'UTF-8' encoding to copy filtered resources.
[INFO] Copying 3 resources
[INFO] 
[INFO] --- maven-compiler-plugin:3.5.1:compile (default-compile) @ nflow-tests ---
[INFO] Changes detected - recompiling the module!
[INFO] Compiling 10 source files to /home/travis/build/failed/NitorCreations/nflow/nflow-tests/target/classes
[INFO] 
[INFO] --- maven-resources-plugin:3.0.1:testResources (default-testResources) @ nflow-tests ---
[INFO] Using 'UTF-8' encoding to copy filtered resources.
[INFO] Copying 1 resource
[INFO] 
[INFO] --- maven-compiler-plugin:3.5.1:testCompile (default-testCompile) @ nflow-tests ---
[INFO] Nothing to compile - all classes are up to date
[INFO] 
[INFO] --- maven-surefire-plugin:2.19.1:test (default-test) @ nflow-tests ---
[INFO] Tests are skipped.
[INFO] 
[INFO] --- maven-jar-plugin:3.0.2:jar (default-jar) @ nflow-tests ---
[INFO] Building jar: /home/travis/build/failed/NitorCreations/nflow/nflow-tests/target/nflow-tests-4.0.1-SNAPSHOT.jar
[INFO] 
[INFO] --- asciidoctor-maven-plugin:1.5.3:process-asciidoc (generate-docs) @ nflow-tests ---
asciidoctor: WARNING: index.adoc: line 9: include file not found: /home/travis/build/failed/NitorCreations/nflow/nflow-tests/src/main/asciidoc/swagger2markup/overview.adoc
asciidoctor: WARNING: index.adoc: line 10: include file not found: /home/travis/build/failed/NitorCreations/nflow/nflow-tests/src/main/asciidoc/swagger2markup/paths.adoc
asciidoctor: WARNING: index.adoc: line 11: include file not found: /home/travis/build/failed/NitorCreations/nflow/nflow-tests/src/main/asciidoc/swagger2markup/definitions.adoc
[INFO] Rendered /home/travis/build/failed/NitorCreations/nflow/nflow-tests/src/main/asciidoc/swagger2markup/index.adoc
[INFO] 
[INFO] --- maven-shade-plugin:2.4.3:shade (default) @ nflow-tests ---
[INFO] Including io.nflow:nflow-jetty:jar:4.0.1-SNAPSHOT in the shaded jar.
[INFO] Including io.nflow:nflow-rest-api:jar:4.0.1-SNAPSHOT in the shaded jar.
[INFO] Including javax.ws.rs:javax.ws.rs-api:jar:2.0.1 in the shaded jar.
[INFO] Including io.swagger:swagger-annotations:jar:1.5.9 in the shaded jar.
[INFO] Including javax.validation:validation-api:jar:1.1.0.Final in the shaded jar.
[INFO] Including org.glassfish:javax.el:jar:3.0.0 in the shaded jar.
[INFO] Including org.hibernate:hibernate-validator:jar:5.2.4.Final in the shaded jar.
[INFO] Including org.jboss.logging:jboss-logging:jar:3.2.1.Final in the shaded jar.
[INFO] Including com.fasterxml:classmate:jar:1.1.0 in the shaded jar.
[INFO] Including com.nitorcreations:core-utils:jar:1.4 in the shaded jar.
[INFO] Including org.eclipse.jetty:jetty-server:jar:9.3.10.v20160621 in the shaded jar.
[INFO] Including org.eclipse.jetty:jetty-http:jar:9.3.10.v20160621 in the shaded jar.
[INFO] Including org.eclipse.jetty:jetty-io:jar:9.3.10.v20160621 in the shaded jar.
[INFO] Including org.eclipse.jetty:jetty-servlet:jar:9.3.10.v20160621 in the shaded jar.
[INFO] Including org.eclipse.jetty:jetty-security:jar:9.3.10.v20160621 in the shaded jar.
[INFO] Including org.eclipse.jetty:jetty-jmx:jar:9.3.10.v20160621 in the shaded jar.
[INFO] Including org.eclipse.jetty:jetty-util:jar:9.3.10.v20160621 in the shaded jar.
[INFO] Including org.apache.cxf:cxf-rt-frontend-jaxrs:jar:3.1.6 in the shaded jar.
[INFO] Including javax.annotation:javax.annotation-api:jar:1.2 in the shaded jar.
[INFO] Including org.apache.cxf:cxf-rt-management:jar:3.1.6 in the shaded jar.
[INFO] Including org.apache.cxf:cxf-rt-rs-service-description:jar:3.1.6 in the shaded jar.
[INFO] Including io.swagger:swagger-jaxrs:jar:1.5.9 in the shaded jar.
[INFO] Including com.fasterxml.jackson.dataformat:jackson-dataformat-yaml:jar:2.4.5 in the shaded jar.
[INFO] Including org.yaml:snakeyaml:jar:1.12 in the shaded jar.
[INFO] Including com.fasterxml.jackson.dataformat:jackson-dataformat-xml:jar:2.4.5 in the shaded jar.
[INFO] Including org.codehaus.woodstox:stax2-api:jar:3.1.4 in the shaded jar.
[INFO] Including io.swagger:swagger-core:jar:1.5.9 in the shaded jar.
[INFO] Including io.swagger:swagger-models:jar:1.5.9 in the shaded jar.
[INFO] Including org.reflections:reflections:jar:0.9.10 in the shaded jar.
[INFO] Including org.javassist:javassist:jar:3.20.0-GA in the shaded jar.
[INFO] Including com.google.guava:guava:jar:18.0 in the shaded jar.
[INFO] Including com.fasterxml.jackson.jaxrs:jackson-jaxrs-json-provider:jar:2.8.0 in the shaded jar.
[INFO] Including com.fasterxml.jackson.jaxrs:jackson-jaxrs-base:jar:2.8.0 in the shaded jar.
[INFO] Including com.fasterxml.jackson.module:jackson-module-jaxb-annotations:jar:2.8.0 in the shaded jar.
[INFO] Including org.springframework:spring-web:jar:4.3.1.RELEASE in the shaded jar.
[INFO] Including org.springframework:spring-aop:jar:4.3.1.RELEASE in the shaded jar.
[INFO] Including org.springframework:spring-beans:jar:4.3.1.RELEASE in the shaded jar.
[INFO] Including org.springframework:spring-context:jar:4.3.1.RELEASE in the shaded jar.
[INFO] Including org.springframework:spring-expression:jar:4.3.1.RELEASE in the shaded jar.
[INFO] Including org.slf4j:slf4j-api:jar:1.7.21 in the shaded jar.
[INFO] Including org.slf4j:log4j-over-slf4j:jar:1.7.21 in the shaded jar.
[INFO] Including org.slf4j:jcl-over-slf4j:jar:1.7.21 in the shaded jar.
[INFO] Including ch.qos.logback:logback-classic:jar:1.1.7 in the shaded jar.
[INFO] Including ch.qos.logback:logback-core:jar:1.1.7 in the shaded jar.
[INFO] Including org.slf4j:jul-to-slf4j:jar:1.7.21 in the shaded jar.
[INFO] Including org.apache.commons:commons-lang3:jar:3.4 in the shaded jar.
[INFO] Including com.h2database:h2:jar:1.4.192 in the shaded jar.
[INFO] Including io.dropwizard.metrics:metrics-servlets:jar:3.1.2 in the shaded jar.
[INFO] Including io.dropwizard.metrics:metrics-json:jar:3.1.2 in the shaded jar.
[INFO] Including io.dropwizard.metrics:metrics-jvm:jar:3.1.2 in the shaded jar.
[INFO] Including io.nflow:nflow-metrics:jar:4.0.1-SNAPSHOT in the shaded jar.
[INFO] Including io.dropwizard.metrics:metrics-core:jar:3.1.2 in the shaded jar.
[INFO] Including io.dropwizard.metrics:metrics-healthchecks:jar:3.1.2 in the shaded jar.
[INFO] Including io.nflow:nflow-engine:jar:4.0.1-SNAPSHOT in the shaded jar.
[INFO] Including org.springframework:spring-jdbc:jar:4.3.1.RELEASE in the shaded jar.
[INFO] Including org.springframework:spring-tx:jar:4.3.1.RELEASE in the shaded jar.
[INFO] Including javax.inject:javax.inject:jar:1 in the shaded jar.
[INFO] Including com.zaxxer:HikariCP-java6:jar:2.3.13 in the shaded jar.
[INFO] Including org.apache.cxf:cxf-rt-rs-client:jar:3.1.6 in the shaded jar.
[INFO] Including org.apache.cxf:cxf-rt-transports-http:jar:3.1.6 in the shaded jar.
[INFO] Including org.apache.cxf:cxf-core:jar:3.1.6 in the shaded jar.
[INFO] Including org.codehaus.woodstox:woodstox-core-asl:jar:4.4.1 in the shaded jar.
[INFO] Including org.apache.ws.xmlschema:xmlschema-core:jar:2.2.1 in the shaded jar.
[INFO] Including com.fasterxml.jackson.datatype:jackson-datatype-joda:jar:2.8.0 in the shaded jar.
[INFO] Including com.fasterxml.jackson.core:jackson-annotations:jar:2.8.0 in the shaded jar.
[INFO] Including com.fasterxml.jackson.core:jackson-core:jar:2.8.0 in the shaded jar.
[INFO] Including com.fasterxml.jackson.core:jackson-databind:jar:2.8.0 in the shaded jar.
[INFO] Including joda-time:joda-time:jar:2.9.4 in the shaded jar.
[INFO] Including com.google.code.findbugs:jsr305:jar:3.0.1 in the shaded jar.
[INFO] Including io.github.robwin:swagger2markup:jar:0.9.2 in the shaded jar.
[INFO] Including io.github.robwin:markup-document-builder:jar:0.1.5 in the shaded jar.
[INFO] Including io.swagger:swagger-compat-spec-parser:jar:1.0.13 in the shaded jar.
[INFO] Including io.swagger:swagger-parser:jar:1.0.13 in the shaded jar.
[INFO] Including org.slf4j:slf4j-ext:jar:1.6.3 in the shaded jar.
[INFO] Including ch.qos.cal10n:cal10n-api:jar:0.7.4 in the shaded jar.
[INFO] Including com.github.fge:json-schema-validator:jar:2.2.3 in the shaded jar.
[INFO] Including com.github.fge:json-schema-core:jar:1.2.1 in the shaded jar.
[INFO] Including com.github.fge:uri-template:jar:0.9 in the shaded jar.
[INFO] Including org.mozilla:rhino:jar:1.7R4 in the shaded jar.
[INFO] Including com.googlecode.libphonenumber:libphonenumber:jar:6.0 in the shaded jar.
[INFO] Including javax.mail:mailapi:jar:1.4.3 in the shaded jar.
[INFO] Including javax.activation:activation:jar:1.1 in the shaded jar.
[INFO] Including net.sf.jopt-simple:jopt-simple:jar:4.6 in the shaded jar.
[INFO] Including com.github.fge:json-patch:jar:1.6 in the shaded jar.
[INFO] Including com.github.fge:jackson-coreutils:jar:1.6 in the shaded jar.
[INFO] Including com.github.fge:msg-simple:jar:1.1 in the shaded jar.
[INFO] Including com.github.fge:btf:jar:1.2 in the shaded jar.
[INFO] Including org.apache.httpcomponents:httpclient:jar:4.3.3 in the shaded jar.
[INFO] Including org.apache.httpcomponents:httpcore:jar:4.3.2 in the shaded jar.
[INFO] Including commons-codec:commons-codec:jar:1.6 in the shaded jar.
[INFO] Including commons-collections:commons-collections:jar:3.2.1 in the shaded jar.
[INFO] Including commons-io:commons-io:jar:2.4 in the shaded jar.
[INFO] Including org.springframework:spring-core:jar:4.3.1.RELEASE in the shaded jar.
[INFO] Including org.postgresql:postgresql:jar:9.4.1208 in the shaded jar.
[INFO] Including mysql:mysql-connector-java:jar:5.1.38 in the shaded jar.
[INFO] Including javax.servlet:javax.servlet-api:jar:3.1.0 in the shaded jar.
[INFO] Including ru.yandex.qatools.embed:postgresql-embedded:jar:1.10 in the shaded jar.
[INFO] Including de.flapdoodle.embed:de.flapdoodle.embed.process:jar:1.50.1 in the shaded jar.
[INFO] Including net.java.dev.jna:jna:jar:4.0.0 in the shaded jar.
[INFO] Including net.java.dev.jna:jna-platform:jar:4.0.0 in the shaded jar.
[INFO] Including org.apache.commons:commons-compress:jar:1.3 in the shaded jar.
[INFO] Replacing original artifact with shaded artifact.
[INFO] Replacing /home/travis/build/failed/NitorCreations/nflow/nflow-tests/target/nflow-tests-4.0.1-SNAPSHOT.jar with /home/travis/build/failed/NitorCreations/nflow/nflow-tests/target/nflow-tests-4.0.1-SNAPSHOT-shaded.jar
[INFO] 
[INFO] --- maven-source-plugin:3.0.1:jar-no-fork (attach-sources) @ nflow-tests ---
[INFO] Building jar: /home/travis/build/failed/NitorCreations/nflow/nflow-tests/target/nflow-tests-4.0.1-SNAPSHOT-sources.jar
[INFO] 
[INFO] --- maven-javadoc-plugin:2.10.4:jar (attach-javadocs) @ nflow-tests ---
[INFO] Skipping javadoc generation
[INFO] 
[INFO] --- maven-install-plugin:2.5.2:install (default-install) @ nflow-tests ---
[INFO] Installing /home/travis/build/failed/NitorCreations/nflow/nflow-tests/target/nflow-tests-4.0.1-SNAPSHOT.jar to /home/travis/.m2/repository/io/nflow/nflow-tests/4.0.1-SNAPSHOT/nflow-tests-4.0.1-SNAPSHOT.jar
[INFO] Installing /home/travis/build/failed/NitorCreations/nflow/nflow-tests/pom.xml to /home/travis/.m2/repository/io/nflow/nflow-tests/4.0.1-SNAPSHOT/nflow-tests-4.0.1-SNAPSHOT.pom
[INFO] Installing /home/travis/build/failed/NitorCreations/nflow/nflow-tests/target/nflow-tests-4.0.1-SNAPSHOT-sources.jar to /home/travis/.m2/repository/io/nflow/nflow-tests/4.0.1-SNAPSHOT/nflow-tests-4.0.1-SNAPSHOT-sources.jar
[INFO]                                                                         
[INFO] ------------------------------------------------------------------------
[INFO] Building nflow-perf-test 4.0.1-SNAPSHOT
[INFO] ------------------------------------------------------------------------
[INFO] 
[INFO] --- maven-enforcer-plugin:1.4.1:enforce (ban-unwanted-dependencies) @ nflow-perf-test ---
[INFO] 
[INFO] --- maven-resources-plugin:3.0.1:resources (default-resources) @ nflow-perf-test ---
[INFO] Using 'UTF-8' encoding to copy filtered resources.
[INFO] Copying 1 resource
[INFO] 
[INFO] --- maven-compiler-plugin:3.5.1:compile (default-compile) @ nflow-perf-test ---
[INFO] Changes detected - recompiling the module!
[INFO] Compiling 13 source files to /home/travis/build/failed/NitorCreations/nflow/nflow-perf-test/target/classes
[INFO] 
[INFO] --- maven-resources-plugin:3.0.1:testResources (default-testResources) @ nflow-perf-test ---
[INFO] Using 'UTF-8' encoding to copy filtered resources.
[INFO] skip non existing resourceDirectory /home/travis/build/failed/NitorCreations/nflow/nflow-perf-test/src/test/resources
[INFO] 
[INFO] --- maven-compiler-plugin:3.5.1:testCompile (default-testCompile) @ nflow-perf-test ---
[INFO] No sources to compile
[INFO] 
[INFO] --- maven-surefire-plugin:2.19.1:test (default-test) @ nflow-perf-test ---
[INFO] Tests are skipped.
[INFO] 
[INFO] --- maven-jar-plugin:3.0.2:jar (default-jar) @ nflow-perf-test ---
[INFO] Building jar: /home/travis/build/failed/NitorCreations/nflow/nflow-perf-test/target/nflow-perf-test-4.0.1-SNAPSHOT.jar
[INFO] 
[INFO] --- maven-shade-plugin:2.4.3:shade (default) @ nflow-perf-test ---
[INFO] Including io.nflow:nflow-jetty:jar:4.0.1-SNAPSHOT in the shaded jar.
[INFO] Including io.nflow:nflow-rest-api:jar:4.0.1-SNAPSHOT in the shaded jar.
[INFO] Including javax.ws.rs:javax.ws.rs-api:jar:2.0.1 in the shaded jar.
[INFO] Including io.swagger:swagger-annotations:jar:1.5.9 in the shaded jar.
[INFO] Including javax.validation:validation-api:jar:1.1.0.Final in the shaded jar.
[INFO] Including org.glassfish:javax.el:jar:3.0.0 in the shaded jar.
[INFO] Including org.hibernate:hibernate-validator:jar:5.2.4.Final in the shaded jar.
[INFO] Including org.jboss.logging:jboss-logging:jar:3.2.1.Final in the shaded jar.
[INFO] Including com.fasterxml:classmate:jar:1.1.0 in the shaded jar.
[INFO] Including com.nitorcreations:core-utils:jar:1.4 in the shaded jar.
[INFO] Including org.eclipse.jetty:jetty-server:jar:9.3.10.v20160621 in the shaded jar.
[INFO] Including org.eclipse.jetty:jetty-http:jar:9.3.10.v20160621 in the shaded jar.
[INFO] Including org.eclipse.jetty:jetty-io:jar:9.3.10.v20160621 in the shaded jar.
[INFO] Including org.eclipse.jetty:jetty-servlet:jar:9.3.10.v20160621 in the shaded jar.
[INFO] Including org.eclipse.jetty:jetty-security:jar:9.3.10.v20160621 in the shaded jar.
[INFO] Including org.eclipse.jetty:jetty-jmx:jar:9.3.10.v20160621 in the shaded jar.
[INFO] Including org.eclipse.jetty:jetty-util:jar:9.3.10.v20160621 in the shaded jar.
[INFO] Including org.apache.cxf:cxf-rt-frontend-jaxrs:jar:3.1.6 in the shaded jar.
[INFO] Including javax.annotation:javax.annotation-api:jar:1.2 in the shaded jar.
[INFO] Including org.apache.cxf:cxf-rt-management:jar:3.1.6 in the shaded jar.
[INFO] Including org.apache.cxf:cxf-rt-rs-service-description:jar:3.1.6 in the shaded jar.
[INFO] Including io.swagger:swagger-jaxrs:jar:1.5.9 in the shaded jar.
[INFO] Including com.fasterxml.jackson.dataformat:jackson-dataformat-yaml:jar:2.4.5 in the shaded jar.
[INFO] Including org.yaml:snakeyaml:jar:1.12 in the shaded jar.
[INFO] Including com.fasterxml.jackson.dataformat:jackson-dataformat-xml:jar:2.4.5 in the shaded jar.
[INFO] Including org.codehaus.woodstox:stax2-api:jar:3.1.4 in the shaded jar.
[INFO] Including io.swagger:swagger-core:jar:1.5.9 in the shaded jar.
[INFO] Including com.fasterxml.jackson.core:jackson-annotations:jar:2.8.0 in the shaded jar.
[INFO] Including io.swagger:swagger-models:jar:1.5.9 in the shaded jar.
[INFO] Including org.reflections:reflections:jar:0.9.10 in the shaded jar.
[INFO] Including org.javassist:javassist:jar:3.20.0-GA in the shaded jar.
[INFO] Including com.google.guava:guava:jar:18.0 in the shaded jar.
[INFO] Including com.fasterxml.jackson.jaxrs:jackson-jaxrs-json-provider:jar:2.8.0 in the shaded jar.
[INFO] Including com.fasterxml.jackson.jaxrs:jackson-jaxrs-base:jar:2.8.0 in the shaded jar.
[INFO] Including com.fasterxml.jackson.core:jackson-core:jar:2.8.0 in the shaded jar.
[INFO] Including com.fasterxml.jackson.core:jackson-databind:jar:2.8.0 in the shaded jar.
[INFO] Including com.fasterxml.jackson.module:jackson-module-jaxb-annotations:jar:2.8.0 in the shaded jar.
[INFO] Including org.springframework:spring-web:jar:4.3.1.RELEASE in the shaded jar.
[INFO] Including org.springframework:spring-aop:jar:4.3.1.RELEASE in the shaded jar.
[INFO] Including org.springframework:spring-beans:jar:4.3.1.RELEASE in the shaded jar.
[INFO] Including org.springframework:spring-context:jar:4.3.1.RELEASE in the shaded jar.
[INFO] Including org.springframework:spring-expression:jar:4.3.1.RELEASE in the shaded jar.
[INFO] Including org.springframework:spring-core:jar:4.3.1.RELEASE in the shaded jar.
[INFO] Including org.slf4j:slf4j-api:jar:1.7.21 in the shaded jar.
[INFO] Including org.slf4j:log4j-over-slf4j:jar:1.7.21 in the shaded jar.
[INFO] Including org.slf4j:jcl-over-slf4j:jar:1.7.21 in the shaded jar.
[INFO] Including ch.qos.logback:logback-classic:jar:1.1.7 in the shaded jar.
[INFO] Including ch.qos.logback:logback-core:jar:1.1.7 in the shaded jar.
[INFO] Including org.slf4j:jul-to-slf4j:jar:1.7.21 in the shaded jar.
[INFO] Including org.apache.commons:commons-lang3:jar:3.4 in the shaded jar.
[INFO] Including com.h2database:h2:jar:1.4.192 in the shaded jar.
[INFO] Including io.dropwizard.metrics:metrics-servlets:jar:3.1.2 in the shaded jar.
[INFO] Including io.dropwizard.metrics:metrics-json:jar:3.1.2 in the shaded jar.
[INFO] Including io.dropwizard.metrics:metrics-jvm:jar:3.1.2 in the shaded jar.
[INFO] Including io.nflow:nflow-metrics:jar:4.0.1-SNAPSHOT in the shaded jar.
[INFO] Including io.dropwizard.metrics:metrics-core:jar:3.1.2 in the shaded jar.
[INFO] Including io.dropwizard.metrics:metrics-healthchecks:jar:3.1.2 in the shaded jar.
[INFO] Including io.nflow:nflow-engine:jar:4.0.1-SNAPSHOT in the shaded jar.
[INFO] Including org.springframework:spring-jdbc:jar:4.3.1.RELEASE in the shaded jar.
[INFO] Including org.springframework:spring-tx:jar:4.3.1.RELEASE in the shaded jar.
[INFO] Including com.fasterxml.jackson.datatype:jackson-datatype-joda:jar:2.8.0 in the shaded jar.
[INFO] Including joda-time:joda-time:jar:2.9.4 in the shaded jar.
[INFO] Including javax.inject:javax.inject:jar:1 in the shaded jar.
[INFO] Including com.zaxxer:HikariCP-java6:jar:2.3.13 in the shaded jar.
[INFO] Including javax.servlet:javax.servlet-api:jar:3.1.0 in the shaded jar.
[INFO] Including org.apache.cxf:cxf-rt-rs-client:jar:3.1.6 in the shaded jar.
[INFO] Including org.apache.cxf:cxf-rt-transports-http:jar:3.1.6 in the shaded jar.
[INFO] Including org.apache.cxf:cxf-core:jar:3.1.6 in the shaded jar.
[INFO] Including org.codehaus.woodstox:woodstox-core-asl:jar:4.4.1 in the shaded jar.
[INFO] Including org.apache.ws.xmlschema:xmlschema-core:jar:2.2.1 in the shaded jar.
[INFO] Including org.postgresql:postgresql:jar:9.4.1208 in the shaded jar.
[INFO] Replacing original artifact with shaded artifact.
[INFO] Replacing /home/travis/build/failed/NitorCreations/nflow/nflow-perf-test/target/nflow-perf-test-4.0.1-SNAPSHOT.jar with /home/travis/build/failed/NitorCreations/nflow/nflow-perf-test/target/nflow-perf-test-4.0.1-SNAPSHOT-shaded.jar
[INFO] 
[INFO] --- maven-source-plugin:3.0.1:jar-no-fork (attach-sources) @ nflow-perf-test ---
[INFO] Building jar: /home/travis/build/failed/NitorCreations/nflow/nflow-perf-test/target/nflow-perf-test-4.0.1-SNAPSHOT-sources.jar
[INFO] 
[INFO] --- maven-javadoc-plugin:2.10.4:jar (attach-javadocs) @ nflow-perf-test ---
[INFO] Skipping javadoc generation
[INFO] 
[INFO] --- maven-install-plugin:2.5.2:install (default-install) @ nflow-perf-test ---
[INFO] Installing /home/travis/build/failed/NitorCreations/nflow/nflow-perf-test/target/nflow-perf-test-4.0.1-SNAPSHOT.jar to /home/travis/.m2/repository/io/nflow/nflow-perf-test/4.0.1-SNAPSHOT/nflow-perf-test-4.0.1-SNAPSHOT.jar
[INFO] Installing /home/travis/build/failed/NitorCreations/nflow/nflow-perf-test/pom.xml to /home/travis/.m2/repository/io/nflow/nflow-perf-test/4.0.1-SNAPSHOT/nflow-perf-test-4.0.1-SNAPSHOT.pom
[INFO] Installing /home/travis/build/failed/NitorCreations/nflow/nflow-perf-test/target/nflow-perf-test-4.0.1-SNAPSHOT-sources.jar to /home/travis/.m2/repository/io/nflow/nflow-perf-test/4.0.1-SNAPSHOT/nflow-perf-test-4.0.1-SNAPSHOT-sources.jar
[INFO]                                                                         
[INFO] ------------------------------------------------------------------------
[INFO] Building nflow-guice 4.0.1-SNAPSHOT
[INFO] ------------------------------------------------------------------------
[INFO] 
[INFO] --- maven-enforcer-plugin:1.4.1:enforce (ban-unwanted-dependencies) @ nflow-guice ---
[INFO] 
[INFO] --- maven-resources-plugin:3.0.1:resources (default-resources) @ nflow-guice ---
[INFO] Using 'UTF-8' encoding to copy filtered resources.
[INFO] skip non existing resourceDirectory /home/travis/build/failed/NitorCreations/nflow/nflow-guice/src/main/resources
[INFO] 
[INFO] --- maven-compiler-plugin:3.5.1:compile (default-compile) @ nflow-guice ---
[INFO] Nothing to compile - all classes are up to date
[INFO] 
[INFO] --- maven-resources-plugin:3.0.1:testResources (default-testResources) @ nflow-guice ---
[INFO] Using 'UTF-8' encoding to copy filtered resources.
[INFO] Copying 2 resources
[INFO] 
[INFO] --- maven-compiler-plugin:3.5.1:testCompile (default-testCompile) @ nflow-guice ---
[INFO] Nothing to compile - all classes are up to date
[INFO] 
[INFO] --- maven-surefire-plugin:2.19.1:test (default-test) @ nflow-guice ---
[INFO] Tests are skipped.
[INFO] 
[INFO] --- maven-jar-plugin:3.0.2:jar (default-jar) @ nflow-guice ---
[INFO] 
[INFO] --- maven-source-plugin:3.0.1:jar-no-fork (attach-sources) @ nflow-guice ---
[INFO] Building jar: /home/travis/build/failed/NitorCreations/nflow/nflow-guice/target/nflow-guice-4.0.1-SNAPSHOT-sources.jar
[INFO] 
[INFO] --- maven-javadoc-plugin:2.10.4:jar (attach-javadocs) @ nflow-guice ---
[INFO] Skipping javadoc generation
[INFO] 
[INFO] --- maven-install-plugin:2.5.2:install (default-install) @ nflow-guice ---
[INFO] Installing /home/travis/build/failed/NitorCreations/nflow/nflow-guice/target/nflow-guice-4.0.1-SNAPSHOT.jar to /home/travis/.m2/repository/io/nflow/nflow-guice/4.0.1-SNAPSHOT/nflow-guice-4.0.1-SNAPSHOT.jar
[INFO] Installing /home/travis/build/failed/NitorCreations/nflow/nflow-guice/pom.xml to /home/travis/.m2/repository/io/nflow/nflow-guice/4.0.1-SNAPSHOT/nflow-guice-4.0.1-SNAPSHOT.pom
[INFO] Installing /home/travis/build/failed/NitorCreations/nflow/nflow-guice/target/nflow-guice-4.0.1-SNAPSHOT-sources.jar to /home/travis/.m2/repository/io/nflow/nflow-guice/4.0.1-SNAPSHOT/nflow-guice-4.0.1-SNAPSHOT-sources.jar
[INFO] ------------------------------------------------------------------------
[INFO] Reactor Summary:
[INFO] 
[INFO] nflow .............................................. SUCCESS [01:10 min]
[INFO] nflow-engine ....................................... SUCCESS [ 22.372 s]
[INFO] nflow-rest-api ..................................... SUCCESS [  6.908 s]
[INFO] nflow-jetty ........................................ SUCCESS [ 32.457 s]
[INFO] nflow-metrics ...................................... SUCCESS [  1.372 s]
[INFO] nflow-tests ........................................ SUCCESS [ 55.163 s]
[INFO] nflow-perf-test .................................... SUCCESS [  5.815 s]
[INFO] nflow-guice ........................................ SUCCESS [  3.183 s]
[INFO] ------------------------------------------------------------------------
[INFO] BUILD SUCCESS
[INFO] ------------------------------------------------------------------------
[INFO] Total time: 03:57 min
[INFO] Finished at: 2022-01-23T06:11:10+00:00
[INFO] Final Memory: 58M/292M
[INFO] ------------------------------------------------------------------------

travis_time:end:1e51de93:start=1642918032148014336,finish=1642918270914189159,duration=238766174823[0Ktravis_fold:end:install[0Ktravis_fold:start:before_script.1[0Ktravis_time:start:09b9a708[0K$ if [[ "$SPRING_PROFILES_ACTIVE" =~ postgre ]]; then psql -c "create user nflow with password 'nflow';" -U postgres; fi

travis_time:end:09b9a708:start=1642918270926644239,finish=1642918270935597792,duration=8953553[0Ktravis_fold:end:before_script.1[0Ktravis_fold:start:before_script.2[0Ktravis_time:start:0da39c9d[0K$ if [[ "$SPRING_PROFILES_ACTIVE" =~ postgre ]]; then psql -c "create database nflow owner nflow;" -U postgres; fi

travis_time:end:0da39c9d:start=1642918270947084289,finish=1642918270956460856,duration=9376567[0Ktravis_fold:end:before_script.2[0Ktravis_fold:start:before_script.3[0Ktravis_time:start:0098f8a1[0K$ if [[ "$SPRING_PROFILES_ACTIVE" =~ mysql ]]; then mysql -v -e "create database nflow character set utf8mb4;" -u root; fi

travis_time:end:0098f8a1:start=1642918270967666024,finish=1642918270976210329,duration=8544305[0Ktravis_fold:end:before_script.3[0Ktravis_fold:start:before_script.4[0Ktravis_time:start:0464c565[0K$ if [[ "$SPRING_PROFILES_ACTIVE" =~ mysql ]]; then mysql -v -e "create user 'nflow'@'%' identified by 'nflow';" -u root; fi

travis_time:end:0464c565:start=1642918270986999768,finish=1642918270996298736,duration=9298968[0Ktravis_fold:end:before_script.4[0Ktravis_fold:start:before_script.5[0Ktravis_time:start:03326358[0K$ if [[ "$SPRING_PROFILES_ACTIVE" =~ mysql ]]; then mysql -v -e "create user 'nflow'@'localhost' identified by 'nflow';" -u root; fi

travis_time:end:03326358:start=1642918271007787310,finish=1642918271016782768,duration=8995458[0Ktravis_fold:end:before_script.5[0Ktravis_fold:start:before_script.6[0Ktravis_time:start:0acde404[0K$ if [[ "$SPRING_PROFILES_ACTIVE" =~ mysql ]]; then mysql -v -e "grant all on nflow.* TO 'nflow'@'%';" -u root; fi

travis_time:end:0acde404:start=1642918271028735766,finish=1642918271037642088,duration=8906322[0Ktravis_fold:end:before_script.6[0Ktravis_fold:start:before_script.7[0Ktravis_time:start:2ebdd066[0K$ if [[ "$SPRING_PROFILES_ACTIVE" =~ mysql ]]; then mysql -v -e "grant all on nflow.* TO 'nflow'@'localhost';" -u root; fi

travis_time:end:2ebdd066:start=1642918271049711375,finish=1642918271058715791,duration=9004416[0Ktravis_fold:end:before_script.7[0Ktravis_fold:start:before_script.8[0Ktravis_time:start:2074f4bc[0K$ if [[ "$SPRING_PROFILES_ACTIVE" =~ mysql ]]; then mysql -v -e "flush privileges;" -u root; fi

travis_time:end:2074f4bc:start=1642918271068987802,finish=1642918271077669571,duration=8681769[0Ktravis_fold:end:before_script.8[0Ktravis_time:start:026f9580[0K$ mvn -o test -Dhttps.protocols=TLSv1.2 -B
Java HotSpot(TM) 64-Bit Server VM warning: ignoring option MaxPermSize=192m; support was removed in 8.0
[INFO] Scanning for projects...
[WARNING] 
[WARNING] Some problems were encountered while building the effective model for io.nflow:nflow-jetty:jar:4.0.1-SNAPSHOT
[WARNING] 'profiles.profile[oracle].dependencies.dependency.systemPath' for com.oracle:ojdbc7:jar should not point at files within the project directory, ${basedir}/../ojdbc7.jar will be unresolvable by dependent projects @ io.nflow:nflow-jetty:[unknown-version], /home/travis/build/failed/NitorCreations/nflow/nflow-jetty/pom.xml, line 302, column 23
[WARNING] 
[WARNING] Some problems were encountered while building the effective model for io.nflow:nflow-tests:jar:4.0.1-SNAPSHOT
[WARNING] 'profiles.profile[oracle].dependencies.dependency.systemPath' for com.oracle:ojdbc7:jar should not point at files within the project directory, ${basedir}/../ojdbc7.jar will be unresolvable by dependent projects @ io.nflow:nflow-tests:[unknown-version], /home/travis/build/failed/NitorCreations/nflow/nflow-tests/pom.xml, line 89, column 23
[WARNING] 
[WARNING] It is highly recommended to fix these problems because they threaten the stability of your build.
[WARNING] 
[WARNING] For this reason, future Maven versions might no longer support building such malformed projects.
[WARNING] 
[INFO] Inspecting build with total of 8 modules...
[INFO] Installing Nexus Staging features:
[INFO]   ... total of 8 executions of maven-deploy-plugin replaced with nexus-staging-maven-plugin
[INFO] ------------------------------------------------------------------------
[INFO] Reactor Build Order:
[INFO] 
[INFO] nflow
[INFO] nflow-engine
[INFO] nflow-rest-api
[INFO] nflow-jetty
[INFO] nflow-metrics
[INFO] nflow-tests
[INFO] nflow-perf-test
[INFO] nflow-guice
[INFO]                                                                         
[INFO] ------------------------------------------------------------------------
[INFO] Building nflow 4.0.1-SNAPSHOT
[INFO] ------------------------------------------------------------------------
[INFO] 
[INFO] --- maven-enforcer-plugin:1.4.1:enforce (ban-unwanted-dependencies) @ nflow-root ---
[INFO]                                                                         
[INFO] ------------------------------------------------------------------------
[INFO] Building nflow-engine 4.0.1-SNAPSHOT
[INFO] ------------------------------------------------------------------------
[INFO] 
[INFO] --- maven-enforcer-plugin:1.4.1:enforce (ban-unwanted-dependencies) @ nflow-engine ---
[INFO] 
[INFO] --- maven-resources-plugin:3.0.1:resources (default-resources) @ nflow-engine ---
[INFO] Using 'UTF-8' encoding to copy filtered resources.
[INFO] Copying 30 resources
[INFO] 
[INFO] --- maven-compiler-plugin:3.5.1:compile (default-compile) @ nflow-engine ---
[INFO] Changes detected - recompiling the module!
[INFO] Compiling 69 source files to /home/travis/build/failed/NitorCreations/nflow/nflow-engine/target/classes
[INFO] 
[INFO] --- maven-resources-plugin:3.0.1:testResources (default-testResources) @ nflow-engine ---
[INFO] Using 'UTF-8' encoding to copy filtered resources.
[INFO] Copying 6 resources
[INFO] 
[INFO] --- maven-compiler-plugin:3.5.1:testCompile (default-testCompile) @ nflow-engine ---
[INFO] Nothing to compile - all classes are up to date
[INFO] 
[INFO] --- maven-surefire-plugin:2.19.1:test (default-test) @ nflow-engine ---

-------------------------------------------------------
 T E S T S
-------------------------------------------------------
Running io.nflow.engine.internal.config.EngineConfigurationTest
Tests run: 6, Failures: 0, Errors: 0, Skipped: 0, Time elapsed: 1.768 sec - in io.nflow.engine.internal.config.EngineConfigurationTest
Running io.nflow.engine.internal.config.PropertiesConfigurationTest
Tests run: 1, Failures: 0, Errors: 0, Skipped: 0, Time elapsed: 0 sec - in io.nflow.engine.internal.config.PropertiesConfigurationTest
Running io.nflow.engine.internal.config.WorkflowLifecycleTest
Tests run: 5, Failures: 0, Errors: 0, Skipped: 0, Time elapsed: 0 sec - in io.nflow.engine.internal.config.WorkflowLifecycleTest
Running io.nflow.engine.internal.dao.ArchiveDaoTest
Tests run: 5, Failures: 0, Errors: 0, Skipped: 0, Time elapsed: 1.847 sec - in io.nflow.engine.internal.dao.ArchiveDaoTest
Running io.nflow.engine.internal.dao.DaoUtilTest
Tests run: 2, Failures: 0, Errors: 0, Skipped: 0, Time elapsed: 0.001 sec - in io.nflow.engine.internal.dao.DaoUtilTest
Running io.nflow.engine.internal.dao.ExecutorDaoTest
Tests run: 3, Failures: 0, Errors: 0, Skipped: 0, Time elapsed: 0.02 sec - in io.nflow.engine.internal.dao.ExecutorDaoTest
Running io.nflow.engine.internal.dao.HealthCheckDaoTest
Tests run: 1, Failures: 0, Errors: 0, Skipped: 0, Time elapsed: 0.007 sec - in io.nflow.engine.internal.dao.HealthCheckDaoTest
Running io.nflow.engine.internal.dao.StatisticsDaoTest
Tests run: 5, Failures: 0, Errors: 0, Skipped: 0, Time elapsed: 0.046 sec - in io.nflow.engine.internal.dao.StatisticsDaoTest
Running io.nflow.engine.internal.dao.TableMetadataCheckerTest
Tests run: 8, Failures: 0, Errors: 0, Skipped: 0, Time elapsed: 0.104 sec - in io.nflow.engine.internal.dao.TableMetadataCheckerTest
Running io.nflow.engine.internal.dao.WorkflowDefinitionDaoTest
Tests run: 4, Failures: 0, Errors: 0, Skipped: 0, Time elapsed: 0.49 sec - in io.nflow.engine.internal.dao.WorkflowDefinitionDaoTest
Running io.nflow.engine.internal.dao.WorkflowInstanceDaoTest
Tests run: 35, Failures: 0, Errors: 3, Skipped: 0, Time elapsed: 2.119 sec <<< FAILURE! - in io.nflow.engine.internal.dao.WorkflowInstanceDaoTest
fakePostgreSQLinsertWorkflowInstance(io.nflow.engine.internal.dao.WorkflowInstanceDaoTest)  Time elapsed: 0.025 sec  <<< ERROR!
java.lang.NullPointerException
	at io.nflow.engine.internal.dao.WorkflowInstanceDaoTest.preparePostgreSQLDao(WorkflowInstanceDaoTest.java:622)
	at io.nflow.engine.internal.dao.WorkflowInstanceDaoTest.fakePostgreSQLinsertWorkflowInstance(WorkflowInstanceDaoTest.java:533)

fakePostgreSQLupdateWorkflowInstance(io.nflow.engine.internal.dao.WorkflowInstanceDaoTest)  Time elapsed: 0.002 sec  <<< ERROR!
java.lang.NullPointerException
	at io.nflow.engine.internal.dao.WorkflowInstanceDaoTest.preparePostgreSQLDao(WorkflowInstanceDaoTest.java:622)
	at io.nflow.engine.internal.dao.WorkflowInstanceDaoTest.fakePostgreSQLupdateWorkflowInstance(WorkflowInstanceDaoTest.java:490)

fakePostgreSQLpollNextWorkflowInstances(io.nflow.engine.internal.dao.WorkflowInstanceDaoTest)  Time elapsed: 0.002 sec  <<< ERROR!
java.lang.NullPointerException
	at io.nflow.engine.internal.dao.WorkflowInstanceDaoTest.preparePostgreSQLDao(WorkflowInstanceDaoTest.java:622)
	at io.nflow.engine.internal.dao.WorkflowInstanceDaoTest.fakePostgreSQLpollNextWorkflowInstances(WorkflowInstanceDaoTest.java:605)

Running io.nflow.engine.internal.executor.ThresholdBlockingQueueTest
Tests run: 4, Failures: 0, Errors: 0, Skipped: 0, Time elapsed: 7.312 sec - in io.nflow.engine.internal.executor.ThresholdBlockingQueueTest
Running io.nflow.engine.internal.executor.WorkflowDispatcherTest
Tests run: 9, Failures: 0, Errors: 0, Skipped: 0, Time elapsed: 2.946 sec - in io.nflow.engine.internal.executor.WorkflowDispatcherTest
Running io.nflow.engine.internal.executor.WorkflowInstanceExecutorTest
Tests run: 5, Failures: 0, Errors: 0, Skipped: 0, Time elapsed: 0.005 sec - in io.nflow.engine.internal.executor.WorkflowInstanceExecutorTest
Running io.nflow.engine.internal.executor.WorkflowStateProcessorFactoryTest
Tests run: 3, Failures: 0, Errors: 0, Skipped: 0, Time elapsed: 0.024 sec - in io.nflow.engine.internal.executor.WorkflowStateProcessorFactoryTest
Running io.nflow.engine.internal.executor.WorkflowStateProcessorTest
Tests run: 35, Failures: 0, Errors: 0, Skipped: 0, Time elapsed: 2.079 sec - in io.nflow.engine.internal.executor.WorkflowStateProcessorTest
Running io.nflow.engine.internal.storage.db.DatabaseInitializerTest
Tests run: 3, Failures: 0, Errors: 0, Skipped: 0, Time elapsed: 0.144 sec - in io.nflow.engine.internal.storage.db.DatabaseInitializerTest
Running io.nflow.engine.internal.util.PeriodicLoggerTest
Tests run: 3, Failures: 0, Errors: 0, Skipped: 0, Time elapsed: 0.016 sec - in io.nflow.engine.internal.util.PeriodicLoggerTest
Running io.nflow.engine.internal.workflow.StateExecutionImplTest
Tests run: 16, Failures: 0, Errors: 0, Skipped: 0, Time elapsed: 0.171 sec - in io.nflow.engine.internal.workflow.StateExecutionImplTest
Running io.nflow.engine.internal.workflow.WorkflowDefinitionScannerTest
Tests run: 7, Failures: 0, Errors: 0, Skipped: 0, Time elapsed: 0.252 sec - in io.nflow.engine.internal.workflow.WorkflowDefinitionScannerTest
Running io.nflow.engine.service.ArchiveServiceTest
Tests run: 3, Failures: 0, Errors: 0, Skipped: 0, Time elapsed: 0.012 sec - in io.nflow.engine.service.ArchiveServiceTest
Running io.nflow.engine.service.HealthCheckServiceTest
Tests run: 1, Failures: 0, Errors: 0, Skipped: 0, Time elapsed: 0.001 sec - in io.nflow.engine.service.HealthCheckServiceTest
Running io.nflow.engine.service.StatisticsServiceTest
Tests run: 2, Failures: 0, Errors: 0, Skipped: 0, Time elapsed: 0.003 sec - in io.nflow.engine.service.StatisticsServiceTest
Running io.nflow.engine.service.WorkflowDefinitionServiceTest
Tests run: 5, Failures: 0, Errors: 0, Skipped: 0, Time elapsed: 0.014 sec - in io.nflow.engine.service.WorkflowDefinitionServiceTest
Running io.nflow.engine.service.WorkflowDefinitionServiceWithSpringTest
Tests run: 1, Failures: 0, Errors: 0, Skipped: 0, Time elapsed: 0.299 sec - in io.nflow.engine.service.WorkflowDefinitionServiceWithSpringTest
Running io.nflow.engine.service.WorkflowExecutorServiceTest
Tests run: 1, Failures: 0, Errors: 0, Skipped: 0, Time elapsed: 0.003 sec - in io.nflow.engine.service.WorkflowExecutorServiceTest
Running io.nflow.engine.service.WorkflowInstanceServiceTest
Tests run: 9, Failures: 0, Errors: 0, Skipped: 0, Time elapsed: 0.014 sec - in io.nflow.engine.service.WorkflowInstanceServiceTest
Running io.nflow.engine.workflow.WorkflowInstancePreProcessorTest
Tests run: 5, Failures: 0, Errors: 0, Skipped: 0, Time elapsed: 0.001 sec - in io.nflow.engine.workflow.WorkflowInstancePreProcessorTest
Running io.nflow.engine.workflow.definition.AbstractWorkflowDefinitionTest
Tests run: 10, Failures: 0, Errors: 0, Skipped: 0, Time elapsed: 0.098 sec - in io.nflow.engine.workflow.definition.AbstractWorkflowDefinitionTest
Running io.nflow.engine.workflow.definition.MutableTest
Tests run: 3, Failures: 0, Errors: 0, Skipped: 0, Time elapsed: 0 sec - in io.nflow.engine.workflow.definition.MutableTest
Running io.nflow.engine.workflow.definition.NextActionTest
Tests run: 6, Failures: 0, Errors: 0, Skipped: 0, Time elapsed: 0.012 sec - in io.nflow.engine.workflow.definition.NextActionTest
Running io.nflow.engine.workflow.definition.WorkflowDefinitionTest
Tests run: 13, Failures: 0, Errors: 0, Skipped: 0, Time elapsed: 0.067 sec - in io.nflow.engine.workflow.definition.WorkflowDefinitionTest
Running io.nflow.engine.workflow.definition.WorkflowSettingsTest
Tests run: 5, Failures: 0, Errors: 0, Skipped: 0, Time elapsed: 0.002 sec - in io.nflow.engine.workflow.definition.WorkflowSettingsTest
Running io.nflow.engine.workflow.definition.WorkflowStateTypeTest
Tests run: 4, Failures: 0, Errors: 0, Skipped: 0, Time elapsed: 0 sec - in io.nflow.engine.workflow.definition.WorkflowStateTypeTest
Running io.nflow.engine.workflow.instance.WorkflowInstanceFactoryTest
Tests run: 1, Failures: 0, Errors: 0, Skipped: 0, Time elapsed: 0 sec - in io.nflow.engine.workflow.instance.WorkflowInstanceFactoryTest
Running io.nflow.engine.workflow.instance.WorkflowInstanceTest
Tests run: 5, Failures: 0, Errors: 0, Skipped: 0, Time elapsed: 0 sec - in io.nflow.engine.workflow.instance.WorkflowInstanceTest

Results :

Tests in error: 
  WorkflowInstanceDaoTest.fakePostgreSQLinsertWorkflowInstance:533->preparePostgreSQLDao:622 » NullPointer
  WorkflowInstanceDaoTest.fakePostgreSQLpollNextWorkflowInstances:605->preparePostgreSQLDao:622 » NullPointer
  WorkflowInstanceDaoTest.fakePostgreSQLupdateWorkflowInstance:490->preparePostgreSQLDao:622 » NullPointer

Tests run: 234, Failures: 0, Errors: 3, Skipped: 0

[INFO] ------------------------------------------------------------------------
[INFO] Reactor Summary:
[INFO] 
[INFO] nflow .............................................. SUCCESS [  0.378 s]
[INFO] nflow-engine ....................................... FAILURE [ 25.459 s]
[INFO] nflow-rest-api ..................................... SKIPPED
[INFO] nflow-jetty ........................................ SKIPPED
[INFO] nflow-metrics ...................................... SKIPPED
[INFO] nflow-tests ........................................ SKIPPED
[INFO] nflow-perf-test .................................... SKIPPED
[INFO] nflow-guice ........................................ SKIPPED
[INFO] ------------------------------------------------------------------------
[INFO] BUILD FAILURE
[INFO] ------------------------------------------------------------------------
[INFO] Total time: 26.637 s
[INFO] Finished at: 2022-01-23T06:11:38+00:00
[INFO] Final Memory: 23M/354M
[INFO] ------------------------------------------------------------------------
[ERROR] Failed to execute goal org.apache.maven.plugins:maven-surefire-plugin:2.19.1:test (default-test) on project nflow-engine: There are test failures.
[ERROR] 
[ERROR] Please refer to /home/travis/build/failed/NitorCreations/nflow/nflow-engine/target/surefire-reports for the individual test results.
[ERROR] -> [Help 1]
[ERROR] 
[ERROR] To see the full stack trace of the errors, re-run Maven with the -e switch.
[ERROR] Re-run Maven using the -X switch to enable full debug logging.
[ERROR] 
[ERROR] For more information about the errors and possible solutions, please read the following articles:
[ERROR] [Help 1] http://cwiki.apache.org/confluence/display/MAVEN/MojoFailureException
[ERROR] 
[ERROR] After correcting the problems, you can resume the build with the command
[ERROR]   mvn <goals> -rf :nflow-engine

travis_time:end:026f9580:start=1642918271088371285,finish=1642918299156661059,duration=28068289774[0K
[31;1mThe command "mvn -o test -Dhttps.protocols=TLSv1.2 -B" exited with 1.[0m
travis_fold:start:cache.2[0Kstore build cache
travis_time:start:074d3a22[0K
travis_time:end:074d3a22:start=1642918299166820685,finish=1642918299176293077,duration=9472392[0Ktravis_time:start:2ceba580[0K/home/travis/.casher/bin/casher:190: warning: Insecure world writable dir /home/travis/build/failed/NitorCreations/nflow/. in PATH, mode 040777
[32;1mchanges detected, packing new archive[0m
/home/travis/.casher/bin/casher:213:in `cache_archive_name': undefined method `[]' for nil:NilClass (NoMethodError)
	from /home/travis/.casher/bin/casher:143:in `push'
	from /home/travis/.casher/bin/casher:53:in `block in run'
	from /home/travis/.rvm/rubies/ruby-1.9.3-p551/lib/ruby/1.9.1/timeout.rb:69:in `timeout'
	from /home/travis/.casher/bin/casher:53:in `run'
	from /home/travis/.casher/bin/casher:263:in `<main>'
.
.
.
.
.
.
.
.
.
.
.
.
.
.
.
.
.
.
.
.
.
.
.
.
.
.
.

travis_time:end:2ceba580:start=1642918299186740097,finish=1642918438920284559,duration=139733544462[0Ktravis_fold:end:cache.2[0Ktravis_fold:start:after_script[0Ktravis_time:start:22dd069f[0K$ for i in nflow-*/target/surefire-reports/*.txt; do echo ">>>>>>>>>>>>>>>>>>>"; echo $i; echo "<<<<<<<<<<<<<<<<<<<<<"; cat $i; done
>>>>>>>>>>>>>>>>>>>
nflow-engine/target/surefire-reports/io.nflow.engine.internal.config.EngineConfigurationTest.txt
<<<<<<<<<<<<<<<<<<<<<
-------------------------------------------------------------------------------
Test set: io.nflow.engine.internal.config.EngineConfigurationTest
-------------------------------------------------------------------------------
Tests run: 6, Failures: 0, Errors: 0, Skipped: 0, Time elapsed: 1.768 sec - in io.nflow.engine.internal.config.EngineConfigurationTest
>>>>>>>>>>>>>>>>>>>
nflow-engine/target/surefire-reports/io.nflow.engine.internal.config.PropertiesConfigurationTest.txt
<<<<<<<<<<<<<<<<<<<<<
-------------------------------------------------------------------------------
Test set: io.nflow.engine.internal.config.PropertiesConfigurationTest
-------------------------------------------------------------------------------
Tests run: 1, Failures: 0, Errors: 0, Skipped: 0, Time elapsed: 0 sec - in io.nflow.engine.internal.config.PropertiesConfigurationTest
>>>>>>>>>>>>>>>>>>>
nflow-engine/target/surefire-reports/io.nflow.engine.internal.config.WorkflowLifecycleTest.txt
<<<<<<<<<<<<<<<<<<<<<
-------------------------------------------------------------------------------
Test set: io.nflow.engine.internal.config.WorkflowLifecycleTest
-------------------------------------------------------------------------------
Tests run: 5, Failures: 0, Errors: 0, Skipped: 0, Time elapsed: 0 sec - in io.nflow.engine.internal.config.WorkflowLifecycleTest
>>>>>>>>>>>>>>>>>>>
nflow-engine/target/surefire-reports/io.nflow.engine.internal.dao.ArchiveDaoTest-output.txt
<<<<<<<<<<<<<<<<<<<<<
23.01.2022 06:11:20 INFO  [main] orage.db.DatabaseConfiguration - [user:] Database connection to h2 using jdbc:h2:mem:test;TRACE_LEVEL_FILE=4
23.01.2022 06:11:21 INFO  [main] storage.db.DatabaseInitializer - [user:] Creating database populator using script 'scripts/db/h2.create.ddl.sql'
23.01.2022 06:11:21 INFO  [main] storage.db.DatabaseInitializer - [user:] Database created.
23.01.2022 06:11:21 INFO  [main] ngine.internal.dao.ExecutorDao - [user:] Joining executor group junit
>>>>>>>>>>>>>>>>>>>
nflow-engine/target/surefire-reports/io.nflow.engine.internal.dao.ArchiveDaoTest.txt
<<<<<<<<<<<<<<<<<<<<<
-------------------------------------------------------------------------------
Test set: io.nflow.engine.internal.dao.ArchiveDaoTest
-------------------------------------------------------------------------------
Tests run: 5, Failures: 0, Errors: 0, Skipped: 0, Time elapsed: 1.847 sec - in io.nflow.engine.internal.dao.ArchiveDaoTest
>>>>>>>>>>>>>>>>>>>
nflow-engine/target/surefire-reports/io.nflow.engine.internal.dao.DaoUtilTest.txt
<<<<<<<<<<<<<<<<<<<<<
-------------------------------------------------------------------------------
Test set: io.nflow.engine.internal.dao.DaoUtilTest
-------------------------------------------------------------------------------
Tests run: 2, Failures: 0, Errors: 0, Skipped: 0, Time elapsed: 0.001 sec - in io.nflow.engine.internal.dao.DaoUtilTest
>>>>>>>>>>>>>>>>>>>
nflow-engine/target/surefire-reports/io.nflow.engine.internal.dao.ExecutorDaoTest-output.txt
<<<<<<<<<<<<<<<<<<<<<
13.10.2020 04:23:23 INFO  [main] orage.db.DatabaseConfiguration - [user:] Database connection to h2 using jdbc:h2:mem:test;TRACE_LEVEL_FILE=4
13.10.2020 04:23:23 INFO  [main] storage.db.DatabaseInitializer - [user:] Creating database populator using script 'scripts/db/h2.create.ddl.sql'
13.10.2020 04:23:23 INFO  [main] storage.db.DatabaseInitializer - [user:] Database created.
13.10.2020 04:23:23 INFO  [main] ngine.internal.dao.ExecutorDao - [user:] Joining executor group junit
>>>>>>>>>>>>>>>>>>>
nflow-engine/target/surefire-reports/io.nflow.engine.internal.dao.ExecutorDaoTest.txt
<<<<<<<<<<<<<<<<<<<<<
-------------------------------------------------------------------------------
Test set: io.nflow.engine.internal.dao.ExecutorDaoTest
-------------------------------------------------------------------------------
Tests run: 3, Failures: 0, Errors: 0, Skipped: 0, Time elapsed: 0.02 sec - in io.nflow.engine.internal.dao.ExecutorDaoTest
>>>>>>>>>>>>>>>>>>>
nflow-engine/target/surefire-reports/io.nflow.engine.internal.dao.HealthCheckDaoTest.txt
<<<<<<<<<<<<<<<<<<<<<
-------------------------------------------------------------------------------
Test set: io.nflow.engine.internal.dao.HealthCheckDaoTest
-------------------------------------------------------------------------------
Tests run: 1, Failures: 0, Errors: 0, Skipped: 0, Time elapsed: 0.007 sec - in io.nflow.engine.internal.dao.HealthCheckDaoTest
>>>>>>>>>>>>>>>>>>>
nflow-engine/target/surefire-reports/io.nflow.engine.internal.dao.StatisticsDaoTest.txt
<<<<<<<<<<<<<<<<<<<<<
-------------------------------------------------------------------------------
Test set: io.nflow.engine.internal.dao.StatisticsDaoTest
-------------------------------------------------------------------------------
Tests run: 5, Failures: 0, Errors: 0, Skipped: 0, Time elapsed: 0.046 sec - in io.nflow.engine.internal.dao.StatisticsDaoTest
>>>>>>>>>>>>>>>>>>>
nflow-engine/target/surefire-reports/io.nflow.engine.internal.dao.TableMetadataCheckerTest-output.txt
<<<<<<<<<<<<<<<<<<<<<
23.01.2022 06:11:22 INFO  [main] storage.db.DatabaseInitializer - [user:] Creating database populator using script 'scripts/db/metadata.create.ddl.sql'
23.01.2022 06:11:22 INFO  [main] storage.db.DatabaseInitializer - [user:] Database created.
>>>>>>>>>>>>>>>>>>>
nflow-engine/target/surefire-reports/io.nflow.engine.internal.dao.TableMetadataCheckerTest.txt
<<<<<<<<<<<<<<<<<<<<<
-------------------------------------------------------------------------------
Test set: io.nflow.engine.internal.dao.TableMetadataCheckerTest
-------------------------------------------------------------------------------
Tests run: 8, Failures: 0, Errors: 0, Skipped: 0, Time elapsed: 0.104 sec - in io.nflow.engine.internal.dao.TableMetadataCheckerTest
>>>>>>>>>>>>>>>>>>>
nflow-engine/target/surefire-reports/io.nflow.engine.internal.dao.WorkflowDefinitionDaoTest-output.txt
<<<<<<<<<<<<<<<<<<<<<
23.01.2022 06:11:22 INFO  [main] orage.db.DatabaseConfiguration - [user:] Database connection to h2 using jdbc:h2:mem:test;TRACE_LEVEL_FILE=4
23.01.2022 06:11:22 INFO  [main] storage.db.DatabaseInitializer - [user:] Creating database populator using script 'scripts/db/h2.create.ddl.sql'
23.01.2022 06:11:22 INFO  [main] storage.db.DatabaseInitializer - [user:] Database created.
23.01.2022 06:11:22 INFO  [main] ngine.internal.dao.ExecutorDao - [user:] Joining executor group junit
>>>>>>>>>>>>>>>>>>>
nflow-engine/target/surefire-reports/io.nflow.engine.internal.dao.WorkflowDefinitionDaoTest.txt
<<<<<<<<<<<<<<<<<<<<<
-------------------------------------------------------------------------------
Test set: io.nflow.engine.internal.dao.WorkflowDefinitionDaoTest
-------------------------------------------------------------------------------
Tests run: 4, Failures: 0, Errors: 0, Skipped: 0, Time elapsed: 0.49 sec - in io.nflow.engine.internal.dao.WorkflowDefinitionDaoTest
>>>>>>>>>>>>>>>>>>>
nflow-engine/target/surefire-reports/io.nflow.engine.internal.dao.WorkflowInstanceDaoTest-output.txt
<<<<<<<<<<<<<<<<<<<<<
io.nflow.engine.internal.dao.PollingRaceConditionException: Race condition in polling workflow instances detected. Multiple pollers using same name (junit)
23.01.2022 06:11:23 INFO  [main] ternal.dao.WorkflowInstanceDao - [user:] Forcing action creation because new workflow instances are created or state variables are changed.
23.01.2022 06:11:23 WARN  [main] ternal.dao.WorkflowInstanceDao - [user:] Failed to insert workflow instance
org.springframework.dao.DuplicateKeyException: PreparedStatementCallback; SQL []; Unique index or primary key violation: "NFLOW_WORKFLOW_UNIQ ON PUBLIC.NFLOW_WORKFLOW(TYPE, EXTERNAL_ID, EXECUTOR_GROUP) VALUES ('dummy', 'extId', 'junit', 112)"; SQL statement:
insert into nflow_workflow(type, root_workflow_id, parent_workflow_id, parent_action_id, business_key, external_id, executor_group, status, state, state_text, next_activation) values (?, ?, ?, ?, ?, ?, ?, ?, ?, ?, ?) [23505-192]; nested exception is org.h2.jdbc.JdbcSQLException: Unique index or primary key violation: "NFLOW_WORKFLOW_UNIQ ON PUBLIC.NFLOW_WORKFLOW(TYPE, EXTERNAL_ID, EXECUTOR_GROUP) VALUES ('dummy', 'extId', 'junit', 112)"; SQL statement:
insert into nflow_workflow(type, root_workflow_id, parent_workflow_id, parent_action_id, business_key, external_id, executor_group, status, state, state_text, next_activation) values (?, ?, ?, ?, ?, ?, ?, ?, ?, ?, ?) [23505-192]
	at org.springframework.jdbc.support.SQLErrorCodeSQLExceptionTranslator.doTranslate(SQLErrorCodeSQLExceptionTranslator.java:239)
	at org.springframework.jdbc.support.AbstractFallbackSQLExceptionTranslator.translate(AbstractFallbackSQLExceptionTranslator.java:73)
	at org.springframework.jdbc.core.JdbcTemplate.execute(JdbcTemplate.java:649)
	at org.springframework.jdbc.core.JdbcTemplate.update(JdbcTemplate.java:904)
	at io.nflow.engine.internal.dao.WorkflowInstanceDao$1.doInTransaction(WorkflowInstanceDao.java:196)
	at io.nflow.engine.internal.dao.WorkflowInstanceDao$1.doInTransaction(WorkflowInstanceDao.java:191)
	at org.springframework.transaction.support.TransactionTemplate.execute(TransactionTemplate.java:133)
	at io.nflow.engine.internal.dao.WorkflowInstanceDao.insertWorkflowInstanceWithTransaction(WorkflowInstanceDao.java:191)
	at io.nflow.engine.internal.dao.WorkflowInstanceDao.insertWorkflowInstance(WorkflowInstanceDao.java:148)
	at io.nflow.engine.internal.dao.WorkflowInstanceDao$3.doInTransactionWithoutResult(WorkflowInstanceDao.java:329)
	at org.springframework.transaction.support.TransactionCallbackWithoutResult.doInTransaction(TransactionCallbackWithoutResult.java:34)
	at org.springframework.transaction.support.TransactionTemplate.execute(TransactionTemplate.java:133)
	at io.nflow.engine.internal.dao.WorkflowInstanceDao.updateWorkflowInstanceWithTransaction(WorkflowInstanceDao.java:319)
	at io.nflow.engine.internal.dao.WorkflowInstanceDao.updateWorkflowInstanceAfterExecution(WorkflowInstanceDao.java:301)
	at io.nflow.engine.internal.dao.WorkflowInstanceDao$$FastClassBySpringCGLIB$$f1fc6e3.invoke(<generated>)
	at org.springframework.cglib.proxy.MethodProxy.invoke(MethodProxy.java:204)
	at org.springframework.aop.framework.CglibAopProxy$DynamicAdvisedInterceptor.intercept(CglibAopProxy.java:651)
	at io.nflow.engine.internal.dao.WorkflowInstanceDao$$EnhancerBySpringCGLIB$$fd823d3a.updateWorkflowInstanceAfterExecution(<generated>)
	at io.nflow.engine.internal.dao.WorkflowInstanceDaoTest.updateWorkflowInstanceWithChildWorkflowHavingExistinExternalIdWorks(WorkflowInstanceDaoTest.java:299)
	at sun.reflect.NativeMethodAccessorImpl.invoke0(Native Method)
	at sun.reflect.NativeMethodAccessorImpl.invoke(NativeMethodAccessorImpl.java:62)
	at sun.reflect.DelegatingMethodAccessorImpl.invoke(DelegatingMethodAccessorImpl.java:43)
	at java.lang.reflect.Method.invoke(Method.java:483)
	at org.junit.runners.model.FrameworkMethod$1.runReflectiveCall(FrameworkMethod.java:50)
	at org.junit.internal.runners.model.ReflectiveCallable.run(ReflectiveCallable.java:12)
	at org.junit.runners.model.FrameworkMethod.invokeExplosively(FrameworkMethod.java:47)
	at org.junit.internal.runners.statements.InvokeMethod.evaluate(InvokeMethod.java:17)
	at org.springframework.test.context.junit4.statements.RunBeforeTestMethodCallbacks.evaluate(RunBeforeTestMethodCallbacks.java:75)
	at org.junit.internal.runners.statements.RunAfters.evaluate(RunAfters.java:27)
	at org.springframework.test.context.junit4.statements.RunAfterTestMethodCallbacks.evaluate(RunAfterTestMethodCallbacks.java:86)
	at org.junit.rules.ExpectedException$ExpectedExceptionStatement.evaluate(ExpectedException.java:239)
	at org.junit.rules.RunRules.evaluate(RunRules.java:20)
	at org.springframework.test.context.junit4.statements.SpringRepeat.evaluate(SpringRepeat.java:84)
	at org.junit.runners.ParentRunner.runLeaf(ParentRunner.java:325)
	at org.springframework.test.context.junit4.SpringJUnit4ClassRunner.runChild(SpringJUnit4ClassRunner.java:252)
	at org.springframework.test.context.junit4.SpringJUnit4ClassRunner.runChild(SpringJUnit4ClassRunner.java:94)
	at org.junit.runners.ParentRunner$3.run(ParentRunner.java:290)
	at org.junit.runners.ParentRunner$1.schedule(ParentRunner.java:71)
	at org.junit.runners.ParentRunner.runChildren(ParentRunner.java:288)
	at org.junit.runners.ParentRunner.access$000(ParentRunner.java:58)
	at org.junit.runners.ParentRunner$2.evaluate(ParentRunner.java:268)
	at org.springframework.test.context.junit4.statements.RunBeforeTestClassCallbacks.evaluate(RunBeforeTestClassCallbacks.java:61)
	at org.springframework.test.context.junit4.statements.RunAfterTestClassCallbacks.evaluate(RunAfterTestClassCallbacks.java:70)
	at org.junit.runners.ParentRunner.run(ParentRunner.java:363)
	at org.springframework.test.context.junit4.SpringJUnit4ClassRunner.run(SpringJUnit4ClassRunner.java:191)
	at org.apache.maven.surefire.junit4.JUnit4Provider.execute(JUnit4Provider.java:367)
	at org.apache.maven.surefire.junit4.JUnit4Provider.executeWithRerun(JUnit4Provider.java:274)
	at org.apache.maven.surefire.junit4.JUnit4Provider.executeTestSet(JUnit4Provider.java:238)
	at org.apache.maven.surefire.junit4.JUnit4Provider.invoke(JUnit4Provider.java:161)
	at org.apache.maven.surefire.booter.ForkedBooter.invokeProviderInSameClassLoader(ForkedBooter.java:290)
	at org.apache.maven.surefire.booter.ForkedBooter.runSuitesInProcess(ForkedBooter.java:242)
	at org.apache.maven.surefire.booter.ForkedBooter.main(ForkedBooter.java:121)
Caused by: org.h2.jdbc.JdbcSQLException: Unique index or primary key violation: "NFLOW_WORKFLOW_UNIQ ON PUBLIC.NFLOW_WORKFLOW(TYPE, EXTERNAL_ID, EXECUTOR_GROUP) VALUES ('dummy', 'extId', 'junit', 112)"; SQL statement:
insert into nflow_workflow(type, root_workflow_id, parent_workflow_id, parent_action_id, business_key, external_id, executor_group, status, state, state_text, next_activation) values (?, ?, ?, ?, ?, ?, ?, ?, ?, ?, ?) [23505-192]
	at org.h2.message.DbException.getJdbcSQLException(DbException.java:345)
	at org.h2.message.DbException.get(DbException.java:179)
	at org.h2.message.DbException.get(DbException.java:155)
	at org.h2.index.BaseIndex.getDuplicateKeyException(BaseIndex.java:103)
	at org.h2.mvstore.db.MVSecondaryIndex.checkUnique(MVSecondaryIndex.java:231)
	at org.h2.mvstore.db.MVSecondaryIndex.add(MVSecondaryIndex.java:190)
	at org.h2.mvstore.db.MVTable.addRow(MVTable.java:704)
	at org.h2.command.dml.Insert.insertRows(Insert.java:156)
	at org.h2.command.dml.Insert.update(Insert.java:114)
	at org.h2.command.CommandContainer.update(CommandContainer.java:98)
	at org.h2.command.Command.executeUpdate(Command.java:258)
	at org.h2.jdbc.JdbcPreparedStatement.executeUpdateInternal(JdbcPreparedStatement.java:160)
	at org.h2.jdbc.JdbcPreparedStatement.executeUpdate(JdbcPreparedStatement.java:146)
	at com.zaxxer.hikari.proxy.PreparedStatementProxy.executeUpdate(PreparedStatementProxy.java:61)
	at com.zaxxer.hikari.proxy.HikariPreparedStatementProxy.executeUpdate(HikariPreparedStatementProxy.java)
	at org.springframework.jdbc.core.JdbcTemplate$3.doInPreparedStatement(JdbcTemplate.java:907)
	at org.springframework.jdbc.core.JdbcTemplate$3.doInPreparedStatement(JdbcTemplate.java:904)
	at org.springframework.jdbc.core.JdbcTemplate.execute(JdbcTemplate.java:633)
	... 49 common frames omitted
23.01.2022 06:11:23 INFO  [main] ternal.dao.WorkflowInstanceDao - [user:] Forcing action creation because new workflow instances are created or state variables are changed.
23.01.2022 06:11:24 INFO  [main] ternal.dao.WorkflowInstanceDao - [user:] Forcing action creation because new workflow instances are created or state variables are changed.
23.01.2022 06:11:24 INFO  [main] ternal.dao.WorkflowInstanceDao - [user:] Forcing action creation because new workflow instances are created or state variables are changed.
23.01.2022 06:11:24 INFO  [main] ternal.dao.WorkflowInstanceDao - [user:] Forcing action creation because new workflow instances are created or state variables are changed.
23.01.2022 06:11:24 INFO  [main] ternal.dao.WorkflowInstanceDao - [user:] Forcing action creation because new workflow instances are created or state variables are changed.
23.01.2022 06:11:24 INFO  [main] ternal.dao.WorkflowInstanceDao - [user:] Forcing action creation because new workflow instances are created or state variables are changed.
23.01.2022 06:11:24 INFO  [main] ternal.dao.WorkflowInstanceDao - [user:] Forcing action creation because new workflow instances are created or state variables are changed.
>>>>>>>>>>>>>>>>>>>
nflow-engine/target/surefire-reports/io.nflow.engine.internal.dao.WorkflowInstanceDaoTest.txt
<<<<<<<<<<<<<<<<<<<<<
-------------------------------------------------------------------------------
Test set: io.nflow.engine.internal.dao.WorkflowInstanceDaoTest
-------------------------------------------------------------------------------
Tests run: 35, Failures: 0, Errors: 3, Skipped: 0, Time elapsed: 2.119 sec <<< FAILURE! - in io.nflow.engine.internal.dao.WorkflowInstanceDaoTest
fakePostgreSQLinsertWorkflowInstance(io.nflow.engine.internal.dao.WorkflowInstanceDaoTest)  Time elapsed: 0.025 sec  <<< ERROR!
java.lang.NullPointerException
	at io.nflow.engine.internal.dao.WorkflowInstanceDaoTest.preparePostgreSQLDao(WorkflowInstanceDaoTest.java:622)
	at io.nflow.engine.internal.dao.WorkflowInstanceDaoTest.fakePostgreSQLinsertWorkflowInstance(WorkflowInstanceDaoTest.java:533)

fakePostgreSQLupdateWorkflowInstance(io.nflow.engine.internal.dao.WorkflowInstanceDaoTest)  Time elapsed: 0.002 sec  <<< ERROR!
java.lang.NullPointerException
	at io.nflow.engine.internal.dao.WorkflowInstanceDaoTest.preparePostgreSQLDao(WorkflowInstanceDaoTest.java:622)
	at io.nflow.engine.internal.dao.WorkflowInstanceDaoTest.fakePostgreSQLupdateWorkflowInstance(WorkflowInstanceDaoTest.java:490)

fakePostgreSQLpollNextWorkflowInstances(io.nflow.engine.internal.dao.WorkflowInstanceDaoTest)  Time elapsed: 0.002 sec  <<< ERROR!
java.lang.NullPointerException
	at io.nflow.engine.internal.dao.WorkflowInstanceDaoTest.preparePostgreSQLDao(WorkflowInstanceDaoTest.java:622)
	at io.nflow.engine.internal.dao.WorkflowInstanceDaoTest.fakePostgreSQLpollNextWorkflowInstances(WorkflowInstanceDaoTest.java:605)

>>>>>>>>>>>>>>>>>>>
nflow-engine/target/surefire-reports/io.nflow.engine.internal.executor.ThresholdBlockingQueueTest.txt
<<<<<<<<<<<<<<<<<<<<<
-------------------------------------------------------------------------------
Test set: io.nflow.engine.internal.executor.ThresholdBlockingQueueTest
-------------------------------------------------------------------------------
Tests run: 4, Failures: 0, Errors: 0, Skipped: 0, Time elapsed: 7.312 sec - in io.nflow.engine.internal.executor.ThresholdBlockingQueueTest
>>>>>>>>>>>>>>>>>>>
nflow-engine/target/surefire-reports/io.nflow.engine.internal.executor.WorkflowDispatcherTest-output.txt
<<<<<<<<<<<<<<<<<<<<<
23.01.2022 06:11:33 INFO  [thread Dispatcher] al.executor.WorkflowDispatcher - [user:] Starting.
23.01.2022 06:11:33 INFO  [thread Shutdown] al.executor.WorkflowDispatcher - [user:] Shutdown requested.
23.01.2022 06:11:33 INFO  [thread Shutdown] al.executor.WorkflowDispatcher - [user:] Shutdown interrupted.
23.01.2022 06:11:33 INFO  [thread Dispatcher] al.executor.WorkflowDispatcher - [user:] Shutdown finished.
23.01.2022 06:11:33 INFO  [thread Dispatcher] al.executor.WorkflowDispatcher - [user:] Starting.
23.01.2022 06:11:33 INFO  [thread Shutdown] al.executor.WorkflowDispatcher - [user:] Shutdown requested.
23.01.2022 06:11:33 INFO  [thread Dispatcher] al.executor.WorkflowDispatcher - [user:] Shutdown finished.
23.01.2022 06:11:33 INFO  [thread Dispatcher] al.executor.WorkflowDispatcher - [user:] Starting.
23.01.2022 06:11:33 INFO  [thread Shutdown] al.executor.WorkflowDispatcher - [user:] Shutdown requested.
23.01.2022 06:11:33 INFO  [thread Dispatcher] al.executor.WorkflowDispatcher - [user:] Shutdown finished.
23.01.2022 06:11:33 ERROR [thread Dispatcher] al.executor.WorkflowDispatcher - [user:] Error in shutting down thread pool.
java.lang.RuntimeException: Expected: exception on pool shutdown
	at io.nflow.engine.internal.executor.WorkflowDispatcher.shutdownPool(WorkflowDispatcher.java:104)
	at io.nflow.engine.internal.executor.WorkflowDispatcher.run(WorkflowDispatcher.java:84)
	at io.nflow.engine.internal.executor.WorkflowDispatcherTest$1ExceptionOnPoolShutdownIsNotPropagated.threadDispatcher(WorkflowDispatcherTest.java:237)
	at sun.reflect.NativeMethodAccessorImpl.invoke0(Native Method)
	at sun.reflect.NativeMethodAccessorImpl.invoke(NativeMethodAccessorImpl.java:62)
	at sun.reflect.DelegatingMethodAccessorImpl.invoke(DelegatingMethodAccessorImpl.java:43)
	at java.lang.reflect.Method.invoke(Method.java:483)
	at edu.umd.cs.mtc.TestFramework$2.run(TestFramework.java:592)
	at java.lang.Thread.run(Thread.java:745)
23.01.2022 06:11:34 INFO  [thread Dispatcher] al.executor.WorkflowDispatcher - [user:] Starting.
23.01.2022 06:11:34 INFO  [thread Shutdown] al.executor.WorkflowDispatcher - [user:] Shutdown requested.
23.01.2022 06:11:34 INFO  [thread Dispatcher] al.executor.WorkflowDispatcher - [user:] Shutdown finished.
23.01.2022 06:11:34 INFO  [main] al.executor.WorkflowDispatcher - [user:] Shutdown requested.
23.01.2022 06:11:34 INFO  [thread Dispatcher] al.executor.WorkflowDispatcher - [user:] Starting.
23.01.2022 06:11:34 INFO  [thread Shutdown] al.executor.WorkflowDispatcher - [user:] Shutdown requested.
23.01.2022 06:11:34 INFO  [thread Dispatcher] al.executor.WorkflowDispatcher - [user:] Shutdown finished.
23.01.2022 06:11:34 INFO  [thread Dispatcher] al.executor.WorkflowDispatcher - [user:] Starting.
23.01.2022 06:11:34 INFO  [thread Dispatcher] al.executor.WorkflowDispatcher - [user:] Shutdown finished.
23.01.2022 06:11:34 INFO  [thread Dispatcher] al.executor.WorkflowDispatcher - [user:] Starting.
23.01.2022 06:11:34 ERROR [thread Dispatcher] al.executor.WorkflowDispatcher - [user:] Exception in executing dispatcher - retrying after sleep period (Expected: exception during dispatcher execution)
java.lang.RuntimeException: Expected: exception during dispatcher execution
	at io.nflow.engine.internal.executor.WorkflowDispatcher.getNextInstanceIds(WorkflowDispatcher.java:125)
	at io.nflow.engine.internal.executor.WorkflowDispatcher.run(WorkflowDispatcher.java:72)
	at io.nflow.engine.internal.executor.WorkflowDispatcherTest$1ExceptionDuringDispatcherExecutionCausesRetry.threadDispatcher(WorkflowDispatcherTest.java:105)
	at sun.reflect.NativeMethodAccessorImpl.invoke0(Native Method)
	at sun.reflect.NativeMethodAccessorImpl.invoke(NativeMethodAccessorImpl.java:62)
	at sun.reflect.DelegatingMethodAccessorImpl.invoke(DelegatingMethodAccessorImpl.java:43)
	at java.lang.reflect.Method.invoke(Method.java:483)
	at edu.umd.cs.mtc.TestFramework$2.run(TestFramework.java:592)
	at java.lang.Thread.run(Thread.java:745)
23.01.2022 06:11:34 INFO  [thread Shutdown] al.executor.WorkflowDispatcher - [user:] Shutdown requested.
23.01.2022 06:11:35 INFO  [thread Dispatcher] al.executor.WorkflowDispatcher - [user:] Shutdown finished.
23.01.2022 06:11:35 INFO  [thread Dispatcher] al.executor.WorkflowDispatcher - [user:] Starting.
23.01.2022 06:11:35 WARN  [thread Dispatcher] al.executor.WorkflowDispatcher - [user:] 2 of 2 state processor threads are potentially stuck (processing longer than 60 seconds)
23.01.2022 06:11:35 INFO  [thread Shutdown] al.executor.WorkflowDispatcher - [user:] Shutdown requested.
23.01.2022 06:11:35 INFO  [thread Dispatcher] al.executor.WorkflowDispatcher - [user:] Shutdown finished.
>>>>>>>>>>>>>>>>>>>
nflow-engine/target/surefire-reports/io.nflow.engine.internal.executor.WorkflowDispatcherTest.txt
<<<<<<<<<<<<<<<<<<<<<
-------------------------------------------------------------------------------
Test set: io.nflow.engine.internal.executor.WorkflowDispatcherTest
-------------------------------------------------------------------------------
Tests run: 9, Failures: 0, Errors: 0, Skipped: 0, Time elapsed: 2.946 sec - in io.nflow.engine.internal.executor.WorkflowDispatcherTest
>>>>>>>>>>>>>>>>>>>
nflow-engine/target/surefire-reports/io.nflow.engine.internal.executor.WorkflowInstanceExecutorTest.txt
<<<<<<<<<<<<<<<<<<<<<
-------------------------------------------------------------------------------
Test set: io.nflow.engine.internal.executor.WorkflowInstanceExecutorTest
-------------------------------------------------------------------------------
Tests run: 5, Failures: 0, Errors: 0, Skipped: 0, Time elapsed: 0.005 sec - in io.nflow.engine.internal.executor.WorkflowInstanceExecutorTest
>>>>>>>>>>>>>>>>>>>
nflow-engine/target/surefire-reports/io.nflow.engine.internal.executor.WorkflowStateProcessorFactoryTest.txt
<<<<<<<<<<<<<<<<<<<<<
-------------------------------------------------------------------------------
Test set: io.nflow.engine.internal.executor.WorkflowStateProcessorFactoryTest
-------------------------------------------------------------------------------
Tests run: 3, Failures: 0, Errors: 0, Skipped: 0, Time elapsed: 0.024 sec - in io.nflow.engine.internal.executor.WorkflowStateProcessorFactoryTest
>>>>>>>>>>>>>>>>>>>
nflow-engine/target/surefire-reports/io.nflow.engine.internal.executor.WorkflowStateProcessorTest-output.txt
<<<<<<<<<<<<<<<<<<<<<
23.01.2022 06:11:36 WARN  [Time-limited test] xecutor.WorkflowStateProcessor - [user:] Workflow type test not configured to this nFlow instance - rescheduling workflow instance
23.01.2022 06:11:36 WARN  [Time-limited test] xecutor.WorkflowStateProcessor - [user:] Workflow state invalid not configured to workflow type simple-test - rescheduling workflow instance
23.01.2022 06:11:36 ERROR [Time-limited test] xecutor.WorkflowStateProcessor - [user:] Handler threw exception, trying again later.
java.lang.RuntimeException: test-fail
	at io.nflow.engine.internal.executor.WorkflowStateProcessorTest$FailingTestWorkflow.start(WorkflowStateProcessorTest.java:916)
	at sun.reflect.NativeMethodAccessorImpl.invoke0(Native Method)
	at sun.reflect.NativeMethodAccessorImpl.invoke(NativeMethodAccessorImpl.java:62)
	at sun.reflect.DelegatingMethodAccessorImpl.invoke(DelegatingMethodAccessorImpl.java:43)
	at java.lang.reflect.Method.invoke(Method.java:483)
	at org.springframework.util.ReflectionUtils.invokeMethod(ReflectionUtils.java:216)
	at io.nflow.engine.internal.executor.WorkflowStateProcessor$NormalStateHandler.getNextAction(WorkflowStateProcessor.java:315)
	at io.nflow.engine.internal.executor.WorkflowStateProcessor$StateHandler.processState(WorkflowStateProcessor.java:364)
	at io.nflow.engine.internal.executor.WorkflowStateProcessor$ProcessingExecutorListener.process(WorkflowStateProcessor.java:301)
	at io.nflow.engine.internal.executor.WorkflowStateProcessor$ExecutorListenerChain.next(WorkflowStateProcessor.java:281)
	at io.nflow.engine.internal.executor.WorkflowStateProcessorTest$2.answer(WorkflowStateProcessorTest.java:375)
	at org.mockito.internal.stubbing.StubbedInvocationMatcher.answer(StubbedInvocationMatcher.java:34)
	at org.mockito.internal.handler.MockHandlerImpl.handle(MockHandlerImpl.java:91)
	at org.mockito.internal.handler.NullResultGuardian.handle(NullResultGuardian.java:29)
	at org.mockito.internal.handler.InvocationNotifierHandler.handle(InvocationNotifierHandler.java:38)
	at org.mockito.internal.creation.cglib.MethodInterceptorFilter.intercept(MethodInterceptorFilter.java:59)
	at io.nflow.engine.listener.WorkflowExecutorListener$$EnhancerByMockitoWithCGLIB$$7d8338d.process(<generated>)
	at io.nflow.engine.internal.executor.WorkflowStateProcessor$ExecutorListenerChain.next(WorkflowStateProcessor.java:281)
	at io.nflow.engine.internal.executor.WorkflowStateProcessorTest$2.answer(WorkflowStateProcessorTest.java:375)
	at org.mockito.internal.stubbing.StubbedInvocationMatcher.answer(StubbedInvocationMatcher.java:34)
	at org.mockito.internal.handler.MockHandlerImpl.handle(MockHandlerImpl.java:91)
	at org.mockito.internal.handler.NullResultGuardian.handle(NullResultGuardian.java:29)
	at org.mockito.internal.handler.InvocationNotifierHandler.handle(InvocationNotifierHandler.java:38)
	at org.mockito.internal.creation.cglib.MethodInterceptorFilter.intercept(MethodInterceptorFilter.java:59)
	at io.nflow.engine.listener.WorkflowExecutorListener$$EnhancerByMockitoWithCGLIB$$7d8338d.process(<generated>)
	at io.nflow.engine.internal.executor.WorkflowStateProcessor$ExecutorListenerChain.next(WorkflowStateProcessor.java:281)
	at io.nflow.engine.internal.executor.WorkflowStateProcessor.processWithListeners(WorkflowStateProcessor.java:263)
	at io.nflow.engine.internal.executor.WorkflowStateProcessor.runImpl(WorkflowStateProcessor.java:132)
	at io.nflow.engine.internal.executor.WorkflowStateProcessor.run(WorkflowStateProcessor.java:97)
	at io.nflow.engine.internal.executor.WorkflowStateProcessorTest.runWorkflowThroughToFailureState(WorkflowStateProcessorTest.java:204)
	at sun.reflect.NativeMethodAccessorImpl.invoke0(Native Method)
	at sun.reflect.NativeMethodAccessorImpl.invoke(NativeMethodAccessorImpl.java:62)
	at sun.reflect.DelegatingMethodAccessorImpl.invoke(DelegatingMethodAccessorImpl.java:43)
	at java.lang.reflect.Method.invoke(Method.java:483)
	at org.junit.runners.model.FrameworkMethod$1.runReflectiveCall(FrameworkMethod.java:50)
	at org.junit.internal.runners.model.ReflectiveCallable.run(ReflectiveCallable.java:12)
	at org.junit.runners.model.FrameworkMethod.invokeExplosively(FrameworkMethod.java:47)
	at org.junit.internal.runners.statements.InvokeMethod.evaluate(InvokeMethod.java:17)
	at org.junit.internal.runners.statements.RunBefores.evaluate(RunBefores.java:26)
	at org.junit.internal.runners.statements.RunAfters.evaluate(RunAfters.java:27)
	at org.junit.internal.runners.statements.FailOnTimeout$CallableStatement.call(FailOnTimeout.java:298)
	at org.junit.internal.runners.statements.FailOnTimeout$CallableStatement.call(FailOnTimeout.java:292)
	at java.util.concurrent.FutureTask.run(FutureTask.java:266)
	at java.lang.Thread.run(Thread.java:745)
23.01.2022 06:11:36 ERROR [Time-limited test] xecutor.WorkflowStateProcessor - [user:] Handler threw exception, trying again later.
java.lang.RuntimeException: test-fail
	at io.nflow.engine.internal.executor.WorkflowStateProcessorTest$FailingTestWorkflow.start(WorkflowStateProcessorTest.java:916)
	at sun.reflect.NativeMethodAccessorImpl.invoke0(Native Method)
	at sun.reflect.NativeMethodAccessorImpl.invoke(NativeMethodAccessorImpl.java:62)
	at sun.reflect.DelegatingMethodAccessorImpl.invoke(DelegatingMethodAccessorImpl.java:43)
	at java.lang.reflect.Method.invoke(Method.java:483)
	at org.springframework.util.ReflectionUtils.invokeMethod(ReflectionUtils.java:216)
	at io.nflow.engine.internal.executor.WorkflowStateProcessor$NormalStateHandler.getNextAction(WorkflowStateProcessor.java:315)
	at io.nflow.engine.internal.executor.WorkflowStateProcessor$StateHandler.processState(WorkflowStateProcessor.java:364)
	at io.nflow.engine.internal.executor.WorkflowStateProcessor$ProcessingExecutorListener.process(WorkflowStateProcessor.java:301)
	at io.nflow.engine.internal.executor.WorkflowStateProcessor$ExecutorListenerChain.next(WorkflowStateProcessor.java:281)
	at io.nflow.engine.internal.executor.WorkflowStateProcessorTest$2.answer(WorkflowStateProcessorTest.java:375)
	at org.mockito.internal.stubbing.StubbedInvocationMatcher.answer(StubbedInvocationMatcher.java:34)
	at org.mockito.internal.handler.MockHandlerImpl.handle(MockHandlerImpl.java:91)
	at org.mockito.internal.handler.NullResultGuardian.handle(NullResultGuardian.java:29)
	at org.mockito.internal.handler.InvocationNotifierHandler.handle(InvocationNotifierHandler.java:38)
	at org.mockito.internal.creation.cglib.MethodInterceptorFilter.intercept(MethodInterceptorFilter.java:59)
	at io.nflow.engine.listener.WorkflowExecutorListener$$EnhancerByMockitoWithCGLIB$$7d8338d.process(<generated>)
	at io.nflow.engine.internal.executor.WorkflowStateProcessor$ExecutorListenerChain.next(WorkflowStateProcessor.java:281)
	at io.nflow.engine.internal.executor.WorkflowStateProcessorTest$2.answer(WorkflowStateProcessorTest.java:375)
	at org.mockito.internal.stubbing.StubbedInvocationMatcher.answer(StubbedInvocationMatcher.java:34)
	at org.mockito.internal.handler.MockHandlerImpl.handle(MockHandlerImpl.java:91)
	at org.mockito.internal.handler.NullResultGuardian.handle(NullResultGuardian.java:29)
	at org.mockito.internal.handler.InvocationNotifierHandler.handle(InvocationNotifierHandler.java:38)
	at org.mockito.internal.creation.cglib.MethodInterceptorFilter.intercept(MethodInterceptorFilter.java:59)
	at io.nflow.engine.listener.WorkflowExecutorListener$$EnhancerByMockitoWithCGLIB$$7d8338d.process(<generated>)
	at io.nflow.engine.internal.executor.WorkflowStateProcessor$ExecutorListenerChain.next(WorkflowStateProcessor.java:281)
	at io.nflow.engine.internal.executor.WorkflowStateProcessor.processWithListeners(WorkflowStateProcessor.java:263)
	at io.nflow.engine.internal.executor.WorkflowStateProcessor.runImpl(WorkflowStateProcessor.java:132)
	at io.nflow.engine.internal.executor.WorkflowStateProcessor.run(WorkflowStateProcessor.java:97)
	at io.nflow.engine.internal.executor.WorkflowStateProcessorTest.failureListenersAreExecutedAfterFailure(WorkflowStateProcessorTest.java:636)
	at sun.reflect.NativeMethodAccessorImpl.invoke0(Native Method)
	at sun.reflect.NativeMethodAccessorImpl.invoke(NativeMethodAccessorImpl.java:62)
	at sun.reflect.DelegatingMethodAccessorImpl.invoke(DelegatingMethodAccessorImpl.java:43)
	at java.lang.reflect.Method.invoke(Method.java:483)
	at org.junit.runners.model.FrameworkMethod$1.runReflectiveCall(FrameworkMethod.java:50)
	at org.junit.internal.runners.model.ReflectiveCallable.run(ReflectiveCallable.java:12)
	at org.junit.runners.model.FrameworkMethod.invokeExplosively(FrameworkMethod.java:47)
	at org.junit.internal.runners.statements.InvokeMethod.evaluate(InvokeMethod.java:17)
	at org.junit.internal.runners.statements.RunBefores.evaluate(RunBefores.java:26)
	at org.junit.internal.runners.statements.RunAfters.evaluate(RunAfters.java:27)
	at org.junit.internal.runners.statements.FailOnTimeout$CallableStatement.call(FailOnTimeout.java:298)
	at org.junit.internal.runners.statements.FailOnTimeout$CallableStatement.call(FailOnTimeout.java:292)
	at java.util.concurrent.FutureTask.run(FutureTask.java:266)
	at java.lang.Thread.run(Thread.java:745)
23.01.2022 06:11:36 ERROR [Time-limited test] xecutor.WorkflowStateProcessor - [user:] State 'processReturnNullNextState' handler method failed to return valid next action, proceeding to error state 'error'
io.nflow.engine.internal.executor.InvalidNextActionException: Next state can not be null
	at io.nflow.engine.workflow.definition.NextAction.assertNotNull(NextAction.java:109)
	at io.nflow.engine.workflow.definition.NextAction.moveToState(NextAction.java:78)
	at io.nflow.engine.internal.executor.WorkflowStateProcessorTest$FailingTestWorkflow.processReturnNullNextState(WorkflowStateProcessorTest.java:932)
	at sun.reflect.NativeMethodAccessorImpl.invoke0(Native Method)
	at sun.reflect.NativeMethodAccessorImpl.invoke(NativeMethodAccessorImpl.java:62)
	at sun.reflect.DelegatingMethodAccessorImpl.invoke(DelegatingMethodAccessorImpl.java:43)
	at java.lang.reflect.Method.invoke(Method.java:483)
	at org.springframework.util.ReflectionUtils.invokeMethod(ReflectionUtils.java:216)
	at io.nflow.engine.internal.executor.WorkflowStateProcessor$NormalStateHandler.getNextAction(WorkflowStateProcessor.java:315)
	at io.nflow.engine.internal.executor.WorkflowStateProcessor$StateHandler.processState(WorkflowStateProcessor.java:364)
	at io.nflow.engine.internal.executor.WorkflowStateProcessor$ProcessingExecutorListener.process(WorkflowStateProcessor.java:301)
	at io.nflow.engine.internal.executor.WorkflowStateProcessor$ExecutorListenerChain.next(WorkflowStateProcessor.java:281)
	at io.nflow.engine.internal.executor.WorkflowStateProcessorTest$2.answer(WorkflowStateProcessorTest.java:375)
	at org.mockito.internal.stubbing.StubbedInvocationMatcher.answer(StubbedInvocationMatcher.java:34)
	at org.mockito.internal.handler.MockHandlerImpl.handle(MockHandlerImpl.java:91)
	at org.mockito.internal.handler.NullResultGuardian.handle(NullResultGuardian.java:29)
	at org.mockito.internal.handler.InvocationNotifierHandler.handle(InvocationNotifierHandler.java:38)
	at org.mockito.internal.creation.cglib.MethodInterceptorFilter.intercept(MethodInterceptorFilter.java:59)
	at io.nflow.engine.listener.WorkflowExecutorListener$$EnhancerByMockitoWithCGLIB$$7d8338d.process(<generated>)
	at io.nflow.engine.internal.executor.WorkflowStateProcessor$ExecutorListenerChain.next(WorkflowStateProcessor.java:281)
	at io.nflow.engine.internal.executor.WorkflowStateProcessorTest$2.answer(WorkflowStateProcessorTest.java:375)
	at org.mockito.internal.stubbing.StubbedInvocationMatcher.answer(StubbedInvocationMatcher.java:34)
	at org.mockito.internal.handler.MockHandlerImpl.handle(MockHandlerImpl.java:91)
	at org.mockito.internal.handler.NullResultGuardian.handle(NullResultGuardian.java:29)
	at org.mockito.internal.handler.InvocationNotifierHandler.handle(InvocationNotifierHandler.java:38)
	at org.mockito.internal.creation.cglib.MethodInterceptorFilter.intercept(MethodInterceptorFilter.java:59)
	at io.nflow.engine.listener.WorkflowExecutorListener$$EnhancerByMockitoWithCGLIB$$7d8338d.process(<generated>)
	at io.nflow.engine.internal.executor.WorkflowStateProcessor$ExecutorListenerChain.next(WorkflowStateProcessor.java:281)
	at io.nflow.engine.internal.executor.WorkflowStateProcessor.processWithListeners(WorkflowStateProcessor.java:263)
	at io.nflow.engine.internal.executor.WorkflowStateProcessor.runImpl(WorkflowStateProcessor.java:132)
	at io.nflow.engine.internal.executor.WorkflowStateProcessor.run(WorkflowStateProcessor.java:97)
	at io.nflow.engine.internal.executor.WorkflowStateProcessorTest.goToErrorStateWhenNextStateIsNull(WorkflowStateProcessorTest.java:385)
	at sun.reflect.NativeMethodAccessorImpl.invoke0(Native Method)
	at sun.reflect.NativeMethodAccessorImpl.invoke(NativeMethodAccessorImpl.java:62)
	at sun.reflect.DelegatingMethodAccessorImpl.invoke(DelegatingMethodAccessorImpl.java:43)
	at java.lang.reflect.Method.invoke(Method.java:483)
	at org.junit.runners.model.FrameworkMethod$1.runReflectiveCall(FrameworkMethod.java:50)
	at org.junit.internal.runners.model.ReflectiveCallable.run(ReflectiveCallable.java:12)
	at org.junit.runners.model.FrameworkMethod.invokeExplosively(FrameworkMethod.java:47)
	at org.junit.internal.runners.statements.InvokeMethod.evaluate(InvokeMethod.java:17)
	at org.junit.internal.runners.statements.RunBefores.evaluate(RunBefores.java:26)
	at org.junit.internal.runners.statements.RunAfters.evaluate(RunAfters.java:27)
	at org.junit.internal.runners.statements.FailOnTimeout$CallableStatement.call(FailOnTimeout.java:298)
	at org.junit.internal.runners.statements.FailOnTimeout$CallableStatement.call(FailOnTimeout.java:292)
	at java.util.concurrent.FutureTask.run(FutureTask.java:266)
	at java.lang.Thread.run(Thread.java:745)
23.01.2022 06:11:36 INFO  [Time-limited test] xecutor.WorkflowStateProcessor - [user:] Woke up parent workflow instance 999
23.01.2022 06:11:36 ERROR [Time-limited test] xecutor.WorkflowStateProcessor - [user:] Error in io.nflow.engine.listener.WorkflowExecutorListener$$EnhancerByMockitoWithCGLIB$$7d8338d.beforeProcessing (null)
java.lang.RuntimeException: null
23.01.2022 06:11:36 ERROR [Time-limited test] xecutor.WorkflowStateProcessor - [user:] Error in io.nflow.engine.listener.WorkflowExecutorListener$$EnhancerByMockitoWithCGLIB$$7d8338d.afterProcessing (null)
java.lang.RuntimeException: null
23.01.2022 06:11:36 WARN  [Time-limited test] xecutor.WorkflowStateProcessor - [user:] State transition from 'illegalStateChange' to 'start' is not allowed by workflow definition.
23.01.2022 06:11:36 ERROR [Time-limited test] xecutor.WorkflowStateProcessor - [user:] Handler threw exception, trying again later.
java.lang.RuntimeException: test-fail
	at io.nflow.engine.internal.executor.WorkflowStateProcessorTest$FailingTestWorkflow.start(WorkflowStateProcessorTest.java:916)
	at sun.reflect.NativeMethodAccessorImpl.invoke0(Native Method)
	at sun.reflect.NativeMethodAccessorImpl.invoke(NativeMethodAccessorImpl.java:62)
	at sun.reflect.DelegatingMethodAccessorImpl.invoke(DelegatingMethodAccessorImpl.java:43)
	at java.lang.reflect.Method.invoke(Method.java:483)
	at org.springframework.util.ReflectionUtils.invokeMethod(ReflectionUtils.java:216)
	at io.nflow.engine.internal.executor.WorkflowStateProcessor$NormalStateHandler.getNextAction(WorkflowStateProcessor.java:315)
	at io.nflow.engine.internal.executor.WorkflowStateProcessor$StateHandler.processState(WorkflowStateProcessor.java:364)
	at io.nflow.engine.internal.executor.WorkflowStateProcessor$ProcessingExecutorListener.process(WorkflowStateProcessor.java:301)
	at io.nflow.engine.internal.executor.WorkflowStateProcessor$ExecutorListenerChain.next(WorkflowStateProcessor.java:281)
	at io.nflow.engine.internal.executor.WorkflowStateProcessorTest$2.answer(WorkflowStateProcessorTest.java:375)
	at org.mockito.internal.stubbing.StubbedInvocationMatcher.answer(StubbedInvocationMatcher.java:34)
	at org.mockito.internal.handler.MockHandlerImpl.handle(MockHandlerImpl.java:91)
	at org.mockito.internal.handler.NullResultGuardian.handle(NullResultGuardian.java:29)
	at org.mockito.internal.handler.InvocationNotifierHandler.handle(InvocationNotifierHandler.java:38)
	at org.mockito.internal.creation.cglib.MethodInterceptorFilter.intercept(MethodInterceptorFilter.java:59)
	at io.nflow.engine.listener.WorkflowExecutorListener$$EnhancerByMockitoWithCGLIB$$7d8338d.process(<generated>)
	at io.nflow.engine.internal.executor.WorkflowStateProcessor$ExecutorListenerChain.next(WorkflowStateProcessor.java:281)
	at io.nflow.engine.internal.executor.WorkflowStateProcessorTest$2.answer(WorkflowStateProcessorTest.java:375)
	at org.mockito.internal.stubbing.StubbedInvocationMatcher.answer(StubbedInvocationMatcher.java:34)
	at org.mockito.internal.handler.MockHandlerImpl.handle(MockHandlerImpl.java:91)
	at org.mockito.internal.handler.NullResultGuardian.handle(NullResultGuardian.java:29)
	at org.mockito.internal.handler.InvocationNotifierHandler.handle(InvocationNotifierHandler.java:38)
	at org.mockito.internal.creation.cglib.MethodInterceptorFilter.intercept(MethodInterceptorFilter.java:59)
	at io.nflow.engine.listener.WorkflowExecutorListener$$EnhancerByMockitoWithCGLIB$$7d8338d.process(<generated>)
	at io.nflow.engine.internal.executor.WorkflowStateProcessor$ExecutorListenerChain.next(WorkflowStateProcessor.java:281)
	at io.nflow.engine.internal.executor.WorkflowStateProcessor.processWithListeners(WorkflowStateProcessor.java:263)
	at io.nflow.engine.internal.executor.WorkflowStateProcessor.runImpl(WorkflowStateProcessor.java:132)
	at io.nflow.engine.internal.executor.WorkflowStateProcessor.run(WorkflowStateProcessor.java:97)
	at io.nflow.engine.internal.executor.WorkflowStateProcessorTest.runWorkflowThroughOneFailedState(WorkflowStateProcessorTest.java:191)
	at sun.reflect.NativeMethodAccessorImpl.invoke0(Native Method)
	at sun.reflect.NativeMethodAccessorImpl.invoke(NativeMethodAccessorImpl.java:62)
	at sun.reflect.DelegatingMethodAccessorImpl.invoke(DelegatingMethodAccessorImpl.java:43)
	at java.lang.reflect.Method.invoke(Method.java:483)
	at org.junit.runners.model.FrameworkMethod$1.runReflectiveCall(FrameworkMethod.java:50)
	at org.junit.internal.runners.model.ReflectiveCallable.run(ReflectiveCallable.java:12)
	at org.junit.runners.model.FrameworkMethod.invokeExplosively(FrameworkMethod.java:47)
	at org.junit.internal.runners.statements.InvokeMethod.evaluate(InvokeMethod.java:17)
	at org.junit.internal.runners.statements.RunBefores.evaluate(RunBefores.java:26)
	at org.junit.internal.runners.statements.RunAfters.evaluate(RunAfters.java:27)
	at org.junit.internal.runners.statements.FailOnTimeout$CallableStatement.call(FailOnTimeout.java:298)
	at org.junit.internal.runners.statements.FailOnTimeout$CallableStatement.call(FailOnTimeout.java:292)
	at java.util.concurrent.FutureTask.run(FutureTask.java:266)
	at java.lang.Thread.run(Thread.java:745)
23.01.2022 06:11:36 WARN  [Time-limited test] al.workflow.StateExecutionImpl - [user:] wakeUpParentWorkflow called on non-child workflow
23.01.2022 06:11:37 ERROR [Time-limited test] xecutor.WorkflowStateProcessor - [user:] State 'illegalStateChange' is not a state of 'failing' workflow definition, proceeding to error state 'error'
23.01.2022 06:11:37 ERROR [Time-limited test] xecutor.WorkflowStateProcessor - [user:] Handler threw exception, trying again later.
java.lang.RuntimeException: test-fail
	at io.nflow.engine.internal.executor.WorkflowStateProcessorTest$FailingTestWorkflow.start(WorkflowStateProcessorTest.java:916)
	at sun.reflect.NativeMethodAccessorImpl.invoke0(Native Method)
	at sun.reflect.NativeMethodAccessorImpl.invoke(NativeMethodAccessorImpl.java:62)
	at sun.reflect.DelegatingMethodAccessorImpl.invoke(DelegatingMethodAccessorImpl.java:43)
	at java.lang.reflect.Method.invoke(Method.java:483)
	at org.springframework.util.ReflectionUtils.invokeMethod(ReflectionUtils.java:216)
	at io.nflow.engine.internal.executor.WorkflowStateProcessor$NormalStateHandler.getNextAction(WorkflowStateProcessor.java:315)
	at io.nflow.engine.internal.executor.WorkflowStateProcessor$StateHandler.processState(WorkflowStateProcessor.java:364)
	at io.nflow.engine.internal.executor.WorkflowStateProcessor$ProcessingExecutorListener.process(WorkflowStateProcessor.java:301)
	at io.nflow.engine.internal.executor.WorkflowStateProcessor$ExecutorListenerChain.next(WorkflowStateProcessor.java:281)
	at io.nflow.engine.internal.executor.WorkflowStateProcessorTest$2.answer(WorkflowStateProcessorTest.java:375)
	at org.mockito.internal.stubbing.StubbedInvocationMatcher.answer(StubbedInvocationMatcher.java:34)
	at org.mockito.internal.handler.MockHandlerImpl.handle(MockHandlerImpl.java:91)
	at org.mockito.internal.handler.NullResultGuardian.handle(NullResultGuardian.java:29)
	at org.mockito.internal.handler.InvocationNotifierHandler.handle(InvocationNotifierHandler.java:38)
	at org.mockito.internal.creation.cglib.MethodInterceptorFilter.intercept(MethodInterceptorFilter.java:59)
	at io.nflow.engine.listener.WorkflowExecutorListener$$EnhancerByMockitoWithCGLIB$$7d8338d.process(<generated>)
	at io.nflow.engine.internal.executor.WorkflowStateProcessor$ExecutorListenerChain.next(WorkflowStateProcessor.java:281)
	at io.nflow.engine.internal.executor.WorkflowStateProcessorTest$2.answer(WorkflowStateProcessorTest.java:375)
	at org.mockito.internal.stubbing.StubbedInvocationMatcher.answer(StubbedInvocationMatcher.java:34)
	at org.mockito.internal.handler.MockHandlerImpl.handle(MockHandlerImpl.java:91)
	at org.mockito.internal.handler.NullResultGuardian.handle(NullResultGuardian.java:29)
	at org.mockito.internal.handler.InvocationNotifierHandler.handle(InvocationNotifierHandler.java:38)
	at org.mockito.internal.creation.cglib.MethodInterceptorFilter.intercept(MethodInterceptorFilter.java:59)
	at io.nflow.engine.listener.WorkflowExecutorListener$$EnhancerByMockitoWithCGLIB$$7d8338d.process(<generated>)
	at io.nflow.engine.internal.executor.WorkflowStateProcessor$ExecutorListenerChain.next(WorkflowStateProcessor.java:281)
	at io.nflow.engine.internal.executor.WorkflowStateProcessor.processWithListeners(WorkflowStateProcessor.java:263)
	at io.nflow.engine.internal.executor.WorkflowStateProcessor.runImpl(WorkflowStateProcessor.java:132)
	at io.nflow.engine.internal.executor.WorkflowStateProcessor.run(WorkflowStateProcessor.java:97)
	at io.nflow.engine.internal.executor.WorkflowStateProcessorTest.continueProcessingWhenAfterFailureListenerThrowsException(WorkflowStateProcessorTest.java:490)
	at sun.reflect.NativeMethodAccessorImpl.invoke0(Native Method)
	at sun.reflect.NativeMethodAccessorImpl.invoke(NativeMethodAccessorImpl.java:62)
	at sun.reflect.DelegatingMethodAccessorImpl.invoke(DelegatingMethodAccessorImpl.java:43)
	at java.lang.reflect.Method.invoke(Method.java:483)
	at org.junit.runners.model.FrameworkMethod$1.runReflectiveCall(FrameworkMethod.java:50)
	at org.junit.internal.runners.model.ReflectiveCallable.run(ReflectiveCallable.java:12)
	at org.junit.runners.model.FrameworkMethod.invokeExplosively(FrameworkMethod.java:47)
	at org.junit.internal.runners.statements.InvokeMethod.evaluate(InvokeMethod.java:17)
	at org.junit.internal.runners.statements.RunBefores.evaluate(RunBefores.java:26)
	at org.junit.internal.runners.statements.RunAfters.evaluate(RunAfters.java:27)
	at org.junit.internal.runners.statements.FailOnTimeout$CallableStatement.call(FailOnTimeout.java:298)
	at org.junit.internal.runners.statements.FailOnTimeout$CallableStatement.call(FailOnTimeout.java:292)
	at java.util.concurrent.FutureTask.run(FutureTask.java:266)
	at java.lang.Thread.run(Thread.java:745)
23.01.2022 06:11:37 ERROR [Time-limited test] xecutor.WorkflowStateProcessor - [user:] Error in io.nflow.engine.listener.WorkflowExecutorListener$$EnhancerByMockitoWithCGLIB$$7d8338d.afterFailure (null)
java.lang.RuntimeException: null
23.01.2022 06:11:37 INFO  [Time-limited test] xecutor.WorkflowStateProcessor - [user:] Did not woke up parent workflow instance 999
23.01.2022 06:11:37 ERROR [Time-limited test] xecutor.WorkflowStateProcessor - [user:] State 'processReturnNull' handler method returned null, proceeding to error state 'error'
23.01.2022 06:11:37 WARN  [Time-limited test] xecutor.WorkflowStateProcessor - [user:] State transition from 'illegalStateChange' to 'start' is not allowed by workflow definition.
Executing error state
>>>>>>>>>>>>>>>>>>>
nflow-engine/target/surefire-reports/io.nflow.engine.internal.executor.WorkflowStateProcessorTest.txt
<<<<<<<<<<<<<<<<<<<<<
-------------------------------------------------------------------------------
Test set: io.nflow.engine.internal.executor.WorkflowStateProcessorTest
-------------------------------------------------------------------------------
Tests run: 35, Failures: 0, Errors: 0, Skipped: 0, Time elapsed: 2.079 sec - in io.nflow.engine.internal.executor.WorkflowStateProcessorTest
>>>>>>>>>>>>>>>>>>>
nflow-engine/target/surefire-reports/io.nflow.engine.internal.storage.db.DatabaseInitializerTest-output.txt
<<<<<<<<<<<<<<<<<<<<<
23.01.2022 06:11:37 INFO  [main] storage.db.DatabaseInitializer - [user:] Creating database populator using script 'scripts/db/fails.create.ddl.sql'
23.01.2022 06:11:37 ERROR [main] h2database                     - [user:] jdbc[3] exception
org.h2.jdbc.JdbcSQLException: Table "FOO" already exists; SQL statement:
create table foo [42101-192]
	at org.h2.message.DbException.getJdbcSQLException(DbException.java:345)
	at org.h2.message.DbException.get(DbException.java:179)
	at org.h2.message.DbException.get(DbException.java:155)
	at org.h2.command.ddl.CreateTable.update(CreateTable.java:115)
	at org.h2.command.CommandContainer.update(CommandContainer.java:98)
	at org.h2.command.Command.executeUpdate(Command.java:258)
	at org.h2.jdbc.JdbcStatement.executeInternal(JdbcStatement.java:184)
	at org.h2.jdbc.JdbcStatement.execute(JdbcStatement.java:158)
	at com.zaxxer.hikari.proxy.StatementProxy.execute(StatementProxy.java:83)
	at com.zaxxer.hikari.proxy.HikariStatementProxy.execute(HikariStatementProxy.java)
	at org.springframework.jdbc.datasource.init.ScriptUtils.executeSqlScript(ScriptUtils.java:473)
	at org.springframework.jdbc.datasource.init.ResourceDatabasePopulator.populate(ResourceDatabasePopulator.java:231)
	at org.springframework.jdbc.datasource.init.DatabasePopulatorUtils.execute(DatabasePopulatorUtils.java:48)
	at io.nflow.engine.internal.storage.db.DatabaseInitializer.populate(DatabaseInitializer.java:31)
	at io.nflow.engine.internal.storage.db.DatabaseInitializer.<init>(DatabaseInitializer.java:26)
	at io.nflow.engine.internal.storage.db.DatabaseInitializerTest.databaseCreationDoesNotThrowExceptionWhenDatabaseIsAlreadyCreated(DatabaseInitializerTest.java:41)
	at sun.reflect.NativeMethodAccessorImpl.invoke0(Native Method)
	at sun.reflect.NativeMethodAccessorImpl.invoke(NativeMethodAccessorImpl.java:62)
	at sun.reflect.DelegatingMethodAccessorImpl.invoke(DelegatingMethodAccessorImpl.java:43)
	at java.lang.reflect.Method.invoke(Method.java:483)
	at org.junit.runners.model.FrameworkMethod$1.runReflectiveCall(FrameworkMethod.java:50)
	at org.junit.internal.runners.model.ReflectiveCallable.run(ReflectiveCallable.java:12)
	at org.junit.runners.model.FrameworkMethod.invokeExplosively(FrameworkMethod.java:47)
	at org.junit.internal.runners.statements.InvokeMethod.evaluate(InvokeMethod.java:17)
	at org.springframework.test.context.junit4.statements.RunBeforeTestMethodCallbacks.evaluate(RunBeforeTestMethodCallbacks.java:75)
	at org.springframework.test.context.junit4.statements.RunAfterTestMethodCallbacks.evaluate(RunAfterTestMethodCallbacks.java:86)
	at org.junit.rules.ExpectedException$ExpectedExceptionStatement.evaluate(ExpectedException.java:239)
	at org.junit.rules.RunRules.evaluate(RunRules.java:20)
	at org.springframework.test.context.junit4.statements.SpringRepeat.evaluate(SpringRepeat.java:84)
	at org.junit.runners.ParentRunner.runLeaf(ParentRunner.java:325)
	at org.springframework.test.context.junit4.SpringJUnit4ClassRunner.runChild(SpringJUnit4ClassRunner.java:252)
	at org.springframework.test.context.junit4.SpringJUnit4ClassRunner.runChild(SpringJUnit4ClassRunner.java:94)
	at org.junit.runners.ParentRunner$3.run(ParentRunner.java:290)
	at org.junit.runners.ParentRunner$1.schedule(ParentRunner.java:71)
	at org.junit.runners.ParentRunner.runChildren(ParentRunner.java:288)
	at org.junit.runners.ParentRunner.access$000(ParentRunner.java:58)
	at org.junit.runners.ParentRunner$2.evaluate(ParentRunner.java:268)
	at org.springframework.test.context.junit4.statements.RunBeforeTestClassCallbacks.evaluate(RunBeforeTestClassCallbacks.java:61)
	at org.springframework.test.context.junit4.statements.RunAfterTestClassCallbacks.evaluate(RunAfterTestClassCallbacks.java:70)
	at org.junit.runners.ParentRunner.run(ParentRunner.java:363)
	at org.springframework.test.context.junit4.SpringJUnit4ClassRunner.run(SpringJUnit4ClassRunner.java:191)
	at org.apache.maven.surefire.junit4.JUnit4Provider.execute(JUnit4Provider.java:367)
	at org.apache.maven.surefire.junit4.JUnit4Provider.executeWithRerun(JUnit4Provider.java:274)
	at org.apache.maven.surefire.junit4.JUnit4Provider.executeTestSet(JUnit4Provider.java:238)
	at org.apache.maven.surefire.junit4.JUnit4Provider.invoke(JUnit4Provider.java:161)
	at org.apache.maven.surefire.booter.ForkedBooter.invokeProviderInSameClassLoader(ForkedBooter.java:290)
	at org.apache.maven.surefire.booter.ForkedBooter.runSuitesInProcess(ForkedBooter.java:242)
	at org.apache.maven.surefire.booter.ForkedBooter.main(ForkedBooter.java:121)
23.01.2022 06:11:37 WARN  [main] storage.db.DatabaseInitializer - [user:] Failed to create the database, possibly already created: Failed to execute SQL script statement #2 of class path resource [scripts/db/fails.create.ddl.sql]: create table foo; nested exception is org.h2.jdbc.JdbcSQLException: Table "FOO" already exists; SQL statement:
create table foo [42101-192]
>>>>>>>>>>>>>>>>>>>
nflow-engine/target/surefire-reports/io.nflow.engine.internal.storage.db.DatabaseInitializerTest.txt
<<<<<<<<<<<<<<<<<<<<<
-------------------------------------------------------------------------------
Test set: io.nflow.engine.internal.storage.db.DatabaseInitializerTest
-------------------------------------------------------------------------------
Tests run: 3, Failures: 0, Errors: 0, Skipped: 0, Time elapsed: 0.144 sec - in io.nflow.engine.internal.storage.db.DatabaseInitializerTest
>>>>>>>>>>>>>>>>>>>
nflow-engine/target/surefire-reports/io.nflow.engine.internal.util.PeriodicLoggerTest.txt
<<<<<<<<<<<<<<<<<<<<<
-------------------------------------------------------------------------------
Test set: io.nflow.engine.internal.util.PeriodicLoggerTest
-------------------------------------------------------------------------------
Tests run: 3, Failures: 0, Errors: 0, Skipped: 0, Time elapsed: 0.016 sec - in io.nflow.engine.internal.util.PeriodicLoggerTest
>>>>>>>>>>>>>>>>>>>
nflow-engine/target/surefire-reports/io.nflow.engine.internal.workflow.StateExecutionImplTest-output.txt
<<<<<<<<<<<<<<<<<<<<<
23.01.2022 06:11:37 WARN  [main] al.workflow.StateExecutionImpl - [user:] wakeUpParentWorkflow called on non-child workflow
>>>>>>>>>>>>>>>>>>>
nflow-engine/target/surefire-reports/io.nflow.engine.internal.workflow.StateExecutionImplTest.txt
<<<<<<<<<<<<<<<<<<<<<
-------------------------------------------------------------------------------
Test set: io.nflow.engine.internal.workflow.StateExecutionImplTest
-------------------------------------------------------------------------------
Tests run: 16, Failures: 0, Errors: 0, Skipped: 0, Time elapsed: 0.171 sec - in io.nflow.engine.internal.workflow.StateExecutionImplTest
>>>>>>>>>>>>>>>>>>>
nflow-engine/target/surefire-reports/io.nflow.engine.internal.workflow.WorkflowDefinitionScannerTest.txt
<<<<<<<<<<<<<<<<<<<<<
-------------------------------------------------------------------------------
Test set: io.nflow.engine.internal.workflow.WorkflowDefinitionScannerTest
-------------------------------------------------------------------------------
Tests run: 7, Failures: 0, Errors: 0, Skipped: 0, Time elapsed: 0.252 sec - in io.nflow.engine.internal.workflow.WorkflowDefinitionScannerTest
>>>>>>>>>>>>>>>>>>>
nflow-engine/target/surefire-reports/io.nflow.engine.service.ArchiveServiceTest-output.txt
<<<<<<<<<<<<<<<<<<<<<
23.01.2022 06:11:37 INFO  [main] .engine.service.ArchiveService - [user:] Archiving starting. Archiving passive workflows older than 2015-07-10T19:57:00.000Z, in batches of 10.
23.01.2022 06:11:37 INFO  [main] .engine.service.ArchiveService - [user:] Archived 10 workflows. Archiving about 1.0E7 workflows / second.
23.01.2022 06:11:37 INFO  [main] .engine.service.ArchiveService - [user:] Archiving finished. Archived 30 workflows in 0 seconds.
23.01.2022 06:11:37 INFO  [main] .engine.service.ArchiveService - [user:] Archiving starting. Archiving passive workflows older than 2015-07-10T19:57:00.000Z, in batches of 10.
23.01.2022 06:11:37 INFO  [main] .engine.service.ArchiveService - [user:] Archiving finished. Archived 0 workflows in 0 seconds.
>>>>>>>>>>>>>>>>>>>
nflow-engine/target/surefire-reports/io.nflow.engine.service.ArchiveServiceTest.txt
<<<<<<<<<<<<<<<<<<<<<
-------------------------------------------------------------------------------
Test set: io.nflow.engine.service.ArchiveServiceTest
-------------------------------------------------------------------------------
Tests run: 3, Failures: 0, Errors: 0, Skipped: 0, Time elapsed: 0.012 sec - in io.nflow.engine.service.ArchiveServiceTest
>>>>>>>>>>>>>>>>>>>
nflow-engine/target/surefire-reports/io.nflow.engine.service.HealthCheckServiceTest.txt
<<<<<<<<<<<<<<<<<<<<<
-------------------------------------------------------------------------------
Test set: io.nflow.engine.service.HealthCheckServiceTest
-------------------------------------------------------------------------------
Tests run: 1, Failures: 0, Errors: 0, Skipped: 0, Time elapsed: 0.001 sec - in io.nflow.engine.service.HealthCheckServiceTest
>>>>>>>>>>>>>>>>>>>
nflow-engine/target/surefire-reports/io.nflow.engine.service.StatisticsServiceTest.txt
<<<<<<<<<<<<<<<<<<<<<
-------------------------------------------------------------------------------
Test set: io.nflow.engine.service.StatisticsServiceTest
-------------------------------------------------------------------------------
Tests run: 2, Failures: 0, Errors: 0, Skipped: 0, Time elapsed: 0.003 sec - in io.nflow.engine.service.StatisticsServiceTest
>>>>>>>>>>>>>>>>>>>
nflow-engine/target/surefire-reports/io.nflow.engine.service.WorkflowDefinitionServiceTest-output.txt
<<<<<<<<<<<<<<<<<<<<<
23.01.2022 06:11:37 INFO  [main] vice.WorkflowDefinitionService - [user:] Preparing workflow io.nflow.engine.service.DummyTestWorkflow
23.01.2022 06:11:37 INFO  [main] vice.WorkflowDefinitionService - [user:] Added workflow type: dummy (io.nflow.engine.service.DummyTestWorkflow)
23.01.2022 06:11:37 INFO  [main] vice.WorkflowDefinitionService - [user:] Preparing workflow io.nflow.engine.service.DummyTestWorkflow
23.01.2022 06:11:37 INFO  [main] vice.WorkflowDefinitionService - [user:] Preparing workflow io.nflow.engine.service.DummyTestWorkflow
23.01.2022 06:11:37 INFO  [main] vice.WorkflowDefinitionService - [user:] Added workflow type: dummy (io.nflow.engine.service.DummyTestWorkflow)
23.01.2022 06:11:37 INFO  [main] vice.WorkflowDefinitionService - [user:] No non-Spring workflow definitions
23.01.2022 06:11:37 INFO  [main] vice.WorkflowDefinitionService - [user:] Preparing workflow io.nflow.engine.service.DummyTestWorkflow
23.01.2022 06:11:37 INFO  [main] vice.WorkflowDefinitionService - [user:] Added workflow type: dummy (io.nflow.engine.service.DummyTestWorkflow)
23.01.2022 06:11:37 INFO  [main] vice.WorkflowDefinitionService - [user:] Preparing workflow io.nflow.engine.service.DummyTestWorkflow
23.01.2022 06:11:37 INFO  [main] vice.WorkflowDefinitionService - [user:] Added workflow type: dummy (io.nflow.engine.service.DummyTestWorkflow)
23.01.2022 06:11:37 INFO  [main] vice.WorkflowDefinitionService - [user:] Preparing workflow io.nflow.engine.service.DummyTestWorkflow
23.01.2022 06:11:37 INFO  [main] vice.WorkflowDefinitionService - [user:] Added workflow type: dummy (io.nflow.engine.service.DummyTestWorkflow)
>>>>>>>>>>>>>>>>>>>
nflow-engine/target/surefire-reports/io.nflow.engine.service.WorkflowDefinitionServiceTest.txt
<<<<<<<<<<<<<<<<<<<<<
-------------------------------------------------------------------------------
Test set: io.nflow.engine.service.WorkflowDefinitionServiceTest
-------------------------------------------------------------------------------
Tests run: 5, Failures: 0, Errors: 0, Skipped: 0, Time elapsed: 0.014 sec - in io.nflow.engine.service.WorkflowDefinitionServiceTest
>>>>>>>>>>>>>>>>>>>
nflow-engine/target/surefire-reports/io.nflow.engine.service.WorkflowDefinitionServiceWithSpringTest-output.txt
<<<<<<<<<<<<<<<<<<<<<
23.01.2022 06:11:38 INFO  [main] vice.WorkflowDefinitionService - [user:] Added workflow type: springdummy (io.nflow.engine.service.SpringDummyTestWorkflow)
23.01.2022 06:11:38 INFO  [main] vice.WorkflowDefinitionService - [user:] No non-Spring workflow definitions
>>>>>>>>>>>>>>>>>>>
nflow-engine/target/surefire-reports/io.nflow.engine.service.WorkflowDefinitionServiceWithSpringTest.txt
<<<<<<<<<<<<<<<<<<<<<
-------------------------------------------------------------------------------
Test set: io.nflow.engine.service.WorkflowDefinitionServiceWithSpringTest
-------------------------------------------------------------------------------
Tests run: 1, Failures: 0, Errors: 0, Skipped: 0, Time elapsed: 0.299 sec - in io.nflow.engine.service.WorkflowDefinitionServiceWithSpringTest
>>>>>>>>>>>>>>>>>>>
nflow-engine/target/surefire-reports/io.nflow.engine.service.WorkflowExecutorServiceTest.txt
<<<<<<<<<<<<<<<<<<<<<
-------------------------------------------------------------------------------
Test set: io.nflow.engine.service.WorkflowExecutorServiceTest
-------------------------------------------------------------------------------
Tests run: 1, Failures: 0, Errors: 0, Skipped: 0, Time elapsed: 0.003 sec - in io.nflow.engine.service.WorkflowExecutorServiceTest
>>>>>>>>>>>>>>>>>>>
nflow-engine/target/surefire-reports/io.nflow.engine.service.WorkflowInstanceServiceTest.txt
<<<<<<<<<<<<<<<<<<<<<
-------------------------------------------------------------------------------
Test set: io.nflow.engine.service.WorkflowInstanceServiceTest
-------------------------------------------------------------------------------
Tests run: 9, Failures: 0, Errors: 0, Skipped: 0, Time elapsed: 0.014 sec - in io.nflow.engine.service.WorkflowInstanceServiceTest
>>>>>>>>>>>>>>>>>>>
nflow-engine/target/surefire-reports/io.nflow.engine.workflow.definition.AbstractWorkflowDefinitionTest.txt
<<<<<<<<<<<<<<<<<<<<<
-------------------------------------------------------------------------------
Test set: io.nflow.engine.workflow.definition.AbstractWorkflowDefinitionTest
-------------------------------------------------------------------------------
Tests run: 10, Failures: 0, Errors: 0, Skipped: 0, Time elapsed: 0.098 sec - in io.nflow.engine.workflow.definition.AbstractWorkflowDefinitionTest
>>>>>>>>>>>>>>>>>>>
nflow-engine/target/surefire-reports/io.nflow.engine.workflow.definition.MutableTest.txt
<<<<<<<<<<<<<<<<<<<<<
-------------------------------------------------------------------------------
Test set: io.nflow.engine.workflow.definition.MutableTest
-------------------------------------------------------------------------------
Tests run: 3, Failures: 0, Errors: 0, Skipped: 0, Time elapsed: 0 sec - in io.nflow.engine.workflow.definition.MutableTest
>>>>>>>>>>>>>>>>>>>
nflow-engine/target/surefire-reports/io.nflow.engine.workflow.definition.NextActionTest.txt
<<<<<<<<<<<<<<<<<<<<<
-------------------------------------------------------------------------------
Test set: io.nflow.engine.workflow.definition.NextActionTest
-------------------------------------------------------------------------------
Tests run: 6, Failures: 0, Errors: 0, Skipped: 0, Time elapsed: 0.012 sec - in io.nflow.engine.workflow.definition.NextActionTest
>>>>>>>>>>>>>>>>>>>
nflow-engine/target/surefire-reports/io.nflow.engine.workflow.definition.WorkflowDefinitionTest.txt
<<<<<<<<<<<<<<<<<<<<<
-------------------------------------------------------------------------------
Test set: io.nflow.engine.workflow.definition.WorkflowDefinitionTest
-------------------------------------------------------------------------------
Tests run: 13, Failures: 0, Errors: 0, Skipped: 0, Time elapsed: 0.067 sec - in io.nflow.engine.workflow.definition.WorkflowDefinitionTest
>>>>>>>>>>>>>>>>>>>
nflow-engine/target/surefire-reports/io.nflow.engine.workflow.definition.WorkflowSettingsTest.txt
<<<<<<<<<<<<<<<<<<<<<
-------------------------------------------------------------------------------
Test set: io.nflow.engine.workflow.definition.WorkflowSettingsTest
-------------------------------------------------------------------------------
Tests run: 5, Failures: 0, Errors: 0, Skipped: 0, Time elapsed: 0.002 sec - in io.nflow.engine.workflow.definition.WorkflowSettingsTest
>>>>>>>>>>>>>>>>>>>
nflow-engine/target/surefire-reports/io.nflow.engine.workflow.definition.WorkflowStateTypeTest.txt
<<<<<<<<<<<<<<<<<<<<<
-------------------------------------------------------------------------------
Test set: io.nflow.engine.workflow.definition.WorkflowStateTypeTest
-------------------------------------------------------------------------------
Tests run: 4, Failures: 0, Errors: 0, Skipped: 0, Time elapsed: 0 sec - in io.nflow.engine.workflow.definition.WorkflowStateTypeTest
>>>>>>>>>>>>>>>>>>>
nflow-engine/target/surefire-reports/io.nflow.engine.workflow.instance.WorkflowInstanceFactoryTest.txt
<<<<<<<<<<<<<<<<<<<<<
-------------------------------------------------------------------------------
Test set: io.nflow.engine.workflow.instance.WorkflowInstanceFactoryTest
-------------------------------------------------------------------------------
Tests run: 1, Failures: 0, Errors: 0, Skipped: 0, Time elapsed: 0 sec - in io.nflow.engine.workflow.instance.WorkflowInstanceFactoryTest
>>>>>>>>>>>>>>>>>>>
nflow-engine/target/surefire-reports/io.nflow.engine.workflow.instance.WorkflowInstanceTest.txt
<<<<<<<<<<<<<<<<<<<<<
-------------------------------------------------------------------------------
Test set: io.nflow.engine.workflow.instance.WorkflowInstanceTest
-------------------------------------------------------------------------------
Tests run: 5, Failures: 0, Errors: 0, Skipped: 0, Time elapsed: 0 sec - in io.nflow.engine.workflow.instance.WorkflowInstanceTest
>>>>>>>>>>>>>>>>>>>
nflow-engine/target/surefire-reports/io.nflow.engine.workflow.WorkflowInstancePreProcessorTest.txt
<<<<<<<<<<<<<<<<<<<<<
-------------------------------------------------------------------------------
Test set: io.nflow.engine.workflow.WorkflowInstancePreProcessorTest
-------------------------------------------------------------------------------
Tests run: 5, Failures: 0, Errors: 0, Skipped: 0, Time elapsed: 0.001 sec - in io.nflow.engine.workflow.WorkflowInstancePreProcessorTest

travis_time:end:22dd069f:start=1642918438929994934,finish=1642918439195567580,duration=265572646[0Ktravis_fold:end:after_script[0K
Done. Your build exited with 1.
