travis_fold:start:system_info[0K[33;1mBuild system information[0m
Build language: java
Build group: stable
Build dist: precise
Build id: ''
Job id: ''
[34m[1mBuild image provisioning date and time[0m
Thu Feb  5 15:09:33 UTC 2015
[34m[1mOperating System Details[0m
Distributor ID:	Ubuntu
Description:	Ubuntu 12.04.5 LTS
Release:	12.04
Codename:	precise
[34m[1mLinux Version[0m
3.13.0-29-generic
[34m[1mCookbooks Version[0m
a68419e https://github.com/travis-ci/travis-cookbooks/tree/a68419e
[34m[1mGCC version[0m
gcc (Ubuntu/Linaro 4.6.3-1ubuntu5) 4.6.3
Copyright (C) 2011 Free Software Foundation, Inc.
This is free software; see the source for copying conditions.  There is NO
warranty; not even for MERCHANTABILITY or FITNESS FOR A PARTICULAR PURPOSE.

[34m[1mLLVM version[0m
clang version 3.4 (tags/RELEASE_34/final)
Target: x86_64-unknown-linux-gnu
Thread model: posix
[34m[1mPre-installed Ruby versions[0m
ruby-1.9.3-p551
[34m[1mPre-installed Node.js versions[0m
v0.10.36
[34m[1mPre-installed Go versions[0m
1.4.1
[34m[1mRedis version[0m
redis-server 2.8.19
[34m[1mriak version[0m
2.0.2
[34m[1mMongoDB version[0m
MongoDB 2.4.12
[34m[1mCouchDB version[0m
couchdb 1.6.1
[34m[1mNeo4j version[0m
1.9.4
[34m[1mRabbitMQ Version[0m
3.4.3
[34m[1mElasticSearch version[0m
1.4.0
[34m[1mInstalled Sphinx versions[0m
2.0.10
2.1.9
2.2.6
[34m[1mDefault Sphinx version[0m
2.2.6
[34m[1mInstalled Firefox version[0m
firefox 31.0esr
[34m[1mPhantomJS version[0m
1.9.8
[34m[1mant -version[0m
Apache Ant(TM) version 1.8.2 compiled on December 3 2011
[34m[1mmvn -version[0m
Apache Maven 3.2.5 (12a6b3acb947671f09b81f49094c53f426d8cea1; 2014-12-14T17:29:23+00:00)
Maven home: /usr/local/maven
Java version: 1.7.0_76, vendor: Oracle Corporation
Java home: /usr/lib/jvm/java-7-oracle/jre
Default locale: en_US, platform encoding: ANSI_X3.4-1968
OS name: "linux", version: "3.13.0-29-generic", arch: "amd64", family: "unix"
travis_fold:end:system_info[0K
W: Failed to fetch http://security.ubuntu.com/ubuntu/dists/precise-security/main/source/Sources  404  Not Found [IP: 91.189.91.38 80]

W: Failed to fetch http://security.ubuntu.com/ubuntu/dists/precise-security/restricted/source/Sources  404  Not Found [IP: 91.189.91.38 80]

W: Failed to fetch http://security.ubuntu.com/ubuntu/dists/precise-security/universe/source/Sources  404  Not Found [IP: 91.189.91.38 80]

W: Failed to fetch http://security.ubuntu.com/ubuntu/dists/precise-security/multiverse/source/Sources  404  Not Found [IP: 91.189.91.38 80]

W: Failed to fetch http://security.ubuntu.com/ubuntu/dists/precise-security/main/binary-amd64/Packages  404  Not Found [IP: 91.189.91.38 80]

W: Failed to fetch http://security.ubuntu.com/ubuntu/dists/precise-security/restricted/binary-amd64/Packages  404  Not Found [IP: 91.189.91.38 80]

W: Failed to fetch http://security.ubuntu.com/ubuntu/dists/precise-security/universe/binary-amd64/Packages  404  Not Found [IP: 91.189.91.38 80]

W: Failed to fetch http://security.ubuntu.com/ubuntu/dists/precise-security/multiverse/binary-amd64/Packages  404  Not Found [IP: 91.189.91.38 80]

W: Failed to fetch http://security.ubuntu.com/ubuntu/dists/precise-security/main/binary-i386/Packages  404  Not Found [IP: 91.189.91.38 80]

W: Failed to fetch http://security.ubuntu.com/ubuntu/dists/precise-security/restricted/binary-i386/Packages  404  Not Found [IP: 91.189.91.38 80]

W: Failed to fetch http://security.ubuntu.com/ubuntu/dists/precise-security/universe/binary-i386/Packages  404  Not Found [IP: 91.189.91.38 80]

W: Failed to fetch http://security.ubuntu.com/ubuntu/dists/precise-security/multiverse/binary-i386/Packages  404  Not Found [IP: 91.189.91.38 80]

W: Failed to fetch http://us.archive.ubuntu.com/ubuntu/dists/precise/main/source/Sources  404  Not Found [IP: 91.189.91.38 80]

W: Failed to fetch http://us.archive.ubuntu.com/ubuntu/dists/precise/restricted/source/Sources  404  Not Found [IP: 91.189.91.38 80]

W: Failed to fetch http://us.archive.ubuntu.com/ubuntu/dists/precise/universe/source/Sources  404  Not Found [IP: 91.189.91.38 80]

W: Failed to fetch http://us.archive.ubuntu.com/ubuntu/dists/precise/multiverse/source/Sources  404  Not Found [IP: 91.189.91.38 80]

W: Failed to fetch http://us.archive.ubuntu.com/ubuntu/dists/precise/main/binary-amd64/Packages  404  Not Found [IP: 91.189.91.38 80]

W: Failed to fetch http://us.archive.ubuntu.com/ubuntu/dists/precise/restricted/binary-amd64/Packages  404  Not Found [IP: 91.189.91.38 80]

W: Failed to fetch http://us.archive.ubuntu.com/ubuntu/dists/precise/universe/binary-amd64/Packages  404  Not Found [IP: 91.189.91.38 80]

W: Failed to fetch http://us.archive.ubuntu.com/ubuntu/dists/precise/multiverse/binary-amd64/Packages  404  Not Found [IP: 91.189.91.38 80]

W: Failed to fetch http://us.archive.ubuntu.com/ubuntu/dists/precise/main/binary-i386/Packages  404  Not Found [IP: 91.189.91.38 80]

W: Failed to fetch http://us.archive.ubuntu.com/ubuntu/dists/precise/restricted/binary-i386/Packages  404  Not Found [IP: 91.189.91.38 80]

W: Failed to fetch http://us.archive.ubuntu.com/ubuntu/dists/precise/universe/binary-i386/Packages  404  Not Found [IP: 91.189.91.38 80]

W: Failed to fetch http://us.archive.ubuntu.com/ubuntu/dists/precise/multiverse/binary-i386/Packages  404  Not Found [IP: 91.189.91.38 80]

W: Failed to fetch http://us.archive.ubuntu.com/ubuntu/dists/precise-updates/main/source/Sources  404  Not Found [IP: 91.189.91.38 80]

W: Failed to fetch http://us.archive.ubuntu.com/ubuntu/dists/precise-updates/restricted/source/Sources  404  Not Found [IP: 91.189.91.38 80]

W: Failed to fetch http://us.archive.ubuntu.com/ubuntu/dists/precise-updates/universe/source/Sources  404  Not Found [IP: 91.189.91.38 80]

W: Failed to fetch http://us.archive.ubuntu.com/ubuntu/dists/precise-updates/multiverse/source/Sources  404  Not Found [IP: 91.189.91.38 80]

W: Failed to fetch http://us.archive.ubuntu.com/ubuntu/dists/precise-updates/main/binary-amd64/Packages  404  Not Found [IP: 91.189.91.38 80]

W: Failed to fetch http://us.archive.ubuntu.com/ubuntu/dists/precise-updates/restricted/binary-amd64/Packages  404  Not Found [IP: 91.189.91.38 80]

W: Failed to fetch http://us.archive.ubuntu.com/ubuntu/dists/precise-updates/universe/binary-amd64/Packages  404  Not Found [IP: 91.189.91.38 80]

W: Failed to fetch http://us.archive.ubuntu.com/ubuntu/dists/precise-updates/multiverse/binary-amd64/Packages  404  Not Found [IP: 91.189.91.38 80]

W: Failed to fetch http://us.archive.ubuntu.com/ubuntu/dists/precise-updates/main/binary-i386/Packages  404  Not Found [IP: 91.189.91.38 80]

W: Failed to fetch http://us.archive.ubuntu.com/ubuntu/dists/precise-updates/restricted/binary-i386/Packages  404  Not Found [IP: 91.189.91.38 80]

W: Failed to fetch http://us.archive.ubuntu.com/ubuntu/dists/precise-updates/universe/binary-i386/Packages  404  Not Found [IP: 91.189.91.38 80]

W: Failed to fetch http://us.archive.ubuntu.com/ubuntu/dists/precise-updates/multiverse/binary-i386/Packages  404  Not Found [IP: 91.189.91.38 80]

W: Failed to fetch http://us.archive.ubuntu.com/ubuntu/dists/precise-backports/main/source/Sources  404  Not Found [IP: 91.189.91.38 80]

W: Failed to fetch http://us.archive.ubuntu.com/ubuntu/dists/precise-backports/restricted/source/Sources  404  Not Found [IP: 91.189.91.38 80]

W: Failed to fetch http://us.archive.ubuntu.com/ubuntu/dists/precise-backports/universe/source/Sources  404  Not Found [IP: 91.189.91.38 80]

W: Failed to fetch http://us.archive.ubuntu.com/ubuntu/dists/precise-backports/multiverse/source/Sources  404  Not Found [IP: 91.189.91.38 80]

W: Failed to fetch http://us.archive.ubuntu.com/ubuntu/dists/precise-backports/main/binary-amd64/Packages  404  Not Found [IP: 91.189.91.38 80]

W: Failed to fetch http://us.archive.ubuntu.com/ubuntu/dists/precise-backports/restricted/binary-amd64/Packages  404  Not Found [IP: 91.189.91.38 80]

W: Failed to fetch http://us.archive.ubuntu.com/ubuntu/dists/precise-backports/universe/binary-amd64/Packages  404  Not Found [IP: 91.189.91.38 80]

W: Failed to fetch http://us.archive.ubuntu.com/ubuntu/dists/precise-backports/multiverse/binary-amd64/Packages  404  Not Found [IP: 91.189.91.38 80]

W: Failed to fetch http://us.archive.ubuntu.com/ubuntu/dists/precise-backports/main/binary-i386/Packages  404  Not Found [IP: 91.189.91.38 80]

W: Failed to fetch http://us.archive.ubuntu.com/ubuntu/dists/precise-backports/restricted/binary-i386/Packages  404  Not Found [IP: 91.189.91.38 80]

W: Failed to fetch http://us.archive.ubuntu.com/ubuntu/dists/precise-backports/universe/binary-i386/Packages  404  Not Found [IP: 91.189.91.38 80]

W: Failed to fetch http://us.archive.ubuntu.com/ubuntu/dists/precise-backports/multiverse/binary-i386/Packages  404  Not Found [IP: 91.189.91.38 80]

W: Failed to fetch http://apt.postgresql.org/pub/repos/apt/dists/precise-pgdg/main/binary-amd64/Packages  404  Not Found [IP: 217.196.149.55 80]

W: Failed to fetch http://apt.postgresql.org/pub/repos/apt/dists/precise-pgdg/main/binary-i386/Packages  404  Not Found [IP: 217.196.149.55 80]

W: Failed to fetch http://ppa.launchpad.net/rwky/ppa/ubuntu/dists/precise/main/binary-amd64/Packages  403  Forbidden

W: Failed to fetch http://ppa.launchpad.net/rwky/ppa/ubuntu/dists/precise/main/binary-i386/Packages  403  Forbidden

W: Failed to fetch http://ppa.launchpad.net/travis-ci/zero-mq/ubuntu/dists/precise/main/binary-amd64/Packages  403  Forbidden

W: Failed to fetch http://ppa.launchpad.net/travis-ci/zero-mq/ubuntu/dists/precise/main/binary-i386/Packages  403  Forbidden

W: Failed to fetch http://downloads-distro.mongodb.org/repo/debian-sysvinit/dists/dist/10gen/binary-amd64/Packages  Undetermined Error [IP: 54.175.147.155 80]

W: Failed to fetch http://downloads-distro.mongodb.org/repo/debian-sysvinit/dists/dist/10gen/binary-i386/Packages  Undetermined Error [IP: 54.175.147.155 80]

E: Some index files failed to download. They have been ignored, or old ones used instead.
sed: cannot rename /etc/hosts: Device or resource busy
sed: cannot rename /etc/hosts: Device or resource busy
$ jdk_switcher use oraclejdk8
Switching to Oracle JDK8 (java-8-oracle), JAVA_HOME will be set to /usr/lib/jvm/java-8-oracle
$ cd failed/openpnp/openpnp

[33;1mSetting environment variables from .travis.yml[0m
$ export INSTALL4J_LICENSE_KEY=[secure]

$ java -Xmx32m -version
java version "1.8.0_31"
Java(TM) SE Runtime Environment (build 1.8.0_31-b13)
Java HotSpot(TM) 64-Bit Server VM (build 25.31-b07, mixed mode)
$ javac -J-Xmx32m -version
javac 1.8.0_31
travis_fold:start:install[0Ktravis_time:start:08e82e58[0K$ mvn -o install -Dhttps.protocols=TLSv1.2 -Dhttps.protocols=TLSv1.2 -DskipTests=true -Dmaven.javadoc.skip=true -B -V
Java HotSpot(TM) 64-Bit Server VM warning: ignoring option MaxPermSize=192m; support was removed in 8.0
Apache Maven 3.2.5 (12a6b3acb947671f09b81f49094c53f426d8cea1; 2014-12-14T17:29:23+00:00)
Maven home: /usr/local/maven
Java version: 1.8.0_31, vendor: Oracle Corporation
Java home: /usr/lib/jvm/java-8-oracle/jre
Default locale: en_US, platform encoding: UTF-8
OS name: "linux", version: "4.15.0-109-generic", arch: "amd64", family: "unix"
[INFO] Scanning for projects...
[INFO]                                                                         
[INFO] ------------------------------------------------------------------------
[INFO] Building openpnp-gui 0.0.1-alpha-SNAPSHOT
[INFO] ------------------------------------------------------------------------
[INFO] 
[INFO] --- buildnumber-maven-plugin:1.3:create (default) @ openpnp-gui ---
[INFO] maven is executed in offline mode, Updating project files from SCM: skipped.
[INFO] ShortRevision tag detected. The value is '6'.
[INFO] Executing: /bin/sh -c cd /home/travis/build/failed/openpnp/openpnp && git rev-parse --verify --short=6 HEAD
[INFO] Working directory: /home/travis/build/failed/openpnp/openpnp
[INFO] Storing buildNumber: 26f9bd at timestamp: 1642959362067
[INFO] Storing buildScmBranch: develop
[INFO] 
[INFO] --- maven-resources-plugin:2.6:resources (default-resources) @ openpnp-gui ---
[INFO] Using 'UTF-8' encoding to copy filtered resources.
[INFO] Copying 52 resources
[INFO] 
[INFO] --- maven-compiler-plugin:3.1:compile (default-compile) @ openpnp-gui ---
[INFO] Nothing to compile - all classes are up to date
[INFO] 
[INFO] --- maven-resources-plugin:2.6:testResources (default-testResources) @ openpnp-gui ---
[INFO] Using 'UTF-8' encoding to copy filtered resources.
[INFO] Copying 6 resources
[INFO] 
[INFO] --- maven-compiler-plugin:3.1:testCompile (default-testCompile) @ openpnp-gui ---
[INFO] Nothing to compile - all classes are up to date
[INFO] 
[INFO] --- maven-surefire-plugin:2.12.4:test (default-test) @ openpnp-gui ---
[INFO] Tests are skipped.
[INFO] 
[INFO] --- maven-jar-plugin:2.5:jar (default-jar) @ openpnp-gui ---
[INFO] 
[INFO] --- maven-dependency-plugin:2.8:copy-dependencies (copy-dependencies) @ openpnp-gui ---
[INFO] Copying batik-svggen-1.7.jar to /home/travis/build/failed/openpnp/openpnp/target/lib/batik-svggen-1.7.jar
[INFO] Copying lti-civil-20070920-1721.jar to /home/travis/build/failed/openpnp/openpnp/target/lib/lti-civil-20070920-1721.jar
[INFO] Copying xmlgraphics-commons-1.2.jar to /home/travis/build/failed/openpnp/openpnp/target/lib/xmlgraphics-commons-1.2.jar
[INFO] Copying batik-gvt-1.7.jar to /home/travis/build/failed/openpnp/openpnp/target/lib/batik-gvt-1.7.jar
[INFO] Copying batik-util-1.7.jar to /home/travis/build/failed/openpnp/openpnp/target/lib/batik-util-1.7.jar
[INFO] Copying avalon-framework-impl-4.3.1.jar to /home/travis/build/failed/openpnp/openpnp/target/lib/avalon-framework-impl-4.3.1.jar
[INFO] Copying slf4j-api-1.6.4.jar to /home/travis/build/failed/openpnp/openpnp/target/lib/slf4j-api-1.6.4.jar
[INFO] Copying batik-parser-1.7.jar to /home/travis/build/failed/openpnp/openpnp/target/lib/batik-parser-1.7.jar
[INFO] Copying jgoodies-common-1.8.0.jar to /home/travis/build/failed/openpnp/openpnp/target/lib/jgoodies-common-1.8.0.jar
[INFO] Copying batik-script-1.7.jar to /home/travis/build/failed/openpnp/openpnp/target/lib/batik-script-1.7.jar
[INFO] Copying xml-apis-ext-1.3.04.jar to /home/travis/build/failed/openpnp/openpnp/target/lib/xml-apis-ext-1.3.04.jar
[INFO] Copying batik-bridge-1.7.jar to /home/travis/build/failed/openpnp/openpnp/target/lib/batik-bridge-1.7.jar
[INFO] Copying gson-2.2.3.jar to /home/travis/build/failed/openpnp/openpnp/target/lib/gson-2.2.3.jar
[INFO] Copying avalon-framework-api-4.3.1.jar to /home/travis/build/failed/openpnp/openpnp/target/lib/avalon-framework-api-4.3.1.jar
[INFO] Copying batik-svg-dom-1.7.jar to /home/travis/build/failed/openpnp/openpnp/target/lib/batik-svg-dom-1.7.jar
[INFO] Copying batik-js-1.7.jar to /home/travis/build/failed/openpnp/openpnp/target/lib/batik-js-1.7.jar
[INFO] Copying hamcrest-core-1.3.jar to /home/travis/build/failed/openpnp/openpnp/target/lib/hamcrest-core-1.3.jar
[INFO] Copying core-2.2.jar to /home/travis/build/failed/openpnp/openpnp/target/lib/core-2.2.jar
[INFO] Copying webcam-capture-0.3.10.jar to /home/travis/build/failed/openpnp/openpnp/target/lib/webcam-capture-0.3.10.jar
[INFO] Copying opencv-2.4.11-2.jar to /home/travis/build/failed/openpnp/openpnp/target/lib/opencv-2.4.11-2.jar
[INFO] Copying bridj-0.6.2.jar to /home/travis/build/failed/openpnp/openpnp/target/lib/bridj-0.6.2.jar
[INFO] Copying xpp3-1.1.3.3.jar to /home/travis/build/failed/openpnp/openpnp/target/lib/xpp3-1.1.3.3.jar
[INFO] Copying xml-apis-1.3.04.jar to /home/travis/build/failed/openpnp/openpnp/target/lib/xml-apis-1.3.04.jar
[INFO] Copying fop-0.94.jar to /home/travis/build/failed/openpnp/openpnp/target/lib/fop-0.94.jar
[INFO] Copying batik-dom-1.7.jar to /home/travis/build/failed/openpnp/openpnp/target/lib/batik-dom-1.7.jar
[INFO] Copying commons-codec-1.6.jar to /home/travis/build/failed/openpnp/openpnp/target/lib/commons-codec-1.6.jar
[INFO] Copying javase-2.2.jar to /home/travis/build/failed/openpnp/openpnp/target/lib/javase-2.2.jar
[INFO] Copying jssc-2.8.0.jar to /home/travis/build/failed/openpnp/openpnp/target/lib/jssc-2.8.0.jar
[INFO] Copying stax-1.2.0.jar to /home/travis/build/failed/openpnp/openpnp/target/lib/stax-1.2.0.jar
[INFO] Copying beansbinding-1.2.1.jar to /home/travis/build/failed/openpnp/openpnp/target/lib/beansbinding-1.2.1.jar
[INFO] Copying jgoodies-forms-1.8.0.jar to /home/travis/build/failed/openpnp/openpnp/target/lib/jgoodies-forms-1.8.0.jar
[INFO] Copying batik-css-1.7.jar to /home/travis/build/failed/openpnp/openpnp/target/lib/batik-css-1.7.jar
[INFO] Copying batik-awt-util-1.7.jar to /home/travis/build/failed/openpnp/openpnp/target/lib/batik-awt-util-1.7.jar
[INFO] Copying commons-logging-1.0.4.jar to /home/travis/build/failed/openpnp/openpnp/target/lib/commons-logging-1.0.4.jar
[INFO] Copying batik-xml-1.7.jar to /home/travis/build/failed/openpnp/openpnp/target/lib/batik-xml-1.7.jar
[INFO] Copying l2fprod-common-annotations-1.0.3.jar to /home/travis/build/failed/openpnp/openpnp/target/lib/l2fprod-common-annotations-1.0.3.jar
[INFO] Copying junit-4.11.jar to /home/travis/build/failed/openpnp/openpnp/target/lib/junit-4.11.jar
[INFO] Copying jcodec-javase-0.1.9.jar to /home/travis/build/failed/openpnp/openpnp/target/lib/jcodec-javase-0.1.9.jar
[INFO] Copying commons-io-2.1.jar to /home/travis/build/failed/openpnp/openpnp/target/lib/commons-io-2.1.jar
[INFO] Copying simple-xml-2.7.1.jar to /home/travis/build/failed/openpnp/openpnp/target/lib/simple-xml-2.7.1.jar
[INFO] Copying swingx-all-1.6.4.jar to /home/travis/build/failed/openpnp/openpnp/target/lib/swingx-all-1.6.4.jar
[INFO] Copying slf4j-log4j12-1.6.4.jar to /home/travis/build/failed/openpnp/openpnp/target/lib/slf4j-log4j12-1.6.4.jar
[INFO] Copying guava-14.0.1.jar to /home/travis/build/failed/openpnp/openpnp/target/lib/guava-14.0.1.jar
[INFO] Copying log4j-1.2.16.jar to /home/travis/build/failed/openpnp/openpnp/target/lib/log4j-1.2.16.jar
[INFO] Copying xalan-2.6.0.jar to /home/travis/build/failed/openpnp/openpnp/target/lib/xalan-2.6.0.jar
[INFO] Copying l2fprod-properties-editor-1.0.3.jar to /home/travis/build/failed/openpnp/openpnp/target/lib/l2fprod-properties-editor-1.0.3.jar
[INFO] Copying jvfw-0.0.2.jar to /home/travis/build/failed/openpnp/openpnp/target/lib/jvfw-0.0.2.jar
[INFO] Copying utils-1.07.00.jar to /home/travis/build/failed/openpnp/openpnp/target/lib/utils-1.07.00.jar
[INFO] Copying batik-transcoder-1.7.jar to /home/travis/build/failed/openpnp/openpnp/target/lib/batik-transcoder-1.7.jar
[INFO] Copying batik-anim-1.7.jar to /home/travis/build/failed/openpnp/openpnp/target/lib/batik-anim-1.7.jar
[INFO] Copying batik-ext-1.7.jar to /home/travis/build/failed/openpnp/openpnp/target/lib/batik-ext-1.7.jar
[INFO] Copying jcodec-0.1.9.jar to /home/travis/build/failed/openpnp/openpnp/target/lib/jcodec-0.1.9.jar
[INFO] Copying stax-api-1.0.1.jar to /home/travis/build/failed/openpnp/openpnp/target/lib/stax-api-1.0.1.jar
[INFO] 
[INFO] --- maven-install-plugin:2.4:install (default-install) @ openpnp-gui ---
[INFO] Installing /home/travis/build/failed/openpnp/openpnp/target/openpnp-gui-0.0.1-alpha-SNAPSHOT.jar to /home/travis/.m2/repository/org/openpnp/openpnp-gui/0.0.1-alpha-SNAPSHOT/openpnp-gui-0.0.1-alpha-SNAPSHOT.jar
[INFO] Installing /home/travis/build/failed/openpnp/openpnp/pom.xml to /home/travis/.m2/repository/org/openpnp/openpnp-gui/0.0.1-alpha-SNAPSHOT/openpnp-gui-0.0.1-alpha-SNAPSHOT.pom
[INFO] ------------------------------------------------------------------------
[INFO] BUILD SUCCESS
[INFO] ------------------------------------------------------------------------
[INFO] Total time: 01:08 min
[INFO] Finished at: 2022-01-23T17:36:54+00:00
[INFO] Final Memory: 16M/491M
[INFO] ------------------------------------------------------------------------

travis_time:end:08e82e58:start=1642959345122588097,finish=1642959415122543639,duration=69999955542[0Ktravis_fold:end:install[0Ktravis_time:start:030bf7cc[0K$ mvn test -Dhttps.protocols=TLSv1.2 -Dhttps.protocols=TLSv1.2 -B
Java HotSpot(TM) 64-Bit Server VM warning: ignoring option MaxPermSize=192m; support was removed in 8.0
[INFO] Scanning for projects...
[INFO]                                                                         
[INFO] ------------------------------------------------------------------------
[INFO] Building openpnp-gui 0.0.1-alpha-SNAPSHOT
[INFO] ------------------------------------------------------------------------
[INFO] 
[INFO] --- buildnumber-maven-plugin:1.3:create (default) @ openpnp-gui ---
[INFO] ShortRevision tag detected. The value is '6'.
[INFO] Executing: /bin/sh -c cd /home/travis/build/failed/openpnp/openpnp && git rev-parse --verify --short=6 HEAD
[INFO] Working directory: /home/travis/build/failed/openpnp/openpnp
[INFO] Storing buildNumber: 26f9bd at timestamp: 1642959417252
[INFO] Storing buildScmBranch: develop
[INFO] 
[INFO] --- maven-resources-plugin:2.6:resources (default-resources) @ openpnp-gui ---
[INFO] Using 'UTF-8' encoding to copy filtered resources.
[INFO] Copying 52 resources
[INFO] 
[INFO] --- maven-compiler-plugin:3.1:compile (default-compile) @ openpnp-gui ---
[INFO] Nothing to compile - all classes are up to date
[INFO] 
[INFO] --- maven-resources-plugin:2.6:testResources (default-testResources) @ openpnp-gui ---
[INFO] Using 'UTF-8' encoding to copy filtered resources.
[INFO] Copying 6 resources
[INFO] 
[INFO] --- maven-compiler-plugin:3.1:testCompile (default-testCompile) @ openpnp-gui ---
[INFO] Nothing to compile - all classes are up to date
[INFO] 
[INFO] --- maven-surefire-plugin:2.12.4:test (default-test) @ openpnp-gui ---
[INFO] Surefire report directory: /home/travis/build/failed/openpnp/openpnp/target/surefire-reports

-------------------------------------------------------
 T E S T S
-------------------------------------------------------
Running BasicJobTest
Configuration directory: /tmp/1642959420254-0/.openpnp
17:37:12,322 setEnabled(true)
17:37:12,827 moveTo(ReferenceNozzle, (-10.000000, 0.000000, 0.000000, 0.000000 mm), 1.0)
17:37:12,828 moveTo(ReferenceNozzle, (-20.000000, 0.000000, 0.000000, 0.000000 mm), 1.0)
Tests run: 1, Failures: 0, Errors: 1, Skipped: 0, Time elapsed: 12.751 sec <<< FAILURE!
testSimpleJob(BasicJobTest)  Time elapsed: 12.586 sec  <<< ERROR!
java.lang.Exception: Unexpected Move (-20.000000, 0.000000, 0.000000, 0.000000 mm). Expected Pick ReferenceNozzle ReferenceNozzleTip
	at BasicJobTest$BasicJobTestDriverDelegate.moveTo(BasicJobTest.java:170)
	at org.openpnp.machine.reference.driver.test.TestDriver.moveTo(TestDriver.java:72)
	at org.openpnp.machine.reference.ReferenceNozzle.moveTo(ReferenceNozzle.java:155)
	at org.openpnp.util.MovableUtils.moveToLocationAtSafeZ(MovableUtils.java:22)
	at org.openpnp.util.MovableUtils.moveToLocationAtSafeZ(MovableUtils.java:27)
	at org.openpnp.machine.reference.ReferenceNozzle.unloadNozzleTip(ReferenceNozzle.java:213)
	at org.openpnp.machine.reference.ReferencePnpJobProcessor.doChangeNozzleTip(ReferencePnpJobProcessor.java:422)
	at org.openpnp.machine.reference.ReferencePnpJobProcessor$$Lambda$7/1270855946.task(Unknown Source)
	at org.openpnp.util.FiniteStateMachine.send(FiniteStateMachine.java:36)
	at org.openpnp.machine.reference.ReferencePnpJobProcessor.next(ReferencePnpJobProcessor.java:197)
	at BasicJobTest.testSimpleJob(BasicJobTest.java:106)
	at sun.reflect.NativeMethodAccessorImpl.invoke0(Native Method)
	at sun.reflect.NativeMethodAccessorImpl.invoke(NativeMethodAccessorImpl.java:62)
	at sun.reflect.DelegatingMethodAccessorImpl.invoke(DelegatingMethodAccessorImpl.java:43)
	at java.lang.reflect.Method.invoke(Method.java:483)
	at org.junit.runners.model.FrameworkMethod$1.runReflectiveCall(FrameworkMethod.java:47)
	at org.junit.internal.runners.model.ReflectiveCallable.run(ReflectiveCallable.java:12)
	at org.junit.runners.model.FrameworkMethod.invokeExplosively(FrameworkMethod.java:44)
	at org.junit.internal.runners.statements.InvokeMethod.evaluate(InvokeMethod.java:17)
	at org.junit.runners.ParentRunner.runLeaf(ParentRunner.java:271)
	at org.junit.runners.BlockJUnit4ClassRunner.runChild(BlockJUnit4ClassRunner.java:70)
	at org.junit.runners.BlockJUnit4ClassRunner.runChild(BlockJUnit4ClassRunner.java:50)
	at org.junit.runners.ParentRunner$3.run(ParentRunner.java:238)
	at org.junit.runners.ParentRunner$1.schedule(ParentRunner.java:63)
	at org.junit.runners.ParentRunner.runChildren(ParentRunner.java:236)
	at org.junit.runners.ParentRunner.access$000(ParentRunner.java:53)
	at org.junit.runners.ParentRunner$2.evaluate(ParentRunner.java:229)
	at org.junit.runners.ParentRunner.run(ParentRunner.java:309)
	at org.apache.maven.surefire.junit4.JUnit4Provider.execute(JUnit4Provider.java:252)
	at org.apache.maven.surefire.junit4.JUnit4Provider.executeTestSet(JUnit4Provider.java:141)
	at org.apache.maven.surefire.junit4.JUnit4Provider.invoke(JUnit4Provider.java:112)
	at sun.reflect.NativeMethodAccessorImpl.invoke0(Native Method)
	at sun.reflect.NativeMethodAccessorImpl.invoke(NativeMethodAccessorImpl.java:62)
	at sun.reflect.DelegatingMethodAccessorImpl.invoke(DelegatingMethodAccessorImpl.java:43)
	at java.lang.reflect.Method.invoke(Method.java:483)
	at org.apache.maven.surefire.util.ReflectionUtils.invokeMethodWithArray(ReflectionUtils.java:189)
	at org.apache.maven.surefire.booter.ProviderFactory$ProviderProxy.invoke(ProviderFactory.java:165)
	at org.apache.maven.surefire.booter.ProviderFactory.invokeProvider(ProviderFactory.java:85)
	at org.apache.maven.surefire.booter.ForkedBooter.runSuitesInProcess(ForkedBooter.java:115)
	at org.apache.maven.surefire.booter.ForkedBooter.main(ForkedBooter.java:75)

Running EagleLoaderTest
Tests run: 2, Failures: 0, Errors: 0, Skipped: 0, Time elapsed: 2.549 sec
Running OpenCvTest
Tests run: 1, Failures: 0, Errors: 0, Skipped: 0, Time elapsed: 0.156 sec
Running SampleJobTest
Configuration directory: /tmp/1642959436067-0/.openpnp
17:37:16,068 No packages.xml found in configuration directory, loading defaults.
17:37:16,372 No parts.xml found in configuration directory, loading defaults.
17:37:16,533 No machine.xml found in configuration directory, loading defaults.
17:37:19,742 Defaults were loaded. Saving to configuration directory.
17:37:24,355 Fiducial check for board (pnp-test.board.xml), location ((3.994595, 4.413185, 0.000000, 0.007895 mm)), side (Top)
17:37:26,283 Fiducial check for board (pnp-test.board.xml), location ((5.138645, 62.743655, 0.000000, -19.947362 mm)), side (Top)
17:37:28,240 Fiducial check for board (pnp-test.board.xml), location ((64.489808, 7.248273, 0.000000, 0.604803 mm)), side (Bottom)
17:37:30,219 Fiducial check for board (pnp-test.board.xml), location ((84.336372, 46.650270, 0.000000, 36.608756 mm)), side (Bottom)
Warning: Could not get charToByteConverterClass!
17:37:32,189 Fiducial check for board (pnp-test.board.xml), location ((59.177394, 120.838635, 0.000000, -28.179275 mm)), side (Bottom)
17:37:34,199 Fiducial check for board (pnp-test.board.xml), location ((155.017595, 151.331550, 0.000000, 157.092969 mm)), side (Top)
17:37:36,241 Fiducial check for board (pnp-test.board.xml), location ((183.954660, 146.597000, 0.000000, -140.606916 mm)), side (Bottom)
17:37:38,238 Fiducial check for board (pnp-test.board.xml), location ((38.020443, 100.912063, 0.000000, 76.646032 mm)), side (Top)
17:37:38,242 Attempt Feed R0201-1K from R0201 with N1.
17:37:40,895 Fed R0201-1K from R0201 with N1.
17:37:40,895 Pick R0201-1K from R0201 with N1
17:37:40,909 Align R0201-1K with N1
17:37:40,910 Place R0201-1K with N1
17:37:40,911 Attempt Feed R0201-1K from R0201 with N1.
17:37:41,173 Fed R0201-1K from R0201 with N1.
17:37:41,173 Pick R0201-1K from R0201 with N1
17:37:41,173 Align R0201-1K with N1
17:37:41,173 Place R0201-1K with N1
17:37:41,174 Attempt Feed R0201-1K from R0201 with N1.
17:37:41,442 Fed R0201-1K from R0201 with N1.
17:37:41,442 Pick R0201-1K from R0201 with N1
17:37:41,442 Align R0201-1K with N1
17:37:41,442 Place R0201-1K with N1
17:37:41,443 Attempt Feed R0201-1K from R0201 with N1.
17:37:41,703 Fed R0201-1K from R0201 with N1.
17:37:41,704 Pick R0201-1K from R0201 with N1
17:37:41,704 Align R0201-1K with N1
17:37:41,704 Place R0201-1K with N1
17:37:41,704 Attempt Feed R0201-1K from R0201 with N1.
17:37:41,966 Fed R0201-1K from R0201 with N1.
17:37:41,966 Pick R0201-1K from R0201 with N1
17:37:41,967 Align R0201-1K with N1
17:37:41,967 Place R0201-1K with N1
17:37:41,969 Attempt Feed R0201-1K from R0201 with N1.
17:37:42,232 Fed R0201-1K from R0201 with N1.
17:37:42,233 Pick R0201-1K from R0201 with N1
17:37:42,233 Align R0201-1K with N1
17:37:42,233 Place R0201-1K with N1
17:37:42,233 Attempt Feed R0201-1K from R0201 with N1.
17:37:42,495 Fed R0201-1K from R0201 with N1.
17:37:42,495 Pick R0201-1K from R0201 with N1
17:37:42,495 Align R0201-1K with N1
17:37:42,495 Place R0201-1K with N1
17:37:42,496 Attempt Feed R0201-1K from R0201 with N1.
17:37:42,765 Fed R0201-1K from R0201 with N1.
17:37:42,765 Pick R0201-1K from R0201 with N1
17:37:42,765 Align R0201-1K with N1
17:37:42,765 Place R0201-1K with N1
17:37:42,766 Attempt Feed R0402-1K from R0402 with N1.
17:37:43,028 Fed R0402-1K from R0402 with N1.
17:37:43,028 Pick R0402-1K from R0402 with N1
17:37:43,037 Align R0402-1K with N1
17:37:43,037 Place R0402-1K with N1
17:37:43,038 Attempt Feed R0402-1K from R0402 with N1.
17:37:43,300 Fed R0402-1K from R0402 with N1.
17:37:43,300 Pick R0402-1K from R0402 with N1
17:37:43,300 Align R0402-1K with N1
17:37:43,300 Place R0402-1K with N1
17:37:43,301 Attempt Feed R0402-1K from R0402 with N1.
17:37:43,563 Fed R0402-1K from R0402 with N1.
17:37:43,563 Pick R0402-1K from R0402 with N1
17:37:43,563 Align R0402-1K with N1
17:37:43,563 Place R0402-1K with N1
17:37:43,564 Attempt Feed R0402-1K from R0402 with N1.
17:37:43,826 Fed R0402-1K from R0402 with N1.
17:37:43,826 Pick R0402-1K from R0402 with N1
17:37:43,827 Align R0402-1K with N1
17:37:43,827 Place R0402-1K with N1
17:37:43,827 Attempt Feed R0402-1K from R0402 with N1.
17:37:44,090 Fed R0402-1K from R0402 with N1.
17:37:44,090 Pick R0402-1K from R0402 with N1
17:37:44,090 Align R0402-1K with N1
17:37:44,091 Place R0402-1K with N1
17:37:44,091 Attempt Feed R0402-1K from R0402 with N1.
17:37:44,362 Fed R0402-1K from R0402 with N1.
17:37:44,362 Pick R0402-1K from R0402 with N1
17:37:44,362 Align R0402-1K with N1
17:37:44,363 Place R0402-1K with N1
17:37:44,363 Attempt Feed R0402-1K from R0402 with N1.
17:37:44,632 Fed R0402-1K from R0402 with N1.
17:37:44,632 Pick R0402-1K from R0402 with N1
17:37:44,632 Align R0402-1K with N1
17:37:44,632 Place R0402-1K with N1
17:37:44,633 Attempt Feed R0402-1K from R0402 with N1.
17:37:44,902 Fed R0402-1K from R0402 with N1.
17:37:44,903 Pick R0402-1K from R0402 with N1
17:37:44,903 Align R0402-1K with N1
17:37:44,903 Place R0402-1K with N1
17:37:44,903 Attempt Feed R0603-1K from R0603 with N1.
17:37:45,172 Fed R0603-1K from R0603 with N1.
17:37:45,172 Pick R0603-1K from R0603 with N1
17:37:45,181 Align R0603-1K with N1
17:37:45,181 Place R0603-1K with N1
17:37:45,181 Attempt Feed R0603-1K from R0603 with N1.
17:37:45,447 Fed R0603-1K from R0603 with N1.
17:37:45,447 Pick R0603-1K from R0603 with N1
17:37:45,447 Align R0603-1K with N1
17:37:45,447 Place R0603-1K with N1
17:37:45,448 Attempt Feed R0603-1K from R0603 with N1.
17:37:45,712 Fed R0603-1K from R0603 with N1.
17:37:45,712 Pick R0603-1K from R0603 with N1
17:37:45,712 Align R0603-1K with N1
17:37:45,713 Place R0603-1K with N1
17:37:45,713 Attempt Feed R0603-1K from R0603 with N1.
17:37:45,980 Fed R0603-1K from R0603 with N1.
17:37:45,980 Pick R0603-1K from R0603 with N1
17:37:45,980 Align R0603-1K with N1
17:37:45,980 Place R0603-1K with N1
17:37:45,981 Attempt Feed R0603-1K from R0603 with N1.
17:37:46,246 Fed R0603-1K from R0603 with N1.
17:37:46,247 Pick R0603-1K from R0603 with N1
17:37:46,247 Align R0603-1K with N1
17:37:46,247 Place R0603-1K with N1
17:37:46,247 Attempt Feed R0603-1K from R0603 with N1.
17:37:46,516 Fed R0603-1K from R0603 with N1.
17:37:46,517 Pick R0603-1K from R0603 with N1
17:37:46,517 Align R0603-1K with N1
17:37:46,517 Place R0603-1K with N1
17:37:46,517 Attempt Feed R0603-1K from R0603 with N1.
17:37:46,785 Fed R0603-1K from R0603 with N1.
17:37:46,786 Pick R0603-1K from R0603 with N1
17:37:46,786 Align R0603-1K with N1
17:37:46,786 Place R0603-1K with N1
17:37:46,786 Attempt Feed R0603-1K from R0603 with N1.
17:37:47,055 Fed R0603-1K from R0603 with N1.
17:37:47,055 Pick R0603-1K from R0603 with N1
17:37:47,055 Align R0603-1K with N1
17:37:47,055 Place R0603-1K with N1
17:37:47,056 Attempt Feed R0805-1K from R0805 with N1.
17:37:47,327 Fed R0805-1K from R0805 with N1.
17:37:47,327 Pick R0805-1K from R0805 with N1
17:37:47,339 Align R0805-1K with N1
17:37:47,339 Place R0805-1K with N1
17:37:47,340 Attempt Feed R0805-1K from R0805 with N1.
17:37:47,603 Fed R0805-1K from R0805 with N1.
17:37:47,604 Pick R0805-1K from R0805 with N1
17:37:47,604 Align R0805-1K with N1
17:37:47,604 Place R0805-1K with N1
17:37:47,604 Attempt Feed R0805-1K from R0805 with N1.
17:37:47,872 Fed R0805-1K from R0805 with N1.
17:37:47,872 Pick R0805-1K from R0805 with N1
17:37:47,872 Align R0805-1K with N1
17:37:47,872 Place R0805-1K with N1
17:37:47,873 Attempt Feed R0805-1K from R0805 with N1.
17:37:48,136 Fed R0805-1K from R0805 with N1.
17:37:48,136 Pick R0805-1K from R0805 with N1
17:37:48,137 Align R0805-1K with N1
17:37:48,137 Place R0805-1K with N1
17:37:48,138 Attempt Feed R0805-1K from R0805 with N1.
17:37:48,405 Fed R0805-1K from R0805 with N1.
17:37:48,405 Pick R0805-1K from R0805 with N1
17:37:48,405 Align R0805-1K with N1
17:37:48,405 Place R0805-1K with N1
17:37:48,406 Attempt Feed R0805-1K from R0805 with N1.
17:37:48,670 Fed R0805-1K from R0805 with N1.
17:37:48,670 Pick R0805-1K from R0805 with N1
17:37:48,670 Align R0805-1K with N1
17:37:48,670 Place R0805-1K with N1
17:37:48,671 Attempt Feed R0805-1K from R0805 with N1.
17:37:48,939 Fed R0805-1K from R0805 with N1.
17:37:48,939 Pick R0805-1K from R0805 with N1
17:37:48,939 Align R0805-1K with N1
17:37:48,939 Place R0805-1K with N1
17:37:48,940 Attempt Feed R0805-1K from R0805 with N1.
17:37:49,208 Fed R0805-1K from R0805 with N1.
17:37:49,208 Pick R0805-1K from R0805 with N1
17:37:49,208 Align R0805-1K with N1
17:37:49,208 Place R0805-1K with N1
Tests run: 1, Failures: 0, Errors: 0, Skipped: 0, Time elapsed: 33.144 sec
Running Utils2DTest
test1
board: (5.000000, 15.000000, -8.000000, 0.000000 mm) 100mm
place: (55.000000, 5.000000, 0.000000, 0.000000 mm)
results (60.000000, 20.000000, -8.000000, 0.000000 mm)
test2
results (45.580602, 17.699407, -8.000000, 0.000000 mm)
test3
results (70.497539, 1.865309, -8.000000, 0.000000 mm)
test4
test5
results (69.142136, 12.071068, -8.000000, 0.000000 mm)
test6
board: (30.004000, 31.386000, -8.000000, 74.646000 mm) 100mm
place: (31.000000, 6.000000, 0.000000, 0.000000 mm)
results (32.426392, 62.868249, -8.000000, 74.646000 mm)
inverse: (31.000000, 6.000000, 0.000000, 0.000000 mm)
results (32.426392, 62.868249, -8.000000, 74.646000 mm)
test7
test8
board: (5.000000, 15.000000, -8.000000, 0.000000 mm) Width=100.0
place: (55.000000, 5.000000, 0.000000, 0.000000 mm)
results (50.000000, 20.000000, -8.000000, 0.000000 mm)
test9
results (35.580602, 17.699407, -8.000000, 0.000000 mm)
test10
results (60.497539, 1.865309, -8.000000, 0.000000 mm)
test11
test12
results (59.142136, 12.071068, -8.000000, 0.000000 mm)
test13
idealA (3.846353, 39.336512, 0.000000, 10.000000 mm)
idealB (58.296186, 18.474689, 0.000000, 10.000000 mm)
offset (10.000000, 10.000000, 0.000000, -3.000000 mm)
actualA (15.697304, 49.348462, 0.000000, 7.000000 mm)
actualB (68.980692, 25.665545, 0.000000, 7.000000 mm)
results (9.797509, 10.267162, 0.000000, -3.000000 mm)
results (9.797509, 10.267162, 0.000000, -3.000000 mm)
results (9.588165, 10.272644, 0.000000, -3.000000 mm)
Tests run: 2, Failures: 0, Errors: 0, Skipped: 0, Time elapsed: 0.008 sec
Running VisionUtilsTest
Tests run: 1, Failures: 0, Errors: 0, Skipped: 0, Time elapsed: 0.272 sec

Results :

Tests in error: 
  testSimpleJob(BasicJobTest): Unexpected Move (-20.000000, 0.000000, 0.000000, 0.000000 mm). Expected Pick ReferenceNozzle ReferenceNozzleTip

Tests run: 8, Failures: 0, Errors: 1, Skipped: 0

[INFO] ------------------------------------------------------------------------
[INFO] BUILD FAILURE
[INFO] ------------------------------------------------------------------------
[INFO] Total time: 53.271 s
[INFO] Finished at: 2022-01-23T17:37:49+00:00
[INFO] Final Memory: 13M/491M
[INFO] ------------------------------------------------------------------------
[ERROR] Failed to execute goal org.apache.maven.plugins:maven-surefire-plugin:2.12.4:test (default-test) on project openpnp-gui: There are test failures.
[ERROR] 
[ERROR] Please refer to /home/travis/build/failed/openpnp/openpnp/target/surefire-reports for the individual test results.
[ERROR] -> [Help 1]
[ERROR] 
[ERROR] To see the full stack trace of the errors, re-run Maven with the -e switch.
[ERROR] Re-run Maven using the -X switch to enable full debug logging.
[ERROR] 
[ERROR] For more information about the errors and possible solutions, please read the following articles:
[ERROR] [Help 1] http://cwiki.apache.org/confluence/display/MAVEN/MojoFailureException

travis_time:end:030bf7cc:start=1642959415133788093,finish=1642959469739372117,duration=54605584024[0K
[31;1mThe command "mvn test -Dhttps.protocols=TLSv1.2 -Dhttps.protocols=TLSv1.2 -B" exited with 1.[0m

Done. Your build exited with 1.
