travis_fold:start:system_info[0K[33;1mBuild system information[0m
Build language: java
Build group: stable
Build dist: precise
Build id: ''
Job id: ''
[34m[1mBuild image provisioning date and time[0m
Thu Feb  5 15:09:33 UTC 2015
[34m[1mOperating System Details[0m
Distributor ID:	Ubuntu
Description:	Ubuntu 12.04.5 LTS
Release:	12.04
Codename:	precise
[34m[1mLinux Version[0m
3.13.0-29-generic
[34m[1mCookbooks Version[0m
a68419e https://github.com/travis-ci/travis-cookbooks/tree/a68419e
[34m[1mGCC version[0m
gcc (Ubuntu/Linaro 4.6.3-1ubuntu5) 4.6.3
Copyright (C) 2011 Free Software Foundation, Inc.
This is free software; see the source for copying conditions.  There is NO
warranty; not even for MERCHANTABILITY or FITNESS FOR A PARTICULAR PURPOSE.

[34m[1mLLVM version[0m
clang version 3.4 (tags/RELEASE_34/final)
Target: x86_64-unknown-linux-gnu
Thread model: posix
[34m[1mPre-installed Ruby versions[0m
ruby-1.9.3-p551
[34m[1mPre-installed Node.js versions[0m
v0.10.36
[34m[1mPre-installed Go versions[0m
1.4.1
[34m[1mRedis version[0m
redis-server 2.8.19
[34m[1mriak version[0m
2.0.2
[34m[1mMongoDB version[0m
MongoDB 2.4.12
[34m[1mCouchDB version[0m
couchdb 1.6.1
[34m[1mNeo4j version[0m
1.9.4
[34m[1mRabbitMQ Version[0m
3.4.3
[34m[1mElasticSearch version[0m
1.4.0
[34m[1mInstalled Sphinx versions[0m
2.0.10
2.1.9
2.2.6
[34m[1mDefault Sphinx version[0m
2.2.6
[34m[1mInstalled Firefox version[0m
firefox 31.0esr
[34m[1mPhantomJS version[0m
1.9.8
[34m[1mant -version[0m
Apache Ant(TM) version 1.8.2 compiled on December 3 2011
[34m[1mmvn -version[0m
Apache Maven 3.2.5 (12a6b3acb947671f09b81f49094c53f426d8cea1; 2014-12-14T17:29:23+00:00)
Maven home: /usr/local/maven
Java version: 1.7.0_76, vendor: Oracle Corporation
Java home: /usr/lib/jvm/java-7-oracle/jre
Default locale: en_US, platform encoding: ANSI_X3.4-1968
OS name: "linux", version: "3.13.0-29-generic", arch: "amd64", family: "unix"
travis_fold:end:system_info[0K
W: Failed to fetch http://security.ubuntu.com/ubuntu/dists/precise-security/main/source/Sources  404  Not Found [IP: 91.189.91.39 80]

W: Failed to fetch http://security.ubuntu.com/ubuntu/dists/precise-security/restricted/source/Sources  404  Not Found [IP: 91.189.91.39 80]

W: Failed to fetch http://security.ubuntu.com/ubuntu/dists/precise-security/universe/source/Sources  404  Not Found [IP: 91.189.91.39 80]

W: Failed to fetch http://security.ubuntu.com/ubuntu/dists/precise-security/multiverse/source/Sources  404  Not Found [IP: 91.189.91.39 80]

W: Failed to fetch http://security.ubuntu.com/ubuntu/dists/precise-security/main/binary-amd64/Packages  404  Not Found [IP: 91.189.91.39 80]

W: Failed to fetch http://security.ubuntu.com/ubuntu/dists/precise-security/restricted/binary-amd64/Packages  404  Not Found [IP: 91.189.91.39 80]

W: Failed to fetch http://security.ubuntu.com/ubuntu/dists/precise-security/universe/binary-amd64/Packages  404  Not Found [IP: 91.189.91.39 80]

W: Failed to fetch http://security.ubuntu.com/ubuntu/dists/precise-security/multiverse/binary-amd64/Packages  404  Not Found [IP: 91.189.91.39 80]

W: Failed to fetch http://security.ubuntu.com/ubuntu/dists/precise-security/main/binary-i386/Packages  404  Not Found [IP: 91.189.91.39 80]

W: Failed to fetch http://security.ubuntu.com/ubuntu/dists/precise-security/restricted/binary-i386/Packages  404  Not Found [IP: 91.189.91.39 80]

W: Failed to fetch http://security.ubuntu.com/ubuntu/dists/precise-security/universe/binary-i386/Packages  404  Not Found [IP: 91.189.91.39 80]

W: Failed to fetch http://security.ubuntu.com/ubuntu/dists/precise-security/multiverse/binary-i386/Packages  404  Not Found [IP: 91.189.91.39 80]

W: Failed to fetch http://us.archive.ubuntu.com/ubuntu/dists/precise/main/source/Sources  404  Not Found [IP: 91.189.91.38 80]

W: Failed to fetch http://us.archive.ubuntu.com/ubuntu/dists/precise/restricted/source/Sources  404  Not Found [IP: 91.189.91.38 80]

W: Failed to fetch http://us.archive.ubuntu.com/ubuntu/dists/precise/universe/source/Sources  404  Not Found [IP: 91.189.91.38 80]

W: Failed to fetch http://us.archive.ubuntu.com/ubuntu/dists/precise/multiverse/source/Sources  404  Not Found [IP: 91.189.91.38 80]

W: Failed to fetch http://us.archive.ubuntu.com/ubuntu/dists/precise/main/binary-amd64/Packages  404  Not Found [IP: 91.189.91.38 80]

W: Failed to fetch http://us.archive.ubuntu.com/ubuntu/dists/precise/restricted/binary-amd64/Packages  404  Not Found [IP: 91.189.91.38 80]

W: Failed to fetch http://us.archive.ubuntu.com/ubuntu/dists/precise/universe/binary-amd64/Packages  404  Not Found [IP: 91.189.91.38 80]

W: Failed to fetch http://us.archive.ubuntu.com/ubuntu/dists/precise/multiverse/binary-amd64/Packages  404  Not Found [IP: 91.189.91.38 80]

W: Failed to fetch http://us.archive.ubuntu.com/ubuntu/dists/precise/main/binary-i386/Packages  404  Not Found [IP: 91.189.91.38 80]

W: Failed to fetch http://us.archive.ubuntu.com/ubuntu/dists/precise/restricted/binary-i386/Packages  404  Not Found [IP: 91.189.91.38 80]

W: Failed to fetch http://us.archive.ubuntu.com/ubuntu/dists/precise/universe/binary-i386/Packages  404  Not Found [IP: 91.189.91.38 80]

W: Failed to fetch http://us.archive.ubuntu.com/ubuntu/dists/precise/multiverse/binary-i386/Packages  404  Not Found [IP: 91.189.91.38 80]

W: Failed to fetch http://us.archive.ubuntu.com/ubuntu/dists/precise-updates/main/source/Sources  404  Not Found [IP: 91.189.91.38 80]

W: Failed to fetch http://us.archive.ubuntu.com/ubuntu/dists/precise-updates/restricted/source/Sources  404  Not Found [IP: 91.189.91.38 80]

W: Failed to fetch http://us.archive.ubuntu.com/ubuntu/dists/precise-updates/universe/source/Sources  404  Not Found [IP: 91.189.91.38 80]

W: Failed to fetch http://us.archive.ubuntu.com/ubuntu/dists/precise-updates/multiverse/source/Sources  404  Not Found [IP: 91.189.91.38 80]

W: Failed to fetch http://us.archive.ubuntu.com/ubuntu/dists/precise-updates/main/binary-amd64/Packages  404  Not Found [IP: 91.189.91.38 80]

W: Failed to fetch http://us.archive.ubuntu.com/ubuntu/dists/precise-updates/restricted/binary-amd64/Packages  404  Not Found [IP: 91.189.91.38 80]

W: Failed to fetch http://us.archive.ubuntu.com/ubuntu/dists/precise-updates/universe/binary-amd64/Packages  404  Not Found [IP: 91.189.91.38 80]

W: Failed to fetch http://us.archive.ubuntu.com/ubuntu/dists/precise-updates/multiverse/binary-amd64/Packages  404  Not Found [IP: 91.189.91.38 80]

W: Failed to fetch http://us.archive.ubuntu.com/ubuntu/dists/precise-updates/main/binary-i386/Packages  404  Not Found [IP: 91.189.91.38 80]

W: Failed to fetch http://us.archive.ubuntu.com/ubuntu/dists/precise-updates/restricted/binary-i386/Packages  404  Not Found [IP: 91.189.91.38 80]

W: Failed to fetch http://us.archive.ubuntu.com/ubuntu/dists/precise-updates/universe/binary-i386/Packages  404  Not Found [IP: 91.189.91.38 80]

W: Failed to fetch http://us.archive.ubuntu.com/ubuntu/dists/precise-updates/multiverse/binary-i386/Packages  404  Not Found [IP: 91.189.91.38 80]

W: Failed to fetch http://us.archive.ubuntu.com/ubuntu/dists/precise-backports/main/source/Sources  404  Not Found [IP: 91.189.91.38 80]

W: Failed to fetch http://us.archive.ubuntu.com/ubuntu/dists/precise-backports/restricted/source/Sources  404  Not Found [IP: 91.189.91.38 80]

W: Failed to fetch http://us.archive.ubuntu.com/ubuntu/dists/precise-backports/universe/source/Sources  404  Not Found [IP: 91.189.91.38 80]

W: Failed to fetch http://us.archive.ubuntu.com/ubuntu/dists/precise-backports/multiverse/source/Sources  404  Not Found [IP: 91.189.91.38 80]

W: Failed to fetch http://us.archive.ubuntu.com/ubuntu/dists/precise-backports/main/binary-amd64/Packages  404  Not Found [IP: 91.189.91.38 80]

W: Failed to fetch http://us.archive.ubuntu.com/ubuntu/dists/precise-backports/restricted/binary-amd64/Packages  404  Not Found [IP: 91.189.91.38 80]

W: Failed to fetch http://us.archive.ubuntu.com/ubuntu/dists/precise-backports/universe/binary-amd64/Packages  404  Not Found [IP: 91.189.91.38 80]

W: Failed to fetch http://us.archive.ubuntu.com/ubuntu/dists/precise-backports/multiverse/binary-amd64/Packages  404  Not Found [IP: 91.189.91.38 80]

W: Failed to fetch http://us.archive.ubuntu.com/ubuntu/dists/precise-backports/main/binary-i386/Packages  404  Not Found [IP: 91.189.91.38 80]

W: Failed to fetch http://us.archive.ubuntu.com/ubuntu/dists/precise-backports/restricted/binary-i386/Packages  404  Not Found [IP: 91.189.91.38 80]

W: Failed to fetch http://us.archive.ubuntu.com/ubuntu/dists/precise-backports/universe/binary-i386/Packages  404  Not Found [IP: 91.189.91.38 80]

W: Failed to fetch http://us.archive.ubuntu.com/ubuntu/dists/precise-backports/multiverse/binary-i386/Packages  404  Not Found [IP: 91.189.91.38 80]

W: Failed to fetch http://apt.postgresql.org/pub/repos/apt/dists/precise-pgdg/main/binary-amd64/Packages  404  Not Found [IP: 147.75.85.69 80]

W: Failed to fetch http://apt.postgresql.org/pub/repos/apt/dists/precise-pgdg/main/binary-i386/Packages  404  Not Found [IP: 147.75.85.69 80]

W: Failed to fetch http://ppa.launchpad.net/rwky/ppa/ubuntu/dists/precise/main/binary-amd64/Packages  403  Forbidden

W: Failed to fetch http://ppa.launchpad.net/rwky/ppa/ubuntu/dists/precise/main/binary-i386/Packages  403  Forbidden

W: Failed to fetch http://ppa.launchpad.net/travis-ci/zero-mq/ubuntu/dists/precise/main/binary-amd64/Packages  403  Forbidden

W: Failed to fetch http://ppa.launchpad.net/travis-ci/zero-mq/ubuntu/dists/precise/main/binary-i386/Packages  403  Forbidden

W: Failed to fetch http://downloads-distro.mongodb.org/repo/debian-sysvinit/dists/dist/10gen/binary-amd64/Packages  Undetermined Error [IP: 52.206.222.245 80]

W: Failed to fetch http://downloads-distro.mongodb.org/repo/debian-sysvinit/dists/dist/10gen/binary-i386/Packages  Undetermined Error [IP: 52.206.222.245 80]

E: Some index files failed to download. They have been ignored, or old ones used instead.
sed: cannot rename /etc/hosts: Device or resource busy
sed: cannot rename /etc/hosts: Device or resource busy
$ jdk_switcher use oraclejdk8
Switching to Oracle JDK8 (java-8-oracle), JAVA_HOME will be set to /usr/lib/jvm/java-8-oracle
$ cd failed/owlcs/owlapi
travis_fold:start:apt[0K[33;1mInstalling APT Packages (BETA)[0m
$ export DEBIAN_FRONTEND=noninteractive
travis_time:start:062ac4c3[0K$ sudo -E apt-get -yq update &>> ~/apt-get-update.log

travis_time:end:062ac4c3:start=1642857846625920160,finish=1642857930383883187,duration=83757963027[0Ktravis_time:start:32dc17d9[0K$ sudo -E apt-get -yq --no-install-suggests --no-install-recommends --force-yes install oracle-java8-installer
Reading package lists...
Building dependency tree...
Reading state information...
oracle-java8-installer is already the newest version.
0 upgraded, 0 newly installed, 0 to remove and 0 not upgraded.

travis_time:end:32dc17d9:start=1642857930391735409,finish=1642857930843316128,duration=451580719[0Ktravis_fold:end:apt[0Ktravis_fold:start:cache.1[0KSetting up build cache
$ export CASHER_DIR=$HOME/.casher
travis_fold:end:cache.1[0K$ java -Xmx32m -version
java version "1.8.0_121"
Java(TM) SE Runtime Environment (build 1.8.0_121-b13)
Java HotSpot(TM) 64-Bit Server VM (build 25.121-b13, mixed mode)
$ javac -J-Xmx32m -version
javac 1.8.0_121
travis_fold:start:install[0Ktravis_time:start:00686983[0K$ mvn -o install -Dhttps.protocols=TLSv1.2 -DskipTests=true -Dmaven.javadoc.skip=true -B -V
Java HotSpot(TM) 64-Bit Server VM warning: ignoring option MaxPermSize=192m; support was removed in 8.0
Apache Maven 3.2.5 (12a6b3acb947671f09b81f49094c53f426d8cea1; 2014-12-14T17:29:23+00:00)
Maven home: /usr/local/maven
Java version: 1.8.0_121, vendor: Oracle Corporation
Java home: /usr/lib/jvm/java-8-oracle/jre
Default locale: en_US, platform encoding: UTF-8
OS name: "linux", version: "4.15.0-109-generic", arch: "amd64", family: "unix"
[INFO] Scanning for projects...
[INFO] Inspecting build with total of 12 modules...
[INFO] Installing Nexus Staging features:
[INFO]   ... total of 12 executions of maven-deploy-plugin replaced with nexus-staging-maven-plugin
[INFO] ------------------------------------------------------------------------
[INFO] Reactor Build Order:
[INFO] 
[INFO] OWLAPI
[INFO] OWLAPI :: Interfaces
[INFO] OWLAPI :: Default Implementation
[INFO] OWLAPI :: Atomic Decomposition and Explanation
[INFO] OWLAPI :: Parsers
[INFO] OWLAPI :: OBO Format
[INFO] OWLAPI :: RDF4J Rio
[INFO] OWLAPI :: Binding and Config
[INFO] OWLAPI :: Compatibility
[INFO] OWLAPI :: Tests and Tutorials
[INFO] OWLAPI :: Distribution
[INFO] OWLAPI :: OSGi and Compatibility Distribution
[INFO]                                                                         
[INFO] ------------------------------------------------------------------------
[INFO] Building OWLAPI 6.0.0-SNAPSHOT
[INFO] ------------------------------------------------------------------------
[INFO] 
[INFO] --- maven-enforcer-plugin:1.0:enforce (enforce-maven) @ owlapi-parent ---
[INFO] 
[INFO] >>> maven-source-plugin:3.0.1:jar (attach-sources) > generate-sources @ owlapi-parent >>>
[INFO] 
[INFO] --- maven-enforcer-plugin:1.0:enforce (enforce-maven) @ owlapi-parent ---
[INFO] 
[INFO] <<< maven-source-plugin:3.0.1:jar (attach-sources) < generate-sources @ owlapi-parent <<<
[INFO] 
[INFO] --- maven-source-plugin:3.0.1:jar (attach-sources) @ owlapi-parent ---
[INFO] 
[INFO] --- maven-javadoc-plugin:2.10.4:jar (attach-javadocs) @ owlapi-parent ---
[INFO] Skipping javadoc generation
[INFO] 
[INFO] --- maven-failsafe-plugin:2.19.1:integration-test (default) @ owlapi-parent ---
[INFO] Tests are skipped.
[INFO] 
[INFO] --- maven-failsafe-plugin:2.19.1:verify (default) @ owlapi-parent ---
[INFO] Tests are skipped.
[INFO] 
[INFO] --- maven-install-plugin:2.4:install (default-install) @ owlapi-parent ---
[INFO] Installing /home/travis/build/failed/owlcs/owlapi/pom.xml to /home/travis/.m2/repository/net/sourceforge/owlapi/owlapi-parent/6.0.0-SNAPSHOT/owlapi-parent-6.0.0-SNAPSHOT.pom
[INFO]                                                                         
[INFO] ------------------------------------------------------------------------
[INFO] Building OWLAPI :: Interfaces 6.0.0-SNAPSHOT
[INFO] ------------------------------------------------------------------------
[INFO] 
[INFO] --- maven-enforcer-plugin:1.0:enforce (enforce-maven) @ owlapi-api ---
[INFO] 
[INFO] --- maven-resources-plugin:2.6:resources (default-resources) @ owlapi-api ---
[INFO] Using 'UTF-8' encoding to copy filtered resources.
[INFO] skip non existing resourceDirectory /home/travis/build/failed/owlcs/owlapi/api/src/main/resources
[INFO] 
[INFO] --- maven-compiler-plugin:3.6.0:compile (default-compile) @ owlapi-api ---
[INFO] Changes detected - recompiling the module!
[INFO] Compiling 815 source files to /home/travis/build/failed/owlcs/owlapi/api/target/classes
[INFO] /home/travis/build/failed/owlcs/owlapi/api/src/main/java/org/semanticweb/owlapi/model/OWLAsymmetricObjectPropertyAxiom.java: Some input files use unchecked or unsafe operations.
[INFO] /home/travis/build/failed/owlcs/owlapi/api/src/main/java/org/semanticweb/owlapi/model/OWLAsymmetricObjectPropertyAxiom.java: Recompile with -Xlint:unchecked for details.
[INFO] 
[INFO] --- maven-resources-plugin:2.6:testResources (default-testResources) @ owlapi-api ---
[INFO] Using 'UTF-8' encoding to copy filtered resources.
[INFO] Copying 1 resource
[INFO] 
[INFO] --- maven-compiler-plugin:3.6.0:testCompile (default-testCompile) @ owlapi-api ---
[INFO] Changes detected - recompiling the module!
[INFO] Compiling 8 source files to /home/travis/build/failed/owlcs/owlapi/api/target/test-classes
[INFO] 
[INFO] --- maven-surefire-plugin:2.19.1:test (default-test) @ owlapi-api ---
[INFO] Tests are skipped.
[INFO] 
[INFO] --- maven-jar-plugin:2.4:jar (default-jar) @ owlapi-api ---
[INFO] Building jar: /home/travis/build/failed/owlcs/owlapi/api/target/owlapi-api-6.0.0-SNAPSHOT.jar
[INFO] 
[INFO] >>> maven-source-plugin:3.0.1:jar (attach-sources) > generate-sources @ owlapi-api >>>
[INFO] 
[INFO] --- maven-enforcer-plugin:1.0:enforce (enforce-maven) @ owlapi-api ---
[INFO] 
[INFO] <<< maven-source-plugin:3.0.1:jar (attach-sources) < generate-sources @ owlapi-api <<<
[INFO] 
[INFO] --- maven-source-plugin:3.0.1:jar (attach-sources) @ owlapi-api ---
[INFO] Building jar: /home/travis/build/failed/owlcs/owlapi/api/target/owlapi-api-6.0.0-SNAPSHOT-sources.jar
[INFO] 
[INFO] --- maven-javadoc-plugin:2.10.4:jar (attach-javadocs) @ owlapi-api ---
[INFO] Skipping javadoc generation
[INFO] 
[INFO] --- maven-failsafe-plugin:2.19.1:integration-test (default) @ owlapi-api ---
[INFO] Tests are skipped.
[INFO] 
[INFO] --- maven-failsafe-plugin:2.19.1:verify (default) @ owlapi-api ---
[INFO] Tests are skipped.
[INFO] 
[INFO] --- maven-install-plugin:2.4:install (default-install) @ owlapi-api ---
[INFO] Installing /home/travis/build/failed/owlcs/owlapi/api/target/owlapi-api-6.0.0-SNAPSHOT.jar to /home/travis/.m2/repository/net/sourceforge/owlapi/owlapi-api/6.0.0-SNAPSHOT/owlapi-api-6.0.0-SNAPSHOT.jar
[INFO] Installing /home/travis/build/failed/owlcs/owlapi/api/pom.xml to /home/travis/.m2/repository/net/sourceforge/owlapi/owlapi-api/6.0.0-SNAPSHOT/owlapi-api-6.0.0-SNAPSHOT.pom
[INFO] Installing /home/travis/build/failed/owlcs/owlapi/api/target/owlapi-api-6.0.0-SNAPSHOT-sources.jar to /home/travis/.m2/repository/net/sourceforge/owlapi/owlapi-api/6.0.0-SNAPSHOT/owlapi-api-6.0.0-SNAPSHOT-sources.jar
[INFO]                                                                         
[INFO] ------------------------------------------------------------------------
[INFO] Building OWLAPI :: Default Implementation 6.0.0-SNAPSHOT
[INFO] ------------------------------------------------------------------------
[INFO] 
[INFO] --- maven-enforcer-plugin:1.0:enforce (enforce-maven) @ owlapi-impl ---
[INFO] 
[INFO] --- maven-resources-plugin:2.6:resources (default-resources) @ owlapi-impl ---
[INFO] Using 'UTF-8' encoding to copy filtered resources.
[INFO] skip non existing resourceDirectory /home/travis/build/failed/owlcs/owlapi/impl/src/main/resources
[INFO] 
[INFO] --- maven-compiler-plugin:3.6.0:compile (default-compile) @ owlapi-impl ---
[INFO] Changes detected - recompiling the module!
[INFO] Compiling 170 source files to /home/travis/build/failed/owlcs/owlapi/impl/target/classes
[INFO] /home/travis/build/failed/owlcs/owlapi/impl/src/main/java/uk/ac/manchester/cs/owl/owlapi/Internals.java: Some input files use or override a deprecated API.
[INFO] /home/travis/build/failed/owlcs/owlapi/impl/src/main/java/uk/ac/manchester/cs/owl/owlapi/Internals.java: Recompile with -Xlint:deprecation for details.
[INFO] /home/travis/build/failed/owlcs/owlapi/impl/src/main/java/uk/ac/manchester/cs/owl/owlapi/OWLAnnotationPropertyRangeAxiomImpl.java: Some input files use unchecked or unsafe operations.
[INFO] /home/travis/build/failed/owlcs/owlapi/impl/src/main/java/uk/ac/manchester/cs/owl/owlapi/OWLAnnotationPropertyRangeAxiomImpl.java: Recompile with -Xlint:unchecked for details.
[INFO] 
[INFO] --- maven-resources-plugin:2.6:testResources (default-testResources) @ owlapi-impl ---
[INFO] Using 'UTF-8' encoding to copy filtered resources.
[INFO] skip non existing resourceDirectory /home/travis/build/failed/owlcs/owlapi/impl/src/test/resources
[INFO] 
[INFO] --- maven-compiler-plugin:3.6.0:testCompile (default-testCompile) @ owlapi-impl ---
[INFO] Changes detected - recompiling the module!
[INFO] Compiling 9 source files to /home/travis/build/failed/owlcs/owlapi/impl/target/test-classes
[INFO] /home/travis/build/failed/owlcs/owlapi/impl/src/test/java/uk/ac/manchester/cs/owl/owlapi/concurrent/OWLOntologyManager_Concurrent_TestCase.java: /home/travis/build/failed/owlcs/owlapi/impl/src/test/java/uk/ac/manchester/cs/owl/owlapi/concurrent/OWLOntologyManager_Concurrent_TestCase.java uses or overrides a deprecated API.
[INFO] /home/travis/build/failed/owlcs/owlapi/impl/src/test/java/uk/ac/manchester/cs/owl/owlapi/concurrent/OWLOntologyManager_Concurrent_TestCase.java: Recompile with -Xlint:deprecation for details.
[INFO] 
[INFO] --- maven-surefire-plugin:2.19.1:test (default-test) @ owlapi-impl ---
[INFO] Tests are skipped.
[INFO] 
[INFO] --- maven-jar-plugin:2.4:jar (default-jar) @ owlapi-impl ---
[INFO] Building jar: /home/travis/build/failed/owlcs/owlapi/impl/target/owlapi-impl-6.0.0-SNAPSHOT.jar
[INFO] 
[INFO] >>> maven-source-plugin:3.0.1:jar (attach-sources) > generate-sources @ owlapi-impl >>>
[INFO] 
[INFO] --- maven-enforcer-plugin:1.0:enforce (enforce-maven) @ owlapi-impl ---
[INFO] 
[INFO] <<< maven-source-plugin:3.0.1:jar (attach-sources) < generate-sources @ owlapi-impl <<<
[INFO] 
[INFO] --- maven-source-plugin:3.0.1:jar (attach-sources) @ owlapi-impl ---
[INFO] Building jar: /home/travis/build/failed/owlcs/owlapi/impl/target/owlapi-impl-6.0.0-SNAPSHOT-sources.jar
[INFO] 
[INFO] --- maven-javadoc-plugin:2.10.4:jar (attach-javadocs) @ owlapi-impl ---
[INFO] Skipping javadoc generation
[INFO] 
[INFO] --- maven-failsafe-plugin:2.19.1:integration-test (default) @ owlapi-impl ---
[INFO] Tests are skipped.
[INFO] 
[INFO] --- maven-failsafe-plugin:2.19.1:verify (default) @ owlapi-impl ---
[INFO] Tests are skipped.
[INFO] 
[INFO] --- maven-install-plugin:2.4:install (default-install) @ owlapi-impl ---
[INFO] Installing /home/travis/build/failed/owlcs/owlapi/impl/target/owlapi-impl-6.0.0-SNAPSHOT.jar to /home/travis/.m2/repository/net/sourceforge/owlapi/owlapi-impl/6.0.0-SNAPSHOT/owlapi-impl-6.0.0-SNAPSHOT.jar
[INFO] Installing /home/travis/build/failed/owlcs/owlapi/impl/pom.xml to /home/travis/.m2/repository/net/sourceforge/owlapi/owlapi-impl/6.0.0-SNAPSHOT/owlapi-impl-6.0.0-SNAPSHOT.pom
[INFO] Installing /home/travis/build/failed/owlcs/owlapi/impl/target/owlapi-impl-6.0.0-SNAPSHOT-sources.jar to /home/travis/.m2/repository/net/sourceforge/owlapi/owlapi-impl/6.0.0-SNAPSHOT/owlapi-impl-6.0.0-SNAPSHOT-sources.jar
[INFO]                                                                         
[INFO] ------------------------------------------------------------------------
[INFO] Building OWLAPI :: Atomic Decomposition and Explanation 6.0.0-SNAPSHOT
[INFO] ------------------------------------------------------------------------
[INFO] 
[INFO] --- maven-enforcer-plugin:1.0:enforce (enforce-maven) @ owlapi-tools ---
[INFO] 
[INFO] --- maven-resources-plugin:2.6:resources (default-resources) @ owlapi-tools ---
[INFO] Using 'UTF-8' encoding to copy filtered resources.
[INFO] skip non existing resourceDirectory /home/travis/build/failed/owlcs/owlapi/tools/src/main/resources
[INFO] 
[INFO] --- maven-compiler-plugin:3.6.0:compile (default-compile) @ owlapi-tools ---
[INFO] Changes detected - recompiling the module!
[INFO] Compiling 123 source files to /home/travis/build/failed/owlcs/owlapi/tools/target/classes
[INFO] 
[INFO] --- maven-resources-plugin:2.6:testResources (default-testResources) @ owlapi-tools ---
[INFO] Using 'UTF-8' encoding to copy filtered resources.
[INFO] skip non existing resourceDirectory /home/travis/build/failed/owlcs/owlapi/tools/src/test/resources
[INFO] 
[INFO] --- maven-compiler-plugin:3.6.0:testCompile (default-testCompile) @ owlapi-tools ---
[INFO] No sources to compile
[INFO] 
[INFO] --- maven-surefire-plugin:2.19.1:test (default-test) @ owlapi-tools ---
[INFO] Tests are skipped.
[INFO] 
[INFO] --- maven-jar-plugin:2.4:jar (default-jar) @ owlapi-tools ---
[INFO] Building jar: /home/travis/build/failed/owlcs/owlapi/tools/target/owlapi-tools-6.0.0-SNAPSHOT.jar
[INFO] 
[INFO] >>> maven-source-plugin:3.0.1:jar (attach-sources) > generate-sources @ owlapi-tools >>>
[INFO] 
[INFO] --- maven-enforcer-plugin:1.0:enforce (enforce-maven) @ owlapi-tools ---
[INFO] 
[INFO] <<< maven-source-plugin:3.0.1:jar (attach-sources) < generate-sources @ owlapi-tools <<<
[INFO] 
[INFO] --- maven-source-plugin:3.0.1:jar (attach-sources) @ owlapi-tools ---
[INFO] Building jar: /home/travis/build/failed/owlcs/owlapi/tools/target/owlapi-tools-6.0.0-SNAPSHOT-sources.jar
[INFO] 
[INFO] --- maven-javadoc-plugin:2.10.4:jar (attach-javadocs) @ owlapi-tools ---
[INFO] Skipping javadoc generation
[INFO] 
[INFO] --- maven-failsafe-plugin:2.19.1:integration-test (default) @ owlapi-tools ---
[INFO] Tests are skipped.
[INFO] 
[INFO] --- maven-failsafe-plugin:2.19.1:verify (default) @ owlapi-tools ---
[INFO] Tests are skipped.
[INFO] 
[INFO] --- maven-install-plugin:2.4:install (default-install) @ owlapi-tools ---
[INFO] Installing /home/travis/build/failed/owlcs/owlapi/tools/target/owlapi-tools-6.0.0-SNAPSHOT.jar to /home/travis/.m2/repository/net/sourceforge/owlapi/owlapi-tools/6.0.0-SNAPSHOT/owlapi-tools-6.0.0-SNAPSHOT.jar
[INFO] Installing /home/travis/build/failed/owlcs/owlapi/tools/pom.xml to /home/travis/.m2/repository/net/sourceforge/owlapi/owlapi-tools/6.0.0-SNAPSHOT/owlapi-tools-6.0.0-SNAPSHOT.pom
[INFO] Installing /home/travis/build/failed/owlcs/owlapi/tools/target/owlapi-tools-6.0.0-SNAPSHOT-sources.jar to /home/travis/.m2/repository/net/sourceforge/owlapi/owlapi-tools/6.0.0-SNAPSHOT/owlapi-tools-6.0.0-SNAPSHOT-sources.jar
[INFO]                                                                         
[INFO] ------------------------------------------------------------------------
[INFO] Building OWLAPI :: Parsers 6.0.0-SNAPSHOT
[INFO] ------------------------------------------------------------------------
[INFO] 
[INFO] --- maven-enforcer-plugin:1.0:enforce (enforce-maven) @ owlapi-parsers ---
[INFO] 
[INFO] --- maven-resources-plugin:2.6:resources (default-resources) @ owlapi-parsers ---
[INFO] Using 'UTF-8' encoding to copy filtered resources.
[INFO] Copying 2 resources
[INFO] 
[INFO] --- maven-compiler-plugin:3.6.0:compile (default-compile) @ owlapi-parsers ---
[INFO] Changes detected - recompiling the module!
[INFO] Compiling 198 source files to /home/travis/build/failed/owlcs/owlapi/parsers/target/classes
[INFO] /home/travis/build/failed/owlcs/owlapi/parsers/src/main/java/org/semanticweb/owlapi/manchestersyntax/parser/ManchesterOWLSyntaxParserImpl.java: /home/travis/build/failed/owlcs/owlapi/parsers/src/main/java/org/semanticweb/owlapi/manchestersyntax/parser/ManchesterOWLSyntaxParserImpl.java uses or overrides a deprecated API.
[INFO] /home/travis/build/failed/owlcs/owlapi/parsers/src/main/java/org/semanticweb/owlapi/manchestersyntax/parser/ManchesterOWLSyntaxParserImpl.java: Recompile with -Xlint:deprecation for details.
[INFO] /home/travis/build/failed/owlcs/owlapi/parsers/src/main/java/org/semanticweb/owlapi/rdf/model/AbstractTranslator.java: Some input files use unchecked or unsafe operations.
[INFO] /home/travis/build/failed/owlcs/owlapi/parsers/src/main/java/org/semanticweb/owlapi/rdf/model/AbstractTranslator.java: Recompile with -Xlint:unchecked for details.
[INFO] 
[INFO] --- maven-resources-plugin:2.6:testResources (default-testResources) @ owlapi-parsers ---
[INFO] Using 'UTF-8' encoding to copy filtered resources.
[INFO] skip non existing resourceDirectory /home/travis/build/failed/owlcs/owlapi/parsers/src/test/resources
[INFO] 
[INFO] --- maven-compiler-plugin:3.6.0:testCompile (default-testCompile) @ owlapi-parsers ---
[INFO] No sources to compile
[INFO] 
[INFO] --- maven-surefire-plugin:2.19.1:test (default-test) @ owlapi-parsers ---
[INFO] Tests are skipped.
[INFO] 
[INFO] --- maven-jar-plugin:2.4:jar (default-jar) @ owlapi-parsers ---
[INFO] Building jar: /home/travis/build/failed/owlcs/owlapi/parsers/target/owlapi-parsers-6.0.0-SNAPSHOT.jar
[INFO] 
[INFO] >>> maven-source-plugin:3.0.1:jar (attach-sources) > generate-sources @ owlapi-parsers >>>
[INFO] 
[INFO] --- maven-enforcer-plugin:1.0:enforce (enforce-maven) @ owlapi-parsers ---
[INFO] 
[INFO] <<< maven-source-plugin:3.0.1:jar (attach-sources) < generate-sources @ owlapi-parsers <<<
[INFO] 
[INFO] --- maven-source-plugin:3.0.1:jar (attach-sources) @ owlapi-parsers ---
[INFO] Building jar: /home/travis/build/failed/owlcs/owlapi/parsers/target/owlapi-parsers-6.0.0-SNAPSHOT-sources.jar
[INFO] 
[INFO] --- maven-javadoc-plugin:2.10.4:jar (attach-javadocs) @ owlapi-parsers ---
[INFO] Skipping javadoc generation
[INFO] 
[INFO] --- maven-failsafe-plugin:2.19.1:integration-test (default) @ owlapi-parsers ---
[INFO] Tests are skipped.
[INFO] 
[INFO] --- maven-failsafe-plugin:2.19.1:verify (default) @ owlapi-parsers ---
[INFO] Tests are skipped.
[INFO] 
[INFO] --- maven-install-plugin:2.4:install (default-install) @ owlapi-parsers ---
[INFO] Installing /home/travis/build/failed/owlcs/owlapi/parsers/target/owlapi-parsers-6.0.0-SNAPSHOT.jar to /home/travis/.m2/repository/net/sourceforge/owlapi/owlapi-parsers/6.0.0-SNAPSHOT/owlapi-parsers-6.0.0-SNAPSHOT.jar
[INFO] Installing /home/travis/build/failed/owlcs/owlapi/parsers/pom.xml to /home/travis/.m2/repository/net/sourceforge/owlapi/owlapi-parsers/6.0.0-SNAPSHOT/owlapi-parsers-6.0.0-SNAPSHOT.pom
[INFO] Installing /home/travis/build/failed/owlcs/owlapi/parsers/target/owlapi-parsers-6.0.0-SNAPSHOT-sources.jar to /home/travis/.m2/repository/net/sourceforge/owlapi/owlapi-parsers/6.0.0-SNAPSHOT/owlapi-parsers-6.0.0-SNAPSHOT-sources.jar
[INFO]                                                                         
[INFO] ------------------------------------------------------------------------
[INFO] Building OWLAPI :: OBO Format 6.0.0-SNAPSHOT
[INFO] ------------------------------------------------------------------------
[INFO] 
[INFO] --- maven-enforcer-plugin:1.0:enforce (enforce-maven) @ owlapi-oboformat ---
[INFO] 
[INFO] --- maven-resources-plugin:2.6:resources (default-resources) @ owlapi-oboformat ---
[INFO] Using 'UTF-8' encoding to copy filtered resources.
[INFO] Copying 2 resources
[INFO] 
[INFO] --- maven-compiler-plugin:3.6.0:compile (default-compile) @ owlapi-oboformat ---
[INFO] Changes detected - recompiling the module!
[INFO] Compiling 40 source files to /home/travis/build/failed/owlcs/owlapi/oboformat/target/classes
[INFO] 
[INFO] --- maven-resources-plugin:2.6:testResources (default-testResources) @ owlapi-oboformat ---
[INFO] Using 'UTF-8' encoding to copy filtered resources.
[INFO] skip non existing resourceDirectory /home/travis/build/failed/owlcs/owlapi/oboformat/src/test/resources
[INFO] 
[INFO] --- maven-compiler-plugin:3.6.0:testCompile (default-testCompile) @ owlapi-oboformat ---
[INFO] Changes detected - recompiling the module!
[INFO] Compiling 1 source file to /home/travis/build/failed/owlcs/owlapi/oboformat/target/test-classes
[INFO] 
[INFO] --- maven-surefire-plugin:2.19.1:test (default-test) @ owlapi-oboformat ---
[INFO] Tests are skipped.
[INFO] 
[INFO] --- maven-jar-plugin:2.4:jar (default-jar) @ owlapi-oboformat ---
[INFO] Building jar: /home/travis/build/failed/owlcs/owlapi/oboformat/target/owlapi-oboformat-6.0.0-SNAPSHOT.jar
[INFO] 
[INFO] >>> maven-source-plugin:3.0.1:jar (attach-sources) > generate-sources @ owlapi-oboformat >>>
[INFO] 
[INFO] --- maven-enforcer-plugin:1.0:enforce (enforce-maven) @ owlapi-oboformat ---
[INFO] 
[INFO] <<< maven-source-plugin:3.0.1:jar (attach-sources) < generate-sources @ owlapi-oboformat <<<
[INFO] 
[INFO] --- maven-source-plugin:3.0.1:jar (attach-sources) @ owlapi-oboformat ---
[INFO] Building jar: /home/travis/build/failed/owlcs/owlapi/oboformat/target/owlapi-oboformat-6.0.0-SNAPSHOT-sources.jar
[INFO] 
[INFO] --- maven-javadoc-plugin:2.10.4:jar (attach-javadocs) @ owlapi-oboformat ---
[INFO] Skipping javadoc generation
[INFO] 
[INFO] --- maven-failsafe-plugin:2.19.1:integration-test (default) @ owlapi-oboformat ---
[INFO] Tests are skipped.
[INFO] 
[INFO] --- maven-failsafe-plugin:2.19.1:verify (default) @ owlapi-oboformat ---
[INFO] Tests are skipped.
[INFO] 
[INFO] --- maven-install-plugin:2.4:install (default-install) @ owlapi-oboformat ---
[INFO] Installing /home/travis/build/failed/owlcs/owlapi/oboformat/target/owlapi-oboformat-6.0.0-SNAPSHOT.jar to /home/travis/.m2/repository/net/sourceforge/owlapi/owlapi-oboformat/6.0.0-SNAPSHOT/owlapi-oboformat-6.0.0-SNAPSHOT.jar
[INFO] Installing /home/travis/build/failed/owlcs/owlapi/oboformat/pom.xml to /home/travis/.m2/repository/net/sourceforge/owlapi/owlapi-oboformat/6.0.0-SNAPSHOT/owlapi-oboformat-6.0.0-SNAPSHOT.pom
[INFO] Installing /home/travis/build/failed/owlcs/owlapi/oboformat/target/owlapi-oboformat-6.0.0-SNAPSHOT-sources.jar to /home/travis/.m2/repository/net/sourceforge/owlapi/owlapi-oboformat/6.0.0-SNAPSHOT/owlapi-oboformat-6.0.0-SNAPSHOT-sources.jar
[INFO]                                                                         
[INFO] ------------------------------------------------------------------------
[INFO] Building OWLAPI :: RDF4J Rio 6.0.0-SNAPSHOT
[INFO] ------------------------------------------------------------------------
[INFO] 
[INFO] --- maven-enforcer-plugin:1.0:enforce (enforce-maven) @ owlapi-rio ---
[INFO] 
[INFO] --- maven-resources-plugin:2.6:resources (default-resources) @ owlapi-rio ---
[INFO] Using 'UTF-8' encoding to copy filtered resources.
[INFO] Copying 5 resources
[INFO] 
[INFO] --- maven-compiler-plugin:3.6.0:compile (default-compile) @ owlapi-rio ---
[INFO] Changes detected - recompiling the module!
[INFO] Compiling 65 source files to /home/travis/build/failed/owlcs/owlapi/rio/target/classes
[INFO] /home/travis/build/failed/owlcs/owlapi/rio/src/main/java/org/semanticweb/owlapi/rio/RioStorer.java: /home/travis/build/failed/owlcs/owlapi/rio/src/main/java/org/semanticweb/owlapi/rio/RioStorer.java uses unchecked or unsafe operations.
[INFO] /home/travis/build/failed/owlcs/owlapi/rio/src/main/java/org/semanticweb/owlapi/rio/RioStorer.java: Recompile with -Xlint:unchecked for details.
[INFO] 
[INFO] --- maven-resources-plugin:2.6:testResources (default-testResources) @ owlapi-rio ---
[INFO] Using 'UTF-8' encoding to copy filtered resources.
[INFO] skip non existing resourceDirectory /home/travis/build/failed/owlcs/owlapi/rio/src/test/resources
[INFO] 
[INFO] --- maven-compiler-plugin:3.6.0:testCompile (default-testCompile) @ owlapi-rio ---
[INFO] No sources to compile
[INFO] 
[INFO] --- maven-surefire-plugin:2.19.1:test (default-test) @ owlapi-rio ---
[INFO] Tests are skipped.
[INFO] 
[INFO] --- maven-jar-plugin:2.4:jar (default-jar) @ owlapi-rio ---
[INFO] Building jar: /home/travis/build/failed/owlcs/owlapi/rio/target/owlapi-rio-6.0.0-SNAPSHOT.jar
[INFO] 
[INFO] >>> maven-source-plugin:3.0.1:jar (attach-sources) > generate-sources @ owlapi-rio >>>
[INFO] 
[INFO] --- maven-enforcer-plugin:1.0:enforce (enforce-maven) @ owlapi-rio ---
[INFO] 
[INFO] <<< maven-source-plugin:3.0.1:jar (attach-sources) < generate-sources @ owlapi-rio <<<
[INFO] 
[INFO] --- maven-source-plugin:3.0.1:jar (attach-sources) @ owlapi-rio ---
[INFO] Building jar: /home/travis/build/failed/owlcs/owlapi/rio/target/owlapi-rio-6.0.0-SNAPSHOT-sources.jar
[INFO] 
[INFO] --- maven-javadoc-plugin:2.10.4:jar (attach-javadocs) @ owlapi-rio ---
[INFO] Skipping javadoc generation
[INFO] 
[INFO] --- maven-failsafe-plugin:2.19.1:integration-test (default) @ owlapi-rio ---
[INFO] Tests are skipped.
[INFO] 
[INFO] --- maven-failsafe-plugin:2.19.1:verify (default) @ owlapi-rio ---
[INFO] Tests are skipped.
[INFO] 
[INFO] --- maven-install-plugin:2.4:install (default-install) @ owlapi-rio ---
[INFO] Installing /home/travis/build/failed/owlcs/owlapi/rio/target/owlapi-rio-6.0.0-SNAPSHOT.jar to /home/travis/.m2/repository/net/sourceforge/owlapi/owlapi-rio/6.0.0-SNAPSHOT/owlapi-rio-6.0.0-SNAPSHOT.jar
[INFO] Installing /home/travis/build/failed/owlcs/owlapi/rio/pom.xml to /home/travis/.m2/repository/net/sourceforge/owlapi/owlapi-rio/6.0.0-SNAPSHOT/owlapi-rio-6.0.0-SNAPSHOT.pom
[INFO] Installing /home/travis/build/failed/owlcs/owlapi/rio/target/owlapi-rio-6.0.0-SNAPSHOT-sources.jar to /home/travis/.m2/repository/net/sourceforge/owlapi/owlapi-rio/6.0.0-SNAPSHOT/owlapi-rio-6.0.0-SNAPSHOT-sources.jar
[INFO]                                                                         
[INFO] ------------------------------------------------------------------------
[INFO] Building OWLAPI :: Binding and Config 6.0.0-SNAPSHOT
[INFO] ------------------------------------------------------------------------
[INFO] 
[INFO] --- maven-enforcer-plugin:1.0:enforce (enforce-maven) @ owlapi-apibinding ---
[INFO] 
[INFO] --- maven-resources-plugin:2.6:resources (default-resources) @ owlapi-apibinding ---
[INFO] Using 'UTF-8' encoding to copy filtered resources.
[INFO] Copying 1 resource
[INFO] 
[INFO] --- maven-compiler-plugin:3.6.0:compile (default-compile) @ owlapi-apibinding ---
[INFO] Changes detected - recompiling the module!
[INFO] Compiling 6 source files to /home/travis/build/failed/owlcs/owlapi/apibinding/target/classes
[INFO] 
[INFO] --- maven-resources-plugin:2.6:testResources (default-testResources) @ owlapi-apibinding ---
[INFO] Using 'UTF-8' encoding to copy filtered resources.
[INFO] skip non existing resourceDirectory /home/travis/build/failed/owlcs/owlapi/apibinding/src/test/resources
[INFO] 
[INFO] --- maven-compiler-plugin:3.6.0:testCompile (default-testCompile) @ owlapi-apibinding ---
[INFO] No sources to compile
[INFO] 
[INFO] --- maven-surefire-plugin:2.19.1:test (default-test) @ owlapi-apibinding ---
[INFO] Tests are skipped.
[INFO] 
[INFO] --- maven-jar-plugin:2.4:jar (default-jar) @ owlapi-apibinding ---
[INFO] Building jar: /home/travis/build/failed/owlcs/owlapi/apibinding/target/owlapi-apibinding-6.0.0-SNAPSHOT.jar
[INFO] 
[INFO] >>> maven-source-plugin:3.0.1:jar (attach-sources) > generate-sources @ owlapi-apibinding >>>
[INFO] 
[INFO] --- maven-enforcer-plugin:1.0:enforce (enforce-maven) @ owlapi-apibinding ---
[INFO] 
[INFO] <<< maven-source-plugin:3.0.1:jar (attach-sources) < generate-sources @ owlapi-apibinding <<<
[INFO] 
[INFO] --- maven-source-plugin:3.0.1:jar (attach-sources) @ owlapi-apibinding ---
[INFO] Building jar: /home/travis/build/failed/owlcs/owlapi/apibinding/target/owlapi-apibinding-6.0.0-SNAPSHOT-sources.jar
[INFO] 
[INFO] --- maven-javadoc-plugin:2.10.4:jar (attach-javadocs) @ owlapi-apibinding ---
[INFO] Skipping javadoc generation
[INFO] 
[INFO] --- maven-failsafe-plugin:2.19.1:integration-test (default) @ owlapi-apibinding ---
[INFO] Tests are skipped.
[INFO] 
[INFO] --- maven-failsafe-plugin:2.19.1:verify (default) @ owlapi-apibinding ---
[INFO] Tests are skipped.
[INFO] 
[INFO] --- maven-install-plugin:2.4:install (default-install) @ owlapi-apibinding ---
[INFO] Installing /home/travis/build/failed/owlcs/owlapi/apibinding/target/owlapi-apibinding-6.0.0-SNAPSHOT.jar to /home/travis/.m2/repository/net/sourceforge/owlapi/owlapi-apibinding/6.0.0-SNAPSHOT/owlapi-apibinding-6.0.0-SNAPSHOT.jar
[INFO] Installing /home/travis/build/failed/owlcs/owlapi/apibinding/pom.xml to /home/travis/.m2/repository/net/sourceforge/owlapi/owlapi-apibinding/6.0.0-SNAPSHOT/owlapi-apibinding-6.0.0-SNAPSHOT.pom
[INFO] Installing /home/travis/build/failed/owlcs/owlapi/apibinding/target/owlapi-apibinding-6.0.0-SNAPSHOT-sources.jar to /home/travis/.m2/repository/net/sourceforge/owlapi/owlapi-apibinding/6.0.0-SNAPSHOT/owlapi-apibinding-6.0.0-SNAPSHOT-sources.jar
[INFO]                                                                         
[INFO] ------------------------------------------------------------------------
[INFO] Building OWLAPI :: Compatibility 6.0.0-SNAPSHOT
[INFO] ------------------------------------------------------------------------
[INFO] 
[INFO] --- maven-enforcer-plugin:1.0:enforce (enforce-maven) @ owlapi-compatibility ---
[INFO] 
[INFO] --- maven-resources-plugin:2.6:resources (default-resources) @ owlapi-compatibility ---
[INFO] Using 'UTF-8' encoding to copy filtered resources.
[INFO] Copying 1 resource
[INFO] 
[INFO] --- maven-compiler-plugin:3.6.0:compile (default-compile) @ owlapi-compatibility ---
[INFO] Changes detected - recompiling the module!
[INFO] Compiling 68 source files to /home/travis/build/failed/owlcs/owlapi/compatibility/target/classes
[INFO] /home/travis/build/failed/owlcs/owlapi/compatibility/src/main/java/org/coode/owlapi/manchesterowlsyntax/ManchesterOWLSyntaxOntologyFormat.java: Some input files use or override a deprecated API.
[INFO] /home/travis/build/failed/owlcs/owlapi/compatibility/src/main/java/org/coode/owlapi/manchesterowlsyntax/ManchesterOWLSyntaxOntologyFormat.java: Recompile with -Xlint:deprecation for details.
[INFO] 
[INFO] --- maven-resources-plugin:2.6:testResources (default-testResources) @ owlapi-compatibility ---
[INFO] Using 'UTF-8' encoding to copy filtered resources.
[INFO] skip non existing resourceDirectory /home/travis/build/failed/owlcs/owlapi/compatibility/src/test/resources
[INFO] 
[INFO] --- maven-compiler-plugin:3.6.0:testCompile (default-testCompile) @ owlapi-compatibility ---
[INFO] No sources to compile
[INFO] 
[INFO] --- maven-surefire-plugin:2.19.1:test (default-test) @ owlapi-compatibility ---
[INFO] Tests are skipped.
[INFO] 
[INFO] --- maven-jar-plugin:2.4:jar (default-jar) @ owlapi-compatibility ---
[INFO] Building jar: /home/travis/build/failed/owlcs/owlapi/compatibility/target/owlapi-compatibility-6.0.0-SNAPSHOT.jar
[INFO] 
[INFO] >>> maven-source-plugin:3.0.1:jar (attach-sources) > generate-sources @ owlapi-compatibility >>>
[INFO] 
[INFO] --- maven-enforcer-plugin:1.0:enforce (enforce-maven) @ owlapi-compatibility ---
[INFO] 
[INFO] <<< maven-source-plugin:3.0.1:jar (attach-sources) < generate-sources @ owlapi-compatibility <<<
[INFO] 
[INFO] --- maven-source-plugin:3.0.1:jar (attach-sources) @ owlapi-compatibility ---
[INFO] Building jar: /home/travis/build/failed/owlcs/owlapi/compatibility/target/owlapi-compatibility-6.0.0-SNAPSHOT-sources.jar
[INFO] 
[INFO] --- maven-javadoc-plugin:2.10.4:jar (attach-javadocs) @ owlapi-compatibility ---
[INFO] Skipping javadoc generation
[INFO] 
[INFO] --- maven-failsafe-plugin:2.19.1:integration-test (default) @ owlapi-compatibility ---
[INFO] Tests are skipped.
[INFO] 
[INFO] --- maven-failsafe-plugin:2.19.1:verify (default) @ owlapi-compatibility ---
[INFO] Tests are skipped.
[INFO] 
[INFO] --- maven-install-plugin:2.4:install (default-install) @ owlapi-compatibility ---
[INFO] Installing /home/travis/build/failed/owlcs/owlapi/compatibility/target/owlapi-compatibility-6.0.0-SNAPSHOT.jar to /home/travis/.m2/repository/net/sourceforge/owlapi/owlapi-compatibility/6.0.0-SNAPSHOT/owlapi-compatibility-6.0.0-SNAPSHOT.jar
[INFO] Installing /home/travis/build/failed/owlcs/owlapi/compatibility/pom.xml to /home/travis/.m2/repository/net/sourceforge/owlapi/owlapi-compatibility/6.0.0-SNAPSHOT/owlapi-compatibility-6.0.0-SNAPSHOT.pom
[INFO] Installing /home/travis/build/failed/owlcs/owlapi/compatibility/target/owlapi-compatibility-6.0.0-SNAPSHOT-sources.jar to /home/travis/.m2/repository/net/sourceforge/owlapi/owlapi-compatibility/6.0.0-SNAPSHOT/owlapi-compatibility-6.0.0-SNAPSHOT-sources.jar
[INFO]                                                                         
[INFO] ------------------------------------------------------------------------
[INFO] Building OWLAPI :: Tests and Tutorials 6.0.0-SNAPSHOT
[INFO] ------------------------------------------------------------------------
[INFO] 
[INFO] --- maven-enforcer-plugin:1.0:enforce (enforce-maven) @ owlapi-contract ---
[INFO] 
[INFO] --- maven-resources-plugin:2.6:resources (default-resources) @ owlapi-contract ---
[INFO] Using 'UTF-8' encoding to copy filtered resources.
[INFO] skip non existing resourceDirectory /home/travis/build/failed/owlcs/owlapi/contract/src/main/resources
[INFO] 
[INFO] --- maven-compiler-plugin:3.6.0:compile (default-compile) @ owlapi-contract ---
[INFO] Changes detected - recompiling the module!
[INFO] Compiling 8 source files to /home/travis/build/failed/owlcs/owlapi/contract/target/classes
[INFO] 
[INFO] --- maven-resources-plugin:2.6:testResources (default-testResources) @ owlapi-contract ---
[INFO] Using 'UTF-8' encoding to copy filtered resources.
[INFO] Copying 172 resources
[INFO] 
[INFO] --- maven-compiler-plugin:3.6.0:testCompile (default-testCompile) @ owlapi-contract ---
[INFO] Changes detected - recompiling the module!
[INFO] Compiling 235 source files to /home/travis/build/failed/owlcs/owlapi/contract/target/test-classes
[INFO] /home/travis/build/failed/owlcs/owlapi/contract/src/test/java/org/semanticweb/owlapi/api/test/DelegatingObjectVisitorExTestCase.java: /home/travis/build/failed/owlcs/owlapi/contract/src/test/java/org/semanticweb/owlapi/api/test/DelegatingObjectVisitorExTestCase.java uses unchecked or unsafe operations.
[INFO] /home/travis/build/failed/owlcs/owlapi/contract/src/test/java/org/semanticweb/owlapi/api/test/DelegatingObjectVisitorExTestCase.java: Recompile with -Xlint:unchecked for details.
[INFO] 
[INFO] --- maven-surefire-plugin:2.19.1:test (default-test) @ owlapi-contract ---
[INFO] Tests are skipped.
[INFO] 
[INFO] --- maven-jar-plugin:2.4:jar (default-jar) @ owlapi-contract ---
[INFO] Building jar: /home/travis/build/failed/owlcs/owlapi/contract/target/owlapi-contract-6.0.0-SNAPSHOT.jar
[INFO] 
[INFO] >>> maven-source-plugin:3.0.1:jar (attach-sources) > generate-sources @ owlapi-contract >>>
[INFO] 
[INFO] --- maven-enforcer-plugin:1.0:enforce (enforce-maven) @ owlapi-contract ---
[INFO] 
[INFO] <<< maven-source-plugin:3.0.1:jar (attach-sources) < generate-sources @ owlapi-contract <<<
[INFO] 
[INFO] --- maven-source-plugin:3.0.1:jar (attach-sources) @ owlapi-contract ---
[INFO] Building jar: /home/travis/build/failed/owlcs/owlapi/contract/target/owlapi-contract-6.0.0-SNAPSHOT-sources.jar
[INFO] 
[INFO] --- maven-javadoc-plugin:2.10.4:jar (attach-javadocs) @ owlapi-contract ---
[INFO] Skipping javadoc generation
[INFO] 
[INFO] --- maven-failsafe-plugin:2.19.1:integration-test (default) @ owlapi-contract ---
[INFO] Tests are skipped.
[INFO] 
[INFO] --- maven-failsafe-plugin:2.19.1:verify (default) @ owlapi-contract ---
[INFO] Tests are skipped.
[INFO] 
[INFO] --- maven-install-plugin:2.4:install (default-install) @ owlapi-contract ---
[INFO] Installing /home/travis/build/failed/owlcs/owlapi/contract/target/owlapi-contract-6.0.0-SNAPSHOT.jar to /home/travis/.m2/repository/net/sourceforge/owlapi/owlapi-contract/6.0.0-SNAPSHOT/owlapi-contract-6.0.0-SNAPSHOT.jar
[INFO] Installing /home/travis/build/failed/owlcs/owlapi/contract/pom.xml to /home/travis/.m2/repository/net/sourceforge/owlapi/owlapi-contract/6.0.0-SNAPSHOT/owlapi-contract-6.0.0-SNAPSHOT.pom
[INFO] Installing /home/travis/build/failed/owlcs/owlapi/contract/target/owlapi-contract-6.0.0-SNAPSHOT-sources.jar to /home/travis/.m2/repository/net/sourceforge/owlapi/owlapi-contract/6.0.0-SNAPSHOT/owlapi-contract-6.0.0-SNAPSHOT-sources.jar
[INFO]                                                                         
[INFO] ------------------------------------------------------------------------
[INFO] Building OWLAPI :: Distribution 6.0.0-SNAPSHOT
[INFO] ------------------------------------------------------------------------
[INFO] 
[INFO] --- maven-enforcer-plugin:1.0:enforce (enforce-maven) @ owlapi-distribution ---
[INFO] 
[INFO] --- maven-resources-plugin:3.2.0:resources (default-resources) @ owlapi-distribution ---
[INFO] Using 'UTF-8' encoding to copy filtered resources.
[INFO] Using 'UTF-8' encoding to copy filtered properties files.
[INFO] skip non existing resourceDirectory /home/travis/build/failed/owlcs/owlapi/distribution/src/main/resources
[INFO] 
[INFO] --- maven-compiler-plugin:3.6.0:compile (default-compile) @ owlapi-distribution ---
[INFO] No sources to compile
[INFO] 
[INFO] --- maven-resources-plugin:3.2.0:testResources (default-testResources) @ owlapi-distribution ---
[INFO] Using 'UTF-8' encoding to copy filtered resources.
[INFO] Using 'UTF-8' encoding to copy filtered properties files.
[INFO] skip non existing resourceDirectory /home/travis/build/failed/owlcs/owlapi/distribution/src/test/resources
[INFO] 
[INFO] --- maven-compiler-plugin:3.6.0:testCompile (default-testCompile) @ owlapi-distribution ---
[INFO] No sources to compile
[INFO] 
[INFO] --- maven-surefire-plugin:2.19.1:test (default-test) @ owlapi-distribution ---
[INFO] Tests are skipped.
[INFO] 
[INFO] --- maven-bundle-plugin:3.2.0:bundle (default-bundle) @ owlapi-distribution ---
[WARNING] Bundle net.sourceforge.owlapi:owlapi-distribution:bundle:6.0.0-SNAPSHOT : Unused Import-Package instructions: [org.apache.commons.logging.*] 
[INFO] 
[INFO] >>> maven-source-plugin:3.0.1:jar (attach-sources) > generate-sources @ owlapi-distribution >>>
[INFO] 
[INFO] --- maven-enforcer-plugin:1.0:enforce (enforce-maven) @ owlapi-distribution ---
[INFO] 
[INFO] <<< maven-source-plugin:3.0.1:jar (attach-sources) < generate-sources @ owlapi-distribution <<<
[INFO] 
[INFO] --- maven-source-plugin:3.0.1:jar (attach-sources) @ owlapi-distribution ---
[INFO] No sources in project. Archive not created.
[INFO] 
[INFO] --- maven-shade-plugin:2.4.3:shade (default) @ owlapi-distribution ---
[INFO] Including net.sourceforge.owlapi:owlapi-apibinding:jar:6.0.0-SNAPSHOT in the shaded jar.
[INFO] Including net.sourceforge.owlapi:owlapi-tools:jar:6.0.0-SNAPSHOT in the shaded jar.
[INFO] Including net.sourceforge.owlapi:owlapi-impl:jar:6.0.0-SNAPSHOT in the shaded jar.
[INFO] Including net.sourceforge.owlapi:owlapi-parsers:jar:6.0.0-SNAPSHOT in the shaded jar.
[INFO] Including net.sourceforge.owlapi:owlapi-oboformat:jar:6.0.0-SNAPSHOT in the shaded jar.
[INFO] Including net.sourceforge.owlapi:owlapi-rio:jar:6.0.0-SNAPSHOT in the shaded jar.
[INFO] Including net.sourceforge.owlapi:owlapi-api:jar:6.0.0-SNAPSHOT in the shaded jar.
[INFO] Excluding net.sourceforge.owlapi:owlapi-compatibility:jar:6.0.0-SNAPSHOT from the shaded jar.
[INFO] Excluding com.fasterxml.jackson.core:jackson-core:jar:2.8.5 from the shaded jar.
[INFO] Excluding com.fasterxml.jackson.core:jackson-databind:jar:2.8.5 from the shaded jar.
[INFO] Excluding com.fasterxml.jackson.core:jackson-annotations:jar:2.8.5 from the shaded jar.
[INFO] Excluding org.apache.commons:commons-rdf-api:jar:0.3.0-incubating from the shaded jar.
[INFO] Excluding org.tukaani:xz:jar:1.6 from the shaded jar.
[INFO] Excluding org.slf4j:slf4j-api:jar:1.7.22 from the shaded jar.
[INFO] Excluding org.slf4j:jcl-over-slf4j:jar:1.7.22 from the shaded jar.
[INFO] Excluding org.eclipse.rdf4j:rdf4j-model:jar:2.1.4 from the shaded jar.
[INFO] Excluding org.eclipse.rdf4j:rdf4j-rio-api:jar:2.1.4 from the shaded jar.
[INFO] Excluding org.eclipse.rdf4j:rdf4j-rio-languages:jar:2.1.4 from the shaded jar.
[INFO] Excluding org.eclipse.rdf4j:rdf4j-rio-datatypes:jar:2.1.4 from the shaded jar.
[INFO] Excluding org.eclipse.rdf4j:rdf4j-rio-binary:jar:2.1.4 from the shaded jar.
[INFO] Excluding org.eclipse.rdf4j:rdf4j-rio-n3:jar:2.1.4 from the shaded jar.
[INFO] Excluding org.eclipse.rdf4j:rdf4j-rio-nquads:jar:2.1.4 from the shaded jar.
[INFO] Excluding org.eclipse.rdf4j:rdf4j-rio-ntriples:jar:2.1.4 from the shaded jar.
[INFO] Excluding org.eclipse.rdf4j:rdf4j-rio-rdfjson:jar:2.1.4 from the shaded jar.
[INFO] Excluding org.eclipse.rdf4j:rdf4j-rio-jsonld:jar:2.1.4 from the shaded jar.
[INFO] Excluding org.eclipse.rdf4j:rdf4j-rio-rdfxml:jar:2.1.4 from the shaded jar.
[INFO] Excluding org.eclipse.rdf4j:rdf4j-rio-trix:jar:2.1.4 from the shaded jar.
[INFO] Excluding org.eclipse.rdf4j:rdf4j-rio-turtle:jar:2.1.4 from the shaded jar.
[INFO] Excluding org.eclipse.rdf4j:rdf4j-rio-trig:jar:2.1.4 from the shaded jar.
[INFO] Excluding org.eclipse.rdf4j:rdf4j-util:jar:2.1.4 from the shaded jar.
[INFO] Excluding com.github.jsonld-java:jsonld-java:jar:0.9.0 from the shaded jar.
[INFO] Excluding org.apache.httpcomponents:httpclient-osgi:jar:4.5.2 from the shaded jar.
[INFO] Excluding org.apache.httpcomponents:httpclient:jar:4.5.2 from the shaded jar.
[INFO] Excluding commons-codec:commons-codec:jar:1.9 from the shaded jar.
[INFO] Excluding org.apache.httpcomponents:httpmime:jar:4.5.2 from the shaded jar.
[INFO] Excluding org.apache.httpcomponents:httpclient-cache:jar:4.5.2 from the shaded jar.
[INFO] Excluding org.apache.httpcomponents:fluent-hc:jar:4.5.2 from the shaded jar.
[INFO] Excluding org.apache.httpcomponents:httpcore-osgi:jar:4.4.5 from the shaded jar.
[INFO] Excluding org.apache.httpcomponents:httpcore:jar:4.4.5 from the shaded jar.
[INFO] Excluding org.apache.httpcomponents:httpcore-nio:jar:4.4.5 from the shaded jar.
[INFO] Excluding net.sf.trove4j:trove4j:jar:3.0.3 from the shaded jar.
[INFO] Excluding com.github.ben-manes.caffeine:caffeine:jar:2.3.5 from the shaded jar.
[INFO] Excluding com.google.guava:guava:jar:20.0 from the shaded jar.
[INFO] Excluding com.google.inject:guice:jar:4.1.0 from the shaded jar.
[INFO] Excluding javax.inject:javax.inject:jar:1 from the shaded jar.
[INFO] Excluding aopalliance:aopalliance:jar:1.0 from the shaded jar.
[INFO] Excluding com.google.inject.extensions:guice-multibindings:jar:4.1.0 from the shaded jar.
[INFO] Excluding com.google.code.findbugs:jsr305:jar:3.0.1 from the shaded jar.
[INFO] Excluding commons-io:commons-io:jar:2.5 from the shaded jar.
[INFO] Excluding com.squareup.okhttp3:okhttp:jar:3.5.0 from the shaded jar.
[INFO] Excluding com.squareup.okio:okio:jar:1.11.0 from the shaded jar.
[WARNING] owlapi-distribution-6.0.0-SNAPSHOT.jar, owlapi-impl-6.0.0-SNAPSHOT.jar define 196 overlapping classes: 
[WARNING]   - org.semanticweb.owlapi.reasoner.impl.OWLNamedIndividualNodeSet
[WARNING]   - uk.ac.manchester.cs.owl.owlapi.SWRLIndividualArgumentImpl
[WARNING]   - uk.ac.manchester.cs.owl.owlapi.InitVisitorFactory$InitIndividualVisitor
[WARNING]   - uk.ac.manchester.cs.owl.owlapi.OWLDataAllValuesFromImpl
[WARNING]   - uk.ac.manchester.cs.owl.owlapi.concurrent.NonConcurrentOWLOntologyBuilder
[WARNING]   - uk.ac.manchester.cs.owl.owlapi.OWLImportsDeclarationImpl
[WARNING]   - uk.ac.manchester.cs.owl.owlapi.OWLSubPropertyAxiomImpl
[WARNING]   - uk.ac.manchester.cs.owl.owlapi.OWLSameIndividualAxiomImpl
[WARNING]   - uk.ac.manchester.cs.owl.owlapi.Internals$RemoveAxiomVisitor
[WARNING]   - uk.ac.manchester.cs.owl.owlapi.SWRLSameIndividualAtomImpl
[WARNING]   - 186 more...
[WARNING] owlapi-tools-6.0.0-SNAPSHOT.jar, owlapi-distribution-6.0.0-SNAPSHOT.jar define 136 overlapping classes: 
[WARNING]   - com.clarkparsia.owlapi.explanation.util.SilentExplanationProgressMonitor
[WARNING]   - uk.ac.manchester.cs.atomicdecomposition.package-info
[WARNING]   - uk.ac.manchester.cs.factplusplusad.OntologyBasedModularizer
[WARNING]   - org.semanticweb.owlapi.metrics.HiddenGCICount
[WARNING]   - org.semanticweb.owlapitools.decomposition.Modularizer
[WARNING]   - com.clarkparsia.owlapi.modularity.locality.SemanticLocalityEvaluator
[WARNING]   - uk.ac.manchester.cs.factplusplusad.Signature
[WARNING]   - org.semanticweb.owlapi.metrics.DoubleValuedMetric
[WARNING]   - org.semanticweb.owlapitools.decomposition.SigIndex
[WARNING]   - com.clarkparsia.owlapi.explanation.io.ExplanationRenderer
[WARNING]   - 126 more...
[WARNING] owlapi-distribution-6.0.0-SNAPSHOT.jar, owlapi-apibinding-6.0.0-SNAPSHOT.jar define 6 overlapping classes: 
[WARNING]   - org.semanticweb.owlapi.apibinding.OWLManager
[WARNING]   - org.semanticweb.owlapi.apibinding.package-info
[WARNING]   - org.semanticweb.owlapi.apibinding.OWLFunctionalSyntaxFactory
[WARNING]   - uk.ac.manchester.cs.owl.owlapi.OWLAPIImplModule
[WARNING]   - org.semanticweb.owlapi.OWLAPIParsersModule
[WARNING]   - org.semanticweb.owlapi.OWLAPIServiceLoaderModule
[WARNING] owlapi-distribution-6.0.0-SNAPSHOT.jar, owlapi-parsers-6.0.0-SNAPSHOT.jar define 358 overlapping classes: 
[WARNING]   - org.semanticweb.owlapi.owlxml.parser.SubAnnPropertyOfEH
[WARNING]   - org.semanticweb.owlapi.krss2.renderer.KRSSVocabulary
[WARNING]   - org.semanticweb.owlapi.owlxml.parser.DataOneOfEH
[WARNING]   - org.semanticweb.owlapi.rdf.rdfxml.renderer.package-info
[WARNING]   - org.semanticweb.owlapi.rdf.rdfxml.parser.Translators$ObjectMinCardinalityTranslator
[WARNING]   - org.semanticweb.owlapi.rdf.rdfxml.renderer.IllegalElementNameException
[WARNING]   - org.semanticweb.owlapi.rdf.turtle.parser.JavaCharStream
[WARNING]   - org.semanticweb.owlapi.rdf.rdfxml.parser.AnonMap
[WARNING]   - org.semanticweb.owlapi.latex.renderer.LatexOWLObjectRenderer
[WARNING]   - org.semanticweb.owlapi.owlxml.renderer.OWLXMLObjectRenderer
[WARNING]   - 348 more...
[WARNING] owlapi-distribution-6.0.0-SNAPSHOT.jar, owlapi-oboformat-6.0.0-SNAPSHOT.jar define 74 overlapping classes: 
[WARNING]   - org.obolibrary.oboformat.parser.OBOFormatException
[WARNING]   - org.obolibrary.obo2owl.OWLAPIOwl2Obo
[WARNING]   - org.obolibrary.macro.MacroExpansionGCIVisitor$MacroExpansions
[WARNING]   - org.obolibrary.oboformat.diff.Diff
[WARNING]   - org.obolibrary.obo2owl.IdTranslator
[WARNING]   - org.obolibrary.oboformat.model.Clause
[WARNING]   - org.obolibrary.oboformat.parser.XrefExpander$ReverseGenusDifferentiaExpansion
[WARNING]   - org.obolibrary.owl.LabelFunctionalSyntaxStorer
[WARNING]   - org.obolibrary.oboformat.model.FrameStructureException
[WARNING]   - org.obolibrary.macro.MacroExpansionVisitor
[WARNING]   - 64 more...
[WARNING] owlapi-api-6.0.0-SNAPSHOT.jar, owlapi-distribution-6.0.0-SNAPSHOT.jar define 885 overlapping classes: 
[WARNING]   - org.semanticweb.owlapi.model.OWLPropertyAssertionObject
[WARNING]   - org.semanticweb.owlapi.model.OWLAnonymousClassExpression
[WARNING]   - org.semanticweb.owlapi.model.HasApplyChange
[WARNING]   - org.semanticweb.owlapi.util.InferredIndividualAxiomGenerator
[WARNING]   - org.semanticweb.owlapi.model.SWRLDArgument
[WARNING]   - org.semanticweb.owlapi.util.OWLOntologyWalkerVisitor
[WARNING]   - org.semanticweb.owlapi.model.providers.ExistentialProvider
[WARNING]   - org.semanticweb.owlapi.model.axiomproviders.PropertyCharacteristicAxiomProvider
[WARNING]   - org.semanticweb.owlapi.model.OWLObjectPropertyDomainAxiom
[WARNING]   - org.semanticweb.owlapi.io.SystemOutDocumentTarget
[WARNING]   - 875 more...
[WARNING] owlapi-distribution-6.0.0-SNAPSHOT.jar, owlapi-rio-6.0.0-SNAPSHOT.jar define 68 overlapping classes: 
[WARNING]   - org.semanticweb.owlapi.formats.N3DocumentFormatFactory
[WARNING]   - org.semanticweb.owlapi.formats.RioTurtleDocumentFormatFactory
[WARNING]   - org.semanticweb.owlapi.rio.RioStorer
[WARNING]   - org.semanticweb.owlapi.rio.RioOWLRDFParser
[WARNING]   - org.semanticweb.owlapi.rio.OWLAPIRDFFormat
[WARNING]   - org.semanticweb.owlapi.formats.N3DocumentFormat
[WARNING]   - org.semanticweb.owlapi.rio.RioFunctionalSyntaxParserFactory
[WARNING]   - org.semanticweb.owlapi.rio.RioTrigStorerFactory
[WARNING]   - org.semanticweb.owlapi.rio.RioManchesterSyntaxParserFactory
[WARNING]   - org.semanticweb.owlapi.rio.AbstractRioStorerFactory
[WARNING]   - 58 more...
[WARNING] maven-shade-plugin has detected that some class files are
[WARNING] present in two or more JARs. When this happens, only one
[WARNING] single version of the class is copied to the uber jar.
[WARNING] Usually this is not harmful and you can skip these warnings,
[WARNING] otherwise try to manually exclude artifacts based on
[WARNING] mvn dependency:tree -Ddetail=true and the above output.
[WARNING] See http://maven.apache.org/plugins/maven-shade-plugin/
[INFO] Replacing original artifact with shaded artifact.
[INFO] Replacing /home/travis/build/failed/owlcs/owlapi/distribution/target/owlapi-distribution-6.0.0-SNAPSHOT.jar with /home/travis/build/failed/owlcs/owlapi/distribution/target/owlapi-distribution-6.0.0-SNAPSHOT-shaded.jar
[INFO] Dependency-reduced POM written at: /home/travis/build/failed/owlcs/owlapi/distribution/dependency-reduced-pom.xml
[INFO] 
[INFO] --- maven-javadoc-plugin:2.10.4:jar (attach-javadocs) @ owlapi-distribution ---
[INFO] Skipping javadoc generation
[INFO] 
[INFO] --- maven-javadoc-plugin:2.10.4:jar (attach-javadoc) @ owlapi-distribution ---
[INFO] Skipping javadoc generation
[INFO] 
[INFO] --- maven-assembly-plugin:3.0.0:single (attach-sources) @ owlapi-distribution ---
[INFO] Reading assembly descriptor: src/assembly/sources.xml
[INFO] Building jar: /home/travis/build/failed/owlcs/owlapi/distribution/target/owlapi-distribution-6.0.0-SNAPSHOT-sources.jar
[INFO] 
[INFO] --- maven-failsafe-plugin:2.19.1:integration-test (default) @ owlapi-distribution ---
[INFO] Tests are skipped.
[INFO] 
[INFO] --- maven-failsafe-plugin:2.19.1:verify (default) @ owlapi-distribution ---
[INFO] Tests are skipped.
[INFO] 
[INFO] --- maven-install-plugin:3.0.0-M1:install (default-install) @ owlapi-distribution ---
[INFO] Installing /home/travis/build/failed/owlcs/owlapi/distribution/target/owlapi-distribution-6.0.0-SNAPSHOT.jar to /home/travis/.m2/repository/net/sourceforge/owlapi/owlapi-distribution/6.0.0-SNAPSHOT/owlapi-distribution-6.0.0-SNAPSHOT.jar
[INFO] Installing /home/travis/build/failed/owlcs/owlapi/distribution/dependency-reduced-pom.xml to /home/travis/.m2/repository/net/sourceforge/owlapi/owlapi-distribution/6.0.0-SNAPSHOT/owlapi-distribution-6.0.0-SNAPSHOT.pom
[INFO] Installing /home/travis/build/failed/owlcs/owlapi/distribution/target/owlapi-distribution-6.0.0-SNAPSHOT-sources.jar to /home/travis/.m2/repository/net/sourceforge/owlapi/owlapi-distribution/6.0.0-SNAPSHOT/owlapi-distribution-6.0.0-SNAPSHOT-sources.jar
[INFO] 
[INFO] --- maven-bundle-plugin:3.2.0:install (default-install) @ owlapi-distribution ---
[INFO] Installing net/sourceforge/owlapi/owlapi-distribution/6.0.0-SNAPSHOT/owlapi-distribution-6.0.0-SNAPSHOT.jar
[INFO] Installing net/sourceforge/owlapi/owlapi-distribution/6.0.0-SNAPSHOT/owlapi-distribution-6.0.0-SNAPSHOT-sources.jar
[INFO] Writing OBR metadata
[INFO]                                                                         
[INFO] ------------------------------------------------------------------------
[INFO] Building OWLAPI :: OSGi and Compatibility Distribution 6.0.0-SNAPSHOT
[INFO] ------------------------------------------------------------------------
[INFO] 
[INFO] --- maven-enforcer-plugin:1.0:enforce (enforce-maven) @ owlapi-osgidistribution ---
[INFO] 
[INFO] --- maven-resources-plugin:3.2.0:resources (default-resources) @ owlapi-osgidistribution ---
[INFO] Using 'UTF-8' encoding to copy filtered resources.
[INFO] Using 'UTF-8' encoding to copy filtered properties files.
[INFO] skip non existing resourceDirectory /home/travis/build/failed/owlcs/owlapi/osgidistribution/src/main/resources
[INFO] 
[INFO] --- maven-compiler-plugin:3.6.0:compile (default-compile) @ owlapi-osgidistribution ---
[INFO] Changes detected - recompiling the module!
[INFO] Compiling 1 source file to /home/travis/build/failed/owlcs/owlapi/osgidistribution/target/classes
[INFO] 
[INFO] --- maven-resources-plugin:3.2.0:testResources (default-testResources) @ owlapi-osgidistribution ---
[INFO] Using 'UTF-8' encoding to copy filtered resources.
[INFO] Using 'UTF-8' encoding to copy filtered properties files.
[INFO] Copying 2 resources
[INFO] 
[INFO] --- maven-compiler-plugin:3.6.0:testCompile (default-testCompile) @ owlapi-osgidistribution ---
[INFO] Changes detected - recompiling the module!
[INFO] Compiling 4 source files to /home/travis/build/failed/owlcs/owlapi/osgidistribution/target/test-classes
[INFO] 
[INFO] --- maven-surefire-plugin:2.19.1:test (default-test) @ owlapi-osgidistribution ---
[INFO] Tests are skipped.
[INFO] 
[INFO] --- maven-bundle-plugin:3.2.0:bundle (default-bundle) @ owlapi-osgidistribution ---
[WARNING] Bundle net.sourceforge.owlapi:owlapi-osgidistribution:bundle:6.0.0-SNAPSHOT : Export com.clarkparsia.owlapi.explanation,  has 1,  private references [javax.annotation], 
[WARNING] Bundle net.sourceforge.owlapi:owlapi-osgidistribution:bundle:6.0.0-SNAPSHOT : Export com.clarkparsia.owlapi.explanation.io,  has 1,  private references [javax.annotation], 
[WARNING] Bundle net.sourceforge.owlapi:owlapi-osgidistribution:bundle:6.0.0-SNAPSHOT : Export org.semanticweb.owlapi,  has 1,  private references [javax.annotation], 
[WARNING] Bundle net.sourceforge.owlapi:owlapi-osgidistribution:bundle:6.0.0-SNAPSHOT : Export org.semanticweb.owlapi.apibinding,  has 1,  private references [javax.annotation], 
[WARNING] Bundle net.sourceforge.owlapi:owlapi-osgidistribution:bundle:6.0.0-SNAPSHOT : Export org.semanticweb.owlapi.change,  has 1,  private references [javax.annotation], 
[WARNING] Bundle net.sourceforge.owlapi:owlapi-osgidistribution:bundle:6.0.0-SNAPSHOT : Export org.semanticweb.owlapi.debugging,  has 1,  private references [javax.annotation], 
[WARNING] Bundle net.sourceforge.owlapi:owlapi-osgidistribution:bundle:6.0.0-SNAPSHOT : Export org.semanticweb.owlapi.dlsyntax.renderer,  has 1,  private references [javax.annotation], 
[WARNING] Bundle net.sourceforge.owlapi:owlapi-osgidistribution:bundle:6.0.0-SNAPSHOT : Export org.semanticweb.owlapi.expression,  has 1,  private references [javax.annotation], 
[WARNING] Bundle net.sourceforge.owlapi:owlapi-osgidistribution:bundle:6.0.0-SNAPSHOT : Export org.semanticweb.owlapi.formats,  has 2,  private references [javax.annotation, org.eclipse.rdf4j.rio], 
[WARNING] Bundle net.sourceforge.owlapi:owlapi-osgidistribution:bundle:6.0.0-SNAPSHOT : Export org.semanticweb.owlapi.functional.renderer,  has 1,  private references [javax.annotation], 
[WARNING] Bundle net.sourceforge.owlapi:owlapi-osgidistribution:bundle:6.0.0-SNAPSHOT : Export org.semanticweb.owlapi.io,  has 3,  private references [javax.annotation, org.tukaani.xz, org.apache.commons.rdf.api], 
[WARNING] Bundle net.sourceforge.owlapi:owlapi-osgidistribution:bundle:6.0.0-SNAPSHOT : Export org.semanticweb.owlapi.krss2.renderer,  has 1,  private references [javax.annotation], 
[WARNING] Bundle net.sourceforge.owlapi:owlapi-osgidistribution:bundle:6.0.0-SNAPSHOT : Export org.semanticweb.owlapi.manchestersyntax.parser,  has 1,  private references [javax.annotation], 
[WARNING] Bundle net.sourceforge.owlapi:owlapi-osgidistribution:bundle:6.0.0-SNAPSHOT : Export org.semanticweb.owlapi.manchestersyntax.renderer,  has 1,  private references [javax.annotation], 
[WARNING] Bundle net.sourceforge.owlapi:owlapi-osgidistribution:bundle:6.0.0-SNAPSHOT : Export org.semanticweb.owlapi.model,  has 2,  private references [javax.annotation, org.apache.commons.rdf.api], 
[WARNING] Bundle net.sourceforge.owlapi:owlapi-osgidistribution:bundle:6.0.0-SNAPSHOT : Export org.semanticweb.owlapi.model.parameters,  has 1,  private references [javax.annotation], 
[WARNING] Bundle net.sourceforge.owlapi:owlapi-osgidistribution:bundle:6.0.0-SNAPSHOT : Export org.semanticweb.owlapi.model.providers,  has 1,  private references [javax.annotation], 
[WARNING] Bundle net.sourceforge.owlapi:owlapi-osgidistribution:bundle:6.0.0-SNAPSHOT : Export org.semanticweb.owlapi.profiles,  has 1,  private references [javax.annotation], 
[WARNING] Bundle net.sourceforge.owlapi:owlapi-osgidistribution:bundle:6.0.0-SNAPSHOT : Export org.semanticweb.owlapi.profiles.violations,  has 1,  private references [javax.annotation], 
[WARNING] Bundle net.sourceforge.owlapi:owlapi-osgidistribution:bundle:6.0.0-SNAPSHOT : Export org.semanticweb.owlapi.rdf,  has 1,  private references [javax.annotation], 
[WARNING] Bundle net.sourceforge.owlapi:owlapi-osgidistribution:bundle:6.0.0-SNAPSHOT : Export org.semanticweb.owlapi.rdf.model,  has 1,  private references [javax.annotation], 
[WARNING] Bundle net.sourceforge.owlapi:owlapi-osgidistribution:bundle:6.0.0-SNAPSHOT : Export org.semanticweb.owlapi.rdf.rdfxml.parser,  has 1,  private references [javax.annotation], 
[WARNING] Bundle net.sourceforge.owlapi:owlapi-osgidistribution:bundle:6.0.0-SNAPSHOT : Export org.semanticweb.owlapi.rdf.rdfxml.renderer,  has 1,  private references [javax.annotation], 
[WARNING] Bundle net.sourceforge.owlapi:owlapi-osgidistribution:bundle:6.0.0-SNAPSHOT : Export org.semanticweb.owlapi.reasoner,  has 1,  private references [javax.annotation], 
[WARNING] Bundle net.sourceforge.owlapi:owlapi-osgidistribution:bundle:6.0.0-SNAPSHOT : Export org.semanticweb.owlapi.reasoner.impl,  has 1,  private references [javax.annotation], 
[WARNING] Bundle net.sourceforge.owlapi:owlapi-osgidistribution:bundle:6.0.0-SNAPSHOT : Export org.semanticweb.owlapi.rio,  has 6,  private references [javax.annotation, org.eclipse.rdf4j.rio.helpers, org.eclipse.rdf4j.common.iteration, org.eclipse.rdf4j, org.eclipse.rdf4j.rio, org.eclipse.rdf4j.model], 
[WARNING] Bundle net.sourceforge.owlapi:owlapi-osgidistribution:bundle:6.0.0-SNAPSHOT : Export org.semanticweb.owlapi.rio.utils,  has 2,  private references [org.eclipse.rdf4j.model, javax.annotation], 
[WARNING] Bundle net.sourceforge.owlapi:owlapi-osgidistribution:bundle:6.0.0-SNAPSHOT : Export org.semanticweb.owlapi.search,  has 1,  private references [javax.annotation], 
[WARNING] Bundle net.sourceforge.owlapi:owlapi-osgidistribution:bundle:6.0.0-SNAPSHOT : Export org.semanticweb.owlapi.util,  has 1,  private references [javax.annotation], 
[WARNING] Bundle net.sourceforge.owlapi:owlapi-osgidistribution:bundle:6.0.0-SNAPSHOT : Export org.semanticweb.owlapi.util.mansyntax,  has 1,  private references [javax.annotation], 
[WARNING] Bundle net.sourceforge.owlapi:owlapi-osgidistribution:bundle:6.0.0-SNAPSHOT : Export org.semanticweb.owlapi.vocab,  has 1,  private references [javax.annotation], 
[WARNING] Bundle net.sourceforge.owlapi:owlapi-osgidistribution:bundle:6.0.0-SNAPSHOT : Export org.semanticweb.owlapitools.builders,  has 1,  private references [javax.annotation], 
[WARNING] Bundle net.sourceforge.owlapi:owlapi-osgidistribution:bundle:6.0.0-SNAPSHOT : Export org.semanticweb.owlapitools.decomposition,  has 1,  private references [javax.annotation], 
[WARNING] Bundle net.sourceforge.owlapi:owlapi-osgidistribution:bundle:6.0.0-SNAPSHOT : Export uk.ac.manchester.cs.atomicdecomposition,  has 1,  private references [javax.annotation], 
[WARNING] Bundle net.sourceforge.owlapi:owlapi-osgidistribution:bundle:6.0.0-SNAPSHOT : Export uk.ac.manchester.cs.chainsaw,  has 2,  private references [gnu.trove.list, javax.annotation], 
[WARNING] Bundle net.sourceforge.owlapi:owlapi-osgidistribution:bundle:6.0.0-SNAPSHOT : Export uk.ac.manchester.cs.owl.explanation.ordering,  has 1,  private references [javax.annotation], 
[WARNING] Bundle net.sourceforge.owlapi:owlapi-osgidistribution:bundle:6.0.0-SNAPSHOT : Export uk.ac.manchester.cs.owl.owlapi,  has 2,  private references [javax.annotation, com.github.benmanes.caffeine.cache], 
[WARNING] Bundle net.sourceforge.owlapi:owlapi-osgidistribution:bundle:6.0.0-SNAPSHOT : Export uk.ac.manchester.cs.owl.owlapi.concurrent,  has 1,  private references [javax.annotation], 
[WARNING] Bundle net.sourceforge.owlapi:owlapi-osgidistribution:bundle:6.0.0-SNAPSHOT : Export uk.ac.manchester.cs.owlapi.modularity,  has 1,  private references [javax.annotation], 
[WARNING] Bundle net.sourceforge.owlapi:owlapi-osgidistribution:bundle:6.0.0-SNAPSHOT : Export org.obolibrary.macro,  has 1,  private references [javax.annotation], 
[WARNING] Bundle net.sourceforge.owlapi:owlapi-osgidistribution:bundle:6.0.0-SNAPSHOT : Export org.obolibrary.obo2owl,  has 1,  private references [javax.annotation], 
[WARNING] Bundle net.sourceforge.owlapi:owlapi-osgidistribution:bundle:6.0.0-SNAPSHOT : Export org.obolibrary.oboformat.diff,  has 1,  private references [javax.annotation], 
[WARNING] Bundle net.sourceforge.owlapi:owlapi-osgidistribution:bundle:6.0.0-SNAPSHOT : Export org.obolibrary.oboformat.model,  has 1,  private references [javax.annotation], 
[WARNING] Bundle net.sourceforge.owlapi:owlapi-osgidistribution:bundle:6.0.0-SNAPSHOT : Export org.obolibrary.oboformat.parser,  has 1,  private references [javax.annotation], 
[WARNING] Bundle net.sourceforge.owlapi:owlapi-osgidistribution:bundle:6.0.0-SNAPSHOT : Export org.obolibrary.oboformat.writer,  has 2,  private references [javax.annotation, gnu.trove.map.hash], 
[WARNING] Bundle net.sourceforge.owlapi:owlapi-osgidistribution:bundle:6.0.0-SNAPSHOT : Export org.obolibrary.owl,  has 1,  private references [javax.annotation], 
[WARNING] Bundle net.sourceforge.owlapi:owlapi-osgidistribution:bundle:6.0.0-SNAPSHOT : Export org.coode.owlapi.manchesterowlsyntax,  has 1,  private references [javax.annotation], 
[WARNING] Bundle net.sourceforge.owlapi:owlapi-osgidistribution:bundle:6.0.0-SNAPSHOT : Export org.coode.owlapi.obo12.parser,  has 1,  private references [javax.annotation], 
[INFO] 
[INFO] >>> maven-source-plugin:3.0.1:jar (attach-sources) > generate-sources @ owlapi-osgidistribution >>>
[INFO] 
[INFO] --- maven-enforcer-plugin:1.0:enforce (enforce-maven) @ owlapi-osgidistribution ---
[INFO] 
[INFO] <<< maven-source-plugin:3.0.1:jar (attach-sources) < generate-sources @ owlapi-osgidistribution <<<
[INFO] 
[INFO] --- maven-source-plugin:3.0.1:jar (attach-sources) @ owlapi-osgidistribution ---
[INFO] Building jar: /home/travis/build/failed/owlcs/owlapi/osgidistribution/target/owlapi-osgidistribution-6.0.0-SNAPSHOT-sources.jar
[INFO] 
[INFO] --- maven-javadoc-plugin:2.10.4:jar (attach-javadocs) @ owlapi-osgidistribution ---
[INFO] Skipping javadoc generation
[INFO] 
[INFO] --- maven-javadoc-plugin:2.10.4:jar (attach-javadoc) @ owlapi-osgidistribution ---
[INFO] Skipping javadoc generation
[INFO] 
[INFO] --- maven-shade-plugin:2.4.3:shade (default) @ owlapi-osgidistribution ---
[INFO] Including net.sourceforge.owlapi:owlapi-apibinding:jar:6.0.0-SNAPSHOT in the shaded jar.
[INFO] Including net.sourceforge.owlapi:owlapi-tools:jar:6.0.0-SNAPSHOT in the shaded jar.
[INFO] Including net.sourceforge.owlapi:owlapi-impl:jar:6.0.0-SNAPSHOT in the shaded jar.
[INFO] Including net.sourceforge.owlapi:owlapi-parsers:jar:6.0.0-SNAPSHOT in the shaded jar.
[INFO] Including net.sourceforge.owlapi:owlapi-oboformat:jar:6.0.0-SNAPSHOT in the shaded jar.
[INFO] Including net.sourceforge.owlapi:owlapi-rio:jar:6.0.0-SNAPSHOT in the shaded jar.
[INFO] Including net.sourceforge.owlapi:owlapi-api:jar:6.0.0-SNAPSHOT in the shaded jar.
[INFO] Including net.sourceforge.owlapi:owlapi-compatibility:jar:6.0.0-SNAPSHOT in the shaded jar.
[INFO] Excluding com.google.code.findbugs:jsr305:jar:3.0.1 from the shaded jar.
[INFO] Excluding com.fasterxml.jackson.core:jackson-core:jar:2.8.5 from the shaded jar.
[INFO] Excluding com.fasterxml.jackson.core:jackson-databind:jar:2.8.5 from the shaded jar.
[INFO] Excluding com.fasterxml.jackson.core:jackson-annotations:jar:2.8.5 from the shaded jar.
[INFO] Excluding org.apache.commons:commons-rdf-api:jar:0.3.0-incubating from the shaded jar.
[INFO] Excluding org.tukaani:xz:jar:1.6 from the shaded jar.
[INFO] Excluding org.slf4j:slf4j-api:jar:1.7.22 from the shaded jar.
[INFO] Excluding org.slf4j:jcl-over-slf4j:jar:1.7.22 from the shaded jar.
[INFO] Excluding org.eclipse.rdf4j:rdf4j-model:jar:2.1.4 from the shaded jar.
[INFO] Excluding org.eclipse.rdf4j:rdf4j-rio-api:jar:2.1.4 from the shaded jar.
[INFO] Excluding org.eclipse.rdf4j:rdf4j-rio-languages:jar:2.1.4 from the shaded jar.
[INFO] Excluding org.eclipse.rdf4j:rdf4j-rio-datatypes:jar:2.1.4 from the shaded jar.
[INFO] Excluding org.eclipse.rdf4j:rdf4j-rio-binary:jar:2.1.4 from the shaded jar.
[INFO] Excluding org.eclipse.rdf4j:rdf4j-rio-n3:jar:2.1.4 from the shaded jar.
[INFO] Excluding org.eclipse.rdf4j:rdf4j-rio-nquads:jar:2.1.4 from the shaded jar.
[INFO] Excluding org.eclipse.rdf4j:rdf4j-rio-ntriples:jar:2.1.4 from the shaded jar.
[INFO] Excluding org.eclipse.rdf4j:rdf4j-rio-rdfjson:jar:2.1.4 from the shaded jar.
[INFO] Excluding org.eclipse.rdf4j:rdf4j-rio-jsonld:jar:2.1.4 from the shaded jar.
[INFO] Excluding org.eclipse.rdf4j:rdf4j-rio-rdfxml:jar:2.1.4 from the shaded jar.
[INFO] Excluding org.eclipse.rdf4j:rdf4j-rio-trix:jar:2.1.4 from the shaded jar.
[INFO] Excluding org.eclipse.rdf4j:rdf4j-rio-turtle:jar:2.1.4 from the shaded jar.
[INFO] Excluding org.eclipse.rdf4j:rdf4j-rio-trig:jar:2.1.4 from the shaded jar.
[INFO] Excluding org.eclipse.rdf4j:rdf4j-util:jar:2.1.4 from the shaded jar.
[INFO] Excluding com.github.jsonld-java:jsonld-java:jar:0.9.0 from the shaded jar.
[INFO] Excluding org.apache.httpcomponents:httpclient-osgi:jar:4.5.2 from the shaded jar.
[INFO] Excluding org.apache.httpcomponents:httpmime:jar:4.5.2 from the shaded jar.
[INFO] Excluding org.apache.httpcomponents:fluent-hc:jar:4.5.2 from the shaded jar.
[INFO] Excluding org.apache.httpcomponents:httpcore-osgi:jar:4.4.5 from the shaded jar.
[INFO] Excluding org.apache.httpcomponents:httpcore-nio:jar:4.4.5 from the shaded jar.
[INFO] Excluding org.apache.httpcomponents:httpclient:jar:4.5.2 from the shaded jar.
[INFO] Excluding org.apache.httpcomponents:httpclient-cache:jar:4.5.2 from the shaded jar.
[INFO] Excluding org.apache.httpcomponents:httpcore:jar:4.4.5 from the shaded jar.
[INFO] Excluding commons-codec:commons-codec:jar:1.10 from the shaded jar.
[INFO] Excluding commons-logging:commons-logging:jar:1.2 from the shaded jar.
[INFO] Excluding commons-io:commons-io:jar:2.5 from the shaded jar.
[INFO] Excluding net.sf.trove4j:trove4j:jar:3.0.3 from the shaded jar.
[INFO] Excluding com.google.guava:guava:jar:20.0 from the shaded jar.
[INFO] Excluding com.google.inject:guice:jar:4.1.0 from the shaded jar.
[INFO] Excluding javax.inject:javax.inject:jar:1 from the shaded jar.
[INFO] Excluding aopalliance:aopalliance:jar:1.0 from the shaded jar.
[INFO] Excluding com.google.inject.extensions:guice-multibindings:jar:4.1.0 from the shaded jar.
[INFO] Excluding com.github.ben-manes.caffeine:caffeine:jar:2.3.5 from the shaded jar.
[INFO] Excluding com.squareup.okhttp3:okhttp:jar:3.5.0 from the shaded jar.
[INFO] Excluding com.squareup.okio:okio:jar:1.11.0 from the shaded jar.
[INFO] Excluding org.apache.servicemix.bundles:org.apache.servicemix.bundles.javax-inject:jar:1_2 from the shaded jar.
[INFO] Excluding org.apache.servicemix.bundles:org.apache.servicemix.bundles.aopalliance:jar:1.0_6 from the shaded jar.
[WARNING] owlapi-tools-6.0.0-SNAPSHOT.jar, owlapi-osgidistribution-6.0.0-SNAPSHOT.jar define 136 overlapping classes: 
[WARNING]   - com.clarkparsia.owlapi.explanation.util.SilentExplanationProgressMonitor
[WARNING]   - uk.ac.manchester.cs.atomicdecomposition.package-info
[WARNING]   - uk.ac.manchester.cs.factplusplusad.OntologyBasedModularizer
[WARNING]   - org.semanticweb.owlapi.metrics.HiddenGCICount
[WARNING]   - org.semanticweb.owlapitools.decomposition.Modularizer
[WARNING]   - com.clarkparsia.owlapi.modularity.locality.SemanticLocalityEvaluator
[WARNING]   - uk.ac.manchester.cs.factplusplusad.Signature
[WARNING]   - org.semanticweb.owlapi.metrics.DoubleValuedMetric
[WARNING]   - org.semanticweb.owlapitools.decomposition.SigIndex
[WARNING]   - com.clarkparsia.owlapi.explanation.io.ExplanationRenderer
[WARNING]   - 126 more...
[WARNING] owlapi-osgidistribution-6.0.0-SNAPSHOT.jar, owlapi-parsers-6.0.0-SNAPSHOT.jar define 358 overlapping classes: 
[WARNING]   - org.semanticweb.owlapi.owlxml.parser.SubAnnPropertyOfEH
[WARNING]   - org.semanticweb.owlapi.krss2.renderer.KRSSVocabulary
[WARNING]   - org.semanticweb.owlapi.owlxml.parser.DataOneOfEH
[WARNING]   - org.semanticweb.owlapi.rdf.rdfxml.renderer.package-info
[WARNING]   - org.semanticweb.owlapi.rdf.rdfxml.parser.Translators$ObjectMinCardinalityTranslator
[WARNING]   - org.semanticweb.owlapi.rdf.rdfxml.renderer.IllegalElementNameException
[WARNING]   - org.semanticweb.owlapi.rdf.turtle.parser.JavaCharStream
[WARNING]   - org.semanticweb.owlapi.rdf.rdfxml.parser.AnonMap
[WARNING]   - org.semanticweb.owlapi.latex.renderer.LatexOWLObjectRenderer
[WARNING]   - org.semanticweb.owlapi.owlxml.renderer.OWLXMLObjectRenderer
[WARNING]   - 348 more...
[WARNING] owlapi-osgidistribution-6.0.0-SNAPSHOT.jar, owlapi-rio-6.0.0-SNAPSHOT.jar define 68 overlapping classes: 
[WARNING]   - org.semanticweb.owlapi.formats.N3DocumentFormatFactory
[WARNING]   - org.semanticweb.owlapi.formats.RioTurtleDocumentFormatFactory
[WARNING]   - org.semanticweb.owlapi.rio.RioStorer
[WARNING]   - org.semanticweb.owlapi.rio.RioOWLRDFParser
[WARNING]   - org.semanticweb.owlapi.rio.OWLAPIRDFFormat
[WARNING]   - org.semanticweb.owlapi.formats.N3DocumentFormat
[WARNING]   - org.semanticweb.owlapi.rio.RioFunctionalSyntaxParserFactory
[WARNING]   - org.semanticweb.owlapi.rio.RioTrigStorerFactory
[WARNING]   - org.semanticweb.owlapi.rio.RioManchesterSyntaxParserFactory
[WARNING]   - org.semanticweb.owlapi.rio.AbstractRioStorerFactory
[WARNING]   - 58 more...
[WARNING] owlapi-api-6.0.0-SNAPSHOT.jar, owlapi-osgidistribution-6.0.0-SNAPSHOT.jar define 885 overlapping classes: 
[WARNING]   - org.semanticweb.owlapi.model.OWLPropertyAssertionObject
[WARNING]   - org.semanticweb.owlapi.model.OWLAnonymousClassExpression
[WARNING]   - org.semanticweb.owlapi.model.HasApplyChange
[WARNING]   - org.semanticweb.owlapi.util.InferredIndividualAxiomGenerator
[WARNING]   - org.semanticweb.owlapi.model.SWRLDArgument
[WARNING]   - org.semanticweb.owlapi.util.OWLOntologyWalkerVisitor
[WARNING]   - org.semanticweb.owlapi.model.providers.ExistentialProvider
[WARNING]   - org.semanticweb.owlapi.model.axiomproviders.PropertyCharacteristicAxiomProvider
[WARNING]   - org.semanticweb.owlapi.model.OWLObjectPropertyDomainAxiom
[WARNING]   - org.semanticweb.owlapi.io.SystemOutDocumentTarget
[WARNING]   - 875 more...
[WARNING] owlapi-osgidistribution-6.0.0-SNAPSHOT.jar, owlapi-compatibility-6.0.0-SNAPSHOT.jar define 99 overlapping classes: 
[WARNING]   - org.coode.owlapi.obo12.parser.OBOIdType$1
[WARNING]   - uk.ac.manchester.cs.owlapi.dlsyntax.DLSyntaxHTMLOntologyFormat
[WARNING]   - org.coode.owl.krssparser.KRSSOntologyFormat
[WARNING]   - org.coode.owlapi.obo12.parser.XRefTagHandler
[WARNING]   - org.coode.owlapi.obo12.parser.IDSpaceTagValueHandler
[WARNING]   - org.coode.owlapi.obo12.parser.OBOIdTranslator
[WARNING]   - org.coode.owlapi.obo12.parser.OntologyTagValueHandler
[WARNING]   - org.coode.owlapi.obo12.parser.OBOIdType$OBOIIdTranslator
[WARNING]   - org.coode.owlapi.obo12.parser.OBO12DocumentFormat
[WARNING]   - org.coode.owlapi.obo12.parser.PartOfTagValueHandler
[WARNING]   - 89 more...
[WARNING] owlapi-osgidistribution-6.0.0-SNAPSHOT.jar, owlapi-impl-6.0.0-SNAPSHOT.jar define 196 overlapping classes: 
[WARNING]   - org.semanticweb.owlapi.reasoner.impl.OWLNamedIndividualNodeSet
[WARNING]   - uk.ac.manchester.cs.owl.owlapi.SWRLIndividualArgumentImpl
[WARNING]   - uk.ac.manchester.cs.owl.owlapi.InitVisitorFactory$InitIndividualVisitor
[WARNING]   - uk.ac.manchester.cs.owl.owlapi.OWLDataAllValuesFromImpl
[WARNING]   - uk.ac.manchester.cs.owl.owlapi.concurrent.NonConcurrentOWLOntologyBuilder
[WARNING]   - uk.ac.manchester.cs.owl.owlapi.OWLImportsDeclarationImpl
[WARNING]   - uk.ac.manchester.cs.owl.owlapi.OWLSubPropertyAxiomImpl
[WARNING]   - uk.ac.manchester.cs.owl.owlapi.OWLSameIndividualAxiomImpl
[WARNING]   - uk.ac.manchester.cs.owl.owlapi.Internals$RemoveAxiomVisitor
[WARNING]   - uk.ac.manchester.cs.owl.owlapi.SWRLSameIndividualAtomImpl
[WARNING]   - 186 more...
[WARNING] owlapi-osgidistribution-6.0.0-SNAPSHOT.jar, owlapi-oboformat-6.0.0-SNAPSHOT.jar define 74 overlapping classes: 
[WARNING]   - org.obolibrary.oboformat.parser.OBOFormatException
[WARNING]   - org.obolibrary.obo2owl.OWLAPIOwl2Obo
[WARNING]   - org.obolibrary.macro.MacroExpansionGCIVisitor$MacroExpansions
[WARNING]   - org.obolibrary.oboformat.diff.Diff
[WARNING]   - org.obolibrary.obo2owl.IdTranslator
[WARNING]   - org.obolibrary.oboformat.model.Clause
[WARNING]   - org.obolibrary.oboformat.parser.XrefExpander$ReverseGenusDifferentiaExpansion
[WARNING]   - org.obolibrary.owl.LabelFunctionalSyntaxStorer
[WARNING]   - org.obolibrary.oboformat.model.FrameStructureException
[WARNING]   - org.obolibrary.macro.MacroExpansionVisitor
[WARNING]   - 64 more...
[WARNING] owlapi-osgidistribution-6.0.0-SNAPSHOT.jar, owlapi-apibinding-6.0.0-SNAPSHOT.jar define 6 overlapping classes: 
[WARNING]   - org.semanticweb.owlapi.apibinding.OWLManager
[WARNING]   - org.semanticweb.owlapi.apibinding.package-info
[WARNING]   - org.semanticweb.owlapi.apibinding.OWLFunctionalSyntaxFactory
[WARNING]   - uk.ac.manchester.cs.owl.owlapi.OWLAPIImplModule
[WARNING]   - org.semanticweb.owlapi.OWLAPIParsersModule
[WARNING]   - org.semanticweb.owlapi.OWLAPIServiceLoaderModule
[WARNING] maven-shade-plugin has detected that some class files are
[WARNING] present in two or more JARs. When this happens, only one
[WARNING] single version of the class is copied to the uber jar.
[WARNING] Usually this is not harmful and you can skip these warnings,
[WARNING] otherwise try to manually exclude artifacts based on
[WARNING] mvn dependency:tree -Ddetail=true and the above output.
[WARNING] See http://maven.apache.org/plugins/maven-shade-plugin/
[INFO] Replacing original artifact with shaded artifact.
[INFO] Replacing /home/travis/build/failed/owlcs/owlapi/osgidistribution/target/owlapi-osgidistribution-6.0.0-SNAPSHOT.jar with /home/travis/build/failed/owlcs/owlapi/osgidistribution/target/owlapi-osgidistribution-6.0.0-SNAPSHOT-shaded.jar
[INFO] Dependency-reduced POM written at: /home/travis/build/failed/owlcs/owlapi/osgidistribution/dependency-reduced-pom.xml
[INFO] 
[INFO] --- maven-assembly-plugin:3.0.0:single (attach-sources) @ owlapi-osgidistribution ---
[INFO] Reading assembly descriptor: src/assembly/sources.xml
[INFO] Building jar: /home/travis/build/failed/owlcs/owlapi/osgidistribution/target/owlapi-osgidistribution-6.0.0-SNAPSHOT-sources.jar
[INFO] 
[INFO] --- maven-failsafe-plugin:2.19.1:integration-test (default) @ owlapi-osgidistribution ---
[INFO] Tests are skipped.
[INFO] 
[INFO] --- maven-failsafe-plugin:2.19.1:verify (default) @ owlapi-osgidistribution ---
[INFO] Tests are skipped.
[INFO] 
[INFO] --- maven-install-plugin:3.0.0-M1:install (default-install) @ owlapi-osgidistribution ---
[INFO] Installing /home/travis/build/failed/owlcs/owlapi/osgidistribution/target/owlapi-osgidistribution-6.0.0-SNAPSHOT.jar to /home/travis/.m2/repository/net/sourceforge/owlapi/owlapi-osgidistribution/6.0.0-SNAPSHOT/owlapi-osgidistribution-6.0.0-SNAPSHOT.jar
[INFO] Installing /home/travis/build/failed/owlcs/owlapi/osgidistribution/dependency-reduced-pom.xml to /home/travis/.m2/repository/net/sourceforge/owlapi/owlapi-osgidistribution/6.0.0-SNAPSHOT/owlapi-osgidistribution-6.0.0-SNAPSHOT.pom
[INFO] Installing /home/travis/build/failed/owlcs/owlapi/osgidistribution/target/owlapi-osgidistribution-6.0.0-SNAPSHOT-sources.jar to /home/travis/.m2/repository/net/sourceforge/owlapi/owlapi-osgidistribution/6.0.0-SNAPSHOT/owlapi-osgidistribution-6.0.0-SNAPSHOT-sources.jar
[INFO] Installing /home/travis/build/failed/owlcs/owlapi/osgidistribution/target/owlapi-osgidistribution-6.0.0-SNAPSHOT-sources.jar to /home/travis/.m2/repository/net/sourceforge/owlapi/owlapi-osgidistribution/6.0.0-SNAPSHOT/owlapi-osgidistribution-6.0.0-SNAPSHOT-sources.jar
[INFO] 
[INFO] --- maven-bundle-plugin:3.2.0:install (default-install) @ owlapi-osgidistribution ---
[INFO] Installing net/sourceforge/owlapi/owlapi-osgidistribution/6.0.0-SNAPSHOT/owlapi-osgidistribution-6.0.0-SNAPSHOT.jar
[INFO] Installing net/sourceforge/owlapi/owlapi-osgidistribution/6.0.0-SNAPSHOT/owlapi-osgidistribution-6.0.0-SNAPSHOT-sources.jar
[INFO] Writing OBR metadata
[INFO] ------------------------------------------------------------------------
[INFO] Reactor Summary:
[INFO] 
[INFO] OWLAPI ............................................. SUCCESS [ 31.141 s]
[INFO] OWLAPI :: Interfaces ............................... SUCCESS [01:00 min]
[INFO] OWLAPI :: Default Implementation ................... SUCCESS [ 20.467 s]
[INFO] OWLAPI :: Atomic Decomposition and Explanation ..... SUCCESS [  9.849 s]
[INFO] OWLAPI :: Parsers .................................. SUCCESS [ 12.980 s]
[INFO] OWLAPI :: OBO Format ............................... SUCCESS [  4.781 s]
[INFO] OWLAPI :: RDF4J Rio ................................ SUCCESS [ 16.195 s]
[INFO] OWLAPI :: Binding and Config ....................... SUCCESS [  1.729 s]
[INFO] OWLAPI :: Compatibility ............................ SUCCESS [  4.103 s]
[INFO] OWLAPI :: Tests and Tutorials ...................... SUCCESS [ 28.054 s]
[INFO] OWLAPI :: Distribution ............................. SUCCESS [ 31.643 s]
[INFO] OWLAPI :: OSGi and Compatibility Distribution ...... SUCCESS [ 14.839 s]
[INFO] ------------------------------------------------------------------------
[INFO] BUILD SUCCESS
[INFO] ------------------------------------------------------------------------
[INFO] Total time: 04:43 min
[INFO] Finished at: 2022-01-22T13:30:26+00:00
[INFO] Final Memory: 56M/434M
[INFO] ------------------------------------------------------------------------

travis_time:end:00686983:start=1642857937541468581,finish=1642858226681339406,duration=289139870825[0Ktravis_fold:end:install[0Ktravis_time:start:2c149410[0K$ mvn verify -Dhttps.protocols=TLSv1.2
Java HotSpot(TM) 64-Bit Server VM warning: ignoring option MaxPermSize=192m; support was removed in 8.0
[INFO] Scanning for projects...
[INFO] Inspecting build with total of 12 modules...
[INFO] Installing Nexus Staging features:
[INFO]   ... total of 12 executions of maven-deploy-plugin replaced with nexus-staging-maven-plugin
[INFO] ------------------------------------------------------------------------
[INFO] Reactor Build Order:
[INFO] 
[INFO] OWLAPI
[INFO] OWLAPI :: Interfaces
[INFO] OWLAPI :: Default Implementation
[INFO] OWLAPI :: Atomic Decomposition and Explanation
[INFO] OWLAPI :: Parsers
[INFO] OWLAPI :: OBO Format
[INFO] OWLAPI :: RDF4J Rio
[INFO] OWLAPI :: Binding and Config
[INFO] OWLAPI :: Compatibility
[INFO] OWLAPI :: Tests and Tutorials
[INFO] OWLAPI :: Distribution
[INFO] OWLAPI :: OSGi and Compatibility Distribution
[INFO]                                                                         
[INFO] ------------------------------------------------------------------------
[INFO] Building OWLAPI 6.0.0-SNAPSHOT
[INFO] ------------------------------------------------------------------------
[INFO] 
[INFO] --- maven-enforcer-plugin:1.0:enforce (enforce-maven) @ owlapi-parent ---
[INFO] 
[INFO] >>> maven-source-plugin:3.0.1:jar (attach-sources) > generate-sources @ owlapi-parent >>>
[INFO] 
[INFO] --- maven-enforcer-plugin:1.0:enforce (enforce-maven) @ owlapi-parent ---
[INFO] 
[INFO] <<< maven-source-plugin:3.0.1:jar (attach-sources) < generate-sources @ owlapi-parent <<<
[INFO] 
[INFO] --- maven-source-plugin:3.0.1:jar (attach-sources) @ owlapi-parent ---
[INFO] 
[INFO] --- maven-javadoc-plugin:2.10.4:jar (attach-javadocs) @ owlapi-parent ---
[INFO] Skipping javadoc generation
[INFO] 
[INFO] --- maven-failsafe-plugin:2.19.1:integration-test (default) @ owlapi-parent ---
[INFO] No tests to run.
[INFO] 
[INFO] --- maven-failsafe-plugin:2.19.1:verify (default) @ owlapi-parent ---
[INFO]                                                                         
[INFO] ------------------------------------------------------------------------
[INFO] Building OWLAPI :: Interfaces 6.0.0-SNAPSHOT
[INFO] ------------------------------------------------------------------------
[INFO] 
[INFO] --- maven-enforcer-plugin:1.0:enforce (enforce-maven) @ owlapi-api ---
[INFO] 
[INFO] --- maven-resources-plugin:2.6:resources (default-resources) @ owlapi-api ---
[INFO] Using 'UTF-8' encoding to copy filtered resources.
[INFO] skip non existing resourceDirectory /home/travis/build/failed/owlcs/owlapi/api/src/main/resources
[INFO] 
[INFO] --- maven-compiler-plugin:3.6.0:compile (default-compile) @ owlapi-api ---
[INFO] Changes detected - recompiling the module!
[INFO] Compiling 815 source files to /home/travis/build/failed/owlcs/owlapi/api/target/classes
[INFO] /home/travis/build/failed/owlcs/owlapi/api/src/main/java/org/semanticweb/owlapi/model/OWLAsymmetricObjectPropertyAxiom.java: Some input files use unchecked or unsafe operations.
[INFO] /home/travis/build/failed/owlcs/owlapi/api/src/main/java/org/semanticweb/owlapi/model/OWLAsymmetricObjectPropertyAxiom.java: Recompile with -Xlint:unchecked for details.
[INFO] 
[INFO] --- maven-resources-plugin:2.6:testResources (default-testResources) @ owlapi-api ---
[INFO] Using 'UTF-8' encoding to copy filtered resources.
[INFO] Copying 1 resource
[INFO] 
[INFO] --- maven-compiler-plugin:3.6.0:testCompile (default-testCompile) @ owlapi-api ---
[INFO] Nothing to compile - all classes are up to date
[INFO] 
[INFO] --- maven-surefire-plugin:2.19.1:test (default-test) @ owlapi-api ---

-------------------------------------------------------
 T E S T S
-------------------------------------------------------
Tests run: 889, Failures: 0, Errors: 0, Skipped: 3

[INFO] 
[INFO] --- maven-jar-plugin:2.4:jar (default-jar) @ owlapi-api ---
[INFO] Building jar: /home/travis/build/failed/owlcs/owlapi/api/target/owlapi-api-6.0.0-SNAPSHOT.jar
[INFO] 
[INFO] >>> maven-source-plugin:3.0.1:jar (attach-sources) > generate-sources @ owlapi-api >>>
[INFO] 
[INFO] --- maven-enforcer-plugin:1.0:enforce (enforce-maven) @ owlapi-api ---
[INFO] 
[INFO] <<< maven-source-plugin:3.0.1:jar (attach-sources) < generate-sources @ owlapi-api <<<
[INFO] 
[INFO] --- maven-source-plugin:3.0.1:jar (attach-sources) @ owlapi-api ---
[INFO] Building jar: /home/travis/build/failed/owlcs/owlapi/api/target/owlapi-api-6.0.0-SNAPSHOT-sources.jar
[INFO] 
[INFO] --- maven-javadoc-plugin:2.10.4:jar (attach-javadocs) @ owlapi-api ---
[INFO] Skipping javadoc generation
[INFO] 
[INFO] --- maven-failsafe-plugin:2.19.1:integration-test (default) @ owlapi-api ---
[INFO] 
[INFO] --- maven-failsafe-plugin:2.19.1:verify (default) @ owlapi-api ---
[INFO]                                                                         
[INFO] ------------------------------------------------------------------------
[INFO] Building OWLAPI :: Default Implementation 6.0.0-SNAPSHOT
[INFO] ------------------------------------------------------------------------
[INFO] 
[INFO] --- maven-enforcer-plugin:1.0:enforce (enforce-maven) @ owlapi-impl ---
[INFO] 
[INFO] --- maven-resources-plugin:2.6:resources (default-resources) @ owlapi-impl ---
[INFO] Using 'UTF-8' encoding to copy filtered resources.
[INFO] skip non existing resourceDirectory /home/travis/build/failed/owlcs/owlapi/impl/src/main/resources
[INFO] 
[INFO] --- maven-compiler-plugin:3.6.0:compile (default-compile) @ owlapi-impl ---
[INFO] Nothing to compile - all classes are up to date
[INFO] 
[INFO] --- maven-resources-plugin:2.6:testResources (default-testResources) @ owlapi-impl ---
[INFO] Using 'UTF-8' encoding to copy filtered resources.
[INFO] skip non existing resourceDirectory /home/travis/build/failed/owlcs/owlapi/impl/src/test/resources
[INFO] 
[INFO] --- maven-compiler-plugin:3.6.0:testCompile (default-testCompile) @ owlapi-impl ---
[INFO] Nothing to compile - all classes are up to date
[INFO] 
[INFO] --- maven-surefire-plugin:2.19.1:test (default-test) @ owlapi-impl ---

-------------------------------------------------------
 T E S T S
-------------------------------------------------------
[main] WARN uk.ac.manchester.cs.owl.owlapi.OWLOntologyManagerImpl - Runtime Warning: Parsers should load imported ontologies using the makeImportLoadRequest method.
[main] WARN uk.ac.manchester.cs.owl.owlapi.OWLOntologyManagerImpl - Runtime Warning: Parsers should load imported ontologies using the makeImportLoadRequest method.
Tests run: 548, Failures: 0, Errors: 0, Skipped: 0

[INFO] 
[INFO] --- maven-jar-plugin:2.4:jar (default-jar) @ owlapi-impl ---
[INFO] 
[INFO] >>> maven-source-plugin:3.0.1:jar (attach-sources) > generate-sources @ owlapi-impl >>>
[INFO] 
[INFO] --- maven-enforcer-plugin:1.0:enforce (enforce-maven) @ owlapi-impl ---
[INFO] 
[INFO] <<< maven-source-plugin:3.0.1:jar (attach-sources) < generate-sources @ owlapi-impl <<<
[INFO] 
[INFO] --- maven-source-plugin:3.0.1:jar (attach-sources) @ owlapi-impl ---
[INFO] Building jar: /home/travis/build/failed/owlcs/owlapi/impl/target/owlapi-impl-6.0.0-SNAPSHOT-sources.jar
[INFO] 
[INFO] --- maven-javadoc-plugin:2.10.4:jar (attach-javadocs) @ owlapi-impl ---
[INFO] Skipping javadoc generation
[INFO] 
[INFO] --- maven-failsafe-plugin:2.19.1:integration-test (default) @ owlapi-impl ---
[INFO] 
[INFO] --- maven-failsafe-plugin:2.19.1:verify (default) @ owlapi-impl ---
[INFO]                                                                         
[INFO] ------------------------------------------------------------------------
[INFO] Building OWLAPI :: Atomic Decomposition and Explanation 6.0.0-SNAPSHOT
[INFO] ------------------------------------------------------------------------
[INFO] 
[INFO] --- maven-enforcer-plugin:1.0:enforce (enforce-maven) @ owlapi-tools ---
[INFO] 
[INFO] --- maven-resources-plugin:2.6:resources (default-resources) @ owlapi-tools ---
[INFO] Using 'UTF-8' encoding to copy filtered resources.
[INFO] skip non existing resourceDirectory /home/travis/build/failed/owlcs/owlapi/tools/src/main/resources
[INFO] 
[INFO] --- maven-compiler-plugin:3.6.0:compile (default-compile) @ owlapi-tools ---
[INFO] Nothing to compile - all classes are up to date
[INFO] 
[INFO] --- maven-resources-plugin:2.6:testResources (default-testResources) @ owlapi-tools ---
[INFO] Using 'UTF-8' encoding to copy filtered resources.
[INFO] skip non existing resourceDirectory /home/travis/build/failed/owlcs/owlapi/tools/src/test/resources
[INFO] 
[INFO] --- maven-compiler-plugin:3.6.0:testCompile (default-testCompile) @ owlapi-tools ---
[INFO] No sources to compile
[INFO] 
[INFO] --- maven-surefire-plugin:2.19.1:test (default-test) @ owlapi-tools ---
[INFO] No tests to run.
[INFO] 
[INFO] --- maven-jar-plugin:2.4:jar (default-jar) @ owlapi-tools ---
[INFO] 
[INFO] >>> maven-source-plugin:3.0.1:jar (attach-sources) > generate-sources @ owlapi-tools >>>
[INFO] 
[INFO] --- maven-enforcer-plugin:1.0:enforce (enforce-maven) @ owlapi-tools ---
[INFO] 
[INFO] <<< maven-source-plugin:3.0.1:jar (attach-sources) < generate-sources @ owlapi-tools <<<
[INFO] 
[INFO] --- maven-source-plugin:3.0.1:jar (attach-sources) @ owlapi-tools ---
[INFO] Building jar: /home/travis/build/failed/owlcs/owlapi/tools/target/owlapi-tools-6.0.0-SNAPSHOT-sources.jar
[INFO] 
[INFO] --- maven-javadoc-plugin:2.10.4:jar (attach-javadocs) @ owlapi-tools ---
[INFO] Skipping javadoc generation
[INFO] 
[INFO] --- maven-failsafe-plugin:2.19.1:integration-test (default) @ owlapi-tools ---
[INFO] No tests to run.
[INFO] 
[INFO] --- maven-failsafe-plugin:2.19.1:verify (default) @ owlapi-tools ---
[INFO]                                                                         
[INFO] ------------------------------------------------------------------------
[INFO] Building OWLAPI :: Parsers 6.0.0-SNAPSHOT
[INFO] ------------------------------------------------------------------------
[INFO] 
[INFO] --- maven-enforcer-plugin:1.0:enforce (enforce-maven) @ owlapi-parsers ---
[INFO] 
[INFO] --- maven-resources-plugin:2.6:resources (default-resources) @ owlapi-parsers ---
[INFO] Using 'UTF-8' encoding to copy filtered resources.
[INFO] Copying 2 resources
[INFO] 
[INFO] --- maven-compiler-plugin:3.6.0:compile (default-compile) @ owlapi-parsers ---
[INFO] Changes detected - recompiling the module!
[INFO] Compiling 198 source files to /home/travis/build/failed/owlcs/owlapi/parsers/target/classes
[INFO] /home/travis/build/failed/owlcs/owlapi/parsers/src/main/java/org/semanticweb/owlapi/manchestersyntax/parser/ManchesterOWLSyntaxParserImpl.java: /home/travis/build/failed/owlcs/owlapi/parsers/src/main/java/org/semanticweb/owlapi/manchestersyntax/parser/ManchesterOWLSyntaxParserImpl.java uses or overrides a deprecated API.
[INFO] /home/travis/build/failed/owlcs/owlapi/parsers/src/main/java/org/semanticweb/owlapi/manchestersyntax/parser/ManchesterOWLSyntaxParserImpl.java: Recompile with -Xlint:deprecation for details.
[INFO] /home/travis/build/failed/owlcs/owlapi/parsers/src/main/java/org/semanticweb/owlapi/rdf/model/AbstractTranslator.java: Some input files use unchecked or unsafe operations.
[INFO] /home/travis/build/failed/owlcs/owlapi/parsers/src/main/java/org/semanticweb/owlapi/rdf/model/AbstractTranslator.java: Recompile with -Xlint:unchecked for details.
[INFO] 
[INFO] --- maven-resources-plugin:2.6:testResources (default-testResources) @ owlapi-parsers ---
[INFO] Using 'UTF-8' encoding to copy filtered resources.
[INFO] skip non existing resourceDirectory /home/travis/build/failed/owlcs/owlapi/parsers/src/test/resources
[INFO] 
[INFO] --- maven-compiler-plugin:3.6.0:testCompile (default-testCompile) @ owlapi-parsers ---
[INFO] No sources to compile
[INFO] 
[INFO] --- maven-surefire-plugin:2.19.1:test (default-test) @ owlapi-parsers ---
[INFO] No tests to run.
[INFO] 
[INFO] --- maven-jar-plugin:2.4:jar (default-jar) @ owlapi-parsers ---
[INFO] Building jar: /home/travis/build/failed/owlcs/owlapi/parsers/target/owlapi-parsers-6.0.0-SNAPSHOT.jar
[INFO] 
[INFO] >>> maven-source-plugin:3.0.1:jar (attach-sources) > generate-sources @ owlapi-parsers >>>
[INFO] 
[INFO] --- maven-enforcer-plugin:1.0:enforce (enforce-maven) @ owlapi-parsers ---
[INFO] 
[INFO] <<< maven-source-plugin:3.0.1:jar (attach-sources) < generate-sources @ owlapi-parsers <<<
[INFO] 
[INFO] --- maven-source-plugin:3.0.1:jar (attach-sources) @ owlapi-parsers ---
[INFO] Building jar: /home/travis/build/failed/owlcs/owlapi/parsers/target/owlapi-parsers-6.0.0-SNAPSHOT-sources.jar
[INFO] 
[INFO] --- maven-javadoc-plugin:2.10.4:jar (attach-javadocs) @ owlapi-parsers ---
[INFO] Skipping javadoc generation
[INFO] 
[INFO] --- maven-failsafe-plugin:2.19.1:integration-test (default) @ owlapi-parsers ---
[INFO] No tests to run.
[INFO] 
[INFO] --- maven-failsafe-plugin:2.19.1:verify (default) @ owlapi-parsers ---
[INFO]                                                                         
[INFO] ------------------------------------------------------------------------
[INFO] Building OWLAPI :: OBO Format 6.0.0-SNAPSHOT
[INFO] ------------------------------------------------------------------------
[INFO] 
[INFO] --- maven-enforcer-plugin:1.0:enforce (enforce-maven) @ owlapi-oboformat ---
[INFO] 
[INFO] --- maven-resources-plugin:2.6:resources (default-resources) @ owlapi-oboformat ---
[INFO] Using 'UTF-8' encoding to copy filtered resources.
[INFO] Copying 2 resources
[INFO] 
[INFO] --- maven-compiler-plugin:3.6.0:compile (default-compile) @ owlapi-oboformat ---
[INFO] Nothing to compile - all classes are up to date
[INFO] 
[INFO] --- maven-resources-plugin:2.6:testResources (default-testResources) @ owlapi-oboformat ---
[INFO] Using 'UTF-8' encoding to copy filtered resources.
[INFO] skip non existing resourceDirectory /home/travis/build/failed/owlcs/owlapi/oboformat/src/test/resources
[INFO] 
[INFO] --- maven-compiler-plugin:3.6.0:testCompile (default-testCompile) @ owlapi-oboformat ---
[INFO] Nothing to compile - all classes are up to date
[INFO] 
[INFO] --- maven-surefire-plugin:2.19.1:test (default-test) @ owlapi-oboformat ---

-------------------------------------------------------
 T E S T S
-------------------------------------------------------
Tests run: 1, Failures: 0, Errors: 0, Skipped: 0

[INFO] 
[INFO] --- maven-jar-plugin:2.4:jar (default-jar) @ owlapi-oboformat ---
[INFO] 
[INFO] >>> maven-source-plugin:3.0.1:jar (attach-sources) > generate-sources @ owlapi-oboformat >>>
[INFO] 
[INFO] --- maven-enforcer-plugin:1.0:enforce (enforce-maven) @ owlapi-oboformat ---
[INFO] 
[INFO] <<< maven-source-plugin:3.0.1:jar (attach-sources) < generate-sources @ owlapi-oboformat <<<
[INFO] 
[INFO] --- maven-source-plugin:3.0.1:jar (attach-sources) @ owlapi-oboformat ---
[INFO] Building jar: /home/travis/build/failed/owlcs/owlapi/oboformat/target/owlapi-oboformat-6.0.0-SNAPSHOT-sources.jar
[INFO] 
[INFO] --- maven-javadoc-plugin:2.10.4:jar (attach-javadocs) @ owlapi-oboformat ---
[INFO] Skipping javadoc generation
[INFO] 
[INFO] --- maven-failsafe-plugin:2.19.1:integration-test (default) @ owlapi-oboformat ---
[INFO] 
[INFO] --- maven-failsafe-plugin:2.19.1:verify (default) @ owlapi-oboformat ---
[INFO]                                                                         
[INFO] ------------------------------------------------------------------------
[INFO] Building OWLAPI :: RDF4J Rio 6.0.0-SNAPSHOT
[INFO] ------------------------------------------------------------------------
[INFO] 
[INFO] --- maven-enforcer-plugin:1.0:enforce (enforce-maven) @ owlapi-rio ---
[INFO] 
[INFO] --- maven-resources-plugin:2.6:resources (default-resources) @ owlapi-rio ---
[INFO] Using 'UTF-8' encoding to copy filtered resources.
[INFO] Copying 5 resources
[INFO] 
[INFO] --- maven-compiler-plugin:3.6.0:compile (default-compile) @ owlapi-rio ---
[INFO] Nothing to compile - all classes are up to date
[INFO] 
[INFO] --- maven-resources-plugin:2.6:testResources (default-testResources) @ owlapi-rio ---
[INFO] Using 'UTF-8' encoding to copy filtered resources.
[INFO] skip non existing resourceDirectory /home/travis/build/failed/owlcs/owlapi/rio/src/test/resources
[INFO] 
[INFO] --- maven-compiler-plugin:3.6.0:testCompile (default-testCompile) @ owlapi-rio ---
[INFO] No sources to compile
[INFO] 
[INFO] --- maven-surefire-plugin:2.19.1:test (default-test) @ owlapi-rio ---
[INFO] No tests to run.
[INFO] 
[INFO] --- maven-jar-plugin:2.4:jar (default-jar) @ owlapi-rio ---
[INFO] 
[INFO] >>> maven-source-plugin:3.0.1:jar (attach-sources) > generate-sources @ owlapi-rio >>>
[INFO] 
[INFO] --- maven-enforcer-plugin:1.0:enforce (enforce-maven) @ owlapi-rio ---
[INFO] 
[INFO] <<< maven-source-plugin:3.0.1:jar (attach-sources) < generate-sources @ owlapi-rio <<<
[INFO] 
[INFO] --- maven-source-plugin:3.0.1:jar (attach-sources) @ owlapi-rio ---
[INFO] Building jar: /home/travis/build/failed/owlcs/owlapi/rio/target/owlapi-rio-6.0.0-SNAPSHOT-sources.jar
[INFO] 
[INFO] --- maven-javadoc-plugin:2.10.4:jar (attach-javadocs) @ owlapi-rio ---
[INFO] Skipping javadoc generation
[INFO] 
[INFO] --- maven-failsafe-plugin:2.19.1:integration-test (default) @ owlapi-rio ---
[INFO] No tests to run.
[INFO] 
[INFO] --- maven-failsafe-plugin:2.19.1:verify (default) @ owlapi-rio ---
[INFO]                                                                         
[INFO] ------------------------------------------------------------------------
[INFO] Building OWLAPI :: Binding and Config 6.0.0-SNAPSHOT
[INFO] ------------------------------------------------------------------------
[INFO] 
[INFO] --- maven-enforcer-plugin:1.0:enforce (enforce-maven) @ owlapi-apibinding ---
[INFO] 
[INFO] --- maven-resources-plugin:2.6:resources (default-resources) @ owlapi-apibinding ---
[INFO] Using 'UTF-8' encoding to copy filtered resources.
[INFO] Copying 1 resource
[INFO] 
[INFO] --- maven-compiler-plugin:3.6.0:compile (default-compile) @ owlapi-apibinding ---
[INFO] Nothing to compile - all classes are up to date
[INFO] 
[INFO] --- maven-resources-plugin:2.6:testResources (default-testResources) @ owlapi-apibinding ---
[INFO] Using 'UTF-8' encoding to copy filtered resources.
[INFO] skip non existing resourceDirectory /home/travis/build/failed/owlcs/owlapi/apibinding/src/test/resources
[INFO] 
[INFO] --- maven-compiler-plugin:3.6.0:testCompile (default-testCompile) @ owlapi-apibinding ---
[INFO] No sources to compile
[INFO] 
[INFO] --- maven-surefire-plugin:2.19.1:test (default-test) @ owlapi-apibinding ---
[INFO] No tests to run.
[INFO] 
[INFO] --- maven-jar-plugin:2.4:jar (default-jar) @ owlapi-apibinding ---
[INFO] 
[INFO] >>> maven-source-plugin:3.0.1:jar (attach-sources) > generate-sources @ owlapi-apibinding >>>
[INFO] 
[INFO] --- maven-enforcer-plugin:1.0:enforce (enforce-maven) @ owlapi-apibinding ---
[INFO] 
[INFO] <<< maven-source-plugin:3.0.1:jar (attach-sources) < generate-sources @ owlapi-apibinding <<<
[INFO] 
[INFO] --- maven-source-plugin:3.0.1:jar (attach-sources) @ owlapi-apibinding ---
[INFO] Building jar: /home/travis/build/failed/owlcs/owlapi/apibinding/target/owlapi-apibinding-6.0.0-SNAPSHOT-sources.jar
[INFO] 
[INFO] --- maven-javadoc-plugin:2.10.4:jar (attach-javadocs) @ owlapi-apibinding ---
[INFO] Skipping javadoc generation
[INFO] 
[INFO] --- maven-failsafe-plugin:2.19.1:integration-test (default) @ owlapi-apibinding ---
[INFO] No tests to run.
[INFO] 
[INFO] --- maven-failsafe-plugin:2.19.1:verify (default) @ owlapi-apibinding ---
[INFO]                                                                         
[INFO] ------------------------------------------------------------------------
[INFO] Building OWLAPI :: Compatibility 6.0.0-SNAPSHOT
[INFO] ------------------------------------------------------------------------
[INFO] 
[INFO] --- maven-enforcer-plugin:1.0:enforce (enforce-maven) @ owlapi-compatibility ---
[INFO] 
[INFO] --- maven-resources-plugin:2.6:resources (default-resources) @ owlapi-compatibility ---
[INFO] Using 'UTF-8' encoding to copy filtered resources.
[INFO] Copying 1 resource
[INFO] 
[INFO] --- maven-compiler-plugin:3.6.0:compile (default-compile) @ owlapi-compatibility ---
[INFO] Nothing to compile - all classes are up to date
[INFO] 
[INFO] --- maven-resources-plugin:2.6:testResources (default-testResources) @ owlapi-compatibility ---
[INFO] Using 'UTF-8' encoding to copy filtered resources.
[INFO] skip non existing resourceDirectory /home/travis/build/failed/owlcs/owlapi/compatibility/src/test/resources
[INFO] 
[INFO] --- maven-compiler-plugin:3.6.0:testCompile (default-testCompile) @ owlapi-compatibility ---
[INFO] No sources to compile
[INFO] 
[INFO] --- maven-surefire-plugin:2.19.1:test (default-test) @ owlapi-compatibility ---
[INFO] No tests to run.
[INFO] 
[INFO] --- maven-jar-plugin:2.4:jar (default-jar) @ owlapi-compatibility ---
[INFO] 
[INFO] >>> maven-source-plugin:3.0.1:jar (attach-sources) > generate-sources @ owlapi-compatibility >>>
[INFO] 
[INFO] --- maven-enforcer-plugin:1.0:enforce (enforce-maven) @ owlapi-compatibility ---
[INFO] 
[INFO] <<< maven-source-plugin:3.0.1:jar (attach-sources) < generate-sources @ owlapi-compatibility <<<
[INFO] 
[INFO] --- maven-source-plugin:3.0.1:jar (attach-sources) @ owlapi-compatibility ---
[INFO] Building jar: /home/travis/build/failed/owlcs/owlapi/compatibility/target/owlapi-compatibility-6.0.0-SNAPSHOT-sources.jar
[INFO] 
[INFO] --- maven-javadoc-plugin:2.10.4:jar (attach-javadocs) @ owlapi-compatibility ---
[INFO] Skipping javadoc generation
[INFO] 
[INFO] --- maven-failsafe-plugin:2.19.1:integration-test (default) @ owlapi-compatibility ---
[INFO] No tests to run.
[INFO] 
[INFO] --- maven-failsafe-plugin:2.19.1:verify (default) @ owlapi-compatibility ---
[INFO]                                                                         
[INFO] ------------------------------------------------------------------------
[INFO] Building OWLAPI :: Tests and Tutorials 6.0.0-SNAPSHOT
[INFO] ------------------------------------------------------------------------
[INFO] 
[INFO] --- maven-enforcer-plugin:1.0:enforce (enforce-maven) @ owlapi-contract ---
[INFO] 
[INFO] --- maven-resources-plugin:2.6:resources (default-resources) @ owlapi-contract ---
[INFO] Using 'UTF-8' encoding to copy filtered resources.
[INFO] skip non existing resourceDirectory /home/travis/build/failed/owlcs/owlapi/contract/src/main/resources
[INFO] 
[INFO] --- maven-compiler-plugin:3.6.0:compile (default-compile) @ owlapi-contract ---
[INFO] Changes detected - recompiling the module!
[INFO] Compiling 8 source files to /home/travis/build/failed/owlcs/owlapi/contract/target/classes
[INFO] 
[INFO] --- maven-resources-plugin:2.6:testResources (default-testResources) @ owlapi-contract ---
[INFO] Using 'UTF-8' encoding to copy filtered resources.
[INFO] Copying 172 resources
[INFO] 
[INFO] --- maven-compiler-plugin:3.6.0:testCompile (default-testCompile) @ owlapi-contract ---
[INFO] Nothing to compile - all classes are up to date
[INFO] 
[INFO] --- maven-surefire-plugin:2.19.1:test (default-test) @ owlapi-contract ---

-------------------------------------------------------
 T E S T S
-------------------------------------------------------
elapsed time (ms): 2631
Successful threads: 25	 expected: 25

roundtrip fail: Manchester OWL Syntax AnnotationAssertion(Annotation(<urn:test#ann> "test"^^xsd:string) <urn:test#ann> <urn:test#iri> "false"^^xsd:boolean)
Prefix: owl: <http://www.w3.org/2002/07/owl#>
Prefix: rdf: <http://www.w3.org/1999/02/22-rdf-syntax-ns#>
Prefix: rdfs: <http://www.w3.org/2000/01/rdf-schema#>
Prefix: xml: <http://www.w3.org/XML/1998/namespace>
Prefix: xsd: <http://www.w3.org/2001/XMLSchema#>



Ontology: 

AnnotationProperty: <urn:test#ann>

    
Datatype: xsd:boolean

    
Datatype: xsd:string

    

Declaration(AnnotationProperty(<urn:test#ann>))
Declaration(Datatype(xsd:boolean))
Declaration(Datatype(xsd:string))
end of roundtrip failure
parse fail: DL Syntax Format AsymmetricObjectProperty(<urn:test#op>)
op ⊑ ¬ op⁻
roundtrip fail: DL Syntax Format ClassAssertion(<urn:test#c> <urn:test#i>)
c(i)
ClassAssertion(<http://www.semanticweb.org/ontologies/Ontology49213874713979473#c> <http://www.semanticweb.org/ontologies/Ontology49213874713979473#i>)
end of roundtrip failure
parse fail: DL Syntax Format ClassAssertion(ObjectIntersectionOf(<urn:test#c> <urn:test#iri>) <urn:test#i>)
(c ⊓ iri)(i)
parse fail: DL Syntax Format ClassAssertion(ObjectUnionOf(<urn:test#c> <urn:test#iri>) <urn:test#i>)
(c ⊔ iri)(i)
roundtrip fail: DL Syntax Format DataPropertyRange(<urn:test#dp> DataIntersectionOf(<urn:test#datatype> DataOneOf("false"^^xsd:boolean ) ))
⊤ ⊑ ∀ dp.datatype ⊓ {false}
end of roundtrip failure
roundtrip fail: DL Syntax Format DataPropertyRange(<urn:test#dp> DataUnionOf(<urn:test#datatype> DataOneOf("false"^^xsd:boolean ) ))
⊤ ⊑ ∀ dp.datatype ⊔ {false}
end of roundtrip failure
parse fail: DL Syntax Format ClassAssertion(ObjectComplementOf(<urn:test#c>) <urn:test#i>)
(¬c)(i)
parse fail: DL Syntax Format ClassAssertion(ObjectComplementOf(<urn:test#c>) _:id)
(¬c)()
parse fail: DL Syntax Format ClassAssertion(ObjectSomeValuesFrom(<urn:test#op> <urn:test#c>) <urn:test#i>)
(∃ op.c)(i)
parse fail: DL Syntax Format ClassAssertion(ObjectAllValuesFrom(<urn:test#op> <urn:test#c>) <urn:test#i>)
(∀ op.c)(i)
parse fail: DL Syntax Format ClassAssertion(ObjectHasValue(<urn:test#op> <urn:test#i>) <urn:test#i>)
(∃ op.{i})(i)
parse fail: DL Syntax Format ClassAssertion(ObjectMinCardinality(1 <urn:test#op> <urn:test#c>) <urn:test#i>)
(≥ 1 op.c)(i)
parse fail: DL Syntax Format ClassAssertion(ObjectMaxCardinality(1 <urn:test#op> <urn:test#c>) <urn:test#i>)
(≤ 1 op.c)(i)
parse fail: DL Syntax Format ClassAssertion(ObjectExactCardinality(1 <urn:test#op> <urn:test#c>) <urn:test#i>)
(= 1 op.c)(i)
parse fail: DL Syntax Format ClassAssertion(ObjectHasSelf(<urn:test#op>) <urn:test#i>)
(∃ op.self)(i)
parse fail: DL Syntax Format ClassAssertion(ObjectOneOf(<urn:test#i>) <urn:test#i>)
({i})(i)
parse fail: DL Syntax Format ClassAssertion(DataSomeValuesFrom(<urn:test#dp> <urn:test#datatype>) <urn:test#i>)
(∃ dp.datatype)(i)
parse fail: DL Syntax Format ClassAssertion(DataAllValuesFrom(<urn:test#dp> <urn:test#datatype>) <urn:test#i>)
(∀ dp.datatype)(i)
parse fail: DL Syntax Format ClassAssertion(DataHasValue(<urn:test#dp> "false"^^xsd:boolean) <urn:test#i>)
(∃ dp.{false})(i)
parse fail: DL Syntax Format ClassAssertion(DataMinCardinality(1 <urn:test#dp> <urn:test#datatype>) <urn:test#i>)
(≥ 1 dp.datatype)(i)
parse fail: DL Syntax Format ClassAssertion(DataMaxCardinality(1 <urn:test#dp> <urn:test#datatype>) <urn:test#i>)
(≤ 1 dp.datatype)(i)
parse fail: DL Syntax Format ClassAssertion(DataExactCardinality(1 <urn:test#dp> <urn:test#datatype>) <urn:test#i>)
(= 1 dp.datatype)(i)
roundtrip fail: DL Syntax Format DataPropertyRange(<urn:test#dp> DataOneOf("false"^^xsd:boolean ))
⊤ ⊑ ∀ dp.{false}
ObjectPropertyRange(<http://www.semanticweb.org/ontologies/Ontology49213874713980082#dp> ObjectOneOf(<http://www.semanticweb.org/ontologies/Ontology49213874713980082#false>))
end of roundtrip failure
parse fail: DL Syntax Format DataPropertyRange(<urn:test#dp> DataComplementOf(DataOneOf("false"^^xsd:boolean )))
⊤ ⊑ ∀ dp.¬{false}
parse fail: DL Syntax Format DataPropertyRange(<urn:test#dp> DataRangeRestriction(xsd:double facetRestriction(minExclusive "5.0"^^xsd:double) facetRestriction(maxExclusive "6.0"^^xsd:double)))
⊤ ⊑ ∀ dp.
parse fail: DL Syntax Format DataPropertyAssertion(<urn:test#dp> <urn:test#i> "false"^^xsd:boolean)
dp(i, false)
parse fail: DL Syntax Format DataPropertyAssertion(<urn:test#dp> <urn:test#i> "string"@en)
dp(i, string)
roundtrip fail: DL Syntax Format DataPropertyDomain(<urn:test#dp> <urn:test#c>)
∃ dp.⊤ ⊑ c
ObjectPropertyDomain(<http://www.semanticweb.org/ontologies/Ontology49213874713980227#dp> <http://www.semanticweb.org/ontologies/Ontology49213874713980227#c>)
end of roundtrip failure
roundtrip fail: DL Syntax Format DataPropertyRange(<urn:test#dp> <urn:test#datatype>)
⊤ ⊑ ∀ dp.datatype
ObjectPropertyRange(<http://www.semanticweb.org/ontologies/Ontology49213874713980256#dp> <http://www.semanticweb.org/ontologies/Ontology49213874713980256#datatype>)
end of roundtrip failure
parse fail: DL Syntax Format DatatypeDefinition(<urn:test#datatype> xsd:double)

roundtrip fail: DL Syntax Format DifferentIndividuals(<urn:test#i> <urn:test#iri> )
i ≠ iri
DifferentIndividuals(<http://www.semanticweb.org/ontologies/Ontology49213874713980427#i> <http://www.semanticweb.org/ontologies/Ontology49213874713980427#iri> )
end of roundtrip failure
roundtrip fail: DL Syntax Format DisjointClasses(<urn:test#c> <urn:test#iri>)
c ⊑ ¬ iri
SubClassOf(<http://www.semanticweb.org/ontologies/Ontology49213874713980456#c> ObjectComplementOf(<http://www.semanticweb.org/ontologies/Ontology49213874713980456#iri>))
end of roundtrip failure
roundtrip fail: DL Syntax Format DisjointDataProperties(<urn:test#dp> <urn:test#iri> )
dp ⊑ ¬ iri
SubClassOf(<http://www.semanticweb.org/ontologies/Ontology49213874713980485#dp> ObjectComplementOf(<http://www.semanticweb.org/ontologies/Ontology49213874713980485#iri>))
end of roundtrip failure
roundtrip fail: DL Syntax Format DisjointObjectProperties(<urn:test#iri> <urn:test#op> )
iri ⊑ ¬ op
SubClassOf(<http://www.semanticweb.org/ontologies/Ontology49213874713980514#iri> ObjectComplementOf(<http://www.semanticweb.org/ontologies/Ontology49213874713980514#op>))
end of roundtrip failure
parse fail: DL Syntax Format DisjointUnion(<urn:test#c> <urn:test#c> <urn:test#iri> )
c=c ⊔ iri
roundtrip fail: DL Syntax Format EquivalentClasses(<urn:test#c> <urn:test#iri> )
c ≡ iri
EquivalentClasses(<http://www.semanticweb.org/ontologies/Ontology49213874713980572#c> <http://www.semanticweb.org/ontologies/Ontology49213874713980572#iri> )
end of roundtrip failure
roundtrip fail: DL Syntax Format EquivalentDataProperties(<urn:test#dp> <urn:test#iri> )
dp ≡ iri
EquivalentClasses(<http://www.semanticweb.org/ontologies/Ontology49213874713980601#dp> <http://www.semanticweb.org/ontologies/Ontology49213874713980601#iri> )
end of roundtrip failure
roundtrip fail: DL Syntax Format EquivalentObjectProperties(<urn:test#iri> <urn:test#op> )
iri ≡ op
EquivalentClasses(<http://www.semanticweb.org/ontologies/Ontology49213874713980630#iri> <http://www.semanticweb.org/ontologies/Ontology49213874713980630#op> )
end of roundtrip failure
roundtrip fail: DL Syntax Format FunctionalDataProperty(<urn:test#dp>)
⊤ ⊑ ≤ 1 dp
FunctionalObjectProperty(<http://www.semanticweb.org/ontologies/Ontology49213874713980659#dp>)
end of roundtrip failure
roundtrip fail: DL Syntax Format FunctionalObjectProperty(<urn:test#op>)
⊤ ⊑ ≤ 1 op
FunctionalObjectProperty(<http://www.semanticweb.org/ontologies/Ontology49213874713980688#op>)
end of roundtrip failure
roundtrip fail: DL Syntax Format InverseFunctionalObjectProperty(<urn:test#op>)
⊤ ⊑ ≤ 1 op⁻
FunctionalObjectProperty(InverseOf(<http://www.semanticweb.org/ontologies/Ontology49213874713980717#op>))
end of roundtrip failure
parse fail: DL Syntax Format InverseObjectProperties(<urn:test#op> <urn:test#op>)
op ≡ op⁻
parse fail: DL Syntax Format IrreflexiveObjectProperty(<urn:test#op>)
⊤ ⊑ ¬∃ op.self
parse fail: DL Syntax Format NegativeDataPropertyAssertion(<urn:test#dp> <urn:test#i> "false"^^xsd:boolean)
¬¬dp(i, false)
parse fail: DL Syntax Format NegativeObjectPropertyAssertion(<urn:test#op> <urn:test#i> <urn:test#i>)
¬¬op(i, i)
parse fail: DL Syntax Format ObjectPropertyAssertion(<urn:test#op> <urn:test#i> <urn:test#i>)
op(i, i)
roundtrip fail: DL Syntax Format ObjectPropertyAssertion(InverseOf(<urn:test#op>) <urn:test#i> <urn:test#i>)
op⁻(i, i)
ObjectPropertyAssertion(InverseOf(<http://www.semanticweb.org/ontologies/Ontology49213874713980891#op>) <http://www.semanticweb.org/ontologies/Ontology49213874713980891#i> <http://www.semanticweb.org/ontologies/Ontology49213874713980891#i>)
end of roundtrip failure
roundtrip fail: DL Syntax Format ObjectPropertyAssertion(InverseOf(<urn:test#op>) <urn:test#i> <urn:test#j>)
op⁻(i, j)
ObjectPropertyAssertion(InverseOf(<http://www.semanticweb.org/ontologies/Ontology49213874713980920#op>) <http://www.semanticweb.org/ontologies/Ontology49213874713980920#i> <http://www.semanticweb.org/ontologies/Ontology49213874713980920#j>)
end of roundtrip failure
roundtrip fail: DL Syntax Format ObjectPropertyDomain(<urn:test#op> <urn:test#c>)
∃ op.⊤ ⊑ c
ObjectPropertyDomain(<http://www.semanticweb.org/ontologies/Ontology49213874713980949#op> <http://www.semanticweb.org/ontologies/Ontology49213874713980949#c>)
end of roundtrip failure
roundtrip fail: DL Syntax Format ObjectPropertyRange(<urn:test#op> <urn:test#c>)
⊤ ⊑ ∀ op.c
ObjectPropertyRange(<http://www.semanticweb.org/ontologies/Ontology49213874713980978#op> <http://www.semanticweb.org/ontologies/Ontology49213874713980978#c>)
end of roundtrip failure
parse fail: DL Syntax Format SubObjectPropertyOf(ObjectPropertyChain( <urn:test#iri> <urn:test#op> ) <urn:test#op>)
iri ∘ op ⊑ op
roundtrip fail: DL Syntax Format ReflexiveObjectProperty(<urn:test#op>)
⊤ ⊑ ∃ op.self
end of roundtrip failure
roundtrip fail: DL Syntax Format SameIndividual(<urn:test#i> <urn:test#iri> )
i = iri
SameIndividual(<http://www.semanticweb.org/ontologies/Ontology49213874713981065#i> <http://www.semanticweb.org/ontologies/Ontology49213874713981065#iri> )
end of roundtrip failure
roundtrip fail: DL Syntax Format SubClassOf(<urn:test#c> owl:Thing)
c ⊑ ⊤
SubClassOf(<http://www.semanticweb.org/ontologies/Ontology49213874713981113#c> owl:Thing)
end of roundtrip failure
roundtrip fail: DL Syntax Format SubDataPropertyOf(<urn:test#dp> owl:topDataProperty)
dp ⊑ topDataProperty
SubClassOf(<http://www.semanticweb.org/ontologies/Ontology49213874713981142#dp> <http://www.semanticweb.org/ontologies/Ontology49213874713981142#topDataProperty>)
end of roundtrip failure
roundtrip fail: DL Syntax Format SubObjectPropertyOf(<urn:test#op> owl:topObjectProperty)
op ⊑ topObjectProperty
SubClassOf(<http://www.semanticweb.org/ontologies/Ontology49213874713981171#op> <http://www.semanticweb.org/ontologies/Ontology49213874713981171#topObjectProperty>)
end of roundtrip failure
parse fail: DL Syntax Format DLSafeRule( Body(BuiltInAtom(<urn:swrl#v1> Variable(<urn:swrl#var3>) Variable(<urn:swrl#var4>) )) Head(BuiltInAtom(<urn:swrl#v2> Variable(<urn:swrl#var5>) Variable(<urn:swrl#var6>) )) )

parse fail: DL Syntax Format SymmetricObjectProperty(<urn:test#op>)
op ≡ op⁻
parse fail: DL Syntax Format TransitiveObjectProperty(<urn:test#op>)
op ∈ R⁺
parse fail: DL Syntax Format HasKey(<urn:test#c> (<urn:test#iri> <urn:test#op> ) (<urn:test#dp> ))

parse fail: DL Syntax Format DLSafeRule( Body(BuiltInAtom(<urn:swrl#v1> Variable(<urn:swrl#var3>) Variable(<urn:swrl#var4>) ) ClassAtom(<urn:test#c> Variable(<urn:swrl#var2>)) DataRangeAtom(<urn:test#datatype> Variable(<urn:swrl#var1>)) BuiltInAtom(<urn:test#iri> Variable(<urn:swrl#var1>) ) DifferentFromAtom(Variable(<urn:swrl#var2>) <urn:test#i>) SameAsAtom(Variable(<urn:swrl#var2>) <urn:test#iri>)) Head(BuiltInAtom(<urn:swrl#v2> Variable(<urn:swrl#var5>) Variable(<urn:swrl#var6>) ) DataPropertyAtom(<urn:test#dp> Variable(<urn:swrl#var2>) "false"^^xsd:boolean) ObjectPropertyAtom(<urn:test#op> Variable(<urn:swrl#var2>) Variable(<urn:swrl#var2>))) )
v2(?var5 , ?var6) ⋀ dp(?var2, false) ⋀ op(?var2, ?var2) ← v1(?var3 , ?var4) ⋀ c(?var2) ⋀ datatype(?var1) ⋀ iri(?var1) ⋀ differentFrom(?var2, i) ⋀ sameAs(?var2, iri)
Tests run: 5128, Failures: 0, Errors: 0, Skipped: 40

[INFO] 
[INFO] --- maven-jar-plugin:2.4:jar (default-jar) @ owlapi-contract ---
[INFO] Building jar: /home/travis/build/failed/owlcs/owlapi/contract/target/owlapi-contract-6.0.0-SNAPSHOT.jar
[INFO] 
[INFO] >>> maven-source-plugin:3.0.1:jar (attach-sources) > generate-sources @ owlapi-contract >>>
[INFO] 
[INFO] --- maven-enforcer-plugin:1.0:enforce (enforce-maven) @ owlapi-contract ---
[INFO] 
[INFO] <<< maven-source-plugin:3.0.1:jar (attach-sources) < generate-sources @ owlapi-contract <<<
[INFO] 
[INFO] --- maven-source-plugin:3.0.1:jar (attach-sources) @ owlapi-contract ---
[INFO] Building jar: /home/travis/build/failed/owlcs/owlapi/contract/target/owlapi-contract-6.0.0-SNAPSHOT-sources.jar
[INFO] 
[INFO] --- maven-javadoc-plugin:2.10.4:jar (attach-javadocs) @ owlapi-contract ---
[INFO] Skipping javadoc generation
[INFO] 
[INFO] --- maven-failsafe-plugin:2.19.1:integration-test (default) @ owlapi-contract ---
[INFO] 
[INFO] --- maven-failsafe-plugin:2.19.1:verify (default) @ owlapi-contract ---
[INFO]                                                                         
[INFO] ------------------------------------------------------------------------
[INFO] Building OWLAPI :: Distribution 6.0.0-SNAPSHOT
[INFO] ------------------------------------------------------------------------
[INFO] 
[INFO] --- maven-enforcer-plugin:1.0:enforce (enforce-maven) @ owlapi-distribution ---
[INFO] 
[INFO] --- maven-resources-plugin:3.2.0:resources (default-resources) @ owlapi-distribution ---
[INFO] Using 'UTF-8' encoding to copy filtered resources.
[INFO] Using 'UTF-8' encoding to copy filtered properties files.
[INFO] skip non existing resourceDirectory /home/travis/build/failed/owlcs/owlapi/distribution/src/main/resources
[INFO] 
[INFO] --- maven-compiler-plugin:3.6.0:compile (default-compile) @ owlapi-distribution ---
[INFO] No sources to compile
[INFO] 
[INFO] --- maven-resources-plugin:3.2.0:testResources (default-testResources) @ owlapi-distribution ---
[INFO] Using 'UTF-8' encoding to copy filtered resources.
[INFO] Using 'UTF-8' encoding to copy filtered properties files.
[INFO] skip non existing resourceDirectory /home/travis/build/failed/owlcs/owlapi/distribution/src/test/resources
[INFO] 
[INFO] --- maven-compiler-plugin:3.6.0:testCompile (default-testCompile) @ owlapi-distribution ---
[INFO] No sources to compile
[INFO] 
[INFO] --- maven-surefire-plugin:2.19.1:test (default-test) @ owlapi-distribution ---
[INFO] No tests to run.
[INFO] 
[INFO] --- maven-bundle-plugin:3.2.0:bundle (default-bundle) @ owlapi-distribution ---
[WARNING] Bundle net.sourceforge.owlapi:owlapi-distribution:bundle:6.0.0-SNAPSHOT : Unused Import-Package instructions: [org.apache.commons.logging.*] 
[INFO] 
[INFO] >>> maven-source-plugin:3.0.1:jar (attach-sources) > generate-sources @ owlapi-distribution >>>
[INFO] 
[INFO] --- maven-enforcer-plugin:1.0:enforce (enforce-maven) @ owlapi-distribution ---
[INFO] 
[INFO] <<< maven-source-plugin:3.0.1:jar (attach-sources) < generate-sources @ owlapi-distribution <<<
[INFO] 
[INFO] --- maven-source-plugin:3.0.1:jar (attach-sources) @ owlapi-distribution ---
[INFO] No sources in project. Archive not created.
[INFO] 
[INFO] --- maven-shade-plugin:2.4.3:shade (default) @ owlapi-distribution ---
[INFO] Including net.sourceforge.owlapi:owlapi-apibinding:jar:6.0.0-SNAPSHOT in the shaded jar.
[INFO] Including net.sourceforge.owlapi:owlapi-tools:jar:6.0.0-SNAPSHOT in the shaded jar.
[INFO] Including net.sourceforge.owlapi:owlapi-impl:jar:6.0.0-SNAPSHOT in the shaded jar.
[INFO] Including net.sourceforge.owlapi:owlapi-parsers:jar:6.0.0-SNAPSHOT in the shaded jar.
[INFO] Including net.sourceforge.owlapi:owlapi-oboformat:jar:6.0.0-SNAPSHOT in the shaded jar.
[INFO] Including net.sourceforge.owlapi:owlapi-rio:jar:6.0.0-SNAPSHOT in the shaded jar.
[INFO] Including net.sourceforge.owlapi:owlapi-api:jar:6.0.0-SNAPSHOT in the shaded jar.
[INFO] Excluding net.sourceforge.owlapi:owlapi-compatibility:jar:6.0.0-SNAPSHOT from the shaded jar.
[INFO] Excluding com.fasterxml.jackson.core:jackson-core:jar:2.8.5 from the shaded jar.
[INFO] Excluding com.fasterxml.jackson.core:jackson-databind:jar:2.8.5 from the shaded jar.
[INFO] Excluding com.fasterxml.jackson.core:jackson-annotations:jar:2.8.5 from the shaded jar.
[INFO] Excluding org.apache.commons:commons-rdf-api:jar:0.3.0-incubating from the shaded jar.
[INFO] Excluding org.tukaani:xz:jar:1.6 from the shaded jar.
[INFO] Excluding org.slf4j:slf4j-api:jar:1.7.22 from the shaded jar.
[INFO] Excluding org.slf4j:jcl-over-slf4j:jar:1.7.22 from the shaded jar.
[INFO] Excluding org.eclipse.rdf4j:rdf4j-model:jar:2.1.4 from the shaded jar.
[INFO] Excluding org.eclipse.rdf4j:rdf4j-rio-api:jar:2.1.4 from the shaded jar.
[INFO] Excluding org.eclipse.rdf4j:rdf4j-rio-languages:jar:2.1.4 from the shaded jar.
[INFO] Excluding org.eclipse.rdf4j:rdf4j-rio-datatypes:jar:2.1.4 from the shaded jar.
[INFO] Excluding org.eclipse.rdf4j:rdf4j-rio-binary:jar:2.1.4 from the shaded jar.
[INFO] Excluding org.eclipse.rdf4j:rdf4j-rio-n3:jar:2.1.4 from the shaded jar.
[INFO] Excluding org.eclipse.rdf4j:rdf4j-rio-nquads:jar:2.1.4 from the shaded jar.
[INFO] Excluding org.eclipse.rdf4j:rdf4j-rio-ntriples:jar:2.1.4 from the shaded jar.
[INFO] Excluding org.eclipse.rdf4j:rdf4j-rio-rdfjson:jar:2.1.4 from the shaded jar.
[INFO] Excluding org.eclipse.rdf4j:rdf4j-rio-jsonld:jar:2.1.4 from the shaded jar.
[INFO] Excluding org.eclipse.rdf4j:rdf4j-rio-rdfxml:jar:2.1.4 from the shaded jar.
[INFO] Excluding org.eclipse.rdf4j:rdf4j-rio-trix:jar:2.1.4 from the shaded jar.
[INFO] Excluding org.eclipse.rdf4j:rdf4j-rio-turtle:jar:2.1.4 from the shaded jar.
[INFO] Excluding org.eclipse.rdf4j:rdf4j-rio-trig:jar:2.1.4 from the shaded jar.
[INFO] Excluding org.eclipse.rdf4j:rdf4j-util:jar:2.1.4 from the shaded jar.
[INFO] Excluding com.github.jsonld-java:jsonld-java:jar:0.9.0 from the shaded jar.
[INFO] Excluding org.apache.httpcomponents:httpclient-osgi:jar:4.5.2 from the shaded jar.
[INFO] Excluding org.apache.httpcomponents:httpclient:jar:4.5.2 from the shaded jar.
[INFO] Excluding commons-codec:commons-codec:jar:1.9 from the shaded jar.
[INFO] Excluding org.apache.httpcomponents:httpmime:jar:4.5.2 from the shaded jar.
[INFO] Excluding org.apache.httpcomponents:httpclient-cache:jar:4.5.2 from the shaded jar.
[INFO] Excluding org.apache.httpcomponents:fluent-hc:jar:4.5.2 from the shaded jar.
[INFO] Excluding org.apache.httpcomponents:httpcore-osgi:jar:4.4.5 from the shaded jar.
[INFO] Excluding org.apache.httpcomponents:httpcore:jar:4.4.5 from the shaded jar.
[INFO] Excluding org.apache.httpcomponents:httpcore-nio:jar:4.4.5 from the shaded jar.
[INFO] Excluding net.sf.trove4j:trove4j:jar:3.0.3 from the shaded jar.
[INFO] Excluding com.github.ben-manes.caffeine:caffeine:jar:2.3.5 from the shaded jar.
[INFO] Excluding com.google.guava:guava:jar:20.0 from the shaded jar.
[INFO] Excluding com.google.inject:guice:jar:4.1.0 from the shaded jar.
[INFO] Excluding javax.inject:javax.inject:jar:1 from the shaded jar.
[INFO] Excluding aopalliance:aopalliance:jar:1.0 from the shaded jar.
[INFO] Excluding com.google.inject.extensions:guice-multibindings:jar:4.1.0 from the shaded jar.
[INFO] Excluding com.google.code.findbugs:jsr305:jar:3.0.1 from the shaded jar.
[INFO] Excluding commons-io:commons-io:jar:2.5 from the shaded jar.
[INFO] Excluding com.squareup.okhttp3:okhttp:jar:3.5.0 from the shaded jar.
[INFO] Excluding com.squareup.okio:okio:jar:1.11.0 from the shaded jar.
[WARNING] owlapi-distribution-6.0.0-SNAPSHOT.jar, owlapi-impl-6.0.0-SNAPSHOT.jar define 196 overlapping classes: 
[WARNING]   - org.semanticweb.owlapi.reasoner.impl.OWLNamedIndividualNodeSet
[WARNING]   - uk.ac.manchester.cs.owl.owlapi.SWRLIndividualArgumentImpl
[WARNING]   - uk.ac.manchester.cs.owl.owlapi.InitVisitorFactory$InitIndividualVisitor
[WARNING]   - uk.ac.manchester.cs.owl.owlapi.OWLDataAllValuesFromImpl
[WARNING]   - uk.ac.manchester.cs.owl.owlapi.concurrent.NonConcurrentOWLOntologyBuilder
[WARNING]   - uk.ac.manchester.cs.owl.owlapi.OWLImportsDeclarationImpl
[WARNING]   - uk.ac.manchester.cs.owl.owlapi.OWLSubPropertyAxiomImpl
[WARNING]   - uk.ac.manchester.cs.owl.owlapi.OWLSameIndividualAxiomImpl
[WARNING]   - uk.ac.manchester.cs.owl.owlapi.Internals$RemoveAxiomVisitor
[WARNING]   - uk.ac.manchester.cs.owl.owlapi.SWRLSameIndividualAtomImpl
[WARNING]   - 186 more...
[WARNING] owlapi-tools-6.0.0-SNAPSHOT.jar, owlapi-distribution-6.0.0-SNAPSHOT.jar define 136 overlapping classes: 
[WARNING]   - com.clarkparsia.owlapi.explanation.util.SilentExplanationProgressMonitor
[WARNING]   - uk.ac.manchester.cs.atomicdecomposition.package-info
[WARNING]   - uk.ac.manchester.cs.factplusplusad.OntologyBasedModularizer
[WARNING]   - org.semanticweb.owlapi.metrics.HiddenGCICount
[WARNING]   - org.semanticweb.owlapitools.decomposition.Modularizer
[WARNING]   - com.clarkparsia.owlapi.modularity.locality.SemanticLocalityEvaluator
[WARNING]   - uk.ac.manchester.cs.factplusplusad.Signature
[WARNING]   - org.semanticweb.owlapi.metrics.DoubleValuedMetric
[WARNING]   - org.semanticweb.owlapitools.decomposition.SigIndex
[WARNING]   - com.clarkparsia.owlapi.explanation.io.ExplanationRenderer
[WARNING]   - 126 more...
[WARNING] owlapi-distribution-6.0.0-SNAPSHOT.jar, owlapi-apibinding-6.0.0-SNAPSHOT.jar define 6 overlapping classes: 
[WARNING]   - org.semanticweb.owlapi.apibinding.OWLManager
[WARNING]   - org.semanticweb.owlapi.apibinding.package-info
[WARNING]   - org.semanticweb.owlapi.apibinding.OWLFunctionalSyntaxFactory
[WARNING]   - uk.ac.manchester.cs.owl.owlapi.OWLAPIImplModule
[WARNING]   - org.semanticweb.owlapi.OWLAPIParsersModule
[WARNING]   - org.semanticweb.owlapi.OWLAPIServiceLoaderModule
[WARNING] owlapi-distribution-6.0.0-SNAPSHOT.jar, owlapi-parsers-6.0.0-SNAPSHOT.jar define 358 overlapping classes: 
[WARNING]   - org.semanticweb.owlapi.owlxml.parser.SubAnnPropertyOfEH
[WARNING]   - org.semanticweb.owlapi.krss2.renderer.KRSSVocabulary
[WARNING]   - org.semanticweb.owlapi.owlxml.parser.DataOneOfEH
[WARNING]   - org.semanticweb.owlapi.rdf.rdfxml.renderer.package-info
[WARNING]   - org.semanticweb.owlapi.rdf.rdfxml.parser.Translators$ObjectMinCardinalityTranslator
[WARNING]   - org.semanticweb.owlapi.rdf.rdfxml.renderer.IllegalElementNameException
[WARNING]   - org.semanticweb.owlapi.rdf.turtle.parser.JavaCharStream
[WARNING]   - org.semanticweb.owlapi.rdf.rdfxml.parser.AnonMap
[WARNING]   - org.semanticweb.owlapi.latex.renderer.LatexOWLObjectRenderer
[WARNING]   - org.semanticweb.owlapi.owlxml.renderer.OWLXMLObjectRenderer
[WARNING]   - 348 more...
[WARNING] owlapi-distribution-6.0.0-SNAPSHOT.jar, owlapi-oboformat-6.0.0-SNAPSHOT.jar define 74 overlapping classes: 
[WARNING]   - org.obolibrary.oboformat.parser.OBOFormatException
[WARNING]   - org.obolibrary.obo2owl.OWLAPIOwl2Obo
[WARNING]   - org.obolibrary.macro.MacroExpansionGCIVisitor$MacroExpansions
[WARNING]   - org.obolibrary.oboformat.diff.Diff
[WARNING]   - org.obolibrary.obo2owl.IdTranslator
[WARNING]   - org.obolibrary.oboformat.model.Clause
[WARNING]   - org.obolibrary.oboformat.parser.XrefExpander$ReverseGenusDifferentiaExpansion
[WARNING]   - org.obolibrary.owl.LabelFunctionalSyntaxStorer
[WARNING]   - org.obolibrary.oboformat.model.FrameStructureException
[WARNING]   - org.obolibrary.macro.MacroExpansionVisitor
[WARNING]   - 64 more...
[WARNING] owlapi-api-6.0.0-SNAPSHOT.jar, owlapi-distribution-6.0.0-SNAPSHOT.jar define 885 overlapping classes: 
[WARNING]   - org.semanticweb.owlapi.model.OWLPropertyAssertionObject
[WARNING]   - org.semanticweb.owlapi.model.OWLAnonymousClassExpression
[WARNING]   - org.semanticweb.owlapi.model.HasApplyChange
[WARNING]   - org.semanticweb.owlapi.util.InferredIndividualAxiomGenerator
[WARNING]   - org.semanticweb.owlapi.model.SWRLDArgument
[WARNING]   - org.semanticweb.owlapi.util.OWLOntologyWalkerVisitor
[WARNING]   - org.semanticweb.owlapi.model.providers.ExistentialProvider
[WARNING]   - org.semanticweb.owlapi.model.axiomproviders.PropertyCharacteristicAxiomProvider
[WARNING]   - org.semanticweb.owlapi.model.OWLObjectPropertyDomainAxiom
[WARNING]   - org.semanticweb.owlapi.io.SystemOutDocumentTarget
[WARNING]   - 875 more...
[WARNING] owlapi-distribution-6.0.0-SNAPSHOT.jar, owlapi-rio-6.0.0-SNAPSHOT.jar define 68 overlapping classes: 
[WARNING]   - org.semanticweb.owlapi.formats.N3DocumentFormatFactory
[WARNING]   - org.semanticweb.owlapi.formats.RioTurtleDocumentFormatFactory
[WARNING]   - org.semanticweb.owlapi.rio.RioStorer
[WARNING]   - org.semanticweb.owlapi.rio.RioOWLRDFParser
[WARNING]   - org.semanticweb.owlapi.rio.OWLAPIRDFFormat
[WARNING]   - org.semanticweb.owlapi.formats.N3DocumentFormat
[WARNING]   - org.semanticweb.owlapi.rio.RioFunctionalSyntaxParserFactory
[WARNING]   - org.semanticweb.owlapi.rio.RioTrigStorerFactory
[WARNING]   - org.semanticweb.owlapi.rio.RioManchesterSyntaxParserFactory
[WARNING]   - org.semanticweb.owlapi.rio.AbstractRioStorerFactory
[WARNING]   - 58 more...
[WARNING] maven-shade-plugin has detected that some class files are
[WARNING] present in two or more JARs. When this happens, only one
[WARNING] single version of the class is copied to the uber jar.
[WARNING] Usually this is not harmful and you can skip these warnings,
[WARNING] otherwise try to manually exclude artifacts based on
[WARNING] mvn dependency:tree -Ddetail=true and the above output.
[WARNING] See http://maven.apache.org/plugins/maven-shade-plugin/
[INFO] Replacing original artifact with shaded artifact.
[INFO] Replacing /home/travis/build/failed/owlcs/owlapi/distribution/target/owlapi-distribution-6.0.0-SNAPSHOT.jar with /home/travis/build/failed/owlcs/owlapi/distribution/target/owlapi-distribution-6.0.0-SNAPSHOT-shaded.jar
[INFO] Dependency-reduced POM written at: /home/travis/build/failed/owlcs/owlapi/distribution/dependency-reduced-pom.xml
[INFO] 
[INFO] --- maven-javadoc-plugin:2.10.4:jar (attach-javadocs) @ owlapi-distribution ---
[INFO] Skipping javadoc generation
[INFO] 
[INFO] --- maven-javadoc-plugin:2.10.4:jar (attach-javadoc) @ owlapi-distribution ---
[INFO] Skipping javadoc generation
[INFO] 
[INFO] --- maven-assembly-plugin:3.0.0:single (attach-sources) @ owlapi-distribution ---
[INFO] Reading assembly descriptor: src/assembly/sources.xml
[INFO] Building jar: /home/travis/build/failed/owlcs/owlapi/distribution/target/owlapi-distribution-6.0.0-SNAPSHOT-sources.jar
[INFO] 
[INFO] --- maven-failsafe-plugin:2.19.1:integration-test (default) @ owlapi-distribution ---
[INFO] No tests to run.
[INFO] 
[INFO] --- maven-failsafe-plugin:2.19.1:verify (default) @ owlapi-distribution ---
[INFO]                                                                         
[INFO] ------------------------------------------------------------------------
[INFO] Building OWLAPI :: OSGi and Compatibility Distribution 6.0.0-SNAPSHOT
[INFO] ------------------------------------------------------------------------
[INFO] 
[INFO] --- maven-enforcer-plugin:1.0:enforce (enforce-maven) @ owlapi-osgidistribution ---
[INFO] 
[INFO] --- maven-resources-plugin:3.2.0:resources (default-resources) @ owlapi-osgidistribution ---
[INFO] Using 'UTF-8' encoding to copy filtered resources.
[INFO] Using 'UTF-8' encoding to copy filtered properties files.
[INFO] skip non existing resourceDirectory /home/travis/build/failed/owlcs/owlapi/osgidistribution/src/main/resources
[INFO] 
[INFO] --- maven-compiler-plugin:3.6.0:compile (default-compile) @ owlapi-osgidistribution ---
[INFO] Nothing to compile - all classes are up to date
[INFO] 
[INFO] --- maven-resources-plugin:3.2.0:testResources (default-testResources) @ owlapi-osgidistribution ---
[INFO] Using 'UTF-8' encoding to copy filtered resources.
[INFO] Using 'UTF-8' encoding to copy filtered properties files.
[INFO] Copying 2 resources
[INFO] 
[INFO] --- maven-compiler-plugin:3.6.0:testCompile (default-testCompile) @ owlapi-osgidistribution ---
[INFO] Nothing to compile - all classes are up to date
[INFO] 
[INFO] --- maven-surefire-plugin:2.19.1:test (default-test) @ owlapi-osgidistribution ---

-------------------------------------------------------
 T E S T S
-------------------------------------------------------
Tests run: 3, Failures: 0, Errors: 0, Skipped: 0

[INFO] 
[INFO] --- maven-bundle-plugin:3.2.0:bundle (default-bundle) @ owlapi-osgidistribution ---
[WARNING] Bundle net.sourceforge.owlapi:owlapi-osgidistribution:bundle:6.0.0-SNAPSHOT : Export com.clarkparsia.owlapi.explanation,  has 1,  private references [javax.annotation], 
[WARNING] Bundle net.sourceforge.owlapi:owlapi-osgidistribution:bundle:6.0.0-SNAPSHOT : Export com.clarkparsia.owlapi.explanation.io,  has 1,  private references [javax.annotation], 
[WARNING] Bundle net.sourceforge.owlapi:owlapi-osgidistribution:bundle:6.0.0-SNAPSHOT : Export org.semanticweb.owlapi,  has 1,  private references [javax.annotation], 
[WARNING] Bundle net.sourceforge.owlapi:owlapi-osgidistribution:bundle:6.0.0-SNAPSHOT : Export org.semanticweb.owlapi.apibinding,  has 1,  private references [javax.annotation], 
[WARNING] Bundle net.sourceforge.owlapi:owlapi-osgidistribution:bundle:6.0.0-SNAPSHOT : Export org.semanticweb.owlapi.change,  has 1,  private references [javax.annotation], 
[WARNING] Bundle net.sourceforge.owlapi:owlapi-osgidistribution:bundle:6.0.0-SNAPSHOT : Export org.semanticweb.owlapi.debugging,  has 1,  private references [javax.annotation], 
[WARNING] Bundle net.sourceforge.owlapi:owlapi-osgidistribution:bundle:6.0.0-SNAPSHOT : Export org.semanticweb.owlapi.dlsyntax.renderer,  has 1,  private references [javax.annotation], 
[WARNING] Bundle net.sourceforge.owlapi:owlapi-osgidistribution:bundle:6.0.0-SNAPSHOT : Export org.semanticweb.owlapi.expression,  has 1,  private references [javax.annotation], 
[WARNING] Bundle net.sourceforge.owlapi:owlapi-osgidistribution:bundle:6.0.0-SNAPSHOT : Export org.semanticweb.owlapi.formats,  has 2,  private references [org.eclipse.rdf4j.rio, javax.annotation], 
[WARNING] Bundle net.sourceforge.owlapi:owlapi-osgidistribution:bundle:6.0.0-SNAPSHOT : Export org.semanticweb.owlapi.functional.renderer,  has 1,  private references [javax.annotation], 
[WARNING] Bundle net.sourceforge.owlapi:owlapi-osgidistribution:bundle:6.0.0-SNAPSHOT : Export org.semanticweb.owlapi.io,  has 3,  private references [org.apache.commons.rdf.api, javax.annotation, org.tukaani.xz], 
[WARNING] Bundle net.sourceforge.owlapi:owlapi-osgidistribution:bundle:6.0.0-SNAPSHOT : Export org.semanticweb.owlapi.krss2.renderer,  has 1,  private references [javax.annotation], 
[WARNING] Bundle net.sourceforge.owlapi:owlapi-osgidistribution:bundle:6.0.0-SNAPSHOT : Export org.semanticweb.owlapi.manchestersyntax.parser,  has 1,  private references [javax.annotation], 
[WARNING] Bundle net.sourceforge.owlapi:owlapi-osgidistribution:bundle:6.0.0-SNAPSHOT : Export org.semanticweb.owlapi.manchestersyntax.renderer,  has 1,  private references [javax.annotation], 
[WARNING] Bundle net.sourceforge.owlapi:owlapi-osgidistribution:bundle:6.0.0-SNAPSHOT : Export org.semanticweb.owlapi.model,  has 2,  private references [org.apache.commons.rdf.api, javax.annotation], 
[WARNING] Bundle net.sourceforge.owlapi:owlapi-osgidistribution:bundle:6.0.0-SNAPSHOT : Export org.semanticweb.owlapi.model.parameters,  has 1,  private references [javax.annotation], 
[WARNING] Bundle net.sourceforge.owlapi:owlapi-osgidistribution:bundle:6.0.0-SNAPSHOT : Export org.semanticweb.owlapi.model.providers,  has 1,  private references [javax.annotation], 
[WARNING] Bundle net.sourceforge.owlapi:owlapi-osgidistribution:bundle:6.0.0-SNAPSHOT : Export org.semanticweb.owlapi.profiles,  has 1,  private references [javax.annotation], 
[WARNING] Bundle net.sourceforge.owlapi:owlapi-osgidistribution:bundle:6.0.0-SNAPSHOT : Export org.semanticweb.owlapi.profiles.violations,  has 1,  private references [javax.annotation], 
[WARNING] Bundle net.sourceforge.owlapi:owlapi-osgidistribution:bundle:6.0.0-SNAPSHOT : Export org.semanticweb.owlapi.rdf,  has 1,  private references [javax.annotation], 
[WARNING] Bundle net.sourceforge.owlapi:owlapi-osgidistribution:bundle:6.0.0-SNAPSHOT : Export org.semanticweb.owlapi.rdf.model,  has 1,  private references [javax.annotation], 
[WARNING] Bundle net.sourceforge.owlapi:owlapi-osgidistribution:bundle:6.0.0-SNAPSHOT : Export org.semanticweb.owlapi.rdf.rdfxml.parser,  has 1,  private references [javax.annotation], 
[WARNING] Bundle net.sourceforge.owlapi:owlapi-osgidistribution:bundle:6.0.0-SNAPSHOT : Export org.semanticweb.owlapi.rdf.rdfxml.renderer,  has 1,  private references [javax.annotation], 
[WARNING] Bundle net.sourceforge.owlapi:owlapi-osgidistribution:bundle:6.0.0-SNAPSHOT : Export org.semanticweb.owlapi.reasoner,  has 1,  private references [javax.annotation], 
[WARNING] Bundle net.sourceforge.owlapi:owlapi-osgidistribution:bundle:6.0.0-SNAPSHOT : Export org.semanticweb.owlapi.reasoner.impl,  has 1,  private references [javax.annotation], 
[WARNING] Bundle net.sourceforge.owlapi:owlapi-osgidistribution:bundle:6.0.0-SNAPSHOT : Export org.semanticweb.owlapi.rio,  has 6,  private references [org.eclipse.rdf4j.model, javax.annotation, org.eclipse.rdf4j.common.iteration, org.eclipse.rdf4j.rio, org.eclipse.rdf4j.rio.helpers, org.eclipse.rdf4j], 
[WARNING] Bundle net.sourceforge.owlapi:owlapi-osgidistribution:bundle:6.0.0-SNAPSHOT : Export org.semanticweb.owlapi.rio.utils,  has 2,  private references [org.eclipse.rdf4j.model, javax.annotation], 
[WARNING] Bundle net.sourceforge.owlapi:owlapi-osgidistribution:bundle:6.0.0-SNAPSHOT : Export org.semanticweb.owlapi.search,  has 1,  private references [javax.annotation], 
[WARNING] Bundle net.sourceforge.owlapi:owlapi-osgidistribution:bundle:6.0.0-SNAPSHOT : Export org.semanticweb.owlapi.util,  has 1,  private references [javax.annotation], 
[WARNING] Bundle net.sourceforge.owlapi:owlapi-osgidistribution:bundle:6.0.0-SNAPSHOT : Export org.semanticweb.owlapi.util.mansyntax,  has 1,  private references [javax.annotation], 
[WARNING] Bundle net.sourceforge.owlapi:owlapi-osgidistribution:bundle:6.0.0-SNAPSHOT : Export org.semanticweb.owlapi.vocab,  has 1,  private references [javax.annotation], 
[WARNING] Bundle net.sourceforge.owlapi:owlapi-osgidistribution:bundle:6.0.0-SNAPSHOT : Export org.semanticweb.owlapitools.builders,  has 1,  private references [javax.annotation], 
[WARNING] Bundle net.sourceforge.owlapi:owlapi-osgidistribution:bundle:6.0.0-SNAPSHOT : Export org.semanticweb.owlapitools.decomposition,  has 1,  private references [javax.annotation], 
[WARNING] Bundle net.sourceforge.owlapi:owlapi-osgidistribution:bundle:6.0.0-SNAPSHOT : Export uk.ac.manchester.cs.atomicdecomposition,  has 1,  private references [javax.annotation], 
[WARNING] Bundle net.sourceforge.owlapi:owlapi-osgidistribution:bundle:6.0.0-SNAPSHOT : Export uk.ac.manchester.cs.chainsaw,  has 2,  private references [gnu.trove.list, javax.annotation], 
[WARNING] Bundle net.sourceforge.owlapi:owlapi-osgidistribution:bundle:6.0.0-SNAPSHOT : Export uk.ac.manchester.cs.owl.explanation.ordering,  has 1,  private references [javax.annotation], 
[WARNING] Bundle net.sourceforge.owlapi:owlapi-osgidistribution:bundle:6.0.0-SNAPSHOT : Export uk.ac.manchester.cs.owl.owlapi,  has 2,  private references [javax.annotation, com.github.benmanes.caffeine.cache], 
[WARNING] Bundle net.sourceforge.owlapi:owlapi-osgidistribution:bundle:6.0.0-SNAPSHOT : Export uk.ac.manchester.cs.owl.owlapi.concurrent,  has 1,  private references [javax.annotation], 
[WARNING] Bundle net.sourceforge.owlapi:owlapi-osgidistribution:bundle:6.0.0-SNAPSHOT : Export uk.ac.manchester.cs.owlapi.modularity,  has 1,  private references [javax.annotation], 
[WARNING] Bundle net.sourceforge.owlapi:owlapi-osgidistribution:bundle:6.0.0-SNAPSHOT : Export org.obolibrary.macro,  has 1,  private references [javax.annotation], 
[WARNING] Bundle net.sourceforge.owlapi:owlapi-osgidistribution:bundle:6.0.0-SNAPSHOT : Export org.obolibrary.obo2owl,  has 1,  private references [javax.annotation], 
[WARNING] Bundle net.sourceforge.owlapi:owlapi-osgidistribution:bundle:6.0.0-SNAPSHOT : Export org.obolibrary.oboformat.diff,  has 1,  private references [javax.annotation], 
[WARNING] Bundle net.sourceforge.owlapi:owlapi-osgidistribution:bundle:6.0.0-SNAPSHOT : Export org.obolibrary.oboformat.model,  has 1,  private references [javax.annotation], 
[WARNING] Bundle net.sourceforge.owlapi:owlapi-osgidistribution:bundle:6.0.0-SNAPSHOT : Export org.obolibrary.oboformat.parser,  has 1,  private references [javax.annotation], 
[WARNING] Bundle net.sourceforge.owlapi:owlapi-osgidistribution:bundle:6.0.0-SNAPSHOT : Export org.obolibrary.oboformat.writer,  has 2,  private references [javax.annotation, gnu.trove.map.hash], 
[WARNING] Bundle net.sourceforge.owlapi:owlapi-osgidistribution:bundle:6.0.0-SNAPSHOT : Export org.obolibrary.owl,  has 1,  private references [javax.annotation], 
[WARNING] Bundle net.sourceforge.owlapi:owlapi-osgidistribution:bundle:6.0.0-SNAPSHOT : Export org.coode.owlapi.manchesterowlsyntax,  has 1,  private references [javax.annotation], 
[WARNING] Bundle net.sourceforge.owlapi:owlapi-osgidistribution:bundle:6.0.0-SNAPSHOT : Export org.coode.owlapi.obo12.parser,  has 1,  private references [javax.annotation], 
[INFO] 
[INFO] >>> maven-source-plugin:3.0.1:jar (attach-sources) > generate-sources @ owlapi-osgidistribution >>>
[INFO] 
[INFO] --- maven-enforcer-plugin:1.0:enforce (enforce-maven) @ owlapi-osgidistribution ---
[INFO] 
[INFO] <<< maven-source-plugin:3.0.1:jar (attach-sources) < generate-sources @ owlapi-osgidistribution <<<
[INFO] 
[INFO] --- maven-source-plugin:3.0.1:jar (attach-sources) @ owlapi-osgidistribution ---
[INFO] Building jar: /home/travis/build/failed/owlcs/owlapi/osgidistribution/target/owlapi-osgidistribution-6.0.0-SNAPSHOT-sources.jar
[INFO] 
[INFO] --- maven-javadoc-plugin:2.10.4:jar (attach-javadocs) @ owlapi-osgidistribution ---
[INFO] Skipping javadoc generation
[INFO] 
[INFO] --- maven-javadoc-plugin:2.10.4:jar (attach-javadoc) @ owlapi-osgidistribution ---
[INFO] Skipping javadoc generation
[INFO] 
[INFO] --- maven-shade-plugin:2.4.3:shade (default) @ owlapi-osgidistribution ---
[INFO] Including net.sourceforge.owlapi:owlapi-apibinding:jar:6.0.0-SNAPSHOT in the shaded jar.
[INFO] Including net.sourceforge.owlapi:owlapi-tools:jar:6.0.0-SNAPSHOT in the shaded jar.
[INFO] Including net.sourceforge.owlapi:owlapi-impl:jar:6.0.0-SNAPSHOT in the shaded jar.
[INFO] Including net.sourceforge.owlapi:owlapi-parsers:jar:6.0.0-SNAPSHOT in the shaded jar.
[INFO] Including net.sourceforge.owlapi:owlapi-oboformat:jar:6.0.0-SNAPSHOT in the shaded jar.
[INFO] Including net.sourceforge.owlapi:owlapi-rio:jar:6.0.0-SNAPSHOT in the shaded jar.
[INFO] Including net.sourceforge.owlapi:owlapi-api:jar:6.0.0-SNAPSHOT in the shaded jar.
[INFO] Including net.sourceforge.owlapi:owlapi-compatibility:jar:6.0.0-SNAPSHOT in the shaded jar.
[INFO] Excluding com.google.code.findbugs:jsr305:jar:3.0.1 from the shaded jar.
[INFO] Excluding com.fasterxml.jackson.core:jackson-core:jar:2.8.5 from the shaded jar.
[INFO] Excluding com.fasterxml.jackson.core:jackson-databind:jar:2.8.5 from the shaded jar.
[INFO] Excluding com.fasterxml.jackson.core:jackson-annotations:jar:2.8.5 from the shaded jar.
[INFO] Excluding org.apache.commons:commons-rdf-api:jar:0.3.0-incubating from the shaded jar.
[INFO] Excluding org.tukaani:xz:jar:1.6 from the shaded jar.
[INFO] Excluding org.slf4j:slf4j-api:jar:1.7.22 from the shaded jar.
[INFO] Excluding org.slf4j:jcl-over-slf4j:jar:1.7.22 from the shaded jar.
[INFO] Excluding org.eclipse.rdf4j:rdf4j-model:jar:2.1.4 from the shaded jar.
[INFO] Excluding org.eclipse.rdf4j:rdf4j-rio-api:jar:2.1.4 from the shaded jar.
[INFO] Excluding org.eclipse.rdf4j:rdf4j-rio-languages:jar:2.1.4 from the shaded jar.
[INFO] Excluding org.eclipse.rdf4j:rdf4j-rio-datatypes:jar:2.1.4 from the shaded jar.
[INFO] Excluding org.eclipse.rdf4j:rdf4j-rio-binary:jar:2.1.4 from the shaded jar.
[INFO] Excluding org.eclipse.rdf4j:rdf4j-rio-n3:jar:2.1.4 from the shaded jar.
[INFO] Excluding org.eclipse.rdf4j:rdf4j-rio-nquads:jar:2.1.4 from the shaded jar.
[INFO] Excluding org.eclipse.rdf4j:rdf4j-rio-ntriples:jar:2.1.4 from the shaded jar.
[INFO] Excluding org.eclipse.rdf4j:rdf4j-rio-rdfjson:jar:2.1.4 from the shaded jar.
[INFO] Excluding org.eclipse.rdf4j:rdf4j-rio-jsonld:jar:2.1.4 from the shaded jar.
[INFO] Excluding org.eclipse.rdf4j:rdf4j-rio-rdfxml:jar:2.1.4 from the shaded jar.
[INFO] Excluding org.eclipse.rdf4j:rdf4j-rio-trix:jar:2.1.4 from the shaded jar.
[INFO] Excluding org.eclipse.rdf4j:rdf4j-rio-turtle:jar:2.1.4 from the shaded jar.
[INFO] Excluding org.eclipse.rdf4j:rdf4j-rio-trig:jar:2.1.4 from the shaded jar.
[INFO] Excluding org.eclipse.rdf4j:rdf4j-util:jar:2.1.4 from the shaded jar.
[INFO] Excluding com.github.jsonld-java:jsonld-java:jar:0.9.0 from the shaded jar.
[INFO] Excluding org.apache.httpcomponents:httpclient-osgi:jar:4.5.2 from the shaded jar.
[INFO] Excluding org.apache.httpcomponents:httpmime:jar:4.5.2 from the shaded jar.
[INFO] Excluding org.apache.httpcomponents:fluent-hc:jar:4.5.2 from the shaded jar.
[INFO] Excluding org.apache.httpcomponents:httpcore-osgi:jar:4.4.5 from the shaded jar.
[INFO] Excluding org.apache.httpcomponents:httpcore-nio:jar:4.4.5 from the shaded jar.
[INFO] Excluding org.apache.httpcomponents:httpclient:jar:4.5.2 from the shaded jar.
[INFO] Excluding org.apache.httpcomponents:httpclient-cache:jar:4.5.2 from the shaded jar.
[INFO] Excluding org.apache.httpcomponents:httpcore:jar:4.4.5 from the shaded jar.
[INFO] Excluding commons-codec:commons-codec:jar:1.10 from the shaded jar.
[INFO] Excluding commons-logging:commons-logging:jar:1.2 from the shaded jar.
[INFO] Excluding commons-io:commons-io:jar:2.5 from the shaded jar.
[INFO] Excluding net.sf.trove4j:trove4j:jar:3.0.3 from the shaded jar.
[INFO] Excluding com.google.guava:guava:jar:20.0 from the shaded jar.
[INFO] Excluding com.google.inject:guice:jar:4.1.0 from the shaded jar.
[INFO] Excluding javax.inject:javax.inject:jar:1 from the shaded jar.
[INFO] Excluding aopalliance:aopalliance:jar:1.0 from the shaded jar.
[INFO] Excluding com.google.inject.extensions:guice-multibindings:jar:4.1.0 from the shaded jar.
[INFO] Excluding com.github.ben-manes.caffeine:caffeine:jar:2.3.5 from the shaded jar.
[INFO] Excluding com.squareup.okhttp3:okhttp:jar:3.5.0 from the shaded jar.
[INFO] Excluding com.squareup.okio:okio:jar:1.11.0 from the shaded jar.
[INFO] Excluding org.apache.servicemix.bundles:org.apache.servicemix.bundles.javax-inject:jar:1_2 from the shaded jar.
[INFO] Excluding org.apache.servicemix.bundles:org.apache.servicemix.bundles.aopalliance:jar:1.0_6 from the shaded jar.
[WARNING] owlapi-tools-6.0.0-SNAPSHOT.jar, owlapi-osgidistribution-6.0.0-SNAPSHOT.jar define 136 overlapping classes: 
[WARNING]   - com.clarkparsia.owlapi.explanation.util.SilentExplanationProgressMonitor
[WARNING]   - uk.ac.manchester.cs.atomicdecomposition.package-info
[WARNING]   - uk.ac.manchester.cs.factplusplusad.OntologyBasedModularizer
[WARNING]   - org.semanticweb.owlapi.metrics.HiddenGCICount
[WARNING]   - org.semanticweb.owlapitools.decomposition.Modularizer
[WARNING]   - com.clarkparsia.owlapi.modularity.locality.SemanticLocalityEvaluator
[WARNING]   - uk.ac.manchester.cs.factplusplusad.Signature
[WARNING]   - org.semanticweb.owlapi.metrics.DoubleValuedMetric
[WARNING]   - org.semanticweb.owlapitools.decomposition.SigIndex
[WARNING]   - com.clarkparsia.owlapi.explanation.io.ExplanationRenderer
[WARNING]   - 126 more...
[WARNING] owlapi-osgidistribution-6.0.0-SNAPSHOT.jar, owlapi-parsers-6.0.0-SNAPSHOT.jar define 358 overlapping classes: 
[WARNING]   - org.semanticweb.owlapi.owlxml.parser.SubAnnPropertyOfEH
[WARNING]   - org.semanticweb.owlapi.krss2.renderer.KRSSVocabulary
[WARNING]   - org.semanticweb.owlapi.owlxml.parser.DataOneOfEH
[WARNING]   - org.semanticweb.owlapi.rdf.rdfxml.renderer.package-info
[WARNING]   - org.semanticweb.owlapi.rdf.rdfxml.parser.Translators$ObjectMinCardinalityTranslator
[WARNING]   - org.semanticweb.owlapi.rdf.rdfxml.renderer.IllegalElementNameException
[WARNING]   - org.semanticweb.owlapi.rdf.turtle.parser.JavaCharStream
[WARNING]   - org.semanticweb.owlapi.rdf.rdfxml.parser.AnonMap
[WARNING]   - org.semanticweb.owlapi.latex.renderer.LatexOWLObjectRenderer
[WARNING]   - org.semanticweb.owlapi.owlxml.renderer.OWLXMLObjectRenderer
[WARNING]   - 348 more...
[WARNING] owlapi-osgidistribution-6.0.0-SNAPSHOT.jar, owlapi-rio-6.0.0-SNAPSHOT.jar define 68 overlapping classes: 
[WARNING]   - org.semanticweb.owlapi.formats.N3DocumentFormatFactory
[WARNING]   - org.semanticweb.owlapi.formats.RioTurtleDocumentFormatFactory
[WARNING]   - org.semanticweb.owlapi.rio.RioStorer
[WARNING]   - org.semanticweb.owlapi.rio.RioOWLRDFParser
[WARNING]   - org.semanticweb.owlapi.rio.OWLAPIRDFFormat
[WARNING]   - org.semanticweb.owlapi.formats.N3DocumentFormat
[WARNING]   - org.semanticweb.owlapi.rio.RioFunctionalSyntaxParserFactory
[WARNING]   - org.semanticweb.owlapi.rio.RioTrigStorerFactory
[WARNING]   - org.semanticweb.owlapi.rio.RioManchesterSyntaxParserFactory
[WARNING]   - org.semanticweb.owlapi.rio.AbstractRioStorerFactory
[WARNING]   - 58 more...
[WARNING] owlapi-api-6.0.0-SNAPSHOT.jar, owlapi-osgidistribution-6.0.0-SNAPSHOT.jar define 885 overlapping classes: 
[WARNING]   - org.semanticweb.owlapi.model.OWLPropertyAssertionObject
[WARNING]   - org.semanticweb.owlapi.model.OWLAnonymousClassExpression
[WARNING]   - org.semanticweb.owlapi.model.HasApplyChange
[WARNING]   - org.semanticweb.owlapi.util.InferredIndividualAxiomGenerator
[WARNING]   - org.semanticweb.owlapi.model.SWRLDArgument
[WARNING]   - org.semanticweb.owlapi.util.OWLOntologyWalkerVisitor
[WARNING]   - org.semanticweb.owlapi.model.providers.ExistentialProvider
[WARNING]   - org.semanticweb.owlapi.model.axiomproviders.PropertyCharacteristicAxiomProvider
[WARNING]   - org.semanticweb.owlapi.model.OWLObjectPropertyDomainAxiom
[WARNING]   - org.semanticweb.owlapi.io.SystemOutDocumentTarget
[WARNING]   - 875 more...
[WARNING] owlapi-osgidistribution-6.0.0-SNAPSHOT.jar, owlapi-compatibility-6.0.0-SNAPSHOT.jar define 99 overlapping classes: 
[WARNING]   - org.coode.owlapi.obo12.parser.OBOIdType$1
[WARNING]   - uk.ac.manchester.cs.owlapi.dlsyntax.DLSyntaxHTMLOntologyFormat
[WARNING]   - org.coode.owl.krssparser.KRSSOntologyFormat
[WARNING]   - org.coode.owlapi.obo12.parser.XRefTagHandler
[WARNING]   - org.coode.owlapi.obo12.parser.IDSpaceTagValueHandler
[WARNING]   - org.coode.owlapi.obo12.parser.OBOIdTranslator
[WARNING]   - org.coode.owlapi.obo12.parser.OntologyTagValueHandler
[WARNING]   - org.coode.owlapi.obo12.parser.OBOIdType$OBOIIdTranslator
[WARNING]   - org.coode.owlapi.obo12.parser.OBO12DocumentFormat
[WARNING]   - org.coode.owlapi.obo12.parser.PartOfTagValueHandler
[WARNING]   - 89 more...
[WARNING] owlapi-osgidistribution-6.0.0-SNAPSHOT.jar, owlapi-impl-6.0.0-SNAPSHOT.jar define 196 overlapping classes: 
[WARNING]   - org.semanticweb.owlapi.reasoner.impl.OWLNamedIndividualNodeSet
[WARNING]   - uk.ac.manchester.cs.owl.owlapi.SWRLIndividualArgumentImpl
[WARNING]   - uk.ac.manchester.cs.owl.owlapi.InitVisitorFactory$InitIndividualVisitor
[WARNING]   - uk.ac.manchester.cs.owl.owlapi.OWLDataAllValuesFromImpl
[WARNING]   - uk.ac.manchester.cs.owl.owlapi.concurrent.NonConcurrentOWLOntologyBuilder
[WARNING]   - uk.ac.manchester.cs.owl.owlapi.OWLImportsDeclarationImpl
[WARNING]   - uk.ac.manchester.cs.owl.owlapi.OWLSubPropertyAxiomImpl
[WARNING]   - uk.ac.manchester.cs.owl.owlapi.OWLSameIndividualAxiomImpl
[WARNING]   - uk.ac.manchester.cs.owl.owlapi.Internals$RemoveAxiomVisitor
[WARNING]   - uk.ac.manchester.cs.owl.owlapi.SWRLSameIndividualAtomImpl
[WARNING]   - 186 more...
[WARNING] owlapi-osgidistribution-6.0.0-SNAPSHOT.jar, owlapi-oboformat-6.0.0-SNAPSHOT.jar define 74 overlapping classes: 
[WARNING]   - org.obolibrary.oboformat.parser.OBOFormatException
[WARNING]   - org.obolibrary.obo2owl.OWLAPIOwl2Obo
[WARNING]   - org.obolibrary.macro.MacroExpansionGCIVisitor$MacroExpansions
[WARNING]   - org.obolibrary.oboformat.diff.Diff
[WARNING]   - org.obolibrary.obo2owl.IdTranslator
[WARNING]   - org.obolibrary.oboformat.model.Clause
[WARNING]   - org.obolibrary.oboformat.parser.XrefExpander$ReverseGenusDifferentiaExpansion
[WARNING]   - org.obolibrary.owl.LabelFunctionalSyntaxStorer
[WARNING]   - org.obolibrary.oboformat.model.FrameStructureException
[WARNING]   - org.obolibrary.macro.MacroExpansionVisitor
[WARNING]   - 64 more...
[WARNING] owlapi-osgidistribution-6.0.0-SNAPSHOT.jar, owlapi-apibinding-6.0.0-SNAPSHOT.jar define 6 overlapping classes: 
[WARNING]   - org.semanticweb.owlapi.apibinding.OWLManager
[WARNING]   - org.semanticweb.owlapi.apibinding.package-info
[WARNING]   - org.semanticweb.owlapi.apibinding.OWLFunctionalSyntaxFactory
[WARNING]   - uk.ac.manchester.cs.owl.owlapi.OWLAPIImplModule
[WARNING]   - org.semanticweb.owlapi.OWLAPIParsersModule
[WARNING]   - org.semanticweb.owlapi.OWLAPIServiceLoaderModule
[WARNING] maven-shade-plugin has detected that some class files are
[WARNING] present in two or more JARs. When this happens, only one
[WARNING] single version of the class is copied to the uber jar.
[WARNING] Usually this is not harmful and you can skip these warnings,
[WARNING] otherwise try to manually exclude artifacts based on
[WARNING] mvn dependency:tree -Ddetail=true and the above output.
[WARNING] See http://maven.apache.org/plugins/maven-shade-plugin/
[INFO] Replacing original artifact with shaded artifact.
[INFO] Replacing /home/travis/build/failed/owlcs/owlapi/osgidistribution/target/owlapi-osgidistribution-6.0.0-SNAPSHOT.jar with /home/travis/build/failed/owlcs/owlapi/osgidistribution/target/owlapi-osgidistribution-6.0.0-SNAPSHOT-shaded.jar
[INFO] Dependency-reduced POM written at: /home/travis/build/failed/owlcs/owlapi/osgidistribution/dependency-reduced-pom.xml
[INFO] 
[INFO] --- maven-assembly-plugin:3.0.0:single (attach-sources) @ owlapi-osgidistribution ---
[INFO] Reading assembly descriptor: src/assembly/sources.xml
[INFO] Building jar: /home/travis/build/failed/owlcs/owlapi/osgidistribution/target/owlapi-osgidistribution-6.0.0-SNAPSHOT-sources.jar
[INFO] 
[INFO] --- maven-failsafe-plugin:2.19.1:integration-test (default) @ owlapi-osgidistribution ---
[WARNING] useSystemClassloader setting has no effect when not forking
Running org.semanticweb.owlapi.io.LoadXZOntologyViaHTTPIntegrationTestCase
Tests run: 1, Failures: 0, Errors: 1, Skipped: 0, Time elapsed: 1.597 sec <<< FAILURE! - in org.semanticweb.owlapi.io.LoadXZOntologyViaHTTPIntegrationTestCase
testLoadOverHTTP(org.semanticweb.owlapi.io.LoadXZOntologyViaHTTPIntegrationTestCase)  Time elapsed: 1.596 sec  <<< ERROR!
java.lang.ClassCastException: Cannot cast java.lang.String to java.lang.Long
	at org.semanticweb.owlapi.io.LoadXZOntologyViaHTTPIntegrationTestCase.testLoadOverHTTP(LoadXZOntologyViaHTTPIntegrationTestCase.java:24)

Running org.semanticweb.owlapi.api.test.VerifyVersionInfoIntegrationTestCase
Tests run: 1, Failures: 0, Errors: 0, Skipped: 0, Time elapsed: 0.001 sec - in org.semanticweb.owlapi.api.test.VerifyVersionInfoIntegrationTestCase
Running org.semanticweb.owlapi.BundleIsLoadableIntegrationTestCase
DEBUG: WIRE: [slf4j.api [4](R 4.0)] osgi.ee; (&(osgi.ee=JavaSE)(version=1.5.0)) -> [org.apache.felix.framework [0](R 0)]
DEBUG: FRAGMENT WIRE: [slf4j.simple [3](R 3.0)] osgi.wiring.host; (&(osgi.wiring.host=slf4j.api)(bundle-version>=0.0.0)) -> [slf4j.api [4](R 4.0)]
DEBUG: FRAGMENT WIRE: [slf4j.simple [3](R 3.0)] osgi.ee; (&(osgi.ee=JavaSE)(version=1.5.0)) -> [org.apache.felix.framework [0](R 0)]
DEBUG: WIRE: [com.github.ben-manes.caffeine [5](R 5.0)] osgi.ee; (&(osgi.ee=JavaSE)(version=1.8)) -> [org.apache.felix.framework [0](R 0)]
DEBUG: WIRE: [com.google.guava [6](R 6.0)] osgi.wiring.package; (osgi.wiring.package=javax.annotation) -> [org.apache.felix.framework [0](R 0)]
DEBUG: WIRE: [com.google.guava [6](R 6.0)] osgi.wiring.package; (osgi.wiring.package=javax.crypto) -> [org.apache.felix.framework [0](R 0)]
DEBUG: WIRE: [com.google.guava [6](R 6.0)] osgi.wiring.package; (osgi.wiring.package=javax.crypto.spec) -> [org.apache.felix.framework [0](R 0)]
DEBUG: WIRE: [com.google.guava [6](R 6.0)] osgi.ee; (&(osgi.ee=JavaSE)(version=1.6)) -> [org.apache.felix.framework [0](R 0)]
DEBUG: FRAGMENT WIRE: [com.google.inject.multibindings [8](R 8.0)] osgi.wiring.host; (&(osgi.wiring.host=com.google.inject)(bundle-version>=0.0.0)) -> [com.google.inject [9](R 9.0)]
DEBUG: FRAGMENT WIRE: [com.google.inject.multibindings [8](R 8.0)] osgi.ee; (&(osgi.ee=JavaSE)(version=1.6.0)) -> [org.apache.felix.framework [0](R 0)]
DEBUG: WIRE: [com.google.inject [9](R 9.0)] osgi.wiring.package; (&(osgi.wiring.package=com.google.common.base)(version>=19.0.0)) -> [com.google.guava [6](R 6.0)]
DEBUG: WIRE: [com.google.inject [9](R 9.0)] osgi.wiring.package; (&(osgi.wiring.package=com.google.common.cache)(version>=19.0.0)) -> [com.google.guava [6](R 6.0)]
DEBUG: WIRE: [com.google.inject [9](R 9.0)] osgi.wiring.package; (&(osgi.wiring.package=com.google.common.collect)(version>=19.0.0)) -> [com.google.guava [6](R 6.0)]
DEBUG: WIRE: [com.google.inject [9](R 9.0)] osgi.wiring.package; (osgi.wiring.package=javax.inject) -> [org.apache.servicemix.bundles.javax-inject [1](R 1.0)]
DEBUG: WIRE: [com.google.inject [9](R 9.0)] osgi.wiring.package; (osgi.wiring.package=org.aopalliance.intercept) -> [org.apache.servicemix.bundles.aopalliance [2](R 2.0)]
DEBUG: WIRE: [com.google.inject.multibindings [8](R 8.0)] osgi.wiring.package; (&(osgi.wiring.package=com.google.common.base)(version>=19.0.0)) -> [com.google.guava [6](R 6.0)]
DEBUG: WIRE: [com.google.inject.multibindings [8](R 8.0)] osgi.wiring.package; (&(osgi.wiring.package=com.google.common.collect)(version>=19.0.0)) -> [com.google.guava [6](R 6.0)]
DEBUG: WIRE: [com.google.inject.multibindings [8](R 8.0)] osgi.wiring.package; (&(osgi.wiring.package=com.google.common.primitives)(version>=19.0.0)) -> [com.google.guava [6](R 6.0)]
DEBUG: WIRE: [com.google.inject.multibindings [8](R 8.0)] osgi.wiring.package; (osgi.wiring.package=javax.inject) -> [org.apache.servicemix.bundles.javax-inject [1](R 1.0)]
DEBUG: WIRE: [com.google.inject [9](R 9.0)] osgi.ee; (&(osgi.ee=JavaSE)(version=1.6.0)) -> [org.apache.felix.framework [0](R 0)]
DEBUG: WIRE: [org.apache.commons.io [10](R 10.0)] osgi.ee; (&(osgi.ee=JavaSE)(version=1.6)) -> [org.apache.felix.framework [0](R 0)]
DEBUG: WIRE: [org.apache.commons.codec [11](R 11.0)] osgi.wiring.package; (osgi.wiring.package=javax.crypto) -> [org.apache.felix.framework [0](R 0)]
DEBUG: WIRE: [org.apache.commons.codec [11](R 11.0)] osgi.wiring.package; (osgi.wiring.package=javax.crypto.spec) -> [org.apache.felix.framework [0](R 0)]
DEBUG: WIRE: [org.apache.commons.codec [11](R 11.0)] osgi.ee; (&(osgi.ee=JavaSE)(version=1.6)) -> [org.apache.felix.framework [0](R 0)]
DEBUG: WIRE: [jcl.over.slf4j [12](R 12.0)] osgi.wiring.package; (&(osgi.wiring.package=org.slf4j)(version>=1.7.22)) -> [slf4j.api [4](R 4.0)]
DEBUG: WIRE: [jcl.over.slf4j [12](R 12.0)] osgi.wiring.package; (&(osgi.wiring.package=org.slf4j.spi)(version>=1.7.22)) -> [slf4j.api [4](R 4.0)]
DEBUG: WIRE: [jcl.over.slf4j [12](R 12.0)] osgi.ee; (&(osgi.ee=JavaSE)(version=1.5.0)) -> [org.apache.felix.framework [0](R 0)]
DEBUG: WIRE: [org.semanticweb.owl.owlapi [13](R 13.0)] osgi.wiring.package; (&(osgi.wiring.package=com.google.common.base)(version>=20.0.0)(!(version>=21.0.0))) -> [com.google.guava [6](R 6.0)]
DEBUG: WIRE: [org.semanticweb.owl.owlapi [13](R 13.0)] osgi.wiring.package; (&(osgi.wiring.package=com.google.common.cache)(version>=20.0.0)(!(version>=21.0.0))) -> [com.google.guava [6](R 6.0)]
DEBUG: WIRE: [org.semanticweb.owl.owlapi [13](R 13.0)] osgi.wiring.package; (&(osgi.wiring.package=com.google.common.collect)(version>=20.0.0)(!(version>=21.0.0))) -> [com.google.guava [6](R 6.0)]
DEBUG: WIRE: [org.semanticweb.owl.owlapi [13](R 13.0)] osgi.wiring.package; (&(osgi.wiring.package=com.google.inject)(version>=1.4.0)(!(version>=2.0.0))) -> [com.google.inject [9](R 9.0)]
DEBUG: WIRE: [org.semanticweb.owl.owlapi [13](R 13.0)] osgi.wiring.package; (&(osgi.wiring.package=com.google.inject.binder)(version>=1.4.0)(!(version>=2.0.0))) -> [com.google.inject [9](R 9.0)]
DEBUG: WIRE: [org.semanticweb.owl.owlapi [13](R 13.0)] osgi.wiring.package; (&(osgi.wiring.package=com.google.inject.multibindings)(version>=1.4.0)(!(version>=2.0.0))) -> [com.google.inject [9](R 9.0)]
DEBUG: WIRE: [org.semanticweb.owl.owlapi [13](R 13.0)] osgi.wiring.package; (osgi.wiring.package=javax.crypto) -> [org.apache.felix.framework [0](R 0)]
DEBUG: WIRE: [org.semanticweb.owl.owlapi [13](R 13.0)] osgi.wiring.package; (osgi.wiring.package=javax.crypto.spec) -> [org.apache.felix.framework [0](R 0)]
DEBUG: WIRE: [org.semanticweb.owl.owlapi [13](R 13.0)] osgi.wiring.package; (osgi.wiring.package=javax.imageio) -> [org.apache.felix.framework [0](R 0)]
DEBUG: WIRE: [org.semanticweb.owl.owlapi [13](R 13.0)] osgi.wiring.package; (osgi.wiring.package=javax.inject) -> [org.apache.servicemix.bundles.javax-inject [1](R 1.0)]
DEBUG: WIRE: [org.semanticweb.owl.owlapi [13](R 13.0)] osgi.wiring.package; (osgi.wiring.package=javax.naming) -> [org.apache.felix.framework [0](R 0)]
DEBUG: WIRE: [org.semanticweb.owl.owlapi [13](R 13.0)] osgi.wiring.package; (osgi.wiring.package=javax.naming.directory) -> [org.apache.felix.framework [0](R 0)]
DEBUG: WIRE: [org.semanticweb.owl.owlapi [13](R 13.0)] osgi.wiring.package; (osgi.wiring.package=javax.naming.ldap) -> [org.apache.felix.framework [0](R 0)]
DEBUG: WIRE: [org.semanticweb.owl.owlapi [13](R 13.0)] osgi.wiring.package; (osgi.wiring.package=javax.net) -> [org.apache.felix.framework [0](R 0)]
DEBUG: WIRE: [org.semanticweb.owl.owlapi [13](R 13.0)] osgi.wiring.package; (osgi.wiring.package=javax.net.ssl) -> [org.apache.felix.framework [0](R 0)]
DEBUG: WIRE: [org.semanticweb.owl.owlapi [13](R 13.0)] osgi.wiring.package; (osgi.wiring.package=javax.security.auth.x500) -> [org.apache.felix.framework [0](R 0)]
DEBUG: WIRE: [org.semanticweb.owl.owlapi [13](R 13.0)] osgi.wiring.package; (osgi.wiring.package=javax.swing) -> [org.apache.felix.framework [0](R 0)]
DEBUG: WIRE: [org.semanticweb.owl.owlapi [13](R 13.0)] osgi.wiring.package; (osgi.wiring.package=javax.xml.bind.annotation.adapters) -> [org.apache.felix.framework [0](R 0)]
DEBUG: WIRE: [org.semanticweb.owl.owlapi [13](R 13.0)] osgi.wiring.package; (osgi.wiring.package=javax.xml.datatype) -> [org.apache.felix.framework [0](R 0)]
DEBUG: WIRE: [org.semanticweb.owl.owlapi [13](R 13.0)] osgi.wiring.package; (osgi.wiring.package=javax.xml.namespace) -> [org.apache.felix.framework [0](R 0)]
DEBUG: WIRE: [org.semanticweb.owl.owlapi [13](R 13.0)] osgi.wiring.package; (osgi.wiring.package=javax.xml.parsers) -> [org.apache.felix.framework [0](R 0)]
DEBUG: WIRE: [org.semanticweb.owl.owlapi [13](R 13.0)] osgi.wiring.package; (osgi.wiring.package=javax.xml.transform.sax) -> [org.apache.felix.framework [0](R 0)]
DEBUG: WIRE: [org.semanticweb.owl.owlapi [13](R 13.0)] osgi.wiring.package; (osgi.wiring.package=javax.xml.validation) -> [org.apache.felix.framework [0](R 0)]
DEBUG: WIRE: [org.semanticweb.owl.owlapi [13](R 13.0)] osgi.wiring.package; (&(osgi.wiring.package=org.apache.commons.codec.binary)(version>=1.10.0)(!(version>=2.0.0))) -> [org.apache.commons.codec [11](R 11.0)]
DEBUG: WIRE: [org.semanticweb.owl.owlapi [13](R 13.0)] osgi.wiring.package; (&(osgi.wiring.package=org.apache.commons.io)(version>=1.4.0)(!(version>=2.0.0))) -> [org.apache.commons.io [10](R 10.0)]
DEBUG: WIRE: [org.semanticweb.owl.owlapi [13](R 13.0)] osgi.wiring.package; (&(osgi.wiring.package=org.apache.commons.io.input)(version>=1.4.0)(!(version>=2.0.0))) -> [org.apache.commons.io [10](R 10.0)]
DEBUG: WIRE: [org.semanticweb.owl.owlapi [13](R 13.0)] osgi.wiring.package; (osgi.wiring.package=org.ietf.jgss) -> [org.apache.felix.framework [0](R 0)]
DEBUG: WIRE: [org.semanticweb.owl.owlapi [13](R 13.0)] osgi.wiring.package; (&(osgi.wiring.package=org.slf4j)(version>=1.7.0)(!(version>=2.0.0))) -> [slf4j.api [4](R 4.0)]
DEBUG: WIRE: [org.semanticweb.owl.owlapi [13](R 13.0)] osgi.wiring.package; (&(osgi.wiring.package=org.slf4j.spi)(version>=1.7.0)(!(version>=2.0.0))) -> [slf4j.api [4](R 4.0)]
DEBUG: WIRE: [org.semanticweb.owl.owlapi [13](R 13.0)] osgi.wiring.package; (osgi.wiring.package=org.w3c.dom) -> [org.apache.felix.framework [0](R 0)]
DEBUG: WIRE: [org.semanticweb.owl.owlapi [13](R 13.0)] osgi.wiring.package; (osgi.wiring.package=org.w3c.dom.bootstrap) -> [org.apache.felix.framework [0](R 0)]
DEBUG: WIRE: [org.semanticweb.owl.owlapi [13](R 13.0)] osgi.wiring.package; (osgi.wiring.package=org.w3c.dom.ls) -> [org.apache.felix.framework [0](R 0)]
DEBUG: WIRE: [org.semanticweb.owl.owlapi [13](R 13.0)] osgi.wiring.package; (osgi.wiring.package=org.xml.sax) -> [org.apache.felix.framework [0](R 0)]
DEBUG: WIRE: [org.semanticweb.owl.owlapi [13](R 13.0)] osgi.wiring.package; (osgi.wiring.package=org.xml.sax.ext) -> [org.apache.felix.framework [0](R 0)]
DEBUG: WIRE: [org.semanticweb.owl.owlapi [13](R 13.0)] osgi.wiring.package; (osgi.wiring.package=org.xml.sax.helpers) -> [org.apache.felix.framework [0](R 0)]
DEBUG: WIRE: [org.semanticweb.owl.owlapi [13](R 13.0)] osgi.ee; (&(osgi.ee=JavaSE)(version=1.8)) -> [org.apache.felix.framework [0](R 0)]
Tests run: 1, Failures: 0, Errors: 0, Skipped: 0, Time elapsed: 2.23 sec - in org.semanticweb.owlapi.BundleIsLoadableIntegrationTestCase

Results :

Tests in error: 
  LoadXZOntologyViaHTTPIntegrationTestCase.testLoadOverHTTP:24 » ClassCast Canno...

Tests run: 3, Failures: 0, Errors: 1, Skipped: 0

[INFO] 
[INFO] --- maven-failsafe-plugin:2.19.1:verify (default) @ owlapi-osgidistribution ---
[INFO] ------------------------------------------------------------------------
[INFO] Reactor Summary:
[INFO] 
[INFO] OWLAPI ............................................. SUCCESS [  1.480 s]
[INFO] OWLAPI :: Interfaces ............................... SUCCESS [ 15.516 s]
[INFO] OWLAPI :: Default Implementation ................... SUCCESS [  6.462 s]
[INFO] OWLAPI :: Atomic Decomposition and Explanation ..... SUCCESS [  0.155 s]
[INFO] OWLAPI :: Parsers .................................. SUCCESS [  3.152 s]
[INFO] OWLAPI :: OBO Format ............................... SUCCESS [  0.843 s]
[INFO] OWLAPI :: RDF4J Rio ................................ SUCCESS [  0.248 s]
[INFO] OWLAPI :: Binding and Config ....................... SUCCESS [  0.069 s]
[INFO] OWLAPI :: Compatibility ............................ SUCCESS [  0.334 s]
[INFO] OWLAPI :: Tests and Tutorials ...................... SUCCESS [ 49.845 s]
[INFO] OWLAPI :: Distribution ............................. SUCCESS [  7.765 s]
[INFO] OWLAPI :: OSGi and Compatibility Distribution ...... FAILURE [ 16.330 s]
[INFO] ------------------------------------------------------------------------
[INFO] BUILD FAILURE
[INFO] ------------------------------------------------------------------------
[INFO] Total time: 01:43 min
[INFO] Finished at: 2022-01-22T13:32:11+00:00
[INFO] Final Memory: 48M/466M
[INFO] ------------------------------------------------------------------------
[ERROR] Failed to execute goal org.apache.maven.plugins:maven-failsafe-plugin:2.19.1:verify (default) on project owlapi-osgidistribution: There are test failures.
[ERROR] 
[ERROR] Please refer to /home/travis/build/failed/owlcs/owlapi/osgidistribution/target/failsafe-reports for the individual test results.
[ERROR] -> [Help 1]
[ERROR] 
[ERROR] To see the full stack trace of the errors, re-run Maven with the -e switch.
[ERROR] Re-run Maven using the -X switch to enable full debug logging.
[ERROR] 
[ERROR] For more information about the errors and possible solutions, please read the following articles:
[ERROR] [Help 1] http://cwiki.apache.org/confluence/display/MAVEN/MojoFailureException
[ERROR] 
[ERROR] After correcting the problems, you can resume the build with the command
[ERROR]   mvn <goals> -rf :owlapi-osgidistribution

travis_time:end:2c149410:start=1642858226690785281,finish=1642858331770405568,duration=105079620287[0K
[31;1mThe command "mvn verify -Dhttps.protocols=TLSv1.2" exited with 1.[0m
travis_fold:start:cache.2[0Kstore build cache
travis_fold:end:cache.2[0K
Done. Your build exited with 1.
