travis_fold:start:system_info[0K[33;1mBuild system information[0m
Build language: java
Build group: stable
Build dist: precise
Build id: ''
Job id: ''
[34m[1mBuild image provisioning date and time[0m
Thu Feb  5 15:09:33 UTC 2015
[34m[1mOperating System Details[0m
Distributor ID:	Ubuntu
Description:	Ubuntu 12.04.5 LTS
Release:	12.04
Codename:	precise
[34m[1mLinux Version[0m
3.13.0-29-generic
[34m[1mCookbooks Version[0m
a68419e https://github.com/travis-ci/travis-cookbooks/tree/a68419e
[34m[1mGCC version[0m
gcc (Ubuntu/Linaro 4.6.3-1ubuntu5) 4.6.3
Copyright (C) 2011 Free Software Foundation, Inc.
This is free software; see the source for copying conditions.  There is NO
warranty; not even for MERCHANTABILITY or FITNESS FOR A PARTICULAR PURPOSE.

[34m[1mLLVM version[0m
clang version 3.4 (tags/RELEASE_34/final)
Target: x86_64-unknown-linux-gnu
Thread model: posix
[34m[1mPre-installed Ruby versions[0m
ruby-1.9.3-p551
[34m[1mPre-installed Node.js versions[0m
v0.10.36
[34m[1mPre-installed Go versions[0m
1.4.1
[34m[1mRedis version[0m
redis-server 2.8.19
[34m[1mriak version[0m
2.0.2
[34m[1mMongoDB version[0m
MongoDB 2.4.12
[34m[1mCouchDB version[0m
couchdb 1.6.1
[34m[1mNeo4j version[0m
1.9.4
[34m[1mRabbitMQ Version[0m
3.4.3
[34m[1mElasticSearch version[0m
1.4.0
[34m[1mInstalled Sphinx versions[0m
2.0.10
2.1.9
2.2.6
[34m[1mDefault Sphinx version[0m
2.2.6
[34m[1mInstalled Firefox version[0m
firefox 31.0esr
[34m[1mPhantomJS version[0m
1.9.8
[34m[1mant -version[0m
Apache Ant(TM) version 1.8.2 compiled on December 3 2011
[34m[1mmvn -version[0m
Apache Maven 3.2.5 (12a6b3acb947671f09b81f49094c53f426d8cea1; 2014-12-14T17:29:23+00:00)
Maven home: /usr/local/maven
Java version: 1.7.0_76, vendor: Oracle Corporation
Java home: /usr/lib/jvm/java-7-oracle/jre
Default locale: en_US, platform encoding: ANSI_X3.4-1968
OS name: "linux", version: "3.13.0-29-generic", arch: "amd64", family: "unix"
travis_fold:end:system_info[0K
grep: /etc/apt/sources.list.d/*: No such file or directory
W: Failed to fetch http://security.ubuntu.com/ubuntu/dists/precise-security/main/source/Sources  404  Not Found [IP: 91.189.91.38 80]

W: Failed to fetch http://security.ubuntu.com/ubuntu/dists/precise-security/restricted/source/Sources  404  Not Found [IP: 91.189.91.38 80]

W: Failed to fetch http://security.ubuntu.com/ubuntu/dists/precise-security/universe/source/Sources  404  Not Found [IP: 91.189.91.38 80]

W: Failed to fetch http://security.ubuntu.com/ubuntu/dists/precise-security/multiverse/source/Sources  404  Not Found [IP: 91.189.91.38 80]

W: Failed to fetch http://security.ubuntu.com/ubuntu/dists/precise-security/main/binary-amd64/Packages  404  Not Found [IP: 91.189.91.38 80]

W: Failed to fetch http://security.ubuntu.com/ubuntu/dists/precise-security/restricted/binary-amd64/Packages  404  Not Found [IP: 91.189.91.38 80]

W: Failed to fetch http://security.ubuntu.com/ubuntu/dists/precise-security/universe/binary-amd64/Packages  404  Not Found [IP: 91.189.91.38 80]

W: Failed to fetch http://security.ubuntu.com/ubuntu/dists/precise-security/multiverse/binary-amd64/Packages  404  Not Found [IP: 91.189.91.38 80]

W: Failed to fetch http://security.ubuntu.com/ubuntu/dists/precise-security/main/binary-i386/Packages  404  Not Found [IP: 91.189.91.38 80]

W: Failed to fetch http://security.ubuntu.com/ubuntu/dists/precise-security/restricted/binary-i386/Packages  404  Not Found [IP: 91.189.91.38 80]

W: Failed to fetch http://security.ubuntu.com/ubuntu/dists/precise-security/universe/binary-i386/Packages  404  Not Found [IP: 91.189.91.38 80]

W: Failed to fetch http://security.ubuntu.com/ubuntu/dists/precise-security/multiverse/binary-i386/Packages  404  Not Found [IP: 91.189.91.38 80]

W: Failed to fetch http://us.archive.ubuntu.com/ubuntu/dists/precise/main/source/Sources  404  Not Found [IP: 91.189.91.39 80]

W: Failed to fetch http://us.archive.ubuntu.com/ubuntu/dists/precise/restricted/source/Sources  404  Not Found [IP: 91.189.91.39 80]

W: Failed to fetch http://us.archive.ubuntu.com/ubuntu/dists/precise/universe/source/Sources  404  Not Found [IP: 91.189.91.39 80]

W: Failed to fetch http://us.archive.ubuntu.com/ubuntu/dists/precise/multiverse/source/Sources  404  Not Found [IP: 91.189.91.39 80]

W: Failed to fetch http://us.archive.ubuntu.com/ubuntu/dists/precise/main/binary-amd64/Packages  404  Not Found [IP: 91.189.91.39 80]

W: Failed to fetch http://us.archive.ubuntu.com/ubuntu/dists/precise/restricted/binary-amd64/Packages  404  Not Found [IP: 91.189.91.39 80]

W: Failed to fetch http://us.archive.ubuntu.com/ubuntu/dists/precise/universe/binary-amd64/Packages  404  Not Found [IP: 91.189.91.39 80]

W: Failed to fetch http://us.archive.ubuntu.com/ubuntu/dists/precise/multiverse/binary-amd64/Packages  404  Not Found [IP: 91.189.91.39 80]

W: Failed to fetch http://us.archive.ubuntu.com/ubuntu/dists/precise/main/binary-i386/Packages  404  Not Found [IP: 91.189.91.39 80]

W: Failed to fetch http://us.archive.ubuntu.com/ubuntu/dists/precise/restricted/binary-i386/Packages  404  Not Found [IP: 91.189.91.39 80]

W: Failed to fetch http://us.archive.ubuntu.com/ubuntu/dists/precise/universe/binary-i386/Packages  404  Not Found [IP: 91.189.91.39 80]

W: Failed to fetch http://us.archive.ubuntu.com/ubuntu/dists/precise/multiverse/binary-i386/Packages  404  Not Found [IP: 91.189.91.39 80]

W: Failed to fetch http://us.archive.ubuntu.com/ubuntu/dists/precise-updates/main/source/Sources  404  Not Found [IP: 91.189.91.39 80]

W: Failed to fetch http://us.archive.ubuntu.com/ubuntu/dists/precise-updates/restricted/source/Sources  404  Not Found [IP: 91.189.91.39 80]

W: Failed to fetch http://us.archive.ubuntu.com/ubuntu/dists/precise-updates/universe/source/Sources  404  Not Found [IP: 91.189.91.39 80]

W: Failed to fetch http://us.archive.ubuntu.com/ubuntu/dists/precise-updates/multiverse/source/Sources  404  Not Found [IP: 91.189.91.39 80]

W: Failed to fetch http://us.archive.ubuntu.com/ubuntu/dists/precise-updates/main/binary-amd64/Packages  404  Not Found [IP: 91.189.91.39 80]

W: Failed to fetch http://us.archive.ubuntu.com/ubuntu/dists/precise-updates/restricted/binary-amd64/Packages  404  Not Found [IP: 91.189.91.39 80]

W: Failed to fetch http://us.archive.ubuntu.com/ubuntu/dists/precise-updates/universe/binary-amd64/Packages  404  Not Found [IP: 91.189.91.39 80]

W: Failed to fetch http://us.archive.ubuntu.com/ubuntu/dists/precise-updates/multiverse/binary-amd64/Packages  404  Not Found [IP: 91.189.91.39 80]

W: Failed to fetch http://us.archive.ubuntu.com/ubuntu/dists/precise-updates/main/binary-i386/Packages  404  Not Found [IP: 91.189.91.39 80]

W: Failed to fetch http://us.archive.ubuntu.com/ubuntu/dists/precise-updates/restricted/binary-i386/Packages  404  Not Found [IP: 91.189.91.39 80]

W: Failed to fetch http://us.archive.ubuntu.com/ubuntu/dists/precise-updates/universe/binary-i386/Packages  404  Not Found [IP: 91.189.91.39 80]

W: Failed to fetch http://us.archive.ubuntu.com/ubuntu/dists/precise-updates/multiverse/binary-i386/Packages  404  Not Found [IP: 91.189.91.39 80]

W: Failed to fetch http://us.archive.ubuntu.com/ubuntu/dists/precise-backports/main/source/Sources  404  Not Found [IP: 91.189.91.39 80]

W: Failed to fetch http://us.archive.ubuntu.com/ubuntu/dists/precise-backports/restricted/source/Sources  404  Not Found [IP: 91.189.91.39 80]

W: Failed to fetch http://us.archive.ubuntu.com/ubuntu/dists/precise-backports/universe/source/Sources  404  Not Found [IP: 91.189.91.39 80]

W: Failed to fetch http://us.archive.ubuntu.com/ubuntu/dists/precise-backports/multiverse/source/Sources  404  Not Found [IP: 91.189.91.39 80]

W: Failed to fetch http://us.archive.ubuntu.com/ubuntu/dists/precise-backports/main/binary-amd64/Packages  404  Not Found [IP: 91.189.91.39 80]

W: Failed to fetch http://us.archive.ubuntu.com/ubuntu/dists/precise-backports/restricted/binary-amd64/Packages  404  Not Found [IP: 91.189.91.39 80]

W: Failed to fetch http://us.archive.ubuntu.com/ubuntu/dists/precise-backports/universe/binary-amd64/Packages  404  Not Found [IP: 91.189.91.39 80]

W: Failed to fetch http://us.archive.ubuntu.com/ubuntu/dists/precise-backports/multiverse/binary-amd64/Packages  404  Not Found [IP: 91.189.91.39 80]

W: Failed to fetch http://us.archive.ubuntu.com/ubuntu/dists/precise-backports/main/binary-i386/Packages  404  Not Found [IP: 91.189.91.39 80]

W: Failed to fetch http://us.archive.ubuntu.com/ubuntu/dists/precise-backports/restricted/binary-i386/Packages  404  Not Found [IP: 91.189.91.39 80]

W: Failed to fetch http://us.archive.ubuntu.com/ubuntu/dists/precise-backports/universe/binary-i386/Packages  404  Not Found [IP: 91.189.91.39 80]

W: Failed to fetch http://us.archive.ubuntu.com/ubuntu/dists/precise-backports/multiverse/binary-i386/Packages  404  Not Found [IP: 91.189.91.39 80]

E: Some index files failed to download. They have been ignored, or old ones used instead.
sed: cannot rename /etc/hosts: Device or resource busy
sed: cannot rename /etc/hosts: Device or resource busy
$ jdk_switcher use oraclejdk8
Switching to Oracle JDK8 (java-8-oracle), JAVA_HOME will be set to /usr/lib/jvm/java-8-oracle
$ cd failed/pgjdbc/pgjdbc
travis_fold:start:postgresql[0K[33;1mStarting PostgreSQL v9.1[0m
travis_time:start:06145334[0K$ sudo service postgresql stop
 * Stopping PostgreSQL 9.1 database server
   ...done.
 * Stopping PostgreSQL 9.2 database server
   ...done.
 * Stopping PostgreSQL 9.3 database server
   ...done.
 * Stopping PostgreSQL 9.4 database server
   ...done.

travis_time:end:06145334:start=1642946219660688798,finish=1642946220425416563,duration=764727765[0Ktravis_time:start:1065b260[0K$ sudo service postgresql start 9.1
 * Starting PostgreSQL 9.1 database server
   ...done.

travis_time:end:1065b260:start=1642946220434535572,finish=1642946222833185638,duration=2398650066[0Ktravis_time:start:0ee297b0[0K$ sudo -u postgres createuser -s -p 5432 travis &>/dev/null

travis_time:end:0ee297b0:start=1642946222843786812,finish=1642946222903084656,duration=59297844[0Ktravis_time:start:2752c0fe[0K$ sudo -u postgres createdb -O travis -p 5432 travis &>/dev/null

travis_time:end:2752c0fe:start=1642946222912876307,finish=1642946223203642250,duration=290765943[0Ktravis_time:start:264908b5[0K$ sudo -u postgres createuser -s -p 5433 travis &>/dev/null

travis_time:end:264908b5:start=1642946223214078956,finish=1642946223270955725,duration=56876769[0Ktravis_time:start:2877b540[0K$ sudo -u postgres createdb -O travis -p 5433 travis &>/dev/null

travis_time:end:2877b540:start=1642946223280530757,finish=1642946223339526882,duration=58996125[0Ktravis_fold:end:postgresql[0K
[33;1mSetting environment variables from .travis.yml[0m
$ export SONATYPE_USERNAME=[secure]
$ export SONATYPE_PASSWORD=[secure]
$ export PG_VERSION=9.1
$ export COVERAGE=Y

travis_fold:start:cache.1[0KSetting up build cache
$ export CASHER_DIR=$HOME/.casher
travis_fold:end:cache.1[0K$ java -Xmx32m -version
java version "1.8.0_31"
Java(TM) SE Runtime Environment (build 1.8.0_31-b13)
Java HotSpot(TM) 64-Bit Server VM (build 25.31-b07, mixed mode)
$ javac -J-Xmx32m -version
javac 1.8.0_31
travis_fold:start:install[0Ktravis_time:start:30d84120[0K$ true

travis_time:end:30d84120:start=1642946224452949463,finish=1642946224459632122,duration=6682659[0Ktravis_fold:end:install[0Ktravis_fold:start:before_script.1[0Ktravis_time:start:0011eed8[0K$ test "x$XA" == 'x' || ./travis_install_dependencies.sh

travis_time:end:0011eed8:start=1642946224469135800,finish=1642946224476174183,duration=7038383[0Ktravis_fold:end:before_script.1[0Ktravis_fold:start:before_script.2[0Ktravis_time:start:1d00f1ce[0K$ psql -U postgres -c "create user test with password 'test';"
CREATE ROLE

travis_time:end:1d00f1ce:start=1642946224486625542,finish=1642946224507158217,duration=20532675[0Ktravis_fold:end:before_script.2[0Ktravis_fold:start:before_script.3[0Ktravis_time:start:0c66d230[0K$ psql -c 'create database test owner test;' -U postgres
CREATE DATABASE

travis_time:end:0c66d230:start=1642946224517674063,finish=1642946224769460721,duration=251786658[0Ktravis_fold:end:before_script.3[0Ktravis_fold:start:before_script.4[0Ktravis_time:start:0763a560[0K$ echo "MAVEN_OPTS='-Xmx1g -Dgpg.skip=true'" > ~/.mavenrc

travis_time:end:0763a560:start=1642946224779935285,finish=1642946224788597589,duration=8662304[0Ktravis_fold:end:before_script.4[0Ktravis_fold:start:before_script.5[0Ktravis_time:start:06f2f560[0K$ test "x$PG_VERSION" == 'x' || test $PG_VERSION == '8.4' || test $PG_VERSION == '9.0' || psql test -c 'CREATE EXTENSION hstore;' -U postgres
CREATE EXTENSION

travis_time:end:06f2f560:start=1642946224799579496,finish=1642946224843028857,duration=43449361[0Ktravis_fold:end:before_script.5[0Ktravis_fold:start:before_script.6[0Ktravis_time:start:040c6a50[0K$ test "x$PG_VERSION" == 'x' || test $PG_VERSION != '8.4' || createlang -U postgres plpgsql test

travis_time:end:040c6a50:start=1642946224852886370,finish=1642946224861577471,duration=8691101[0Ktravis_fold:end:before_script.6[0Ktravis_time:start:0e97ba9a[0K$ rm -rf $HOME/.m2/repository/org/postgresql || true

travis_time:end:0e97ba9a:start=1642946224872933208,finish=1642946224883508075,duration=10574867[0K
[32;1mThe command "rm -rf $HOME/.m2/repository/org/postgresql || true" exited with 0.[0m
travis_time:start:1d5ddaad[0K$ export JDK6_HOME=$(jdk_switcher home openjdk6)

travis_time:end:1d5ddaad:start=1642946224893826818,finish=1642946224905166824,duration=11340006[0K
[32;1mThe command "export JDK6_HOME=$(jdk_switcher home openjdk6)" exited with 0.[0m
travis_time:start:20c784cf[0K$ export JDK7_HOME=$(jdk_switcher home openjdk7)

travis_time:end:20c784cf:start=1642946224916122489,finish=1642946224923987227,duration=7864738[0K
[32;1mThe command "export JDK7_HOME=$(jdk_switcher home openjdk7)" exited with 0.[0m
travis_time:start:0736b3f0[0K$ export JDK8_HOME=$(jdk_switcher home oraclejdk8)

travis_time:end:0736b3f0:start=1642946224931856394,finish=1642946224940463362,duration=8606968[0K
[32;1mThe command "export JDK8_HOME=$(jdk_switcher home oraclejdk8)" exited with 0.[0m
travis_time:start:06447bfa[0K$ envsubst < toolchains.xml > ~/.m2/toolchains.xml

travis_time:end:06447bfa:start=1642946224950759911,finish=1642946224972931073,duration=22171162[0K
[32;1mThe command "envsubst < toolchains.xml > ~/.m2/toolchains.xml" exited with 0.[0m
travis_time:start:1414b720[0K$ ./travis_build.sh
+MVN_ARGS='clean package -B -V'
+MVN_PROFILES=release
+[[ Y == *\Y* ]]
+MVN_PROFILES=release,coverage
+[[ oraclejdk8 == *\j\d\k\6* ]]
+[[ oraclejdk8 == *\j\d\k\7* ]]
+'[' 9.1 == 9.4 ']'
+mvn clean package -B -V -P release,coverage
Apache Maven 3.2.5 (12a6b3acb947671f09b81f49094c53f426d8cea1; 2014-12-14T17:29:23+00:00)
Maven home: /usr/local/maven
Java version: 1.8.0_31, vendor: Oracle Corporation
Java home: /usr/lib/jvm/java-8-oracle/jre
Default locale: en_US, platform encoding: UTF-8
OS name: "linux", version: "4.15.0-109-generic", arch: "amd64", family: "unix"
[INFO] Scanning for projects...
[INFO] ------------------------------------------------------------------------
[INFO] Reactor Build Order:
[INFO] 
[INFO] PostgreSQL JDBC Driver - JDBC 4.2
[INFO] PostgreSQL JDBC Driver - benchmarks
[INFO] PostgreSQL JDBC Driver aggregate
[INFO]                                                                         
[INFO] ------------------------------------------------------------------------
[INFO] Building PostgreSQL JDBC Driver - JDBC 4.2 9.4.1208-SNAPSHOT
[INFO] ------------------------------------------------------------------------
[INFO] 
[INFO] --- maven-clean-plugin:2.5:clean (default-clean) @ postgresql ---
[INFO] 
[INFO] --- maven-enforcer-plugin:1.3.1:enforce (enforce-java) @ postgresql ---
[INFO] Skipping Rule Enforcement.
[INFO] 
[INFO] --- maven-toolchains-plugin:1.1:toolchain (default) @ postgresql ---
[INFO] Required toolchain: jdk [ version='1.8' ]
[INFO] Found matching toolchain for type jdk: JDK[/usr/lib/jvm/java-8-oracle]
[INFO] 
[INFO] --- jacoco-maven-plugin:0.7.5.201505241946:prepare-agent (default) @ postgresql ---
[INFO] argLine set to -javaagent:/home/travis/.m2/failed/org/jacoco/org.jacoco.agent/0.7.5.201505241946/org.jacoco.agent-0.7.5.201505241946-runtime.jar=destfile=/home/travis/build/failed/pgjdbc/pgjdbc/pgjdbc/target/jacoco.exec -Xmx512m
[INFO] 
[INFO] --- build-helper-maven-plugin:1.5:parse-version (parse-version) @ postgresql ---
[INFO] 
[INFO] --- properties-maven-plugin:1.0-alpha-2:read-project-properties (default) @ postgresql ---
[WARNING] Ignoring missing properties file: /home/travis/build/failed/pgjdbc/pgjdbc/pgjdbc/../build.local.properties
[INFO] 
[INFO] --- maven-antrun-plugin:1.7:run (create-unzipjdkant.xml) @ postgresql ---
[INFO] Executing tasks

main:
     [echo] Generating /home/travis/build/failed/pgjdbc/pgjdbc/pgjdbc/target/unzip-jdk-ant.xml
[INFO] Executed tasks
[INFO] 
[INFO] --- exec-maven-plugin:1.4.0:exec (unzip-jdk-src) @ postgresql ---
[INFO] skipping execute as per configuraion
[INFO] 
[INFO] --- jcp:6.0.1:preprocess (preprocessSources) @ postgresql ---
[INFO] Added MAVEN property mvn.project.name=PostgreSQL JDBC Driver - JDBC 4.2
[INFO] Added MAVEN property mvn.project.version=9.4.1208-SNAPSHOT
[INFO] Added MAVEN property mvn.project.url=https://github.com/pgjdbc/pgjdbc
[INFO] Added MAVEN property mvn.project.packaging=bundle
[INFO] Added MAVEN property mvn.project.modelversion=4.0.0
[INFO] Added MAVEN property mvn.project.inceptionyear=
[INFO] Added MAVEN property mvn.project.id=org.postgresql:postgresql:bundle:9.4.1208-SNAPSHOT
[INFO] Added MAVEN property mvn.project.groupid=org.postgresql
[INFO] Added MAVEN property mvn.project.description=Java JDBC 4.2 (JRE 8+) driver for PostgreSQL database
[INFO] Added MAVEN property mvn.project.artifact.id=org.postgresql:postgresql:bundle:9.4.1208-SNAPSHOT
[INFO] Added MAVEN property mvn.project.artifact.artifactid=postgresql
[INFO] Added MAVEN property mvn.project.artifact.baseversion=9.4.1208-SNAPSHOT
[INFO] Added MAVEN property mvn.project.artifact.dependencyconflictid=org.postgresql:postgresql:bundle
[INFO] Added MAVEN property mvn.project.artifact.downloadurl=
[INFO] Added MAVEN property mvn.project.artifact.groupid=org.postgresql
[INFO] Added MAVEN property mvn.project.artifact.scope=
[INFO] Added MAVEN property mvn.project.artifact.type=bundle
[INFO] Added MAVEN property mvn.project.artifact.version=9.4.1208-SNAPSHOT
[INFO] Added MAVEN property mvn.project.build.directory=/home/travis/build/failed/pgjdbc/pgjdbc/pgjdbc/target
[INFO] Added MAVEN property mvn.project.build.defaultgoal=
[INFO] Added MAVEN property mvn.project.build.outputdirectory=/home/travis/build/failed/pgjdbc/pgjdbc/pgjdbc/target/classes
[INFO] Added MAVEN property mvn.project.build.scriptsourcedirectory=/home/travis/build/failed/pgjdbc/pgjdbc/pgjdbc/src/main/scripts
[INFO] Added MAVEN property mvn.project.build.sourcedirectory=/home/travis/build/failed/pgjdbc/pgjdbc/pgjdbc/src/main/java
[INFO] Added MAVEN property mvn.project.build.testoutputdirectory=/home/travis/build/failed/pgjdbc/pgjdbc/pgjdbc/target/test-classes
[INFO] Added MAVEN property mvn.project.build.testsourcedirectory=/home/travis/build/failed/pgjdbc/pgjdbc/pgjdbc/src/test/java
[INFO] Added MAVEN property mvn.project.organization.name=PostgreSQL Global Development Group
[INFO] Added MAVEN property mvn.project.organization.url=http://jdbc.postgresql.org/
[INFO] Added MAVEN property mvn.project.activeprofiles=standard-with-extra-repos
[INFO] Added MAVEN property mvn.project.property.jdbc.specification.version.nodot=42
[INFO] Added MAVEN property mvn.project.property.password=***** [hidden because may contain private info]
[INFO] Added MAVEN property mvn.project.property.preparethreshold=5
[INFO] Added MAVEN property mvn.project.property.parsedversion.osgiversion=9.4.1208.SNAPSHOT
[INFO] Added MAVEN property mvn.project.property.postgresql.preprocessed.sources.directory=/home/travis/build/failed/pgjdbc/pgjdbc/pgjdbc/target/gen-src
[INFO] Added MAVEN property mvn.project.property.postgresql.driver.fullversion=PostgreSQL JDBC4.2
[INFO] Added MAVEN property mvn.project.property.username=test
[INFO] Added MAVEN property mvn.project.property.parsedversion.incrementalversion=1208
[INFO] Added MAVEN property mvn.project.property.protocolversion=0
[INFO] Added MAVEN property mvn.project.property.parsedversion.buildnumber=0
[INFO] Added MAVEN property mvn.project.property.javac.target=1.8
[INFO] Added MAVEN property mvn.project.property.project.build.sourceencoding=UTF-8
[INFO] Added MAVEN property mvn.project.property.postgresql.jdbc.spec=JDBC4.2
[INFO] Added MAVEN property mvn.project.property.parsedversion.minorversion=4
[INFO] Added MAVEN property mvn.project.property.port=5432
[INFO] Added MAVEN property mvn.project.property.unzip.jdk.ant.build.xml=/home/travis/build/failed/pgjdbc/pgjdbc/pgjdbc/target/unzip-jdk-ant.xml
[INFO] Added MAVEN property mvn.project.property.skip.assembly=false
[INFO] Added MAVEN property mvn.project.property.database=test
[INFO] Added MAVEN property mvn.project.property.privilegedpassword=***** [hidden because may contain private info]
[INFO] Added MAVEN property mvn.project.property.server=localhost
[INFO] Added MAVEN property mvn.project.property.skip.unzip-jdk-src=true
[INFO] Added MAVEN property mvn.project.property.waffle-jna.version=1.7
[INFO] Added MAVEN property mvn.project.property.parsedversion.majorversion=9
[INFO] Added MAVEN property mvn.project.property.postgresql.enforce.jdk.version=1.8
[INFO] Added MAVEN property mvn.project.property.jdbc.specification.version=4.2
[INFO] Added MAVEN property mvn.project.property.build.properties.relative.path=/home/travis/build/failed/pgjdbc/pgjdbc/pgjdbc/..
[INFO] Added MAVEN property mvn.project.property.loglevel=0
[INFO] Added MAVEN property mvn.project.property.parsedversion.qualifier=SNAPSHOT
[INFO] Added MAVEN property mvn.project.property.template.default.pg.port=5432
[INFO] Added MAVEN property mvn.project.property.argline=-javaagent:/home/travis/.m2/failed/org/jacoco/org.jacoco.agent/0.7.5.201505241946/org.jacoco.agent-0.7.5.201505241946-runtime.jar=destfile=/home/travis/build/failed/pgjdbc/pgjdbc/pgjdbc/target/jacoco.exec -Xmx512m
[INFO] Added MAVEN property mvn.project.property.privilegeduser=postgres
[INFO] Preprocess sources : /home/travis/build/failed/pgjdbc/pgjdbc/pgjdbc/src/main/java
[INFO] Preprocess destination : /home/travis/build/failed/pgjdbc/pgjdbc/pgjdbc/target/gen-src
[INFO] -----------------------------------------------------------------
[INFO] Completed, preprocessed 167 files, copied 16 files, elapsed time 5562ms
[INFO] A Compile source root has been removed from the root list [/home/travis/build/failed/pgjdbc/pgjdbc/pgjdbc/src/main/java]
[INFO] The New compile source root has been added into the list [/home/travis/build/failed/pgjdbc/pgjdbc/pgjdbc/target/gen-src]
[INFO] 
[INFO] --- maven-resources-plugin:2.6:resources (default-resources) @ postgresql ---
[INFO] Using 'UTF-8' encoding to copy filtered resources.
[INFO] Copying 16 resources
[INFO] 
[INFO] --- maven-compiler-plugin:3.3:compile (default-compile) @ postgresql ---
[INFO] Toolchain in maven-compiler-plugin: JDK[/usr/lib/jvm/java-8-oracle]
[INFO] Changes detected - recompiling the module!
[INFO] Compiling 167 source files to /home/travis/build/failed/pgjdbc/pgjdbc/pgjdbc/target/classes
[INFO] 
[INFO] --- maven-resources-plugin:2.6:testResources (default-testResources) @ postgresql ---
[INFO] Using 'UTF-8' encoding to copy filtered resources.
[INFO] Copying 1 resource
[INFO] 
[INFO] --- maven-compiler-plugin:3.3:testCompile (default-testCompile) @ postgresql ---
[INFO] Toolchain in maven-compiler-plugin: JDK[/usr/lib/jvm/java-8-oracle]
[INFO] Changes detected - recompiling the module!
[INFO] Compiling 117 source files to /home/travis/build/failed/pgjdbc/pgjdbc/pgjdbc/target/test-classes
[INFO] 
[INFO] --- maven-surefire-plugin:2.18.1:test (default-test) @ postgresql ---
[INFO] Toolchain in maven-surefire-plugin: JDK[/usr/lib/jvm/java-8-oracle]
[INFO] Surefire report directory: /home/travis/build/failed/pgjdbc/pgjdbc/pgjdbc/target/surefire-reports

-------------------------------------------------------
 T E S T S
-------------------------------------------------------
Configuration file /home/travis/build/failed/pgjdbc/pgjdbc/pgjdbc/../build.local.properties does not exist. Consider adding it to specify test db host and login
Configuration file /home/travis/build/failed/pgjdbc/pgjdbc/pgjdbc/../build.local.properties does not exist. Consider adding it to specify test db host and login
Skipping XA tests because max_prepared_transactions = 0.
Skipping SingleCertSocketFactoryTests. To enable set the property testsinglecertfactory=true in the ssltest.properties file.
Configuration file /home/travis/build/failed/pgjdbc/pgjdbc/pgjdbc/../ssltest.local.properties does not exist. Consider adding it to specify test db host and login
Skipping ssloff8.
Skipping sslhostnossl8.
Skipping ssloff9.
Skipping sslhostnossl9.
Skipping sslhostgh8.
Skipping sslhostgh9.
Skipping sslhostbh8.
Skipping sslhostbh9.
Skipping sslhostsslgh8.
Skipping sslhostsslgh9.
Skipping sslhostsslbh8.
Skipping sslhostsslbh9.
Skipping sslhostsslcertgh8.
Skipping sslhostsslcertgh9.
Skipping sslhostsslcertbh8.
Skipping sslhostsslcertbh9.
Skipping sslcertgh8.
Skipping sslcertgh9.
Skipping sslcertbh8.
Skipping sslcertbh9.
Running org.postgresql.test.jdbc2.optional.OptionalTestSuite
Tests run: 49, Failures: 0, Errors: 0, Skipped: 0, Time elapsed: 1.129 sec - in org.postgresql.test.jdbc2.optional.OptionalTestSuite
Running org.postgresql.test.jdbc2.Jdbc2TestSuite
file:/home/travis/build/failed/pgjdbc/pgjdbc/pgjdbc/target/classes/
Using seed = 1642946320232 for StrangeInputStream. Set -DStrangeInputStream.seed=1642946320232 to reproduce the test
Using seed = 1642946320649 for StrangeInputStream. Set -DStrangeInputStream.seed=1642946320649 to reproduce the test
Using seed = 1642946321028 for StrangeInputStream. Set -DStrangeInputStream.seed=1642946321028 to reproduce the test
Using seed = 1642946321375 for StrangeInputStream. Set -DStrangeInputStream.seed=1642946321375 to reproduce the test
Using seed = 1642946321710 for StrangeInputStream. Set -DStrangeInputStream.seed=1642946321710 to reproduce the test
Using seed = 1642946322093 for StrangeInputStream. Set -DStrangeInputStream.seed=1642946322093 to reproduce the test
Using seed = 1642946322774 for StrangeInputStream. Set -DStrangeInputStream.seed=1642946322774 to reproduce the test
Using seed = 1642946323083 for StrangeInputStream. Set -DStrangeInputStream.seed=1642946323083 to reproduce the test
Using seed = 1642946323436 for StrangeInputStream. Set -DStrangeInputStream.seed=1642946323436 to reproduce the test
Using seed = 1642946323805 for StrangeInputStream. Set -DStrangeInputStream.seed=1642946323805 to reproduce the test
Tests run: 510, Failures: 0, Errors: 2, Skipped: 0, Time elapsed: 62.88 sec <<< FAILURE! - in org.postgresql.test.jdbc2.Jdbc2TestSuite
run[5: batchTest(mode=FAIL_VIA_SELECT, position=FIRST_ROW, autoCommit=YES, batchType=SIMPLE, generateKeys=YES, binary=FORCE)](org.postgresql.test.jdbc2.BatchFailureTest)  Time elapsed: 0.034 sec  <<< ERROR!
org.postgresql.util.PSQLException: ERROR: division by zero
	at org.postgresql.core.v3.QueryExecutorImpl.receiveErrorResponse(QueryExecutorImpl.java:2284)
	at org.postgresql.core.v3.QueryExecutorImpl.processResults(QueryExecutorImpl.java:2003)
	at org.postgresql.core.v3.QueryExecutorImpl.execute(QueryExecutorImpl.java:200)
	at org.postgresql.jdbc.PgStatement.executeBatch(PgStatement.java:976)
	at org.postgresql.test.jdbc2.BatchFailureTest.run(BatchFailureTest.java:202)

run[7: batchTest(mode=FAIL_VIA_SELECT, position=FIRST_ROW, autoCommit=NO, batchType=SIMPLE, generateKeys=NO, binary=FORCE)](org.postgresql.test.jdbc2.BatchFailureTest)  Time elapsed: 0.014 sec  <<< ERROR!
org.postgresql.util.PSQLException: ERROR: division by zero
	at org.postgresql.core.v3.QueryExecutorImpl.receiveErrorResponse(QueryExecutorImpl.java:2284)
	at org.postgresql.core.v3.QueryExecutorImpl.processResults(QueryExecutorImpl.java:2003)
	at org.postgresql.core.v3.QueryExecutorImpl.execute(QueryExecutorImpl.java:200)
	at org.postgresql.jdbc.PgStatement.executeBatch(PgStatement.java:976)
	at org.postgresql.test.jdbc2.BatchFailureTest.run(BatchFailureTest.java:202)

Running org.postgresql.test.jdbc3.Jdbc3TestSuite
Tests run: 89, Failures: 0, Errors: 0, Skipped: 0, Time elapsed: 0.821 sec - in org.postgresql.test.jdbc3.Jdbc3TestSuite
Running org.postgresql.test.socketfactory.SocketFactoryTestSuite
Tests run: 1, Failures: 0, Errors: 0, Skipped: 0, Time elapsed: 0.008 sec - in org.postgresql.test.socketfactory.SocketFactoryTestSuite
Running org.postgresql.test.xa.XATestSuite
Skipping XA tests because max_prepared_transactions = 0.
Tests run: 0, Failures: 0, Errors: 0, Skipped: 0, Time elapsed: 0.003 sec - in org.postgresql.test.xa.XATestSuite
Running org.postgresql.test.jdbc4.jdbc41.Jdbc41TestSuite
Tests run: 45, Failures: 0, Errors: 0, Skipped: 0, Time elapsed: 0.708 sec - in org.postgresql.test.jdbc4.jdbc41.Jdbc41TestSuite
Running org.postgresql.test.jdbc4.Jdbc4TestSuite
Tests run: 73, Failures: 0, Errors: 0, Skipped: 0, Time elapsed: 175.256 sec - in org.postgresql.test.jdbc4.Jdbc4TestSuite
Running org.postgresql.test.jdbc42.Jdbc42TestSuite
Tests run: 19, Failures: 0, Errors: 0, Skipped: 0, Time elapsed: 28.652 sec - in org.postgresql.test.jdbc42.Jdbc42TestSuite
Running org.postgresql.test.hostchooser.MultiHostTestSuite
Tests run: 1, Failures: 0, Errors: 0, Skipped: 0, Time elapsed: 0 sec - in org.postgresql.test.hostchooser.MultiHostTestSuite
Running org.postgresql.test.extensions.ExtensionsTestSuite
Tests run: 4, Failures: 0, Errors: 0, Skipped: 0, Time elapsed: 0.046 sec - in org.postgresql.test.extensions.ExtensionsTestSuite
Running org.postgresql.test.ssl.SingleCertValidatingFactoryTestSuite
Skipping SingleCertSocketFactoryTests. To enable set the property testsinglecertfactory=true in the ssltest.properties file.
Tests run: 0, Failures: 0, Errors: 0, Skipped: 0, Time elapsed: 0 sec - in org.postgresql.test.ssl.SingleCertValidatingFactoryTestSuite
Running org.postgresql.test.ssl.SslTestSuite
Configuration file /home/travis/build/failed/pgjdbc/pgjdbc/pgjdbc/../ssltest.local.properties does not exist. Consider adding it to specify test db host and login
Skipping ssloff8.
Skipping sslhostnossl8.
Skipping ssloff9.
Skipping sslhostnossl9.
Skipping sslhostgh8.
Skipping sslhostgh9.
Skipping sslhostbh8.
Skipping sslhostbh9.
Skipping sslhostsslgh8.
Skipping sslhostsslgh9.
Skipping sslhostsslbh8.
Skipping sslhostsslbh9.
Skipping sslhostsslcertgh8.
Skipping sslhostsslcertgh9.
Skipping sslhostsslcertbh8.
Skipping sslhostsslcertbh9.
Skipping sslcertgh8.
Skipping sslcertgh9.
Skipping sslcertbh8.
Skipping sslcertbh9.
Tests run: 0, Failures: 0, Errors: 0, Skipped: 0, Time elapsed: 0 sec - in org.postgresql.test.ssl.SslTestSuite
Running org.postgresql.test.osgi.OsgiTestSuite
Tests run: 8, Failures: 0, Errors: 0, Skipped: 0, Time elapsed: 0.005 sec - in org.postgresql.test.osgi.OsgiTestSuite

Results :

Tests in error: 
  BatchFailureTest.run:202 Â» PSQL ERROR: division by zero
  BatchFailureTest.run:202 Â» PSQL ERROR: division by zero

Tests run: 799, Failures: 0, Errors: 2, Skipped: 0

[INFO] ------------------------------------------------------------------------
[INFO] Reactor Summary:
[INFO] 
[INFO] PostgreSQL JDBC Driver - JDBC 4.2 .................. FAILURE [04:58 min]
[INFO] PostgreSQL JDBC Driver - benchmarks ................ SKIPPED
[INFO] PostgreSQL JDBC Driver aggregate ................... SKIPPED
[INFO] ------------------------------------------------------------------------
[INFO] BUILD FAILURE
[INFO] ------------------------------------------------------------------------
[INFO] Total time: 05:03 min
[INFO] Finished at: 2022-01-23T14:02:09+00:00
[INFO] Final Memory: 19M/669M
[INFO] ------------------------------------------------------------------------
[ERROR] Failed to execute goal org.apache.maven.plugins:maven-surefire-plugin:2.18.1:test (default-test) on project postgresql: There are test failures.
[ERROR] 
[ERROR] Please refer to /home/travis/build/failed/pgjdbc/pgjdbc/pgjdbc/target/surefire-reports for the individual test results.
[ERROR] -> [Help 1]
[ERROR] 
[ERROR] To see the full stack trace of the errors, re-run Maven with the -e switch.
[ERROR] Re-run Maven using the -X switch to enable full debug logging.
[ERROR] 
[ERROR] For more information about the errors and possible solutions, please read the following articles:
[ERROR] [Help 1] http://cwiki.apache.org/confluence/display/MAVEN/MojoFailureException

travis_time:end:1414b720:start=1642946224984576992,finish=1642946530362815905,duration=305378238913[0K
[31;1mThe command "./travis_build.sh" exited with 1.[0m
travis_fold:start:before_cache[0Ktravis_time:start:161aaefc[0K$ rm -rf $HOME/.m2/repository/org/postgresql

travis_time:end:161aaefc:start=1642946530374617609,finish=1642946530385077262,duration=10459653[0Ktravis_fold:end:before_cache[0Ktravis_fold:start:cache.2[0Kstore build cache
travis_fold:end:cache.2[0K
Done. Your build exited with 1.
