travis_fold:start:system_info[0K[33;1mBuild system information[0m
Build language: java
Build group: stable
Build dist: trusty
Build id: ''
Job id: ''
[34m[1mBuild image provisioning date and time[0m
Tue Dec  5 20:11:19 UTC 2017
[34m[1mOperating System Details[0m
Distributor ID:	Ubuntu
Description:	Ubuntu 14.04.5 LTS
Release:	14.04
Codename:	trusty
[34m[1mCookbooks Version[0m
7c2c6a6 https://github.com/travis-ci/travis-cookbooks/tree/7c2c6a6
[34m[1mgit version[0m
git version 2.15.1
[34m[1mbash version[0m
GNU bash, version 4.3.11(1)-release (x86_64-pc-linux-gnu)
[34m[1mgcc version[0m
gcc (Ubuntu 4.8.4-2ubuntu1~14.04.3) 4.8.4
Copyright (C) 2013 Free Software Foundation, Inc.
This is free software; see the source for copying conditions.  There is NO
warranty; not even for MERCHANTABILITY or FITNESS FOR A PARTICULAR PURPOSE.

[34m[1mdocker version[0m
Client:
 Version:      17.09.0-ce
 API version:  1.32
 Go version:   go1.8.3
 Git commit:   afdb6d4
 Built:        Tue Sep 26 22:39:28 2017
 OS/Arch:      linux/amd64
[34m[1mclang version[0m
clang version 5.0.0 (tags/RELEASE_500/final)
Target: x86_64-unknown-linux-gnu
Thread model: posix
InstalledDir: /usr/local/clang-5.0.0/bin
[34m[1mjq version[0m
jq-1.5
[34m[1mbats version[0m
Bats 0.4.0
[34m[1mshellcheck version[0m
0.4.6
[34m[1mshfmt version[0m
v2.0.0
[34m[1mccache version[0m
ccache version 3.1.9

Copyright (C) 2002-2007 Andrew Tridgell
Copyright (C) 2009-2011 Joel Rosdahl

This program is free software; you can redistribute it and/or modify it under
the terms of the GNU General Public License as published by the Free Software
Foundation; either version 3 of the License, or (at your option) any later
version.
[34m[1mcmake version[0m
cmake version 3.9.2

CMake suite maintained and supported by Kitware (kitware.com/cmake).
[34m[1mheroku version[0m
heroku-cli/6.14.39-addc925 (linux-x64) node-v9.2.0
[34m[1mimagemagick version[0m
Version: ImageMagick 6.7.7-10 2017-07-31 Q16 http://www.imagemagick.org
[34m[1mmd5deep version[0m
4.2
[34m[1mmercurial version[0m
Mercurial Distributed SCM (version 4.2.2)
(see https://mercurial-scm.org for more information)

Copyright (C) 2005-2017 Matt Mackall and others
This is free software; see the source for copying conditions. There is NO
warranty; not even for MERCHANTABILITY or FITNESS FOR A PARTICULAR PURPOSE.
[34m[1mmysql version[0m
mysql  Ver 14.14 Distrib 5.6.33, for debian-linux-gnu (x86_64) using  EditLine wrapper
[34m[1mopenssl version[0m
OpenSSL 1.0.1f 6 Jan 2014
[34m[1mpacker version[0m
Packer v1.0.2

Your version of Packer is out of date! The latest version
is 1.1.2. You can update by downloading from www.packer.io
[34m[1mpostgresql client version[0m
psql (PostgreSQL) 9.6.6
[34m[1mragel version[0m
Ragel State Machine Compiler version 6.8 Feb 2013
Copyright (c) 2001-2009 by Adrian Thurston
[34m[1msubversion version[0m
svn, version 1.8.8 (r1568071)
   compiled Aug 10 2017, 17:20:39 on x86_64-pc-linux-gnu

Copyright (C) 2013 The Apache Software Foundation.
This software consists of contributions made by many people;
see the NOTICE file for more information.
Subversion is open source software, see http://subversion.apache.org/

The following repository access (RA) modules are available:

* ra_svn : Module for accessing a repository using the svn network protocol.
  - with Cyrus SASL authentication
  - handles 'svn' scheme
* ra_local : Module for accessing a repository on local disk.
  - handles 'file' scheme
* ra_serf : Module for accessing a repository via WebDAV protocol using serf.
  - using serf 1.3.3
  - handles 'http' scheme
  - handles 'https' scheme

[34m[1msudo version[0m
Sudo version 1.8.9p5
Configure options: --prefix=/usr -v --with-all-insults --with-pam --with-fqdn --with-logging=syslog --with-logfac=authpriv --with-env-editor --with-editor=/usr/bin/editor --with-timeout=15 --with-password-timeout=0 --with-passprompt=[sudo] password for %p:  --without-lecture --with-tty-tickets --disable-root-mailer --enable-admin-flag --with-sendmail=/usr/sbin/sendmail --with-timedir=/var/lib/sudo --mandir=/usr/share/man --libexecdir=/usr/lib/sudo --with-sssd --with-sssd-lib=/usr/lib/x86_64-linux-gnu --with-selinux
Sudoers policy plugin version 1.8.9p5
Sudoers file grammar version 43

Sudoers path: /etc/sudoers
Authentication methods: 'pam'
Syslog facility if syslog is being used for logging: authpriv
Syslog priority to use when user authenticates successfully: notice
Syslog priority to use when user authenticates unsuccessfully: alert
Send mail if the user is not in sudoers
Use a separate timestamp for each user/tty combo
Lecture user the first time they run sudo
Root may run sudo
Allow some information gathering to give useful error messages
Require fully-qualified hostnames in the sudoers file
Visudo will honor the EDITOR environment variable
Set the LOGNAME and USER environment variables
Length at which to wrap log file lines (0 for no wrap): 80
Authentication timestamp timeout: 15.0 minutes
Password prompt timeout: 0.0 minutes
Number of tries to enter a password: 3
Umask to use or 0777 to use user's: 022
Path to mail program: /usr/sbin/sendmail
Flags for mail program: -t
Address to send mail to: root
Subject line for mail messages: *** SECURITY information for %h ***
Incorrect password message: Sorry, try again.
Path to authentication timestamp dir: /var/lib/sudo
Default password prompt: [sudo] password for %p: 
Default user to run commands as: root
Value to override user's $PATH with: /usr/local/sbin:/usr/local/bin:/usr/sbin:/usr/bin:/sbin:/bin:/snap/bin
Path to the editor for use by visudo: /usr/bin/editor
When to require a password for 'list' pseudocommand: any
When to require a password for 'verify' pseudocommand: all
File descriptors >= 3 will be closed before executing a command
Environment variables to check for sanity:
	TZ
	TERM
	LINGUAS
	LC_*
	LANGUAGE
	LANG
	COLORTERM
Environment variables to remove:
	RUBYOPT
	RUBYLIB
	PYTHONUSERBASE
	PYTHONINSPECT
	PYTHONPATH
	PYTHONHOME
	TMPPREFIX
	ZDOTDIR
	READNULLCMD
	NULLCMD
	FPATH
	PERL5DB
	PERL5OPT
	PERL5LIB
	PERLLIB
	PERLIO_DEBUG 
	JAVA_TOOL_OPTIONS
	SHELLOPTS
	GLOBIGNORE
	PS4
	BASH_ENV
	ENV
	TERMCAP
	TERMPATH
	TERMINFO_DIRS
	TERMINFO
	_RLD*
	LD_*
	PATH_LOCALE
	NLSPATH
	HOSTALIASES
	RES_OPTIONS
	LOCALDOMAIN
	CDPATH
	IFS
Environment variables to preserve:
	JAVA_HOME
	TRAVIS
	CI
	DEBIAN_FRONTEND
	XAUTHORIZATION
	XAUTHORITY
	PS2
	PS1
	PATH
	LS_COLORS
	KRB5CCNAME
	HOSTNAME
	HOME
	DISPLAY
	COLORS
Locale to use while parsing sudoers: C
Directory in which to store input/output logs: /var/log/sudo-io
File in which to store the input/output log: %{seq}
Add an entry to the utmp/utmpx file when allocating a pty
PAM service name to use
PAM service name to use for login shells
Create a new PAM session for the command to run in
Maximum I/O log sequence number: 0

Local IP address and netmask pairs:
	172.17.0.2/255.255.0.0

Sudoers I/O plugin version 1.8.9p5
[34m[1mgzip version[0m
gzip 1.6
Copyright (C) 2007, 2010, 2011 Free Software Foundation, Inc.
Copyright (C) 1993 Jean-loup Gailly.
This is free software.  You may redistribute copies of it under the terms of
the GNU General Public License <http://www.gnu.org/licenses/gpl.html>.
There is NO WARRANTY, to the extent permitted by law.

Written by Jean-loup Gailly.
[34m[1mzip version[0m
Copyright (c) 1990-2008 Info-ZIP - Type 'zip "-L"' for software license.
This is Zip 3.0 (July 5th 2008), by Info-ZIP.
Currently maintained by E. Gordon.  Please send bug reports to
the authors using the web page at www.info-zip.org; see README for details.

Latest sources and executables are at ftp://ftp.info-zip.org/pub/infozip,
as of above date; see http://www.info-zip.org/ for other sites.

Compiled with gcc 4.8.2 for Unix (Linux ELF) on Oct 21 2013.

Zip special compilation options:
	USE_EF_UT_TIME       (store Universal Time)
	BZIP2_SUPPORT        (bzip2 library version 1.0.6, 6-Sept-2010)
	    bzip2 code and library copyright (c) Julian R Seward
	    (See the bzip2 license for terms of use)
	SYMLINK_SUPPORT      (symbolic links supported)
	LARGE_FILE_SUPPORT   (can read and write large files on file system)
	ZIP64_SUPPORT        (use Zip64 to store large files in archives)
	UNICODE_SUPPORT      (store and read UTF-8 Unicode paths)
	STORE_UNIX_UIDs_GIDs (store UID/GID sizes/values using new extra field)
	UIDGID_NOT_16BIT     (old Unix 16-bit UID/GID extra field not used)
	[encryption, version 2.91 of 05 Jan 2007] (modified for Zip 3)

Encryption notice:
	The encryption code of this program is not copyrighted and is
	put in the public domain.  It was originally written in Europe
	and, to the best of our knowledge, can be freely distributed
	in both source and object forms from any country, including
	the USA under License Exception TSU of the U.S. Export
	Administration Regulations (section 740.13(e)) of 6 June 2002.

Zip environment options:
             ZIP:  [none]
          ZIPOPT:  [none]
[34m[1mvim version[0m
VIM - Vi IMproved 7.4 (2013 Aug 10, compiled Nov 24 2016 16:43:18)
Included patches: 1-52
Extra patches: 8.0.0056
Modified by pkg-vim-maintainers@lists.alioth.debian.org
Compiled by buildd@
Huge version without GUI.  Features included (+) or not (-):
+acl             +farsi           +mouse_netterm   +syntax
+arabic          +file_in_path    +mouse_sgr       +tag_binary
+autocmd         +find_in_path    -mouse_sysmouse  +tag_old_static
-balloon_eval    +float           +mouse_urxvt     -tag_any_white
-browse          +folding         +mouse_xterm     -tcl
++builtin_terms  -footer          +multi_byte      +terminfo
+byte_offset     +fork()          +multi_lang      +termresponse
+cindent         +gettext         -mzscheme        +textobjects
-clientserver    -hangul_input    +netbeans_intg   +title
-clipboard       +iconv           +path_extra      -toolbar
+cmdline_compl   +insert_expand   -perl            +user_commands
+cmdline_hist    +jumplist        +persistent_undo +vertsplit
+cmdline_info    +keymap          +postscript      +virtualedit
+comments        +langmap         +printer         +visual
+conceal         +libcall         +profile         +visualextra
+cryptv          +linebreak       +python          +viminfo
+cscope          +lispindent      -python3         +vreplace
+cursorbind      +listcmds        +quickfix        +wildignore
+cursorshape     +localmap        +reltime         +wildmenu
+dialog_con      -lua             +rightleft       +windows
+diff            +menu            -ruby            +writebackup
+digraphs        +mksession       +scrollbind      -X11
-dnd             +modify_fname    +signs           -xfontset
-ebcdic          +mouse           +smartindent     -xim
+emacs_tags      -mouseshape      -sniff           -xsmp
+eval            +mouse_dec       +startuptime     -xterm_clipboard
+ex_extra        +mouse_gpm       +statusline      -xterm_save
+extra_search    -mouse_jsbterm   -sun_workshop    -xpm
   system vimrc file: "$VIM/vimrc"
     user vimrc file: "$HOME/.vimrc"
 2nd user vimrc file: "~/.vim/vimrc"
      user exrc file: "$HOME/.exrc"
  fall-back for $VIM: "/usr/share/vim"
Compilation: gcc -c -I. -Iproto -DHAVE_CONFIG_H     -g -O2 -fstack-protector --param=ssp-buffer-size=4 -Wformat -Werror=format-security -U_FORTIFY_SOURCE -D_FORTIFY_SOURCE=1      
Linking: gcc   -Wl,-Bsymbolic-functions -Wl,-z,relro -Wl,--as-needed -o vim        -lm -ltinfo -lnsl  -lselinux  -lacl -lattr -lgpm -ldl    -L/usr/lib/python2.7/config-x86_64-linux-gnu -lpython2.7 -lpthread -ldl -lutil -lm -Xlinker -export-dynamic -Wl,-O1 -Wl,-Bsymbolic-functions      
[34m[1miptables version[0m
iptables v1.4.21
[34m[1mcurl version[0m
curl 7.35.0 (x86_64-pc-linux-gnu) libcurl/7.35.0 OpenSSL/1.0.1f zlib/1.2.8 libidn/1.28 librtmp/2.3
[34m[1mwget version[0m
GNU Wget 1.15 built on linux-gnu.
[34m[1mrsync version[0m
rsync  version 3.1.0  protocol version 31
[34m[1mgimme version[0m
v1.2.0
[34m[1mnvm version[0m
0.33.6
[34m[1mperlbrew version[0m
/home/travis/perl5/perlbrew/bin/perlbrew  - App::perlbrew/0.80
[34m[1mphpenv version[0m
rbenv 1.1.1-25-g6aa70b6
[34m[1mrvm version[0m
rvm 1.29.3 (latest) by Michal Papis, Piotr Kuczynski, Wayne E. Seguin [https://rvm.io]
[34m[1mdefault ruby version[0m
ruby 2.4.1p111 (2017-03-22 revision 58053) [x86_64-linux]
[34m[1mCouchDB version[0m
couchdb 1.6.1
[34m[1mElasticSearch version[0m
5.5.0
[34m[1mInstalled Firefox version[0m
firefox 56.0.2
[34m[1mMongoDB version[0m
MongoDB 3.4.10
[34m[1mPhantomJS version[0m
2.1.1
[34m[1mPre-installed PostgreSQL versions[0m
9.2.24
9.3.20
9.4.15
9.5.10
9.6.6
[34m[1mRabbitMQ Version[0m
3.6.14
[34m[1mRedis version[0m
redis-server 4.0.6
[34m[1mriak version[0m
2.2.3
[34m[1mPre-installed Go versions[0m
1.7.4
[34m[1mant version[0m
Apache Ant(TM) version 1.9.3 compiled on April 8 2014
[34m[1mmvn version[0m
Apache Maven 3.5.2 (138edd61fd100ec658bfa2d307c43b76940a5d7d; 2017-10-18T07:58:13Z)
Maven home: /usr/local/maven-3.5.2
Java version: 1.8.0_151, vendor: Oracle Corporation
Java home: /usr/lib/jvm/java-8-oracle/jre
Default locale: en_US, platform encoding: UTF-8
OS name: "linux", version: "4.4.0-101-generic", arch: "amd64", family: "unix"
[34m[1mgradle version[0m

------------------------------------------------------------
Gradle 4.0.1
------------------------------------------------------------

Build time:   2017-07-07 14:02:41 UTC
Revision:     38e5dc0f772daecca1d2681885d3d85414eb6826

Groovy:       2.4.11
Ant:          Apache Ant(TM) version 1.9.6 compiled on June 29 2015
JVM:          1.8.0_151 (Oracle Corporation 25.151-b12)
OS:           Linux 4.4.0-101-generic amd64

[34m[1mlein version[0m
Leiningen 2.8.1 on Java 1.8.0_151 Java HotSpot(TM) 64-Bit Server VM
[34m[1mPre-installed Node.js versions[0m
v4.8.6
v6.12.0
v6.12.1
v8.9
v8.9.1
[34m[1mphpenv versions[0m
  system
  5.6
* 5.6.32 (set by /home/travis/.phpenv/version)
  7.0
  7.0.25
  7.1
  7.1.11
  hhvm
  hhvm-stable
[34m[1mcomposer --version[0m
Composer version 1.5.2 2017-09-11 16:59:25
[34m[1mPre-installed Ruby versions[0m
ruby-2.2.7
ruby-2.3.4
ruby-2.4.1
travis_fold:end:system_info[0K
grep: /etc/apt/sources.list.d/*: No such file or directory
sed: cannot rename /etc/hosts: Device or resource busy
sed: cannot rename /etc/hosts: Device or resource busy
$ cd failed/SonarSource/sonar-java

[33;1mSetting environment variables from .travis.yml[0m
$ export TEST=CI

travis_fold:start:cache.1[0KSetting up build cache
$ export CASHER_DIR=$HOME/.casher
travis_time:start:0b00081f[0K
travis_time:end:0b00081f:start=1642937765951451434,finish=1642937765959042161,duration=7590727[0Ktravis_time:start:0621eef2[0K/home/travis/.casher/bin/casher:213:in `cache_archive_name': undefined method `[]' for nil:NilClass (NoMethodError)
	from /home/travis/.casher/bin/casher:65:in `block in fetch'
	from /home/travis/.casher/bin/casher:64:in `each'
	from /home/travis/.casher/bin/casher:64:in `fetch'
	from /home/travis/.casher/bin/casher:53:in `block in run'
	from /home/travis/.rvm/rubies/ruby-2.2.7/lib/ruby/2.2.0/timeout.rb:88:in `block in timeout'
	from /home/travis/.rvm/rubies/ruby-2.2.7/lib/ruby/2.2.0/timeout.rb:32:in `block in catch'
	from /home/travis/.rvm/rubies/ruby-2.2.7/lib/ruby/2.2.0/timeout.rb:32:in `catch'
	from /home/travis/.rvm/rubies/ruby-2.2.7/lib/ruby/2.2.0/timeout.rb:32:in `catch'
	from /home/travis/.rvm/rubies/ruby-2.2.7/lib/ruby/2.2.0/timeout.rb:103:in `timeout'
	from /home/travis/.casher/bin/casher:53:in `run'
	from /home/travis/.casher/bin/casher:263:in `<main>'
[32;1mattempting to download cache archive[0m

travis_time:end:0621eef2:start=1642937765968345706,finish=1642937766762788168,duration=794442462[0Ktravis_time:start:0ac01b10[0K
travis_time:end:0ac01b10:start=1642937766771500890,finish=1642937766778888634,duration=7387744[0Ktravis_time:start:17fd4ed8[0K[32;1madding /home/travis/.m2/repository to cache[0m
[32;1madding /home/travis/.sonar to cache[0m
[32;1madding /home/travis/jvm to cache[0m
[32;1madding /home/travis/maven to cache[0m

travis_time:end:17fd4ed8:start=1642937766788376566,finish=1642937768126822834,duration=1338446268[0Ktravis_fold:end:cache.1[0K$ java -Xmx32m -version
Picked up _JAVA_OPTIONS: -Xmx2048m -Xms512m
java version "1.8.0_151"
Java(TM) SE Runtime Environment (build 1.8.0_151-b12)
Java HotSpot(TM) 64-Bit Server VM (build 25.151-b12, mixed mode)
$ javac -J-Xmx32m -version
Picked up _JAVA_OPTIONS: -Xmx2048m -Xms512m
javac 1.8.0_151
travis_fold:start:install[0Ktravis_time:start:2228db96[0K$ true

travis_time:end:2228db96:start=1642937768990782498,finish=1642937768998343049,duration=7560551[0Ktravis_fold:end:install[0Ktravis_time:start:08607fc0[0K$ ./travis.sh
Copy public Maven settings
Setting .npmrc
Setup Maven 3.5.2
Maven 3.5.2 installed
fatal: --unshallow on a complete repository does not make sense
======= Build, no analysis, no deploy
Picked up _JAVA_OPTIONS: -Xmx2048m -Xms512m
Apache Maven 3.5.2 (138edd61fd100ec658bfa2d307c43b76940a5d7d; 2017-10-18T07:58:13Z)
Maven home: /home/travis/maven/apache-maven-3.5.2
Java version: 1.8.0_151, vendor: Oracle Corporation
Java home: /usr/lib/jvm/java-8-oracle/jre
Default locale: en_US, platform encoding: UTF-8
OS name: "linux", version: "4.15.0-109-generic", arch: "amd64", family: "unix"
[INFO] Error stacktraces are turned on.
[INFO] Scanning for projects...
[INFO] ------------------------------------------------------------------------
[INFO] Reactor Build Order:
[INFO] 
[INFO] SonarJava
[INFO] SonarQube Java :: Maven model generator
[INFO] SonarQube Java :: Front-end
[INFO] SonarQube Java :: Check Test tool kit
[INFO] SonarQube Java :: Checks
[INFO] SonarQube Java :: Surefire
[INFO] java-jacoco-previous
[INFO] SonarQube Java :: JaCoCo
[INFO] SonarQube Java :: Plugin
[INFO] SonarQube Java :: JaCoCo Listeners
[INFO] SonarQube Java :: ITs
[INFO] SonarQube Java :: ITs :: Performancing
[INFO] SonarQube Java :: ITs :: Plugin
[INFO] SonarQube Java :: ITs :: Plugin :: Plugins
[INFO] SonarQube Java :: ITS :: Plugin :: Java Extension Plugin
[INFO] SonarQube Java :: ITs :: Plugin :: Tests
[INFO] SonarQube Java :: ITs :: Ruling
[INFO] SonarQube Java :: ITs :: Semantic
[INFO] SonarQube Java :: ITS :: Semantic :: Java Debugging Plugin
[INFO] SonarQube Java :: ITs :: Semantic :: Tests
[INFO] 
[INFO] ------------------------------------------------------------------------
[INFO] Building SonarJava 5.2.0-SNAPSHOT
[INFO] ------------------------------------------------------------------------
[INFO] 
[INFO] --- buildnumber-maven-plugin:1.4:create (default) @ java ---
[INFO] Executing: /bin/sh -c cd '/home/travis/build/failed/SonarSource/sonar-java' && 'git' 'rev-parse' '--verify' 'HEAD'
[INFO] Working directory: /home/travis/build/failed/SonarSource/sonar-java
[INFO] Storing buildNumber: 4cb1065f405edccbb7d229633945b3c56aeab04c at timestamp: 1642937836403
[INFO] Storing buildScmBranch: master
[INFO] 
[INFO] --- maven-enforcer-plugin:3.0.0-M1:enforce (enforce) @ java ---
[INFO] 
[INFO] --- license-maven-plugin:3.0:check (enforce-license-headers) @ java ---
[INFO] Checking licenses...
[INFO] 
[INFO] --- beanshell-maven-plugin:1.4:run (compute-artifact-display-version) @ java ---
[INFO] Executing Script
[INFO] file class java.lang.Object
[INFO] script class java.lang.String
[INFO] evaluating script if (! "5.2.0-SNAPSHOT".endsWith("-SNAPSHOT")) { [+ 14 omitted line(s)]
[INFO] 
[INFO] --- maven-source-plugin:3.0.1:jar-no-fork (attach-sources) @ java ---
[INFO] 
[INFO] ------------------------------------------------------------------------
[INFO] Building SonarQube Java :: Maven model generator 5.2.0-SNAPSHOT
[INFO] ------------------------------------------------------------------------
[INFO] 
[INFO] --- buildnumber-maven-plugin:1.4:create (default) @ java-maven-model ---
[INFO] 
[INFO] --- maven-enforcer-plugin:3.0.0-M1:enforce (enforce) @ java-maven-model ---
[INFO] 
[INFO] --- license-maven-plugin:3.0:check (enforce-license-headers) @ java-maven-model ---
[INFO] Checking licenses...
[INFO] 
[INFO] --- jaxb2-maven-plugin:2.2:xjc (xjc) @ java-maven-model ---
[INFO] No changes detected in schema or binding files - skipping JAXB generation.
[INFO] 
[INFO] --- build-helper-maven-plugin:1.10:add-source (default) @ java-maven-model ---
[INFO] Source directory: /home/travis/build/failed/SonarSource/sonar-java/java-maven-model/target/generated-sources added.
[INFO] 
[INFO] --- beanshell-maven-plugin:1.4:run (compute-artifact-display-version) @ java-maven-model ---
[INFO] Executing Script
[INFO] file class java.lang.Object
[INFO] script class java.lang.String
[INFO] evaluating script if (! "5.2.0-SNAPSHOT".endsWith("-SNAPSHOT")) { [+ 14 omitted line(s)]
[INFO] 
[INFO] --- maven-resources-plugin:3.0.2:resources (default-resources) @ java-maven-model ---
[INFO] Using 'UTF-8' encoding to copy filtered resources.
[INFO] Copying 1 resource
[INFO] 
[INFO] --- maven-compiler-plugin:3.7.0:compile (default-compile) @ java-maven-model ---
[INFO] Nothing to compile - all classes are up to date
[INFO] 
[INFO] --- maven-resources-plugin:3.0.2:testResources (default-testResources) @ java-maven-model ---
[INFO] Using 'UTF-8' encoding to copy filtered resources.
[INFO] skip non existing resourceDirectory /home/travis/build/failed/SonarSource/sonar-java/java-maven-model/src/test/resources
[INFO] 
[INFO] --- maven-compiler-plugin:3.7.0:testCompile (default-testCompile) @ java-maven-model ---
[INFO] Nothing to compile - all classes are up to date
[INFO] 
[INFO] --- maven-surefire-plugin:2.20.1:test (default-test) @ java-maven-model ---
[INFO] Surefire report directory: /home/travis/build/failed/SonarSource/sonar-java/java-maven-model/target/surefire-reports
[INFO] 
[INFO] -------------------------------------------------------
[INFO]  T E S T S
[INFO] -------------------------------------------------------
[INFO] Running org.sonar.maven.model.LocatedAttributeAdapterTest
[INFO] Tests run: 2, Failures: 0, Errors: 0, Skipped: 0, Time elapsed: 5.047 s - in org.sonar.maven.model.LocatedAttributeAdapterTest
[INFO] Running org.sonar.maven.model.XmlLocationTest
[INFO] Tests run: 9, Failures: 0, Errors: 0, Skipped: 0, Time elapsed: 0.383 s - in org.sonar.maven.model.XmlLocationTest
[INFO] 
[INFO] Results:
[INFO] 
[INFO] Tests run: 11, Failures: 0, Errors: 0, Skipped: 0
[INFO] 
[INFO] 
[INFO] --- maven-jar-plugin:3.0.2:jar (default-jar) @ java-maven-model ---
[INFO] 
[INFO] --- maven-source-plugin:3.0.1:jar-no-fork (attach-sources) @ java-maven-model ---
[INFO] Building jar: /home/travis/build/failed/SonarSource/sonar-java/java-maven-model/target/java-maven-model-5.2.0-SNAPSHOT-sources.jar
[INFO] 
[INFO] ------------------------------------------------------------------------
[INFO] Building SonarQube Java :: Front-end 5.2.0-SNAPSHOT
[INFO] ------------------------------------------------------------------------
[INFO] 
[INFO] --- buildnumber-maven-plugin:1.4:create (default) @ java-frontend ---
[INFO] 
[INFO] --- maven-enforcer-plugin:3.0.0-M1:enforce (enforce) @ java-frontend ---
[INFO] 
[INFO] --- license-maven-plugin:3.0:check (enforce-license-headers) @ java-frontend ---
[INFO] Checking licenses...
[INFO] 
[INFO] --- beanshell-maven-plugin:1.4:run (compute-artifact-display-version) @ java-frontend ---
[INFO] Executing Script
[INFO] file class java.lang.Object
[INFO] script class java.lang.String
[INFO] evaluating script if (! "5.2.0-SNAPSHOT".endsWith("-SNAPSHOT")) { [+ 14 omitted line(s)]
[INFO] 
[INFO] --- maven-resources-plugin:3.0.2:resources (default-resources) @ java-frontend ---
[INFO] Using 'UTF-8' encoding to copy filtered resources.
[INFO] skip non existing resourceDirectory /home/travis/build/failed/SonarSource/sonar-java/java-frontend/src/main/resources
[INFO] 
[INFO] --- maven-compiler-plugin:3.7.0:compile (default-compile) @ java-frontend ---
[INFO] Nothing to compile - all classes are up to date
[INFO] 
[INFO] --- maven-dependency-plugin:3.0.2:unpack (unpack-test-projects) @ java-frontend ---
[INFO] Configured Artifact: commons-collections:commons-collections:sources:3.2.1:jar
[INFO] Configured Artifact: commons-collections:commons-collections:3.2.1:jar
[INFO] Configured Artifact: org.apache.struts:struts-core:sources:1.3.9:jar
[INFO] Configured Artifact: org.apache.struts:struts-core:1.3.9:jar
[INFO] commons-collections-3.2.1-sources.jar already unpacked.
[INFO] commons-collections-3.2.1.jar already unpacked.
[INFO] struts-core-1.3.9-sources.jar already unpacked.
[INFO] struts-core-1.3.9.jar already unpacked.
[INFO] 
[INFO] --- maven-resources-plugin:3.0.2:testResources (default-testResources) @ java-frontend ---
[INFO] Using 'UTF-8' encoding to copy filtered resources.
[INFO] Copying 17 resources
[INFO] 
[INFO] --- maven-compiler-plugin:3.7.0:testCompile (default-testCompile) @ java-frontend ---
[INFO] Nothing to compile - all classes are up to date
[INFO] 
[INFO] --- maven-dependency-plugin:3.0.2:copy (copy) @ java-frontend ---
[INFO] Configured Artifact: org.hibernate.javax.persistence:hibernate-jpa-2.0-api:1.0.1.Final:jar
[INFO] Configured Artifact: com.google.code.findbugs:jsr305:1.3.9:jar
[INFO] Configured Artifact: com.google.code.findbugs:annotations:3.0.0:jar
[INFO] Configured Artifact: org.jetbrains:annotations:13.0:jar
[INFO] Configured Artifact: org.projectlombok:lombok:1.16.4:jar
[INFO] Configured Artifact: org.eclipse.jdt:org.eclipse.jdt.annotation:2.1.100:jar
[INFO] Configured Artifact: javax:javaee-api:7.0:jar
[INFO] Configured Artifact: org.apache.commons:commons-lang3:3.5:jar
[INFO] Configured Artifact: commons-lang:commons-lang:2.6:jar
[INFO] Configured Artifact: com.google.guava:guava:10.0.1:jar
[INFO] Configured Artifact: commons-collections:commons-collections:3.2.1:jar
[INFO] Configured Artifact: org.apache.commons:commons-collections4:4.1:jar
[INFO] Configured Artifact: org.apache.logging.log4j:log4j-core:2.3:jar
[INFO] Configured Artifact: org.springframework:spring-core:4.3.8.RELEASE:jar
[INFO] Configured Artifact: org.junit.jupiter:junit-jupiter-api:5.0.0-M4:jar
[INFO] Configured Artifact: org.aspectj:aspectjtools:1.8.10:jar
[INFO] org.hibernate.javax.persistence:hibernate-jpa-2.0-api:1.0.1.Final:jar already exists in /home/travis/build/failed/SonarSource/sonar-java/java-frontend/target/test-jars
[INFO] com.google.code.findbugs:jsr305:1.3.9:jar already exists in /home/travis/build/failed/SonarSource/sonar-java/java-frontend/target/test-jars
[INFO] com.google.code.findbugs:annotations:3.0.0:jar already exists in /home/travis/build/failed/SonarSource/sonar-java/java-frontend/target/test-jars
[INFO] org.jetbrains:annotations:13.0:jar already exists in /home/travis/build/failed/SonarSource/sonar-java/java-frontend/target/test-jars
[INFO] org.projectlombok:lombok:1.16.4:jar already exists in /home/travis/build/failed/SonarSource/sonar-java/java-frontend/target/test-jars
[INFO] org.eclipse.jdt:org.eclipse.jdt.annotation:2.1.100:jar already exists in /home/travis/build/failed/SonarSource/sonar-java/java-frontend/target/test-jars
[INFO] javax:javaee-api:7.0:jar already exists in /home/travis/build/failed/SonarSource/sonar-java/java-frontend/target/test-jars
[INFO] org.apache.commons:commons-lang3:3.5:jar already exists in /home/travis/build/failed/SonarSource/sonar-java/java-frontend/target/test-jars
[INFO] commons-lang:commons-lang:2.6:jar already exists in /home/travis/build/failed/SonarSource/sonar-java/java-frontend/target/test-jars
[INFO] com.google.guava:guava:10.0.1:jar already exists in /home/travis/build/failed/SonarSource/sonar-java/java-frontend/target/test-jars
[INFO] commons-collections:commons-collections:3.2.1:jar already exists in /home/travis/build/failed/SonarSource/sonar-java/java-frontend/target/test-jars
[INFO] org.apache.commons:commons-collections4:4.1:jar already exists in /home/travis/build/failed/SonarSource/sonar-java/java-frontend/target/test-jars
[INFO] org.apache.logging.log4j:log4j-core:2.3:jar already exists in /home/travis/build/failed/SonarSource/sonar-java/java-frontend/target/test-jars
[INFO] org.springframework:spring-core:4.3.8.RELEASE:jar already exists in /home/travis/build/failed/SonarSource/sonar-java/java-frontend/target/test-jars
[INFO] org.junit.jupiter:junit-jupiter-api:5.0.0-M4:jar already exists in /home/travis/build/failed/SonarSource/sonar-java/java-frontend/target/test-jars
[INFO] org.aspectj:aspectjtools:1.8.10:jar already exists in /home/travis/build/failed/SonarSource/sonar-java/java-frontend/target/test-jars
[INFO] 
[INFO] --- maven-surefire-plugin:2.20.1:test (default-test) @ java-frontend ---
[INFO] Surefire report directory: /home/travis/build/failed/SonarSource/sonar-java/java-frontend/target/surefire-reports
[INFO] 
[INFO] -------------------------------------------------------
[INFO]  T E S T S
[INFO] -------------------------------------------------------
[INFO] Running org.sonar.java.ast.parser.grammar.literals.LiteralTest
[INFO] Tests run: 1, Failures: 0, Errors: 0, Skipped: 0, Time elapsed: 4.43 s - in org.sonar.java.ast.parser.grammar.literals.LiteralTest
[INFO] Running org.sonar.java.resolve.JavaTypeTest
[INFO] Tests run: 14, Failures: 0, Errors: 0, Skipped: 0, Time elapsed: 2.626 s - in org.sonar.java.resolve.JavaTypeTest
[INFO] Running org.sonar.java.ast.parser.grammar.moduledirectives.OpensDirectiveTest
[INFO] Tests run: 1, Failures: 0, Errors: 0, Skipped: 0, Time elapsed: 0.042 s - in org.sonar.java.ast.parser.grammar.moduledirectives.OpensDirectiveTest
[INFO] Running org.sonar.java.ast.parser.grammar.annotations.AnnotationTypeDeclarationTest
[INFO] Tests run: 1, Failures: 0, Errors: 0, Skipped: 0, Time elapsed: 0.003 s - in org.sonar.java.ast.parser.grammar.annotations.AnnotationTypeDeclarationTest
[INFO] Running org.sonar.java.ast.parser.JavaParserTest
[INFO] Tests run: 2, Failures: 0, Errors: 0, Skipped: 0, Time elapsed: 0 s - in org.sonar.java.ast.parser.JavaParserTest
[INFO] Running org.sonar.java.resolve.TypeSubstitutionTest
[INFO] Tests run: 10, Failures: 0, Errors: 0, Skipped: 0, Time elapsed: 0.001 s - in org.sonar.java.resolve.TypeSubstitutionTest
[INFO] Running org.sonar.java.model.LiteralUtilsTest
[INFO] Tests run: 4, Failures: 0, Errors: 0, Skipped: 0, Time elapsed: 0.118 s - in org.sonar.java.model.LiteralUtilsTest
[INFO] Running org.sonar.java.xml.maven.PomCheckContextImplTest
[INFO] Tests run: 6, Failures: 0, Errors: 0, Skipped: 0, Time elapsed: 1.374 s - in org.sonar.java.xml.maven.PomCheckContextImplTest
[INFO] Running org.sonar.java.CommonsCollectionsTest
[INFO] Tests run: 1, Failures: 0, Errors: 0, Skipped: 0, Time elapsed: 29.526 s - in org.sonar.java.CommonsCollectionsTest
[INFO] Running org.sonar.java.model.declaration.UsesDirectiveTreeImplTest
[INFO] Tests run: 2, Failures: 0, Errors: 0, Skipped: 0, Time elapsed: 0.282 s - in org.sonar.java.model.declaration.UsesDirectiveTreeImplTest
[INFO] Running org.sonar.java.resolve.SymbolTableTest
[INFO] Tests run: 70, Failures: 0, Errors: 0, Skipped: 0, Time elapsed: 3.962 s - in org.sonar.java.resolve.SymbolTableTest
[INFO] Running org.sonar.java.ast.parser.grammar.statements.SynchronizedStatementTest
[INFO] Tests run: 1, Failures: 0, Errors: 0, Skipped: 0, Time elapsed: 0 s - in org.sonar.java.ast.parser.grammar.statements.SynchronizedStatementTest
[INFO] Running org.sonar.java.ast.parser.grammar.statements.FinallyTest
[INFO] Tests run: 1, Failures: 0, Errors: 0, Skipped: 0, Time elapsed: 0 s - in org.sonar.java.ast.parser.grammar.statements.FinallyTest
[INFO] Running org.sonar.java.ast.parser.grammar.literals.RestrictedKeywordTest
[INFO] Tests run: 1, Failures: 0, Errors: 0, Skipped: 0, Time elapsed: 0 s - in org.sonar.java.ast.parser.grammar.literals.RestrictedKeywordTest
[INFO] Running org.sonar.java.collections.AVLTreeTest
[INFO] Tests run: 9, Failures: 0, Errors: 0, Skipped: 0, Time elapsed: 0.096 s - in org.sonar.java.collections.AVLTreeTest
[INFO] Running org.sonar.java.se.LearnedAssociationTest
[INFO] Tests run: 1, Failures: 0, Errors: 0, Skipped: 0, Time elapsed: 0.132 s - in org.sonar.java.se.LearnedAssociationTest
[INFO] Running org.sonar.java.xml.XmlCheckUtilsTest
[INFO] Tests run: 5, Failures: 0, Errors: 0, Skipped: 0, Time elapsed: 0.205 s - in org.sonar.java.xml.XmlCheckUtilsTest
[INFO] Running org.sonar.java.resolve.GenericsTest
[INFO] Tests run: 27, Failures: 0, Errors: 0, Skipped: 0, Time elapsed: 1.119 s - in org.sonar.java.resolve.GenericsTest
[INFO] Running org.sonar.java.model.PackageUtilsTest
[INFO] Tests run: 4, Failures: 0, Errors: 0, Skipped: 0, Time elapsed: 0 s - in org.sonar.java.model.PackageUtilsTest
[INFO] Running org.sonar.java.se.checks.LocksNotUnlockedCheckTest
[INFO] Tests run: 3, Failures: 0, Errors: 0, Skipped: 0, Time elapsed: 9.83 s - in org.sonar.java.se.checks.LocksNotUnlockedCheckTest
[INFO] Running org.sonar.java.bytecode.loader.FileSystemLoaderTest
[INFO] Tests run: 4, Failures: 0, Errors: 0, Skipped: 0, Time elapsed: 0.135 s - in org.sonar.java.bytecode.loader.FileSystemLoaderTest
[INFO] Running org.sonar.java.ast.parser.grammar.statements.WhileStatementTest
[INFO] Tests run: 1, Failures: 0, Errors: 0, Skipped: 0, Time elapsed: 0.001 s - in org.sonar.java.ast.parser.grammar.statements.WhileStatementTest
[INFO] Running org.sonar.java.ast.parser.grammar.types.ModifiersTest
[INFO] Tests run: 1, Failures: 0, Errors: 0, Skipped: 0, Time elapsed: 0.001 s - in org.sonar.java.ast.parser.grammar.types.ModifiersTest
[INFO] Running org.sonar.java.bytecode.cfg.InstructionsTest
[INFO] Tests run: 1, Failures: 0, Errors: 0, Skipped: 0, Time elapsed: 0.015 s - in org.sonar.java.bytecode.cfg.InstructionsTest
[INFO] Running org.sonar.java.ast.parser.grammar.literals.CharacterLiteralTest
[INFO] Tests run: 1, Failures: 0, Errors: 0, Skipped: 0, Time elapsed: 0.001 s - in org.sonar.java.ast.parser.grammar.literals.CharacterLiteralTest
[INFO] Running org.sonar.java.bytecode.se.BytecodeSECheckTest
[INFO] Tests run: 6, Failures: 0, Errors: 0, Skipped: 0, Time elapsed: 0.431 s - in org.sonar.java.bytecode.se.BytecodeSECheckTest
[INFO] Running org.sonar.java.ast.parser.grammar.statements.CatchClauseTest
[INFO] Tests run: 1, Failures: 0, Errors: 0, Skipped: 0, Time elapsed: 0.001 s - in org.sonar.java.ast.parser.grammar.statements.CatchClauseTest
[INFO] Running org.sonar.java.se.checks.DivisionByZeroCheckTest
[INFO] Tests run: 3, Failures: 0, Errors: 0, Skipped: 0, Time elapsed: 0.515 s - in org.sonar.java.se.checks.DivisionByZeroCheckTest
[INFO] Running org.sonar.java.resolve.ScopeTest
[INFO] Tests run: 5, Failures: 0, Errors: 0, Skipped: 0, Time elapsed: 0.043 s - in org.sonar.java.resolve.ScopeTest
[INFO] Running org.sonar.java.se.constraint.ConstraintsByDomainTest
[INFO] Tests run: 9, Failures: 0, Errors: 0, Skipped: 0, Time elapsed: 0.107 s - in org.sonar.java.se.constraint.ConstraintsByDomainTest
[INFO] Running org.sonar.java.ast.parser.grammar.statements.LabeledStatementTest
[INFO] Tests run: 1, Failures: 0, Errors: 0, Skipped: 0, Time elapsed: 0.001 s - in org.sonar.java.ast.parser.grammar.statements.LabeledStatementTest
[INFO] Running org.sonar.java.ast.parser.grammar.parameters.FormalParametersTest
[INFO] Tests run: 1, Failures: 0, Errors: 0, Skipped: 0, Time elapsed: 0.001 s - in org.sonar.java.ast.parser.grammar.parameters.FormalParametersTest
[INFO] Running org.sonar.java.ast.parser.grammar.statements.BlockTest
[INFO] Tests run: 1, Failures: 0, Errors: 0, Skipped: 0, Time elapsed: 0.001 s - in org.sonar.java.ast.parser.grammar.statements.BlockTest
[INFO] Running org.sonar.java.ast.parser.grammar.statements.AssertStatementTest
[INFO] Tests run: 1, Failures: 0, Errors: 0, Skipped: 0, Time elapsed: 0.002 s - in org.sonar.java.ast.parser.grammar.statements.AssertStatementTest
[INFO] Running org.sonar.java.ast.parser.grammar.CornerCasesTest
[INFO] Tests run: 1, Failures: 0, Errors: 0, Skipped: 0, Time elapsed: 0.044 s - in org.sonar.java.ast.parser.grammar.CornerCasesTest
[INFO] Running org.sonar.java.se.symbolicvalues.SymbolicValueTest
[INFO] Tests run: 6, Failures: 0, Errors: 0, Skipped: 0, Time elapsed: 0 s - in org.sonar.java.se.symbolicvalues.SymbolicValueTest
[INFO] Running org.sonar.java.resolve.TypeInferenceSolverTest
[INFO] Tests run: 5, Failures: 0, Errors: 0, Skipped: 0, Time elapsed: 0.074 s - in org.sonar.java.resolve.TypeInferenceSolverTest
[INFO] Running org.sonar.java.ast.parser.grammar.classes.MemberDeclTest
[INFO] Tests run: 1, Failures: 0, Errors: 0, Skipped: 0, Time elapsed: 0.001 s - in org.sonar.java.ast.parser.grammar.classes.MemberDeclTest
[INFO] Running org.sonar.java.model.SyntacticEquivalenceTest
[INFO] Tests run: 5, Failures: 0, Errors: 0, Skipped: 0, Time elapsed: 0.118 s - in org.sonar.java.model.SyntacticEquivalenceTest
[INFO] Running org.sonar.java.model.KindMapsTest
[INFO] Tests run: 6, Failures: 0, Errors: 0, Skipped: 0, Time elapsed: 0 s - in org.sonar.java.model.KindMapsTest
[INFO] Running org.sonar.java.ast.parser.grammar.types.TypeArgumentsTest
[INFO] Tests run: 1, Failures: 0, Errors: 0, Skipped: 0, Time elapsed: 0 s - in org.sonar.java.ast.parser.grammar.types.TypeArgumentsTest
[INFO] Running org.sonar.java.xml.XmlAnalyzerTest
11:40:31.617 WARN  org.sonar.java.xml.XmlAnalyzer - No 'xml' file have been indexed.
11:40:34.695 ERROR org.sonar.java.xml.XmlParser - Unable to parse xml file: src/test/files/xml/maven/parse-issue/pom.xml
[INFO] Tests run: 11, Failures: 0, Errors: 0, Skipped: 0, Time elapsed: 3.411 s - in org.sonar.java.xml.XmlAnalyzerTest
[INFO] Running org.sonar.java.cfg.VariableReadExtractorTest
[INFO] Tests run: 5, Failures: 0, Errors: 0, Skipped: 0, Time elapsed: 0.031 s - in org.sonar.java.cfg.VariableReadExtractorTest
[INFO] Running org.sonar.java.matcher.MethodMatcherFactoryTest
[INFO] Tests run: 4, Failures: 0, Errors: 0, Skipped: 0, Time elapsed: 0.164 s - in org.sonar.java.matcher.MethodMatcherFactoryTest
[INFO] Running org.sonar.java.se.checks.RedundantAssignmentsCheckTest
[INFO] Tests run: 1, Failures: 0, Errors: 0, Skipped: 0, Time elapsed: 0.196 s - in org.sonar.java.se.checks.RedundantAssignmentsCheckTest
[INFO] Running org.sonar.java.ast.parser.grammar.statements.IfStatementTest
[INFO] Tests run: 1, Failures: 0, Errors: 0, Skipped: 0, Time elapsed: 0.001 s - in org.sonar.java.ast.parser.grammar.statements.IfStatementTest
[INFO] Running org.sonar.java.se.checks.SyntaxTreeNameFinderTest
[INFO] Tests run: 8, Failures: 0, Errors: 0, Skipped: 0, Time elapsed: 0.005 s - in org.sonar.java.se.checks.SyntaxTreeNameFinderTest
[INFO] Running org.sonar.java.se.checks.StreamNotConsumedCheckTest
[INFO] Tests run: 1, Failures: 0, Errors: 0, Skipped: 0, Time elapsed: 0.208 s - in org.sonar.java.se.checks.StreamNotConsumedCheckTest
[INFO] Running org.sonar.java.ast.parser.grammar.statements.ResourceTest
[INFO] Tests run: 2, Failures: 0, Errors: 0, Skipped: 0, Time elapsed: 0.004 s - in org.sonar.java.ast.parser.grammar.statements.ResourceTest
[INFO] Running org.sonar.java.ast.parser.grammar.statements.BlockStatementsTest
[INFO] Tests run: 1, Failures: 0, Errors: 0, Skipped: 0, Time elapsed: 0.002 s - in org.sonar.java.ast.parser.grammar.statements.BlockStatementsTest
[INFO] Running org.sonar.java.JavaSquidTest
11:40:35.607 ERROR org.sonar.java.ast.JavaAstScanner - Unable to parse source file : /tmp/junit2225567671931780828/junit4378561632184015774.tmp
11:40:35.607 ERROR org.sonar.java.ast.JavaAstScanner - Parse error at line 6 column 1:

1: /***/
2: class A {
3:  String foo() {
4:   return foo();
5:  }
6: 
   ^

11:40:35.620 ERROR org.sonar.java.model.VisitorsBridge - Unable to create symbol table for : /tmp/junit8250450409713467817/junit2152395019306990003.tmp
java.lang.IllegalStateException: Registering class 2 times : A
	at com.google.common.base.Preconditions.checkState(Preconditions.java:199) ~[guava-19.0.jar:na]
	at org.sonar.java.resolve.BytecodeCompleter.registerClass(BytecodeCompleter.java:60) ~[classes/:na]
	at org.sonar.java.resolve.Resolve.registerClass(Resolve.java:85) ~[classes/:na]
	at org.sonar.java.resolve.FirstPass.visitClass(FirstPass.java:236) ~[classes/:na]
	at org.sonar.java.model.declaration.ClassTreeImpl.accept(ClassTreeImpl.java:202) ~[classes/:na]
	at org.sonar.plugins.java.api.tree.BaseTreeVisitor.scan(BaseTreeVisitor.java:43) ~[classes/:na]
	at org.sonar.plugins.java.api.tree.BaseTreeVisitor.scan(BaseTreeVisitor.java:37) ~[classes/:na]
	at org.sonar.java.resolve.FirstPass.visitCompilationUnit(FirstPass.java:128) ~[classes/:na]
	at org.sonar.java.resolve.SemanticModel.createFor(SemanticModel.java:64) ~[classes/:na]
	at org.sonar.java.model.VisitorsBridge.visitFile(VisitorsBridge.java:110) ~[classes/:na]
	at org.sonar.java.ast.JavaAstScanner.simpleScan(JavaAstScanner.java:96) [classes/:na]
	at org.sonar.java.ast.JavaAstScanner.scan(JavaAstScanner.java:68) [classes/:na]
	at org.sonar.java.JavaSquid.scanSources(JavaSquid.java:120) [classes/:na]
	at org.sonar.java.JavaSquid.scan(JavaSquid.java:114) [classes/:na]
	at org.sonar.java.JavaSquidTest.collectAnalysisErrors(JavaSquidTest.java:152) [test-classes/:na]
	at org.sonar.java.JavaSquidTest.verify_analysis_errors_are_collected_on_semantic_error(JavaSquidTest.java:117) [test-classes/:na]
	at sun.reflect.NativeMethodAccessorImpl.invoke0(Native Method) ~[na:1.8.0_151]
	at sun.reflect.NativeMethodAccessorImpl.invoke(NativeMethodAccessorImpl.java:62) ~[na:1.8.0_151]
	at sun.reflect.DelegatingMethodAccessorImpl.invoke(DelegatingMethodAccessorImpl.java:43) ~[na:1.8.0_151]
	at java.lang.reflect.Method.invoke(Method.java:498) ~[na:1.8.0_151]
	at org.junit.runners.model.FrameworkMethod$1.runReflectiveCall(FrameworkMethod.java:50) [junit-4.12.jar:4.12]
	at org.junit.internal.runners.model.ReflectiveCallable.run(ReflectiveCallable.java:12) [junit-4.12.jar:4.12]
	at org.junit.runners.model.FrameworkMethod.invokeExplosively(FrameworkMethod.java:47) [junit-4.12.jar:4.12]
	at org.junit.internal.runners.statements.InvokeMethod.evaluate(InvokeMethod.java:17) [junit-4.12.jar:4.12]
	at org.junit.rules.ExternalResource$1.evaluate(ExternalResource.java:48) [junit-4.12.jar:4.12]
	at org.junit.rules.RunRules.evaluate(RunRules.java:20) [junit-4.12.jar:4.12]
	at org.junit.runners.ParentRunner.runLeaf(ParentRunner.java:325) [junit-4.12.jar:4.12]
	at org.junit.runners.BlockJUnit4ClassRunner.runChild(BlockJUnit4ClassRunner.java:78) [junit-4.12.jar:4.12]
	at org.junit.runners.BlockJUnit4ClassRunner.runChild(BlockJUnit4ClassRunner.java:57) [junit-4.12.jar:4.12]
	at org.junit.runners.ParentRunner$3.run(ParentRunner.java:290) [junit-4.12.jar:4.12]
	at org.junit.runners.ParentRunner$1.schedule(ParentRunner.java:71) [junit-4.12.jar:4.12]
	at org.junit.runners.ParentRunner.runChildren(ParentRunner.java:288) [junit-4.12.jar:4.12]
	at org.junit.runners.ParentRunner.access$000(ParentRunner.java:58) [junit-4.12.jar:4.12]
	at org.junit.runners.ParentRunner$2.evaluate(ParentRunner.java:268) [junit-4.12.jar:4.12]
	at org.junit.runners.ParentRunner.run(ParentRunner.java:363) [junit-4.12.jar:4.12]
	at org.apache.maven.surefire.junit4.JUnit4Provider.execute(JUnit4Provider.java:369) [surefire-junit4-2.20.1.jar:2.20.1]
	at org.apache.maven.surefire.junit4.JUnit4Provider.executeWithRerun(JUnit4Provider.java:275) [surefire-junit4-2.20.1.jar:2.20.1]
	at org.apache.maven.surefire.junit4.JUnit4Provider.executeTestSet(JUnit4Provider.java:239) [surefire-junit4-2.20.1.jar:2.20.1]
	at org.apache.maven.surefire.junit4.JUnit4Provider.invoke(JUnit4Provider.java:160) [surefire-junit4-2.20.1.jar:2.20.1]
	at org.apache.maven.surefire.booter.ForkedBooter.invokeProviderInSameClassLoader(ForkedBooter.java:373) [surefire-booter-2.20.1.jar:2.20.1]
	at org.apache.maven.surefire.booter.ForkedBooter.runSuitesInProcess(ForkedBooter.java:334) [surefire-booter-2.20.1.jar:2.20.1]
	at org.apache.maven.surefire.booter.ForkedBooter.execute(ForkedBooter.java:119) [surefire-booter-2.20.1.jar:2.20.1]
	at org.apache.maven.surefire.booter.ForkedBooter.main(ForkedBooter.java:407) [surefire-booter-2.20.1.jar:2.20.1]
[INFO] Tests run: 3, Failures: 0, Errors: 0, Skipped: 0, Time elapsed: 0.301 s - in org.sonar.java.JavaSquidTest
[INFO] Running org.sonar.java.se.checks.UnclosedResourcesCheckTest
11:40:37.095 ERROR org.sonar.java.model.VisitorsBridge - Unable to run check class org.sonar.java.se.SymbolicExecutionVisitor -  on file src/test/java/org/sonar/java/resolve/targets/TestSupertypeResolution.java, To help improve SonarJava, please report this problem to SonarSource : see https://www.sonarqube.org/community/
java.lang.IllegalStateException: null
	at org.sonar.java.resolve.BytecodeVisitor.visitOuterClass(BytecodeVisitor.java:128) ~[classes/:na]
	at org.objectweb.asm.ClassReader.accept(ClassReader.java:638) ~[asm-6.0.jar:6.0]
	at org.objectweb.asm.ClassReader.accept(ClassReader.java:500) ~[asm-6.0.jar:6.0]
	at org.sonar.java.resolve.BytecodeCompleter.complete(BytecodeCompleter.java:80) ~[classes/:na]
	at org.sonar.java.resolve.JavaSymbol.complete(JavaSymbol.java:109) ~[classes/:na]
	at org.sonar.java.resolve.JavaSymbol$TypeJavaSymbol.getSuperclass(JavaSymbol.java:360) ~[classes/:na]
	at org.sonar.java.resolve.JavaSymbol$TypeJavaSymbol.superClass(JavaSymbol.java:454) ~[classes/:na]
	at org.sonar.java.resolve.JavaSymbol$TypeJavaSymbol.superTypes(JavaSymbol.java:421) ~[classes/:na]
	at org.sonar.java.resolve.ClassJavaType.superTypeContains(ClassJavaType.java:85) ~[classes/:na]
	at org.sonar.java.resolve.ClassJavaType.isSubtypeOf(ClassJavaType.java:57) ~[classes/:na]
	at org.sonar.java.se.ProgramState.exitingOnRuntimeException(ProgramState.java:537) ~[classes/:na]
	at org.sonar.java.se.checks.UnclosedResourcesCheck.checkEndOfExecutionPath(UnclosedResourcesCheck.java:150) ~[classes/:na]
	at org.sonar.java.se.CheckerDispatcher.executeCheckEndOfExecutionPath(CheckerDispatcher.java:141) ~[classes/:na]
	at org.sonar.java.se.ExplodedGraphWalker.lambda$handleEndOfExecutionPath$0(ExplodedGraphWalker.java:318) ~[classes/:na]
	at java.lang.Iterable.forEach(Iterable.java:75) ~[na:1.8.0_151]
	at org.sonar.java.se.ExplodedGraphWalker.handleEndOfExecutionPath(ExplodedGraphWalker.java:316) ~[classes/:na]
	at org.sonar.java.se.ExplodedGraphWalker.execute(ExplodedGraphWalker.java:270) ~[classes/:na]
	at org.sonar.java.se.ExplodedGraphWalker.visitMethod(ExplodedGraphWalker.java:210) ~[classes/:na]
	at org.sonar.java.se.ExplodedGraphWalker.visitMethod(ExplodedGraphWalker.java:202) ~[classes/:na]
	at org.sonar.java.se.SymbolicExecutionVisitor.execute(SymbolicExecutionVisitor.java:78) ~[classes/:na]
	at org.sonar.java.se.SymbolicExecutionVisitor.visitNode(SymbolicExecutionVisitor.java:64) ~[classes/:na]
	at org.sonar.java.ast.visitors.SubscriptionVisitor.visit(SubscriptionVisitor.java:95) ~[classes/:na]
	at org.sonar.java.ast.visitors.SubscriptionVisitor.visitChildren(SubscriptionVisitor.java:120) ~[classes/:na]
	at org.sonar.java.ast.visitors.SubscriptionVisitor.visit(SubscriptionVisitor.java:97) ~[classes/:na]
	at org.sonar.java.ast.visitors.SubscriptionVisitor.visitChildren(SubscriptionVisitor.java:120) ~[classes/:na]
	at org.sonar.java.ast.visitors.SubscriptionVisitor.visit(SubscriptionVisitor.java:97) ~[classes/:na]
	at org.sonar.java.ast.visitors.SubscriptionVisitor.scanTree(SubscriptionVisitor.java:78) ~[classes/:na]
	at org.sonar.java.ast.visitors.SubscriptionVisitor.scanFile(SubscriptionVisitor.java:64) ~[classes/:na]
	at org.sonar.java.se.SymbolicExecutionVisitor.scanFile(SymbolicExecutionVisitor.java:54) ~[classes/:na]
	at org.sonar.java.model.VisitorsBridge.runScanner(VisitorsBridge.java:135) [classes/:na]
	at org.sonar.java.model.VisitorsBridge.visitFile(VisitorsBridge.java:124) [classes/:na]
	at org.sonar.java.ast.JavaAstScanner.simpleScan(JavaAstScanner.java:96) [classes/:na]
	at org.sonar.java.ast.JavaAstScanner.scan(JavaAstScanner.java:68) [classes/:na]
	at org.sonar.java.ast.JavaAstScanner.scanSingleFileForTests(JavaAstScanner.java:156) [classes/:na]
	at org.sonar.java.ast.JavaAstScanner.scanSingleFileForTests(JavaAstScanner.java:145) [classes/:na]
	at org.sonar.java.se.JavaCheckVerifier.scanFile(JavaCheckVerifier.java:190) [test-classes/:na]
	at org.sonar.java.se.JavaCheckVerifier.scanFile(JavaCheckVerifier.java:183) [test-classes/:na]
	at org.sonar.java.se.JavaCheckVerifier.verify(JavaCheckVerifier.java:123) [test-classes/:na]
	at org.sonar.java.se.checks.UnclosedResourcesCheckTest.test_supertype_resolution(UnclosedResourcesCheckTest.java:37) [test-classes/:na]
	at sun.reflect.NativeMethodAccessorImpl.invoke0(Native Method) ~[na:1.8.0_151]
	at sun.reflect.NativeMethodAccessorImpl.invoke(NativeMethodAccessorImpl.java:62) ~[na:1.8.0_151]
	at sun.reflect.DelegatingMethodAccessorImpl.invoke(DelegatingMethodAccessorImpl.java:43) ~[na:1.8.0_151]
	at java.lang.reflect.Method.invoke(Method.java:498) ~[na:1.8.0_151]
	at org.junit.runners.model.FrameworkMethod$1.runReflectiveCall(FrameworkMethod.java:50) [junit-4.12.jar:4.12]
	at org.junit.internal.runners.model.ReflectiveCallable.run(ReflectiveCallable.java:12) [junit-4.12.jar:4.12]
	at org.junit.runners.model.FrameworkMethod.invokeExplosively(FrameworkMethod.java:47) [junit-4.12.jar:4.12]
	at org.junit.internal.runners.statements.InvokeMethod.evaluate(InvokeMethod.java:17) [junit-4.12.jar:4.12]
	at org.junit.runners.ParentRunner.runLeaf(ParentRunner.java:325) [junit-4.12.jar:4.12]
	at org.junit.runners.BlockJUnit4ClassRunner.runChild(BlockJUnit4ClassRunner.java:78) [junit-4.12.jar:4.12]
	at org.junit.runners.BlockJUnit4ClassRunner.runChild(BlockJUnit4ClassRunner.java:57) [junit-4.12.jar:4.12]
	at org.junit.runners.ParentRunner$3.run(ParentRunner.java:290) [junit-4.12.jar:4.12]
	at org.junit.runners.ParentRunner$1.schedule(ParentRunner.java:71) [junit-4.12.jar:4.12]
	at org.junit.runners.ParentRunner.runChildren(ParentRunner.java:288) [junit-4.12.jar:4.12]
	at org.junit.runners.ParentRunner.access$000(ParentRunner.java:58) [junit-4.12.jar:4.12]
	at org.junit.runners.ParentRunner$2.evaluate(ParentRunner.java:268) [junit-4.12.jar:4.12]
	at org.junit.runners.ParentRunner.run(ParentRunner.java:363) [junit-4.12.jar:4.12]
	at org.apache.maven.surefire.junit4.JUnit4Provider.execute(JUnit4Provider.java:369) [surefire-junit4-2.20.1.jar:2.20.1]
	at org.apache.maven.surefire.junit4.JUnit4Provider.executeWithRerun(JUnit4Provider.java:275) [surefire-junit4-2.20.1.jar:2.20.1]
	at org.apache.maven.surefire.junit4.JUnit4Provider.executeTestSet(JUnit4Provider.java:239) [surefire-junit4-2.20.1.jar:2.20.1]
	at org.apache.maven.surefire.junit4.JUnit4Provider.invoke(JUnit4Provider.java:160) [surefire-junit4-2.20.1.jar:2.20.1]
	at org.apache.maven.surefire.booter.ForkedBooter.invokeProviderInSameClassLoader(ForkedBooter.java:373) [surefire-booter-2.20.1.jar:2.20.1]
	at org.apache.maven.surefire.booter.ForkedBooter.runSuitesInProcess(ForkedBooter.java:334) [surefire-booter-2.20.1.jar:2.20.1]
	at org.apache.maven.surefire.booter.ForkedBooter.execute(ForkedBooter.java:119) [surefire-booter-2.20.1.jar:2.20.1]
	at org.apache.maven.surefire.booter.ForkedBooter.main(ForkedBooter.java:407) [surefire-booter-2.20.1.jar:2.20.1]
[ERROR] Tests run: 10, Failures: 1, Errors: 0, Skipped: 0, Time elapsed: 1.644 s <<< FAILURE! - in org.sonar.java.se.checks.UnclosedResourcesCheckTest
[ERROR] test_supertype_resolution(org.sonar.java.se.checks.UnclosedResourcesCheckTest)  Time elapsed: 0.136 s  <<< FAILURE!
java.lang.AssertionError: At least one issue expected
	at org.sonar.java.se.checks.UnclosedResourcesCheckTest.test_supertype_resolution(UnclosedResourcesCheckTest.java:37)

[INFO] Running org.sonar.java.model.ExpressionUtilsTest
[INFO] Tests run: 4, Failures: 0, Errors: 0, Skipped: 0, Time elapsed: 0.076 s - in org.sonar.java.model.ExpressionUtilsTest
[INFO] Running org.sonar.java.bytecode.loader.AarLoaderTest
[INFO] Tests run: 6, Failures: 0, Errors: 0, Skipped: 0, Time elapsed: 0.429 s - in org.sonar.java.bytecode.loader.AarLoaderTest
[INFO] Running org.sonar.java.se.constraint.ConstraintManagerTest
[INFO] Tests run: 17, Failures: 0, Errors: 0, Skipped: 0, Time elapsed: 0.151 s - in org.sonar.java.se.constraint.ConstraintManagerTest
[INFO] Running org.sonar.java.model.expression.MethodInvocationTreeImplTest
[INFO] Tests run: 3, Failures: 0, Errors: 0, Skipped: 0, Time elapsed: 0 s - in org.sonar.java.model.expression.MethodInvocationTreeImplTest
[INFO] Running org.sonar.java.model.declaration.ExportsDirectiveTreeImplTest
[INFO] Tests run: 3, Failures: 0, Errors: 0, Skipped: 0, Time elapsed: 0.058 s - in org.sonar.java.model.declaration.ExportsDirectiveTreeImplTest
[INFO] Running org.sonar.java.model.declaration.ClassTreeImplTest
[INFO] Tests run: 2, Failures: 0, Errors: 0, Skipped: 0, Time elapsed: 0.014 s - in org.sonar.java.model.declaration.ClassTreeImplTest
[INFO] Running org.sonar.java.matcher.NameCriteriaTest
[INFO] Tests run: 3, Failures: 0, Errors: 0, Skipped: 0, Time elapsed: 0.001 s - in org.sonar.java.matcher.NameCriteriaTest
[INFO] Running org.sonar.java.ast.parser.grammar.types.BoundTest
[INFO] Tests run: 1, Failures: 0, Errors: 0, Skipped: 0, Time elapsed: 0.001 s - in org.sonar.java.ast.parser.grammar.types.BoundTest
[INFO] Running org.sonar.java.se.checks.NullDereferenceCheckTest
[INFO] Tests run: 9, Failures: 0, Errors: 0, Skipped: 0, Time elapsed: 1.156 s - in org.sonar.java.se.checks.NullDereferenceCheckTest
[INFO] Running org.sonar.java.resolve.TypeSubstitutionSolverTest
[INFO] Tests run: 19, Failures: 0, Errors: 0, Skipped: 0, Time elapsed: 0.588 s - in org.sonar.java.resolve.TypeSubstitutionSolverTest
[INFO] Running org.sonar.java.ast.visitors.FileLinesVisitorTest
[INFO] Tests run: 4, Failures: 0, Errors: 0, Skipped: 0, Time elapsed: 1.121 s - in org.sonar.java.ast.visitors.FileLinesVisitorTest
[INFO] Running org.sonar.java.se.FlowTest
[INFO] Tests run: 2, Failures: 0, Errors: 0, Skipped: 0, Time elapsed: 0.015 s - in org.sonar.java.se.FlowTest
[INFO] Running org.sonar.java.cfg.CFGLoopTest
[INFO] Tests run: 14, Failures: 0, Errors: 0, Skipped: 0, Time elapsed: 0.18 s - in org.sonar.java.cfg.CFGLoopTest
[INFO] Running org.sonar.java.model.JavaTreeModelTest
[INFO] Tests run: 77, Failures: 0, Errors: 0, Skipped: 0, Time elapsed: 0.168 s - in org.sonar.java.model.JavaTreeModelTest
[INFO] Running org.sonar.java.se.BehaviorCacheTest
[INFO] Tests run: 16, Failures: 0, Errors: 0, Skipped: 0, Time elapsed: 3.404 s - in org.sonar.java.se.BehaviorCacheTest
[INFO] Running org.sonar.java.ast.parser.grammar.statements.ContinueStatementTest
[INFO] Tests run: 1, Failures: 0, Errors: 0, Skipped: 0, Time elapsed: 0.001 s - in org.sonar.java.ast.parser.grammar.statements.ContinueStatementTest
[INFO] Running org.sonar.java.ast.visitors.SyntaxHighlighterVisitorTest
11:40:44.988 INFO  org.sonar.java.JavaSquid - Java Main Files AST scan
11:40:44.989 INFO  org.sonar.squidbridge.ProgressReport - 1 source files to be analyzed
11:40:45.001 INFO  org.sonar.java.JavaSquid - Java Main Files AST scan (done) | time=13ms
11:40:45.001 INFO  org.sonar.java.JavaSquid - Java Test Files AST scan
11:40:45.001 INFO  org.sonar.squidbridge.ProgressReport - 1/1 source files have been analyzed
11:40:45.002 INFO  org.sonar.squidbridge.ProgressReport - 0 source files to be analyzed
11:40:45.002 INFO  org.sonar.java.JavaSquid - Java Test Files AST scan (done) | time=1ms
11:40:45.002 INFO  org.sonar.squidbridge.ProgressReport - 0/0 source files have been analyzed
11:40:45.006 INFO  org.sonar.java.JavaSquid - Java Main Files AST scan
11:40:45.006 INFO  org.sonar.squidbridge.ProgressReport - 1 source files to be analyzed
11:40:45.011 INFO  org.sonar.java.JavaSquid - Java Main Files AST scan (done) | time=5ms
11:40:45.012 INFO  org.sonar.java.JavaSquid - Java Test Files AST scan
11:40:45.012 INFO  org.sonar.squidbridge.ProgressReport - 1/1 source files have been analyzed
11:40:45.012 INFO  org.sonar.squidbridge.ProgressReport - 0 source files to be analyzed
11:40:45.012 INFO  org.sonar.java.JavaSquid - Java Test Files AST scan (done) | time=0ms
11:40:45.012 INFO  org.sonar.squidbridge.ProgressReport - 0/0 source files have been analyzed
11:40:45.054 INFO  org.sonar.java.JavaSquid - Java Main Files AST scan
11:40:45.054 INFO  org.sonar.squidbridge.ProgressReport - 1 source files to be analyzed
11:40:45.055 ERROR org.sonar.java.ast.JavaAstScanner - Unable to parse source file : /tmp/junit8741854205595613716/junit5152620177634327773.tmp
11:40:45.055 ERROR org.sonar.java.ast.JavaAstScanner - Parse error at line 1 column 1:

1: ParseError
   ^

11:40:45.143 INFO  org.sonar.java.JavaSquid - Java Main Files AST scan (done) | time=89ms
11:40:45.143 INFO  org.sonar.java.JavaSquid - Java Test Files AST scan
11:40:45.143 INFO  org.sonar.squidbridge.ProgressReport - 1/1 source files have been analyzed
11:40:45.143 INFO  org.sonar.squidbridge.ProgressReport - 0 source files to be analyzed
11:40:45.144 INFO  org.sonar.java.JavaSquid - Java Test Files AST scan (done) | time=1ms
11:40:45.144 INFO  org.sonar.squidbridge.ProgressReport - 0/0 source files have been analyzed
11:40:45.202 INFO  org.sonar.java.JavaSquid - Java Main Files AST scan
11:40:45.202 INFO  org.sonar.squidbridge.ProgressReport - 1 source files to be analyzed
11:40:45.210 INFO  org.sonar.java.JavaSquid - Java Main Files AST scan (done) | time=8ms
11:40:45.210 INFO  org.sonar.squidbridge.ProgressReport - 1/1 source files have been analyzed
11:40:45.210 INFO  org.sonar.java.JavaSquid - Java Test Files AST scan
11:40:45.210 INFO  org.sonar.squidbridge.ProgressReport - 0 source files to be analyzed
11:40:45.211 INFO  org.sonar.java.JavaSquid - Java Test Files AST scan (done) | time=1ms
11:40:45.211 INFO  org.sonar.squidbridge.ProgressReport - 0/0 source files have been analyzed
11:40:45.296 INFO  org.sonar.java.JavaSquid - Java Main Files AST scan
11:40:45.297 INFO  org.sonar.squidbridge.ProgressReport - 1 source files to be analyzed
11:40:45.379 INFO  org.sonar.java.JavaSquid - Java Main Files AST scan (done) | time=83ms
11:40:45.379 INFO  org.sonar.squidbridge.ProgressReport - 1/1 source files have been analyzed
11:40:45.379 INFO  org.sonar.java.JavaSquid - Java Test Files AST scan
11:40:45.379 INFO  org.sonar.squidbridge.ProgressReport - 0 source files to be analyzed
11:40:45.379 INFO  org.sonar.java.JavaSquid - Java Test Files AST scan (done) | time=0ms
11:40:45.379 INFO  org.sonar.squidbridge.ProgressReport - 0/0 source files have been analyzed
11:40:45.384 INFO  org.sonar.java.JavaSquid - Java Main Files AST scan
11:40:45.384 INFO  org.sonar.squidbridge.ProgressReport - 1 source files to be analyzed
11:40:45.391 INFO  org.sonar.java.JavaSquid - Java Main Files AST scan (done) | time=7ms
11:40:45.391 INFO  org.sonar.java.JavaSquid - Java Test Files AST scan
11:40:45.391 INFO  org.sonar.squidbridge.ProgressReport - 1/1 source files have been analyzed
11:40:45.391 INFO  org.sonar.squidbridge.ProgressReport - 0 source files to be analyzed
11:40:45.391 INFO  org.sonar.java.JavaSquid - Java Test Files AST scan (done) | time=0ms
11:40:45.391 INFO  org.sonar.squidbridge.ProgressReport - 0/0 source files have been analyzed
[INFO] Tests run: 6, Failures: 0, Errors: 0, Skipped: 0, Time elapsed: 0.561 s - in org.sonar.java.ast.visitors.SyntaxHighlighterVisitorTest
[INFO] Running org.sonar.java.resolve.JavaSymbolTest
[INFO] Tests run: 11, Failures: 0, Errors: 0, Skipped: 0, Time elapsed: 0.086 s - in org.sonar.java.resolve.JavaSymbolTest
[INFO] Running org.sonar.java.bytecode.cfg.BytecodeCFGConstructionTest
[INFO] Tests run: 156, Failures: 0, Errors: 0, Skipped: 0, Time elapsed: 0.13 s - in org.sonar.java.bytecode.cfg.BytecodeCFGConstructionTest
[INFO] Running org.sonar.java.se.ProgramStateTest
[INFO] Tests run: 14, Failures: 0, Errors: 0, Skipped: 0, Time elapsed: 0.001 s - in org.sonar.java.se.ProgramStateTest
[INFO] Running org.sonar.java.se.ExpectationsParserTest
[INFO] Tests run: 19, Failures: 0, Errors: 0, Skipped: 0, Time elapsed: 0.009 s - in org.sonar.java.se.ExpectationsParserTest
[INFO] Running org.sonar.java.ast.parser.grammar.literals.IdentifierTest
[INFO] Tests run: 1, Failures: 0, Errors: 0, Skipped: 0, Time elapsed: 0 s - in org.sonar.java.ast.parser.grammar.literals.IdentifierTest
[INFO] Running org.sonar.java.JavaIssueTest
[INFO] Tests run: 2, Failures: 0, Errors: 0, Skipped: 0, Time elapsed: 0.188 s - in org.sonar.java.JavaIssueTest
[INFO] Running org.sonar.java.bytecode.se.MethodLookupTest
[INFO] Tests run: 2, Failures: 0, Errors: 0, Skipped: 0, Time elapsed: 0.327 s - in org.sonar.java.bytecode.se.MethodLookupTest
[INFO] Running org.sonar.java.model.declaration.MethodTreeImplTest
[INFO] Tests run: 15, Failures: 0, Errors: 0, Skipped: 0, Time elapsed: 0.36 s - in org.sonar.java.model.declaration.MethodTreeImplTest
[INFO] Running org.sonar.java.ast.parser.grammar.statements.ThrowStatementTest
[INFO] Tests run: 1, Failures: 0, Errors: 0, Skipped: 0, Time elapsed: 0 s - in org.sonar.java.ast.parser.grammar.statements.ThrowStatementTest
[INFO] Running org.sonar.java.JavaVersionAwareVisitorTest
11:40:46.597 INFO  org.sonar.java.JavaSquid - Java Main Files AST scan
11:40:46.597 INFO  org.sonar.squidbridge.ProgressReport - 1 source files to be analyzed
11:40:46.612 INFO  org.sonar.java.JavaSquid - Java Main Files AST scan (done) | time=16ms
11:40:46.612 INFO  org.sonar.squidbridge.ProgressReport - 1/1 source files have been analyzed
11:40:46.612 INFO  org.sonar.java.JavaSquid - Java Test Files AST scan
11:40:46.612 INFO  org.sonar.squidbridge.ProgressReport - 0 source files to be analyzed
11:40:46.613 INFO  org.sonar.java.JavaSquid - Java Test Files AST scan (done) | time=1ms
11:40:46.613 INFO  org.sonar.squidbridge.ProgressReport - 0/0 source files have been analyzed
11:40:46.616 INFO  org.sonar.java.JavaSquid - Java Main Files AST scan
11:40:46.616 INFO  org.sonar.squidbridge.ProgressReport - 1 source files to be analyzed
11:40:46.618 INFO  org.sonar.java.JavaSquid - Java Main Files AST scan (done) | time=2ms
11:40:46.618 INFO  org.sonar.squidbridge.ProgressReport - 1/1 source files have been analyzed
11:40:46.618 INFO  org.sonar.java.JavaSquid - Java Test Files AST scan
11:40:46.618 INFO  org.sonar.squidbridge.ProgressReport - 0 source files to be analyzed
11:40:46.619 INFO  org.sonar.java.JavaSquid - Java Test Files AST scan (done) | time=1ms
11:40:46.619 INFO  org.sonar.squidbridge.ProgressReport - 0/0 source files have been analyzed
11:40:46.623 INFO  org.sonar.java.JavaSquid - Java Main Files AST scan
11:40:46.623 INFO  org.sonar.squidbridge.ProgressReport - 1 source files to be analyzed
11:40:46.624 INFO  org.sonar.java.JavaSquid - Java Main Files AST scan (done) | time=1ms
11:40:46.624 INFO  org.sonar.squidbridge.ProgressReport - 1/1 source files have been analyzed
11:40:46.625 INFO  org.sonar.java.JavaSquid - Java Test Files AST scan
11:40:46.625 INFO  org.sonar.squidbridge.ProgressReport - 0 source files to be analyzed
11:40:46.625 INFO  org.sonar.java.JavaSquid - Java Test Files AST scan (done) | time=0ms
11:40:46.625 INFO  org.sonar.squidbridge.ProgressReport - 0/0 source files have been analyzed
11:40:46.628 INFO  org.sonar.java.JavaSquid - Java Main Files AST scan
11:40:46.628 INFO  org.sonar.squidbridge.ProgressReport - 1 source files to be analyzed
11:40:46.630 INFO  org.sonar.java.JavaSquid - Java Main Files AST scan (done) | time=2ms
11:40:46.630 INFO  org.sonar.squidbridge.ProgressReport - 1/1 source files have been analyzed
11:40:46.630 INFO  org.sonar.java.JavaSquid - Java Test Files AST scan
11:40:46.630 INFO  org.sonar.squidbridge.ProgressReport - 0 source files to be analyzed
11:40:46.631 INFO  org.sonar.java.JavaSquid - Java Test Files AST scan (done) | time=1ms
11:40:46.631 INFO  org.sonar.squidbridge.ProgressReport - 0/0 source files have been analyzed
11:40:46.635 INFO  org.sonar.java.JavaSquid - Java Main Files AST scan
11:40:46.635 INFO  org.sonar.squidbridge.ProgressReport - 1 source files to be analyzed
11:40:46.637 INFO  org.sonar.java.JavaSquid - Java Main Files AST scan (done) | time=2ms
11:40:46.637 INFO  org.sonar.squidbridge.ProgressReport - 1/1 source files have been analyzed
11:40:46.637 INFO  org.sonar.java.JavaSquid - Java Test Files AST scan
11:40:46.637 INFO  org.sonar.squidbridge.ProgressReport - 0 source files to be analyzed
11:40:46.637 INFO  org.sonar.java.JavaSquid - Java Test Files AST scan (done) | time=0ms
[INFO] Tests run: 4, Failures: 0, Errors: 0, Skipped: 0, Time elapsed: 0.117 s - in org.sonar.java.JavaVersionAwareVisitorTest
[INFO] Running org.sonar.java.model.VisitorsBridgeTest
11:40:46.638 INFO  org.sonar.squidbridge.ProgressReport - 0/0 source files have been analyzed
11:40:46.645 WARN  org.sonar.java.model.VisitorsBridge - Classes not found during the analysis : [NotFound00, NotFound01, NotFound02, NotFound03, NotFound04, NotFound05, NotFound06, NotFound07, NotFound08, NotFound09, NotFound10, NotFound11, NotFound12, NotFound13, NotFound14, NotFound15, NotFound16, NotFound17, NotFound18, NotFound19, NotFound20, NotFound21, NotFound22, NotFound23, NotFound24, NotFound25, NotFound26, NotFound27, NotFound28, NotFound29, NotFound30, NotFound31, NotFound32, NotFound33, NotFound34, NotFound35, NotFound36, NotFound37, NotFound38, NotFound39, NotFound40, NotFound41, NotFound42, NotFound43, NotFound44, NotFound45, NotFound46, NotFound47, NotFound48, NotFound49, ...]
11:40:46.648 ERROR org.sonar.java.model.VisitorsBridge - Unable to run check class org.sonar.java.model.VisitorsBridgeTest$$Lambda$457/562178899 -  on file , To help improve SonarJava, please report this problem to SonarSource : see https://www.sonarqube.org/community/
java.lang.NullPointerException: BimBadaboum
	at org.sonar.java.model.VisitorsBridgeTest.rethrow_exception_when_hidden_property_set_to_true(VisitorsBridgeTest.java:126) ~[test-classes/:na]
	at sun.reflect.NativeMethodAccessorImpl.invoke0(Native Method) ~[na:1.8.0_151]
	at sun.reflect.NativeMethodAccessorImpl.invoke(NativeMethodAccessorImpl.java:62) ~[na:1.8.0_151]
	at sun.reflect.DelegatingMethodAccessorImpl.invoke(DelegatingMethodAccessorImpl.java:43) ~[na:1.8.0_151]
	at java.lang.reflect.Method.invoke(Method.java:498) ~[na:1.8.0_151]
	at org.junit.runners.model.FrameworkMethod$1.runReflectiveCall(FrameworkMethod.java:50) ~[junit-4.12.jar:4.12]
	at org.junit.internal.runners.model.ReflectiveCallable.run(ReflectiveCallable.java:12) ~[junit-4.12.jar:4.12]
	at org.junit.runners.model.FrameworkMethod.invokeExplosively(FrameworkMethod.java:47) ~[junit-4.12.jar:4.12]
	at org.junit.internal.runners.statements.InvokeMethod.evaluate(InvokeMethod.java:17) ~[junit-4.12.jar:4.12]
	at org.junit.rules.ExternalResource$1.evaluate(ExternalResource.java:48) ~[junit-4.12.jar:4.12]
	at org.junit.rules.RunRules.evaluate(RunRules.java:20) ~[junit-4.12.jar:4.12]
	at org.junit.runners.ParentRunner.runLeaf(ParentRunner.java:325) ~[junit-4.12.jar:4.12]
	at org.junit.runners.BlockJUnit4ClassRunner.runChild(BlockJUnit4ClassRunner.java:78) ~[junit-4.12.jar:4.12]
	at org.junit.runners.BlockJUnit4ClassRunner.runChild(BlockJUnit4ClassRunner.java:57) ~[junit-4.12.jar:4.12]
	at org.junit.runners.ParentRunner$3.run(ParentRunner.java:290) ~[junit-4.12.jar:4.12]
	at org.junit.runners.ParentRunner$1.schedule(ParentRunner.java:71) ~[junit-4.12.jar:4.12]
	at org.junit.runners.ParentRunner.runChildren(ParentRunner.java:288) ~[junit-4.12.jar:4.12]
	at org.junit.runners.ParentRunner.access$000(ParentRunner.java:58) ~[junit-4.12.jar:4.12]
	at org.junit.runners.ParentRunner$2.evaluate(ParentRunner.java:268) ~[junit-4.12.jar:4.12]
	at org.junit.runners.ParentRunner.run(ParentRunner.java:363) ~[junit-4.12.jar:4.12]
	at org.apache.maven.surefire.junit4.JUnit4Provider.execute(JUnit4Provider.java:369) ~[surefire-junit4-2.20.1.jar:2.20.1]
	at org.apache.maven.surefire.junit4.JUnit4Provider.executeWithRerun(JUnit4Provider.java:275) ~[surefire-junit4-2.20.1.jar:2.20.1]
	at org.apache.maven.surefire.junit4.JUnit4Provider.executeTestSet(JUnit4Provider.java:239) ~[surefire-junit4-2.20.1.jar:2.20.1]
	at org.apache.maven.surefire.junit4.JUnit4Provider.invoke(JUnit4Provider.java:160) ~[surefire-junit4-2.20.1.jar:2.20.1]
	at org.apache.maven.surefire.booter.ForkedBooter.invokeProviderInSameClassLoader(ForkedBooter.java:373) ~[surefire-booter-2.20.1.jar:2.20.1]
	at org.apache.maven.surefire.booter.ForkedBooter.runSuitesInProcess(ForkedBooter.java:334) ~[surefire-booter-2.20.1.jar:2.20.1]
	at org.apache.maven.surefire.booter.ForkedBooter.execute(ForkedBooter.java:119) ~[surefire-booter-2.20.1.jar:2.20.1]
	at org.apache.maven.surefire.booter.ForkedBooter.main(ForkedBooter.java:407) ~[surefire-booter-2.20.1.jar:2.20.1]
[INFO] Tests run: 3, Failures: 0, Errors: 0, Skipped: 0, Time elapsed: 0.033 s - in org.sonar.java.model.VisitorsBridgeTest
[INFO] Running org.sonar.java.ast.parser.grammar.parameters.FormalParameterDeclsRestTest
[INFO] Tests run: 2, Failures: 0, Errors: 0, Skipped: 0, Time elapsed: 0.002 s - in org.sonar.java.ast.parser.grammar.parameters.FormalParameterDeclsRestTest
[INFO] Running org.sonar.java.ast.parser.grammar.parameters.FormalParameterTest
[INFO] Tests run: 1, Failures: 0, Errors: 0, Skipped: 0, Time elapsed: 0.001 s - in org.sonar.java.ast.parser.grammar.parameters.FormalParameterTest
[INFO] Running org.sonar.java.ast.api.JavaKeywordTest
[INFO] Tests run: 1, Failures: 0, Errors: 0, Skipped: 0, Time elapsed: 0.002 s - in org.sonar.java.ast.api.JavaKeywordTest
[INFO] Running org.sonar.java.ast.parser.grammar.statements.StatementTest
[INFO] Tests run: 1, Failures: 0, Errors: 0, Skipped: 0, Time elapsed: 0.002 s - in org.sonar.java.ast.parser.grammar.statements.StatementTest
[INFO] Running org.sonar.java.ast.api.JavaRestrictedKeywordTest
[INFO] Tests run: 1, Failures: 0, Errors: 0, Skipped: 0, Time elapsed: 0 s - in org.sonar.java.ast.api.JavaRestrictedKeywordTest
[INFO] Running org.sonar.java.ast.parser.ListTreeImplTest
[INFO] Tests run: 2, Failures: 0, Errors: 0, Skipped: 0, Time elapsed: 0 s - in org.sonar.java.ast.parser.ListTreeImplTest
[INFO] Running org.sonar.java.ast.parser.grammar.moduledirectives.RequiresDirectiveTest
[INFO] Tests run: 3, Failures: 0, Errors: 0, Skipped: 0, Time elapsed: 0.003 s - in org.sonar.java.ast.parser.grammar.moduledirectives.RequiresDirectiveTest
[INFO] Running org.sonar.java.bytecode.cfg.BytecodeListingParserTest
[INFO] Tests run: 2, Failures: 0, Errors: 0, Skipped: 0, Time elapsed: 0.011 s - in org.sonar.java.bytecode.cfg.BytecodeListingParserTest
[INFO] Running org.sonar.java.JavaTestClasspathTest
11:40:46.743 INFO  org.sonar.java.JavaTestClasspath - JavaTestClasspath initialization
11:40:46.748 WARN  org.sonar.java.JavaTestClasspath - Bytecode of dependencies was not provided for analysis of test files, you might end up with less precise results. Bytecode can be provided using sonar.java.test.libraries property
11:40:46.748 INFO  org.sonar.java.JavaTestClasspath - JavaTestClasspath initialization (done) | time=5ms
11:40:46.748 INFO  org.sonar.java.JavaTestClasspath - JavaTestClasspath initialization
11:40:46.852 INFO  org.sonar.java.JavaTestClasspath - JavaTestClasspath initialization (done) | time=104ms
11:40:46.854 INFO  org.sonar.java.JavaTestClasspath - JavaTestClasspath initialization
11:40:46.856 ERROR org.sonar.java.AbstractJavaClasspath - Invalid value for sonar.java.test.libraries
11:40:46.856 INFO  org.sonar.java.JavaTestClasspath - JavaTestClasspath initialization
11:40:46.856 INFO  org.sonar.java.JavaTestClasspath - JavaTestClasspath initialization (done) | time=0ms
[INFO] Tests run: 5, Failures: 0, Errors: 0, Skipped: 0, Time elapsed: 0.139 s - in org.sonar.java.JavaTestClasspathTest
[INFO] Running org.sonar.java.se.symbolicvalues.RelationalSymbolicValueTest
11:40:46.969 INFO  org.sonar.squidbridge.ProgressReport - 1 source files to be analyzed
11:40:46.986 INFO  org.sonar.squidbridge.ProgressReport - 1/1 source files have been analyzed
11:40:47.003 INFO  org.sonar.squidbridge.ProgressReport - 1 source files to be analyzed
11:40:47.025 INFO  org.sonar.squidbridge.ProgressReport - 1/1 source files have been analyzed
[INFO] Tests run: 24, Failures: 0, Errors: 0, Skipped: 0, Time elapsed: 2.865 s - in org.sonar.java.se.symbolicvalues.RelationalSymbolicValueTest
[INFO] Running org.sonar.java.bytecode.cfg.InstructionTest
[INFO] Tests run: 5, Failures: 0, Errors: 0, Skipped: 0, Time elapsed: 0 s - in org.sonar.java.bytecode.cfg.InstructionTest
[INFO] Running org.sonar.java.ast.parser.grammar.units.ModuleDeclarationTest
[INFO] Tests run: 1, Failures: 0, Errors: 0, Skipped: 0, Time elapsed: 0 s - in org.sonar.java.ast.parser.grammar.units.ModuleDeclarationTest
[INFO] Running org.sonar.java.ast.parser.grammar.statements.BreakStatementTest
[INFO] Tests run: 1, Failures: 0, Errors: 0, Skipped: 0, Time elapsed: 0 s - in org.sonar.java.ast.parser.grammar.statements.BreakStatementTest
[INFO] Running org.sonar.java.se.SymbolicValueFactoryTest
[INFO] Tests run: 1, Failures: 0, Errors: 0, Skipped: 0, Time elapsed: 0.066 s - in org.sonar.java.se.SymbolicValueFactoryTest
[INFO] Running org.sonar.java.model.DefaultJavaFileScannerContextTest
[INFO] Tests run: 5, Failures: 0, Errors: 0, Skipped: 0, Time elapsed: 0.058 s - in org.sonar.java.model.DefaultJavaFileScannerContextTest
[INFO] Running org.sonar.java.resolve.LeastUpperBoundTest
[INFO] Tests run: 19, Failures: 0, Errors: 0, Skipped: 0, Time elapsed: 0.137 s - in org.sonar.java.resolve.LeastUpperBoundTest
[INFO] Running org.sonar.java.ast.parser.grammar.units.CompilationUnitTest
[INFO] Tests run: 1, Failures: 0, Errors: 0, Skipped: 0, Time elapsed: 0.001 s - in org.sonar.java.ast.parser.grammar.units.CompilationUnitTest
[INFO] Running org.sonar.java.resolve.SafetyNetTest
[INFO] Tests run: 1, Failures: 0, Errors: 0, Skipped: 0, Time elapsed: 39.474 s - in org.sonar.java.resolve.SafetyNetTest
[INFO] Running org.sonar.java.AnalyzerMessageTest
[INFO] Tests run: 9, Failures: 0, Errors: 0, Skipped: 0, Time elapsed: 0.011 s - in org.sonar.java.AnalyzerMessageTest
[INFO] Running org.sonar.java.bytecode.se.BytecodeEGWalkerTest
[INFO] Tests run: 18, Failures: 0, Errors: 0, Skipped: 0, Time elapsed: 2.338 s - in org.sonar.java.bytecode.se.BytecodeEGWalkerTest
[INFO] Running org.sonar.java.ast.parser.grammar.literals.KeywordTest
[INFO] Tests run: 1, Failures: 0, Errors: 0, Skipped: 0, Time elapsed: 0 s - in org.sonar.java.ast.parser.grammar.literals.KeywordTest
[INFO] Running org.sonar.java.se.checks.FlowComputationTest
11:41:31.845 INFO  org.sonar.squidbridge.ProgressReport - 1 source files to be analyzed
11:41:31.853 INFO  org.sonar.squidbridge.ProgressReport - 1/1 source files have been analyzed
11:41:31.855 INFO  org.sonar.squidbridge.ProgressReport - 1 source files to be analyzed
11:41:31.864 INFO  org.sonar.squidbridge.ProgressReport - 1/1 source files have been analyzed
11:41:31.867 INFO  org.sonar.squidbridge.ProgressReport - 1 source files to be analyzed
11:41:31.879 INFO  org.sonar.squidbridge.ProgressReport - 1/1 source files have been analyzed
11:41:31.881 INFO  org.sonar.squidbridge.ProgressReport - 1 source files to be analyzed
11:41:31.891 INFO  org.sonar.squidbridge.ProgressReport - 1/1 source files have been analyzed
11:41:31.894 INFO  org.sonar.squidbridge.ProgressReport - 1 source files to be analyzed
11:41:31.907 INFO  org.sonar.squidbridge.ProgressReport - 1/1 source files have been analyzed
11:41:31.909 INFO  org.sonar.squidbridge.ProgressReport - 1 source files to be analyzed
11:41:31.918 INFO  org.sonar.squidbridge.ProgressReport - 1/1 source files have been analyzed
11:41:31.921 INFO  org.sonar.squidbridge.ProgressReport - 1 source files to be analyzed
11:41:31.937 INFO  org.sonar.squidbridge.ProgressReport - 1/1 source files have been analyzed
11:41:31.941 INFO  org.sonar.squidbridge.ProgressReport - 1 source files to be analyzed
11:41:31.962 INFO  org.sonar.squidbridge.ProgressReport - 1/1 source files have been analyzed
11:41:31.968 INFO  org.sonar.squidbridge.ProgressReport - 1 source files to be analyzed
11:41:31.983 INFO  org.sonar.squidbridge.ProgressReport - 1/1 source files have been analyzed
11:41:31.988 INFO  org.sonar.squidbridge.ProgressReport - 1 source files to be analyzed
11:41:31.997 INFO  org.sonar.squidbridge.ProgressReport - 1/1 source files have been analyzed
11:41:32.010 INFO  org.sonar.squidbridge.ProgressReport - 1 source files to be analyzed
11:41:32.030 INFO  org.sonar.squidbridge.ProgressReport - 1/1 source files have been analyzed
11:41:32.035 INFO  org.sonar.squidbridge.ProgressReport - 1 source files to be analyzed
11:41:32.047 INFO  org.sonar.squidbridge.ProgressReport - 1/1 source files have been analyzed
11:41:32.053 INFO  org.sonar.squidbridge.ProgressReport - 1 source files to be analyzed
11:41:32.074 INFO  org.sonar.squidbridge.ProgressReport - 1/1 source files have been analyzed
11:41:32.077 INFO  org.sonar.squidbridge.ProgressReport - 1 source files to be analyzed
11:41:32.092 INFO  org.sonar.squidbridge.ProgressReport - 1/1 source files have been analyzed
11:41:32.096 INFO  org.sonar.squidbridge.ProgressReport - 1 source files to be analyzed
11:41:32.107 INFO  org.sonar.squidbridge.ProgressReport - 1/1 source files have been analyzed
11:41:32.108 DEBUG o.s.java.bytecode.ClassLoaderBuilder - ----- Classpath analyzed by Squid:
11:41:32.108 DEBUG o.s.java.bytecode.ClassLoaderBuilder - /home/travis/build/failed/SonarSource/sonar-java/java-frontend/target/test-jars/annotations-13.0.jar
11:41:32.108 DEBUG o.s.java.bytecode.ClassLoaderBuilder - /home/travis/build/failed/SonarSource/sonar-java/java-frontend/target/test-jars/annotations-3.0.0.jar
11:41:32.108 DEBUG o.s.java.bytecode.ClassLoaderBuilder - /home/travis/build/failed/SonarSource/sonar-java/java-frontend/target/test-jars/aspectjtools-1.8.10.jar
11:41:32.108 DEBUG o.s.java.bytecode.ClassLoaderBuilder - /home/travis/build/failed/SonarSource/sonar-java/java-frontend/target/test-jars/commons-collections-3.2.1.jar
11:41:32.108 DEBUG o.s.java.bytecode.ClassLoaderBuilder - /home/travis/build/failed/SonarSource/sonar-java/java-frontend/target/test-jars/commons-collections4-4.1.jar
11:41:32.108 DEBUG o.s.java.bytecode.ClassLoaderBuilder - /home/travis/build/failed/SonarSource/sonar-java/java-frontend/target/test-jars/commons-lang-2.6.jar
11:41:32.108 DEBUG o.s.java.bytecode.ClassLoaderBuilder - /home/travis/build/failed/SonarSource/sonar-java/java-frontend/target/test-jars/commons-lang3-3.5.jar
11:41:32.108 DEBUG o.s.java.bytecode.ClassLoaderBuilder - /home/travis/build/failed/SonarSource/sonar-java/java-frontend/target/test-jars/guava-10.0.1.jar
11:41:32.108 DEBUG o.s.java.bytecode.ClassLoaderBuilder - /home/travis/build/failed/SonarSource/sonar-java/java-frontend/target/test-jars/hibernate-jpa-2.0-api-1.0.1.Final.jar
11:41:32.108 DEBUG o.s.java.bytecode.ClassLoaderBuilder - /home/travis/build/failed/SonarSource/sonar-java/java-frontend/target/test-jars/javaee-api-7.0.jar
11:41:32.108 DEBUG o.s.java.bytecode.ClassLoaderBuilder - /home/travis/build/failed/SonarSource/sonar-java/java-frontend/target/test-jars/jsr305-1.3.9.jar
11:41:32.108 DEBUG o.s.java.bytecode.ClassLoaderBuilder - /home/travis/build/failed/SonarSource/sonar-java/java-frontend/target/test-jars/junit-jupiter-api-5.0.0-M4.jar
11:41:32.108 DEBUG o.s.java.bytecode.ClassLoaderBuilder - /home/travis/build/failed/SonarSource/sonar-java/java-frontend/target/test-jars/log4j-core-2.3.jar
11:41:32.108 DEBUG o.s.java.bytecode.ClassLoaderBuilder - /home/travis/build/failed/SonarSource/sonar-java/java-frontend/target/test-jars/lombok-1.16.4.jar
11:41:32.108 DEBUG o.s.java.bytecode.ClassLoaderBuilder - /home/travis/build/failed/SonarSource/sonar-java/java-frontend/target/test-jars/org.eclipse.jdt.annotation-2.1.100.jar
11:41:32.108 DEBUG o.s.java.bytecode.ClassLoaderBuilder - /home/travis/build/failed/SonarSource/sonar-java/java-frontend/target/test-jars/spring-core-4.3.8.RELEASE.jar
11:41:32.108 DEBUG o.s.java.bytecode.ClassLoaderBuilder - /home/travis/build/failed/SonarSource/sonar-java/java-frontend/target/test-classes
11:41:32.108 DEBUG o.s.java.bytecode.ClassLoaderBuilder - -----
11:41:32.111 INFO  org.sonar.squidbridge.ProgressReport - 1 source files to be analyzed
11:41:32.119 DEBUG o.s.j.b.loader.SquidClassLoader - .class not found for Object
11:41:32.119 DEBUG o.s.j.b.loader.SquidClassLoader - .class not found for java.lang.package-info
11:41:32.119 DEBUG o.s.j.b.loader.SquidClassLoader - .class not found for java.lang.Synthetic$Object
11:41:32.119 DEBUG o.s.j.b.loader.SquidClassLoader - .class not found for Object
11:41:32.119 DEBUG o.s.j.b.loader.SquidClassLoader - .class not found for java.lang.Synthetic$Object
11:41:32.119 DEBUG o.s.j.b.loader.SquidClassLoader - .class not found for Object
11:41:32.119 DEBUG o.s.j.b.loader.SquidClassLoader - .class not found for java.lang.Synthetic$Object
11:41:32.119 DEBUG o.s.j.b.loader.SquidClassLoader - .class not found for System
11:41:32.119 DEBUG o.s.j.b.loader.SquidClassLoader - .class not found for java.lang.Synthetic$System
11:41:32.120 DEBUG o.s.j.b.loader.SquidClassLoader - .class not found for System
11:41:32.120 DEBUG o.s.j.b.loader.SquidClassLoader - .class not found for java.lang.Synthetic$System
11:41:32.120 DEBUG o.s.j.b.loader.SquidClassLoader - .class not found for System
11:41:32.120 DEBUG o.s.j.b.loader.SquidClassLoader - .class not found for java.lang.Synthetic$System
11:41:32.120 DEBUG o.s.j.b.loader.SquidClassLoader - .class not found for System
11:41:32.120 DEBUG o.s.j.b.loader.SquidClassLoader - .class not found for java.lang.Synthetic$System
11:41:32.120 DEBUG o.s.j.b.loader.SquidClassLoader - .class not found for System
11:41:32.120 DEBUG o.s.j.b.loader.SquidClassLoader - .class not found for java.lang.Synthetic$System
11:41:32.120 DEBUG o.s.j.b.loader.SquidClassLoader - .class not found for System
11:41:32.120 DEBUG o.s.j.b.loader.SquidClassLoader - .class not found for java.lang.Synthetic$System
11:41:32.121 DEBUG o.s.j.b.loader.SquidClassLoader - .class not found for System
11:41:32.121 DEBUG o.s.j.b.loader.SquidClassLoader - .class not found for java.lang.Synthetic$System
11:41:32.121 DEBUG o.s.j.b.loader.SquidClassLoader - .class not found for System
11:41:32.121 DEBUG o.s.j.b.loader.SquidClassLoader - .class not found for java.lang.Synthetic$System
11:41:32.121 DEBUG o.s.j.b.loader.SquidClassLoader - .class not found for System
11:41:32.121 DEBUG o.s.j.b.loader.SquidClassLoader - .class not found for java.lang.Synthetic$System
11:41:32.121 DEBUG o.s.j.b.loader.SquidClassLoader - .class not found for System
11:41:32.121 DEBUG o.s.j.b.loader.SquidClassLoader - .class not found for java.lang.Synthetic$System
11:41:32.121 DEBUG o.s.j.b.loader.SquidClassLoader - .class not found for System
11:41:32.121 DEBUG o.s.j.b.loader.SquidClassLoader - .class not found for java.lang.Synthetic$System
11:41:32.121 DEBUG o.s.j.b.loader.SquidClassLoader - .class not found for System
11:41:32.121 DEBUG o.s.j.b.loader.SquidClassLoader - .class not found for java.lang.Synthetic$System
11:41:32.121 DEBUG o.s.j.b.loader.SquidClassLoader - .class not found for System
11:41:32.121 DEBUG o.s.j.b.loader.SquidClassLoader - .class not found for java.lang.Synthetic$System
11:41:32.121 DEBUG o.s.j.b.loader.SquidClassLoader - .class not found for System
11:41:32.121 DEBUG o.s.j.b.loader.SquidClassLoader - .class not found for java.lang.Synthetic$System
11:41:32.121 DEBUG o.s.j.b.loader.SquidClassLoader - .class not found for System
11:41:32.122 DEBUG o.s.j.b.loader.SquidClassLoader - .class not found for java.lang.Synthetic$System
11:41:32.122 DEBUG o.s.j.b.loader.SquidClassLoader - .class not found for System
11:41:32.122 DEBUG o.s.j.b.loader.SquidClassLoader - .class not found for java.lang.Synthetic$System
11:41:32.122 DEBUG o.s.j.b.loader.SquidClassLoader - .class not found for System
11:41:32.122 DEBUG o.s.j.b.loader.SquidClassLoader - .class not found for java.lang.Synthetic$System
11:41:32.122 DEBUG o.s.j.b.loader.SquidClassLoader - .class not found for System
11:41:32.122 DEBUG o.s.j.b.loader.SquidClassLoader - .class not found for java.lang.Synthetic$System
11:41:32.122 DEBUG o.s.j.b.loader.SquidClassLoader - .class not found for System
11:41:32.122 DEBUG o.s.j.b.loader.SquidClassLoader - .class not found for java.lang.Synthetic$System
11:41:32.123 DEBUG o.s.j.b.loader.SquidClassLoader - .class not found for A
11:41:32.123 DEBUG o.s.j.bytecode.se.BytecodeEGWalker - Method body not found: %s
11:41:32.123 DEBUG o.s.j.b.loader.SquidClassLoader - .class not found for java.io.package-info
11:41:32.241 INFO  org.sonar.squidbridge.ProgressReport - 1/1 source files have been analyzed
11:41:32.244 INFO  org.sonar.squidbridge.ProgressReport - 1 source files to be analyzed
11:41:32.258 INFO  org.sonar.squidbridge.ProgressReport - 1/1 source files have been analyzed
[INFO] Tests run: 18, Failures: 0, Errors: 0, Skipped: 0, Time elapsed: 0.413 s - in org.sonar.java.se.checks.FlowComputationTest
[INFO] Running org.sonar.java.resolve.LambdaBlockReturnVisitorTest
[INFO] Tests run: 1, Failures: 0, Errors: 0, Skipped: 0, Time elapsed: 0.006 s - in org.sonar.java.resolve.LambdaBlockReturnVisitorTest
[INFO] Running org.sonar.java.MeasurerTest
11:41:32.270 INFO  org.sonar.java.JavaSquid - Java Main Files AST scan
11:41:32.271 INFO  org.sonar.squidbridge.ProgressReport - 1 source files to be analyzed
11:41:32.277 INFO  org.sonar.java.JavaSquid - Java Main Files AST scan (done) | time=7ms
11:41:32.277 INFO  org.sonar.squidbridge.ProgressReport - 1/1 source files have been analyzed
11:41:32.277 INFO  org.sonar.java.JavaSquid - Java Test Files AST scan
11:41:32.277 INFO  org.sonar.squidbridge.ProgressReport - 0 source files to be analyzed
11:41:32.277 INFO  org.sonar.java.JavaSquid - Java Test Files AST scan (done) | time=0ms
11:41:32.278 INFO  org.sonar.squidbridge.ProgressReport - 0/0 source files have been analyzed
11:41:32.280 INFO  org.sonar.java.JavaSquid - Java Main Files AST scan
11:41:32.280 INFO  org.sonar.squidbridge.ProgressReport - 1 source files to be analyzed
11:41:32.281 INFO  org.sonar.java.JavaSquid - Java Main Files AST scan (done) | time=1ms
11:41:32.281 INFO  org.sonar.squidbridge.ProgressReport - 1/1 source files have been analyzed
11:41:32.281 INFO  org.sonar.java.JavaSquid - Java Test Files AST scan
11:41:32.281 INFO  org.sonar.squidbridge.ProgressReport - 0 source files to be analyzed
11:41:32.281 INFO  org.sonar.java.JavaSquid - Java Test Files AST scan (done) | time=0ms
11:41:32.281 INFO  org.sonar.squidbridge.ProgressReport - 0/0 source files have been analyzed
11:41:32.283 INFO  org.sonar.java.JavaSquid - Java Main Files AST scan
11:41:32.283 INFO  org.sonar.squidbridge.ProgressReport - 1 source files to be analyzed
11:41:32.284 INFO  org.sonar.java.JavaSquid - Java Main Files AST scan (done) | time=1ms
11:41:32.284 INFO  org.sonar.squidbridge.ProgressReport - 1/1 source files have been analyzed
11:41:32.284 INFO  org.sonar.java.JavaSquid - Java Test Files AST scan
11:41:32.284 INFO  org.sonar.squidbridge.ProgressReport - 0 source files to be analyzed
11:41:32.285 INFO  org.sonar.java.JavaSquid - Java Test Files AST scan (done) | time=1ms
11:41:32.285 INFO  org.sonar.squidbridge.ProgressReport - 0/0 source files have been analyzed
11:41:32.286 INFO  org.sonar.java.JavaSquid - Java Main Files AST scan
11:41:32.286 INFO  org.sonar.squidbridge.ProgressReport - 1 source files to be analyzed
11:41:32.287 INFO  org.sonar.java.JavaSquid - Java Main Files AST scan (done) | time=1ms
11:41:32.287 INFO  org.sonar.java.JavaSquid - Java Test Files AST scan
11:41:32.287 INFO  org.sonar.squidbridge.ProgressReport - 1/1 source files have been analyzed
11:41:32.288 INFO  org.sonar.squidbridge.ProgressReport - 0 source files to be analyzed
11:41:32.288 INFO  org.sonar.java.JavaSquid - Java Test Files AST scan (done) | time=1ms
11:41:32.288 INFO  org.sonar.squidbridge.ProgressReport - 0/0 source files have been analyzed
11:41:32.290 INFO  org.sonar.java.JavaSquid - Java Main Files AST scan
11:41:32.290 INFO  org.sonar.squidbridge.ProgressReport - 1 source files to be analyzed
11:41:32.295 INFO  org.sonar.java.JavaSquid - Java Main Files AST scan (done) | time=5ms
11:41:32.295 INFO  org.sonar.squidbridge.ProgressReport - 1/1 source files have been analyzed
11:41:32.295 INFO  org.sonar.java.JavaSquid - Java Test Files AST scan
11:41:32.295 INFO  org.sonar.squidbridge.ProgressReport - 0 source files to be analyzed
11:41:32.295 INFO  org.sonar.java.JavaSquid - Java Test Files AST scan (done) | time=0ms
11:41:32.295 INFO  org.sonar.squidbridge.ProgressReport - 0/0 source files have been analyzed
11:41:32.297 INFO  org.sonar.java.JavaSquid - Java Main Files AST scan
11:41:32.297 INFO  org.sonar.squidbridge.ProgressReport - 1 source files to be analyzed
11:41:32.301 INFO  org.sonar.java.JavaSquid - Java Main Files AST scan (done) | time=4ms
11:41:32.301 INFO  org.sonar.java.JavaSquid - Java Test Files AST scan
11:41:32.301 INFO  org.sonar.squidbridge.ProgressReport - 1/1 source files have been analyzed
11:41:32.302 INFO  org.sonar.squidbridge.ProgressReport - 0 source files to be analyzed
11:41:32.302 INFO  org.sonar.java.JavaSquid - Java Test Files AST scan (done) | time=1ms
11:41:32.302 INFO  org.sonar.squidbridge.ProgressReport - 0/0 source files have been analyzed
11:41:32.304 INFO  org.sonar.java.JavaSquid - Java Main Files AST scan
11:41:32.304 INFO  org.sonar.squidbridge.ProgressReport - 1 source files to be analyzed
11:41:32.311 INFO  org.sonar.java.JavaSquid - Java Main Files AST scan (done) | time=7ms
11:41:32.311 INFO  org.sonar.squidbridge.ProgressReport - 1/1 source files have been analyzed
11:41:32.311 INFO  org.sonar.java.JavaSquid - Java Test Files AST scan
11:41:32.312 INFO  org.sonar.squidbridge.ProgressReport - 0 source files to be analyzed
11:41:32.312 INFO  org.sonar.java.JavaSquid - Java Test Files AST scan (done) | time=1ms
11:41:32.312 INFO  org.sonar.squidbridge.ProgressReport - 0/0 source files have been analyzed
11:41:32.314 INFO  org.sonar.java.JavaSquid - Java Main Files AST scan
11:41:32.314 INFO  org.sonar.squidbridge.ProgressReport - 1 source files to be analyzed
11:41:32.320 INFO  org.sonar.java.JavaSquid - Java Main Files AST scan (done) | time=6ms
11:41:32.320 INFO  org.sonar.squidbridge.ProgressReport - 1/1 source files have been analyzed
11:41:32.320 INFO  org.sonar.java.JavaSquid - Java Test Files AST scan
11:41:32.321 INFO  org.sonar.squidbridge.ProgressReport - 0 source files to be analyzed
11:41:32.321 INFO  org.sonar.java.JavaSquid - Java Test Files AST scan (done) | time=1ms
11:41:32.321 INFO  org.sonar.squidbridge.ProgressReport - 0/0 source files have been analyzed
11:41:32.323 INFO  org.sonar.java.JavaSquid - Java Main Files AST scan
11:41:32.323 INFO  org.sonar.squidbridge.ProgressReport - 1 source files to be analyzed
11:41:32.330 INFO  org.sonar.java.JavaSquid - Java Main Files AST scan (done) | time=7ms
11:41:32.330 INFO  org.sonar.squidbridge.ProgressReport - 1/1 source files have been analyzed
11:41:32.330 INFO  org.sonar.java.JavaSquid - Java Test Files AST scan
11:41:32.330 INFO  org.sonar.squidbridge.ProgressReport - 0 source files to be analyzed
11:41:32.330 INFO  org.sonar.java.JavaSquid - Java Test Files AST scan (done) | time=0ms
11:41:32.330 INFO  org.sonar.squidbridge.ProgressReport - 0/0 source files have been analyzed
11:41:32.333 INFO  org.sonar.java.JavaSquid - Java Main Files AST scan
11:41:32.333 INFO  org.sonar.squidbridge.ProgressReport - 1 source files to be analyzed
11:41:32.340 INFO  org.sonar.java.JavaSquid - Java Main Files AST scan (done) | time=7ms
11:41:32.340 INFO  org.sonar.squidbridge.ProgressReport - 1/1 source files have been analyzed
11:41:32.340 INFO  org.sonar.java.JavaSquid - Java Test Files AST scan
11:41:32.340 INFO  org.sonar.squidbridge.ProgressReport - 0 source files to be analyzed
11:41:32.340 INFO  org.sonar.java.JavaSquid - Java Test Files AST scan (done) | time=0ms
11:41:32.340 INFO  org.sonar.squidbridge.ProgressReport - 0/0 source files have been analyzed
11:41:32.342 INFO  org.sonar.java.JavaSquid - Java Main Files AST scan
11:41:32.342 INFO  org.sonar.squidbridge.ProgressReport - 1 source files to be analyzed
11:41:32.349 INFO  org.sonar.java.JavaSquid - Java Main Files AST scan (done) | time=7ms
11:41:32.349 INFO  org.sonar.squidbridge.ProgressReport - 1/1 source files have been analyzed
11:41:32.349 INFO  org.sonar.java.JavaSquid - Java Test Files AST scan
11:41:32.349 INFO  org.sonar.squidbridge.ProgressReport - 0 source files to be analyzed
11:41:32.349 INFO  org.sonar.java.JavaSquid - Java Test Files AST scan (done) | time=0ms
[INFO] Tests run: 9, Failures: 0, Errors: 0, Skipped: 0, Time elapsed: 0.08 s - in org.sonar.java.MeasurerTest
[INFO] Running org.sonar.java.JavaFilesCacheTest
11:41:32.349 INFO  org.sonar.squidbridge.ProgressReport - 0/0 source files have been analyzed
11:41:32.351 INFO  org.sonar.squidbridge.ProgressReport - 1 source files to be analyzed
[INFO] Tests run: 1, Failures: 0, Errors: 0, Skipped: 0, Time elapsed: 0.133 s - in org.sonar.java.JavaFilesCacheTest
[INFO] Running org.sonar.java.ast.parser.grammar.literals.IntegerLiteralTest
11:41:32.484 INFO  org.sonar.squidbridge.ProgressReport - 1/1 source files have been analyzed
[INFO] Tests run: 2, Failures: 0, Errors: 0, Skipped: 0, Time elapsed: 0.016 s - in org.sonar.java.ast.parser.grammar.literals.IntegerLiteralTest
[INFO] Running org.sonar.java.ast.parser.grammar.statements.EmptyStatementTest
[INFO] Tests run: 1, Failures: 0, Errors: 0, Skipped: 0, Time elapsed: 0 s - in org.sonar.java.ast.parser.grammar.statements.EmptyStatementTest
[INFO] Running org.sonar.java.ast.parser.grammar.moduledirectives.ProvidesDirectiveTest
[INFO] Tests run: 1, Failures: 0, Errors: 0, Skipped: 0, Time elapsed: 0 s - in org.sonar.java.ast.parser.grammar.moduledirectives.ProvidesDirectiveTest
[INFO] Running org.sonar.java.resolve.ResolveTest
[INFO] Tests run: 6, Failures: 0, Errors: 0, Skipped: 0, Time elapsed: 0.011 s - in org.sonar.java.resolve.ResolveTest
[INFO] Running org.sonar.java.resolve.ConvertTest
[INFO] Tests run: 8, Failures: 0, Errors: 0, Skipped: 0, Time elapsed: 0 s - in org.sonar.java.resolve.ConvertTest
[INFO] Running org.sonar.java.se.xproc.ExceptionalYieldTest
[INFO] Tests run: 5, Failures: 0, Errors: 0, Skipped: 0, Time elapsed: 0.021 s - in org.sonar.java.se.xproc.ExceptionalYieldTest
[INFO] Running org.sonar.java.ast.parser.grammar.expressions.RelationalExpressionTest
[INFO] Tests run: 1, Failures: 0, Errors: 0, Skipped: 0, Time elapsed: 0 s - in org.sonar.java.ast.parser.grammar.expressions.RelationalExpressionTest
[INFO] Running org.sonar.java.se.SECheckTest
[INFO] Tests run: 1, Failures: 0, Errors: 0, Skipped: 0, Time elapsed: 0.009 s - in org.sonar.java.se.SECheckTest
[INFO] Running org.sonar.java.se.xproc.ExceptionalCheckBasedYieldTest
[INFO] Tests run: 5, Failures: 0, Errors: 0, Skipped: 0, Time elapsed: 0.583 s - in org.sonar.java.se.xproc.ExceptionalCheckBasedYieldTest
[INFO] Running org.sonar.java.ast.parser.grammar.enums.EnumConstantTest
[INFO] Tests run: 2, Failures: 0, Errors: 0, Skipped: 0, Time elapsed: 0.002 s - in org.sonar.java.ast.parser.grammar.enums.EnumConstantTest
[INFO] Running org.sonar.java.se.checks.InvariantReturnCheckTest
11:41:33.152 INFO  org.sonar.squidbridge.ProgressReport - 1 source files to be analyzed
11:41:33.540 INFO  org.sonar.squidbridge.ProgressReport - 1/1 source files have been analyzed
[INFO] Tests run: 1, Failures: 0, Errors: 0, Skipped: 0, Time elapsed: 0.389 s - in org.sonar.java.se.checks.InvariantReturnCheckTest
[INFO] Running org.sonar.java.ast.parser.grammar.statements.TryStatementTest
[INFO] Tests run: 3, Failures: 0, Errors: 0, Skipped: 0, Time elapsed: 0.007 s - in org.sonar.java.ast.parser.grammar.statements.TryStatementTest
[INFO] Running org.sonar.java.resolve.SymbolsTest
[INFO] Tests run: 4, Failures: 0, Errors: 0, Skipped: 0, Time elapsed: 0.002 s - in org.sonar.java.resolve.SymbolsTest
[INFO] Running org.sonar.java.se.xproc.MethodYieldTest
[INFO] Tests run: 12, Failures: 0, Errors: 0, Skipped: 0, Time elapsed: 0.055 s - in org.sonar.java.se.xproc.MethodYieldTest
[INFO] Running org.sonar.java.bytecode.loader.JarLoaderTest
[INFO] Tests run: 5, Failures: 0, Errors: 0, Skipped: 0, Time elapsed: 0 s - in org.sonar.java.bytecode.loader.JarLoaderTest
[INFO] Running org.sonar.java.se.LearnedConstraintTest
[INFO] Tests run: 1, Failures: 0, Errors: 0, Skipped: 0, Time elapsed: 0 s - in org.sonar.java.se.LearnedConstraintTest
[INFO] Running org.sonar.java.DefaultJavaResourceLocatorTest
11:41:33.620 INFO  org.sonar.squidbridge.ProgressReport - 1 source files to be analyzed
11:41:33.632 INFO  org.sonar.squidbridge.ProgressReport - 1/1 source files have been analyzed
[INFO] Tests run: 5, Failures: 0, Errors: 0, Skipped: 0, Time elapsed: 0.024 s - in org.sonar.java.DefaultJavaResourceLocatorTest
[INFO] Running org.sonar.java.se.checks.NonNullSetToNullCheckTest
11:41:33.644 INFO  org.sonar.squidbridge.ProgressReport - 1 source files to be analyzed
[INFO] Tests run: 1, Failures: 0, Errors: 0, Skipped: 0, Time elapsed: 0.276 s - in org.sonar.java.se.checks.NonNullSetToNullCheckTest
11:41:33.919 INFO  org.sonar.squidbridge.ProgressReport - 1/1 source files have been analyzed
[INFO] Running org.sonar.java.model.TestDefaultJavaFileScannerContextWithSensorContextTester
[INFO] Tests run: 3, Failures: 0, Errors: 0, Skipped: 0, Time elapsed: 0.284 s - in org.sonar.java.model.TestDefaultJavaFileScannerContextWithSensorContextTester
[INFO] Running org.sonar.java.ast.parser.grammar.statements.ReturnStatementTest
[INFO] Tests run: 1, Failures: 0, Errors: 0, Skipped: 0, Time elapsed: 0.001 s - in org.sonar.java.ast.parser.grammar.statements.ReturnStatementTest
[INFO] Running org.sonar.java.ast.api.JavaPunctuatorTest
[INFO] Tests run: 1, Failures: 0, Errors: 0, Skipped: 0, Time elapsed: 0 s - in org.sonar.java.ast.api.JavaPunctuatorTest
[INFO] Running org.sonar.java.se.checks.CustomUnclosedResourcesCheckTest
11:41:34.604 INFO  org.sonar.squidbridge.ProgressReport - 1 source files to be analyzed
11:41:34.841 INFO  org.sonar.squidbridge.ProgressReport - 1/1 source files have been analyzed
11:41:34.844 INFO  org.sonar.squidbridge.ProgressReport - 1 source files to be analyzed
11:41:34.854 INFO  org.sonar.squidbridge.ProgressReport - 1/1 source files have been analyzed
11:41:34.857 INFO  org.sonar.squidbridge.ProgressReport - 1 source files to be analyzed
11:41:34.867 INFO  org.sonar.squidbridge.ProgressReport - 1/1 source files have been analyzed
11:41:34.870 INFO  org.sonar.squidbridge.ProgressReport - 1 source files to be analyzed
11:41:34.883 INFO  org.sonar.squidbridge.ProgressReport - 1/1 source files have been analyzed
11:41:34.887 INFO  org.sonar.squidbridge.ProgressReport - 1 source files to be analyzed
11:41:34.900 INFO  org.sonar.squidbridge.ProgressReport - 1/1 source files have been analyzed
11:41:34.903 INFO  org.sonar.squidbridge.ProgressReport - 1 source files to be analyzed
11:41:34.912 INFO  org.sonar.squidbridge.ProgressReport - 1/1 source files have been analyzed
11:41:34.915 INFO  org.sonar.squidbridge.ProgressReport - 1 source files to be analyzed
11:41:34.923 INFO  org.sonar.squidbridge.ProgressReport - 1/1 source files have been analyzed
[INFO] Tests run: 7, Failures: 0, Errors: 0, Skipped: 0, Time elapsed: 0.709 s - in org.sonar.java.se.checks.CustomUnclosedResourcesCheckTest
[INFO] Running org.sonar.java.JavaConstantsTest
[INFO] Tests run: 1, Failures: 0, Errors: 0, Skipped: 0, Time elapsed: 0 s - in org.sonar.java.JavaConstantsTest
[INFO] Running org.sonar.java.ast.parser.grammar.statements.ExpressionStatementTest
[INFO] Tests run: 1, Failures: 0, Errors: 0, Skipped: 0, Time elapsed: 0 s - in org.sonar.java.ast.parser.grammar.statements.ExpressionStatementTest
[INFO] Running org.sonar.java.ast.parser.grammar.moduledirectives.UsesDirectiveTest
[INFO] Tests run: 1, Failures: 0, Errors: 0, Skipped: 0, Time elapsed: 0 s - in org.sonar.java.ast.parser.grammar.moduledirectives.UsesDirectiveTest
[INFO] Running org.sonar.java.se.CheckerDispatcherTest
[INFO] Tests run: 1, Failures: 0, Errors: 0, Skipped: 0, Time elapsed: 0.2 s - in org.sonar.java.se.CheckerDispatcherTest
[INFO] Running org.sonar.java.se.ExplodedGraphTest
[INFO] Tests run: 1, Failures: 0, Errors: 0, Skipped: 0, Time elapsed: 0 s - in org.sonar.java.se.ExplodedGraphTest
[INFO] Running org.sonar.java.se.constraint.TypedConstraintTest
[INFO] Tests run: 1, Failures: 0, Errors: 0, Skipped: 0, Time elapsed: 0 s - in org.sonar.java.se.constraint.TypedConstraintTest
[INFO] Running org.sonar.java.se.constraint.ConstraintTest
[INFO] Tests run: 2, Failures: 0, Errors: 0, Skipped: 0, Time elapsed: 0.177 s - in org.sonar.java.se.constraint.ConstraintTest
[INFO] Running org.sonar.java.xml.maven.PomParserTest
11:41:35.379 ERROR org.sonar.java.xml.maven.PomParser - Unable to parse pom file src/test/files/xml/maven/parse-issue/pom.xml
javax.xml.bind.UnmarshalException: null
	at com.sun.xml.bind.v2.runtime.unmarshaller.UnmarshallerImpl.handleStreamException(UnmarshallerImpl.java:485) ~[jaxb-runtime-2.3.0.jar:2.3.0]
	at com.sun.xml.bind.v2.runtime.unmarshaller.UnmarshallerImpl.unmarshal0(UnmarshallerImpl.java:417) ~[jaxb-runtime-2.3.0.jar:2.3.0]
	at com.sun.xml.bind.v2.runtime.unmarshaller.UnmarshallerImpl.unmarshal(UnmarshallerImpl.java:394) ~[jaxb-runtime-2.3.0.jar:2.3.0]
	at org.sonar.java.xml.maven.PomParser.parseXML(PomParser.java:63) ~[classes/:na]
	at org.sonar.java.xml.maven.PomParserTest.should_fail_parsing(PomParserTest.java:76) [test-classes/:na]
	at sun.reflect.NativeMethodAccessorImpl.invoke0(Native Method) ~[na:1.8.0_151]
	at sun.reflect.NativeMethodAccessorImpl.invoke(NativeMethodAccessorImpl.java:62) ~[na:1.8.0_151]
	at sun.reflect.DelegatingMethodAccessorImpl.invoke(DelegatingMethodAccessorImpl.java:43) ~[na:1.8.0_151]
	at java.lang.reflect.Method.invoke(Method.java:498) ~[na:1.8.0_151]
	at org.junit.runners.model.FrameworkMethod$1.runReflectiveCall(FrameworkMethod.java:50) [junit-4.12.jar:4.12]
	at org.junit.internal.runners.model.ReflectiveCallable.run(ReflectiveCallable.java:12) [junit-4.12.jar:4.12]
	at org.junit.runners.model.FrameworkMethod.invokeExplosively(FrameworkMethod.java:47) [junit-4.12.jar:4.12]
	at org.junit.internal.runners.statements.InvokeMethod.evaluate(InvokeMethod.java:17) [junit-4.12.jar:4.12]
	at org.junit.runners.ParentRunner.runLeaf(ParentRunner.java:325) [junit-4.12.jar:4.12]
	at org.junit.runners.BlockJUnit4ClassRunner.runChild(BlockJUnit4ClassRunner.java:78) [junit-4.12.jar:4.12]
	at org.junit.runners.BlockJUnit4ClassRunner.runChild(BlockJUnit4ClassRunner.java:57) [junit-4.12.jar:4.12]
	at org.junit.runners.ParentRunner$3.run(ParentRunner.java:290) [junit-4.12.jar:4.12]
	at org.junit.runners.ParentRunner$1.schedule(ParentRunner.java:71) [junit-4.12.jar:4.12]
	at org.junit.runners.ParentRunner.runChildren(ParentRunner.java:288) [junit-4.12.jar:4.12]
	at org.junit.runners.ParentRunner.access$000(ParentRunner.java:58) [junit-4.12.jar:4.12]
	at org.junit.runners.ParentRunner$2.evaluate(ParentRunner.java:268) [junit-4.12.jar:4.12]
	at org.junit.runners.ParentRunner.run(ParentRunner.java:363) [junit-4.12.jar:4.12]
	at org.apache.maven.surefire.junit4.JUnit4Provider.execute(JUnit4Provider.java:369) [surefire-junit4-2.20.1.jar:2.20.1]
	at org.apache.maven.surefire.junit4.JUnit4Provider.executeWithRerun(JUnit4Provider.java:275) [surefire-junit4-2.20.1.jar:2.20.1]
	at org.apache.maven.surefire.junit4.JUnit4Provider.executeTestSet(JUnit4Provider.java:239) [surefire-junit4-2.20.1.jar:2.20.1]
	at org.apache.maven.surefire.junit4.JUnit4Provider.invoke(JUnit4Provider.java:160) [surefire-junit4-2.20.1.jar:2.20.1]
	at org.apache.maven.surefire.booter.ForkedBooter.invokeProviderInSameClassLoader(ForkedBooter.java:373) [surefire-booter-2.20.1.jar:2.20.1]
	at org.apache.maven.surefire.booter.ForkedBooter.runSuitesInProcess(ForkedBooter.java:334) [surefire-booter-2.20.1.jar:2.20.1]
	at org.apache.maven.surefire.booter.ForkedBooter.execute(ForkedBooter.java:119) [surefire-booter-2.20.1.jar:2.20.1]
	at org.apache.maven.surefire.booter.ForkedBooter.main(ForkedBooter.java:407) [surefire-booter-2.20.1.jar:2.20.1]
Caused by: com.ctc.wstx.exc.WstxParsingException: Unexpected close tag </build>; expected </dependency>.
 at [row,col {unknown-source}]: [27,9]
	at com.ctc.wstx.sr.StreamScanner.constructWfcException(StreamScanner.java:614) ~[woodstox-core-lgpl-4.4.0.jar:4.4.0]
	at com.ctc.wstx.sr.StreamScanner.throwParseError(StreamScanner.java:487) ~[woodstox-core-lgpl-4.4.0.jar:4.4.0]
	at com.ctc.wstx.sr.StreamScanner.throwParseError(StreamScanner.java:472) ~[woodstox-core-lgpl-4.4.0.jar:4.4.0]
	at com.ctc.wstx.sr.BasicStreamReader.reportWrongEndElem(BasicStreamReader.java:3285) ~[woodstox-core-lgpl-4.4.0.jar:4.4.0]
	at com.ctc.wstx.sr.BasicStreamReader.readEndElem(BasicStreamReader.java:3212) ~[woodstox-core-lgpl-4.4.0.jar:4.4.0]
	at com.ctc.wstx.sr.BasicStreamReader.nextFromTree(BasicStreamReader.java:2831) ~[woodstox-core-lgpl-4.4.0.jar:4.4.0]
	at com.ctc.wstx.sr.BasicStreamReader.next(BasicStreamReader.java:1073) ~[woodstox-core-lgpl-4.4.0.jar:4.4.0]
	at com.sun.xml.bind.v2.runtime.unmarshaller.StAXStreamConnector.bridge(StAXStreamConnector.java:196) ~[jaxb-runtime-2.3.0.jar:2.3.0]
	at com.sun.xml.bind.v2.runtime.unmarshaller.UnmarshallerImpl.unmarshal0(UnmarshallerImpl.java:415) ~[jaxb-runtime-2.3.0.jar:2.3.0]
	... 28 common frames omitted
11:41:35.805 ERROR org.sonar.java.xml.maven.PomParser - Unable to parse pom file .
java.io.FileNotFoundException: . (Is a directory)
	at java.io.FileInputStream.open0(Native Method) ~[na:1.8.0_151]
	at java.io.FileInputStream.open(FileInputStream.java:195) ~[na:1.8.0_151]
	at java.io.FileInputStream.<init>(FileInputStream.java:138) ~[na:1.8.0_151]
	at org.sonar.java.xml.maven.PomParser.parseXML(PomParser.java:52) ~[classes/:na]
	at org.sonar.java.xml.maven.PomParserTest.should_not_parse(PomParserTest.java:82) [test-classes/:na]
	at sun.reflect.NativeMethodAccessorImpl.invoke0(Native Method) ~[na:1.8.0_151]
	at sun.reflect.NativeMethodAccessorImpl.invoke(NativeMethodAccessorImpl.java:62) ~[na:1.8.0_151]
	at sun.reflect.DelegatingMethodAccessorImpl.invoke(DelegatingMethodAccessorImpl.java:43) ~[na:1.8.0_151]
	at java.lang.reflect.Method.invoke(Method.java:498) ~[na:1.8.0_151]
	at org.junit.runners.model.FrameworkMethod$1.runReflectiveCall(FrameworkMethod.java:50) [junit-4.12.jar:4.12]
	at org.junit.internal.runners.model.ReflectiveCallable.run(ReflectiveCallable.java:12) [junit-4.12.jar:4.12]
	at org.junit.runners.model.FrameworkMethod.invokeExplosively(FrameworkMethod.java:47) [junit-4.12.jar:4.12]
	at org.junit.internal.runners.statements.InvokeMethod.evaluate(InvokeMethod.java:17) [junit-4.12.jar:4.12]
	at org.junit.runners.ParentRunner.runLeaf(ParentRunner.java:325) [junit-4.12.jar:4.12]
	at org.junit.runners.BlockJUnit4ClassRunner.runChild(BlockJUnit4ClassRunner.java:78) [junit-4.12.jar:4.12]
	at org.junit.runners.BlockJUnit4ClassRunner.runChild(BlockJUnit4ClassRunner.java:57) [junit-4.12.jar:4.12]
	at org.junit.runners.ParentRunner$3.run(ParentRunner.java:290) [junit-4.12.jar:4.12]
	at org.junit.runners.ParentRunner$1.schedule(ParentRunner.java:71) [junit-4.12.jar:4.12]
	at org.junit.runners.ParentRunner.runChildren(ParentRunner.java:288) [junit-4.12.jar:4.12]
	at org.junit.runners.ParentRunner.access$000(ParentRunner.java:58) [junit-4.12.jar:4.12]
	at org.junit.runners.ParentRunner$2.evaluate(ParentRunner.java:268) [junit-4.12.jar:4.12]
	at org.junit.runners.ParentRunner.run(ParentRunner.java:363) [junit-4.12.jar:4.12]
	at org.apache.maven.surefire.junit4.JUnit4Provider.execute(JUnit4Provider.java:369) [surefire-junit4-2.20.1.jar:2.20.1]
	at org.apache.maven.surefire.junit4.JUnit4Provider.executeWithRerun(JUnit4Provider.java:275) [surefire-junit4-2.20.1.jar:2.20.1]
	at org.apache.maven.surefire.junit4.JUnit4Provider.executeTestSet(JUnit4Provider.java:239) [surefire-junit4-2.20.1.jar:2.20.1]
	at org.apache.maven.surefire.junit4.JUnit4Provider.invoke(JUnit4Provider.java:160) [surefire-junit4-2.20.1.jar:2.20.1]
	at org.apache.maven.surefire.booter.ForkedBooter.invokeProviderInSameClassLoader(ForkedBooter.java:373) [surefire-booter-2.20.1.jar:2.20.1]
	at org.apache.maven.surefire.booter.ForkedBooter.runSuitesInProcess(ForkedBooter.java:334) [surefire-booter-2.20.1.jar:2.20.1]
	at org.apache.maven.surefire.booter.ForkedBooter.execute(ForkedBooter.java:119) [surefire-booter-2.20.1.jar:2.20.1]
	at org.apache.maven.surefire.booter.ForkedBooter.main(ForkedBooter.java:407) [surefire-booter-2.20.1.jar:2.20.1]
[INFO] Tests run: 9, Failures: 0, Errors: 0, Skipped: 0, Time elapsed: 0.536 s - in org.sonar.java.xml.maven.PomParserTest
[INFO] Running org.sonar.java.ast.parser.grammar.statements.SwitchBlockStatementGroupTest
[INFO] Tests run: 1, Failures: 0, Errors: 0, Skipped: 0, Time elapsed: 0.002 s - in org.sonar.java.ast.parser.grammar.statements.SwitchBlockStatementGroupTest
[INFO] Running org.sonar.java.ast.parser.grammar.statements.ForStatementTest
[INFO] Tests run: 1, Failures: 0, Errors: 0, Skipped: 0, Time elapsed: 0.002 s - in org.sonar.java.ast.parser.grammar.statements.ForStatementTest
[INFO] Running org.sonar.java.se.NullableAnnotationUtilsTest
[INFO] Tests run: 4, Failures: 0, Errors: 0, Skipped: 0, Time elapsed: 0.985 s - in org.sonar.java.se.NullableAnnotationUtilsTest
[INFO] Running org.sonar.java.resolve.TypeAndReferenceSolverTest
[INFO] Tests run: 35, Failures: 0, Errors: 0, Skipped: 0, Time elapsed: 2.128 s - in org.sonar.java.resolve.TypeAndReferenceSolverTest
[INFO] Running org.sonar.java.collections.SinglyLinkedListTest
[INFO] Tests run: 8, Failures: 0, Errors: 0, Skipped: 0, Time elapsed: 0.205 s - in org.sonar.java.collections.SinglyLinkedListTest
[INFO] Running org.sonar.java.xml.XmlCheckContextImplTest
[INFO] Tests run: 17, Failures: 0, Errors: 0, Skipped: 0, Time elapsed: 0.825 s - in org.sonar.java.xml.XmlCheckContextImplTest
[INFO] Running org.sonar.java.ast.parser.grammar.types.TypeParametersTest
[INFO] Tests run: 1, Failures: 0, Errors: 0, Skipped: 0, Time elapsed: 0.001 s - in org.sonar.java.ast.parser.grammar.types.TypeParametersTest
[INFO] Running org.sonar.java.cfg.CFGTest
[INFO] Tests run: 71, Failures: 0, Errors: 0, Skipped: 0, Time elapsed: 0.599 s - in org.sonar.java.cfg.CFGTest
[INFO] Running org.sonar.java.ast.parser.grammar.statements.BlockStatementTest
[INFO] Tests run: 1, Failures: 0, Errors: 0, Skipped: 0, Time elapsed: 0 s - in org.sonar.java.ast.parser.grammar.statements.BlockStatementTest
[INFO] Running org.sonar.java.resolve.TypesTest
[INFO] Tests run: 2, Failures: 0, Errors: 0, Skipped: 0, Time elapsed: 0 s - in org.sonar.java.resolve.TypesTest
[INFO] Running org.sonar.java.ast.parser.grammar.parameters.VariableDeclaratorIdTest
[INFO] Tests run: 1, Failures: 0, Errors: 0, Skipped: 0, Time elapsed: 0.001 s - in org.sonar.java.ast.parser.grammar.parameters.VariableDeclaratorIdTest
[INFO] Running org.sonar.plugins.java.api.IssuableSubscriptionVisitorTest
11:41:40.725 INFO  org.sonar.squidbridge.ProgressReport - 1 source files to be analyzed
[INFO] Tests run: 1, Failures: 0, Errors: 0, Skipped: 0, Time elapsed: 0.179 s - in org.sonar.plugins.java.api.IssuableSubscriptionVisitorTest
[INFO] Running org.sonar.java.ast.parser.grammar.classes.ClassDeclarationTest
11:41:40.807 INFO  org.sonar.squidbridge.ProgressReport - 1/1 source files have been analyzed
[INFO] Tests run: 2, Failures: 0, Errors: 0, Skipped: 0, Time elapsed: 0.004 s - in org.sonar.java.ast.parser.grammar.classes.ClassDeclarationTest
[INFO] Running org.sonar.java.matcher.MethodMatcherCollectionTest
[INFO] Tests run: 9, Failures: 0, Errors: 0, Skipped: 0, Time elapsed: 0.075 s - in org.sonar.java.matcher.MethodMatcherCollectionTest
[INFO] Running org.sonar.java.model.declaration.RequiresDirectiveTreeImplTest
[INFO] Tests run: 4, Failures: 0, Errors: 0, Skipped: 0, Time elapsed: 0.086 s - in org.sonar.java.model.declaration.RequiresDirectiveTreeImplTest
[INFO] Running org.sonar.java.resolve.MethodJavaSymbolTest
11:41:41.170 INFO  org.sonar.squidbridge.ProgressReport - 1 source files to be analyzed
11:41:41.178 INFO  org.sonar.squidbridge.ProgressReport - 1/1 source files have been analyzed
11:41:41.246 INFO  org.sonar.squidbridge.ProgressReport - 1 source files to be analyzed
11:41:41.253 INFO  org.sonar.squidbridge.ProgressReport - 1/1 source files have been analyzed
11:41:41.256 INFO  org.sonar.squidbridge.ProgressReport - 1 source files to be analyzed
11:41:41.267 INFO  org.sonar.squidbridge.ProgressReport - 1/1 source files have been analyzed
11:41:41.529 INFO  org.sonar.squidbridge.ProgressReport - 1 source files to be analyzed
[INFO] Tests run: 4, Failures: 0, Errors: 0, Skipped: 0, Time elapsed: 0.554 s - in org.sonar.java.resolve.MethodJavaSymbolTest
[INFO] Running org.sonar.java.se.JavaCheckVerifierTest
11:41:41.534 INFO  org.sonar.squidbridge.ProgressReport - 1/1 source files have been analyzed
11:41:41.539 INFO  org.sonar.squidbridge.ProgressReport - 1 source files to be analyzed
11:41:41.544 INFO  org.sonar.squidbridge.ProgressReport - 1 source files to be analyzed
11:41:41.550 INFO  org.sonar.squidbridge.ProgressReport - 1/1 source files have been analyzed
11:41:41.555 INFO  org.sonar.squidbridge.ProgressReport - 1 source files to be analyzed
11:41:41.566 INFO  org.sonar.squidbridge.ProgressReport - 1/1 source files have been analyzed
11:41:41.572 INFO  org.sonar.squidbridge.ProgressReport - 1 source files to be analyzed
11:41:41.578 INFO  org.sonar.squidbridge.ProgressReport - 1 source files to be analyzed
11:41:41.583 INFO  org.sonar.squidbridge.ProgressReport - 1 source files to be analyzed
11:41:41.587 INFO  org.sonar.squidbridge.ProgressReport - 1/1 source files have been analyzed
11:41:41.590 INFO  org.sonar.squidbridge.ProgressReport - 1 source files to be analyzed
11:41:41.595 INFO  org.sonar.squidbridge.ProgressReport - 1/1 source files have been analyzed
11:41:41.599 INFO  org.sonar.squidbridge.ProgressReport - 1 source files to be analyzed
11:41:41.605 INFO  org.sonar.squidbridge.ProgressReport - 1/1 source files have been analyzed
11:41:41.608 INFO  org.sonar.squidbridge.ProgressReport - 1 source files to be analyzed
11:41:41.612 INFO  org.sonar.squidbridge.ProgressReport - 1 source files to be analyzed
11:41:41.619 INFO  org.sonar.squidbridge.ProgressReport - 1/1 source files have been analyzed
11:41:41.622 INFO  org.sonar.squidbridge.ProgressReport - 1 source files to be analyzed
11:41:41.628 INFO  org.sonar.squidbridge.ProgressReport - 1/1 source files have been analyzed
11:41:41.636 INFO  org.sonar.squidbridge.ProgressReport - 1 source files to be analyzed
11:41:41.644 INFO  org.sonar.squidbridge.ProgressReport - 1/1 source files have been analyzed
11:41:41.647 INFO  org.sonar.squidbridge.ProgressReport - 1 source files to be analyzed
11:41:41.652 INFO  org.sonar.squidbridge.ProgressReport - 1/1 source files have been analyzed
11:41:41.656 INFO  org.sonar.squidbridge.ProgressReport - 1 source files to be analyzed
11:41:41.664 INFO  org.sonar.squidbridge.ProgressReport - 1/1 source files have been analyzed
11:41:41.667 INFO  org.sonar.squidbridge.ProgressReport - 1 source files to be analyzed
11:41:41.673 INFO  org.sonar.squidbridge.ProgressReport - 1/1 source files have been analyzed
11:41:41.676 INFO  org.sonar.squidbridge.ProgressReport - 1 source files to be analyzed
11:41:41.684 INFO  org.sonar.squidbridge.ProgressReport - 1/1 source files have been analyzed
11:41:41.691 INFO  org.sonar.squidbridge.ProgressReport - 1 source files to be analyzed
11:41:41.702 INFO  org.sonar.squidbridge.ProgressReport - 1/1 source files have been analyzed
11:41:41.705 INFO  org.sonar.squidbridge.ProgressReport - 1 source files to be analyzed
11:41:41.710 INFO  org.sonar.squidbridge.ProgressReport - 1/1 source files have been analyzed
11:41:41.712 INFO  org.sonar.squidbridge.ProgressReport - 1 source files to be analyzed
11:41:41.718 INFO  org.sonar.squidbridge.ProgressReport - 1/1 source files have been analyzed
11:41:41.720 INFO  org.sonar.squidbridge.ProgressReport - 1 source files to be analyzed
11:41:41.725 INFO  org.sonar.squidbridge.ProgressReport - 1/1 source files have been analyzed
11:41:41.728 INFO  org.sonar.squidbridge.ProgressReport - 1 source files to be analyzed
11:41:41.733 INFO  org.sonar.squidbridge.ProgressReport - 1/1 source files have been analyzed
11:41:41.736 INFO  org.sonar.squidbridge.ProgressReport - 1 source files to be analyzed
11:41:41.741 INFO  org.sonar.squidbridge.ProgressReport - 1/1 source files have been analyzed
11:41:41.743 INFO  org.sonar.squidbridge.ProgressReport - 1 source files to be analyzed
11:41:41.751 INFO  org.sonar.squidbridge.ProgressReport - 1/1 source files have been analyzed
11:41:41.755 INFO  org.sonar.squidbridge.ProgressReport - 1 source files to be analyzed
11:41:41.760 INFO  org.sonar.squidbridge.ProgressReport - 1/1 source files have been analyzed
11:41:41.762 INFO  org.sonar.squidbridge.ProgressReport - 1 source files to be analyzed
11:41:41.769 INFO  org.sonar.squidbridge.ProgressReport - 1/1 source files have been analyzed
11:41:41.770 INFO  org.sonar.squidbridge.ProgressReport - 1 source files to be analyzed
11:41:41.776 INFO  org.sonar.squidbridge.ProgressReport - 1/1 source files have been analyzed
11:41:41.779 INFO  org.sonar.squidbridge.ProgressReport - 1 source files to be analyzed
11:41:41.786 INFO  org.sonar.squidbridge.ProgressReport - 1 source files to be analyzed
11:41:41.795 INFO  org.sonar.squidbridge.ProgressReport - 1/1 source files have been analyzed
11:41:41.798 INFO  org.sonar.squidbridge.ProgressReport - 1 source files to be analyzed
[INFO] Tests run: 30, Failures: 0, Errors: 0, Skipped: 0, Time elapsed: 0.267 s - in org.sonar.java.se.JavaCheckVerifierTest
[INFO] Running org.sonar.plugins.java.api.CheckRegistrarTest
[INFO] Tests run: 1, Failures: 0, Errors: 0, Skipped: 0, Time elapsed: 0 s - in org.sonar.plugins.java.api.CheckRegistrarTest
[INFO] Running org.sonar.java.se.checks.ConditionAlwaysTrueOrFalseCheckTest
11:41:41.806 INFO  org.sonar.squidbridge.ProgressReport - 1 source files to be analyzed
11:41:41.814 INFO  org.sonar.squidbridge.ProgressReport - 1/1 source files have been analyzed
11:41:41.818 INFO  org.sonar.squidbridge.ProgressReport - 1 source files to be analyzed
11:41:41.825 INFO  org.sonar.squidbridge.ProgressReport - 1/1 source files have been analyzed
11:41:41.828 INFO  org.sonar.squidbridge.ProgressReport - 1 source files to be analyzed
11:41:41.842 INFO  org.sonar.squidbridge.ProgressReport - 1/1 source files have been analyzed
11:41:41.846 INFO  org.sonar.squidbridge.ProgressReport - 1 source files to be analyzed
11:41:41.859 INFO  org.sonar.squidbridge.ProgressReport - 1/1 source files have been analyzed
11:41:41.863 INFO  org.sonar.squidbridge.ProgressReport - 1 source files to be analyzed
11:41:42.054 INFO  org.sonar.squidbridge.ProgressReport - 1/1 source files have been analyzed
11:41:42.195 INFO  org.sonar.squidbridge.ProgressReport - 1 source files to be analyzed
11:41:42.208 INFO  org.sonar.squidbridge.ProgressReport - 1/1 source files have been analyzed
11:41:42.211 INFO  org.sonar.squidbridge.ProgressReport - 1 source files to be analyzed
11:41:43.072 INFO  org.sonar.squidbridge.ProgressReport - 1/1 source files have been analyzed
11:41:43.076 INFO  org.sonar.squidbridge.ProgressReport - 1 source files to be analyzed
11:41:43.087 INFO  org.sonar.squidbridge.ProgressReport - 1/1 source files have been analyzed
11:41:43.091 INFO  org.sonar.squidbridge.ProgressReport - 1 source files to be analyzed
11:41:43.102 INFO  org.sonar.squidbridge.ProgressReport - 1/1 source files have been analyzed
11:41:43.105 INFO  org.sonar.squidbridge.ProgressReport - 1 source files to be analyzed
11:41:43.123 INFO  org.sonar.squidbridge.ProgressReport - 1/1 source files have been analyzed
[INFO] Tests run: 10, Failures: 0, Errors: 0, Skipped: 0, Time elapsed: 1.317 s - in org.sonar.java.se.checks.ConditionAlwaysTrueOrFalseCheckTest
[INFO] Running org.sonar.java.ast.parser.grammar.statements.SwitchLabelTest
[INFO] Tests run: 1, Failures: 0, Errors: 0, Skipped: 0, Time elapsed: 0 s - in org.sonar.java.ast.parser.grammar.statements.SwitchLabelTest
[INFO] Running org.sonar.java.resolve.MethodJavaTypeTest
[INFO] Tests run: 4, Failures: 0, Errors: 0, Skipped: 0, Time elapsed: 0 s - in org.sonar.java.resolve.MethodJavaTypeTest
[INFO] Running org.sonar.java.collections.PCollectionsTest
[INFO] Tests run: 2, Failures: 0, Errors: 0, Skipped: 0, Time elapsed: 0 s - in org.sonar.java.collections.PCollectionsTest
[INFO] Running org.sonar.plugins.java.api.LocationTest
[INFO] Tests run: 3, Failures: 0, Errors: 0, Skipped: 0, Time elapsed: 0 s - in org.sonar.plugins.java.api.LocationTest
[INFO] Running org.sonar.java.model.JavaVersionImplTest
11:41:43.129 WARN  org.sonar.java.model.JavaVersionImpl - Invalid java version (got "jdk1.6"). The version will be ignored. Accepted formats are "1.X", or simply "X" (for instance: "1.5" or "5", "1.6" or "6", "1.7" or "7", etc.)
[INFO] Tests run: 7, Failures: 0, Errors: 0, Skipped: 0, Time elapsed: 0 s - in org.sonar.java.model.JavaVersionImplTest
[INFO] Running org.sonar.java.model.declaration.ModuleDeclarationTreeImplTest
[INFO] Tests run: 3, Failures: 0, Errors: 0, Skipped: 0, Time elapsed: 0.103 s - in org.sonar.java.model.declaration.ModuleDeclarationTreeImplTest
[INFO] Running org.sonar.java.ast.parser.grammar.statements.LocalVariableDeclarationStatementTest
[INFO] Tests run: 1, Failures: 0, Errors: 0, Skipped: 0, Time elapsed: 0.002 s - in org.sonar.java.ast.parser.grammar.statements.LocalVariableDeclarationStatementTest
[INFO] Running org.sonar.java.resolve.FlagsTest
[INFO] Tests run: 2, Failures: 0, Errors: 0, Skipped: 0, Time elapsed: 0 s - in org.sonar.java.resolve.FlagsTest
[INFO] Running org.sonar.java.ast.parser.grammar.units.PackageDeclarationTest
[INFO] Tests run: 1, Failures: 0, Errors: 0, Skipped: 0, Time elapsed: 0.002 s - in org.sonar.java.ast.parser.grammar.units.PackageDeclarationTest
[INFO] Running org.sonar.java.se.checks.debug.DebugMethodYieldsOnInvocationsCheckTest
11:41:43.407 INFO  org.sonar.squidbridge.ProgressReport - 1 source files to be analyzed
11:41:43.417 INFO  org.sonar.squidbridge.ProgressReport - 1/1 source files have been analyzed
11:41:43.421 INFO  org.sonar.squidbridge.ProgressReport - 1 source files to be analyzed
11:41:43.439 INFO  org.sonar.squidbridge.ProgressReport - 1/1 source files have been analyzed
[INFO] Tests run: 2, Failures: 0, Errors: 0, Skipped: 0, Time elapsed: 0.188 s - in org.sonar.java.se.checks.debug.DebugMethodYieldsOnInvocationsCheckTest
[INFO] Running org.sonar.java.ast.parser.grammar.expressions.ExpressionTest
[INFO] Tests run: 3, Failures: 0, Errors: 0, Skipped: 0, Time elapsed: 0.012 s - in org.sonar.java.ast.parser.grammar.expressions.ExpressionTest
[INFO] Running org.sonar.java.ast.parser.grammar.literals.FloatLiteralTest
[INFO] Tests run: 2, Failures: 0, Errors: 0, Skipped: 0, Time elapsed: 0.01 s - in org.sonar.java.ast.parser.grammar.literals.FloatLiteralTest
[INFO] Running org.sonar.java.bytecode.cfg.BytecodeCFGBuilderTest
[INFO] Tests run: 12, Failures: 0, Errors: 0, Skipped: 0, Time elapsed: 0.6 s - in org.sonar.java.bytecode.cfg.BytecodeCFGBuilderTest
[INFO] Running org.sonar.java.se.checks.NoWayOutLoopCheckTest
11:41:44.071 INFO  org.sonar.squidbridge.ProgressReport - 1 source files to be analyzed
11:41:44.126 INFO  org.sonar.squidbridge.ProgressReport - 1/1 source files have been analyzed
[INFO] Tests run: 1, Failures: 0, Errors: 0, Skipped: 0, Time elapsed: 0.056 s - in org.sonar.java.se.checks.NoWayOutLoopCheckTest
[INFO] Running org.sonar.java.xml.XPathXmlCheckTest
[INFO] Tests run: 4, Failures: 0, Errors: 0, Skipped: 0, Time elapsed: 0.572 s - in org.sonar.java.xml.XPathXmlCheckTest
[INFO] Running org.sonar.java.se.ExplodedGraphWalkerTest
11:41:44.705 INFO  org.sonar.squidbridge.ProgressReport - 1 source files to be analyzed
11:41:44.723 INFO  org.sonar.squidbridge.ProgressReport - 1/1 source files have been analyzed
11:41:44.802 INFO  org.sonar.squidbridge.ProgressReport - 1 source files to be analyzed
11:41:44.812 INFO  org.sonar.squidbridge.ProgressReport - 1/1 source files have been analyzed
11:41:44.954 INFO  org.sonar.squidbridge.ProgressReport - 1 source files to be analyzed
11:41:44.961 INFO  org.sonar.squidbridge.ProgressReport - 1/1 source files have been analyzed
11:41:44.964 INFO  org.sonar.squidbridge.ProgressReport - 1 source files to be analyzed
11:41:44.974 INFO  org.sonar.squidbridge.ProgressReport - 1/1 source files have been analyzed
11:41:44.977 INFO  org.sonar.squidbridge.ProgressReport - 1 source files to be analyzed
11:41:44.987 INFO  org.sonar.squidbridge.ProgressReport - 1/1 source files have been analyzed
11:41:45.113 INFO  org.sonar.squidbridge.ProgressReport - 1 source files to be analyzed
11:41:45.121 INFO  org.sonar.squidbridge.ProgressReport - 1/1 source files have been analyzed
11:41:45.124 INFO  org.sonar.squidbridge.ProgressReport - 1 source files to be analyzed
11:41:45.129 INFO  org.sonar.squidbridge.ProgressReport - 1/1 source files have been analyzed
11:41:45.132 INFO  org.sonar.squidbridge.ProgressReport - 1 source files to be analyzed
11:41:45.141 INFO  org.sonar.squidbridge.ProgressReport - 1/1 source files have been analyzed
11:41:45.366 INFO  org.sonar.squidbridge.ProgressReport - 1 source files to be analyzed
11:41:45.375 INFO  org.sonar.squidbridge.ProgressReport - 1/1 source files have been analyzed
11:41:45.529 INFO  org.sonar.squidbridge.ProgressReport - 1 source files to be analyzed
11:41:46.065 INFO  org.sonar.squidbridge.ProgressReport - 1/1 source files have been analyzed
11:41:46.067 INFO  org.sonar.squidbridge.ProgressReport - 1 source files to be analyzed
11:41:46.077 INFO  org.sonar.squidbridge.ProgressReport - 1/1 source files have been analyzed
11:41:46.297 INFO  org.sonar.squidbridge.ProgressReport - 1 source files to be analyzed
11:41:46.304 INFO  org.sonar.squidbridge.ProgressReport - 1/1 source files have been analyzed
11:41:46.321 INFO  org.sonar.squidbridge.ProgressReport - 1 source files to be analyzed
11:41:46.365 INFO  org.sonar.squidbridge.ProgressReport - 1/1 source files have been analyzed
11:41:46.368 INFO  org.sonar.squidbridge.ProgressReport - 1 source files to be analyzed
11:41:46.402 INFO  org.sonar.squidbridge.ProgressReport - 1/1 source files have been analyzed
11:41:46.405 INFO  org.sonar.squidbridge.ProgressReport - 1 source files to be analyzed
11:41:46.424 INFO  org.sonar.squidbridge.ProgressReport - 1/1 source files have been analyzed
11:41:46.611 INFO  org.sonar.squidbridge.ProgressReport - 1 source files to be analyzed
11:41:46.617 INFO  org.sonar.squidbridge.ProgressReport - 1/1 source files have been analyzed
11:41:46.704 INFO  org.sonar.squidbridge.ProgressReport - 1 source files to be analyzed
11:41:47.069 INFO  org.sonar.squidbridge.ProgressReport - 1/1 source files have been analyzed
11:41:47.072 INFO  org.sonar.squidbridge.ProgressReport - 1 source files to be analyzed
11:41:47.087 INFO  org.sonar.squidbridge.ProgressReport - 1/1 source files have been analyzed
11:41:47.199 INFO  org.sonar.squidbridge.ProgressReport - 1 source files to be analyzed
11:41:47.210 INFO  org.sonar.squidbridge.ProgressReport - 1/1 source files have been analyzed
11:41:47.213 INFO  org.sonar.squidbridge.ProgressReport - 1 source files to be analyzed
11:41:47.220 INFO  org.sonar.squidbridge.ProgressReport - 1/1 source files have been analyzed
11:41:47.222 INFO  org.sonar.squidbridge.ProgressReport - 1 source files to be analyzed
11:41:51.790 INFO  org.sonar.squidbridge.ProgressReport - 1/1 source files have been analyzed
11:41:51.859 INFO  org.sonar.squidbridge.ProgressReport - 1 source files to be analyzed
11:41:51.865 INFO  org.sonar.squidbridge.ProgressReport - 1/1 source files have been analyzed
11:41:51.869 INFO  org.sonar.squidbridge.ProgressReport - 1 source files to be analyzed
11:41:51.899 INFO  org.sonar.squidbridge.ProgressReport - 1/1 source files have been analyzed
11:41:51.902 INFO  org.sonar.squidbridge.ProgressReport - 1 source files to be analyzed
11:41:51.914 INFO  org.sonar.squidbridge.ProgressReport - 1/1 source files have been analyzed
11:41:51.916 INFO  org.sonar.squidbridge.ProgressReport - 1 source files to be analyzed
11:41:51.924 INFO  org.sonar.squidbridge.ProgressReport - 1/1 source files have been analyzed
11:41:51.927 INFO  org.sonar.squidbridge.ProgressReport - 1 source files to be analyzed
11:41:51.936 INFO  org.sonar.squidbridge.ProgressReport - 1/1 source files have been analyzed
11:41:51.938 INFO  org.sonar.squidbridge.ProgressReport - 1 source files to be analyzed
11:41:51.947 INFO  org.sonar.squidbridge.ProgressReport - 1/1 source files have been analyzed
11:41:51.950 INFO  org.sonar.squidbridge.ProgressReport - 1 source files to be analyzed
11:41:51.959 INFO  org.sonar.squidbridge.ProgressReport - 1/1 source files have been analyzed
11:41:52.223 INFO  org.sonar.squidbridge.ProgressReport - 1 source files to be analyzed
11:41:52.230 INFO  org.sonar.squidbridge.ProgressReport - 1/1 source files have been analyzed
11:41:52.246 INFO  org.sonar.squidbridge.ProgressReport - 1 source files to be analyzed
11:41:52.252 INFO  org.sonar.squidbridge.ProgressReport - 1/1 source files have been analyzed
11:41:52.254 INFO  org.sonar.squidbridge.ProgressReport - 1 source files to be analyzed
11:41:52.459 INFO  org.sonar.squidbridge.ProgressReport - 1/1 source files have been analyzed
11:41:52.526 INFO  org.sonar.squidbridge.ProgressReport - 1 source files to be analyzed
11:41:52.531 INFO  org.sonar.squidbridge.ProgressReport - 1/1 source files have been analyzed
11:41:52.533 INFO  org.sonar.squidbridge.ProgressReport - 1 source files to be analyzed
11:41:53.932 INFO  org.sonar.squidbridge.ProgressReport - 1/1 source files have been analyzed
11:41:53.934 INFO  org.sonar.squidbridge.ProgressReport - 1 source files to be analyzed
11:41:53.942 INFO  org.sonar.squidbridge.ProgressReport - 1/1 source files have been analyzed
11:41:53.944 INFO  org.sonar.squidbridge.ProgressReport - 1 source files to be analyzed
11:41:53.951 INFO  org.sonar.squidbridge.ProgressReport - 1/1 source files have been analyzed
11:41:53.954 INFO  org.sonar.squidbridge.ProgressReport - 1 source files to be analyzed
11:41:53.965 INFO  org.sonar.squidbridge.ProgressReport - 1/1 source files have been analyzed
[INFO] Tests run: 31, Failures: 0, Errors: 0, Skipped: 0, Time elapsed: 9.261 s - in org.sonar.java.se.ExplodedGraphWalkerTest
[INFO] Running org.sonar.java.StrutsTest
11:41:54.743 INFO  org.sonar.java.JavaSquid - Java Main Files AST scan
11:41:54.743 INFO  org.sonar.squidbridge.ProgressReport - 134 source files to be analyzed
11:42:02.409 INFO  org.sonar.java.JavaSquid - Java Main Files AST scan (done) | time=7666ms
11:42:02.409 INFO  org.sonar.java.JavaSquid - Java Test Files AST scan
11:42:02.409 INFO  org.sonar.squidbridge.ProgressReport - 134/134 source files have been analyzed
11:42:02.409 INFO  org.sonar.squidbridge.ProgressReport - 0 source files to be analyzed
11:42:02.410 INFO  org.sonar.java.JavaSquid - Java Test Files AST scan (done) | time=1ms
11:42:02.410 INFO  org.sonar.squidbridge.ProgressReport - 0/0 source files have been analyzed
[INFO] Tests run: 1, Failures: 0, Errors: 0, Skipped: 0, Time elapsed: 8.449 s - in org.sonar.java.StrutsTest
[INFO] Running org.sonar.java.se.ExceptionUtilsTest
[INFO] Tests run: 1, Failures: 0, Errors: 0, Skipped: 0, Time elapsed: 0.009 s - in org.sonar.java.se.ExceptionUtilsTest
[INFO] Running org.sonar.java.ast.parser.grammar.types.TypeArgumentTest
[INFO] Tests run: 1, Failures: 0, Errors: 0, Skipped: 0, Time elapsed: 0 s - in org.sonar.java.ast.parser.grammar.types.TypeArgumentTest
[INFO] Running org.sonar.java.ast.parser.grammar.interfaces.InterfaceDeclarationTest
[INFO] Tests run: 2, Failures: 0, Errors: 0, Skipped: 0, Time elapsed: 0.002 s - in org.sonar.java.ast.parser.grammar.interfaces.InterfaceDeclarationTest
[INFO] Running org.sonar.java.model.ModifiersUtilsTest
[INFO] Tests run: 3, Failures: 0, Errors: 0, Skipped: 0, Time elapsed: 0.002 s - in org.sonar.java.model.ModifiersUtilsTest
[INFO] Running org.sonar.java.se.xproc.MethodBehaviorTest
[INFO] Tests run: 6, Failures: 0, Errors: 0, Skipped: 0, Time elapsed: 0.126 s - in org.sonar.java.se.xproc.MethodBehaviorTest
[INFO] Running org.sonar.java.ast.api.JavaTokenTypeTest
[INFO] Tests run: 1, Failures: 0, Errors: 0, Skipped: 0, Time elapsed: 0 s - in org.sonar.java.ast.api.JavaTokenTypeTest
[INFO] Running org.sonar.java.ast.parser.grammar.statements.SwitchStatementTest
[INFO] Tests run: 1, Failures: 0, Errors: 0, Skipped: 0, Time elapsed: 0 s - in org.sonar.java.ast.parser.grammar.statements.SwitchStatementTest
[INFO] Running org.sonar.java.ast.parser.grammar.units.ImportDeclarationTest
[INFO] Tests run: 1, Failures: 0, Errors: 0, Skipped: 0, Time elapsed: 0.001 s - in org.sonar.java.ast.parser.grammar.units.ImportDeclarationTest
[INFO] Running org.sonar.java.se.checks.StreamConsumedCheckTest
11:42:02.572 INFO  org.sonar.squidbridge.ProgressReport - 1 source files to be analyzed
11:42:02.591 INFO  org.sonar.squidbridge.ProgressReport - 1/1 source files have been analyzed
[INFO] Tests run: 1, Failures: 0, Errors: 0, Skipped: 0, Time elapsed: 0.021 s - in org.sonar.java.se.checks.StreamConsumedCheckTest
[INFO] Running org.sonar.java.ast.parser.grammar.units.TypeDeclarationTest
[INFO] Tests run: 2, Failures: 0, Errors: 0, Skipped: 0, Time elapsed: 0.002 s - in org.sonar.java.ast.parser.grammar.units.TypeDeclarationTest
[INFO] Running org.sonar.java.ast.parser.grammar.types.TypeParameterTest
[INFO] Tests run: 1, Failures: 0, Errors: 0, Skipped: 0, Time elapsed: 0.001 s - in org.sonar.java.ast.parser.grammar.types.TypeParameterTest
[INFO] Running org.sonar.java.ast.JavaAstScannerTest
11:42:02.903 INFO  org.sonar.squidbridge.ProgressReport - 1 source files to be analyzed
11:42:02.940 ERROR org.sonar.java.ast.JavaAstScanner - Unable to parse source file : /home/travis/build/failed/SonarSource/sonar-java/java-frontend/src/test/resources/AstScannerParseError.txt
11:42:02.940 ERROR org.sonar.java.ast.JavaAstScanner - Parse error at line 1 column 1:

1: {
   ^
2: 

11:42:02.941 INFO  org.sonar.squidbridge.ProgressReport - 1/1 source files have been analyzed
11:42:03.082 INFO  org.sonar.squidbridge.ProgressReport - 1 source files to be analyzed
11:42:03.089 INFO  org.sonar.squidbridge.ProgressReport - 1 source files to be analyzed
11:42:03.090 ERROR org.sonar.java.ast.JavaAstScanner - Unable to parse source file : /home/travis/build/failed/SonarSource/sonar-java/java-frontend/src/test/resources/AstScannerParseError.txt
11:42:03.090 ERROR org.sonar.java.ast.JavaAstScanner - Parse error at line 1 column 1:

1: {
   ^
2: 

11:42:03.090 INFO  org.sonar.squidbridge.ProgressReport - 1/1 source files have been analyzed
11:42:03.094 INFO  org.sonar.squidbridge.ProgressReport - 1 source files to be analyzed
11:42:03.100 INFO  org.sonar.squidbridge.ProgressReport - 1/1 source files have been analyzed
11:42:03.102 INFO  org.sonar.squidbridge.ProgressReport - 1 source files to be analyzed
11:42:03.107 INFO  org.sonar.squidbridge.ProgressReport - 1/1 source files have been analyzed
11:42:03.133 INFO  org.sonar.squidbridge.ProgressReport - 1 source files to be analyzed
11:42:03.143 ERROR org.sonar.java.model.VisitorsBridge - Unable to run check class org.sonar.java.se.SymbolicExecutionVisitor -  on file src/test/resources/se/MethodBehavior.java, To help improve SonarJava, please report this problem to SonarSource : see https://www.sonarqube.org/community/
java.lang.NullPointerException: nobody expect the spanish inquisition !
	at org.sonar.java.ast.JavaAstScannerTest$2.init(JavaAstScannerTest.java:204) ~[test-classes/:na]
	at org.sonar.java.se.CheckerDispatcher.init(CheckerDispatcher.java:147) ~[classes/:na]
	at org.sonar.java.se.ExplodedGraphWalker.execute(ExplodedGraphWalker.java:218) ~[classes/:na]
	at org.sonar.java.se.ExplodedGraphWalker.visitMethod(ExplodedGraphWalker.java:210) ~[classes/:na]
	at org.sonar.java.se.SymbolicExecutionVisitor.execute(SymbolicExecutionVisitor.java:74) ~[classes/:na]
	at org.sonar.java.se.SymbolicExecutionVisitor.visitNode(SymbolicExecutionVisitor.java:64) ~[classes/:na]
	at org.sonar.java.ast.visitors.SubscriptionVisitor.visit(SubscriptionVisitor.java:95) ~[classes/:na]
	at org.sonar.java.ast.visitors.SubscriptionVisitor.visitChildren(SubscriptionVisitor.java:120) ~[classes/:na]
	at org.sonar.java.ast.visitors.SubscriptionVisitor.visit(SubscriptionVisitor.java:97) ~[classes/:na]
	at org.sonar.java.ast.visitors.SubscriptionVisitor.visitChildren(SubscriptionVisitor.java:120) ~[classes/:na]
	at org.sonar.java.ast.visitors.SubscriptionVisitor.visit(SubscriptionVisitor.java:97) ~[classes/:na]
	at org.sonar.java.ast.visitors.SubscriptionVisitor.scanTree(SubscriptionVisitor.java:78) ~[classes/:na]
	at org.sonar.java.ast.visitors.SubscriptionVisitor.scanFile(SubscriptionVisitor.java:64) ~[classes/:na]
	at org.sonar.java.se.SymbolicExecutionVisitor.scanFile(SymbolicExecutionVisitor.java:54) ~[classes/:na]
	at org.sonar.java.model.VisitorsBridge.runScanner(VisitorsBridge.java:135) [classes/:na]
	at org.sonar.java.model.VisitorsBridge.visitFile(VisitorsBridge.java:124) [classes/:na]
	at org.sonar.java.ast.JavaAstScanner.simpleScan(JavaAstScanner.java:96) [classes/:na]
	at org.sonar.java.ast.JavaAstScanner.scan(JavaAstScanner.java:68) [classes/:na]
	at org.sonar.java.ast.JavaAstScannerTest.should_swallow_log_and_report_checks_exceptions_for_symbolic_execution(JavaAstScannerTest.java:207) [test-classes/:na]
	at sun.reflect.NativeMethodAccessorImpl.invoke0(Native Method) ~[na:1.8.0_151]
	at sun.reflect.NativeMethodAccessorImpl.invoke(NativeMethodAccessorImpl.java:62) ~[na:1.8.0_151]
	at sun.reflect.DelegatingMethodAccessorImpl.invoke(DelegatingMethodAccessorImpl.java:43) ~[na:1.8.0_151]
	at java.lang.reflect.Method.invoke(Method.java:498) ~[na:1.8.0_151]
	at org.junit.runners.model.FrameworkMethod$1.runReflectiveCall(FrameworkMethod.java:50) [junit-4.12.jar:4.12]
	at org.junit.internal.runners.model.ReflectiveCallable.run(ReflectiveCallable.java:12) [junit-4.12.jar:4.12]
	at org.junit.runners.model.FrameworkMethod.invokeExplosively(FrameworkMethod.java:47) [junit-4.12.jar:4.12]
	at org.junit.internal.runners.statements.InvokeMethod.evaluate(InvokeMethod.java:17) [junit-4.12.jar:4.12]
	at org.junit.internal.runners.statements.RunBefores.evaluate(RunBefores.java:26) [junit-4.12.jar:4.12]
	at org.junit.rules.ExternalResource$1.evaluate(ExternalResource.java:48) [junit-4.12.jar:4.12]
	at org.junit.rules.ExpectedException$ExpectedExceptionStatement.evaluate(ExpectedException.java:239) [junit-4.12.jar:4.12]
	at org.junit.rules.RunRules.evaluate(RunRules.java:20) [junit-4.12.jar:4.12]
	at org.junit.runners.ParentRunner.runLeaf(ParentRunner.java:325) [junit-4.12.jar:4.12]
	at org.junit.runners.BlockJUnit4ClassRunner.runChild(BlockJUnit4ClassRunner.java:78) [junit-4.12.jar:4.12]
	at org.junit.runners.BlockJUnit4ClassRunner.runChild(BlockJUnit4ClassRunner.java:57) [junit-4.12.jar:4.12]
	at org.junit.runners.ParentRunner$3.run(ParentRunner.java:290) [junit-4.12.jar:4.12]
	at org.junit.runners.ParentRunner$1.schedule(ParentRunner.java:71) [junit-4.12.jar:4.12]
	at org.junit.runners.ParentRunner.runChildren(ParentRunner.java:288) [junit-4.12.jar:4.12]
	at org.junit.runners.ParentRunner.access$000(ParentRunner.java:58) [junit-4.12.jar:4.12]
	at org.junit.runners.ParentRunner$2.evaluate(ParentRunner.java:268) [junit-4.12.jar:4.12]
	at org.junit.runners.ParentRunner.run(ParentRunner.java:363) [junit-4.12.jar:4.12]
	at org.apache.maven.surefire.junit4.JUnit4Provider.execute(JUnit4Provider.java:369) [surefire-junit4-2.20.1.jar:2.20.1]
	at org.apache.maven.surefire.junit4.JUnit4Provider.executeWithRerun(JUnit4Provider.java:275) [surefire-junit4-2.20.1.jar:2.20.1]
	at org.apache.maven.surefire.junit4.JUnit4Provider.executeTestSet(JUnit4Provider.java:239) [surefire-junit4-2.20.1.jar:2.20.1]
	at org.apache.maven.surefire.junit4.JUnit4Provider.invoke(JUnit4Provider.java:160) [surefire-junit4-2.20.1.jar:2.20.1]
	at org.apache.maven.surefire.booter.ForkedBooter.invokeProviderInSameClassLoader(ForkedBooter.java:373) [surefire-booter-2.20.1.jar:2.20.1]
	at org.apache.maven.surefire.booter.ForkedBooter.runSuitesInProcess(ForkedBooter.java:334) [surefire-booter-2.20.1.jar:2.20.1]
	at org.apache.maven.surefire.booter.ForkedBooter.execute(ForkedBooter.java:119) [surefire-booter-2.20.1.jar:2.20.1]
	at org.apache.maven.surefire.booter.ForkedBooter.main(ForkedBooter.java:407) [surefire-booter-2.20.1.jar:2.20.1]
11:42:03.144 INFO  org.sonar.squidbridge.ProgressReport - 1/1 source files have been analyzed
11:42:03.148 INFO  org.sonar.squidbridge.ProgressReport - 1 source files to be analyzed
11:42:03.155 INFO  org.sonar.squidbridge.ProgressReport - 1/1 source files have been analyzed
11:42:03.158 INFO  org.sonar.squidbridge.ProgressReport - 1 source files to be analyzed
11:42:03.172 INFO  org.sonar.squidbridge.ProgressReport - 1 source files to be analyzed
11:42:03.173 INFO  org.sonar.squidbridge.ProgressReport - 1 source files to be analyzed
11:42:03.365 ERROR org.sonar.java.model.VisitorsBridge - Unable to run check class org.sonar.java.ast.JavaAstScannerTest$CheckThrowingException -  on file src/test/resources/AstScannerNoParseError.txt, To help improve SonarJava, please report this problem to SonarSource : see https://www.sonarqube.org/community/
java.lang.NullPointerException: foo
	at org.sonar.java.ast.JavaAstScannerTest.should_swallow_log_and_report_checks_exceptions(JavaAstScannerTest.java:176) ~[test-classes/:na]
	at sun.reflect.NativeMethodAccessorImpl.invoke0(Native Method) ~[na:1.8.0_151]
	at sun.reflect.NativeMethodAccessorImpl.invoke(NativeMethodAccessorImpl.java:62) ~[na:1.8.0_151]
	at sun.reflect.DelegatingMethodAccessorImpl.invoke(DelegatingMethodAccessorImpl.java:43) ~[na:1.8.0_151]
	at java.lang.reflect.Method.invoke(Method.java:498) ~[na:1.8.0_151]
	at org.junit.runners.model.FrameworkMethod$1.runReflectiveCall(FrameworkMethod.java:50) ~[junit-4.12.jar:4.12]
	at org.junit.internal.runners.model.ReflectiveCallable.run(ReflectiveCallable.java:12) ~[junit-4.12.jar:4.12]
	at org.junit.runners.model.FrameworkMethod.invokeExplosively(FrameworkMethod.java:47) ~[junit-4.12.jar:4.12]
	at org.junit.internal.runners.statements.InvokeMethod.evaluate(InvokeMethod.java:17) ~[junit-4.12.jar:4.12]
	at org.junit.internal.runners.statements.RunBefores.evaluate(RunBefores.java:26) ~[junit-4.12.jar:4.12]
	at org.junit.rules.ExternalResource$1.evaluate(ExternalResource.java:48) ~[junit-4.12.jar:4.12]
	at org.junit.rules.ExpectedException$ExpectedExceptionStatement.evaluate(ExpectedException.java:239) ~[junit-4.12.jar:4.12]
	at org.junit.rules.RunRules.evaluate(RunRules.java:20) ~[junit-4.12.jar:4.12]
	at org.junit.runners.ParentRunner.runLeaf(ParentRunner.java:325) ~[junit-4.12.jar:4.12]
	at org.junit.runners.BlockJUnit4ClassRunner.runChild(BlockJUnit4ClassRunner.java:78) ~[junit-4.12.jar:4.12]
	at org.junit.runners.BlockJUnit4ClassRunner.runChild(BlockJUnit4ClassRunner.java:57) ~[junit-4.12.jar:4.12]
	at org.junit.runners.ParentRunner$3.run(ParentRunner.java:290) ~[junit-4.12.jar:4.12]
	at org.junit.runners.ParentRunner$1.schedule(ParentRunner.java:71) ~[junit-4.12.jar:4.12]
	at org.junit.runners.ParentRunner.runChildren(ParentRunner.java:288) ~[junit-4.12.jar:4.12]
	at org.junit.runners.ParentRunner.access$000(ParentRunner.java:58) ~[junit-4.12.jar:4.12]
	at org.junit.runners.ParentRunner$2.evaluate(ParentRunner.java:268) ~[junit-4.12.jar:4.12]
	at org.junit.runners.ParentRunner.run(ParentRunner.java:363) ~[junit-4.12.jar:4.12]
	at org.apache.maven.surefire.junit4.JUnit4Provider.execute(JUnit4Provider.java:369) ~[surefire-junit4-2.20.1.jar:2.20.1]
	at org.apache.maven.surefire.junit4.JUnit4Provider.executeWithRerun(JUnit4Provider.java:275) ~[surefire-junit4-2.20.1.jar:2.20.1]
	at org.apache.maven.surefire.junit4.JUnit4Provider.executeTestSet(JUnit4Provider.java:239) ~[surefire-junit4-2.20.1.jar:2.20.1]
	at org.apache.maven.surefire.junit4.JUnit4Provider.invoke(JUnit4Provider.java:160) ~[surefire-junit4-2.20.1.jar:2.20.1]
	at org.apache.maven.surefire.booter.ForkedBooter.invokeProviderInSameClassLoader(ForkedBooter.java:373) ~[surefire-booter-2.20.1.jar:2.20.1]
	at org.apache.maven.surefire.booter.ForkedBooter.runSuitesInProcess(ForkedBooter.java:334) ~[surefire-booter-2.20.1.jar:2.20.1]
	at org.apache.maven.surefire.booter.ForkedBooter.execute(ForkedBooter.java:119) ~[surefire-booter-2.20.1.jar:2.20.1]
	at org.apache.maven.surefire.booter.ForkedBooter.main(ForkedBooter.java:407) ~[surefire-booter-2.20.1.jar:2.20.1]
11:42:03.366 INFO  org.sonar.squidbridge.ProgressReport - 1/1 source files have been analyzed
11:42:03.414 INFO  org.sonar.squidbridge.ProgressReport - 1 source files to be analyzed
11:42:03.415 ERROR org.sonar.java.ast.JavaAstScanner - Unable to parse source file : /home/travis/build/failed/SonarSource/sonar-java/java-frontend/src/test/resources/AstScannerParseError.txt
11:42:03.415 ERROR org.sonar.java.ast.JavaAstScanner - Parse error at line 1 column 1:

1: {
   ^
2: 

11:42:03.417 ERROR org.sonar.java.model.VisitorsBridge - Unable to run check class org.sonar.java.ast.JavaAstScannerTest$AnnotatedCheck - AnnotatedCheck on file src/test/resources/AstScannerParseError.txt, To help improve SonarJava, please report this problem to SonarSource : see https://www.sonarqube.org/community/
java.lang.NullPointerException: foo
	at org.sonar.java.ast.JavaAstScannerTest.should_swallow_log_and_report_checks_exceptions(JavaAstScannerTest.java:186) ~[test-classes/:na]
	at sun.reflect.NativeMethodAccessorImpl.invoke0(Native Method) ~[na:1.8.0_151]
	at sun.reflect.NativeMethodAccessorImpl.invoke(NativeMethodAccessorImpl.java:62) ~[na:1.8.0_151]
	at sun.reflect.DelegatingMethodAccessorImpl.invoke(DelegatingMethodAccessorImpl.java:43) ~[na:1.8.0_151]
	at java.lang.reflect.Method.invoke(Method.java:498) ~[na:1.8.0_151]
	at org.junit.runners.model.FrameworkMethod$1.runReflectiveCall(FrameworkMethod.java:50) ~[junit-4.12.jar:4.12]
	at org.junit.internal.runners.model.ReflectiveCallable.run(ReflectiveCallable.java:12) ~[junit-4.12.jar:4.12]
	at org.junit.runners.model.FrameworkMethod.invokeExplosively(FrameworkMethod.java:47) ~[junit-4.12.jar:4.12]
	at org.junit.internal.runners.statements.InvokeMethod.evaluate(InvokeMethod.java:17) ~[junit-4.12.jar:4.12]
	at org.junit.internal.runners.statements.RunBefores.evaluate(RunBefores.java:26) ~[junit-4.12.jar:4.12]
	at org.junit.rules.ExternalResource$1.evaluate(ExternalResource.java:48) ~[junit-4.12.jar:4.12]
	at org.junit.rules.ExpectedException$ExpectedExceptionStatement.evaluate(ExpectedException.java:239) ~[junit-4.12.jar:4.12]
	at org.junit.rules.RunRules.evaluate(RunRules.java:20) ~[junit-4.12.jar:4.12]
	at org.junit.runners.ParentRunner.runLeaf(ParentRunner.java:325) ~[junit-4.12.jar:4.12]
	at org.junit.runners.BlockJUnit4ClassRunner.runChild(BlockJUnit4ClassRunner.java:78) ~[junit-4.12.jar:4.12]
	at org.junit.runners.BlockJUnit4ClassRunner.runChild(BlockJUnit4ClassRunner.java:57) ~[junit-4.12.jar:4.12]
	at org.junit.runners.ParentRunner$3.run(ParentRunner.java:290) ~[junit-4.12.jar:4.12]
	at org.junit.runners.ParentRunner$1.schedule(ParentRunner.java:71) ~[junit-4.12.jar:4.12]
	at org.junit.runners.ParentRunner.runChildren(ParentRunner.java:288) ~[junit-4.12.jar:4.12]
	at org.junit.runners.ParentRunner.access$000(ParentRunner.java:58) ~[junit-4.12.jar:4.12]
	at org.junit.runners.ParentRunner$2.evaluate(ParentRunner.java:268) ~[junit-4.12.jar:4.12]
	at org.junit.runners.ParentRunner.run(ParentRunner.java:363) ~[junit-4.12.jar:4.12]
	at org.apache.maven.surefire.junit4.JUnit4Provider.execute(JUnit4Provider.java:369) ~[surefire-junit4-2.20.1.jar:2.20.1]
	at org.apache.maven.surefire.junit4.JUnit4Provider.executeWithRerun(JUnit4Provider.java:275) ~[surefire-junit4-2.20.1.jar:2.20.1]
	at org.apache.maven.surefire.junit4.JUnit4Provider.executeTestSet(JUnit4Provider.java:239) ~[surefire-junit4-2.20.1.jar:2.20.1]
	at org.apache.maven.surefire.junit4.JUnit4Provider.invoke(JUnit4Provider.java:160) ~[surefire-junit4-2.20.1.jar:2.20.1]
	at org.apache.maven.surefire.booter.ForkedBooter.invokeProviderInSameClassLoader(ForkedBooter.java:373) ~[surefire-booter-2.20.1.jar:2.20.1]
	at org.apache.maven.surefire.booter.ForkedBooter.runSuitesInProcess(ForkedBooter.java:334) ~[surefire-booter-2.20.1.jar:2.20.1]
	at org.apache.maven.surefire.booter.ForkedBooter.execute(ForkedBooter.java:119) ~[surefire-booter-2.20.1.jar:2.20.1]
	at org.apache.maven.surefire.booter.ForkedBooter.main(ForkedBooter.java:407) ~[surefire-booter-2.20.1.jar:2.20.1]
11:42:03.418 INFO  org.sonar.squidbridge.ProgressReport - 1/1 source files have been analyzed
11:42:03.475 INFO  org.sonar.squidbridge.ProgressReport - 1 source files to be analyzed
11:42:03.475 ERROR org.sonar.java.ast.JavaAstScanner - A stack overflow error occured while analyzing file: /home/travis/build/failed/SonarSource/sonar-java/java-frontend/src/test/resources/AstScannerNoParseError.txt
[INFO] Tests run: 11, Failures: 0, Errors: 0, Skipped: 0, Time elapsed: 0.878 s - in org.sonar.java.ast.JavaAstScannerTest
[INFO] Running org.sonar.plugins.java.api.tree.TreeTest
[INFO] Tests run: 1, Failures: 0, Errors: 0, Skipped: 0, Time elapsed: 0 s - in org.sonar.plugins.java.api.tree.TreeTest
[INFO] Running org.sonar.java.ast.visitors.PublicApiCheckerTest
[INFO] Tests run: 2, Failures: 0, Errors: 0, Skipped: 0, Time elapsed: 0.036 s - in org.sonar.java.ast.visitors.PublicApiCheckerTest
[INFO] Running org.sonar.java.model.VisitorsBridgeForTestsTest
[INFO] Tests run: 1, Failures: 0, Errors: 0, Skipped: 0, Time elapsed: 0.044 s - in org.sonar.java.model.VisitorsBridgeForTestsTest
[INFO] Running org.sonar.java.se.checks.debug.DebugMethodYieldsCheckTest
11:42:03.564 INFO  org.sonar.squidbridge.ProgressReport - 1 source files to be analyzed
11:42:03.576 INFO  org.sonar.squidbridge.ProgressReport - 1/1 source files have been analyzed
11:42:03.580 INFO  org.sonar.squidbridge.ProgressReport - 1 source files to be analyzed
11:42:03.587 INFO  org.sonar.squidbridge.ProgressReport - 1/1 source files have been analyzed
[INFO] Tests run: 2, Failures: 0, Errors: 0, Skipped: 0, Time elapsed: 0.024 s - in org.sonar.java.se.checks.debug.DebugMethodYieldsCheckTest
[INFO] Running org.sonar.java.bytecode.loader.SquidClassLoaderTest
[INFO] Tests run: 12, Failures: 0, Errors: 0, Skipped: 0, Time elapsed: 0.046 s - in org.sonar.java.bytecode.loader.SquidClassLoaderTest
[INFO] Running org.sonar.java.ast.visitors.AccessorsUtilsTest
[INFO] Tests run: 15, Failures: 0, Errors: 0, Skipped: 0, Time elapsed: 0.041 s - in org.sonar.java.ast.visitors.AccessorsUtilsTest
[INFO] Running org.sonar.java.cfg.LiveVariablesTest
[INFO] Tests run: 10, Failures: 0, Errors: 0, Skipped: 0, Time elapsed: 0.092 s - in org.sonar.java.cfg.LiveVariablesTest
[INFO] Running org.sonar.java.model.TreeTokenCompletenessTest
11:42:03.808 INFO  org.sonar.squidbridge.ProgressReport - 1 source files to be analyzed
11:42:03.832 INFO  org.sonar.squidbridge.ProgressReport - 1/1 source files have been analyzed
[INFO] Tests run: 1, Failures: 0, Errors: 0, Skipped: 0, Time elapsed: 0.057 s - in org.sonar.java.model.TreeTokenCompletenessTest
[INFO] Running org.sonar.java.resolve.MethodReferenceResolutionTest
[INFO] Tests run: 9, Failures: 0, Errors: 0, Skipped: 0, Time elapsed: 0.064 s - in org.sonar.java.resolve.MethodReferenceResolutionTest
[INFO] Running org.sonar.java.ast.parser.grammar.literals.StringLiteralTest
[INFO] Tests run: 2, Failures: 0, Errors: 0, Skipped: 0, Time elapsed: 0 s - in org.sonar.java.ast.parser.grammar.literals.StringLiteralTest
[INFO] Running org.sonar.java.ast.visitors.ComplexityVisitorTest
[INFO] Tests run: 3, Failures: 0, Errors: 0, Skipped: 0, Time elapsed: 0.005 s - in org.sonar.java.ast.visitors.ComplexityVisitorTest
[INFO] Running org.sonar.java.ast.parser.grammar.enums.EnumDeclarationTest
[INFO] Tests run: 2, Failures: 0, Errors: 0, Skipped: 0, Time elapsed: 0.001 s - in org.sonar.java.ast.parser.grammar.enums.EnumDeclarationTest
[INFO] Running org.sonar.java.ast.parser.grammar.parameters.FormalParameterDeclsTest
[INFO] Tests run: 1, Failures: 0, Errors: 0, Skipped: 0, Time elapsed: 0.001 s - in org.sonar.java.ast.parser.grammar.parameters.FormalParameterDeclsTest
[INFO] Running org.sonar.java.se.checks.OptionalGetBeforeIsPresentCheckTest
11:42:03.918 INFO  org.sonar.squidbridge.ProgressReport - 1 source files to be analyzed
11:42:03.943 INFO  org.sonar.squidbridge.ProgressReport - 1/1 source files have been analyzed
11:42:03.946 INFO  org.sonar.squidbridge.ProgressReport - 1 source files to be analyzed
11:42:03.963 INFO  org.sonar.squidbridge.ProgressReport - 1/1 source files have been analyzed
[INFO] Tests run: 2, Failures: 0, Errors: 0, Skipped: 0, Time elapsed: 0.046 s - in org.sonar.java.se.checks.OptionalGetBeforeIsPresentCheckTest
[INFO] Running org.sonar.java.ast.visitors.SonarSymbolTableVisitorTest
11:42:03.968 INFO  org.sonar.squidbridge.ProgressReport - 1 source files to be analyzed
11:42:03.978 INFO  org.sonar.squidbridge.ProgressReport - 1/1 source files have been analyzed
[INFO] Tests run: 1, Failures: 0, Errors: 0, Skipped: 0, Time elapsed: 0.014 s - in org.sonar.java.ast.visitors.SonarSymbolTableVisitorTest
[INFO] Running org.sonar.java.model.declaration.ProvidesDirectiveTreeImplTest
[INFO] Tests run: 2, Failures: 0, Errors: 0, Skipped: 0, Time elapsed: 0.035 s - in org.sonar.java.model.declaration.ProvidesDirectiveTreeImplTest
[INFO] Running org.sonar.java.resolve.BytecodeCompleterTest
11:42:04.327 WARN  o.sonar.java.resolve.BytecodeVisitor - bridge method setSliderMinValue not marked as synthetic in class model42/PresentationModel42
11:42:04.327 WARN  o.sonar.java.resolve.BytecodeVisitor - bridge method setSliderMaxValue not marked as synthetic in class model42/PresentationModel42
11:42:04.327 WARN  o.sonar.java.resolve.BytecodeVisitor - bridge method setSliderValue not marked as synthetic in class model42/PresentationModel42
11:42:04.327 WARN  o.sonar.java.resolve.BytecodeVisitor - bridge method setSliderEnabled not marked as synthetic in class model42/PresentationModel42
11:42:04.327 WARN  o.sonar.java.resolve.BytecodeVisitor - bridge method setAutoSliderCheckboxSelected not marked as synthetic in class model42/PresentationModel42
11:42:04.327 WARN  o.sonar.java.resolve.BytecodeVisitor - bridge method setAutoSliderCheckboxEnabled not marked as synthetic in class model42/PresentationModel42
11:42:04.327 WARN  o.sonar.java.resolve.BytecodeVisitor - bridge method setAutoSliderLowerLimit not marked as synthetic in class model42/PresentationModel42
11:42:04.328 WARN  o.sonar.java.resolve.BytecodeVisitor - bridge method setAutoSliderUpperLimit not marked as synthetic in class model42/PresentationModel42
11:42:04.328 WARN  o.sonar.java.resolve.BytecodeVisitor - bridge method setDoPaintAutoSliderRange not marked as synthetic in class model42/PresentationModel42
11:42:04.328 WARN  o.sonar.java.resolve.BytecodeVisitor - bridge method setCpuLoadSetpointPercentage not marked as synthetic in class model42/PresentationModel42
11:42:04.328 WARN  o.sonar.java.resolve.BytecodeVisitor - bridge method setAdjustIntervalSeconds not marked as synthetic in class model42/PresentationModel42
11:42:04.328 WARN  o.sonar.java.resolve.BytecodeVisitor - bridge method setActualNumberOfWorkers not marked as synthetic in class model42/PresentationModel42
[INFO] Tests run: 39, Failures: 0, Errors: 0, Skipped: 0, Time elapsed: 0.735 s - in org.sonar.java.resolve.BytecodeCompleterTest
[INFO] Running org.sonar.java.ast.parser.grammar.statements.VariableDeclaratorsTest
[INFO] Tests run: 1, Failures: 0, Errors: 0, Skipped: 0, Time elapsed: 0 s - in org.sonar.java.ast.parser.grammar.statements.VariableDeclaratorsTest
[INFO] Running org.sonar.java.se.checks.debug.DebugInterruptedExecutionCheckTest
11:42:04.760 INFO  org.sonar.squidbridge.ProgressReport - 1 source files to be analyzed
[INFO] Tests run: 1, Failures: 0, Errors: 0, Skipped: 0, Time elapsed: 0.012 s - in org.sonar.java.se.checks.debug.DebugInterruptedExecutionCheckTest
11:42:04.770 INFO  org.sonar.squidbridge.ProgressReport - 1/1 source files have been analyzed
[INFO] Running org.sonar.java.JavaClasspathTest
11:42:04.772 INFO  org.sonar.java.JavaClasspath - JavaClasspath initialization
11:42:04.773 ERROR org.sonar.java.AbstractJavaClasspath - Invalid value for sonar.java.libraries
11:42:04.773 INFO  org.sonar.java.JavaClasspath - JavaClasspath initialization
11:42:04.774 INFO  org.sonar.java.JavaClasspath - JavaClasspath initialization (done) | time=1ms
11:42:04.774 INFO  org.sonar.java.JavaClasspath - JavaClasspath initialization
11:42:04.793 INFO  org.sonar.java.JavaClasspath - JavaClasspath initialization (done) | time=19ms
11:42:04.794 INFO  org.sonar.java.JavaClasspath - JavaClasspath initialization
11:42:04.797 INFO  org.sonar.java.JavaClasspath - JavaClasspath initialization (done) | time=3ms
11:42:04.797 INFO  org.sonar.java.JavaClasspath - JavaClasspath initialization
11:42:04.797 WARN  org.sonar.java.JavaClasspath - Bytecode of dependencies was not provided for analysis of source files, you might end up with less precise results. Bytecode can be provided using sonar.java.libraries property
11:42:04.798 INFO  org.sonar.java.JavaClasspath - JavaClasspath initialization (done) | time=1ms
11:42:04.801 INFO  org.sonar.java.JavaClasspath - JavaClasspath initialization
11:42:04.802 INFO  org.sonar.java.JavaClasspath - JavaClasspath initialization (done) | time=1ms
11:42:04.802 INFO  org.sonar.java.JavaClasspath - JavaClasspath initialization
11:42:04.803 INFO  org.sonar.java.JavaClasspath - JavaClasspath initialization (done) | time=1ms
11:42:04.803 INFO  org.sonar.java.JavaClasspath - JavaClasspath initialization
11:42:04.804 INFO  org.sonar.java.JavaClasspath - JavaClasspath initialization (done) | time=1ms
11:42:04.804 INFO  org.sonar.java.JavaClasspath - JavaClasspath initialization
11:42:04.804 WARN  org.sonar.java.JavaClasspath - Bytecode of dependencies was not provided for analysis of source files, you might end up with less precise results. Bytecode can be provided using sonar.java.libraries property
11:42:04.804 INFO  org.sonar.java.JavaClasspath - JavaClasspath initialization (done) | time=0ms
11:42:04.804 INFO  org.sonar.java.JavaClasspath - JavaClasspath initialization
11:42:04.805 INFO  org.sonar.java.JavaClasspath - JavaClasspath initialization (done) | time=1ms
11:42:04.805 INFO  org.sonar.java.JavaClasspath - JavaClasspath initialization
11:42:04.805 INFO  org.sonar.java.JavaClasspath - JavaClasspath initialization (done) | time=0ms
11:42:04.806 INFO  org.sonar.java.JavaClasspath - JavaClasspath initialization
11:42:04.806 INFO  org.sonar.java.JavaClasspath - JavaClasspath initialization (done) | time=0ms
11:42:04.806 INFO  org.sonar.java.JavaClasspath - JavaClasspath initialization
11:42:04.807 INFO  org.sonar.java.JavaClasspath - JavaClasspath initialization (done) | time=1ms
11:42:04.807 INFO  org.sonar.java.JavaClasspath - JavaClasspath initialization
11:42:04.808 INFO  org.sonar.java.JavaClasspath - JavaClasspath initialization (done) | time=1ms
11:42:04.808 INFO  org.sonar.java.JavaClasspath - JavaClasspath initialization
11:42:04.808 ERROR org.sonar.java.AbstractJavaClasspath - Invalid value for sonar.java.libraries
11:42:04.809 INFO  org.sonar.java.JavaClasspath - JavaClasspath initialization
11:42:04.809 INFO  org.sonar.java.JavaClasspath - JavaClasspath initialization (done) | time=0ms
11:42:04.810 INFO  org.sonar.java.JavaClasspath - JavaClasspath initialization
11:42:04.810 INFO  org.sonar.java.JavaClasspath - JavaClasspath initialization (done) | time=0ms
11:42:04.810 INFO  org.sonar.java.JavaClasspath - JavaClasspath initialization
11:42:04.811 INFO  org.sonar.java.JavaClasspath - JavaClasspath initialization (done) | time=1ms
11:42:04.811 INFO  org.sonar.java.JavaClasspath - JavaClasspath initialization
11:42:04.812 ERROR org.sonar.java.AbstractJavaClasspath - Invalid value for sonar.java.binaries
11:42:04.812 INFO  org.sonar.java.JavaClasspath - JavaClasspath initialization
11:42:04.812 INFO  org.sonar.java.JavaClasspath - JavaClasspath initialization
11:42:04.814 INFO  org.sonar.java.JavaClasspath - JavaClasspath initialization (done) | time=2ms
11:42:04.815 INFO  org.sonar.java.JavaClasspath - JavaClasspath initialization
11:42:04.815 WARN  org.sonar.java.JavaClasspath - Bytecode of dependencies was not provided for analysis of source files, you might end up with less precise results. Bytecode can be provided using sonar.java.libraries property
11:42:04.815 INFO  org.sonar.java.JavaClasspath - JavaClasspath initialization (done) | time=0ms
11:42:04.815 INFO  org.sonar.java.JavaClasspath - JavaClasspath initialization
11:42:04.815 INFO  org.sonar.java.JavaClasspath - JavaClasspath initialization (done) | time=0ms
11:42:04.815 INFO  org.sonar.java.JavaClasspath - JavaClasspath initialization
11:42:04.816 INFO  org.sonar.java.JavaClasspath - JavaClasspath initialization
11:42:04.816 WARN  org.sonar.java.JavaClasspath - Bytecode of dependencies was not provided for analysis of source files, you might end up with less precise results. Bytecode can be provided using sonar.java.libraries property
11:42:04.816 INFO  org.sonar.java.JavaClasspath - JavaClasspath initialization (done) | time=0ms
11:42:04.816 INFO  org.sonar.java.JavaClasspath - JavaClasspath initialization
11:42:04.816 WARN  org.sonar.java.JavaClasspath - sonar.java.binaries is empty, please double check your configuration
11:42:04.816 WARN  org.sonar.java.JavaClasspath - Bytecode of dependencies was not provided for analysis of source files, you might end up with less precise results. Bytecode can be provided using sonar.java.libraries property
11:42:04.816 INFO  org.sonar.java.JavaClasspath - JavaClasspath initialization (done) | time=0ms
11:42:04.816 INFO  org.sonar.java.JavaClasspath - JavaClasspath initialization
11:42:04.817 INFO  org.sonar.java.JavaClasspath - JavaClasspath initialization (done) | time=1ms
11:42:04.817 INFO  org.sonar.java.JavaClasspath - JavaClasspath initialization
11:42:04.817 INFO  org.sonar.java.JavaClasspath - JavaClasspath initialization (done) | time=0ms
11:42:04.818 INFO  org.sonar.java.JavaClasspath - JavaClasspath initialization
11:42:04.818 INFO  org.sonar.java.JavaClasspath - JavaClasspath initialization
11:42:04.818 INFO  org.sonar.java.JavaClasspath - JavaClasspath initialization (done) | time=0ms
[INFO] Tests run: 29, Failures: 0, Errors: 0, Skipped: 0, Time elapsed: 0.046 s - in org.sonar.java.JavaClasspathTest
[INFO] Running org.sonar.java.xml.XmlParserTest
11:42:04.912 ERROR org.sonar.java.xml.XmlParser - Unable to parse xml file: src/test/files/xml/parsing-issue.xml
11:42:04.932 DEBUG org.sonar.java.xml.XmlParser - XML file parsing failed because of : org.xml.sax.SAXParseException; systemId: file:/home/travis/build/failed/SonarSource/sonar-java/java-frontend/src/test/files/xml/parsing-issue.xml; lineNumber: 2; columnNumber: 1; XML document structures must start and end within the same entity.
	at com.sun.org.apache.xerces.internal.util.ErrorHandlerWrapper.createSAXParseException(ErrorHandlerWrapper.java:203)
	at com.sun.org.apache.xerces.internal.util.ErrorHandlerWrapper.fatalError(ErrorHandlerWrapper.java:177)
	at com.sun.org.apache.xerces.internal.impl.XMLErrorReporter.reportError(XMLErrorReporter.java:400)
	at com.sun.org.apache.xerces.internal.impl.XMLErrorReporter.reportError(XMLErrorReporter.java:327)
	at com.sun.org.apache.xerces.internal.impl.XMLScanner.reportFatalError(XMLScanner.java:1472)
	at com.sun.org.apache.xerces.internal.impl.XMLDocumentFragmentScannerImpl.endEntity(XMLDocumentFragmentScannerImpl.java:899)
	at com.sun.org.apache.xerces.internal.impl.XMLDocumentScannerImpl.endEntity(XMLDocumentScannerImpl.java:559)
	at com.sun.org.apache.xerces.internal.impl.XMLEntityManager.endEntity(XMLEntityManager.java:1398)
	at com.sun.org.apache.xerces.internal.impl.XMLEntityScanner.load(XMLEntityScanner.java:1916)
	at com.sun.org.apache.xerces.internal.impl.XMLEntityScanner.skipChar(XMLEntityScanner.java:1551)
	at com.sun.org.apache.xerces.internal.impl.XMLDocumentFragmentScannerImpl$FragmentContentDriver.next(XMLDocumentFragmentScannerImpl.java:2821)
	at com.sun.org.apache.xerces.internal.impl.XMLDocumentScannerImpl.next(XMLDocumentScannerImpl.java:602)
	at com.sun.org.apache.xerces.internal.impl.XMLDocumentFragmentScannerImpl.scanDocument(XMLDocumentFragmentScannerImpl.java:505)
	at com.sun.org.apache.xerces.internal.parsers.XML11Configuration.parse(XML11Configuration.java:841)
	at com.sun.org.apache.xerces.internal.parsers.XML11Configuration.parse(XML11Configuration.java:770)
	at com.sun.org.apache.xerces.internal.parsers.XMLParser.parse(XMLParser.java:141)
	at com.sun.org.apache.xerces.internal.parsers.AbstractSAXParser.parse(AbstractSAXParser.java:1213)
	at com.sun.org.apache.xerces.internal.jaxp.SAXParserImpl$JAXPSAXParser.parse(SAXParserImpl.java:643)
	at com.sun.org.apache.xerces.internal.jaxp.SAXParserImpl.parse(SAXParserImpl.java:327)
	at javax.xml.parsers.SAXParser.parse(SAXParser.java:328)
	at org.sonar.java.xml.XmlParser.parseXML(XmlParser.java:64)
	at org.sonar.java.xml.XmlParserTest.should_return_null_when_encountering_parsing_issue(XmlParserTest.java:69)
	at sun.reflect.NativeMethodAccessorImpl.invoke0(Native Method)
	at sun.reflect.NativeMethodAccessorImpl.invoke(NativeMethodAccessorImpl.java:62)
	at sun.reflect.DelegatingMethodAccessorImpl.invoke(DelegatingMethodAccessorImpl.java:43)
	at java.lang.reflect.Method.invoke(Method.java:498)
	at org.junit.runners.model.FrameworkMethod$1.runReflectiveCall(FrameworkMethod.java:50)
	at org.junit.internal.runners.model.ReflectiveCallable.run(ReflectiveCallable.java:12)
	at org.junit.runners.model.FrameworkMethod.invokeExplosively(FrameworkMethod.java:47)
	at org.junit.internal.runners.statements.InvokeMethod.evaluate(InvokeMethod.java:17)
	at org.junit.internal.runners.statements.RunBefores.evaluate(RunBefores.java:26)
	at org.junit.rules.ExternalResource$1.evaluate(ExternalResource.java:48)
	at org.junit.rules.RunRules.evaluate(RunRules.java:20)
	at org.junit.runners.ParentRunner.runLeaf(ParentRunner.java:325)
	at org.junit.runners.BlockJUnit4ClassRunner.runChild(BlockJUnit4ClassRunner.java:78)
	at org.junit.runners.BlockJUnit4ClassRunner.runChild(BlockJUnit4ClassRunner.java:57)
	at org.junit.runners.ParentRunner$3.run(ParentRunner.java:290)
	at org.junit.runners.ParentRunner$1.schedule(ParentRunner.java:71)
	at org.junit.runners.ParentRunner.runChildren(ParentRunner.java:288)
	at org.junit.runners.ParentRunner.access$000(ParentRunner.java:58)
	at org.junit.runners.ParentRunner$2.evaluate(ParentRunner.java:268)
	at org.junit.runners.ParentRunner.run(ParentRunner.java:363)
	at org.apache.maven.surefire.junit4.JUnit4Provider.execute(JUnit4Provider.java:369)
	at org.apache.maven.surefire.junit4.JUnit4Provider.executeWithRerun(JUnit4Provider.java:275)
	at org.apache.maven.surefire.junit4.JUnit4Provider.executeTestSet(JUnit4Provider.java:239)
	at org.apache.maven.surefire.junit4.JUnit4Provider.invoke(JUnit4Provider.java:160)
	at org.apache.maven.surefire.booter.ForkedBooter.invokeProviderInSameClassLoader(ForkedBooter.java:373)
	at org.apache.maven.surefire.booter.ForkedBooter.runSuitesInProcess(ForkedBooter.java:334)
	at org.apache.maven.surefire.booter.ForkedBooter.execute(ForkedBooter.java:119)
	at org.apache.maven.surefire.booter.ForkedBooter.main(ForkedBooter.java:407)

11:42:04.980 ERROR org.sonar.java.xml.XmlParser - Unable to parse xml file: src/test/files/xml/parsing-issue.xml
11:42:04.982 WARN  org.sonar.java.xml.XmlParser - File src/test/files/xml/empty.xml is empty and won't be analyzed.
[INFO] Tests run: 8, Failures: 0, Errors: 0, Skipped: 0, Time elapsed: 0.161 s - in org.sonar.java.xml.XmlParserTest
[INFO] Running org.sonar.java.model.declaration.OpensDirectiveTreeImplTest
[INFO] Tests run: 3, Failures: 0, Errors: 0, Skipped: 0, Time elapsed: 0.051 s - in org.sonar.java.model.declaration.OpensDirectiveTreeImplTest
[INFO] Running org.sonar.java.ast.parser.grammar.types.TypeTest
[INFO] Tests run: 1, Failures: 0, Errors: 0, Skipped: 0, Time elapsed: 0 s - in org.sonar.java.ast.parser.grammar.types.TypeTest
[INFO] Running org.sonar.java.se.xproc.HappyPathYieldTest
[INFO] Tests run: 3, Failures: 0, Errors: 0, Skipped: 0, Time elapsed: 0.005 s - in org.sonar.java.se.xproc.HappyPathYieldTest
[INFO] Running org.sonar.java.bytecode.se.BytecodeEGWalkerExecuteTest
[INFO] Tests run: 73, Failures: 0, Errors: 0, Skipped: 0, Time elapsed: 0.927 s - in org.sonar.java.bytecode.se.BytecodeEGWalkerExecuteTest
[INFO] Running org.sonar.java.matcher.MethodMatcherTest
11:42:06.027 INFO  org.sonar.squidbridge.ProgressReport - 1 source files to be analyzed
11:42:06.033 INFO  org.sonar.squidbridge.ProgressReport - 1/1 source files have been analyzed
11:42:06.082 INFO  org.sonar.squidbridge.ProgressReport - 1 source files to be analyzed
11:42:06.094 INFO  org.sonar.squidbridge.ProgressReport - 1/1 source files have been analyzed
[INFO] Tests run: 19, Failures: 0, Errors: 0, Skipped: 0, Time elapsed: 0.126 s - in org.sonar.java.matcher.MethodMatcherTest
[INFO] Running org.sonar.java.resolve.ImportResolutionTest
[INFO] Tests run: 12, Failures: 0, Errors: 0, Skipped: 0, Time elapsed: 0.316 s - in org.sonar.java.resolve.ImportResolutionTest
[INFO] Running org.sonar.java.AnalysisErrorTest
[INFO] Tests run: 1, Failures: 0, Errors: 0, Skipped: 0, Time elapsed: 0 s - in org.sonar.java.AnalysisErrorTest
[INFO] Running org.sonar.java.ast.parser.grammar.statements.DoStatementTest
[INFO] Tests run: 1, Failures: 0, Errors: 0, Skipped: 0, Time elapsed: 0 s - in org.sonar.java.ast.parser.grammar.statements.DoStatementTest
[INFO] Running org.sonar.java.se.checks.MapComputeIfAbsentOrPresentCheckTest
11:42:06.434 INFO  org.sonar.squidbridge.ProgressReport - 1 source files to be analyzed
11:42:06.539 INFO  org.sonar.squidbridge.ProgressReport - 1/1 source files have been analyzed
[INFO] Tests run: 1, Failures: 0, Errors: 0, Skipped: 0, Time elapsed: 0.107 s - in org.sonar.java.se.checks.MapComputeIfAbsentOrPresentCheckTest
[INFO] Running org.sonar.java.se.ProgramPointTest
[INFO] Tests run: 2, Failures: 0, Errors: 0, Skipped: 0, Time elapsed: 0.004 s - in org.sonar.java.se.ProgramPointTest
[INFO] Running org.sonar.java.ast.parser.grammar.statements.VariableDeclaratorTest
[INFO] Tests run: 2, Failures: 0, Errors: 0, Skipped: 0, Time elapsed: 0.002 s - in org.sonar.java.ast.parser.grammar.statements.VariableDeclaratorTest
[INFO] Running org.sonar.java.SonarComponentsTest
[INFO] Tests run: 12, Failures: 0, Errors: 0, Skipped: 0, Time elapsed: 0.608 s - in org.sonar.java.SonarComponentsTest
[INFO] Running org.sonar.java.ast.parser.grammar.moduledirectives.ExportsDirectiveTest
[INFO] Tests run: 1, Failures: 0, Errors: 0, Skipped: 0, Time elapsed: 0.002 s - in org.sonar.java.ast.parser.grammar.moduledirectives.ExportsDirectiveTest
[INFO] 
[INFO] Results:
[INFO] 
[ERROR] Failures: 
[ERROR]   UnclosedResourcesCheckTest.test_supertype_resolution:37 At least one issue expected
[INFO] 
[ERROR] Tests run: 1502, Failures: 1, Errors: 0, Skipped: 0
[INFO] 
[INFO] ------------------------------------------------------------------------
[INFO] Reactor Summary:
[INFO] 
[INFO] SonarJava .......................................... SUCCESS [01:06 min]
[INFO] SonarQube Java :: Maven model generator ............ SUCCESS [ 39.818 s]
[INFO] SonarQube Java :: Front-end ........................ FAILURE [03:40 min]
[INFO] SonarQube Java :: Check Test tool kit .............. SKIPPED
[INFO] SonarQube Java :: Checks ........................... SKIPPED
[INFO] SonarQube Java :: Surefire ......................... SKIPPED
[INFO] java-jacoco-previous ............................... SKIPPED
[INFO] SonarQube Java :: JaCoCo ........................... SKIPPED
[INFO] SonarQube Java :: Plugin ........................... SKIPPED
[INFO] SonarQube Java :: JaCoCo Listeners ................. SKIPPED
[INFO] SonarQube Java :: ITs .............................. SKIPPED
[INFO] SonarQube Java :: ITs :: Performancing ............. SKIPPED
[INFO] SonarQube Java :: ITs :: Plugin .................... SKIPPED
[INFO] SonarQube Java :: ITs :: Plugin :: Plugins ......... SKIPPED
[INFO] SonarQube Java :: ITS :: Plugin :: Java Extension Plugin SKIPPED
[INFO] SonarQube Java :: ITs :: Plugin :: Tests ........... SKIPPED
[INFO] SonarQube Java :: ITs :: Ruling .................... SKIPPED
[INFO] SonarQube Java :: ITs :: Semantic .................. SKIPPED
[INFO] SonarQube Java :: ITS :: Semantic :: Java Debugging Plugin SKIPPED
[INFO] SonarQube Java :: ITs :: Semantic :: Tests ......... SKIPPED
[INFO] ------------------------------------------------------------------------
[INFO] BUILD FAILURE
[INFO] ------------------------------------------------------------------------
[INFO] Total time: 05:43 min
[INFO] Finished at: 2022-01-23T11:42:07Z
[INFO] Final Memory: 25M/489M
[INFO] ------------------------------------------------------------------------
[ERROR] Failed to execute goal org.apache.maven.plugins:maven-surefire-plugin:2.20.1:test (default-test) on project java-frontend: There are test failures.
[ERROR] 
[ERROR] Please refer to /home/travis/build/failed/SonarSource/sonar-java/java-frontend/target/surefire-reports for the individual test results.
[ERROR] Please refer to dump files (if any exist) [date]-jvmRun[N].dump, [date].dumpstream and [date]-jvmRun[N].dumpstream.
[ERROR] -> [Help 1]
org.apache.maven.lifecycle.LifecycleExecutionException: Failed to execute goal org.apache.maven.plugins:maven-surefire-plugin:2.20.1:test (default-test) on project java-frontend: There are test failures.

Please refer to /home/travis/build/failed/SonarSource/sonar-java/java-frontend/target/surefire-reports for the individual test results.
Please refer to dump files (if any exist) [date]-jvmRun[N].dump, [date].dumpstream and [date]-jvmRun[N].dumpstream.
    at org.apache.maven.lifecycle.internal.MojoExecutor.execute (MojoExecutor.java:213)
    at org.apache.maven.lifecycle.internal.MojoExecutor.execute (MojoExecutor.java:154)
    at org.apache.maven.lifecycle.internal.MojoExecutor.execute (MojoExecutor.java:146)
    at org.apache.maven.lifecycle.internal.LifecycleModuleBuilder.buildProject (LifecycleModuleBuilder.java:117)
    at org.apache.maven.lifecycle.internal.LifecycleModuleBuilder.buildProject (LifecycleModuleBuilder.java:81)
    at org.apache.maven.lifecycle.internal.builder.singlethreaded.SingleThreadedBuilder.build (SingleThreadedBuilder.java:51)
    at org.apache.maven.lifecycle.internal.LifecycleStarter.execute (LifecycleStarter.java:128)
    at org.apache.maven.DefaultMaven.doExecute (DefaultMaven.java:309)
    at org.apache.maven.DefaultMaven.doExecute (DefaultMaven.java:194)
    at org.apache.maven.DefaultMaven.execute (DefaultMaven.java:107)
    at org.apache.maven.cli.MavenCli.execute (MavenCli.java:955)
    at org.apache.maven.cli.MavenCli.doMain (MavenCli.java:290)
    at org.apache.maven.cli.MavenCli.main (MavenCli.java:194)
    at sun.reflect.NativeMethodAccessorImpl.invoke0 (Native Method)
    at sun.reflect.NativeMethodAccessorImpl.invoke (NativeMethodAccessorImpl.java:62)
    at sun.reflect.DelegatingMethodAccessorImpl.invoke (DelegatingMethodAccessorImpl.java:43)
    at java.lang.reflect.Method.invoke (Method.java:498)
    at org.codehaus.plexus.classworlds.launcher.Launcher.launchEnhanced (Launcher.java:289)
    at org.codehaus.plexus.classworlds.launcher.Launcher.launch (Launcher.java:229)
    at org.codehaus.plexus.classworlds.launcher.Launcher.mainWithExitCode (Launcher.java:415)
    at org.codehaus.plexus.classworlds.launcher.Launcher.main (Launcher.java:356)
Caused by: org.apache.maven.plugin.MojoFailureException: There are test failures.

Please refer to /home/travis/build/failed/SonarSource/sonar-java/java-frontend/target/surefire-reports for the individual test results.
Please refer to dump files (if any exist) [date]-jvmRun[N].dump, [date].dumpstream and [date]-jvmRun[N].dumpstream.
    at org.apache.maven.plugin.surefire.SurefireHelper.throwException (SurefireHelper.java:240)
    at org.apache.maven.plugin.surefire.SurefireHelper.reportExecution (SurefireHelper.java:112)
    at org.apache.maven.plugin.surefire.SurefirePlugin.handleSummary (SurefirePlugin.java:354)
    at org.apache.maven.plugin.surefire.AbstractSurefireMojo.executeAfterPreconditionsChecked (AbstractSurefireMojo.java:984)
    at org.apache.maven.plugin.surefire.AbstractSurefireMojo.execute (AbstractSurefireMojo.java:832)
    at org.apache.maven.plugin.DefaultBuildPluginManager.executeMojo (DefaultBuildPluginManager.java:134)
    at org.apache.maven.lifecycle.internal.MojoExecutor.execute (MojoExecutor.java:208)
    at org.apache.maven.lifecycle.internal.MojoExecutor.execute (MojoExecutor.java:154)
    at org.apache.maven.lifecycle.internal.MojoExecutor.execute (MojoExecutor.java:146)
    at org.apache.maven.lifecycle.internal.LifecycleModuleBuilder.buildProject (LifecycleModuleBuilder.java:117)
    at org.apache.maven.lifecycle.internal.LifecycleModuleBuilder.buildProject (LifecycleModuleBuilder.java:81)
    at org.apache.maven.lifecycle.internal.builder.singlethreaded.SingleThreadedBuilder.build (SingleThreadedBuilder.java:51)
    at org.apache.maven.lifecycle.internal.LifecycleStarter.execute (LifecycleStarter.java:128)
    at org.apache.maven.DefaultMaven.doExecute (DefaultMaven.java:309)
    at org.apache.maven.DefaultMaven.doExecute (DefaultMaven.java:194)
    at org.apache.maven.DefaultMaven.execute (DefaultMaven.java:107)
    at org.apache.maven.cli.MavenCli.execute (MavenCli.java:955)
    at org.apache.maven.cli.MavenCli.doMain (MavenCli.java:290)
    at org.apache.maven.cli.MavenCli.main (MavenCli.java:194)
    at sun.reflect.NativeMethodAccessorImpl.invoke0 (Native Method)
    at sun.reflect.NativeMethodAccessorImpl.invoke (NativeMethodAccessorImpl.java:62)
    at sun.reflect.DelegatingMethodAccessorImpl.invoke (DelegatingMethodAccessorImpl.java:43)
    at java.lang.reflect.Method.invoke (Method.java:498)
    at org.codehaus.plexus.classworlds.launcher.Launcher.launchEnhanced (Launcher.java:289)
    at org.codehaus.plexus.classworlds.launcher.Launcher.launch (Launcher.java:229)
    at org.codehaus.plexus.classworlds.launcher.Launcher.mainWithExitCode (Launcher.java:415)
    at org.codehaus.plexus.classworlds.launcher.Launcher.main (Launcher.java:356)
[ERROR] 
[ERROR] Re-run Maven using the -X switch to enable full debug logging.
[ERROR] 
[ERROR] For more information about the errors and possible solutions, please read the following articles:
[ERROR] [Help 1] http://cwiki.apache.org/confluence/display/MAVEN/MojoFailureException
[ERROR] 
[ERROR] After correcting the problems, you can resume the build with the command
[ERROR]   mvn <goals> -rf :java-frontend

travis_time:end:08607fc0:start=1642937769008136494,finish=1642938127992030549,duration=358983894055[0K
[31;1mThe command "./travis.sh" exited with 1.[0m
travis_fold:start:before_cache.1[0Ktravis_time:start:09ab97b2[0K$ rm -rf $HOME/.m2/repository/org/sonarsource/java

travis_time:end:09ab97b2:start=1642938128004404663,finish=1642938128017047627,duration=12642964[0Ktravis_fold:end:before_cache.1[0Ktravis_fold:start:before_cache.2[0Ktravis_time:start:119127d8[0K$ find $HOME/.m2 -name resolver-status.properties -exec rm {} \;

travis_time:end:119127d8:start=1642938128029069230,finish=1642938128630697220,duration=601627990[0Ktravis_fold:end:before_cache.2[0Ktravis_fold:start:cache.2[0Kstore build cache
travis_time:start:110e8c7c[0K
travis_time:end:110e8c7c:start=1642938128642835829,finish=1642938128652735424,duration=9899595[0Ktravis_time:start:37bfde20[0K/home/travis/.casher/bin/casher:190: warning: Insecure world writable dir /usr/local/clang-5.0.0/bin in PATH, mode 040777
[32;1mchanges detected, packing new archive[0m
/home/travis/.casher/bin/casher:213:in `cache_archive_name': undefined method `[]' for nil:NilClass (NoMethodError)
	from /home/travis/.casher/bin/casher:143:in `push'
	from /home/travis/.casher/bin/casher:53:in `block in run'
	from /home/travis/.rvm/rubies/ruby-2.2.7/lib/ruby/2.2.0/timeout.rb:88:in `block in timeout'
	from /home/travis/.rvm/rubies/ruby-2.2.7/lib/ruby/2.2.0/timeout.rb:32:in `block in catch'
	from /home/travis/.rvm/rubies/ruby-2.2.7/lib/ruby/2.2.0/timeout.rb:32:in `catch'
	from /home/travis/.rvm/rubies/ruby-2.2.7/lib/ruby/2.2.0/timeout.rb:32:in `catch'
	from /home/travis/.rvm/rubies/ruby-2.2.7/lib/ruby/2.2.0/timeout.rb:103:in `timeout'
	from /home/travis/.casher/bin/casher:53:in `run'
	from /home/travis/.casher/bin/casher:263:in `<main>'
.
.
.
.
.
.
.
.
.
.
.
.
.
.
.
.
.
.
.
.
.
.
.
.
.
.
.
.
.
.
.
.
.
.
.

travis_time:end:37bfde20:start=1642938128663845429,finish=1642938308639005150,duration=179975159721[0Ktravis_fold:end:cache.2[0K
Done. Your build exited with 1.
