travis_time:start:000c0654[0Ktravis_time:end:000c0654:start=1642892565952584536,finish=1642892566250415096,duration=297830560,event=no_world_writable_dirs[0Ktravis_time:start:2868a5cd[0Ktravis_time:end:2868a5cd:start=1642892566257807164,finish=1642892566263541758,duration=5734594,event=check_unsupported[0Ktravis_time:start:02b9d8fc[0Ktravis_fold:start:system_info[0K[33;1mBuild system information[0m
Build language: java
Build group: stable
Build dist: xenial
Build id: ''
Job id: ''
Runtime kernel version: 4.15.0-109-generic
[34m[1mBuild image provisioning date and time[0m
Fri Aug  2 14:20:18 UTC 2019
[34m[1mOperating System Details[0m
Distributor ID:	Ubuntu
Description:	Ubuntu 16.04.6 LTS
Release:	16.04
Codename:	xenial
[34m[1mSystemd Version[0m
systemd 229
[34m[1mCookbooks Version[0m
790f512 https://github.com/travis-ci/travis-cookbooks/tree/790f512
[34m[1mgit version[0m
git version 2.22.0
[34m[1mbash version[0m
GNU bash, version 4.3.48(1)-release (x86_64-pc-linux-gnu)
[34m[1mgcc version[0m
gcc (Ubuntu 5.4.0-6ubuntu1~16.04.11) 5.4.0 20160609
[34m[1mdocker version[0m
Client:
 Version:           18.06.1-ce
 API version:       1.38
 Go version:        go1.10.3
 Git commit:        e68fc7a
 Built:             Tue Aug 21 17:20:43 2018
 OS/Arch:           linux/amd64
 Experimental:      false
[34m[1mclang version[0m
clang version 7.0.0 (tags/RELEASE_700/final)
[34m[1mjq version[0m
jq-1.5
[34m[1mbats version[0m
Bats 0.4.0
[34m[1mshellcheck version[0m
0.6.0
[34m[1mshfmt version[0m
v2.6.3
[34m[1mccache version[0m
3.2.4
[34m[1mcmake version[0m
cmake version 3.12.4
[34m[1mheroku version[0m
heroku/7.27.1 linux-x64 node-v11.14.0
[34m[1mimagemagick version[0m
Version: ImageMagick 6.8.9-9 Q16 x86_64 2019-06-15 http://www.imagemagick.org
[34m[1mmd5deep version[0m
4.4
[34m[1mmercurial version[0m
version 4.8
[34m[1mmysql version[0m
mysql  Ver 14.14 Distrib 5.7.27, for Linux (x86_64) using  EditLine wrapper
[34m[1mopenssl version[0m
OpenSSL 1.0.2g  1 Mar 2016
[34m[1mpacker version[0m
1.3.3
[34m[1mpostgresql client version[0m
psql (PostgreSQL) 10.9 (Ubuntu 10.9-1.pgdg16.04+1)
[34m[1mragel version[0m
Ragel State Machine Compiler version 6.8 Feb 2013
[34m[1msudo version[0m
1.8.16
[34m[1mgzip version[0m
gzip 1.6
[34m[1mzip version[0m
Zip 3.0
[34m[1mvim version[0m
VIM - Vi IMproved 7.4 (2013 Aug 10, compiled Jun 07 2019 15:35:43)
[34m[1miptables version[0m
iptables v1.6.0
[34m[1mcurl version[0m
curl 7.47.0 (x86_64-pc-linux-gnu) libcurl/7.47.0 GnuTLS/3.4.10 zlib/1.2.8 libidn/1.32 librtmp/2.3
[34m[1mwget version[0m
GNU Wget 1.17.1 built on linux-gnu.
[34m[1mrsync version[0m
rsync  version 3.1.1  protocol version 31
[34m[1mgimme version[0m
v1.5.3
[34m[1mnvm version[0m
0.34.0
[34m[1mperlbrew version[0m
/home/travis/perl5/perlbrew/bin/perlbrew  - App::perlbrew/0.86
[34m[1mphpenv version[0m
rbenv 1.1.2-2-g4e92322
[34m[1mrvm version[0m
rvm 1.29.9 (latest) by Michal Papis, Piotr Kuczynski, Wayne E. Seguin [https://rvm.io]
[34m[1mdefault ruby version[0m
ruby 2.5.3p105 (2018-10-18 revision 65156) [x86_64-linux]
[34m[1mCouchDB version[0m
couchdb 1.6.1
[34m[1mElasticSearch version[0m
5.5.0
[34m[1mInstalled Firefox version[0m
firefox 63.0.1
[34m[1mMongoDB version[0m
MongoDB 4.0.11
[34m[1mPhantomJS version[0m
2.1.1
[34m[1mPre-installed PostgreSQL versions[0m
9.4.23
9.5.18
9.6.14
[34m[1mRedis version[0m
redis-server 5.0.5
[34m[1mPre-installed Go versions[0m
1.11.1
[34m[1mant version[0m
Apache Ant(TM) version 1.9.6 compiled on July 20 2018
[34m[1mmvn version[0m
Apache Maven 3.6.0 (97c98ec64a1fdfee7767ce5ffb20918da4f719f3; 2018-10-24T18:41:47Z)
[34m[1mgradle version[0m
Gradle 5.1.1!
[34m[1mlein version[0m
Leiningen 2.9.1 on Java 11.0.2 OpenJDK 64-Bit Server VM
[34m[1mPre-installed Node.js versions[0m
v10.16.1
v11.0.0
v4.9.1
v6.17.1
v8.12.0
v8.16.0
v8.9
[34m[1mphpenv versions[0m
  system
  5.6
  5.6.40
  7.1
  7.1.27
  7.2
* 7.2.15 (set by /home/travis/.phpenv/version)
  hhvm
  hhvm-stable
[34m[1mcomposer --version[0m
Composer version 1.8.4 2019-02-11 10:52:10
[34m[1mPre-installed Ruby versions[0m
ruby-2.3.8
ruby-2.4.5
ruby-2.5.3
travis_fold:end:system_info[0K
travis_time:end:02b9d8fc:start=1642892566271024012,finish=1642892566280453019,duration=9429007,event=show_system_info[0Ktravis_time:start:0968f5c0[0Ktravis_time:end:0968f5c0:start=1642892566287662781,finish=1642892566307379219,duration=19716438,event=rm_riak_source[0Ktravis_time:start:06f4f410[0Ktravis_time:end:06f4f410:start=1642892566314016982,finish=1642892566325897855,duration=11880873,event=fix_rwky_redis[0Ktravis_time:start:0d8e87be[0K[31;1mTimeout waiting for network availability.[0m
travis_time:end:0d8e87be:start=1642892566334190134,finish=1642892587087852431,duration=20753662297,event=wait_for_network[0Ktravis_time:start:000100b0[0Ktravis_time:end:000100b0:start=1642892587094369312,finish=1642892587439987799,duration=345618487,event=update_apt_keys[0Ktravis_time:start:004c77c0[0Ktravis_time:end:004c77c0:start=1642892587446606826,finish=1642892587567006041,duration=120399215,event=fix_hhvm_source[0Ktravis_time:start:003df278[0Ktravis_time:end:003df278:start=1642892587576276592,finish=1642892587587084326,duration=10807734,event=update_mongo_arch[0Ktravis_time:start:013936f0[0Ktravis_time:end:013936f0:start=1642892587593209501,finish=1642892587683691634,duration=90482133,event=fix_sudo_enabled_trusty[0Ktravis_time:start:0f13bbac[0Ktravis_time:end:0f13bbac:start=1642892587690270114,finish=1642892587708170324,duration=17900210,event=clean_up_path[0Ktravis_time:start:3a5a2e88[0Ktravis_time:end:3a5a2e88:start=1642892587716014078,finish=1642892587732721108,duration=16707030,event=fix_resolv_conf[0Ktravis_time:start:2463156a[0Ktravis_time:end:2463156a:start=1642892587739753636,finish=1642892587757605010,duration=17851374,event=fix_etc_hosts[0Ktravis_time:start:03cb9c3a[0Ktravis_time:end:03cb9c3a:start=1642892587764045765,finish=1642892588001538096,duration=237492331,event=fix_mvn_settings_xml[0Ktravis_time:start:0bc94e50[0Ktravis_time:end:0bc94e50:start=1642892588005817227,finish=1642892588022623332,duration=16806105,event=no_ipv6_localhost[0Ktravis_time:start:04dd187e[0Ktravis_time:end:04dd187e:start=1642892588029289842,finish=1642892588033864660,duration=4574818,event=fix_etc_mavenrc[0Ktravis_time:start:0065fb4a[0Ktravis_time:end:0065fb4a:start=1642892588039891084,finish=1642892588046336973,duration=6445889,event=fix_wwdr_certificate[0Ktravis_time:start:09517b33[0Ktravis_time:end:09517b33:start=1642892588052297472,finish=1642892588213044659,duration=160747187,event=put_localhost_first[0Ktravis_time:start:1eb7407d[0Ktravis_time:end:1eb7407d:start=1642892588218386882,finish=1642892588221756430,duration=3369548,event=home_paths[0Ktravis_time:start:0668a715[0Ktravis_time:end:0668a715:start=1642892588227795245,finish=1642892588450373730,duration=222578485,event=disable_initramfs[0Ktravis_time:start:032414ce[0Ktravis_time:end:032414ce:start=1642892588456491845,finish=1642892588613923442,duration=157431597,event=disable_ssh_roaming[0Ktravis_time:start:2a68f82e[0Ktravis_time:end:2a68f82e:start=1642892588620648565,finish=1642892588625869383,duration=5220818,event=debug_tools[0Ktravis_time:start:0fad35f0[0Ktravis_time:end:0fad35f0:start=1642892588632697448,finish=1642892588640420019,duration=7722571,event=uninstall_oclint[0Ktravis_time:start:1324d016[0Ktravis_time:end:1324d016:start=1642892588648051886,finish=1642892588655865189,duration=7813303,event=rvm_use[0Ktravis_time:start:05257ba5[0Ktravis_time:end:05257ba5:start=1642892588662818019,finish=1642892588680916563,duration=18098544,event=rm_etc_boto_cfg[0Ktravis_time:start:0bb26ea6[0Ktravis_time:end:0bb26ea6:start=1642892588687425144,finish=1642892588692450400,duration=5025256,event=rm_oraclejdk8_symlink[0Ktravis_time:start:09b88fdb[0Ktravis_time:end:09b88fdb:start=1642892588699679332,finish=1642892589027959733,duration=328280401,event=enable_i386[0Ktravis_time:start:3258eeec[0Ktravis_time:end:3258eeec:start=1642892589033669875,finish=1642892589040115327,duration=6445452,event=update_rubygems[0Ktravis_time:start:018a5e40[0Ktravis_time:end:018a5e40:start=1642892589046212056,finish=1642892590346084573,duration=1299872517,event=ensure_path_components[0Ktravis_time:start:1106a478[0Ktravis_time:end:1106a478:start=1642892590353467849,finish=1642892590357658799,duration=4190950,event=redefine_curl[0Ktravis_time:start:09f3acb0[0Ktravis_time:end:09f3acb0:start=1642892590363318225,finish=1642892590367876072,duration=4557847,event=nonblock_pipe[0Ktravis_time:start:03f3865a[0Ktravis_time:end:03f3865a:start=1642892590373838431,finish=1642892605704727025,duration=15330888594,event=apt_get_update[0Ktravis_time:start:1e53d840[0Ktravis_time:end:1e53d840:start=1642892605709974734,finish=1642892605714376910,duration=4402176,event=deprecate_xcode_64[0Ktravis_time:start:001874af[0Ktravis_time:end:001874af:start=1642892605720663557,finish=1642892612917780914,duration=7197117357,event=update_heroku[0Ktravis_time:start:041aad7a[0Ktravis_time:end:041aad7a:start=1642892612927804077,finish=1642892612933016936,duration=5212859,event=shell_session_update[0Ktravis_time:start:11d26b71[0Ktravis_fold:start:docker_mtu[0Ktee: /etc/docker/daemon.json: No such file or directory
docker: unrecognized service
travis_fold:end:docker_mtu[0Ktravis_time:end:11d26b71:start=1642892612939432829,finish=1642892612983307239,duration=43874410,event=set_docker_mtu[0Ktravis_time:start:02df7d58[0Ktravis_time:end:02df7d58:start=1642892612990662518,finish=1642892613010773373,duration=20110855,event=resolvconf[0Ktravis_time:start:003d36ec[0Ktravis_time:end:003d36ec:start=1642892613017030987,finish=1642892613175592622,duration=158561635,event=maven_https[0K
travis_fold:start:install_jdk[0K[33;1mInstalling openjdk8[0m
travis_fold:end:install_jdk[0Ktravis_time:start:1002ea04[0Ktravis_time:end:1002ea04:start=1642892613192451372,finish=1642892613197106416,duration=4655044,event=fix_ps4[0Ktravis_time:start:0799f7ee[0K
$ cd failed/square/moshi

travis_time:end:0799f7ee:start=1642892613204135075,finish=1642892613210852796,duration=6717721,event=checkout[0Ktravis_time:start:01cb7f3d[0K
[33;1mSetting environment variables from .travis.yml[0m
$ export CI_DEPLOY_USERNAME=[secure]
$ export CI_DEPLOY_PASSWORD=[secure]

travis_time:end:01cb7f3d:start=1642892613218084685,finish=1642892613638683558,duration=420598873,event=env[0Ktravis_fold:start:cache.1[0KSetting up build cache
$ export CASHER_DIR=${TRAVIS_HOME}/.casher
travis_time:start:0aa561d0[0K$ Installing caching utilities
curl: (6) Could not resolve host: https

[31;1mThe command "eval curl -sf  -o $CASHER_DIR/bin/casher https:///files/casher " failed. Retrying, 2 of 3.[0m

curl: (6) Could not resolve host: https

[31;1mThe command "eval curl -sf  -o $CASHER_DIR/bin/casher https:///files/casher " failed. Retrying, 3 of 3.[0m

curl: (6) Could not resolve host: https

[31;1mThe command "eval curl -sf  -o $CASHER_DIR/bin/casher https:///files/casher " failed 3 times.[0m

travis_time:end:0aa561d0:start=1642892614875501733,finish=1642892627079925902,duration=12204424169,event=setup_casher[0Ktravis_time:start:102854bc[0K$ Installing caching utilities from the Travis CI server (https:///files/casher) failed, failing over to using GitHub (https://raw.githubusercontent.com/travis-ci/casher/bash/bin/casher)
travis_time:end:102854bc:start=1642892627092466517,finish=1642892627239627979,duration=147161462,event=setup_casher[0Ktravis_time:start:0c8a1ff4[0Ktravis_time:end:0c8a1ff4:start=1642892627247907123,finish=1642892627253470221,duration=5563098,event=setup_casher[0Ktravis_time:start:04ee01fc[0Kattempting to download cache archive[0m
[31;1mcould not download cache[0m
travis_time:end:04ee01fc:start=1642892627261010019,finish=1642892628942761291,duration=1681751272,event=setup_casher[0Ktravis_time:start:04f5b286[0Ktravis_time:end:04f5b286:start=1642892628950692242,finish=1642892628956544834,duration=5852592,event=setup_casher[0Ktravis_time:start:0a43973c[0Kadding /home/travis/.m2 to cache[0m
travis_time:end:0a43973c:start=1642892628963604043,finish=1642892658869066925,duration=29905462882,event=setup_casher[0Ktravis_fold:end:cache.1[0K
$ java -Xmx32m -version
Picked up _JAVA_OPTIONS: -Xmx2048m -Xms512m
openjdk version "1.8.0_222"
OpenJDK Runtime Environment (build 1.8.0_222-8u222-b10-1ubuntu1~16.04.1-b10)
OpenJDK 64-Bit Server VM (build 25.222-b10, mixed mode)
$ javac -J-Xmx32m -version
Picked up _JAVA_OPTIONS: -Xmx2048m -Xms512m
javac 1.8.0_222
travis_fold:start:install[0Ktravis_time:start:1ea09a2a[0K$ mvn -o install -DskipTests=true -Dmaven.javadoc.skip=true -B -V
Picked up _JAVA_OPTIONS: -Xmx2048m -Xms512m
Apache Maven 3.6.0 (97c98ec64a1fdfee7767ce5ffb20918da4f719f3; 2018-10-24T18:41:47Z)
Maven home: /usr/local/maven-3.6.0
Java version: 1.8.0_222, vendor: Private Build, runtime: /usr/lib/jvm/java-8-openjdk-amd64/jre
Default locale: en_US, platform encoding: UTF-8
OS name: "linux", version: "4.15.0-109-generic", arch: "amd64", family: "unix"
[INFO] Scanning for projects...
[WARNING] 
[WARNING] Some problems were encountered while building the effective model for com.squareup.moshi:moshi:jar:1.10.0-SNAPSHOT
[WARNING] 'build.plugins.plugin.version' for org.apache.maven.plugins:maven-jar-plugin is missing. @ com.squareup.moshi:moshi:[unknown-version], /home/travis/build/failed/square/moshi/moshi/pom.xml, line 39, column 15
[WARNING] 
[WARNING] Some problems were encountered while building the effective model for com.squareup.moshi:moshi-adapters:jar:1.10.0-SNAPSHOT
[WARNING] 'build.plugins.plugin.version' for org.apache.maven.plugins:maven-jar-plugin is missing. @ com.squareup.moshi:moshi-adapters:[unknown-version], /home/travis/build/failed/square/moshi/adapters/pom.xml, line 39, column 15
[WARNING] 
[WARNING] Some problems were encountered while building the effective model for com.squareup.moshi:moshi-kotlin:jar:1.10.0-SNAPSHOT
[WARNING] 'build.plugins.plugin.version' for org.apache.maven.plugins:maven-jar-plugin is missing. @ com.squareup.moshi:moshi-kotlin:[unknown-version], /home/travis/build/failed/square/moshi/kotlin/reflect/pom.xml, line 93, column 15
[WARNING] 
[WARNING] It is highly recommended to fix these problems because they threaten the stability of your build.
[WARNING] 
[WARNING] For this reason, future Maven versions might no longer support building such malformed projects.
[WARNING] 
[INFO] ------------------------------------------------------------------------
[INFO] Reactor Build Order:
[INFO] 
[INFO] Moshi (Parent)                                                     [pom]
[INFO] Moshi                                                              [jar]
[INFO] moshi-adapters                                                     [jar]
[INFO] moshi-examples                                                     [jar]
[INFO] moshi-kotlin-codegen                                               [jar]
[INFO] moshi-kotlin                                                       [jar]
[INFO] moshi-kotlin-tests                                                 [jar]
[INFO] 
[INFO] ------------------< com.squareup.moshi:moshi-parent >-------------------
[INFO] Building Moshi (Parent) 1.10.0-SNAPSHOT                            [1/7]
[INFO] --------------------------------[ pom ]---------------------------------
[INFO] 
[INFO] --- maven-enforcer-plugin:1.0:enforce (enforce-maven) @ moshi-parent ---
[INFO] 
[INFO] --- maven-checkstyle-plugin:2.17:checkstyle (default) @ moshi-parent ---
[INFO] 
[INFO] --- maven-install-plugin:2.4:install (default-install) @ moshi-parent ---
[INFO] Installing /home/travis/build/failed/square/moshi/pom.xml to /home/travis/.m2/repository/com/squareup/moshi/moshi-parent/1.10.0-SNAPSHOT/moshi-parent-1.10.0-SNAPSHOT.pom
[INFO] 
[INFO] ----------------------< com.squareup.moshi:moshi >----------------------
[INFO] Building Moshi 1.10.0-SNAPSHOT                                     [2/7]
[INFO] --------------------------------[ jar ]---------------------------------
[INFO] 
[INFO] --- maven-enforcer-plugin:1.0:enforce (enforce-maven) @ moshi ---
[INFO] 
[INFO] --- maven-resources-plugin:2.6:resources (default-resources) @ moshi ---
[INFO] Using 'UTF-8' encoding to copy filtered resources.
[INFO] Copying 1 resource
[INFO] 
[INFO] --- maven-compiler-plugin:3.8.1:compile (default-compile) @ moshi ---
[INFO] Changes detected - recompiling the module!
[INFO] Compiling 29 source files to /home/travis/build/failed/square/moshi/moshi/target/classes
Note: Some input files use unchecked or unsafe operations.
Note: Recompile with -Xlint:unchecked for details.
[INFO] 
[INFO] --- maven-resources-plugin:2.6:testResources (default-testResources) @ moshi ---
[INFO] Using 'UTF-8' encoding to copy filtered resources.
[INFO] skip non existing resourceDirectory /home/travis/build/failed/square/moshi/moshi/src/test/resources
[INFO] 
[INFO] --- maven-compiler-plugin:3.8.1:testCompile (default-testCompile) @ moshi ---
[INFO] Changes detected - recompiling the module!
[INFO] Compiling 25 source files to /home/travis/build/failed/square/moshi/moshi/target/test-classes
Note: Some input files use unchecked or unsafe operations.
Note: Recompile with -Xlint:unchecked for details.
[INFO] 
[INFO] --- maven-surefire-plugin:2.12.4:test (default-test) @ moshi ---
[INFO] Tests are skipped.
[INFO] 
[INFO] --- maven-jar-plugin:2.4:jar (default-jar) @ moshi ---
[INFO] Building jar: /home/travis/build/failed/square/moshi/moshi/target/moshi-1.10.0-SNAPSHOT.jar
[INFO] 
[INFO] --- maven-checkstyle-plugin:2.17:checkstyle (default) @ moshi ---
[INFO] Starting audit...
Audit done.
[WARNING] Unable to locate Source XRef to link to - DISABLED
[INFO] 
[INFO] --- maven-install-plugin:2.4:install (default-install) @ moshi ---
[INFO] Installing /home/travis/build/failed/square/moshi/moshi/target/moshi-1.10.0-SNAPSHOT.jar to /home/travis/.m2/repository/com/squareup/moshi/moshi/1.10.0-SNAPSHOT/moshi-1.10.0-SNAPSHOT.jar
[INFO] Installing /home/travis/build/failed/square/moshi/moshi/pom.xml to /home/travis/.m2/repository/com/squareup/moshi/moshi/1.10.0-SNAPSHOT/moshi-1.10.0-SNAPSHOT.pom
[INFO] 
[INFO] -----------------< com.squareup.moshi:moshi-adapters >------------------
[INFO] Building moshi-adapters 1.10.0-SNAPSHOT                            [3/7]
[INFO] --------------------------------[ jar ]---------------------------------
[INFO] 
[INFO] --- maven-enforcer-plugin:1.0:enforce (enforce-maven) @ moshi-adapters ---
[INFO] 
[INFO] --- maven-resources-plugin:2.6:resources (default-resources) @ moshi-adapters ---
[INFO] Using 'UTF-8' encoding to copy filtered resources.
[INFO] skip non existing resourceDirectory /home/travis/build/failed/square/moshi/adapters/src/main/resources
[INFO] 
[INFO] --- maven-compiler-plugin:3.8.1:compile (default-compile) @ moshi-adapters ---
[INFO] Changes detected - recompiling the module!
[INFO] Compiling 5 source files to /home/travis/build/failed/square/moshi/adapters/target/classes
[INFO] 
[INFO] --- maven-resources-plugin:2.6:testResources (default-testResources) @ moshi-adapters ---
[INFO] Using 'UTF-8' encoding to copy filtered resources.
[INFO] skip non existing resourceDirectory /home/travis/build/failed/square/moshi/adapters/src/test/resources
[INFO] 
[INFO] --- maven-compiler-plugin:3.8.1:testCompile (default-testCompile) @ moshi-adapters ---
[INFO] Changes detected - recompiling the module!
[INFO] Compiling 3 source files to /home/travis/build/failed/square/moshi/adapters/target/test-classes
[INFO] 
[INFO] --- maven-surefire-plugin:2.12.4:test (default-test) @ moshi-adapters ---
[INFO] Tests are skipped.
[INFO] 
[INFO] --- maven-jar-plugin:2.4:jar (default-jar) @ moshi-adapters ---
[INFO] Building jar: /home/travis/build/failed/square/moshi/adapters/target/moshi-adapters-1.10.0-SNAPSHOT.jar
[INFO] 
[INFO] --- maven-checkstyle-plugin:2.17:checkstyle (default) @ moshi-adapters ---
[INFO] Starting audit...
Audit done.
[WARNING] Unable to locate Source XRef to link to - DISABLED
[INFO] 
[INFO] --- maven-install-plugin:2.4:install (default-install) @ moshi-adapters ---
[INFO] Installing /home/travis/build/failed/square/moshi/adapters/target/moshi-adapters-1.10.0-SNAPSHOT.jar to /home/travis/.m2/repository/com/squareup/moshi/moshi-adapters/1.10.0-SNAPSHOT/moshi-adapters-1.10.0-SNAPSHOT.jar
[INFO] Installing /home/travis/build/failed/square/moshi/adapters/pom.xml to /home/travis/.m2/repository/com/squareup/moshi/moshi-adapters/1.10.0-SNAPSHOT/moshi-adapters-1.10.0-SNAPSHOT.pom
[INFO] 
[INFO] -----------------< com.squareup.moshi:moshi-examples >------------------
[INFO] Building moshi-examples 1.10.0-SNAPSHOT                            [4/7]
[INFO] --------------------------------[ jar ]---------------------------------
[INFO] 
[INFO] --- maven-enforcer-plugin:1.0:enforce (enforce-maven) @ moshi-examples ---
[INFO] 
[INFO] --- maven-resources-plugin:2.6:resources (default-resources) @ moshi-examples ---
[INFO] Using 'UTF-8' encoding to copy filtered resources.
[INFO] skip non existing resourceDirectory /home/travis/build/failed/square/moshi/examples/src/main/resources
[INFO] 
[INFO] --- maven-compiler-plugin:3.8.1:compile (default-compile) @ moshi-examples ---
[INFO] Changes detected - recompiling the module!
[INFO] Compiling 23 source files to /home/travis/build/failed/square/moshi/examples/target/classes
[INFO] 
[INFO] --- maven-resources-plugin:2.6:testResources (default-testResources) @ moshi-examples ---
[INFO] Using 'UTF-8' encoding to copy filtered resources.
[INFO] skip non existing resourceDirectory /home/travis/build/failed/square/moshi/examples/src/test/resources
[INFO] 
[INFO] --- maven-compiler-plugin:3.8.1:testCompile (default-testCompile) @ moshi-examples ---
[INFO] No sources to compile
[INFO] 
[INFO] --- maven-surefire-plugin:2.12.4:test (default-test) @ moshi-examples ---
[INFO] Tests are skipped.
[INFO] 
[INFO] --- maven-jar-plugin:2.4:jar (default-jar) @ moshi-examples ---
[INFO] Building jar: /home/travis/build/failed/square/moshi/examples/target/moshi-examples-1.10.0-SNAPSHOT.jar
[INFO] 
[INFO] --- maven-checkstyle-plugin:2.17:checkstyle (default) @ moshi-examples ---
[INFO] Starting audit...
Audit done.
[WARNING] Unable to locate Source XRef to link to - DISABLED
[INFO] 
[INFO] --- maven-install-plugin:2.4:install (default-install) @ moshi-examples ---
[INFO] Installing /home/travis/build/failed/square/moshi/examples/target/moshi-examples-1.10.0-SNAPSHOT.jar to /home/travis/.m2/repository/com/squareup/moshi/moshi-examples/1.10.0-SNAPSHOT/moshi-examples-1.10.0-SNAPSHOT.jar
[INFO] Installing /home/travis/build/failed/square/moshi/examples/pom.xml to /home/travis/.m2/repository/com/squareup/moshi/moshi-examples/1.10.0-SNAPSHOT/moshi-examples-1.10.0-SNAPSHOT.pom
[INFO] 
[INFO] --------------< com.squareup.moshi:moshi-kotlin-codegen >---------------
[INFO] Building moshi-kotlin-codegen 1.10.0-SNAPSHOT                      [5/7]
[INFO] --------------------------------[ jar ]---------------------------------
[INFO] 
[INFO] --- maven-enforcer-plugin:1.0:enforce (enforce-maven) @ moshi-kotlin-codegen ---
[INFO] 
[INFO] --- kotlin-maven-plugin:1.3.50:kapt (kapt) @ moshi-kotlin-codegen ---
[WARNING] Source root doesn't exist: /home/travis/build/failed/square/moshi/kotlin/codegen/src/main/kotlin
[INFO] 
[INFO] --- maven-resources-plugin:2.6:resources (default-resources) @ moshi-kotlin-codegen ---
[INFO] Using 'UTF-8' encoding to copy filtered resources.
[INFO] skip non existing resourceDirectory /home/travis/build/failed/square/moshi/kotlin/codegen/src/main/resources
[INFO] 
[INFO] --- maven-compiler-plugin:3.8.1:compile (default-compile) @ moshi-kotlin-codegen ---
[INFO] Nothing to compile - all classes are up to date
[INFO] 
[INFO] --- kotlin-maven-plugin:1.3.50:compile (compile) @ moshi-kotlin-codegen ---
[WARNING] Duplicate source root: /home/travis/build/failed/square/moshi/kotlin/codegen/target/generated-sources/kapt/compile
[WARNING] Duplicate source root: /home/travis/build/failed/square/moshi/kotlin/codegen/target/generated-sources/kaptKotlin/compile
[INFO] 
[INFO] --- maven-compiler-plugin:3.8.1:compile (compile) @ moshi-kotlin-codegen ---
[INFO] Changes detected - recompiling the module!
[INFO] 
[INFO] --- maven-resources-plugin:2.6:testResources (default-testResources) @ moshi-kotlin-codegen ---
[INFO] Using 'UTF-8' encoding to copy filtered resources.
[INFO] skip non existing resourceDirectory /home/travis/build/failed/square/moshi/kotlin/codegen/src/test/resources
[INFO] 
[INFO] --- maven-compiler-plugin:3.8.1:testCompile (default-testCompile) @ moshi-kotlin-codegen ---
[INFO] Changes detected - recompiling the module!
[INFO] Compiling 1 source file to /home/travis/build/failed/square/moshi/kotlin/codegen/target/test-classes
[INFO] 
[INFO] --- kotlin-maven-plugin:1.3.50:test-compile (test-compile) @ moshi-kotlin-codegen ---
[WARNING] /home/travis/build/failed/square/moshi/kotlin/codegen/src/test/java/com/squareup/moshi/kotlin/codegen/JsonClassCodegenProcessorTest.kt: (29, 2) This class can only be used with the compiler argument '-Xuse-experimental=kotlin.Experimental'
[INFO] 
[INFO] --- maven-compiler-plugin:3.8.1:testCompile (testCompile) @ moshi-kotlin-codegen ---
[INFO] Changes detected - recompiling the module!
[INFO] Compiling 1 source file to /home/travis/build/failed/square/moshi/kotlin/codegen/target/test-classes
[INFO] 
[INFO] --- maven-surefire-plugin:2.21.0:test (default-test) @ moshi-kotlin-codegen ---
[INFO] Tests are skipped.
[INFO] 
[INFO] --- dokka-maven-plugin:0.9.17:dokka (default) @ moshi-kotlin-codegen ---
[INFO] Module: moshi-kotlin-codegen
[INFO] Output: /home/travis/build/failed/square/moshi/kotlin/codegen/target/dokka
[INFO] Sources: /home/travis/build/failed/square/moshi/kotlin/codegen/src/main/java, /home/travis/build/failed/square/moshi/kotlin/codegen/target/generated-sources/kapt/compile, /home/travis/build/failed/square/moshi/kotlin/codegen/target/generated-sources/kaptKotlin/compile, /home/travis/build/failed/square/moshi/kotlin/codegen/target/generated-sources/annotations
[INFO] Classpath: /usr/lib/jvm/java-8-openjdk-amd64/jre/lib/charsets.jar, /usr/lib/jvm/java-8-openjdk-amd64/jre/lib/jce.jar, /usr/lib/jvm/java-8-openjdk-amd64/jre/lib/jsse.jar, /usr/lib/jvm/java-8-openjdk-amd64/jre/lib/management-agent.jar, /usr/lib/jvm/java-8-openjdk-amd64/jre/lib/resources.jar, /usr/lib/jvm/java-8-openjdk-amd64/jre/lib/rt.jar, /usr/lib/jvm/java-8-openjdk-amd64/jre/lib/ext/cldrdata.jar, /usr/lib/jvm/java-8-openjdk-amd64/jre/lib/ext/dnsns.jar, /usr/lib/jvm/java-8-openjdk-amd64/jre/lib/ext/icedtea-sound.jar, /usr/lib/jvm/java-8-openjdk-amd64/jre/lib/ext/jaccess.jar, /usr/lib/jvm/java-8-openjdk-amd64/jre/lib/ext/localedata.jar, /usr/lib/jvm/java-8-openjdk-amd64/jre/lib/ext/nashorn.jar, /usr/lib/jvm/java-8-openjdk-amd64/jre/lib/ext/sunec.jar, /usr/lib/jvm/java-8-openjdk-amd64/jre/lib/ext/sunjce_provider.jar, /usr/lib/jvm/java-8-openjdk-amd64/jre/lib/ext/sunpkcs11.jar, /usr/lib/jvm/java-8-openjdk-amd64/jre/lib/ext/zipfs.jar, /home/travis/build/failed/square/moshi/kotlin/codegen/target/classes, /home/travis/build/failed/square/moshi/moshi/target/moshi-1.10.0-SNAPSHOT.jar, /home/travis/.m2/repository/org/jetbrains/kotlin/kotlin-stdlib/1.3.50/kotlin-stdlib-1.3.50.jar, /home/travis/.m2/repository/org/jetbrains/kotlin/kotlin-stdlib-common/1.3.50/kotlin-stdlib-common-1.3.50.jar, /home/travis/.m2/repository/org/jetbrains/annotations/13.0/annotations-13.0.jar, /home/travis/.m2/repository/com/squareup/kotlinpoet/1.4.3/kotlinpoet-1.4.3.jar, /home/travis/.m2/repository/org/jetbrains/kotlin/kotlin-stdlib-jdk7/1.3.50/kotlin-stdlib-jdk7-1.3.50.jar, /home/travis/.m2/repository/org/jetbrains/kotlinx/kotlinx-metadata-jvm/0.1.0/kotlinx-metadata-jvm-0.1.0.jar, /home/travis/.m2/repository/com/squareup/kotlinpoet-metadata/1.4.3/kotlinpoet-metadata-1.4.3.jar, /home/travis/.m2/repository/com/squareup/kotlinpoet-metadata-specs/1.4.3/kotlinpoet-metadata-specs-1.4.3.jar, /home/travis/.m2/repository/com/squareup/kotlinpoet-classinspector-elements/1.4.3/kotlinpoet-classinspector-elements-1.4.3.jar, /home/travis/.m2/repository/net/ltgt/gradle/incap/incap/0.2/incap-0.2.jar, /home/travis/.m2/repository/com/google/auto/service/auto-service-annotations/1.0-rc5/auto-service-annotations-1.0-rc5.jar, /home/travis/.m2/repository/com/google/code/findbugs/jsr305/3.0.2/jsr305-3.0.2.jar
[INFO] Analysing sources and libraries... 
[INFO]   package com.squareup.moshi.kotlin.codegen: 18 declarations
[WARNING] No documentation for com.squareup.moshi.kotlin.codegen.JsonClassCodegenProcessor$getSupportedAnnotationTypes() (JsonClassCodegenProcessor.kt:76)
[WARNING] No documentation for com.squareup.moshi.kotlin.codegen.JsonClassCodegenProcessor$getSupportedSourceVersion() (JsonClassCodegenProcessor.kt:78)
[WARNING] No documentation for com.squareup.moshi.kotlin.codegen.JsonClassCodegenProcessor$getSupportedOptions() (JsonClassCodegenProcessor.kt:80)
[WARNING] No documentation for com.squareup.moshi.kotlin.codegen.JsonClassCodegenProcessor$init(javax.annotation.processing.ProcessingEnvironment) (JsonClassCodegenProcessor.kt:82)
[WARNING] No documentation for com.squareup.moshi.kotlin.codegen.JsonClassCodegenProcessor$process(kotlin.collections.Set((javax.lang.model.element.TypeElement)), javax.annotation.processing.RoundEnvironment) (JsonClassCodegenProcessor.kt:97)
[INFO]   package com.squareup.moshi.kotlin.codegen.api: 23 declarations
[WARNING] No documentation for com.squareup.moshi.kotlin.codegen.api.TypeRenderer$renderTypeVariable(com.squareup.kotlinpoet.TypeVariableName) (TypeRenderer.kt:41)
[WARNING] No documentation for com.squareup.moshi.kotlin.codegen.api.TypeRenderer$render(com.squareup.kotlinpoet.TypeName, kotlin.Boolean) (TypeRenderer.kt:43)
[INFO] done in 8 secs
[INFO] Generating pages... 
[INFO] done in 0 secs
[INFO] 
[INFO] --- maven-jar-plugin:2.4:jar (default-jar) @ moshi-kotlin-codegen ---
[INFO] Building jar: /home/travis/build/failed/square/moshi/kotlin/codegen/target/moshi-kotlin-codegen-1.10.0-SNAPSHOT.jar
[INFO] 
[INFO] --- maven-shade-plugin:3.2.0:shade (default) @ moshi-kotlin-codegen ---
[INFO] Excluding com.squareup.moshi:moshi:jar:1.10.0-SNAPSHOT from the shaded jar.
[INFO] Excluding org.jetbrains.kotlin:kotlin-stdlib:jar:1.3.50 from the shaded jar.
[INFO] Excluding org.jetbrains.kotlin:kotlin-stdlib-common:jar:1.3.50 from the shaded jar.
[INFO] Excluding org.jetbrains:annotations:jar:13.0 from the shaded jar.
[INFO] Excluding com.squareup:kotlinpoet:jar:1.4.3 from the shaded jar.
[INFO] Excluding org.jetbrains.kotlin:kotlin-stdlib-jdk7:jar:1.3.50 from the shaded jar.
[INFO] Excluding org.jetbrains.kotlin:kotlin-reflect:jar:1.3.50 from the shaded jar.
[INFO] Including org.jetbrains.kotlinx:kotlinx-metadata-jvm:jar:0.1.0 in the shaded jar.
[INFO] Including com.squareup:kotlinpoet-metadata:jar:1.4.3 in the shaded jar.
[INFO] Including com.squareup:kotlinpoet-metadata-specs:jar:1.4.3 in the shaded jar.
[INFO] Including com.squareup:kotlinpoet-classinspector-elements:jar:1.4.3 in the shaded jar.
[INFO] Replacing original artifact with shaded artifact.
[INFO] Replacing /home/travis/build/failed/square/moshi/kotlin/codegen/target/moshi-kotlin-codegen-1.10.0-SNAPSHOT.jar with /home/travis/build/failed/square/moshi/kotlin/codegen/target/moshi-kotlin-codegen-1.10.0-SNAPSHOT-shaded.jar
[INFO] Dependency-reduced POM written at: /home/travis/build/failed/square/moshi/kotlin/codegen/dependency-reduced-pom.xml
[INFO] 
[INFO] --- maven-assembly-plugin:3.1.0:single (default) @ moshi-kotlin-codegen ---
[INFO] Reading assembly descriptor: src/assembly/dokka.xml
[WARNING] The assembly descriptor contains a filesystem-root relative reference, which is not cross platform compatible /
[INFO] Building jar: /home/travis/build/failed/square/moshi/kotlin/codegen/target/moshi-kotlin-codegen-1.10.0-SNAPSHOT-javadoc.jar
[INFO] 
[INFO] --- maven-checkstyle-plugin:2.17:checkstyle (default) @ moshi-kotlin-codegen ---
[INFO] Starting audit...
Audit done.
[INFO] 
[INFO] --- maven-install-plugin:2.4:install (default-install) @ moshi-kotlin-codegen ---
[INFO] Installing /home/travis/build/failed/square/moshi/kotlin/codegen/target/moshi-kotlin-codegen-1.10.0-SNAPSHOT.jar to /home/travis/.m2/repository/com/squareup/moshi/moshi-kotlin-codegen/1.10.0-SNAPSHOT/moshi-kotlin-codegen-1.10.0-SNAPSHOT.jar
[INFO] Installing /home/travis/build/failed/square/moshi/kotlin/codegen/dependency-reduced-pom.xml to /home/travis/.m2/repository/com/squareup/moshi/moshi-kotlin-codegen/1.10.0-SNAPSHOT/moshi-kotlin-codegen-1.10.0-SNAPSHOT.pom
[INFO] Installing /home/travis/build/failed/square/moshi/kotlin/codegen/target/moshi-kotlin-codegen-1.10.0-SNAPSHOT-javadoc.jar to /home/travis/.m2/repository/com/squareup/moshi/moshi-kotlin-codegen/1.10.0-SNAPSHOT/moshi-kotlin-codegen-1.10.0-SNAPSHOT-javadoc.jar
[INFO] 
[INFO] ------------------< com.squareup.moshi:moshi-kotlin >-------------------
[INFO] Building moshi-kotlin 1.10.0-SNAPSHOT                              [6/7]
[INFO] --------------------------------[ jar ]---------------------------------
[INFO] 
[INFO] --- maven-enforcer-plugin:1.0:enforce (enforce-maven) @ moshi-kotlin ---
[INFO] 
[INFO] --- maven-resources-plugin:2.6:resources (default-resources) @ moshi-kotlin ---
[INFO] Using 'UTF-8' encoding to copy filtered resources.
[INFO] Copying 1 resource
[INFO] 
[INFO] --- maven-compiler-plugin:3.8.1:compile (default-compile) @ moshi-kotlin ---
[INFO] Nothing to compile - all classes are up to date
[INFO] 
[INFO] --- kotlin-maven-plugin:1.3.50:compile (compile) @ moshi-kotlin ---
[INFO] 
[INFO] --- maven-compiler-plugin:3.8.1:compile (compile) @ moshi-kotlin ---
[INFO] Changes detected - recompiling the module!
[INFO] 
[INFO] --- maven-resources-plugin:2.6:testResources (default-testResources) @ moshi-kotlin ---
[INFO] Using 'UTF-8' encoding to copy filtered resources.
[INFO] skip non existing resourceDirectory /home/travis/build/failed/square/moshi/kotlin/reflect/src/test/resources
[INFO] 
[INFO] --- maven-compiler-plugin:3.8.1:testCompile (default-testCompile) @ moshi-kotlin ---
[INFO] No sources to compile
[INFO] 
[INFO] --- kotlin-maven-plugin:1.3.50:test-compile (test-compile) @ moshi-kotlin ---
[WARNING] No sources found skipping Kotlin compile
[INFO] 
[INFO] --- maven-compiler-plugin:3.8.1:testCompile (testCompile) @ moshi-kotlin ---
[INFO] No sources to compile
[INFO] 
[INFO] --- maven-surefire-plugin:2.12.4:test (default-test) @ moshi-kotlin ---
[INFO] Tests are skipped.
[INFO] 
[INFO] --- dokka-maven-plugin:0.9.17:dokka (default) @ moshi-kotlin ---
[INFO] Module: moshi-kotlin
[INFO] Output: /home/travis/build/failed/square/moshi/kotlin/reflect/target/dokka
[INFO] Sources: /home/travis/build/failed/square/moshi/kotlin/reflect/src/main/java, /home/travis/build/failed/square/moshi/kotlin/reflect/target/generated-sources/annotations
[INFO] Classpath: /usr/lib/jvm/java-8-openjdk-amd64/jre/lib/charsets.jar, /usr/lib/jvm/java-8-openjdk-amd64/jre/lib/jce.jar, /usr/lib/jvm/java-8-openjdk-amd64/jre/lib/jsse.jar, /usr/lib/jvm/java-8-openjdk-amd64/jre/lib/management-agent.jar, /usr/lib/jvm/java-8-openjdk-amd64/jre/lib/resources.jar, /usr/lib/jvm/java-8-openjdk-amd64/jre/lib/rt.jar, /usr/lib/jvm/java-8-openjdk-amd64/jre/lib/ext/cldrdata.jar, /usr/lib/jvm/java-8-openjdk-amd64/jre/lib/ext/dnsns.jar, /usr/lib/jvm/java-8-openjdk-amd64/jre/lib/ext/icedtea-sound.jar, /usr/lib/jvm/java-8-openjdk-amd64/jre/lib/ext/jaccess.jar, /usr/lib/jvm/java-8-openjdk-amd64/jre/lib/ext/localedata.jar, /usr/lib/jvm/java-8-openjdk-amd64/jre/lib/ext/nashorn.jar, /usr/lib/jvm/java-8-openjdk-amd64/jre/lib/ext/sunec.jar, /usr/lib/jvm/java-8-openjdk-amd64/jre/lib/ext/sunjce_provider.jar, /usr/lib/jvm/java-8-openjdk-amd64/jre/lib/ext/sunpkcs11.jar, /usr/lib/jvm/java-8-openjdk-amd64/jre/lib/ext/zipfs.jar, /home/travis/build/failed/square/moshi/kotlin/reflect/target/classes, /home/travis/build/failed/square/moshi/moshi/target/moshi-1.10.0-SNAPSHOT.jar, /home/travis/.m2/repository/com/squareup/okio/okio/1.16.0/okio-1.16.0.jar, /home/travis/.m2/repository/org/jetbrains/kotlin/kotlin-stdlib/1.3.50/kotlin-stdlib-1.3.50.jar, /home/travis/.m2/repository/org/jetbrains/kotlin/kotlin-stdlib-common/1.3.50/kotlin-stdlib-common-1.3.50.jar, /home/travis/.m2/repository/org/jetbrains/annotations/13.0/annotations-13.0.jar, /home/travis/.m2/repository/org/jetbrains/kotlin/kotlin-reflect/1.3.50/kotlin-reflect-1.3.50.jar
[INFO] Analysing sources and libraries... 
[INFO]   package com.squareup.moshi: 1 declarations
[INFO]   package com.squareup.moshi.kotlin.reflect: 4 declarations
[WARNING] No documentation for com.squareup.moshi.kotlin.reflect.KotlinJsonAdapterFactory (KotlinJsonAdapter.kt:180)
[WARNING] No documentation for com.squareup.moshi.kotlin.reflect.KotlinJsonAdapterFactory$<init>() (KotlinJsonAdapter.kt:180)
[WARNING] No documentation for com.squareup.moshi.kotlin.reflect.KotlinJsonAdapterFactory$create(java.lang.reflect.Type, kotlin.collections.MutableSet((kotlin.Annotation)), com.squareup.moshi.Moshi) (KotlinJsonAdapter.kt:181)
[INFO] done in 2 secs
[INFO] Generating pages... 
[INFO] done in 0 secs
[INFO] 
[INFO] --- maven-jar-plugin:2.4:jar (default-jar) @ moshi-kotlin ---
[INFO] Building jar: /home/travis/build/failed/square/moshi/kotlin/reflect/target/moshi-kotlin-1.10.0-SNAPSHOT.jar
[INFO] 
[INFO] --- maven-assembly-plugin:3.1.0:single (default) @ moshi-kotlin ---
[INFO] Reading assembly descriptor: src/assembly/dokka.xml
[WARNING] The assembly descriptor contains a filesystem-root relative reference, which is not cross platform compatible /
[INFO] Building jar: /home/travis/build/failed/square/moshi/kotlin/reflect/target/moshi-kotlin-1.10.0-SNAPSHOT-javadoc.jar
[INFO] 
[INFO] --- maven-checkstyle-plugin:2.17:checkstyle (default) @ moshi-kotlin ---
[INFO] Starting audit...
Audit done.
[INFO] 
[INFO] --- maven-install-plugin:2.4:install (default-install) @ moshi-kotlin ---
[INFO] Installing /home/travis/build/failed/square/moshi/kotlin/reflect/target/moshi-kotlin-1.10.0-SNAPSHOT.jar to /home/travis/.m2/repository/com/squareup/moshi/moshi-kotlin/1.10.0-SNAPSHOT/moshi-kotlin-1.10.0-SNAPSHOT.jar
[INFO] Installing /home/travis/build/failed/square/moshi/kotlin/reflect/pom.xml to /home/travis/.m2/repository/com/squareup/moshi/moshi-kotlin/1.10.0-SNAPSHOT/moshi-kotlin-1.10.0-SNAPSHOT.pom
[INFO] Installing /home/travis/build/failed/square/moshi/kotlin/reflect/target/moshi-kotlin-1.10.0-SNAPSHOT-javadoc.jar to /home/travis/.m2/repository/com/squareup/moshi/moshi-kotlin/1.10.0-SNAPSHOT/moshi-kotlin-1.10.0-SNAPSHOT-javadoc.jar
[INFO] 
[INFO] ---------------< com.squareup.moshi:moshi-kotlin-tests >----------------
[INFO] Building moshi-kotlin-tests 1.10.0-SNAPSHOT                        [7/7]
[INFO] --------------------------------[ jar ]---------------------------------
[INFO] 
[INFO] --- maven-enforcer-plugin:1.0:enforce (enforce-maven) @ moshi-kotlin-tests ---
[INFO] 
[INFO] --- kotlin-maven-plugin:1.3.50:kapt (kapt) @ moshi-kotlin-tests ---
[WARNING] No sources found skipping Kotlin compile
[INFO] 
[INFO] --- maven-resources-plugin:2.6:resources (default-resources) @ moshi-kotlin-tests ---
[INFO] Using 'UTF-8' encoding to copy filtered resources.
[INFO] skip non existing resourceDirectory /home/travis/build/failed/square/moshi/kotlin/tests/src/main/resources
[INFO] 
[INFO] --- kotlin-maven-plugin:1.3.50:compile (compile) @ moshi-kotlin-tests ---
[WARNING] No sources found skipping Kotlin compile
[INFO] 
[INFO] --- maven-compiler-plugin:3.5.1:compile (java-compile) @ moshi-kotlin-tests ---
[INFO] No sources to compile
[INFO] 
[INFO] --- kotlin-maven-plugin:1.3.50:test-kapt (test-kapt) @ moshi-kotlin-tests ---
[WARNING] Source root doesn't exist: /home/travis/build/failed/square/moshi/kotlin/tests/src/test/java
[WARNING] ATTENTION!
This build uses unsafe internal compiler arguments:

-XXLanguage:+InlineClasses

This mode is not recommended for production use,
as no stability/compatibility guarantees are given on
compiler or generated code. Use it at your own risk!

[INFO] 
[INFO] --- maven-resources-plugin:2.6:testResources (default-testResources) @ moshi-kotlin-tests ---
[INFO] Using 'UTF-8' encoding to copy filtered resources.
[INFO] skip non existing resourceDirectory /home/travis/build/failed/square/moshi/kotlin/tests/src/test/resources
[INFO] 
[INFO] --- kotlin-maven-plugin:1.3.50:test-compile (test-compile) @ moshi-kotlin-tests ---
[WARNING] Source root doesn't exist: /home/travis/build/failed/square/moshi/kotlin/tests/src/test/java
[WARNING] ATTENTION!
This build uses unsafe internal compiler arguments:

-XXLanguage:+InlineClasses

This mode is not recommended for production use,
as no stability/compatibility guarantees are given on
compiler or generated code. Use it at your own risk!

[WARNING] /home/travis/build/failed/square/moshi/kotlin/tests/src/test/kotlin/com/squareup/moshi/kotlin/DualKotlinTest.kt: (520, 56) Redundant '?'
[WARNING] /home/travis/build/failed/square/moshi/kotlin/tests/src/test/kotlin/com/squareup/moshi/kotlin/DualKotlinTest.kt: (522, 61) Redundant '?'
[WARNING] /home/travis/build/failed/square/moshi/kotlin/tests/target/generated-sources/kapt/test/com/squareup/moshi/kotlin/DualKotlinTest_TypeAliasUnwrappingJsonAdapter.kt: (39, 37) Projection is redundant: the corresponding type parameter of List has the same variance
[WARNING] /home/travis/build/failed/square/moshi/kotlin/tests/target/generated-sources/kapt/test/com/squareup/moshi/kotlin/DualKotlinTest_TypeAliasUnwrappingJsonAdapter.kt: (53, 36) Projection is redundant: the corresponding type parameter of List has the same variance
[INFO] 
[INFO] --- maven-compiler-plugin:3.5.1:testCompile (java-test-compile) @ moshi-kotlin-tests ---
[INFO] Nothing to compile - all classes are up to date
[INFO] 
[INFO] --- maven-surefire-plugin:2.12.4:test (default-test) @ moshi-kotlin-tests ---
[INFO] Tests are skipped.
[INFO] 
[INFO] --- dokka-maven-plugin:0.9.17:dokka (default) @ moshi-kotlin-tests ---
[INFO] Module: moshi-kotlin-tests
[INFO] Output: /home/travis/build/failed/square/moshi/kotlin/tests/target/dokka
[INFO] Sources: /home/travis/build/failed/square/moshi/kotlin/tests/src/main/java
[INFO] Classpath: /usr/lib/jvm/java-8-openjdk-amd64/jre/lib/charsets.jar, /usr/lib/jvm/java-8-openjdk-amd64/jre/lib/jce.jar, /usr/lib/jvm/java-8-openjdk-amd64/jre/lib/jsse.jar, /usr/lib/jvm/java-8-openjdk-amd64/jre/lib/management-agent.jar, /usr/lib/jvm/java-8-openjdk-amd64/jre/lib/resources.jar, /usr/lib/jvm/java-8-openjdk-amd64/jre/lib/rt.jar, /usr/lib/jvm/java-8-openjdk-amd64/jre/lib/ext/cldrdata.jar, /usr/lib/jvm/java-8-openjdk-amd64/jre/lib/ext/dnsns.jar, /usr/lib/jvm/java-8-openjdk-amd64/jre/lib/ext/icedtea-sound.jar, /usr/lib/jvm/java-8-openjdk-amd64/jre/lib/ext/jaccess.jar, /usr/lib/jvm/java-8-openjdk-amd64/jre/lib/ext/localedata.jar, /usr/lib/jvm/java-8-openjdk-amd64/jre/lib/ext/nashorn.jar, /usr/lib/jvm/java-8-openjdk-amd64/jre/lib/ext/sunec.jar, /usr/lib/jvm/java-8-openjdk-amd64/jre/lib/ext/sunjce_provider.jar, /usr/lib/jvm/java-8-openjdk-amd64/jre/lib/ext/sunpkcs11.jar, /usr/lib/jvm/java-8-openjdk-amd64/jre/lib/ext/zipfs.jar, /home/travis/build/failed/square/moshi/kotlin/tests/target/classes, /home/travis/build/failed/square/moshi/moshi/target/moshi-1.10.0-SNAPSHOT.jar, /home/travis/.m2/repository/com/squareup/okio/okio/1.16.0/okio-1.16.0.jar, /home/travis/build/failed/square/moshi/kotlin/reflect/target/moshi-kotlin-1.10.0-SNAPSHOT.jar, /home/travis/.m2/repository/org/jetbrains/kotlin/kotlin-reflect/1.3.50/kotlin-reflect-1.3.50.jar, /home/travis/.m2/repository/org/jetbrains/kotlin/kotlin-stdlib/1.3.50/kotlin-stdlib-1.3.50.jar, /home/travis/.m2/repository/org/jetbrains/kotlin/kotlin-stdlib-common/1.3.50/kotlin-stdlib-common-1.3.50.jar, /home/travis/.m2/repository/org/jetbrains/annotations/13.0/annotations-13.0.jar
[INFO] Analysing sources and libraries... 
[ERROR] error: source file or directory not found: /home/travis/build/failed/square/moshi/kotlin/tests/src/main/java
[ERROR] warning: classpath entry points to a non-existent location: /home/travis/build/failed/square/moshi/kotlin/tests/target/classes
[INFO] done in 0 secs
[INFO] Generating pages... 
[INFO] done in 0 secs
[INFO] 
[INFO] --- maven-jar-plugin:2.4:jar (default-jar) @ moshi-kotlin-tests ---
[WARNING] JAR will be empty - no content was marked for inclusion!
[INFO] Building jar: /home/travis/build/failed/square/moshi/kotlin/tests/target/moshi-kotlin-tests-1.10.0-SNAPSHOT.jar
[INFO] 
[INFO] --- maven-assembly-plugin:3.1.0:single (default) @ moshi-kotlin-tests ---
[INFO] Reading assembly descriptor: src/assembly/dokka.xml
[WARNING] The assembly descriptor contains a filesystem-root relative reference, which is not cross platform compatible /
[INFO] Building jar: /home/travis/build/failed/square/moshi/kotlin/tests/target/moshi-kotlin-tests-1.10.0-SNAPSHOT-javadoc.jar
[INFO] 
[INFO] --- maven-checkstyle-plugin:2.17:checkstyle (default) @ moshi-kotlin-tests ---
[INFO] 
[INFO] --- maven-install-plugin:2.4:install (default-install) @ moshi-kotlin-tests ---
[INFO] Installing /home/travis/build/failed/square/moshi/kotlin/tests/target/moshi-kotlin-tests-1.10.0-SNAPSHOT.jar to /home/travis/.m2/repository/com/squareup/moshi/moshi-kotlin-tests/1.10.0-SNAPSHOT/moshi-kotlin-tests-1.10.0-SNAPSHOT.jar
[INFO] Installing /home/travis/build/failed/square/moshi/kotlin/tests/pom.xml to /home/travis/.m2/repository/com/squareup/moshi/moshi-kotlin-tests/1.10.0-SNAPSHOT/moshi-kotlin-tests-1.10.0-SNAPSHOT.pom
[INFO] Installing /home/travis/build/failed/square/moshi/kotlin/tests/target/moshi-kotlin-tests-1.10.0-SNAPSHOT-javadoc.jar to /home/travis/.m2/repository/com/squareup/moshi/moshi-kotlin-tests/1.10.0-SNAPSHOT/moshi-kotlin-tests-1.10.0-SNAPSHOT-javadoc.jar
[INFO] ------------------------------------------------------------------------
[INFO] Reactor Summary for Moshi (Parent) 1.10.0-SNAPSHOT:
[INFO] 
[INFO] Moshi (Parent) ..................................... SUCCESS [  1.359 s]
[INFO] Moshi .............................................. SUCCESS [ 12.808 s]
[INFO] moshi-adapters ..................................... SUCCESS [  1.271 s]
[INFO] moshi-examples ..................................... SUCCESS [  1.254 s]
[INFO] moshi-kotlin-codegen ............................... SUCCESS [ 30.155 s]
[INFO] moshi-kotlin ....................................... SUCCESS [  4.745 s]
[INFO] moshi-kotlin-tests ................................. SUCCESS [ 20.213 s]
[INFO] ------------------------------------------------------------------------
[INFO] BUILD SUCCESS
[INFO] ------------------------------------------------------------------------
[INFO] Total time:  01:12 min
[INFO] Finished at: 2022-01-22T23:05:33Z
[INFO] ------------------------------------------------------------------------
travis_time:end:1ea09a2a:start=1642892659161336571,finish=1642892733194999106,duration=74033662535,event=install[0Ktravis_fold:end:install[0Ktravis_time:start:2032a759[0K$ mvn test -B
Picked up _JAVA_OPTIONS: -Xmx2048m -Xms512m
[INFO] Scanning for projects...
[WARNING] 
[WARNING] Some problems were encountered while building the effective model for com.squareup.moshi:moshi:jar:1.10.0-SNAPSHOT
[WARNING] 'build.plugins.plugin.version' for org.apache.maven.plugins:maven-jar-plugin is missing. @ com.squareup.moshi:moshi:[unknown-version], /home/travis/build/failed/square/moshi/moshi/pom.xml, line 39, column 15
[WARNING] 
[WARNING] Some problems were encountered while building the effective model for com.squareup.moshi:moshi-adapters:jar:1.10.0-SNAPSHOT
[WARNING] 'build.plugins.plugin.version' for org.apache.maven.plugins:maven-jar-plugin is missing. @ com.squareup.moshi:moshi-adapters:[unknown-version], /home/travis/build/failed/square/moshi/adapters/pom.xml, line 39, column 15
[WARNING] 
[WARNING] Some problems were encountered while building the effective model for com.squareup.moshi:moshi-kotlin:jar:1.10.0-SNAPSHOT
[WARNING] 'build.plugins.plugin.version' for org.apache.maven.plugins:maven-jar-plugin is missing. @ com.squareup.moshi:moshi-kotlin:[unknown-version], /home/travis/build/failed/square/moshi/kotlin/reflect/pom.xml, line 93, column 15
[WARNING] 
[WARNING] It is highly recommended to fix these problems because they threaten the stability of your build.
[WARNING] 
[WARNING] For this reason, future Maven versions might no longer support building such malformed projects.
[WARNING] 
[INFO] ------------------------------------------------------------------------
[INFO] Reactor Build Order:
[INFO] 
[INFO] Moshi (Parent)                                                     [pom]
[INFO] Moshi                                                              [jar]
[INFO] moshi-adapters                                                     [jar]
[INFO] moshi-examples                                                     [jar]
[INFO] moshi-kotlin-codegen                                               [jar]
[INFO] moshi-kotlin                                                       [jar]
[INFO] moshi-kotlin-tests                                                 [jar]
[INFO] 
[INFO] ------------------< com.squareup.moshi:moshi-parent >-------------------
[INFO] Building Moshi (Parent) 1.10.0-SNAPSHOT                            [1/7]
[INFO] --------------------------------[ pom ]---------------------------------
[INFO] 
[INFO] --- maven-enforcer-plugin:1.0:enforce (enforce-maven) @ moshi-parent ---
[INFO] 
[INFO] ----------------------< com.squareup.moshi:moshi >----------------------
[INFO] Building Moshi 1.10.0-SNAPSHOT                                     [2/7]
[INFO] --------------------------------[ jar ]---------------------------------
[INFO] 
[INFO] --- maven-enforcer-plugin:1.0:enforce (enforce-maven) @ moshi ---
[INFO] 
[INFO] --- maven-resources-plugin:2.6:resources (default-resources) @ moshi ---
[INFO] Using 'UTF-8' encoding to copy filtered resources.
[INFO] Copying 1 resource
[INFO] 
[INFO] --- maven-compiler-plugin:3.8.1:compile (default-compile) @ moshi ---
[INFO] Nothing to compile - all classes are up to date
[INFO] 
[INFO] --- maven-resources-plugin:2.6:testResources (default-testResources) @ moshi ---
[INFO] Using 'UTF-8' encoding to copy filtered resources.
[INFO] skip non existing resourceDirectory /home/travis/build/failed/square/moshi/moshi/src/test/resources
[INFO] 
[INFO] --- maven-compiler-plugin:3.8.1:testCompile (default-testCompile) @ moshi ---
[INFO] Nothing to compile - all classes are up to date
[INFO] 
[INFO] --- maven-surefire-plugin:2.12.4:test (default-test) @ moshi ---
[INFO] Surefire report directory: /home/travis/build/failed/square/moshi/moshi/target/surefire-reports

-------------------------------------------------------
 T E S T S
-------------------------------------------------------
Picked up _JAVA_OPTIONS: -Xmx2048m -Xms512m
Running com.squareup.moshi.LinkedHashTreeMapTest
Tests run: 15, Failures: 0, Errors: 0, Skipped: 0, Time elapsed: 0.217 sec
Running com.squareup.moshi.FlattenTest
Tests run: 36, Failures: 0, Errors: 0, Skipped: 0, Time elapsed: 0.041 sec
Running com.squareup.moshi.JsonQualifiersTest
Tests run: 13, Failures: 0, Errors: 0, Skipped: 0, Time elapsed: 0.057 sec
Running com.squareup.moshi.JsonValueReaderTest
Tests run: 24, Failures: 0, Errors: 0, Skipped: 0, Time elapsed: 0.012 sec
Running com.squareup.moshi.JsonWriterPathTest
Tests run: 27, Failures: 0, Errors: 0, Skipped: 2, Time elapsed: 0.012 sec
Running com.squareup.moshi.PromoteNameToValueTest
Tests run: 69, Failures: 0, Errors: 0, Skipped: 0, Time elapsed: 0.027 sec
Running com.squareup.moshi.MapJsonAdapterTest
Tests run: 12, Failures: 0, Errors: 0, Skipped: 0, Time elapsed: 0.015 sec
Running com.squareup.moshi.DeferredAdapterTest
Tests run: 1, Failures: 0, Errors: 0, Skipped: 0, Time elapsed: 0.016 sec
Running com.squareup.moshi.JsonReaderTest
Tests run: 231, Failures: 0, Errors: 0, Skipped: 8, Time elapsed: 0.085 sec
Running com.squareup.moshi.CircularAdaptersTest
Tests run: 2, Failures: 0, Errors: 0, Skipped: 0, Time elapsed: 0.004 sec
Running com.squareup.moshi.ClassJsonAdapterTest
Tests run: 26, Failures: 0, Errors: 0, Skipped: 0, Time elapsed: 0.026 sec
Running com.squareup.moshi.JsonWriterTest
Tests run: 165, Failures: 0, Errors: 0, Skipped: 4, Time elapsed: 0.03 sec
Running com.squareup.moshi.ObjectAdapterTest
Tests run: 14, Failures: 0, Errors: 0, Skipped: 0, Time elapsed: 0.006 sec
Running com.squareup.moshi.JsonReaderPathTest
Tests run: 30, Failures: 0, Errors: 0, Skipped: 2, Time elapsed: 0.004 sec
Running com.squareup.moshi.MoshiTest
Tests run: 59, Failures: 0, Errors: 0, Skipped: 0, Time elapsed: 0.242 sec
Running com.squareup.moshi.JsonUtf8ReaderTest
Tests run: 92, Failures: 0, Errors: 0, Skipped: 5, Time elapsed: 0.024 sec
Running com.squareup.moshi.RecursiveTypesResolveTest
Tests run: 5, Failures: 0, Errors: 0, Skipped: 0, Time elapsed: 0.001 sec
Running com.squareup.moshi.TypesTest
Tests run: 30, Failures: 0, Errors: 0, Skipped: 0, Time elapsed: 0.017 sec
Running com.squareup.moshi.JsonAdapterTest
Tests run: 39, Failures: 0, Errors: 0, Skipped: 2, Time elapsed: 0.01 sec
Running com.squareup.moshi.JsonValueWriterTest
Tests run: 10, Failures: 0, Errors: 0, Skipped: 0, Time elapsed: 0.003 sec
Running com.squareup.moshi.JsonUtf8WriterTest
Tests run: 4, Failures: 0, Errors: 0, Skipped: 0, Time elapsed: 0 sec
Running com.squareup.moshi.AdapterMethodsTest
Tests run: 29, Failures: 0, Errors: 0, Skipped: 0, Time elapsed: 0.032 sec

Results :

Tests run: 933, Failures: 0, Errors: 0, Skipped: 23

[INFO] 
[INFO] -----------------< com.squareup.moshi:moshi-adapters >------------------
[INFO] Building moshi-adapters 1.10.0-SNAPSHOT                            [3/7]
[INFO] --------------------------------[ jar ]---------------------------------
[INFO] 
[INFO] --- maven-enforcer-plugin:1.0:enforce (enforce-maven) @ moshi-adapters ---
[INFO] 
[INFO] --- maven-resources-plugin:2.6:resources (default-resources) @ moshi-adapters ---
[INFO] Using 'UTF-8' encoding to copy filtered resources.
[INFO] skip non existing resourceDirectory /home/travis/build/failed/square/moshi/adapters/src/main/resources
[INFO] 
[INFO] --- maven-compiler-plugin:3.8.1:compile (default-compile) @ moshi-adapters ---
[INFO] Nothing to compile - all classes are up to date
[INFO] 
[INFO] --- maven-resources-plugin:2.6:testResources (default-testResources) @ moshi-adapters ---
[INFO] Using 'UTF-8' encoding to copy filtered resources.
[INFO] skip non existing resourceDirectory /home/travis/build/failed/square/moshi/adapters/src/test/resources
[INFO] 
[INFO] --- maven-compiler-plugin:3.8.1:testCompile (default-testCompile) @ moshi-adapters ---
[INFO] Nothing to compile - all classes are up to date
[INFO] 
[INFO] --- maven-surefire-plugin:2.12.4:test (default-test) @ moshi-adapters ---
[INFO] Surefire report directory: /home/travis/build/failed/square/moshi/adapters/target/surefire-reports

-------------------------------------------------------
 T E S T S
-------------------------------------------------------
Picked up _JAVA_OPTIONS: -Xmx2048m -Xms512m
Running com.squareup.moshi.adapters.PolymorphicJsonAdapterFactoryTest
Tests run: 14, Failures: 0, Errors: 0, Skipped: 0, Time elapsed: 0.209 sec
Running com.squareup.moshi.adapters.Rfc3339DateJsonAdapterTest
Tests run: 4, Failures: 0, Errors: 0, Skipped: 0, Time elapsed: 0.039 sec
Running com.squareup.moshi.adapters.EnumJsonAdapterTest
Tests run: 5, Failures: 0, Errors: 0, Skipped: 0, Time elapsed: 0.004 sec

Results :

Tests run: 23, Failures: 0, Errors: 0, Skipped: 0

[INFO] 
[INFO] -----------------< com.squareup.moshi:moshi-examples >------------------
[INFO] Building moshi-examples 1.10.0-SNAPSHOT                            [4/7]
[INFO] --------------------------------[ jar ]---------------------------------
[INFO] 
[INFO] --- maven-enforcer-plugin:1.0:enforce (enforce-maven) @ moshi-examples ---
[INFO] 
[INFO] --- maven-resources-plugin:2.6:resources (default-resources) @ moshi-examples ---
[INFO] Using 'UTF-8' encoding to copy filtered resources.
[INFO] skip non existing resourceDirectory /home/travis/build/failed/square/moshi/examples/src/main/resources
[INFO] 
[INFO] --- maven-compiler-plugin:3.8.1:compile (default-compile) @ moshi-examples ---
[INFO] Nothing to compile - all classes are up to date
[INFO] 
[INFO] --- maven-resources-plugin:2.6:testResources (default-testResources) @ moshi-examples ---
[INFO] Using 'UTF-8' encoding to copy filtered resources.
[INFO] skip non existing resourceDirectory /home/travis/build/failed/square/moshi/examples/src/test/resources
[INFO] 
[INFO] --- maven-compiler-plugin:3.8.1:testCompile (default-testCompile) @ moshi-examples ---
[INFO] No sources to compile
[INFO] 
[INFO] --- maven-surefire-plugin:2.12.4:test (default-test) @ moshi-examples ---
[INFO] No tests to run.
[INFO] 
[INFO] --------------< com.squareup.moshi:moshi-kotlin-codegen >---------------
[INFO] Building moshi-kotlin-codegen 1.10.0-SNAPSHOT                      [5/7]
[INFO] --------------------------------[ jar ]---------------------------------
[INFO] 
[INFO] --- maven-enforcer-plugin:1.0:enforce (enforce-maven) @ moshi-kotlin-codegen ---
[INFO] 
[INFO] --- kotlin-maven-plugin:1.3.50:kapt (kapt) @ moshi-kotlin-codegen ---
[WARNING] Source root doesn't exist: /home/travis/build/failed/square/moshi/kotlin/codegen/src/main/kotlin
[INFO] 
[INFO] --- maven-resources-plugin:2.6:resources (default-resources) @ moshi-kotlin-codegen ---
[INFO] Using 'UTF-8' encoding to copy filtered resources.
[INFO] skip non existing resourceDirectory /home/travis/build/failed/square/moshi/kotlin/codegen/src/main/resources
[INFO] 
[INFO] --- maven-compiler-plugin:3.8.1:compile (default-compile) @ moshi-kotlin-codegen ---
[INFO] Nothing to compile - all classes are up to date
[INFO] 
[INFO] --- kotlin-maven-plugin:1.3.50:compile (compile) @ moshi-kotlin-codegen ---
[WARNING] Duplicate source root: /home/travis/build/failed/square/moshi/kotlin/codegen/target/generated-sources/kapt/compile
[WARNING] Duplicate source root: /home/travis/build/failed/square/moshi/kotlin/codegen/target/generated-sources/kaptKotlin/compile
[INFO] 
[INFO] --- maven-compiler-plugin:3.8.1:compile (compile) @ moshi-kotlin-codegen ---
[INFO] Changes detected - recompiling the module!
[INFO] 
[INFO] --- maven-resources-plugin:2.6:testResources (default-testResources) @ moshi-kotlin-codegen ---
[INFO] Using 'UTF-8' encoding to copy filtered resources.
[INFO] skip non existing resourceDirectory /home/travis/build/failed/square/moshi/kotlin/codegen/src/test/resources
[INFO] 
[INFO] --- maven-compiler-plugin:3.8.1:testCompile (default-testCompile) @ moshi-kotlin-codegen ---
[INFO] Changes detected - recompiling the module!
[INFO] Compiling 1 source file to /home/travis/build/failed/square/moshi/kotlin/codegen/target/test-classes
[INFO] 
[INFO] --- kotlin-maven-plugin:1.3.50:test-compile (test-compile) @ moshi-kotlin-codegen ---
[WARNING] /home/travis/build/failed/square/moshi/kotlin/codegen/src/test/java/com/squareup/moshi/kotlin/codegen/JsonClassCodegenProcessorTest.kt: (29, 2) This class can only be used with the compiler argument '-Xuse-experimental=kotlin.Experimental'
[INFO] 
[INFO] --- maven-compiler-plugin:3.8.1:testCompile (testCompile) @ moshi-kotlin-codegen ---
[INFO] Changes detected - recompiling the module!
[INFO] Compiling 1 source file to /home/travis/build/failed/square/moshi/kotlin/codegen/target/test-classes
[INFO] 
[INFO] --- maven-surefire-plugin:2.21.0:test (default-test) @ moshi-kotlin-codegen ---
[INFO] 
[INFO] -------------------------------------------------------
[INFO]  T E S T S
[INFO] -------------------------------------------------------
[INFO] Running com.squareup.moshi.kotlin.codegen.JsonClassCodegenProcessorTest
e: /tmp/junit2181492111831156703/kapt/stubs/PrivateProperties.java:6: error: property a is not visible
public final class PrivateProperties {
             ^
e: /tmp/junit260509064681376902/kapt/stubs/PrivateConstructor.java:6: error: @JsonClass can't be applied to PrivateConstructor: primary constructor is not internal or public
public final class PrivateConstructor {
             ^
e: /tmp/junit5474536344220820024/kapt/stubs/RequiredTransientConstructorParameter.java:6: error: No default value for transient property a
public final class RequiredTransientConstructorParameter {
             ^
e: /tmp/junit2129079104863069099/kapt/stubs/ObjectDeclaration.java:6: error: @JsonClass can't be applied to ObjectDeclaration: must be a Kotlin class
public final class ObjectDeclaration {
             ^
e: /tmp/junit1845177788778069861/kapt/stubs/NonPropertyConstructorParameter.java:6: error: No property for required constructor parameter a
public final class NonPropertyConstructorParameter {
             ^
e: /tmp/junit1845177788778069861/sources/source.kt: (1, 27): Conflicting import, imported name 'JsonClass' is ambiguous
e: /tmp/junit1845177788778069861/sources/source.kt: (3, 27): Conflicting import, imported name 'JsonClass' is ambiguous
e: /tmp/junit993810340024380896/kapt/stubs/KotlinEnum.java:6: error: @JsonClass with 'generateAdapter = "true"' can't be applied to KotlinEnum: code gen for enums is not supported or necessary
public enum KotlinEnum {
       ^
e: error: JsonQualifier @UpperCase must have RUNTIME retention
e: /tmp/junit2541793478854494442/kapt/stubs/Interface.java:6: error: @JsonClass can't be applied to Interface: must be a Kotlin class
public abstract interface Interface {
                ^
e: /tmp/junit618098725105316354/kapt/stubs/ExtendsJavaType.java:6: error: @JsonClass can't be applied to ExtendsJavaType: supertype com.squareup.moshi.kotlin.codegen.JavaSuperclass is not a Kotlin type
public final class ExtendsJavaType extends com.squareup.moshi.kotlin.codegen.JavaSuperclass {
             ^
e: [kapt] An exception occurred: java.lang.IllegalArgumentException: Invalid option value for moshi.generated. Found javax.annotation.GeneratedBlerg, allowable values are [javax.annotation.processing.Generated, javax.annotation.Generated].
	at com.squareup.moshi.kotlin.codegen.JsonClassCodegenProcessor.init(JsonClassCodegenProcessor.kt:85)
	at org.jetbrains.kotlin.kapt3.base.incremental.IncrementalProcessor.init(incrementalProcessors.kt:31)
	at org.jetbrains.kotlin.kapt3.base.ProcessorWrapper.init(annotationProcessing.kt:156)
	at com.sun.tools.javac.processing.JavacProcessingEnvironment$ProcessorState.<init>(JavacProcessingEnvironment.java:508)
	at com.sun.tools.javac.processing.JavacProcessingEnvironment$DiscoveredProcessors$ProcessorStateIterator.next(JavacProcessingEnvironment.java:605)
	at com.sun.tools.javac.processing.JavacProcessingEnvironment.discoverAndRunProcs(JavacProcessingEnvironment.java:698)
	at com.sun.tools.javac.processing.JavacProcessingEnvironment.access$1800(JavacProcessingEnvironment.java:91)
	at com.sun.tools.javac.processing.JavacProcessingEnvironment$Round.run(JavacProcessingEnvironment.java:1043)
	at com.sun.tools.javac.processing.JavacProcessingEnvironment.doProcessing(JavacProcessingEnvironment.java:1184)
	at com.sun.tools.javac.main.JavaCompiler.processAnnotations(JavaCompiler.java:1170)
	at com.sun.tools.javac.main.JavaCompiler.processAnnotations(JavaCompiler.java:1068)
	at org.jetbrains.kotlin.kapt3.base.AnnotationProcessingKt.doAnnotationProcessing(annotationProcessing.kt:79)
	at org.jetbrains.kotlin.kapt3.base.AnnotationProcessingKt.doAnnotationProcessing$default(annotationProcessing.kt:35)
	at org.jetbrains.kotlin.kapt3.AbstractKapt3Extension.runAnnotationProcessing(Kapt3Extension.kt:230)
	at org.jetbrains.kotlin.kapt3.AbstractKapt3Extension.analysisCompleted(Kapt3Extension.kt:188)
	at org.jetbrains.kotlin.cli.jvm.compiler.TopDownAnalyzerFacadeForJVM$analyzeFilesWithJavaIntegration$2.invoke(TopDownAnalyzerFacadeForJVM.kt:96)
	at org.jetbrains.kotlin.cli.jvm.compiler.TopDownAnalyzerFacadeForJVM.analyzeFilesWithJavaIntegration(TopDownAnalyzerFacadeForJVM.kt:106)
	at org.jetbrains.kotlin.cli.jvm.compiler.TopDownAnalyzerFacadeForJVM.analyzeFilesWithJavaIntegration$default(TopDownAnalyzerFacadeForJVM.kt:81)
	at org.jetbrains.kotlin.cli.jvm.compiler.KotlinToJVMBytecodeCompiler$analyze$1.invoke(KotlinToJVMBytecodeCompiler.kt:555)
	at org.jetbrains.kotlin.cli.jvm.compiler.KotlinToJVMBytecodeCompiler$analyze$1.invoke(KotlinToJVMBytecodeCompiler.kt:82)
	at org.jetbrains.kotlin.cli.common.messages.AnalyzerWithCompilerReport.analyzeAndReport(AnalyzerWithCompilerReport.kt:107)
	at org.jetbrains.kotlin.cli.jvm.compiler.KotlinToJVMBytecodeCompiler.analyze(KotlinToJVMBytecodeCompiler.kt:546)
	at org.jetbrains.kotlin.cli.jvm.compiler.KotlinToJVMBytecodeCompiler.compileModules$cli(KotlinToJVMBytecodeCompiler.kt:177)
	at org.jetbrains.kotlin.cli.jvm.K2JVMCompiler.doExecute(K2JVMCompiler.kt:164)
	at org.jetbrains.kotlin.cli.jvm.K2JVMCompiler.doExecute(K2JVMCompiler.kt:54)
	at org.jetbrains.kotlin.cli.common.CLICompiler.execImpl(CLICompiler.kt:84)
	at org.jetbrains.kotlin.cli.common.CLICompiler.execImpl(CLICompiler.kt:42)
	at org.jetbrains.kotlin.cli.common.CLITool.exec(CLITool.kt:104)
	at com.tschuchort.compiletesting.KotlinCompilation.stubsAndApt(KotlinCompilation.kt:526)
	at com.tschuchort.compiletesting.KotlinCompilation.compile(KotlinCompilation.kt:749)
	at com.squareup.moshi.kotlin.codegen.JsonClassCodegenProcessorTest.badGeneratedAnnotation(JsonClassCodegenProcessorTest.kt:256)
	at sun.reflect.NativeMethodAccessorImpl.invoke0(Native Method)
	at sun.reflect.NativeMethodAccessorImpl.invoke(NativeMethodAccessorImpl.java:62)
	at sun.reflect.DelegatingMethodAccessorImpl.invoke(DelegatingMethodAccessorImpl.java:43)
	at java.lang.reflect.Method.invoke(Method.java:498)
	at org.junit.runners.model.FrameworkMethod$1.runReflectiveCall(FrameworkMethod.java:50)
	at org.junit.internal.runners.model.ReflectiveCallable.run(ReflectiveCallable.java:12)
	at org.junit.runners.model.FrameworkMethod.invokeExplosively(FrameworkMethod.java:47)
	at org.junit.internal.runners.statements.InvokeMethod.evaluate(InvokeMethod.java:17)
	at org.junit.rules.ExternalResource$1.evaluate(ExternalResource.java:48)
	at org.junit.rules.RunRules.evaluate(RunRules.java:20)
	at org.junit.runners.ParentRunner.runLeaf(ParentRunner.java:325)
	at org.junit.runners.BlockJUnit4ClassRunner.runChild(BlockJUnit4ClassRunner.java:78)
	at org.junit.runners.BlockJUnit4ClassRunner.runChild(BlockJUnit4ClassRunner.java:57)
	at org.junit.runners.ParentRunner$3.run(ParentRunner.java:290)
	at org.junit.runners.ParentRunner$1.schedule(ParentRunner.java:71)
	at org.junit.runners.ParentRunner.runChildren(ParentRunner.java:288)
	at org.junit.runners.ParentRunner.access$000(ParentRunner.java:58)
	at org.junit.runners.ParentRunner$2.evaluate(ParentRunner.java:268)
	at org.junit.runners.ParentRunner.run(ParentRunner.java:363)
	at org.apache.maven.surefire.junit4.JUnit4Provider.execute(JUnit4Provider.java:365)
	at org.apache.maven.surefire.junit4.JUnit4Provider.executeWithRerun(JUnit4Provider.java:273)
	at org.apache.maven.surefire.junit4.JUnit4Provider.executeTestSet(JUnit4Provider.java:238)
	at org.apache.maven.surefire.junit4.JUnit4Provider.invoke(JUnit4Provider.java:159)
	at org.apache.maven.surefire.booter.ForkedBooter.invokeProviderInSameClassLoader(ForkedBooter.java:379)
	at org.apache.maven.surefire.booter.ForkedBooter.runSuitesInProcess(ForkedBooter.java:340)
	at org.apache.maven.surefire.booter.ForkedBooter.execute(ForkedBooter.java:125)
	at org.apache.maven.surefire.booter.ForkedBooter.main(ForkedBooter.java:413)

e: error: JsonQualifier @UpperCase must support FIELD target
e: /tmp/junit8296419706629318850/kapt/stubs/SourceKt.java:10: error: @JsonClass can't be applied to expression$annotations(): must be a Kotlin class
    public static void expression$annotations() {
                       ^
e: /tmp/junit8074724979046186085/kapt/stubs/Class1.java:6: error: property a is not visible
public final class Class1 {
             ^
e: /tmp/junit8074724979046186085/kapt/stubs/Class2.java:6: error: property c is not visible
public final class Class2 {
             ^
e: /tmp/junit6894478329317896530/kapt/stubs/AbstractClass.java:6: error: @JsonClass can't be applied to AbstractClass: must not be abstract
public abstract class AbstractClass {
                ^
e: /tmp/junit1966672884897522775/kapt/stubs/PrivateConstructorParameter.java:6: error: property a is not visible
public final class PrivateConstructorParameter {
             ^
e: /tmp/junit2851946216623667224/kapt/stubs/ExtendsPlatformClass.java:6: error: @JsonClass can't be applied to ExtendsPlatformClass: supertype java.util.Date is not a Kotlin type
public final class ExtendsPlatformClass extends java.util.Date {
             ^
e: /tmp/junit7297450073797686673/kapt/stubs/SealedClass.java:6: error: @JsonClass can't be applied to SealedClass: must not be sealed
public abstract class SealedClass {
                ^
e: /tmp/junit8307386306373440447/kapt/stubs/Outer.java:13: error: @JsonClass can't be applied to Outer.InnerClass: must not be an inner class
    public final class InnerClass {
                 ^
[ERROR] Tests run: 21, Failures: 1, Errors: 0, Skipped: 1, Time elapsed: 15.243 s <<< FAILURE! - in com.squareup.moshi.kotlin.codegen.JsonClassCodegenProcessorTest
[ERROR] TypeAliases with the same backing type should share the same adapter(com.squareup.moshi.kotlin.codegen.JsonClassCodegenProcessorTest)  Time elapsed: 1.55 s  <<< FAILURE!
org.junit.ComparisonFailure: 
expected:<...er.endObject()
  }
}[]"> but was:<...er.endObject()
  }
}[
]">
	at com.squareup.moshi.kotlin.codegen.JsonClassCodegenProcessorTest.TypeAliases with the same backing type should share the same adapter(JsonClassCodegenProcessorTest.kt:372)

[INFO] 
[INFO] Results:
[INFO] 
[ERROR] Failures: 
[ERROR]   JsonClassCodegenProcessorTest.TypeAliases with the same backing type should share the same adapter:372 expected:<...er.endObject()
  }
}[]"> but was:<...er.endObject()
  }
}[
]">
[INFO] 
[ERROR] Tests run: 21, Failures: 1, Errors: 0, Skipped: 1
[INFO] 
[INFO] ------------------------------------------------------------------------
[INFO] Reactor Summary for Moshi (Parent) 1.10.0-SNAPSHOT:
[INFO] 
[INFO] Moshi (Parent) ..................................... SUCCESS [  0.384 s]
[INFO] Moshi .............................................. SUCCESS [  2.285 s]
[INFO] moshi-adapters ..................................... SUCCESS [  0.521 s]
[INFO] moshi-examples ..................................... SUCCESS [  0.034 s]
[INFO] moshi-kotlin-codegen ............................... FAILURE [ 34.996 s]
[INFO] moshi-kotlin ....................................... SKIPPED
[INFO] moshi-kotlin-tests ................................. SKIPPED
[INFO] ------------------------------------------------------------------------
[INFO] BUILD FAILURE
[INFO] ------------------------------------------------------------------------
[INFO] Total time:  38.474 s
[INFO] Finished at: 2022-01-22T23:06:13Z
[INFO] ------------------------------------------------------------------------
[ERROR] Failed to execute goal org.apache.maven.plugins:maven-surefire-plugin:2.21.0:test (default-test) on project moshi-kotlin-codegen: There are test failures.
[ERROR] 
[ERROR] Please refer to /home/travis/build/failed/square/moshi/kotlin/codegen/target/surefire-reports for the individual test results.
[ERROR] Please refer to dump files (if any exist) [date]-jvmRun[N].dump, [date].dumpstream and [date]-jvmRun[N].dumpstream.
[ERROR] -> [Help 1]
[ERROR] 
[ERROR] To see the full stack trace of the errors, re-run Maven with the -e switch.
[ERROR] Re-run Maven using the -X switch to enable full debug logging.
[ERROR] 
[ERROR] For more information about the errors and possible solutions, please read the following articles:
[ERROR] [Help 1] http://cwiki.apache.org/confluence/display/MAVEN/MojoFailureException
[ERROR] 
[ERROR] After correcting the problems, you can resume the build with the command
[ERROR]   mvn <goals> -rf :moshi-kotlin-codegen
travis_time:end:2032a759:start=1642892733204681640,finish=1642892773184413499,duration=39979731859,event=[0K[31;1mThe command "mvn test -B" exited with 1.[0m
travis_fold:start:cache.2[0Kstore build cache
travis_time:start:01f8a655[0Ktravis_time:end:01f8a655:start=1642892773194716790,finish=1642892773201596221,duration=6879431,event=cache[0Ktravis_time:start:22ddba15[0K[32;1mchanges detected, packing new archive[0m
[32;1muploading /[0m
[31;1mfailed to upload cache[0m
travis_time:end:22ddba15:start=1642892773210741861,finish=1642892783134129882,duration=9923388021,event=cache[0Ktravis_fold:end:cache.2[0K

Done. Your build exited with 1.
