travis_time:start:2f1b81ed[0Ktravis_time:end:2f1b81ed:start=1642881467265113345,finish=1642881467641437670,duration=376324325,event=no_world_writable_dirs[0Ktravis_time:start:21c7a622[0Ktravis_time:end:21c7a622:start=1642881467649560155,finish=1642881467654501508,duration=4941353,event=check_unsupported[0Ktravis_time:start:1fbae7cb[0Ktravis_fold:start:system_info[0K[33;1mBuild system information[0m
Build language: java
Build group: stable
Build dist: trusty
Build id: ''
Job id: ''
Runtime kernel version: 4.15.0-109-generic
[34m[1mBuild image provisioning date and time[0m
Tue Dec  5 20:11:19 UTC 2017
[34m[1mOperating System Details[0m
Distributor ID:	Ubuntu
Description:	Ubuntu 14.04.5 LTS
Release:	14.04
Codename:	trusty
[34m[1mCookbooks Version[0m
7c2c6a6 https://github.com/travis-ci/travis-cookbooks/tree/7c2c6a6
[34m[1mgit version[0m
git version 2.15.1
[34m[1mbash version[0m
GNU bash, version 4.3.11(1)-release (x86_64-pc-linux-gnu)
[34m[1mgcc version[0m
gcc (Ubuntu 4.8.4-2ubuntu1~14.04.3) 4.8.4
Copyright (C) 2013 Free Software Foundation, Inc.
This is free software; see the source for copying conditions.  There is NO
warranty; not even for MERCHANTABILITY or FITNESS FOR A PARTICULAR PURPOSE.

[34m[1mdocker version[0m
Client:
 Version:      17.09.0-ce
 API version:  1.32
 Go version:   go1.8.3
 Git commit:   afdb6d4
 Built:        Tue Sep 26 22:39:28 2017
 OS/Arch:      linux/amd64
[34m[1mclang version[0m
clang version 5.0.0 (tags/RELEASE_500/final)
Target: x86_64-unknown-linux-gnu
Thread model: posix
InstalledDir: /usr/local/clang-5.0.0/bin
[34m[1mjq version[0m
jq-1.5
[34m[1mbats version[0m
Bats 0.4.0
[34m[1mshellcheck version[0m
0.4.6
[34m[1mshfmt version[0m
v2.0.0
[34m[1mccache version[0m
ccache version 3.1.9

Copyright (C) 2002-2007 Andrew Tridgell
Copyright (C) 2009-2011 Joel Rosdahl

This program is free software; you can redistribute it and/or modify it under
the terms of the GNU General Public License as published by the Free Software
Foundation; either version 3 of the License, or (at your option) any later
version.
[34m[1mcmake version[0m
cmake version 3.9.2

CMake suite maintained and supported by Kitware (kitware.com/cmake).
[34m[1mheroku version[0m
heroku-cli/6.14.39-addc925 (linux-x64) node-v9.2.0
[34m[1mimagemagick version[0m
Version: ImageMagick 6.7.7-10 2017-07-31 Q16 http://www.imagemagick.org
[34m[1mmd5deep version[0m
4.2
[34m[1mmercurial version[0m
Mercurial Distributed SCM (version 4.2.2)
(see https://mercurial-scm.org for more information)

Copyright (C) 2005-2017 Matt Mackall and others
This is free software; see the source for copying conditions. There is NO
warranty; not even for MERCHANTABILITY or FITNESS FOR A PARTICULAR PURPOSE.
[34m[1mmysql version[0m
mysql  Ver 14.14 Distrib 5.6.33, for debian-linux-gnu (x86_64) using  EditLine wrapper
[34m[1mopenssl version[0m
OpenSSL 1.0.1f 6 Jan 2014
[34m[1mpacker version[0m
Packer v1.0.2

Your version of Packer is out of date! The latest version
is 1.1.2. You can update by downloading from www.packer.io
[34m[1mpostgresql client version[0m
psql (PostgreSQL) 9.6.6
[34m[1mragel version[0m
Ragel State Machine Compiler version 6.8 Feb 2013
Copyright (c) 2001-2009 by Adrian Thurston
[34m[1msubversion version[0m
svn, version 1.8.8 (r1568071)
   compiled Aug 10 2017, 17:20:39 on x86_64-pc-linux-gnu

Copyright (C) 2013 The Apache Software Foundation.
This software consists of contributions made by many people;
see the NOTICE file for more information.
Subversion is open source software, see http://subversion.apache.org/

The following repository access (RA) modules are available:

* ra_svn : Module for accessing a repository using the svn network protocol.
  - with Cyrus SASL authentication
  - handles 'svn' scheme
* ra_local : Module for accessing a repository on local disk.
  - handles 'file' scheme
* ra_serf : Module for accessing a repository via WebDAV protocol using serf.
  - using serf 1.3.3
  - handles 'http' scheme
  - handles 'https' scheme

[34m[1msudo version[0m
Sudo version 1.8.9p5
Configure options: --prefix=/usr -v --with-all-insults --with-pam --with-fqdn --with-logging=syslog --with-logfac=authpriv --with-env-editor --with-editor=/usr/bin/editor --with-timeout=15 --with-password-timeout=0 --with-passprompt=[sudo] password for %p:  --without-lecture --with-tty-tickets --disable-root-mailer --enable-admin-flag --with-sendmail=/usr/sbin/sendmail --with-timedir=/var/lib/sudo --mandir=/usr/share/man --libexecdir=/usr/lib/sudo --with-sssd --with-sssd-lib=/usr/lib/x86_64-linux-gnu --with-selinux
Sudoers policy plugin version 1.8.9p5
Sudoers file grammar version 43

Sudoers path: /etc/sudoers
Authentication methods: 'pam'
Syslog facility if syslog is being used for logging: authpriv
Syslog priority to use when user authenticates successfully: notice
Syslog priority to use when user authenticates unsuccessfully: alert
Send mail if the user is not in sudoers
Use a separate timestamp for each user/tty combo
Lecture user the first time they run sudo
Root may run sudo
Allow some information gathering to give useful error messages
Require fully-qualified hostnames in the sudoers file
Visudo will honor the EDITOR environment variable
Set the LOGNAME and USER environment variables
Length at which to wrap log file lines (0 for no wrap): 80
Authentication timestamp timeout: 15.0 minutes
Password prompt timeout: 0.0 minutes
Number of tries to enter a password: 3
Umask to use or 0777 to use user's: 022
Path to mail program: /usr/sbin/sendmail
Flags for mail program: -t
Address to send mail to: root
Subject line for mail messages: *** SECURITY information for %h ***
Incorrect password message: Sorry, try again.
Path to authentication timestamp dir: /var/lib/sudo
Default password prompt: [sudo] password for %p: 
Default user to run commands as: root
Value to override user's $PATH with: /usr/local/sbin:/usr/local/bin:/usr/sbin:/usr/bin:/sbin:/bin:/snap/bin
Path to the editor for use by visudo: /usr/bin/editor
When to require a password for 'list' pseudocommand: any
When to require a password for 'verify' pseudocommand: all
File descriptors >= 3 will be closed before executing a command
Environment variables to check for sanity:
	TZ
	TERM
	LINGUAS
	LC_*
	LANGUAGE
	LANG
	COLORTERM
Environment variables to remove:
	RUBYOPT
	RUBYLIB
	PYTHONUSERBASE
	PYTHONINSPECT
	PYTHONPATH
	PYTHONHOME
	TMPPREFIX
	ZDOTDIR
	READNULLCMD
	NULLCMD
	FPATH
	PERL5DB
	PERL5OPT
	PERL5LIB
	PERLLIB
	PERLIO_DEBUG 
	JAVA_TOOL_OPTIONS
	SHELLOPTS
	GLOBIGNORE
	PS4
	BASH_ENV
	ENV
	TERMCAP
	TERMPATH
	TERMINFO_DIRS
	TERMINFO
	_RLD*
	LD_*
	PATH_LOCALE
	NLSPATH
	HOSTALIASES
	RES_OPTIONS
	LOCALDOMAIN
	CDPATH
	IFS
Environment variables to preserve:
	JAVA_HOME
	TRAVIS
	CI
	DEBIAN_FRONTEND
	XAUTHORIZATION
	XAUTHORITY
	PS2
	PS1
	PATH
	LS_COLORS
	KRB5CCNAME
	HOSTNAME
	HOME
	DISPLAY
	COLORS
Locale to use while parsing sudoers: C
Directory in which to store input/output logs: /var/log/sudo-io
File in which to store the input/output log: %{seq}
Add an entry to the utmp/utmpx file when allocating a pty
PAM service name to use
PAM service name to use for login shells
Create a new PAM session for the command to run in
Maximum I/O log sequence number: 0

Local IP address and netmask pairs:
	172.17.0.2/255.255.0.0

Sudoers I/O plugin version 1.8.9p5
[34m[1mgzip version[0m
gzip 1.6
Copyright (C) 2007, 2010, 2011 Free Software Foundation, Inc.
Copyright (C) 1993 Jean-loup Gailly.
This is free software.  You may redistribute copies of it under the terms of
the GNU General Public License <http://www.gnu.org/licenses/gpl.html>.
There is NO WARRANTY, to the extent permitted by law.

Written by Jean-loup Gailly.
[34m[1mzip version[0m
Copyright (c) 1990-2008 Info-ZIP - Type 'zip "-L"' for software license.
This is Zip 3.0 (July 5th 2008), by Info-ZIP.
Currently maintained by E. Gordon.  Please send bug reports to
the authors using the web page at www.info-zip.org; see README for details.

Latest sources and executables are at ftp://ftp.info-zip.org/pub/infozip,
as of above date; see http://www.info-zip.org/ for other sites.

Compiled with gcc 4.8.2 for Unix (Linux ELF) on Oct 21 2013.

Zip special compilation options:
	USE_EF_UT_TIME       (store Universal Time)
	BZIP2_SUPPORT        (bzip2 library version 1.0.6, 6-Sept-2010)
	    bzip2 code and library copyright (c) Julian R Seward
	    (See the bzip2 license for terms of use)
	SYMLINK_SUPPORT      (symbolic links supported)
	LARGE_FILE_SUPPORT   (can read and write large files on file system)
	ZIP64_SUPPORT        (use Zip64 to store large files in archives)
	UNICODE_SUPPORT      (store and read UTF-8 Unicode paths)
	STORE_UNIX_UIDs_GIDs (store UID/GID sizes/values using new extra field)
	UIDGID_NOT_16BIT     (old Unix 16-bit UID/GID extra field not used)
	[encryption, version 2.91 of 05 Jan 2007] (modified for Zip 3)

Encryption notice:
	The encryption code of this program is not copyrighted and is
	put in the public domain.  It was originally written in Europe
	and, to the best of our knowledge, can be freely distributed
	in both source and object forms from any country, including
	the USA under License Exception TSU of the U.S. Export
	Administration Regulations (section 740.13(e)) of 6 June 2002.

Zip environment options:
             ZIP:  [none]
          ZIPOPT:  [none]
[34m[1mvim version[0m
VIM - Vi IMproved 7.4 (2013 Aug 10, compiled Nov 24 2016 16:43:18)
Included patches: 1-52
Extra patches: 8.0.0056
Modified by pkg-vim-maintainers@lists.alioth.debian.org
Compiled by buildd@
Huge version without GUI.  Features included (+) or not (-):
+acl             +farsi           +mouse_netterm   +syntax
+arabic          +file_in_path    +mouse_sgr       +tag_binary
+autocmd         +find_in_path    -mouse_sysmouse  +tag_old_static
-balloon_eval    +float           +mouse_urxvt     -tag_any_white
-browse          +folding         +mouse_xterm     -tcl
++builtin_terms  -footer          +multi_byte      +terminfo
+byte_offset     +fork()          +multi_lang      +termresponse
+cindent         +gettext         -mzscheme        +textobjects
-clientserver    -hangul_input    +netbeans_intg   +title
-clipboard       +iconv           +path_extra      -toolbar
+cmdline_compl   +insert_expand   -perl            +user_commands
+cmdline_hist    +jumplist        +persistent_undo +vertsplit
+cmdline_info    +keymap          +postscript      +virtualedit
+comments        +langmap         +printer         +visual
+conceal         +libcall         +profile         +visualextra
+cryptv          +linebreak       +python          +viminfo
+cscope          +lispindent      -python3         +vreplace
+cursorbind      +listcmds        +quickfix        +wildignore
+cursorshape     +localmap        +reltime         +wildmenu
+dialog_con      -lua             +rightleft       +windows
+diff            +menu            -ruby            +writebackup
+digraphs        +mksession       +scrollbind      -X11
-dnd             +modify_fname    +signs           -xfontset
-ebcdic          +mouse           +smartindent     -xim
+emacs_tags      -mouseshape      -sniff           -xsmp
+eval            +mouse_dec       +startuptime     -xterm_clipboard
+ex_extra        +mouse_gpm       +statusline      -xterm_save
+extra_search    -mouse_jsbterm   -sun_workshop    -xpm
   system vimrc file: "$VIM/vimrc"
     user vimrc file: "$HOME/.vimrc"
 2nd user vimrc file: "~/.vim/vimrc"
      user exrc file: "$HOME/.exrc"
  fall-back for $VIM: "/usr/share/vim"
Compilation: gcc -c -I. -Iproto -DHAVE_CONFIG_H     -g -O2 -fstack-protector --param=ssp-buffer-size=4 -Wformat -Werror=format-security -U_FORTIFY_SOURCE -D_FORTIFY_SOURCE=1      
Linking: gcc   -Wl,-Bsymbolic-functions -Wl,-z,relro -Wl,--as-needed -o vim        -lm -ltinfo -lnsl  -lselinux  -lacl -lattr -lgpm -ldl    -L/usr/lib/python2.7/config-x86_64-linux-gnu -lpython2.7 -lpthread -ldl -lutil -lm -Xlinker -export-dynamic -Wl,-O1 -Wl,-Bsymbolic-functions      
[34m[1miptables version[0m
iptables v1.4.21
[34m[1mcurl version[0m
curl 7.35.0 (x86_64-pc-linux-gnu) libcurl/7.35.0 OpenSSL/1.0.1f zlib/1.2.8 libidn/1.28 librtmp/2.3
[34m[1mwget version[0m
GNU Wget 1.15 built on linux-gnu.
[34m[1mrsync version[0m
rsync  version 3.1.0  protocol version 31
[34m[1mgimme version[0m
v1.2.0
[34m[1mnvm version[0m
0.33.6
[34m[1mperlbrew version[0m
/home/travis/perl5/perlbrew/bin/perlbrew  - App::perlbrew/0.80
[34m[1mphpenv version[0m
rbenv 1.1.1-25-g6aa70b6
[34m[1mrvm version[0m
rvm 1.29.3 (latest) by Michal Papis, Piotr Kuczynski, Wayne E. Seguin [https://rvm.io]
[34m[1mdefault ruby version[0m
ruby 2.4.1p111 (2017-03-22 revision 58053) [x86_64-linux]
[34m[1mCouchDB version[0m
couchdb 1.6.1
[34m[1mElasticSearch version[0m
5.5.0
[34m[1mInstalled Firefox version[0m
firefox 56.0.2
[34m[1mMongoDB version[0m
MongoDB 3.4.10
[34m[1mPhantomJS version[0m
2.1.1
[34m[1mPre-installed PostgreSQL versions[0m
9.2.24
9.3.20
9.4.15
9.5.10
9.6.6
[34m[1mRabbitMQ Version[0m
3.6.14
[34m[1mRedis version[0m
redis-server 4.0.6
[34m[1mriak version[0m
2.2.3
[34m[1mPre-installed Go versions[0m
1.7.4
[34m[1mant version[0m
Apache Ant(TM) version 1.9.3 compiled on April 8 2014
[34m[1mmvn version[0m
Apache Maven 3.5.2 (138edd61fd100ec658bfa2d307c43b76940a5d7d; 2017-10-18T07:58:13Z)
Maven home: /usr/local/maven-3.5.2
Java version: 1.8.0_151, vendor: Oracle Corporation
Java home: /usr/lib/jvm/java-8-oracle/jre
Default locale: en_US, platform encoding: UTF-8
OS name: "linux", version: "4.4.0-101-generic", arch: "amd64", family: "unix"
[34m[1mgradle version[0m

------------------------------------------------------------
Gradle 4.0.1
------------------------------------------------------------

Build time:   2017-07-07 14:02:41 UTC
Revision:     38e5dc0f772daecca1d2681885d3d85414eb6826

Groovy:       2.4.11
Ant:          Apache Ant(TM) version 1.9.6 compiled on June 29 2015
JVM:          1.8.0_151 (Oracle Corporation 25.151-b12)
OS:           Linux 4.4.0-101-generic amd64

[34m[1mlein version[0m
Leiningen 2.8.1 on Java 1.8.0_151 Java HotSpot(TM) 64-Bit Server VM
[34m[1mPre-installed Node.js versions[0m
v4.8.6
v6.12.0
v6.12.1
v8.9
v8.9.1
[34m[1mphpenv versions[0m
  system
  5.6
* 5.6.32 (set by /home/travis/.phpenv/version)
  7.0
  7.0.25
  7.1
  7.1.11
  hhvm
  hhvm-stable
[34m[1mcomposer --version[0m
Composer version 1.5.2 2017-09-11 16:59:25
[34m[1mPre-installed Ruby versions[0m
ruby-2.2.7
ruby-2.3.4
ruby-2.4.1
travis_fold:end:system_info[0K
travis_time:end:1fbae7cb:start=1642881467661643342,finish=1642881467672874888,duration=11231546,event=show_system_info[0Ktravis_time:start:023d3168[0Ktravis_time:end:023d3168:start=1642881467681010408,finish=1642881467700838576,duration=19828168,event=rm_riak_source[0Ktravis_time:start:00cc5934[0Ktravis_time:end:00cc5934:start=1642881467708077105,finish=1642881467722569162,duration=14492057,event=fix_rwky_redis[0Ktravis_time:start:07141ddf[0K[31;1mTimeout waiting for network availability.[0m
travis_time:end:07141ddf:start=1642881467728977592,finish=1642881488528082425,duration=20799104833,event=wait_for_network[0Ktravis_time:start:0cb6e30c[0Ktravis_time:end:0cb6e30c:start=1642881488537459755,finish=1642881597928564936,duration=109391105181,event=update_apt_keys[0Ktravis_time:start:2d5df210[0Ktravis_time:end:2d5df210:start=1642881597936076976,finish=1642881599469539644,duration=1533462668,event=fix_hhvm_source[0Ktravis_time:start:2b6a15d7[0Ktravis_time:end:2b6a15d7:start=1642881599476921128,finish=1642881599483495441,duration=6574313,event=update_mongo_arch[0Ktravis_time:start:038260e8[0Ktravis_time:end:038260e8:start=1642881599491299453,finish=1642881599575479498,duration=84180045,event=fix_sudo_enabled_trusty[0Ktravis_time:start:00abd101[0Ktravis_time:end:00abd101:start=1642881599582830610,finish=1642881599604394566,duration=21563956,event=clean_up_path[0Ktravis_time:start:10137a35[0Ktravis_time:end:10137a35:start=1642881599612203886,finish=1642881599632977735,duration=20773849,event=fix_resolv_conf[0Ktravis_time:start:0097cba2[0Ktravis_time:end:0097cba2:start=1642881599641090371,finish=1642881599664700580,duration=23610209,event=fix_etc_hosts[0Ktravis_time:start:16c1d9d4[0Ktravis_time:start:0a6378e4[0Ktravis_time:end:0a6378e4:start=1642881599695719886,finish=1642881599716302263,duration=20582377,event=no_ipv6_localhost[0Ktravis_time:start:155e0e60[0Ktravis_time:end:155e0e60:start=1642881599725741481,finish=1642881599731795863,duration=6054382,event=fix_etc_mavenrc[0Ktravis_time:start:2916bc34[0Ktravis_time:end:2916bc34:start=1642881599741124473,finish=1642881599749633539,duration=8509066,event=fix_wwdr_certificate[0Ktravis_time:start:36a7f324[0Ktravis_time:end:36a7f324:start=1642881599757582730,finish=1642881599810403391,duration=52820661,event=put_localhost_first[0Ktravis_time:start:15c18e5f[0Ktravis_time:end:15c18e5f:start=1642881599818653769,finish=1642881599825674230,duration=7020461,event=home_paths[0Ktravis_time:start:004b9f56[0Ktravis_time:end:004b9f56:start=1642881599835427848,finish=1642881599896951523,duration=61523675,event=disable_initramfs[0Ktravis_time:start:10b1a0fc[0Ktravis_time:end:10b1a0fc:start=1642881599904281155,finish=1642881600096684340,duration=192403185,event=disable_ssh_roaming[0Ktravis_time:start:13083958[0Ktravis_time:end:13083958:start=1642881600104977585,finish=1642881600110351313,duration=5373728,event=debug_tools[0Ktravis_time:start:0ff1600b[0Ktravis_time:end:0ff1600b:start=1642881600118859830,finish=1642881600129058594,duration=10198764,event=uninstall_oclint[0Ktravis_time:start:1309b6d0[0Ktravis_time:end:1309b6d0:start=1642881600137746108,finish=1642881600146268494,duration=8522386,event=rvm_use[0Ktravis_time:start:015cb889[0Ktravis_time:end:015cb889:start=1642881600154536618,finish=1642881600173453614,duration=18916996,event=rm_etc_boto_cfg[0Ktravis_time:start:11ab3330[0Ktravis_time:end:11ab3330:start=1642881600182503634,finish=1642881600189727451,duration=7223817,event=rm_oraclejdk8_symlink[0Ktravis_time:start:0607a9d6[0Ktravis_time:end:0607a9d6:start=1642881600198703001,finish=1642881600309208086,duration=110505085,event=enable_i386[0Ktravis_time:start:0ddfec8d[0Ktravis_time:end:0ddfec8d:start=1642881600317445958,finish=1642881600325870786,duration=8424828,event=update_rubygems[0Ktravis_time:start:20e89016[0Ktravis_time:end:20e89016:start=1642881600333694929,finish=1642881601711773486,duration=1378078557,event=ensure_path_components[0Ktravis_time:start:0da832b1[0Ktravis_time:end:0da832b1:start=1642881601719400065,finish=1642881601724234013,duration=4833948,event=redefine_curl[0Ktravis_time:start:070ede98[0Ktravis_time:end:070ede98:start=1642881601731102738,finish=1642881601736321761,duration=5219023,event=nonblock_pipe[0Ktravis_time:start:23945bb6[0Ktravis_time:end:23945bb6:start=1642881601743376376,finish=1642881612596740463,duration=10853364087,event=apt_get_update[0Ktravis_time:start:03b3c8c8[0Ktravis_time:end:03b3c8c8:start=1642881612604149607,finish=1642881612609078169,duration=4928562,event=deprecate_xcode_64[0Ktravis_time:start:04f145e8[0Ktravis_time:end:04f145e8:start=1642881612615944167,finish=1642881627285316035,duration=14669371868,event=update_heroku[0Ktravis_time:start:0026b821[0Ktravis_time:end:0026b821:start=1642881627292595310,finish=1642881627297662539,duration=5067229,event=shell_session_update[0Ktravis_time:start:21d42cea[0Ktravis_fold:start:docker_mtu[0Ktee: /etc/docker/daemon.json: No such file or directory
docker: unrecognized service
travis_fold:end:docker_mtu[0Ktravis_time:end:21d42cea:start=1642881627304079291,finish=1642881627348746849,duration=44667558,event=set_docker_mtu[0Ktravis_time:start:005b2be0[0Ktravis_fold:start:resolvconf[0Kinitctl: Unable to connect to Upstart: Failed to connect to socket /com/ubuntu/upstart: Connection refused
 * Restarting resolvconf...
   ...done.
travis_fold:end:resolvconf[0Ktravis_time:end:005b2be0:start=1642881627355701315,finish=1642881627444310694,duration=88609379,event=resolvconf[0K
travis_fold:start:install_jdk[0K[33;1mInstalling oraclejdk11[0m
$ export JAVA_HOME=~/oraclejdk11
$ export PATH="$JAVA_HOME/bin:$PATH"
$ ~/bin/install-jdk.sh --target "/home/travis/oraclejdk11" --workspace "/home/travis/.cache/install-jdk" --feature "11" --license "BCL"
Ignoring license option: BCL -- using GPLv2+CE by default
install-jdk.sh 2020-06-02
Variables:
  feature = 11
       os = linux-x64
      url = https://download.java.net/java/GA/jdk11/9/GPL/openjdk-11.0.2_linux-x64_bin.tar.gz
   status = 200
Downloading JDK from https://download.java.net/java/GA/jdk11/9/GPL/openjdk-11.0.2_linux-x64_bin.tar.gz...
Using custom target: /home/travis/oraclejdk11
openjdk version "11.0.2" 2019-01-15
OpenJDK Runtime Environment 18.9 (build 11.0.2+9)
OpenJDK 64-Bit Server VM 18.9 (build 11.0.2+9, mixed mode)
travis_fold:end:install_jdk[0Ktravis_time:start:0cc07fcc[0Ktravis_time:end:0cc07fcc:start=1642881641150416632,finish=1642881641155977281,duration=5560649,event=fix_ps4[0Ktravis_time:start:20928bfd[0K
$ cd failed/Wikidata/Wikidata-Toolkit

travis_time:end:20928bfd:start=1642881641162274965,finish=1642881641167530661,duration=5255696,event=checkout[0Ktravis_time:start:1fc5e428[0Ktravis_time:end:1fc5e428:start=1642881641174891131,finish=1642881641802690443,duration=627799312,event=env[0Ktravis_fold:start:cache.1[0KSetting up build cache
$ export CASHER_DIR=${TRAVIS_HOME}/.casher
travis_time:start:06514263[0K$ Installing caching utilities
curl: (6) Could not resolve host: https

[31;1mThe command "eval curl -sf  -o $CASHER_DIR/bin/casher https:///files/casher " failed. Retrying, 2 of 3.[0m

curl: (6) Could not resolve host: https

[31;1mThe command "eval curl -sf  -o $CASHER_DIR/bin/casher https:///files/casher " failed. Retrying, 3 of 3.[0m

curl: (6) Could not resolve host: https

[31;1mThe command "eval curl -sf  -o $CASHER_DIR/bin/casher https:///files/casher " failed 3 times.[0m

travis_time:end:06514263:start=1642881648331739158,finish=1642881660532718097,duration=12200978939,event=setup_casher[0Ktravis_time:start:003a4435[0K$ Installing caching utilities from the Travis CI server (https:///files/casher) failed, failing over to using GitHub (https://raw.githubusercontent.com/travis-ci/casher/bash/bin/casher)
travis_time:end:003a4435:start=1642881660542159848,finish=1642881660602505668,duration=60345820,event=setup_casher[0Ktravis_time:start:029277da[0Ktravis_time:end:029277da:start=1642881660616216955,finish=1642881660623556412,duration=7339457,event=setup_casher[0Ktravis_time:start:199daeea[0Kattempting to download cache archive[0m
[31;1mcould not download cache[0m
travis_time:end:199daeea:start=1642881660633114657,finish=1642881662372923852,duration=1739809195,event=setup_casher[0Ktravis_time:start:02f82b52[0Ktravis_time:end:02f82b52:start=1642881662380773004,finish=1642881662386550577,duration=5777573,event=setup_casher[0Ktravis_time:start:24127932[0Kadding /home/travis/.m2 to cache[0m
travis_time:end:24127932:start=1642881662394324477,finish=1642881668228139587,duration=5833815110,event=setup_casher[0Ktravis_fold:end:cache.1[0K
$ java -Xmx32m -version
openjdk version "11.0.2" 2019-01-15
OpenJDK Runtime Environment 18.9 (build 11.0.2+9)
OpenJDK 64-Bit Server VM 18.9 (build 11.0.2+9, mixed mode)
$ javac -J-Xmx32m -version
javac 11.0.2
travis_fold:start:install[0Ktravis_time:start:09aec123[0K$ mvn -o install -Dhttps.protocols=TLSv1.2 -DskipTests=true -Dmaven.javadoc.skip=true -B -V
Apache Maven 3.5.2 (138edd61fd100ec658bfa2d307c43b76940a5d7d; 2017-10-18T07:58:13Z)
Maven home: /usr/local/maven-3.5.2
Java version: 11.0.2, vendor: Oracle Corporation
Java home: /home/travis/oraclejdk11
Default locale: en_US, platform encoding: UTF-8
OS name: "linux", version: "4.15.0-109-generic", arch: "amd64", family: "unix"
[INFO] Scanning for projects...
[INFO] ------------------------------------------------------------------------
[INFO] Reactor Build Order:
[INFO] 
[INFO] Wikidata Toolkit
[INFO] Wikidata Toolkit Utilities
[INFO] Wikidata Toolkit Testing Utilities
[INFO] Wikidata Toolkit Data Model
[INFO] Wikidata Toolkit Storage
[INFO] Wikidata Toolkit Dump File Handling
[INFO] Wikidata Toolkit Wikibase API
[INFO] Wikidata Toolkit RDF
[INFO] Wikidata Toolkit Examples
[INFO] Wikidata Toolkit Distribution
[INFO] Wikidata Toolkit Command-line Tool
[INFO] 
[INFO] ------------------------------------------------------------------------
[INFO] Building Wikidata Toolkit 0.11.0-SNAPSHOT
[INFO] ------------------------------------------------------------------------
[INFO] 
[INFO] --- jacoco-maven-plugin:0.8.4:prepare-agent (prepare-agent) @ wdtk-parent ---
[INFO] argLine set to -javaagent:/home/travis/.m2/failed/org/jacoco/org.jacoco.agent/0.8.4/org.jacoco.agent-0.8.4-runtime.jar=destfile=/home/travis/build/failed/Wikidata/Wikidata-Toolkit/target/jacoco.exec
[INFO] 
[INFO] --- license-maven-plugin:1.20:update-file-header (first) @ wdtk-parent ---
[WARNING] No file to scan.
[INFO] 
[INFO] 
[INFO] --- license-maven-plugin:1.20:update-project-license (first) @ wdtk-parent ---
[INFO] Will create or update license file [apache_v2] to /home/travis/build/failed/Wikidata/Wikidata-Toolkit/LICENSE.txt
[INFO] 
[INFO] --- maven-install-plugin:2.4:install (default-install) @ wdtk-parent ---
[INFO] Installing /home/travis/build/failed/Wikidata/Wikidata-Toolkit/pom.xml to /home/travis/.m2/failed/org/wikidata/wdtk/wdtk-parent/0.11.0-SNAPSHOT/wdtk-parent-0.11.0-SNAPSHOT.pom
[INFO] 
[INFO] ------------------------------------------------------------------------
[INFO] Building Wikidata Toolkit Utilities 0.11.0-SNAPSHOT
[INFO] ------------------------------------------------------------------------
[INFO] 
[INFO] --- jacoco-maven-plugin:0.8.4:prepare-agent (prepare-agent) @ wdtk-util ---
[INFO] argLine set to -javaagent:/home/travis/.m2/failed/org/jacoco/org.jacoco.agent/0.8.4/org.jacoco.agent-0.8.4-runtime.jar=destfile=/home/travis/build/failed/Wikidata/Wikidata-Toolkit/wdtk-util/target/jacoco.exec
[INFO] 
[INFO] --- license-maven-plugin:1.20:update-file-header (first) @ wdtk-util ---
[INFO] Will search files to update from root /home/travis/build/failed/Wikidata/Wikidata-Toolkit/wdtk-util/src/main/java
[INFO] Will search files to update from root /home/travis/build/failed/Wikidata/Wikidata-Toolkit/wdtk-util/src/test/java
[INFO] Scan 14 files header done in 160.292ms.
[INFO] All files are up-to-date.
[INFO] 
[INFO] --- license-maven-plugin:1.20:update-project-license (first) @ wdtk-util ---
[INFO] Will create or update license file [apache_v2] to /home/travis/build/failed/Wikidata/Wikidata-Toolkit/wdtk-util/LICENSE.txt
[INFO] 
[INFO] --- maven-resources-plugin:2.6:resources (default-resources) @ wdtk-util ---
[INFO] Using 'UTF-8' encoding to copy filtered resources.
[INFO] skip non existing resourceDirectory /home/travis/build/failed/Wikidata/Wikidata-Toolkit/wdtk-util/src/main/resources
[INFO] Copying 1 resource
[INFO] 
[INFO] --- maven-compiler-plugin:3.8.0:compile (default-compile) @ wdtk-util ---
[INFO] Changes detected - recompiling the module!
[INFO] Compiling 9 source files to /home/travis/build/failed/Wikidata/Wikidata-Toolkit/wdtk-util/target/classes
[INFO] 
[INFO] --- maven-resources-plugin:2.6:testResources (default-testResources) @ wdtk-util ---
[INFO] Using 'UTF-8' encoding to copy filtered resources.
[INFO] skip non existing resourceDirectory /home/travis/build/failed/Wikidata/Wikidata-Toolkit/wdtk-util/src/test/resources
[INFO] 
[INFO] --- maven-compiler-plugin:3.8.0:testCompile (default-testCompile) @ wdtk-util ---
[INFO] Changes detected - recompiling the module!
[INFO] Compiling 5 source files to /home/travis/build/failed/Wikidata/Wikidata-Toolkit/wdtk-util/target/test-classes
[INFO] 
[INFO] --- maven-surefire-plugin:2.12.4:test (default-test) @ wdtk-util ---
[INFO] Tests are skipped.
[INFO] 
[INFO] --- maven-jar-plugin:2.4:jar (default-jar) @ wdtk-util ---
[INFO] Building jar: /home/travis/build/failed/Wikidata/Wikidata-Toolkit/wdtk-util/target/wdtk-util-0.11.0-SNAPSHOT.jar
[INFO] 
[INFO] --- maven-install-plugin:2.4:install (default-install) @ wdtk-util ---
[INFO] Installing /home/travis/build/failed/Wikidata/Wikidata-Toolkit/wdtk-util/target/wdtk-util-0.11.0-SNAPSHOT.jar to /home/travis/.m2/failed/org/wikidata/wdtk/wdtk-util/0.11.0-SNAPSHOT/wdtk-util-0.11.0-SNAPSHOT.jar
[INFO] Installing /home/travis/build/failed/Wikidata/Wikidata-Toolkit/wdtk-util/pom.xml to /home/travis/.m2/failed/org/wikidata/wdtk/wdtk-util/0.11.0-SNAPSHOT/wdtk-util-0.11.0-SNAPSHOT.pom
[INFO] 
[INFO] ------------------------------------------------------------------------
[INFO] Building Wikidata Toolkit Testing Utilities 0.11.0-SNAPSHOT
[INFO] ------------------------------------------------------------------------
[INFO] 
[INFO] --- jacoco-maven-plugin:0.8.4:prepare-agent (prepare-agent) @ wdtk-testing ---
[INFO] argLine set to -javaagent:/home/travis/.m2/failed/org/jacoco/org.jacoco.agent/0.8.4/org.jacoco.agent-0.8.4-runtime.jar=destfile=/home/travis/build/failed/Wikidata/Wikidata-Toolkit/wdtk-testing/target/jacoco.exec
[INFO] 
[INFO] --- license-maven-plugin:1.20:update-file-header (first) @ wdtk-testing ---
[INFO] Will search files to update from root /home/travis/build/failed/Wikidata/Wikidata-Toolkit/wdtk-testing/src/main/java
[INFO] Will search files to update from root /home/travis/build/failed/Wikidata/Wikidata-Toolkit/wdtk-testing/src/test/java
[INFO] Scan 7 files header done in 67.725ms.
[INFO] All files are up-to-date.
[INFO] 
[INFO] --- license-maven-plugin:1.20:update-project-license (first) @ wdtk-testing ---
[INFO] Will create or update license file [apache_v2] to /home/travis/build/failed/Wikidata/Wikidata-Toolkit/wdtk-testing/LICENSE.txt
[INFO] 
[INFO] --- maven-resources-plugin:2.6:resources (default-resources) @ wdtk-testing ---
[INFO] Using 'UTF-8' encoding to copy filtered resources.
[INFO] skip non existing resourceDirectory /home/travis/build/failed/Wikidata/Wikidata-Toolkit/wdtk-testing/src/main/resources
[INFO] Copying 1 resource
[INFO] 
[INFO] --- maven-compiler-plugin:3.8.0:compile (default-compile) @ wdtk-testing ---
[INFO] Changes detected - recompiling the module!
[INFO] Compiling 5 source files to /home/travis/build/failed/Wikidata/Wikidata-Toolkit/wdtk-testing/target/classes
[INFO] 
[INFO] --- maven-resources-plugin:2.6:testResources (default-testResources) @ wdtk-testing ---
[INFO] Using 'UTF-8' encoding to copy filtered resources.
[INFO] Copying 1 resource
[INFO] 
[INFO] --- maven-compiler-plugin:3.8.0:testCompile (default-testCompile) @ wdtk-testing ---
[INFO] Changes detected - recompiling the module!
[INFO] Compiling 2 source files to /home/travis/build/failed/Wikidata/Wikidata-Toolkit/wdtk-testing/target/test-classes
[INFO] 
[INFO] --- maven-surefire-plugin:2.12.4:test (default-test) @ wdtk-testing ---
[INFO] Tests are skipped.
[INFO] 
[INFO] --- maven-jar-plugin:2.4:jar (default-jar) @ wdtk-testing ---
[INFO] Building jar: /home/travis/build/failed/Wikidata/Wikidata-Toolkit/wdtk-testing/target/wdtk-testing-0.11.0-SNAPSHOT.jar
[INFO] 
[INFO] --- maven-install-plugin:2.4:install (default-install) @ wdtk-testing ---
[INFO] Installing /home/travis/build/failed/Wikidata/Wikidata-Toolkit/wdtk-testing/target/wdtk-testing-0.11.0-SNAPSHOT.jar to /home/travis/.m2/failed/org/wikidata/wdtk/wdtk-testing/0.11.0-SNAPSHOT/wdtk-testing-0.11.0-SNAPSHOT.jar
[INFO] Installing /home/travis/build/failed/Wikidata/Wikidata-Toolkit/wdtk-testing/pom.xml to /home/travis/.m2/failed/org/wikidata/wdtk/wdtk-testing/0.11.0-SNAPSHOT/wdtk-testing-0.11.0-SNAPSHOT.pom
[INFO] 
[INFO] ------------------------------------------------------------------------
[INFO] Building Wikidata Toolkit Data Model 0.11.0-SNAPSHOT
[INFO] ------------------------------------------------------------------------
[INFO] 
[INFO] --- jacoco-maven-plugin:0.8.4:prepare-agent (prepare-agent) @ wdtk-datamodel ---
[INFO] argLine set to -javaagent:/home/travis/.m2/failed/org/jacoco/org.jacoco.agent/0.8.4/org.jacoco.agent-0.8.4-runtime.jar=destfile=/home/travis/build/failed/Wikidata/Wikidata-Toolkit/wdtk-datamodel/target/jacoco.exec
[INFO] 
[INFO] --- license-maven-plugin:1.20:update-file-header (first) @ wdtk-datamodel ---
[INFO] Will search files to update from root /home/travis/build/failed/Wikidata/Wikidata-Toolkit/wdtk-datamodel/src/main/java
[INFO] Will search files to update from root /home/travis/build/failed/Wikidata/Wikidata-Toolkit/wdtk-datamodel/src/test/java
[INFO] Scan 157 files header done in 1.222s.
[INFO] All files are up-to-date.
[INFO] 
[INFO] --- license-maven-plugin:1.20:update-project-license (first) @ wdtk-datamodel ---
[INFO] Will create or update license file [apache_v2] to /home/travis/build/failed/Wikidata/Wikidata-Toolkit/wdtk-datamodel/LICENSE.txt
[INFO] 
[INFO] --- maven-resources-plugin:2.6:resources (default-resources) @ wdtk-datamodel ---
[INFO] Using 'UTF-8' encoding to copy filtered resources.
[INFO] skip non existing resourceDirectory /home/travis/build/failed/Wikidata/Wikidata-Toolkit/wdtk-datamodel/src/main/resources
[INFO] Copying 1 resource
[INFO] 
[INFO] --- maven-compiler-plugin:3.8.0:compile (default-compile) @ wdtk-datamodel ---
[INFO] Changes detected - recompiling the module!
[INFO] Compiling 109 source files to /home/travis/build/failed/Wikidata/Wikidata-Toolkit/wdtk-datamodel/target/classes
[INFO] /home/travis/build/failed/Wikidata/Wikidata-Toolkit/wdtk-datamodel/src/main/java/org/wikidata/wdtk/datamodel/interfaces/ValueSnak.java: Some input files use or override a deprecated API.
[INFO] /home/travis/build/failed/Wikidata/Wikidata-Toolkit/wdtk-datamodel/src/main/java/org/wikidata/wdtk/datamodel/interfaces/ValueSnak.java: Recompile with -Xlint:deprecation for details.
[INFO] 
[INFO] --- maven-resources-plugin:2.6:testResources (default-testResources) @ wdtk-datamodel ---
[INFO] Using 'UTF-8' encoding to copy filtered resources.
[INFO] skip non existing resourceDirectory /home/travis/build/failed/Wikidata/Wikidata-Toolkit/wdtk-datamodel/src/test/resources
[INFO] 
[INFO] --- maven-compiler-plugin:3.8.0:testCompile (default-testCompile) @ wdtk-datamodel ---
[INFO] Changes detected - recompiling the module!
[INFO] Compiling 48 source files to /home/travis/build/failed/Wikidata/Wikidata-Toolkit/wdtk-datamodel/target/test-classes
[INFO] /home/travis/build/failed/Wikidata/Wikidata-Toolkit/wdtk-datamodel/src/test/java/org/wikidata/wdtk/datamodel/helpers/FilterCopyTest.java: Some input files use or override a deprecated API.
[INFO] /home/travis/build/failed/Wikidata/Wikidata-Toolkit/wdtk-datamodel/src/test/java/org/wikidata/wdtk/datamodel/helpers/FilterCopyTest.java: Recompile with -Xlint:deprecation for details.
[INFO] 
[INFO] --- maven-surefire-plugin:2.12.4:test (default-test) @ wdtk-datamodel ---
[INFO] Tests are skipped.
[INFO] 
[INFO] --- maven-jar-plugin:2.4:jar (default-jar) @ wdtk-datamodel ---
[INFO] Building jar: /home/travis/build/failed/Wikidata/Wikidata-Toolkit/wdtk-datamodel/target/wdtk-datamodel-0.11.0-SNAPSHOT.jar
[INFO] 
[INFO] --- maven-install-plugin:2.4:install (default-install) @ wdtk-datamodel ---
[INFO] Installing /home/travis/build/failed/Wikidata/Wikidata-Toolkit/wdtk-datamodel/target/wdtk-datamodel-0.11.0-SNAPSHOT.jar to /home/travis/.m2/failed/org/wikidata/wdtk/wdtk-datamodel/0.11.0-SNAPSHOT/wdtk-datamodel-0.11.0-SNAPSHOT.jar
[INFO] Installing /home/travis/build/failed/Wikidata/Wikidata-Toolkit/wdtk-datamodel/pom.xml to /home/travis/.m2/failed/org/wikidata/wdtk/wdtk-datamodel/0.11.0-SNAPSHOT/wdtk-datamodel-0.11.0-SNAPSHOT.pom
[INFO] 
[INFO] ------------------------------------------------------------------------
[INFO] Building Wikidata Toolkit Storage 0.11.0-SNAPSHOT
[INFO] ------------------------------------------------------------------------
[INFO] 
[INFO] --- jacoco-maven-plugin:0.8.4:prepare-agent (prepare-agent) @ wdtk-storage ---
[INFO] argLine set to -javaagent:/home/travis/.m2/failed/org/jacoco/org.jacoco.agent/0.8.4/org.jacoco.agent-0.8.4-runtime.jar=destfile=/home/travis/build/failed/Wikidata/Wikidata-Toolkit/wdtk-storage/target/jacoco.exec
[INFO] 
[INFO] --- license-maven-plugin:1.20:update-file-header (first) @ wdtk-storage ---
[INFO] Will search files to update from root /home/travis/build/failed/Wikidata/Wikidata-Toolkit/wdtk-storage/src/main/java
[INFO] Will search files to update from root /home/travis/build/failed/Wikidata/Wikidata-Toolkit/wdtk-storage/src/test/java
[INFO] Scan 12 files header done in 240.793ms.
[INFO] All files are up-to-date.
[INFO] 
[INFO] --- license-maven-plugin:1.20:update-project-license (first) @ wdtk-storage ---
[INFO] Will create or update license file [apache_v2] to /home/travis/build/failed/Wikidata/Wikidata-Toolkit/wdtk-storage/LICENSE.txt
[INFO] 
[INFO] --- maven-resources-plugin:2.6:resources (default-resources) @ wdtk-storage ---
[INFO] Using 'UTF-8' encoding to copy filtered resources.
[INFO] skip non existing resourceDirectory /home/travis/build/failed/Wikidata/Wikidata-Toolkit/wdtk-storage/src/main/resources
[INFO] Copying 1 resource
[INFO] 
[INFO] --- maven-compiler-plugin:3.8.0:compile (default-compile) @ wdtk-storage ---
[INFO] Changes detected - recompiling the module!
[INFO] Compiling 8 source files to /home/travis/build/failed/Wikidata/Wikidata-Toolkit/wdtk-storage/target/classes
[INFO] 
[INFO] --- maven-resources-plugin:2.6:testResources (default-testResources) @ wdtk-storage ---
[INFO] Using 'UTF-8' encoding to copy filtered resources.
[INFO] skip non existing resourceDirectory /home/travis/build/failed/Wikidata/Wikidata-Toolkit/wdtk-storage/src/test/resources
[INFO] 
[INFO] --- maven-compiler-plugin:3.8.0:testCompile (default-testCompile) @ wdtk-storage ---
[INFO] Changes detected - recompiling the module!
[INFO] Compiling 4 source files to /home/travis/build/failed/Wikidata/Wikidata-Toolkit/wdtk-storage/target/test-classes
[INFO] 
[INFO] --- maven-surefire-plugin:2.12.4:test (default-test) @ wdtk-storage ---
[INFO] Tests are skipped.
[INFO] 
[INFO] --- maven-jar-plugin:2.4:jar (default-jar) @ wdtk-storage ---
[INFO] Building jar: /home/travis/build/failed/Wikidata/Wikidata-Toolkit/wdtk-storage/target/wdtk-storage-0.11.0-SNAPSHOT.jar
[INFO] 
[INFO] --- maven-install-plugin:2.4:install (default-install) @ wdtk-storage ---
[INFO] Installing /home/travis/build/failed/Wikidata/Wikidata-Toolkit/wdtk-storage/target/wdtk-storage-0.11.0-SNAPSHOT.jar to /home/travis/.m2/failed/org/wikidata/wdtk/wdtk-storage/0.11.0-SNAPSHOT/wdtk-storage-0.11.0-SNAPSHOT.jar
[INFO] Installing /home/travis/build/failed/Wikidata/Wikidata-Toolkit/wdtk-storage/pom.xml to /home/travis/.m2/failed/org/wikidata/wdtk/wdtk-storage/0.11.0-SNAPSHOT/wdtk-storage-0.11.0-SNAPSHOT.pom
[INFO] 
[INFO] ------------------------------------------------------------------------
[INFO] Building Wikidata Toolkit Dump File Handling 0.11.0-SNAPSHOT
[INFO] ------------------------------------------------------------------------
[INFO] 
[INFO] --- jacoco-maven-plugin:0.8.4:prepare-agent (prepare-agent) @ wdtk-dumpfiles ---
[INFO] argLine set to -javaagent:/home/travis/.m2/failed/org/jacoco/org.jacoco.agent/0.8.4/org.jacoco.agent-0.8.4-runtime.jar=destfile=/home/travis/build/failed/Wikidata/Wikidata-Toolkit/wdtk-dumpfiles/target/jacoco.exec
[INFO] 
[INFO] --- license-maven-plugin:1.20:update-file-header (first) @ wdtk-dumpfiles ---
[INFO] Will search files to update from root /home/travis/build/failed/Wikidata/Wikidata-Toolkit/wdtk-dumpfiles/src/main/java
[INFO] Will search files to update from root /home/travis/build/failed/Wikidata/Wikidata-Toolkit/wdtk-dumpfiles/src/test/java
[INFO] Scan 33 files header done in 777.334ms.
[INFO] All files are up-to-date.
[INFO] 
[INFO] --- license-maven-plugin:1.20:update-project-license (first) @ wdtk-dumpfiles ---
[INFO] Will create or update license file [apache_v2] to /home/travis/build/failed/Wikidata/Wikidata-Toolkit/wdtk-dumpfiles/LICENSE.txt
[INFO] 
[INFO] --- maven-resources-plugin:2.6:resources (default-resources) @ wdtk-dumpfiles ---
[INFO] Using 'UTF-8' encoding to copy filtered resources.
[INFO] skip non existing resourceDirectory /home/travis/build/failed/Wikidata/Wikidata-Toolkit/wdtk-dumpfiles/src/main/resources
[INFO] Copying 1 resource
[INFO] 
[INFO] --- maven-compiler-plugin:3.8.0:compile (default-compile) @ wdtk-dumpfiles ---
[INFO] Changes detected - recompiling the module!
[INFO] Compiling 24 source files to /home/travis/build/failed/Wikidata/Wikidata-Toolkit/wdtk-dumpfiles/target/classes
[INFO] 
[INFO] --- maven-resources-plugin:2.6:testResources (default-testResources) @ wdtk-dumpfiles ---
[INFO] Using 'UTF-8' encoding to copy filtered resources.
[INFO] Copying 17 resources
[INFO] 
[INFO] --- maven-compiler-plugin:3.8.0:testCompile (default-testCompile) @ wdtk-dumpfiles ---
[INFO] Changes detected - recompiling the module!
[INFO] Compiling 9 source files to /home/travis/build/failed/Wikidata/Wikidata-Toolkit/wdtk-dumpfiles/target/test-classes
[INFO] 
[INFO] --- maven-surefire-plugin:2.12.4:test (default-test) @ wdtk-dumpfiles ---
[INFO] Tests are skipped.
[INFO] 
[INFO] --- maven-jar-plugin:2.4:jar (default-jar) @ wdtk-dumpfiles ---
[INFO] Building jar: /home/travis/build/failed/Wikidata/Wikidata-Toolkit/wdtk-dumpfiles/target/wdtk-dumpfiles-0.11.0-SNAPSHOT.jar
[INFO] 
[INFO] --- maven-install-plugin:2.4:install (default-install) @ wdtk-dumpfiles ---
[INFO] Installing /home/travis/build/failed/Wikidata/Wikidata-Toolkit/wdtk-dumpfiles/target/wdtk-dumpfiles-0.11.0-SNAPSHOT.jar to /home/travis/.m2/failed/org/wikidata/wdtk/wdtk-dumpfiles/0.11.0-SNAPSHOT/wdtk-dumpfiles-0.11.0-SNAPSHOT.jar
[INFO] Installing /home/travis/build/failed/Wikidata/Wikidata-Toolkit/wdtk-dumpfiles/pom.xml to /home/travis/.m2/failed/org/wikidata/wdtk/wdtk-dumpfiles/0.11.0-SNAPSHOT/wdtk-dumpfiles-0.11.0-SNAPSHOT.pom
[INFO] 
[INFO] ------------------------------------------------------------------------
[INFO] Building Wikidata Toolkit Wikibase API 0.11.0-SNAPSHOT
[INFO] ------------------------------------------------------------------------
[INFO] 
[INFO] --- jacoco-maven-plugin:0.8.4:prepare-agent (prepare-agent) @ wdtk-wikibaseapi ---
[INFO] argLine set to -javaagent:/home/travis/.m2/failed/org/jacoco/org.jacoco.agent/0.8.4/org.jacoco.agent-0.8.4-runtime.jar=destfile=/home/travis/build/failed/Wikidata/Wikidata-Toolkit/wdtk-wikibaseapi/target/jacoco.exec
[INFO] 
[INFO] --- license-maven-plugin:1.20:update-file-header (first) @ wdtk-wikibaseapi ---
[INFO] Will search files to update from root /home/travis/build/failed/Wikidata/Wikidata-Toolkit/wdtk-wikibaseapi/src/main/java
[INFO] Will search files to update from root /home/travis/build/failed/Wikidata/Wikidata-Toolkit/wdtk-wikibaseapi/src/test/java
[INFO] Scan 36 files header done in 591.038ms.
[INFO] All files are up-to-date.
[INFO] 
[INFO] --- license-maven-plugin:1.20:update-project-license (first) @ wdtk-wikibaseapi ---
[INFO] Will create or update license file [apache_v2] to /home/travis/build/failed/Wikidata/Wikidata-Toolkit/wdtk-wikibaseapi/LICENSE.txt
[INFO] 
[INFO] --- maven-resources-plugin:2.6:resources (default-resources) @ wdtk-wikibaseapi ---
[INFO] Using 'UTF-8' encoding to copy filtered resources.
[INFO] skip non existing resourceDirectory /home/travis/build/failed/Wikidata/Wikidata-Toolkit/wdtk-wikibaseapi/src/main/resources
[INFO] Copying 1 resource
[INFO] 
[INFO] --- maven-compiler-plugin:3.8.0:compile (default-compile) @ wdtk-wikibaseapi ---
[INFO] Changes detected - recompiling the module!
[INFO] Compiling 25 source files to /home/travis/build/failed/Wikidata/Wikidata-Toolkit/wdtk-wikibaseapi/target/classes
[INFO] /home/travis/build/failed/Wikidata/Wikidata-Toolkit/wdtk-wikibaseapi/src/main/java/org/wikidata/wdtk/wikibaseapi/WikibaseDataFetcher.java: Some input files use or override a deprecated API.
[INFO] /home/travis/build/failed/Wikidata/Wikidata-Toolkit/wdtk-wikibaseapi/src/main/java/org/wikidata/wdtk/wikibaseapi/WikibaseDataFetcher.java: Recompile with -Xlint:deprecation for details.
[INFO] 
[INFO] --- maven-resources-plugin:2.6:testResources (default-testResources) @ wdtk-wikibaseapi ---
[INFO] Using 'UTF-8' encoding to copy filtered resources.
[INFO] Copying 19 resources
[INFO] 
[INFO] --- maven-compiler-plugin:3.8.0:testCompile (default-testCompile) @ wdtk-wikibaseapi ---
[INFO] Changes detected - recompiling the module!
[INFO] Compiling 11 source files to /home/travis/build/failed/Wikidata/Wikidata-Toolkit/wdtk-wikibaseapi/target/test-classes
[INFO] /home/travis/build/failed/Wikidata/Wikidata-Toolkit/wdtk-wikibaseapi/src/test/java/org/wikidata/wdtk/wikibaseapi/BasicApiConnectionTest.java: /home/travis/build/failed/Wikidata/Wikidata-Toolkit/wdtk-wikibaseapi/src/test/java/org/wikidata/wdtk/wikibaseapi/BasicApiConnectionTest.java uses or overrides a deprecated API.
[INFO] /home/travis/build/failed/Wikidata/Wikidata-Toolkit/wdtk-wikibaseapi/src/test/java/org/wikidata/wdtk/wikibaseapi/BasicApiConnectionTest.java: Recompile with -Xlint:deprecation for details.
[INFO] 
[INFO] --- maven-surefire-plugin:2.12.4:test (default-test) @ wdtk-wikibaseapi ---
[INFO] Tests are skipped.
[INFO] 
[INFO] --- maven-jar-plugin:2.4:jar (default-jar) @ wdtk-wikibaseapi ---
[INFO] Building jar: /home/travis/build/failed/Wikidata/Wikidata-Toolkit/wdtk-wikibaseapi/target/wdtk-wikibaseapi-0.11.0-SNAPSHOT.jar
[INFO] 
[INFO] --- maven-install-plugin:2.4:install (default-install) @ wdtk-wikibaseapi ---
[INFO] Installing /home/travis/build/failed/Wikidata/Wikidata-Toolkit/wdtk-wikibaseapi/target/wdtk-wikibaseapi-0.11.0-SNAPSHOT.jar to /home/travis/.m2/failed/org/wikidata/wdtk/wdtk-wikibaseapi/0.11.0-SNAPSHOT/wdtk-wikibaseapi-0.11.0-SNAPSHOT.jar
[INFO] Installing /home/travis/build/failed/Wikidata/Wikidata-Toolkit/wdtk-wikibaseapi/pom.xml to /home/travis/.m2/failed/org/wikidata/wdtk/wdtk-wikibaseapi/0.11.0-SNAPSHOT/wdtk-wikibaseapi-0.11.0-SNAPSHOT.pom
[INFO] 
[INFO] ------------------------------------------------------------------------
[INFO] Building Wikidata Toolkit RDF 0.11.0-SNAPSHOT
[INFO] ------------------------------------------------------------------------
[INFO] 
[INFO] --- jacoco-maven-plugin:0.8.4:prepare-agent (prepare-agent) @ wdtk-rdf ---
[INFO] argLine set to -javaagent:/home/travis/.m2/failed/org/jacoco/org.jacoco.agent/0.8.4/org.jacoco.agent-0.8.4-runtime.jar=destfile=/home/travis/build/failed/Wikidata/Wikidata-Toolkit/wdtk-rdf/target/jacoco.exec
[INFO] 
[INFO] --- license-maven-plugin:1.20:update-file-header (first) @ wdtk-rdf ---
[INFO] Will search files to update from root /home/travis/build/failed/Wikidata/Wikidata-Toolkit/wdtk-rdf/src/main/java
[INFO] Will search files to update from root /home/travis/build/failed/Wikidata/Wikidata-Toolkit/wdtk-rdf/src/test/java
[INFO] Scan 29 files header done in 614.543ms.
[INFO] All files are up-to-date.
[INFO] 
[INFO] --- license-maven-plugin:1.20:update-project-license (first) @ wdtk-rdf ---
[INFO] Will create or update license file [apache_v2] to /home/travis/build/failed/Wikidata/Wikidata-Toolkit/wdtk-rdf/LICENSE.txt
[INFO] 
[INFO] --- maven-resources-plugin:2.6:resources (default-resources) @ wdtk-rdf ---
[INFO] Using 'UTF-8' encoding to copy filtered resources.
[INFO] skip non existing resourceDirectory /home/travis/build/failed/Wikidata/Wikidata-Toolkit/wdtk-rdf/src/main/resources
[INFO] Copying 1 resource
[INFO] 
[INFO] --- maven-compiler-plugin:3.8.0:compile (default-compile) @ wdtk-rdf ---
[INFO] Changes detected - recompiling the module!
[INFO] Compiling 22 source files to /home/travis/build/failed/Wikidata/Wikidata-Toolkit/wdtk-rdf/target/classes
[INFO] /home/travis/build/failed/Wikidata/Wikidata-Toolkit/wdtk-rdf/src/main/java/org/wikidata/wdtk/rdf/PropertyRegister.java: /home/travis/build/failed/Wikidata/Wikidata-Toolkit/wdtk-rdf/src/main/java/org/wikidata/wdtk/rdf/PropertyRegister.java uses or overrides a deprecated API.
[INFO] /home/travis/build/failed/Wikidata/Wikidata-Toolkit/wdtk-rdf/src/main/java/org/wikidata/wdtk/rdf/PropertyRegister.java: Recompile with -Xlint:deprecation for details.
[INFO] 
[INFO] --- maven-resources-plugin:2.6:testResources (default-testResources) @ wdtk-rdf ---
[INFO] Using 'UTF-8' encoding to copy filtered resources.
[INFO] Copying 16 resources
[INFO] 
[INFO] --- maven-compiler-plugin:3.8.0:testCompile (default-testCompile) @ wdtk-rdf ---
[INFO] Changes detected - recompiling the module!
[INFO] Compiling 7 source files to /home/travis/build/failed/Wikidata/Wikidata-Toolkit/wdtk-rdf/target/test-classes
[INFO] /home/travis/build/failed/Wikidata/Wikidata-Toolkit/wdtk-rdf/src/test/java/org/wikidata/wdtk/rdf/MockPropertyRegister.java: Some input files use or override a deprecated API.
[INFO] /home/travis/build/failed/Wikidata/Wikidata-Toolkit/wdtk-rdf/src/test/java/org/wikidata/wdtk/rdf/MockPropertyRegister.java: Recompile with -Xlint:deprecation for details.
[INFO] 
[INFO] --- maven-surefire-plugin:2.12.4:test (default-test) @ wdtk-rdf ---
[INFO] Tests are skipped.
[INFO] 
[INFO] --- maven-jar-plugin:2.4:jar (default-jar) @ wdtk-rdf ---
[INFO] Building jar: /home/travis/build/failed/Wikidata/Wikidata-Toolkit/wdtk-rdf/target/wdtk-rdf-0.11.0-SNAPSHOT.jar
[INFO] 
[INFO] --- maven-install-plugin:2.4:install (default-install) @ wdtk-rdf ---
[INFO] Installing /home/travis/build/failed/Wikidata/Wikidata-Toolkit/wdtk-rdf/target/wdtk-rdf-0.11.0-SNAPSHOT.jar to /home/travis/.m2/failed/org/wikidata/wdtk/wdtk-rdf/0.11.0-SNAPSHOT/wdtk-rdf-0.11.0-SNAPSHOT.jar
[INFO] Installing /home/travis/build/failed/Wikidata/Wikidata-Toolkit/wdtk-rdf/pom.xml to /home/travis/.m2/failed/org/wikidata/wdtk/wdtk-rdf/0.11.0-SNAPSHOT/wdtk-rdf-0.11.0-SNAPSHOT.pom
[INFO] 
[INFO] ------------------------------------------------------------------------
[INFO] Building Wikidata Toolkit Examples 0.11.0-SNAPSHOT
[INFO] ------------------------------------------------------------------------
[INFO] 
[INFO] --- jacoco-maven-plugin:0.8.4:prepare-agent (prepare-agent) @ wdtk-examples ---
[INFO] argLine set to -javaagent:/home/travis/.m2/failed/org/jacoco/org.jacoco.agent/0.8.4/org.jacoco.agent-0.8.4-runtime.jar=destfile=/home/travis/build/failed/Wikidata/Wikidata-Toolkit/wdtk-examples/target/jacoco.exec
[INFO] 
[INFO] --- license-maven-plugin:1.20:update-file-header (first) @ wdtk-examples ---
[INFO] Will search files to update from root /home/travis/build/failed/Wikidata/Wikidata-Toolkit/wdtk-examples/src/main/java
[INFO] Scan 21 files header done in 557.443ms.
[INFO] All files are up-to-date.
[INFO] 
[INFO] --- license-maven-plugin:1.20:update-project-license (first) @ wdtk-examples ---
[INFO] Will create or update license file [apache_v2] to /home/travis/build/failed/Wikidata/Wikidata-Toolkit/wdtk-examples/LICENSE.txt
[INFO] 
[INFO] --- maven-resources-plugin:2.6:resources (default-resources) @ wdtk-examples ---
[INFO] Using 'UTF-8' encoding to copy filtered resources.
[INFO] skip non existing resourceDirectory /home/travis/build/failed/Wikidata/Wikidata-Toolkit/wdtk-examples/src/main/resources
[INFO] Copying 1 resource
[INFO] 
[INFO] --- maven-compiler-plugin:3.8.0:compile (default-compile) @ wdtk-examples ---
[INFO] Changes detected - recompiling the module!
[INFO] Compiling 21 source files to /home/travis/build/failed/Wikidata/Wikidata-Toolkit/wdtk-examples/target/classes
[INFO] /home/travis/build/failed/Wikidata/Wikidata-Toolkit/wdtk-examples/src/main/java/org/wikidata/wdtk/examples/bots/SetLabelsForNumbersBot.java: Some input files use or override a deprecated API.
[INFO] /home/travis/build/failed/Wikidata/Wikidata-Toolkit/wdtk-examples/src/main/java/org/wikidata/wdtk/examples/bots/SetLabelsForNumbersBot.java: Recompile with -Xlint:deprecation for details.
[INFO] 
[INFO] --- maven-resources-plugin:2.6:testResources (default-testResources) @ wdtk-examples ---
[INFO] Using 'UTF-8' encoding to copy filtered resources.
[INFO] skip non existing resourceDirectory /home/travis/build/failed/Wikidata/Wikidata-Toolkit/wdtk-examples/src/test/resources
[INFO] 
[INFO] --- maven-compiler-plugin:3.8.0:testCompile (default-testCompile) @ wdtk-examples ---
[INFO] No sources to compile
[INFO] 
[INFO] --- maven-surefire-plugin:2.12.4:test (default-test) @ wdtk-examples ---
[INFO] Tests are skipped.
[INFO] 
[INFO] --- maven-jar-plugin:2.4:jar (default-jar) @ wdtk-examples ---
[INFO] Building jar: /home/travis/build/failed/Wikidata/Wikidata-Toolkit/wdtk-examples/target/wdtk-examples-0.11.0-SNAPSHOT.jar
[INFO] 
[INFO] --- maven-install-plugin:2.4:install (default-install) @ wdtk-examples ---
[INFO] Installing /home/travis/build/failed/Wikidata/Wikidata-Toolkit/wdtk-examples/target/wdtk-examples-0.11.0-SNAPSHOT.jar to /home/travis/.m2/failed/org/wikidata/wdtk/wdtk-examples/0.11.0-SNAPSHOT/wdtk-examples-0.11.0-SNAPSHOT.jar
[INFO] Installing /home/travis/build/failed/Wikidata/Wikidata-Toolkit/wdtk-examples/pom.xml to /home/travis/.m2/failed/org/wikidata/wdtk/wdtk-examples/0.11.0-SNAPSHOT/wdtk-examples-0.11.0-SNAPSHOT.pom
[INFO] 
[INFO] ------------------------------------------------------------------------
[INFO] Building Wikidata Toolkit Distribution 0.11.0-SNAPSHOT
[INFO] ------------------------------------------------------------------------
[INFO] 
[INFO] --- jacoco-maven-plugin:0.8.4:prepare-agent (prepare-agent) @ wdtk-distribution ---
[INFO] argLine set to -javaagent:/home/travis/.m2/failed/org/jacoco/org.jacoco.agent/0.8.4/org.jacoco.agent-0.8.4-runtime.jar=destfile=/home/travis/build/failed/Wikidata/Wikidata-Toolkit/wdtk-distribution/target/jacoco.exec
[INFO] 
[INFO] --- license-maven-plugin:1.20:update-file-header (first) @ wdtk-distribution ---
[WARNING] No file to scan.
[INFO] 
[INFO] 
[INFO] --- license-maven-plugin:1.20:update-project-license (first) @ wdtk-distribution ---
[INFO] Will create or update license file [apache_v2] to /home/travis/build/failed/Wikidata/Wikidata-Toolkit/wdtk-distribution/LICENSE.txt
[INFO] 
[INFO] --- maven-resources-plugin:2.6:resources (default-resources) @ wdtk-distribution ---
[INFO] Using 'UTF-8' encoding to copy filtered resources.
[INFO] skip non existing resourceDirectory /home/travis/build/failed/Wikidata/Wikidata-Toolkit/wdtk-distribution/src/main/resources
[INFO] Copying 1 resource
[INFO] 
[INFO] --- maven-compiler-plugin:3.8.0:compile (default-compile) @ wdtk-distribution ---
[INFO] No sources to compile
[INFO] 
[INFO] --- maven-resources-plugin:2.6:testResources (default-testResources) @ wdtk-distribution ---
[INFO] Using 'UTF-8' encoding to copy filtered resources.
[INFO] skip non existing resourceDirectory /home/travis/build/failed/Wikidata/Wikidata-Toolkit/wdtk-distribution/src/test/resources
[INFO] 
[INFO] --- maven-compiler-plugin:3.8.0:testCompile (default-testCompile) @ wdtk-distribution ---
[INFO] No sources to compile
[INFO] 
[INFO] --- maven-surefire-plugin:2.12.4:test (default-test) @ wdtk-distribution ---
[INFO] Tests are skipped.
[INFO] 
[INFO] --- maven-jar-plugin:2.4:jar (default-jar) @ wdtk-distribution ---
[INFO] Building jar: /home/travis/build/failed/Wikidata/Wikidata-Toolkit/wdtk-distribution/target/wdtk-distribution-0.11.0-SNAPSHOT.jar
[INFO] 
[INFO] --- maven-install-plugin:2.4:install (default-install) @ wdtk-distribution ---
[INFO] Installing /home/travis/build/failed/Wikidata/Wikidata-Toolkit/wdtk-distribution/target/wdtk-distribution-0.11.0-SNAPSHOT.jar to /home/travis/.m2/failed/org/wikidata/wdtk/wdtk-distribution/0.11.0-SNAPSHOT/wdtk-distribution-0.11.0-SNAPSHOT.jar
[INFO] Installing /home/travis/build/failed/Wikidata/Wikidata-Toolkit/wdtk-distribution/pom.xml to /home/travis/.m2/failed/org/wikidata/wdtk/wdtk-distribution/0.11.0-SNAPSHOT/wdtk-distribution-0.11.0-SNAPSHOT.pom
[INFO] 
[INFO] ------------------------------------------------------------------------
[INFO] Building Wikidata Toolkit Command-line Tool 0.11.0-SNAPSHOT
[INFO] ------------------------------------------------------------------------
[INFO] 
[INFO] --- jacoco-maven-plugin:0.8.4:prepare-agent (prepare-agent) @ wdtk-client ---
[INFO] argLine set to -javaagent:/home/travis/.m2/failed/org/jacoco/org.jacoco.agent/0.8.4/org.jacoco.agent-0.8.4-runtime.jar=destfile=/home/travis/build/failed/Wikidata/Wikidata-Toolkit/wdtk-client/target/jacoco.exec
[INFO] 
[INFO] --- license-maven-plugin:1.20:update-file-header (first) @ wdtk-client ---
[INFO] Will search files to update from root /home/travis/build/failed/Wikidata/Wikidata-Toolkit/wdtk-client/src/main/java
[INFO] Will search files to update from root /home/travis/build/failed/Wikidata/Wikidata-Toolkit/wdtk-client/src/test/java
[INFO] Scan 13 files header done in 306.591ms.
[INFO] All files are up-to-date.
[INFO] 
[INFO] --- license-maven-plugin:1.20:update-project-license (first) @ wdtk-client ---
[INFO] Will create or update license file [apache_v2] to /home/travis/build/failed/Wikidata/Wikidata-Toolkit/wdtk-client/LICENSE.txt
[INFO] 
[INFO] --- maven-resources-plugin:2.6:resources (default-resources) @ wdtk-client ---
[INFO] Using 'UTF-8' encoding to copy filtered resources.
[INFO] skip non existing resourceDirectory /home/travis/build/failed/Wikidata/Wikidata-Toolkit/wdtk-client/src/main/resources
[INFO] Copying 1 resource
[INFO] 
[INFO] --- maven-compiler-plugin:3.8.0:compile (default-compile) @ wdtk-client ---
[INFO] Changes detected - recompiling the module!
[INFO] Compiling 8 source files to /home/travis/build/failed/Wikidata/Wikidata-Toolkit/wdtk-client/target/classes
[INFO] /home/travis/build/failed/Wikidata/Wikidata-Toolkit/wdtk-client/src/main/java/org/wikidata/wdtk/client/ClientConfiguration.java: Some input files use or override a deprecated API.
[INFO] /home/travis/build/failed/Wikidata/Wikidata-Toolkit/wdtk-client/src/main/java/org/wikidata/wdtk/client/ClientConfiguration.java: Recompile with -Xlint:deprecation for details.
[INFO] 
[INFO] --- maven-resources-plugin:2.6:testResources (default-testResources) @ wdtk-client ---
[INFO] Using 'UTF-8' encoding to copy filtered resources.
[INFO] Copying 2 resources
[INFO] 
[INFO] --- maven-compiler-plugin:3.8.0:testCompile (default-testCompile) @ wdtk-client ---
[INFO] Changes detected - recompiling the module!
[INFO] Compiling 5 source files to /home/travis/build/failed/Wikidata/Wikidata-Toolkit/wdtk-client/target/test-classes
[INFO] /home/travis/build/failed/Wikidata/Wikidata-Toolkit/wdtk-client/src/test/java/org/wikidata/wdtk/client/ClientTest.java: /home/travis/build/failed/Wikidata/Wikidata-Toolkit/wdtk-client/src/test/java/org/wikidata/wdtk/client/ClientTest.java uses or overrides a deprecated API.
[INFO] /home/travis/build/failed/Wikidata/Wikidata-Toolkit/wdtk-client/src/test/java/org/wikidata/wdtk/client/ClientTest.java: Recompile with -Xlint:deprecation for details.
[INFO] 
[INFO] --- maven-surefire-plugin:2.12.4:test (default-test) @ wdtk-client ---
[INFO] Tests are skipped.
[INFO] 
[INFO] --- maven-jar-plugin:2.4:jar (default-jar) @ wdtk-client ---
[INFO] Building jar: /home/travis/build/failed/Wikidata/Wikidata-Toolkit/wdtk-client/target/wdtk-client-0.11.0-SNAPSHOT.jar
[INFO] 
[INFO] --- maven-install-plugin:2.4:install (default-install) @ wdtk-client ---
[INFO] Installing /home/travis/build/failed/Wikidata/Wikidata-Toolkit/wdtk-client/target/wdtk-client-0.11.0-SNAPSHOT.jar to /home/travis/.m2/failed/org/wikidata/wdtk/wdtk-client/0.11.0-SNAPSHOT/wdtk-client-0.11.0-SNAPSHOT.jar
[INFO] Installing /home/travis/build/failed/Wikidata/Wikidata-Toolkit/wdtk-client/pom.xml to /home/travis/.m2/failed/org/wikidata/wdtk/wdtk-client/0.11.0-SNAPSHOT/wdtk-client-0.11.0-SNAPSHOT.pom
[INFO] ------------------------------------------------------------------------
[INFO] Reactor Summary:
[INFO] 
[INFO] Wikidata Toolkit ................................... SUCCESS [  2.040 s]
[INFO] Wikidata Toolkit Utilities ......................... SUCCESS [  2.424 s]
[INFO] Wikidata Toolkit Testing Utilities ................. SUCCESS [  0.500 s]
[INFO] Wikidata Toolkit Data Model ........................ SUCCESS [  4.422 s]
[INFO] Wikidata Toolkit Storage ........................... SUCCESS [  0.810 s]
[INFO] Wikidata Toolkit Dump File Handling ................ SUCCESS [  2.280 s]
[INFO] Wikidata Toolkit Wikibase API ...................... SUCCESS [  2.080 s]
[INFO] Wikidata Toolkit RDF ............................... SUCCESS [  2.043 s]
[INFO] Wikidata Toolkit Examples .......................... SUCCESS [  0.934 s]
[INFO] Wikidata Toolkit Distribution ...................... SUCCESS [  0.036 s]
[INFO] Wikidata Toolkit Command-line Tool ................. SUCCESS [  1.425 s]
[INFO] ------------------------------------------------------------------------
[INFO] BUILD SUCCESS
[INFO] ------------------------------------------------------------------------
[INFO] Total time: 21.661 s
[INFO] Finished at: 2022-01-22T20:01:33Z
[INFO] Final Memory: 36M/416M
[INFO] ------------------------------------------------------------------------
travis_time:end:09aec123:start=1642881669990134335,finish=1642881693290989584,duration=23300855249,event=install[0Ktravis_fold:end:install[0Ktravis_time:start:1b4df888[0K$ mvn -o test jacoco:report -Dhttps.protocols=TLSv1.2
[INFO] Scanning for projects...
[INFO] ------------------------------------------------------------------------
[INFO] Reactor Build Order:
[INFO] 
[INFO] Wikidata Toolkit
[INFO] Wikidata Toolkit Utilities
[INFO] Wikidata Toolkit Testing Utilities
[INFO] Wikidata Toolkit Data Model
[INFO] Wikidata Toolkit Storage
[INFO] Wikidata Toolkit Dump File Handling
[INFO] Wikidata Toolkit Wikibase API
[INFO] Wikidata Toolkit RDF
[INFO] Wikidata Toolkit Examples
[INFO] Wikidata Toolkit Distribution
[INFO] Wikidata Toolkit Command-line Tool
[INFO] 
[INFO] ------------------------------------------------------------------------
[INFO] Building Wikidata Toolkit 0.11.0-SNAPSHOT
[INFO] ------------------------------------------------------------------------
[INFO] 
[INFO] --- jacoco-maven-plugin:0.8.4:prepare-agent (prepare-agent) @ wdtk-parent ---
[INFO] argLine set to -javaagent:/home/travis/.m2/failed/org/jacoco/org.jacoco.agent/0.8.4/org.jacoco.agent-0.8.4-runtime.jar=destfile=/home/travis/build/failed/Wikidata/Wikidata-Toolkit/target/jacoco.exec
[INFO] 
[INFO] --- license-maven-plugin:1.20:update-file-header (first) @ wdtk-parent ---
[WARNING] No file to scan.
[INFO] 
[INFO] 
[INFO] --- license-maven-plugin:1.20:update-project-license (first) @ wdtk-parent ---
[INFO] 
[INFO] --- jacoco-maven-plugin:0.8.4:report (default-cli) @ wdtk-parent ---
[INFO] Skipping JaCoCo execution due to missing execution data file.
[INFO] 
[INFO] ------------------------------------------------------------------------
[INFO] Building Wikidata Toolkit Utilities 0.11.0-SNAPSHOT
[INFO] ------------------------------------------------------------------------
[INFO] 
[INFO] --- jacoco-maven-plugin:0.8.4:prepare-agent (prepare-agent) @ wdtk-util ---
[INFO] argLine set to -javaagent:/home/travis/.m2/failed/org/jacoco/org.jacoco.agent/0.8.4/org.jacoco.agent-0.8.4-runtime.jar=destfile=/home/travis/build/failed/Wikidata/Wikidata-Toolkit/wdtk-util/target/jacoco.exec
[INFO] 
[INFO] --- license-maven-plugin:1.20:update-file-header (first) @ wdtk-util ---
[INFO] Will search files to update from root /home/travis/build/failed/Wikidata/Wikidata-Toolkit/wdtk-util/src/main/java
[INFO] Will search files to update from root /home/travis/build/failed/Wikidata/Wikidata-Toolkit/wdtk-util/src/test/java
[INFO] Scan 14 files header done in 37.145ms.
[INFO] All files are up-to-date.
[INFO] 
[INFO] --- license-maven-plugin:1.20:update-project-license (first) @ wdtk-util ---
[INFO] 
[INFO] --- maven-resources-plugin:2.6:resources (default-resources) @ wdtk-util ---
[INFO] Using 'UTF-8' encoding to copy filtered resources.
[INFO] skip non existing resourceDirectory /home/travis/build/failed/Wikidata/Wikidata-Toolkit/wdtk-util/src/main/resources
[INFO] Copying 1 resource
[INFO] 
[INFO] --- maven-compiler-plugin:3.8.0:compile (default-compile) @ wdtk-util ---
[INFO] Changes detected - recompiling the module!
[INFO] Compiling 9 source files to /home/travis/build/failed/Wikidata/Wikidata-Toolkit/wdtk-util/target/classes
[INFO] 
[INFO] --- maven-resources-plugin:2.6:testResources (default-testResources) @ wdtk-util ---
[INFO] Using 'UTF-8' encoding to copy filtered resources.
[INFO] skip non existing resourceDirectory /home/travis/build/failed/Wikidata/Wikidata-Toolkit/wdtk-util/src/test/resources
[INFO] 
[INFO] --- maven-compiler-plugin:3.8.0:testCompile (default-testCompile) @ wdtk-util ---
[INFO] Nothing to compile - all classes are up to date
[INFO] 
[INFO] --- maven-surefire-plugin:2.12.4:test (default-test) @ wdtk-util ---
[INFO] Surefire report directory: /home/travis/build/failed/Wikidata/Wikidata-Toolkit/wdtk-util/target/surefire-reports

-------------------------------------------------------
 T E S T S
-------------------------------------------------------
Running org.wikidata.wdtk.util.DirectoryManagerTest
Tests run: 9, Failures: 0, Errors: 0, Skipped: 0, Time elapsed: 0.113 sec
Running org.wikidata.wdtk.util.DirectoryManagerFactoryTest
Tests run: 4, Failures: 0, Errors: 0, Skipped: 0, Time elapsed: 0 sec
Running org.wikidata.wdtk.util.TimerTest
Tests run: 4, Failures: 0, Errors: 0, Skipped: 0, Time elapsed: 0.607 sec
Running org.wikidata.wdtk.util.NestedIteratorTest
Tests run: 4, Failures: 0, Errors: 0, Skipped: 0, Time elapsed: 0.006 sec
Running org.wikidata.wdtk.util.WebResourceFetcherTest
Tests run: 2, Failures: 0, Errors: 0, Skipped: 0, Time elapsed: 0.026 sec

Results :

Tests run: 23, Failures: 0, Errors: 0, Skipped: 0

[INFO] 
[INFO] --- jacoco-maven-plugin:0.8.4:report (default-cli) @ wdtk-util ---
[INFO] Loading execution data file /home/travis/build/failed/Wikidata/Wikidata-Toolkit/wdtk-util/target/jacoco.exec
[INFO] Analyzed bundle 'Wikidata Toolkit Utilities' with 6 classes
[INFO] 
[INFO] ------------------------------------------------------------------------
[INFO] Building Wikidata Toolkit Testing Utilities 0.11.0-SNAPSHOT
[INFO] ------------------------------------------------------------------------
[INFO] 
[INFO] --- jacoco-maven-plugin:0.8.4:prepare-agent (prepare-agent) @ wdtk-testing ---
[INFO] argLine set to -javaagent:/home/travis/.m2/failed/org/jacoco/org.jacoco.agent/0.8.4/org.jacoco.agent-0.8.4-runtime.jar=destfile=/home/travis/build/failed/Wikidata/Wikidata-Toolkit/wdtk-testing/target/jacoco.exec
[INFO] 
[INFO] --- license-maven-plugin:1.20:update-file-header (first) @ wdtk-testing ---
[INFO] Will search files to update from root /home/travis/build/failed/Wikidata/Wikidata-Toolkit/wdtk-testing/src/main/java
[INFO] Will search files to update from root /home/travis/build/failed/Wikidata/Wikidata-Toolkit/wdtk-testing/src/test/java
[INFO] Scan 7 files header done in 8.1ms.
[INFO] All files are up-to-date.
[INFO] 
[INFO] --- license-maven-plugin:1.20:update-project-license (first) @ wdtk-testing ---
[INFO] 
[INFO] --- maven-resources-plugin:2.6:resources (default-resources) @ wdtk-testing ---
[INFO] Using 'UTF-8' encoding to copy filtered resources.
[INFO] skip non existing resourceDirectory /home/travis/build/failed/Wikidata/Wikidata-Toolkit/wdtk-testing/src/main/resources
[INFO] Copying 1 resource
[INFO] 
[INFO] --- maven-compiler-plugin:3.8.0:compile (default-compile) @ wdtk-testing ---
[INFO] Changes detected - recompiling the module!
[INFO] Compiling 5 source files to /home/travis/build/failed/Wikidata/Wikidata-Toolkit/wdtk-testing/target/classes
[INFO] 
[INFO] --- maven-resources-plugin:2.6:testResources (default-testResources) @ wdtk-testing ---
[INFO] Using 'UTF-8' encoding to copy filtered resources.
[INFO] Copying 1 resource
[INFO] 
[INFO] --- maven-compiler-plugin:3.8.0:testCompile (default-testCompile) @ wdtk-testing ---
[INFO] Nothing to compile - all classes are up to date
[INFO] 
[INFO] --- maven-surefire-plugin:2.12.4:test (default-test) @ wdtk-testing ---
[INFO] Surefire report directory: /home/travis/build/failed/Wikidata/Wikidata-Toolkit/wdtk-testing/target/surefire-reports

-------------------------------------------------------
 T E S T S
-------------------------------------------------------
Running org.wikidata.wdtk.testing.MockDirectoryManagerTest
Tests run: 20, Failures: 0, Errors: 0, Skipped: 0, Time elapsed: 0.612 sec
Running org.wikidata.wdtk.testing.MockWebResourceFetcherTest
Tests run: 4, Failures: 0, Errors: 0, Skipped: 0, Time elapsed: 0.008 sec

Results :

Tests run: 24, Failures: 0, Errors: 0, Skipped: 0

[INFO] 
[INFO] --- jacoco-maven-plugin:0.8.4:report (default-cli) @ wdtk-testing ---
[INFO] Loading execution data file /home/travis/build/failed/Wikidata/Wikidata-Toolkit/wdtk-testing/target/jacoco.exec
[INFO] Analyzed bundle 'Wikidata Toolkit Testing Utilities' with 4 classes
[INFO] 
[INFO] ------------------------------------------------------------------------
[INFO] Building Wikidata Toolkit Data Model 0.11.0-SNAPSHOT
[INFO] ------------------------------------------------------------------------
[INFO] 
[INFO] --- jacoco-maven-plugin:0.8.4:prepare-agent (prepare-agent) @ wdtk-datamodel ---
[INFO] argLine set to -javaagent:/home/travis/.m2/failed/org/jacoco/org.jacoco.agent/0.8.4/org.jacoco.agent-0.8.4-runtime.jar=destfile=/home/travis/build/failed/Wikidata/Wikidata-Toolkit/wdtk-datamodel/target/jacoco.exec
[INFO] 
[INFO] --- license-maven-plugin:1.20:update-file-header (first) @ wdtk-datamodel ---
[INFO] Will search files to update from root /home/travis/build/failed/Wikidata/Wikidata-Toolkit/wdtk-datamodel/src/main/java
[INFO] Will search files to update from root /home/travis/build/failed/Wikidata/Wikidata-Toolkit/wdtk-datamodel/src/test/java
[INFO] Scan 157 files header done in 206.517ms.
[INFO] All files are up-to-date.
[INFO] 
[INFO] --- license-maven-plugin:1.20:update-project-license (first) @ wdtk-datamodel ---
[INFO] 
[INFO] --- maven-resources-plugin:2.6:resources (default-resources) @ wdtk-datamodel ---
[INFO] Using 'UTF-8' encoding to copy filtered resources.
[INFO] skip non existing resourceDirectory /home/travis/build/failed/Wikidata/Wikidata-Toolkit/wdtk-datamodel/src/main/resources
[INFO] Copying 1 resource
[INFO] 
[INFO] --- maven-compiler-plugin:3.8.0:compile (default-compile) @ wdtk-datamodel ---
[INFO] Changes detected - recompiling the module!
[INFO] Compiling 109 source files to /home/travis/build/failed/Wikidata/Wikidata-Toolkit/wdtk-datamodel/target/classes
[INFO] /home/travis/build/failed/Wikidata/Wikidata-Toolkit/wdtk-datamodel/src/main/java/org/wikidata/wdtk/datamodel/interfaces/ValueSnak.java: Some input files use or override a deprecated API.
[INFO] /home/travis/build/failed/Wikidata/Wikidata-Toolkit/wdtk-datamodel/src/main/java/org/wikidata/wdtk/datamodel/interfaces/ValueSnak.java: Recompile with -Xlint:deprecation for details.
[INFO] 
[INFO] --- maven-resources-plugin:2.6:testResources (default-testResources) @ wdtk-datamodel ---
[INFO] Using 'UTF-8' encoding to copy filtered resources.
[INFO] skip non existing resourceDirectory /home/travis/build/failed/Wikidata/Wikidata-Toolkit/wdtk-datamodel/src/test/resources
[INFO] 
[INFO] --- maven-compiler-plugin:3.8.0:testCompile (default-testCompile) @ wdtk-datamodel ---
[INFO] Nothing to compile - all classes are up to date
[INFO] 
[INFO] --- maven-surefire-plugin:2.12.4:test (default-test) @ wdtk-datamodel ---
[INFO] Surefire report directory: /home/travis/build/failed/Wikidata/Wikidata-Toolkit/wdtk-datamodel/target/surefire-reports

-------------------------------------------------------
 T E S T S
-------------------------------------------------------
Running org.wikidata.wdtk.datamodel.implementation.ReferenceImplTest
Tests run: 5, Failures: 0, Errors: 0, Skipped: 0, Time elapsed: 0.121 sec
Running org.wikidata.wdtk.datamodel.implementation.TimeValueImplTest
Tests run: 9, Failures: 0, Errors: 0, Skipped: 0, Time elapsed: 0.841 sec
Running org.wikidata.wdtk.datamodel.implementation.StatementDocumentAccessTest
Tests run: 10, Failures: 0, Errors: 0, Skipped: 0, Time elapsed: 0.049 sec
Running org.wikidata.wdtk.datamodel.implementation.DataObjectFactoryImplTest
Tests run: 25, Failures: 0, Errors: 0, Skipped: 0, Time elapsed: 0.034 sec
Running org.wikidata.wdtk.datamodel.implementation.EntityIdValueImplTest
Tests run: 7, Failures: 0, Errors: 0, Skipped: 0, Time elapsed: 0.003 sec
Running org.wikidata.wdtk.datamodel.implementation.GlobeCoordinatesValueImplTest
Tests run: 13, Failures: 0, Errors: 0, Skipped: 0, Time elapsed: 0.026 sec
Running org.wikidata.wdtk.datamodel.implementation.MediaInfoDocumentImplTest
Tests run: 20, Failures: 0, Errors: 0, Skipped: 0, Time elapsed: 0.212 sec
Running org.wikidata.wdtk.datamodel.implementation.TermedStatementDocumentImplTest
Tests run: 4, Failures: 0, Errors: 0, Skipped: 0, Time elapsed: 0 sec
Running org.wikidata.wdtk.datamodel.implementation.ItemIdValueImplTest
Tests run: 18, Failures: 0, Errors: 0, Skipped: 0, Time elapsed: 0.032 sec
Running org.wikidata.wdtk.datamodel.implementation.SenseIdValueImplTest
Tests run: 16, Failures: 0, Errors: 0, Skipped: 0, Time elapsed: 0.017 sec
Running org.wikidata.wdtk.datamodel.implementation.ItemDocumentImplTest
Tests run: 31, Failures: 0, Errors: 0, Skipped: 0, Time elapsed: 0.141 sec
Running org.wikidata.wdtk.datamodel.implementation.SitesImplTest
Tests run: 3, Failures: 0, Errors: 0, Skipped: 0, Time elapsed: 0.007 sec
Running org.wikidata.wdtk.datamodel.implementation.LexemeIdValueImplTest
Tests run: 14, Failures: 0, Errors: 0, Skipped: 0, Time elapsed: 0.013 sec
Running org.wikidata.wdtk.datamodel.implementation.StatementGroupTest
Tests run: 15, Failures: 0, Errors: 0, Skipped: 0, Time elapsed: 0.005 sec
Running org.wikidata.wdtk.datamodel.implementation.PropertyDocumentImplTest
Tests run: 26, Failures: 0, Errors: 0, Skipped: 0, Time elapsed: 0.026 sec
Running org.wikidata.wdtk.datamodel.implementation.TermImplTest
Tests run: 7, Failures: 0, Errors: 0, Skipped: 0, Time elapsed: 0.004 sec
Running org.wikidata.wdtk.datamodel.implementation.SnakGroupTest
Tests run: 8, Failures: 0, Errors: 0, Skipped: 0, Time elapsed: 0 sec
Running org.wikidata.wdtk.datamodel.implementation.UnsupportedValueImplTest
Tests run: 5, Failures: 0, Errors: 0, Skipped: 0, Time elapsed: 0.013 sec
Running org.wikidata.wdtk.datamodel.implementation.PropertyIdValueImplTest
Tests run: 11, Failures: 0, Errors: 0, Skipped: 0, Time elapsed: 0.007 sec
Running org.wikidata.wdtk.datamodel.implementation.StatementImplTest
Tests run: 12, Failures: 0, Errors: 0, Skipped: 0, Time elapsed: 0.027 sec
Running org.wikidata.wdtk.datamodel.implementation.StringValueImplTest
Tests run: 6, Failures: 0, Errors: 0, Skipped: 0, Time elapsed: 0.003 sec
Running org.wikidata.wdtk.datamodel.implementation.SnakImplTest
Tests run: 18, Failures: 0, Errors: 0, Skipped: 0, Time elapsed: 0.027 sec
Running org.wikidata.wdtk.datamodel.implementation.FormIdValueImplTest
Tests run: 16, Failures: 0, Errors: 0, Skipped: 0, Time elapsed: 0.009 sec
Running org.wikidata.wdtk.datamodel.implementation.MediaInfoIdValueImplTest
Tests run: 14, Failures: 0, Errors: 0, Skipped: 0, Time elapsed: 0.009 sec
Running org.wikidata.wdtk.datamodel.implementation.EntityRedirectDocumentImplTest
Tests run: 8, Failures: 0, Errors: 0, Skipped: 0, Time elapsed: 0.004 sec
Running org.wikidata.wdtk.datamodel.implementation.SenseDocumentImplTest
Tests run: 11, Failures: 0, Errors: 0, Skipped: 0, Time elapsed: 0.021 sec
Running org.wikidata.wdtk.datamodel.implementation.QuantityValueImplTest
Tests run: 19, Failures: 0, Errors: 0, Skipped: 0, Time elapsed: 0.021 sec
Running org.wikidata.wdtk.datamodel.implementation.WikimediaLanguageCodesTest
Tests run: 4, Failures: 0, Errors: 0, Skipped: 0, Time elapsed: 0.01 sec
Running org.wikidata.wdtk.datamodel.implementation.UnsupportedEntityIdValueTest
Tests run: 9, Failures: 0, Errors: 0, Skipped: 0, Time elapsed: 0.038 sec
Running org.wikidata.wdtk.datamodel.implementation.ClaimImplTest
Tests run: 7, Failures: 0, Errors: 0, Skipped: 0, Time elapsed: 0.001 sec
Running org.wikidata.wdtk.datamodel.implementation.MonolingualTextValueImplTest
Tests run: 7, Failures: 0, Errors: 0, Skipped: 0, Time elapsed: 0.003 sec
Running org.wikidata.wdtk.datamodel.implementation.SiteLinkImplTest
Tests run: 8, Failures: 0, Errors: 0, Skipped: 0, Time elapsed: 0.004 sec
Running org.wikidata.wdtk.datamodel.implementation.DatatypeIdImplTest
Tests run: 28, Failures: 0, Errors: 0, Skipped: 0, Time elapsed: 0.004 sec
Running org.wikidata.wdtk.datamodel.implementation.FormDocumentImplTest
Tests run: 12, Failures: 0, Errors: 0, Skipped: 0, Time elapsed: 0.021 sec
Running org.wikidata.wdtk.datamodel.implementation.LexemeDocumentImplTest
Tests run: 19, Failures: 0, Errors: 0, Skipped: 0, Time elapsed: 0.027 sec
Running org.wikidata.wdtk.datamodel.helpers.DatamodelConverterTest
SLF4J: Failed to load class "org.slf4j.impl.StaticLoggerBinder".
SLF4J: Defaulting to no-operation (NOP) logger implementation
SLF4J: See http://www.slf4j.org/codes.html#StaticLoggerBinder for further details.
Tests run: 3, Failures: 0, Errors: 0, Skipped: 0, Time elapsed: 0.025 sec
Running org.wikidata.wdtk.datamodel.helpers.FilterCopyTest
Tests run: 7, Failures: 0, Errors: 0, Skipped: 0, Time elapsed: 0.002 sec
Running org.wikidata.wdtk.datamodel.helpers.StatementBuilderTest
Tests run: 6, Failures: 0, Errors: 0, Skipped: 0, Time elapsed: 0.004 sec
Running org.wikidata.wdtk.datamodel.helpers.PropertyDocumentBuilderTest
Tests run: 3, Failures: 0, Errors: 0, Skipped: 0, Time elapsed: 0.002 sec
Running org.wikidata.wdtk.datamodel.helpers.StatementDocumentTest
Tests run: 1, Failures: 0, Errors: 0, Skipped: 0, Time elapsed: 0 sec
Running org.wikidata.wdtk.datamodel.helpers.DatamodelTest
Tests run: 39, Failures: 0, Errors: 0, Skipped: 0, Time elapsed: 0.005 sec
Running org.wikidata.wdtk.datamodel.helpers.DatamodelFilterTest
Tests run: 11, Failures: 0, Errors: 0, Skipped: 0, Time elapsed: 0.005 sec
Running org.wikidata.wdtk.datamodel.helpers.JsonSerializerTest
Tests run: 5, Failures: 0, Errors: 0, Skipped: 0, Time elapsed: 0.068 sec
Running org.wikidata.wdtk.datamodel.helpers.DatatypeConvertersTest
Tests run: 2, Failures: 0, Errors: 0, Skipped: 0, Time elapsed: 0.001 sec
Running org.wikidata.wdtk.datamodel.helpers.ItemDocumentBuilderTest
Tests run: 6, Failures: 1, Errors: 0, Skipped: 0, Time elapsed: 0.002 sec <<< FAILURE!
testChangeOfSubjectId(org.wikidata.wdtk.datamodel.helpers.ItemDocumentBuilderTest)  Time elapsed: 0.001 sec  <<< FAILURE!
java.lang.AssertionError: expected:<"pleutre" (fr)> but was:<pleutre>
	at org.junit.Assert.fail(Assert.java:88)
	at org.junit.Assert.failNotEquals(Assert.java:834)
	at org.junit.Assert.assertEquals(Assert.java:118)
	at org.junit.Assert.assertEquals(Assert.java:144)
	at org.wikidata.wdtk.datamodel.helpers.ItemDocumentBuilderTest.testChangeOfSubjectId(ItemDocumentBuilderTest.java:135)
	at java.base/jdk.internal.reflect.NativeMethodAccessorImpl.invoke0(Native Method)
	at java.base/jdk.internal.reflect.NativeMethodAccessorImpl.invoke(NativeMethodAccessorImpl.java:62)
	at java.base/jdk.internal.reflect.DelegatingMethodAccessorImpl.invoke(DelegatingMethodAccessorImpl.java:43)
	at java.base/java.lang.reflect.Method.invoke(Method.java:566)
	at org.junit.runners.model.FrameworkMethod$1.runReflectiveCall(FrameworkMethod.java:50)
	at org.junit.internal.runners.model.ReflectiveCallable.run(ReflectiveCallable.java:12)
	at org.junit.runners.model.FrameworkMethod.invokeExplosively(FrameworkMethod.java:47)
	at org.junit.internal.runners.statements.InvokeMethod.evaluate(InvokeMethod.java:17)
	at org.junit.internal.runners.statements.RunBefores.evaluate(RunBefores.java:26)
	at org.junit.runners.ParentRunner.runLeaf(ParentRunner.java:325)
	at org.junit.runners.BlockJUnit4ClassRunner.runChild(BlockJUnit4ClassRunner.java:78)
	at org.junit.runners.BlockJUnit4ClassRunner.runChild(BlockJUnit4ClassRunner.java:57)
	at org.junit.runners.ParentRunner$3.run(ParentRunner.java:290)
	at org.junit.runners.ParentRunner$1.schedule(ParentRunner.java:71)
	at org.junit.runners.ParentRunner.runChildren(ParentRunner.java:288)
	at org.junit.runners.ParentRunner.access$000(ParentRunner.java:58)
	at org.junit.runners.ParentRunner$2.evaluate(ParentRunner.java:268)
	at org.junit.runners.ParentRunner.run(ParentRunner.java:363)
	at org.apache.maven.surefire.junit4.JUnit4Provider.execute(JUnit4Provider.java:252)
	at org.apache.maven.surefire.junit4.JUnit4Provider.executeTestSet(JUnit4Provider.java:141)
	at org.apache.maven.surefire.junit4.JUnit4Provider.invoke(JUnit4Provider.java:112)
	at java.base/jdk.internal.reflect.NativeMethodAccessorImpl.invoke0(Native Method)
	at java.base/jdk.internal.reflect.NativeMethodAccessorImpl.invoke(NativeMethodAccessorImpl.java:62)
	at java.base/jdk.internal.reflect.DelegatingMethodAccessorImpl.invoke(DelegatingMethodAccessorImpl.java:43)
	at java.base/java.lang.reflect.Method.invoke(Method.java:566)
	at org.apache.maven.surefire.util.ReflectionUtils.invokeMethodWithArray(ReflectionUtils.java:189)
	at org.apache.maven.surefire.booter.ProviderFactory$ProviderProxy.invoke(ProviderFactory.java:165)
	at org.apache.maven.surefire.booter.ProviderFactory.invokeProvider(ProviderFactory.java:85)
	at org.apache.maven.surefire.booter.ForkedBooter.runSuitesInProcess(ForkedBooter.java:115)
	at org.apache.maven.surefire.booter.ForkedBooter.main(ForkedBooter.java:75)

Running org.wikidata.wdtk.datamodel.helpers.ReferenceBuilderTest
Tests run: 2, Failures: 0, Errors: 0, Skipped: 0, Time elapsed: 0.001 sec
Running org.wikidata.wdtk.datamodel.interfaces.NullEntityIdsTest
Tests run: 3, Failures: 0, Errors: 0, Skipped: 0, Time elapsed: 0 sec

Results :

Failed tests:   testChangeOfSubjectId(org.wikidata.wdtk.datamodel.helpers.ItemDocumentBuilderTest): expected:<"pleutre" (fr)> but was:<pleutre>

Tests run: 533, Failures: 1, Errors: 0, Skipped: 0

[INFO] ------------------------------------------------------------------------
[INFO] Reactor Summary:
[INFO] 
[INFO] Wikidata Toolkit ................................... SUCCESS [  1.534 s]
[INFO] Wikidata Toolkit Utilities ......................... SUCCESS [  3.000 s]
[INFO] Wikidata Toolkit Testing Utilities ................. SUCCESS [  1.540 s]
[INFO] Wikidata Toolkit Data Model ........................ FAILURE [  4.523 s]
[INFO] Wikidata Toolkit Storage ........................... SKIPPED
[INFO] Wikidata Toolkit Dump File Handling ................ SKIPPED
[INFO] Wikidata Toolkit Wikibase API ...................... SKIPPED
[INFO] Wikidata Toolkit RDF ............................... SKIPPED
[INFO] Wikidata Toolkit Examples .......................... SKIPPED
[INFO] Wikidata Toolkit Distribution ...................... SKIPPED
[INFO] Wikidata Toolkit Command-line Tool ................. SKIPPED
[INFO] ------------------------------------------------------------------------
[INFO] BUILD FAILURE
[INFO] ------------------------------------------------------------------------
[INFO] Total time: 10.932 s
[INFO] Finished at: 2022-01-22T20:01:45Z
[INFO] Final Memory: 24M/136M
[INFO] ------------------------------------------------------------------------
[ERROR] Failed to execute goal org.apache.maven.plugins:maven-surefire-plugin:2.12.4:test (default-test) on project wdtk-datamodel: There are test failures.
[ERROR] 
[ERROR] Please refer to /home/travis/build/failed/Wikidata/Wikidata-Toolkit/wdtk-datamodel/target/surefire-reports for the individual test results.
[ERROR] -> [Help 1]
[ERROR] 
[ERROR] To see the full stack trace of the errors, re-run Maven with the -e switch.
[ERROR] Re-run Maven using the -X switch to enable full debug logging.
[ERROR] 
[ERROR] For more information about the errors and possible solutions, please read the following articles:
[ERROR] [Help 1] http://cwiki.apache.org/confluence/display/MAVEN/MojoFailureException
[ERROR] 
[ERROR] After correcting the problems, you can resume the build with the command
[ERROR]   mvn <goals> -rf :wdtk-datamodel
travis_time:end:1b4df888:start=1642881693300963637,finish=1642881705776223584,duration=12475259947,event=script[0K[31;1mThe command "mvn -o test jacoco:report -Dhttps.protocols=TLSv1.2" exited with 1.[0m
travis_fold:start:cache.2[0Kstore build cache
travis_time:start:13fa29dc[0Ktravis_time:end:13fa29dc:start=1642881705786614046,finish=1642881705793028525,duration=6414479,event=cache[0Ktravis_time:start:1512cd52[0K[32;1mchanges detected, packing new archive[0m
[32;1muploading /[0m
[31;1mfailed to upload cache[0m
travis_time:end:1512cd52:start=1642881705801530504,finish=1642881710469360658,duration=4667830154,event=cache[0Ktravis_fold:end:cache.2[0K

Done. Your build exited with 1.
