travis_time:start:09bbb6ea[0Ktravis_time:end:09bbb6ea:start=1644673964475161605,finish=1644673964788759295,duration=313597690,event=no_world_writable_dirs[0Ktravis_time:start:0a3b7e48[0Ktravis_time:end:0a3b7e48:start=1644673964796369980,finish=1644673964801851270,duration=5481290,event=check_unsupported[0Ktravis_time:start:267167b5[0Ktravis_fold:start:system_info[0K[33;1mBuild system information[0m
Build language: java
Build group: stable
Build dist: xenial
Build id: ''
Job id: ''
Runtime kernel version: 4.15.0-109-generic
[34m[1mBuild image provisioning date and time[0m
Fri Aug  2 14:20:18 UTC 2019
[34m[1mOperating System Details[0m
Distributor ID:	Ubuntu
Description:	Ubuntu 16.04.6 LTS
Release:	16.04
Codename:	xenial
[34m[1mSystemd Version[0m
systemd 229
[34m[1mCookbooks Version[0m
790f512 https://github.com/travis-ci/travis-cookbooks/tree/790f512
[34m[1mgit version[0m
git version 2.22.0
[34m[1mbash version[0m
GNU bash, version 4.3.48(1)-release (x86_64-pc-linux-gnu)
[34m[1mgcc version[0m
gcc (Ubuntu 5.4.0-6ubuntu1~16.04.11) 5.4.0 20160609
[34m[1mdocker version[0m
Client:
 Version:           18.06.1-ce
 API version:       1.38
 Go version:        go1.10.3
 Git commit:        e68fc7a
 Built:             Tue Aug 21 17:20:43 2018
 OS/Arch:           linux/amd64
 Experimental:      false
[34m[1mclang version[0m
clang version 7.0.0 (tags/RELEASE_700/final)
[34m[1mjq version[0m
jq-1.5
[34m[1mbats version[0m
Bats 0.4.0
[34m[1mshellcheck version[0m
0.6.0
[34m[1mshfmt version[0m
v2.6.3
[34m[1mccache version[0m
3.2.4
[34m[1mcmake version[0m
cmake version 3.12.4
[34m[1mheroku version[0m
heroku/7.27.1 linux-x64 node-v11.14.0
[34m[1mimagemagick version[0m
Version: ImageMagick 6.8.9-9 Q16 x86_64 2019-06-15 http://www.imagemagick.org
[34m[1mmd5deep version[0m
4.4
[34m[1mmercurial version[0m
version 4.8
[34m[1mmysql version[0m
mysql  Ver 14.14 Distrib 5.7.27, for Linux (x86_64) using  EditLine wrapper
[34m[1mopenssl version[0m
OpenSSL 1.0.2g  1 Mar 2016
[34m[1mpacker version[0m
1.3.3
[34m[1mpostgresql client version[0m
psql (PostgreSQL) 10.9 (Ubuntu 10.9-1.pgdg16.04+1)
[34m[1mragel version[0m
Ragel State Machine Compiler version 6.8 Feb 2013
[34m[1msudo version[0m
1.8.16
[34m[1mgzip version[0m
gzip 1.6
[34m[1mzip version[0m
Zip 3.0
[34m[1mvim version[0m
VIM - Vi IMproved 7.4 (2013 Aug 10, compiled Jun 07 2019 15:35:43)
[34m[1miptables version[0m
iptables v1.6.0
[34m[1mcurl version[0m
curl 7.47.0 (x86_64-pc-linux-gnu) libcurl/7.47.0 GnuTLS/3.4.10 zlib/1.2.8 libidn/1.32 librtmp/2.3
[34m[1mwget version[0m
GNU Wget 1.17.1 built on linux-gnu.
[34m[1mrsync version[0m
rsync  version 3.1.1  protocol version 31
[34m[1mgimme version[0m
v1.5.3
[34m[1mnvm version[0m
0.34.0
[34m[1mperlbrew version[0m
/home/travis/perl5/perlbrew/bin/perlbrew  - App::perlbrew/0.86
[34m[1mphpenv version[0m
rbenv 1.1.2-2-g4e92322
[34m[1mrvm version[0m
rvm 1.29.9 (latest) by Michal Papis, Piotr Kuczynski, Wayne E. Seguin [https://rvm.io]
[34m[1mdefault ruby version[0m
ruby 2.5.3p105 (2018-10-18 revision 65156) [x86_64-linux]
[34m[1mCouchDB version[0m
couchdb 1.6.1
[34m[1mElasticSearch version[0m
5.5.0
[34m[1mInstalled Firefox version[0m
firefox 63.0.1
[34m[1mMongoDB version[0m
MongoDB 4.0.11
[34m[1mPhantomJS version[0m
2.1.1
[34m[1mPre-installed PostgreSQL versions[0m
9.4.23
9.5.18
9.6.14
[34m[1mRedis version[0m
redis-server 5.0.5
[34m[1mPre-installed Go versions[0m
1.11.1
[34m[1mant version[0m
Apache Ant(TM) version 1.9.6 compiled on July 20 2018
[34m[1mmvn version[0m
Apache Maven 3.6.0 (97c98ec64a1fdfee7767ce5ffb20918da4f719f3; 2018-10-24T18:41:47Z)
[34m[1mgradle version[0m
Gradle 5.1.1!
[34m[1mlein version[0m
Leiningen 2.9.1 on Java 11.0.2 OpenJDK 64-Bit Server VM
[34m[1mPre-installed Node.js versions[0m
v10.16.1
v11.0.0
v4.9.1
v6.17.1
v8.12.0
v8.16.0
v8.9
[34m[1mphpenv versions[0m
  system
  5.6
  5.6.40
  7.1
  7.1.27
  7.2
* 7.2.15 (set by /home/travis/.phpenv/version)
  hhvm
  hhvm-stable
[34m[1mcomposer --version[0m
Composer version 1.8.4 2019-02-11 10:52:10
[34m[1mPre-installed Ruby versions[0m
ruby-2.3.8
ruby-2.4.5
ruby-2.5.3
travis_fold:end:system_info[0K
travis_time:end:267167b5:start=1644673964808749189,finish=1644673964820790617,duration=12041428,event=show_system_info[0Ktravis_time:start:11432be1[0Ktravis_time:end:11432be1:start=1644673964827708700,finish=1644673964849086999,duration=21378299,event=rm_riak_source[0Ktravis_time:start:1047d2c3[0Ktravis_time:end:1047d2c3:start=1644673964856162739,finish=1644673964868298065,duration=12135326,event=fix_rwky_redis[0Ktravis_time:start:20e67010[0K[31;1mTimeout waiting for network availability.[0m
travis_time:end:20e67010:start=1644673964875463169,finish=1644673985624515222,duration=20749052053,event=wait_for_network[0Ktravis_time:start:32fd9090[0Ktravis_time:end:32fd9090:start=1644673985632280373,finish=1644673985994388799,duration=362108426,event=update_apt_keys[0Ktravis_time:start:1f9934da[0Ktravis_time:end:1f9934da:start=1644673986001547115,finish=1644673986095772950,duration=94225835,event=fix_hhvm_source[0Ktravis_time:start:034f11ff[0Ktravis_time:end:034f11ff:start=1644673986103702123,finish=1644673986110483944,duration=6781821,event=update_mongo_arch[0Ktravis_time:start:0035bd6b[0Ktravis_time:end:0035bd6b:start=1644673986118222642,finish=1644673986191779375,duration=73556733,event=fix_sudo_enabled_trusty[0Ktravis_time:start:07477c4c[0Ktravis_time:end:07477c4c:start=1644673986200090324,finish=1644673986217417701,duration=17327377,event=clean_up_path[0Ktravis_time:start:011f7dc1[0Ktravis_time:end:011f7dc1:start=1644673986224300820,finish=1644673986241106246,duration=16805426,event=fix_resolv_conf[0Ktravis_time:start:055b7bc9[0Ktravis_time:end:055b7bc9:start=1644673986248111025,finish=1644673986268575849,duration=20464824,event=fix_etc_hosts[0Ktravis_time:start:2d145c10[0Ktravis_time:end:2d145c10:start=1644673986277430075,finish=1644673986296664074,duration=19233999,event=fix_mvn_settings_xml[0Ktravis_time:start:24ab4422[0Ktravis_time:end:24ab4422:start=1644673986305536828,finish=1644673986328200910,duration=22664082,event=no_ipv6_localhost[0Ktravis_time:start:2f4cf0d8[0Ktravis_time:end:2f4cf0d8:start=1644673986334649574,finish=1644673986339277772,duration=4628198,event=fix_etc_mavenrc[0Ktravis_time:start:0806c6cb[0Ktravis_time:end:0806c6cb:start=1644673986346037289,finish=1644673986353059714,duration=7022425,event=fix_wwdr_certificate[0Ktravis_time:start:20659163[0Ktravis_time:end:20659163:start=1644673986360025277,finish=1644673986412541689,duration=52516412,event=put_localhost_first[0Ktravis_time:start:00d41fa7[0Ktravis_time:end:00d41fa7:start=1644673986420710363,finish=1644673986426328134,duration=5617771,event=home_paths[0Ktravis_time:start:0c85c966[0Ktravis_time:end:0c85c966:start=1644673986434285321,finish=1644673986461926939,duration=27641618,event=disable_initramfs[0Ktravis_time:start:08509b7a[0Ktravis_time:end:08509b7a:start=1644673986470106503,finish=1644673986644286499,duration=174179996,event=disable_ssh_roaming[0Ktravis_time:start:15869854[0Ktravis_time:end:15869854:start=1644673986651689314,finish=1644673986656614741,duration=4925427,event=debug_tools[0Ktravis_time:start:08f8374a[0Ktravis_time:end:08f8374a:start=1644673986663453147,finish=1644673986670462763,duration=7009616,event=uninstall_oclint[0Ktravis_time:start:25ee34b7[0Ktravis_time:end:25ee34b7:start=1644673986678713722,finish=1644673986685975311,duration=7261589,event=rvm_use[0Ktravis_time:start:0214f580[0Ktravis_time:end:0214f580:start=1644673986693474170,finish=1644673986710022664,duration=16548494,event=rm_etc_boto_cfg[0Ktravis_time:start:038e4aac[0Ktravis_time:end:038e4aac:start=1644673986717198625,finish=1644673986723439731,duration=6241106,event=rm_oraclejdk8_symlink[0Ktravis_time:start:011fce4d[0Ktravis_time:end:011fce4d:start=1644673986731561322,finish=1644673986871536910,duration=139975588,event=enable_i386[0Ktravis_time:start:152f45ee[0Ktravis_time:end:152f45ee:start=1644673986877030238,finish=1644673986885056366,duration=8026128,event=update_rubygems[0Ktravis_time:start:02dbf448[0Ktravis_time:end:02dbf448:start=1644673986891902363,finish=1644673987992281192,duration=1100378829,event=ensure_path_components[0Ktravis_time:start:2ba11b30[0Ktravis_time:end:2ba11b30:start=1644673988000272457,finish=1644673988005661883,duration=5389426,event=redefine_curl[0Ktravis_time:start:12364d7b[0Ktravis_time:end:12364d7b:start=1644673988012951540,finish=1644673988018326389,duration=5374849,event=nonblock_pipe[0Ktravis_time:start:023d4878[0Ktravis_time:end:023d4878:start=1644673988025520264,finish=1644674000310701576,duration=12285181312,event=apt_get_update[0Ktravis_time:start:04ceb9c8[0Ktravis_time:end:04ceb9c8:start=1644674000318764130,finish=1644674000324975000,duration=6210870,event=deprecate_xcode_64[0Ktravis_time:start:0a4f2a67[0Ktravis_time:end:0a4f2a67:start=1644674000333119187,finish=1644674006673583802,duration=6340464615,event=update_heroku[0Ktravis_time:start:1ca3cca0[0Ktravis_time:end:1ca3cca0:start=1644674006680735358,finish=1644674006685920037,duration=5184679,event=shell_session_update[0Ktravis_time:start:0fc82300[0Ktravis_fold:start:docker_mtu[0Ktee: /etc/docker/daemon.json: No such file or directory
docker: unrecognized service
travis_fold:end:docker_mtu[0Ktravis_time:end:0fc82300:start=1644674006693051423,finish=1644674006731962298,duration=38910875,event=set_docker_mtu[0Ktravis_time:start:266ed487[0Ktravis_time:end:266ed487:start=1644674006739727103,finish=1644674006757815538,duration=18088435,event=resolvconf[0Ktravis_time:start:005ae34a[0Ktravis_time:end:005ae34a:start=1644674006763062020,finish=1644674006909231945,duration=146169925,event=maven_https[0K
travis_fold:start:install_jdk[0K[33;1mInstalling openjdk8[0m
travis_fold:end:install_jdk[0Ktravis_time:start:033227fa[0Ktravis_time:end:033227fa:start=1644674006925766682,finish=1644674006931301331,duration=5534649,event=fix_ps4[0Ktravis_time:start:1cc73c44[0K
$ cd failed/alibaba/canal

travis_time:end:1cc73c44:start=1644674006938466107,finish=1644674006944489482,duration=6023375,event=checkout[0Ktravis_time:start:048faac1[0Ktravis_time:end:048faac1:start=1644674006952007890,finish=1644674007329318305,duration=377310415,event=env[0Ktravis_fold:start:cache.1[0KSetting up build cache
$ export CASHER_DIR=${TRAVIS_HOME}/.casher
travis_time:start:0576969c[0K$ Installing caching utilities
curl: (6) Could not resolve host: https

[31;1mThe command "eval curl -sf  -o $CASHER_DIR/bin/casher https:///files/casher " failed. Retrying, 2 of 3.[0m

curl: (6) Could not resolve host: https

[31;1mThe command "eval curl -sf  -o $CASHER_DIR/bin/casher https:///files/casher " failed. Retrying, 3 of 3.[0m

curl: (6) Could not resolve host: https

[31;1mThe command "eval curl -sf  -o $CASHER_DIR/bin/casher https:///files/casher " failed 3 times.[0m

travis_time:end:0576969c:start=1644674008526405435,finish=1644674020718477496,duration=12192072061,event=setup_casher[0Ktravis_time:start:29072aa3[0K$ Installing caching utilities from the Travis CI server (https:///files/casher) failed, failing over to using GitHub (https://raw.githubusercontent.com/travis-ci/casher/bash/bin/casher)
travis_time:end:29072aa3:start=1644674020727468787,finish=1644674020876286023,duration=148817236,event=setup_casher[0Ktravis_time:start:0f072b54[0Ktravis_time:end:0f072b54:start=1644674020888399780,finish=1644674020894272544,duration=5872764,event=setup_casher[0Ktravis_time:start:24564cc0[0Kattempting to download cache archive[0m
[31;1mcould not download cache[0m
travis_time:end:24564cc0:start=1644674020902319889,finish=1644674022548433978,duration=1646114089,event=setup_casher[0Ktravis_time:start:38be6a02[0Ktravis_time:end:38be6a02:start=1644674022556131164,finish=1644674022561339075,duration=5207911,event=setup_casher[0Ktravis_time:start:0631eeaf[0Kadding /home/travis/.m2 to cache[0m
travis_time:end:0631eeaf:start=1644674022569236459,finish=1644674160051390980,duration=137482154521,event=setup_casher[0Ktravis_fold:end:cache.1[0K
$ java -Xmx32m -version
Picked up _JAVA_OPTIONS: -Xmx2048m -Xms512m
openjdk version "1.8.0_222"
OpenJDK Runtime Environment (build 1.8.0_222-8u222-b10-1ubuntu1~16.04.1-b10)
OpenJDK 64-Bit Server VM (build 25.222-b10, mixed mode)
$ javac -J-Xmx32m -version
Picked up _JAVA_OPTIONS: -Xmx2048m -Xms512m
javac 1.8.0_222
travis_fold:start:install[0Ktravis_time:start:0517a234[0K$ true
travis_time:end:0517a234:start=1644674160319481679,finish=1644674160324988727,duration=5507048,event=install[0Ktravis_fold:end:install[0Ktravis_time:start:1eeb1fee[0K$ travis_wait 30 ./mvnw clean install -DskipTests=false -Dcheckstyle.skip=true -Dmaven.javadoc.skip=true


Still running (1 of 30): ./mvnw clean install -DskipTests=false -Dcheckstyle.skip=true -Dmaven.javadoc.skip=trueStill running (2 of 30): ./mvnw clean install -DskipTests=false -Dcheckstyle.skip=true -Dmaven.javadoc.skip=true
[31;1mThe command ./mvnw clean install -DskipTests=false -Dcheckstyle.skip=true -Dmaven.javadoc.skip=true exited with 1.[0m

[32;1mLog:[0m

Picked up _JAVA_OPTIONS: -Xmx2048m -Xms512m
[[1;34mINFO[m] Scanning for projects...
[[1;34mINFO[m] --- tiles-maven-plugin: Injecting 1 tiles as intermediary parent artifacts for com.alibaba.otter:canal-admin-server...
[[1;34mINFO[m] Mixed 'null:canal-admin-server:null' with tile 'io.ebean.tile:enhancement:11.41.1' as its new parent.
[[1;34mINFO[m] Explicitly set groupId to 'com.alibaba.otter' from original parent 'com.alibaba.otter:canal-admin:1.1.4-SNAPSHOT'.
[[1;34mINFO[m] Explicitly set version to '1.1.4-SNAPSHOT' from original parent 'com.alibaba.otter:canal-admin:1.1.4-SNAPSHOT'.
[[1;34mINFO[m] Mixed 'io.ebean.tile:enhancement:11.41.1' with original parent 'com.alibaba.otter:canal-admin:1.1.4-SNAPSHOT' as its new top level parent.
[[1;34mINFO[m] 
[[1;34mINFO[m] [1m------------------------------------------------------------------------[m
[[1;34mINFO[m] [1mReactor Build Order:[m
[[1;34mINFO[m] 
[[1;34mINFO[m] canal module for otter 1.1.4-SNAPSHOT
[[1;34mINFO[m] canal common module for otter 1.1.4-SNAPSHOT
[[1;34mINFO[m] canal protocol module for otter 1.1.4-SNAPSHOT
[[1;34mINFO[m] canal meta module for otter 1.1.4-SNAPSHOT
[[1;34mINFO[m] canal driver module for otter 1.1.4-SNAPSHOT
[[1;34mINFO[m] canal dbsync module for otter 1.1.4-SNAPSHOT
[[1;34mINFO[m] canal sink module for otter 1.1.4-SNAPSHOT
[[1;34mINFO[m] canal store module for otter 1.1.4-SNAPSHOT
[[1;34mINFO[m] canal sink module for otter 1.1.4-SNAPSHOT
[[1;34mINFO[m] canal parse module for otter 1.1.4-SNAPSHOT
[[1;34mINFO[m] canal instance core module for otter 1.1.4-SNAPSHOT
[[1;34mINFO[m] canal instance spring module for otter 1.1.4-SNAPSHOT
[[1;34mINFO[m] canal instance manager module for otter 1.1.4-SNAPSHOT
[[1;34mINFO[m] canal instance module for otter 1.1.4-SNAPSHOT
[[1;34mINFO[m] canal server module for otter 1.1.4-SNAPSHOT
[[1;34mINFO[m] canal client module for otter 1.1.4-SNAPSHOT
[[1;34mINFO[m] canal prometheus module for otter 1.1.4-SNAPSHOT
[[1;34mINFO[m] canal deployer module for otter 1.1.4-SNAPSHOT
[[1;34mINFO[m] canal example module for otter 1.1.4-SNAPSHOT
[[1;34mINFO[m] canal client adapter module for otter 1.1.4-SNAPSHOT
[[1;34mINFO[m] canal client adapter common module for otter 1.1.4-SNAPSHOT
[[1;34mINFO[m] canal client adapter logger example module for otter 1.1.4-SNAPSHOT
[[1;34mINFO[m] canal client adapter hbase module for otter 1.1.4-SNAPSHOT
[[1;34mINFO[m] canal client adapter elasticsearch module for otter 1.1.4-SNAPSHOT
[[1;34mINFO[m] canal client adapter rdb module for otter 1.1.4-SNAPSHOT
[[1;34mINFO[m] canal client adapter launcher module for otter 1.1.4-SNAPSHOT
[[1;34mINFO[m] canal-admin
[[1;34mINFO[m] canal-admin-ui
[[1;34mINFO[m] canal-admin-server
[[1;34mINFO[m] 
[[1;34mINFO[m] [1m------------------------------------------------------------------------[m
[[1;34mINFO[m] [1mBuilding canal module for otter 1.1.4-SNAPSHOT 1.1.4-SNAPSHOT[m
[[1;34mINFO[m] [1m------------------------------------------------------------------------[m
[[1;34mINFO[m] 
[[1;34mINFO[m] [1m--- [0;32mmaven-clean-plugin:2.5:clean[m [1m(default-clean)[m @ [36mcanal[0;1m ---[m
[[1;34mINFO[m] 
[[1;34mINFO[m] [1m--- [0;32mmaven-enforcer-plugin:1.0:enforce[m [1m(enforce-maven)[m @ [36mcanal[0;1m ---[m
[[1;34mINFO[m] 
[[1;34mINFO[m] [1m--- [0;32mjacoco-maven-plugin:0.8.3:prepare-agent[m [1m(jacoco-initialize)[m @ [36mcanal[0;1m ---[m
[[1;34mINFO[m] jacocoArgLine set to -javaagent:/home/travis/.m2/repository/org/jacoco/org.jacoco.agent/0.8.3/org.jacoco.agent-0.8.3-runtime.jar=destfile=/home/travis/build/failed/alibaba/canal/target/jacoco.exec
[[1;34mINFO[m] 
[[1;34mINFO[m] [1m>>> [0;32mmaven-source-plugin:2.4:jar[m [1m(attach-sources)[0;1m > [0;1mgenerate-sources[m @ [36mcanal[0;1m >>>[m
[[1;34mINFO[m] 
[[1;34mINFO[m] [1m--- [0;32mmaven-enforcer-plugin:1.0:enforce[m [1m(enforce-maven)[m @ [36mcanal[0;1m ---[m
[[1;34mINFO[m] 
[[1;34mINFO[m] [1m--- [0;32mjacoco-maven-plugin:0.8.3:prepare-agent[m [1m(jacoco-initialize)[m @ [36mcanal[0;1m ---[m
[[1;34mINFO[m] jacocoArgLine set to -javaagent:/home/travis/.m2/repository/org/jacoco/org.jacoco.agent/0.8.3/org.jacoco.agent-0.8.3-runtime.jar=destfile=/home/travis/build/failed/alibaba/canal/target/jacoco.exec
[[1;34mINFO[m] 
[[1;34mINFO[m] [1m<<< [0;32mmaven-source-plugin:2.4:jar[m [1m(attach-sources)[0;1m < [0;1mgenerate-sources[m @ [36mcanal[0;1m <<<[m
[[1;34mINFO[m] 
[[1;34mINFO[m] 
[[1;34mINFO[m] [1m--- [0;32mmaven-source-plugin:2.4:jar[m [1m(attach-sources)[m @ [36mcanal[0;1m ---[m
[[1;34mINFO[m] 
[[1;34mINFO[m] [1m--- [0;32mmaven-javadoc-plugin:2.9.1:jar[m [1m(attach-javadocs)[m @ [36mcanal[0;1m ---[m
[[1;34mINFO[m] Skipping javadoc generation
[[1;34mINFO[m] 
[[1;34mINFO[m] [1m--- [0;32mjacoco-maven-plugin:0.8.3:report-aggregate[m [1m(report-aggregate)[m @ [36mcanal[0;1m ---[m
[[1;34mINFO[m] 
[[1;34mINFO[m] [1m--- [0;32mmaven-install-plugin:2.4:install[m [1m(default-install)[m @ [36mcanal[0;1m ---[m
[[1;34mINFO[m] Installing /home/travis/build/failed/alibaba/canal/pom.xml to /home/travis/.m2/repository/com/alibaba/otter/canal/1.1.4-SNAPSHOT/canal-1.1.4-SNAPSHOT.pom
[[1;34mINFO[m] 
[[1;34mINFO[m] [1m------------------------------------------------------------------------[m
[[1;34mINFO[m] [1mBuilding canal common module for otter 1.1.4-SNAPSHOT 1.1.4-SNAPSHOT[m
[[1;34mINFO[m] [1m------------------------------------------------------------------------[m
[[1;34mINFO[m] 
[[1;34mINFO[m] [1m--- [0;32mmaven-clean-plugin:2.5:clean[m [1m(default-clean)[m @ [36mcanal.common[0;1m ---[m
[[1;34mINFO[m] 
[[1;34mINFO[m] [1m--- [0;32mmaven-enforcer-plugin:1.0:enforce[m [1m(enforce-maven)[m @ [36mcanal.common[0;1m ---[m
[[1;34mINFO[m] 
[[1;34mINFO[m] [1m--- [0;32mjacoco-maven-plugin:0.8.3:prepare-agent[m [1m(jacoco-initialize)[m @ [36mcanal.common[0;1m ---[m
[[1;34mINFO[m] jacocoArgLine set to -javaagent:/home/travis/.m2/repository/org/jacoco/org.jacoco.agent/0.8.3/org.jacoco.agent-0.8.3-runtime.jar=destfile=/home/travis/build/failed/alibaba/canal/common/target/jacoco.exec
[[1;34mINFO[m] 
[[1;34mINFO[m] [1m--- [0;32mmaven-resources-plugin:2.6:resources[m [1m(default-resources)[m @ [36mcanal.common[0;1m ---[m
[[1;34mINFO[m] Using 'UTF-8' encoding to copy filtered resources.
[[1;34mINFO[m] skip non existing resourceDirectory /home/travis/build/failed/alibaba/canal/common/src/main/resources
[[1;34mINFO[m] 
[[1;34mINFO[m] [1m--- [0;32mmaven-compiler-plugin:3.7.0:compile[m [1m(default-compile)[m @ [36mcanal.common[0;1m ---[m
[[1;34mINFO[m] Changes detected - recompiling the module!
[[1;34mINFO[m] Compiling 23 source files to /home/travis/build/failed/alibaba/canal/common/target/classes
[[1;34mINFO[m] /home/travis/build/failed/alibaba/canal/common/src/main/java/com/alibaba/otter/canal/common/utils/UriUtils.java: Some input files use unchecked or unsafe operations.
[[1;34mINFO[m] /home/travis/build/failed/alibaba/canal/common/src/main/java/com/alibaba/otter/canal/common/utils/UriUtils.java: Recompile with -Xlint:unchecked for details.
[[1;34mINFO[m] 
[[1;34mINFO[m] [1m--- [0;32mmaven-resources-plugin:2.6:testResources[m [1m(default-testResources)[m @ [36mcanal.common[0;1m ---[m
[[1;34mINFO[m] Using 'UTF-8' encoding to copy filtered resources.
[[1;34mINFO[m] skip non existing resourceDirectory /home/travis/build/failed/alibaba/canal/common/src/test/resources
[[1;34mINFO[m] 
[[1;34mINFO[m] [1m--- [0;32mmaven-compiler-plugin:3.7.0:testCompile[m [1m(default-testCompile)[m @ [36mcanal.common[0;1m ---[m
[[1;34mINFO[m] Changes detected - recompiling the module!
[[1;34mINFO[m] Compiling 2 source files to /home/travis/build/failed/alibaba/canal/common/target/test-classes
[[1;34mINFO[m] 
[[1;34mINFO[m] [1m--- [0;32mmaven-surefire-plugin:2.22.1:test[m [1m(default-test)[m @ [36mcanal.common[0;1m ---[m
[[1;34mINFO[m] 
[[1;34mINFO[m] -------------------------------------------------------
[[1;34mINFO[m]  T E S T S
[[1;34mINFO[m] -------------------------------------------------------
[[1;34mINFO[m] Running com.alibaba.otter.canal.common.[1mServerRunningTest[m
[[1;33mWARNING[m] [1;33mTests [0;1mrun: [0;1m1[m, Failures: 0, Errors: 0, [1;33mSkipped: [0;1;33m1[m, Time elapsed: 0.006 s - in com.alibaba.otter.canal.common.[1mServerRunningTest[m
[[1;34mINFO[m] 
[[1;34mINFO[m] Results:
[[1;34mINFO[m] 
[[1;33mWARNING[m] [1;33mTests run: 1, Failures: 0, Errors: 0, Skipped: 1[m
[[1;34mINFO[m] 
[[1;34mINFO[m] 
[[1;34mINFO[m] [1m--- [0;32mmaven-jar-plugin:3.0.2:jar[m [1m(default-jar)[m @ [36mcanal.common[0;1m ---[m
[[1;34mINFO[m] Building jar: /home/travis/build/failed/alibaba/canal/common/target/canal.common-1.1.4-SNAPSHOT.jar
[[1;34mINFO[m] 
[[1;34mINFO[m] [1m>>> [0;32mmaven-source-plugin:2.4:jar[m [1m(attach-sources)[0;1m > [0;1mgenerate-sources[m @ [36mcanal.common[0;1m >>>[m
[[1;34mINFO[m] 
[[1;34mINFO[m] [1m--- [0;32mmaven-enforcer-plugin:1.0:enforce[m [1m(enforce-maven)[m @ [36mcanal.common[0;1m ---[m
[[1;34mINFO[m] 
[[1;34mINFO[m] [1m--- [0;32mjacoco-maven-plugin:0.8.3:prepare-agent[m [1m(jacoco-initialize)[m @ [36mcanal.common[0;1m ---[m
[[1;34mINFO[m] jacocoArgLine set to -javaagent:/home/travis/.m2/repository/org/jacoco/org.jacoco.agent/0.8.3/org.jacoco.agent-0.8.3-runtime.jar=destfile=/home/travis/build/failed/alibaba/canal/common/target/jacoco.exec
[[1;34mINFO[m] 
[[1;34mINFO[m] [1m<<< [0;32mmaven-source-plugin:2.4:jar[m [1m(attach-sources)[0;1m < [0;1mgenerate-sources[m @ [36mcanal.common[0;1m <<<[m
[[1;34mINFO[m] 
[[1;34mINFO[m] 
[[1;34mINFO[m] [1m--- [0;32mmaven-source-plugin:2.4:jar[m [1m(attach-sources)[m @ [36mcanal.common[0;1m ---[m
[[1;34mINFO[m] Building jar: /home/travis/build/failed/alibaba/canal/common/target/canal.common-1.1.4-SNAPSHOT-sources.jar
[[1;34mINFO[m] 
[[1;34mINFO[m] [1m--- [0;32mmaven-javadoc-plugin:2.9.1:jar[m [1m(attach-javadocs)[m @ [36mcanal.common[0;1m ---[m
[[1;34mINFO[m] Skipping javadoc generation
[[1;34mINFO[m] 
[[1;34mINFO[m] [1m--- [0;32mjacoco-maven-plugin:0.8.3:report-aggregate[m [1m(report-aggregate)[m @ [36mcanal.common[0;1m ---[m
[[1;34mINFO[m] Loading execution data file /home/travis/build/failed/alibaba/canal/common/target/jacoco.exec
[[1;34mINFO[m] 
[[1;34mINFO[m] [1m--- [0;32mmaven-install-plugin:2.4:install[m [1m(default-install)[m @ [36mcanal.common[0;1m ---[m
[[1;34mINFO[m] Installing /home/travis/build/failed/alibaba/canal/common/target/canal.common-1.1.4-SNAPSHOT.jar to /home/travis/.m2/repository/com/alibaba/otter/canal.common/1.1.4-SNAPSHOT/canal.common-1.1.4-SNAPSHOT.jar
[[1;34mINFO[m] Installing /home/travis/build/failed/alibaba/canal/common/pom.xml to /home/travis/.m2/repository/com/alibaba/otter/canal.common/1.1.4-SNAPSHOT/canal.common-1.1.4-SNAPSHOT.pom
[[1;34mINFO[m] Installing /home/travis/build/failed/alibaba/canal/common/target/canal.common-1.1.4-SNAPSHOT-sources.jar to /home/travis/.m2/repository/com/alibaba/otter/canal.common/1.1.4-SNAPSHOT/canal.common-1.1.4-SNAPSHOT-sources.jar
[[1;34mINFO[m] 
[[1;34mINFO[m] [1m------------------------------------------------------------------------[m
[[1;34mINFO[m] [1mBuilding canal protocol module for otter 1.1.4-SNAPSHOT 1.1.4-SNAPSHOT[m
[[1;34mINFO[m] [1m------------------------------------------------------------------------[m
[[1;34mINFO[m] 
[[1;34mINFO[m] [1m--- [0;32mmaven-clean-plugin:2.5:clean[m [1m(default-clean)[m @ [36mcanal.protocol[0;1m ---[m
[[1;34mINFO[m] 
[[1;34mINFO[m] [1m--- [0;32mmaven-enforcer-plugin:1.0:enforce[m [1m(enforce-maven)[m @ [36mcanal.protocol[0;1m ---[m
[[1;34mINFO[m] 
[[1;34mINFO[m] [1m--- [0;32mjacoco-maven-plugin:0.8.3:prepare-agent[m [1m(jacoco-initialize)[m @ [36mcanal.protocol[0;1m ---[m
[[1;34mINFO[m] jacocoArgLine set to -javaagent:/home/travis/.m2/repository/org/jacoco/org.jacoco.agent/0.8.3/org.jacoco.agent-0.8.3-runtime.jar=destfile=/home/travis/build/failed/alibaba/canal/protocol/target/jacoco.exec
[[1;34mINFO[m] 
[[1;34mINFO[m] [1m--- [0;32mmaven-resources-plugin:2.6:resources[m [1m(default-resources)[m @ [36mcanal.protocol[0;1m ---[m
[[1;34mINFO[m] Using 'UTF-8' encoding to copy filtered resources.
[[1;34mINFO[m] skip non existing resourceDirectory /home/travis/build/failed/alibaba/canal/protocol/src/main/resources
[[1;34mINFO[m] 
[[1;34mINFO[m] [1m--- [0;32mmaven-compiler-plugin:3.7.0:compile[m [1m(default-compile)[m @ [36mcanal.protocol[0;1m ---[m
[[1;34mINFO[m] Changes detected - recompiling the module!
[[1;34mINFO[m] Compiling 15 source files to /home/travis/build/failed/alibaba/canal/protocol/target/classes
[[1;34mINFO[m] /home/travis/build/failed/alibaba/canal/protocol/src/main/java/com/alibaba/otter/canal/protocol/Message.java: /home/travis/build/failed/alibaba/canal/protocol/src/main/java/com/alibaba/otter/canal/protocol/Message.java uses unchecked or unsafe operations.
[[1;34mINFO[m] /home/travis/build/failed/alibaba/canal/protocol/src/main/java/com/alibaba/otter/canal/protocol/Message.java: Recompile with -Xlint:unchecked for details.
[[1;34mINFO[m] 
[[1;34mINFO[m] [1m--- [0;32mmaven-resources-plugin:2.6:testResources[m [1m(default-testResources)[m @ [36mcanal.protocol[0;1m ---[m
[[1;34mINFO[m] Using 'UTF-8' encoding to copy filtered resources.
[[1;34mINFO[m] skip non existing resourceDirectory /home/travis/build/failed/alibaba/canal/protocol/src/test/resources
[[1;34mINFO[m] 
[[1;34mINFO[m] [1m--- [0;32mmaven-compiler-plugin:3.7.0:testCompile[m [1m(default-testCompile)[m @ [36mcanal.protocol[0;1m ---[m
[[1;34mINFO[m] No sources to compile
[[1;34mINFO[m] 
[[1;34mINFO[m] [1m--- [0;32mmaven-surefire-plugin:2.22.1:test[m [1m(default-test)[m @ [36mcanal.protocol[0;1m ---[m
[[1;34mINFO[m] No tests to run.
[[1;34mINFO[m] 
[[1;34mINFO[m] [1m--- [0;32mmaven-jar-plugin:3.0.2:jar[m [1m(default-jar)[m @ [36mcanal.protocol[0;1m ---[m
[[1;34mINFO[m] Building jar: /home/travis/build/failed/alibaba/canal/protocol/target/canal.protocol-1.1.4-SNAPSHOT.jar
[[1;34mINFO[m] 
[[1;34mINFO[m] [1m>>> [0;32mmaven-source-plugin:2.4:jar[m [1m(attach-sources)[0;1m > [0;1mgenerate-sources[m @ [36mcanal.protocol[0;1m >>>[m
[[1;34mINFO[m] 
[[1;34mINFO[m] [1m--- [0;32mmaven-enforcer-plugin:1.0:enforce[m [1m(enforce-maven)[m @ [36mcanal.protocol[0;1m ---[m
[[1;34mINFO[m] 
[[1;34mINFO[m] [1m--- [0;32mjacoco-maven-plugin:0.8.3:prepare-agent[m [1m(jacoco-initialize)[m @ [36mcanal.protocol[0;1m ---[m
[[1;34mINFO[m] jacocoArgLine set to -javaagent:/home/travis/.m2/repository/org/jacoco/org.jacoco.agent/0.8.3/org.jacoco.agent-0.8.3-runtime.jar=destfile=/home/travis/build/failed/alibaba/canal/protocol/target/jacoco.exec
[[1;34mINFO[m] 
[[1;34mINFO[m] [1m<<< [0;32mmaven-source-plugin:2.4:jar[m [1m(attach-sources)[0;1m < [0;1mgenerate-sources[m @ [36mcanal.protocol[0;1m <<<[m
[[1;34mINFO[m] 
[[1;34mINFO[m] 
[[1;34mINFO[m] [1m--- [0;32mmaven-source-plugin:2.4:jar[m [1m(attach-sources)[m @ [36mcanal.protocol[0;1m ---[m
[[1;34mINFO[m] Building jar: /home/travis/build/failed/alibaba/canal/protocol/target/canal.protocol-1.1.4-SNAPSHOT-sources.jar
[[1;34mINFO[m] 
[[1;34mINFO[m] [1m--- [0;32mmaven-javadoc-plugin:2.9.1:jar[m [1m(attach-javadocs)[m @ [36mcanal.protocol[0;1m ---[m
[[1;34mINFO[m] Skipping javadoc generation
[[1;34mINFO[m] 
[[1;34mINFO[m] [1m--- [0;32mjacoco-maven-plugin:0.8.3:report-aggregate[m [1m(report-aggregate)[m @ [36mcanal.protocol[0;1m ---[m
[[1;34mINFO[m] Loading execution data file /home/travis/build/failed/alibaba/canal/common/target/jacoco.exec
[[1;34mINFO[m] Analyzed bundle 'canal.common' with 28 classes
[[1;34mINFO[m] 
[[1;34mINFO[m] [1m--- [0;32mmaven-install-plugin:2.4:install[m [1m(default-install)[m @ [36mcanal.protocol[0;1m ---[m
[[1;34mINFO[m] Installing /home/travis/build/failed/alibaba/canal/protocol/target/canal.protocol-1.1.4-SNAPSHOT.jar to /home/travis/.m2/repository/com/alibaba/otter/canal.protocol/1.1.4-SNAPSHOT/canal.protocol-1.1.4-SNAPSHOT.jar
[[1;34mINFO[m] Installing /home/travis/build/failed/alibaba/canal/protocol/pom.xml to /home/travis/.m2/repository/com/alibaba/otter/canal.protocol/1.1.4-SNAPSHOT/canal.protocol-1.1.4-SNAPSHOT.pom
[[1;34mINFO[m] Installing /home/travis/build/failed/alibaba/canal/protocol/target/canal.protocol-1.1.4-SNAPSHOT-sources.jar to /home/travis/.m2/repository/com/alibaba/otter/canal.protocol/1.1.4-SNAPSHOT/canal.protocol-1.1.4-SNAPSHOT-sources.jar
[[1;34mINFO[m] 
[[1;34mINFO[m] [1m------------------------------------------------------------------------[m
[[1;34mINFO[m] [1mBuilding canal meta module for otter 1.1.4-SNAPSHOT 1.1.4-SNAPSHOT[m
[[1;34mINFO[m] [1m------------------------------------------------------------------------[m
[[1;34mINFO[m] 
[[1;34mINFO[m] [1m--- [0;32mmaven-clean-plugin:2.5:clean[m [1m(default-clean)[m @ [36mcanal.meta[0;1m ---[m
[[1;34mINFO[m] 
[[1;34mINFO[m] [1m--- [0;32mmaven-enforcer-plugin:1.0:enforce[m [1m(enforce-maven)[m @ [36mcanal.meta[0;1m ---[m
[[1;34mINFO[m] 
[[1;34mINFO[m] [1m--- [0;32mjacoco-maven-plugin:0.8.3:prepare-agent[m [1m(jacoco-initialize)[m @ [36mcanal.meta[0;1m ---[m
[[1;34mINFO[m] jacocoArgLine set to -javaagent:/home/travis/.m2/repository/org/jacoco/org.jacoco.agent/0.8.3/org.jacoco.agent-0.8.3-runtime.jar=destfile=/home/travis/build/failed/alibaba/canal/meta/target/jacoco.exec
[[1;34mINFO[m] 
[[1;34mINFO[m] [1m--- [0;32mmaven-resources-plugin:2.6:resources[m [1m(default-resources)[m @ [36mcanal.meta[0;1m ---[m
[[1;34mINFO[m] Using 'UTF-8' encoding to copy filtered resources.
[[1;34mINFO[m] skip non existing resourceDirectory /home/travis/build/failed/alibaba/canal/meta/src/main/resources
[[1;34mINFO[m] 
[[1;34mINFO[m] [1m--- [0;32mmaven-compiler-plugin:3.7.0:compile[m [1m(default-compile)[m @ [36mcanal.meta[0;1m ---[m
[[1;34mINFO[m] Changes detected - recompiling the module!
[[1;34mINFO[m] Compiling 7 source files to /home/travis/build/failed/alibaba/canal/meta/target/classes
[[1;34mINFO[m] 
[[1;34mINFO[m] [1m--- [0;32mmaven-resources-plugin:2.6:testResources[m [1m(default-testResources)[m @ [36mcanal.meta[0;1m ---[m
[[1;34mINFO[m] Using 'UTF-8' encoding to copy filtered resources.
[[1;34mINFO[m] skip non existing resourceDirectory /home/travis/build/failed/alibaba/canal/meta/src/test/resources
[[1;34mINFO[m] 
[[1;34mINFO[m] [1m--- [0;32mmaven-compiler-plugin:3.7.0:testCompile[m [1m(default-testCompile)[m @ [36mcanal.meta[0;1m ---[m
[[1;34mINFO[m] Changes detected - recompiling the module!
[[1;34mINFO[m] Compiling 7 source files to /home/travis/build/failed/alibaba/canal/meta/target/test-classes
[[1;34mINFO[m] 
[[1;34mINFO[m] [1m--- [0;32mmaven-surefire-plugin:2.22.1:test[m [1m(default-test)[m @ [36mcanal.meta[0;1m ---[m
[[1;34mINFO[m] 
[[1;34mINFO[m] -------------------------------------------------------
[[1;34mINFO[m]  T E S T S
[[1;34mINFO[m] -------------------------------------------------------
[[1;34mINFO[m] Running com.alibaba.otter.canal.meta.[1mAbstractMetaManagerTest[m
[[1;33mWARNING[m] [1;33mTests [0;1mrun: [0;1m1[m, Failures: 0, Errors: 0, [1;33mSkipped: [0;1;33m1[m, Time elapsed: 0.027 s - in com.alibaba.otter.canal.meta.[1mAbstractMetaManagerTest[m
[[1;34mINFO[m] Running com.alibaba.otter.canal.meta.[1mMixedMetaManagerTest[m
[[1;33mWARNING[m] [1;33mTests [0;1mrun: [0;1m1[m, Failures: 0, Errors: 0, [1;33mSkipped: [0;1;33m1[m, Time elapsed: 0 s - in com.alibaba.otter.canal.meta.[1mMixedMetaManagerTest[m
[[1;34mINFO[m] Running com.alibaba.otter.canal.meta.[1mPeriodMixedMetaManagerTest[m
[[1;33mWARNING[m] [1;33mTests [0;1mrun: [0;1m1[m, Failures: 0, Errors: 0, [1;33mSkipped: [0;1;33m1[m, Time elapsed: 0 s - in com.alibaba.otter.canal.meta.[1mPeriodMixedMetaManagerTest[m
[[1;34mINFO[m] Running com.alibaba.otter.canal.meta.[1mZooKeeperMetaManagerTest[m
[[1;33mWARNING[m] [1;33mTests [0;1mrun: [0;1m1[m, Failures: 0, Errors: 0, [1;33mSkipped: [0;1;33m1[m, Time elapsed: 0.001 s - in com.alibaba.otter.canal.meta.[1mZooKeeperMetaManagerTest[m
[[1;34mINFO[m] Running com.alibaba.otter.canal.meta.[1mMemoryMetaManagerTest[m
[[1;33mWARNING[m] [1;33mTests [0;1mrun: [0;1m1[m, Failures: 0, Errors: 0, [1;33mSkipped: [0;1;33m1[m, Time elapsed: 0 s - in com.alibaba.otter.canal.meta.[1mMemoryMetaManagerTest[m
[[1;34mINFO[m] Running com.alibaba.otter.canal.meta.[1mFileMixedMetaManagerTest[m
[[1;33mWARNING[m] [1;33mTests [0;1mrun: [0;1m1[m, Failures: 0, Errors: 0, [1;33mSkipped: [0;1;33m1[m, Time elapsed: 0 s - in com.alibaba.otter.canal.meta.[1mFileMixedMetaManagerTest[m
[[1;34mINFO[m] 
[[1;34mINFO[m] Results:
[[1;34mINFO[m] 
[[1;33mWARNING[m] [1;33mTests run: 6, Failures: 0, Errors: 0, Skipped: 6[m
[[1;34mINFO[m] 
[[1;34mINFO[m] 
[[1;34mINFO[m] [1m--- [0;32mmaven-jar-plugin:3.0.2:jar[m [1m(default-jar)[m @ [36mcanal.meta[0;1m ---[m
[[1;34mINFO[m] Building jar: /home/travis/build/failed/alibaba/canal/meta/target/canal.meta-1.1.4-SNAPSHOT.jar
[[1;34mINFO[m] 
[[1;34mINFO[m] [1m>>> [0;32mmaven-source-plugin:2.4:jar[m [1m(attach-sources)[0;1m > [0;1mgenerate-sources[m @ [36mcanal.meta[0;1m >>>[m
[[1;34mINFO[m] 
[[1;34mINFO[m] [1m--- [0;32mmaven-enforcer-plugin:1.0:enforce[m [1m(enforce-maven)[m @ [36mcanal.meta[0;1m ---[m
[[1;34mINFO[m] 
[[1;34mINFO[m] [1m--- [0;32mjacoco-maven-plugin:0.8.3:prepare-agent[m [1m(jacoco-initialize)[m @ [36mcanal.meta[0;1m ---[m
[[1;34mINFO[m] jacocoArgLine set to -javaagent:/home/travis/.m2/repository/org/jacoco/org.jacoco.agent/0.8.3/org.jacoco.agent-0.8.3-runtime.jar=destfile=/home/travis/build/failed/alibaba/canal/meta/target/jacoco.exec
[[1;34mINFO[m] 
[[1;34mINFO[m] [1m<<< [0;32mmaven-source-plugin:2.4:jar[m [1m(attach-sources)[0;1m < [0;1mgenerate-sources[m @ [36mcanal.meta[0;1m <<<[m
[[1;34mINFO[m] 
[[1;34mINFO[m] 
[[1;34mINFO[m] [1m--- [0;32mmaven-source-plugin:2.4:jar[m [1m(attach-sources)[m @ [36mcanal.meta[0;1m ---[m
[[1;34mINFO[m] Building jar: /home/travis/build/failed/alibaba/canal/meta/target/canal.meta-1.1.4-SNAPSHOT-sources.jar
[[1;34mINFO[m] 
[[1;34mINFO[m] [1m--- [0;32mmaven-javadoc-plugin:2.9.1:jar[m [1m(attach-javadocs)[m @ [36mcanal.meta[0;1m ---[m
[[1;34mINFO[m] Skipping javadoc generation
[[1;34mINFO[m] 
[[1;34mINFO[m] [1m--- [0;32mjacoco-maven-plugin:0.8.3:report-aggregate[m [1m(report-aggregate)[m @ [36mcanal.meta[0;1m ---[m
[[1;34mINFO[m] Loading execution data file /home/travis/build/failed/alibaba/canal/meta/target/jacoco.exec
[[1;34mINFO[m] Loading execution data file /home/travis/build/failed/alibaba/canal/common/target/jacoco.exec
[[1;34mINFO[m] Analyzed bundle 'canal.common' with 28 classes
[[1;34mINFO[m] Analyzed bundle 'canal.protocol' with 131 classes
[[1;34mINFO[m] 
[[1;34mINFO[m] [1m--- [0;32mmaven-install-plugin:2.4:install[m [1m(default-install)[m @ [36mcanal.meta[0;1m ---[m
[[1;34mINFO[m] Installing /home/travis/build/failed/alibaba/canal/meta/target/canal.meta-1.1.4-SNAPSHOT.jar to /home/travis/.m2/repository/com/alibaba/otter/canal.meta/1.1.4-SNAPSHOT/canal.meta-1.1.4-SNAPSHOT.jar
[[1;34mINFO[m] Installing /home/travis/build/failed/alibaba/canal/meta/pom.xml to /home/travis/.m2/repository/com/alibaba/otter/canal.meta/1.1.4-SNAPSHOT/canal.meta-1.1.4-SNAPSHOT.pom
[[1;34mINFO[m] Installing /home/travis/build/failed/alibaba/canal/meta/target/canal.meta-1.1.4-SNAPSHOT-sources.jar to /home/travis/.m2/repository/com/alibaba/otter/canal.meta/1.1.4-SNAPSHOT/canal.meta-1.1.4-SNAPSHOT-sources.jar
[[1;34mINFO[m] 
[[1;34mINFO[m] [1m------------------------------------------------------------------------[m
[[1;34mINFO[m] [1mBuilding canal driver module for otter 1.1.4-SNAPSHOT 1.1.4-SNAPSHOT[m
[[1;34mINFO[m] [1m------------------------------------------------------------------------[m
[[1;34mINFO[m] 
[[1;34mINFO[m] [1m--- [0;32mmaven-clean-plugin:2.5:clean[m [1m(default-clean)[m @ [36mcanal.parse.driver[0;1m ---[m
[[1;34mINFO[m] 
[[1;34mINFO[m] [1m--- [0;32mmaven-enforcer-plugin:1.0:enforce[m [1m(enforce-maven)[m @ [36mcanal.parse.driver[0;1m ---[m
[[1;34mINFO[m] 
[[1;34mINFO[m] [1m--- [0;32mjacoco-maven-plugin:0.8.3:prepare-agent[m [1m(jacoco-initialize)[m @ [36mcanal.parse.driver[0;1m ---[m
[[1;34mINFO[m] jacocoArgLine set to -javaagent:/home/travis/.m2/repository/org/jacoco/org.jacoco.agent/0.8.3/org.jacoco.agent-0.8.3-runtime.jar=destfile=/home/travis/build/failed/alibaba/canal/driver/target/jacoco.exec
[[1;34mINFO[m] 
[[1;34mINFO[m] [1m--- [0;32mmaven-resources-plugin:2.6:resources[m [1m(default-resources)[m @ [36mcanal.parse.driver[0;1m ---[m
[[1;34mINFO[m] Using 'UTF-8' encoding to copy filtered resources.
[[1;34mINFO[m] skip non existing resourceDirectory /home/travis/build/failed/alibaba/canal/driver/src/main/resources
[[1;34mINFO[m] 
[[1;34mINFO[m] [1m--- [0;32mmaven-compiler-plugin:3.7.0:compile[m [1m(default-compile)[m @ [36mcanal.parse.driver[0;1m ---[m
[[1;34mINFO[m] Changes detected - recompiling the module!
[[1;34mINFO[m] Compiling 45 source files to /home/travis/build/failed/alibaba/canal/driver/target/classes
[[1;34mINFO[m] 
[[1;34mINFO[m] [1m--- [0;32mmaven-resources-plugin:2.6:testResources[m [1m(default-testResources)[m @ [36mcanal.parse.driver[0;1m ---[m
[[1;34mINFO[m] Using 'UTF-8' encoding to copy filtered resources.
[[1;34mINFO[m] skip non existing resourceDirectory /home/travis/build/failed/alibaba/canal/driver/src/test/resources
[[1;34mINFO[m] 
[[1;34mINFO[m] [1m--- [0;32mmaven-compiler-plugin:3.7.0:testCompile[m [1m(default-testCompile)[m @ [36mcanal.parse.driver[0;1m ---[m
[[1;34mINFO[m] Changes detected - recompiling the module!
[[1;34mINFO[m] Compiling 6 source files to /home/travis/build/failed/alibaba/canal/driver/target/test-classes
[[1;34mINFO[m] 
[[1;34mINFO[m] [1m--- [0;32mmaven-surefire-plugin:2.22.1:test[m [1m(default-test)[m @ [36mcanal.parse.driver[0;1m ---[m
[[1;34mINFO[m] 
[[1;34mINFO[m] -------------------------------------------------------
[[1;34mINFO[m]  T E S T S
[[1;34mINFO[m] -------------------------------------------------------
[[1;34mINFO[m] Running com.alibaba.otter.canal.parse.driver.mysql.[1mMysqlConnectorTest[m
13:57:07.181 [main] INFO  c.a.o.c.p.d.mysql.MysqlConnector - disConnect MysqlConnection to /127.0.0.1:3306...
13:57:07.189 [main] INFO  c.a.o.c.p.d.mysql.MysqlConnector - the channel /127.0.0.1:3306 is not connected
[[1;31mERROR[m] [1;31mTests [0;1mrun: [0;1m1[m, [1;31mFailures: [0;1;31m1[m, Errors: 0, Skipped: 0, Time elapsed: 0.635 s[1;31m <<< FAILURE![m - in com.alibaba.otter.canal.parse.driver.mysql.[1mMysqlConnectorTest[m
[[1;31mERROR[m] testQuery(com.alibaba.otter.canal.parse.driver.mysql.MysqlConnectorTest)  Time elapsed: 0.572 s  <<< FAILURE!
java.lang.AssertionError: connect /127.0.0.1:3306 failure
	at com.alibaba.otter.canal.parse.driver.mysql.MysqlConnectorTest.testQuery(MysqlConnectorTest.java:25)

[[1;34mINFO[m] Running com.alibaba.otter.canal.parse.driver.mysql.[1mUUIDSetTest[m
[[1;34mINFO[m] [1;32mTests run: [0;1;32m1[m, Failures: 0, Errors: 0, Skipped: 0, Time elapsed: 0.001 s - in com.alibaba.otter.canal.parse.driver.mysql.[1mUUIDSetTest[m
[[1;34mINFO[m] Running com.alibaba.otter.canal.parse.driver.mysql.[1mMysqlGTIDSetTest[m
[[1;34mINFO[m] [1;32mTests run: [0;1;32m2[m, Failures: 0, Errors: 0, Skipped: 0, Time elapsed: 0.001 s - in com.alibaba.otter.canal.parse.driver.mysql.[1mMysqlGTIDSetTest[m
[[1;34mINFO[m] Running com.alibaba.otter.canal.parse.driver.mysql.utils.[1mMySQLPasswordEncrypterTest[m
[[1;34mINFO[m] [1;32mTests run: [0;1;32m3[m, Failures: 0, Errors: 0, Skipped: 0, Time elapsed: 0.012 s - in com.alibaba.otter.canal.parse.driver.mysql.utils.[1mMySQLPasswordEncrypterTest[m
[[1;34mINFO[m] Running com.alibaba.otter.canal.parse.driver.mysql.utils.[1mByteHelperTest[m
[[1;34mINFO[m] [1;32mTests run: [0;1;32m20[m, Failures: 0, Errors: 0, Skipped: 0, Time elapsed: 0.097 s - in com.alibaba.otter.canal.parse.driver.mysql.utils.[1mByteHelperTest[m
[[1;34mINFO[m] Running com.alibaba.otter.canal.parse.driver.mysql.[1mCharsetUtilTest[m
[[1;34mINFO[m] [1;32mTests run: [0;1;32m6[m, Failures: 0, Errors: 0, Skipped: 0, Time elapsed: 0.004 s - in com.alibaba.otter.canal.parse.driver.mysql.[1mCharsetUtilTest[m
[[1;34mINFO[m] 
[[1;34mINFO[m] Results:
[[1;34mINFO[m] 
[[1;31mERROR[m] [1;31mFailures: [m
[[1;31mERROR[m] [1;31m  MysqlConnectorTest.testQuery:25 connect /127.0.0.1:3306 failure[m
[[1;34mINFO[m] 
[[1;31mERROR[m] [1;31mTests run: 33, Failures: 1, Errors: 0, Skipped: 0[m
[[1;34mINFO[m] 
[[1;34mINFO[m] [1m------------------------------------------------------------------------[m
[[1;34mINFO[m] [1mReactor Summary:[m
[[1;34mINFO[m] 
[[1;34mINFO[m] canal module for otter 1.1.4-SNAPSHOT .............. [1;32mSUCCESS[m [ 36.772 s]
[[1;34mINFO[m] canal common module for otter 1.1.4-SNAPSHOT ....... [1;32mSUCCESS[m [  5.439 s]
[[1;34mINFO[m] canal protocol module for otter 1.1.4-SNAPSHOT ..... [1;32mSUCCESS[m [  7.493 s]
[[1;34mINFO[m] canal meta module for otter 1.1.4-SNAPSHOT ......... [1;32mSUCCESS[m [  6.341 s]
[[1;34mINFO[m] canal driver module for otter 1.1.4-SNAPSHOT ....... [1;31mFAILURE[m [  5.061 s]
[[1;34mINFO[m] canal dbsync module for otter 1.1.4-SNAPSHOT ....... [1;33mSKIPPED[m
[[1;34mINFO[m] canal sink module for otter 1.1.4-SNAPSHOT ......... [1;33mSKIPPED[m
[[1;34mINFO[m] canal store module for otter 1.1.4-SNAPSHOT ........ [1;33mSKIPPED[m
[[1;34mINFO[m] canal sink module for otter 1.1.4-SNAPSHOT ......... [1;33mSKIPPED[m
[[1;34mINFO[m] canal parse module for otter 1.1.4-SNAPSHOT ........ [1;33mSKIPPED[m
[[1;34mINFO[m] canal instance core module for otter 1.1.4-SNAPSHOT  [1;33mSKIPPED[m
[[1;34mINFO[m] canal instance spring module for otter 1.1.4-SNAPSHOT [1;33mSKIPPED[m
[[1;34mINFO[m] canal instance manager module for otter 1.1.4-SNAPSHOT [1;33mSKIPPED[m
[[1;34mINFO[m] canal instance module for otter 1.1.4-SNAPSHOT ..... [1;33mSKIPPED[m
[[1;34mINFO[m] canal server module for otter 1.1.4-SNAPSHOT ....... [1;33mSKIPPED[m
[[1;34mINFO[m] canal client module for otter 1.1.4-SNAPSHOT ....... [1;33mSKIPPED[m
[[1;34mINFO[m] canal prometheus module for otter 1.1.4-SNAPSHOT ... [1;33mSKIPPED[m
[[1;34mINFO[m] canal deployer module for otter 1.1.4-SNAPSHOT ..... [1;33mSKIPPED[m
[[1;34mINFO[m] canal example module for otter 1.1.4-SNAPSHOT ...... [1;33mSKIPPED[m
[[1;34mINFO[m] canal client adapter module for otter 1.1.4-SNAPSHOT [1;33mSKIPPED[m
[[1;34mINFO[m] canal client adapter common module for otter 1.1.4-SNAPSHOT [1;33mSKIPPED[m
[[1;34mINFO[m] canal client adapter logger example module for otter 1.1.4-SNAPSHOT [1;33mSKIPPED[m
[[1;34mINFO[m] canal client adapter hbase module for otter 1.1.4-SNAPSHOT [1;33mSKIPPED[m
[[1;34mINFO[m] canal client adapter elasticsearch module for otter 1.1.4-SNAPSHOT [1;33mSKIPPED[m
[[1;34mINFO[m] canal client adapter rdb module for otter 1.1.4-SNAPSHOT [1;33mSKIPPED[m
[[1;34mINFO[m] canal client adapter launcher module for otter 1.1.4-SNAPSHOT [1;33mSKIPPED[m
[[1;34mINFO[m] canal-admin ........................................ [1;33mSKIPPED[m
[[1;34mINFO[m] canal-admin-ui ..................................... [1;33mSKIPPED[m
[[1;34mINFO[m] canal-admin-server ................................. [1;33mSKIPPED[m
[[1;34mINFO[m] [1m------------------------------------------------------------------------[m
[[1;34mINFO[m] [1;31mBUILD FAILURE[m
[[1;34mINFO[m] [1m------------------------------------------------------------------------[m
[[1;34mINFO[m] Total time: 01:05 min
[[1;34mINFO[m] Finished at: 2022-02-12T13:57:07Z
[[1;34mINFO[m] Final Memory: 54M/747M
[[1;34mINFO[m] [1m------------------------------------------------------------------------[m
[[1;31mERROR[m] Failed to execute goal [32morg.apache.maven.plugins:maven-surefire-plugin:2.22.1:test[m [1m(default-test)[m on project [36mcanal.parse.driver[m: [1;31mThere are test failures.[m
[[1;31mERROR[m] [1;31m[m
[[1;31mERROR[m] [1;31mPlease refer to /home/travis/build/failed/alibaba/canal/driver/target/surefire-reports for the individual test results.[m
[[1;31mERROR[m] [1;31mPlease refer to dump files (if any exist) [date].dump, [date]-jvmRun[N].dump and [date].dumpstream.[m
[[1;31mERROR[m] -> [1m[Help 1][m
[[1;31mERROR[m] 
[[1;31mERROR[m] To see the full stack trace of the errors, re-run Maven with the [1m-e[m switch.
[[1;31mERROR[m] Re-run Maven using the [1m-X[m switch to enable full debug logging.
[[1;31mERROR[m] 
[[1;31mERROR[m] For more information about the errors and possible solutions, please read the following articles:
[[1;31mERROR[m] [1m[Help 1][m http://cwiki.apache.org/confluence/display/MAVEN/MojoFailureException
[[1;31mERROR[m] 
[[1;31mERROR[m] After correcting the problems, you can resume the build with the command
[[1;31mERROR[m]   [1mmvn <goals> -rf :canal.parse.driver[m
/home/travis/.travis/functions: line 607:  2571 Terminated              travis_jigger "${!}" "${timeout}" "${cmd[@]}"
travis_time:end:1eeb1fee:start=1644674160332750292,finish=1644674228162189229,duration=67829438937,event=script[0K[31;1mThe command "travis_wait 30 ./mvnw clean install -DskipTests=false -Dcheckstyle.skip=true -Dmaven.javadoc.skip=true" exited with 1.[0m
travis_fold:start:cache.2[0Kstore build cache
travis_time:start:010b7192[0Ktravis_time:end:010b7192:start=1644674228169110978,finish=1644674228173598874,duration=4487896,event=cache[0Ktravis_time:start:09224184[0K[32;1mchanges detected, packing new archive[0m
[32;1muploading /[0m
[31;1mfailed to upload cache[0m
travis_time:end:09224184:start=1644674228179937701,finish=1644674240025981723,duration=11846044022,event=cache[0Ktravis_fold:end:cache.2[0K
travis_fold:start:after_failure[0Ktravis_time:start:2c2bead4[0K$ if [ -f canal.log ]; then echo "------TAIL of canal.log------"; tail -n 1000 canal.log; echo "------END of canal.log------"; fi
travis_time:end:2c2bead4:start=1644674240032996844,finish=1644674240037672719,duration=4675875,event=after_failure[0Ktravis_fold:end:after_failure[0K
Done. Your build exited with 1.
