travis_fold:start:system_info[0K[33;1mBuild system information[0m
Build language: java
Build group: stable
Build dist: trusty
Build id: ''
Job id: ''
Runtime kernel version: 4.15.0-109-generic
[34m[1mBuild image provisioning date and time[0m
Tue Dec  5 20:11:19 UTC 2017
[34m[1mOperating System Details[0m
Distributor ID:	Ubuntu
Description:	Ubuntu 14.04.5 LTS
Release:	14.04
Codename:	trusty
[34m[1mCookbooks Version[0m
7c2c6a6 https://github.com/travis-ci/travis-cookbooks/tree/7c2c6a6
[34m[1mgit version[0m
git version 2.15.1
[34m[1mbash version[0m
GNU bash, version 4.3.11(1)-release (x86_64-pc-linux-gnu)
[34m[1mgcc version[0m
gcc (Ubuntu 4.8.4-2ubuntu1~14.04.3) 4.8.4
Copyright (C) 2013 Free Software Foundation, Inc.
This is free software; see the source for copying conditions.  There is NO
warranty; not even for MERCHANTABILITY or FITNESS FOR A PARTICULAR PURPOSE.

[34m[1mdocker version[0m
Client:
 Version:      17.09.0-ce
 API version:  1.32
 Go version:   go1.8.3
 Git commit:   afdb6d4
 Built:        Tue Sep 26 22:39:28 2017
 OS/Arch:      linux/amd64
[34m[1mclang version[0m
clang version 5.0.0 (tags/RELEASE_500/final)
Target: x86_64-unknown-linux-gnu
Thread model: posix
InstalledDir: /usr/local/clang-5.0.0/bin
[34m[1mjq version[0m
jq-1.5
[34m[1mbats version[0m
Bats 0.4.0
[34m[1mshellcheck version[0m
0.4.6
[34m[1mshfmt version[0m
v2.0.0
[34m[1mccache version[0m
ccache version 3.1.9

Copyright (C) 2002-2007 Andrew Tridgell
Copyright (C) 2009-2011 Joel Rosdahl

This program is free software; you can redistribute it and/or modify it under
the terms of the GNU General Public License as published by the Free Software
Foundation; either version 3 of the License, or (at your option) any later
version.
[34m[1mcmake version[0m
cmake version 3.9.2

CMake suite maintained and supported by Kitware (kitware.com/cmake).
[34m[1mheroku version[0m
heroku-cli/6.14.39-addc925 (linux-x64) node-v9.2.0
[34m[1mimagemagick version[0m
Version: ImageMagick 6.7.7-10 2017-07-31 Q16 http://www.imagemagick.org
[34m[1mmd5deep version[0m
4.2
[34m[1mmercurial version[0m
Mercurial Distributed SCM (version 4.2.2)
(see https://mercurial-scm.org for more information)

Copyright (C) 2005-2017 Matt Mackall and others
This is free software; see the source for copying conditions. There is NO
warranty; not even for MERCHANTABILITY or FITNESS FOR A PARTICULAR PURPOSE.
[34m[1mmysql version[0m
mysql  Ver 14.14 Distrib 5.6.33, for debian-linux-gnu (x86_64) using  EditLine wrapper
[34m[1mopenssl version[0m
OpenSSL 1.0.1f 6 Jan 2014
[34m[1mpacker version[0m
Packer v1.0.2

Your version of Packer is out of date! The latest version
is 1.1.2. You can update by downloading from www.packer.io
[34m[1mpostgresql client version[0m
psql (PostgreSQL) 9.6.6
[34m[1mragel version[0m
Ragel State Machine Compiler version 6.8 Feb 2013
Copyright (c) 2001-2009 by Adrian Thurston
[34m[1msubversion version[0m
svn, version 1.8.8 (r1568071)
   compiled Aug 10 2017, 17:20:39 on x86_64-pc-linux-gnu

Copyright (C) 2013 The Apache Software Foundation.
This software consists of contributions made by many people;
see the NOTICE file for more information.
Subversion is open source software, see http://subversion.apache.org/

The following repository access (RA) modules are available:

* ra_svn : Module for accessing a repository using the svn network protocol.
  - with Cyrus SASL authentication
  - handles 'svn' scheme
* ra_local : Module for accessing a repository on local disk.
  - handles 'file' scheme
* ra_serf : Module for accessing a repository via WebDAV protocol using serf.
  - using serf 1.3.3
  - handles 'http' scheme
  - handles 'https' scheme

[34m[1msudo version[0m
Sudo version 1.8.9p5
Configure options: --prefix=/usr -v --with-all-insults --with-pam --with-fqdn --with-logging=syslog --with-logfac=authpriv --with-env-editor --with-editor=/usr/bin/editor --with-timeout=15 --with-password-timeout=0 --with-passprompt=[sudo] password for %p:  --without-lecture --with-tty-tickets --disable-root-mailer --enable-admin-flag --with-sendmail=/usr/sbin/sendmail --with-timedir=/var/lib/sudo --mandir=/usr/share/man --libexecdir=/usr/lib/sudo --with-sssd --with-sssd-lib=/usr/lib/x86_64-linux-gnu --with-selinux
Sudoers policy plugin version 1.8.9p5
Sudoers file grammar version 43

Sudoers path: /etc/sudoers
Authentication methods: 'pam'
Syslog facility if syslog is being used for logging: authpriv
Syslog priority to use when user authenticates successfully: notice
Syslog priority to use when user authenticates unsuccessfully: alert
Send mail if the user is not in sudoers
Use a separate timestamp for each user/tty combo
Lecture user the first time they run sudo
Root may run sudo
Allow some information gathering to give useful error messages
Require fully-qualified hostnames in the sudoers file
Visudo will honor the EDITOR environment variable
Set the LOGNAME and USER environment variables
Length at which to wrap log file lines (0 for no wrap): 80
Authentication timestamp timeout: 15.0 minutes
Password prompt timeout: 0.0 minutes
Number of tries to enter a password: 3
Umask to use or 0777 to use user's: 022
Path to mail program: /usr/sbin/sendmail
Flags for mail program: -t
Address to send mail to: root
Subject line for mail messages: *** SECURITY information for %h ***
Incorrect password message: Sorry, try again.
Path to authentication timestamp dir: /var/lib/sudo
Default password prompt: [sudo] password for %p: 
Default user to run commands as: root
Value to override user's $PATH with: /usr/local/sbin:/usr/local/bin:/usr/sbin:/usr/bin:/sbin:/bin:/snap/bin
Path to the editor for use by visudo: /usr/bin/editor
When to require a password for 'list' pseudocommand: any
When to require a password for 'verify' pseudocommand: all
File descriptors >= 3 will be closed before executing a command
Environment variables to check for sanity:
	TZ
	TERM
	LINGUAS
	LC_*
	LANGUAGE
	LANG
	COLORTERM
Environment variables to remove:
	RUBYOPT
	RUBYLIB
	PYTHONUSERBASE
	PYTHONINSPECT
	PYTHONPATH
	PYTHONHOME
	TMPPREFIX
	ZDOTDIR
	READNULLCMD
	NULLCMD
	FPATH
	PERL5DB
	PERL5OPT
	PERL5LIB
	PERLLIB
	PERLIO_DEBUG 
	JAVA_TOOL_OPTIONS
	SHELLOPTS
	GLOBIGNORE
	PS4
	BASH_ENV
	ENV
	TERMCAP
	TERMPATH
	TERMINFO_DIRS
	TERMINFO
	_RLD*
	LD_*
	PATH_LOCALE
	NLSPATH
	HOSTALIASES
	RES_OPTIONS
	LOCALDOMAIN
	CDPATH
	IFS
Environment variables to preserve:
	JAVA_HOME
	TRAVIS
	CI
	DEBIAN_FRONTEND
	XAUTHORIZATION
	XAUTHORITY
	PS2
	PS1
	PATH
	LS_COLORS
	KRB5CCNAME
	HOSTNAME
	HOME
	DISPLAY
	COLORS
Locale to use while parsing sudoers: C
Directory in which to store input/output logs: /var/log/sudo-io
File in which to store the input/output log: %{seq}
Add an entry to the utmp/utmpx file when allocating a pty
PAM service name to use
PAM service name to use for login shells
Create a new PAM session for the command to run in
Maximum I/O log sequence number: 0

Local IP address and netmask pairs:
	172.17.0.2/255.255.0.0

Sudoers I/O plugin version 1.8.9p5
[34m[1mgzip version[0m
gzip 1.6
Copyright (C) 2007, 2010, 2011 Free Software Foundation, Inc.
Copyright (C) 1993 Jean-loup Gailly.
This is free software.  You may redistribute copies of it under the terms of
the GNU General Public License <http://www.gnu.org/licenses/gpl.html>.
There is NO WARRANTY, to the extent permitted by law.

Written by Jean-loup Gailly.
[34m[1mzip version[0m
Copyright (c) 1990-2008 Info-ZIP - Type 'zip "-L"' for software license.
This is Zip 3.0 (July 5th 2008), by Info-ZIP.
Currently maintained by E. Gordon.  Please send bug reports to
the authors using the web page at www.info-zip.org; see README for details.

Latest sources and executables are at ftp://ftp.info-zip.org/pub/infozip,
as of above date; see http://www.info-zip.org/ for other sites.

Compiled with gcc 4.8.2 for Unix (Linux ELF) on Oct 21 2013.

Zip special compilation options:
	USE_EF_UT_TIME       (store Universal Time)
	BZIP2_SUPPORT        (bzip2 library version 1.0.6, 6-Sept-2010)
	    bzip2 code and library copyright (c) Julian R Seward
	    (See the bzip2 license for terms of use)
	SYMLINK_SUPPORT      (symbolic links supported)
	LARGE_FILE_SUPPORT   (can read and write large files on file system)
	ZIP64_SUPPORT        (use Zip64 to store large files in archives)
	UNICODE_SUPPORT      (store and read UTF-8 Unicode paths)
	STORE_UNIX_UIDs_GIDs (store UID/GID sizes/values using new extra field)
	UIDGID_NOT_16BIT     (old Unix 16-bit UID/GID extra field not used)
	[encryption, version 2.91 of 05 Jan 2007] (modified for Zip 3)

Encryption notice:
	The encryption code of this program is not copyrighted and is
	put in the public domain.  It was originally written in Europe
	and, to the best of our knowledge, can be freely distributed
	in both source and object forms from any country, including
	the USA under License Exception TSU of the U.S. Export
	Administration Regulations (section 740.13(e)) of 6 June 2002.

Zip environment options:
             ZIP:  [none]
          ZIPOPT:  [none]
[34m[1mvim version[0m
VIM - Vi IMproved 7.4 (2013 Aug 10, compiled Nov 24 2016 16:43:18)
Included patches: 1-52
Extra patches: 8.0.0056
Modified by pkg-vim-maintainers@lists.alioth.debian.org
Compiled by buildd@
Huge version without GUI.  Features included (+) or not (-):
+acl             +farsi           +mouse_netterm   +syntax
+arabic          +file_in_path    +mouse_sgr       +tag_binary
+autocmd         +find_in_path    -mouse_sysmouse  +tag_old_static
-balloon_eval    +float           +mouse_urxvt     -tag_any_white
-browse          +folding         +mouse_xterm     -tcl
++builtin_terms  -footer          +multi_byte      +terminfo
+byte_offset     +fork()          +multi_lang      +termresponse
+cindent         +gettext         -mzscheme        +textobjects
-clientserver    -hangul_input    +netbeans_intg   +title
-clipboard       +iconv           +path_extra      -toolbar
+cmdline_compl   +insert_expand   -perl            +user_commands
+cmdline_hist    +jumplist        +persistent_undo +vertsplit
+cmdline_info    +keymap          +postscript      +virtualedit
+comments        +langmap         +printer         +visual
+conceal         +libcall         +profile         +visualextra
+cryptv          +linebreak       +python          +viminfo
+cscope          +lispindent      -python3         +vreplace
+cursorbind      +listcmds        +quickfix        +wildignore
+cursorshape     +localmap        +reltime         +wildmenu
+dialog_con      -lua             +rightleft       +windows
+diff            +menu            -ruby            +writebackup
+digraphs        +mksession       +scrollbind      -X11
-dnd             +modify_fname    +signs           -xfontset
-ebcdic          +mouse           +smartindent     -xim
+emacs_tags      -mouseshape      -sniff           -xsmp
+eval            +mouse_dec       +startuptime     -xterm_clipboard
+ex_extra        +mouse_gpm       +statusline      -xterm_save
+extra_search    -mouse_jsbterm   -sun_workshop    -xpm
   system vimrc file: "$VIM/vimrc"
     user vimrc file: "$HOME/.vimrc"
 2nd user vimrc file: "~/.vim/vimrc"
      user exrc file: "$HOME/.exrc"
  fall-back for $VIM: "/usr/share/vim"
Compilation: gcc -c -I. -Iproto -DHAVE_CONFIG_H     -g -O2 -fstack-protector --param=ssp-buffer-size=4 -Wformat -Werror=format-security -U_FORTIFY_SOURCE -D_FORTIFY_SOURCE=1      
Linking: gcc   -Wl,-Bsymbolic-functions -Wl,-z,relro -Wl,--as-needed -o vim        -lm -ltinfo -lnsl  -lselinux  -lacl -lattr -lgpm -ldl    -L/usr/lib/python2.7/config-x86_64-linux-gnu -lpython2.7 -lpthread -ldl -lutil -lm -Xlinker -export-dynamic -Wl,-O1 -Wl,-Bsymbolic-functions      
[34m[1miptables version[0m
iptables v1.4.21
[34m[1mcurl version[0m
curl 7.35.0 (x86_64-pc-linux-gnu) libcurl/7.35.0 OpenSSL/1.0.1f zlib/1.2.8 libidn/1.28 librtmp/2.3
[34m[1mwget version[0m
GNU Wget 1.15 built on linux-gnu.
[34m[1mrsync version[0m
rsync  version 3.1.0  protocol version 31
[34m[1mgimme version[0m
v1.2.0
[34m[1mnvm version[0m
0.33.6
[34m[1mperlbrew version[0m
/home/travis/perl5/perlbrew/bin/perlbrew  - App::perlbrew/0.80
[34m[1mphpenv version[0m
rbenv 1.1.1-25-g6aa70b6
[34m[1mrvm version[0m
rvm 1.29.3 (latest) by Michal Papis, Piotr Kuczynski, Wayne E. Seguin [https://rvm.io]
[34m[1mdefault ruby version[0m
ruby 2.4.1p111 (2017-03-22 revision 58053) [x86_64-linux]
[34m[1mCouchDB version[0m
couchdb 1.6.1
[34m[1mElasticSearch version[0m
5.5.0
[34m[1mInstalled Firefox version[0m
firefox 56.0.2
[34m[1mMongoDB version[0m
MongoDB 3.4.10
[34m[1mPhantomJS version[0m
2.1.1
[34m[1mPre-installed PostgreSQL versions[0m
9.2.24
9.3.20
9.4.15
9.5.10
9.6.6
[34m[1mRabbitMQ Version[0m
3.6.14
[34m[1mRedis version[0m
redis-server 4.0.6
[34m[1mriak version[0m
2.2.3
[34m[1mPre-installed Go versions[0m
1.7.4
[34m[1mant version[0m
Apache Ant(TM) version 1.9.3 compiled on April 8 2014
[34m[1mmvn version[0m
Apache Maven 3.5.2 (138edd61fd100ec658bfa2d307c43b76940a5d7d; 2017-10-18T07:58:13Z)
Maven home: /usr/local/maven-3.5.2
Java version: 1.8.0_151, vendor: Oracle Corporation
Java home: /usr/lib/jvm/java-8-oracle/jre
Default locale: en_US, platform encoding: UTF-8
OS name: "linux", version: "4.4.0-101-generic", arch: "amd64", family: "unix"
[34m[1mgradle version[0m

------------------------------------------------------------
Gradle 4.0.1
------------------------------------------------------------

Build time:   2017-07-07 14:02:41 UTC
Revision:     38e5dc0f772daecca1d2681885d3d85414eb6826

Groovy:       2.4.11
Ant:          Apache Ant(TM) version 1.9.6 compiled on June 29 2015
JVM:          1.8.0_151 (Oracle Corporation 25.151-b12)
OS:           Linux 4.4.0-101-generic amd64

[34m[1mlein version[0m
Leiningen 2.8.1 on Java 1.8.0_151 Java HotSpot(TM) 64-Bit Server VM
[34m[1mPre-installed Node.js versions[0m
v4.8.6
v6.12.0
v6.12.1
v8.9
v8.9.1
[34m[1mphpenv versions[0m
  system
  5.6
* 5.6.32 (set by /home/travis/.phpenv/version)
  7.0
  7.0.25
  7.1
  7.1.11
  hhvm
  hhvm-stable
[34m[1mcomposer --version[0m
Composer version 1.5.2 2017-09-11 16:59:25
[34m[1mPre-installed Ruby versions[0m
ruby-2.2.7
ruby-2.3.4
ruby-2.4.1
travis_fold:end:system_info[0K
[31;1mTimeout waiting for network availability.[0m
sed: cannot rename /etc/hosts: Device or resource busy
travis_fold:start:docker_mtu[0Ktee: /etc/docker/daemon.json: No such file or directory
docker: unrecognized service
travis_fold:end:docker_mtu[0Ktravis_fold:start:resolvconf[0Kinitctl: Unable to connect to Upstart: Failed to connect to socket /com/ubuntu/upstart: Connection refused
 * Restarting resolvconf...
   ...done.
travis_fold:end:resolvconf[0K
travis_fold:start:install_jdk[0K[33;1mInstalling oraclejdk8[0m
$ jdk_switcher use "oraclejdk8"
Switching to Oracle JDK8 (java-8-oracle), JAVA_HOME will be set to /usr/lib/jvm/java-8-oracle
travis_fold:end:install_jdk[0K
$ cd failed/IQSS/dataverse

$ java -Xmx32m -version
java version "1.8.0_151"
Java(TM) SE Runtime Environment (build 1.8.0_151-b12)
Java HotSpot(TM) 64-Bit Server VM (build 25.151-b12, mixed mode)
$ javac -J-Xmx32m -version
javac 1.8.0_151
travis_fold:start:install[0Ktravis_time:start:1a8c515f[0K$ mvn -o install -Dhttps.protocols=TLSv1.2 -DskipTests=true -Dmaven.javadoc.skip=true -B -V
Apache Maven 3.5.2 (138edd61fd100ec658bfa2d307c43b76940a5d7d; 2017-10-18T07:58:13Z)
Maven home: /usr/local/maven-3.5.2
Java version: 1.8.0_151, vendor: Oracle Corporation
Java home: /usr/lib/jvm/java-8-oracle/jre
Default locale: en_US, platform encoding: UTF-8
OS name: "linux", version: "4.15.0-109-generic", arch: "amd64", family: "unix"
[INFO] Scanning for projects...
[INFO] 
[INFO] ------------------------------------------------------------------------
[INFO] Building dataverse 4.9.4
[INFO] ------------------------------------------------------------------------
[INFO] 
[INFO] --- maven-dependency-plugin:3.1.1:copy (default) @ dataverse ---
[INFO] 
[INFO] --- jacoco-maven-plugin:0.7.5.201505241946:prepare-agent (jacoco-initialize) @ dataverse ---
[INFO] argLine set to -javaagent:/home/travis/.m2/failed/org/jacoco/org.jacoco.agent/0.7.5.201505241946/org.jacoco.agent-0.7.5.201505241946-runtime.jar=destfile=/home/travis/build/failed/IQSS/dataverse/target/jacoco.exec -Duser.timezone=UTC -Dfile.encoding=UTF-8 -Duser.language=en -Duser.region=US
[INFO] 
[INFO] --- maven-resources-plugin:2.6:resources (default-resources) @ dataverse ---
[INFO] Using 'UTF-8' encoding to copy filtered resources.
[INFO] Copying 19 resources
[INFO] Copying 3 resources
[INFO] 
[INFO] --- maven-compiler-plugin:3.1:compile (default-compile) @ dataverse ---
[INFO] Changes detected - recompiling the module!
[INFO] Compiling 723 source files to /home/travis/build/failed/IQSS/dataverse/target/classes
[WARNING] /home/travis/build/failed/IQSS/dataverse/src/main/java/edu/harvard/iq/dataverse/DataFile.java: Some input files use or override a deprecated API.
[WARNING] /home/travis/build/failed/IQSS/dataverse/src/main/java/edu/harvard/iq/dataverse/DataFile.java: Recompile with -Xlint:deprecation for details.
[WARNING] /home/travis/build/failed/IQSS/dataverse/src/main/java/edu/harvard/iq/dataverse/DatasetVersion.java: Some input files use unchecked or unsafe operations.
[WARNING] /home/travis/build/failed/IQSS/dataverse/src/main/java/edu/harvard/iq/dataverse/DatasetVersion.java: Recompile with -Xlint:unchecked for details.
[INFO] 
[INFO] --- maven-resources-plugin:2.6:testResources (default-testResources) @ dataverse ---
[INFO] Using 'UTF-8' encoding to copy filtered resources.
[INFO] Copying 16 resources
[INFO] 
[INFO] --- maven-compiler-plugin:3.1:testCompile (default-testCompile) @ dataverse ---
[INFO] Changes detected - recompiling the module!
[INFO] Compiling 152 source files to /home/travis/build/failed/IQSS/dataverse/target/test-classes
[WARNING] /home/travis/build/failed/IQSS/dataverse/src/test/java/edu/harvard/iq/dataverse/api/AdminIT.java: Some input files use or override a deprecated API.
[WARNING] /home/travis/build/failed/IQSS/dataverse/src/test/java/edu/harvard/iq/dataverse/api/AdminIT.java: Recompile with -Xlint:deprecation for details.
[WARNING] /home/travis/build/failed/IQSS/dataverse/src/test/java/edu/harvard/iq/dataverse/mocks/MocksFactory.java: Some input files use unchecked or unsafe operations.
[WARNING] /home/travis/build/failed/IQSS/dataverse/src/test/java/edu/harvard/iq/dataverse/mocks/MocksFactory.java: Recompile with -Xlint:unchecked for details.
[INFO] 
[INFO] --- maven-surefire-plugin:2.22.0:test (default-test) @ dataverse ---
[INFO] Tests are skipped.
[INFO] 
[INFO] --- maven-war-plugin:2.3:war (default-war) @ dataverse ---
[INFO] Packaging webapp
[INFO] Assembling webapp [dataverse] in [/home/travis/build/failed/IQSS/dataverse/target/dataverse-4.9.4]
[INFO] Processing war project
[INFO] Copying webapp resources [/home/travis/build/failed/IQSS/dataverse/src/main/webapp]
[INFO] Processing overlay [ id org.swordapp:sword2-server]
[INFO] Webapp assembled in [34588 msecs]
[INFO] Building war: /home/travis/build/failed/IQSS/dataverse/target/dataverse-4.9.4.war
[INFO] Packaging classes
[INFO] Building jar: /home/travis/build/failed/IQSS/dataverse/target/dataverse-4.9.4-classes.jar
[INFO] 
[INFO] --- jacoco-maven-plugin:0.7.5.201505241946:report (jacoco-site) @ dataverse ---
[INFO] Skipping JaCoCo execution due to missing execution data file:/home/travis/build/failed/IQSS/dataverse/target/jacoco.exec
[INFO] 
[INFO] --- truezip-maven-plugin:1.1:remove (remove-javamail-providers-from-exploded) @ dataverse ---
[INFO] 
[INFO] --- truezip-maven-plugin:1.1:remove (remove-javamail-providers-from-war) @ dataverse ---
[INFO] 
[INFO] --- maven-install-plugin:2.4:install (default-install) @ dataverse ---
[INFO] Installing /home/travis/build/failed/IQSS/dataverse/target/dataverse-4.9.4.war to /home/travis/.m2/failed/edu/harvard/iq/dataverse/4.9.4/dataverse-4.9.4.war
[INFO] Installing /home/travis/build/failed/IQSS/dataverse/pom.xml to /home/travis/.m2/failed/edu/harvard/iq/dataverse/4.9.4/dataverse-4.9.4.pom
[INFO] Installing /home/travis/build/failed/IQSS/dataverse/target/dataverse-4.9.4-classes.jar to /home/travis/.m2/failed/edu/harvard/iq/dataverse/4.9.4/dataverse-4.9.4-classes.jar
[INFO] ------------------------------------------------------------------------
[INFO] BUILD SUCCESS
[INFO] ------------------------------------------------------------------------
[INFO] Total time: 02:22 min
[INFO] Finished at: 2022-02-12T03:03:02Z
[INFO] Final Memory: 74M/1249M
[INFO] ------------------------------------------------------------------------
travis_time:end:1a8c515f:start=1644634838075809770,finish=1644634982649803253,duration=144573993483[0Ktravis_fold:end:install[0Ktravis_time:start:06f89e88[0K$ mvn -o -Dhttps.protocols=TLSv1.2 -DcompilerArgument=-Xlint:unchecked test -P all-unit-tests
[INFO] Scanning for projects...
[INFO] 
[INFO] ------------------------------------------------------------------------
[INFO] Building dataverse 4.9.4
[INFO] ------------------------------------------------------------------------
[INFO] 
[INFO] --- maven-dependency-plugin:3.1.1:copy (default) @ dataverse ---
[INFO] 
[INFO] --- jacoco-maven-plugin:0.7.5.201505241946:prepare-agent (jacoco-initialize) @ dataverse ---
[INFO] argLine set to -javaagent:/home/travis/.m2/failed/org/jacoco/org.jacoco.agent/0.7.5.201505241946/org.jacoco.agent-0.7.5.201505241946-runtime.jar=destfile=/home/travis/build/failed/IQSS/dataverse/target/jacoco.exec -Duser.timezone=UTC -Dfile.encoding=UTF-8 -Duser.language=en -Duser.region=US
[INFO] 
[INFO] --- maven-resources-plugin:2.6:resources (default-resources) @ dataverse ---
[INFO] Using 'UTF-8' encoding to copy filtered resources.
[INFO] Copying 19 resources
[INFO] Copying 3 resources
[INFO] 
[INFO] --- maven-compiler-plugin:3.1:compile (default-compile) @ dataverse ---
[INFO] Changes detected - recompiling the module!
[INFO] Compiling 723 source files to /home/travis/build/failed/IQSS/dataverse/target/classes
[WARNING] /home/travis/build/failed/IQSS/dataverse/src/main/java/edu/harvard/iq/dataverse/DatasetVersion.java:[123,48] unchecked conversion
  required: java.util.List<edu.harvard.iq.dataverse.FileMetadata>
  found:    java.util.ArrayList
[WARNING] /home/travis/build/failed/IQSS/dataverse/src/main/java/edu/harvard/iq/dataverse/DatasetVersion.java:[130,48] unchecked conversion
  required: java.util.List<edu.harvard.iq.dataverse.DatasetField>
  found:    java.util.ArrayList
[WARNING] /home/travis/build/failed/IQSS/dataverse/src/main/java/edu/harvard/iq/dataverse/ingest/plugin/spi/ServiceRegistry.java:[479,39] unchecked conversion
  required: java.util.Iterator<T>
  found:    java.util.Iterator
[WARNING] /home/travis/build/failed/IQSS/dataverse/src/main/java/edu/harvard/iq/dataverse/ingest/plugin/spi/ServiceRegistry.java:[536,16] unchecked call to FilterIterator(java.util.Iterator<T>,edu.harvard.iq.dataverse.ingest.plugin.spi.ServiceRegistry.Filter) as a member of the raw type edu.harvard.iq.dataverse.ingest.plugin.spi.FilterIterator
[WARNING] /home/travis/build/failed/IQSS/dataverse/src/main/java/edu/harvard/iq/dataverse/ingest/plugin/spi/ServiceRegistry.java:[536,16] unchecked conversion
  required: java.util.Iterator<T>
  found:    edu.harvard.iq.dataverse.ingest.plugin.spi.FilterIterator
[WARNING] /home/travis/build/failed/IQSS/dataverse/src/main/java/edu/harvard/iq/dataverse/ingest/plugin/spi/ServiceRegistry.java:[561,35] unchecked call to isAssignableFrom(java.lang.Class<?>) as a member of the raw type java.lang.Class
[WARNING] /home/travis/build/failed/IQSS/dataverse/src/main/java/edu/harvard/iq/dataverse/Dataset.java:[289,24] unchecked method invocation: method setVersions in class edu.harvard.iq.dataverse.Dataset is applied to given types
  required: java.util.List<edu.harvard.iq.dataverse.DatasetVersion>
  found: java.util.ArrayList
[WARNING] /home/travis/build/failed/IQSS/dataverse/src/main/java/edu/harvard/iq/dataverse/Dataset.java:[289,25] unchecked conversion
  required: java.util.List<edu.harvard.iq.dataverse.DatasetVersion>
  found:    java.util.ArrayList
[WARNING] /home/travis/build/failed/IQSS/dataverse/src/main/java/edu/harvard/iq/dataverse/DatasetField.java:[304,35] unchecked call to add(E) as a member of the raw type java.util.List
[WARNING] /home/travis/build/failed/IQSS/dataverse/src/main/java/edu/harvard/iq/dataverse/DatasetField.java:[310,35] unchecked call to add(E) as a member of the raw type java.util.List
[WARNING] /home/travis/build/failed/IQSS/dataverse/src/main/java/edu/harvard/iq/dataverse/DatasetField.java:[314,16] unchecked conversion
  required: java.util.List<java.lang.String>
  found:    java.util.List
[WARNING] /home/travis/build/failed/IQSS/dataverse/src/main/java/edu/harvard/iq/dataverse/ingest/plugin/spi/ServiceRegistry.java:[792,26] unchecked cast
  required: T
  found:    java.lang.Object
[WARNING] /home/travis/build/failed/IQSS/dataverse/src/main/java/edu/harvard/iq/dataverse/util/AlphaNumericComparator.java:[44,64] unchecked cast
  required: java.lang.Comparable<java.math.BigDecimal>
  found:    java.lang.Object
[WARNING] /home/travis/build/failed/IQSS/dataverse/src/main/java/edu/harvard/iq/dataverse/util/AlphaNumericComparator.java:[57,56] unchecked cast
  required: java.lang.Comparable<java.lang.String>
  found:    java.lang.Object
[WARNING] /home/travis/build/failed/IQSS/dataverse/src/main/java/edu/harvard/iq/dataverse/ingest/plugin/spi/PartiallyOrderedSet.java:[125,20] unchecked call to put(K,V) as a member of the raw type java.util.Map
[WARNING] /home/travis/build/failed/IQSS/dataverse/src/main/java/edu/harvard/iq/dataverse/engine/command/CommandHelper.java:[34,47] unchecked method invocation: method permissionsRequired in class edu.harvard.iq.dataverse.engine.command.CommandHelper is applied to given types
  required: java.lang.Class<? extends edu.harvard.iq.dataverse.engine.command.Command>
  found: java.lang.Class
[WARNING] /home/travis/build/failed/IQSS/dataverse/src/main/java/edu/harvard/iq/dataverse/engine/command/CommandHelper.java:[34,48] unchecked conversion
  required: java.lang.Class<? extends edu.harvard.iq.dataverse.engine.command.Command>
  found:    java.lang.Class
[WARNING] /home/travis/build/failed/IQSS/dataverse/src/main/java/edu/harvard/iq/dataverse/engine/command/CommandHelper.java:[34,47] unchecked conversion
  required: java.util.Map<java.lang.String,java.util.Set<edu.harvard.iq.dataverse.authorization.Permission>>
  found:    java.util.Map
[WARNING] /home/travis/build/failed/IQSS/dataverse/src/main/java/edu/harvard/iq/dataverse/PermissionServiceBean.java:[179,61] unchecked cast
  required: java.lang.Class<? extends edu.harvard.iq.dataverse.engine.command.Command>
  found:    java.lang.Class<capture#1 of ?>
[WARNING] /home/travis/build/failed/IQSS/dataverse/src/main/java/edu/harvard/iq/dataverse/PermissionServiceBean.java:[402,70] unchecked conversion
  required: java.util.List<java.lang.Integer>
  found:    java.util.List
[WARNING] /home/travis/build/failed/IQSS/dataverse/src/main/java/edu/harvard/iq/dataverse/PermissionServiceBean.java:[494,70] unchecked conversion
  required: java.util.List<java.lang.Integer>
  found:    java.util.List
[WARNING] /home/travis/build/failed/IQSS/dataverse/src/main/java/edu/harvard/iq/dataverse/PermissionServiceBean.java:[516,78] unchecked conversion
  required: java.util.List<java.lang.Integer>
  found:    java.util.List
[WARNING] /home/travis/build/failed/IQSS/dataverse/src/main/java/edu/harvard/iq/dataverse/PermissionServiceBean.java:[534,79] unchecked conversion
  required: java.util.List<java.lang.Integer>
  found:    java.util.List
[WARNING] /home/travis/build/failed/IQSS/dataverse/src/main/java/edu/harvard/iq/dataverse/RoleAssigneeServiceBean.java:[195,56] unchecked conversion
  required: java.util.List<java.lang.Object[]>
  found:    java.util.List
[WARNING] /home/travis/build/failed/IQSS/dataverse/src/main/java/edu/harvard/iq/dataverse/RoleAssigneeServiceBean.java:[224,56] unchecked conversion
  required: java.util.List<java.lang.Long>
  found:    java.util.List
[WARNING] /home/travis/build/failed/IQSS/dataverse/src/main/java/edu/harvard/iq/dataverse/RoleAssigneeServiceBean.java:[293,56] unchecked conversion
  required: java.util.List<java.lang.Object[]>
  found:    java.util.List
[WARNING] /home/travis/build/failed/IQSS/dataverse/src/main/java/edu/harvard/iq/dataverse/DataverseServiceBean.java:[458,177] unchecked conversion
  required: java.util.List<java.lang.Object>
  found:    java.util.List
[WARNING] /home/travis/build/failed/IQSS/dataverse/src/main/java/edu/harvard/iq/dataverse/authorization/groups/GroupServiceBean.java:[92,88] unchecked cast
  required: java.util.stream.Stream<edu.harvard.iq.dataverse.authorization.groups.Group>
  found:    java.util.stream.Stream
[WARNING] /home/travis/build/failed/IQSS/dataverse/src/main/java/edu/harvard/iq/dataverse/authorization/groups/GroupServiceBean.java:[107,87] unchecked cast
  required: java.util.stream.Stream<edu.harvard.iq.dataverse.authorization.groups.Group>
  found:    java.util.stream.Stream
[WARNING] /home/travis/build/failed/IQSS/dataverse/src/main/java/edu/harvard/iq/dataverse/authorization/groups/GroupServiceBean.java:[256,35] unchecked method invocation: method addAll in interface java.util.Set is applied to given types
  required: java.util.Collection<? extends E>
  found: java.util.Set
[WARNING] /home/travis/build/failed/IQSS/dataverse/src/main/java/edu/harvard/iq/dataverse/authorization/groups/GroupServiceBean.java:[256,56] unchecked conversion
  required: java.util.Collection<? extends E>
  found:    java.util.Set
[WARNING] /home/travis/build/failed/IQSS/dataverse/src/main/java/edu/harvard/iq/dataverse/authorization/groups/GroupServiceBean.java:[255,40] unchecked method invocation: method forEach in interface java.lang.Iterable is applied to given types
  required: java.util.function.Consumer<? super T>
  found: java.util.function.Consumer<edu.harvard.iq.dataverse.authorization.groups.GroupProvider>
[WARNING] /home/travis/build/failed/IQSS/dataverse/src/main/java/edu/harvard/iq/dataverse/UserServiceBean.java:[195,65] unchecked conversion
  required: java.util.List<java.lang.Object[]>
  found:    java.util.List
[WARNING] /home/travis/build/failed/IQSS/dataverse/src/main/java/edu/harvard/iq/dataverse/UserServiceBean.java:[247,64] unchecked conversion
  required: java.util.List<java.lang.Object[]>
  found:    java.util.List
[WARNING] /home/travis/build/failed/IQSS/dataverse/src/main/java/edu/harvard/iq/dataverse/UserServiceBean.java:[295,50] unchecked conversion
  required: java.util.List<java.lang.Object[]>
  found:    java.util.List
[WARNING] /home/travis/build/failed/IQSS/dataverse/src/main/java/edu/harvard/iq/dataverse/UserServiceBean.java:[352,60] unchecked conversion
  required: java.util.List<java.lang.Object[]>
  found:    java.util.List
[WARNING] /home/travis/build/failed/IQSS/dataverse/src/main/java/edu/harvard/iq/dataverse/UserServiceBean.java:[428,41] unchecked conversion
  required: java.util.List<java.lang.Object[]>
  found:    java.util.List
[WARNING] /home/travis/build/failed/IQSS/dataverse/src/main/java/edu/harvard/iq/dataverse/DatasetServiceBean.java:[292,78] unchecked conversion
  required: java.util.List<java.lang.Object>
  found:    java.util.List
[WARNING] /home/travis/build/failed/IQSS/dataverse/src/main/java/edu/harvard/iq/dataverse/DatasetServiceBean.java:[489,69] unchecked conversion
  required: java.util.List<java.lang.Object[]>
  found:    java.util.List
[WARNING] /home/travis/build/failed/IQSS/dataverse/src/main/java/edu/harvard/iq/dataverse/DvObjectServiceBean.java:[185,56] unchecked conversion
  required: java.util.List<java.lang.Object[]>
  found:    java.util.List
[WARNING] /home/travis/build/failed/IQSS/dataverse/src/main/java/edu/harvard/iq/dataverse/DvObjectServiceBean.java:[211,56] unchecked conversion
  required: java.util.List<java.lang.Object[]>
  found:    java.util.List
[WARNING] /home/travis/build/failed/IQSS/dataverse/src/main/java/edu/harvard/iq/dataverse/DvObjectServiceBean.java:[224,56] unchecked conversion
  required: java.util.List<java.lang.Long>
  found:    java.util.List
[WARNING] /home/travis/build/failed/IQSS/dataverse/src/main/java/edu/harvard/iq/dataverse/DvObjectServiceBean.java:[252,69] unchecked conversion
  required: java.util.List<java.lang.Object[]>
  found:    java.util.List
[WARNING] /home/travis/build/failed/IQSS/dataverse/src/main/java/edu/harvard/iq/dataverse/DOIEZIdServiceBean.java:[283,43] unchecked conversion
  required: java.util.HashMap<T,T>
  found:    java.util.HashMap
[WARNING] /home/travis/build/failed/IQSS/dataverse/src/main/java/edu/harvard/iq/dataverse/DatasetVersionServiceBean.java:[904,41] unchecked conversion
  required: java.util.List<java.lang.String>
  found:    java.util.List
[WARNING] /home/travis/build/failed/IQSS/dataverse/src/main/java/edu/harvard/iq/dataverse/DatasetVersionServiceBean.java:[947,74] unchecked conversion
  required: java.util.List<java.lang.Object[]>
  found:    java.util.List
[WARNING] /home/travis/build/failed/IQSS/dataverse/src/main/java/edu/harvard/iq/dataverse/DatasetVersionServiceBean.java:[996,60] unchecked conversion
  required: java.util.List<java.lang.Object[]>
  found:    java.util.List
[WARNING] /home/travis/build/failed/IQSS/dataverse/src/main/java/edu/harvard/iq/dataverse/DataFileServiceBean.java:[280,31] unchecked conversion
  required: java.util.List<java.lang.Integer>
  found:    java.util.List
[WARNING] /home/travis/build/failed/IQSS/dataverse/src/main/java/edu/harvard/iq/dataverse/DataFileServiceBean.java:[519,147] unchecked conversion
  required: java.util.List<java.lang.Object[]>
  found:    java.util.List
[WARNING] /home/travis/build/failed/IQSS/dataverse/src/main/java/edu/harvard/iq/dataverse/DataFileServiceBean.java:[570,327] unchecked conversion
  required: java.util.List<java.lang.Object[]>
  found:    java.util.List
[WARNING] /home/travis/build/failed/IQSS/dataverse/src/main/java/edu/harvard/iq/dataverse/DataFileServiceBean.java:[594,213] unchecked conversion
  required: java.util.List<java.lang.Object[]>
  found:    java.util.List
[WARNING] /home/travis/build/failed/IQSS/dataverse/src/main/java/edu/harvard/iq/dataverse/DataFileServiceBean.java:[610,590] unchecked conversion
  required: java.util.List<java.lang.Object[]>
  found:    java.util.List
[WARNING] /home/travis/build/failed/IQSS/dataverse/src/main/java/edu/harvard/iq/dataverse/DataFileServiceBean.java:[784,162] unchecked conversion
  required: java.util.List<java.lang.Object>
  found:    java.util.List
[WARNING] /home/travis/build/failed/IQSS/dataverse/src/main/java/edu/harvard/iq/dataverse/DataFileServiceBean.java:[801,268] unchecked conversion
  required: java.util.List<java.lang.Object[]>
  found:    java.util.List
[WARNING] /home/travis/build/failed/IQSS/dataverse/src/main/java/edu/harvard/iq/dataverse/DataFileServiceBean.java:[814,246] unchecked conversion
  required: java.util.List<java.lang.Object[]>
  found:    java.util.List
[WARNING] /home/travis/build/failed/IQSS/dataverse/src/main/java/edu/harvard/iq/dataverse/DataFileServiceBean.java:[1450,39] unchecked conversion
  required: java.util.List<java.lang.Long>
  found:    java.util.List
[WARNING] /home/travis/build/failed/IQSS/dataverse/src/main/java/edu/harvard/iq/dataverse/search/SearchServiceBean.java:[423,76] unchecked cast
  required: java.util.List<java.lang.String>
  found:    java.lang.Object
[WARNING] /home/travis/build/failed/IQSS/dataverse/src/main/java/edu/harvard/iq/dataverse/search/SearchServiceBean.java:[488,93] unchecked cast
  required: java.util.List<java.lang.String>
  found:    java.lang.Object
[WARNING] /home/travis/build/failed/IQSS/dataverse/src/main/java/edu/harvard/iq/dataverse/search/SearchServiceBean.java:[506,40] unchecked conversion
  required: java.util.List<java.lang.String>
  found:    java.util.List
[WARNING] /home/travis/build/failed/IQSS/dataverse/src/main/java/edu/harvard/iq/dataverse/search/SearchServiceBean.java:[549,47] unchecked conversion
  required: java.util.List<java.lang.String>
  found:    java.util.List
[WARNING] /home/travis/build/failed/IQSS/dataverse/src/main/java/edu/harvard/iq/dataverse/search/SearchServiceBean.java:[553,48] unchecked conversion
  required: java.util.List<java.lang.String>
  found:    java.util.List
[WARNING] /home/travis/build/failed/IQSS/dataverse/src/main/java/edu/harvard/iq/dataverse/search/SearchServiceBean.java:[692,82] unchecked conversion
  required: org.apache.solr.client.solrj.response.RangeFacet<java.lang.String,java.lang.String>
  found:    org.apache.solr.client.solrj.response.RangeFacet
[WARNING] /home/travis/build/failed/IQSS/dataverse/src/main/java/edu/harvard/iq/dataverse/FeaturedDataverseServiceBean.java:[43,240] unchecked conversion
  required: java.util.List<java.lang.Object[]>
  found:    java.util.List
[WARNING] /home/travis/build/failed/IQSS/dataverse/src/main/java/edu/harvard/iq/dataverse/DOIDataCiteServiceBean.java:[68,20] getIdentifierMetadata(edu.harvard.iq.dataverse.DvObject) in edu.harvard.iq.dataverse.DOIDataCiteServiceBean implements getIdentifierMetadata(edu.harvard.iq.dataverse.DvObject) in edu.harvard.iq.dataverse.GlobalIdServiceBean
  return type requires unchecked conversion from java.util.HashMap to java.util.Map<java.lang.String,java.lang.String>
[WARNING] /home/travis/build/failed/IQSS/dataverse/src/main/java/edu/harvard/iq/dataverse/HandlenetServiceBean.java:[332,20] lookupMetadataFromIdentifier(java.lang.String,java.lang.String,java.lang.String) in edu.harvard.iq.dataverse.HandlenetServiceBean implements lookupMetadataFromIdentifier(java.lang.String,java.lang.String,java.lang.String) in edu.harvard.iq.dataverse.GlobalIdServiceBean
  return type requires unchecked conversion from java.util.HashMap to java.util.Map<java.lang.String,java.lang.String>
[WARNING] /home/travis/build/failed/IQSS/dataverse/src/main/java/edu/harvard/iq/dataverse/GuestbookResponseServiceBean.java:[138,90] unchecked conversion
  required: java.util.List<java.lang.Object[]>
  found:    java.util.List
[WARNING] /home/travis/build/failed/IQSS/dataverse/src/main/java/edu/harvard/iq/dataverse/GuestbookResponseServiceBean.java:[253,90] unchecked conversion
  required: java.util.List<java.lang.Object[]>
  found:    java.util.List
[WARNING] /home/travis/build/failed/IQSS/dataverse/src/main/java/edu/harvard/iq/dataverse/GuestbookResponseServiceBean.java:[354,86] unchecked conversion
  required: java.util.List<java.lang.Object[]>
  found:    java.util.List
[WARNING] /home/travis/build/failed/IQSS/dataverse/src/main/java/edu/harvard/iq/dataverse/GuestbookResponseServiceBean.java:[376,53] unchecked call to add(E) as a member of the raw type java.util.List
[WARNING] /home/travis/build/failed/IQSS/dataverse/src/main/java/edu/harvard/iq/dataverse/workflow/WorkflowServiceBean.java:[264,69] unchecked conversion
  required: java.util.List<edu.harvard.iq.dataverse.workflow.Workflow>
  found:    java.util.List
[WARNING] /home/travis/build/failed/IQSS/dataverse/src/main/java/edu/harvard/iq/dataverse/workflow/WorkflowServiceBean.java:[308,31] unchecked conversion
  required: java.util.List<edu.harvard.iq.dataverse.workflow.PendingWorkflowInvocation>
  found:    java.util.List
[WARNING] /home/travis/build/failed/IQSS/dataverse/src/main/java/edu/harvard/iq/dataverse/metrics/MetricsServiceBean.java:[118,35] unchecked conversion
  required: java.util.List<java.lang.Object[]>
  found:    java.util.List
[WARNING] /home/travis/build/failed/IQSS/dataverse/src/main/java/edu/harvard/iq/dataverse/metrics/MetricsServiceBean.java:[147,35] unchecked conversion
  required: java.util.List<java.lang.Object[]>
  found:    java.util.List
[WARNING] /home/travis/build/failed/IQSS/dataverse/src/main/java/edu/harvard/iq/dataverse/api/imports/ImportServiceBean.java:[295,65] unchecked conversion
  required: javax.validation.ConstraintViolation<edu.harvard.iq.dataverse.DatasetFieldValue>
  found:    javax.validation.ConstraintViolation
[WARNING] /home/travis/build/failed/IQSS/dataverse/src/main/java/edu/harvard/iq/dataverse/api/imports/ImportServiceBean.java:[447,65] unchecked conversion
  required: javax.validation.ConstraintViolation<edu.harvard.iq.dataverse.DatasetFieldValue>
  found:    javax.validation.ConstraintViolation
[WARNING] /home/travis/build/failed/IQSS/dataverse/src/main/java/edu/harvard/iq/dataverse/api/imports/ImportDDIServiceBean.java:[392,75] unchecked cast
  required: java.util.Map<java.lang.String,java.lang.String>
  found:    java.lang.Object
[WARNING] /home/travis/build/failed/IQSS/dataverse/src/main/java/edu/harvard/iq/dataverse/NavigationWrapper.java:[58,102] unchecked cast
  required: java.util.Map<java.lang.String,java.lang.String[]>
  found:    java.util.Map
[WARNING] /home/travis/build/failed/IQSS/dataverse/src/main/java/edu/harvard/iq/dataverse/FilePage.java:[293,37] unchecked method invocation: method submit in class edu.harvard.iq.dataverse.EjbDataverseEngine is applied to given types
  required: edu.harvard.iq.dataverse.engine.command.Command<R>
  found: edu.harvard.iq.dataverse.engine.command.Command
[WARNING] /home/travis/build/failed/IQSS/dataverse/src/main/java/edu/harvard/iq/dataverse/FilePage.java:[293,38] unchecked conversion
  required: edu.harvard.iq.dataverse.engine.command.Command<R>
  found:    edu.harvard.iq.dataverse.engine.command.Command
[WARNING] /home/travis/build/failed/IQSS/dataverse/src/main/java/edu/harvard/iq/dataverse/FilePage.java:[314,37] unchecked method invocation: method submit in class edu.harvard.iq.dataverse.EjbDataverseEngine is applied to given types
  required: edu.harvard.iq.dataverse.engine.command.Command<R>
  found: edu.harvard.iq.dataverse.engine.command.Command
[WARNING] /home/travis/build/failed/IQSS/dataverse/src/main/java/edu/harvard/iq/dataverse/FilePage.java:[314,38] unchecked conversion
  required: edu.harvard.iq.dataverse.engine.command.Command<R>
  found:    edu.harvard.iq.dataverse.engine.command.Command
[WARNING] /home/travis/build/failed/IQSS/dataverse/src/main/java/edu/harvard/iq/dataverse/DatasetPage.java:[2473,45] unchecked method invocation: method submit in class edu.harvard.iq.dataverse.EjbDataverseEngine is applied to given types
  required: edu.harvard.iq.dataverse.engine.command.Command<R>
  found: edu.harvard.iq.dataverse.engine.command.Command
[WARNING] /home/travis/build/failed/IQSS/dataverse/src/main/java/edu/harvard/iq/dataverse/DatasetPage.java:[2473,46] unchecked conversion
  required: edu.harvard.iq.dataverse.engine.command.Command<R>
  found:    edu.harvard.iq.dataverse.engine.command.Command
[WARNING] /home/travis/build/failed/IQSS/dataverse/src/main/java/edu/harvard/iq/dataverse/DatasetPage.java:[4353,36] unchecked conversion
  required: java.util.List<edu.harvard.iq.dataverse.FileMetadata>
  found:    java.util.List
[WARNING] /home/travis/build/failed/IQSS/dataverse/src/main/java/edu/harvard/iq/dataverse/harvest/server/xoai/XitemRepository.java:[219,46] unchecked cast
  required: java.util.List<edu.harvard.iq.dataverse.harvest.server.xoai.Xitem>
  found:    java.lang.Object
[WARNING] /home/travis/build/failed/IQSS/dataverse/src/main/java/edu/harvard/iq/dataverse/DataversePage.java:[403,28] unchecked call to addAll(java.util.Collection<? extends E>) as a member of the raw type java.util.List
[WARNING] /home/travis/build/failed/IQSS/dataverse/src/main/java/edu/harvard/iq/dataverse/search/SearchIncludeFragment.java:[443,32] unchecked call to addAll(java.util.Collection<? extends E>) as a member of the raw type java.util.List
[WARNING] /home/travis/build/failed/IQSS/dataverse/src/main/java/edu/harvard/iq/dataverse/batch/jobs/importer/filesystem/FileRecordReader.java:[111,91] unchecked cast
  required: java.util.HashMap<java.lang.String,java.lang.String>
  found:    java.lang.Object
[WARNING] /home/travis/build/failed/IQSS/dataverse/src/main/java/edu/harvard/iq/dataverse/util/json/JsonPrinter.java:[814,44] unchecked conversion
  required: java.util.Set<java.util.stream.Collector.Characteristics>
  found:    java.util.Set
[WARNING] /home/travis/build/failed/IQSS/dataverse/src/main/java/edu/harvard/iq/dataverse/engine/command/impl/MoveDataverseCommand.java:[157,61] unchecked conversion
  required: java.util.List<edu.harvard.iq.dataverse.DataverseLinkingDataverse>
  found:    java.util.ArrayList
[WARNING] /home/travis/build/failed/IQSS/dataverse/src/main/java/edu/harvard/iq/dataverse/engine/command/impl/MoveDataverseCommand.java:[209,57] unchecked conversion
  required: java.util.List<edu.harvard.iq.dataverse.DatasetLinkingDataverse>
  found:    java.util.ArrayList
[WARNING] /home/travis/build/failed/IQSS/dataverse/src/main/java/edu/harvard/iq/dataverse/authorization/providers/oauth2/impl/GitHubOAuth2AP.java:[31,20] getApiInstance() in edu.harvard.iq.dataverse.authorization.providers.oauth2.impl.GitHubOAuth2AP overrides getApiInstance() in edu.harvard.iq.dataverse.authorization.providers.oauth2.AbstractOAuth2AuthenticationProvider
  return type requires unchecked conversion from com.github.scribejava.core.builder.api.BaseApi to com.github.scribejava.core.builder.api.BaseApi<com.github.scribejava.core.oauth.OAuth20Service>
[WARNING] /home/travis/build/failed/IQSS/dataverse/src/main/java/edu/harvard/iq/dataverse/authorization/providers/oauth2/impl/GitHubOAuth2AP.java:[52,20] unchecked method invocation: constructor <init> in class edu.harvard.iq.dataverse.authorization.providers.oauth2.AbstractOAuth2AuthenticationProvider.ParsedUserResponse is applied to given types
  required: edu.harvard.iq.dataverse.authorization.AuthenticatedUserDisplayInfo,java.lang.String,java.lang.String,java.util.List<java.lang.String>
  found: edu.harvard.iq.dataverse.authorization.AuthenticatedUserDisplayInfo,java.lang.String,java.lang.String,java.util.List<java.lang.String>
[WARNING] /home/travis/build/failed/IQSS/dataverse/src/main/java/edu/harvard/iq/dataverse/ingest/plugin/spi/DigraphNode.java:[120,21] unchecked call to add(E) as a member of the raw type java.util.Set
[WARNING] /home/travis/build/failed/IQSS/dataverse/src/main/java/edu/harvard/iq/dataverse/ingest/plugin/spi/DigraphNode.java:[121,25] unchecked call to add(E) as a member of the raw type java.util.Set
[WARNING] /home/travis/build/failed/IQSS/dataverse/src/main/java/edu/harvard/iq/dataverse/batch/jobs/importer/filesystem/FileRecordJobListener.java:[227,92] unchecked cast
  required: java.util.HashMap<java.lang.String,java.lang.String>
  found:    java.lang.Object
[WARNING] /home/travis/build/failed/IQSS/dataverse/src/main/java/edu/harvard/iq/dataverse/ingest/plugin/spi/PartiallyOrderedSet.java:[206,26] unchecked call to put(K,V) as a member of the raw type java.util.Map
[WARNING] /home/travis/build/failed/IQSS/dataverse/src/main/java/edu/harvard/iq/dataverse/ingest/plugin/spi/PartiallyOrderedSet.java:[210,29] unchecked call to add(E) as a member of the raw type java.util.LinkedList
[WARNING] /home/travis/build/failed/IQSS/dataverse/src/main/java/edu/harvard/iq/dataverse/ingest/plugin/spi/PartiallyOrderedSet.java:[227,26] unchecked call to put(K,V) as a member of the raw type java.util.Map
[WARNING] /home/travis/build/failed/IQSS/dataverse/src/main/java/edu/harvard/iq/dataverse/ingest/plugin/spi/PartiallyOrderedSet.java:[231,29] unchecked call to add(E) as a member of the raw type java.util.LinkedList
[WARNING] /home/travis/build/failed/IQSS/dataverse/src/main/java/edu/harvard/iq/dataverse/DataFile.java: Some input files use or override a deprecated API.
[WARNING] /home/travis/build/failed/IQSS/dataverse/src/main/java/edu/harvard/iq/dataverse/DataFile.java: Recompile with -Xlint:deprecation for details.
[WARNING] /home/travis/build/failed/IQSS/dataverse/src/main/java/edu/harvard/iq/dataverse/authorization/groups/impl/builtin/BuiltInGroupsProvider.java: Some input files additionally use unchecked or unsafe operations.
[INFO] 
[INFO] --- maven-resources-plugin:2.6:testResources (default-testResources) @ dataverse ---
[INFO] Using 'UTF-8' encoding to copy filtered resources.
[INFO] Copying 16 resources
[INFO] 
[INFO] --- maven-compiler-plugin:3.1:testCompile (default-testCompile) @ dataverse ---
[INFO] Changes detected - recompiling the module!
[INFO] Compiling 152 source files to /home/travis/build/failed/IQSS/dataverse/target/test-classes
[WARNING] /home/travis/build/failed/IQSS/dataverse/src/test/java/edu/harvard/iq/dataverse/mocks/MocksFactory.java:[86,34] unchecked call to LinkedList(java.util.Collection<? extends E>) as a member of the raw type java.util.LinkedList
[WARNING] /home/travis/build/failed/IQSS/dataverse/src/test/java/edu/harvard/iq/dataverse/mocks/MocksFactory.java:[86,32] unchecked method invocation: method setFileMetadatas in class edu.harvard.iq.dataverse.DataFile is applied to given types
  required: java.util.List<edu.harvard.iq.dataverse.FileMetadata>
  found: java.util.LinkedList
[WARNING] /home/travis/build/failed/IQSS/dataverse/src/test/java/edu/harvard/iq/dataverse/mocks/MocksFactory.java:[86,34] unchecked conversion
  required: java.util.List<edu.harvard.iq.dataverse.FileMetadata>
  found:    java.util.LinkedList
[WARNING] /home/travis/build/failed/IQSS/dataverse/src/test/java/edu/harvard/iq/dataverse/engine/command/impl/MoveDataverseCommandTest.java:[124,34] unchecked conversion
  required: java.util.List<edu.harvard.iq.dataverse.Guestbook>
  found:    java.util.ArrayList
[WARNING] /home/travis/build/failed/IQSS/dataverse/src/test/java/edu/harvard/iq/dataverse/engine/command/impl/CreateDataverseCommandTest.java:[254,78] unchecked call to LinkedList(java.util.Collection<? extends E>) as a member of the raw type java.util.LinkedList
[WARNING] /home/travis/build/failed/IQSS/dataverse/src/test/java/edu/harvard/iq/dataverse/engine/command/impl/CreateDataverseCommandTest.java:[254,110] unchecked call to LinkedList(java.util.Collection<? extends E>) as a member of the raw type java.util.LinkedList
[WARNING] /home/travis/build/failed/IQSS/dataverse/src/test/java/edu/harvard/iq/dataverse/engine/command/impl/CreateDataverseCommandTest.java:[254,38] unchecked method invocation: constructor <init> in class edu.harvard.iq.dataverse.engine.command.impl.CreateDataverseCommand is applied to given types
  required: edu.harvard.iq.dataverse.Dataverse,edu.harvard.iq.dataverse.engine.command.DataverseRequest,java.util.List<edu.harvard.iq.dataverse.DatasetFieldType>,java.util.List<edu.harvard.iq.dataverse.DataverseFieldTypeInputLevel>
  found: edu.harvard.iq.dataverse.Dataverse,edu.harvard.iq.dataverse.engine.command.DataverseRequest,java.util.LinkedList,java.util.LinkedList
[WARNING] /home/travis/build/failed/IQSS/dataverse/src/test/java/edu/harvard/iq/dataverse/engine/command/impl/CreateDataverseCommandTest.java:[254,78] unchecked conversion
  required: java.util.List<edu.harvard.iq.dataverse.DatasetFieldType>
  found:    java.util.LinkedList
[WARNING] /home/travis/build/failed/IQSS/dataverse/src/test/java/edu/harvard/iq/dataverse/engine/command/impl/CreateDataverseCommandTest.java:[254,110] unchecked conversion
  required: java.util.List<edu.harvard.iq.dataverse.DataverseFieldTypeInputLevel>
  found:    java.util.LinkedList
[WARNING] /home/travis/build/failed/IQSS/dataverse/src/test/java/edu/harvard/iq/dataverse/authorization/providers/oauth2/impl/OrcidOAuth2APTest.java:[16,8] getApiInstance() in edu.harvard.iq.dataverse.authorization.providers.oauth2.impl.OrcidOAuth2AP overrides getApiInstance() in edu.harvard.iq.dataverse.authorization.providers.oauth2.AbstractOAuth2AuthenticationProvider
  return type requires unchecked conversion from com.github.scribejava.core.builder.api.BaseApi to com.github.scribejava.core.builder.api.BaseApi<com.github.scribejava.core.oauth.OAuth20Service>
[WARNING] /home/travis/build/failed/IQSS/dataverse/src/test/java/edu/harvard/iq/dataverse/util/CollectionLiterals.java:[14,42] Possible heap pollution from parameterized vararg type T
[WARNING] /home/travis/build/failed/IQSS/dataverse/src/test/java/edu/harvard/iq/dataverse/util/CollectionLiterals.java:[18,44] Possible heap pollution from parameterized vararg type T
[WARNING] /home/travis/build/failed/IQSS/dataverse/src/test/java/edu/harvard/iq/dataverse/ingest/tabulardata/impl/plugins/dta/NewDTAFileReaderTest.java:[37,42] unchecked conversion
  required: java.util.List<edu.harvard.iq.dataverse.datavariable.VariableCategory>
  found:    java.util.List
[WARNING] /home/travis/build/failed/IQSS/dataverse/src/test/java/edu/harvard/iq/dataverse/ingest/tabulardata/impl/plugins/dta/NewDTAFileReaderTest.java:[101,42] unchecked conversion
  required: java.util.List<edu.harvard.iq.dataverse.datavariable.VariableCategory>
  found:    java.util.List
[WARNING] /home/travis/build/failed/IQSS/dataverse/src/test/java/edu/harvard/iq/dataverse/ingest/tabulardata/impl/plugins/dta/NewDTAFileReaderTest.java:[121,43] unchecked conversion
  required: java.util.List<edu.harvard.iq.dataverse.datavariable.VariableCategory>
  found:    java.util.List
[WARNING] /home/travis/build/failed/IQSS/dataverse/src/test/java/edu/harvard/iq/dataverse/authorization/providers/oauth2/impl/GoogleOAuth2APTest.java:[9,8] getApiInstance() in edu.harvard.iq.dataverse.authorization.providers.oauth2.impl.GoogleOAuth2AP overrides getApiInstance() in edu.harvard.iq.dataverse.authorization.providers.oauth2.AbstractOAuth2AuthenticationProvider
  return type requires unchecked conversion from com.github.scribejava.core.builder.api.BaseApi to com.github.scribejava.core.builder.api.BaseApi<com.github.scribejava.core.oauth.OAuth20Service>
[WARNING] /home/travis/build/failed/IQSS/dataverse/src/test/java/edu/harvard/iq/dataverse/api/DatasetsIT.java:[327,79] unchecked cast
  required: java.util.Map<java.lang.String,java.lang.Object>
  found:    java.lang.Object
[WARNING] /home/travis/build/failed/IQSS/dataverse/src/test/java/edu/harvard/iq/dataverse/api/DatasetsIT.java:[457,79] unchecked cast
  required: java.util.Map<java.lang.String,java.lang.Object>
  found:    java.lang.Object
[WARNING] /home/travis/build/failed/IQSS/dataverse/src/test/java/edu/harvard/iq/dataverse/authorization/providers/oauth2/impl/GitHubOAuth2APTest.java:[8,8] getApiInstance() in edu.harvard.iq.dataverse.authorization.providers.oauth2.impl.GitHubOAuth2AP overrides getApiInstance() in edu.harvard.iq.dataverse.authorization.providers.oauth2.AbstractOAuth2AuthenticationProvider
  return type requires unchecked conversion from com.github.scribejava.core.builder.api.BaseApi to com.github.scribejava.core.builder.api.BaseApi<com.github.scribejava.core.oauth.OAuth20Service>
[WARNING] /home/travis/build/failed/IQSS/dataverse/src/test/java/edu/harvard/iq/dataverse/mocks/MockPasswordValidatorServiceBean.java:[12,27] unchecked conversion
  required: java.util.List<java.lang.String>
  found:    java.util.List
[WARNING] /home/travis/build/failed/IQSS/dataverse/src/test/java/edu/harvard/iq/dataverse/util/MockResponse.java:[57,19] unchecked cast
  required: T
  found:    java.lang.Object
[WARNING] /home/travis/build/failed/IQSS/dataverse/src/test/java/edu/harvard/iq/dataverse/util/MockResponse.java:[62,19] unchecked cast
  required: T
  found:    java.lang.Object
[WARNING] /home/travis/build/failed/IQSS/dataverse/src/test/java/edu/harvard/iq/dataverse/util/MockResponse.java:[67,19] unchecked cast
  required: T
  found:    java.lang.Object
[WARNING] /home/travis/build/failed/IQSS/dataverse/src/test/java/edu/harvard/iq/dataverse/util/MockResponse.java:[72,19] unchecked cast
  required: T
  found:    java.lang.Object
[WARNING] /home/travis/build/failed/IQSS/dataverse/src/test/java/edu/harvard/iq/dataverse/engine/command/impl/MoveDatasetCommandTest.java:[138,36] unchecked conversion
  required: java.util.List<edu.harvard.iq.dataverse.Guestbook>
  found:    java.util.ArrayList
[WARNING] /home/travis/build/failed/IQSS/dataverse/src/test/java/edu/harvard/iq/dataverse/engine/command/impl/MoveDatasetCommandTest.java:[144,39] unchecked conversion
  required: java.util.List<edu.harvard.iq.dataverse.Guestbook>
  found:    java.util.ArrayList
[WARNING] /home/travis/build/failed/IQSS/dataverse/src/test/java/edu/harvard/iq/dataverse/engine/command/impl/MoveDatasetCommandTest.java:[150,32] unchecked conversion
  required: java.util.List<edu.harvard.iq.dataverse.Guestbook>
  found:    java.util.ArrayList
[WARNING] /home/travis/build/failed/IQSS/dataverse/src/test/java/edu/harvard/iq/dataverse/util/json/BriefJsonPrinterTest.java:[41,29] unchecked method invocation: method setDatasetFields in class edu.harvard.iq.dataverse.DatasetVersion is applied to given types
  required: java.util.List<edu.harvard.iq.dataverse.DatasetField>
  found: java.util.List
[WARNING] /home/travis/build/failed/IQSS/dataverse/src/test/java/edu/harvard/iq/dataverse/util/json/BriefJsonPrinterTest.java:[41,56] unchecked conversion
  required: java.util.List<edu.harvard.iq.dataverse.DatasetField>
  found:    java.util.List
[WARNING] /home/travis/build/failed/IQSS/dataverse/src/test/java/edu/harvard/iq/dataverse/api/AdminIT.java: Some input files use or override a deprecated API.
[WARNING] /home/travis/build/failed/IQSS/dataverse/src/test/java/edu/harvard/iq/dataverse/api/AdminIT.java: Recompile with -Xlint:deprecation for details.
[INFO] 
[INFO] --- maven-surefire-plugin:2.22.0:test (default-test) @ dataverse ---
[INFO] 
[INFO] -------------------------------------------------------
[INFO]  T E S T S
[INFO] -------------------------------------------------------
[INFO] Running edu.harvard.iq.dataverse.dataaccess.S3AccessIOTest
[INFO] Tests run: 6, Failures: 0, Errors: 0, Skipped: 0, Time elapsed: 11.456 s - in edu.harvard.iq.dataverse.dataaccess.S3AccessIOTest
[INFO] Running PasswordResetDataTest
newTokenNotExpired
[INFO] Tests run: 1, Failures: 0, Errors: 0, Skipped: 0, Time elapsed: 0.001 s - in PasswordResetDataTest
[INFO] Running FieldDTOTest
Top
[INFO] Tests run: 9, Failures: 0, Errors: 0, Skipped: 0, Time elapsed: 0.067 s - in FieldDTOTest
[INFO] Running LazyRefTest
[INFO] Tests run: 1, Failures: 0, Errors: 0, Skipped: 0, Time elapsed: 0 s - in LazyRefTest
[INFO] Running AbstractApiBeanTest
Feb 12, 2022 3:03:34 AM edu.harvard.iq.dataverse.api.AbstractApiBeanTest testMessagesNoJsonObject
INFO: 
{
    "status":"OK",
    "data":{
        "message":"myMessage"
    }
}
[INFO] Tests run: 5, Failures: 0, Errors: 0, Skipped: 0, Time elapsed: 0.661 s - in AbstractApiBeanTest
[INFO] Running MoveDataverseCommandTest
testMoveIntoParent
Feb 12, 2022 3:03:34 AM edu.harvard.iq.dataverse.engine.command.impl.MoveDataverseCommand executeImpl
INFO: Starting dataverse move...
testInvalidMove
Feb 12, 2022 3:03:34 AM edu.harvard.iq.dataverse.engine.command.impl.MoveDataverseCommand executeImpl
INFO: Starting dataverse move...
testRemoveMetadataBlockWithoutForce
Feb 12, 2022 3:03:34 AM edu.harvard.iq.dataverse.engine.command.impl.MoveDataverseCommand executeImpl
INFO: Starting dataverse move...
Feb 12, 2022 3:03:34 AM edu.harvard.iq.dataverse.engine.command.impl.MoveDataverseCommand executeImpl
INFO: Getting dataset children of dataverse...
Feb 12, 2022 3:03:34 AM edu.harvard.iq.dataverse.engine.command.impl.MoveDataverseCommand executeImpl
INFO: Getting dataverse children of dataverse...
Feb 12, 2022 3:03:34 AM edu.harvard.iq.dataverse.engine.command.impl.MoveDataverseCommand executeImpl
INFO: Checking templates and metadata blocks
Feb 12, 2022 3:03:34 AM edu.harvard.iq.dataverse.engine.command.impl.MoveDataverseCommand executeImpl
INFO: Checking guestbooks...
Feb 12, 2022 3:03:34 AM edu.harvard.iq.dataverse.engine.command.impl.MoveDataverseCommand executeImpl
INFO: Checking linked dataverses....
Feb 12, 2022 3:03:34 AM edu.harvard.iq.dataverse.engine.command.impl.MoveDataverseCommand executeImpl
INFO: Checking linked datasets...
testValidMove
Feb 12, 2022 3:03:34 AM edu.harvard.iq.dataverse.engine.command.impl.MoveDataverseCommand executeImpl
INFO: Starting dataverse move...
Feb 12, 2022 3:03:34 AM edu.harvard.iq.dataverse.engine.command.impl.MoveDataverseCommand executeImpl
INFO: Getting dataset children of dataverse...
Feb 12, 2022 3:03:34 AM edu.harvard.iq.dataverse.engine.command.impl.MoveDataverseCommand executeImpl
INFO: Getting dataverse children of dataverse...
Feb 12, 2022 3:03:34 AM edu.harvard.iq.dataverse.engine.command.impl.MoveDataverseCommand executeImpl
INFO: Checking templates and metadata blocks
Feb 12, 2022 3:03:34 AM edu.harvard.iq.dataverse.engine.command.impl.MoveDataverseCommand executeImpl
INFO: Checking guestbooks...
Feb 12, 2022 3:03:34 AM edu.harvard.iq.dataverse.engine.command.impl.MoveDataverseCommand executeImpl
INFO: Checking linked dataverses....
Feb 12, 2022 3:03:34 AM edu.harvard.iq.dataverse.engine.command.impl.MoveDataverseCommand executeImpl
INFO: Checking linked datasets...
Feb 12, 2022 3:03:34 AM edu.harvard.iq.dataverse.engine.command.impl.MoveDataverseCommand executeImpl
INFO: Dataverse move took 3 milliseconds
Feb 12, 2022 3:03:34 AM edu.harvard.iq.dataverse.engine.command.impl.MoveDataverseCommand executeImpl
INFO: Starting dataverse move...
Feb 12, 2022 3:03:34 AM edu.harvard.iq.dataverse.engine.command.impl.MoveDataverseCommand executeImpl
INFO: Getting dataset children of dataverse...
Feb 12, 2022 3:03:34 AM edu.harvard.iq.dataverse.engine.command.impl.MoveDataverseCommand executeImpl
INFO: Getting dataverse children of dataverse...
Feb 12, 2022 3:03:34 AM edu.harvard.iq.dataverse.engine.command.impl.MoveDataverseCommand executeImpl
INFO: Checking templates and metadata blocks
Feb 12, 2022 3:03:34 AM edu.harvard.iq.dataverse.engine.command.impl.MoveDataverseCommand executeImpl
INFO: Checking guestbooks...
Feb 12, 2022 3:03:34 AM edu.harvard.iq.dataverse.engine.command.impl.MoveDataverseCommand executeImpl
INFO: Checking linked dataverses....
Feb 12, 2022 3:03:34 AM edu.harvard.iq.dataverse.engine.command.impl.MoveDataverseCommand executeImpl
INFO: Checking linked datasets...
Feb 12, 2022 3:03:34 AM edu.harvard.iq.dataverse.engine.command.impl.MoveDataverseCommand executeImpl
INFO: Dataverse move took 3 milliseconds
testRemoveTemplate
Feb 12, 2022 3:03:34 AM edu.harvard.iq.dataverse.engine.command.impl.MoveDataverseCommand executeImpl
INFO: Starting dataverse move...
Feb 12, 2022 3:03:34 AM edu.harvard.iq.dataverse.engine.command.impl.MoveDataverseCommand executeImpl
INFO: Getting dataset children of dataverse...
Feb 12, 2022 3:03:34 AM edu.harvard.iq.dataverse.engine.command.impl.MoveDataverseCommand executeImpl
INFO: Getting dataverse children of dataverse...
Feb 12, 2022 3:03:34 AM edu.harvard.iq.dataverse.engine.command.impl.MoveDataverseCommand executeImpl
INFO: Checking templates and metadata blocks
Feb 12, 2022 3:03:34 AM edu.harvard.iq.dataverse.engine.command.impl.MoveDataverseCommand executeImpl
INFO: Checking guestbooks...
Feb 12, 2022 3:03:34 AM edu.harvard.iq.dataverse.engine.command.impl.MoveDataverseCommand executeImpl
INFO: Checking linked dataverses....
Feb 12, 2022 3:03:34 AM edu.harvard.iq.dataverse.engine.command.impl.MoveDataverseCommand executeImpl
INFO: Checking linked datasets...
Feb 12, 2022 3:03:34 AM edu.harvard.iq.dataverse.engine.command.impl.MoveDataverseCommand executeImpl
INFO: Dataverse move took 4 milliseconds
Feb 12, 2022 3:03:34 AM edu.harvard.iq.dataverse.engine.command.impl.MoveDataverseCommand executeImpl
INFO: Starting dataverse move...
Feb 12, 2022 3:03:34 AM edu.harvard.iq.dataverse.engine.command.impl.MoveDataverseCommand executeImpl
INFO: Getting dataset children of dataverse...
Feb 12, 2022 3:03:34 AM edu.harvard.iq.dataverse.engine.command.impl.MoveDataverseCommand executeImpl
INFO: Getting dataverse children of dataverse...
Feb 12, 2022 3:03:34 AM edu.harvard.iq.dataverse.engine.command.impl.MoveDataverseCommand executeImpl
INFO: Checking templates and metadata blocks
Feb 12, 2022 3:03:34 AM edu.harvard.iq.dataverse.engine.command.impl.MoveDataverseCommand executeImpl
INFO: Checking guestbooks...
Feb 12, 2022 3:03:34 AM edu.harvard.iq.dataverse.engine.command.impl.MoveDataverseCommand executeImpl
INFO: Checking linked dataverses....
Feb 12, 2022 3:03:34 AM edu.harvard.iq.dataverse.engine.command.impl.MoveDataverseCommand executeImpl
INFO: Checking linked datasets...
Feb 12, 2022 3:03:34 AM edu.harvard.iq.dataverse.engine.command.impl.MoveDataverseCommand executeImpl
INFO: Dataverse move took 3 milliseconds
testKeepGuestbook
Feb 12, 2022 3:03:34 AM edu.harvard.iq.dataverse.engine.command.impl.MoveDataverseCommand executeImpl
INFO: Starting dataverse move...
Feb 12, 2022 3:03:34 AM edu.harvard.iq.dataverse.engine.command.impl.MoveDataverseCommand executeImpl
INFO: Getting dataset children of dataverse...
Feb 12, 2022 3:03:34 AM edu.harvard.iq.dataverse.engine.command.impl.MoveDataverseCommand executeImpl
INFO: Getting dataverse children of dataverse...
Feb 12, 2022 3:03:34 AM edu.harvard.iq.dataverse.engine.command.impl.MoveDataverseCommand executeImpl
INFO: Checking templates and metadata blocks
Feb 12, 2022 3:03:34 AM edu.harvard.iq.dataverse.engine.command.impl.MoveDataverseCommand executeImpl
INFO: Checking guestbooks...
Feb 12, 2022 3:03:34 AM edu.harvard.iq.dataverse.engine.command.impl.MoveDataverseCommand executeImpl
INFO: Checking linked dataverses....
Feb 12, 2022 3:03:34 AM edu.harvard.iq.dataverse.engine.command.impl.MoveDataverseCommand executeImpl
INFO: Checking linked datasets...
Feb 12, 2022 3:03:34 AM edu.harvard.iq.dataverse.engine.command.impl.MoveDataverseCommand executeImpl
INFO: Dataverse move took 2 milliseconds
Feb 12, 2022 3:03:34 AM edu.harvard.iq.dataverse.engine.command.impl.MoveDataverseCommand executeImpl
INFO: Starting dataverse move...
Feb 12, 2022 3:03:34 AM edu.harvard.iq.dataverse.engine.command.impl.MoveDataverseCommand executeImpl
INFO: Getting dataset children of dataverse...
Feb 12, 2022 3:03:34 AM edu.harvard.iq.dataverse.engine.command.impl.MoveDataverseCommand executeImpl
INFO: Getting dataverse children of dataverse...
Feb 12, 2022 3:03:34 AM edu.harvard.iq.dataverse.engine.command.impl.MoveDataverseCommand executeImpl
INFO: Checking templates and metadata blocks
Feb 12, 2022 3:03:34 AM edu.harvard.iq.dataverse.engine.command.impl.MoveDataverseCommand executeImpl
INFO: Checking guestbooks...
Feb 12, 2022 3:03:34 AM edu.harvard.iq.dataverse.engine.command.impl.MoveDataverseCommand executeImpl
INFO: Checking linked dataverses....
Feb 12, 2022 3:03:34 AM edu.harvard.iq.dataverse.engine.command.impl.MoveDataverseCommand executeImpl
INFO: Checking linked datasets...
Feb 12, 2022 3:03:34 AM edu.harvard.iq.dataverse.engine.command.impl.MoveDataverseCommand executeImpl
INFO: Dataverse move took 3 milliseconds
testRemoveMetadataBlock
Feb 12, 2022 3:03:34 AM edu.harvard.iq.dataverse.engine.command.impl.MoveDataverseCommand executeImpl
INFO: Starting dataverse move...
Feb 12, 2022 3:03:34 AM edu.harvard.iq.dataverse.engine.command.impl.MoveDataverseCommand executeImpl
INFO: Getting dataset children of dataverse...
Feb 12, 2022 3:03:34 AM edu.harvard.iq.dataverse.engine.command.impl.MoveDataverseCommand executeImpl
INFO: Getting dataverse children of dataverse...
Feb 12, 2022 3:03:34 AM edu.harvard.iq.dataverse.engine.command.impl.MoveDataverseCommand executeImpl
INFO: Checking templates and metadata blocks
Feb 12, 2022 3:03:34 AM edu.harvard.iq.dataverse.engine.command.impl.MoveDataverseCommand executeImpl
INFO: Checking guestbooks...
Feb 12, 2022 3:03:34 AM edu.harvard.iq.dataverse.engine.command.impl.MoveDataverseCommand executeImpl
INFO: Checking linked dataverses....
Feb 12, 2022 3:03:34 AM edu.harvard.iq.dataverse.engine.command.impl.MoveDataverseCommand executeImpl
INFO: Checking linked datasets...
Feb 12, 2022 3:03:34 AM edu.harvard.iq.dataverse.engine.command.impl.MoveDataverseCommand executeImpl
INFO: Dataverse move took 3 milliseconds
Feb 12, 2022 3:03:34 AM edu.harvard.iq.dataverse.engine.command.impl.MoveDataverseCommand executeImpl
INFO: Starting dataverse move...
Feb 12, 2022 3:03:34 AM edu.harvard.iq.dataverse.engine.command.impl.MoveDataverseCommand executeImpl
INFO: Getting dataset children of dataverse...
Feb 12, 2022 3:03:34 AM edu.harvard.iq.dataverse.engine.command.impl.MoveDataverseCommand executeImpl
INFO: Getting dataverse children of dataverse...
Feb 12, 2022 3:03:34 AM edu.harvard.iq.dataverse.engine.command.impl.MoveDataverseCommand executeImpl
INFO: Checking templates and metadata blocks
Feb 12, 2022 3:03:34 AM edu.harvard.iq.dataverse.engine.command.impl.MoveDataverseCommand executeImpl
INFO: Checking guestbooks...
Feb 12, 2022 3:03:34 AM edu.harvard.iq.dataverse.engine.command.impl.MoveDataverseCommand executeImpl
INFO: Checking linked dataverses....
Feb 12, 2022 3:03:34 AM edu.harvard.iq.dataverse.engine.command.impl.MoveDataverseCommand executeImpl
INFO: Checking linked datasets...
Feb 12, 2022 3:03:34 AM edu.harvard.iq.dataverse.engine.command.impl.MoveDataverseCommand executeImpl
INFO: Dataverse move took 2 milliseconds
testKeepTemplate
Feb 12, 2022 3:03:34 AM edu.harvard.iq.dataverse.engine.command.impl.MoveDataverseCommand executeImpl
INFO: Starting dataverse move...
Feb 12, 2022 3:03:34 AM edu.harvard.iq.dataverse.engine.command.impl.MoveDataverseCommand executeImpl
INFO: Getting dataset children of dataverse...
Feb 12, 2022 3:03:34 AM edu.harvard.iq.dataverse.engine.command.impl.MoveDataverseCommand executeImpl
INFO: Getting dataverse children of dataverse...
Feb 12, 2022 3:03:34 AM edu.harvard.iq.dataverse.engine.command.impl.MoveDataverseCommand executeImpl
INFO: Checking templates and metadata blocks
Feb 12, 2022 3:03:34 AM edu.harvard.iq.dataverse.engine.command.impl.MoveDataverseCommand executeImpl
INFO: Checking guestbooks...
Feb 12, 2022 3:03:34 AM edu.harvard.iq.dataverse.engine.command.impl.MoveDataverseCommand executeImpl
INFO: Checking linked dataverses....
Feb 12, 2022 3:03:34 AM edu.harvard.iq.dataverse.engine.command.impl.MoveDataverseCommand executeImpl
INFO: Checking linked datasets...
Feb 12, 2022 3:03:34 AM edu.harvard.iq.dataverse.engine.command.impl.MoveDataverseCommand executeImpl
INFO: Dataverse move took 1 milliseconds
Feb 12, 2022 3:03:34 AM edu.harvard.iq.dataverse.engine.command.impl.MoveDataverseCommand executeImpl
INFO: Starting dataverse move...
Feb 12, 2022 3:03:34 AM edu.harvard.iq.dataverse.engine.command.impl.MoveDataverseCommand executeImpl
INFO: Getting dataset children of dataverse...
Feb 12, 2022 3:03:34 AM edu.harvard.iq.dataverse.engine.command.impl.MoveDataverseCommand executeImpl
INFO: Getting dataverse children of dataverse...
Feb 12, 2022 3:03:34 AM edu.harvard.iq.dataverse.engine.command.impl.MoveDataverseCommand executeImpl
INFO: Checking templates and metadata blocks
Feb 12, 2022 3:03:34 AM edu.harvard.iq.dataverse.engine.command.impl.MoveDataverseCommand executeImpl
INFO: Checking guestbooks...
Feb 12, 2022 3:03:34 AM edu.harvard.iq.dataverse.engine.command.impl.MoveDataverseCommand executeImpl
INFO: Checking linked dataverses....
Feb 12, 2022 3:03:34 AM edu.harvard.iq.dataverse.engine.command.impl.MoveDataverseCommand executeImpl
INFO: Checking linked datasets...
Feb 12, 2022 3:03:34 AM edu.harvard.iq.dataverse.engine.command.impl.MoveDataverseCommand executeImpl
INFO: Dataverse move took 2 milliseconds
testKeepMetadataBlock
Feb 12, 2022 3:03:34 AM edu.harvard.iq.dataverse.engine.command.impl.MoveDataverseCommand executeImpl
INFO: Starting dataverse move...
Feb 12, 2022 3:03:34 AM edu.harvard.iq.dataverse.engine.command.impl.MoveDataverseCommand executeImpl
INFO: Getting dataset children of dataverse...
Feb 12, 2022 3:03:34 AM edu.harvard.iq.dataverse.engine.command.impl.MoveDataverseCommand executeImpl
INFO: Getting dataverse children of dataverse...
Feb 12, 2022 3:03:34 AM edu.harvard.iq.dataverse.engine.command.impl.MoveDataverseCommand executeImpl
INFO: Checking templates and metadata blocks
Feb 12, 2022 3:03:34 AM edu.harvard.iq.dataverse.engine.command.impl.MoveDataverseCommand executeImpl
INFO: Checking guestbooks...
Feb 12, 2022 3:03:34 AM edu.harvard.iq.dataverse.engine.command.impl.MoveDataverseCommand executeImpl
INFO: Checking linked dataverses....
Feb 12, 2022 3:03:34 AM edu.harvard.iq.dataverse.engine.command.impl.MoveDataverseCommand executeImpl
INFO: Checking linked datasets...
Feb 12, 2022 3:03:34 AM edu.harvard.iq.dataverse.engine.command.impl.MoveDataverseCommand executeImpl
INFO: Dataverse move took 2 milliseconds
Feb 12, 2022 3:03:34 AM edu.harvard.iq.dataverse.engine.command.impl.MoveDataverseCommand executeImpl
INFO: Starting dataverse move...
Feb 12, 2022 3:03:34 AM edu.harvard.iq.dataverse.engine.command.impl.MoveDataverseCommand executeImpl
INFO: Getting dataset children of dataverse...
Feb 12, 2022 3:03:34 AM edu.harvard.iq.dataverse.engine.command.impl.MoveDataverseCommand executeImpl
INFO: Getting dataverse children of dataverse...
Feb 12, 2022 3:03:34 AM edu.harvard.iq.dataverse.engine.command.impl.MoveDataverseCommand executeImpl
INFO: Checking templates and metadata blocks
Feb 12, 2022 3:03:34 AM edu.harvard.iq.dataverse.engine.command.impl.MoveDataverseCommand executeImpl
INFO: Checking guestbooks...
Feb 12, 2022 3:03:34 AM edu.harvard.iq.dataverse.engine.command.impl.MoveDataverseCommand executeImpl
INFO: Checking linked dataverses....
Feb 12, 2022 3:03:34 AM edu.harvard.iq.dataverse.engine.command.impl.MoveDataverseCommand executeImpl
INFO: Checking linked datasets...
Feb 12, 2022 3:03:34 AM edu.harvard.iq.dataverse.engine.command.impl.MoveDataverseCommand executeImpl
INFO: Dataverse move took 1 milliseconds
testNotSuperUser
Feb 12, 2022 3:03:34 AM edu.harvard.iq.dataverse.engine.command.impl.MoveDataverseCommand executeImpl
INFO: Starting dataverse move...
testRemoveGuestbookWithoutForce
Feb 12, 2022 3:03:34 AM edu.harvard.iq.dataverse.engine.command.impl.MoveDataverseCommand executeImpl
INFO: Starting dataverse move...
Feb 12, 2022 3:03:34 AM edu.harvard.iq.dataverse.engine.command.impl.MoveDataverseCommand executeImpl
INFO: Getting dataset children of dataverse...
Feb 12, 2022 3:03:34 AM edu.harvard.iq.dataverse.engine.command.impl.MoveDataverseCommand executeImpl
INFO: Getting dataverse children of dataverse...
Feb 12, 2022 3:03:34 AM edu.harvard.iq.dataverse.engine.command.impl.MoveDataverseCommand executeImpl
INFO: Checking templates and metadata blocks
Feb 12, 2022 3:03:34 AM edu.harvard.iq.dataverse.engine.command.impl.MoveDataverseCommand executeImpl
INFO: Checking guestbooks...
Feb 12, 2022 3:03:34 AM edu.harvard.iq.dataverse.engine.command.impl.MoveDataverseCommand executeImpl
INFO: Checking linked dataverses....
Feb 12, 2022 3:03:34 AM edu.harvard.iq.dataverse.engine.command.impl.MoveDataverseCommand executeImpl
INFO: Checking linked datasets...
testRemoveGuestbook
Feb 12, 2022 3:03:34 AM edu.harvard.iq.dataverse.engine.command.impl.MoveDataverseCommand executeImpl
INFO: Starting dataverse move...
Feb 12, 2022 3:03:34 AM edu.harvard.iq.dataverse.engine.command.impl.MoveDataverseCommand executeImpl
INFO: Getting dataset children of dataverse...
Feb 12, 2022 3:03:34 AM edu.harvard.iq.dataverse.engine.command.impl.MoveDataverseCommand executeImpl
INFO: Getting dataverse children of dataverse...
Feb 12, 2022 3:03:34 AM edu.harvard.iq.dataverse.engine.command.impl.MoveDataverseCommand executeImpl
INFO: Checking templates and metadata blocks
Feb 12, 2022 3:03:34 AM edu.harvard.iq.dataverse.engine.command.impl.MoveDataverseCommand executeImpl
INFO: Checking guestbooks...
Feb 12, 2022 3:03:34 AM edu.harvard.iq.dataverse.engine.command.impl.MoveDataverseCommand executeImpl
INFO: Checking linked dataverses....
Feb 12, 2022 3:03:34 AM edu.harvard.iq.dataverse.engine.command.impl.MoveDataverseCommand executeImpl
INFO: Checking linked datasets...
Feb 12, 2022 3:03:34 AM edu.harvard.iq.dataverse.engine.command.impl.MoveDataverseCommand executeImpl
INFO: Dataverse move took 1 milliseconds
Feb 12, 2022 3:03:34 AM edu.harvard.iq.dataverse.engine.command.impl.MoveDataverseCommand executeImpl
INFO: Starting dataverse move...
Feb 12, 2022 3:03:34 AM edu.harvard.iq.dataverse.engine.command.impl.MoveDataverseCommand executeImpl
INFO: Getting dataset children of dataverse...
Feb 12, 2022 3:03:34 AM edu.harvard.iq.dataverse.engine.command.impl.MoveDataverseCommand executeImpl
INFO: Getting dataverse children of dataverse...
Feb 12, 2022 3:03:34 AM edu.harvard.iq.dataverse.engine.command.impl.MoveDataverseCommand executeImpl
INFO: Checking templates and metadata blocks
Feb 12, 2022 3:03:34 AM edu.harvard.iq.dataverse.engine.command.impl.MoveDataverseCommand executeImpl
INFO: Checking guestbooks...
Feb 12, 2022 3:03:34 AM edu.harvard.iq.dataverse.engine.command.impl.MoveDataverseCommand executeImpl
INFO: Checking linked dataverses....
Feb 12, 2022 3:03:34 AM edu.harvard.iq.dataverse.engine.command.impl.MoveDataverseCommand executeImpl
INFO: Checking linked datasets...
Feb 12, 2022 3:03:34 AM edu.harvard.iq.dataverse.engine.command.impl.MoveDataverseCommand executeImpl
INFO: Dataverse move took 1 milliseconds
testMoveIntoSelf
Feb 12, 2022 3:03:34 AM edu.harvard.iq.dataverse.engine.command.impl.MoveDataverseCommand executeImpl
INFO: Starting dataverse move...
testRemoveTemplateWithoutForce
Feb 12, 2022 3:03:34 AM edu.harvard.iq.dataverse.engine.command.impl.MoveDataverseCommand executeImpl
INFO: Starting dataverse move...
Feb 12, 2022 3:03:34 AM edu.harvard.iq.dataverse.engine.command.impl.MoveDataverseCommand executeImpl
INFO: Getting dataset children of dataverse...
Feb 12, 2022 3:03:34 AM edu.harvard.iq.dataverse.engine.command.impl.MoveDataverseCommand executeImpl
INFO: Getting dataverse children of dataverse...
Feb 12, 2022 3:03:34 AM edu.harvard.iq.dataverse.engine.command.impl.MoveDataverseCommand executeImpl
INFO: Checking templates and metadata blocks
Feb 12, 2022 3:03:34 AM edu.harvard.iq.dataverse.engine.command.impl.MoveDataverseCommand executeImpl
INFO: Checking guestbooks...
Feb 12, 2022 3:03:34 AM edu.harvard.iq.dataverse.engine.command.impl.MoveDataverseCommand executeImpl
INFO: Checking linked dataverses....
Feb 12, 2022 3:03:34 AM edu.harvard.iq.dataverse.engine.command.impl.MoveDataverseCommand executeImpl
INFO: Checking linked datasets...
[INFO] Tests run: 14, Failures: 0, Errors: 0, Skipped: 0, Time elapsed: 0.101 s - in MoveDataverseCommandTest
[INFO] Running UpdateDatasetThumbnailCommandTest
Feb 12, 2022 3:03:34 AM edu.harvard.iq.dataverse.engine.command.impl.UpdateDatasetThumbnailCommand execute
INFO: Can't update dataset thumbnail. Dataset is null.
Feb 12, 2022 3:03:34 AM edu.harvard.iq.dataverse.dataset.DatasetUtil getThumbnail
WARNING: getThumbnail(): Failed to initialize dataset StorageIO for null (getDataAccessObject: null or invalid datafile.)
Feb 12, 2022 3:03:34 AM edu.harvard.iq.dataverse.dataset.DatasetUtil getThumbnail
WARNING: getThumbnail(): Failed to initialize dataset StorageIO for null
[INFO] Tests run: 5, Failures: 0, Errors: 0, Skipped: 0, Time elapsed: 0.01 s - in UpdateDatasetThumbnailCommandTest
[INFO] Running CreateDataverseCommandTest
[INFO] Tests run: 5, Failures: 0, Errors: 0, Skipped: 0, Time elapsed: 0.023 s - in CreateDataverseCommandTest
[INFO] Running RequestRsyncScriptCommandTest
[INFO] Tests run: 1, Failures: 0, Errors: 0, Skipped: 0, Time elapsed: 0.505 s - in RequestRsyncScriptCommandTest
[INFO] Running CreateRoleCommandTest
[INFO] Tests run: 3, Failures: 0, Errors: 0, Skipped: 0, Time elapsed: 0.001 s - in CreateRoleCommandTest
[INFO] Running AbstractDatasetCommandTest
[INFO] Tests run: 4, Failures: 0, Errors: 0, Skipped: 0, Time elapsed: 0.001 s - in AbstractDatasetCommandTest
[INFO] Running RestrictFileCommandTest
[INFO] Tests run: 5, Failures: 0, Errors: 0, Skipped: 0, Time elapsed: 0 s - in RestrictFileCommandTest
[INFO] Running DeletePrivateUrlCommandTest
Feb 12, 2022 3:03:35 AM edu.harvard.iq.dataverse.engine.command.impl.DeletePrivateUrlCommand executeImpl
INFO: Can't delete Private URL. Dataset is null.
[INFO] Tests run: 2, Failures: 0, Errors: 0, Skipped: 0, Time elapsed: 0 s - in DeletePrivateUrlCommandTest
[INFO] Running SubmitDatasetForReviewCommandTest
[INFO] Tests run: 3, Failures: 0, Errors: 0, Skipped: 0, Time elapsed: 0 s - in SubmitDatasetForReviewCommandTest
[INFO] Running UpdatePermissionRootCommandTest
[INFO] Tests run: 2, Failures: 0, Errors: 0, Skipped: 0, Time elapsed: 0 s - in UpdatePermissionRootCommandTest
[INFO] Running GetPrivateUrlCommandTest
[INFO] Tests run: 2, Failures: 0, Errors: 0, Skipped: 0, Time elapsed: 0 s - in GetPrivateUrlCommandTest
[INFO] Running MoveDatasetCommandTest
[INFO] Tests run: 7, Failures: 0, Errors: 0, Skipped: 0, Time elapsed: 0 s - in MoveDatasetCommandTest
[INFO] Running ReturnDatasetToAuthorCommandTest
[INFO] Tests run: 4, Failures: 0, Errors: 0, Skipped: 0, Time elapsed: 0 s - in ReturnDatasetToAuthorCommandTest
[INFO] Running CreateDatasetVersionCommandTest
[INFO] Tests run: 2, Failures: 0, Errors: 0, Skipped: 0, Time elapsed: 2.575 s - in CreateDatasetVersionCommandTest
[INFO] Running CreatePrivateUrlCommandTest
Feb 12, 2022 3:03:37 AM edu.harvard.iq.dataverse.engine.command.impl.CreatePrivateUrlCommand execute
INFO: Can't create Private URL. Dataset is null.
Feb 12, 2022 3:03:37 AM edu.harvard.iq.dataverse.engine.command.impl.CreatePrivateUrlCommand execute
INFO: Can't create Private URL because the latest version of dataset id 2 is not a draft.
Feb 12, 2022 3:03:37 AM edu.harvard.iq.dataverse.engine.command.impl.CreatePrivateUrlCommand execute
INFO: Private URL already exists for dataset id 1.
[INFO] Tests run: 4, Failures: 0, Errors: 0, Skipped: 0, Time elapsed: 0.001 s - in CreatePrivateUrlCommandTest
[INFO] Running GetLatestPublishedDatasetVersionCommandTest
[INFO] Tests run: 3, Failures: 0, Errors: 0, Skipped: 0, Time elapsed: 0 s - in GetLatestPublishedDatasetVersionCommandTest
[INFO] Running PermissionTest
[INFO] Tests run: 1, Failures: 0, Errors: 0, Skipped: 0, Time elapsed: 0 s - in PermissionTest
[INFO] Running DublinCoreExportUtilTest
Feb 12, 2022 3:03:38 AM edu.harvard.iq.dataverse.export.dublincore.DublinCoreExportUtilTest testDatasetJson2dublincore
INFO: <?xml version="1.0" encoding="UTF-8"?>
<metadata xmlns:xsi="http://www.w3.org/2001/XMLSchema-instance" xmlns:dc="http://purl.org/dc/elements/1.1/" xmlns:dcterms="http://purl.org/dc/terms/" xmlns="http://dublincore.org/documents/dcmi-terms/">
  <dcterms:title>Darwin's Finches</dcterms:title>
  <dcterms:identifier>https://doi.org/10.5072/FK2/PCA2E3</dcterms:identifier>
  <dcterms:creator>Finch, Fiona</dcterms:creator>
  <dcterms:modified>2015-09-24T17:07:57Z</dcterms:modified>
  <dcterms:description>Darwin's finches (also known as the Galápagos finches) are a group of about fifteen species of passerine birds.</dcterms:description>
  <dcterms:subject>Medicine, Health and Life Sciences</dcterms:subject>
  <dcterms:subject>Keyword Value 1</dcterms:subject>
  <dcterms:subject>Keyword Value Two</dcterms:subject>
  <dcterms:contributor>Added, Depositor</dcterms:contributor>
  <dcterms:temporal>20020816</dcterms:temporal>
  <dcterms:temporal>20160630</dcterms:temporal>
  <dcterms:temporal>20070831</dcterms:temporal>
  <dcterms:temporal>20130630</dcterms:temporal>
  <dcterms:type>Kind of Data</dcterms:type>
  <dcterms:spatial>Cambridge</dcterms:spatial>
  <dcterms:spatial>USA</dcterms:spatial>
  <dcterms:spatial>MA</dcterms:spatial>
  <dcterms:spatial>Other Geographic Coverage</dcterms:spatial>
</metadata>

Feb 12, 2022 3:03:38 AM edu.harvard.iq.dataverse.export.dublincore.DublinCoreExportUtilTest testDatasetJson2dublincore
INFO: <?xml version="1.0" encoding="UTF-8"?>
<metadata xmlns:xsi="http://www.w3.org/2001/XMLSchema-instance" xmlns:dc="http://purl.org/dc/elements/1.1/" xmlns:dcterms="http://purl.org/dc/terms/" xmlns="http://dublincore.org/documents/dcmi-terms/">
  <dcterms:title>Darwin's Finches</dcterms:title>
  <dcterms:identifier>https://doi.org/10.5072/FK2/PCA2E3</dcterms:identifier>
  <dcterms:creator>Finch, Fiona</dcterms:creator>
  <dcterms:modified>2015-09-24T17:07:57Z</dcterms:modified>
  <dcterms:description>Darwin's finches (also known as the Galápagos finches) are a group of about fifteen species of passerine birds.</dcterms:description>
  <dcterms:subject>Medicine, Health and Life Sciences</dcterms:subject>
  <dcterms:subject>Keyword Value 1</dcterms:subject>
  <dcterms:subject>Keyword Value Two</dcterms:subject>
  <dcterms:contributor>Added, Depositor</dcterms:contributor>
  <dcterms:temporal>20020816</dcterms:temporal>
  <dcterms:temporal>20160630</dcterms:temporal>
  <dcterms:temporal>20070831</dcterms:temporal>
  <dcterms:temporal>20130630</dcterms:temporal>
  <dcterms:type>Kind of Data</dcterms:type>
  <dcterms:spatial>Cambridge</dcterms:spatial>
  <dcterms:spatial>USA</dcterms:spatial>
  <dcterms:spatial>MA</dcterms:spatial>
  <dcterms:spatial>Other Geographic Coverage</dcterms:spatial>
</metadata>

[INFO] Tests run: 1, Failures: 0, Errors: 0, Skipped: 0, Time elapsed: 0.855 s - in DublinCoreExportUtilTest
[INFO] Running DdiExportUtilTest
Feb 12, 2022 3:03:38 AM edu.harvard.iq.dataverse.export.ddi.DdiExportUtilTest testJson2DdiNoFiles
INFO: <?xml version="1.0" encoding="UTF-8"?>
<codeBook xmlns="ddi:codebook:2_5" xmlns:xsi="http://www.w3.org/2001/XMLSchema-instance" xsi:schemaLocation="ddi:codebook:2_5 http://www.ddialliance.org/Specification/DDI-Codebook/2.5/XMLSchema/codebook.xsd" version="2.5">
  <docDscr>
    <citation>
      <titlStmt>
        <titl>Darwin's Finches</titl>
        <IDNo agency="DOI">doi:10.5072/FK2/PCA2E3</IDNo>
      </titlStmt>
      <distStmt/>
      <verStmt source="DVN">
        <version date="2015-09-24" type="RELEASED">1</version>
      </verStmt>
      <biblCit>Finch, Fiona, 2015, "Darwin's Finches", https://doi.org/10.5072/FK2/PCA2E3,  Root Dataverse,  V1</biblCit>
    </citation>
  </docDscr>
  <stdyDscr>
    <citation>
      <titlStmt>
        <titl>Darwin's Finches</titl>
        <IDNo agency="DOI">doi:10.5072/FK2/PCA2E3</IDNo>
      </titlStmt>
      <rspStmt>
        <AuthEnty affiliation="Birds Inc.">Finch, Fiona</AuthEnty>
      </rspStmt>
      <prodStmt>
        <producer affiliation="Hawk Institute" abbr="ProdAbb" role="http://www.hawk.edu/logo" URI="http://www.hawk.edu/url">Johnny Hawk</producer>
      </prodStmt>
      <distStmt/>
    </citation>
    <stdyInfo>
      <subject>
        <keyword>Medicine, Health and Life Sciences</keyword>
        <keyword vocab="Keyword Vocabulary" URI="http://www.keyword.com/one">Keyword Value 1</keyword>
        <keyword vocab="Keyword Vocabulary" URI="http://www.keyword.com/one">Keyword Value Two</keyword>
        <topcClas vocab="TC Vocabulary" URI="http://www.topicClass.com/one">TC Value 1</topcClas>
      </subject>
      <abstract>Darwin's finches (also known as the Galápagos finches) are a group of about fifteen species of passerine birds.</abstract>
      <sumDscr>
        <timePrd cycle="P1" event="start" date="20020816">20020816</timePrd>
        <timePrd cycle="P1" event="end" date="20160630">20160630</timePrd>
        <collDate cycle="P1" event="start" date="20070831">20070831</collDate>
        <collDate cycle="P1" event="end" date="20130630">20130630</collDate>
        <dataKind>Kind of Data</dataKind>
        <geogCover>Cambridge</geogCover>
        <nation>USA</nation>
        <geogCover>MA</geogCover>
        <geogCover>Other Geographic Coverage</geogCover>
        <southBL>41.6</southBL>
        <westBL>60.3</westBL>
        <eastBL>59.8</eastBL>
        <northBL>43.8</northBL>
      </sumDscr>
      <distrbtr>
        <distrbtr affiliation="Valhalla Polytechnic" abbr="Dist-Abb" URI="http://www.valhalla.edu/url" role="http://www.valhalla.edu/logo">Odin Raven</distrbtr>
      </distrbtr>
      <contact affiliation="Finch Academy" email="finch@mailinator.com">Jimmy Finch</contact>
      <depositr>Added, Depositor</depositr>
    </stdyInfo>
    <method>
      <dataColl/>
      <anlyInfo/>
    </method>
  </stdyDscr>
</codeBook>

Feb 12, 2022 3:03:38 AM edu.harvard.iq.dataverse.export.ddi.DdiExportUtilTest testJson2DdiNoFiles
INFO: <?xml version="1.0" encoding="UTF-8"?>
<codeBook xmlns="ddi:codebook:2_5" xmlns:xsi="http://www.w3.org/2001/XMLSchema-instance" xsi:schemaLocation="ddi:codebook:2_5 http://www.ddialliance.org/Specification/DDI-Codebook/2.5/XMLSchema/codebook.xsd" version="2.5">
  <docDscr>
    <citation>
      <titlStmt>
        <titl>Darwin's Finches</titl>
        <IDNo agency="DOI">doi:10.5072/FK2/PCA2E3</IDNo>
      </titlStmt>
      <distStmt/>
      <verStmt source="DVN">
        <version date="2015-09-24" type="RELEASED">1</version>
      </verStmt>
      <biblCit>Finch, Fiona, 2015, "Darwin's Finches", https://doi.org/10.5072/FK2/PCA2E3,  Root Dataverse,  V1</biblCit>
    </citation>
  </docDscr>
  <stdyDscr>
    <citation>
      <titlStmt>
        <titl>Darwin's Finches</titl>
        <IDNo agency="DOI">doi:10.5072/FK2/PCA2E3</IDNo>
      </titlStmt>
      <rspStmt>
        <AuthEnty affiliation="Birds Inc.">Finch, Fiona</AuthEnty>
      </rspStmt>
      <prodStmt>
        <producer affiliation="Hawk Institute" abbr="ProdAbb" role="http://www.hawk.edu/logo" URI="http://www.hawk.edu/url">Johnny Hawk</producer>
      </prodStmt>
      <distStmt/>
    </citation>
    <stdyInfo>
      <subject>
        <keyword>Medicine, Health and Life Sciences</keyword>
        <keyword vocab="Keyword Vocabulary" URI="http://www.keyword.com/one">Keyword Value 1</keyword>
        <keyword vocab="Keyword Vocabulary" URI="http://www.keyword.com/one">Keyword Value Two</keyword>
        <topcClas vocab="TC Vocabulary" URI="http://www.topicClass.com/one">TC Value 1</topcClas>
      </subject>
      <abstract>Darwin's finches (also known as the Galápagos finches) are a group of about fifteen species of passerine birds.</abstract>
      <sumDscr>
        <timePrd cycle="P1" event="start" date="20020816">20020816</timePrd>
        <timePrd cycle="P1" event="end" date="20160630">20160630</timePrd>
        <collDate cycle="P1" event="start" date="20070831">20070831</collDate>
        <collDate cycle="P1" event="end" date="20130630">20130630</collDate>
        <dataKind>Kind of Data</dataKind>
        <geogCover>Cambridge</geogCover>
        <nation>USA</nation>
        <geogCover>MA</geogCover>
        <geogCover>Other Geographic Coverage</geogCover>
        <southBL>41.6</southBL>
        <westBL>60.3</westBL>
        <eastBL>59.8</eastBL>
        <northBL>43.8</northBL>
      </sumDscr>
      <distrbtr>
        <distrbtr affiliation="Valhalla Polytechnic" abbr="Dist-Abb" URI="http://www.valhalla.edu/url" role="http://www.valhalla.edu/logo">Odin Raven</distrbtr>
      </distrbtr>
      <contact affiliation="Finch Academy" email="finch@mailinator.com">Jimmy Finch</contact>
      <depositr>Added, Depositor</depositr>
    </stdyInfo>
    <method>
      <dataColl/>
      <anlyInfo/>
    </method>
  </stdyDscr>
</codeBook>

Feb 12, 2022 3:03:39 AM edu.harvard.iq.dataverse.export.ddi.DdiExportUtilTest testJson2ddiHasFiles
INFO: <?xml version="1.0" encoding="UTF-8"?>
<codeBook xmlns="ddi:codebook:2_5" xmlns:xsi="http://www.w3.org/2001/XMLSchema-instance" xsi:schemaLocation="ddi:codebook:2_5 http://www.ddialliance.org/Specification/DDI-Codebook/2.5/XMLSchema/codebook.xsd" version="2.5">
  <docDscr>
    <citation>
      <titlStmt>
        <titl>Spruce Goose</titl>
        <IDNo agency="DOI">doi:10.5072/FK2/OZDVMO</IDNo>
      </titlStmt>
      <distStmt/>
      <verStmt source="DVN">
        <version date="2015-09-29" type="RELEASED">1</version>
      </verStmt>
      <biblCit>Spruce, Sabrina, 2015, "Spruce Goose", https://doi.org/10.5072/FK2/OZDVMO,  Root Dataverse,  V1</biblCit>
    </citation>
  </docDscr>
  <stdyDscr>
    <citation>
      <titlStmt>
        <titl>Spruce Goose</titl>
        <IDNo agency="DOI">doi:10.5072/FK2/OZDVMO</IDNo>
      </titlStmt>
      <rspStmt>
        <AuthEnty>Spruce, Sabrina</AuthEnty>
      </rspStmt>
      <prodStmt/>
      <distStmt/>
    </citation>
    <stdyInfo>
      <subject>
        <keyword>Other</keyword>
      </subject>
      <abstract>What the Spruce Goose was really made of.</abstract>
      <sumDscr/>
      <depositr>Spruce, Sabrina</depositr>
    </stdyInfo>
    <method>
      <dataColl/>
      <anlyInfo/>
    </method>
  </stdyDscr>
  <dataDscr/>
  <otherMat ID="f12" level="datafile">
    <labl>trees.png</labl>
    <txt/>
  </otherMat>
</codeBook>

Feb 12, 2022 3:03:39 AM edu.harvard.iq.dataverse.export.ddi.DdiExportUtilTest testJson2ddiHasFiles
INFO: <?xml version="1.0" encoding="UTF-8"?>
<codeBook xmlns="ddi:codebook:2_5" xmlns:xsi="http://www.w3.org/2001/XMLSchema-instance" xsi:schemaLocation="ddi:codebook:2_5 http://www.ddialliance.org/Specification/DDI-Codebook/2.5/XMLSchema/codebook.xsd" version="2.5">
  <docDscr>
    <citation>
      <titlStmt>
        <titl>Spruce Goose</titl>
        <IDNo agency="DOI">doi:10.5072/FK2/OZDVMO</IDNo>
      </titlStmt>
      <distStmt/>
      <verStmt source="DVN">
        <version date="2015-09-29" type="RELEASED">1</version>
      </verStmt>
      <biblCit>Spruce, Sabrina, 2015, "Spruce Goose", https://doi.org/10.5072/FK2/OZDVMO,  Root Dataverse,  V1</biblCit>
    </citation>
  </docDscr>
  <stdyDscr>
    <citation>
      <titlStmt>
        <titl>Spruce Goose</titl>
        <IDNo agency="DOI">doi:10.5072/FK2/OZDVMO</IDNo>
      </titlStmt>
      <rspStmt>
        <AuthEnty>Spruce, Sabrina</AuthEnty>
      </rspStmt>
      <prodStmt/>
      <distStmt/>
    </citation>
    <stdyInfo>
      <subject>
        <keyword>Other</keyword>
      </subject>
      <abstract>What the Spruce Goose was really made of.</abstract>
      <sumDscr/>
      <depositr>Spruce, Sabrina</depositr>
    </stdyInfo>
    <method>
      <dataColl/>
      <anlyInfo/>
    </method>
  </stdyDscr>
  <otherMat ID="f12" URI="https://dd30a4899e9b/api/access/datafile/12" level="datafile">
    <labl>15000410d28-890ffa5c23c6</labl>
    <txt/>
    <notes level="file" type="DATAVERSE:CONTENTTYPE" subject="Content/MIME Type">image/png</notes>
  </otherMat>
</codeBook>

[INFO] Tests run: 2, Failures: 0, Errors: 0, Skipped: 0, Time elapsed: 0.825 s - in DdiExportUtilTest
[INFO] Running DDIExporterTest
testCitation
Feb 12, 2022 3:03:39 AM edu.harvard.iq.dataverse.DataCitation getDateFrom
WARNING: Unable to find citation date for datasetversion: null
citation: Finch, Fiona, 2022, "Darwin's Finches", DRAFT VERSION
exportDataset
[Fatal Error] :-1:-1: Premature end of file.
Feb 12, 2022 3:03:39 AM edu.harvard.iq.dataverse.util.xml.XmlPrinter prettyPrintXml
INFO: Returning XML as-is due to problem pretty printing it: javax.xml.transform.TransformerException: org.xml.sax.SAXParseException; Premature end of file.
out: 
<?xml version="1.0" encoding="UTF-8"?>
<codeBook xmlns="ddi:codebook:2_5" xmlns:xsi="http://www.w3.org/2001/XMLSchema-instance" xsi:schemaLocation="ddi:codebook:2_5 http://www.ddialliance.org/Specification/DDI-Codebook/2.5/XMLSchema/codebook.xsd" version="2.5">
  <docDscr>
    <citation>
      <titlStmt>
        <titl>Darwin's Finches</titl>
        <IDNo>null:null/null</IDNo>
      </titlStmt>
      <distStmt/>
      <verStmt source="DVN">
        <version date="2016-09-29" type="RELEASED">1</version>
      </verStmt>
      <biblCit>Finch, Fiona, 2016, "Darwin's Finches", https://doi.org/10.5072/FK2/G2VPE7, Root Dataverse, V1</biblCit>
    </citation>
  </docDscr>
  <stdyDscr>
    <citation>
      <titlStmt>
        <titl>Darwin's Finches</titl>
        <IDNo>null:null/null</IDNo>
      </titlStmt>
      <rspStmt>
        <AuthEnty affiliation="Birds Inc.">Finch, Fiona</AuthEnty>
      </rspStmt>
      <prodStmt/>
      <distStmt/>
    </citation>
    <stdyInfo>
      <subject>
        <keyword>Medicine, Health and Life Sciences</keyword>
      </subject>
      <abstract>Darwin's finches (also known as the Galápagos finches) are a group of about fifteen species of passerine birds.</abstract>
      <sumDscr/>
      <contact>Finch, Fiona</contact>
    </stdyInfo>
    <method>
      <dataColl/>
      <anlyInfo/>
    </method>
  </stdyDscr>
</codeBook>

<?xml version="1.0" encoding="UTF-8"?>
<codeBook xmlns="ddi:codebook:2_5" xmlns:xsi="http://www.w3.org/2001/XMLSchema-instance" xsi:schemaLocation="ddi:codebook:2_5 http://www.ddialliance.org/Specification/DDI-Codebook/2.5/XMLSchema/codebook.xsd" version="2.5">
  <docDscr>
    <citation>
      <titlStmt>
        <titl>Darwin's Finches</titl>
        <IDNo>null:null/null</IDNo>
      </titlStmt>
      <distStmt/>
      <verStmt source="DVN">
        <version date="2016-09-29" type="RELEASED">1</version>
      </verStmt>
      <biblCit>Finch, Fiona, 2016, "Darwin's Finches", https://doi.org/10.5072/FK2/G2VPE7, Root Dataverse, V1</biblCit>
    </citation>
  </docDscr>
  <stdyDscr>
    <citation>
      <titlStmt>
        <titl>Darwin's Finches</titl>
        <IDNo>null:null/null</IDNo>
      </titlStmt>
      <rspStmt>
        <AuthEnty affiliation="Birds Inc.">Finch, Fiona</AuthEnty>
      </rspStmt>
      <prodStmt/>
      <distStmt/>
    </citation>
    <stdyInfo>
      <subject>
        <keyword>Medicine, Health and Life Sciences</keyword>
      </subject>
      <abstract>Darwin's finches (also known as the Galápagos finches) are a group of about fifteen species of passerine birds.</abstract>
      <sumDscr/>
      <contact email="finch@mailinator.com">Finch, Fiona</contact>
    </stdyInfo>
    <method>
      <dataColl/>
      <anlyInfo/>
    </method>
  </stdyDscr>
</codeBook>

[INFO] Tests run: 4, Failures: 0, Errors: 0, Skipped: 0, Time elapsed: 0.705 s - in DDIExporterTest
[INFO] Running SchemaDotOrgExporterTest
isHarvestable
getDisplayName
getXMLNameSpace
exportDataset
schema.org JSON-LD: {
  "@context": "http://schema.org",
  "@type": "Dataset",
  "identifier": "https://doi.org/myAuthority/myIdentifier",
  "name": "Darwin\u0027s Finches",
  "author": [
    {
      "name": "Finch, Fiona",
      "affiliation": "Birds Inc."
    }
  ],
  "dateModified": "1955-11-05",
  "version": "1",
  "description": "Darwin\u0027s finches (also known as the Galápagos finches) are a group of about fifteen species of passerine birds.",
  "keywords": [
    "Medicine, Health and Life Sciences"
  ],
  "schemaVersion": "https://schema.org/version/3.3",
  "includedInDataCatalog": {
    "@type": "DataCatalog",
    "name": "LibraScholar",
    "url": "https://librascholar.org"
  },
  "provider": {
    "@type": "Organization",
    "name": "Dataverse"
  }
}
isXMLFormat
getXMLSchemaVersion
getProviderName
getXMLSchemaLocation
isAvailableToUsers
setParam
[INFO] Tests run: 10, Failures: 0, Errors: 0, Skipped: 0, Time elapsed: 0.02 s - in SchemaDotOrgExporterTest
[INFO] Running FileAccessIOTest
[INFO] Tests run: 17, Failures: 0, Errors: 0, Skipped: 0, Time elapsed: 1.223 s - in FileAccessIOTest
[INFO] Running StorageIOTest
[INFO] Tests run: 24, Failures: 0, Errors: 0, Skipped: 0, Time elapsed: 0.055 s - in StorageIOTest
[INFO] Running SwiftAccessIOTest
[INFO] Tests run: 5, Failures: 0, Errors: 0, Skipped: 0, Time elapsed: 0.132 s - in SwiftAccessIOTest
[INFO] Running SiteMapUtilTest
Feb 12, 2022 3:03:41 AM edu.harvard.iq.dataverse.sitemap.SiteMapUtil updateSiteMap
INFO: BEGIN updateSiteMap
Feb 12, 2022 3:03:41 AM edu.harvard.iq.dataverse.sitemap.SiteMapUtil updateSiteMap
INFO: Writing staged sitemap to /tmp/sitemap.xml.staged
Feb 12, 2022 3:03:41 AM edu.harvard.iq.dataverse.sitemap.SiteMapUtil updateSiteMap
INFO: Checking staged sitemap for well-formedness. The staged file is /tmp/sitemap.xml.staged
Feb 12, 2022 3:03:41 AM edu.harvard.iq.dataverse.sitemap.SiteMapUtil updateSiteMap
INFO: Checking staged sitemap against XML schema. The staged file is /tmp/sitemap.xml.staged
Feb 12, 2022 3:03:42 AM edu.harvard.iq.dataverse.util.xml.XmlValidator validateXmlSchema
INFO: file:/tmp/sitemap.xml.staged is valid
Feb 12, 2022 3:03:42 AM edu.harvard.iq.dataverse.sitemap.SiteMapUtil updateSiteMap
INFO: Copying staged sitemap from /tmp/sitemap.xml.staged to /tmp/sitemap.xml
Feb 12, 2022 3:03:42 AM edu.harvard.iq.dataverse.sitemap.SiteMapUtil updateSiteMap
INFO: END updateSiteMap
Feb 12, 2022 3:03:42 AM edu.harvard.iq.dataverse.util.xml.XmlValidator validateXmlSchema
INFO: file:/tmp/sitemap.xml is valid
sitemap: <?xml version="1.0" encoding="UTF-8"?>
<urlset xmlns="http://www.sitemaps.org/schemas/sitemap/0.9" xmlns:xhtml="http://www.w3.org/1999/xhtml">
  <url>
    <loc>https://librascholar.org/dataverse/publishedDv1</loc>
    <lastmod>1955-11-12</lastmod>
  </url>
  <url>
    <loc>https://librascholar.org/dataset.xhtml?persistentId=doi:10.666/FAKE/published1</loc>
    <lastmod>2022-02-12</lastmod>
  </url>
</urlset>

[INFO] Tests run: 1, Failures: 0, Errors: 0, Skipped: 0, Time elapsed: 1.097 s - in SiteMapUtilTest
[INFO] Running DatasetVersionDTOTest
[INFO] Tests run: 1, Failures: 0, Errors: 0, Skipped: 0, Time elapsed: 0.103 s - in DatasetVersionDTOTest
[INFO] Running JsonParserTest
2015-09-15T00:00:00Z
{"alias":"test-ip-group","identifier":"&ip/test-ip-group","id":42,"name":"Test-ip-group","description":"Ip group description","addresses":["fe80:0:0:0:22c9:d0ff:fe48:ce61"]}
2015-09-15T11:37:56Z
json = {"typeName":"coordinate","multiple":true,"typeClass":"compound","value":[{"lat":{"typeName":"lat","multiple":false,"typeClass":"primitive","value":"0"},"lon":{"typeName":"lon","multiple":false,"typeClass":"primitive","value":"3"}},{"lat":{"typeName":"lat","multiple":false,"typeClass":"primitive","value":"10"},"lon":{"typeName":"lon","multiple":false,"typeClass":"primitive","value":"13"}},{"lat":{"typeName":"lat","multiple":false,"typeClass":"primitive","value":"20"},"lon":{"typeName":"lon","multiple":false,"typeClass":"primitive","value":"23"}},{"lat":{"typeName":"lat","multiple":false,"typeClass":"primitive","value":"30"},"lon":{"typeName":"lon","multiple":false,"typeClass":"primitive","value":"33"}},{"lat":{"typeName":"lat","multiple":false,"typeClass":"primitive","value":"40"},"lon":{"typeName":"lon","multiple":false,"typeClass":"primitive","value":"43"}}]}
{"alias":"test-ip-group","identifier":"&ip/test-ip-group","id":42,"name":"Test-ip-group","description":"Ip group description","addresses":["1.1.1.1"]}
Feb 12, 2022 3:03:43 AM edu.harvard.iq.dataverse.util.json.JsonParser getCategories
INFO: ClassCastException caught in getCategories: java.lang.ClassCastException: org.glassfish.json.JsonNumberImpl$JsonBigDecimalNumber cannot be cast to javax.json.JsonString
fileMetadatas: [edu.harvard.iq.dvn.core.study.FileMetadata[id=null], edu.harvard.iq.dvn.core.study.FileMetadata[id=null]]
true
{"alias":"test-ip-group","identifier":"&ip/test-ip-group","id":42,"name":"Test-ip-group","description":"Ip group description","addresses":["1.1.1.1","1:2:3:0:0:0:4:5"],"ranges":[["1:2:3:0:0:0:3:ff","1:2:3:0:0:0:3:5"],["1.2.1.1","1.2.1.10"]]}
true
[INFO] Tests run: 20, Failures: 0, Errors: 0, Skipped: 0, Time elapsed: 0.826 s - in JsonParserTest
[INFO] Running JsonUtilTest
Feb 12, 2022 3:03:43 AM edu.harvard.iq.dataverse.util.json.JsonUtil prettyPrint
INFO: Returning original string due to exception: java.lang.NullPointerException
Feb 12, 2022 3:03:43 AM edu.harvard.iq.dataverse.util.json.JsonUtil prettyPrint
INFO: Returning original string due to exception: java.lang.IllegalStateException: Not a JSON Object: null
Feb 12, 2022 3:03:43 AM edu.harvard.iq.dataverse.util.json.JsonUtil prettyPrint
INFO: Returning original string due to exception: java.lang.IllegalStateException: Not a JSON Object: "junk"
[INFO] Tests run: 1, Failures: 0, Errors: 0, Skipped: 0, Time elapsed: 0.001 s - in JsonUtilTest
[INFO] Running JsonPrinterTest
json: {
  "fields": [
    {
      "typeName": "datasetContact",
      "multiple": true,
      "typeClass": "compound",
      "value": [
        {
          "datasetContactName": {
            "typeName": "datasetContactName",
            "multiple": false,
            "typeClass": "primitive",
            "value": "Foo Bar"
          },
          "datasetContactAffiliation": {
            "typeName": "datasetContactAffiliation",
            "multiple": false,
            "typeClass": "primitive",
            "value": "Bar University"
          }
        }
      ]
    }
  ]
}
byBlocks: {
  "citation": {
    "fields": [
      {
        "typeName": "datasetContact",
        "multiple": true,
        "typeClass": "compound",
        "value": [
          {
            "datasetContactName": {
              "typeName": "datasetContactName",
              "multiple": false,
              "typeClass": "primitive",
              "value": "Foo Bar"
            },
            "datasetContactAffiliation": {
              "typeName": "datasetContactAffiliation",
              "multiple": false,
              "typeClass": "primitive",
              "value": "Bar University"
            }
          }
        ]
      }
    ]
  }
}
json: {"description":"","label":"","restricted":false,"categories":["Data"],"dataFile":{"persistentId":"doi:10.5072/FK2/ABC123","pidURL":"https://doi.org/10.5072/FK2/ABC123","filename":"","filesize":-1,"originalFormatLabel":"UNKNOWN","rootDataFileId":-1,"tabularTags":["Survey"]}}
json: {
  "fields": [
    {
      "typeName": "datasetContact",
      "multiple": true,
      "typeClass": "compound",
      "value": [
        {
          "datasetContactName": {
            "typeName": "datasetContactName",
            "multiple": false,
            "typeClass": "primitive",
            "value": "Foo Bar"
          },
          "datasetContactAffiliation": {
            "typeName": "datasetContactAffiliation",
            "multiple": false,
            "typeClass": "primitive",
            "value": "Bar University"
          }
        }
      ]
    }
  ]
}
[ERROR] Tests run: 5, Failures: 0, Errors: 1, Skipped: 0, Time elapsed: 0.056 s <<< FAILURE! - in JsonPrinterTest
[ERROR] testDatasetContactOutOfBoxNoPrivacy  Time elapsed: 0.025 s  <<< ERROR!
java.lang.NullPointerException
	at edu.harvard.iq.dataverse.util.json.JsonPrinterTest.testDatasetContactOutOfBoxNoPrivacy(JsonPrinterTest.java:204)

[INFO] Running BriefJsonPrinterTest
[INFO] Tests run: 3, Failures: 0, Errors: 0, Skipped: 0, Time elapsed: 0 s - in BriefJsonPrinterTest
[INFO] Running XmlPrinterTest
[Fatal Error] :1:1: Content is not allowed in prolog.
Feb 12, 2022 3:03:43 AM edu.harvard.iq.dataverse.util.xml.XmlPrinter prettyPrintXml
INFO: Returning XML as-is due to problem pretty printing it: javax.xml.transform.TransformerException: org.xml.sax.SAXParseException; lineNumber: 1; columnNumber: 1; Content is not allowed in prolog.
[INFO] Tests run: 2, Failures: 0, Errors: 0, Skipped: 0, Time elapsed: 0 s - in XmlPrinterTest
[INFO] Running XmlValidatorTest
[WARNING] Tests run: 2, Failures: 0, Errors: 0, Skipped: 1, Time elapsed: 0.215 s - in XmlValidatorTest
[INFO] Running ShapefileHandlerTest
------------------------------------------------------------
(1) testCreateZippedNonShapefile
------------------------------------------------------------
------------------------------------------------------------
/tmp/junit3876719873232573248
------------------------------------------------------------
fname: /tmp/junit3876719873232573248/not-quite-a-shape.zip
Passed!
------------------------------------------------------------
(2) testZippedTwoShapefiles
------------------------------------------------------------
-------------------------------
Hash: file base names + extensions
-------------------------------

Key: [shp_dictionary] Ext List: [xls]
 >>>> Not a shapefile

Key: [notes] Ext List: [__PLACEHOLDER-FOR-BLANK-EXTENSION__]
 >>>> Not a shapefile

Key: [shape1] Ext List: [shp, shx, dbf, prj, fbn, fbx]
 >>>> YES, This is a shapefile!

Key: [shape2] Ext List: [shp, shx, dbf, prj, txt, pdf, __PLACEHOLDER-FOR-BLANK-EXTENSION__]
 >>>> YES, This is a shapefile!

Key: [README] Ext List: [MD]
 >>>> Not a shapefile
------------------------------------------------------------
/tmp/junit4564007165685350697
------------------------------------------------------------
fname: /tmp/junit4564007165685350697/two-shapes.zip
Creating folder: scratch-for-unzip-12345

(1) Basename: shp_dictionary
Extensions: [xls]

(2) Basename: notes
Extensions: [__PLACEHOLDER-FOR-BLANK-EXTENSION__]

(3) Basename: shape1
Extensions: [shp, shx, dbf, prj, fbn, fbx]

(4) Basename: shape2
Extensions: [shp, shx, dbf, prj, txt, pdf, __PLACEHOLDER-FOR-BLANK-EXTENSION__]

(5) Basename: README
Extensions: [MD]
rezipped_filenames: [shp_dictionary.xls, notes, shape1.zip, shape2.txt, shape2.pdf, shape2, shape2.zip, README.MD]
Passed!
------------------------------------------------------------
(3) testZippedShapefileWithExtraFiles
------------------------------------------------------------
Creating folder: scratch-for-unzip-12345

(1) Basename: shape1
Extensions: [shp, shx, dbf, prj, pdf, cpg, shp.xml]

(2) Basename: README
Extensions: [md]

(3) Basename: shape_notes
Extensions: [txt]
rezipped_filenames: [shape1.pdf, shape1.zip, README.md, shape_notes.txt]
Passed!
[INFO] Tests run: 3, Failures: 0, Errors: 0, Skipped: 0, Time elapsed: 0.139 s - in ShapefileHandlerTest
[INFO] Running MarkupCheckerTest
sanitizeBasicHTML
--------------------------------------
safeStr: <script>alert('hi')</script>
sanitized: 
--------------------------------------
safeStr: <map name="rtdcCO"></map>
sanitized: <map name="rtdcCO"></map>
--------------------------------------
safeStr: <area shape="rect" coords="42,437,105,450" href="/dvn/dv/rtdc/faces/study/StudyPage.xhtml?globalId=hdl:10904/10006" title="Galactic Center (DHT02)" alt="Galactic Center (DHT02)">
sanitized: <area shape="rect" coords="42,437,105,450" href="/dvn/dv/rtdc/faces/study/StudyPage.xhtml?globalId=hdl:10904/10006" title="Galactic Center (DHT02)" alt="Galactic Center (DHT02)">
--------------------------------------
safeStr: <map name="rtdcCO"><area shape="rect" coords="42,437,105,450" href="/dvn/dv/rtdc/faces/study/StudyPage.xhtml?globalId=hdl:10904/10006" title="Galactic Center (DHT02)" alt="Galactic Center (DHT02)"></map>
sanitized: <map name="rtdcCO"><area shape="rect" coords="42,437,105,450" href="/dvn/dv/rtdc/faces/study/StudyPage.xhtml?globalId=hdl:10904/10006" title="Galactic Center (DHT02)" alt="Galactic Center (DHT02)"></map>
--------------------------------------
safeStr: <p>hello&lt;/</p>
sanitized: <p>hello&lt;/</p>
--------------------------------------
safeStr: <h1>hello</h1>
sanitized: <h1>hello</h1>
--------------------------------------
safeStr: the 
<a href="http://dataverse.org" rel="nofollow" target="_blank">Dataverse project</a> in a new window
sanitized: the 
<a href="http://dataverse.org" rel="nofollow" target="_blank">Dataverse project</a> in a new window
--------------------------------------
safeStr: the 
<a href="http://dataverse.org" rel="nofollow" target="_blank">Dataverse project</a> in a new window
sanitized: the 
<a href="http://dataverse.org" rel="nofollow" target="_blank">Dataverse project</a> in a new window
stripAllTags
[INFO] Tests run: 3, Failures: 0, Errors: 0, Skipped: 0, Time elapsed: 0.016 s - in MarkupCheckerTest
[INFO] Running JsfHelperTest
enumValue
Feb 12, 2022 3:03:44 AM edu.harvard.iq.dataverse.util.JsfHelper enumValue
WARNING: Illegal value for enum edu.harvard.iq.dataverse.util.JsfHelperTest$TestEnum: 'THIS IS A BAD VALUE'
[INFO] Tests run: 1, Failures: 0, Errors: 0, Skipped: 0, Time elapsed: 0 s - in JsfHelperTest
[INFO] Running MailUtilTest
Feb 12, 2022 3:03:44 AM edu.harvard.iq.dataverse.util.MailUtil parseSystemAddress
INFO: Email will not be sent due to invalid value in :SystemEmail setting: javax.mail.internet.AddressException: Null address (,0)
Feb 12, 2022 3:03:44 AM edu.harvard.iq.dataverse.util.MailUtil parseSystemAddress
INFO: Email will not be sent due to invalid value in :SystemEmail setting: javax.mail.internet.AddressException: Illegal Address (LibraScholar Support Team support@librascholar.edu,13)
Feb 12, 2022 3:03:44 AM edu.harvard.iq.dataverse.util.MailUtil parseSystemAddress
INFO: Email will not be sent due to invalid value in :SystemEmail setting: javax.mail.internet.AddressException: Missing '"' ("LibraScholar Support Team <support@librascholar.edu>,53)
Feb 12, 2022 3:03:44 AM edu.harvard.iq.dataverse.util.MailUtil parseSystemAddress
INFO: Email will not be sent due to invalid value in :SystemEmail setting: javax.mail.internet.AddressException: Illegal Address (support1@dataverse.org, support@librascholar.edu,22)
[INFO] Tests run: 18, Failures: 0, Errors: 0, Skipped: 0, Time elapsed: 0.017 s - in MailUtilTest
[INFO] Running FileUtilTest
Feb 12, 2022 3:03:44 AM edu.harvard.iq.dataverse.util.JhoveFileType checkFileType
INFO: Called getJhoveConfigFile but the result was null! Configuring JHOVE is highly recommended to determine file types.
edu.harvard.hul.ois.jhove.JhoveException: Initialization exception; location not specified for configuration file.
	at edu.harvard.hul.ois.jhove.JhoveBase.init(Unknown Source)
	at edu.harvard.iq.dataverse.util.JhoveFileType.checkFileType(JhoveFileType.java:92)
	at edu.harvard.iq.dataverse.util.JhoveFileType.getFileMimeType(JhoveFileType.java:192)
	at edu.harvard.iq.dataverse.util.FileUtil.determineFileType(FileUtil.java:337)
	at edu.harvard.iq.dataverse.util.FileUtilTest.testDetermineFileType(FileUtilTest.java:194)
	at sun.reflect.NativeMethodAccessorImpl.invoke0(Native Method)
	at sun.reflect.NativeMethodAccessorImpl.invoke(NativeMethodAccessorImpl.java:62)
	at sun.reflect.DelegatingMethodAccessorImpl.invoke(DelegatingMethodAccessorImpl.java:43)
	at java.lang.reflect.Method.invoke(Method.java:498)
	at org.junit.runners.model.FrameworkMethod$1.runReflectiveCall(FrameworkMethod.java:50)
	at org.junit.internal.runners.model.ReflectiveCallable.run(ReflectiveCallable.java:12)
	at org.junit.runners.model.FrameworkMethod.invokeExplosively(FrameworkMethod.java:47)
	at org.junit.internal.runners.statements.InvokeMethod.evaluate(InvokeMethod.java:17)
	at org.junit.runners.ParentRunner.runLeaf(ParentRunner.java:325)
	at org.junit.runners.BlockJUnit4ClassRunner.runChild(BlockJUnit4ClassRunner.java:78)
	at org.junit.runners.BlockJUnit4ClassRunner.runChild(BlockJUnit4ClassRunner.java:57)
	at org.junit.runners.ParentRunner$3.run(ParentRunner.java:290)
	at org.junit.runners.ParentRunner$1.schedule(ParentRunner.java:71)
	at org.junit.runners.ParentRunner.runChildren(ParentRunner.java:288)
	at org.junit.runners.ParentRunner.access$000(ParentRunner.java:58)
	at org.junit.runners.ParentRunner$2.evaluate(ParentRunner.java:268)
	at org.junit.runners.ParentRunner.run(ParentRunner.java:363)
	at org.junit.runner.JUnitCore.run(JUnitCore.java:137)
	at org.junit.runner.JUnitCore.run(JUnitCore.java:115)
	at org.junit.vintage.engine.execution.RunnerExecutor.execute(RunnerExecutor.java:39)
	at java.util.stream.ForEachOps$ForEachOp$OfRef.accept(ForEachOps.java:184)
	at java.util.stream.ReferencePipeline$3$1.accept(ReferencePipeline.java:193)
	at java.util.Iterator.forEachRemaining(Iterator.java:116)
	at java.util.Spliterators$IteratorSpliterator.forEachRemaining(Spliterators.java:1801)
	at java.util.stream.AbstractPipeline.copyInto(AbstractPipeline.java:481)
	at java.util.stream.AbstractPipeline.wrapAndCopyInto(AbstractPipeline.java:471)
	at java.util.stream.ForEachOps$ForEachOp.evaluateSequential(ForEachOps.java:151)
	at java.util.stream.ForEachOps$ForEachOp$OfRef.evaluateSequential(ForEachOps.java:174)
	at java.util.stream.AbstractPipeline.evaluate(AbstractPipeline.java:234)
	at java.util.stream.ReferencePipeline.forEach(ReferencePipeline.java:418)
	at org.junit.vintage.engine.VintageTestEngine.executeAllChildren(VintageTestEngine.java:79)
	at org.junit.vintage.engine.VintageTestEngine.execute(VintageTestEngine.java:70)
	at org.junit.platform.launcher.core.DefaultLauncher.execute(DefaultLauncher.java:170)
	at org.junit.platform.launcher.core.DefaultLauncher.execute(DefaultLauncher.java:154)
	at org.junit.platform.launcher.core.DefaultLauncher.execute(DefaultLauncher.java:90)
	at org.apache.maven.surefire.junitplatform.JUnitPlatformProvider.invokeAllTests(JUnitPlatformProvider.java:142)
	at org.apache.maven.surefire.junitplatform.JUnitPlatformProvider.invoke(JUnitPlatformProvider.java:117)
	at org.apache.maven.surefire.booter.ForkedBooter.invokeProviderInSameClassLoader(ForkedBooter.java:383)
	at org.apache.maven.surefire.booter.ForkedBooter.runSuitesInProcess(ForkedBooter.java:344)
	at org.apache.maven.surefire.booter.ForkedBooter.execute(ForkedBooter.java:125)
	at org.apache.maven.surefire.booter.ForkedBooter.main(ForkedBooter.java:417)
[INFO] Tests run: 15, Failures: 0, Errors: 0, Skipped: 0, Time elapsed: 0.106 s - in FileUtilTest
[INFO] Running BitSetTest
[INFO] Tests run: 9, Failures: 0, Errors: 0, Skipped: 0, Time elapsed: 0.001 s - in BitSetTest
[INFO] Running LruCacheTest
[INFO] Tests run: 2, Failures: 0, Errors: 0, Skipped: 0, Time elapsed: 0 s - in LruCacheTest
[INFO] Running BundleUtilTest
Feb 12, 2022 3:03:44 AM edu.harvard.iq.dataverse.util.BundleUtil getStringFromBundle
WARNING: Could not find key "junkKeyWeDoNotExpectToFind" in bundle file.
[INFO] Tests run: 3, Failures: 0, Errors: 0, Skipped: 0, Time elapsed: 0 s - in BundleUtilTest
[INFO] Running StringUtilTest
[INFO] Tests run: 7, Failures: 0, Errors: 0, Skipped: 0, Time elapsed: 0 s - in StringUtilTest
[INFO] Running FileSortFieldAndOrderTest
[INFO] Tests run: 1, Failures: 0, Errors: 0, Skipped: 0, Time elapsed: 0 s - in FileSortFieldAndOrderTest
[INFO] Running ExternalToolTest
toJson
result: {"id":42,"displayName":"myDisplayName","description":"myDescription","type":"explore","toolUrl":"http://example.com","toolParameters":"{}"}
[INFO] Tests run: 1, Failures: 0, Errors: 0, Skipped: 0, Time elapsed: 0 s - in ExternalToolTest
[INFO] Running ExternalToolHandlerTest
Feb 12, 2022 3:03:44 AM edu.harvard.iq.dataverse.externaltools.ExternalToolHandler <init>
WARNING: Error in ExternalToolHandler constructor: A DataFile is required.
Feb 12, 2022 3:03:44 AM edu.harvard.iq.dataverse.externaltools.ExternalToolHandler <init>
WARNING: Error in ExternalToolHandler constructor: A DataFile is required.
result3: ?key1=42&key2=7196b5ce-f200-4286-8809-03ffdbc255d7
result4: ?key1=42
Exception caught: java.lang.IllegalArgumentException: Unknown reserved word: {junk}
[INFO] Tests run: 1, Failures: 0, Errors: 0, Skipped: 0, Time elapsed: 0.002 s - in ExternalToolHandlerTest
[INFO] Running ExternalToolServiceBeanTest
tool: {"displayName":"AwesomeTool","toolUrl":"http://awesometool.com","toolParameters":{}}
tool: {"displayName":"AwesomeTool","description":"This tool is awesome.","type":"explore","toolUrl":"http://awesometool.com","toolParameters":{"queryParameters":[{"fileid":"{fileId}"},{"key":"{apiToken}"},{"mode":"mode1"}]}}
tool: {"displayName":"AwesomeTool","description":"This tool is awesome.","type":"explore","toolParameters":{}}
tool: {"displayName":"AwesomeTool","description":"This tool is awesome.","type":"noSuchType","toolUrl":"http://awesometool.com","toolParameters":{}}
exception: java.lang.IllegalArgumentException: Type must be one of these values: [explore, configure].
tool: {"displayName":"AwesomeTool","description":"This tool is awesome.","type":"explore","toolUrl":"http://awesometool.com","toolParameters":{"queryParameters":[{"key":"{apiToken}"}]}}
tool: {"displayName":"AwesomeTool","description":"This tool is awesome.","type":"explore","toolUrl":"http://awesometool.com","toolParameters":{"queryParameters":[{"fileid":"{fileId}"},{"key":"{apiToken}"}]}}
result: http://awesometool.com?fileid=42&key=7196b5ce-f200-4286-8809-03ffdbc255d7
tool: {"description":"This tool is awesome.","toolUrl":"http://awesometool.com","toolParameters":{}}
[INFO] Tests run: 10, Failures: 0, Errors: 0, Skipped: 0, Time elapsed: 0.019 s - in ExternalToolServiceBeanTest
[INFO] Running ShibUtilTest
[INFO] Tests run: 6, Failures: 0, Errors: 0, Skipped: 0, Time elapsed: 0.073 s - in ShibUtilTest
[INFO] Running OrcidOAuth2APTest
[INFO] Tests run: 7, Failures: 0, Errors: 0, Skipped: 0, Time elapsed: 0.223 s - in OrcidOAuth2APTest
[INFO] Running GoogleOAuth2APTest
[INFO] Tests run: 2, Failures: 0, Errors: 0, Skipped: 0, Time elapsed: 0 s - in GoogleOAuth2APTest
[INFO] Running GitHubOAuth2APTest
[INFO] Tests run: 1, Failures: 0, Errors: 0, Skipped: 0, Time elapsed: 0 s - in GitHubOAuth2APTest
[INFO] Running OAuth2AuthenticationProviderFactoryTest
[INFO] Tests run: 1, Failures: 0, Errors: 0, Skipped: 0, Time elapsed: 0.001 s - in OAuth2AuthenticationProviderFactoryTest
[INFO] Running BuiltinAuthenticationProviderTest
[INFO] Tests run: 9, Failures: 0, Errors: 0, Skipped: 0, Time elapsed: 1.197 s - in BuiltinAuthenticationProviderTest
[INFO] Running IPv4AddressTest
[INFO] Tests run: 8, Failures: 0, Errors: 0, Skipped: 0, Time elapsed: 0 s - in IPv4AddressTest
[INFO] Running IpAddressRangeTest
[INFO] Tests run: 7, Failures: 0, Errors: 0, Skipped: 0, Time elapsed: 0 s - in IpAddressRangeTest
[INFO] Running IpAddressTest
[INFO] Tests run: 3, Failures: 0, Errors: 0, Skipped: 0, Time elapsed: 0 s - in IpAddressTest
[INFO] Running IPv6AddressTest
adr = 0:0:0:0:0:0:0:7334
adr = 0:0:0:0:0:0:0:0
[INFO] Tests run: 16, Failures: 0, Errors: 0, Skipped: 0, Time elapsed: 0 s - in IPv6AddressTest
[INFO] Running IpGroupTest
[INFO] Tests run: 3, Failures: 0, Errors: 0, Skipped: 0, Time elapsed: 0 s - in IpGroupTest
[INFO] Running ExplicitGroupTest
[INFO] Tests run: 7, Failures: 0, Errors: 0, Skipped: 0, Time elapsed: 0.001 s - in ExplicitGroupTest
[INFO] Running GroupServiceBeanTest
[INFO] Tests run: 2, Failures: 0, Errors: 0, Skipped: 0, Time elapsed: 0 s - in GroupServiceBeanTest
[INFO] Running GroupUtilTest
[INFO] Tests run: 3, Failures: 0, Errors: 0, Skipped: 0, Time elapsed: 0 s - in GroupUtilTest
[INFO] Running AuthenticatedUserTest
getPosition
setSuperuser
setAffiliation
getEmail
setLastApiUseTime
setFirstName
getLastLoginTime
getSortByString
getId
setId
toString
getAuthenticatedUserLookup
getLastApiUseTime
isAuthenticated
getName
setAuthenticatedUserLookup
getShibIdentityProvider
getDisplayInfo
setLastName
setUserIdentifier
getLastName
getIdentifier for testUser
getAffiliation
setCreatedTime
isSuperuser
setLastApiUseToCurrentTime
setEmailConfirmed
hashCode
getUserIdentifier
setLastLogin
getFirstName
getEmailConfirmed
setShibIdentityProvider
applyDisplayInfo
getCreatedTime
setPosition
setEmail
[INFO] Tests run: 37, Failures: 0, Errors: 0, Skipped: 0, Time elapsed: 0.001 s - in AuthenticatedUserTest
[INFO] Running AuthenticationProviderTest
getFriendlyName
Feb 12, 2022 3:03:46 AM edu.harvard.iq.dataverse.util.BundleUtil getStringFromBundle
WARNING: Could not find key "authenticationProvider.name.id-not-in-bundle-so-use-id" in bundle file.
[INFO] Tests run: 1, Failures: 0, Errors: 0, Skipped: 0, Time elapsed: 0 s - in AuthenticationProviderTest
[INFO] Running AuthUtilTest
isNonLocalLoginEnabled
[INFO] Tests run: 2, Failures: 0, Errors: 0, Skipped: 0, Time elapsed: 0.001 s - in AuthUtilTest
[INFO] Running AuthenticatedUserDisplayInfoTest
[INFO] Tests run: 1, Failures: 0, Errors: 0, Skipped: 0, Time elapsed: 0 s - in AuthenticatedUserDisplayInfoTest
[INFO] Running WorldMapTokenTest
------------------------------------------------------------
WorldMapTokenTest!
------------------------------------------------------------
------------------------------------------------------------
testTokenTimes
------------------------------------------------------------
time limit seconds: 1800
time limit seconds (2): 60
token time limit (minutes): 30
Did token expire in 10 minutes? (should be no)
Did token expire? (automatically check current time)
Did token expire at 30 minutes? (should be no)
Did token expire in 31 minutes? (should be yes)
Did token expire in 45 minutes? (should be yes)
token time limit (minutes): 10 minutes
Did token expire if null sent? (should be yes)
Refresh token (but fails b/c sending null automatically expires it
Did token expire in 5 minutes? (should be no)
Did token expire? (auto-check current time)
------------------------------------------------------------
Get a new Token
------------------------------------------------------------
Did token expire? (automatically check current time)
Manually expire token: setHasExpired(true)
Did token expire in 1 minute? (should be yes--b/c manually expired)
[INFO] Tests run: 2, Failures: 0, Errors: 0, Skipped: 0, Time elapsed: 0.001 s - in WorldMapTokenTest
[INFO] Running PrivateUrlUtilTest
Feb 12, 2022 3:03:46 AM edu.harvard.iq.dataverse.privateurl.PrivateUrlUtil getPrivateUrlRedirectData
INFO: Exception caught trying to instantiate PrivateUrlRedirectData: PrivateUrlUser cannot be null
java.lang.Exception: PrivateUrlUser cannot be null
	at edu.harvard.iq.dataverse.privateurl.PrivateUrlRedirectData.<init>(PrivateUrlRedirectData.java:22)
	at edu.harvard.iq.dataverse.privateurl.PrivateUrlUtil.getPrivateUrlRedirectData(PrivateUrlUtil.java:112)
	at edu.harvard.iq.dataverse.privateurl.PrivateUrlUtilTest.testGetPrivateUrlRedirectDataFail(PrivateUrlUtilTest.java:207)
	at sun.reflect.NativeMethodAccessorImpl.invoke0(Native Method)
	at sun.reflect.NativeMethodAccessorImpl.invoke(NativeMethodAccessorImpl.java:62)
	at sun.reflect.DelegatingMethodAccessorImpl.invoke(DelegatingMethodAccessorImpl.java:43)
	at java.lang.reflect.Method.invoke(Method.java:498)
	at org.junit.runners.model.FrameworkMethod$1.runReflectiveCall(FrameworkMethod.java:50)
	at org.junit.internal.runners.model.ReflectiveCallable.run(ReflectiveCallable.java:12)
	at org.junit.runners.model.FrameworkMethod.invokeExplosively(FrameworkMethod.java:47)
	at org.junit.internal.runners.statements.InvokeMethod.evaluate(InvokeMethod.java:17)
	at org.junit.internal.runners.statements.RunBefores.evaluate(RunBefores.java:26)
	at org.junit.runners.ParentRunner.runLeaf(ParentRunner.java:325)
	at org.junit.runners.BlockJUnit4ClassRunner.runChild(BlockJUnit4ClassRunner.java:78)
	at org.junit.runners.BlockJUnit4ClassRunner.runChild(BlockJUnit4ClassRunner.java:57)
	at org.junit.runners.ParentRunner$3.run(ParentRunner.java:290)
	at org.junit.runners.ParentRunner$1.schedule(ParentRunner.java:71)
	at org.junit.runners.ParentRunner.runChildren(ParentRunner.java:288)
	at org.junit.runners.ParentRunner.access$000(ParentRunner.java:58)
	at org.junit.runners.ParentRunner$2.evaluate(ParentRunner.java:268)
	at org.junit.runners.ParentRunner.run(ParentRunner.java:363)
	at org.junit.runner.JUnitCore.run(JUnitCore.java:137)
	at org.junit.runner.JUnitCore.run(JUnitCore.java:115)
	at org.junit.vintage.engine.execution.RunnerExecutor.execute(RunnerExecutor.java:39)
	at java.util.stream.ForEachOps$ForEachOp$OfRef.accept(ForEachOps.java:184)
	at java.util.stream.ReferencePipeline$3$1.accept(ReferencePipeline.java:193)
	at java.util.Iterator.forEachRemaining(Iterator.java:116)
	at java.util.Spliterators$IteratorSpliterator.forEachRemaining(Spliterators.java:1801)
	at java.util.stream.AbstractPipeline.copyInto(AbstractPipeline.java:481)
	at java.util.stream.AbstractPipeline.wrapAndCopyInto(AbstractPipeline.java:471)
	at java.util.stream.ForEachOps$ForEachOp.evaluateSequential(ForEachOps.java:151)
	at java.util.stream.ForEachOps$ForEachOp$OfRef.evaluateSequential(ForEachOps.java:174)
	at java.util.stream.AbstractPipeline.evaluate(AbstractPipeline.java:234)
	at java.util.stream.ReferencePipeline.forEach(ReferencePipeline.java:418)
	at org.junit.vintage.engine.VintageTestEngine.executeAllChildren(VintageTestEngine.java:79)
	at org.junit.vintage.engine.VintageTestEngine.execute(VintageTestEngine.java:70)
	at org.junit.platform.launcher.core.DefaultLauncher.execute(DefaultLauncher.java:170)
	at org.junit.platform.launcher.core.DefaultLauncher.execute(DefaultLauncher.java:154)
	at org.junit.platform.launcher.core.DefaultLauncher.execute(DefaultLauncher.java:90)
	at org.apache.maven.surefire.junitplatform.JUnitPlatformProvider.invokeAllTests(JUnitPlatformProvider.java:142)
	at org.apache.maven.surefire.junitplatform.JUnitPlatformProvider.invoke(JUnitPlatformProvider.java:117)
	at org.apache.maven.surefire.booter.ForkedBooter.invokeProviderInSameClassLoader(ForkedBooter.java:383)
	at org.apache.maven.surefire.booter.ForkedBooter.runSuitesInProcess(ForkedBooter.java:344)
	at org.apache.maven.surefire.booter.ForkedBooter.execute(ForkedBooter.java:125)
	at org.apache.maven.surefire.booter.ForkedBooter.main(ForkedBooter.java:417)

Feb 12, 2022 3:03:46 AM edu.harvard.iq.dataverse.privateurl.PrivateUrlUtil getPrivateUrlFromRoleAssignment
INFO: dataverseSiteUrl was null. Can not instantiate a PrivateUrl object.
[INFO] Tests run: 26, Failures: 0, Errors: 0, Skipped: 0, Time elapsed: 0.001 s - in PrivateUrlUtilTest
[INFO] Running SolrQueryFormatterTest
-------------------------------
Set group size to 10--it's usually, 1,000
-------------------------------
-------------------------------
List of 10 ids from 1, 10
-------------------------------
-------------------------------
query clause: (entityId:(1 2 3 4 5 6 7 8 9 10))
-------------------------------
-------------------------------
List of 11 ids from 1, 11
-------------------------------
-------------------------------
query clause: (entityId:(1 2 3 4 5 6 7 8 9 10)) OR (entityId:(11))
-------------------------------
-------------------------------
List of 21 ids from 1, 21
-------------------------------
-------------------------------
query clause: (entityId:(1 2 3 4 5 6 7 8 9 10)) OR (entityId:(11 12 13 14 15 16 17 18 19 20)) OR (entityId:(21))
-------------------------------
-------------------------------
List of ids is empty
-------------------------------
-------------------------------
query clause: null
-------------------------------
-------------------------------
List of ids from 1 to 11
-------------------------------
-------------------------------
Set to groups of 3
-------------------------------
-------------------------------
query clause: (parentId:(1 2 3)) OR (parentId:(4 5 6)) OR (parentId:(7 8 9)) OR (parentId:(10 11))
-------------------------------
[INFO] Tests run: 1, Failures: 0, Errors: 0, Skipped: 0, Time elapsed: 0.001 s - in SolrQueryFormatterTest
[INFO] Running PagerTest
getNumResults
-------------------------------
page list: null
-------------------------------
getNumResults
-------------------------------
Test: 102 results, 10 per page, page 1
-------------------------------
page list: [1, 2, 3, 4, 5]
-------------------------------
Test: 102 results, 10 per page, page 6
-------------------------------
page list: [4, 5, 6, 7, 8]
-------------------------------
Test: 100 results, 10 per page, page 9
-------------------------------
page list: [6, 7, 8, 9, 10]
-------------------------------
Test: 100 results, 10 per page, page 10
-------------------------------
page list: [6, 7, 8, 9, 10]
-------------------------------
Test: 102 results, 10 per page, page 9
-------------------------------
page list: [7, 8, 9, 10, 11]
[INFO] Tests run: 2, Failures: 0, Errors: 0, Skipped: 0, Time elapsed: 0.001 s - in PagerTest
[INFO] Running SolrSearchResultTest
actual: {"type":"dataverse"}
expect: {"type":"dataverse"}
[INFO] Tests run: 1, Failures: 0, Errors: 0, Skipped: 0, Time elapsed: 0 s - in SolrSearchResultTest
[INFO] Running SearchUtilTest
sanitizeQuery
SolrInputDocument(fields: [id=dataset_12345_permission, definitionPointDocId=dataset_12345, definitionPointDvObjectId=12345, discoverableBy=[group_public]])
[INFO] Tests run: 5, Failures: 0, Errors: 0, Skipped: 0, Time elapsed: 0 s - in SearchUtilTest
[INFO] Running IndexUtilTest
[INFO] Tests run: 1, Failures: 0, Errors: 0, Skipped: 0, Time elapsed: 0 s - in IndexUtilTest
[INFO] Running SearchFilesServiceBeanTest
[INFO] Tests run: 1, Failures: 0, Errors: 0, Skipped: 0, Time elapsed: 0 s - in SearchFilesServiceBeanTest
[INFO] Running PasswordValidatorUtilTest
getPasswordRequirements
---Show all
Your password must contain:
<ul>
  <li>At least 6 characters (passwords of at least 21 characters are exempt from all other requirements)</li>
  <li>At least 1 character from each of the following types: letter, numeral</li>
</ul>It may not include:
<ul>
  <li>More than 4 numbers in a row</li>
  <li>Dictionary words</li>
</ul>
---Hide all
Your password must contain:
<ul>
  <li>At least 6 characters </li>
  <li>At least 1 character from each of the following types: letter, numeral</li>
</ul>It may not include:
<ul>
  <li>More than 0 numbers in a row</li>
</ul>
---Show may not include sequence
Your password must contain:
<ul>
  <li>At least 6 characters (passwords of at least 21 characters are exempt from all other requirements)</li>
  <li>At least 1 character from each of the following types: letter, numeral</li>
</ul>It may not include:
<ul>
  <li>More than 4 numbers in a row</li>
</ul>
---Show may not dictionary
Your password must contain:
<ul>
  <li>At least 6 characters (passwords of at least 21 characters are exempt from all other requirements)</li>
  <li>At least 1 character from each of the following types: letter, numeral</li>
</ul>It may not include:
<ul>
  <li>More than 0 numbers in a row</li>
  <li>Dictionary words</li>
</ul>
Uppercase valid chars: ABCDEFGHIJKLMNOPQRSTUVWXYZ
Lowercase valid chars: abcdefghijklmnopqrstuvwxyz
Special valid chars: !"#$%&'()*+,-./:;<=>?@[\]^_`{|}`¡¢£¤¥¦§¨©ª«¬­®¯°±²³´µ¶·¸¹º»¼½¾¿×÷–—―‗‘’‚‛“”„†‡•…‰′″‹›‼‾⁄⁊₠₡₢₣₤₥₦₧₨₩₪₫€₭₮₯₰₱₲₳₴₵₶₷₸₹₺₻₼₽₾
Character rules string for default: 
At least 1 character from each of the following types: letter, numeral
Character rules string for 'UpperCase:1,LowerCase:1,Digit:1,Special:1': 
At least 1 character from 2 of the following types: uppercase, lowercase, numeral, special
Character rules string for 'UpperCase:1,LowerCase:1,Digit:1,Special:1': 
At least 1 character from each of the following types: uppercase, lowercase, numeral, special
Character rules string for 'UpperCase:1,LowerCase:1,Digit:1,Special:1
At least 1 character from each of the following types: uppercase, lowercase, numeral, special
Character rules string for 'UpperCase:1,LowerCase:1,Digit:1,Special:1
At least 1 character from 2 of the following types: uppercase, lowercase, numeral, special
Character rules string for 'Digit:1': 
At least 1 character from each of the following types: numeral
Character rules string for 'Digit:2': 
Fufill 2: At least 2 numeral characters
Character rules string for 'LowerCase:1,Digit:2,Special:3': 
Fufill 2: At least 1 lowercase characters, 2 numeral characters, 3 special characters
Character rules string for 'UpperCase:1,LowerCase:1,Digit:1,Special:1,Alphabetical:1', letter is mentioned even though that configuration is discouraged: 
At least 1 character from 2 of the following types: uppercase, lowercase, letter, numeral, special
[INFO] Tests run: 3, Failures: 0, Errors: 0, Skipped: 0, Time elapsed: 0.001 s - in PasswordValidatorUtilTest
[INFO] Running PasswordValidatorTest
Feb 12, 2022 3:03:46 AM edu.harvard.iq.dataverse.validation.PasswordValidatorTest lambda$testDifferentPasswordsAndSettings$0
INFO: Expected errors: 6
Actual errors: 6
Details: Password must be at least 8 characters in length. 
Password must contain at least 1 uppercase characters. 
Password must contain at least 1 digit characters. 
Password must contain at least 1 special characters. 
Password matches 1 of 4 character rules, but 3 are required. 
Note: passwords are always valid with a 20 or more character length regardless.
numberOfExpectedErrors=6
password='p otato'
passwordModificationTime=Sun Apr 18 03:03:46 UTC 2021
expirationDays=365
expirationMaxLength=10
goodStrength=20
maxLength=0
minLength=8
dictionaries=/tmp/weak_passwords5674434668707774467.txt
characterRules=1 of ABCDEFGHIJKLMNOPQRSTUVWXYZ 1 of abcdefghijklmnopqrstuvwxyz 1 of 0123456789 1 of !"#$%&'()*+,-./:;<=>?@[\]^_`{|}`¡¢£¤¥¦§¨©ª«¬­®¯°±²³´µ¶·¸¹º»¼½¾¿×÷–—―‗‘’‚‛“”„†‡•…‰′″‹›‼‾⁄⁊₠₡₢₣₤₥₦₧₨₩₪₫€₭₮₯₰₱₲₳₴₵₶₷₸₹₺₻₼₽₾ 
numberOfCharacteristics=3
numberOfRepeatingCharactersAllowed=4
--------------------------------------------------------------------------------
Feb 12, 2022 3:03:46 AM edu.harvard.iq.dataverse.validation.PasswordValidatorTest lambda$testDifferentPasswordsAndSettings$0
INFO: Expected errors: 5
Actual errors: 5
Details: Password must be at least 8 characters in length. 
Password must contain at least 1 uppercase characters. 
Password must contain at least 1 digit characters. 
Password must contain at least 1 special characters. 
Password matches 1 of 4 character rules, but 3 are required.
numberOfExpectedErrors=5
password='p otato'
passwordModificationTime=Sun Apr 18 03:03:46 UTC 2021
expirationDays=365
expirationMaxLength=10
goodStrength=0
maxLength=0
minLength=8
dictionaries=/tmp/weak_passwords5674434668707774467.txt
characterRules=1 of ABCDEFGHIJKLMNOPQRSTUVWXYZ 1 of abcdefghijklmnopqrstuvwxyz 1 of 0123456789 1 of !"#$%&'()*+,-./:;<=>?@[\]^_`{|}`¡¢£¤¥¦§¨©ª«¬­®¯°±²³´µ¶·¸¹º»¼½¾¿×÷–—―‗‘’‚‛“”„†‡•…‰′″‹›‼‾⁄⁊₠₡₢₣₤₥₦₧₨₩₪₫€₭₮₯₰₱₲₳₴₵₶₷₸₹₺₻₼₽₾ 
numberOfCharacteristics=3
numberOfRepeatingCharactersAllowed=4
--------------------------------------------------------------------------------
Feb 12, 2022 3:03:46 AM edu.harvard.iq.dataverse.validation.PasswordValidatorTest lambda$testDifferentPasswordsAndSettings$0
INFO: Expected errors: 0
Actual errors: 0
Details: numberOfExpectedErrors=0
password='p'
passwordModificationTime=Fri Jan 08 03:03:46 UTC 2021
expirationDays=365
expirationMaxLength=0
goodStrength=0
maxLength=0
minLength=0
dictionaries=/tmp/weak_passwords5674434668707774467.txt
characterRules=1 of ABCDEFGHIJKLMNOPQRSTUVWXYZ 1 of abcdefghijklmnopqrstuvwxyz 1 of 0123456789 1 of !"#$%&'()*+,-./:;<=>?@[\]^_`{|}`¡¢£¤¥¦§¨©ª«¬­®¯°±²³´µ¶·¸¹º»¼½¾¿×÷–—―‗‘’‚‛“”„†‡•…‰′″‹›‼‾⁄⁊₠₡₢₣₤₥₦₧₨₩₪₫€₭₮₯₰₱₲₳₴₵₶₷₸₹₺₻₼₽₾ 
numberOfCharacteristics=0
numberOfRepeatingCharactersAllowed=4
--------------------------------------------------------------------------------
Feb 12, 2022 3:03:46 AM edu.harvard.iq.dataverse.validation.PasswordValidatorTest lambda$testDifferentPasswordsAndSettings$0
INFO: Expected errors: 1
Actual errors: 1
Details: Password must be no more than 1 characters in length.
numberOfExpectedErrors=1
password='po'
passwordModificationTime=Fri Jan 08 03:03:46 UTC 2021
expirationDays=365
expirationMaxLength=0
goodStrength=0
maxLength=1
minLength=0
dictionaries=/tmp/weak_passwords5674434668707774467.txt
characterRules=1 of ABCDEFGHIJKLMNOPQRSTUVWXYZ 1 of abcdefghijklmnopqrstuvwxyz 1 of 0123456789 1 of !"#$%&'()*+,-./:;<=>?@[\]^_`{|}`¡¢£¤¥¦§¨©ª«¬­®¯°±²³´µ¶·¸¹º»¼½¾¿×÷–—―‗‘’‚‛“”„†‡•…‰′″‹›‼‾⁄⁊₠₡₢₣₤₥₦₧₨₩₪₫€₭₮₯₰₱₲₳₴₵₶₷₸₹₺₻₼₽₾ 
numberOfCharacteristics=0
numberOfRepeatingCharactersAllowed=4
--------------------------------------------------------------------------------
Feb 12, 2022 3:03:46 AM edu.harvard.iq.dataverse.validation.PasswordValidatorTest lambda$testDifferentPasswordsAndSettings$0
INFO: Expected errors: 0
Actual errors: 0
Details: numberOfExpectedErrors=0
password='potato'
passwordModificationTime=Sun Apr 18 03:03:46 UTC 2021
expirationDays=365
expirationMaxLength=7
goodStrength=0
maxLength=0
minLength=0
dictionaries=/tmp/weak_passwords5674434668707774467.txt
characterRules=1 of ABCDEFGHIJKLMNOPQRSTUVWXYZ 1 of abcdefghijklmnopqrstuvwxyz 1 of 0123456789 1 of !"#$%&'()*+,-./:;<=>?@[\]^_`{|}`¡¢£¤¥¦§¨©ª«¬­®¯°±²³´µ¶·¸¹º»¼½¾¿×÷–—―‗‘’‚‛“”„†‡•…‰′″‹›‼‾⁄⁊₠₡₢₣₤₥₦₧₨₩₪₫€₭₮₯₰₱₲₳₴₵₶₷₸₹₺₻₼₽₾ 
numberOfCharacteristics=0
numberOfRepeatingCharactersAllowed=4
--------------------------------------------------------------------------------
Feb 12, 2022 3:03:46 AM edu.harvard.iq.dataverse.validation.PasswordValidatorTest lambda$testDifferentPasswordsAndSettings$0
INFO: Expected errors: 5
Actual errors: 5
Details: Password must be at least 8 characters in length. 
Password must contain at least 1 uppercase characters. 
Password must contain at least 1 digit characters. 
Password must contain at least 1 special characters. 
Password matches 1 of 4 character rules, but 3 are required.
numberOfExpectedErrors=5
password='p otato'
passwordModificationTime=Fri Jan 08 03:03:46 UTC 2021
expirationDays=401
expirationMaxLength=10
goodStrength=0
maxLength=0
minLength=8
dictionaries=/tmp/weak_passwords5674434668707774467.txt
characterRules=1 of ABCDEFGHIJKLMNOPQRSTUVWXYZ 1 of abcdefghijklmnopqrstuvwxyz 1 of 0123456789 1 of !"#$%&'()*+,-./:;<=>?@[\]^_`{|}`¡¢£¤¥¦§¨©ª«¬­®¯°±²³´µ¶·¸¹º»¼½¾¿×÷–—―‗‘’‚‛“”„†‡•…‰′″‹›‼‾⁄⁊₠₡₢₣₤₥₦₧₨₩₪₫€₭₮₯₰₱₲₳₴₵₶₷₸₹₺₻₼₽₾ 
numberOfCharacteristics=3
numberOfRepeatingCharactersAllowed=4
--------------------------------------------------------------------------------
Feb 12, 2022 3:03:46 AM edu.harvard.iq.dataverse.validation.PasswordValidatorTest lambda$testDifferentPasswordsAndSettings$0
INFO: Expected errors: 5
Actual errors: 5
Details: Password must be at least 8 characters in length. 
Password must contain at least 1 uppercase characters. 
Password must contain at least 1 digit characters. 
Password must contain at least 1 special characters. 
Password matches 1 of 4 character rules, but 3 are required.
numberOfExpectedErrors=5
password='p otato'
passwordModificationTime=Sun Apr 18 03:03:46 UTC 2021
expirationDays=365
expirationMaxLength=10
goodStrength=0
maxLength=0
minLength=8
dictionaries=/tmp/weak_passwords5674434668707774467.txt
characterRules=1 of ABCDEFGHIJKLMNOPQRSTUVWXYZ 1 of abcdefghijklmnopqrstuvwxyz 1 of 0123456789 1 of !"#$%&'()*+,-./:;<=>?@[\]^_`{|}`¡¢£¤¥¦§¨©ª«¬­®¯°±²³´µ¶·¸¹º»¼½¾¿×÷–—―‗‘’‚‛“”„†‡•…‰′″‹›‼‾⁄⁊₠₡₢₣₤₥₦₧₨₩₪₫€₭₮₯₰₱₲₳₴₵₶₷₸₹₺₻₼₽₾ 
numberOfCharacteristics=3
numberOfRepeatingCharactersAllowed=4
--------------------------------------------------------------------------------
Feb 12, 2022 3:03:46 AM edu.harvard.iq.dataverse.validation.PasswordValidatorTest lambda$testDifferentPasswordsAndSettings$0
INFO: Expected errors: 4
Actual errors: 4
Details: Password must contain at least 1 uppercase characters. 
Password must contain at least 1 digit characters. 
Password must contain at least 1 special characters. 
Password matches 1 of 4 character rules, but 3 are required.
numberOfExpectedErrors=4
password='one potato'
passwordModificationTime=Sun Apr 18 03:03:46 UTC 2021
expirationDays=365
expirationMaxLength=10
goodStrength=0
maxLength=0
minLength=8
dictionaries=/tmp/weak_passwords5674434668707774467.txt
characterRules=1 of ABCDEFGHIJKLMNOPQRSTUVWXYZ 1 of abcdefghijklmnopqrstuvwxyz 1 of 0123456789 1 of !"#$%&'()*+,-./:;<=>?@[\]^_`{|}`¡¢£¤¥¦§¨©ª«¬­®¯°±²³´µ¶·¸¹º»¼½¾¿×÷–—―‗‘’‚‛“”„†‡•…‰′″‹›‼‾⁄⁊₠₡₢₣₤₥₦₧₨₩₪₫€₭₮₯₰₱₲₳₴₵₶₷₸₹₺₻₼₽₾ 
numberOfCharacteristics=3
numberOfRepeatingCharactersAllowed=4
--------------------------------------------------------------------------------
Feb 12, 2022 3:03:46 AM edu.harvard.iq.dataverse.validation.PasswordValidatorTest lambda$testDifferentPasswordsAndSettings$0
INFO: Expected errors: 3
Actual errors: 3
Details: Password must contain at least 1 digit characters. 
Password must contain at least 1 special characters. 
Password matches 2 of 4 character rules, but 3 are required.
numberOfExpectedErrors=3
password='Two potato'
passwordModificationTime=Sun Apr 18 03:03:46 UTC 2021
expirationDays=365
expirationMaxLength=10
goodStrength=0
maxLength=0
minLength=8
dictionaries=/tmp/weak_passwords5674434668707774467.txt
characterRules=1 of ABCDEFGHIJKLMNOPQRSTUVWXYZ 1 of abcdefghijklmnopqrstuvwxyz 1 of 0123456789 1 of !"#$%&'()*+,-./:;<=>?@[\]^_`{|}`¡¢£¤¥¦§¨©ª«¬­®¯°±²³´µ¶·¸¹º»¼½¾¿×÷–—―‗‘’‚‛“”„†‡•…‰′″‹›‼‾⁄⁊₠₡₢₣₤₥₦₧₨₩₪₫€₭₮₯₰₱₲₳₴₵₶₷₸₹₺₻₼₽₾ 
numberOfCharacteristics=3
numberOfRepeatingCharactersAllowed=4
--------------------------------------------------------------------------------
Feb 12, 2022 3:03:46 AM edu.harvard.iq.dataverse.validation.PasswordValidatorTest lambda$testDifferentPasswordsAndSettings$0
INFO: Expected errors: 0
Actual errors: 0
Details: numberOfExpectedErrors=0
password='Three.potato'
passwordModificationTime=Sun Apr 18 03:03:46 UTC 2021
expirationDays=365
expirationMaxLength=10
goodStrength=0
maxLength=0
minLength=8
dictionaries=/tmp/weak_passwords5674434668707774467.txt
characterRules=1 of ABCDEFGHIJKLMNOPQRSTUVWXYZ 1 of abcdefghijklmnopqrstuvwxyz 1 of 0123456789 1 of !"#$%&'()*+,-./:;<=>?@[\]^_`{|}`¡¢£¤¥¦§¨©ª«¬­®¯°±²³´µ¶·¸¹º»¼½¾¿×÷–—―‗‘’‚‛“”„†‡•…‰′″‹›‼‾⁄⁊₠₡₢₣₤₥₦₧₨₩₪₫€₭₮₯₰₱₲₳₴₵₶₷₸₹₺₻₼₽₾ 
numberOfCharacteristics=3
numberOfRepeatingCharactersAllowed=4
--------------------------------------------------------------------------------
Feb 12, 2022 3:03:46 AM edu.harvard.iq.dataverse.validation.PasswordValidatorTest lambda$testDifferentPasswordsAndSettings$0
INFO: Expected errors: 0
Actual errors: 0
Details: numberOfExpectedErrors=0
password='F0ur.potato'
passwordModificationTime=Sun Apr 18 03:03:46 UTC 2021
expirationDays=365
expirationMaxLength=15
goodStrength=0
maxLength=0
minLength=10
dictionaries=/tmp/weak_passwords5674434668707774467.txt
characterRules=1 of ABCDEFGHIJKLMNOPQRSTUVWXYZ 1 of abcdefghijklmnopqrstuvwxyz 1 of 0123456789 1 of !"#$%&'()*+,-./:;<=>?@[\]^_`{|}`¡¢£¤¥¦§¨©ª«¬­®¯°±²³´µ¶·¸¹º»¼½¾¿×÷–—―‗‘’‚‛“”„†‡•…‰′″‹›‼‾⁄⁊₠₡₢₣₤₥₦₧₨₩₪₫€₭₮₯₰₱₲₳₴₵₶₷₸₹₺₻₼₽₾ 
numberOfCharacteristics=3
numberOfRepeatingCharactersAllowed=4
--------------------------------------------------------------------------------
Feb 12, 2022 3:03:46 AM edu.harvard.iq.dataverse.validation.PasswordValidatorTest lambda$testDifferentPasswordsAndSettings$0
INFO: Expected errors: 0
Actual errors: 0
Details: numberOfExpectedErrors=0
password='F0ur.potatos'
passwordModificationTime=Sun Apr 18 03:03:46 UTC 2021
expirationDays=365
expirationMaxLength=15
goodStrength=0
maxLength=0
minLength=10
dictionaries=/tmp/weak_passwords5674434668707774467.txt
characterRules=1 of ABCDEFGHIJKLMNOPQRSTUVWXYZ 1 of abcdefghijklmnopqrstuvwxyz 1 of 0123456789 1 of !"#$%&'()*+,-./:;<=>?@[\]^_`{|}`¡¢£¤¥¦§¨©ª«¬­®¯°±²³´µ¶·¸¹º»¼½¾¿×÷–—―‗‘’‚‛“”„†‡•…‰′″‹›‼‾⁄⁊₠₡₢₣₤₥₦₧₨₩₪₫€₭₮₯₰₱₲₳₴₵₶₷₸₹₺₻₼₽₾ 
numberOfCharacteristics=3
numberOfRepeatingCharactersAllowed=4
--------------------------------------------------------------------------------
Feb 12, 2022 3:03:46 AM edu.harvard.iq.dataverse.validation.PasswordValidatorTest lambda$testDifferentPasswordsAndSettings$0
INFO: Expected errors: 0
Actual errors: 0
Details: numberOfExpectedErrors=0
password='F0ur.potato'
passwordModificationTime=Sun Apr 18 03:03:46 UTC 2021
expirationDays=365
expirationMaxLength=15
goodStrength=0
maxLength=0
minLength=10
dictionaries=/tmp/weak_passwords5674434668707774467.txt
characterRules=1 of ABCDEFGHIJKLMNOPQRSTUVWXYZ 1 of abcdefghijklmnopqrstuvwxyz 1 of 0123456789 1 of !"#$%&'()*+,-./:;<=>?@[\]^_`{|}`¡¢£¤¥¦§¨©ª«¬­®¯°±²³´µ¶·¸¹º»¼½¾¿×÷–—―‗‘’‚‛“”„†‡•…‰′″‹›‼‾⁄⁊₠₡₢₣₤₥₦₧₨₩₪₫€₭₮₯₰₱₲₳₴₵₶₷₸₹₺₻₼₽₾ 
numberOfCharacteristics=3
numberOfRepeatingCharactersAllowed=4
--------------------------------------------------------------------------------
Feb 12, 2022 3:03:46 AM edu.harvard.iq.dataverse.validation.PasswordValidatorTest lambda$testDifferentPasswordsAndSettings$0
INFO: Expected errors: 0
Actual errors: 0
Details: numberOfExpectedErrors=0
password='4.potato'
passwordModificationTime=Sun Apr 18 03:03:46 UTC 2021
expirationDays=365
expirationMaxLength=10
goodStrength=0
maxLength=0
minLength=8
dictionaries=/tmp/weak_passwords5674434668707774467.txt
characterRules=1 of ABCDEFGHIJKLMNOPQRSTUVWXYZ 1 of abcdefghijklmnopqrstuvwxyz 1 of 0123456789 1 of !"#$%&'()*+,-./:;<=>?@[\]^_`{|}`¡¢£¤¥¦§¨©ª«¬­®¯°±²³´µ¶·¸¹º»¼½¾¿×÷–—―‗‘’‚‛“”„†‡•…‰′″‹›‼‾⁄⁊₠₡₢₣₤₥₦₧₨₩₪₫€₭₮₯₰₱₲₳₴₵₶₷₸₹₺₻₼₽₾ 
numberOfCharacteristics=3
numberOfRepeatingCharactersAllowed=4
--------------------------------------------------------------------------------
Feb 12, 2022 3:03:46 AM edu.harvard.iq.dataverse.validation.PasswordValidatorTest lambda$testDifferentPasswordsAndSettings$0
INFO: Expected errors: 0
Actual errors: 0
Details: numberOfExpectedErrors=0
password='55Potato'
passwordModificationTime=Sun Apr 18 03:03:46 UTC 2021
expirationDays=365
expirationMaxLength=10
goodStrength=0
maxLength=0
minLength=8
dictionaries=/tmp/weak_passwords5674434668707774467.txt
characterRules=1 of ABCDEFGHIJKLMNOPQRSTUVWXYZ 1 of abcdefghijklmnopqrstuvwxyz 1 of 0123456789 1 of !"#$%&'()*+,-./:;<=>?@[\]^_`{|}`¡¢£¤¥¦§¨©ª«¬­®¯°±²³´µ¶·¸¹º»¼½¾¿×÷–—―‗‘’‚‛“”„†‡•…‰′″‹›‼‾⁄⁊₠₡₢₣₤₥₦₧₨₩₪₫€₭₮₯₰₱₲₳₴₵₶₷₸₹₺₻₼₽₾ 
numberOfCharacteristics=3
numberOfRepeatingCharactersAllowed=4
--------------------------------------------------------------------------------
Feb 12, 2022 3:03:46 AM edu.harvard.iq.dataverse.validation.PasswordValidatorTest lambda$testDifferentPasswordsAndSettings$0
INFO: Expected errors: 1
Actual errors: 1
Details: Password contains the dictionary word '56pOtAtO'.
numberOfExpectedErrors=1
password='56pOtAtO'
passwordModificationTime=Sun Apr 18 03:03:46 UTC 2021
expirationDays=365
expirationMaxLength=10
goodStrength=0
maxLength=0
minLength=8
dictionaries=/tmp/weak_passwords5674434668707774467.txt
characterRules=1 of ABCDEFGHIJKLMNOPQRSTUVWXYZ 1 of abcdefghijklmnopqrstuvwxyz 1 of 0123456789 1 of !"#$%&'()*+,-./:;<=>?@[\]^_`{|}`¡¢£¤¥¦§¨©ª«¬­®¯°±²³´µ¶·¸¹º»¼½¾¿×÷–—―‗‘’‚‛“”„†‡•…‰′″‹›‼‾⁄⁊₠₡₢₣₤₥₦₧₨₩₪₫€₭₮₯₰₱₲₳₴₵₶₷₸₹₺₻₼₽₾ 
numberOfCharacteristics=3
numberOfRepeatingCharactersAllowed=4
--------------------------------------------------------------------------------
Feb 12, 2022 3:03:46 AM edu.harvard.iq.dataverse.validation.PasswordValidatorTest lambda$testDifferentPasswordsAndSettings$0
INFO: Expected errors: 1
Actual errors: 1
Details: Password contains the dictionary word '56Potato'.
numberOfExpectedErrors=1
password='56Potato'
passwordModificationTime=Sun Apr 18 03:03:46 UTC 2021
expirationDays=365
expirationMaxLength=10
goodStrength=0
maxLength=0
minLength=8
dictionaries=/tmp/weak_passwords5674434668707774467.txt
characterRules=1 of ABCDEFGHIJKLMNOPQRSTUVWXYZ 1 of abcdefghijklmnopqrstuvwxyz 1 of 0123456789 1 of !"#$%&'()*+,-./:;<=>?@[\]^_`{|}`¡¢£¤¥¦§¨©ª«¬­®¯°±²³´µ¶·¸¹º»¼½¾¿×÷–—―‗‘’‚‛“”„†‡•…‰′″‹›‼‾⁄⁊₠₡₢₣₤₥₦₧₨₩₪₫€₭₮₯₰₱₲₳₴₵₶₷₸₹₺₻₼₽₾ 
numberOfCharacteristics=3
numberOfRepeatingCharactersAllowed=4
--------------------------------------------------------------------------------
Feb 12, 2022 3:03:46 AM edu.harvard.iq.dataverse.validation.PasswordValidatorTest lambda$testDifferentPasswordsAndSettings$0
INFO: Expected errors: 1
Actual errors: 1
Details: Password contains the dictionary word '56pOtAtO'.
numberOfExpectedErrors=1
password='56pOtAtOs'
passwordModificationTime=Sun Apr 18 03:03:46 UTC 2021
expirationDays=365
expirationMaxLength=10
goodStrength=0
maxLength=0
minLength=8
dictionaries=/tmp/weak_passwords5674434668707774467.txt
characterRules=1 of ABCDEFGHIJKLMNOPQRSTUVWXYZ 1 of abcdefghijklmnopqrstuvwxyz 1 of 0123456789 1 of !"#$%&'()*+,-./:;<=>?@[\]^_`{|}`¡¢£¤¥¦§¨©ª«¬­®¯°±²³´µ¶·¸¹º»¼½¾¿×÷–—―‗‘’‚‛“”„†‡•…‰′″‹›‼‾⁄⁊₠₡₢₣₤₥₦₧₨₩₪₫€₭₮₯₰₱₲₳₴₵₶₷₸₹₺₻₼₽₾ 
numberOfCharacteristics=3
numberOfRepeatingCharactersAllowed=4
--------------------------------------------------------------------------------
Feb 12, 2022 3:03:46 AM edu.harvard.iq.dataverse.validation.PasswordValidatorTest lambda$testDifferentPasswordsAndSettings$0
INFO: Expected errors: 0
Actual errors: 0
Details: numberOfExpectedErrors=0
password='6 Potato'
passwordModificationTime=Sun Apr 18 03:03:46 UTC 2021
expirationDays=365
expirationMaxLength=10
goodStrength=20
maxLength=0
minLength=8
dictionaries=/tmp/weak_passwords5674434668707774467.txt
characterRules=1 of ABCDEFGHIJKLMNOPQRSTUVWXYZ 1 of abcdefghijklmnopqrstuvwxyz 1 of 0123456789 1 of !"#$%&'()*+,-./:;<=>?@[\]^_`{|}`¡¢£¤¥¦§¨©ª«¬­®¯°±²³´µ¶·¸¹º»¼½¾¿×÷–—―‗‘’‚‛“”„†‡•…‰′″‹›‼‾⁄⁊₠₡₢₣₤₥₦₧₨₩₪₫€₭₮₯₰₱₲₳₴₵₶₷₸₹₺₻₼₽₾ 
numberOfCharacteristics=3
numberOfRepeatingCharactersAllowed=4
--------------------------------------------------------------------------------
Feb 12, 2022 3:03:46 AM edu.harvard.iq.dataverse.validation.PasswordValidatorTest lambda$testDifferentPasswordsAndSettings$0
INFO: Expected errors: 3
Actual errors: 3
Details: Note: passwords are always valid with a 20 or more character length regardless. 
Password must contain at least 1 special characters. 
Password matches 3 of 4 character rules, but 4 are required.
numberOfExpectedErrors=3
password='7 Potato'
passwordModificationTime=Sun Apr 18 03:03:46 UTC 2021
expirationDays=365
expirationMaxLength=10
goodStrength=20
maxLength=0
minLength=8
dictionaries=/tmp/weak_passwords5674434668707774467.txt
characterRules=1 of ABCDEFGHIJKLMNOPQRSTUVWXYZ 1 of abcdefghijklmnopqrstuvwxyz 1 of 0123456789 1 of !"#$%&'()*+,-./:;<=>?@[\]^_`{|}`¡¢£¤¥¦§¨©ª«¬­®¯°±²³´µ¶·¸¹º»¼½¾¿×÷–—―‗‘’‚‛“”„†‡•…‰′″‹›‼‾⁄⁊₠₡₢₣₤₥₦₧₨₩₪₫€₭₮₯₰₱₲₳₴₵₶₷₸₹₺₻₼₽₾ 
numberOfCharacteristics=4
numberOfRepeatingCharactersAllowed=4
--------------------------------------------------------------------------------
Feb 12, 2022 3:03:46 AM edu.harvard.iq.dataverse.validation.PasswordValidatorTest lambda$testDifferentPasswordsAndSettings$0
INFO: Expected errors: 0
Actual errors: 0
Details: numberOfExpectedErrors=0
password='7 Potato901234567890'
passwordModificationTime=Sun Apr 18 03:03:46 UTC 2021
expirationDays=10
expirationMaxLength=8
goodStrength=20
maxLength=0
minLength=8
dictionaries=/tmp/weak_passwords5674434668707774467.txt
characterRules=1 of ABCDEFGHIJKLMNOPQRSTUVWXYZ 1 of abcdefghijklmnopqrstuvwxyz 1 of 0123456789 1 of !"#$%&'()*+,-./:;<=>?@[\]^_`{|}`¡¢£¤¥¦§¨©ª«¬­®¯°±²³´µ¶·¸¹º»¼½¾¿×÷–—―‗‘’‚‛“”„†‡•…‰′″‹›‼‾⁄⁊₠₡₢₣₤₥₦₧₨₩₪₫€₭₮₯₰₱₲₳₴₵₶₷₸₹₺₻₼₽₾ 
numberOfCharacteristics=4
numberOfRepeatingCharactersAllowed=4
--------------------------------------------------------------------------------
Feb 12, 2022 3:03:46 AM edu.harvard.iq.dataverse.validation.PasswordValidatorTest lambda$testDifferentPasswordsAndSettings$0
INFO: Expected errors: 0
Actual errors: 0
Details: numberOfExpectedErrors=0
password='8.Potato'
passwordModificationTime=Sun Apr 18 03:03:46 UTC 2021
expirationDays=365
expirationMaxLength=10
goodStrength=20
maxLength=0
minLength=8
dictionaries=/tmp/weak_passwords5674434668707774467.txt
characterRules=1 of ABCDEFGHIJKLMNOPQRSTUVWXYZ 1 of abcdefghijklmnopqrstuvwxyz 1 of 0123456789 1 of !"#$%&'()*+,-./:;<=>?@[\]^_`{|}`¡¢£¤¥¦§¨©ª«¬­®¯°±²³´µ¶·¸¹º»¼½¾¿×÷–—―‗‘’‚‛“”„†‡•…‰′″‹›‼‾⁄⁊₠₡₢₣₤₥₦₧₨₩₪₫€₭₮₯₰₱₲₳₴₵₶₷₸₹₺₻₼₽₾ 
numberOfCharacteristics=4
numberOfRepeatingCharactersAllowed=4
--------------------------------------------------------------------------------
Feb 12, 2022 3:03:46 AM edu.harvard.iq.dataverse.validation.PasswordValidatorTest lambda$testDifferentPasswordsAndSettings$0
INFO: Expected errors: 2
Actual errors: 2
Details: Password must be at least 23 characters in length. 
Password matches the illegal pattern '12345'.
numberOfExpectedErrors=2
password='Potato.Too.12345.Short'
passwordModificationTime=Sun Apr 18 03:03:46 UTC 2021
expirationDays=365
expirationMaxLength=10
goodStrength=0
maxLength=0
minLength=23
dictionaries=/tmp/weak_passwords5674434668707774467.txt
characterRules=1 of ABCDEFGHIJKLMNOPQRSTUVWXYZ 1 of abcdefghijklmnopqrstuvwxyz 1 of 0123456789 1 of !"#$%&'()*+,-./:;<=>?@[\]^_`{|}`¡¢£¤¥¦§¨©ª«¬­®¯°±²³´µ¶·¸¹º»¼½¾¿×÷–—―‗‘’‚‛“”„†‡•…‰′″‹›‼‾⁄⁊₠₡₢₣₤₥₦₧₨₩₪₫€₭₮₯₰₱₲₳₴₵₶₷₸₹₺₻₼₽₾ 
numberOfCharacteristics=3
numberOfRepeatingCharactersAllowed=4
--------------------------------------------------------------------------------
Feb 12, 2022 3:03:46 AM edu.harvard.iq.dataverse.validation.PasswordValidatorTest lambda$testDifferentPasswordsAndSettings$0
INFO: Expected errors: 0
Actual errors: 0
Details: numberOfExpectedErrors=0
password='Potatoes on my plate with beef'
passwordModificationTime=Fri Jan 08 03:03:46 UTC 2021
expirationDays=365
expirationMaxLength=10
goodStrength=30
maxLength=0
minLength=8
dictionaries=/tmp/weak_passwords5674434668707774467.txt
characterRules=1 of ABCDEFGHIJKLMNOPQRSTUVWXYZ 1 of abcdefghijklmnopqrstuvwxyz 1 of 0123456789 1 of !"#$%&'()*+,-./:;<=>?@[\]^_`{|}`¡¢£¤¥¦§¨©ª«¬­®¯°±²³´µ¶·¸¹º»¼½¾¿×÷–—―‗‘’‚‛“”„†‡•…‰′″‹›‼‾⁄⁊₠₡₢₣₤₥₦₧₨₩₪₫€₭₮₯₰₱₲₳₴₵₶₷₸₹₺₻₼₽₾ 
numberOfCharacteristics=3
numberOfRepeatingCharactersAllowed=4
--------------------------------------------------------------------------------
Feb 12, 2022 3:03:46 AM edu.harvard.iq.dataverse.validation.PasswordValidatorTest lambda$testDifferentPasswordsAndSettings$0
INFO: Expected errors: 0
Actual errors: 0
Details: numberOfExpectedErrors=0
password='Potatoes on my plate with pie.'
passwordModificationTime=Fri Jan 08 03:03:46 UTC 2021
expirationDays=365
expirationMaxLength=10
goodStrength=30
maxLength=0
minLength=8
dictionaries=/tmp/weak_passwords5674434668707774467.txt
characterRules=1 of ABCDEFGHIJKLMNOPQRSTUVWXYZ 1 of abcdefghijklmnopqrstuvwxyz 1 of 0123456789 1 of !"#$%&'()*+,-./:;<=>?@[\]^_`{|}`¡¢£¤¥¦§¨©ª«¬­®¯°±²³´µ¶·¸¹º»¼½¾¿×÷–—―‗‘’‚‛“”„†‡•…‰′″‹›‼‾⁄⁊₠₡₢₣₤₥₦₧₨₩₪₫€₭₮₯₰₱₲₳₴₵₶₷₸₹₺₻₼₽₾ 
numberOfCharacteristics=3
numberOfRepeatingCharactersAllowed=4
--------------------------------------------------------------------------------
Feb 12, 2022 3:03:46 AM edu.harvard.iq.dataverse.validation.PasswordValidatorTest lambda$testDifferentPasswordsAndSettings$0
INFO: Expected errors: 0
Actual errors: 0
Details: numberOfExpectedErrors=0
password='Potatoes on a plate  .'
passwordModificationTime=Fri Jan 08 03:03:46 UTC 2021
expirationDays=365
expirationMaxLength=10
goodStrength=30
maxLength=0
minLength=8
dictionaries=/tmp/weak_passwords5674434668707774467.txt
characterRules=1 of ABCDEFGHIJKLMNOPQRSTUVWXYZ 1 of abcdefghijklmnopqrstuvwxyz 1 of 0123456789 1 of !"#$%&'()*+,-./:;<=>?@[\]^_`{|}`¡¢£¤¥¦§¨©ª«¬­®¯°±²³´µ¶·¸¹º»¼½¾¿×÷–—―‗‘’‚‛“”„†‡•…‰′″‹›‼‾⁄⁊₠₡₢₣₤₥₦₧₨₩₪₫€₭₮₯₰₱₲₳₴₵₶₷₸₹₺₻₼₽₾ 
numberOfCharacteristics=3
numberOfRepeatingCharactersAllowed=4
--------------------------------------------------------------------------------
Feb 12, 2022 3:03:46 AM edu.harvard.iq.dataverse.validation.PasswordValidatorTest lambda$testDifferentPasswordsAndSettings$0
INFO: Expected errors: 0
Actual errors: 0
Details: numberOfExpectedErrors=0
password='Repeated Potatoes:0000'
passwordModificationTime=Fri Jan 08 03:03:46 UTC 2021
expirationDays=365
expirationMaxLength=10
goodStrength=30
maxLength=0
minLength=8
dictionaries=/tmp/weak_passwords5674434668707774467.txt
characterRules=1 of ABCDEFGHIJKLMNOPQRSTUVWXYZ 1 of abcdefghijklmnopqrstuvwxyz 1 of 0123456789 1 of !"#$%&'()*+,-./:;<=>?@[\]^_`{|}`¡¢£¤¥¦§¨©ª«¬­®¯°±²³´µ¶·¸¹º»¼½¾¿×÷–—―‗‘’‚‛“”„†‡•…‰′″‹›‼‾⁄⁊₠₡₢₣₤₥₦₧₨₩₪₫€₭₮₯₰₱₲₳₴₵₶₷₸₹₺₻₼₽₾ 
numberOfCharacteristics=3
numberOfRepeatingCharactersAllowed=5
--------------------------------------------------------------------------------
Feb 12, 2022 3:03:46 AM edu.harvard.iq.dataverse.validation.PasswordValidatorTest lambda$testDifferentPasswordsAndSettings$0
INFO: Expected errors: 0
Actual errors: 0
Details: numberOfExpectedErrors=0
password='Repeated Potatoes:000'
passwordModificationTime=Fri Jan 08 03:03:46 UTC 2021
expirationDays=365
expirationMaxLength=10
goodStrength=30
maxLength=0
minLength=8
dictionaries=/tmp/weak_passwords5674434668707774467.txt
characterRules=1 of ABCDEFGHIJKLMNOPQRSTUVWXYZ 1 of abcdefghijklmnopqrstuvwxyz 1 of 0123456789 1 of !"#$%&'()*+,-./:;<=>?@[\]^_`{|}`¡¢£¤¥¦§¨©ª«¬­®¯°±²³´µ¶·¸¹º»¼½¾¿×÷–—―‗‘’‚‛“”„†‡•…‰′″‹›‼‾⁄⁊₠₡₢₣₤₥₦₧₨₩₪₫€₭₮₯₰₱₲₳₴₵₶₷₸₹₺₻₼₽₾ 
numberOfCharacteristics=3
numberOfRepeatingCharactersAllowed=4
--------------------------------------------------------------------------------
Feb 12, 2022 3:03:46 AM edu.harvard.iq.dataverse.validation.PasswordValidatorTest lambda$testDifferentPasswordsAndSettings$0
INFO: Expected errors: 6
Actual errors: 6
Details: Password must contain at least 1 uppercase characters. 
Password must contain at least 1 lowercase characters. 
Password must contain at least 1 digit characters. 
Password must contain at least 1 special characters. 
Password matches 0 of 4 character rules, but 3 are required. 
Note: passwords are always valid with a 30 or more character length regardless.
numberOfExpectedErrors=6
password='          '
passwordModificationTime=Fri Jan 08 03:03:46 UTC 2021
expirationDays=365
expirationMaxLength=10
goodStrength=30
maxLength=0
minLength=8
dictionaries=/tmp/weak_passwords5674434668707774467.txt
characterRules=1 of ABCDEFGHIJKLMNOPQRSTUVWXYZ 1 of abcdefghijklmnopqrstuvwxyz 1 of 0123456789 1 of !"#$%&'()*+,-./:;<=>?@[\]^_`{|}`¡¢£¤¥¦§¨©ª«¬­®¯°±²³´µ¶·¸¹º»¼½¾¿×÷–—―‗‘’‚‛“”„†‡•…‰′″‹›‼‾⁄⁊₠₡₢₣₤₥₦₧₨₩₪₫€₭₮₯₰₱₲₳₴₵₶₷₸₹₺₻₼₽₾ 
numberOfCharacteristics=3
numberOfRepeatingCharactersAllowed=4
--------------------------------------------------------------------------------
Feb 12, 2022 3:03:46 AM edu.harvard.iq.dataverse.validation.PasswordValidatorTest lambda$testDifferentPasswordsAndSettings$0
INFO: Expected errors: 0
Actual errors: 0
Details: numberOfExpectedErrors=0
password='potat1'
passwordModificationTime=Sun Apr 18 03:03:46 UTC 2021
expirationDays=365
expirationMaxLength=10
goodStrength=20
maxLength=0
minLength=6
dictionaries=/tmp/weak_passwords5674434668707774467.txt
characterRules=1 of ABCDEFGHIJKLMNOPQRSTUVWXYZabcdefghijklmnopqrstuvwxyz 1 of 0123456789 
numberOfCharacteristics=2
numberOfRepeatingCharactersAllowed=4
--------------------------------------------------------------------------------
Feb 12, 2022 3:03:46 AM edu.harvard.iq.dataverse.validation.PasswordValidatorTest lambda$testDifferentPasswordsAndSettings$0
INFO: Expected errors: 0
Actual errors: 0
Details: numberOfExpectedErrors=0
password='potat000000000000000'
passwordModificationTime=Sun Apr 18 03:03:46 UTC 2021
expirationDays=365
expirationMaxLength=10
goodStrength=20
maxLength=0
minLength=6
dictionaries=/tmp/weak_passwords5674434668707774467.txt
characterRules=1 of ABCDEFGHIJKLMNOPQRSTUVWXYZabcdefghijklmnopqrstuvwxyz 1 of 0123456789 
numberOfCharacteristics=2
numberOfRepeatingCharactersAllowed=4
--------------------------------------------------------------------------------
Feb 12, 2022 3:03:46 AM edu.harvard.iq.dataverse.validation.PasswordValidatorTest lambda$testDifferentPasswordsAndSettings$0
INFO: Expected errors: 2
Actual errors: 2
Details: Password matches the illegal pattern '02138'. 
Note: passwords are always valid with a 20 or more character length regardless.
numberOfExpectedErrors=2
password='ma02138'
passwordModificationTime=Sun Apr 18 03:03:46 UTC 2021
expirationDays=365
expirationMaxLength=10
goodStrength=20
maxLength=0
minLength=6
dictionaries=/tmp/weak_passwords5674434668707774467.txt
characterRules=1 of ABCDEFGHIJKLMNOPQRSTUVWXYZabcdefghijklmnopqrstuvwxyz 1 of 0123456789 
numberOfCharacteristics=2
numberOfRepeatingCharactersAllowed=4
--------------------------------------------------------------------------------
Feb 12, 2022 3:03:46 AM edu.harvard.iq.dataverse.validation.PasswordValidatorTest lambda$testDifferentPasswordsAndSettings$0
INFO: Expected errors: 2
Actual errors: 2
Details: Password matches the illegal pattern '83120'. 
Note: passwords are always valid with a 20 or more character length regardless.
numberOfExpectedErrors=2
password='ma8312002138'
passwordModificationTime=Sun Apr 18 03:03:46 UTC 2021
expirationDays=365
expirationMaxLength=10
goodStrength=20
maxLength=0
minLength=6
dictionaries=/tmp/weak_passwords5674434668707774467.txt
characterRules=1 of ABCDEFGHIJKLMNOPQRSTUVWXYZabcdefghijklmnopqrstuvwxyz 1 of 0123456789 
numberOfCharacteristics=2
numberOfRepeatingCharactersAllowed=4
--------------------------------------------------------------------------------
[INFO] Tests run: 1, Failures: 0, Errors: 0, Skipped: 0, Time elapsed: 0.006 s - in PasswordValidatorTest
[INFO] Running NewDTAFileReaderTest
[WARNING] Tests run: 8, Failures: 0, Errors: 0, Skipped: 4, Time elapsed: 0.728 s - in NewDTAFileReaderTest
[INFO] Running DataReaderTest
[INFO] Tests run: 4, Failures: 0, Errors: 0, Skipped: 0, Time elapsed: 0 s - in DataReaderTest
[INFO] Running DTAFileReaderTest
Feb 12, 2022 3:03:46 AM edu.harvard.iq.dataverse.ingest.tabulardata.impl.plugins.dta.DTAFileReader read
INFO: ***** DTAFileReader: read() start *****
Feb 12, 2022 3:03:47 AM edu.harvard.iq.dataverse.ingest.tabulardata.impl.plugins.dta.DTAFileReader decodeHeader
INFO: magic_number[0]: 113
Feb 12, 2022 3:03:47 AM edu.harvard.iq.dataverse.ingest.tabulardata.impl.plugins.dta.DTAFileReader decodeHeader
INFO: magic_number[1]: 2
Feb 12, 2022 3:03:47 AM edu.harvard.iq.dataverse.ingest.tabulardata.impl.plugins.dta.DTAFileReader decodeHeader
INFO: magic_number[2]: 1
Feb 12, 2022 3:03:47 AM edu.harvard.iq.dataverse.ingest.tabulardata.impl.plugins.dta.DTAFileReader init
INFO: release number=113
Feb 12, 2022 3:03:47 AM edu.harvard.iq.dataverse.ingest.tabulardata.impl.plugins.dta.DTAFileReader decodeHeader
INFO: number of variables(nvar)=50
Feb 12, 2022 3:03:47 AM edu.harvard.iq.dataverse.ingest.tabulardata.impl.plugins.dta.DTAFileReader read
INFO: ***** DTAFileReader: read() end *****
[INFO] Tests run: 1, Failures: 0, Errors: 0, Skipped: 0, Time elapsed: 0.474 s - in DTAFileReaderTest
[INFO] Running CSVFileReaderTest
[INFO] Tests run: 5, Failures: 0, Errors: 0, Skipped: 0, Time elapsed: 0.86 s - in CSVFileReaderTest
[INFO] Running IngestUtilTest
Feb 12, 2022 3:03:48 AM edu.harvard.iq.dataverse.DatasetVersion validate
INFO: Constraint violation found in FileMetadata. Directory Name cannot contain leading or trailing file separators. The invalid value is "/has/leading/slash".
Feb 12, 2022 3:03:48 AM edu.harvard.iq.dataverse.DatasetVersion validate
INFO: Constraint violation found in FileMetadata. Directory Name cannot contain leading or trailing file separators. The invalid value is "has/trailing/slash/".
Feb 12, 2022 3:03:48 AM edu.harvard.iq.dataverse.DatasetVersion validate
INFO: Constraint violation found in FileMetadata. Directory Name cannot contain leading or trailing file separators. The invalid value is "/leadingAndTrailing/".
[INFO] Tests run: 10, Failures: 0, Errors: 0, Skipped: 0, Time elapsed: 0.351 s - in IngestUtilTest
[INFO] Running IngestableDataCheckerTest
---------------------------
(1) testDTAformat
---------------------------
---------------------------
(1a) Mock a Legit Stata File (application/x-stata)
---------------------------
result 1a: application/x-stata
---------------------------
(1b) File is empty string (non-DTA)
---------------------------
result 1b: null
---------------------------
(1c) File is some random text (non-DTA)
---------------------------
result 1c: null
---------------------------
(1d) Mock a Legit Stata File with STATA_13_HEADER
---------------------------
result 1d: application/x-stata-13
---------------------------
(2) testSAVformat
---------------------------
---------------------------
(2a) Mock a Legit SPSS-SAV File (application/x-spss-sav)
---------------------------
result 2a: application/x-spss-sav
---------------------------
(2b) File is empty string
---------------------------
result 2b: null
---------------------------
(2c) File is non-SAV string
---------------------------
result 2c: null
[INFO] Tests run: 2, Failures: 0, Errors: 0, Skipped: 0, Time elapsed: 0 s - in IngestableDataCheckerTest
[INFO] Running ProvInvestigatorTest
Feb 12, 2022 3:03:48 AM edu.harvard.iq.dataverse.provenance.ProvInvestigator isProvValid
INFO: Prov schema error : org.everit.json.schema.ValidationException: #: extraneous key [entitddd] is not permitted
[INFO] Tests run: 6, Failures: 0, Errors: 0, Skipped: 0, Time elapsed: 0.116 s - in ProvInvestigatorTest
[INFO] Running StorageSiteUtilTest
output: {
  "id": 42,
  "hostname": "myHostname",
  "name": "myName",
  "primaryStorage": true,
  "transferProtocols": "rsync"
}
[INFO] Tests run: 8, Failures: 0, Errors: 0, Skipped: 0, Time elapsed: 0.001 s - in StorageSiteUtilTest
[INFO] Running OptionalFileParamsTest
-------------------------------
test_02_jsonDescriptionNumeric
-------------------------------
-------------------------------
jsonData: {"description": 250 }
-------------------------------
-------------------------------
test_10_emptyString
-------------------------------
-------------------------------
jsonData: 
-------------------------------
-------------------------------
test_08_regularInstanceGoodWithNulls
-------------------------------
-------------------------------
jsonData: {"forceReplace": "unused within OptionalFileParams", "oldFileId": "unused within OptionalFileParams", "description": null, "unusedParam1": "haha", "categories": []}
-------------------------------
-------------------------------
test_01_jsonDescription
-------------------------------
-------------------------------
jsonData: {"description": "A new file"}
-------------------------------
-------------------------------
test_07_regularInstanceGood
-------------------------------
-------------------------------
test_05_jsonTabularTagsGood
-------------------------------
-------------------------------
jsonData: {"dataFileTags": ["Survey", "Event", "Panel"], "description": "A new file"}
-------------------------------
-------------------------------
test_08_regularInstanceGoodWithNulls
-------------------------------
-------------------------------
test_03_jsonNull
-------------------------------
-------------------------------
test_06_jsonTabularTagsBad
-------------------------------
-------------------------------
jsonData: {"dataFileTags": ["Survey", "Event", "xPanel"], "description": "A new file"}
-------------------------------
-------------------------------
errMsg: Not a valid Tabular Data Tag: 
-------------------------------
-------------------------------
test_04_jsonTagsGood
-------------------------------
-------------------------------
jsonData: {"description": "A new file", "categories": ["dog", "cat", "mouse"]}
-------------------------------
[INFO] Tests run: 10, Failures: 0, Errors: 0, Skipped: 0, Time elapsed: 0.001 s - in OptionalFileParamsTest
[INFO] Running FileSizeCheckerTest
[INFO] Tests run: 1, Failures: 0, Errors: 0, Skipped: 0, Time elapsed: 0 s - in FileSizeCheckerTest
[INFO] Running BrandingUtilTest
testGetContactHeader
testWelcomeInAppNotification
message: Welcome to LibraScholar! Get started by adding or finding data. Have questions? Check out the <a href="http://guides.dataverse.org/en/4.3/user/index.html">User Guide</a>. Want to test out Dataverse features? Use our <a href="https://demo.dataverse.org">Demo Site</a>. Also, check for your welcome email to verify your address.
testEmailSubject
message: LibraScholar: Your account has been created
testGetSupportTeamName
testGetSupportEmailAddress
testWelcomeEmail
message: Welcome to LibraScholar! Get started by adding or finding data. Have questions? Check out the User Guide at http://guides.librascholar.edu/en/4.3/user or contact LibraScholar Support at support@librascholar.edu for assistance.
testGetInstallationBrandName
testEmailClosing
message: 

You may contact us for support at support@librascholar.edu.

Thank you,
LibraScholar Support Team
[INFO] Tests run: 8, Failures: 0, Errors: 0, Skipped: 0, Time elapsed: 0.001 s - in BrandingUtilTest
[INFO] Running DataverseUtilTest
getSuggestedDataverseNameOnCreate
[INFO] Tests run: 1, Failures: 0, Errors: 0, Skipped: 0, Time elapsed: 0.001 s - in DataverseUtilTest
[INFO] Running FeedbackUtilTest
feedback: Feedback{fromEmail=personClickingContactOrSupportButton@example.com, toEmail=support@librascholar.edu, subject=LibraScholar contact: nice file, body=There is no contact address on file for this dataset so this message is being sent to the system address.

---

Let's talk!

---

LibraScholar SWAT Team
support@librascholar.edu

Go to file https://dataverse.librascholar.edu/file.xhtml?fileId=42

You received this email because you have been listed as a contact for the dataset. If you believe this was an error, please contact LibraScholar SWAT Team at support@librascholar.edu. To respond directly to the individual who sent the message, simply reply to this email.}
Subject: LibraScholar contact: nice file
Body: There is no contact address on file for this dataset so this message is being sent to the system address.

---

Let's talk!

---

LibraScholar SWAT Team
support@librascholar.edu

Go to file https://dataverse.librascholar.edu/file.xhtml?fileId=42

You received this email because you have been listed as a contact for the dataset. If you believe this was an error, please contact LibraScholar SWAT Team at support@librascholar.edu. To respond directly to the individual who sent the message, simply reply to this email.
From: personClickingContactOrSupportButton@example.com
To: support@librascholar.edu
feedbacks1: [Feedback{fromEmail=personClickingContactOrSupportButton@example.com, toEmail=support@librascholar.edu, subject=LibraScholar support request: I'm clicking the support button., body=LibraScholar SWAT Team,

The following message was sent from personClickingContactOrSupportButton@example.com.

---

Help!

---

Message sent from Support contact form.}]
body:

LibraScholar SWAT Team,

The following message was sent from personClickingContactOrSupportButton@example.com.

---

Help!

---

Message sent from Support contact form.
feedbacks: [Feedback{fromEmail=personClickingContactOrSupportButton@example.com, toEmail=support@librascholar.edu, subject=LibraScholar contact: nice dataset, body=There is no contact address on file for this dataset so this message is being sent to the system address.

---

Let's talk!

---

LibraScholar SWAT Team
support@librascholar.edu

Go to dataset https://dataverse.librascholar.edu/dataset.xhtml?persistentId=doi:10.7910/DVN/TJCLKP

You received this email because you have been listed as a contact for the dataset. If you believe this was an error, please contact LibraScholar SWAT Team at support@librascholar.edu. To respond directly to the individual who sent the message, simply reply to this email.}]
Subject: LibraScholar contact: nice dataset
Body: There is no contact address on file for this dataset so this message is being sent to the system address.

---

Let's talk!

---

LibraScholar SWAT Team
support@librascholar.edu

Go to dataset https://dataverse.librascholar.edu/dataset.xhtml?persistentId=doi:10.7910/DVN/TJCLKP

You received this email because you have been listed as a contact for the dataset. If you believe this was an error, please contact LibraScholar SWAT Team at support@librascholar.edu. To respond directly to the individual who sent the message, simply reply to this email.
From: personClickingContactOrSupportButton@example.com
To: support@librascholar.edu
^^^^^^^^^^^^^^^^^^^^^^^^^^^^^
EXPECTED:

There is no contact address on file for this dataset so this message is being sent to the system address.

---

Let's talk!

---

LibraScholar SWAT Team
support@librascholar.edu

Go to dataset https://dataverse.librascholar.edu/dataset.xhtml?persistentId=doi:10.7910/DVN/TJCLKP

You received this email because you have been listed as a contact for the dataset. If you believe this was an error, please contact LibraScholar SWAT Team at support@librascholar.edu. To respond directly to the individual who sent the message, simply reply to this email.
vvvvvvvvvvvvvvvvvvvvvvvvvvvvvv
ACTUAL:

There is no contact address on file for this dataset so this message is being sent to the system address.

---

Let's talk!

---

LibraScholar SWAT Team
support@librascholar.edu

Go to dataset https://dataverse.librascholar.edu/dataset.xhtml?persistentId=doi:10.7910/DVN/TJCLKP

You received this email because you have been listed as a contact for the dataset. If you believe this was an error, please contact LibraScholar SWAT Team at support@librascholar.edu. To respond directly to the individual who sent the message, simply reply to this email.
dsversion: [DatasetVersion id:null]
feedbacks: [Feedback{fromEmail=personClickingContactOrSupportButton@example.com, toEmail=ContactEmail1@mailinator.com, subject=LibraScholar contact: nice dataset, body=Hello Tom Brady,

You have just been sent the following message from personClickingContactOrSupportButton@example.com via the LibraScholar hosted dataset titled "Darwin's Finches" (doi:10.7910/DVN/TJCLKP):

---

Let's talk!

---

LibraScholar SWAT Team
support@librascholar.edu

Go to dataset https://dataverse.librascholar.edu/dataset.xhtml?persistentId=doi:10.7910/DVN/TJCLKP

You received this email because you have been listed as a contact for the dataset. If you believe this was an error, please contact LibraScholar SWAT Team at support@librascholar.edu. To respond directly to the individual who sent the message, simply reply to this email.}, Feedback{fromEmail=personClickingContactOrSupportButton@example.com, toEmail=ContactEmail2@mailinator.com, subject=LibraScholar contact: nice dataset, body=Hello FirstContact2 LastContact2,

You have just been sent the following message from personClickingContactOrSupportButton@example.com via the LibraScholar hosted dataset titled "Darwin's Finches" (doi:10.7910/DVN/TJCLKP):

---

Let's talk!

---

LibraScholar SWAT Team
support@librascholar.edu

Go to dataset https://dataverse.librascholar.edu/dataset.xhtml?persistentId=doi:10.7910/DVN/TJCLKP

You received this email because you have been listed as a contact for the dataset. If you believe this was an error, please contact LibraScholar SWAT Team at support@librascholar.edu. To respond directly to the individual who sent the message, simply reply to this email.}]
Subject: LibraScholar contact: nice dataset
Body: Hello Tom Brady,

You have just been sent the following message from personClickingContactOrSupportButton@example.com via the LibraScholar hosted dataset titled "Darwin's Finches" (doi:10.7910/DVN/TJCLKP):

---

Let's talk!

---

LibraScholar SWAT Team
support@librascholar.edu

Go to dataset https://dataverse.librascholar.edu/dataset.xhtml?persistentId=doi:10.7910/DVN/TJCLKP

You received this email because you have been listed as a contact for the dataset. If you believe this was an error, please contact LibraScholar SWAT Team at support@librascholar.edu. To respond directly to the individual who sent the message, simply reply to this email.
From: personClickingContactOrSupportButton@example.com
To: ContactEmail1@mailinator.com
^^^^^^^^^^^^^^^^^^^^^^^^^^^^^
EXPECTED:

Hello Tom Brady,

You have just been sent the following message from personClickingContactOrSupportButton@example.com via the LibraScholar hosted dataset titled "Darwin's Finches" (doi:10.7910/DVN/TJCLKP):

---

Let's talk!

---

LibraScholar SWAT Team
support@librascholar.edu

Go to dataset https://dataverse.librascholar.edu/dataset.xhtml?persistentId=doi:10.7910/DVN/TJCLKP

You received this email because you have been listed as a contact for the dataset. If you believe this was an error, please contact LibraScholar SWAT Team at support@librascholar.edu. To respond directly to the individual who sent the message, simply reply to this email.
vvvvvvvvvvvvvvvvvvvvvvvvvvvvvv
ACTUAL:

Hello Tom Brady,

You have just been sent the following message from personClickingContactOrSupportButton@example.com via the LibraScholar hosted dataset titled "Darwin's Finches" (doi:10.7910/DVN/TJCLKP):

---

Let's talk!

---

LibraScholar SWAT Team
support@librascholar.edu

Go to dataset https://dataverse.librascholar.edu/dataset.xhtml?persistentId=doi:10.7910/DVN/TJCLKP

You received this email because you have been listed as a contact for the dataset. If you believe this was an error, please contact LibraScholar SWAT Team at support@librascholar.edu. To respond directly to the individual who sent the message, simply reply to this email.
dsversion: [DatasetVersion id:null]
Feb 12, 2022 3:03:49 AM edu.harvard.iq.dataverse.feedback.FeedbackUtil getGreeting
WARNING: problem in getGreeting: java.lang.NullPointerException
feedback: Feedback{fromEmail=personClickingContactOrSupportButton@example.com, toEmail=finch@mailinator.com, subject=LibraScholar contact: nice file, body=Attention Dataset Contact:

You have just been sent the following message from personClickingContactOrSupportButton@example.com via the LibraScholar hosted file named "file.txt" from the dataset titled "Darwin's Finches" (doi:10.7910/DVN/TJCLKP):

---

Let's talk!

---

LibraScholar SWAT Team
support@librascholar.edu

Go to file https://dataverse.librascholar.edu/file.xhtml?fileId=42

You received this email because you have been listed as a contact for the dataset. If you believe this was an error, please contact LibraScholar SWAT Team at support@librascholar.edu. To respond directly to the individual who sent the message, simply reply to this email.}
Subject: LibraScholar contact: nice file
Body: Attention Dataset Contact:

You have just been sent the following message from personClickingContactOrSupportButton@example.com via the LibraScholar hosted file named "file.txt" from the dataset titled "Darwin's Finches" (doi:10.7910/DVN/TJCLKP):

---

Let's talk!

---

LibraScholar SWAT Team
support@librascholar.edu

Go to file https://dataverse.librascholar.edu/file.xhtml?fileId=42

You received this email because you have been listed as a contact for the dataset. If you believe this was an error, please contact LibraScholar SWAT Team at support@librascholar.edu. To respond directly to the individual who sent the message, simply reply to this email.
From: personClickingContactOrSupportButton@example.com
To: finch@mailinator.com
body:

Attention Dataset Contact:

You have just been sent the following message from personClickingContactOrSupportButton@example.com via the LibraScholar hosted file named "file.txt" from the dataset titled "Darwin's Finches" (doi:10.7910/DVN/TJCLKP):

---

Let's talk!

---

LibraScholar SWAT Team
support@librascholar.edu

Go to file https://dataverse.librascholar.edu/file.xhtml?fileId=42

You received this email because you have been listed as a contact for the dataset. If you believe this was an error, please contact LibraScholar SWAT Team at support@librascholar.edu. To respond directly to the individual who sent the message, simply reply to this email.
first gather feedback
body:

You have just been sent the following message from personClickingContactOrSupportButton@example.com via the LibraScholar hosted dataverse named "dvAlias1":

---

Let's talk!

---

LibraScholar SWAT Team
support@librascholar.edu

Go to dataverse https://dataverse.librascholar.edu/dataverse/dvAlias1

You received this email because you have been listed as a contact for the dataverse. If you believe this was an error, please contact LibraScholar SWAT Team at support@librascholar.edu. To respond directly to the individual who sent the message, simply reply to this email.
json: {"fromEmail":"personClickingContactOrSupportButton@example.com","toEmail":"dvContact1@librascholar.edu","subject":"LibraScholar contact: nice dataverse","body":"You have just been sent the following message from personClickingContactOrSupportButton@example.com via the LibraScholar hosted dataverse named \"dvAlias1\":\n\n---\n\nLet's talk!\n\n---\n\nLibraScholar SWAT Team\nsupport@librascholar.edu\n\nGo to dataverse https://dataverse.librascholar.edu/dataverse/dvAlias1\n\nYou received this email because you have been listed as a contact for the dataverse. If you believe this was an error, please contact LibraScholar SWAT Team at support@librascholar.edu. To respond directly to the individual who sent the message, simply reply to this email."}
second gather feedback
feedbacks2: [Feedback{fromEmail=personClickingContactOrSupportButton@example.com, toEmail=support@librascholar.edu, subject=LibraScholar contact: nice dataverse, body=There is no contact address on file for this dataverse so this message is being sent to the system address.

Let's talk!

---

LibraScholar SWAT Team
support@librascholar.edu

Go to dataverse https://dataverse.librascholar.edu/dataverse/dvAlias1

You received this email because you have been listed as a contact for the dataverse. If you believe this was an error, please contact LibraScholar SWAT Team at support@librascholar.edu. To respond directly to the individual who sent the message, simply reply to this email.}]
body:

There is no contact address on file for this dataverse so this message is being sent to the system address.

Let's talk!

---

LibraScholar SWAT Team
support@librascholar.edu

Go to dataverse https://dataverse.librascholar.edu/dataverse/dvAlias1

You received this email because you have been listed as a contact for the dataverse. If you believe this was an error, please contact LibraScholar SWAT Team at support@librascholar.edu. To respond directly to the individual who sent the message, simply reply to this email.
[INFO] Tests run: 7, Failures: 0, Errors: 0, Skipped: 0, Time elapsed: 0.386 s - in FeedbackUtilTest
[INFO] Running MetricsUtilTest

[
    {
        "category":"Research Project",
        "count":791
    },
    {
        "category":"Researcher",
        "count":745
    },
    {
        "category":"Uncategorized",
        "count":565
    },
    {
        "category":"Organization or Institution",
        "count":250
    },
    {
        "category":"Journal",
        "count":106
    },
    {
        "category":"Research Group",
        "count":106
    },
    {
        "category":"Teaching Course",
        "count":20
    },
    {
        "category":"Laboratory",
        "count":17
    },
    {
        "category":"Department",
        "count":7
    }
]
testStringToJsonObjectBuilder

{
    "Test":"result"
}

{
    "Test":"result"
}

{
    "count":42
}
testStringToJsonArrayBuilder

[
    {
        "subject":"Social Sciences",
        "count":24955
    }
]

[
    {
        "subject":"Social Sciences",
        "count":24955
    }
]

[
    {
        "subject":"Social Sciences",
        "count":24955
    },
    {
        "subject":"Medicine, Health and Life Sciences",
        "count":2262
    },
    {
        "subject":"Earth and Environmental Sciences",
        "count":1631
    },
    {
        "subject":"Agricultural Sciences",
        "count":1187
    },
    {
        "subject":"Other",
        "count":980
    },
    {
        "subject":"Computer and Information Science",
        "count":888
    },
    {
        "subject":"Arts and Humanities",
        "count":832
    },
    {
        "subject":"Astronomy and Astrophysics",
        "count":353
    },
    {
        "subject":"Business and Management",
        "count":346
    },
    {
        "subject":"Law",
        "count":220
    },
    {
        "subject":"Engineering",
        "count":203
    },
    {
        "subject":"Mathematical Sciences",
        "count":123
    },
    {
        "subject":"Chemistry",
        "count":116
    },
    {
        "subject":"Physics",
        "count":98
    }
]
[INFO] Tests run: 8, Failures: 0, Errors: 0, Skipped: 0, Time elapsed: 0.03 s - in MetricsUtilTest
[INFO] Running ConfirmEmailUtilTest
Friendly expiration timestamp / measurement test
1440 Minutes: 24 hours
60 Minutes: 1 hour
30 Minutes: 30 minutes
90 Minutes: 1.5 hours
2880 minutes: 48 hours
150 minutes: 2.5 hours
165 minutes: 2.75 hours
1 Minute: 1 minute


Grandfathered account timestamp test
Grandfathered Time (y2k): 2000-01-01 00:00:00.0

[INFO] Tests run: 2, Failures: 0, Errors: 0, Skipped: 0, Time elapsed: 0 s - in ConfirmEmailUtilTest
[INFO] Running DataCaptureModuleUtilTest
makeUploadRequest
getScriptFromRequestOk
getScriptFromRequestNotFound
generateJsonForUploadRequest
getMessageFromException
rsyncSupportEnabled
[INFO] Tests run: 7, Failures: 0, Errors: 0, Skipped: 0, Time elapsed: 0.227 s - in DataCaptureModuleUtilTest
[INFO] Running RepositoryStorageAbstractionLayerUtilTest
getRsalSites
Feb 12, 2022 3:03:49 AM edu.harvard.iq.dataverse.repositorystorageabstractionlayer.RepositoryStorageAbstractionLayerUtil getStorageSitesAsJson
WARNING: The number of expected primary sites is 1 but 0 were found.
Harvard Medical School, USA
getVerifyDataCommand
getLocalDataAccessDirectory
getRsalSites
Feb 12, 2022 3:03:49 AM edu.harvard.iq.dataverse.repositorystorageabstractionlayer.RepositoryStorageAbstractionLayerUtil getStorageSitesAsJson
WARNING: The number of expected primary sites is 1 but 0 were found.
[{"fqdn":"dv.sbgrid.org","name":"Harvard Medical School, USA"}]
[INFO] Tests run: 4, Failures: 0, Errors: 0, Skipped: 0, Time elapsed: 0.001 s - in RepositoryStorageAbstractionLayerUtilTest
[INFO] Running DatasetUtilTest
Feb 12, 2022 3:03:49 AM edu.harvard.iq.dataverse.dataset.DatasetUtil deleteDatasetLogo
INFO: Failed to delete dataset logo: getDataAccessObject: null or invalid datafile.
Feb 12, 2022 3:03:49 AM edu.harvard.iq.dataverse.dataaccess.ImageThumbConverter generateImageThumbnail
WARNING: caught IOException trying to open an input stream for file://src/test/resources/images/coffeeshop.pngjava.io.IOException: Failed to open local file null
false
Feb 12, 2022 3:03:49 AM edu.harvard.iq.dataverse.dataaccess.ImageThumbConverter generateImageThumbnail
WARNING: caught IOException trying to open an input stream for file://src/test/resources/images/coffeeshop.pngjava.io.IOException: Failed to open local file null
testGetThumbnailRestricted
Feb 12, 2022 3:03:49 AM edu.harvard.iq.dataverse.dataset.DatasetUtil getThumbnail
WARNING: getThumbnail(): Failed to initialize dataset StorageIO for null (getDataAccessObject: null or invalid datafile.)
Feb 12, 2022 3:03:49 AM edu.harvard.iq.dataverse.dataset.DatasetUtil getThumbnail
WARNING: getThumbnail(): Failed to initialize dataset StorageIO for null
[INFO] Tests run: 8, Failures: 0, Errors: 0, Skipped: 0, Time elapsed: 0.001 s - in DatasetUtilTest
[INFO] Running DatasetVersionTest
jsonLd: {"@context":"http://schema.org","@type":"Dataset","identifier":"https://doi.org/10.5072/FK2/LK0D1H","name":"","author":[],"datePublished":"1955-11-05","dateModified":"1955-11-05","version":"1","description":"","keywords":[],"schemaVersion":"https://schema.org/version/3.3","includedInDataCatalog":{"@type":"DataCatalog","name":"LibraScholar","url":"https://librascholar.org"},"provider":{"@type":"Organization","name":"Dataverse"}}
[INFO] Tests run: 3, Failures: 0, Errors: 0, Skipped: 0, Time elapsed: 0 s - in DatasetVersionTest
[INFO] Running EMailValidatorTest
[INFO] Tests run: 1, Failures: 0, Errors: 0, Skipped: 0, Time elapsed: 0.246 s - in EMailValidatorTest
[INFO] Running DatasetTest
[INFO] Tests run: 2, Failures: 0, Errors: 0, Skipped: 0, Time elapsed: 0.001 s - in DatasetTest
[INFO] Running PersistentIdentifierServiceBeanTest
Feb 12, 2022 3:03:49 AM edu.harvard.iq.dataverse.DOIEZIdServiceBean <init>
SEVERE: Other Error on ezidService.login(USERNAME, PASSWORD) - not EZIDException 
Feb 12, 2022 3:03:49 AM edu.harvard.iq.dataverse.DOIEZIdServiceBean <init>
SEVERE: Other Error on ezidService.login(USERNAME, PASSWORD) - not EZIDException 
Feb 12, 2022 3:03:49 AM edu.harvard.iq.dataverse.DOIEZIdServiceBean <init>
SEVERE: Other Error on ezidService.login(USERNAME, PASSWORD) - not EZIDException 
Feb 12, 2022 3:03:49 AM edu.harvard.iq.dataverse.BeanDispatcher lambda$static$1
SEVERE: Unknown doiProvider: non-existent-provider
Feb 12, 2022 3:03:49 AM edu.harvard.iq.dataverse.GlobalIdServiceBean getBean
SEVERE: Unknown protocol: non-existent-protocol
[INFO] Tests run: 3, Failures: 0, Errors: 0, Skipped: 0, Time elapsed: 0.042 s - in PersistentIdentifierServiceBeanTest
[INFO] Running DataFileServiceBeanTest
[INFO] Tests run: 13, Failures: 0, Errors: 0, Skipped: 0, Time elapsed: 0.001 s - in DataFileServiceBeanTest
[INFO] Running UserNameValidatorTest
[INFO] Tests run: 1, Failures: 0, Errors: 0, Skipped: 0, Time elapsed: 0 s - in UserNameValidatorTest
[INFO] Running DatasetFieldValueValidatorTest
isValid
[INFO] Tests run: 1, Failures: 0, Errors: 0, Skipped: 0, Time elapsed: 0.025 s - in DatasetFieldValueValidatorTest
[INFO] Running GlobalIdTest
testUnknownProtocol
testValidDOI
testBadIdentifierOnePart
Feb 12, 2022 3:03:50 AM edu.harvard.iq.dataverse.GlobalId parsePersistentId
INFO: Error parsing identifier: 1part: '<protocol>:' not found in string
testBadIdentifierTwoParts
testInject (weak test)
testValidDOI
[INFO] Tests run: 9, Failures: 0, Errors: 0, Skipped: 0, Time elapsed: 0.283 s - in GlobalIdTest
[INFO] Running DatasetFieldValidatorTest
isValid
[INFO] Tests run: 1, Failures: 0, Errors: 0, Skipped: 0, Time elapsed: 0 s - in DatasetFieldValidatorTest
[INFO] Running DatasetFieldTypeTest
testIsEscapeOutputText
isSanitizeHtml
[INFO] Tests run: 3, Failures: 0, Errors: 0, Skipped: 0, Time elapsed: 0.001 s - in DatasetFieldTypeTest
[INFO] 
[INFO] Results:
[INFO] 
[ERROR] Errors: 
[ERROR]   JsonPrinterTest.testDatasetContactOutOfBoxNoPrivacy:204 NullPointer
[INFO] 
[ERROR] Tests run: 557, Failures: 0, Errors: 1, Skipped: 5
[INFO] 
[INFO] ------------------------------------------------------------------------
[INFO] BUILD FAILURE
[INFO] ------------------------------------------------------------------------
[INFO] Total time: 46.936 s
[INFO] Finished at: 2022-02-12T03:03:50Z
[INFO] Final Memory: 102M/2557M
[INFO] ------------------------------------------------------------------------
[ERROR] Failed to execute goal org.apache.maven.plugins:maven-surefire-plugin:2.22.0:test (default-test) on project dataverse: There are test failures.
[ERROR] 
[ERROR] Please refer to /home/travis/build/failed/IQSS/dataverse/target/surefire-reports for the individual test results.
[ERROR] Please refer to dump files (if any exist) [date]-jvmRun[N].dump, [date].dumpstream and [date]-jvmRun[N].dumpstream.
[ERROR] -> [Help 1]
[ERROR] 
[ERROR] To see the full stack trace of the errors, re-run Maven with the -e switch.
[ERROR] Re-run Maven using the -X switch to enable full debug logging.
[ERROR] 
[ERROR] For more information about the errors and possible solutions, please read the following articles:
[ERROR] [Help 1] http://cwiki.apache.org/confluence/display/MAVEN/MojoFailureException
travis_time:end:06f89e88:start=1644634982658296662,finish=1644635031494766448,duration=48836469786[0K[31;1mThe command "mvn -o -Dhttps.protocols=TLSv1.2 -DcompilerArgument=-Xlint:unchecked test -P all-unit-tests" exited with 1.[0m



Done. Your build exited with 1.
