travis_fold:start:system_info[0K[33;1mBuild system information[0m
Build language: java
Build group: stable
Build dist: trusty
Build id: ''
Job id: ''
Runtime kernel version: 4.15.0-109-generic
[34m[1mBuild image provisioning date and time[0m
Tue Dec  5 20:11:19 UTC 2017
[34m[1mOperating System Details[0m
Distributor ID:	Ubuntu
Description:	Ubuntu 14.04.5 LTS
Release:	14.04
Codename:	trusty
[34m[1mCookbooks Version[0m
7c2c6a6 https://github.com/travis-ci/travis-cookbooks/tree/7c2c6a6
[34m[1mgit version[0m
git version 2.15.1
[34m[1mbash version[0m
GNU bash, version 4.3.11(1)-release (x86_64-pc-linux-gnu)
[34m[1mgcc version[0m
gcc (Ubuntu 4.8.4-2ubuntu1~14.04.3) 4.8.4
Copyright (C) 2013 Free Software Foundation, Inc.
This is free software; see the source for copying conditions.  There is NO
warranty; not even for MERCHANTABILITY or FITNESS FOR A PARTICULAR PURPOSE.

[34m[1mdocker version[0m
Client:
 Version:      17.09.0-ce
 API version:  1.32
 Go version:   go1.8.3
 Git commit:   afdb6d4
 Built:        Tue Sep 26 22:39:28 2017
 OS/Arch:      linux/amd64
[34m[1mclang version[0m
clang version 5.0.0 (tags/RELEASE_500/final)
Target: x86_64-unknown-linux-gnu
Thread model: posix
InstalledDir: /usr/local/clang-5.0.0/bin
[34m[1mjq version[0m
jq-1.5
[34m[1mbats version[0m
Bats 0.4.0
[34m[1mshellcheck version[0m
0.4.6
[34m[1mshfmt version[0m
v2.0.0
[34m[1mccache version[0m
ccache version 3.1.9

Copyright (C) 2002-2007 Andrew Tridgell
Copyright (C) 2009-2011 Joel Rosdahl

This program is free software; you can redistribute it and/or modify it under
the terms of the GNU General Public License as published by the Free Software
Foundation; either version 3 of the License, or (at your option) any later
version.
[34m[1mcmake version[0m
cmake version 3.9.2

CMake suite maintained and supported by Kitware (kitware.com/cmake).
[34m[1mheroku version[0m
heroku-cli/6.14.39-addc925 (linux-x64) node-v9.2.0
[34m[1mimagemagick version[0m
Version: ImageMagick 6.7.7-10 2017-07-31 Q16 http://www.imagemagick.org
[34m[1mmd5deep version[0m
4.2
[34m[1mmercurial version[0m
Mercurial Distributed SCM (version 4.2.2)
(see https://mercurial-scm.org for more information)

Copyright (C) 2005-2017 Matt Mackall and others
This is free software; see the source for copying conditions. There is NO
warranty; not even for MERCHANTABILITY or FITNESS FOR A PARTICULAR PURPOSE.
[34m[1mmysql version[0m
mysql  Ver 14.14 Distrib 5.6.33, for debian-linux-gnu (x86_64) using  EditLine wrapper
[34m[1mopenssl version[0m
OpenSSL 1.0.1f 6 Jan 2014
[34m[1mpacker version[0m
Packer v1.0.2

Your version of Packer is out of date! The latest version
is 1.1.2. You can update by downloading from www.packer.io
[34m[1mpostgresql client version[0m
psql (PostgreSQL) 9.6.6
[34m[1mragel version[0m
Ragel State Machine Compiler version 6.8 Feb 2013
Copyright (c) 2001-2009 by Adrian Thurston
[34m[1msubversion version[0m
svn, version 1.8.8 (r1568071)
   compiled Aug 10 2017, 17:20:39 on x86_64-pc-linux-gnu

Copyright (C) 2013 The Apache Software Foundation.
This software consists of contributions made by many people;
see the NOTICE file for more information.
Subversion is open source software, see http://subversion.apache.org/

The following repository access (RA) modules are available:

* ra_svn : Module for accessing a repository using the svn network protocol.
  - with Cyrus SASL authentication
  - handles 'svn' scheme
* ra_local : Module for accessing a repository on local disk.
  - handles 'file' scheme
* ra_serf : Module for accessing a repository via WebDAV protocol using serf.
  - using serf 1.3.3
  - handles 'http' scheme
  - handles 'https' scheme

[34m[1msudo version[0m
Sudo version 1.8.9p5
Configure options: --prefix=/usr -v --with-all-insults --with-pam --with-fqdn --with-logging=syslog --with-logfac=authpriv --with-env-editor --with-editor=/usr/bin/editor --with-timeout=15 --with-password-timeout=0 --with-passprompt=[sudo] password for %p:  --without-lecture --with-tty-tickets --disable-root-mailer --enable-admin-flag --with-sendmail=/usr/sbin/sendmail --with-timedir=/var/lib/sudo --mandir=/usr/share/man --libexecdir=/usr/lib/sudo --with-sssd --with-sssd-lib=/usr/lib/x86_64-linux-gnu --with-selinux
Sudoers policy plugin version 1.8.9p5
Sudoers file grammar version 43

Sudoers path: /etc/sudoers
Authentication methods: 'pam'
Syslog facility if syslog is being used for logging: authpriv
Syslog priority to use when user authenticates successfully: notice
Syslog priority to use when user authenticates unsuccessfully: alert
Send mail if the user is not in sudoers
Use a separate timestamp for each user/tty combo
Lecture user the first time they run sudo
Root may run sudo
Allow some information gathering to give useful error messages
Require fully-qualified hostnames in the sudoers file
Visudo will honor the EDITOR environment variable
Set the LOGNAME and USER environment variables
Length at which to wrap log file lines (0 for no wrap): 80
Authentication timestamp timeout: 15.0 minutes
Password prompt timeout: 0.0 minutes
Number of tries to enter a password: 3
Umask to use or 0777 to use user's: 022
Path to mail program: /usr/sbin/sendmail
Flags for mail program: -t
Address to send mail to: root
Subject line for mail messages: *** SECURITY information for %h ***
Incorrect password message: Sorry, try again.
Path to authentication timestamp dir: /var/lib/sudo
Default password prompt: [sudo] password for %p: 
Default user to run commands as: root
Value to override user's $PATH with: /usr/local/sbin:/usr/local/bin:/usr/sbin:/usr/bin:/sbin:/bin:/snap/bin
Path to the editor for use by visudo: /usr/bin/editor
When to require a password for 'list' pseudocommand: any
When to require a password for 'verify' pseudocommand: all
File descriptors >= 3 will be closed before executing a command
Environment variables to check for sanity:
	TZ
	TERM
	LINGUAS
	LC_*
	LANGUAGE
	LANG
	COLORTERM
Environment variables to remove:
	RUBYOPT
	RUBYLIB
	PYTHONUSERBASE
	PYTHONINSPECT
	PYTHONPATH
	PYTHONHOME
	TMPPREFIX
	ZDOTDIR
	READNULLCMD
	NULLCMD
	FPATH
	PERL5DB
	PERL5OPT
	PERL5LIB
	PERLLIB
	PERLIO_DEBUG 
	JAVA_TOOL_OPTIONS
	SHELLOPTS
	GLOBIGNORE
	PS4
	BASH_ENV
	ENV
	TERMCAP
	TERMPATH
	TERMINFO_DIRS
	TERMINFO
	_RLD*
	LD_*
	PATH_LOCALE
	NLSPATH
	HOSTALIASES
	RES_OPTIONS
	LOCALDOMAIN
	CDPATH
	IFS
Environment variables to preserve:
	JAVA_HOME
	TRAVIS
	CI
	DEBIAN_FRONTEND
	XAUTHORIZATION
	XAUTHORITY
	PS2
	PS1
	PATH
	LS_COLORS
	KRB5CCNAME
	HOSTNAME
	HOME
	DISPLAY
	COLORS
Locale to use while parsing sudoers: C
Directory in which to store input/output logs: /var/log/sudo-io
File in which to store the input/output log: %{seq}
Add an entry to the utmp/utmpx file when allocating a pty
PAM service name to use
PAM service name to use for login shells
Create a new PAM session for the command to run in
Maximum I/O log sequence number: 0

Local IP address and netmask pairs:
	172.17.0.2/255.255.0.0

Sudoers I/O plugin version 1.8.9p5
[34m[1mgzip version[0m
gzip 1.6
Copyright (C) 2007, 2010, 2011 Free Software Foundation, Inc.
Copyright (C) 1993 Jean-loup Gailly.
This is free software.  You may redistribute copies of it under the terms of
the GNU General Public License <http://www.gnu.org/licenses/gpl.html>.
There is NO WARRANTY, to the extent permitted by law.

Written by Jean-loup Gailly.
[34m[1mzip version[0m
Copyright (c) 1990-2008 Info-ZIP - Type 'zip "-L"' for software license.
This is Zip 3.0 (July 5th 2008), by Info-ZIP.
Currently maintained by E. Gordon.  Please send bug reports to
the authors using the web page at www.info-zip.org; see README for details.

Latest sources and executables are at ftp://ftp.info-zip.org/pub/infozip,
as of above date; see http://www.info-zip.org/ for other sites.

Compiled with gcc 4.8.2 for Unix (Linux ELF) on Oct 21 2013.

Zip special compilation options:
	USE_EF_UT_TIME       (store Universal Time)
	BZIP2_SUPPORT        (bzip2 library version 1.0.6, 6-Sept-2010)
	    bzip2 code and library copyright (c) Julian R Seward
	    (See the bzip2 license for terms of use)
	SYMLINK_SUPPORT      (symbolic links supported)
	LARGE_FILE_SUPPORT   (can read and write large files on file system)
	ZIP64_SUPPORT        (use Zip64 to store large files in archives)
	UNICODE_SUPPORT      (store and read UTF-8 Unicode paths)
	STORE_UNIX_UIDs_GIDs (store UID/GID sizes/values using new extra field)
	UIDGID_NOT_16BIT     (old Unix 16-bit UID/GID extra field not used)
	[encryption, version 2.91 of 05 Jan 2007] (modified for Zip 3)

Encryption notice:
	The encryption code of this program is not copyrighted and is
	put in the public domain.  It was originally written in Europe
	and, to the best of our knowledge, can be freely distributed
	in both source and object forms from any country, including
	the USA under License Exception TSU of the U.S. Export
	Administration Regulations (section 740.13(e)) of 6 June 2002.

Zip environment options:
             ZIP:  [none]
          ZIPOPT:  [none]
[34m[1mvim version[0m
VIM - Vi IMproved 7.4 (2013 Aug 10, compiled Nov 24 2016 16:43:18)
Included patches: 1-52
Extra patches: 8.0.0056
Modified by pkg-vim-maintainers@lists.alioth.debian.org
Compiled by buildd@
Huge version without GUI.  Features included (+) or not (-):
+acl             +farsi           +mouse_netterm   +syntax
+arabic          +file_in_path    +mouse_sgr       +tag_binary
+autocmd         +find_in_path    -mouse_sysmouse  +tag_old_static
-balloon_eval    +float           +mouse_urxvt     -tag_any_white
-browse          +folding         +mouse_xterm     -tcl
++builtin_terms  -footer          +multi_byte      +terminfo
+byte_offset     +fork()          +multi_lang      +termresponse
+cindent         +gettext         -mzscheme        +textobjects
-clientserver    -hangul_input    +netbeans_intg   +title
-clipboard       +iconv           +path_extra      -toolbar
+cmdline_compl   +insert_expand   -perl            +user_commands
+cmdline_hist    +jumplist        +persistent_undo +vertsplit
+cmdline_info    +keymap          +postscript      +virtualedit
+comments        +langmap         +printer         +visual
+conceal         +libcall         +profile         +visualextra
+cryptv          +linebreak       +python          +viminfo
+cscope          +lispindent      -python3         +vreplace
+cursorbind      +listcmds        +quickfix        +wildignore
+cursorshape     +localmap        +reltime         +wildmenu
+dialog_con      -lua             +rightleft       +windows
+diff            +menu            -ruby            +writebackup
+digraphs        +mksession       +scrollbind      -X11
-dnd             +modify_fname    +signs           -xfontset
-ebcdic          +mouse           +smartindent     -xim
+emacs_tags      -mouseshape      -sniff           -xsmp
+eval            +mouse_dec       +startuptime     -xterm_clipboard
+ex_extra        +mouse_gpm       +statusline      -xterm_save
+extra_search    -mouse_jsbterm   -sun_workshop    -xpm
   system vimrc file: "$VIM/vimrc"
     user vimrc file: "$HOME/.vimrc"
 2nd user vimrc file: "~/.vim/vimrc"
      user exrc file: "$HOME/.exrc"
  fall-back for $VIM: "/usr/share/vim"
Compilation: gcc -c -I. -Iproto -DHAVE_CONFIG_H     -g -O2 -fstack-protector --param=ssp-buffer-size=4 -Wformat -Werror=format-security -U_FORTIFY_SOURCE -D_FORTIFY_SOURCE=1      
Linking: gcc   -Wl,-Bsymbolic-functions -Wl,-z,relro -Wl,--as-needed -o vim        -lm -ltinfo -lnsl  -lselinux  -lacl -lattr -lgpm -ldl    -L/usr/lib/python2.7/config-x86_64-linux-gnu -lpython2.7 -lpthread -ldl -lutil -lm -Xlinker -export-dynamic -Wl,-O1 -Wl,-Bsymbolic-functions      
[34m[1miptables version[0m
iptables v1.4.21
[34m[1mcurl version[0m
curl 7.35.0 (x86_64-pc-linux-gnu) libcurl/7.35.0 OpenSSL/1.0.1f zlib/1.2.8 libidn/1.28 librtmp/2.3
[34m[1mwget version[0m
GNU Wget 1.15 built on linux-gnu.
[34m[1mrsync version[0m
rsync  version 3.1.0  protocol version 31
[34m[1mgimme version[0m
v1.2.0
[34m[1mnvm version[0m
0.33.6
[34m[1mperlbrew version[0m
/home/travis/perl5/perlbrew/bin/perlbrew  - App::perlbrew/0.80
[34m[1mphpenv version[0m
rbenv 1.1.1-25-g6aa70b6
[34m[1mrvm version[0m
rvm 1.29.3 (latest) by Michal Papis, Piotr Kuczynski, Wayne E. Seguin [https://rvm.io]
[34m[1mdefault ruby version[0m
ruby 2.4.1p111 (2017-03-22 revision 58053) [x86_64-linux]
[34m[1mCouchDB version[0m
couchdb 1.6.1
[34m[1mElasticSearch version[0m
5.5.0
[34m[1mInstalled Firefox version[0m
firefox 56.0.2
[34m[1mMongoDB version[0m
MongoDB 3.4.10
[34m[1mPhantomJS version[0m
2.1.1
[34m[1mPre-installed PostgreSQL versions[0m
9.2.24
9.3.20
9.4.15
9.5.10
9.6.6
[34m[1mRabbitMQ Version[0m
3.6.14
[34m[1mRedis version[0m
redis-server 4.0.6
[34m[1mriak version[0m
2.2.3
[34m[1mPre-installed Go versions[0m
1.7.4
[34m[1mant version[0m
Apache Ant(TM) version 1.9.3 compiled on April 8 2014
[34m[1mmvn version[0m
Apache Maven 3.5.2 (138edd61fd100ec658bfa2d307c43b76940a5d7d; 2017-10-18T07:58:13Z)
Maven home: /usr/local/maven-3.5.2
Java version: 1.8.0_151, vendor: Oracle Corporation
Java home: /usr/lib/jvm/java-8-oracle/jre
Default locale: en_US, platform encoding: UTF-8
OS name: "linux", version: "4.4.0-101-generic", arch: "amd64", family: "unix"
[34m[1mgradle version[0m

------------------------------------------------------------
Gradle 4.0.1
------------------------------------------------------------

Build time:   2017-07-07 14:02:41 UTC
Revision:     38e5dc0f772daecca1d2681885d3d85414eb6826

Groovy:       2.4.11
Ant:          Apache Ant(TM) version 1.9.6 compiled on June 29 2015
JVM:          1.8.0_151 (Oracle Corporation 25.151-b12)
OS:           Linux 4.4.0-101-generic amd64

[34m[1mlein version[0m
Leiningen 2.8.1 on Java 1.8.0_151 Java HotSpot(TM) 64-Bit Server VM
[34m[1mPre-installed Node.js versions[0m
v4.8.6
v6.12.0
v6.12.1
v8.9
v8.9.1
[34m[1mphpenv versions[0m
  system
  5.6
* 5.6.32 (set by /home/travis/.phpenv/version)
  7.0
  7.0.25
  7.1
  7.1.11
  hhvm
  hhvm-stable
[34m[1mcomposer --version[0m
Composer version 1.5.2 2017-09-11 16:59:25
[34m[1mPre-installed Ruby versions[0m
ruby-2.2.7
ruby-2.3.4
ruby-2.4.1
travis_fold:end:system_info[0K
[31;1mTimeout waiting for network availability.[0m
sed: cannot rename /etc/hosts: Device or resource busy
travis_fold:start:docker_mtu[0Ktee: /etc/docker/daemon.json: No such file or directory
docker: unrecognized service
travis_fold:end:docker_mtu[0Ktravis_fold:start:resolvconf[0Kinitctl: Unable to connect to Upstart: Failed to connect to socket /com/ubuntu/upstart: Connection refused
 * Restarting resolvconf...
   ...done.
travis_fold:end:resolvconf[0K
travis_fold:start:install_jdk[0K[33;1mInstalling oraclejdk8[0m
$ jdk_switcher use "oraclejdk8"
Switching to Oracle JDK8 (java-8-oracle), JAVA_HOME will be set to /usr/lib/jvm/java-8-oracle
travis_fold:end:install_jdk[0Ktravis_fold:start:postgresql[0Ktravis_time:start:26b889c4[0K$ travis_setup_postgresql 9.6
[33;1mStarting PostgreSQL v9.6[0K
 * Stopping PostgreSQL 9.2 database server
   ...done.
 * Stopping PostgreSQL 9.3 database server
   ...done.
 * Stopping PostgreSQL 9.4 database server
   ...done.
 * Stopping PostgreSQL 9.5 database server
   ...done.
 * Stopping PostgreSQL 9.6 database server
   ...done.
 * Starting PostgreSQL 9.6 database server
   ...done.
sudo service postgresql start 9.6
travis_time:end:26b889c4:start=1644739499080845630,finish=1644739513063345310,duration=13982499680[0Ktravis_fold:end:postgresql[0K
$ cd failed/pgjdbc/pgjdbc


[33;1mSetting environment variables from .travis.yml[0m
$ export PG_VERSION=9.6
$ export ZULU_JDK=8
$ export XA=true
$ export REPLICATION=Y
$ export COVERAGE=Y
$ export MCENTRAL=Y
$ export JDOC=Y

travis_fold:start:cache.1[0KSetting up build cache
$ export CASHER_DIR=${TRAVIS_HOME}/.casher
travis_time:start:0bb983d0[0K$ Installing caching utilities
curl: (6) Could not resolve host: https

[31;1mThe command "eval curl -sf  -o $CASHER_DIR/bin/casher https:///files/casher " failed. Retrying, 2 of 3.[0m

curl: (6) Could not resolve host: https

[31;1mThe command "eval curl -sf  -o $CASHER_DIR/bin/casher https:///files/casher " failed. Retrying, 3 of 3.[0m

curl: (6) Could not resolve host: https

[31;1mThe command "eval curl -sf  -o $CASHER_DIR/bin/casher https:///files/casher " failed 3 times.[0m

travis_time:end:0bb983d0:start=1644739520842843301,finish=1644739533040332916,duration=12197489615[0Ktravis_time:start:134c70a8[0K$ Installing caching utilities from the Travis CI server (https:///files/casher) failed, failing over to using GitHub (https://raw.githubusercontent.com/travis-ci/casher/bash/bin/casher)
travis_time:end:134c70a8:start=1644739533048836074,finish=1644739533124650848,duration=75814774[0Ktravis_time:start:0d828734[0Ktravis_time:end:0d828734:start=1644739533134688314,finish=1644739533139979555,duration=5291241[0Ktravis_time:start:07bf7f20[0Kattempting to download cache archive[0m
[31;1mcould not download cache[0m
travis_time:end:07bf7f20:start=1644739533147299312,finish=1644739534672941662,duration=1525642350[0Ktravis_time:start:06010e70[0Ktravis_time:end:06010e70:start=1644739534682232923,finish=1644739534688388217,duration=6155294[0Ktravis_time:start:0ccff78c[0Kadding /home/travis/.m2/repository to cache[0m
creating directory /home/travis/.m2/repository[0m
adding /home/travis/.ivy2/cache to cache[0m
creating directory /home/travis/.ivy2/cache[0m
adding /home/travis/.sbt/boot to cache[0m
creating directory /home/travis/.sbt/boot[0m
travis_time:end:0ccff78c:start=1644739534695948253,finish=1644739536360899852,duration=1664951599[0Ktravis_fold:end:cache.1[0K
$ java -Xmx32m -version
java version "1.8.0_151"
Java(TM) SE Runtime Environment (build 1.8.0_151-b12)
Java HotSpot(TM) 64-Bit Server VM (build 25.151-b12, mixed mode)
$ javac -J-Xmx32m -version
javac 1.8.0_151
travis_fold:start:before_install.1[0Ktravis_time:start:1b90f500[0K$ ./.travis/travis_install_zulu.sh
+[[ true == \t\r\u\e ]]
+[[ -n 8 ]]
+sudo apt-key adv --keyserver hkp://keyserver.ubuntu.com:80 --recv-keys 0x219BD9C9
Executing: /tmp/tmp.3dOcgNGS6v/gpg.1.sh --keyserver
hkp://keyserver.ubuntu.com:80
--recv-keys
0x219BD9C9
gpg: requesting key 219BD9C9 from hkp server keyserver.ubuntu.com
gpg: key 219BD9C9: public key "Azul Systems, Inc. (Package signing key.) <pki-signing@azulsystems.com>" imported
gpg: Total number processed: 1
gpg:               imported: 1  (RSA: 1)
+sudo apt-add-repository 'deb http://repos.azulsystems.com/ubuntu stable main'
+sudo apt-get update -qq
+sudo apt-get install zulu-8 -y
Reading package lists...
Building dependency tree...
Reading state information...
The following additional packages will be installed:
  zulu-repo
The following NEW packages will be installed:
  zulu-8 zulu-repo
0 upgraded, 2 newly installed, 0 to remove and 261 not upgraded.
Need to get 107 MB of archives.
After this operation, 214 MB of additional disk space will be used.
Get:1 http://repos.azulsystems.com/ubuntu stable/main amd64 zulu-repo all 1.0.0-2 [2,664 B]
Get:2 http://repos.azulsystems.com/ubuntu stable/main amd64 zulu-8 amd64 8.48.0.51-2 [107 MB]
Fetched 107 MB in 5s (21.4 MB/s)
Selecting previously unselected package zulu-repo.
(Reading database ... (Reading database ... 5%(Reading database ... 10%(Reading database ... 15%(Reading database ... 20%(Reading database ... 25%(Reading database ... 30%(Reading database ... 35%(Reading database ... 40%(Reading database ... 45%(Reading database ... 50%(Reading database ... 55%(Reading database ... 60%(Reading database ... 65%(Reading database ... 70%(Reading database ... 75%(Reading database ... 80%(Reading database ... 85%(Reading database ... 90%(Reading database ... 95%(Reading database ... 100%(Reading database ... 72204 files and directories currently installed.)
Preparing to unpack .../zulu-repo_1.0.0-2_all.deb ...
Unpacking zulu-repo (1.0.0-2) ...
Selecting previously unselected package zulu-8.
Preparing to unpack .../zulu-8_8.48.0.51-2_amd64.deb ...
Unpacking zulu-8 (8.48.0.51-2) ...
Setting up zulu-repo (1.0.0-2) ...
Setting up zulu-8 (8.48.0.51-2) ...
update-alternatives: using /usr/lib/jvm/zulu-8-amd64/bin/jfr to provide /usr/bin/jfr (jfr) in auto mode
update-alternatives: using /usr/lib/jvm/zulu-8-amd64/bin/clhsdb to provide /usr/bin/clhsdb (clhsdb) in auto mode
update-alternatives: using /usr/lib/jvm/zulu-8-amd64/bin/hsdb to provide /usr/bin/hsdb (hsdb) in auto mode
update-alternatives: using /usr/lib/jvm/zulu-8-amd64/bin/java-rmi.cgi to provide /usr/bin/java-rmi.cgi (java-rmi.cgi) in auto mode
travis_time:end:1b90f500:start=1644739536725028220,finish=1644739585636481333,duration=48911453113[0Ktravis_fold:end:before_install.1[0Ktravis_fold:start:before_install.2[0Ktravis_time:start:23251624[0K$ test -z "${ZULU_JDK}" || export JDK${ZULU_JDK}_HOME=/usr/lib/jvm/zulu-${ZULU_JDK}-amd64
travis_time:end:23251624:start=1644739585652216153,finish=1644739585661936948,duration=9720795[0Ktravis_fold:end:before_install.2[0Ktravis_fold:start:before_install.3[0Ktravis_time:start:056cae66[0K$ unset _JAVA_OPTIONS
travis_time:end:056cae66:start=1644739585672743783,finish=1644739585679060054,duration=6316271[0Ktravis_fold:end:before_install.3[0Ktravis_fold:start:install[0Ktravis_time:start:000a2f9c[0K$ true
travis_time:end:000a2f9c:start=1644739585695919579,finish=1644739585701908004,duration=5988425[0Ktravis_fold:end:install[0Ktravis_fold:start:before_script.1[0Ktravis_time:start:02d4e5fc[0K$ test $(grep "after_n_builds" codecov.yml | tr -d '[:space:]' | cut -d":" -f2) -eq $(grep -e "COVERAGE=Y$" .travis.yml | wc -l) || exit 1
travis_time:end:02d4e5fc:start=1644739585712119480,finish=1644739585767137966,duration=55018486[0Ktravis_fold:end:before_script.1[0Ktravis_fold:start:before_script.2[0Ktravis_time:start:1950df47[0K$ export PG_DATADIR="/etc/postgresql/${PG_VERSION}/main"
travis_time:end:1950df47:start=1644739585776290921,finish=1644739585781761082,duration=5470161[0Ktravis_fold:end:before_script.2[0Ktravis_fold:start:before_script.3[0Ktravis_time:start:00650e72[0K$ export PG_SLAVE1_DATADIR="/etc/postgresql/${PG_VERSION}/slave1"
travis_time:end:00650e72:start=1644739585800497333,finish=1644739585812388802,duration=11891469[0Ktravis_fold:end:before_script.3[0Ktravis_fold:start:before_script.4[0Ktravis_time:start:1bfe247a[0K$ export PG_SLAVE2_DATADIR="/etc/postgresql/${PG_VERSION}/slave2"
travis_time:end:1bfe247a:start=1644739585824642135,finish=1644739585830228133,duration=5585998[0Ktravis_fold:end:before_script.4[0Ktravis_fold:start:before_script.5[0Ktravis_time:start:0747e9f4[0K$ ./.travis/travis_install_postgres.sh
+'[' -z 9.6 ']'
+'[' 9.6 = HEAD ']'
+'[' '!' -d /etc/postgresql/9.6/main ']'
travis_time:end:0747e9f4:start=1644739585844358451,finish=1644739585874348190,duration=29989739[0Ktravis_fold:end:before_script.5[0Ktravis_fold:start:before_script.6[0Ktravis_time:start:29b1718c[0K$ test "x$XA" == 'x' || ./.travis/travis_configure_xa.sh
+sudo sed -i -e 's/#max_prepared_transactions = 0/max_prepared_transactions = 64/g' /etc/postgresql/9.6/main/postgresql.conf
travis_time:end:29b1718c:start=1644739585885617877,finish=1644739585913110287,duration=27492410[0Ktravis_fold:end:before_script.6[0Ktravis_fold:start:before_script.7[0Ktravis_time:start:048eff9c[0K$ test "x$REPLICATION" == 'x' || ./.travis/travis_configure_replication.sh
+'[' Y = Y ']'
+'[' 9.6 = HEAD ']'
++echo '9.6 >= 9.1'
++bc -l
+((  1 ))
+set_conf_property max_wal_senders 10
+local key=max_wal_senders
+local value=10
+sudo sed -i -e 's/^#\?max_wal_senders.*/max_wal_senders = 10/g' /etc/postgresql/9.6/main/postgresql.conf
+set_conf_property wal_keep_segments 10
+local key=wal_keep_segments
+local value=10
+sudo sed -i -e 's/^#\?wal_keep_segments.*/wal_keep_segments = 10/g' /etc/postgresql/9.6/main/postgresql.conf
+set_conf_property wal_sender_timeout 5s
+local key=wal_sender_timeout
+local value=5s
+sudo sed -i -e 's/^#\?wal_sender_timeout.*/wal_sender_timeout = 5s/g' /etc/postgresql/9.6/main/postgresql.conf
+sudo sed -i -e 's/^#local\s\+replication\s\+postgres\s\+\(.*\)/local replication all \1/g' /etc/postgresql/9.6/main/pg_hba.conf
+sudo sed -i -e 's/^#host\s\+replication\s\+postgres\s\+\(.*\)\s\+\(.*\)/host replication all \1 \2/g' /etc/postgresql/9.6/main/pg_hba.conf
++bc -l
++echo '9.6 >= 9.4'
+((  1 ))
+set_conf_property wal_level logical
+local key=wal_level
+local value=logical
+sudo sed -i -e 's/^#\?wal_level.*/wal_level = logical/g' /etc/postgresql/9.6/main/postgresql.conf
+set_conf_property max_replication_slots 10
+local key=max_replication_slots
+local value=10
+sudo sed -i -e 's/^#\?max_replication_slots.*/max_replication_slots = 10/g' /etc/postgresql/9.6/main/postgresql.conf
travis_time:end:048eff9c:start=1644739585924339874,finish=1644739586142894981,duration=218555107[0Ktravis_fold:end:before_script.7[0Ktravis_fold:start:before_script.8[0Ktravis_time:start:05409afe[0K$ test "x$SSLTEST" == 'x' || ./.travis/travis_configure_ssl.sh
travis_time:end:05409afe:start=1644739586160542070,finish=1644739586166489511,duration=5947441[0Ktravis_fold:end:before_script.8[0Ktravis_fold:start:before_script.9[0Ktravis_time:start:070b15db[0K$ ./.travis/travis_start_postgres.sh
+'[' -z 9.6 ']'
+'[' x9.6 = xHEAD ']'
+'[' true = true ']'
+sudo service postgresql stop
 * Stopping PostgreSQL 9.2 database server
   ...done.
 * Stopping PostgreSQL 9.3 database server
   ...done.
 * Stopping PostgreSQL 9.4 database server
   ...done.
 * Stopping PostgreSQL 9.5 database server
   ...done.
 * Stopping PostgreSQL 9.6 database server
   ...done.
+sudo service postgresql start 9.6
 * Starting PostgreSQL 9.6 database server
   ...done.
+sudo tail /var/log/postgresql/postgresql-9.6-main.log
2022-02-13 08:06:26 UTC [1804-2] LOG:  received fast shutdown request
2022-02-13 08:06:26 UTC [1804-3] LOG:  aborting any active transactions
2022-02-13 08:06:26 UTC [1813-2] LOG:  autovacuum launcher shutting down
2022-02-13 08:06:26 UTC [1810-1] LOG:  shutting down
2022-02-13 08:06:26 UTC [1804-4] LOG:  database system is shut down
2022-02-13 08:06:27 UTC [3602-1] LOG:  database system was shut down at 2022-02-13 08:06:26 UTC
2022-02-13 08:06:27 UTC [3602-2] LOG:  MultiXact member wraparound protections are now enabled
2022-02-13 08:06:27 UTC [3601-1] LOG:  database system is ready to accept connections
2022-02-13 08:06:27 UTC [3606-1] LOG:  autovacuum launcher started
2022-02-13 08:06:28 UTC [3608-1] [unknown]@[unknown] LOG:  incomplete startup packet
travis_time:end:070b15db:start=1644739586184141385,finish=1644739590035520236,duration=3851378851[0Ktravis_fold:end:before_script.9[0Ktravis_fold:start:before_script.10[0Ktravis_time:start:09ca73db[0K$ test "x$PG_VERSION" != 'xHEAD' || psql -U postgres -c "set password_encryption='scram-sha-256'; create user test with password 'test';"
travis_time:end:09ca73db:start=1644739590043527353,finish=1644739590052626885,duration=9099532[0Ktravis_fold:end:before_script.10[0Ktravis_fold:start:before_script.11[0Ktravis_time:start:0d6d7826[0K$ test "x$PG_VERSION" = 'xHEAD' || psql -U postgres -c "create user test with password 'test';"
CREATE ROLE
travis_time:end:0d6d7826:start=1644739590060832137,finish=1644739590661218285,duration=600386148[0Ktravis_fold:end:before_script.11[0Ktravis_fold:start:before_script.12[0Ktravis_time:start:0762a234[0K$ test "x$REPLICATION" == 'x' || psql -U postgres -c "alter user test with replication;"
ALTER ROLE
travis_time:end:0762a234:start=1644739590669253434,finish=1644739590688794837,duration=19541403[0Ktravis_fold:end:before_script.12[0Ktravis_fold:start:before_script.13[0Ktravis_time:start:038d5c36[0K$ psql -c 'create database test owner test;' -U postgres
CREATE DATABASE
travis_time:end:038d5c36:start=1644739590697992741,finish=1644739590935674480,duration=237681739[0Ktravis_fold:end:before_script.13[0Ktravis_fold:start:before_script.14[0Ktravis_time:start:07ded454[0K$ test "x$SSLTEST" == 'x' || ./.travis/travis_ssl_users.sh
travis_time:end:07ded454:start=1644739590942798102,finish=1644739590948547720,duration=5749618[0Ktravis_fold:end:before_script.14[0Ktravis_fold:start:before_script.15[0Ktravis_time:start:0cc72c1e[0K$ test "x$REPLICATION" == 'x' || ./.travis/travis_create_slaves.sh
+'[' -z 9.6 ']'
+'[' x9.6 = xHEAD ']'
+PG_CTL=/usr/lib/postgresql/9.6/bin/pg_ctl
+PG_BASEBACKUP=/usr/lib/postgresql/9.6/bin/pg_basebackup
+sudo rm -rf /etc/postgresql/9.6/slave1
+sudo mkdir -p /etc/postgresql/9.6/slave1
+sudo chmod 700 /etc/postgresql/9.6/slave1
+sudo chown -R postgres:postgres /etc/postgresql/9.6/slave1
+sudo su postgres -c '/usr/lib/postgresql/9.6/bin/pg_basebackup -Upostgres -D /etc/postgresql/9.6/slave1 -X stream -R'
could not change directory to "/home/travis/build/failed/pgjdbc/pgjdbc": Permission denied
+[[ x9.6 != \x\H\E\A\D ]]
+sudo su postgres -c 'echo '\''local all all trust'\'' > /etc/postgresql/9.6/slave1/pg_hba.conf'
+sudo su postgres -c 'echo '\''host all all 127.0.0.1/32 trust'\'' >> /etc/postgresql/9.6/slave1/pg_hba.conf'
+sudo su postgres -c 'echo '\''host all all ::1/128 trust'\'' >> /etc/postgresql/9.6/slave1/pg_hba.conf'
+sudo su postgres -c 'touch /etc/postgresql/9.6/slave1/pg_ident.conf'
+sudo su postgres -c 'cp -f /etc/postgresql/9.6/main/postgresql.conf /etc/postgresql/9.6/slave1/postgresql.conf'
+sudo sed -i -e '/^[ \t]*data_directory.*/d' /etc/postgresql/9.6/slave1/postgresql.conf
+sudo sed -i -e '/^[ \t]*hba_file.*/d' /etc/postgresql/9.6/slave1/postgresql.conf
+sudo sed -i -e '/^[ \t]*ident_file.*/d' /etc/postgresql/9.6/slave1/postgresql.conf
+sudo sed -i -e 's/^#\?hot_standby.*/hot_standby = on/g' /etc/postgresql/9.6/slave1/postgresql.conf
+sudo su postgres -c '/usr/lib/postgresql/9.6/bin/pg_ctl -D /etc/postgresql/9.6/slave1 -w -t 300 -c -o '\''-p 5433'\'' -l /tmp/postgres_slave1.log start'
could not change directory to "/home/travis/build/failed/pgjdbc/pgjdbc": Permission denied
waiting for server to start.... done
server started
+sudo tail /tmp/postgres_slave1.log
2022-02-13 08:06:42 UTC [3700-1] LOG:  database system was interrupted; last known up at 2022-02-13 08:06:31 UTC
2022-02-13 08:06:42 UTC [3700-2] LOG:  entering standby mode
2022-02-13 08:06:42 UTC [3700-3] LOG:  redo starts at 0/2000028
2022-02-13 08:06:42 UTC [3700-4] LOG:  consistent recovery state reached at 0/20000F8
2022-02-13 08:06:42 UTC [3699-1] LOG:  database system is ready to accept read only connections
2022-02-13 08:06:42 UTC [3704-1] LOG:  started streaming WAL from primary at 0/3000000 on timeline 1
+sudo rm -rf /etc/postgresql/9.6/slave2
+sudo mkdir -p /etc/postgresql/9.6/slave2
+sudo chmod 700 /etc/postgresql/9.6/slave2
+sudo chown -R postgres:postgres /etc/postgresql/9.6/slave2
+sudo su postgres -c '/usr/lib/postgresql/9.6/bin/pg_basebackup -Upostgres -D /etc/postgresql/9.6/slave2 -X stream -R'
could not change directory to "/home/travis/build/failed/pgjdbc/pgjdbc": Permission denied
+[[ x9.6 != \x\H\E\A\D ]]
+sudo su postgres -c 'echo '\''local all all trust'\'' > /etc/postgresql/9.6/slave2/pg_hba.conf'
+sudo su postgres -c 'echo '\''host all all 127.0.0.1/32 trust'\'' >> /etc/postgresql/9.6/slave2/pg_hba.conf'
+sudo su postgres -c 'echo '\''host all all ::1/128 trust'\'' >> /etc/postgresql/9.6/slave2/pg_hba.conf'
+sudo su postgres -c 'touch /etc/postgresql/9.6/slave2/pg_ident.conf'
+sudo su postgres -c 'cp -f /etc/postgresql/9.6/main/postgresql.conf /etc/postgresql/9.6/slave2/postgresql.conf'
+sudo sed -i -e '/^[ \t]*data_directory.*/d' /etc/postgresql/9.6/slave2/postgresql.conf
+sudo sed -i -e '/^[ \t]*hba_file.*/d' /etc/postgresql/9.6/slave2/postgresql.conf
+sudo sed -i -e '/^[ \t]*ident_file.*/d' /etc/postgresql/9.6/slave2/postgresql.conf
+sudo sed -i -e 's/^#\?hot_standby.*/hot_standby = on/g' /etc/postgresql/9.6/slave2/postgresql.conf
+sudo su postgres -c '/usr/lib/postgresql/9.6/bin/pg_ctl -D /etc/postgresql/9.6/slave2 -w -t 300 -c -o '\''-p 5434'\'' -l /tmp/postgres_slave2.log start'
could not change directory to "/home/travis/build/failed/pgjdbc/pgjdbc": Permission denied
waiting for server to start.... done
server started
+sudo tail /tmp/postgres_slave2.log
2022-02-13 08:06:44 UTC [3752-1] LOG:  database system was interrupted; last known up at 2022-02-13 08:06:43 UTC
2022-02-13 08:06:44 UTC [3752-2] LOG:  entering standby mode
2022-02-13 08:06:44 UTC [3752-3] LOG:  redo starts at 0/4000028
2022-02-13 08:06:44 UTC [3752-4] LOG:  consistent recovery state reached at 0/40000F8
2022-02-13 08:06:44 UTC [3751-1] LOG:  database system is ready to accept read only connections
2022-02-13 08:06:44 UTC [3756-1] LOG:  started streaming WAL from primary at 0/5000000 on timeline 1
travis_time:end:0cc72c1e:start=1644739590955877069,finish=1644739605597244555,duration=14641367486[0Ktravis_fold:end:before_script.15[0Ktravis_fold:start:before_script.16[0Ktravis_time:start:05829a1a[0K$ if [[ $TRAVIS_BRANCH == release/* ]]; then echo "MAVEN_OPTS='-Xmx1g'" > ~/.mavenrc; else echo "MAVEN_OPTS='-Xmx1g -Dgpg.skip=true'" > ~/.mavenrc; fi
travis_time:end:05829a1a:start=1644739605603702344,finish=1644739605608303733,duration=4601389[0Ktravis_fold:end:before_script.16[0Ktravis_fold:start:before_script.17[0Ktravis_time:start:2828ddf3[0K$ test "x$PG_VERSION" == 'x' || test "x$NO_HSTORE" == 'xY' || psql test -c 'CREATE EXTENSION hstore;' -U postgres
CREATE EXTENSION
travis_time:end:2828ddf3:start=1644739605614451748,finish=1644739605666313275,duration=51861527[0Ktravis_fold:end:before_script.17[0Ktravis_fold:start:before_script.18[0Ktravis_time:start:10971662[0K$ test "x$PG_VERSION" == 'x' || test "x$CREATE_PLPGSQL" == 'x' || createlang -U postgres plpgsql test
travis_time:end:10971662:start=1644739605674693808,finish=1644739605679736140,duration=5042332[0Ktravis_fold:end:before_script.18[0Ktravis_time:start:011521e0[0K$ rm -rf $HOME/.m2/repository/org/postgresql || true
travis_time:end:011521e0:start=1644739605688248994,finish=1644739605695816389,duration=7567395[0K[32;1mThe command "rm -rf $HOME/.m2/repository/org/postgresql || true" exited with 0.[0m

travis_time:start:0258bc70[0K$ test -d "${JDK6_HOME}" || export JDK6_HOME=$(jdk_switcher home openjdk6)
travis_time:end:0258bc70:start=1644739605705402465,finish=1644739605714411528,duration=9009063[0K[32;1mThe command "test -d "${JDK6_HOME}" || export JDK6_HOME=$(jdk_switcher home openjdk6)" exited with 0.[0m

travis_time:start:03f955ad[0K$ test -d "${JDK7_HOME}" || export JDK7_HOME=$(jdk_switcher home openjdk7)
travis_time:end:03f955ad:start=1644739605722456312,finish=1644739605730536224,duration=8079912[0K[32;1mThe command "test -d "${JDK7_HOME}" || export JDK7_HOME=$(jdk_switcher home openjdk7)" exited with 0.[0m

travis_time:start:2eed8e44[0K$ test -d "${JDK8_HOME}" || export JDK8_HOME=$(jdk_switcher home oraclejdk8)
travis_time:end:2eed8e44:start=1644739605738053583,finish=1644739605743699141,duration=5645558[0K[32;1mThe command "test -d "${JDK8_HOME}" || export JDK8_HOME=$(jdk_switcher home oraclejdk8)" exited with 0.[0m

travis_time:start:0cf178e0[0K$ test -d "${JDK9_HOME}" || export JDK9_HOME=$(jdk_switcher home oraclejdk9)
travis_time:end:0cf178e0:start=1644739605752319351,finish=1644739605760951949,duration=8632598[0K[32;1mThe command "test -d "${JDK9_HOME}" || export JDK9_HOME=$(jdk_switcher home oraclejdk9)" exited with 0.[0m

travis_time:start:1197a038[0K$ test -d "${JDK9_HOME}" || export JDK9_HOME=$(jdk_switcher home oraclejdk8)
travis_time:end:1197a038:start=1644739605768292762,finish=1644739605772431730,duration=4138968[0K[32;1mThe command "test -d "${JDK9_HOME}" || export JDK9_HOME=$(jdk_switcher home oraclejdk8)" exited with 0.[0m

travis_time:start:00266772[0K$ envsubst < toolchains.xml > ~/.m2/toolchains.xml
travis_time:end:00266772:start=1644739605778108061,finish=1644739605945283152,duration=167175091[0K[32;1mThe command "envsubst < toolchains.xml > ~/.m2/toolchains.xml" exited with 0.[0m

travis_time:start:01a95388[0K$ test ${JDK} -eq 9 || jdk_switcher use oraclejdk8
/home/travis/.travis/functions: line 104: test: -eq: unary operator expected
Switching to Oracle JDK8 (java-8-oracle), JAVA_HOME will be set to /usr/lib/jvm/java-8-oracle
travis_time:end:01a95388:start=1644739605953307391,finish=1644739633760916767,duration=27807609376[0K[32;1mThe command "test ${JDK} -eq 9 || jdk_switcher use oraclejdk8" exited with 0.[0m

travis_time:start:0da811ee[0K$ test -z "${ZULU_JDK}" || export TRAVIS_JDK_VERSION=zulujdk${ZULU_JDK}
travis_time:end:0da811ee:start=1644739633769915136,finish=1644739633776435838,duration=6520702[0K[32;1mThe command "test -z "${ZULU_JDK}" || export TRAVIS_JDK_VERSION=zulujdk${ZULU_JDK}" exited with 0.[0m

travis_time:start:09ae51c0[0K$ if [[ $TRAVIS_BRANCH == release/* ]]; then .travis/travis_release.sh; else ./.travis/travis_build.sh; fi
+[[ '' == *\Y ]]
+MVN_ARGS='clean package -B -V '
+MVN_PROFILES=release
+[[ '' == *\Y* ]]
+[[ x == *\x* ]]
+MVN_ARGS='clean package -B -V  -DpreferQueryMode='
+[[ Y == *\Y* ]]
+MVN_PROFILES=release,coverage
+[[ '' == *\9* ]]
+[[ Y == *\Y* ]]
+mvn clean package -B -V -DpreferQueryMode= -P release,coverage,release-artifacts
Apache Maven 3.5.2 (138edd61fd100ec658bfa2d307c43b76940a5d7d; 2017-10-18T07:58:13Z)
Maven home: /usr/local/maven-3.5.2
Java version: 1.8.0_151, vendor: Oracle Corporation
Java home: /usr/lib/jvm/java-8-oracle/jre
Default locale: en_US, platform encoding: UTF-8
OS name: "linux", version: "4.15.0-109-generic", arch: "amd64", family: "unix"
[INFO] Scanning for projects...
[INFO] ------------------------------------------------------------------------
[INFO] Reactor Build Order:
[INFO] 
[INFO] PostgreSQL JDBC Driver - JDBC 4.2
[INFO] PostgreSQL JDBC Driver aggregate
[INFO] 
[INFO] ------------------------------------------------------------------------
[INFO] Building PostgreSQL JDBC Driver - JDBC 4.2 42.2.7-SNAPSHOT
[INFO] ------------------------------------------------------------------------
[INFO] 
[INFO] --- maven-clean-plugin:2.5:clean (default-clean) @ postgresql ---
[INFO] 
[INFO] --- maven-enforcer-plugin:1.3.1:enforce (enforce-java) @ postgresql ---
[INFO] Skipping Rule Enforcement.
[INFO] 
[INFO] --- maven-toolchains-plugin:1.1:toolchain (default) @ postgresql ---
[INFO] Required toolchain: jdk [ version='1.8' ]
[INFO] Found matching toolchain for type jdk: JDK[/usr/lib/jvm/zulu-8-amd64]
[INFO] 
[INFO] --- jacoco-maven-plugin:0.7.5.201505241946:prepare-agent (default) @ postgresql ---
[INFO] argLine set to -javaagent:/home/travis/.m2/failed/org/jacoco/org.jacoco.agent/0.7.5.201505241946/org.jacoco.agent-0.7.5.201505241946-runtime.jar=destfile=/home/travis/build/failed/pgjdbc/pgjdbc/pgjdbc/target/jacoco.exec -Xmx512m
[INFO] 
[INFO] --- build-helper-maven-plugin:1.5:parse-version (parse-version) @ postgresql ---
[INFO] 
[INFO] --- properties-maven-plugin:1.0-alpha-2:read-project-properties (default) @ postgresql ---
[WARNING] Ignoring missing properties file: /home/travis/build/failed/pgjdbc/pgjdbc/pgjdbc/../build.local.properties
[INFO] 
[INFO] --- maven-antrun-plugin:1.7:run (create-unzipjdkant.xml) @ postgresql ---
[INFO] Executing tasks

main:
     [echo] Generating /home/travis/build/failed/pgjdbc/pgjdbc/pgjdbc/target/unzip-jdk-ant.xml
[INFO] Executed tasks
[INFO] 
[INFO] --- exec-maven-plugin:1.4.0:exec (unzip-jdk-src) @ postgresql ---
[INFO] skipping execute as per configuraion
[INFO] 
[INFO] --- jcp:6.0.1:preprocess (preprocessSources) @ postgresql ---
[INFO] Added MAVEN property mvn.project.name=PostgreSQL JDBC Driver - JDBC 4.2
[INFO] Added MAVEN property mvn.project.version=42.2.7-SNAPSHOT
[INFO] Added MAVEN property mvn.project.url=https://github.com/pgjdbc/pgjdbc
[INFO] Added MAVEN property mvn.project.packaging=bundle
[INFO] Added MAVEN property mvn.project.modelversion=4.0.0
[INFO] Added MAVEN property mvn.project.inceptionyear=
[INFO] Added MAVEN property mvn.project.id=org.postgresql:postgresql:bundle:42.2.7-SNAPSHOT
[INFO] Added MAVEN property mvn.project.groupid=org.postgresql
[INFO] Added MAVEN property mvn.project.description=Java JDBC 4.2 (JRE 8+) driver for PostgreSQL database
[INFO] Added MAVEN property mvn.project.artifact.id=org.postgresql:postgresql:bundle:42.2.7-SNAPSHOT
[INFO] Added MAVEN property mvn.project.artifact.artifactid=postgresql
[INFO] Added MAVEN property mvn.project.artifact.baseversion=42.2.7-SNAPSHOT
[INFO] Added MAVEN property mvn.project.artifact.dependencyconflictid=org.postgresql:postgresql:bundle
[INFO] Added MAVEN property mvn.project.artifact.downloadurl=
[INFO] Added MAVEN property mvn.project.artifact.groupid=org.postgresql
[INFO] Added MAVEN property mvn.project.artifact.scope=
[INFO] Added MAVEN property mvn.project.artifact.type=bundle
[INFO] Added MAVEN property mvn.project.artifact.version=42.2.7-SNAPSHOT
[INFO] Added MAVEN property mvn.project.build.directory=/home/travis/build/failed/pgjdbc/pgjdbc/pgjdbc/target
[INFO] Added MAVEN property mvn.project.build.defaultgoal=
[INFO] Added MAVEN property mvn.project.build.outputdirectory=/home/travis/build/failed/pgjdbc/pgjdbc/pgjdbc/target/classes
[INFO] Added MAVEN property mvn.project.build.scriptsourcedirectory=/home/travis/build/failed/pgjdbc/pgjdbc/pgjdbc/src/main/scripts
[INFO] Added MAVEN property mvn.project.build.sourcedirectory=/home/travis/build/failed/pgjdbc/pgjdbc/pgjdbc/src/main/java
[INFO] Added MAVEN property mvn.project.build.testoutputdirectory=/home/travis/build/failed/pgjdbc/pgjdbc/pgjdbc/target/test-classes
[INFO] Added MAVEN property mvn.project.build.testsourcedirectory=/home/travis/build/failed/pgjdbc/pgjdbc/pgjdbc/src/test/java
[INFO] Added MAVEN property mvn.project.organization.name=PostgreSQL Global Development Group
[INFO] Added MAVEN property mvn.project.organization.url=https://jdbc.postgresql.org/
[INFO] Added MAVEN property mvn.project.activeprofiles=standard-with-extra-repos
[INFO] Added MAVEN property mvn.project.property.postgresql.enforce.jdk.version=1.8
[INFO] Added MAVEN property mvn.project.property.postgresql.preprocessed.test.sources.directory=/home/travis/build/failed/pgjdbc/pgjdbc/pgjdbc/target/gen-test-src
[INFO] Added MAVEN property mvn.project.property.loggerlevel=OFF
[INFO] Added MAVEN property mvn.project.property.javac.target=1.8
[INFO] Added MAVEN property mvn.project.property.postgresql.driver.fullversion=PostgreSQL JDBC4.2
[INFO] Added MAVEN property mvn.project.property.jdbc.specification.version=4.2
[INFO] Added MAVEN property mvn.project.property.unzip.jdk.ant.build.xml=/home/travis/build/failed/pgjdbc/pgjdbc/pgjdbc/target/unzip-jdk-ant.xml
[INFO] Added MAVEN property mvn.project.property.loggerfile=target/pgjdbc-tests.log
[INFO] Added MAVEN property mvn.project.property.parsedversion.minorversion=2
[INFO] Added MAVEN property mvn.project.property.project.build.sourceencoding=UTF-8
[INFO] Added MAVEN property mvn.project.property.build.properties.relative.path=/home/travis/build/failed/pgjdbc/pgjdbc/pgjdbc/..
[INFO] Added MAVEN property mvn.project.property.secondaryport2=5434
[INFO] Added MAVEN property mvn.project.property.secondaryport1=5433
[INFO] Added MAVEN property mvn.project.property.privilegedpassword=***** [hidden because may contain private info]
[INFO] Added MAVEN property mvn.project.property.waffleenabled=true
[INFO] Added MAVEN property mvn.project.property.skip.assembly=false
[INFO] Added MAVEN property mvn.project.property.protocolversion=0
[INFO] Added MAVEN property mvn.project.property.postgresql.preprocessed.sources.directory=/home/travis/build/failed/pgjdbc/pgjdbc/pgjdbc/target/gen-src
[INFO] Added MAVEN property mvn.project.property.osgienabled=true
[INFO] Added MAVEN property mvn.project.property.preparethreshold=5
[INFO] Added MAVEN property mvn.project.property.secondaryserver2=localhost
[INFO] Added MAVEN property mvn.project.property.secondaryserver1=localhost
[INFO] Added MAVEN property mvn.project.property.password=***** [hidden because may contain private info]
[INFO] Added MAVEN property mvn.project.property.jdbc.specification.version.nodot=42
[INFO] Added MAVEN property mvn.project.property.username=test
[INFO] Added MAVEN property mvn.project.property.parsedversion.buildnumber=0
[INFO] Added MAVEN property mvn.project.property.server=localhost
[INFO] Added MAVEN property mvn.project.property.port=5432
[INFO] Added MAVEN property mvn.project.property.template.default.pg.port=5432
[INFO] Added MAVEN property mvn.project.property.parsedversion.qualifier=SNAPSHOT
[INFO] Added MAVEN property mvn.project.property.sslpassword=***** [hidden because may contain private info]
[INFO] Added MAVEN property mvn.project.property.waffle-jna.version=1.7.5
[INFO] Added MAVEN property mvn.project.property.skip.unzip-jdk-src=true
[INFO] Added MAVEN property mvn.project.property.database=test
[INFO] Added MAVEN property mvn.project.property.parsedversion.incrementalversion=7
[INFO] Added MAVEN property mvn.project.property.sspiusername=testsspi
[INFO] Added MAVEN property mvn.project.property.privilegeduser=postgres
[INFO] Added MAVEN property mvn.project.property.checkstyle.version=[8.18,)
[INFO] Added MAVEN property mvn.project.property.parsedversion.majorversion=42
[INFO] Added MAVEN property mvn.project.property.parsedversion.osgiversion=42.2.7.SNAPSHOT
[INFO] Added MAVEN property mvn.project.property.postgresql.jdbc.spec=JDBC4.2
[INFO] Added MAVEN property mvn.project.property.argline=-javaagent:/home/travis/.m2/failed/org/jacoco/org.jacoco.agent/0.7.5.201505241946/org.jacoco.agent-0.7.5.201505241946-runtime.jar=destfile=/home/travis/build/failed/pgjdbc/pgjdbc/pgjdbc/target/jacoco.exec -Xmx512m
[INFO] Preprocess sources : /home/travis/build/failed/pgjdbc/pgjdbc/pgjdbc/src/main/java
[INFO] Preprocess destination : /home/travis/build/failed/pgjdbc/pgjdbc/pgjdbc/target/gen-src
[INFO] -----------------------------------------------------------------
[INFO] Completed, preprocessed 237 files, copied 16 files, elapsed time 4485ms
[INFO] A Compile source root has been removed from the root list [/home/travis/build/failed/pgjdbc/pgjdbc/pgjdbc/src/main/java]
[INFO] The New compile source root has been added into the list [/home/travis/build/failed/pgjdbc/pgjdbc/pgjdbc/target/gen-src]
[INFO] 
[INFO] --- maven-clean-plugin:2.5:clean (remove-future-jre-sources) @ postgresql ---
[INFO] 
[INFO] --- maven-resources-plugin:2.6:resources (default-resources) @ postgresql ---
[INFO] Using 'UTF-8' encoding to copy filtered resources.
[INFO] Copying 2 resources
[INFO] 
[INFO] --- maven-compiler-plugin:3.3:compile (default-compile) @ postgresql ---
[INFO] Toolchain in maven-compiler-plugin: JDK[/usr/lib/jvm/zulu-8-amd64]
[INFO] Changes detected - recompiling the module!
[INFO] Compiling 237 source files to /home/travis/build/failed/pgjdbc/pgjdbc/pgjdbc/target/classes
[INFO] 
[INFO] --- jcp:6.0.1:preprocess (preprocessTestSources) @ postgresql ---
[INFO] Added MAVEN property mvn.project.name=PostgreSQL JDBC Driver - JDBC 4.2
[INFO] Added MAVEN property mvn.project.version=42.2.7-SNAPSHOT
[INFO] Added MAVEN property mvn.project.url=https://github.com/pgjdbc/pgjdbc
[INFO] Added MAVEN property mvn.project.packaging=bundle
[INFO] Added MAVEN property mvn.project.modelversion=4.0.0
[INFO] Added MAVEN property mvn.project.inceptionyear=
[INFO] Added MAVEN property mvn.project.id=org.postgresql:postgresql:bundle:42.2.7-SNAPSHOT
[INFO] Added MAVEN property mvn.project.groupid=org.postgresql
[INFO] Added MAVEN property mvn.project.description=Java JDBC 4.2 (JRE 8+) driver for PostgreSQL database
[INFO] Added MAVEN property mvn.project.artifact.id=org.postgresql:postgresql:bundle:42.2.7-SNAPSHOT
[INFO] Added MAVEN property mvn.project.artifact.artifactid=postgresql
[INFO] Added MAVEN property mvn.project.artifact.baseversion=42.2.7-SNAPSHOT
[INFO] Added MAVEN property mvn.project.artifact.dependencyconflictid=org.postgresql:postgresql:bundle
[INFO] Added MAVEN property mvn.project.artifact.downloadurl=
[INFO] Added MAVEN property mvn.project.artifact.groupid=org.postgresql
[INFO] Added MAVEN property mvn.project.artifact.scope=
[INFO] Added MAVEN property mvn.project.artifact.type=bundle
[INFO] Added MAVEN property mvn.project.artifact.version=42.2.7-SNAPSHOT
[INFO] Added MAVEN property mvn.project.build.directory=/home/travis/build/failed/pgjdbc/pgjdbc/pgjdbc/target
[INFO] Added MAVEN property mvn.project.build.defaultgoal=
[INFO] Added MAVEN property mvn.project.build.outputdirectory=/home/travis/build/failed/pgjdbc/pgjdbc/pgjdbc/target/classes
[INFO] Added MAVEN property mvn.project.build.scriptsourcedirectory=/home/travis/build/failed/pgjdbc/pgjdbc/pgjdbc/src/main/scripts
[INFO] Added MAVEN property mvn.project.build.sourcedirectory=/home/travis/build/failed/pgjdbc/pgjdbc/pgjdbc/src/main/java
[INFO] Added MAVEN property mvn.project.build.testoutputdirectory=/home/travis/build/failed/pgjdbc/pgjdbc/pgjdbc/target/test-classes
[INFO] Added MAVEN property mvn.project.build.testsourcedirectory=/home/travis/build/failed/pgjdbc/pgjdbc/pgjdbc/src/test/java
[INFO] Added MAVEN property mvn.project.organization.name=PostgreSQL Global Development Group
[INFO] Added MAVEN property mvn.project.organization.url=https://jdbc.postgresql.org/
[INFO] Added MAVEN property mvn.project.activeprofiles=standard-with-extra-repos
[INFO] Added MAVEN property mvn.project.property.postgresql.enforce.jdk.version=1.8
[INFO] Added MAVEN property mvn.project.property.postgresql.preprocessed.test.sources.directory=/home/travis/build/failed/pgjdbc/pgjdbc/pgjdbc/target/gen-test-src
[INFO] Added MAVEN property mvn.project.property.loggerlevel=OFF
[INFO] Added MAVEN property mvn.project.property.javac.target=1.8
[INFO] Added MAVEN property mvn.project.property.postgresql.driver.fullversion=PostgreSQL JDBC4.2
[INFO] Added MAVEN property mvn.project.property.jdbc.specification.version=4.2
[INFO] Added MAVEN property mvn.project.property.unzip.jdk.ant.build.xml=/home/travis/build/failed/pgjdbc/pgjdbc/pgjdbc/target/unzip-jdk-ant.xml
[INFO] Added MAVEN property mvn.project.property.loggerfile=target/pgjdbc-tests.log
[INFO] Added MAVEN property mvn.project.property.parsedversion.minorversion=2
[INFO] Added MAVEN property mvn.project.property.project.build.sourceencoding=UTF-8
[INFO] Added MAVEN property mvn.project.property.build.properties.relative.path=/home/travis/build/failed/pgjdbc/pgjdbc/pgjdbc/..
[INFO] Added MAVEN property mvn.project.property.secondaryport2=5434
[INFO] Added MAVEN property mvn.project.property.secondaryport1=5433
[INFO] Added MAVEN property mvn.project.property.privilegedpassword=***** [hidden because may contain private info]
[INFO] Added MAVEN property mvn.project.property.waffleenabled=true
[INFO] Added MAVEN property mvn.project.property.skip.assembly=false
[INFO] Added MAVEN property mvn.project.property.protocolversion=0
[INFO] Added MAVEN property mvn.project.property.postgresql.preprocessed.sources.directory=/home/travis/build/failed/pgjdbc/pgjdbc/pgjdbc/target/gen-src
[INFO] Added MAVEN property mvn.project.property.osgienabled=true
[INFO] Added MAVEN property mvn.project.property.preparethreshold=5
[INFO] Added MAVEN property mvn.project.property.secondaryserver2=localhost
[INFO] Added MAVEN property mvn.project.property.secondaryserver1=localhost
[INFO] Added MAVEN property mvn.project.property.password=***** [hidden because may contain private info]
[INFO] Added MAVEN property mvn.project.property.jdbc.specification.version.nodot=42
[INFO] Added MAVEN property mvn.project.property.username=test
[INFO] Added MAVEN property mvn.project.property.parsedversion.buildnumber=0
[INFO] Added MAVEN property mvn.project.property.server=localhost
[INFO] Added MAVEN property mvn.project.property.port=5432
[INFO] Added MAVEN property mvn.project.property.template.default.pg.port=5432
[INFO] Added MAVEN property mvn.project.property.parsedversion.qualifier=SNAPSHOT
[INFO] Added MAVEN property mvn.project.property.sslpassword=***** [hidden because may contain private info]
[INFO] Added MAVEN property mvn.project.property.waffle-jna.version=1.7.5
[INFO] Added MAVEN property mvn.project.property.skip.unzip-jdk-src=true
[INFO] Added MAVEN property mvn.project.property.database=test
[INFO] Added MAVEN property mvn.project.property.parsedversion.incrementalversion=7
[INFO] Added MAVEN property mvn.project.property.sspiusername=testsspi
[INFO] Added MAVEN property mvn.project.property.privilegeduser=postgres
[INFO] Added MAVEN property mvn.project.property.checkstyle.version=[8.18,)
[INFO] Added MAVEN property mvn.project.property.parsedversion.majorversion=42
[INFO] Added MAVEN property mvn.project.property.parsedversion.osgiversion=42.2.7.SNAPSHOT
[INFO] Added MAVEN property mvn.project.property.postgresql.jdbc.spec=JDBC4.2
[INFO] Added MAVEN property mvn.project.property.argline=-javaagent:/home/travis/.m2/failed/org/jacoco/org.jacoco.agent/0.7.5.201505241946/org.jacoco.agent-0.7.5.201505241946-runtime.jar=destfile=/home/travis/build/failed/pgjdbc/pgjdbc/pgjdbc/target/jacoco.exec -Xmx512m
[INFO] Preprocess sources : /home/travis/build/failed/pgjdbc/pgjdbc/pgjdbc/src/test/java
[INFO] Preprocess destination : /home/travis/build/failed/pgjdbc/pgjdbc/pgjdbc/target/gen-test-src
[INFO] -----------------------------------------------------------------
[INFO] Completed, preprocessed 166 files, copied 1 files, elapsed time 3074ms
[INFO] A Compile source root has been removed from the root list [/home/travis/build/failed/pgjdbc/pgjdbc/pgjdbc/src/test/java]
[INFO] The New compile source root has been added into the list [/home/travis/build/failed/pgjdbc/pgjdbc/pgjdbc/target/gen-test-src]
[INFO] 
[INFO] --- maven-clean-plugin:2.5:clean (remove-future-jre-test-sources) @ postgresql ---
[INFO] 
[INFO] --- maven-resources-plugin:2.6:testResources (default-testResources) @ postgresql ---
[INFO] Using 'UTF-8' encoding to copy filtered resources.
[INFO] Copying 1 resource
[INFO] 
[INFO] --- maven-compiler-plugin:3.3:testCompile (default-testCompile) @ postgresql ---
[INFO] Toolchain in maven-compiler-plugin: JDK[/usr/lib/jvm/zulu-8-amd64]
[INFO] Changes detected - recompiling the module!
[INFO] Compiling 166 source files to /home/travis/build/failed/pgjdbc/pgjdbc/pgjdbc/target/test-classes
[INFO] 
[INFO] --- maven-surefire-plugin:2.18.1:test (default-test) @ postgresql ---
[INFO] Toolchain in maven-surefire-plugin: JDK[/usr/lib/jvm/zulu-8-amd64]
[INFO] Surefire report directory: /home/travis/build/failed/pgjdbc/pgjdbc/pgjdbc/target/surefire-reports

-------------------------------------------------------
 T E S T S
-------------------------------------------------------
Configuration file /home/travis/build/failed/pgjdbc/pgjdbc/pgjdbc/../build.local.properties does not exist. Consider adding it to specify test db host and login
Configuration file /home/travis/build/failed/pgjdbc/pgjdbc/pgjdbc/../ssltest.local.properties does not exist. Consider adding it to specify test db host and login
enableSslTests is null, skipping SSL tests
Skipping SingleCertSocketFactoryTests. To enable set the property testsinglecertfactory=true in the ssltest.properties file.
Running org.postgresql.test.xa.XATestSuite
Configuration file /home/travis/build/failed/pgjdbc/pgjdbc/pgjdbc/../build.local.properties does not exist. Consider adding it to specify test db host and login
Tests run: 28, Failures: 0, Errors: 0, Skipped: 0, Time elapsed: 2.389 sec - in org.postgresql.test.xa.XATestSuite
Running org.postgresql.test.jdbc3.Jdbc3TestSuite
Tests run: 260, Failures: 0, Errors: 0, Skipped: 6, Time elapsed: 14.848 sec - in org.postgresql.test.jdbc3.Jdbc3TestSuite
Running org.postgresql.test.jdbc2.optional.OptionalTestSuite
Tests run: 69, Failures: 1, Errors: 9, Skipped: 1, Time elapsed: 3.165 sec <<< FAILURE! - in org.postgresql.test.jdbc2.optional.OptionalTestSuite
testPGConnection(org.postgresql.test.jdbc2.optional.PoolingDataSourceTest)  Time elapsed: 0.034 sec  <<< FAILURE!
java.lang.AssertionError: Unable to call PGConnection method on pooled connection due to java.lang.IllegalArgumentException (DataSource with name 'JDBC 2 SE Test DataSource' already exists!)
	at org.junit.Assert.fail(Assert.java:88)
	at org.postgresql.test.jdbc2.optional.BaseDataSourceTest.testPGConnection(BaseDataSourceTest.java:190)
	at sun.reflect.NativeMethodAccessorImpl.invoke0(Native Method)
	at sun.reflect.NativeMethodAccessorImpl.invoke(NativeMethodAccessorImpl.java:62)
	at sun.reflect.DelegatingMethodAccessorImpl.invoke(DelegatingMethodAccessorImpl.java:43)
	at java.lang.reflect.Method.invoke(Method.java:498)
	at org.junit.runners.model.FrameworkMethod$1.runReflectiveCall(FrameworkMethod.java:50)
	at org.junit.internal.runners.model.ReflectiveCallable.run(ReflectiveCallable.java:12)
	at org.junit.runners.model.FrameworkMethod.invokeExplosively(FrameworkMethod.java:47)
	at org.junit.internal.runners.statements.InvokeMethod.evaluate(InvokeMethod.java:17)
	at org.junit.internal.runners.statements.RunBefores.evaluate(RunBefores.java:26)
	at org.junit.internal.runners.statements.RunAfters.evaluate(RunAfters.java:27)
	at org.junit.runners.ParentRunner.runLeaf(ParentRunner.java:325)
	at org.junit.runners.BlockJUnit4ClassRunner.runChild(BlockJUnit4ClassRunner.java:78)
	at org.junit.runners.BlockJUnit4ClassRunner.runChild(BlockJUnit4ClassRunner.java:57)
	at org.junit.runners.ParentRunner$3.run(ParentRunner.java:290)
	at org.junit.runners.ParentRunner$1.schedule(ParentRunner.java:71)
	at org.junit.runners.ParentRunner.runChildren(ParentRunner.java:288)
	at org.junit.runners.ParentRunner.access$000(ParentRunner.java:58)
	at org.junit.runners.ParentRunner$2.evaluate(ParentRunner.java:268)
	at org.junit.runners.ParentRunner.run(ParentRunner.java:363)
	at org.junit.runners.Suite.runChild(Suite.java:128)
	at org.junit.runners.Suite.runChild(Suite.java:27)
	at org.junit.runners.ParentRunner$3.run(ParentRunner.java:290)
	at org.junit.runners.ParentRunner$1.schedule(ParentRunner.java:71)
	at org.junit.runners.ParentRunner.runChildren(ParentRunner.java:288)
	at org.junit.runners.ParentRunner.access$000(ParentRunner.java:58)
	at org.junit.runners.ParentRunner$2.evaluate(ParentRunner.java:268)
	at org.junit.runners.ParentRunner.run(ParentRunner.java:363)
	at org.apache.maven.surefire.junit4.JUnit4Provider.execute(JUnit4Provider.java:283)
	at org.apache.maven.surefire.junit4.JUnit4Provider.executeWithRerun(JUnit4Provider.java:173)
	at org.apache.maven.surefire.junit4.JUnit4Provider.executeTestSet(JUnit4Provider.java:153)
	at org.apache.maven.surefire.junit4.JUnit4Provider.invoke(JUnit4Provider.java:128)
	at org.apache.maven.surefire.booter.ForkedBooter.invokeProviderInSameClassLoader(ForkedBooter.java:203)
	at org.apache.maven.surefire.booter.ForkedBooter.runSuitesInProcess(ForkedBooter.java:155)
	at org.apache.maven.surefire.booter.ForkedBooter.main(ForkedBooter.java:103)

testPGConnection(org.postgresql.test.jdbc2.optional.PoolingDataSourceTest)  Time elapsed: 0.041 sec  <<< ERROR!
java.lang.NullPointerException: null
	at java.util.concurrent.ConcurrentHashMap.replaceNode(ConcurrentHashMap.java:1106)
	at java.util.concurrent.ConcurrentHashMap.remove(ConcurrentHashMap.java:1097)
	at org.postgresql.ds.PGPoolingDataSource.removeStoredDataSource(PGPoolingDataSource.java:356)
	at org.postgresql.ds.PGPoolingDataSource.close(PGPoolingDataSource.java:352)
	at org.postgresql.test.jdbc2.optional.PoolingDataSourceTest.tearDown(PoolingDataSourceTest.java:33)

testGetConnection(org.postgresql.test.jdbc2.optional.PoolingDataSourceTest)  Time elapsed: 0.021 sec  <<< ERROR!
java.lang.IllegalArgumentException: DataSource with name 'JDBC 2 SE Test DataSource' already exists!
	at org.postgresql.ds.PGPoolingDataSource.setDataSourceName(PGPoolingDataSource.java:245)
	at org.postgresql.test.jdbc2.optional.PoolingDataSourceTest.initializeDataSource(PoolingDataSourceTest.java:46)

testGetConnection(org.postgresql.test.jdbc2.optional.PoolingDataSourceTest)  Time elapsed: 0.021 sec  <<< ERROR!
java.lang.NullPointerException: null
	at java.util.concurrent.ConcurrentHashMap.replaceNode(ConcurrentHashMap.java:1106)
	at java.util.concurrent.ConcurrentHashMap.remove(ConcurrentHashMap.java:1097)
	at org.postgresql.ds.PGPoolingDataSource.removeStoredDataSource(PGPoolingDataSource.java:356)
	at org.postgresql.ds.PGPoolingDataSource.close(PGPoolingDataSource.java:352)
	at org.postgresql.test.jdbc2.optional.PoolingDataSourceTest.tearDown(PoolingDataSourceTest.java:33)

testNotPooledConnection(org.postgresql.test.jdbc2.optional.PoolingDataSourceTest)  Time elapsed: 0.022 sec  <<< ERROR!
java.lang.IllegalArgumentException: DataSource with name 'JDBC 2 SE Test DataSource' already exists!
	at org.postgresql.ds.PGPoolingDataSource.setDataSourceName(PGPoolingDataSource.java:245)
	at org.postgresql.test.jdbc2.optional.PoolingDataSourceTest.initializeDataSource(PoolingDataSourceTest.java:46)

testNotPooledConnection(org.postgresql.test.jdbc2.optional.PoolingDataSourceTest)  Time elapsed: 0.022 sec  <<< ERROR!
java.lang.NullPointerException: null
	at java.util.concurrent.ConcurrentHashMap.replaceNode(ConcurrentHashMap.java:1106)
	at java.util.concurrent.ConcurrentHashMap.remove(ConcurrentHashMap.java:1097)
	at org.postgresql.ds.PGPoolingDataSource.removeStoredDataSource(PGPoolingDataSource.java:356)
	at org.postgresql.ds.PGPoolingDataSource.close(PGPoolingDataSource.java:352)
	at org.postgresql.test.jdbc2.optional.PoolingDataSourceTest.tearDown(PoolingDataSourceTest.java:33)

testDdlOverConnection(org.postgresql.test.jdbc2.optional.PoolingDataSourceTest)  Time elapsed: 0.021 sec  <<< ERROR!
java.lang.IllegalArgumentException: DataSource with name 'JDBC 2 SE Test DataSource' already exists!
	at org.postgresql.ds.PGPoolingDataSource.setDataSourceName(PGPoolingDataSource.java:245)
	at org.postgresql.test.jdbc2.optional.PoolingDataSourceTest.initializeDataSource(PoolingDataSourceTest.java:46)

testDdlOverConnection(org.postgresql.test.jdbc2.optional.PoolingDataSourceTest)  Time elapsed: 0.022 sec  <<< ERROR!
java.lang.NullPointerException: null
	at java.util.concurrent.ConcurrentHashMap.replaceNode(ConcurrentHashMap.java:1106)
	at java.util.concurrent.ConcurrentHashMap.remove(ConcurrentHashMap.java:1097)
	at org.postgresql.ds.PGPoolingDataSource.removeStoredDataSource(PGPoolingDataSource.java:356)
	at org.postgresql.ds.PGPoolingDataSource.close(PGPoolingDataSource.java:352)
	at org.postgresql.test.jdbc2.optional.PoolingDataSourceTest.tearDown(PoolingDataSourceTest.java:33)

testCreateDataSource(org.postgresql.test.jdbc2.optional.PoolingDataSourceTest)  Time elapsed: 0.019 sec  <<< ERROR!
java.lang.IllegalArgumentException: DataSource with name 'JDBC 2 SE Test DataSource' already exists!
	at org.postgresql.ds.PGPoolingDataSource.setDataSourceName(PGPoolingDataSource.java:245)
	at org.postgresql.test.jdbc2.optional.PoolingDataSourceTest.initializeDataSource(PoolingDataSourceTest.java:46)

testCreateDataSource(org.postgresql.test.jdbc2.optional.PoolingDataSourceTest)  Time elapsed: 0.019 sec  <<< ERROR!
java.lang.NullPointerException: null
	at java.util.concurrent.ConcurrentHashMap.replaceNode(ConcurrentHashMap.java:1106)
	at java.util.concurrent.ConcurrentHashMap.remove(ConcurrentHashMap.java:1097)
	at org.postgresql.ds.PGPoolingDataSource.removeStoredDataSource(PGPoolingDataSource.java:356)
	at org.postgresql.ds.PGPoolingDataSource.close(PGPoolingDataSource.java:352)
	at org.postgresql.test.jdbc2.optional.PoolingDataSourceTest.tearDown(PoolingDataSourceTest.java:33)

Running org.postgresql.test.jdbc2.Jdbc2TestSuite
java.version = 1.8.0_262, JavaVersion.getRuntimeVersion() = v1_8
[testFastCloses] total counts for each sql state: {0=171, 55000=829}
Using seed = 1644740133670 for StrangeInputStream. Set -DStrangeInputStream.seed=1644740133670 to reproduce the test
Using seed = 1644740146368 for StrangeInputStream. Set -DStrangeInputStream.seed=1644740146368 to reproduce the test
Using seed = 1644740160175 for StrangeInputStream. Set -DStrangeInputStream.seed=1644740160175 to reproduce the test
Using seed = 1644740173906 for StrangeInputStream. Set -DStrangeInputStream.seed=1644740173906 to reproduce the test
Using seed = 1644740187933 for StrangeInputStream. Set -DStrangeInputStream.seed=1644740187933 to reproduce the test
Using seed = 1644740201325 for StrangeInputStream. Set -DStrangeInputStream.seed=1644740201325 to reproduce the test
Using seed = 1644740214741 for StrangeInputStream. Set -DStrangeInputStream.seed=1644740214741 to reproduce the test
Using seed = 1644740228342 for StrangeInputStream. Set -DStrangeInputStream.seed=1644740228342 to reproduce the test
Using seed = 1644740242239 for StrangeInputStream. Set -DStrangeInputStream.seed=1644740242239 to reproduce the test
Using seed = 1644740256342 for StrangeInputStream. Set -DStrangeInputStream.seed=1644740256342 to reproduce the test
Tests run: 4163, Failures: 0, Errors: 0, Skipped: 15, Time elapsed: 555.297 sec - in org.postgresql.test.jdbc2.Jdbc2TestSuite
Running org.postgresql.test.jdbc2.AutoRollbackTestSuite
Tests run: 984, Failures: 0, Errors: 0, Skipped: 0, Time elapsed: 22.704 sec - in org.postgresql.test.jdbc2.AutoRollbackTestSuite
Running org.postgresql.test.jdbc4.jdbc41.Jdbc41TestSuite
JUnit used sun.misc.Launcher$AppClassLoader@18b4aac2
SeparateClassLoaderInvokeMethod used sun.misc.Launcher$AppClassLoader@18b4aac2
se.jiderhamn.classloader.RedefiningClassLoader[org.postgresql.test.jdbc4.jdbc41.SharedTimerClassLoaderLeakTest.sharedTimerDoesNotCauseLeak]@4ba6f767 is being finalized
Tests run: 59, Failures: 0, Errors: 0, Skipped: 1, Time elapsed: 3.05 sec - in org.postgresql.test.jdbc4.jdbc41.Jdbc41TestSuite
Running org.postgresql.test.jdbc4.Jdbc4TestSuite
Tests run: 131, Failures: 0, Errors: 0, Skipped: 0, Time elapsed: 445.078 sec - in org.postgresql.test.jdbc4.Jdbc4TestSuite
Running org.postgresql.test.socketfactory.SocketFactoryTestSuite
Tests run: 1, Failures: 0, Errors: 0, Skipped: 0, Time elapsed: 0.018 sec - in org.postgresql.test.socketfactory.SocketFactoryTestSuite
Running org.postgresql.test.osgi.OsgiTestSuite
Tests run: 8, Failures: 0, Errors: 0, Skipped: 0, Time elapsed: 0 sec - in org.postgresql.test.osgi.OsgiTestSuite
Running org.postgresql.test.jre8.core.Jre8TestSuite
Tests run: 1, Failures: 0, Errors: 0, Skipped: 0, Time elapsed: 0.017 sec - in org.postgresql.test.jre8.core.Jre8TestSuite
Running org.postgresql.test.jdbc42.Jdbc42TestSuite
Tests run: 60, Failures: 0, Errors: 0, Skipped: 3, Time elapsed: 11.213 sec - in org.postgresql.test.jdbc42.Jdbc42TestSuite
Running org.postgresql.test.extensions.ExtensionsTestSuite
Tests run: 5, Failures: 0, Errors: 0, Skipped: 0, Time elapsed: 0.108 sec - in org.postgresql.test.extensions.ExtensionsTestSuite
Running org.postgresql.test.ssl.SslTestSuite
Configuration file /home/travis/build/failed/pgjdbc/pgjdbc/pgjdbc/../ssltest.local.properties does not exist. Consider adding it to specify test db host and login
enableSslTests is null, skipping SSL tests
Tests run: 25, Failures: 0, Errors: 0, Skipped: 0, Time elapsed: 0.017 sec - in org.postgresql.test.ssl.SslTestSuite
Running org.postgresql.test.ssl.SingleCertValidatingFactoryTestSuite
Skipping SingleCertSocketFactoryTests. To enable set the property testsinglecertfactory=true in the ssltest.properties file.
Tests run: 0, Failures: 0, Errors: 0, Skipped: 0, Time elapsed: 0 sec - in org.postgresql.test.ssl.SingleCertValidatingFactoryTestSuite
Running org.postgresql.test.hostchooser.MultiHostTestSuite
Tests run: 10, Failures: 0, Errors: 0, Skipped: 0, Time elapsed: 4.344 sec - in org.postgresql.test.hostchooser.MultiHostTestSuite
Running org.postgresql.replication.ReplicationTestSuite
Tests run: 69, Failures: 0, Errors: 0, Skipped: 5, Time elapsed: 8.3 sec - in org.postgresql.replication.ReplicationTestSuite

Results :

Tests in error: 
org.postgresql.test.jdbc2.optional.PoolingDataSourceTest.testCreateDataSource(org.postgresql.test.jdbc2.optional.PoolingDataSourceTest)
  Run 1: PoolingDataSourceTest>BaseDataSourceTest.testCreateDataSource:106->initializeDataSource:46 » IllegalArgument
  Run 2: PoolingDataSourceTest.tearDown:33 » NullPointer

org.postgresql.test.jdbc2.optional.PoolingDataSourceTest.testDdlOverConnection(org.postgresql.test.jdbc2.optional.PoolingDataSourceTest)
  Run 1: PoolingDataSourceTest>BaseDataSourceTest.testDdlOverConnection:157->BaseDataSourceTest.getDataSourceConnection:78->initializeDataSource:46 » IllegalArgument
  Run 2: PoolingDataSourceTest.tearDown:33 » NullPointer

org.postgresql.test.jdbc2.optional.PoolingDataSourceTest.testGetConnection(org.postgresql.test.jdbc2.optional.PoolingDataSourceTest)
  Run 1: PoolingDataSourceTest>BaseDataSourceTest.testGetConnection:116->BaseDataSourceTest.getDataSourceConnection:78->initializeDataSource:46 » IllegalArgument
  Run 2: PoolingDataSourceTest.tearDown:33 » NullPointer

org.postgresql.test.jdbc2.optional.PoolingDataSourceTest.testNotPooledConnection(org.postgresql.test.jdbc2.optional.PoolingDataSourceTest)
  Run 1: PoolingDataSourceTest.testNotPooledConnection:57->BaseDataSourceTest.getDataSourceConnection:78->initializeDataSource:46 » IllegalArgument
  Run 2: PoolingDataSourceTest.tearDown:33 » NullPointer

org.postgresql.test.jdbc2.optional.PoolingDataSourceTest.testPGConnection(org.postgresql.test.jdbc2.optional.PoolingDataSourceTest)
  Run 1: PoolingDataSourceTest>BaseDataSourceTest.testPGConnection:190 Unable to call PGConnection method on pooled connection due to java.lang.IllegalArgumentException (DataSource with name 'JDBC 2 SE Test DataSource' already exists!)
  Run 2: PoolingDataSourceTest.tearDown:33 » NullPointer


Tests run: 5868, Failures: 0, Errors: 5, Skipped: 31

[INFO] ------------------------------------------------------------------------
[INFO] Reactor Summary:
[INFO] 
[INFO] PostgreSQL JDBC Driver - JDBC 4.2 .................. FAILURE [18:39 min]
[INFO] PostgreSQL JDBC Driver aggregate ................... SKIPPED
[INFO] ------------------------------------------------------------------------
[INFO] BUILD FAILURE
[INFO] ------------------------------------------------------------------------
[INFO] Total time: 18:50 min
[INFO] Finished at: 2022-02-13T08:26:05Z
[INFO] Final Memory: 21M/572M
[INFO] ------------------------------------------------------------------------
[ERROR] Failed to execute goal org.apache.maven.plugins:maven-surefire-plugin:2.18.1:test (default-test) on project postgresql: There are test failures.
[ERROR] 
[ERROR] Please refer to /home/travis/build/failed/pgjdbc/pgjdbc/pgjdbc/target/surefire-reports for the individual test results.
[ERROR] -> [Help 1]
[ERROR] 
[ERROR] To see the full stack trace of the errors, re-run Maven with the -e switch.
[ERROR] Re-run Maven using the -X switch to enable full debug logging.
[ERROR] 
[ERROR] For more information about the errors and possible solutions, please read the following articles:
[ERROR] [Help 1] http://cwiki.apache.org/confluence/display/MAVEN/MojoFailureException
travis_time:end:09ae51c0:start=1644739633785207957,finish=1644740765635237029,duration=1131850029072[0K[31;1mThe command "if [[ $TRAVIS_BRANCH == release/* ]]; then .travis/travis_release.sh; else ./.travis/travis_build.sh; fi" exited with 1.[0m

travis_time:start:00017868[0K$ ./.travis/travis_check_postgres_health.sh
travis_time:end:00017868:start=1644740765642905796,finish=1644740765973507875,duration=330602079[0K[32;1mThe command "./.travis/travis_check_postgres_health.sh" exited with 0.[0m

travis_fold:start:before_cache.1[0Ktravis_time:start:000b7299[0K$ rm -rf $HOME/.m2/repository/org/postgresql
travis_time:end:000b7299:start=1644740765982405379,finish=1644740765992709363,duration=10303984[0Ktravis_fold:end:before_cache.1[0Ktravis_fold:start:before_cache.2[0Ktravis_time:start:230a3f60[0K$ find $HOME/.ivy2 -name "ivydata-*.properties" -delete
travis_time:end:230a3f60:start=1644740766001592013,finish=1644740766009925733,duration=8333720[0Ktravis_fold:end:before_cache.2[0Ktravis_fold:start:before_cache.3[0Ktravis_time:start:0a05599c[0K$ find $HOME/.sbt -name "*.lock" -delete
travis_time:end:0a05599c:start=1644740766018699427,finish=1644740766026576631,duration=7877204[0Ktravis_fold:end:before_cache.3[0Ktravis_fold:start:cache.2[0Kstore build cache
travis_time:start:1a99286f[0Ktravis_time:end:1a99286f:start=1644740766035329115,finish=1644740766041706601,duration=6377486[0Ktravis_time:start:1f1149ee[0K[32;1mchanges detected, packing new archive[0m
[32;1muploading /[0m
[31;1mfailed to upload cache[0m
travis_time:end:1f1149ee:start=1644740766049821883,finish=1644740767501890605,duration=1452068722[0Ktravis_fold:end:cache.2[0K

Done. Your build exited with 1.
