travis_fold:start:system_info[0K[33;1mBuild system information[0m
Build language: java
Build id: ''
Job id: ''
Runtime kernel version: 4.15.0-109-generic
[34m[1mBuild image provisioning date and time[0m
Thu Feb  5 15:09:33 UTC 2015
[34m[1mOperating System Details[0m
Distributor ID:	Ubuntu
Description:	Ubuntu 12.04.5 LTS
Release:	12.04
Codename:	precise
[34m[1mLinux Version[0m
3.13.0-29-generic
[34m[1mCookbooks Version[0m
a68419e https://github.com/travis-ci/travis-cookbooks/tree/a68419e
[34m[1mGCC version[0m
gcc (Ubuntu/Linaro 4.6.3-1ubuntu5) 4.6.3
Copyright (C) 2011 Free Software Foundation, Inc.
This is free software; see the source for copying conditions.  There is NO
warranty; not even for MERCHANTABILITY or FITNESS FOR A PARTICULAR PURPOSE.

[34m[1mLLVM version[0m
clang version 3.4 (tags/RELEASE_34/final)
Target: x86_64-unknown-linux-gnu
Thread model: posix
[34m[1mPre-installed Ruby versions[0m
ruby-1.9.3-p551
[34m[1mPre-installed Node.js versions[0m
v0.10.36
[34m[1mPre-installed Go versions[0m
1.4.1
[34m[1mRedis version[0m
redis-server 2.8.19
[34m[1mriak version[0m
2.0.2
[34m[1mMongoDB version[0m
MongoDB 2.4.12
[34m[1mCouchDB version[0m
couchdb 1.6.1
[34m[1mNeo4j version[0m
1.9.4
[34m[1mRabbitMQ Version[0m
3.4.3
[34m[1mElasticSearch version[0m
1.4.0
[34m[1mInstalled Sphinx versions[0m
2.0.10
2.1.9
2.2.6
[34m[1mDefault Sphinx version[0m
2.2.6
[34m[1mInstalled Firefox version[0m
firefox 31.0esr
[34m[1mPhantomJS version[0m
1.9.8
[34m[1mant -version[0m
Apache Ant(TM) version 1.8.2 compiled on December 3 2011
[34m[1mmvn -version[0m
Apache Maven 3.2.5 (12a6b3acb947671f09b81f49094c53f426d8cea1; 2014-12-14T17:29:23+00:00)
Maven home: /usr/local/maven
Java version: 1.7.0_76, vendor: Oracle Corporation
Java home: /usr/lib/jvm/java-7-oracle/jre
Default locale: en_US, platform encoding: ANSI_X3.4-1968
OS name: "linux", version: "3.13.0-29-generic", arch: "amd64", family: "unix"
travis_fold:end:system_info[0K
[31;1mTimeout waiting for network availability.[0m
sed: cannot rename /etc/hosts: Device or resource busy
travis_fold:start:docker_mtu[0Ktee: /etc/docker/daemon.json: No such file or directory
docker: unrecognized service
travis_fold:end:docker_mtu[0K
$ cd failed/SynBioDex/libSBOLj

$ java -Xmx32m -version
java version "1.7.0_76"
Java(TM) SE Runtime Environment (build 1.7.0_76-b13)
Java HotSpot(TM) 64-Bit Server VM (build 24.76-b04, mixed mode)
$ javac -J-Xmx32m -version
javac 1.7.0_76
travis_fold:start:install[0Ktravis_time:start:00a200a8[0K$ mvn -o install -Dhttps.protocols=TLSv1.2 -DskipTests=true -Dmaven.javadoc.skip=true -B -V
Apache Maven 3.2.5 (12a6b3acb947671f09b81f49094c53f426d8cea1; 2014-12-14T17:29:23+00:00)
Maven home: /usr/local/maven
Java version: 1.7.0_76, vendor: Oracle Corporation
Java home: /usr/lib/jvm/java-7-oracle/jre
Default locale: en_US, platform encoding: UTF-8
OS name: "linux", version: "4.15.0-109-generic", arch: "amd64", family: "unix"
[INFO] Scanning for projects...
[WARNING] 
[WARNING] Some problems were encountered while building the effective model for org.sbolstandard:libSBOLj-core2:jar:2.0.0-SNAPSHOT
[WARNING] 'build.plugins.plugin.version' for org.apache.maven.plugins:maven-javadoc-plugin is missing. @ org.sbolstandard:libSBOLj-core2:[unknown-version], /home/travis/build/failed/SynBioDex/libSBOLj/core2/pom.xml, line 88, column 12
[WARNING] 'build.plugins.plugin.version' for org.apache.maven.plugins:maven-source-plugin is missing. @ org.sbolstandard:libSBOLj-core2:[unknown-version], /home/travis/build/failed/SynBioDex/libSBOLj/core2/pom.xml, line 76, column 12
[WARNING] 
[WARNING] It is highly recommended to fix these problems because they threaten the stability of your build.
[WARNING] 
[WARNING] For this reason, future Maven versions might no longer support building such malformed projects.
[WARNING] 
[INFO] ------------------------------------------------------------------------
[INFO] Reactor Build Order:
[INFO] 
[INFO] libSBOLj
[INFO] libSBOLj-core
[INFO] libSBOLj-core2
[INFO] libSBOLj-examples
[INFO]                                                                         
[INFO] ------------------------------------------------------------------------
[INFO] Building libSBOLj 2.0.0-SNAPSHOT
[INFO] ------------------------------------------------------------------------
[INFO] 
[INFO] --- maven-enforcer-plugin:1.0:enforce (enforce-maven) @ libSBOLj ---
[INFO] 
[INFO] --- maven-install-plugin:2.4:install (default-install) @ libSBOLj ---
[INFO] Installing /home/travis/build/failed/SynBioDex/libSBOLj/pom.xml to /home/travis/.m2/repository/org/sbolstandard/libSBOLj/2.0.0-SNAPSHOT/libSBOLj-2.0.0-SNAPSHOT.pom
[INFO]                                                                         
[INFO] ------------------------------------------------------------------------
[INFO] Building libSBOLj-core 2.0.0-SNAPSHOT
[INFO] ------------------------------------------------------------------------
[INFO] 
[INFO] --- maven-enforcer-plugin:1.0:enforce (enforce-maven) @ libSBOLj-core ---
[INFO] 
[INFO] --- maven-resources-plugin:2.6:resources (default-resources) @ libSBOLj-core ---
[INFO] Using 'UTF-8' encoding to copy filtered resources.
[INFO] Copying 3 resources
[INFO] 
[INFO] --- maven-compiler-plugin:3.1:compile (default-compile) @ libSBOLj-core ---
[INFO] Nothing to compile - all classes are up to date
[INFO] 
[INFO] --- maven-resources-plugin:2.6:testResources (default-testResources) @ libSBOLj-core ---
[INFO] Using 'UTF-8' encoding to copy filtered resources.
[INFO] Copying 34 resources
[INFO] 
[INFO] --- maven-compiler-plugin:3.1:testCompile (default-testCompile) @ libSBOLj-core ---
[INFO] Nothing to compile - all classes are up to date
[INFO] 
[INFO] --- maven-surefire-plugin:2.12.4:test (default-test) @ libSBOLj-core ---
[INFO] Tests are skipped.
[INFO] 
[INFO] --- maven-jar-plugin:2.4:jar (default-jar) @ libSBOLj-core ---
[INFO] Building jar: /home/travis/build/failed/SynBioDex/libSBOLj/core/target/libSBOLj-core-2.0.0-SNAPSHOT.jar
[INFO] 
[INFO] --- maven-install-plugin:2.4:install (default-install) @ libSBOLj-core ---
[INFO] Installing /home/travis/build/failed/SynBioDex/libSBOLj/core/target/libSBOLj-core-2.0.0-SNAPSHOT.jar to /home/travis/.m2/repository/org/sbolstandard/libSBOLj-core/2.0.0-SNAPSHOT/libSBOLj-core-2.0.0-SNAPSHOT.jar
[INFO] Installing /home/travis/build/failed/SynBioDex/libSBOLj/core/pom.xml to /home/travis/.m2/repository/org/sbolstandard/libSBOLj-core/2.0.0-SNAPSHOT/libSBOLj-core-2.0.0-SNAPSHOT.pom
[INFO]                                                                         
[INFO] ------------------------------------------------------------------------
[INFO] Building libSBOLj-core2 2.0.0-SNAPSHOT
[INFO] ------------------------------------------------------------------------
[INFO] 
[INFO] --- maven-enforcer-plugin:1.0:enforce (enforce-maven) @ libSBOLj-core2 ---
[INFO] 
[INFO] --- maven-resources-plugin:2.6:resources (default-resources) @ libSBOLj-core2 ---
[INFO] Using 'UTF-8' encoding to copy filtered resources.
[INFO] skip non existing resourceDirectory /home/travis/build/failed/SynBioDex/libSBOLj/core2/src/main/resources
[INFO] 
[INFO] --- maven-compiler-plugin:3.1:compile (default-compile) @ libSBOLj-core2 ---
[INFO] Nothing to compile - all classes are up to date
[INFO] 
[INFO] --- maven-resources-plugin:2.6:testResources (default-testResources) @ libSBOLj-core2 ---
[INFO] Using 'UTF-8' encoding to copy filtered resources.
[INFO] Copying 99 resources
[INFO] 
[INFO] --- maven-compiler-plugin:3.1:testCompile (default-testCompile) @ libSBOLj-core2 ---
[INFO] Nothing to compile - all classes are up to date
[INFO] 
[INFO] --- maven-surefire-plugin:2.12.4:test (default-test) @ libSBOLj-core2 ---
[INFO] Tests are skipped.
[INFO] 
[INFO] --- maven-jar-plugin:2.4:jar (default-jar) @ libSBOLj-core2 ---
[INFO] 
[INFO] --- maven-shade-plugin:2.3:shade (default) @ libSBOLj-core2 ---
[INFO] Including uk.ac.ncl.intbio:sbol-data-core:jar:0.1.2 in the shaded jar.
[INFO] Including uk.ac.ncl.intbio:sbol-data-examples:jar:0.1.2 in the shaded jar.
[INFO] Including uk.ac.ncl.intbio:sbol-data-io-graphviz:jar:0.1.2 in the shaded jar.
[INFO] Including uk.ac.ncl.intbio:sbol-data-io-json:jar:0.1.2 in the shaded jar.
[INFO] Including org.glassfish:javax.json:jar:1.0.2 in the shaded jar.
[INFO] Including uk.ac.ncl.intbio:sbol-data-io-turtle:jar:0.1.2 in the shaded jar.
[INFO] Including net.java.dev.stax-utils:stax-utils:jar:20070216 in the shaded jar.
[INFO] Including uk.ac.ncl.intbio:sbol-data-io-RDF:jar:0.1.2 in the shaded jar.
[INFO] Including uk.ac.ncl.intbio:sbol-data-nativeSbol:jar:0.1.2 in the shaded jar.
[INFO] Including org.sbolstandard:libSBOLj-core:jar:2.0.0-SNAPSHOT in the shaded jar.
[INFO] Attaching shaded artifact.
[INFO] 
[INFO] >>> maven-source-plugin:3.2.1:jar (attach-sources) > generate-sources @ libSBOLj-core2 >>>
[INFO] 
[INFO] --- maven-enforcer-plugin:1.0:enforce (enforce-maven) @ libSBOLj-core2 ---
[INFO] 
[INFO] <<< maven-source-plugin:3.2.1:jar (attach-sources) < generate-sources @ libSBOLj-core2 <<<
[INFO] 
[INFO] --- maven-source-plugin:3.2.1:jar (attach-sources) @ libSBOLj-core2 ---
[INFO] 
[INFO] --- maven-javadoc-plugin:3.2.0:jar (attach-javadocs) @ libSBOLj-core2 ---
[INFO] Skipping javadoc generation
[INFO] 
[INFO] --- maven-install-plugin:2.4:install (default-install) @ libSBOLj-core2 ---
[INFO] Installing /home/travis/build/failed/SynBioDex/libSBOLj/core2/target/libSBOLj-core2-2.0.0-SNAPSHOT.jar to /home/travis/.m2/repository/org/sbolstandard/libSBOLj-core2/2.0.0-SNAPSHOT/libSBOLj-core2-2.0.0-SNAPSHOT.jar
[INFO] Installing /home/travis/build/failed/SynBioDex/libSBOLj/core2/pom.xml to /home/travis/.m2/repository/org/sbolstandard/libSBOLj-core2/2.0.0-SNAPSHOT/libSBOLj-core2-2.0.0-SNAPSHOT.pom
[INFO] Installing /home/travis/build/failed/SynBioDex/libSBOLj/core2/target/libSBOLj-core2-2.0.0-SNAPSHOT-withDependencies.jar to /home/travis/.m2/repository/org/sbolstandard/libSBOLj-core2/2.0.0-SNAPSHOT/libSBOLj-core2-2.0.0-SNAPSHOT-withDependencies.jar
[INFO] Installing /home/travis/build/failed/SynBioDex/libSBOLj/core2/target/libSBOLj-core2-2.0.0-SNAPSHOT-sources.jar to /home/travis/.m2/repository/org/sbolstandard/libSBOLj-core2/2.0.0-SNAPSHOT/libSBOLj-core2-2.0.0-SNAPSHOT-sources.jar
[INFO]                                                                         
[INFO] ------------------------------------------------------------------------
[INFO] Building libSBOLj-examples 2.0.0-SNAPSHOT
[INFO] ------------------------------------------------------------------------
[INFO] 
[INFO] --- maven-enforcer-plugin:1.0:enforce (enforce-maven) @ libSBOLj-examples ---
[INFO] 
[INFO] --- maven-resources-plugin:2.6:resources (default-resources) @ libSBOLj-examples ---
[INFO] Using 'UTF-8' encoding to copy filtered resources.
[INFO] skip non existing resourceDirectory /home/travis/build/failed/SynBioDex/libSBOLj/examples/src/main/resources
[INFO] 
[INFO] --- maven-compiler-plugin:3.1:compile (default-compile) @ libSBOLj-examples ---
[INFO] Nothing to compile - all classes are up to date
[INFO] 
[INFO] --- maven-resources-plugin:2.6:testResources (default-testResources) @ libSBOLj-examples ---
[INFO] Using 'UTF-8' encoding to copy filtered resources.
[INFO] skip non existing resourceDirectory /home/travis/build/failed/SynBioDex/libSBOLj/examples/src/test/resources
[INFO] 
[INFO] --- maven-compiler-plugin:3.1:testCompile (default-testCompile) @ libSBOLj-examples ---
[INFO] No sources to compile
[INFO] 
[INFO] --- maven-surefire-plugin:2.12.4:test (default-test) @ libSBOLj-examples ---
[INFO] Tests are skipped.
[INFO] 
[INFO] --- maven-jar-plugin:2.4:jar (default-jar) @ libSBOLj-examples ---
[INFO] 
[INFO] --- maven-install-plugin:2.4:install (default-install) @ libSBOLj-examples ---
[INFO] Installing /home/travis/build/failed/SynBioDex/libSBOLj/examples/target/libSBOLj-examples-2.0.0-SNAPSHOT.jar to /home/travis/.m2/repository/org/sbolstandard/libSBOLj-examples/2.0.0-SNAPSHOT/libSBOLj-examples-2.0.0-SNAPSHOT.jar
[INFO] Installing /home/travis/build/failed/SynBioDex/libSBOLj/examples/pom.xml to /home/travis/.m2/repository/org/sbolstandard/libSBOLj-examples/2.0.0-SNAPSHOT/libSBOLj-examples-2.0.0-SNAPSHOT.pom
[INFO] ------------------------------------------------------------------------
[INFO] Reactor Summary:
[INFO] 
[INFO] libSBOLj ........................................... SUCCESS [ 24.255 s]
[INFO] libSBOLj-core ...................................... SUCCESS [ 52.048 s]
[INFO] libSBOLj-core2 ..................................... SUCCESS [01:50 min]
[INFO] libSBOLj-examples .................................. SUCCESS [  4.112 s]
[INFO] ------------------------------------------------------------------------
[INFO] BUILD SUCCESS
[INFO] ------------------------------------------------------------------------
[INFO] Total time: 03:13 min
[INFO] Finished at: 2022-02-13T02:13:06+00:00
[INFO] Final Memory: 24M/491M
[INFO] ------------------------------------------------------------------------
travis_time:end:00a200a8:start=1644718192249980491,finish=1644718386705009995,duration=194455029504[0Ktravis_fold:end:install[0Ktravis_time:start:02d1b067[0K$ mvn test -Dhttps.protocols=TLSv1.2 -B
[INFO] Scanning for projects...
[WARNING] 
[WARNING] Some problems were encountered while building the effective model for org.sbolstandard:libSBOLj-core2:jar:2.0.0-SNAPSHOT
[WARNING] 'build.plugins.plugin.version' for org.apache.maven.plugins:maven-javadoc-plugin is missing. @ org.sbolstandard:libSBOLj-core2:[unknown-version], /home/travis/build/failed/SynBioDex/libSBOLj/core2/pom.xml, line 88, column 12
[WARNING] 'build.plugins.plugin.version' for org.apache.maven.plugins:maven-source-plugin is missing. @ org.sbolstandard:libSBOLj-core2:[unknown-version], /home/travis/build/failed/SynBioDex/libSBOLj/core2/pom.xml, line 76, column 12
[WARNING] 
[WARNING] It is highly recommended to fix these problems because they threaten the stability of your build.
[WARNING] 
[WARNING] For this reason, future Maven versions might no longer support building such malformed projects.
[WARNING] 
[INFO] ------------------------------------------------------------------------
[INFO] Reactor Build Order:
[INFO] 
[INFO] libSBOLj
[INFO] libSBOLj-core
[INFO] libSBOLj-core2
[INFO] libSBOLj-examples
[INFO]                                                                         
[INFO] ------------------------------------------------------------------------
[INFO] Building libSBOLj 2.0.0-SNAPSHOT
[INFO] ------------------------------------------------------------------------
[INFO] 
[INFO] --- maven-enforcer-plugin:1.0:enforce (enforce-maven) @ libSBOLj ---
[INFO]                                                                         
[INFO] ------------------------------------------------------------------------
[INFO] Building libSBOLj-core 2.0.0-SNAPSHOT
[INFO] ------------------------------------------------------------------------
[INFO] 
[INFO] --- maven-enforcer-plugin:1.0:enforce (enforce-maven) @ libSBOLj-core ---
[INFO] 
[INFO] --- maven-resources-plugin:2.6:resources (default-resources) @ libSBOLj-core ---
[INFO] Using 'UTF-8' encoding to copy filtered resources.
[INFO] Copying 3 resources
[INFO] 
[INFO] --- maven-compiler-plugin:3.1:compile (default-compile) @ libSBOLj-core ---
[INFO] Nothing to compile - all classes are up to date
[INFO] 
[INFO] --- maven-resources-plugin:2.6:testResources (default-testResources) @ libSBOLj-core ---
[INFO] Using 'UTF-8' encoding to copy filtered resources.
[INFO] Copying 34 resources
[INFO] 
[INFO] --- maven-compiler-plugin:3.1:testCompile (default-testCompile) @ libSBOLj-core ---
[INFO] Nothing to compile - all classes are up to date
[INFO] 
[INFO] --- maven-surefire-plugin:2.12.4:test (default-test) @ libSBOLj-core ---
[INFO] Surefire report directory: /home/travis/build/failed/SynBioDex/libSBOLj/core/target/surefire-reports

-------------------------------------------------------
 T E S T S
-------------------------------------------------------
Running org.sbolstandard.core.SBOLDuplicateObjectTest
Tests run: 5, Failures: 0, Errors: 0, Skipped: 0, Time elapsed: 1.055 sec
Running org.sbolstandard.core.SBOLReaderTest
Tests run: 8, Failures: 0, Errors: 0, Skipped: 0, Time elapsed: 1.017 sec
Running org.sbolstandard.core.SBOLValidatorTest
Tests run: 32, Failures: 0, Errors: 0, Skipped: 1, Time elapsed: 2.598 sec
Running org.sbolstandard.core.SBOLWriterTest
Tests run: 8, Failures: 0, Errors: 0, Skipped: 1, Time elapsed: 0.029 sec

Results :

Tests run: 53, Failures: 0, Errors: 0, Skipped: 2

[INFO]                                                                         
[INFO] ------------------------------------------------------------------------
[INFO] Building libSBOLj-core2 2.0.0-SNAPSHOT
[INFO] ------------------------------------------------------------------------
[INFO] 
[INFO] --- maven-enforcer-plugin:1.0:enforce (enforce-maven) @ libSBOLj-core2 ---
[INFO] 
[INFO] --- maven-resources-plugin:2.6:resources (default-resources) @ libSBOLj-core2 ---
[INFO] Using 'UTF-8' encoding to copy filtered resources.
[INFO] skip non existing resourceDirectory /home/travis/build/failed/SynBioDex/libSBOLj/core2/src/main/resources
[INFO] 
[INFO] --- maven-compiler-plugin:3.1:compile (default-compile) @ libSBOLj-core2 ---
[INFO] Nothing to compile - all classes are up to date
[INFO] 
[INFO] --- maven-resources-plugin:2.6:testResources (default-testResources) @ libSBOLj-core2 ---
[INFO] Using 'UTF-8' encoding to copy filtered resources.
[INFO] Copying 99 resources
[INFO] 
[INFO] --- maven-compiler-plugin:3.1:testCompile (default-testCompile) @ libSBOLj-core2 ---
[INFO] Nothing to compile - all classes are up to date
[INFO] 
[INFO] --- maven-surefire-plugin:2.12.4:test (default-test) @ libSBOLj-core2 ---
[INFO] Surefire report directory: /home/travis/build/failed/SynBioDex/libSBOLj/core2/target/surefire-reports

-------------------------------------------------------
 T E S T S
-------------------------------------------------------
Running org.sbolstandard.core2.SBOLDocumentTest
Display id  is invalid for `http://partsregistry.org'.
Tests run: 15, Failures: 0, Errors: 4, Skipped: 0, Time elapsed: 1.694 sec <<< FAILURE!
test_AddType(org.sbolstandard.core2.SBOLDocumentTest)  Time elapsed: 0.011 sec  <<< ERROR!
java.lang.IllegalArgumentException: Illegal character in path at index 34: http://identifiers.org/chebi/CHEBI : 4705
	at java.net.URI.create(URI.java:859)
	at org.sbolstandard.core2.SBOLDocumentTest.test_AddType(SBOLDocumentTest.java:518)
	at sun.reflect.NativeMethodAccessorImpl.invoke0(Native Method)
	at sun.reflect.NativeMethodAccessorImpl.invoke(NativeMethodAccessorImpl.java:57)
	at sun.reflect.DelegatingMethodAccessorImpl.invoke(DelegatingMethodAccessorImpl.java:43)
	at java.lang.reflect.Method.invoke(Method.java:606)
	at org.junit.runners.model.FrameworkMethod$1.runReflectiveCall(FrameworkMethod.java:50)
	at org.junit.internal.runners.model.ReflectiveCallable.run(ReflectiveCallable.java:12)
	at org.junit.runners.model.FrameworkMethod.invokeExplosively(FrameworkMethod.java:47)
	at org.junit.internal.runners.statements.InvokeMethod.evaluate(InvokeMethod.java:17)
	at org.junit.runners.ParentRunner.runLeaf(ParentRunner.java:325)
	at org.junit.runners.BlockJUnit4ClassRunner.runChild(BlockJUnit4ClassRunner.java:78)
	at org.junit.runners.BlockJUnit4ClassRunner.runChild(BlockJUnit4ClassRunner.java:57)
	at org.junit.runners.ParentRunner$3.run(ParentRunner.java:290)
	at org.junit.runners.ParentRunner$1.schedule(ParentRunner.java:71)
	at org.junit.runners.ParentRunner.runChildren(ParentRunner.java:288)
	at org.junit.runners.ParentRunner.access$000(ParentRunner.java:58)
	at org.junit.runners.ParentRunner$2.evaluate(ParentRunner.java:268)
	at org.junit.runners.ParentRunner.run(ParentRunner.java:363)
	at org.apache.maven.surefire.junit4.JUnit4Provider.execute(JUnit4Provider.java:252)
	at org.apache.maven.surefire.junit4.JUnit4Provider.executeTestSet(JUnit4Provider.java:141)
	at org.apache.maven.surefire.junit4.JUnit4Provider.invoke(JUnit4Provider.java:112)
	at sun.reflect.NativeMethodAccessorImpl.invoke0(Native Method)
	at sun.reflect.NativeMethodAccessorImpl.invoke(NativeMethodAccessorImpl.java:57)
	at sun.reflect.DelegatingMethodAccessorImpl.invoke(DelegatingMethodAccessorImpl.java:43)
	at java.lang.reflect.Method.invoke(Method.java:606)
	at org.apache.maven.surefire.util.ReflectionUtils.invokeMethodWithArray(ReflectionUtils.java:189)
	at org.apache.maven.surefire.booter.ProviderFactory$ProviderProxy.invoke(ProviderFactory.java:165)
	at org.apache.maven.surefire.booter.ProviderFactory.invokeProvider(ProviderFactory.java:85)
	at org.apache.maven.surefire.booter.ForkedBooter.runSuitesInProcess(ForkedBooter.java:115)
	at org.apache.maven.surefire.booter.ForkedBooter.main(ForkedBooter.java:75)
Caused by: java.net.URISyntaxException: Illegal character in path at index 34: http://identifiers.org/chebi/CHEBI : 4705
	at java.net.URI$Parser.fail(URI.java:2829)
	at java.net.URI$Parser.checkChars(URI.java:3002)
	at java.net.URI$Parser.parseHierarchical(URI.java:3086)
	at java.net.URI$Parser.parse(URI.java:3034)
	at java.net.URI.<init>(URI.java:595)
	at java.net.URI.create(URI.java:857)
	... 30 more

test_SequenceEquals(org.sbolstandard.core2.SBOLDocumentTest)  Time elapsed: 0 sec  <<< ERROR!
java.lang.NullPointerException
	at org.sbolstandard.core2.SBOLDocumentTest.test_SequenceEquals(SBOLDocumentTest.java:494)
	at sun.reflect.NativeMethodAccessorImpl.invoke0(Native Method)
	at sun.reflect.NativeMethodAccessorImpl.invoke(NativeMethodAccessorImpl.java:57)
	at sun.reflect.DelegatingMethodAccessorImpl.invoke(DelegatingMethodAccessorImpl.java:43)
	at java.lang.reflect.Method.invoke(Method.java:606)
	at org.junit.runners.model.FrameworkMethod$1.runReflectiveCall(FrameworkMethod.java:50)
	at org.junit.internal.runners.model.ReflectiveCallable.run(ReflectiveCallable.java:12)
	at org.junit.runners.model.FrameworkMethod.invokeExplosively(FrameworkMethod.java:47)
	at org.junit.internal.runners.statements.InvokeMethod.evaluate(InvokeMethod.java:17)
	at org.junit.runners.ParentRunner.runLeaf(ParentRunner.java:325)
	at org.junit.runners.BlockJUnit4ClassRunner.runChild(BlockJUnit4ClassRunner.java:78)
	at org.junit.runners.BlockJUnit4ClassRunner.runChild(BlockJUnit4ClassRunner.java:57)
	at org.junit.runners.ParentRunner$3.run(ParentRunner.java:290)
	at org.junit.runners.ParentRunner$1.schedule(ParentRunner.java:71)
	at org.junit.runners.ParentRunner.runChildren(ParentRunner.java:288)
	at org.junit.runners.ParentRunner.access$000(ParentRunner.java:58)
	at org.junit.runners.ParentRunner$2.evaluate(ParentRunner.java:268)
	at org.junit.runners.ParentRunner.run(ParentRunner.java:363)
	at org.apache.maven.surefire.junit4.JUnit4Provider.execute(JUnit4Provider.java:252)
	at org.apache.maven.surefire.junit4.JUnit4Provider.executeTestSet(JUnit4Provider.java:141)
	at org.apache.maven.surefire.junit4.JUnit4Provider.invoke(JUnit4Provider.java:112)
	at sun.reflect.NativeMethodAccessorImpl.invoke0(Native Method)
	at sun.reflect.NativeMethodAccessorImpl.invoke(NativeMethodAccessorImpl.java:57)
	at sun.reflect.DelegatingMethodAccessorImpl.invoke(DelegatingMethodAccessorImpl.java:43)
	at java.lang.reflect.Method.invoke(Method.java:606)
	at org.apache.maven.surefire.util.ReflectionUtils.invokeMethodWithArray(ReflectionUtils.java:189)
	at org.apache.maven.surefire.booter.ProviderFactory$ProviderProxy.invoke(ProviderFactory.java:165)
	at org.apache.maven.surefire.booter.ProviderFactory.invokeProvider(ProviderFactory.java:85)
	at org.apache.maven.surefire.booter.ForkedBooter.runSuitesInProcess(ForkedBooter.java:115)
	at org.apache.maven.surefire.booter.ForkedBooter.main(ForkedBooter.java:75)

test_removeType(org.sbolstandard.core2.SBOLDocumentTest)  Time elapsed: 0.004 sec  <<< ERROR!
java.lang.IllegalArgumentException: Instance for identity `http://partsregistry.org/cd/Meher' and persistent identity `http://partsregistry.org/cd/Meher' already exists for a componentDefinition
	at org.sbolstandard.core2.SBOLDocument.addTopLevel(SBOLDocument.java:2160)
	at org.sbolstandard.core2.SBOLDocument.addComponentDefinition(SBOLDocument.java:941)
	at org.sbolstandard.core2.SBOLDocumentTest.test_removeType(SBOLDocumentTest.java:552)
	at sun.reflect.NativeMethodAccessorImpl.invoke0(Native Method)
	at sun.reflect.NativeMethodAccessorImpl.invoke(NativeMethodAccessorImpl.java:57)
	at sun.reflect.DelegatingMethodAccessorImpl.invoke(DelegatingMethodAccessorImpl.java:43)
	at java.lang.reflect.Method.invoke(Method.java:606)
	at org.junit.runners.model.FrameworkMethod$1.runReflectiveCall(FrameworkMethod.java:50)
	at org.junit.internal.runners.model.ReflectiveCallable.run(ReflectiveCallable.java:12)
	at org.junit.runners.model.FrameworkMethod.invokeExplosively(FrameworkMethod.java:47)
	at org.junit.internal.runners.statements.InvokeMethod.evaluate(InvokeMethod.java:17)
	at org.junit.runners.ParentRunner.runLeaf(ParentRunner.java:325)
	at org.junit.runners.BlockJUnit4ClassRunner.runChild(BlockJUnit4ClassRunner.java:78)
	at org.junit.runners.BlockJUnit4ClassRunner.runChild(BlockJUnit4ClassRunner.java:57)
	at org.junit.runners.ParentRunner$3.run(ParentRunner.java:290)
	at org.junit.runners.ParentRunner$1.schedule(ParentRunner.java:71)
	at org.junit.runners.ParentRunner.runChildren(ParentRunner.java:288)
	at org.junit.runners.ParentRunner.access$000(ParentRunner.java:58)
	at org.junit.runners.ParentRunner$2.evaluate(ParentRunner.java:268)
	at org.junit.runners.ParentRunner.run(ParentRunner.java:363)
	at org.apache.maven.surefire.junit4.JUnit4Provider.execute(JUnit4Provider.java:252)
	at org.apache.maven.surefire.junit4.JUnit4Provider.executeTestSet(JUnit4Provider.java:141)
	at org.apache.maven.surefire.junit4.JUnit4Provider.invoke(JUnit4Provider.java:112)
	at sun.reflect.NativeMethodAccessorImpl.invoke0(Native Method)
	at sun.reflect.NativeMethodAccessorImpl.invoke(NativeMethodAccessorImpl.java:57)
	at sun.reflect.DelegatingMethodAccessorImpl.invoke(DelegatingMethodAccessorImpl.java:43)
	at java.lang.reflect.Method.invoke(Method.java:606)
	at org.apache.maven.surefire.util.ReflectionUtils.invokeMethodWithArray(ReflectionUtils.java:189)
	at org.apache.maven.surefire.booter.ProviderFactory$ProviderProxy.invoke(ProviderFactory.java:165)
	at org.apache.maven.surefire.booter.ProviderFactory.invokeProvider(ProviderFactory.java:85)
	at org.apache.maven.surefire.booter.ForkedBooter.runSuitesInProcess(ForkedBooter.java:115)
	at org.apache.maven.surefire.booter.ForkedBooter.main(ForkedBooter.java:75)

test_getModuleDefinitionWithIDAndVersion(org.sbolstandard.core2.SBOLDocumentTest)  Time elapsed: 0.002 sec  <<< ERROR!
java.lang.NullPointerException
	at org.sbolstandard.core2.SBOLDocumentTest.test_getModuleDefinitionWithIDAndVersion(SBOLDocumentTest.java:445)
	at sun.reflect.NativeMethodAccessorImpl.invoke0(Native Method)
	at sun.reflect.NativeMethodAccessorImpl.invoke(NativeMethodAccessorImpl.java:57)
	at sun.reflect.DelegatingMethodAccessorImpl.invoke(DelegatingMethodAccessorImpl.java:43)
	at java.lang.reflect.Method.invoke(Method.java:606)
	at org.junit.runners.model.FrameworkMethod$1.runReflectiveCall(FrameworkMethod.java:50)
	at org.junit.internal.runners.model.ReflectiveCallable.run(ReflectiveCallable.java:12)
	at org.junit.runners.model.FrameworkMethod.invokeExplosively(FrameworkMethod.java:47)
	at org.junit.internal.runners.statements.InvokeMethod.evaluate(InvokeMethod.java:17)
	at org.junit.runners.ParentRunner.runLeaf(ParentRunner.java:325)
	at org.junit.runners.BlockJUnit4ClassRunner.runChild(BlockJUnit4ClassRunner.java:78)
	at org.junit.runners.BlockJUnit4ClassRunner.runChild(BlockJUnit4ClassRunner.java:57)
	at org.junit.runners.ParentRunner$3.run(ParentRunner.java:290)
	at org.junit.runners.ParentRunner$1.schedule(ParentRunner.java:71)
	at org.junit.runners.ParentRunner.runChildren(ParentRunner.java:288)
	at org.junit.runners.ParentRunner.access$000(ParentRunner.java:58)
	at org.junit.runners.ParentRunner$2.evaluate(ParentRunner.java:268)
	at org.junit.runners.ParentRunner.run(ParentRunner.java:363)
	at org.apache.maven.surefire.junit4.JUnit4Provider.execute(JUnit4Provider.java:252)
	at org.apache.maven.surefire.junit4.JUnit4Provider.executeTestSet(JUnit4Provider.java:141)
	at org.apache.maven.surefire.junit4.JUnit4Provider.invoke(JUnit4Provider.java:112)
	at sun.reflect.NativeMethodAccessorImpl.invoke0(Native Method)
	at sun.reflect.NativeMethodAccessorImpl.invoke(NativeMethodAccessorImpl.java:57)
	at sun.reflect.DelegatingMethodAccessorImpl.invoke(DelegatingMethodAccessorImpl.java:43)
	at java.lang.reflect.Method.invoke(Method.java:606)
	at org.apache.maven.surefire.util.ReflectionUtils.invokeMethodWithArray(ReflectionUtils.java:189)
	at org.apache.maven.surefire.booter.ProviderFactory$ProviderProxy.invoke(ProviderFactory.java:165)
	at org.apache.maven.surefire.booter.ProviderFactory.invokeProvider(ProviderFactory.java:85)
	at org.apache.maven.surefire.booter.ForkedBooter.runSuitesInProcess(ForkedBooter.java:115)
	at org.apache.maven.surefire.booter.ForkedBooter.main(ForkedBooter.java:75)

Running org.sbolstandard.core2.SBOLReaderTest
Tests run: 60, Failures: 0, Errors: 0, Skipped: 0, Time elapsed: 25.148 sec
Running org.sbolstandard.core2.SBOLWriterTest
Tests run: 60, Failures: 0, Errors: 0, Skipped: 0, Time elapsed: 3.313 sec
Running org.sbolstandard.core2.URIcomplianceTest
Tests run: 22, Failures: 0, Errors: 0, Skipped: 0, Time elapsed: 0.006 sec

Results :

Tests in error: 
  test_AddType(org.sbolstandard.core2.SBOLDocumentTest): Illegal character in path at index 34: http://identifiers.org/chebi/CHEBI : 4705
  test_SequenceEquals(org.sbolstandard.core2.SBOLDocumentTest)
  test_removeType(org.sbolstandard.core2.SBOLDocumentTest): Instance for identity `http://partsregistry.org/cd/Meher' and persistent identity `http://partsregistry.org/cd/Meher' already exists for a componentDefinition
  test_getModuleDefinitionWithIDAndVersion(org.sbolstandard.core2.SBOLDocumentTest)

Tests run: 157, Failures: 0, Errors: 4, Skipped: 0

[INFO] ------------------------------------------------------------------------
[INFO] Reactor Summary:
[INFO] 
[INFO] libSBOLj ........................................... SUCCESS [  1.130 s]
[INFO] libSBOLj-core ...................................... SUCCESS [ 18.889 s]
[INFO] libSBOLj-core2 ..................................... FAILURE [ 33.847 s]
[INFO] libSBOLj-examples .................................. SKIPPED
[INFO] ------------------------------------------------------------------------
[INFO] BUILD FAILURE
[INFO] ------------------------------------------------------------------------
[INFO] Total time: 54.028 s
[INFO] Finished at: 2022-02-13T02:14:01+00:00
[INFO] Final Memory: 14M/491M
[INFO] ------------------------------------------------------------------------
[ERROR] Failed to execute goal org.apache.maven.plugins:maven-surefire-plugin:2.12.4:test (default-test) on project libSBOLj-core2: There are test failures.
[ERROR] 
[ERROR] Please refer to /home/travis/build/failed/SynBioDex/libSBOLj/core2/target/surefire-reports for the individual test results.
[ERROR] -> [Help 1]
[ERROR] 
[ERROR] To see the full stack trace of the errors, re-run Maven with the -e switch.
[ERROR] Re-run Maven using the -X switch to enable full debug logging.
[ERROR] 
[ERROR] For more information about the errors and possible solutions, please read the following articles:
[ERROR] [Help 1] http://cwiki.apache.org/confluence/display/MAVEN/MojoFailureException
[ERROR] 
[ERROR] After correcting the problems, you can resume the build with the command
[ERROR]   mvn <goals> -rf :libSBOLj-core2
travis_time:end:02d1b067:start=1644718386711080231,finish=1644718442098150592,duration=55387070361[0K[31;1mThe command "mvn test -Dhttps.protocols=TLSv1.2 -B" exited with 1.[0m



Done. Your build exited with 1.
