travis_fold:start:system_info[0K[33;1mBuild system information[0m
Build language: java
Build group: stable
Build dist: trusty
Build id: ''
Job id: ''
[34m[1mBuild image provisioning date and time[0m
Tue Dec  5 20:11:19 UTC 2017
[34m[1mOperating System Details[0m
Distributor ID:	Ubuntu
Description:	Ubuntu 14.04.5 LTS
Release:	14.04
Codename:	trusty
[34m[1mCookbooks Version[0m
7c2c6a6 https://github.com/travis-ci/travis-cookbooks/tree/7c2c6a6
[34m[1mgit version[0m
git version 2.15.1
[34m[1mbash version[0m
GNU bash, version 4.3.11(1)-release (x86_64-pc-linux-gnu)
[34m[1mgcc version[0m
gcc (Ubuntu 4.8.4-2ubuntu1~14.04.3) 4.8.4
Copyright (C) 2013 Free Software Foundation, Inc.
This is free software; see the source for copying conditions.  There is NO
warranty; not even for MERCHANTABILITY or FITNESS FOR A PARTICULAR PURPOSE.

[34m[1mdocker version[0m
Client:
 Version:      17.09.0-ce
 API version:  1.32
 Go version:   go1.8.3
 Git commit:   afdb6d4
 Built:        Tue Sep 26 22:39:28 2017
 OS/Arch:      linux/amd64
[34m[1mclang version[0m
clang version 5.0.0 (tags/RELEASE_500/final)
Target: x86_64-unknown-linux-gnu
Thread model: posix
InstalledDir: /usr/local/clang-5.0.0/bin
[34m[1mjq version[0m
jq-1.5
[34m[1mbats version[0m
Bats 0.4.0
[34m[1mshellcheck version[0m
0.4.6
[34m[1mshfmt version[0m
v2.0.0
[34m[1mccache version[0m
ccache version 3.1.9

Copyright (C) 2002-2007 Andrew Tridgell
Copyright (C) 2009-2011 Joel Rosdahl

This program is free software; you can redistribute it and/or modify it under
the terms of the GNU General Public License as published by the Free Software
Foundation; either version 3 of the License, or (at your option) any later
version.
[34m[1mcmake version[0m
cmake version 3.9.2

CMake suite maintained and supported by Kitware (kitware.com/cmake).
[34m[1mheroku version[0m
heroku-cli/6.14.39-addc925 (linux-x64) node-v9.2.0
[34m[1mimagemagick version[0m
Version: ImageMagick 6.7.7-10 2017-07-31 Q16 http://www.imagemagick.org
[34m[1mmd5deep version[0m
4.2
[34m[1mmercurial version[0m
Mercurial Distributed SCM (version 4.2.2)
(see https://mercurial-scm.org for more information)

Copyright (C) 2005-2017 Matt Mackall and others
This is free software; see the source for copying conditions. There is NO
warranty; not even for MERCHANTABILITY or FITNESS FOR A PARTICULAR PURPOSE.
[34m[1mmysql version[0m
mysql  Ver 14.14 Distrib 5.6.33, for debian-linux-gnu (x86_64) using  EditLine wrapper
[34m[1mopenssl version[0m
OpenSSL 1.0.1f 6 Jan 2014
[34m[1mpacker version[0m
Packer v1.0.2

Your version of Packer is out of date! The latest version
is 1.1.2. You can update by downloading from www.packer.io
[34m[1mpostgresql client version[0m
psql (PostgreSQL) 9.6.6
[34m[1mragel version[0m
Ragel State Machine Compiler version 6.8 Feb 2013
Copyright (c) 2001-2009 by Adrian Thurston
[34m[1msubversion version[0m
svn, version 1.8.8 (r1568071)
   compiled Aug 10 2017, 17:20:39 on x86_64-pc-linux-gnu

Copyright (C) 2013 The Apache Software Foundation.
This software consists of contributions made by many people;
see the NOTICE file for more information.
Subversion is open source software, see http://subversion.apache.org/

The following repository access (RA) modules are available:

* ra_svn : Module for accessing a repository using the svn network protocol.
  - with Cyrus SASL authentication
  - handles 'svn' scheme
* ra_local : Module for accessing a repository on local disk.
  - handles 'file' scheme
* ra_serf : Module for accessing a repository via WebDAV protocol using serf.
  - using serf 1.3.3
  - handles 'http' scheme
  - handles 'https' scheme

[34m[1msudo version[0m
Sudo version 1.8.9p5
Configure options: --prefix=/usr -v --with-all-insults --with-pam --with-fqdn --with-logging=syslog --with-logfac=authpriv --with-env-editor --with-editor=/usr/bin/editor --with-timeout=15 --with-password-timeout=0 --with-passprompt=[sudo] password for %p:  --without-lecture --with-tty-tickets --disable-root-mailer --enable-admin-flag --with-sendmail=/usr/sbin/sendmail --with-timedir=/var/lib/sudo --mandir=/usr/share/man --libexecdir=/usr/lib/sudo --with-sssd --with-sssd-lib=/usr/lib/x86_64-linux-gnu --with-selinux
Sudoers policy plugin version 1.8.9p5
Sudoers file grammar version 43

Sudoers path: /etc/sudoers
Authentication methods: 'pam'
Syslog facility if syslog is being used for logging: authpriv
Syslog priority to use when user authenticates successfully: notice
Syslog priority to use when user authenticates unsuccessfully: alert
Send mail if the user is not in sudoers
Use a separate timestamp for each user/tty combo
Lecture user the first time they run sudo
Root may run sudo
Allow some information gathering to give useful error messages
Require fully-qualified hostnames in the sudoers file
Visudo will honor the EDITOR environment variable
Set the LOGNAME and USER environment variables
Length at which to wrap log file lines (0 for no wrap): 80
Authentication timestamp timeout: 15.0 minutes
Password prompt timeout: 0.0 minutes
Number of tries to enter a password: 3
Umask to use or 0777 to use user's: 022
Path to mail program: /usr/sbin/sendmail
Flags for mail program: -t
Address to send mail to: root
Subject line for mail messages: *** SECURITY information for %h ***
Incorrect password message: Sorry, try again.
Path to authentication timestamp dir: /var/lib/sudo
Default password prompt: [sudo] password for %p: 
Default user to run commands as: root
Value to override user's $PATH with: /usr/local/sbin:/usr/local/bin:/usr/sbin:/usr/bin:/sbin:/bin:/snap/bin
Path to the editor for use by visudo: /usr/bin/editor
When to require a password for 'list' pseudocommand: any
When to require a password for 'verify' pseudocommand: all
File descriptors >= 3 will be closed before executing a command
Environment variables to check for sanity:
	TZ
	TERM
	LINGUAS
	LC_*
	LANGUAGE
	LANG
	COLORTERM
Environment variables to remove:
	RUBYOPT
	RUBYLIB
	PYTHONUSERBASE
	PYTHONINSPECT
	PYTHONPATH
	PYTHONHOME
	TMPPREFIX
	ZDOTDIR
	READNULLCMD
	NULLCMD
	FPATH
	PERL5DB
	PERL5OPT
	PERL5LIB
	PERLLIB
	PERLIO_DEBUG 
	JAVA_TOOL_OPTIONS
	SHELLOPTS
	GLOBIGNORE
	PS4
	BASH_ENV
	ENV
	TERMCAP
	TERMPATH
	TERMINFO_DIRS
	TERMINFO
	_RLD*
	LD_*
	PATH_LOCALE
	NLSPATH
	HOSTALIASES
	RES_OPTIONS
	LOCALDOMAIN
	CDPATH
	IFS
Environment variables to preserve:
	JAVA_HOME
	TRAVIS
	CI
	DEBIAN_FRONTEND
	XAUTHORIZATION
	XAUTHORITY
	PS2
	PS1
	PATH
	LS_COLORS
	KRB5CCNAME
	HOSTNAME
	HOME
	DISPLAY
	COLORS
Locale to use while parsing sudoers: C
Directory in which to store input/output logs: /var/log/sudo-io
File in which to store the input/output log: %{seq}
Add an entry to the utmp/utmpx file when allocating a pty
PAM service name to use
PAM service name to use for login shells
Create a new PAM session for the command to run in
Maximum I/O log sequence number: 0

Local IP address and netmask pairs:
	172.17.0.2/255.255.0.0

Sudoers I/O plugin version 1.8.9p5
[34m[1mgzip version[0m
gzip 1.6
Copyright (C) 2007, 2010, 2011 Free Software Foundation, Inc.
Copyright (C) 1993 Jean-loup Gailly.
This is free software.  You may redistribute copies of it under the terms of
the GNU General Public License <http://www.gnu.org/licenses/gpl.html>.
There is NO WARRANTY, to the extent permitted by law.

Written by Jean-loup Gailly.
[34m[1mzip version[0m
Copyright (c) 1990-2008 Info-ZIP - Type 'zip "-L"' for software license.
This is Zip 3.0 (July 5th 2008), by Info-ZIP.
Currently maintained by E. Gordon.  Please send bug reports to
the authors using the web page at www.info-zip.org; see README for details.

Latest sources and executables are at ftp://ftp.info-zip.org/pub/infozip,
as of above date; see http://www.info-zip.org/ for other sites.

Compiled with gcc 4.8.2 for Unix (Linux ELF) on Oct 21 2013.

Zip special compilation options:
	USE_EF_UT_TIME       (store Universal Time)
	BZIP2_SUPPORT        (bzip2 library version 1.0.6, 6-Sept-2010)
	    bzip2 code and library copyright (c) Julian R Seward
	    (See the bzip2 license for terms of use)
	SYMLINK_SUPPORT      (symbolic links supported)
	LARGE_FILE_SUPPORT   (can read and write large files on file system)
	ZIP64_SUPPORT        (use Zip64 to store large files in archives)
	UNICODE_SUPPORT      (store and read UTF-8 Unicode paths)
	STORE_UNIX_UIDs_GIDs (store UID/GID sizes/values using new extra field)
	UIDGID_NOT_16BIT     (old Unix 16-bit UID/GID extra field not used)
	[encryption, version 2.91 of 05 Jan 2007] (modified for Zip 3)

Encryption notice:
	The encryption code of this program is not copyrighted and is
	put in the public domain.  It was originally written in Europe
	and, to the best of our knowledge, can be freely distributed
	in both source and object forms from any country, including
	the USA under License Exception TSU of the U.S. Export
	Administration Regulations (section 740.13(e)) of 6 June 2002.

Zip environment options:
             ZIP:  [none]
          ZIPOPT:  [none]
[34m[1mvim version[0m
VIM - Vi IMproved 7.4 (2013 Aug 10, compiled Nov 24 2016 16:43:18)
Included patches: 1-52
Extra patches: 8.0.0056
Modified by pkg-vim-maintainers@lists.alioth.debian.org
Compiled by buildd@
Huge version without GUI.  Features included (+) or not (-):
+acl             +farsi           +mouse_netterm   +syntax
+arabic          +file_in_path    +mouse_sgr       +tag_binary
+autocmd         +find_in_path    -mouse_sysmouse  +tag_old_static
-balloon_eval    +float           +mouse_urxvt     -tag_any_white
-browse          +folding         +mouse_xterm     -tcl
++builtin_terms  -footer          +multi_byte      +terminfo
+byte_offset     +fork()          +multi_lang      +termresponse
+cindent         +gettext         -mzscheme        +textobjects
-clientserver    -hangul_input    +netbeans_intg   +title
-clipboard       +iconv           +path_extra      -toolbar
+cmdline_compl   +insert_expand   -perl            +user_commands
+cmdline_hist    +jumplist        +persistent_undo +vertsplit
+cmdline_info    +keymap          +postscript      +virtualedit
+comments        +langmap         +printer         +visual
+conceal         +libcall         +profile         +visualextra
+cryptv          +linebreak       +python          +viminfo
+cscope          +lispindent      -python3         +vreplace
+cursorbind      +listcmds        +quickfix        +wildignore
+cursorshape     +localmap        +reltime         +wildmenu
+dialog_con      -lua             +rightleft       +windows
+diff            +menu            -ruby            +writebackup
+digraphs        +mksession       +scrollbind      -X11
-dnd             +modify_fname    +signs           -xfontset
-ebcdic          +mouse           +smartindent     -xim
+emacs_tags      -mouseshape      -sniff           -xsmp
+eval            +mouse_dec       +startuptime     -xterm_clipboard
+ex_extra        +mouse_gpm       +statusline      -xterm_save
+extra_search    -mouse_jsbterm   -sun_workshop    -xpm
   system vimrc file: "$VIM/vimrc"
     user vimrc file: "$HOME/.vimrc"
 2nd user vimrc file: "~/.vim/vimrc"
      user exrc file: "$HOME/.exrc"
  fall-back for $VIM: "/usr/share/vim"
Compilation: gcc -c -I. -Iproto -DHAVE_CONFIG_H     -g -O2 -fstack-protector --param=ssp-buffer-size=4 -Wformat -Werror=format-security -U_FORTIFY_SOURCE -D_FORTIFY_SOURCE=1      
Linking: gcc   -Wl,-Bsymbolic-functions -Wl,-z,relro -Wl,--as-needed -o vim        -lm -ltinfo -lnsl  -lselinux  -lacl -lattr -lgpm -ldl    -L/usr/lib/python2.7/config-x86_64-linux-gnu -lpython2.7 -lpthread -ldl -lutil -lm -Xlinker -export-dynamic -Wl,-O1 -Wl,-Bsymbolic-functions      
[34m[1miptables version[0m
iptables v1.4.21
[34m[1mcurl version[0m
curl 7.35.0 (x86_64-pc-linux-gnu) libcurl/7.35.0 OpenSSL/1.0.1f zlib/1.2.8 libidn/1.28 librtmp/2.3
[34m[1mwget version[0m
GNU Wget 1.15 built on linux-gnu.
[34m[1mrsync version[0m
rsync  version 3.1.0  protocol version 31
[34m[1mgimme version[0m
v1.2.0
[34m[1mnvm version[0m
0.33.6
[34m[1mperlbrew version[0m
/home/travis/perl5/perlbrew/bin/perlbrew  - App::perlbrew/0.80
[34m[1mphpenv version[0m
rbenv 1.1.1-25-g6aa70b6
[34m[1mrvm version[0m
rvm 1.29.3 (latest) by Michal Papis, Piotr Kuczynski, Wayne E. Seguin [https://rvm.io]
[34m[1mdefault ruby version[0m
ruby 2.4.1p111 (2017-03-22 revision 58053) [x86_64-linux]
[34m[1mCouchDB version[0m
couchdb 1.6.1
[34m[1mElasticSearch version[0m
5.5.0
[34m[1mInstalled Firefox version[0m
firefox 56.0.2
[34m[1mMongoDB version[0m
MongoDB 3.4.10
[34m[1mPhantomJS version[0m
2.1.1
[34m[1mPre-installed PostgreSQL versions[0m
9.2.24
9.3.20
9.4.15
9.5.10
9.6.6
[34m[1mRabbitMQ Version[0m
3.6.14
[34m[1mRedis version[0m
redis-server 4.0.6
[34m[1mriak version[0m
2.2.3
[34m[1mPre-installed Go versions[0m
1.7.4
[34m[1mant version[0m
Apache Ant(TM) version 1.9.3 compiled on April 8 2014
[34m[1mmvn version[0m
Apache Maven 3.5.2 (138edd61fd100ec658bfa2d307c43b76940a5d7d; 2017-10-18T07:58:13Z)
Maven home: /usr/local/maven-3.5.2
Java version: 1.8.0_151, vendor: Oracle Corporation
Java home: /usr/lib/jvm/java-8-oracle/jre
Default locale: en_US, platform encoding: UTF-8
OS name: "linux", version: "4.4.0-101-generic", arch: "amd64", family: "unix"
[34m[1mgradle version[0m

------------------------------------------------------------
Gradle 4.0.1
------------------------------------------------------------

Build time:   2017-07-07 14:02:41 UTC
Revision:     38e5dc0f772daecca1d2681885d3d85414eb6826

Groovy:       2.4.11
Ant:          Apache Ant(TM) version 1.9.6 compiled on June 29 2015
JVM:          1.8.0_151 (Oracle Corporation 25.151-b12)
OS:           Linux 4.4.0-101-generic amd64

[34m[1mlein version[0m
Leiningen 2.8.1 on Java 1.8.0_151 Java HotSpot(TM) 64-Bit Server VM
[34m[1mPre-installed Node.js versions[0m
v4.8.6
v6.12.0
v6.12.1
v8.9
v8.9.1
[34m[1mphpenv versions[0m
  system
  5.6
* 5.6.32 (set by /home/travis/.phpenv/version)
  7.0
  7.0.25
  7.1
  7.1.11
  hhvm
  hhvm-stable
[34m[1mcomposer --version[0m
Composer version 1.5.2 2017-09-11 16:59:25
[34m[1mPre-installed Ruby versions[0m
ruby-2.2.7
ruby-2.3.4
ruby-2.4.1
travis_fold:end:system_info[0K
grep: /etc/apt/sources.list.d/*: No such file or directory
sed: cannot rename /etc/hosts: Device or resource busy
sed: cannot rename /etc/hosts: Device or resource busy
$ jdk_switcher use oraclejdk8
Switching to Oracle JDK8 (java-8-oracle), JAVA_HOME will be set to /usr/lib/jvm/java-8-oracle
$ cd passed/brianfrankcooper/YCSB
travis_fold:start:services[0Ktravis_time:start:03c97318[0K$ sudo service mongod start
initctl: Unable to connect to Upstart: Failed to connect to socket /com/ubuntu/upstart: Connection refused
mongod: unrecognized service

travis_time:end:03c97318:start=1642645404387495021,finish=1642645404413682105,duration=26187084[0Ktravis_fold:end:services[0K$ java -Xmx32m -version
Picked up _JAVA_OPTIONS: -Xmx2048m -Xms512m
java version "1.8.0_151"
Java(TM) SE Runtime Environment (build 1.8.0_151-b12)
Java HotSpot(TM) 64-Bit Server VM (build 25.151-b12, mixed mode)
$ javac -J-Xmx32m -version
Picked up _JAVA_OPTIONS: -Xmx2048m -Xms512m
javac 1.8.0_151
travis_fold:start:install[0Ktravis_time:start:046e612c[0K$ mvn -o install -Dhttps.protocols=TLSv1.2 -q -DskipTests=true
Picked up _JAVA_OPTIONS: -Xmx2048m -Xms512m
[INFO] Skipping plugin execution
[INFO] Skipping plugin execution

travis_time:end:046e612c:start=1642645409828273826,finish=1642646930655564921,duration=1520827291095[0Ktravis_fold:end:install[0Ktravis_time:start:195d813e[0K$ mvn test -Dhttps.protocols=TLSv1.2 -q
Picked up _JAVA_OPTIONS: -Xmx2048m -Xms512m

-------------------------------------------------------
 T E S T S
-------------------------------------------------------
Picked up _JAVA_OPTIONS: -Xmx2048m -Xms512m
Running TestSuite
Configuring TestNG with: org.apache.maven.surefire.testng.conf.TestNGMapConfigurator@255316f2
Tests run: 40, Failures: 0, Errors: 0, Skipped: 0, Time elapsed: 8.867 sec

Results :

Tests run: 40, Failures: 0, Errors: 0, Skipped: 0


-------------------------------------------------------
 T E S T S
-------------------------------------------------------
Picked up _JAVA_OPTIONS: -Xmx2048m -Xms512m
Running com.yahoo.ycsb.db.accumulo.AccumuloTest
2022/01/20 02:49:47 WARN  org.apache.accumulo.core.client.impl.ServerClient  - There are no tablet servers: check that zookeeper and accumulo are running.
Using 20 threads to write data
Using 20 threads to write data
Using 20 threads to write data
Using 20 threads to write data
Using 20 threads to write data
Tests run: 5, Failures: 0, Errors: 0, Skipped: 0, Time elapsed: 114.648 sec

Results :

Tests run: 5, Failures: 0, Errors: 0, Skipped: 0

2022/01/20 02:51:42 WARN  org.apache.hadoop.util.NativeCodeLoader  - Unable to load native-hadoop library for your platform... using builtin-java classes where applicable
Formatting using clusterid: testClusterID
2022/01/20 02:52:00 WARN  org.apache.hadoop.metrics2.impl.MetricsConfig  - Cannot locate configuration: tried hadoop-metrics2-namenode.properties,hadoop-metrics2.properties
2022/01/20 02:52:03 WARN  org.apache.hadoop.security.authentication.server.AuthenticationFilter  - 'signature.secret' configuration not set, using a random value as secret
2022/01/20 02:52:44 WARN  org.apache.hadoop.hbase.ZNodeClearer  - Environment variable HBASE_ZNODE_FILE not set; znodes will not be cleared on crash by start scripts (Longer MTTR!)
2022/01/20 02:52:47 WARN  org.apache.hadoop.hbase.HTableDescriptor  - Use addCoprocessor* methods to add a coprocessor instead
2022/01/20 02:52:50 WARN  org.apache.hadoop.hbase.ZNodeClearer  - Environment variable HBASE_ZNODE_FILE not set; znodes will not be cleared on crash by start scripts (Longer MTTR!)
2022/01/20 02:53:16 WARN  org.apache.hadoop.hbase.master.TableLockManager  - Could not delete the znode for table locks because NOTEMPTY: /hbase/table-lock/usertable
2022/01/20 02:53:25 WARN  org.apache.hadoop.hbase.master.TableLockManager  - Could not delete the znode for table locks because NOTEMPTY: /hbase/table-lock/usertable
2022/01/20 02:53:31 WARN  org.apache.hadoop.hbase.master.TableLockManager  - Could not delete the znode for table locks because NOTEMPTY: /hbase/table-lock/usertable
2022/01/20 02:53:44 WARN  org.apache.zookeeper.server.NIOServerCnxn  - caught end of stream exception
EndOfStreamException: Unable to read additional data from client sessionid 0x17e756664d20005, likely client has closed socket
	at org.apache.zookeeper.server.NIOServerCnxn.doIO(NIOServerCnxn.java:220)
	at org.apache.zookeeper.server.NIOServerCnxnFactory.run(NIOServerCnxnFactory.java:208)
	at java.lang.Thread.run(Thread.java:748)
2022/01/20 02:53:44 WARN  org.apache.hadoop.hdfs.server.datanode.DirectoryScanner  - DirectoryScanner: shutdown has been called
2022/01/20 02:53:44 WARN  org.apache.hadoop.hdfs.server.datanode.DataNode  - BPOfferService for Block pool BP-1494128651-172.17.0.32-1642647113996 (Datanode Uuid 4495eee2-602e-4897-acb1-3bb622baf671) service to localhost/127.0.0.1:40949 interrupted
2022/01/20 02:53:44 WARN  org.apache.hadoop.hdfs.server.datanode.DataNode  - Ending block pool service for: Block pool BP-1494128651-172.17.0.32-1642647113996 (Datanode Uuid 4495eee2-602e-4897-acb1-3bb622baf671) service to localhost/127.0.0.1:40949
2022/01/20 02:53:44 WARN  org.apache.hadoop.hdfs.server.blockmanagement.DecommissionManager  - Monitor interrupted: java.lang.InterruptedException: sleep interrupted
Picked up _JAVA_OPTIONS: -Xmx2048m -Xms512m

-------------------------------------------------------
 T E S T S
-------------------------------------------------------
Running com.yahoo.ycsb.db.CassandraCQLClientTest
[main] INFO org.apache.cassandra.config.YamlConfigurationLoader - Configuration location: file:/home/travis/build/passed/brianfrankcooper/YCSB/cassandra/target/embeddedCassandra/cu-cassandra.yaml
[main] INFO org.apache.cassandra.config.YamlConfigurationLoader - Node configuration:[authenticator=AllowAllAuthenticator; authorizer=AllowAllAuthorizer; auto_snapshot=false; cas_contention_timeout_in_ms=1000; cluster_name=Test Cluster; column_index_size_in_kb=64; commitlog_directory=target/embeddedCassandra/commitlog; commitlog_segment_size_in_mb=32; commitlog_sync=periodic; commitlog_sync_period_in_ms=10000; compaction_throughput_mb_per_sec=16; concurrent_reads=32; concurrent_writes=32; cross_node_timeout=false; data_file_directories=[target/embeddedCassandra/data]; disk_failure_policy=stop; dynamic_snitch_badness_threshold=0.1; dynamic_snitch_reset_interval_in_ms=600000; dynamic_snitch_update_interval_in_ms=100; encryption_options={internode_encryption=none, keystore=conf/.keystore, keystore_password=cassandra, truststore=conf/.truststore, truststore_password=cassandra}; endpoint_snitch=SimpleSnitch; hinted_handoff_enabled=true; hinted_handoff_throttle_in_kb=1024; hints_directory=target/embeddedCassandra/hints; incremental_backups=false; index_interval=128; key_cache_save_period=14400; key_cache_size_in_mb=null; listen_address=127.0.0.1; max_hint_window_in_ms=10800000; max_hints_delivery_threads=2; native_transport_port=9142; partitioner=org.apache.cassandra.dht.Murmur3Partitioner; permissions_validity_in_ms=2000; range_request_timeout_in_ms=10000; read_request_timeout_in_ms=5000; request_scheduler=org.apache.cassandra.scheduler.NoScheduler; request_timeout_in_ms=10000; row_cache_save_period=0; row_cache_size_in_mb=0; rpc_address=localhost; rpc_keepalive=true; rpc_port=9171; rpc_server_type=sync; saved_caches_directory=target/embeddedCassandra/saved_caches; seed_provider=[{class_name=org.apache.cassandra.locator.SimpleSeedProvider, parameters=[{seeds=127.0.0.1}]}]; snapshot_before_compaction=false; ssl_storage_port=7011; start_native_transport=true; start_rpc=true; storage_port=7010; thrift_framed_transport_size_in_mb=15; thrift_max_message_length_in_mb=16; trickle_fsync=false; trickle_fsync_interval_in_kb=10240; truncate_request_timeout_in_ms=60000; write_request_timeout_in_ms=2000]
[main] INFO org.apache.cassandra.config.DatabaseDescriptor - DiskAccessMode 'auto' determined to be mmap, indexAccessMode is mmap
[main] INFO org.apache.cassandra.config.DatabaseDescriptor - Global memtable on-heap threshold is enabled at 455MB
[main] INFO org.apache.cassandra.config.DatabaseDescriptor - Global memtable off-heap threshold is enabled at 455MB
[main] WARN org.apache.cassandra.config.DatabaseDescriptor - Please rename encryption_options as server_encryption_options in the yaml
[main] INFO org.apache.cassandra.config.YamlConfigurationLoader - Node configuration:[authenticator=AllowAllAuthenticator; authorizer=AllowAllAuthorizer; auto_snapshot=false; cas_contention_timeout_in_ms=1000; cluster_name=Test Cluster; column_index_size_in_kb=64; commitlog_directory=target/embeddedCassandra/commitlog; commitlog_segment_size_in_mb=32; commitlog_sync=periodic; commitlog_sync_period_in_ms=10000; compaction_throughput_mb_per_sec=16; concurrent_reads=32; concurrent_writes=32; cross_node_timeout=false; data_file_directories=[target/embeddedCassandra/data]; disk_failure_policy=stop; dynamic_snitch_badness_threshold=0.1; dynamic_snitch_reset_interval_in_ms=600000; dynamic_snitch_update_interval_in_ms=100; encryption_options={internode_encryption=none, keystore=conf/.keystore, keystore_password=cassandra, truststore=conf/.truststore, truststore_password=cassandra}; endpoint_snitch=SimpleSnitch; hinted_handoff_enabled=true; hinted_handoff_throttle_in_kb=1024; hints_directory=target/embeddedCassandra/hints; incremental_backups=false; index_interval=128; key_cache_save_period=14400; key_cache_size_in_mb=null; listen_address=127.0.0.1; max_hint_window_in_ms=10800000; max_hints_delivery_threads=2; native_transport_port=9142; partitioner=org.apache.cassandra.dht.Murmur3Partitioner; permissions_validity_in_ms=2000; range_request_timeout_in_ms=10000; read_request_timeout_in_ms=5000; request_scheduler=org.apache.cassandra.scheduler.NoScheduler; request_timeout_in_ms=10000; row_cache_save_period=0; row_cache_size_in_mb=0; rpc_address=localhost; rpc_keepalive=true; rpc_port=9171; rpc_server_type=sync; saved_caches_directory=target/embeddedCassandra/saved_caches; seed_provider=[{class_name=org.apache.cassandra.locator.SimpleSeedProvider, parameters=[{seeds=127.0.0.1}]}]; snapshot_before_compaction=false; ssl_storage_port=7011; start_native_transport=true; start_rpc=true; storage_port=7010; thrift_framed_transport_size_in_mb=15; thrift_max_message_length_in_mb=16; trickle_fsync=false; trickle_fsync_interval_in_kb=10240; truncate_request_timeout_in_ms=60000; write_request_timeout_in_ms=2000]
[main] INFO org.apache.cassandra.db.commitlog.CommitLog - No commitlog files found; skipping replay
[pool-1-thread-1] INFO org.apache.cassandra.service.CassandraDaemon - Hostname: 6b219d1b918a
[pool-1-thread-1] INFO org.apache.cassandra.service.CassandraDaemon - JVM vendor/version: Java HotSpot(TM) 64-Bit Server VM/1.8.0_151
[pool-1-thread-1] INFO org.apache.cassandra.service.CassandraDaemon - Heap size: 514850816/1908932608
[pool-1-thread-1] INFO org.apache.cassandra.service.CassandraDaemon - Code Cache Non-heap memory: init = 2555904(2496K) used = 6583872(6429K) committed = 6619136(6464K) max = 251658240(245760K)
[pool-1-thread-1] INFO org.apache.cassandra.service.CassandraDaemon - Metaspace Non-heap memory: init = 0(0K) used = 15441736(15079K) committed = 15990784(15616K) max = -1(-1K)
[pool-1-thread-1] INFO org.apache.cassandra.service.CassandraDaemon - Compressed Class Space Non-heap memory: init = 0(0K) used = 1881600(1837K) committed = 2097152(2048K) max = 1073741824(1048576K)
[pool-1-thread-1] INFO org.apache.cassandra.service.CassandraDaemon - PS Eden Space Heap memory: init = 134742016(131584K) used = 99711760(97374K) committed = 134742016(131584K) max = 671612928(655872K)
[pool-1-thread-1] INFO org.apache.cassandra.service.CassandraDaemon - PS Survivor Space Heap memory: init = 22020096(21504K) used = 0(0K) committed = 22020096(21504K) max = 22020096(21504K)
[pool-1-thread-1] INFO org.apache.cassandra.service.CassandraDaemon - PS Old Gen Heap memory: init = 358088704(349696K) used = 0(0K) committed = 358088704(349696K) max = 1431830528(1398272K)
[pool-1-thread-1] INFO org.apache.cassandra.service.CassandraDaemon - Classpath: /home/travis/build/passed/brianfrankcooper/YCSB/cassandra/target/test-classes:/home/travis/build/passed/brianfrankcooper/YCSB/cassandra/target/classes:/home/travis/.m2/passed/com/datastax/cassandra/cassandra-driver-core/3.0.0/cassandra-driver-core-3.0.0.jar:/home/travis/.m2/passed/io/netty/netty-handler/4.0.33.Final/netty-handler-4.0.33.Final.jar:/home/travis/.m2/passed/io/netty/netty-buffer/4.0.33.Final/netty-buffer-4.0.33.Final.jar:/home/travis/.m2/passed/io/netty/netty-common/4.0.33.Final/netty-common-4.0.33.Final.jar:/home/travis/.m2/passed/io/netty/netty-transport/4.0.33.Final/netty-transport-4.0.33.Final.jar:/home/travis/.m2/passed/io/netty/netty-codec/4.0.33.Final/netty-codec-4.0.33.Final.jar:/home/travis/.m2/passed/com/google/guava/guava/16.0.1/guava-16.0.1.jar:/home/travis/.m2/passed/io/dropwizard/metrics/metrics-core/3.1.2/metrics-core-3.1.2.jar:/home/travis/build/passed/brianfrankcooper/YCSB/core/target/classes:/home/travis/.m2/passed/org/apache/htrace/htrace-core4/4.1.0-incubating/htrace-core4-4.1.0-incubating.jar:/home/travis/.m2/passed/org/codehaus/jackson/jackson-mapper-asl/1.9.4/jackson-mapper-asl-1.9.4.jar:/home/travis/.m2/passed/org/codehaus/jackson/jackson-core-asl/1.9.4/jackson-core-asl-1.9.4.jar:/home/travis/.m2/passed/org/hdrhistogram/HdrHistogram/2.1.4/HdrHistogram-2.1.4.jar:/home/travis/.m2/passed/org/cassandraunit/cassandra-unit/3.0.0.1/cassandra-unit-3.0.0.1-shaded.jar:/home/travis/.m2/passed/org/apache/cassandra/cassandra-all/3.4/cassandra-all-3.4.jar:/home/travis/.m2/passed/org/xerial/snappy/snappy-java/1.1.1.7/snappy-java-1.1.1.7.jar:/home/travis/.m2/passed/net/jpountz/lz4/lz4/1.3.0/lz4-1.3.0.jar:/home/travis/.m2/passed/com/ning/compress-lzf/0.8.4/compress-lzf-0.8.4.jar:/home/travis/.m2/passed/commons-cli/commons-cli/1.1/commons-cli-1.1.jar:/home/travis/.m2/passed/commons-codec/commons-codec/1.2/commons-codec-1.2.jar:/home/travis/.m2/passed/org/apache/commons/commons-math3/3.2/commons-math3-3.2.jar:/home/travis/.m2/passed/com/googlecode/concurrentlinkedhashmap/concurrentlinkedhashmap-lru/1.4/concurrentlinkedhashmap-lru-1.4.jar:/home/travis/.m2/passed/org/antlr/antlr/3.5.2/antlr-3.5.2.jar:/home/travis/.m2/passed/org/antlr/ST4/4.0.8/ST4-4.0.8.jar:/home/travis/.m2/passed/org/antlr/antlr-runtime/3.5.2/antlr-runtime-3.5.2.jar:/home/travis/.m2/passed/org/slf4j/jcl-over-slf4j/1.7.7/jcl-over-slf4j-1.7.7.jar:/home/travis/.m2/passed/com/googlecode/json-simple/json-simple/1.1/json-simple-1.1.jar:/home/travis/.m2/passed/com/boundary/high-scale-lib/1.0.6/high-scale-lib-1.0.6.jar:/home/travis/.m2/passed/org/yaml/snakeyaml/1.11/snakeyaml-1.11.jar:/home/travis/.m2/passed/org/mindrot/jbcrypt/0.3m/jbcrypt-0.3m.jar:/home/travis/.m2/passed/com/addthis/metrics/reporter-config3/3.0.0/reporter-config3-3.0.0.jar:/home/travis/.m2/passed/com/addthis/metrics/reporter-config-base/3.0.0/reporter-config-base-3.0.0.jar:/home/travis/.m2/passed/com/thinkaurelius/thrift/thrift-server/0.3.7/thrift-server-0.3.7.jar:/home/travis/.m2/passed/com/lmax/disruptor/3.0.1/disruptor-3.0.1.jar:/home/travis/.m2/passed/com/clearspring/analytics/stream/2.5.2/stream-2.5.2.jar:/home/travis/.m2/passed/it/unimi/dsi/fastutil/6.5.7/fastutil-6.5.7.jar:/home/travis/.m2/passed/org/apache/thrift/libthrift/0.9.2/libthrift-0.9.2.jar:/home/travis/.m2/passed/org/apache/cassandra/cassandra-thrift/3.4/cassandra-thrift-3.4.jar:/home/travis/.m2/passed/com/carrotsearch/hppc/0.5.4/hppc-0.5.4.jar:/home/travis/.m2/passed/de/jflex/jflex/1.6.0/jflex-1.6.0.jar:/home/travis/.m2/passed/org/apache/ant/ant/1.7.0/ant-1.7.0.jar:/home/travis/.m2/passed/org/apache/ant/ant-launcher/1.7.0/ant-launcher-1.7.0.jar:/home/travis/.m2/passed/net/mintern/primitive/1.0/primitive-1.0.jar:/home/travis/.m2/passed/com/github/rholder/snowball-stemmer/1.3.0.581.1/snowball-stemmer-1.3.0.581.1.jar:/home/travis/.m2/passed/com/googlecode/concurrent-trees/concurrent-trees/2.4.0/concurrent-trees-2.4.0.jar:/home/travis/.m2/passed/net/java/dev/jna/jna/4.0.0/jna-4.0.0.jar:/home/travis/.m2/passed/com/github/jbellis/jamm/0.3.0/jamm-0.3.0.jar:/home/travis/.m2/passed/joda-time/joda-time/2.4/joda-time-2.4.jar:/home/travis/.m2/passed/org/fusesource/sigar/1.6.4/sigar-1.6.4.jar:/home/travis/.m2/passed/org/eclipse/jdt/core/compiler/ecj/4.4.2/ecj-4.4.2.jar:/home/travis/.m2/passed/org/caffinitas/ohc/ohc-core/0.4.2/ohc-core-0.4.2.jar:/home/travis/.m2/passed/org/apache/commons/commons-lang3/3.4/commons-lang3-3.4.jar:/home/travis/.m2/passed/org/hamcrest/hamcrest-core/1.3/hamcrest-core-1.3.jar:/home/travis/.m2/passed/org/hamcrest/hamcrest-library/1.3/hamcrest-library-1.3.jar:/home/travis/.m2/passed/org/slf4j/slf4j-api/1.6.4/slf4j-api-1.6.4.jar:/home/travis/.m2/passed/org/slf4j/slf4j-simple/1.7.21/slf4j-simple-1.7.21.jar:/home/travis/.m2/passed/junit/junit/4.12/junit-4.12.jar:
[pool-1-thread-1] INFO org.apache.cassandra.service.CassandraDaemon - JVM Arguments: [-Djava.library.path=/home/travis/build/passed/brianfrankcooper/YCSB/cassandra/target/cassandra-dependency/hyperic-sigar-1.6.4/sigar-bin/lib, -Xmx2048m, -Xms512m]
[pool-1-thread-1] WARN org.apache.cassandra.utils.CLibrary - Unable to lock JVM memory (ENOMEM). This can result in part of the JVM being swapped out, especially with mmapped I/O enabled. Increase RLIMIT_MEMLOCK or run Cassandra as root.
[pool-1-thread-1] WARN org.apache.cassandra.service.StartupChecks - jemalloc shared library could not be preloaded to speed up memory allocations
[pool-1-thread-1] WARN org.apache.cassandra.service.StartupChecks - JMX is not enabled to receive remote connections. Please see cassandra-env.sh for more info.
[pool-1-thread-1] ERROR org.apache.cassandra.service.StartupChecks - cassandra.jmx.local.port missing from cassandra-env.sh, unable to start local JMX service.
[pool-1-thread-1] INFO org.apache.cassandra.utils.SigarLibrary - Initializing SIGAR library
[pool-1-thread-1] WARN org.apache.cassandra.utils.SigarLibrary - Cassandra server running in degraded mode. Is swap disabled? : false,  Address space adequate? : true,  nofile limit adequate? : true, nproc limit adequate? : true 
[pool-1-thread-1] INFO org.apache.cassandra.db.ColumnFamilyStore - Initializing system.IndexInfo
[pool-1-thread-1] INFO org.apache.cassandra.db.ColumnFamilyStore - Initializing system.batches
[pool-1-thread-1] INFO org.apache.cassandra.db.ColumnFamilyStore - Initializing system.paxos
[pool-1-thread-1] INFO org.apache.cassandra.db.ColumnFamilyStore - Initializing system.local
[pool-1-thread-1] INFO org.apache.cassandra.db.ColumnFamilyStore - Initializing system.peers
[pool-1-thread-1] INFO org.apache.cassandra.db.ColumnFamilyStore - Initializing system.peer_events
[pool-1-thread-1] INFO org.apache.cassandra.db.ColumnFamilyStore - Initializing system.range_xfers
[pool-1-thread-1] INFO org.apache.cassandra.db.ColumnFamilyStore - Initializing system.compaction_history
[pool-1-thread-1] INFO org.apache.cassandra.db.ColumnFamilyStore - Initializing system.sstable_activity
[pool-1-thread-1] INFO org.apache.cassandra.db.ColumnFamilyStore - Initializing system.size_estimates
[pool-1-thread-1] INFO org.apache.cassandra.db.ColumnFamilyStore - Initializing system.available_ranges
[pool-1-thread-1] INFO org.apache.cassandra.db.ColumnFamilyStore - Initializing system.views_builds_in_progress
[pool-1-thread-1] INFO org.apache.cassandra.db.ColumnFamilyStore - Initializing system.built_views
[pool-1-thread-1] INFO org.apache.cassandra.db.ColumnFamilyStore - Initializing system.hints
[pool-1-thread-1] INFO org.apache.cassandra.db.ColumnFamilyStore - Initializing system.batchlog
[pool-1-thread-1] INFO org.apache.cassandra.db.ColumnFamilyStore - Initializing system.schema_keyspaces
[pool-1-thread-1] INFO org.apache.cassandra.db.ColumnFamilyStore - Initializing system.schema_columnfamilies
[pool-1-thread-1] INFO org.apache.cassandra.db.ColumnFamilyStore - Initializing system.schema_columns
[pool-1-thread-1] INFO org.apache.cassandra.db.ColumnFamilyStore - Initializing system.schema_triggers
[pool-1-thread-1] INFO org.apache.cassandra.db.ColumnFamilyStore - Initializing system.schema_usertypes
[pool-1-thread-1] INFO org.apache.cassandra.db.ColumnFamilyStore - Initializing system.schema_functions
[pool-1-thread-1] INFO org.apache.cassandra.db.ColumnFamilyStore - Initializing system.schema_aggregates
[MemtableFlushWriter:1] INFO org.apache.cassandra.service.CacheService - Initializing key cache with capacity of 24 MBs.
[MemtableFlushWriter:1] INFO org.apache.cassandra.service.CacheService - Initializing row cache with capacity of 0 MBs
[MemtableFlushWriter:1] INFO org.apache.cassandra.service.CacheService - Initializing counter cache with capacity of 12 MBs
[MemtableFlushWriter:1] INFO org.apache.cassandra.service.CacheService - Scheduling counter cache save to every 7200 seconds (going to save all keys).
[pool-1-thread-1] INFO org.apache.cassandra.service.StorageService - Populating token metadata from system tables
[pool-1-thread-1] INFO org.apache.cassandra.utils.memory.BufferPool - Global buffer pool is enabled, when pool is exahusted (max is 512 mb) it will allocate on heap
[pool-1-thread-1] INFO org.apache.cassandra.config.YamlConfigurationLoader - Node configuration:[authenticator=AllowAllAuthenticator; authorizer=AllowAllAuthorizer; auto_snapshot=false; cas_contention_timeout_in_ms=1000; cluster_name=Test Cluster; column_index_size_in_kb=64; commitlog_directory=target/embeddedCassandra/commitlog; commitlog_segment_size_in_mb=32; commitlog_sync=periodic; commitlog_sync_period_in_ms=10000; compaction_throughput_mb_per_sec=16; concurrent_reads=32; concurrent_writes=32; cross_node_timeout=false; data_file_directories=[target/embeddedCassandra/data]; disk_failure_policy=stop; dynamic_snitch_badness_threshold=0.1; dynamic_snitch_reset_interval_in_ms=600000; dynamic_snitch_update_interval_in_ms=100; encryption_options={internode_encryption=none, keystore=conf/.keystore, keystore_password=cassandra, truststore=conf/.truststore, truststore_password=cassandra}; endpoint_snitch=SimpleSnitch; hinted_handoff_enabled=true; hinted_handoff_throttle_in_kb=1024; hints_directory=target/embeddedCassandra/hints; incremental_backups=false; index_interval=128; key_cache_save_period=14400; key_cache_size_in_mb=null; listen_address=127.0.0.1; max_hint_window_in_ms=10800000; max_hints_delivery_threads=2; native_transport_port=9142; partitioner=org.apache.cassandra.dht.Murmur3Partitioner; permissions_validity_in_ms=2000; range_request_timeout_in_ms=10000; read_request_timeout_in_ms=5000; request_scheduler=org.apache.cassandra.scheduler.NoScheduler; request_timeout_in_ms=10000; row_cache_save_period=0; row_cache_size_in_mb=0; rpc_address=localhost; rpc_keepalive=true; rpc_port=9171; rpc_server_type=sync; saved_caches_directory=target/embeddedCassandra/saved_caches; seed_provider=[{class_name=org.apache.cassandra.locator.SimpleSeedProvider, parameters=[{seeds=127.0.0.1}]}]; snapshot_before_compaction=false; ssl_storage_port=7011; start_native_transport=true; start_rpc=true; storage_port=7010; thrift_framed_transport_size_in_mb=15; thrift_max_message_length_in_mb=16; trickle_fsync=false; trickle_fsync_interval_in_kb=10240; truncate_request_timeout_in_ms=60000; write_request_timeout_in_ms=2000]
[pool-1-thread-1] INFO org.apache.cassandra.service.StorageService - Token metadata: 
[pool-1-thread-1] INFO org.apache.cassandra.db.ColumnFamilyStore - Initializing system_schema.keyspaces
[pool-1-thread-1] INFO org.apache.cassandra.db.ColumnFamilyStore - Initializing system_schema.tables
[pool-1-thread-1] INFO org.apache.cassandra.db.ColumnFamilyStore - Initializing system_schema.columns
[pool-1-thread-1] INFO org.apache.cassandra.db.ColumnFamilyStore - Initializing system_schema.triggers
[pool-1-thread-1] INFO org.apache.cassandra.db.ColumnFamilyStore - Initializing system_schema.dropped_columns
[pool-1-thread-1] INFO org.apache.cassandra.db.ColumnFamilyStore - Initializing system_schema.views
[pool-1-thread-1] INFO org.apache.cassandra.db.ColumnFamilyStore - Initializing system_schema.types
[pool-1-thread-1] INFO org.apache.cassandra.db.ColumnFamilyStore - Initializing system_schema.functions
[pool-1-thread-1] INFO org.apache.cassandra.db.ColumnFamilyStore - Initializing system_schema.aggregates
[pool-1-thread-1] INFO org.apache.cassandra.db.ColumnFamilyStore - Initializing system_schema.indexes
[pool-1-thread-1] INFO org.apache.cassandra.cache.AutoSavingCache - Completed loading (3 ms; 3 keys) KeyCache cache
[pool-1-thread-1] INFO org.apache.cassandra.service.StorageService - Populating token metadata from system tables
[pool-1-thread-1] INFO org.apache.cassandra.config.YamlConfigurationLoader - Node configuration:[authenticator=AllowAllAuthenticator; authorizer=AllowAllAuthorizer; auto_snapshot=false; cas_contention_timeout_in_ms=1000; cluster_name=Test Cluster; column_index_size_in_kb=64; commitlog_directory=target/embeddedCassandra/commitlog; commitlog_segment_size_in_mb=32; commitlog_sync=periodic; commitlog_sync_period_in_ms=10000; compaction_throughput_mb_per_sec=16; concurrent_reads=32; concurrent_writes=32; cross_node_timeout=false; data_file_directories=[target/embeddedCassandra/data]; disk_failure_policy=stop; dynamic_snitch_badness_threshold=0.1; dynamic_snitch_reset_interval_in_ms=600000; dynamic_snitch_update_interval_in_ms=100; encryption_options={internode_encryption=none, keystore=conf/.keystore, keystore_password=cassandra, truststore=conf/.truststore, truststore_password=cassandra}; endpoint_snitch=SimpleSnitch; hinted_handoff_enabled=true; hinted_handoff_throttle_in_kb=1024; hints_directory=target/embeddedCassandra/hints; incremental_backups=false; index_interval=128; key_cache_save_period=14400; key_cache_size_in_mb=null; listen_address=127.0.0.1; max_hint_window_in_ms=10800000; max_hints_delivery_threads=2; native_transport_port=9142; partitioner=org.apache.cassandra.dht.Murmur3Partitioner; permissions_validity_in_ms=2000; range_request_timeout_in_ms=10000; read_request_timeout_in_ms=5000; request_scheduler=org.apache.cassandra.scheduler.NoScheduler; request_timeout_in_ms=10000; row_cache_save_period=0; row_cache_size_in_mb=0; rpc_address=localhost; rpc_keepalive=true; rpc_port=9171; rpc_server_type=sync; saved_caches_directory=target/embeddedCassandra/saved_caches; seed_provider=[{class_name=org.apache.cassandra.locator.SimpleSeedProvider, parameters=[{seeds=127.0.0.1}]}]; snapshot_before_compaction=false; ssl_storage_port=7011; start_native_transport=true; start_rpc=true; storage_port=7010; thrift_framed_transport_size_in_mb=15; thrift_max_message_length_in_mb=16; trickle_fsync=false; trickle_fsync_interval_in_kb=10240; truncate_request_timeout_in_ms=60000; write_request_timeout_in_ms=2000]
[pool-1-thread-1] INFO org.apache.cassandra.service.StorageService - Token metadata: 
[pool-1-thread-1] INFO org.apache.cassandra.service.StorageService - Cassandra version: 3.4
[pool-1-thread-1] INFO org.apache.cassandra.service.StorageService - Thrift API version: 20.1.0
[pool-1-thread-1] INFO org.apache.cassandra.service.StorageService - CQL supported versions: 3.4.0 (default: 3.4.0)
[pool-1-thread-1] INFO org.apache.cassandra.io.sstable.IndexSummaryManager - Initializing index summary manager with a memory pool size of 24 MB and a resize interval of 60 minutes
[pool-1-thread-1] INFO org.apache.cassandra.service.StorageService - Loading persisted ring state
[pool-1-thread-1] INFO org.apache.cassandra.config.YamlConfigurationLoader - Node configuration:[authenticator=AllowAllAuthenticator; authorizer=AllowAllAuthorizer; auto_snapshot=false; cas_contention_timeout_in_ms=1000; cluster_name=Test Cluster; column_index_size_in_kb=64; commitlog_directory=target/embeddedCassandra/commitlog; commitlog_segment_size_in_mb=32; commitlog_sync=periodic; commitlog_sync_period_in_ms=10000; compaction_throughput_mb_per_sec=16; concurrent_reads=32; concurrent_writes=32; cross_node_timeout=false; data_file_directories=[target/embeddedCassandra/data]; disk_failure_policy=stop; dynamic_snitch_badness_threshold=0.1; dynamic_snitch_reset_interval_in_ms=600000; dynamic_snitch_update_interval_in_ms=100; encryption_options={internode_encryption=none, keystore=conf/.keystore, keystore_password=cassandra, truststore=conf/.truststore, truststore_password=cassandra}; endpoint_snitch=SimpleSnitch; hinted_handoff_enabled=true; hinted_handoff_throttle_in_kb=1024; hints_directory=target/embeddedCassandra/hints; incremental_backups=false; index_interval=128; key_cache_save_period=14400; key_cache_size_in_mb=null; listen_address=127.0.0.1; max_hint_window_in_ms=10800000; max_hints_delivery_threads=2; native_transport_port=9142; partitioner=org.apache.cassandra.dht.Murmur3Partitioner; permissions_validity_in_ms=2000; range_request_timeout_in_ms=10000; read_request_timeout_in_ms=5000; request_scheduler=org.apache.cassandra.scheduler.NoScheduler; request_timeout_in_ms=10000; row_cache_save_period=0; row_cache_size_in_mb=0; rpc_address=localhost; rpc_keepalive=true; rpc_port=9171; rpc_server_type=sync; saved_caches_directory=target/embeddedCassandra/saved_caches; seed_provider=[{class_name=org.apache.cassandra.locator.SimpleSeedProvider, parameters=[{seeds=127.0.0.1}]}]; snapshot_before_compaction=false; ssl_storage_port=7011; start_native_transport=true; start_rpc=true; storage_port=7010; thrift_framed_transport_size_in_mb=15; thrift_max_message_length_in_mb=16; trickle_fsync=false; trickle_fsync_interval_in_kb=10240; truncate_request_timeout_in_ms=60000; write_request_timeout_in_ms=2000]
[pool-1-thread-1] WARN org.apache.cassandra.db.SystemKeyspace - No host ID found, created d2bf16ea-af9a-40c0-a6ba-274fccec37de (Note: This should happen exactly once per node).
[pool-1-thread-1] INFO org.apache.cassandra.service.StorageService - Starting up server gossip
[pool-1-thread-1] INFO org.apache.cassandra.config.YamlConfigurationLoader - Node configuration:[authenticator=AllowAllAuthenticator; authorizer=AllowAllAuthorizer; auto_snapshot=false; cas_contention_timeout_in_ms=1000; cluster_name=Test Cluster; column_index_size_in_kb=64; commitlog_directory=target/embeddedCassandra/commitlog; commitlog_segment_size_in_mb=32; commitlog_sync=periodic; commitlog_sync_period_in_ms=10000; compaction_throughput_mb_per_sec=16; concurrent_reads=32; concurrent_writes=32; cross_node_timeout=false; data_file_directories=[target/embeddedCassandra/data]; disk_failure_policy=stop; dynamic_snitch_badness_threshold=0.1; dynamic_snitch_reset_interval_in_ms=600000; dynamic_snitch_update_interval_in_ms=100; encryption_options={internode_encryption=none, keystore=conf/.keystore, keystore_password=cassandra, truststore=conf/.truststore, truststore_password=cassandra}; endpoint_snitch=SimpleSnitch; hinted_handoff_enabled=true; hinted_handoff_throttle_in_kb=1024; hints_directory=target/embeddedCassandra/hints; incremental_backups=false; index_interval=128; key_cache_save_period=14400; key_cache_size_in_mb=null; listen_address=127.0.0.1; max_hint_window_in_ms=10800000; max_hints_delivery_threads=2; native_transport_port=9142; partitioner=org.apache.cassandra.dht.Murmur3Partitioner; permissions_validity_in_ms=2000; range_request_timeout_in_ms=10000; read_request_timeout_in_ms=5000; request_scheduler=org.apache.cassandra.scheduler.NoScheduler; request_timeout_in_ms=10000; row_cache_save_period=0; row_cache_size_in_mb=0; rpc_address=localhost; rpc_keepalive=true; rpc_port=9171; rpc_server_type=sync; saved_caches_directory=target/embeddedCassandra/saved_caches; seed_provider=[{class_name=org.apache.cassandra.locator.SimpleSeedProvider, parameters=[{seeds=127.0.0.1}]}]; snapshot_before_compaction=false; ssl_storage_port=7011; start_native_transport=true; start_rpc=true; storage_port=7010; thrift_framed_transport_size_in_mb=15; thrift_max_message_length_in_mb=16; trickle_fsync=false; trickle_fsync_interval_in_kb=10240; truncate_request_timeout_in_ms=60000; write_request_timeout_in_ms=2000]
[pool-1-thread-1] INFO org.apache.cassandra.net.MessagingService - Starting Messaging Service on /127.0.0.1:7010 (lo)
[pool-1-thread-1] INFO org.apache.cassandra.config.YamlConfigurationLoader - Node configuration:[authenticator=AllowAllAuthenticator; authorizer=AllowAllAuthorizer; auto_snapshot=false; cas_contention_timeout_in_ms=1000; cluster_name=Test Cluster; column_index_size_in_kb=64; commitlog_directory=target/embeddedCassandra/commitlog; commitlog_segment_size_in_mb=32; commitlog_sync=periodic; commitlog_sync_period_in_ms=10000; compaction_throughput_mb_per_sec=16; concurrent_reads=32; concurrent_writes=32; cross_node_timeout=false; data_file_directories=[target/embeddedCassandra/data]; disk_failure_policy=stop; dynamic_snitch_badness_threshold=0.1; dynamic_snitch_reset_interval_in_ms=600000; dynamic_snitch_update_interval_in_ms=100; encryption_options={internode_encryption=none, keystore=conf/.keystore, keystore_password=cassandra, truststore=conf/.truststore, truststore_password=cassandra}; endpoint_snitch=SimpleSnitch; hinted_handoff_enabled=true; hinted_handoff_throttle_in_kb=1024; hints_directory=target/embeddedCassandra/hints; incremental_backups=false; index_interval=128; key_cache_save_period=14400; key_cache_size_in_mb=null; listen_address=127.0.0.1; max_hint_window_in_ms=10800000; max_hints_delivery_threads=2; native_transport_port=9142; partitioner=org.apache.cassandra.dht.Murmur3Partitioner; permissions_validity_in_ms=2000; range_request_timeout_in_ms=10000; read_request_timeout_in_ms=5000; request_scheduler=org.apache.cassandra.scheduler.NoScheduler; request_timeout_in_ms=10000; row_cache_save_period=0; row_cache_size_in_mb=0; rpc_address=localhost; rpc_keepalive=true; rpc_port=9171; rpc_server_type=sync; saved_caches_directory=target/embeddedCassandra/saved_caches; seed_provider=[{class_name=org.apache.cassandra.locator.SimpleSeedProvider, parameters=[{seeds=127.0.0.1}]}]; snapshot_before_compaction=false; ssl_storage_port=7011; start_native_transport=true; start_rpc=true; storage_port=7010; thrift_framed_transport_size_in_mb=15; thrift_max_message_length_in_mb=16; trickle_fsync=false; trickle_fsync_interval_in_kb=10240; truncate_request_timeout_in_ms=60000; write_request_timeout_in_ms=2000]
[pool-1-thread-1] INFO org.apache.cassandra.service.StorageService - This node will not auto bootstrap because it is configured to be a seed node.
[pool-1-thread-1] INFO org.apache.cassandra.config.YamlConfigurationLoader - Node configuration:[authenticator=AllowAllAuthenticator; authorizer=AllowAllAuthorizer; auto_snapshot=false; cas_contention_timeout_in_ms=1000; cluster_name=Test Cluster; column_index_size_in_kb=64; commitlog_directory=target/embeddedCassandra/commitlog; commitlog_segment_size_in_mb=32; commitlog_sync=periodic; commitlog_sync_period_in_ms=10000; compaction_throughput_mb_per_sec=16; concurrent_reads=32; concurrent_writes=32; cross_node_timeout=false; data_file_directories=[target/embeddedCassandra/data]; disk_failure_policy=stop; dynamic_snitch_badness_threshold=0.1; dynamic_snitch_reset_interval_in_ms=600000; dynamic_snitch_update_interval_in_ms=100; encryption_options={internode_encryption=none, keystore=conf/.keystore, keystore_password=cassandra, truststore=conf/.truststore, truststore_password=cassandra}; endpoint_snitch=SimpleSnitch; hinted_handoff_enabled=true; hinted_handoff_throttle_in_kb=1024; hints_directory=target/embeddedCassandra/hints; incremental_backups=false; index_interval=128; key_cache_save_period=14400; key_cache_size_in_mb=null; listen_address=127.0.0.1; max_hint_window_in_ms=10800000; max_hints_delivery_threads=2; native_transport_port=9142; partitioner=org.apache.cassandra.dht.Murmur3Partitioner; permissions_validity_in_ms=2000; range_request_timeout_in_ms=10000; read_request_timeout_in_ms=5000; request_scheduler=org.apache.cassandra.scheduler.NoScheduler; request_timeout_in_ms=10000; row_cache_save_period=0; row_cache_size_in_mb=0; rpc_address=localhost; rpc_keepalive=true; rpc_port=9171; rpc_server_type=sync; saved_caches_directory=target/embeddedCassandra/saved_caches; seed_provider=[{class_name=org.apache.cassandra.locator.SimpleSeedProvider, parameters=[{seeds=127.0.0.1}]}]; snapshot_before_compaction=false; ssl_storage_port=7011; start_native_transport=true; start_rpc=true; storage_port=7010; thrift_framed_transport_size_in_mb=15; thrift_max_message_length_in_mb=16; trickle_fsync=false; trickle_fsync_interval_in_kb=10240; truncate_request_timeout_in_ms=60000; write_request_timeout_in_ms=2000]
[pool-1-thread-1] WARN org.apache.cassandra.service.StorageService - Generated random token [-8913445297121894873]. Random tokens will result in an unbalanced ring; see http://wiki.apache.org/cassandra/Operations
[pool-1-thread-1] INFO org.apache.cassandra.service.MigrationManager - Create new Keyspace: KeyspaceMetadata{name=system_traces, params=KeyspaceParams{durable_writes=true, replication=ReplicationParams{class=org.apache.cassandra.locator.SimpleStrategy, replication_factor=2}}, tables=[org.apache.cassandra.config.CFMetaData@4426f5cc[cfId=c5e99f16-8677-3914-b17e-960613512345,ksName=system_traces,cfName=sessions,flags=[COMPOUND],params=TableParams{comment=tracing sessions, read_repair_chance=0.0, dclocal_read_repair_chance=0.0, bloom_filter_fp_chance=0.01, crc_check_chance=1.0, gc_grace_seconds=0, default_time_to_live=0, memtable_flush_period_in_ms=3600000, min_index_interval=128, max_index_interval=2048, speculative_retry=99PERCENTILE, caching={'keys' : 'ALL', 'rows_per_partition' : 'NONE'}, compaction=CompactionParams{class=org.apache.cassandra.db.compaction.SizeTieredCompactionStrategy, options={min_threshold=4, max_threshold=32}}, compression=org.apache.cassandra.schema.CompressionParams@44bad5c2, extensions={}},comparator=comparator(),partitionColumns=[[] | [client command coordinator duration request started_at parameters]],partitionKeyColumns=[ColumnDefinition{name=session_id, type=org.apache.cassandra.db.marshal.UUIDType, kind=PARTITION_KEY, position=0}],clusteringColumns=[],keyValidator=org.apache.cassandra.db.marshal.UUIDType,columnMetadata=[ColumnDefinition{name=client, type=org.apache.cassandra.db.marshal.InetAddressType, kind=REGULAR, position=-1}, ColumnDefinition{name=command, type=org.apache.cassandra.db.marshal.UTF8Type, kind=REGULAR, position=-1}, ColumnDefinition{name=session_id, type=org.apache.cassandra.db.marshal.UUIDType, kind=PARTITION_KEY, position=0}, ColumnDefinition{name=coordinator, type=org.apache.cassandra.db.marshal.InetAddressType, kind=REGULAR, position=-1}, ColumnDefinition{name=request, type=org.apache.cassandra.db.marshal.UTF8Type, kind=REGULAR, position=-1}, ColumnDefinition{name=started_at, type=org.apache.cassandra.db.marshal.TimestampType, kind=REGULAR, position=-1}, ColumnDefinition{name=duration, type=org.apache.cassandra.db.marshal.Int32Type, kind=REGULAR, position=-1}, ColumnDefinition{name=parameters, type=org.apache.cassandra.db.marshal.MapType(org.apache.cassandra.db.marshal.UTF8Type,org.apache.cassandra.db.marshal.UTF8Type), kind=REGULAR, position=-1}],droppedColumns={},triggers=[],indexes=[]], org.apache.cassandra.config.CFMetaData@397d6603[cfId=8826e8e9-e16a-3728-8753-3bc1fc713c25,ksName=system_traces,cfName=events,flags=[COMPOUND],params=TableParams{comment=tracing events, read_repair_chance=0.0, dclocal_read_repair_chance=0.0, bloom_filter_fp_chance=0.01, crc_check_chance=1.0, gc_grace_seconds=0, default_time_to_live=0, memtable_flush_period_in_ms=3600000, min_index_interval=128, max_index_interval=2048, speculative_retry=99PERCENTILE, caching={'keys' : 'ALL', 'rows_per_partition' : 'NONE'}, compaction=CompactionParams{class=org.apache.cassandra.db.compaction.SizeTieredCompactionStrategy, options={min_threshold=4, max_threshold=32}}, compression=org.apache.cassandra.schema.CompressionParams@44bad5c2, extensions={}},comparator=comparator(org.apache.cassandra.db.marshal.TimeUUIDType),partitionColumns=[[] | [activity source source_elapsed thread]],partitionKeyColumns=[ColumnDefinition{name=session_id, type=org.apache.cassandra.db.marshal.UUIDType, kind=PARTITION_KEY, position=0}],clusteringColumns=[ColumnDefinition{name=event_id, type=org.apache.cassandra.db.marshal.TimeUUIDType, kind=CLUSTERING, position=0}],keyValidator=org.apache.cassandra.db.marshal.UUIDType,columnMetadata=[ColumnDefinition{name=activity, type=org.apache.cassandra.db.marshal.UTF8Type, kind=REGULAR, position=-1}, ColumnDefinition{name=session_id, type=org.apache.cassandra.db.marshal.UUIDType, kind=PARTITION_KEY, position=0}, ColumnDefinition{name=thread, type=org.apache.cassandra.db.marshal.UTF8Type, kind=REGULAR, position=-1}, ColumnDefinition{name=event_id, type=org.apache.cassandra.db.marshal.TimeUUIDType, kind=CLUSTERING, position=0}, ColumnDefinition{name=source, type=org.apache.cassandra.db.marshal.InetAddressType, kind=REGULAR, position=-1}, ColumnDefinition{name=source_elapsed, type=org.apache.cassandra.db.marshal.Int32Type, kind=REGULAR, position=-1}],droppedColumns={},triggers=[],indexes=[]]], views=[], functions=[], types=[]}
[main] ERROR org.cassandraunit.utils.EmbeddedCassandraServerHelper - Cassandra daemon did not start after 120000 ms. Consider increasing the timeout
Tests run: 1, Failures: 1, Errors: 0, Skipped: 0, Time elapsed: 142.238 sec <<< FAILURE!

Results :

Failed tests: 
  com.yahoo.ycsb.db.CassandraCQLClientTest: Cassandra daemon did not start within timeout

Tests run: 1, Failures: 1, Errors: 0, Skipped: 0

[StorageServiceShutdownHook] INFO org.apache.cassandra.gms.Gossiper - Announcing shutdown
[StorageServiceShutdownHook] INFO org.apache.cassandra.net.MessagingService - Waiting for messaging service to quiesce
[ACCEPT-/127.0.0.1] INFO org.apache.cassandra.net.MessagingService - MessagingService has terminated the accept() thread
[StorageServiceShutdownHook] INFO org.apache.cassandra.hints.HintsService - Paused hints dispatch
[StorageServiceShutdownHook] INFO org.apache.cassandra.hints.HintsService - Paused hints dispatch
[ERROR] Failed to execute goal org.apache.maven.plugins:maven-surefire-plugin:2.8:test (default-test) on project cassandra-binding: There are test failures.
[ERROR] 
[ERROR] Please refer to /home/travis/build/passed/brianfrankcooper/YCSB/cassandra/target/surefire-reports for the individual test results.
[ERROR] -> [Help 1]
[ERROR] 
[ERROR] To see the full stack trace of the errors, re-run Maven with the -e switch.
[ERROR] Re-run Maven using the -X switch to enable full debug logging.
[ERROR] 
[ERROR] For more information about the errors and possible solutions, please read the following articles:
[ERROR] [Help 1] http://cwiki.apache.org/confluence/display/MAVEN/MojoFailureException
[ERROR] 
[ERROR] After correcting the problems, you can resume the build with the command
[ERROR]   mvn <goals> -rf :cassandra-binding

travis_time:end:195d813e:start=1642646930667705099,finish=1642647386764482200,duration=456096777101[0K
[31;1mThe command "mvn test -Dhttps.protocols=TLSv1.2 -q" exited with 1.[0m

Done. Your build exited with 1.
