travis_fold:start:system_info[0K[33;1mBuild system information[0m
Build language: java
Build id: ''
Job id: ''
[34m[1mBuild image provisioning date and time[0m
Thu Feb  5 15:09:33 UTC 2015
[34m[1mOperating System Details[0m
Distributor ID:	Ubuntu
Description:	Ubuntu 12.04.5 LTS
Release:	12.04
Codename:	precise
[34m[1mLinux Version[0m
3.13.0-29-generic
[34m[1mCookbooks Version[0m
a68419e https://github.com/travis-ci/travis-cookbooks/tree/a68419e
[34m[1mGCC version[0m
gcc (Ubuntu/Linaro 4.6.3-1ubuntu5) 4.6.3
Copyright (C) 2011 Free Software Foundation, Inc.
This is free software; see the source for copying conditions.  There is NO
warranty; not even for MERCHANTABILITY or FITNESS FOR A PARTICULAR PURPOSE.

[34m[1mLLVM version[0m
clang version 3.4 (tags/RELEASE_34/final)
Target: x86_64-unknown-linux-gnu
Thread model: posix
[34m[1mPre-installed Ruby versions[0m
ruby-1.9.3-p551
[34m[1mPre-installed Node.js versions[0m
v0.10.36
[34m[1mPre-installed Go versions[0m
1.4.1
[34m[1mRedis version[0m
redis-server 2.8.19
[34m[1mriak version[0m
2.0.2
[34m[1mMongoDB version[0m
MongoDB 2.4.12
[34m[1mCouchDB version[0m
couchdb 1.6.1
[34m[1mNeo4j version[0m
1.9.4
[34m[1mRabbitMQ Version[0m
3.4.3
[34m[1mElasticSearch version[0m
1.4.0
[34m[1mInstalled Sphinx versions[0m
2.0.10
2.1.9
2.2.6
[34m[1mDefault Sphinx version[0m
2.2.6
[34m[1mInstalled Firefox version[0m
firefox 31.0esr
[34m[1mPhantomJS version[0m
1.9.8
[34m[1mant -version[0m
Apache Ant(TM) version 1.8.2 compiled on December 3 2011
[34m[1mmvn -version[0m
Apache Maven 3.2.5 (12a6b3acb947671f09b81f49094c53f426d8cea1; 2014-12-14T17:29:23+00:00)
Maven home: /usr/local/maven
Java version: 1.7.0_76, vendor: Oracle Corporation
Java home: /usr/lib/jvm/java-7-oracle/jre
Default locale: en_US, platform encoding: ANSI_X3.4-1968
OS name: "linux", version: "3.13.0-29-generic", arch: "amd64", family: "unix"
travis_fold:end:system_info[0K
W: Failed to fetch http://security.ubuntu.com/ubuntu/dists/precise-security/main/source/Sources  404  Not Found [IP: 91.189.91.38 80]

W: Failed to fetch http://security.ubuntu.com/ubuntu/dists/precise-security/restricted/source/Sources  404  Not Found [IP: 91.189.91.38 80]

W: Failed to fetch http://security.ubuntu.com/ubuntu/dists/precise-security/universe/source/Sources  404  Not Found [IP: 91.189.91.38 80]

W: Failed to fetch http://security.ubuntu.com/ubuntu/dists/precise-security/multiverse/source/Sources  404  Not Found [IP: 91.189.91.38 80]

W: Failed to fetch http://security.ubuntu.com/ubuntu/dists/precise-security/main/binary-amd64/Packages  404  Not Found [IP: 91.189.91.38 80]

W: Failed to fetch http://security.ubuntu.com/ubuntu/dists/precise-security/restricted/binary-amd64/Packages  404  Not Found [IP: 91.189.91.38 80]

W: Failed to fetch http://security.ubuntu.com/ubuntu/dists/precise-security/universe/binary-amd64/Packages  404  Not Found [IP: 91.189.91.38 80]

W: Failed to fetch http://security.ubuntu.com/ubuntu/dists/precise-security/multiverse/binary-amd64/Packages  404  Not Found [IP: 91.189.91.38 80]

W: Failed to fetch http://security.ubuntu.com/ubuntu/dists/precise-security/main/binary-i386/Packages  404  Not Found [IP: 91.189.91.38 80]

W: Failed to fetch http://security.ubuntu.com/ubuntu/dists/precise-security/restricted/binary-i386/Packages  404  Not Found [IP: 91.189.91.38 80]

W: Failed to fetch http://security.ubuntu.com/ubuntu/dists/precise-security/universe/binary-i386/Packages  404  Not Found [IP: 91.189.91.38 80]

W: Failed to fetch http://security.ubuntu.com/ubuntu/dists/precise-security/multiverse/binary-i386/Packages  404  Not Found [IP: 91.189.91.38 80]

W: Failed to fetch http://us.archive.ubuntu.com/ubuntu/dists/precise/main/source/Sources  404  Not Found [IP: 91.189.91.38 80]

W: Failed to fetch http://us.archive.ubuntu.com/ubuntu/dists/precise/restricted/source/Sources  404  Not Found [IP: 91.189.91.38 80]

W: Failed to fetch http://us.archive.ubuntu.com/ubuntu/dists/precise/universe/source/Sources  404  Not Found [IP: 91.189.91.38 80]

W: Failed to fetch http://us.archive.ubuntu.com/ubuntu/dists/precise/multiverse/source/Sources  404  Not Found [IP: 91.189.91.38 80]

W: Failed to fetch http://us.archive.ubuntu.com/ubuntu/dists/precise/main/binary-amd64/Packages  404  Not Found [IP: 91.189.91.38 80]

W: Failed to fetch http://us.archive.ubuntu.com/ubuntu/dists/precise/restricted/binary-amd64/Packages  404  Not Found [IP: 91.189.91.38 80]

W: Failed to fetch http://us.archive.ubuntu.com/ubuntu/dists/precise/universe/binary-amd64/Packages  404  Not Found [IP: 91.189.91.38 80]

W: Failed to fetch http://us.archive.ubuntu.com/ubuntu/dists/precise/multiverse/binary-amd64/Packages  404  Not Found [IP: 91.189.91.38 80]

W: Failed to fetch http://us.archive.ubuntu.com/ubuntu/dists/precise/main/binary-i386/Packages  404  Not Found [IP: 91.189.91.38 80]

W: Failed to fetch http://us.archive.ubuntu.com/ubuntu/dists/precise/restricted/binary-i386/Packages  404  Not Found [IP: 91.189.91.38 80]

W: Failed to fetch http://us.archive.ubuntu.com/ubuntu/dists/precise/universe/binary-i386/Packages  404  Not Found [IP: 91.189.91.38 80]

W: Failed to fetch http://us.archive.ubuntu.com/ubuntu/dists/precise/multiverse/binary-i386/Packages  404  Not Found [IP: 91.189.91.38 80]

W: Failed to fetch http://us.archive.ubuntu.com/ubuntu/dists/precise-updates/main/source/Sources  404  Not Found [IP: 91.189.91.38 80]

W: Failed to fetch http://us.archive.ubuntu.com/ubuntu/dists/precise-updates/restricted/source/Sources  404  Not Found [IP: 91.189.91.38 80]

W: Failed to fetch http://us.archive.ubuntu.com/ubuntu/dists/precise-updates/universe/source/Sources  404  Not Found [IP: 91.189.91.38 80]

W: Failed to fetch http://us.archive.ubuntu.com/ubuntu/dists/precise-updates/multiverse/source/Sources  404  Not Found [IP: 91.189.91.38 80]

W: Failed to fetch http://us.archive.ubuntu.com/ubuntu/dists/precise-updates/main/binary-amd64/Packages  404  Not Found [IP: 91.189.91.38 80]

W: Failed to fetch http://us.archive.ubuntu.com/ubuntu/dists/precise-updates/restricted/binary-amd64/Packages  404  Not Found [IP: 91.189.91.38 80]

W: Failed to fetch http://us.archive.ubuntu.com/ubuntu/dists/precise-updates/universe/binary-amd64/Packages  404  Not Found [IP: 91.189.91.38 80]

W: Failed to fetch http://us.archive.ubuntu.com/ubuntu/dists/precise-updates/multiverse/binary-amd64/Packages  404  Not Found [IP: 91.189.91.38 80]

W: Failed to fetch http://us.archive.ubuntu.com/ubuntu/dists/precise-updates/main/binary-i386/Packages  404  Not Found [IP: 91.189.91.38 80]

W: Failed to fetch http://us.archive.ubuntu.com/ubuntu/dists/precise-updates/restricted/binary-i386/Packages  404  Not Found [IP: 91.189.91.38 80]

W: Failed to fetch http://us.archive.ubuntu.com/ubuntu/dists/precise-updates/universe/binary-i386/Packages  404  Not Found [IP: 91.189.91.38 80]

W: Failed to fetch http://us.archive.ubuntu.com/ubuntu/dists/precise-updates/multiverse/binary-i386/Packages  404  Not Found [IP: 91.189.91.38 80]

W: Failed to fetch http://us.archive.ubuntu.com/ubuntu/dists/precise-backports/main/source/Sources  404  Not Found [IP: 91.189.91.38 80]

W: Failed to fetch http://us.archive.ubuntu.com/ubuntu/dists/precise-backports/restricted/source/Sources  404  Not Found [IP: 91.189.91.38 80]

W: Failed to fetch http://us.archive.ubuntu.com/ubuntu/dists/precise-backports/universe/source/Sources  404  Not Found [IP: 91.189.91.38 80]

W: Failed to fetch http://us.archive.ubuntu.com/ubuntu/dists/precise-backports/multiverse/source/Sources  404  Not Found [IP: 91.189.91.38 80]

W: Failed to fetch http://us.archive.ubuntu.com/ubuntu/dists/precise-backports/main/binary-amd64/Packages  404  Not Found [IP: 91.189.91.38 80]

W: Failed to fetch http://us.archive.ubuntu.com/ubuntu/dists/precise-backports/restricted/binary-amd64/Packages  404  Not Found [IP: 91.189.91.38 80]

W: Failed to fetch http://us.archive.ubuntu.com/ubuntu/dists/precise-backports/universe/binary-amd64/Packages  404  Not Found [IP: 91.189.91.38 80]

W: Failed to fetch http://us.archive.ubuntu.com/ubuntu/dists/precise-backports/multiverse/binary-amd64/Packages  404  Not Found [IP: 91.189.91.38 80]

W: Failed to fetch http://us.archive.ubuntu.com/ubuntu/dists/precise-backports/main/binary-i386/Packages  404  Not Found [IP: 91.189.91.38 80]

W: Failed to fetch http://us.archive.ubuntu.com/ubuntu/dists/precise-backports/restricted/binary-i386/Packages  404  Not Found [IP: 91.189.91.38 80]

W: Failed to fetch http://us.archive.ubuntu.com/ubuntu/dists/precise-backports/universe/binary-i386/Packages  404  Not Found [IP: 91.189.91.38 80]

W: Failed to fetch http://us.archive.ubuntu.com/ubuntu/dists/precise-backports/multiverse/binary-i386/Packages  404  Not Found [IP: 91.189.91.38 80]

W: Failed to fetch http://apt.postgresql.org/pub/repos/apt/dists/precise-pgdg/main/binary-amd64/Packages  404  Not Found [IP: 87.238.57.227 80]

W: Failed to fetch http://apt.postgresql.org/pub/repos/apt/dists/precise-pgdg/main/binary-i386/Packages  404  Not Found [IP: 87.238.57.227 80]

W: Failed to fetch http://ppa.launchpad.net/rwky/ppa/ubuntu/dists/precise/main/binary-amd64/Packages  403  Forbidden

W: Failed to fetch http://ppa.launchpad.net/rwky/ppa/ubuntu/dists/precise/main/binary-i386/Packages  403  Forbidden

W: Failed to fetch http://ppa.launchpad.net/travis-ci/zero-mq/ubuntu/dists/precise/main/binary-amd64/Packages  403  Forbidden

W: Failed to fetch http://ppa.launchpad.net/travis-ci/zero-mq/ubuntu/dists/precise/main/binary-i386/Packages  403  Forbidden

W: Failed to fetch http://downloads-distro.mongodb.org/repo/debian-sysvinit/dists/dist/10gen/binary-amd64/Packages  Undetermined Error [IP: 54.175.147.155 80]

W: Failed to fetch http://downloads-distro.mongodb.org/repo/debian-sysvinit/dists/dist/10gen/binary-i386/Packages  Undetermined Error [IP: 54.175.147.155 80]

E: Some index files failed to download. They have been ignored, or old ones used instead.
sed: cannot rename /etc/hosts: Device or resource busy
sed: cannot rename /etc/hosts: Device or resource busy
$ jdk_switcher use oraclejdk7
Switching to Oracle JDK7 (java-7-oracle), JAVA_HOME will be set to /usr/lib/jvm/java-7-oracle
$ cd failed/davidmoten/rxjava-jdbc
$ java -Xmx32m -version
java version "1.7.0_76"
Java(TM) SE Runtime Environment (build 1.7.0_76-b13)
Java HotSpot(TM) 64-Bit Server VM (build 24.76-b04, mixed mode)
$ javac -J-Xmx32m -version
javac 1.7.0_76
travis_fold:start:install[0Ktravis_time:start:11b269de[0K$ mvn -o install -Dhttps.protocols=TLSv1.2 -Dhttps.protocols=TLSv1.2 -DskipTests=true -Dmaven.javadoc.skip=true -B -V
Apache Maven 3.2.5 (12a6b3acb947671f09b81f49094c53f426d8cea1; 2014-12-14T17:29:23+00:00)
Maven home: /usr/local/maven
Java version: 1.7.0_76, vendor: Oracle Corporation
Java home: /usr/lib/jvm/java-7-oracle/jre
Default locale: en_US, platform encoding: UTF-8
OS name: "linux", version: "4.15.0-109-generic", arch: "amd64", family: "unix"
[INFO] Scanning for projects...
[INFO] Inspecting build with total of 1 modules...
[INFO] Installing Nexus Staging features:
[INFO]   ... total of 1 executions of maven-deploy-plugin replaced with nexus-staging-maven-plugin
[INFO]                                                                         
[INFO] ------------------------------------------------------------------------
[INFO] Building rxjava-jdbc 0.6.6-SNAPSHOT
[INFO] ------------------------------------------------------------------------
[INFO] 
[INFO] --- maven-resources-plugin:2.6:resources (default-resources) @ rxjava-jdbc ---
[INFO] Using 'UTF-8' encoding to copy filtered resources.
[INFO] skip non existing resourceDirectory /home/travis/build/failed/davidmoten/rxjava-jdbc/src/main/resources
[INFO] 
[INFO] --- maven-compiler-plugin:3.1:compile (default-compile) @ rxjava-jdbc ---
[INFO] Changes detected - recompiling the module!
[INFO] Compiling 48 source files to /home/travis/build/failed/davidmoten/rxjava-jdbc/target/classes
[INFO] 
[INFO] --- maven-resources-plugin:2.6:testResources (default-testResources) @ rxjava-jdbc ---
[INFO] Using 'UTF-8' encoding to copy filtered resources.
[INFO] Copying 4 resources
[INFO] 
[INFO] --- maven-compiler-plugin:3.1:testCompile (default-testCompile) @ rxjava-jdbc ---
[INFO] Nothing to compile - all classes are up to date
[INFO] 
[INFO] --- maven-surefire-plugin:2.12.4:test (default-test) @ rxjava-jdbc ---
[INFO] Tests are skipped.
[INFO] 
[INFO] --- maven-jar-plugin:2.4:jar (default-jar) @ rxjava-jdbc ---
[INFO] Building jar: /home/travis/build/failed/davidmoten/rxjava-jdbc/target/rxjava-jdbc-0.6.6-SNAPSHOT.jar
[INFO] 
[INFO] --- maven-javadoc-plugin:2.10.3:jar (attach-javadocs) @ rxjava-jdbc ---
[INFO] Skipping javadoc generation
[INFO] 
[INFO] --- maven-site-plugin:3.4:attach-descriptor (attach-descriptor) @ rxjava-jdbc ---
[INFO] 
[INFO] --- maven-install-plugin:2.4:install (default-install) @ rxjava-jdbc ---
[INFO] Installing /home/travis/build/failed/davidmoten/rxjava-jdbc/target/rxjava-jdbc-0.6.6-SNAPSHOT.jar to /home/travis/.m2/repository/com/github/davidmoten/rxjava-jdbc/0.6.6-SNAPSHOT/rxjava-jdbc-0.6.6-SNAPSHOT.jar
[INFO] Installing /home/travis/build/failed/davidmoten/rxjava-jdbc/pom.xml to /home/travis/.m2/repository/com/github/davidmoten/rxjava-jdbc/0.6.6-SNAPSHOT/rxjava-jdbc-0.6.6-SNAPSHOT.pom
[INFO] ------------------------------------------------------------------------
[INFO] BUILD SUCCESS
[INFO] ------------------------------------------------------------------------
[INFO] Total time: 02:42 min
[INFO] Finished at: 2022-01-20T10:11:14+00:00
[INFO] Final Memory: 25M/491M
[INFO] ------------------------------------------------------------------------

travis_time:end:11b269de:start=1642673310904589093,finish=1642673474560771162,duration=163656182069[0Ktravis_fold:end:install[0Ktravis_time:start:001a9d4c[0K$ mvn test -Dhttps.protocols=TLSv1.2 -Dhttps.protocols=TLSv1.2 -B
[INFO] Scanning for projects...
[INFO] Inspecting build with total of 1 modules...
[INFO] Installing Nexus Staging features:
[INFO]   ... total of 1 executions of maven-deploy-plugin replaced with nexus-staging-maven-plugin
[INFO]                                                                         
[INFO] ------------------------------------------------------------------------
[INFO] Building rxjava-jdbc 0.6.6-SNAPSHOT
[INFO] ------------------------------------------------------------------------
[INFO] 
[INFO] --- maven-resources-plugin:2.6:resources (default-resources) @ rxjava-jdbc ---
[INFO] Using 'UTF-8' encoding to copy filtered resources.
[INFO] skip non existing resourceDirectory /home/travis/build/failed/davidmoten/rxjava-jdbc/src/main/resources
[INFO] 
[INFO] --- maven-compiler-plugin:3.1:compile (default-compile) @ rxjava-jdbc ---
[INFO] Changes detected - recompiling the module!
[INFO] Compiling 48 source files to /home/travis/build/failed/davidmoten/rxjava-jdbc/target/classes
[INFO] 
[INFO] --- maven-resources-plugin:2.6:testResources (default-testResources) @ rxjava-jdbc ---
[INFO] Using 'UTF-8' encoding to copy filtered resources.
[INFO] Copying 4 resources
[INFO] 
[INFO] --- maven-compiler-plugin:3.1:testCompile (default-testCompile) @ rxjava-jdbc ---
[INFO] Nothing to compile - all classes are up to date
[INFO] 
[INFO] --- maven-surefire-plugin:2.12.4:test (default-test) @ rxjava-jdbc ---
[INFO] Surefire report directory: /home/travis/build/failed/davidmoten/rxjava-jdbc/target/surefire-reports

-------------------------------------------------------
 T E S T S
-------------------------------------------------------
Running com.github.davidmoten.rx.DynamicProxyTest
Tests run: 2, Failures: 0, Errors: 0, Skipped: 0, Time elapsed: 0.432 sec
Running com.github.davidmoten.rx.RetryTest
Tests run: 1, Failures: 0, Errors: 0, Skipped: 0, Time elapsed: 1.791 sec
Running com.github.davidmoten.rx.jdbc.ColumnNotFoundTest
Tests run: 1, Failures: 0, Errors: 0, Skipped: 0, Time elapsed: 2.278 sec
Running com.github.davidmoten.rx.jdbc.ConditionsTest
Tests run: 7, Failures: 0, Errors: 0, Skipped: 0, Time elapsed: 0.003 sec
Running com.github.davidmoten.rx.jdbc.ConnectionDemoTest
Tests run: 1, Failures: 0, Errors: 0, Skipped: 0, Time elapsed: 0.008 sec
Running com.github.davidmoten.rx.jdbc.ConnectionNonClosingTest
Tests run: 1, Failures: 0, Errors: 0, Skipped: 0, Time elapsed: 0.048 sec
Running com.github.davidmoten.rx.jdbc.ConnectionProviderAutoCommittingTest
Tests run: 1, Failures: 0, Errors: 0, Skipped: 0, Time elapsed: 0.162 sec
Running com.github.davidmoten.rx.jdbc.ConnectionProviderFromUrlTest
Tests run: 1, Failures: 0, Errors: 0, Skipped: 0, Time elapsed: 0.244 sec
Running com.github.davidmoten.rx.jdbc.DatabaseAsyncTest
2022-01-20 10:11:28.028 [main] INFO  com.github.davidmoten.rx.RxUtil - 1
2022-01-20 10:11:28.028 [main] INFO  com.github.davidmoten.rx.RxUtil - 2
2022-01-20 10:11:28.029 [main] INFO  com.github.davidmoten.rx.RxUtil - 3
2022-01-20 10:11:28.324 [RxComputationThreadPool-5] INFO  com.github.davidmoten.rx.RxUtil - 0
2022-01-20 10:11:28.326 [RxCachedThreadScheduler-2] INFO  com.github.davidmoten.rx.RxUtil - 21
[FRED, JOSEPH, MARMADUKE]
2022-01-20 10:11:29.616 [main] INFO  com.zaxxer.hikari.HikariDataSource - HikariCP pool HikariPool-0 is starting.
2022-01-20 10:11:29.976 [RxCachedThreadScheduler-1] INFO  com.github.davidmoten.rx.RxUtil - 21
2022-01-20 10:11:29.977 [RxCachedThreadScheduler-2] INFO  com.github.davidmoten.rx.RxUtil - 34
2022-01-20 10:11:30.941 [main] INFO  com.github.davidmoten.rx.RxUtil - rx.Observable@7f5ff9d0
2022-01-20 10:11:30.941 [main] INFO  com.github.davidmoten.rx.RxUtil - rx.Observable@7f5ff9d0
2022-01-20 10:11:30.941 [main] INFO  com.github.davidmoten.rx.RxUtil - rx.Observable@760a0804
2022-01-20 10:11:30.943 [main] INFO  com.github.davidmoten.rx.RxUtil - rx.Observable@682143e4
2022-01-20 10:11:30.944 [main] INFO  com.github.davidmoten.rx.RxUtil - rx.Observable@682143e4
2022-01-20 10:11:30.944 [main] INFO  com.github.davidmoten.rx.RxUtil - rx.Observable@5ff06324
2022-01-20 10:11:30.961 [main] INFO  com.github.davidmoten.rx.jdbc.DatabaseTestBase - committed 1
2022-01-20 10:11:30.961 [main] INFO  com.github.davidmoten.rx.jdbc.DatabaseTestBase - gets ok
2022-01-20 10:11:30.962 [main] INFO  com.github.davidmoten.rx.jdbc.DatabaseTestBase - closes ok
Syntax error in SQL statement "ZZZ[*] "; SQL statement:
zzz [42000-178]
Syntax error in SQL statement "ZZZ[*] "; SQL statement:
zzz [42000-178]
2022-01-20 10:11:31.910 [main] INFO  com.zaxxer.hikari.HikariDataSource - HikariCP pool HikariPool-1 is starting.
2022-01-20 10:11:31.917 [main] INFO  com.zaxxer.hikari.pool.HikariPool - HikariCP pool HikariPool-1 is shutting down.
2022-01-20 10:11:32.078 [main] INFO  com.github.davidmoten.rx.jdbc.DatabaseTestBase - committed 1
2022-01-20 10:11:32.079 [main] INFO  com.github.davidmoten.rx.jdbc.DatabaseTestBase - gets ok
2022-01-20 10:11:32.079 [main] INFO  com.github.davidmoten.rx.jdbc.DatabaseTestBase - closes ok
2022-01-20 10:11:32.084 [main] INFO  com.github.davidmoten.rx.RxUtil - rx.Observable@41c9b008
2022-01-20 10:11:32.085 [main] INFO  com.github.davidmoten.rx.RxUtil - rx.Observable@41c9b008
2022-01-20 10:11:32.085 [main] INFO  com.github.davidmoten.rx.RxUtil - rx.Observable@2043fef6
2022-01-20 10:11:32.087 [main] INFO  com.github.davidmoten.rx.RxUtil - rx.Observable@4da941fe
2022-01-20 10:11:32.087 [main] INFO  com.github.davidmoten.rx.RxUtil - rx.Observable@4da941fe
2022-01-20 10:11:32.087 [main] INFO  com.github.davidmoten.rx.RxUtil - rx.Observable@232bb287
2022-01-20 10:11:32.381 [main] INFO  com.github.davidmoten.rx.RxUtil - 99
2022-01-20 10:11:32.382 [main] INFO  com.github.davidmoten.rx.RxUtil - 88
2022-01-20 10:11:32.490 [RxComputationThreadPool-6] INFO  com.github.davidmoten.rx.RxUtil - 0
2022-01-20 10:11:32.492 [RxCachedThreadScheduler-2] INFO  com.github.davidmoten.rx.RxUtil - 21
threads=[main]
2022-01-20 10:11:33.468 [main] INFO  com.zaxxer.hikari.HikariDataSource - HikariCP pool HikariPool-2 is starting.
[MARMADUKE, JOSEPH, MARMADUKE, JOSEPH, MARMADUKE, MARMADUKE, MARMADUKE, JOSEPH, MARMADUKE, JOSEPH, MARMADUKE, MARMADUKE]
2022-01-20 10:11:34.250 [main] INFO  com.github.davidmoten.rx.RxUtil - 99
2022-01-20 10:11:34.251 [main] INFO  com.github.davidmoten.rx.RxUtil - 88
2022-01-20 10:11:34.806 [RxCachedThreadScheduler-2] INFO  com.github.davidmoten.rx.RxUtil - 3
Column "NAMEZ" not found; SQL statement:
select namez from person where name=? [42122-178]
Column "NAMEZ" not found; SQL statement:
select namez from person where name=? [42122-178]
Tests run: 114, Failures: 0, Errors: 0, Skipped: 0, Time elapsed: 7.824 sec
Running com.github.davidmoten.rx.jdbc.DatabaseDerbyTest
Tests run: 1, Failures: 0, Errors: 0, Skipped: 1, Time elapsed: 0.001 sec
Running com.github.davidmoten.rx.jdbc.DatabaseExampleTest
FRED has score 21
JOE has score 34
Tests run: 2, Failures: 1, Errors: 0, Skipped: 0, Time elapsed: 0.442 sec <<< FAILURE!
testParameterOperatorBackpressure(com.github.davidmoten.rx.jdbc.DatabaseExampleTest)  Time elapsed: 0.006 sec  <<< FAILURE!
java.lang.AssertionError: Number of onNext events differ; expected: 1, actual: 0
	at rx.observers.TestSubscriber.assertValueCount(TestSubscriber.java:479)
	at com.github.davidmoten.rx.jdbc.DatabaseExampleTest.testParameterOperatorBackpressure(DatabaseExampleTest.java:63)
	at sun.reflect.NativeMethodAccessorImpl.invoke0(Native Method)
	at sun.reflect.NativeMethodAccessorImpl.invoke(NativeMethodAccessorImpl.java:57)
	at sun.reflect.DelegatingMethodAccessorImpl.invoke(DelegatingMethodAccessorImpl.java:43)
	at java.lang.reflect.Method.invoke(Method.java:606)
	at org.junit.runners.model.FrameworkMethod$1.runReflectiveCall(FrameworkMethod.java:50)
	at org.junit.internal.runners.model.ReflectiveCallable.run(ReflectiveCallable.java:12)
	at org.junit.runners.model.FrameworkMethod.invokeExplosively(FrameworkMethod.java:47)
	at org.junit.internal.runners.statements.InvokeMethod.evaluate(InvokeMethod.java:17)
	at org.junit.runners.ParentRunner.runLeaf(ParentRunner.java:325)
	at org.junit.runners.BlockJUnit4ClassRunner.runChild(BlockJUnit4ClassRunner.java:78)
	at org.junit.runners.BlockJUnit4ClassRunner.runChild(BlockJUnit4ClassRunner.java:57)
	at org.junit.runners.ParentRunner$3.run(ParentRunner.java:290)
	at org.junit.runners.ParentRunner$1.schedule(ParentRunner.java:71)
	at org.junit.runners.ParentRunner.runChildren(ParentRunner.java:288)
	at org.junit.runners.ParentRunner.access$000(ParentRunner.java:58)
	at org.junit.runners.ParentRunner$2.evaluate(ParentRunner.java:268)
	at org.junit.runners.ParentRunner.run(ParentRunner.java:363)
	at org.apache.maven.surefire.junit4.JUnit4Provider.execute(JUnit4Provider.java:252)
	at org.apache.maven.surefire.junit4.JUnit4Provider.executeTestSet(JUnit4Provider.java:141)
	at org.apache.maven.surefire.junit4.JUnit4Provider.invoke(JUnit4Provider.java:112)
	at sun.reflect.NativeMethodAccessorImpl.invoke0(Native Method)
	at sun.reflect.NativeMethodAccessorImpl.invoke(NativeMethodAccessorImpl.java:57)
	at sun.reflect.DelegatingMethodAccessorImpl.invoke(DelegatingMethodAccessorImpl.java:43)
	at java.lang.reflect.Method.invoke(Method.java:606)
	at org.apache.maven.surefire.util.ReflectionUtils.invokeMethodWithArray(ReflectionUtils.java:189)
	at org.apache.maven.surefire.booter.ProviderFactory$ProviderProxy.invoke(ProviderFactory.java:165)
	at org.apache.maven.surefire.booter.ProviderFactory.invokeProvider(ProviderFactory.java:85)
	at org.apache.maven.surefire.booter.ForkedBooter.runSuitesInProcess(ForkedBooter.java:115)
	at org.apache.maven.surefire.booter.ForkedBooter.main(ForkedBooter.java:75)

Running com.github.davidmoten.rx.jdbc.DatabaseMasterDetailTest
MasterAndDetails [id=1, name=FRED, details=[Detail [id=10, description=a good fellow], Detail [id=11, description=rides his bike]]]
MasterAndDetails [id=2, name=JOHN, details=[Detail [id=20, description=a bit of a bore], Detail [id=21, description=is a good cook]]]
Tests run: 2, Failures: 0, Errors: 0, Skipped: 0, Time elapsed: 0.418 sec
Running com.github.davidmoten.rx.jdbc.DatabaseSyncTest
2022-01-20 10:11:35.971 [main] INFO  com.github.davidmoten.rx.RxUtil - 1
2022-01-20 10:11:35.972 [main] INFO  com.github.davidmoten.rx.RxUtil - 2
2022-01-20 10:11:35.973 [main] INFO  com.github.davidmoten.rx.RxUtil - 3
2022-01-20 10:11:36.097 [RxComputationThreadPool-8] INFO  com.github.davidmoten.rx.RxUtil - 0
2022-01-20 10:11:36.099 [RxComputationThreadPool-8] INFO  com.github.davidmoten.rx.RxUtil - 21
[FRED, JOSEPH, MARMADUKE]
2022-01-20 10:11:36.123 [main] INFO  com.zaxxer.hikari.HikariDataSource - HikariCP pool HikariPool-3 is starting.
2022-01-20 10:11:36.170 [main] INFO  com.github.davidmoten.rx.RxUtil - 21
2022-01-20 10:11:36.171 [main] INFO  com.github.davidmoten.rx.RxUtil - 34
2022-01-20 10:11:36.232 [main] INFO  com.github.davidmoten.rx.RxUtil - rx.Observable@f6a4c4a
2022-01-20 10:11:36.233 [main] INFO  com.github.davidmoten.rx.RxUtil - rx.Observable@f6a4c4a
2022-01-20 10:11:36.233 [main] INFO  com.github.davidmoten.rx.RxUtil - rx.Observable@bb6962e
2022-01-20 10:11:36.234 [main] INFO  com.github.davidmoten.rx.RxUtil - rx.Observable@50e83abb
2022-01-20 10:11:36.234 [main] INFO  com.github.davidmoten.rx.RxUtil - rx.Observable@50e83abb
2022-01-20 10:11:36.234 [main] INFO  com.github.davidmoten.rx.RxUtil - rx.Observable@3e67f47c
2022-01-20 10:11:36.244 [main] INFO  com.github.davidmoten.rx.jdbc.DatabaseTestBase - committed 1
2022-01-20 10:11:36.244 [main] INFO  com.github.davidmoten.rx.jdbc.DatabaseTestBase - gets ok
2022-01-20 10:11:36.244 [main] INFO  com.github.davidmoten.rx.jdbc.DatabaseTestBase - closes ok
Syntax error in SQL statement "ZZZ[*] "; SQL statement:
zzz [42000-178]
Syntax error in SQL statement "ZZZ[*] "; SQL statement:
zzz [42000-178]
2022-01-20 10:11:36.281 [main] INFO  com.zaxxer.hikari.HikariDataSource - HikariCP pool HikariPool-4 is starting.
2022-01-20 10:11:36.287 [main] INFO  com.zaxxer.hikari.pool.HikariPool - HikariCP pool HikariPool-4 is shutting down.
2022-01-20 10:11:36.298 [main] INFO  com.github.davidmoten.rx.jdbc.DatabaseTestBase - committed 1
2022-01-20 10:11:36.299 [main] INFO  com.github.davidmoten.rx.jdbc.DatabaseTestBase - gets ok
2022-01-20 10:11:36.299 [main] INFO  com.github.davidmoten.rx.jdbc.DatabaseTestBase - closes ok
2022-01-20 10:11:36.303 [main] INFO  com.github.davidmoten.rx.RxUtil - rx.Observable@2008473d
2022-01-20 10:11:36.304 [main] INFO  com.github.davidmoten.rx.RxUtil - rx.Observable@2008473d
2022-01-20 10:11:36.304 [main] INFO  com.github.davidmoten.rx.RxUtil - rx.Observable@7f7d0638
2022-01-20 10:11:36.306 [main] INFO  com.github.davidmoten.rx.RxUtil - rx.Observable@1bb08b3a
2022-01-20 10:11:36.306 [main] INFO  com.github.davidmoten.rx.RxUtil - rx.Observable@1bb08b3a
2022-01-20 10:11:36.306 [main] INFO  com.github.davidmoten.rx.RxUtil - rx.Observable@63849b09
2022-01-20 10:11:36.369 [main] INFO  com.github.davidmoten.rx.RxUtil - 99
2022-01-20 10:11:36.371 [main] INFO  com.github.davidmoten.rx.RxUtil - 88
2022-01-20 10:11:36.478 [RxComputationThreadPool-9] INFO  com.github.davidmoten.rx.RxUtil - 0
2022-01-20 10:11:36.479 [RxComputationThreadPool-9] INFO  com.github.davidmoten.rx.RxUtil - 21
threads=[main]
2022-01-20 10:11:36.521 [main] INFO  com.zaxxer.hikari.HikariDataSource - HikariCP pool HikariPool-5 is starting.
[MARMADUKE, JOSEPH, MARMADUKE, JOSEPH, MARMADUKE, MARMADUKE, MARMADUKE, JOSEPH, MARMADUKE, JOSEPH, MARMADUKE, MARMADUKE]
2022-01-20 10:11:36.594 [main] INFO  com.github.davidmoten.rx.RxUtil - 99
2022-01-20 10:11:36.595 [main] INFO  com.github.davidmoten.rx.RxUtil - 88
2022-01-20 10:11:36.643 [main] INFO  com.github.davidmoten.rx.RxUtil - 3
Column "NAMEZ" not found; SQL statement:
select namez from person where name=? [42122-178]
Column "NAMEZ" not found; SQL statement:
select namez from person where name=? [42122-178]
Tests run: 113, Failures: 0, Errors: 0, Skipped: 0, Time elapsed: 0.838 sec
Running com.github.davidmoten.rx.jdbc.DatabaseViaDataSourceTest
2022-01-20 10:11:37.091 [main] INFO  com.github.davidmoten.rx.RxUtil - 1
2022-01-20 10:11:37.092 [main] INFO  com.github.davidmoten.rx.RxUtil - 2
2022-01-20 10:11:37.093 [main] INFO  com.github.davidmoten.rx.RxUtil - 3
2022-01-20 10:11:37.225 [RxComputationThreadPool-11] INFO  com.github.davidmoten.rx.RxUtil - 0
2022-01-20 10:11:37.226 [RxComputationThreadPool-11] INFO  com.github.davidmoten.rx.RxUtil - 21
[FRED, JOSEPH, MARMADUKE]
2022-01-20 10:11:37.248 [main] INFO  com.zaxxer.hikari.HikariDataSource - HikariCP pool HikariPool-6 is starting.
2022-01-20 10:11:37.289 [main] INFO  com.github.davidmoten.rx.RxUtil - 21
2022-01-20 10:11:37.290 [main] INFO  com.github.davidmoten.rx.RxUtil - 34
2022-01-20 10:11:37.340 [main] INFO  com.github.davidmoten.rx.RxUtil - rx.Observable@2b75718c
2022-01-20 10:11:37.341 [main] INFO  com.github.davidmoten.rx.RxUtil - rx.Observable@2b75718c
2022-01-20 10:11:37.341 [main] INFO  com.github.davidmoten.rx.RxUtil - rx.Observable@2b71b49e
2022-01-20 10:11:37.341 [main] INFO  com.github.davidmoten.rx.RxUtil - rx.Observable@ac1c16d
2022-01-20 10:11:37.342 [main] INFO  com.github.davidmoten.rx.RxUtil - rx.Observable@ac1c16d
2022-01-20 10:11:37.342 [main] INFO  com.github.davidmoten.rx.RxUtil - rx.Observable@3681e09f
2022-01-20 10:11:37.349 [main] INFO  com.github.davidmoten.rx.jdbc.DatabaseTestBase - committed 1
2022-01-20 10:11:37.349 [main] INFO  com.github.davidmoten.rx.jdbc.DatabaseTestBase - gets ok
2022-01-20 10:11:37.350 [main] INFO  com.github.davidmoten.rx.jdbc.DatabaseTestBase - closes ok
Syntax error in SQL statement "ZZZ[*] "; SQL statement:
zzz [42000-178]
Syntax error in SQL statement "ZZZ[*] "; SQL statement:
zzz [42000-178]
2022-01-20 10:11:37.377 [main] INFO  com.zaxxer.hikari.HikariDataSource - HikariCP pool HikariPool-7 is starting.
2022-01-20 10:11:37.380 [main] INFO  com.zaxxer.hikari.pool.HikariPool - HikariCP pool HikariPool-7 is shutting down.
2022-01-20 10:11:37.387 [main] INFO  com.github.davidmoten.rx.jdbc.DatabaseTestBase - committed 1
2022-01-20 10:11:37.387 [main] INFO  com.github.davidmoten.rx.jdbc.DatabaseTestBase - gets ok
2022-01-20 10:11:37.388 [main] INFO  com.github.davidmoten.rx.jdbc.DatabaseTestBase - closes ok
2022-01-20 10:11:37.390 [main] INFO  com.github.davidmoten.rx.RxUtil - rx.Observable@6a068b9f
2022-01-20 10:11:37.390 [main] INFO  com.github.davidmoten.rx.RxUtil - rx.Observable@6a068b9f
2022-01-20 10:11:37.390 [main] INFO  com.github.davidmoten.rx.RxUtil - rx.Observable@53b8aa1a
2022-01-20 10:11:37.391 [main] INFO  com.github.davidmoten.rx.RxUtil - rx.Observable@4213b07
2022-01-20 10:11:37.392 [main] INFO  com.github.davidmoten.rx.RxUtil - rx.Observable@4213b07
2022-01-20 10:11:37.392 [main] INFO  com.github.davidmoten.rx.RxUtil - rx.Observable@21aa4aaf
2022-01-20 10:11:37.428 [main] INFO  com.github.davidmoten.rx.RxUtil - 99
2022-01-20 10:11:37.429 [main] INFO  com.github.davidmoten.rx.RxUtil - 88
2022-01-20 10:11:37.534 [RxComputationThreadPool-12] INFO  com.github.davidmoten.rx.RxUtil - 0
2022-01-20 10:11:37.535 [RxComputationThreadPool-12] INFO  com.github.davidmoten.rx.RxUtil - 21
threads=[main]
2022-01-20 10:11:37.565 [main] INFO  com.zaxxer.hikari.HikariDataSource - HikariCP pool HikariPool-8 is starting.
[MARMADUKE, JOSEPH, MARMADUKE, JOSEPH, MARMADUKE, MARMADUKE, MARMADUKE, JOSEPH, MARMADUKE, JOSEPH, MARMADUKE, MARMADUKE]
2022-01-20 10:11:37.617 [main] INFO  com.github.davidmoten.rx.RxUtil - 99
2022-01-20 10:11:37.618 [main] INFO  com.github.davidmoten.rx.RxUtil - 88
2022-01-20 10:11:37.652 [main] INFO  com.github.davidmoten.rx.RxUtil - 3
Column "NAMEZ" not found; SQL statement:
select namez from person where name=? [42122-178]
Column "NAMEZ" not found; SQL statement:
select namez from person where name=? [42122-178]
Tests run: 113, Failures: 0, Errors: 0, Skipped: 0, Time elapsed: 1.002 sec
Running com.github.davidmoten.rx.jdbc.NamedParametersTest
Tests run: 4, Failures: 0, Errors: 0, Skipped: 0, Time elapsed: 0 sec
Running com.github.davidmoten.rx.jdbc.QueriesTest
Tests run: 1, Failures: 0, Errors: 0, Skipped: 0, Time elapsed: 0 sec
Running com.github.davidmoten.rx.jdbc.UtilTest
Tests run: 60, Failures: 0, Errors: 0, Skipped: 0, Time elapsed: 0.77 sec
Running com.github.davidmoten.rx.jdbc.tuple.TuplesTest
Tests run: 1, Failures: 0, Errors: 0, Skipped: 0, Time elapsed: 0 sec

Results :

Failed tests:   testParameterOperatorBackpressure(com.github.davidmoten.rx.jdbc.DatabaseExampleTest): Number of onNext events differ; expected: 1, actual: 0

Tests run: 426, Failures: 1, Errors: 0, Skipped: 1

[INFO] ------------------------------------------------------------------------
[INFO] BUILD FAILURE
[INFO] ------------------------------------------------------------------------
[INFO] Total time: 22.650 s
[INFO] Finished at: 2022-01-20T10:11:38+00:00
[INFO] Final Memory: 19M/491M
[INFO] ------------------------------------------------------------------------
[ERROR] Failed to execute goal org.apache.maven.plugins:maven-surefire-plugin:2.12.4:test (default-test) on project rxjava-jdbc: There are test failures.
[ERROR] 
[ERROR] Please refer to /home/travis/build/failed/davidmoten/rxjava-jdbc/target/surefire-reports for the individual test results.
[ERROR] -> [Help 1]
[ERROR] 
[ERROR] To see the full stack trace of the errors, re-run Maven with the -e switch.
[ERROR] Re-run Maven using the -X switch to enable full debug logging.
[ERROR] 
[ERROR] For more information about the errors and possible solutions, please read the following articles:
[ERROR] [Help 1] http://cwiki.apache.org/confluence/display/MAVEN/MojoFailureException

travis_time:end:001a9d4c:start=1642673474568564615,finish=1642673498716401060,duration=24147836445[0K
[31;1mThe command "mvn test -Dhttps.protocols=TLSv1.2 -Dhttps.protocols=TLSv1.2 -B" exited with 1.[0m

Done. Your build exited with 1.
