travis_time:start:08ce4058[0Ktravis_time:end:08ce4058:start=1642671996962201269,finish=1642671997351380396,duration=389179127,event=no_world_writable_dirs[0Ktravis_time:start:0cefc940[0Ktravis_time:end:0cefc940:start=1642671997357813648,finish=1642671997361911476,duration=4097828,event=check_unsupported[0Ktravis_time:start:00477124[0Ktravis_fold:start:system_info[0K[33;1mBuild system information[0m
Build language: java
Build group: stable
Build dist: trusty
Build id: ''
Job id: ''
Runtime kernel version: 4.15.0-109-generic
[34m[1mBuild image provisioning date and time[0m
Tue Dec  5 20:11:19 UTC 2017
[34m[1mOperating System Details[0m
Distributor ID:	Ubuntu
Description:	Ubuntu 14.04.5 LTS
Release:	14.04
Codename:	trusty
[34m[1mCookbooks Version[0m
7c2c6a6 https://github.com/travis-ci/travis-cookbooks/tree/7c2c6a6
[34m[1mgit version[0m
git version 2.15.1
[34m[1mbash version[0m
GNU bash, version 4.3.11(1)-release (x86_64-pc-linux-gnu)
[34m[1mgcc version[0m
gcc (Ubuntu 4.8.4-2ubuntu1~14.04.3) 4.8.4
Copyright (C) 2013 Free Software Foundation, Inc.
This is free software; see the source for copying conditions.  There is NO
warranty; not even for MERCHANTABILITY or FITNESS FOR A PARTICULAR PURPOSE.

[34m[1mdocker version[0m
Client:
 Version:      17.09.0-ce
 API version:  1.32
 Go version:   go1.8.3
 Git commit:   afdb6d4
 Built:        Tue Sep 26 22:39:28 2017
 OS/Arch:      linux/amd64
[34m[1mclang version[0m
clang version 5.0.0 (tags/RELEASE_500/final)
Target: x86_64-unknown-linux-gnu
Thread model: posix
InstalledDir: /usr/local/clang-5.0.0/bin
[34m[1mjq version[0m
jq-1.5
[34m[1mbats version[0m
Bats 0.4.0
[34m[1mshellcheck version[0m
0.4.6
[34m[1mshfmt version[0m
v2.0.0
[34m[1mccache version[0m
ccache version 3.1.9

Copyright (C) 2002-2007 Andrew Tridgell
Copyright (C) 2009-2011 Joel Rosdahl

This program is free software; you can redistribute it and/or modify it under
the terms of the GNU General Public License as published by the Free Software
Foundation; either version 3 of the License, or (at your option) any later
version.
[34m[1mcmake version[0m
cmake version 3.9.2

CMake suite maintained and supported by Kitware (kitware.com/cmake).
[34m[1mheroku version[0m
heroku-cli/6.14.39-addc925 (linux-x64) node-v9.2.0
[34m[1mimagemagick version[0m
Version: ImageMagick 6.7.7-10 2017-07-31 Q16 http://www.imagemagick.org
[34m[1mmd5deep version[0m
4.2
[34m[1mmercurial version[0m
Mercurial Distributed SCM (version 4.2.2)
(see https://mercurial-scm.org for more information)

Copyright (C) 2005-2017 Matt Mackall and others
This is free software; see the source for copying conditions. There is NO
warranty; not even for MERCHANTABILITY or FITNESS FOR A PARTICULAR PURPOSE.
[34m[1mmysql version[0m
mysql  Ver 14.14 Distrib 5.6.33, for debian-linux-gnu (x86_64) using  EditLine wrapper
[34m[1mopenssl version[0m
OpenSSL 1.0.1f 6 Jan 2014
[34m[1mpacker version[0m
Packer v1.0.2

Your version of Packer is out of date! The latest version
is 1.1.2. You can update by downloading from www.packer.io
[34m[1mpostgresql client version[0m
psql (PostgreSQL) 9.6.6
[34m[1mragel version[0m
Ragel State Machine Compiler version 6.8 Feb 2013
Copyright (c) 2001-2009 by Adrian Thurston
[34m[1msubversion version[0m
svn, version 1.8.8 (r1568071)
   compiled Aug 10 2017, 17:20:39 on x86_64-pc-linux-gnu

Copyright (C) 2013 The Apache Software Foundation.
This software consists of contributions made by many people;
see the NOTICE file for more information.
Subversion is open source software, see http://subversion.apache.org/

The following repository access (RA) modules are available:

* ra_svn : Module for accessing a repository using the svn network protocol.
  - with Cyrus SASL authentication
  - handles 'svn' scheme
* ra_local : Module for accessing a repository on local disk.
  - handles 'file' scheme
* ra_serf : Module for accessing a repository via WebDAV protocol using serf.
  - using serf 1.3.3
  - handles 'http' scheme
  - handles 'https' scheme

[34m[1msudo version[0m
Sudo version 1.8.9p5
Configure options: --prefix=/usr -v --with-all-insults --with-pam --with-fqdn --with-logging=syslog --with-logfac=authpriv --with-env-editor --with-editor=/usr/bin/editor --with-timeout=15 --with-password-timeout=0 --with-passprompt=[sudo] password for %p:  --without-lecture --with-tty-tickets --disable-root-mailer --enable-admin-flag --with-sendmail=/usr/sbin/sendmail --with-timedir=/var/lib/sudo --mandir=/usr/share/man --libexecdir=/usr/lib/sudo --with-sssd --with-sssd-lib=/usr/lib/x86_64-linux-gnu --with-selinux
Sudoers policy plugin version 1.8.9p5
Sudoers file grammar version 43

Sudoers path: /etc/sudoers
Authentication methods: 'pam'
Syslog facility if syslog is being used for logging: authpriv
Syslog priority to use when user authenticates successfully: notice
Syslog priority to use when user authenticates unsuccessfully: alert
Send mail if the user is not in sudoers
Use a separate timestamp for each user/tty combo
Lecture user the first time they run sudo
Root may run sudo
Allow some information gathering to give useful error messages
Require fully-qualified hostnames in the sudoers file
Visudo will honor the EDITOR environment variable
Set the LOGNAME and USER environment variables
Length at which to wrap log file lines (0 for no wrap): 80
Authentication timestamp timeout: 15.0 minutes
Password prompt timeout: 0.0 minutes
Number of tries to enter a password: 3
Umask to use or 0777 to use user's: 022
Path to mail program: /usr/sbin/sendmail
Flags for mail program: -t
Address to send mail to: root
Subject line for mail messages: *** SECURITY information for %h ***
Incorrect password message: Sorry, try again.
Path to authentication timestamp dir: /var/lib/sudo
Default password prompt: [sudo] password for %p: 
Default user to run commands as: root
Value to override user's $PATH with: /usr/local/sbin:/usr/local/bin:/usr/sbin:/usr/bin:/sbin:/bin:/snap/bin
Path to the editor for use by visudo: /usr/bin/editor
When to require a password for 'list' pseudocommand: any
When to require a password for 'verify' pseudocommand: all
File descriptors >= 3 will be closed before executing a command
Environment variables to check for sanity:
	TZ
	TERM
	LINGUAS
	LC_*
	LANGUAGE
	LANG
	COLORTERM
Environment variables to remove:
	RUBYOPT
	RUBYLIB
	PYTHONUSERBASE
	PYTHONINSPECT
	PYTHONPATH
	PYTHONHOME
	TMPPREFIX
	ZDOTDIR
	READNULLCMD
	NULLCMD
	FPATH
	PERL5DB
	PERL5OPT
	PERL5LIB
	PERLLIB
	PERLIO_DEBUG 
	JAVA_TOOL_OPTIONS
	SHELLOPTS
	GLOBIGNORE
	PS4
	BASH_ENV
	ENV
	TERMCAP
	TERMPATH
	TERMINFO_DIRS
	TERMINFO
	_RLD*
	LD_*
	PATH_LOCALE
	NLSPATH
	HOSTALIASES
	RES_OPTIONS
	LOCALDOMAIN
	CDPATH
	IFS
Environment variables to preserve:
	JAVA_HOME
	TRAVIS
	CI
	DEBIAN_FRONTEND
	XAUTHORIZATION
	XAUTHORITY
	PS2
	PS1
	PATH
	LS_COLORS
	KRB5CCNAME
	HOSTNAME
	HOME
	DISPLAY
	COLORS
Locale to use while parsing sudoers: C
Directory in which to store input/output logs: /var/log/sudo-io
File in which to store the input/output log: %{seq}
Add an entry to the utmp/utmpx file when allocating a pty
PAM service name to use
PAM service name to use for login shells
Create a new PAM session for the command to run in
Maximum I/O log sequence number: 0

Local IP address and netmask pairs:
	172.17.0.2/255.255.0.0

Sudoers I/O plugin version 1.8.9p5
[34m[1mgzip version[0m
gzip 1.6
Copyright (C) 2007, 2010, 2011 Free Software Foundation, Inc.
Copyright (C) 1993 Jean-loup Gailly.
This is free software.  You may redistribute copies of it under the terms of
the GNU General Public License <http://www.gnu.org/licenses/gpl.html>.
There is NO WARRANTY, to the extent permitted by law.

Written by Jean-loup Gailly.
[34m[1mzip version[0m
Copyright (c) 1990-2008 Info-ZIP - Type 'zip "-L"' for software license.
This is Zip 3.0 (July 5th 2008), by Info-ZIP.
Currently maintained by E. Gordon.  Please send bug reports to
the authors using the web page at www.info-zip.org; see README for details.

Latest sources and executables are at ftp://ftp.info-zip.org/pub/infozip,
as of above date; see http://www.info-zip.org/ for other sites.

Compiled with gcc 4.8.2 for Unix (Linux ELF) on Oct 21 2013.

Zip special compilation options:
	USE_EF_UT_TIME       (store Universal Time)
	BZIP2_SUPPORT        (bzip2 library version 1.0.6, 6-Sept-2010)
	    bzip2 code and library copyright (c) Julian R Seward
	    (See the bzip2 license for terms of use)
	SYMLINK_SUPPORT      (symbolic links supported)
	LARGE_FILE_SUPPORT   (can read and write large files on file system)
	ZIP64_SUPPORT        (use Zip64 to store large files in archives)
	UNICODE_SUPPORT      (store and read UTF-8 Unicode paths)
	STORE_UNIX_UIDs_GIDs (store UID/GID sizes/values using new extra field)
	UIDGID_NOT_16BIT     (old Unix 16-bit UID/GID extra field not used)
	[encryption, version 2.91 of 05 Jan 2007] (modified for Zip 3)

Encryption notice:
	The encryption code of this program is not copyrighted and is
	put in the public domain.  It was originally written in Europe
	and, to the best of our knowledge, can be freely distributed
	in both source and object forms from any country, including
	the USA under License Exception TSU of the U.S. Export
	Administration Regulations (section 740.13(e)) of 6 June 2002.

Zip environment options:
             ZIP:  [none]
          ZIPOPT:  [none]
[34m[1mvim version[0m
VIM - Vi IMproved 7.4 (2013 Aug 10, compiled Nov 24 2016 16:43:18)
Included patches: 1-52
Extra patches: 8.0.0056
Modified by pkg-vim-maintainers@lists.alioth.debian.org
Compiled by buildd@
Huge version without GUI.  Features included (+) or not (-):
+acl             +farsi           +mouse_netterm   +syntax
+arabic          +file_in_path    +mouse_sgr       +tag_binary
+autocmd         +find_in_path    -mouse_sysmouse  +tag_old_static
-balloon_eval    +float           +mouse_urxvt     -tag_any_white
-browse          +folding         +mouse_xterm     -tcl
++builtin_terms  -footer          +multi_byte      +terminfo
+byte_offset     +fork()          +multi_lang      +termresponse
+cindent         +gettext         -mzscheme        +textobjects
-clientserver    -hangul_input    +netbeans_intg   +title
-clipboard       +iconv           +path_extra      -toolbar
+cmdline_compl   +insert_expand   -perl            +user_commands
+cmdline_hist    +jumplist        +persistent_undo +vertsplit
+cmdline_info    +keymap          +postscript      +virtualedit
+comments        +langmap         +printer         +visual
+conceal         +libcall         +profile         +visualextra
+cryptv          +linebreak       +python          +viminfo
+cscope          +lispindent      -python3         +vreplace
+cursorbind      +listcmds        +quickfix        +wildignore
+cursorshape     +localmap        +reltime         +wildmenu
+dialog_con      -lua             +rightleft       +windows
+diff            +menu            -ruby            +writebackup
+digraphs        +mksession       +scrollbind      -X11
-dnd             +modify_fname    +signs           -xfontset
-ebcdic          +mouse           +smartindent     -xim
+emacs_tags      -mouseshape      -sniff           -xsmp
+eval            +mouse_dec       +startuptime     -xterm_clipboard
+ex_extra        +mouse_gpm       +statusline      -xterm_save
+extra_search    -mouse_jsbterm   -sun_workshop    -xpm
   system vimrc file: "$VIM/vimrc"
     user vimrc file: "$HOME/.vimrc"
 2nd user vimrc file: "~/.vim/vimrc"
      user exrc file: "$HOME/.exrc"
  fall-back for $VIM: "/usr/share/vim"
Compilation: gcc -c -I. -Iproto -DHAVE_CONFIG_H     -g -O2 -fstack-protector --param=ssp-buffer-size=4 -Wformat -Werror=format-security -U_FORTIFY_SOURCE -D_FORTIFY_SOURCE=1      
Linking: gcc   -Wl,-Bsymbolic-functions -Wl,-z,relro -Wl,--as-needed -o vim        -lm -ltinfo -lnsl  -lselinux  -lacl -lattr -lgpm -ldl    -L/usr/lib/python2.7/config-x86_64-linux-gnu -lpython2.7 -lpthread -ldl -lutil -lm -Xlinker -export-dynamic -Wl,-O1 -Wl,-Bsymbolic-functions      
[34m[1miptables version[0m
iptables v1.4.21
[34m[1mcurl version[0m
curl 7.35.0 (x86_64-pc-linux-gnu) libcurl/7.35.0 OpenSSL/1.0.1f zlib/1.2.8 libidn/1.28 librtmp/2.3
[34m[1mwget version[0m
GNU Wget 1.15 built on linux-gnu.
[34m[1mrsync version[0m
rsync  version 3.1.0  protocol version 31
[34m[1mgimme version[0m
v1.2.0
[34m[1mnvm version[0m
0.33.6
[34m[1mperlbrew version[0m
/home/travis/perl5/perlbrew/bin/perlbrew  - App::perlbrew/0.80
[34m[1mphpenv version[0m
rbenv 1.1.1-25-g6aa70b6
[34m[1mrvm version[0m
rvm 1.29.3 (latest) by Michal Papis, Piotr Kuczynski, Wayne E. Seguin [https://rvm.io]
[34m[1mdefault ruby version[0m
ruby 2.4.1p111 (2017-03-22 revision 58053) [x86_64-linux]
[34m[1mCouchDB version[0m
couchdb 1.6.1
[34m[1mElasticSearch version[0m
5.5.0
[34m[1mInstalled Firefox version[0m
firefox 56.0.2
[34m[1mMongoDB version[0m
MongoDB 3.4.10
[34m[1mPhantomJS version[0m
2.1.1
[34m[1mPre-installed PostgreSQL versions[0m
9.2.24
9.3.20
9.4.15
9.5.10
9.6.6
[34m[1mRabbitMQ Version[0m
3.6.14
[34m[1mRedis version[0m
redis-server 4.0.6
[34m[1mriak version[0m
2.2.3
[34m[1mPre-installed Go versions[0m
1.7.4
[34m[1mant version[0m
Apache Ant(TM) version 1.9.3 compiled on April 8 2014
[34m[1mmvn version[0m
Apache Maven 3.5.2 (138edd61fd100ec658bfa2d307c43b76940a5d7d; 2017-10-18T07:58:13Z)
Maven home: /usr/local/maven-3.5.2
Java version: 1.8.0_151, vendor: Oracle Corporation
Java home: /usr/lib/jvm/java-8-oracle/jre
Default locale: en_US, platform encoding: UTF-8
OS name: "linux", version: "4.4.0-101-generic", arch: "amd64", family: "unix"
[34m[1mgradle version[0m

------------------------------------------------------------
Gradle 4.0.1
------------------------------------------------------------

Build time:   2017-07-07 14:02:41 UTC
Revision:     38e5dc0f772daecca1d2681885d3d85414eb6826

Groovy:       2.4.11
Ant:          Apache Ant(TM) version 1.9.6 compiled on June 29 2015
JVM:          1.8.0_151 (Oracle Corporation 25.151-b12)
OS:           Linux 4.4.0-101-generic amd64

[34m[1mlein version[0m
Leiningen 2.8.1 on Java 1.8.0_151 Java HotSpot(TM) 64-Bit Server VM
[34m[1mPre-installed Node.js versions[0m
v4.8.6
v6.12.0
v6.12.1
v8.9
v8.9.1
[34m[1mphpenv versions[0m
  system
  5.6
* 5.6.32 (set by /home/travis/.phpenv/version)
  7.0
  7.0.25
  7.1
  7.1.11
  hhvm
  hhvm-stable
[34m[1mcomposer --version[0m
Composer version 1.5.2 2017-09-11 16:59:25
[34m[1mPre-installed Ruby versions[0m
ruby-2.2.7
ruby-2.3.4
ruby-2.4.1
travis_fold:end:system_info[0K
travis_time:end:00477124:start=1642671997368141252,finish=1642671997376376272,duration=8235020,event=show_system_info[0Ktravis_time:start:0bf7cdd8[0Ktravis_time:end:0bf7cdd8:start=1642671997382870860,finish=1642671997402938839,duration=20067979,event=rm_riak_source[0Ktravis_time:start:01c43b38[0Ktravis_time:end:01c43b38:start=1642671997416229525,finish=1642671997431258981,duration=15029456,event=fix_rwky_redis[0Ktravis_time:start:040ab6c8[0K[31;1mTimeout waiting for network availability.[0m
travis_time:end:040ab6c8:start=1642671997437142731,finish=1642672018155236559,duration=20718093828,event=wait_for_network[0Ktravis_time:start:1bfa9272[0Ktravis_time:end:1bfa9272:start=1642672018161220231,finish=1642672019763266413,duration=1602046182,event=update_apt_keys[0Ktravis_time:start:00307fe0[0Ktravis_time:end:00307fe0:start=1642672019770076300,finish=1642672021568354963,duration=1798278663,event=fix_hhvm_source[0Ktravis_time:start:0990cc4c[0Ktravis_time:end:0990cc4c:start=1642672021576286879,finish=1642672021582834878,duration=6547999,event=update_mongo_arch[0Ktravis_time:start:041fcce9[0Ktravis_time:end:041fcce9:start=1642672021590838184,finish=1642672021663614361,duration=72776177,event=fix_sudo_enabled_trusty[0Ktravis_time:start:17472525[0Ktravis_time:end:17472525:start=1642672021670484041,finish=1642672021689854387,duration=19370346,event=clean_up_path[0Ktravis_time:start:1006a2e0[0Ktravis_time:end:1006a2e0:start=1642672021696846220,finish=1642672021712866449,duration=16020229,event=fix_resolv_conf[0Ktravis_time:start:164114d0[0Ktravis_time:end:164114d0:start=1642672021720061673,finish=1642672021744041044,duration=23979371,event=fix_etc_hosts[0Ktravis_time:start:0e37e160[0Ktravis_time:start:118d91e0[0Ktravis_time:end:118d91e0:start=1642672021771921771,finish=1642672021790169804,duration=18248033,event=no_ipv6_localhost[0Ktravis_time:start:076fa3c1[0Ktravis_time:end:076fa3c1:start=1642672021797017316,finish=1642672021801260024,duration=4242708,event=fix_etc_mavenrc[0Ktravis_time:start:1cac5fd6[0Ktravis_time:end:1cac5fd6:start=1642672021808786920,finish=1642672021817171524,duration=8384604,event=fix_wwdr_certificate[0Ktravis_time:start:1fe2b7b9[0Ktravis_time:end:1fe2b7b9:start=1642672021824425664,finish=1642672021869865263,duration=45439599,event=put_localhost_first[0Ktravis_time:start:03d33968[0Ktravis_time:end:03d33968:start=1642672021876982734,finish=1642672021883445516,duration=6462782,event=home_paths[0Ktravis_time:start:02346bbc[0Ktravis_time:end:02346bbc:start=1642672021890882652,finish=1642672021955146815,duration=64264163,event=disable_initramfs[0Ktravis_time:start:0297f79b[0Ktravis_time:end:0297f79b:start=1642672021961089603,finish=1642672022146455281,duration=185365678,event=disable_ssh_roaming[0Ktravis_time:start:0b13c210[0Ktravis_time:end:0b13c210:start=1642672022153600943,finish=1642672022159057337,duration=5456394,event=debug_tools[0Ktravis_time:start:22f73e08[0Ktravis_time:end:22f73e08:start=1642672022167680261,finish=1642672022176406098,duration=8725837,event=uninstall_oclint[0Ktravis_time:start:01970b3b[0Ktravis_time:end:01970b3b:start=1642672022184849521,finish=1642672022192759160,duration=7909639,event=rvm_use[0Ktravis_time:start:0a33a1a8[0Ktravis_time:end:0a33a1a8:start=1642672022201402074,finish=1642672022220761000,duration=19358926,event=rm_etc_boto_cfg[0Ktravis_time:start:17b6ba6b[0Ktravis_time:end:17b6ba6b:start=1642672022229671790,finish=1642672022236439384,duration=6767594,event=rm_oraclejdk8_symlink[0Ktravis_time:start:056b4598[0Ktravis_time:end:056b4598:start=1642672022244057963,finish=1642672022560690583,duration=316632620,event=enable_i386[0Ktravis_time:start:016f30d7[0Ktravis_time:end:016f30d7:start=1642672022568157552,finish=1642672022575601894,duration=7444342,event=update_rubygems[0Ktravis_time:start:06821ce3[0Ktravis_time:end:06821ce3:start=1642672022581222583,finish=1642672024044254057,duration=1463031474,event=ensure_path_components[0Ktravis_time:start:0afb2bf4[0Ktravis_time:end:0afb2bf4:start=1642672024050404300,finish=1642672024055029781,duration=4625481,event=redefine_curl[0Ktravis_time:start:26dfdd4d[0Ktravis_time:end:26dfdd4d:start=1642672024062028869,finish=1642672024066832200,duration=4803331,event=nonblock_pipe[0Ktravis_time:start:26f45b71[0Ktravis_time:end:26f45b71:start=1642672024072908554,finish=1642672033582678937,duration=9509770383,event=apt_get_update[0Ktravis_time:start:021dcfe3[0Ktravis_time:end:021dcfe3:start=1642672033588298299,finish=1642672033592700407,duration=4402108,event=deprecate_xcode_64[0Ktravis_time:start:03bc2f0b[0Ktravis_time:end:03bc2f0b:start=1642672033598580371,finish=1642672060703544047,duration=27104963676,event=update_heroku[0Ktravis_time:start:1cb8cf88[0Ktravis_time:end:1cb8cf88:start=1642672060709409941,finish=1642672060713530600,duration=4120659,event=shell_session_update[0Ktravis_time:start:039dfaca[0Ktravis_fold:start:docker_mtu[0Ktee: /etc/docker/daemon.json: No such file or directory
docker: unrecognized service
travis_fold:end:docker_mtu[0Ktravis_time:end:039dfaca:start=1642672060719735456,finish=1642672060762612299,duration=42876843,event=set_docker_mtu[0Ktravis_time:start:33094893[0Ktravis_fold:start:resolvconf[0Kinitctl: Unable to connect to Upstart: Failed to connect to socket /com/ubuntu/upstart: Connection refused
 * Restarting resolvconf...
   ...done.
travis_fold:end:resolvconf[0Ktravis_time:end:33094893:start=1642672060771129990,finish=1642672060920241074,duration=149111084,event=resolvconf[0K
travis_fold:start:install_jdk[0K[33;1mInstalling openjdk7[0m
$ jdk_switcher use "openjdk7"
Switching to OpenJDK7 (java-1.7.0-openjdk-amd64), JAVA_HOME will be set to /usr/lib/jvm/java-7-openjdk-amd64
travis_fold:end:install_jdk[0Ktravis_time:start:0c68f270[0Ktravis_time:end:0c68f270:start=1642672061665902695,finish=1642672061672241883,duration=6339188,event=fix_ps4[0Ktravis_time:start:0a011bdc[0K
$ cd failed/ibissource/iaf

travis_time:end:0a011bdc:start=1642672061680727341,finish=1642672061687738166,duration=7010825,event=checkout[0Ktravis_time:start:030a7844[0Ktravis_time:end:030a7844:start=1642672061696357503,finish=1642672061864463715,duration=168106212,event=env[0K$ java -Xmx32m -version
java version "1.7.0_151"
OpenJDK Runtime Environment (IcedTea 2.6.11) (7u151-2.6.11-2ubuntu0.14.04.1)
OpenJDK 64-Bit Server VM (build 24.151-b01, mixed mode)
$ javac -J-Xmx32m -version
javac 1.7.0_151
travis_fold:start:install[0Ktravis_time:start:03d1f3ee[0K$ echo 'Skipping separate install phase'
Skipping separate install phase
travis_time:end:03d1f3ee:start=1642672062244948705,finish=1642672062249072497,duration=4123792,event=install[0Ktravis_fold:end:install[0Ktravis_time:start:104aa1c7[0K$ mvn -o install -Dhttps.protocols=TLSv1.2 -Dhttps.protocols=TLSv1.2 -B -Dmaven.javadoc.skip=true
[INFO] Scanning for projects...
[INFO] ------------------------------------------------------------------------
[INFO] Reactor Build Order:
[INFO] 
[INFO] Ibis AdapterFramework parent
[INFO] Ibis AdapterFramework core
[INFO] Ibis AdapterFramework Larva
[INFO] Ibis AdapterFramework support for Akamai
[INFO] Ibis AdapterFramework Ladybug
[INFO] Ibis AdapterFramework support for Cmis
[INFO] Ibis AdapterFramework webapp
[INFO] Ibis AdapterFramework Test
[INFO] Ibis AdapterFramework example
[INFO] Ibis AdapterFramework example-ear
[INFO] 
[INFO] ------------------------------------------------------------------------
[INFO] Building Ibis AdapterFramework parent 7.5-SNAPSHOT
[INFO] ------------------------------------------------------------------------
[INFO] 
[INFO] --- maven-javadoc-plugin:2.10.4:jar (attach-javadocs) @ ibis-adapterframework-parent ---
[INFO] Skipping javadoc generation
[INFO] 
[INFO] --- maven-source-plugin:2.4:jar-no-fork (attach-sources) @ ibis-adapterframework-parent ---
[INFO] 
[INFO] --- maven-install-plugin:2.4:install (default-install) @ ibis-adapterframework-parent ---
[INFO] Installing /home/travis/build/failed/ibissource/iaf/pom.xml to /home/travis/.m2/failed/org/ibissource/ibis-adapterframework-parent/7.5-SNAPSHOT/ibis-adapterframework-parent-7.5-SNAPSHOT.pom
[INFO] 
[INFO] ------------------------------------------------------------------------
[INFO] Building Ibis AdapterFramework core 7.5-SNAPSHOT
[INFO] ------------------------------------------------------------------------
[INFO] 
[INFO] --- maven-resources-plugin:2.6:resources (default-resources) @ ibis-adapterframework-core ---
[INFO] Using 'UTF-8' encoding to copy filtered resources.
[INFO] Copying 114 resources
[INFO] 
[INFO] --- maven-compiler-plugin:3.1:compile (default-compile) @ ibis-adapterframework-core ---
[INFO] Nothing to compile - all classes are up to date
[INFO] 
[INFO] --- maven-resources-plugin:2.6:testResources (default-testResources) @ ibis-adapterframework-core ---
[INFO] Using 'UTF-8' encoding to copy filtered resources.
[INFO] Copying 343 resources
[INFO] 
[INFO] --- maven-compiler-plugin:3.1:testCompile (default-testCompile) @ ibis-adapterframework-core ---
[INFO] Nothing to compile - all classes are up to date
[INFO] 
[INFO] --- maven-surefire-plugin:2.22.2:test (default-test) @ ibis-adapterframework-core ---
[INFO] 
[INFO] -------------------------------------------------------
[INFO]  T E S T S
[INFO] -------------------------------------------------------
[INFO] Running nl.nn.adapterframework.align.OverridesMapTest
[INFO] Tests run: 1, Failures: 0, Errors: 0, Skipped: 0, Time elapsed: 0.909 s - in nl.nn.adapterframework.align.OverridesMapTest
[INFO] Running nl.nn.adapterframework.align.TestAlignXml
[INFO] Tests run: 18, Failures: 0, Errors: 0, Skipped: 0, Time elapsed: 2.537 s - in nl.nn.adapterframework.align.TestAlignXml
[INFO] Running nl.nn.adapterframework.align.TestDomTreeAligner
[WARNING] Tests run: 22, Failures: 0, Errors: 0, Skipped: 2, Time elapsed: 0.366 s - in nl.nn.adapterframework.align.TestDomTreeAligner
[INFO] Running nl.nn.adapterframework.align.TestJson2Xml
[INFO] Tests run: 28, Failures: 0, Errors: 0, Skipped: 0, Time elapsed: 5.457 s - in nl.nn.adapterframework.align.TestJson2Xml
[INFO] Running nl.nn.adapterframework.align.TestMap2Xml
[WARNING] Tests run: 22, Failures: 0, Errors: 0, Skipped: 10, Time elapsed: 0.776 s - in nl.nn.adapterframework.align.TestMap2Xml
[INFO] Running nl.nn.adapterframework.align.TestValidations
[INFO] Tests run: 2, Failures: 0, Errors: 0, Skipped: 0, Time elapsed: 0.612 s - in nl.nn.adapterframework.align.TestValidations
[INFO] Running nl.nn.adapterframework.align.TestXml2Json
[WARNING] Tests run: 22, Failures: 0, Errors: 0, Skipped: 1, Time elapsed: 1.175 s - in nl.nn.adapterframework.align.TestXml2Json
[INFO] Running nl.nn.adapterframework.align.TestXml2Map
[WARNING] Tests run: 21, Failures: 0, Errors: 0, Skipped: 2, Time elapsed: 0.267 s - in nl.nn.adapterframework.align.TestXml2Map
[INFO] Running nl.nn.adapterframework.align.content.JsonElementContainerTest
[INFO] Tests run: 1, Failures: 0, Errors: 0, Skipped: 0, Time elapsed: 0 s - in nl.nn.adapterframework.align.content.JsonElementContainerTest
[INFO] Running nl.nn.adapterframework.configuration.ClassLoaderManagerTest
[INFO] Tests run: 112, Failures: 0, Errors: 0, Skipped: 0, Time elapsed: 11.205 s - in nl.nn.adapterframework.configuration.ClassLoaderManagerTest
[INFO] Running nl.nn.adapterframework.configuration.ConfigurationUtilsTest
[INFO] Tests run: 3, Failures: 0, Errors: 0, Skipped: 0, Time elapsed: 0 s - in nl.nn.adapterframework.configuration.ConfigurationUtilsTest
[INFO] Running nl.nn.adapterframework.configuration.DirectoryScanningAdapterServiceImplTest
[WARNING] Corrupted STDOUT by directly writing to native stream in forked JVM 1. See FAQ web page and the dump file /home/travis/build/failed/ibissource/iaf/core/target/surefire-reports/2022-01-20T09-48-11_811-jvmRun1.dumpstream
[INFO] Tests run: 1, Failures: 0, Errors: 0, Skipped: 0, Time elapsed: 17.673 s - in nl.nn.adapterframework.configuration.DirectoryScanningAdapterServiceImplTest
[INFO] Running nl.nn.adapterframework.configuration.classloaders.BasePathClassLoaderTest
[INFO] Tests run: 21, Failures: 0, Errors: 0, Skipped: 0, Time elapsed: 0.015 s - in nl.nn.adapterframework.configuration.classloaders.BasePathClassLoaderTest
[INFO] Running nl.nn.adapterframework.configuration.classloaders.DatabaseClassLoaderTest
[INFO] Tests run: 19, Failures: 0, Errors: 0, Skipped: 0, Time elapsed: 0.145 s - in nl.nn.adapterframework.configuration.classloaders.DatabaseClassLoaderTest
[INFO] Running nl.nn.adapterframework.configuration.classloaders.DirectoryClassLoaderTest
[INFO] Tests run: 15, Failures: 0, Errors: 0, Skipped: 0, Time elapsed: 0.006 s - in nl.nn.adapterframework.configuration.classloaders.DirectoryClassLoaderTest
[INFO] Running nl.nn.adapterframework.configuration.classloaders.JarFileClassLoaderTest
[INFO] Tests run: 15, Failures: 0, Errors: 0, Skipped: 0, Time elapsed: 0.019 s - in nl.nn.adapterframework.configuration.classloaders.JarFileClassLoaderTest
[INFO] Running nl.nn.adapterframework.core.PipeLineSessionBaseTest
[INFO] Tests run: 6, Failures: 0, Errors: 0, Skipped: 0, Time elapsed: 0 s - in nl.nn.adapterframework.core.PipeLineSessionBaseTest
[INFO] Running nl.nn.adapterframework.extensions.cxf.SoapProviderTest
[INFO] Tests run: 6, Failures: 0, Errors: 0, Skipped: 0, Time elapsed: 1.318 s - in nl.nn.adapterframework.extensions.cxf.SoapProviderTest
[INFO] Running nl.nn.adapterframework.extensions.graphviz.FormatTest
[INFO] Tests run: 8, Failures: 0, Errors: 0, Skipped: 0, Time elapsed: 0 s - in nl.nn.adapterframework.extensions.graphviz.FormatTest
[INFO] Running nl.nn.adapterframework.extensions.graphviz.GraphvizEngineTest
[INFO] Tests run: 11, Failures: 0, Errors: 0, Skipped: 0, Time elapsed: 12.774 s - in nl.nn.adapterframework.extensions.graphviz.GraphvizEngineTest
[INFO] Running nl.nn.adapterframework.extensions.graphviz.OptionsTest
[INFO] Tests run: 9, Failures: 0, Errors: 0, Skipped: 0, Time elapsed: 0 s - in nl.nn.adapterframework.extensions.graphviz.OptionsTest
[INFO] Running nl.nn.adapterframework.extensions.javascript.J2V8CallbackTest
[INFO] Tests run: 2, Failures: 0, Errors: 0, Skipped: 0, Time elapsed: 0.818 s - in nl.nn.adapterframework.extensions.javascript.J2V8CallbackTest
[INFO] Running nl.nn.adapterframework.extensions.javascript.JavascriptSenderTest
[WARNING] Tests run: 28, Failures: 0, Errors: 0, Skipped: 2, Time elapsed: 3.55 s - in nl.nn.adapterframework.extensions.javascript.JavascriptSenderTest
[INFO] Running nl.nn.adapterframework.filesystem.DirectoryListenerTest
[INFO] Tests run: 19, Failures: 0, Errors: 0, Skipped: 0, Time elapsed: 0.563 s - in nl.nn.adapterframework.filesystem.DirectoryListenerTest
[INFO] Running nl.nn.adapterframework.filesystem.LocalFileSystemListenerTest
[INFO] Tests run: 19, Failures: 0, Errors: 0, Skipped: 0, Time elapsed: 0.099 s - in nl.nn.adapterframework.filesystem.LocalFileSystemListenerTest
[INFO] Running nl.nn.adapterframework.filesystem.LocalFileSystemTest
[WARNING] Tests run: 34, Failures: 0, Errors: 0, Skipped: 2, Time elapsed: 5.507 s - in nl.nn.adapterframework.filesystem.LocalFileSystemTest
[INFO] Running nl.nn.adapterframework.filesystem.MockFileSystemActorTest
[INFO] Tests run: 28, Failures: 0, Errors: 0, Skipped: 0, Time elapsed: 0.61 s - in nl.nn.adapterframework.filesystem.MockFileSystemActorTest
[INFO] Running nl.nn.adapterframework.filesystem.MockFileSystemListenerTest
[INFO] Tests run: 20, Failures: 0, Errors: 0, Skipped: 0, Time elapsed: 0.005 s - in nl.nn.adapterframework.filesystem.MockFileSystemListenerTest
[INFO] Running nl.nn.adapterframework.filesystem.MockFileSystemPipeTest
[INFO] Tests run: 20, Failures: 0, Errors: 0, Skipped: 0, Time elapsed: 0.002 s - in nl.nn.adapterframework.filesystem.MockFileSystemPipeTest
[INFO] Running nl.nn.adapterframework.filesystem.MockFileSystemSenderTest
[INFO] Tests run: 20, Failures: 0, Errors: 0, Skipped: 0, Time elapsed: 0.437 s - in nl.nn.adapterframework.filesystem.MockFileSystemSenderTest
[INFO] Running nl.nn.adapterframework.filesystem.MockFileSystemTest
[INFO] Tests run: 31, Failures: 0, Errors: 0, Skipped: 0, Time elapsed: 4.998 s - in nl.nn.adapterframework.filesystem.MockFileSystemTest
[INFO] Running nl.nn.adapterframework.filesystem.MockFileSystemWithAttachmentsTest
[INFO] Tests run: 18, Failures: 0, Errors: 0, Skipped: 0, Time elapsed: 5.003 s - in nl.nn.adapterframework.filesystem.MockFileSystemWithAttachmentsTest
[INFO] Running nl.nn.adapterframework.filesystem.MockForEachAttachmentPipeTest
[INFO] Tests run: 3, Failures: 0, Errors: 0, Skipped: 0, Time elapsed: 0.775 s - in nl.nn.adapterframework.filesystem.MockForEachAttachmentPipeTest
[INFO] Running nl.nn.adapterframework.http.HttpSenderResultTest
[INFO] Tests run: 10, Failures: 0, Errors: 0, Skipped: 0, Time elapsed: 3.728 s - in nl.nn.adapterframework.http.HttpSenderResultTest
[INFO] Running nl.nn.adapterframework.http.HttpSenderTest
[INFO] Tests run: 8, Failures: 0, Errors: 0, Skipped: 0, Time elapsed: 1.9 s - in nl.nn.adapterframework.http.HttpSenderTest
[INFO] Running nl.nn.adapterframework.http.MultipartHttpSenderTest
[INFO] Tests run: 6, Failures: 0, Errors: 0, Skipped: 0, Time elapsed: 1.236 s - in nl.nn.adapterframework.http.MultipartHttpSenderTest
[INFO] Running nl.nn.adapterframework.http.WebServiceSenderTest
[INFO] Tests run: 5, Failures: 0, Errors: 0, Skipped: 0, Time elapsed: 2.056 s - in nl.nn.adapterframework.http.WebServiceSenderTest
[INFO] Running nl.nn.adapterframework.http.rest.ApiListenerPatternsTest
[INFO] Tests run: 30, Failures: 0, Errors: 0, Skipped: 0, Time elapsed: 0.91 s - in nl.nn.adapterframework.http.rest.ApiListenerPatternsTest
[INFO] Running nl.nn.adapterframework.http.rest.ApiListenerServletTest
[INFO] Tests run: 30, Failures: 0, Errors: 0, Skipped: 0, Time elapsed: 2.638 s - in nl.nn.adapterframework.http.rest.ApiListenerServletTest
[INFO] Running nl.nn.adapterframework.http.rest.ApiListenerTest
[INFO] Tests run: 13, Failures: 0, Errors: 0, Skipped: 0, Time elapsed: 0.001 s - in nl.nn.adapterframework.http.rest.ApiListenerTest
[INFO] Running nl.nn.adapterframework.http.rest.ApiServiceDispatcherTest
[INFO] Tests run: 1, Failures: 0, Errors: 0, Skipped: 0, Time elapsed: 0.014 s - in nl.nn.adapterframework.http.rest.ApiServiceDispatcherTest
[INFO] Running nl.nn.adapterframework.http.rest.MediaTypeTest
[INFO] Tests run: 6, Failures: 0, Errors: 0, Skipped: 0, Time elapsed: 0.001 s - in nl.nn.adapterframework.http.rest.MediaTypeTest
[INFO] Running nl.nn.adapterframework.jdbc.dbms.MsSqlServerTest
[INFO] Tests run: 4, Failures: 0, Errors: 0, Skipped: 0, Time elapsed: 0.001 s - in nl.nn.adapterframework.jdbc.dbms.MsSqlServerTest
[INFO] Running nl.nn.adapterframework.ldap.LdapSenderTest
[INFO] Tests run: 4, Failures: 0, Errors: 0, Skipped: 0, Time elapsed: 7.222 s - in nl.nn.adapterframework.ldap.LdapSenderTest
[INFO] Running nl.nn.adapterframework.pipes.Base64PipeTest
[INFO] Tests run: 27, Failures: 0, Errors: 0, Skipped: 0, Time elapsed: 0.04 s - in nl.nn.adapterframework.pipes.Base64PipeTest
[INFO] Running nl.nn.adapterframework.pipes.BytesOutputPipeTest
[INFO] Tests run: 1, Failures: 0, Errors: 0, Skipped: 0, Time elapsed: 0.544 s - in nl.nn.adapterframework.pipes.BytesOutputPipeTest
[INFO] Running nl.nn.adapterframework.pipes.ChecksumPipeTest
[INFO] Tests run: 16, Failures: 0, Errors: 0, Skipped: 0, Time elapsed: 0.351 s - in nl.nn.adapterframework.pipes.ChecksumPipeTest
[INFO] Running nl.nn.adapterframework.pipes.CleanupOldFilesPipeTest
[INFO] Tests run: 12, Failures: 0, Errors: 0, Skipped: 0, Time elapsed: 0.365 s - in nl.nn.adapterframework.pipes.CleanupOldFilesPipeTest
[INFO] Running nl.nn.adapterframework.pipes.CompareIntegerPipeTest
[INFO] Tests run: 6, Failures: 0, Errors: 0, Skipped: 0, Time elapsed: 0.002 s - in nl.nn.adapterframework.pipes.CompareIntegerPipeTest
[INFO] Running nl.nn.adapterframework.pipes.CompareStringPipeTest
[INFO] Tests run: 3, Failures: 0, Errors: 0, Skipped: 0, Time elapsed: 0 s - in nl.nn.adapterframework.pipes.CompareStringPipeTest
[INFO] Running nl.nn.adapterframework.pipes.CompressPipeTest
[INFO] Tests run: 17, Failures: 0, Errors: 0, Skipped: 0, Time elapsed: 0.008 s - in nl.nn.adapterframework.pipes.CompressPipeTest
[INFO] Running nl.nn.adapterframework.pipes.CounterSwitchPipeTest
[INFO] Tests run: 4, Failures: 0, Errors: 0, Skipped: 0, Time elapsed: 0.001 s - in nl.nn.adapterframework.pipes.CounterSwitchPipeTest
[INFO] Running nl.nn.adapterframework.pipes.CreateRestViewPipeTest
[INFO] Tests run: 1, Failures: 0, Errors: 0, Skipped: 0, Time elapsed: 0.236 s - in nl.nn.adapterframework.pipes.CreateRestViewPipeTest
[INFO] Running nl.nn.adapterframework.pipes.CredentialCheckingPipeTest
[INFO] Tests run: 13, Failures: 0, Errors: 0, Skipped: 0, Time elapsed: 0.002 s - in nl.nn.adapterframework.pipes.CredentialCheckingPipeTest
[INFO] Running nl.nn.adapterframework.pipes.DelayPipeTest
[INFO] Tests run: 2, Failures: 0, Errors: 0, Skipped: 0, Time elapsed: 0.662 s - in nl.nn.adapterframework.pipes.DelayPipeTest
[INFO] Running nl.nn.adapterframework.pipes.DigesterPipeTest
[INFO] Tests run: 4, Failures: 0, Errors: 0, Skipped: 0, Time elapsed: 0.023 s - in nl.nn.adapterframework.pipes.DigesterPipeTest
[INFO] Running nl.nn.adapterframework.pipes.EchoPipeTest
[INFO] Tests run: 1, Failures: 0, Errors: 0, Skipped: 0, Time elapsed: 0.001 s - in nl.nn.adapterframework.pipes.EchoPipeTest
[INFO] Running nl.nn.adapterframework.pipes.EscapePipeTest
[INFO] Tests run: 17, Failures: 0, Errors: 0, Skipped: 0, Time elapsed: 0.002 s - in nl.nn.adapterframework.pipes.EscapePipeTest
[INFO] Running nl.nn.adapterframework.pipes.EtagHandlerPipeTest
[INFO] Tests run: 10, Failures: 0, Errors: 0, Skipped: 0, Time elapsed: 0.001 s - in nl.nn.adapterframework.pipes.EtagHandlerPipeTest
[INFO] Running nl.nn.adapterframework.pipes.ForEachChildElementPipeTest
[INFO] Tests run: 16, Failures: 0, Errors: 0, Skipped: 0, Time elapsed: 5.364 s - in nl.nn.adapterframework.pipes.ForEachChildElementPipeTest
[INFO] Running nl.nn.adapterframework.pipes.GetFromSessionTest
[INFO] Tests run: 7, Failures: 0, Errors: 0, Skipped: 0, Time elapsed: 0.002 s - in nl.nn.adapterframework.pipes.GetFromSessionTest
[INFO] Running nl.nn.adapterframework.pipes.HashPipeTest
[INFO] Tests run: 5, Failures: 0, Errors: 0, Skipped: 0, Time elapsed: 0.012 s - in nl.nn.adapterframework.pipes.HashPipeTest
[INFO] Running nl.nn.adapterframework.pipes.IsXmlIfPipeTest
[INFO] Tests run: 14, Failures: 0, Errors: 0, Skipped: 0, Time elapsed: 0.131 s - in nl.nn.adapterframework.pipes.IsXmlIfPipeTest
[INFO] Running nl.nn.adapterframework.pipes.Json2WsdlXmlValidatorTest
[INFO] Tests run: 3, Failures: 0, Errors: 0, Skipped: 0, Time elapsed: 3.759 s - in nl.nn.adapterframework.pipes.Json2WsdlXmlValidatorTest
[INFO] Running nl.nn.adapterframework.pipes.JsonPipeTest
[INFO] Tests run: 5, Failures: 0, Errors: 0, Skipped: 0, Time elapsed: 0.004 s - in nl.nn.adapterframework.pipes.JsonPipeTest
[INFO] Running nl.nn.adapterframework.pipes.JsonWellFormedCheckerTest
[INFO] Tests run: 3, Failures: 0, Errors: 0, Skipped: 0, Time elapsed: 0.147 s - in nl.nn.adapterframework.pipes.JsonWellFormedCheckerTest
[INFO] Running nl.nn.adapterframework.pipes.JsonXsltPipeTest
[INFO] Tests run: 1, Failures: 0, Errors: 0, Skipped: 0, Time elapsed: 0.464 s - in nl.nn.adapterframework.pipes.JsonXsltPipeTest
[INFO] Running nl.nn.adapterframework.pipes.PutSystemDateInSessionTest
[INFO] Tests run: 9, Failures: 0, Errors: 0, Skipped: 0, Time elapsed: 1.017 s - in nl.nn.adapterframework.pipes.PutSystemDateInSessionTest
[INFO] Running nl.nn.adapterframework.pipes.StreamPipeTest
[INFO] Tests run: 4, Failures: 0, Errors: 0, Skipped: 0, Time elapsed: 0.692 s - in nl.nn.adapterframework.pipes.StreamPipeTest
[INFO] Running nl.nn.adapterframework.pipes.UUIDGeneratorPipeTest
[INFO] Tests run: 5, Failures: 0, Errors: 0, Skipped: 0, Time elapsed: 0.001 s - in nl.nn.adapterframework.pipes.UUIDGeneratorPipeTest
[INFO] Running nl.nn.adapterframework.pipes.WsdlXmlValidatorMixedModeTest
[INFO] Tests run: 7, Failures: 0, Errors: 0, Skipped: 0, Time elapsed: 0.74 s - in nl.nn.adapterframework.pipes.WsdlXmlValidatorMixedModeTest
[INFO] Running nl.nn.adapterframework.pipes.WsdlXmlValidatorTest
[WARNING] Tests run: 11, Failures: 0, Errors: 0, Skipped: 1, Time elapsed: 1.728 s - in nl.nn.adapterframework.pipes.WsdlXmlValidatorTest
[INFO] Running nl.nn.adapterframework.pipes.XmlIfTest
[INFO] Tests run: 29, Failures: 0, Errors: 0, Skipped: 0, Time elapsed: 0.074 s - in nl.nn.adapterframework.pipes.XmlIfTest
[INFO] Running nl.nn.adapterframework.pipes.XmlSwitchTest
[INFO] Tests run: 3, Failures: 0, Errors: 0, Skipped: 0, Time elapsed: 0.388 s - in nl.nn.adapterframework.pipes.XmlSwitchTest
[INFO] Running nl.nn.adapterframework.pipes.XmlValidatorTest
[WARNING] Tests run: 34, Failures: 0, Errors: 0, Skipped: 2, Time elapsed: 3.638 s - in nl.nn.adapterframework.pipes.XmlValidatorTest
[INFO] Running nl.nn.adapterframework.scheduler.SchedulerAdapterTest
[INFO] Tests run: 9, Failures: 0, Errors: 0, Skipped: 0, Time elapsed: 2.185 s - in nl.nn.adapterframework.scheduler.SchedulerAdapterTest
[INFO] Running nl.nn.adapterframework.scheduler.SchedulerHelperTest
[INFO] Tests run: 13, Failures: 0, Errors: 0, Skipped: 0, Time elapsed: 0.001 s - in nl.nn.adapterframework.scheduler.SchedulerHelperTest
[INFO] Running nl.nn.adapterframework.scheduler.SchedulerSenderTest
[INFO] Tests run: 7, Failures: 0, Errors: 0, Skipped: 0, Time elapsed: 0.221 s - in nl.nn.adapterframework.scheduler.SchedulerSenderTest
[INFO] Running nl.nn.adapterframework.senders.EchoSenderTest
[INFO] Tests run: 1, Failures: 0, Errors: 0, Skipped: 0, Time elapsed: 0 s - in nl.nn.adapterframework.senders.EchoSenderTest
[INFO] Running nl.nn.adapterframework.senders.XsltSenderTest
[INFO] Tests run: 12, Failures: 0, Errors: 0, Skipped: 0, Time elapsed: 1.366 s - in nl.nn.adapterframework.senders.XsltSenderTest
[INFO] Running nl.nn.adapterframework.soap.SoapValidatorTest
[WARNING] Tests run: 8, Failures: 0, Errors: 0, Skipped: 2, Time elapsed: 1.144 s - in nl.nn.adapterframework.soap.SoapValidatorTest
[INFO] Running nl.nn.adapterframework.soap.SoapWrapperTest
[INFO] Tests run: 2, Failures: 0, Errors: 0, Skipped: 0, Time elapsed: 0 s - in nl.nn.adapterframework.soap.SoapWrapperTest
[INFO] Running nl.nn.adapterframework.soap.WsdlTest
[WARNING] Tests run: 22, Failures: 0, Errors: 0, Skipped: 2, Time elapsed: 4.251 s - in nl.nn.adapterframework.soap.WsdlTest
[INFO] Running nl.nn.adapterframework.soap.XSDTest
[WARNING] Tests run: 3, Failures: 0, Errors: 0, Skipped: 1, Time elapsed: 0.218 s - in nl.nn.adapterframework.soap.XSDTest
[INFO] Running nl.nn.adapterframework.stream.InputMessageAdapterTest
[INFO] Tests run: 12, Failures: 0, Errors: 0, Skipped: 0, Time elapsed: 0.302 s - in nl.nn.adapterframework.stream.InputMessageAdapterTest
[INFO] Running nl.nn.adapterframework.stream.MessageOutputStreamTest
[INFO] Tests run: 10, Failures: 0, Errors: 0, Skipped: 0, Time elapsed: 0.002 s - in nl.nn.adapterframework.stream.MessageOutputStreamTest
[INFO] Running nl.nn.adapterframework.stream.XmlWriterTest
[INFO] Tests run: 2, Failures: 0, Errors: 0, Skipped: 0, Time elapsed: 0 s - in nl.nn.adapterframework.stream.XmlWriterTest
[INFO] Running nl.nn.adapterframework.util.ClassUtilsTest
[INFO] Tests run: 36, Failures: 0, Errors: 0, Skipped: 0, Time elapsed: 0.992 s - in nl.nn.adapterframework.util.ClassUtilsTest
[INFO] Running nl.nn.adapterframework.util.EntityResolvingTest
[INFO] Tests run: 4, Failures: 0, Errors: 0, Skipped: 0, Time elapsed: 0.946 s - in nl.nn.adapterframework.util.EntityResolvingTest
[INFO] Running nl.nn.adapterframework.util.FileHandlerTest
[INFO] Tests run: 17, Failures: 0, Errors: 0, Skipped: 0, Time elapsed: 0.462 s - in nl.nn.adapterframework.util.FileHandlerTest
[INFO] Running nl.nn.adapterframework.util.FlowDiagramTest
[INFO] Tests run: 4, Failures: 0, Errors: 0, Skipped: 0, Time elapsed: 1.051 s - in nl.nn.adapterframework.util.FlowDiagramTest
[INFO] Running nl.nn.adapterframework.util.JdbcUtilTest
[INFO] Tests run: 1, Failures: 0, Errors: 0, Skipped: 0, Time elapsed: 1.783 s - in nl.nn.adapterframework.util.JdbcUtilTest
[INFO] Running nl.nn.adapterframework.util.MiscTest
[INFO] Tests run: 1, Failures: 0, Errors: 0, Skipped: 0, Time elapsed: 0 s - in nl.nn.adapterframework.util.MiscTest
[INFO] Running nl.nn.adapterframework.util.TestAssertions
[INFO] Tests run: 5, Failures: 0, Errors: 0, Skipped: 0, Time elapsed: 0 s - in nl.nn.adapterframework.util.TestAssertions
[INFO] Running nl.nn.adapterframework.util.TransformerPoolTest
[INFO] Tests run: 5, Failures: 0, Errors: 0, Skipped: 0, Time elapsed: 0.395 s - in nl.nn.adapterframework.util.TransformerPoolTest
[INFO] Running nl.nn.adapterframework.util.XmlBuilderTest
[INFO] Tests run: 3, Failures: 0, Errors: 0, Skipped: 0, Time elapsed: 0.037 s - in nl.nn.adapterframework.util.XmlBuilderTest
[INFO] Running nl.nn.adapterframework.util.XmlUtilsTest
[INFO] Tests run: 7, Failures: 0, Errors: 0, Skipped: 0, Time elapsed: 0.386 s - in nl.nn.adapterframework.util.XmlUtilsTest
[INFO] Running nl.nn.adapterframework.util.XpathTest
[INFO] Tests run: 11, Failures: 0, Errors: 0, Skipped: 0, Time elapsed: 0.063 s - in nl.nn.adapterframework.util.XpathTest
[INFO] Running nl.nn.adapterframework.util.XsdUtilsTest
[INFO] Tests run: 3, Failures: 0, Errors: 0, Skipped: 0, Time elapsed: 0 s - in nl.nn.adapterframework.util.XsdUtilsTest
[INFO] Running nl.nn.adapterframework.util.XsltStreamingTest
[INFO] Tests run: 1, Failures: 0, Errors: 0, Skipped: 0, Time elapsed: 0.016 s - in nl.nn.adapterframework.util.XsltStreamingTest
[INFO] Running nl.nn.adapterframework.validation.AllXmlValidatorTest
[WARNING] Tests run: 32, Failures: 0, Errors: 0, Skipped: 2, Time elapsed: 0.512 s - in nl.nn.adapterframework.validation.AllXmlValidatorTest
[INFO] Running nl.nn.adapterframework.validation.Json2XmlValidatorSmileyTest
[INFO] Tests run: 6, Failures: 0, Errors: 0, Skipped: 0, Time elapsed: 0.123 s - in nl.nn.adapterframework.validation.Json2XmlValidatorSmileyTest
[INFO] Running nl.nn.adapterframework.validation.Json2XmlValidatorTest
[WARNING] Tests run: 34, Failures: 0, Errors: 0, Skipped: 2, Time elapsed: 1.723 s - in nl.nn.adapterframework.validation.Json2XmlValidatorTest
[INFO] Running nl.nn.adapterframework.validation.SingleJson2XmlValidatorTest
[WARNING] Tests run: 17, Failures: 0, Errors: 0, Skipped: 1, Time elapsed: 0.401 s - in nl.nn.adapterframework.validation.SingleJson2XmlValidatorTest
[INFO] Running nl.nn.adapterframework.validation.SingleXmlValidatorEntityResolvingTest
[INFO] Tests run: 4, Failures: 0, Errors: 0, Skipped: 0, Time elapsed: 0.301 s - in nl.nn.adapterframework.validation.SingleXmlValidatorEntityResolvingTest
[INFO] Running nl.nn.adapterframework.validation.SingleXmlValidatorTest
[WARNING] Tests run: 16, Failures: 0, Errors: 0, Skipped: 1, Time elapsed: 0.145 s - in nl.nn.adapterframework.validation.SingleXmlValidatorTest
[INFO] Running nl.nn.adapterframework.validation.ValidatorEntityExpansionTest
[INFO] Tests run: 8, Failures: 0, Errors: 0, Skipped: 0, Time elapsed: 0.178 s - in nl.nn.adapterframework.validation.ValidatorEntityExpansionTest
[INFO] Running nl.nn.adapterframework.xml.ClassLoaderEntityResolverTest
[WARNING] Tests run: 6, Failures: 0, Errors: 0, Skipped: 1, Time elapsed: 0.178 s - in nl.nn.adapterframework.xml.ClassLoaderEntityResolverTest
[INFO] Running nl.nn.adapterframework.xml.ClassLoaderURIResolverTest
[INFO] Tests run: 24, Failures: 0, Errors: 0, Skipped: 0, Time elapsed: 0.574 s - in nl.nn.adapterframework.xml.ClassLoaderURIResolverTest
[INFO] Running nl.nn.adapterframework.xml.ClassLoaderXmlEntityResolverTest
[INFO] Tests run: 5, Failures: 0, Errors: 0, Skipped: 0, Time elapsed: 0.001 s - in nl.nn.adapterframework.xml.ClassLoaderXmlEntityResolverTest
[INFO] Running nl.nn.adapterframework.xml.SaxExceptionTest
[INFO] Tests run: 15, Failures: 0, Errors: 0, Skipped: 0, Time elapsed: 0.007 s - in nl.nn.adapterframework.xml.SaxExceptionTest
[INFO] Running nl.nn.adapterframework.xslt.ParallelXsltTest
[WARNING] Tests run: 69, Failures: 0, Errors: 0, Skipped: 3, Time elapsed: 4.384 s - in nl.nn.adapterframework.xslt.ParallelXsltTest
[INFO] Running nl.nn.adapterframework.xslt.XsltPipeTest
[WARNING] Tests run: 115, Failures: 0, Errors: 0, Skipped: 5, Time elapsed: 1.462 s - in nl.nn.adapterframework.xslt.XsltPipeTest
[INFO] Running nl.nn.adapterframework.xslt.XsltSenderTest
[WARNING] Tests run: 115, Failures: 0, Errors: 0, Skipped: 5, Time elapsed: 1.101 s - in nl.nn.adapterframework.xslt.XsltSenderTest
[WARNING] ForkStarter IOException: String index out of range: -1. See the dump file /home/travis/build/failed/ibissource/iaf/core/target/surefire-reports/2022-01-20T09-48-11_811-jvmRun1.dumpstream
[INFO] 
[INFO] Results:
[INFO] 
[WARNING] Tests run: 1677, Failures: 0, Errors: 0, Skipped: 47
[INFO] 
[INFO] 
[INFO] --- maven-jar-plugin:2.6:jar (default-jar) @ ibis-adapterframework-core ---
[INFO] 
[INFO] --- maven-jar-plugin:2.6:test-jar (default) @ ibis-adapterframework-core ---
[INFO] Building jar: /home/travis/build/failed/ibissource/iaf/core/target/ibis-adapterframework-core-7.5-SNAPSHOT-tests.jar
[INFO] 
[INFO] --- maven-javadoc-plugin:2.10.4:jar (attach-javadocs) @ ibis-adapterframework-core ---
[INFO] Skipping javadoc generation
[INFO] 
[INFO] --- maven-source-plugin:2.4:jar-no-fork (attach-sources) @ ibis-adapterframework-core ---
[INFO] 
[INFO] --- maven-install-plugin:2.4:install (default-install) @ ibis-adapterframework-core ---
[INFO] Installing /home/travis/build/failed/ibissource/iaf/core/target/ibis-adapterframework-core-7.5-SNAPSHOT.jar to /home/travis/.m2/failed/org/ibissource/ibis-adapterframework-core/7.5-SNAPSHOT/ibis-adapterframework-core-7.5-SNAPSHOT.jar
[INFO] Installing /home/travis/build/failed/ibissource/iaf/core/pom.xml to /home/travis/.m2/failed/org/ibissource/ibis-adapterframework-core/7.5-SNAPSHOT/ibis-adapterframework-core-7.5-SNAPSHOT.pom
[INFO] Installing /home/travis/build/failed/ibissource/iaf/core/target/ibis-adapterframework-core-7.5-SNAPSHOT-tests.jar to /home/travis/.m2/failed/org/ibissource/ibis-adapterframework-core/7.5-SNAPSHOT/ibis-adapterframework-core-7.5-SNAPSHOT-tests.jar
[INFO] Installing /home/travis/build/failed/ibissource/iaf/core/target/ibis-adapterframework-core-7.5-SNAPSHOT-sources.jar to /home/travis/.m2/failed/org/ibissource/ibis-adapterframework-core/7.5-SNAPSHOT/ibis-adapterframework-core-7.5-SNAPSHOT-sources.jar
[INFO] 
[INFO] ------------------------------------------------------------------------
[INFO] Building Ibis AdapterFramework Larva 7.5-SNAPSHOT
[INFO] ------------------------------------------------------------------------
[INFO] 
[INFO] --- maven-resources-plugin:2.6:resources (default-resources) @ ibis-adapterframework-larva ---
[INFO] Using 'UTF-8' encoding to copy filtered resources.
[INFO] skip non existing resourceDirectory /home/travis/build/failed/ibissource/iaf/larva/src/main/resources
[INFO] 
[INFO] --- maven-compiler-plugin:3.1:compile (default-compile) @ ibis-adapterframework-larva ---
[INFO] Changes detected - recompiling the module!
[INFO] Compiling 11 source files to /home/travis/build/failed/ibissource/iaf/larva/target/classes
[WARNING] /home/travis/build/failed/ibissource/iaf/larva/src/main/java/nl/nn/adapterframework/testtool/HttpServletResponseMock.java: Some input files use or override a deprecated API.
[WARNING] /home/travis/build/failed/ibissource/iaf/larva/src/main/java/nl/nn/adapterframework/testtool/HttpServletResponseMock.java: Recompile with -Xlint:deprecation for details.
[WARNING] /home/travis/build/failed/ibissource/iaf/larva/src/main/java/nl/nn/adapterframework/testtool/ListenerMessageHandler.java: Some input files use unchecked or unsafe operations.
[WARNING] /home/travis/build/failed/ibissource/iaf/larva/src/main/java/nl/nn/adapterframework/testtool/ListenerMessageHandler.java: Recompile with -Xlint:unchecked for details.
[INFO] 
[INFO] --- maven-resources-plugin:2.6:testResources (default-testResources) @ ibis-adapterframework-larva ---
[INFO] Using 'UTF-8' encoding to copy filtered resources.
[INFO] skip non existing resourceDirectory /home/travis/build/failed/ibissource/iaf/larva/src/test/resources
[INFO] 
[INFO] --- maven-compiler-plugin:3.1:testCompile (default-testCompile) @ ibis-adapterframework-larva ---
[INFO] No sources to compile
[INFO] 
[INFO] --- maven-surefire-plugin:2.22.2:test (default-test) @ ibis-adapterframework-larva ---
[INFO] No tests to run.
[INFO] 
[INFO] --- maven-jar-plugin:2.6:jar (default-jar) @ ibis-adapterframework-larva ---
[INFO] Building jar: /home/travis/build/failed/ibissource/iaf/larva/target/ibis-adapterframework-larva-7.5-SNAPSHOT.jar
[INFO] 
[INFO] --- maven-javadoc-plugin:2.10.4:jar (attach-javadocs) @ ibis-adapterframework-larva ---
[INFO] Skipping javadoc generation
[INFO] 
[INFO] --- maven-source-plugin:2.4:jar-no-fork (attach-sources) @ ibis-adapterframework-larva ---
[INFO] 
[INFO] --- maven-install-plugin:2.4:install (default-install) @ ibis-adapterframework-larva ---
[INFO] Installing /home/travis/build/failed/ibissource/iaf/larva/target/ibis-adapterframework-larva-7.5-SNAPSHOT.jar to /home/travis/.m2/failed/org/ibissource/ibis-adapterframework-larva/7.5-SNAPSHOT/ibis-adapterframework-larva-7.5-SNAPSHOT.jar
[INFO] Installing /home/travis/build/failed/ibissource/iaf/larva/pom.xml to /home/travis/.m2/failed/org/ibissource/ibis-adapterframework-larva/7.5-SNAPSHOT/ibis-adapterframework-larva-7.5-SNAPSHOT.pom
[INFO] Installing /home/travis/build/failed/ibissource/iaf/larva/target/ibis-adapterframework-larva-7.5-SNAPSHOT-sources.jar to /home/travis/.m2/failed/org/ibissource/ibis-adapterframework-larva/7.5-SNAPSHOT/ibis-adapterframework-larva-7.5-SNAPSHOT-sources.jar
[INFO] 
[INFO] ------------------------------------------------------------------------
[INFO] Building Ibis AdapterFramework support for Akamai 7.5-SNAPSHOT
[INFO] ------------------------------------------------------------------------
[INFO] 
[INFO] --- maven-resources-plugin:2.6:resources (default-resources) @ ibis-adapterframework-akamai ---
[INFO] Using 'UTF-8' encoding to copy filtered resources.
[INFO] Copying 1 resource
[INFO] 
[INFO] --- maven-compiler-plugin:3.1:compile (default-compile) @ ibis-adapterframework-akamai ---
[INFO] Nothing to compile - all classes are up to date
[INFO] 
[INFO] --- maven-resources-plugin:2.6:testResources (default-testResources) @ ibis-adapterframework-akamai ---
[INFO] Using 'UTF-8' encoding to copy filtered resources.
[INFO] Copying 1 resource
[INFO] 
[INFO] --- maven-compiler-plugin:3.1:testCompile (default-testCompile) @ ibis-adapterframework-akamai ---
[INFO] Nothing to compile - all classes are up to date
[INFO] 
[INFO] --- maven-surefire-plugin:2.22.2:test (default-test) @ ibis-adapterframework-akamai ---
[INFO] 
[INFO] --- maven-jar-plugin:2.6:jar (default-jar) @ ibis-adapterframework-akamai ---
[INFO] 
[INFO] --- maven-javadoc-plugin:2.10.4:jar (attach-javadocs) @ ibis-adapterframework-akamai ---
[INFO] Skipping javadoc generation
[INFO] 
[INFO] --- maven-source-plugin:2.4:jar-no-fork (attach-sources) @ ibis-adapterframework-akamai ---
[INFO] Building jar: /home/travis/build/failed/ibissource/iaf/akamai/target/ibis-adapterframework-akamai-7.5-SNAPSHOT-sources.jar
[INFO] 
[INFO] --- maven-install-plugin:2.4:install (default-install) @ ibis-adapterframework-akamai ---
[INFO] Installing /home/travis/build/failed/ibissource/iaf/akamai/target/ibis-adapterframework-akamai-7.5-SNAPSHOT.jar to /home/travis/.m2/failed/org/ibissource/ibis-adapterframework-akamai/7.5-SNAPSHOT/ibis-adapterframework-akamai-7.5-SNAPSHOT.jar
[INFO] Installing /home/travis/build/failed/ibissource/iaf/akamai/pom.xml to /home/travis/.m2/failed/org/ibissource/ibis-adapterframework-akamai/7.5-SNAPSHOT/ibis-adapterframework-akamai-7.5-SNAPSHOT.pom
[INFO] Installing /home/travis/build/failed/ibissource/iaf/akamai/target/ibis-adapterframework-akamai-7.5-SNAPSHOT-sources.jar to /home/travis/.m2/failed/org/ibissource/ibis-adapterframework-akamai/7.5-SNAPSHOT/ibis-adapterframework-akamai-7.5-SNAPSHOT-sources.jar
[INFO] 
[INFO] ------------------------------------------------------------------------
[INFO] Building Ibis AdapterFramework Ladybug 7.5-SNAPSHOT
[INFO] ------------------------------------------------------------------------
[INFO] 
[INFO] --- maven-resources-plugin:2.6:resources (default-resources) @ ibis-adapterframework-ladybug ---
[INFO] Using 'UTF-8' encoding to copy filtered resources.
[INFO] Copying 15 resources
[INFO] 
[INFO] --- maven-compiler-plugin:3.1:compile (default-compile) @ ibis-adapterframework-ladybug ---
[INFO] Nothing to compile - all classes are up to date
[INFO] 
[INFO] --- maven-resources-plugin:2.6:testResources (default-testResources) @ ibis-adapterframework-ladybug ---
[INFO] Using 'UTF-8' encoding to copy filtered resources.
[INFO] skip non existing resourceDirectory /home/travis/build/failed/ibissource/iaf/ladybug/src/test/resources
[INFO] 
[INFO] --- maven-compiler-plugin:3.1:testCompile (default-testCompile) @ ibis-adapterframework-ladybug ---
[INFO] No sources to compile
[INFO] 
[INFO] --- maven-surefire-plugin:2.22.2:test (default-test) @ ibis-adapterframework-ladybug ---
[INFO] No tests to run.
[INFO] 
[INFO] --- maven-jar-plugin:2.6:jar (default-jar) @ ibis-adapterframework-ladybug ---
[INFO] 
[INFO] --- maven-javadoc-plugin:2.10.4:jar (attach-javadocs) @ ibis-adapterframework-ladybug ---
[INFO] Skipping javadoc generation
[INFO] 
[INFO] --- maven-source-plugin:2.4:jar-no-fork (attach-sources) @ ibis-adapterframework-ladybug ---
[INFO] 
[INFO] --- maven-install-plugin:2.4:install (default-install) @ ibis-adapterframework-ladybug ---
[INFO] Installing /home/travis/build/failed/ibissource/iaf/ladybug/target/ibis-adapterframework-ladybug-7.5-SNAPSHOT.jar to /home/travis/.m2/failed/org/ibissource/ibis-adapterframework-ladybug/7.5-SNAPSHOT/ibis-adapterframework-ladybug-7.5-SNAPSHOT.jar
[INFO] Installing /home/travis/build/failed/ibissource/iaf/ladybug/pom.xml to /home/travis/.m2/failed/org/ibissource/ibis-adapterframework-ladybug/7.5-SNAPSHOT/ibis-adapterframework-ladybug-7.5-SNAPSHOT.pom
[INFO] Installing /home/travis/build/failed/ibissource/iaf/ladybug/target/ibis-adapterframework-ladybug-7.5-SNAPSHOT-sources.jar to /home/travis/.m2/failed/org/ibissource/ibis-adapterframework-ladybug/7.5-SNAPSHOT/ibis-adapterframework-ladybug-7.5-SNAPSHOT-sources.jar
[INFO] 
[INFO] ------------------------------------------------------------------------
[INFO] Building Ibis AdapterFramework support for Cmis 7.5-SNAPSHOT
[INFO] ------------------------------------------------------------------------
[INFO] 
[INFO] --- maven-resources-plugin:2.6:resources (default-resources) @ ibis-adapterframework-cmis ---
[INFO] Using 'UTF-8' encoding to copy filtered resources.
[INFO] Copying 1 resource
[INFO] 
[INFO] --- maven-compiler-plugin:3.1:compile (default-compile) @ ibis-adapterframework-cmis ---
[INFO] Nothing to compile - all classes are up to date
[INFO] 
[INFO] --- maven-resources-plugin:2.6:testResources (default-testResources) @ ibis-adapterframework-cmis ---
[INFO] Using 'UTF-8' encoding to copy filtered resources.
[INFO] Copying 2 resources
[INFO] 
[INFO] --- maven-compiler-plugin:3.1:testCompile (default-testCompile) @ ibis-adapterframework-cmis ---
[INFO] Nothing to compile - all classes are up to date
[INFO] 
[INFO] --- maven-surefire-plugin:2.22.2:test (default-test) @ ibis-adapterframework-cmis ---
[INFO] 
[INFO] -------------------------------------------------------
[INFO]  T E S T S
[INFO] -------------------------------------------------------
[INFO] Running nl.nn.adapterframework.extensions.cmis.CmisSenderTest
[INFO] Tests run: 43, Failures: 0, Errors: 0, Skipped: 0, Time elapsed: 1.63 s - in nl.nn.adapterframework.extensions.cmis.CmisSenderTest
[INFO] Running nl.nn.adapterframework.extensions.cmis.TestBindingTypes
[INFO] Tests run: 45, Failures: 0, Errors: 0, Skipped: 0, Time elapsed: 3.895 s - in nl.nn.adapterframework.extensions.cmis.TestBindingTypes
[INFO] Running nl.nn.adapterframework.extensions.cmis.TestCreateAction
[INFO] Tests run: 42, Failures: 0, Errors: 0, Skipped: 0, Time elapsed: 0.407 s - in nl.nn.adapterframework.extensions.cmis.TestCreateAction
[INFO] Running nl.nn.adapterframework.extensions.cmis.TestGetAction
[INFO] Tests run: 48, Failures: 0, Errors: 0, Skipped: 0, Time elapsed: 0.514 s - in nl.nn.adapterframework.extensions.cmis.TestGetAction
[INFO] 
[INFO] Results:
[INFO] 
[INFO] Tests run: 178, Failures: 0, Errors: 0, Skipped: 0
[INFO] 
[INFO] 
[INFO] --- maven-jar-plugin:2.6:jar (default-jar) @ ibis-adapterframework-cmis ---
[INFO] 
[INFO] --- maven-javadoc-plugin:2.10.4:jar (attach-javadocs) @ ibis-adapterframework-cmis ---
[INFO] Skipping javadoc generation
[INFO] 
[INFO] --- maven-source-plugin:2.4:jar-no-fork (attach-sources) @ ibis-adapterframework-cmis ---
[INFO] Building jar: /home/travis/build/failed/ibissource/iaf/cmis/target/ibis-adapterframework-cmis-7.5-SNAPSHOT-sources.jar
[INFO] 
[INFO] --- maven-install-plugin:2.4:install (default-install) @ ibis-adapterframework-cmis ---
[INFO] Installing /home/travis/build/failed/ibissource/iaf/cmis/target/ibis-adapterframework-cmis-7.5-SNAPSHOT.jar to /home/travis/.m2/failed/org/ibissource/ibis-adapterframework-cmis/7.5-SNAPSHOT/ibis-adapterframework-cmis-7.5-SNAPSHOT.jar
[INFO] Installing /home/travis/build/failed/ibissource/iaf/cmis/pom.xml to /home/travis/.m2/failed/org/ibissource/ibis-adapterframework-cmis/7.5-SNAPSHOT/ibis-adapterframework-cmis-7.5-SNAPSHOT.pom
[INFO] Installing /home/travis/build/failed/ibissource/iaf/cmis/target/ibis-adapterframework-cmis-7.5-SNAPSHOT-sources.jar to /home/travis/.m2/failed/org/ibissource/ibis-adapterframework-cmis/7.5-SNAPSHOT/ibis-adapterframework-cmis-7.5-SNAPSHOT-sources.jar
[INFO] 
[INFO] ------------------------------------------------------------------------
[INFO] Building Ibis AdapterFramework webapp 7.5-SNAPSHOT
[INFO] ------------------------------------------------------------------------
[INFO] 
[INFO] --- maven-resources-plugin:2.6:resources (default-resources) @ ibis-adapterframework-webapp ---
[INFO] Using 'UTF-8' encoding to copy filtered resources.
[INFO] skip non existing resourceDirectory /home/travis/build/failed/ibissource/iaf/webapp/src/main/resources
[INFO] 
[INFO] --- maven-compiler-plugin:3.1:compile (default-compile) @ ibis-adapterframework-webapp ---
[INFO] No sources to compile
[INFO] 
[INFO] --- maven-resources-plugin:2.6:testResources (default-testResources) @ ibis-adapterframework-webapp ---
[INFO] Using 'UTF-8' encoding to copy filtered resources.
[INFO] skip non existing resourceDirectory /home/travis/build/failed/ibissource/iaf/webapp/src/test/resources
[INFO] 
[INFO] --- maven-compiler-plugin:3.1:testCompile (default-testCompile) @ ibis-adapterframework-webapp ---
[INFO] No sources to compile
[INFO] 
[INFO] --- maven-surefire-plugin:2.22.2:test (default-test) @ ibis-adapterframework-webapp ---
[INFO] No tests to run.
[INFO] 
[INFO] --- maven-war-plugin:2.2:war (default-war) @ ibis-adapterframework-webapp ---
[INFO] Packaging webapp
[INFO] Assembling webapp [ibis-adapterframework-webapp] in [/home/travis/build/failed/ibissource/iaf/webapp/target/ibis-adapterframework-webapp-7.5-SNAPSHOT]
[INFO] Processing war project
[INFO] Copying webapp resources [/home/travis/build/failed/ibissource/iaf/webapp/src/main/webapp]
[INFO] Webapp assembled in [24142 msecs]
[INFO] Building war: /home/travis/build/failed/ibissource/iaf/webapp/target/ibis-adapterframework-webapp-7.5-SNAPSHOT.war
[INFO] WEB-INF/web.xml already added, skipping
[INFO] 
[INFO] --- maven-javadoc-plugin:2.10.4:jar (attach-javadocs) @ ibis-adapterframework-webapp ---
[INFO] Skipping javadoc generation
[INFO] 
[INFO] --- maven-source-plugin:2.4:jar-no-fork (attach-sources) @ ibis-adapterframework-webapp ---
[INFO] No sources in project. Archive not created.
[INFO] 
[INFO] --- maven-install-plugin:2.4:install (default-install) @ ibis-adapterframework-webapp ---
[INFO] Installing /home/travis/build/failed/ibissource/iaf/webapp/target/ibis-adapterframework-webapp-7.5-SNAPSHOT.war to /home/travis/.m2/failed/org/ibissource/ibis-adapterframework-webapp/7.5-SNAPSHOT/ibis-adapterframework-webapp-7.5-SNAPSHOT.war
[INFO] Installing /home/travis/build/failed/ibissource/iaf/webapp/pom.xml to /home/travis/.m2/failed/org/ibissource/ibis-adapterframework-webapp/7.5-SNAPSHOT/ibis-adapterframework-webapp-7.5-SNAPSHOT.pom
[INFO] 
[INFO] ------------------------------------------------------------------------
[INFO] Building Ibis AdapterFramework Test 7.5-SNAPSHOT
[INFO] ------------------------------------------------------------------------
[INFO] 
[INFO] --- maven-resources-plugin:2.6:resources (default-resources) @ ibis-adapterframework-test ---
[INFO] Using 'UTF-8' encoding to copy filtered resources.
[INFO] Copying 22 resources
[INFO] 
[INFO] --- maven-compiler-plugin:3.1:compile (default-compile) @ ibis-adapterframework-test ---
[INFO] Nothing to compile - all classes are up to date
[INFO] 
[INFO] --- maven-resources-plugin:2.6:testResources (default-testResources) @ ibis-adapterframework-test ---
[INFO] Using 'UTF-8' encoding to copy filtered resources.
[INFO] Copying 59 resources
[INFO] 
[INFO] --- maven-compiler-plugin:3.1:testCompile (default-testCompile) @ ibis-adapterframework-test ---
[INFO] Nothing to compile - all classes are up to date
[INFO] 
[INFO] --- maven-surefire-plugin:2.22.2:test (default-test) @ ibis-adapterframework-test ---
[INFO] 
[INFO] --- maven-war-plugin:2.6:war (default-war) @ ibis-adapterframework-test ---
[INFO] Packaging webapp
[INFO] Assembling webapp [ibis-adapterframework-test] in [/home/travis/build/failed/ibissource/iaf/test/target/ibis-adapterframework-test-7.5-SNAPSHOT]
[INFO] Processing war project
[INFO] Copying webapp webResources [/home/travis/build/failed/ibissource/iaf/test/src/main/java] to [/home/travis/build/failed/ibissource/iaf/test/target/ibis-adapterframework-test-7.5-SNAPSHOT]
[INFO] Copying webapp webResources [/home/travis/build/failed/ibissource/iaf/test/src/main/configurations] to [/home/travis/build/failed/ibissource/iaf/test/target/ibis-adapterframework-test-7.5-SNAPSHOT]
[INFO] Copying webapp webResources [/home/travis/build/failed/ibissource/iaf/test/src/test/testtool] to [/home/travis/build/failed/ibissource/iaf/test/target/ibis-adapterframework-test-7.5-SNAPSHOT]
[INFO] Copying webapp resources [/home/travis/build/failed/ibissource/iaf/test/src/main/webapp]
[INFO] Processing overlay [ id org.ibissource:ibis-adapterframework-webapp]
[INFO] Webapp assembled in [46387 msecs]
[INFO] Building war: /home/travis/build/failed/ibissource/iaf/test/target/ibis-adapterframework-test-7.5-SNAPSHOT.war
[INFO] 
[INFO] --- maven-javadoc-plugin:2.10.4:jar (attach-javadocs) @ ibis-adapterframework-test ---
[INFO] Skipping javadoc generation
[INFO] 
[INFO] --- maven-war-plugin:2.6:war (default) @ ibis-adapterframework-test ---
[INFO] Packaging webapp
[INFO] Assembling webapp [ibis-adapterframework-test] in [/home/travis/build/failed/ibissource/iaf/test/target/ibis-adapterframework-test-7.5-SNAPSHOT]
[INFO] Processing war project
[INFO] Copying webapp webResources [/home/travis/build/failed/ibissource/iaf/test/src/main/java] to [/home/travis/build/failed/ibissource/iaf/test/target/ibis-adapterframework-test-7.5-SNAPSHOT]
[INFO] Copying webapp webResources [/home/travis/build/failed/ibissource/iaf/test/src/main/configurations] to [/home/travis/build/failed/ibissource/iaf/test/target/ibis-adapterframework-test-7.5-SNAPSHOT]
[INFO] Copying webapp webResources [/home/travis/build/failed/ibissource/iaf/test/src/test/testtool] to [/home/travis/build/failed/ibissource/iaf/test/target/ibis-adapterframework-test-7.5-SNAPSHOT]
[INFO] Copying webapp resources [/home/travis/build/failed/ibissource/iaf/test/src/main/webapp]
[INFO] Processing overlay [ id org.ibissource:ibis-adapterframework-webapp]
[INFO] Webapp assembled in [5319 msecs]
[INFO] Building war: /home/travis/build/failed/ibissource/iaf/test/target/ibis-adapterframework-test-7.5-SNAPSHOT.war
[INFO] 
[INFO] --- maven-source-plugin:2.4:jar-no-fork (attach-sources) @ ibis-adapterframework-test ---
[INFO] 
[INFO] --- maven-install-plugin:2.4:install (default-install) @ ibis-adapterframework-test ---
[INFO] Installing /home/travis/build/failed/ibissource/iaf/test/target/ibis-adapterframework-test-7.5-SNAPSHOT.war to /home/travis/.m2/failed/org/ibissource/ibis-adapterframework-test/7.5-SNAPSHOT/ibis-adapterframework-test-7.5-SNAPSHOT.war
[INFO] Installing /home/travis/build/failed/ibissource/iaf/test/pom.xml to /home/travis/.m2/failed/org/ibissource/ibis-adapterframework-test/7.5-SNAPSHOT/ibis-adapterframework-test-7.5-SNAPSHOT.pom
[INFO] Installing /home/travis/build/failed/ibissource/iaf/test/target/ibis-adapterframework-test-7.5-SNAPSHOT-sources.jar to /home/travis/.m2/failed/org/ibissource/ibis-adapterframework-test/7.5-SNAPSHOT/ibis-adapterframework-test-7.5-SNAPSHOT-sources.jar
[INFO] 
[INFO] ------------------------------------------------------------------------
[INFO] Building Ibis AdapterFramework example 7.5-SNAPSHOT
[INFO] ------------------------------------------------------------------------
[INFO] 
[INFO] --- maven-resources-plugin:2.6:resources (default-resources) @ ibis-adapterframework-example ---
[INFO] Using 'UTF-8' encoding to copy filtered resources.
[INFO] Copying 19 resources
[INFO] 
[INFO] --- maven-compiler-plugin:3.1:compile (default-compile) @ ibis-adapterframework-example ---
[INFO] Nothing to compile - all classes are up to date
[INFO] 
[INFO] --- maven-resources-plugin:2.6:testResources (default-testResources) @ ibis-adapterframework-example ---
[INFO] Using 'UTF-8' encoding to copy filtered resources.
[INFO] Copying 33 resources
[INFO] 
[INFO] --- maven-compiler-plugin:3.1:testCompile (default-testCompile) @ ibis-adapterframework-example ---
[INFO] Nothing to compile - all classes are up to date
[INFO] 
[INFO] --- maven-surefire-plugin:2.22.2:test (default-test) @ ibis-adapterframework-example ---
[INFO] 
[INFO] -------------------------------------------------------
[INFO]  T E S T S
[INFO] -------------------------------------------------------
[INFO] Running nl.nn.adapterframework.webcontrol.pipes.IbisConsoleTest
[WARNING] Corrupted STDOUT by directly writing to native stream in forked JVM 1. See FAQ web page and the dump file /home/travis/build/failed/ibissource/iaf/example/target/surefire-reports/2022-01-20T09-48-11_811-jvmRun1.dumpstream
[ERROR] Tests run: 3, Failures: 0, Errors: 3, Skipped: 0, Time elapsed: 30.008 s <<< FAILURE! - in nl.nn.adapterframework.webcontrol.pipes.IbisConsoleTest
[ERROR] ShowConfigurationStatus_all(nl.nn.adapterframework.webcontrol.pipes.IbisConsoleTest)  Time elapsed: 0.032 s  <<< ERROR!
nl.nn.adapterframework.core.PipeRunException: java.util.concurrent.ExecutionException: (ExecutionException): (NullPointerException)
	at nl.nn.adapterframework.webcontrol.pipes.IbisConsoleTest.ShowConfigurationStatus_all(IbisConsoleTest.java:90)
Caused by: java.util.concurrent.ExecutionException: java.lang.NullPointerException
	at nl.nn.adapterframework.webcontrol.pipes.IbisConsoleTest.ShowConfigurationStatus_all(IbisConsoleTest.java:90)
Caused by: java.lang.NullPointerException

[ERROR] ShowConfigurationStatus_single(nl.nn.adapterframework.webcontrol.pipes.IbisConsoleTest)  Time elapsed: 0.004 s  <<< ERROR!
nl.nn.adapterframework.core.PipeRunException: java.util.concurrent.ExecutionException: (ExecutionException): (NullPointerException)
	at nl.nn.adapterframework.webcontrol.pipes.IbisConsoleTest.ShowConfigurationStatus_single(IbisConsoleTest.java:107)
Caused by: java.util.concurrent.ExecutionException: java.lang.NullPointerException
	at nl.nn.adapterframework.webcontrol.pipes.IbisConsoleTest.ShowConfigurationStatus_single(IbisConsoleTest.java:107)
Caused by: java.lang.NullPointerException

[ERROR] showEnvironmentVariables(nl.nn.adapterframework.webcontrol.pipes.IbisConsoleTest)  Time elapsed: 0.004 s  <<< ERROR!
nl.nn.adapterframework.core.PipeRunException: java.util.concurrent.ExecutionException: (ExecutionException): (NullPointerException)
	at nl.nn.adapterframework.webcontrol.pipes.IbisConsoleTest.showEnvironmentVariables(IbisConsoleTest.java:124)
Caused by: java.util.concurrent.ExecutionException: java.lang.NullPointerException
	at nl.nn.adapterframework.webcontrol.pipes.IbisConsoleTest.showEnvironmentVariables(IbisConsoleTest.java:124)
Caused by: java.lang.NullPointerException

[WARNING] ForkStarter IOException: String index out of range: -1. See the dump file /home/travis/build/failed/ibissource/iaf/example/target/surefire-reports/2022-01-20T09-48-11_811-jvmRun1.dumpstream
[INFO] 
[INFO] Results:
[INFO] 
[ERROR] Errors: 
[ERROR]   IbisConsoleTest.ShowConfigurationStatus_all:90 » PipeRun java.util.concurrent....
[ERROR]   IbisConsoleTest.ShowConfigurationStatus_single:107 » PipeRun java.util.concurr...
[ERROR]   IbisConsoleTest.showEnvironmentVariables:124 » PipeRun java.util.concurrent.Ex...
[INFO] 
[ERROR] Tests run: 3, Failures: 0, Errors: 3, Skipped: 0
[INFO] 
[INFO] ------------------------------------------------------------------------
[INFO] Reactor Summary:
[INFO] 
[INFO] Ibis AdapterFramework parent ....................... SUCCESS [ 13.375 s]
[INFO] Ibis AdapterFramework core ......................... SUCCESS [03:04 min]
[INFO] Ibis AdapterFramework Larva ........................ SUCCESS [  8.307 s]
[INFO] Ibis AdapterFramework support for Akamai ........... SUCCESS [  1.348 s]
[INFO] Ibis AdapterFramework Ladybug ...................... SUCCESS [  1.955 s]
[INFO] Ibis AdapterFramework support for Cmis ............. SUCCESS [ 12.231 s]
[INFO] Ibis AdapterFramework webapp ....................... SUCCESS [ 38.535 s]
[INFO] Ibis AdapterFramework Test ......................... SUCCESS [01:05 min]
[INFO] Ibis AdapterFramework example ...................... FAILURE [ 33.108 s]
[INFO] Ibis AdapterFramework example-ear .................. SKIPPED
[INFO] ------------------------------------------------------------------------
[INFO] BUILD FAILURE
[INFO] ------------------------------------------------------------------------
[INFO] Total time: 05:59 min
[INFO] Finished at: 2022-01-20T09:53:43Z
[INFO] Final Memory: 44M/1963M
[INFO] ------------------------------------------------------------------------
[ERROR] Failed to execute goal org.apache.maven.plugins:maven-surefire-plugin:2.22.2:test (default-test) on project ibis-adapterframework-example: There are test failures.
[ERROR] 
[ERROR] Please refer to /home/travis/build/failed/ibissource/iaf/example/target/surefire-reports for the individual test results.
[ERROR] Please refer to dump files (if any exist) [date].dump, [date]-jvmRun[N].dump and [date].dumpstream.
[ERROR] -> [Help 1]
[ERROR] 
[ERROR] To see the full stack trace of the errors, re-run Maven with the -e switch.
[ERROR] Re-run Maven using the -X switch to enable full debug logging.
[ERROR] 
[ERROR] For more information about the errors and possible solutions, please read the following articles:
[ERROR] [Help 1] http://cwiki.apache.org/confluence/display/MAVEN/MojoFailureException
[ERROR] 
[ERROR] After correcting the problems, you can resume the build with the command
[ERROR]   mvn <goals> -rf :ibis-adapterframework-example
travis_time:end:104aa1c7:start=1642672062256456989,finish=1642672423691349695,duration=361434892706,event=script[0K[31;1mThe command "mvn -o install -Dhttps.protocols=TLSv1.2 -Dhttps.protocols=TLSv1.2 -B -Dmaven.javadoc.skip=true" exited with 1.[0m


Done. Your build exited with 1.
