travis_fold:start:system_info[0K[33;1mBuild system information[0m
Build language: java
Build id: ''
Job id: ''
[34m[1mBuild image provisioning date and time[0m
Thu Feb  5 15:09:33 UTC 2015
[34m[1mOperating System Details[0m
Distributor ID:	Ubuntu
Description:	Ubuntu 12.04.5 LTS
Release:	12.04
Codename:	precise
[34m[1mLinux Version[0m
3.13.0-29-generic
[34m[1mCookbooks Version[0m
a68419e https://github.com/travis-ci/travis-cookbooks/tree/a68419e
[34m[1mGCC version[0m
gcc (Ubuntu/Linaro 4.6.3-1ubuntu5) 4.6.3
Copyright (C) 2011 Free Software Foundation, Inc.
This is free software; see the source for copying conditions.  There is NO
warranty; not even for MERCHANTABILITY or FITNESS FOR A PARTICULAR PURPOSE.

[34m[1mLLVM version[0m
clang version 3.4 (tags/RELEASE_34/final)
Target: x86_64-unknown-linux-gnu
Thread model: posix
[34m[1mPre-installed Ruby versions[0m
ruby-1.9.3-p551
[34m[1mPre-installed Node.js versions[0m
v0.10.36
[34m[1mPre-installed Go versions[0m
1.4.1
[34m[1mRedis version[0m
redis-server 2.8.19
[34m[1mriak version[0m
2.0.2
[34m[1mMongoDB version[0m
MongoDB 2.4.12
[34m[1mCouchDB version[0m
couchdb 1.6.1
[34m[1mNeo4j version[0m
1.9.4
[34m[1mRabbitMQ Version[0m
3.4.3
[34m[1mElasticSearch version[0m
1.4.0
[34m[1mInstalled Sphinx versions[0m
2.0.10
2.1.9
2.2.6
[34m[1mDefault Sphinx version[0m
2.2.6
[34m[1mInstalled Firefox version[0m
firefox 31.0esr
[34m[1mPhantomJS version[0m
1.9.8
[34m[1mant -version[0m
Apache Ant(TM) version 1.8.2 compiled on December 3 2011
[34m[1mmvn -version[0m
Apache Maven 3.2.5 (12a6b3acb947671f09b81f49094c53f426d8cea1; 2014-12-14T17:29:23+00:00)
Maven home: /usr/local/maven
Java version: 1.7.0_76, vendor: Oracle Corporation
Java home: /usr/lib/jvm/java-7-oracle/jre
Default locale: en_US, platform encoding: ANSI_X3.4-1968
OS name: "linux", version: "3.13.0-29-generic", arch: "amd64", family: "unix"
travis_fold:end:system_info[0K
W: Failed to fetch http://us.archive.ubuntu.com/ubuntu/dists/precise/main/source/Sources  404  Not Found [IP: 91.189.91.38 80]

W: Failed to fetch http://us.archive.ubuntu.com/ubuntu/dists/precise/restricted/source/Sources  404  Not Found [IP: 91.189.91.38 80]

W: Failed to fetch http://us.archive.ubuntu.com/ubuntu/dists/precise/universe/source/Sources  404  Not Found [IP: 91.189.91.38 80]

W: Failed to fetch http://us.archive.ubuntu.com/ubuntu/dists/precise/multiverse/source/Sources  404  Not Found [IP: 91.189.91.38 80]

W: Failed to fetch http://us.archive.ubuntu.com/ubuntu/dists/precise/main/binary-amd64/Packages  404  Not Found [IP: 91.189.91.38 80]

W: Failed to fetch http://us.archive.ubuntu.com/ubuntu/dists/precise/restricted/binary-amd64/Packages  404  Not Found [IP: 91.189.91.38 80]

W: Failed to fetch http://us.archive.ubuntu.com/ubuntu/dists/precise/universe/binary-amd64/Packages  404  Not Found [IP: 91.189.91.38 80]

W: Failed to fetch http://us.archive.ubuntu.com/ubuntu/dists/precise/multiverse/binary-amd64/Packages  404  Not Found [IP: 91.189.91.38 80]

W: Failed to fetch http://us.archive.ubuntu.com/ubuntu/dists/precise/main/binary-i386/Packages  404  Not Found [IP: 91.189.91.38 80]

W: Failed to fetch http://us.archive.ubuntu.com/ubuntu/dists/precise/restricted/binary-i386/Packages  404  Not Found [IP: 91.189.91.38 80]

W: Failed to fetch http://us.archive.ubuntu.com/ubuntu/dists/precise/universe/binary-i386/Packages  404  Not Found [IP: 91.189.91.38 80]

W: Failed to fetch http://us.archive.ubuntu.com/ubuntu/dists/precise/multiverse/binary-i386/Packages  404  Not Found [IP: 91.189.91.38 80]

W: Failed to fetch http://us.archive.ubuntu.com/ubuntu/dists/precise-updates/main/source/Sources  404  Not Found [IP: 91.189.91.38 80]

W: Failed to fetch http://us.archive.ubuntu.com/ubuntu/dists/precise-updates/restricted/source/Sources  404  Not Found [IP: 91.189.91.38 80]

W: Failed to fetch http://us.archive.ubuntu.com/ubuntu/dists/precise-updates/universe/source/Sources  404  Not Found [IP: 91.189.91.38 80]

W: Failed to fetch http://us.archive.ubuntu.com/ubuntu/dists/precise-updates/multiverse/source/Sources  404  Not Found [IP: 91.189.91.38 80]

W: Failed to fetch http://us.archive.ubuntu.com/ubuntu/dists/precise-updates/main/binary-amd64/Packages  404  Not Found [IP: 91.189.91.38 80]

W: Failed to fetch http://us.archive.ubuntu.com/ubuntu/dists/precise-updates/restricted/binary-amd64/Packages  404  Not Found [IP: 91.189.91.38 80]

W: Failed to fetch http://us.archive.ubuntu.com/ubuntu/dists/precise-updates/universe/binary-amd64/Packages  404  Not Found [IP: 91.189.91.38 80]

W: Failed to fetch http://us.archive.ubuntu.com/ubuntu/dists/precise-updates/multiverse/binary-amd64/Packages  404  Not Found [IP: 91.189.91.38 80]

W: Failed to fetch http://us.archive.ubuntu.com/ubuntu/dists/precise-updates/main/binary-i386/Packages  404  Not Found [IP: 91.189.91.38 80]

W: Failed to fetch http://us.archive.ubuntu.com/ubuntu/dists/precise-updates/restricted/binary-i386/Packages  404  Not Found [IP: 91.189.91.38 80]

W: Failed to fetch http://us.archive.ubuntu.com/ubuntu/dists/precise-updates/universe/binary-i386/Packages  404  Not Found [IP: 91.189.91.38 80]

W: Failed to fetch http://us.archive.ubuntu.com/ubuntu/dists/precise-updates/multiverse/binary-i386/Packages  404  Not Found [IP: 91.189.91.38 80]

W: Failed to fetch http://us.archive.ubuntu.com/ubuntu/dists/precise-backports/main/source/Sources  404  Not Found [IP: 91.189.91.38 80]

W: Failed to fetch http://us.archive.ubuntu.com/ubuntu/dists/precise-backports/restricted/source/Sources  404  Not Found [IP: 91.189.91.38 80]

W: Failed to fetch http://us.archive.ubuntu.com/ubuntu/dists/precise-backports/universe/source/Sources  404  Not Found [IP: 91.189.91.38 80]

W: Failed to fetch http://us.archive.ubuntu.com/ubuntu/dists/precise-backports/multiverse/source/Sources  404  Not Found [IP: 91.189.91.38 80]

W: Failed to fetch http://us.archive.ubuntu.com/ubuntu/dists/precise-backports/main/binary-amd64/Packages  404  Not Found [IP: 91.189.91.38 80]

W: Failed to fetch http://us.archive.ubuntu.com/ubuntu/dists/precise-backports/restricted/binary-amd64/Packages  404  Not Found [IP: 91.189.91.38 80]

W: Failed to fetch http://us.archive.ubuntu.com/ubuntu/dists/precise-backports/universe/binary-amd64/Packages  404  Not Found [IP: 91.189.91.38 80]

W: Failed to fetch http://us.archive.ubuntu.com/ubuntu/dists/precise-backports/multiverse/binary-amd64/Packages  404  Not Found [IP: 91.189.91.38 80]

W: Failed to fetch http://us.archive.ubuntu.com/ubuntu/dists/precise-backports/main/binary-i386/Packages  404  Not Found [IP: 91.189.91.38 80]

W: Failed to fetch http://us.archive.ubuntu.com/ubuntu/dists/precise-backports/restricted/binary-i386/Packages  404  Not Found [IP: 91.189.91.38 80]

W: Failed to fetch http://us.archive.ubuntu.com/ubuntu/dists/precise-backports/universe/binary-i386/Packages  404  Not Found [IP: 91.189.91.38 80]

W: Failed to fetch http://us.archive.ubuntu.com/ubuntu/dists/precise-backports/multiverse/binary-i386/Packages  404  Not Found [IP: 91.189.91.38 80]

W: Failed to fetch http://security.ubuntu.com/ubuntu/dists/precise-security/main/source/Sources  404  Not Found [IP: 91.189.88.142 80]

W: Failed to fetch http://security.ubuntu.com/ubuntu/dists/precise-security/restricted/source/Sources  404  Not Found [IP: 91.189.88.142 80]

W: Failed to fetch http://security.ubuntu.com/ubuntu/dists/precise-security/universe/source/Sources  404  Not Found [IP: 91.189.88.142 80]

W: Failed to fetch http://security.ubuntu.com/ubuntu/dists/precise-security/multiverse/source/Sources  404  Not Found [IP: 91.189.88.142 80]

W: Failed to fetch http://security.ubuntu.com/ubuntu/dists/precise-security/main/binary-amd64/Packages  404  Not Found [IP: 91.189.88.142 80]

W: Failed to fetch http://security.ubuntu.com/ubuntu/dists/precise-security/restricted/binary-amd64/Packages  404  Not Found [IP: 91.189.88.142 80]

W: Failed to fetch http://security.ubuntu.com/ubuntu/dists/precise-security/universe/binary-amd64/Packages  404  Not Found [IP: 91.189.88.142 80]

W: Failed to fetch http://security.ubuntu.com/ubuntu/dists/precise-security/multiverse/binary-amd64/Packages  404  Not Found [IP: 91.189.88.142 80]

W: Failed to fetch http://security.ubuntu.com/ubuntu/dists/precise-security/main/binary-i386/Packages  404  Not Found [IP: 91.189.88.142 80]

W: Failed to fetch http://security.ubuntu.com/ubuntu/dists/precise-security/restricted/binary-i386/Packages  404  Not Found [IP: 91.189.88.142 80]

W: Failed to fetch http://security.ubuntu.com/ubuntu/dists/precise-security/universe/binary-i386/Packages  404  Not Found [IP: 91.189.88.142 80]

W: Failed to fetch http://security.ubuntu.com/ubuntu/dists/precise-security/multiverse/binary-i386/Packages  404  Not Found [IP: 91.189.88.142 80]

W: Failed to fetch http://apt.postgresql.org/pub/repos/apt/dists/precise-pgdg/main/binary-amd64/Packages  404  Not Found [IP: 87.238.57.227 80]

W: Failed to fetch http://apt.postgresql.org/pub/repos/apt/dists/precise-pgdg/main/binary-i386/Packages  404  Not Found [IP: 87.238.57.227 80]

W: Failed to fetch http://ppa.launchpad.net/rwky/ppa/ubuntu/dists/precise/main/binary-amd64/Packages  403  Forbidden

W: Failed to fetch http://ppa.launchpad.net/rwky/ppa/ubuntu/dists/precise/main/binary-i386/Packages  403  Forbidden

W: Failed to fetch http://ppa.launchpad.net/travis-ci/zero-mq/ubuntu/dists/precise/main/binary-amd64/Packages  403  Forbidden

W: Failed to fetch http://ppa.launchpad.net/travis-ci/zero-mq/ubuntu/dists/precise/main/binary-i386/Packages  403  Forbidden

W: Failed to fetch http://downloads-distro.mongodb.org/repo/debian-sysvinit/dists/dist/10gen/binary-amd64/Packages  Undetermined Error [IP: 54.175.147.155 80]

W: Failed to fetch http://downloads-distro.mongodb.org/repo/debian-sysvinit/dists/dist/10gen/binary-i386/Packages  Undetermined Error [IP: 54.175.147.155 80]

E: Some index files failed to download. They have been ignored, or old ones used instead.
sed: cannot rename /etc/hosts: Device or resource busy
sed: cannot rename /etc/hosts: Device or resource busy
$ cd failed/junkdog/artemis-odb
$ java -Xmx32m -version
java version "1.7.0_76"
Java(TM) SE Runtime Environment (build 1.7.0_76-b13)
Java HotSpot(TM) 64-Bit Server VM (build 24.76-b04, mixed mode)
$ javac -J-Xmx32m -version
javac 1.7.0_76
travis_fold:start:install[0Ktravis_time:start:0d8d90cc[0K$ mvn -o install -Dhttps.protocols=TLSv1.2 -Dhttps.protocols=TLSv1.2 -DskipTests=true -Dmaven.javadoc.skip=true -B -V
Apache Maven 3.2.5 (12a6b3acb947671f09b81f49094c53f426d8cea1; 2014-12-14T17:29:23+00:00)
Maven home: /usr/local/maven
Java version: 1.7.0_76, vendor: Oracle Corporation
Java home: /usr/lib/jvm/java-7-oracle/jre
Default locale: en_US, platform encoding: UTF-8
OS name: "linux", version: "4.15.0-109-generic", arch: "amd64", family: "unix"
[INFO] Scanning for projects...
[WARNING] 
[WARNING] Some problems were encountered while building the effective model for net.onedaybeard.artemis:artemis-odb:jar:0.10.2-SNAPSHOT
[WARNING] 'build.plugins.plugin.version' for org.apache.maven.plugins:maven-source-plugin is missing. @ net.onedaybeard.artemis:artemis-odb:[unknown-version], /home/travis/build/failed/junkdog/artemis-odb/artemis/pom.xml, line 18, column 12
[WARNING] 
[WARNING] Some problems were encountered while building the effective model for net.onedaybeard.artemis:artemis-odb-gradle-plugin:jar:0.10.2-SNAPSHOT
[WARNING] 'build.plugins.plugin.version' for org.apache.maven.plugins:maven-source-plugin is missing. @ net.onedaybeard.artemis:artemis-odb-gradle-plugin:[unknown-version], /home/travis/build/failed/junkdog/artemis-odb/artemis-gradle/pom.xml, line 60, column 21
[WARNING] 
[WARNING] Some problems were encountered while building the effective model for net.onedaybeard.artemis:artemis-odb-gwt:jar:0.10.2-SNAPSHOT
[WARNING] 'build.plugins.plugin.version' for org.apache.maven.plugins:maven-source-plugin is missing. @ net.onedaybeard.artemis:artemis-odb-gwt:[unknown-version], /home/travis/build/failed/junkdog/artemis-odb/artemis-gwt/pom.xml, line 47, column 12
[WARNING] 
[WARNING] It is highly recommended to fix these problems because they threaten the stability of your build.
[WARNING] 
[WARNING] For this reason, future Maven versions might no longer support building such malformed projects.
[WARNING] 
[INFO] ------------------------------------------------------------------------
[INFO] Reactor Build Order:
[INFO] 
[INFO] artemis parent
[INFO] artemis-odb
[INFO] artemis-odb-component-weaver
[INFO] artemis-odb-maven-plugin
[INFO] artemis-odb-gradle-plugin
[INFO] artemis-odb-processor
[INFO] artemis-odb-integration-test
[INFO] artemis-odb-cli
[INFO] artemis-odb-gwt
[INFO]                                                                         
[INFO] ------------------------------------------------------------------------
[INFO] Building artemis parent 0.10.2-SNAPSHOT
[INFO] ------------------------------------------------------------------------
[INFO] 
[INFO] --- maven-install-plugin:2.4:install (default-install) @ artemis-parent ---
[INFO] Installing /home/travis/build/failed/junkdog/artemis-odb/pom.xml to /home/travis/.m2/repository/net/onedaybeard/artemis/artemis-parent/0.10.2-SNAPSHOT/artemis-parent-0.10.2-SNAPSHOT.pom
[INFO]                                                                         
[INFO] ------------------------------------------------------------------------
[INFO] Building artemis-odb 0.10.2-SNAPSHOT
[INFO] ------------------------------------------------------------------------
[INFO] 
[INFO] --- maven-source-plugin:3.2.1:jar-no-fork (attach-sources) @ artemis-odb ---
[INFO] Building jar: /home/travis/build/failed/junkdog/artemis-odb/artemis/target/artemis-odb-0.10.2-SNAPSHOT-sources.jar
[INFO] 
[INFO] --- maven-resources-plugin:2.6:resources (default-resources) @ artemis-odb ---
[INFO] Using 'UTF-8' encoding to copy filtered resources.
[INFO] skip non existing resourceDirectory /home/travis/build/failed/junkdog/artemis-odb/artemis/src/main/resources
[INFO] 
[INFO] --- maven-compiler-plugin:3.2:compile (default-compile) @ artemis-odb ---
[INFO] Changes detected - recompiling the module!
[INFO] Compiling 80 source files to /home/travis/build/failed/junkdog/artemis-odb/artemis/target/classes
[INFO] /home/travis/build/failed/junkdog/artemis-odb/artemis/src/main/java/com/artemis/World.java: Some input files use or override a deprecated API.
[INFO] /home/travis/build/failed/junkdog/artemis-odb/artemis/src/main/java/com/artemis/World.java: Recompile with -Xlint:deprecation for details.
[INFO] /home/travis/build/failed/junkdog/artemis-odb/artemis/src/main/java/com/artemis/systems/VoidEntitySystem.java: /home/travis/build/failed/junkdog/artemis-odb/artemis/src/main/java/com/artemis/systems/VoidEntitySystem.java uses unchecked or unsafe operations.
[INFO] /home/travis/build/failed/junkdog/artemis-odb/artemis/src/main/java/com/artemis/systems/VoidEntitySystem.java: Recompile with -Xlint:unchecked for details.
[INFO] 
[INFO] --- maven-resources-plugin:2.6:testResources (default-testResources) @ artemis-odb ---
[INFO] Using 'UTF-8' encoding to copy filtered resources.
[INFO] skip non existing resourceDirectory /home/travis/build/failed/junkdog/artemis-odb/artemis/src/test/resources
[INFO] 
[INFO] --- maven-compiler-plugin:3.2:testCompile (default-testCompile) @ artemis-odb ---
[INFO] Changes detected - recompiling the module!
[INFO] Compiling 39 source files to /home/travis/build/failed/junkdog/artemis-odb/artemis/target/test-classes
[INFO] /home/travis/build/failed/junkdog/artemis-odb/artemis/src/test/java/com/artemis/ArchetypeSystemTest.java: Some input files use or override a deprecated API.
[INFO] /home/travis/build/failed/junkdog/artemis-odb/artemis/src/test/java/com/artemis/ArchetypeSystemTest.java: Recompile with -Xlint:deprecation for details.
[INFO] /home/travis/build/failed/junkdog/artemis-odb/artemis/src/test/java/com/artemis/SubscriptionListenerTest.java: Some input files use unchecked or unsafe operations.
[INFO] /home/travis/build/failed/junkdog/artemis-odb/artemis/src/test/java/com/artemis/SubscriptionListenerTest.java: Recompile with -Xlint:unchecked for details.
[INFO] 
[INFO] --- maven-surefire-plugin:2.12.4:test (default-test) @ artemis-odb ---
[INFO] Tests are skipped.
[INFO] 
[INFO] --- maven-jar-plugin:2.4:jar (default-jar) @ artemis-odb ---
[INFO] Building jar: /home/travis/build/failed/junkdog/artemis-odb/artemis/target/artemis-odb-0.10.2-SNAPSHOT.jar
[INFO] 
[INFO] --- maven-install-plugin:2.4:install (default-install) @ artemis-odb ---
[INFO] Installing /home/travis/build/failed/junkdog/artemis-odb/artemis/target/artemis-odb-0.10.2-SNAPSHOT.jar to /home/travis/.m2/repository/net/onedaybeard/artemis/artemis-odb/0.10.2-SNAPSHOT/artemis-odb-0.10.2-SNAPSHOT.jar
[INFO] Installing /home/travis/build/failed/junkdog/artemis-odb/artemis/pom.xml to /home/travis/.m2/repository/net/onedaybeard/artemis/artemis-odb/0.10.2-SNAPSHOT/artemis-odb-0.10.2-SNAPSHOT.pom
[INFO] Installing /home/travis/build/failed/junkdog/artemis-odb/artemis/target/artemis-odb-0.10.2-SNAPSHOT-sources.jar to /home/travis/.m2/repository/net/onedaybeard/artemis/artemis-odb/0.10.2-SNAPSHOT/artemis-odb-0.10.2-SNAPSHOT-sources.jar
[INFO]                                                                         
[INFO] ------------------------------------------------------------------------
[INFO] Building artemis-odb-component-weaver 0.10.2-SNAPSHOT
[INFO] ------------------------------------------------------------------------
[INFO] 
[INFO] --- maven-resources-plugin:2.6:resources (default-resources) @ artemis-odb-weaver ---
[INFO] Using 'UTF-8' encoding to copy filtered resources.
[INFO] skip non existing resourceDirectory /home/travis/build/failed/junkdog/artemis-odb/artemis-weaver/src/main/resources
[INFO] 
[INFO] --- maven-compiler-plugin:3.2:compile (default-compile) @ artemis-odb-weaver ---
[INFO] Changes detected - recompiling the module!
[INFO] Compiling 40 source files to /home/travis/build/failed/junkdog/artemis-odb/artemis-weaver/target/classes
[INFO] 
[INFO] --- maven-resources-plugin:2.6:testResources (default-testResources) @ artemis-odb-weaver ---
[INFO] Using 'UTF-8' encoding to copy filtered resources.
[INFO] skip non existing resourceDirectory /home/travis/build/failed/junkdog/artemis-odb/artemis-weaver/src/test/resources
[INFO] 
[INFO] --- maven-compiler-plugin:3.2:testCompile (default-testCompile) @ artemis-odb-weaver ---
[INFO] Changes detected - recompiling the module!
[INFO] Compiling 22 source files to /home/travis/build/failed/junkdog/artemis-odb/artemis-weaver/target/test-classes
[INFO] /home/travis/build/failed/junkdog/artemis-odb/artemis-weaver/src/test/java/com/artemis/system/NoBeginEndSystem.java: Some input files use or override a deprecated API.
[INFO] /home/travis/build/failed/junkdog/artemis-odb/artemis-weaver/src/test/java/com/artemis/system/NoBeginEndSystem.java: Recompile with -Xlint:deprecation for details.
[INFO] /home/travis/build/failed/junkdog/artemis-odb/artemis-weaver/src/test/java/com/artemis/system/PoorFellowSystem.java: Some input files use unchecked or unsafe operations.
[INFO] /home/travis/build/failed/junkdog/artemis-odb/artemis-weaver/src/test/java/com/artemis/system/PoorFellowSystem.java: Recompile with -Xlint:unchecked for details.
[INFO] 
[INFO] --- maven-surefire-plugin:2.12.4:test (default-test) @ artemis-odb-weaver ---
[INFO] Tests are skipped.
[INFO] 
[INFO] --- maven-jar-plugin:2.4:jar (default-jar) @ artemis-odb-weaver ---
[INFO] Building jar: /home/travis/build/failed/junkdog/artemis-odb/artemis-weaver/target/artemis-odb-weaver-0.10.2-SNAPSHOT.jar
[INFO] 
[INFO] --- maven-assembly-plugin:2.4:single (make-assembly) @ artemis-odb-weaver ---
[INFO] Building jar: /home/travis/build/failed/junkdog/artemis-odb/artemis-weaver/target/artemis-odb-weaver-0.10.2-SNAPSHOT-jar-with-dependencies.jar
[INFO] 
[INFO] --- maven-install-plugin:2.4:install (default-install) @ artemis-odb-weaver ---
[INFO] Installing /home/travis/build/failed/junkdog/artemis-odb/artemis-weaver/target/artemis-odb-weaver-0.10.2-SNAPSHOT.jar to /home/travis/.m2/repository/net/onedaybeard/artemis/artemis-odb-weaver/0.10.2-SNAPSHOT/artemis-odb-weaver-0.10.2-SNAPSHOT.jar
[INFO] Installing /home/travis/build/failed/junkdog/artemis-odb/artemis-weaver/pom.xml to /home/travis/.m2/repository/net/onedaybeard/artemis/artemis-odb-weaver/0.10.2-SNAPSHOT/artemis-odb-weaver-0.10.2-SNAPSHOT.pom
[INFO] Installing /home/travis/build/failed/junkdog/artemis-odb/artemis-weaver/target/artemis-odb-weaver-0.10.2-SNAPSHOT-jar-with-dependencies.jar to /home/travis/.m2/repository/net/onedaybeard/artemis/artemis-odb-weaver/0.10.2-SNAPSHOT/artemis-odb-weaver-0.10.2-SNAPSHOT-jar-with-dependencies.jar
[INFO]                                                                         
[INFO] ------------------------------------------------------------------------
[INFO] Building artemis-odb-maven-plugin 0.10.2-SNAPSHOT
[INFO] ------------------------------------------------------------------------
[INFO] 
[INFO] --- maven-plugin-plugin:3.2:helpmojo (help-goal) @ artemis-odb-maven-plugin ---
[INFO] Using 'UTF-8' encoding to read mojo metadata.
[INFO] Applying mojo extractor for language: java-annotations
[INFO] Mojo extractor for language: java-annotations found 0 mojo descriptors.
[INFO] Applying mojo extractor for language: java
[INFO] Mojo extractor for language: java found 0 mojo descriptors.
[INFO] Applying mojo extractor for language: bsh
[INFO] Mojo extractor for language: bsh found 0 mojo descriptors.
[INFO] 
[INFO] --- maven-resources-plugin:2.6:resources (default-resources) @ artemis-odb-maven-plugin ---
[INFO] Using 'UTF-8' encoding to copy filtered resources.
[INFO] Copying 1 resource
[INFO] 
[INFO] --- maven-compiler-plugin:3.2:compile (default-compile) @ artemis-odb-maven-plugin ---
[INFO] Changes detected - recompiling the module!
[INFO] Compiling 3 source files to /home/travis/build/failed/junkdog/artemis-odb/artemis-maven/target/classes
[INFO] 
[INFO] --- maven-plugin-plugin:3.2:descriptor (default-descriptor) @ artemis-odb-maven-plugin ---
[INFO] Using 'UTF-8' encoding to read mojo metadata.
[INFO] Applying mojo extractor for language: java-annotations
[INFO] Mojo extractor for language: java-annotations found 3 mojo descriptors.
[INFO] Applying mojo extractor for language: java
[INFO] Mojo extractor for language: java found 0 mojo descriptors.
[INFO] Applying mojo extractor for language: bsh
[INFO] Mojo extractor for language: bsh found 0 mojo descriptors.
[INFO] 
[INFO] --- maven-plugin-plugin:3.2:descriptor (mojo-descriptor) @ artemis-odb-maven-plugin ---
[INFO] Using 'UTF-8' encoding to read mojo metadata.
[INFO] Applying mojo extractor for language: java-annotations
[INFO] Mojo extractor for language: java-annotations found 3 mojo descriptors.
[INFO] Applying mojo extractor for language: java
[INFO] Mojo extractor for language: java found 0 mojo descriptors.
[INFO] Applying mojo extractor for language: bsh
[INFO] Mojo extractor for language: bsh found 0 mojo descriptors.
[INFO] 
[INFO] --- maven-resources-plugin:2.6:testResources (default-testResources) @ artemis-odb-maven-plugin ---
[INFO] Using 'UTF-8' encoding to copy filtered resources.
[INFO] skip non existing resourceDirectory /home/travis/build/failed/junkdog/artemis-odb/artemis-maven/src/test/resources
[INFO] 
[INFO] --- maven-compiler-plugin:3.2:testCompile (default-testCompile) @ artemis-odb-maven-plugin ---
[INFO] No sources to compile
[INFO] 
[INFO] --- maven-surefire-plugin:2.12.4:test (default-test) @ artemis-odb-maven-plugin ---
[INFO] Tests are skipped.
[INFO] 
[INFO] --- maven-jar-plugin:2.4:jar (default-jar) @ artemis-odb-maven-plugin ---
[INFO] Building jar: /home/travis/build/failed/junkdog/artemis-odb/artemis-maven/target/artemis-odb-maven-plugin-0.10.2-SNAPSHOT.jar
[INFO] 
[INFO] --- maven-plugin-plugin:3.2:addPluginArtifactMetadata (default-addPluginArtifactMetadata) @ artemis-odb-maven-plugin ---
[INFO] 
[INFO] --- maven-install-plugin:2.4:install (default-install) @ artemis-odb-maven-plugin ---
[INFO] Installing /home/travis/build/failed/junkdog/artemis-odb/artemis-maven/target/artemis-odb-maven-plugin-0.10.2-SNAPSHOT.jar to /home/travis/.m2/repository/net/onedaybeard/artemis/artemis-odb-maven-plugin/0.10.2-SNAPSHOT/artemis-odb-maven-plugin-0.10.2-SNAPSHOT.jar
[INFO] Installing /home/travis/build/failed/junkdog/artemis-odb/artemis-maven/pom.xml to /home/travis/.m2/repository/net/onedaybeard/artemis/artemis-odb-maven-plugin/0.10.2-SNAPSHOT/artemis-odb-maven-plugin-0.10.2-SNAPSHOT.pom
[INFO]                                                                         
[INFO] ------------------------------------------------------------------------
[INFO] Building artemis-odb-gradle-plugin 0.10.2-SNAPSHOT
[INFO] ------------------------------------------------------------------------
[INFO] 
[INFO] --- maven-source-plugin:3.2.1:jar-no-fork (attach-sources) @ artemis-odb-gradle-plugin ---
[INFO] Building jar: /home/travis/build/failed/junkdog/artemis-odb/artemis-gradle/target/artemis-odb-gradle-plugin-0.10.2-SNAPSHOT-sources.jar
[INFO] 
[INFO] --- maven-resources-plugin:2.6:resources (default-resources) @ artemis-odb-gradle-plugin ---
[INFO] Using 'UTF-8' encoding to copy filtered resources.
[INFO] Copying 1 resource
[INFO] 
[INFO] --- maven-compiler-plugin:3.2:compile (default-compile) @ artemis-odb-gradle-plugin ---
[INFO] Changes detected - recompiling the module!
[INFO] Compiling 2 source files to /home/travis/build/failed/junkdog/artemis-odb/artemis-gradle/target/classes
[INFO] 
[INFO] --- maven-resources-plugin:2.6:testResources (default-testResources) @ artemis-odb-gradle-plugin ---
[INFO] Using 'UTF-8' encoding to copy filtered resources.
[INFO] skip non existing resourceDirectory /home/travis/build/failed/junkdog/artemis-odb/artemis-gradle/src/test/resources
[INFO] 
[INFO] --- maven-compiler-plugin:3.2:testCompile (default-testCompile) @ artemis-odb-gradle-plugin ---
[INFO] No sources to compile
[INFO] 
[INFO] --- maven-surefire-plugin:2.12.4:test (default-test) @ artemis-odb-gradle-plugin ---
[INFO] Tests are skipped.
[INFO] 
[INFO] --- maven-jar-plugin:2.4:jar (default-jar) @ artemis-odb-gradle-plugin ---
[INFO] Building jar: /home/travis/build/failed/junkdog/artemis-odb/artemis-gradle/target/artemis-odb-gradle-plugin-0.10.2-SNAPSHOT.jar
[INFO] 
[INFO] --- maven-install-plugin:2.4:install (default-install) @ artemis-odb-gradle-plugin ---
[INFO] Installing /home/travis/build/failed/junkdog/artemis-odb/artemis-gradle/target/artemis-odb-gradle-plugin-0.10.2-SNAPSHOT.jar to /home/travis/.m2/repository/net/onedaybeard/artemis/artemis-odb-gradle-plugin/0.10.2-SNAPSHOT/artemis-odb-gradle-plugin-0.10.2-SNAPSHOT.jar
[INFO] Installing /home/travis/build/failed/junkdog/artemis-odb/artemis-gradle/pom.xml to /home/travis/.m2/repository/net/onedaybeard/artemis/artemis-odb-gradle-plugin/0.10.2-SNAPSHOT/artemis-odb-gradle-plugin-0.10.2-SNAPSHOT.pom
[INFO] Installing /home/travis/build/failed/junkdog/artemis-odb/artemis-gradle/target/artemis-odb-gradle-plugin-0.10.2-SNAPSHOT-sources.jar to /home/travis/.m2/repository/net/onedaybeard/artemis/artemis-odb-gradle-plugin/0.10.2-SNAPSHOT/artemis-odb-gradle-plugin-0.10.2-SNAPSHOT-sources.jar
[INFO]                                                                         
[INFO] ------------------------------------------------------------------------
[INFO] Building artemis-odb-processor 0.10.2-SNAPSHOT
[INFO] ------------------------------------------------------------------------
[INFO] 
[INFO] --- maven-resources-plugin:2.6:resources (default-resources) @ artemis-odb-processor ---
[INFO] Using 'UTF-8' encoding to copy filtered resources.
[INFO] Copying 1 resource
[INFO] 
[INFO] --- maven-compiler-plugin:3.2:compile (default-compile) @ artemis-odb-processor ---
[INFO] Changes detected - recompiling the module!
[INFO] Compiling 4 source files to /home/travis/build/failed/junkdog/artemis-odb/artemis-processor/target/classes
[INFO] 
[INFO] --- maven-resources-plugin:2.6:testResources (default-testResources) @ artemis-odb-processor ---
[INFO] Using 'UTF-8' encoding to copy filtered resources.
[INFO] Copying 6 resources
[INFO] 
[INFO] --- maven-compiler-plugin:3.2:testCompile (default-testCompile) @ artemis-odb-processor ---
[INFO] Changes detected - recompiling the module!
[INFO] Compiling 12 source files to /home/travis/build/failed/junkdog/artemis-odb/artemis-processor/target/test-classes
[INFO] 
[INFO] --- maven-surefire-plugin:2.12.4:test (default-test) @ artemis-odb-processor ---
[INFO] Tests are skipped.
[INFO] 
[INFO] --- maven-jar-plugin:2.4:jar (default-jar) @ artemis-odb-processor ---
[INFO] Building jar: /home/travis/build/failed/junkdog/artemis-odb/artemis-processor/target/artemis-odb-processor-0.10.2-SNAPSHOT.jar
[INFO] 
[INFO] --- maven-assembly-plugin:2.4:single (make-assembly) @ artemis-odb-processor ---
[WARNING] Artifact: net.onedaybeard.artemis:artemis-odb-processor:jar:0.10.2-SNAPSHOT references the same file as the assembly destination file. Moving it to a temporary location for inclusion.
[INFO] Building jar: /home/travis/build/failed/junkdog/artemis-odb/artemis-processor/target/artemis-odb-processor-0.10.2-SNAPSHOT.jar
[WARNING] Configuration options: 'appendAssemblyId' is set to false, and 'classifier' is missing.
Instead of attaching the assembly file: /home/travis/build/failed/junkdog/artemis-odb/artemis-processor/target/artemis-odb-processor-0.10.2-SNAPSHOT.jar, it will become the file for main project artifact.
NOTE: If multiple descriptors or descriptor-formats are provided for this project, the value of this file will be non-deterministic!
[WARNING] Replacing pre-existing project main-artifact file: /home/travis/build/failed/junkdog/artemis-odb/artemis-processor/target/archive-tmp/artemis-odb-processor-0.10.2-SNAPSHOT.jar
with assembly file: /home/travis/build/failed/junkdog/artemis-odb/artemis-processor/target/artemis-odb-processor-0.10.2-SNAPSHOT.jar
[INFO] 
[INFO] --- maven-install-plugin:2.4:install (default-install) @ artemis-odb-processor ---
[INFO] Installing /home/travis/build/failed/junkdog/artemis-odb/artemis-processor/target/artemis-odb-processor-0.10.2-SNAPSHOT.jar to /home/travis/.m2/repository/net/onedaybeard/artemis/artemis-odb-processor/0.10.2-SNAPSHOT/artemis-odb-processor-0.10.2-SNAPSHOT.jar
[INFO] Installing /home/travis/build/failed/junkdog/artemis-odb/artemis-processor/pom.xml to /home/travis/.m2/repository/net/onedaybeard/artemis/artemis-odb-processor/0.10.2-SNAPSHOT/artemis-odb-processor-0.10.2-SNAPSHOT.pom
[INFO]                                                                         
[INFO] ------------------------------------------------------------------------
[INFO] Building artemis-odb-integration-test 0.10.2-SNAPSHOT
[INFO] ------------------------------------------------------------------------
[INFO] 
[INFO] --- maven-processor-plugin:2.2.4:process (process) @ artemis-odb-test ---
[WARNING] No processors specified. Using default discovery mechanism.
[INFO] 
[INFO] --- maven-resources-plugin:2.6:resources (default-resources) @ artemis-odb-test ---
[INFO] Using 'UTF-8' encoding to copy filtered resources.
[INFO] skip non existing resourceDirectory /home/travis/build/failed/junkdog/artemis-odb/artemis-test/src/main/resources
[INFO] 
[INFO] --- maven-compiler-plugin:3.2:compile (default-compile) @ artemis-odb-test ---
[INFO] Changes detected - recompiling the module!
[INFO] Compiling 52 source files to /home/travis/build/failed/junkdog/artemis-odb/artemis-test/target/classes
[INFO] /home/travis/build/failed/junkdog/artemis-odb/artemis-test/src/main/java/com/artemis/system/BasicVoidSystem.java: Some input files use or override a deprecated API.
[INFO] /home/travis/build/failed/junkdog/artemis-odb/artemis-test/src/main/java/com/artemis/system/BasicVoidSystem.java: Recompile with -Xlint:deprecation for details.
[INFO] /home/travis/build/failed/junkdog/artemis-odb/artemis-test/src/main/java/com/artemis/system/OptimizedSystemAdditional.java: Some input files use unchecked or unsafe operations.
[INFO] /home/travis/build/failed/junkdog/artemis-odb/artemis-test/src/main/java/com/artemis/system/OptimizedSystemAdditional.java: Recompile with -Xlint:unchecked for details.
[INFO] 
[INFO] --- artemis-odb-maven-plugin:0.10.2-SNAPSHOT:artemis (default) @ artemis-odb-test ---
[info] 
[info] CONFIGURATION
[info] ------------------------------------------------------------------------
[info] ideFriendlyPacking ............................................... false
[info] enablePackedWeaving ............................................... true
[info] enablePooledWeaving ............................................... true
[info] optimizeEntitySystems ............................................. true
[info] ------------------------------------------------------------------------
[info] 
[info] WOVEN COMPONENTS                                                    99ms
[info] ------------------------------------------------------------------------
[info] c.a.c.EmptyPacked ............................................... PACKED
[info] c.a.c.PackedFieldComponent ...................................... PACKED
[info] c.a.c.PolyConstructor ........................................... POOLED
[info] c.a.c.PooledAllFields ........................................... POOLED
[info] c.a.c.PooledObjectPosition ...................................... POOLED
[info] c.a.c.PooledPosition ............................................ POOLED
[info] c.a.c.PooledStructComponentA .................................... POOLED
[info] c.a.c.SimpleComponent ........................................... PACKED
[info] c.a.c.StructComponentA .......................................... PACKED
[info] c.a.c.TransPackedDouble ......................................... PACKED
[info] c.a.c.TransPackedFloat .......................................... PACKED
[info] c.a.c.TransPackedInt ............................................ PACKED
[info] c.a.c.TransPackedLong ........................................... PACKED
[info] ------------------------------------------------------------------------
[info] 
[info] COMPONENT ACCESS REWRITTEN                                          26ms
[info] ------------------------------------------------------------------------
[info] c.a.c.Access ................................................... SUCCESS
[info] c.a.c.PackedComponentsGrowAndAreHardResetTestBase .............. SUCCESS
[info] c.a.c.StructTestBase ........................................... SUCCESS
[info] c.a.c.WorldStructWeavingBase$EntitySystemA ..................... SUCCESS
[info] c.a.c.WorldStructWeavingBase ................................... SUCCESS
[info] ------------------------------------------------------------------------
[info] 
[info] OPTIMIZED ENTITY SYSTEMS                                            17ms
[info] ------------------------------------------------------------------------
[info] 
[info] c.a.c.WorldStructWeavingBase$EntitySystemA ........................ FULL
[info] c.a.c.WorldStructWeavingBase$EntitySystemB ........................ FULL
[info] c.a.s.OptimizedSystem ............................................. FULL
[info] c.a.s.OptimizedSystemAdditional ................................... FULL
[info] c.a.s.OptimizedSystemSafe ......................................... SAFE
[info] c.a.s.ProfiledSystem .............................................. FULL
[info] ------------------------------------------------------------------------
[INFO] 
[INFO] --- maven-resources-plugin:2.6:testResources (default-testResources) @ artemis-odb-test ---
[INFO] Using 'UTF-8' encoding to copy filtered resources.
[INFO] skip non existing resourceDirectory /home/travis/build/failed/junkdog/artemis-odb/artemis-test/src/test/resources
[INFO] 
[INFO] --- maven-compiler-plugin:3.2:testCompile (default-testCompile) @ artemis-odb-test ---
[INFO] Changes detected - recompiling the module!
[INFO] Compiling 19 source files to /home/travis/build/failed/junkdog/artemis-odb/artemis-test/target/test-classes
[INFO] /home/travis/build/failed/junkdog/artemis-odb/artemis-test/src/test/java/com/artemis/MultiWorldPackedTest.java: Some input files use or override a deprecated API.
[INFO] /home/travis/build/failed/junkdog/artemis-odb/artemis-test/src/test/java/com/artemis/MultiWorldPackedTest.java: Recompile with -Xlint:deprecation for details.
[INFO] 
[INFO] --- maven-surefire-plugin:2.12.4:test (default-test) @ artemis-odb-test ---
[INFO] Tests are skipped.
[INFO] 
[INFO] --- maven-jar-plugin:2.4:jar (default-jar) @ artemis-odb-test ---
[INFO] Building jar: /home/travis/build/failed/junkdog/artemis-odb/artemis-test/target/artemis-odb-test-0.10.2-SNAPSHOT.jar
[INFO] 
[INFO] --- maven-install-plugin:2.4:install (default-install) @ artemis-odb-test ---
[INFO] Installing /home/travis/build/failed/junkdog/artemis-odb/artemis-test/target/artemis-odb-test-0.10.2-SNAPSHOT.jar to /home/travis/.m2/repository/net/onedaybeard/artemis/artemis-odb-test/0.10.2-SNAPSHOT/artemis-odb-test-0.10.2-SNAPSHOT.jar
[INFO] Installing /home/travis/build/failed/junkdog/artemis-odb/artemis-test/pom.xml to /home/travis/.m2/repository/net/onedaybeard/artemis/artemis-odb-test/0.10.2-SNAPSHOT/artemis-odb-test-0.10.2-SNAPSHOT.pom
[INFO]                                                                         
[INFO] ------------------------------------------------------------------------
[INFO] Building artemis-odb-cli 0.10.2-SNAPSHOT
[INFO] ------------------------------------------------------------------------
[INFO] 
[INFO] --- maven-resources-plugin:2.6:resources (default-resources) @ artemis-odb-cli ---
[INFO] Using 'UTF-8' encoding to copy filtered resources.
[INFO] Copying 2 resources
[INFO] 
[INFO] --- maven-compiler-plugin:3.2:compile (default-compile) @ artemis-odb-cli ---
[INFO] Changes detected - recompiling the module!
[INFO] Compiling 8 source files to /home/travis/build/failed/junkdog/artemis-odb/artemis-cli/target/classes
[INFO] 
[INFO] --- maven-resources-plugin:2.6:testResources (default-testResources) @ artemis-odb-cli ---
[INFO] Using 'UTF-8' encoding to copy filtered resources.
[INFO] skip non existing resourceDirectory /home/travis/build/failed/junkdog/artemis-odb/artemis-cli/src/test/resources
[INFO] 
[INFO] --- maven-compiler-plugin:3.2:testCompile (default-testCompile) @ artemis-odb-cli ---
[INFO] No sources to compile
[INFO] 
[INFO] --- maven-surefire-plugin:2.12.4:test (default-test) @ artemis-odb-cli ---
[INFO] Tests are skipped.
[INFO] 
[INFO] --- maven-jar-plugin:2.4:jar (default-jar) @ artemis-odb-cli ---
[INFO] Building jar: /home/travis/build/failed/junkdog/artemis-odb/artemis-cli/target/artemis-odb-cli-0.10.2-SNAPSHOT.jar
[INFO] 
[INFO] --- maven-assembly-plugin:2.4:single (make-assembly) @ artemis-odb-cli ---
[WARNING] Artifact: net.onedaybeard.artemis:artemis-odb-cli:jar:0.10.2-SNAPSHOT references the same file as the assembly destination file. Moving it to a temporary location for inclusion.
[INFO] Building jar: /home/travis/build/failed/junkdog/artemis-odb/artemis-cli/target/artemis-odb-cli-0.10.2-SNAPSHOT.jar
[WARNING] Configuration options: 'appendAssemblyId' is set to false, and 'classifier' is missing.
Instead of attaching the assembly file: /home/travis/build/failed/junkdog/artemis-odb/artemis-cli/target/artemis-odb-cli-0.10.2-SNAPSHOT.jar, it will become the file for main project artifact.
NOTE: If multiple descriptors or descriptor-formats are provided for this project, the value of this file will be non-deterministic!
[WARNING] Replacing pre-existing project main-artifact file: /home/travis/build/failed/junkdog/artemis-odb/artemis-cli/target/archive-tmp/artemis-odb-cli-0.10.2-SNAPSHOT.jar
with assembly file: /home/travis/build/failed/junkdog/artemis-odb/artemis-cli/target/artemis-odb-cli-0.10.2-SNAPSHOT.jar
[INFO] 
[INFO] --- maven-install-plugin:2.4:install (default-install) @ artemis-odb-cli ---
[INFO] Installing /home/travis/build/failed/junkdog/artemis-odb/artemis-cli/target/artemis-odb-cli-0.10.2-SNAPSHOT.jar to /home/travis/.m2/repository/net/onedaybeard/artemis/artemis-odb-cli/0.10.2-SNAPSHOT/artemis-odb-cli-0.10.2-SNAPSHOT.jar
[INFO] Installing /home/travis/build/failed/junkdog/artemis-odb/artemis-cli/pom.xml to /home/travis/.m2/repository/net/onedaybeard/artemis/artemis-odb-cli/0.10.2-SNAPSHOT/artemis-odb-cli-0.10.2-SNAPSHOT.pom
[INFO]                                                                         
[INFO] ------------------------------------------------------------------------
[INFO] Building artemis-odb-gwt 0.10.2-SNAPSHOT
[INFO] ------------------------------------------------------------------------
[INFO] 
[INFO] --- maven-source-plugin:3.2.1:jar-no-fork (attach-sources) @ artemis-odb-gwt ---
[INFO] Building jar: /home/travis/build/failed/junkdog/artemis-odb/artemis-gwt/target/artemis-odb-gwt-0.10.2-SNAPSHOT-sources.jar
[INFO] 
[INFO] --- maven-resources-plugin:2.6:resources (default-resources) @ artemis-odb-gwt ---
[INFO] Using 'UTF-8' encoding to copy filtered resources.
[INFO] Copying 2 resources
[INFO] 
[INFO] --- maven-compiler-plugin:3.2:compile (default-compile) @ artemis-odb-gwt ---
[INFO] Changes detected - recompiling the module!
[INFO] Compiling 23 source files to /home/travis/build/failed/junkdog/artemis-odb/artemis-gwt/target/classes
[WARNING] /home/travis/build/failed/junkdog/artemis-odb/artemis-gwt/src/main/java/com/artemis/backends/gwt/emu/com/artemis/utils/reflect/ClassReflection.java:[27,12] sun.reflect.generics.reflectiveObjects.NotImplementedException is internal proprietary API and may be removed in a future release
[INFO] /home/travis/build/failed/junkdog/artemis-odb/artemis-gwt/src/main/java/com/artemis/backends/gwt/emu/com/artemis/utils/reflect/Field.java: Some input files use unchecked or unsafe operations.
[INFO] /home/travis/build/failed/junkdog/artemis-odb/artemis-gwt/src/main/java/com/artemis/backends/gwt/emu/com/artemis/utils/reflect/Field.java: Recompile with -Xlint:unchecked for details.
[INFO] 
[INFO] --- maven-resources-plugin:2.6:testResources (default-testResources) @ artemis-odb-gwt ---
[INFO] Using 'UTF-8' encoding to copy filtered resources.
[INFO] Copying 1 resource
[INFO] 
[INFO] --- maven-compiler-plugin:3.2:testCompile (default-testCompile) @ artemis-odb-gwt ---
[INFO] Changes detected - recompiling the module!
[INFO] Compiling 37 source files to /home/travis/build/failed/junkdog/artemis-odb/artemis-gwt/target/test-classes
[INFO] /home/travis/build/failed/junkdog/artemis-odb/artemis-gwt/src/test/java/com/artemis/system/SystemSpawner.java: Some input files use or override a deprecated API.
[INFO] /home/travis/build/failed/junkdog/artemis-odb/artemis-gwt/src/test/java/com/artemis/system/SystemSpawner.java: Recompile with -Xlint:deprecation for details.
[INFO] 
[INFO] --- maven-surefire-plugin:2.6:test (default-test) @ artemis-odb-gwt ---
[INFO] Tests are skipped.
[INFO] 
[INFO] --- maven-jar-plugin:2.4:jar (default-jar) @ artemis-odb-gwt ---
[INFO] Building jar: /home/travis/build/failed/junkdog/artemis-odb/artemis-gwt/target/artemis-odb-gwt-0.10.2-SNAPSHOT.jar
[INFO] 
[INFO] --- gwt-maven-plugin:2.6.0:test (default) @ artemis-odb-gwt ---
[INFO] 
[INFO] --- maven-install-plugin:2.4:install (default-install) @ artemis-odb-gwt ---
[INFO] Installing /home/travis/build/failed/junkdog/artemis-odb/artemis-gwt/target/artemis-odb-gwt-0.10.2-SNAPSHOT.jar to /home/travis/.m2/repository/net/onedaybeard/artemis/artemis-odb-gwt/0.10.2-SNAPSHOT/artemis-odb-gwt-0.10.2-SNAPSHOT.jar
[INFO] Installing /home/travis/build/failed/junkdog/artemis-odb/artemis-gwt/pom.xml to /home/travis/.m2/repository/net/onedaybeard/artemis/artemis-odb-gwt/0.10.2-SNAPSHOT/artemis-odb-gwt-0.10.2-SNAPSHOT.pom
[INFO] Installing /home/travis/build/failed/junkdog/artemis-odb/artemis-gwt/target/artemis-odb-gwt-0.10.2-SNAPSHOT-sources.jar to /home/travis/.m2/repository/net/onedaybeard/artemis/artemis-odb-gwt/0.10.2-SNAPSHOT/artemis-odb-gwt-0.10.2-SNAPSHOT-sources.jar
[INFO] ------------------------------------------------------------------------
[INFO] Reactor Summary:
[INFO] 
[INFO] artemis parent ..................................... SUCCESS [  1.006 s]
[INFO] artemis-odb ........................................ SUCCESS [ 10.190 s]
[INFO] artemis-odb-component-weaver ....................... SUCCESS [  2.615 s]
[INFO] artemis-odb-maven-plugin ........................... SUCCESS [  7.962 s]
[INFO] artemis-odb-gradle-plugin .......................... SUCCESS [  2.595 s]
[INFO] artemis-odb-processor .............................. SUCCESS [  1.956 s]
[INFO] artemis-odb-integration-test ....................... SUCCESS [  3.215 s]
[INFO] artemis-odb-cli .................................... SUCCESS [  1.087 s]
[INFO] artemis-odb-gwt .................................... SUCCESS [  7.543 s]
[INFO] ------------------------------------------------------------------------
[INFO] BUILD SUCCESS
[INFO] ------------------------------------------------------------------------
[INFO] Total time: 38.586 s
[INFO] Finished at: 2022-01-19T12:52:46+00:00
[INFO] Final Memory: 42M/470M
[INFO] ------------------------------------------------------------------------

travis_time:end:0d8d90cc:start=1642596726475250795,finish=1642596766554043697,duration=40078792902[0Ktravis_fold:end:install[0Ktravis_time:start:0f5f62de[0K$ mvn test -Dhttps.protocols=TLSv1.2 -Dhttps.protocols=TLSv1.2 -B
[INFO] Scanning for projects...
[WARNING] 
[WARNING] Some problems were encountered while building the effective model for net.onedaybeard.artemis:artemis-odb:jar:0.10.2-SNAPSHOT
[WARNING] 'build.plugins.plugin.version' for org.apache.maven.plugins:maven-source-plugin is missing. @ net.onedaybeard.artemis:artemis-odb:[unknown-version], /home/travis/build/failed/junkdog/artemis-odb/artemis/pom.xml, line 18, column 12
[WARNING] 
[WARNING] Some problems were encountered while building the effective model for net.onedaybeard.artemis:artemis-odb-gradle-plugin:jar:0.10.2-SNAPSHOT
[WARNING] 'build.plugins.plugin.version' for org.apache.maven.plugins:maven-source-plugin is missing. @ net.onedaybeard.artemis:artemis-odb-gradle-plugin:[unknown-version], /home/travis/build/failed/junkdog/artemis-odb/artemis-gradle/pom.xml, line 60, column 21
[WARNING] 
[WARNING] Some problems were encountered while building the effective model for net.onedaybeard.artemis:artemis-odb-gwt:jar:0.10.2-SNAPSHOT
[WARNING] 'build.plugins.plugin.version' for org.apache.maven.plugins:maven-source-plugin is missing. @ net.onedaybeard.artemis:artemis-odb-gwt:[unknown-version], /home/travis/build/failed/junkdog/artemis-odb/artemis-gwt/pom.xml, line 47, column 12
[WARNING] 
[WARNING] It is highly recommended to fix these problems because they threaten the stability of your build.
[WARNING] 
[WARNING] For this reason, future Maven versions might no longer support building such malformed projects.
[WARNING] 
[INFO] ------------------------------------------------------------------------
[INFO] Reactor Build Order:
[INFO] 
[INFO] artemis parent
[INFO] artemis-odb
[INFO] artemis-odb-component-weaver
[INFO] artemis-odb-maven-plugin
[INFO] artemis-odb-gradle-plugin
[INFO] artemis-odb-processor
[INFO] artemis-odb-integration-test
[INFO] artemis-odb-cli
[INFO] artemis-odb-gwt
[INFO]                                                                         
[INFO] ------------------------------------------------------------------------
[INFO] Building artemis parent 0.10.2-SNAPSHOT
[INFO] ------------------------------------------------------------------------
[INFO]                                                                         
[INFO] ------------------------------------------------------------------------
[INFO] Building artemis-odb 0.10.2-SNAPSHOT
[INFO] ------------------------------------------------------------------------
[INFO] 
[INFO] --- maven-source-plugin:3.2.1:jar-no-fork (attach-sources) @ artemis-odb ---
[INFO] 
[INFO] --- maven-resources-plugin:2.6:resources (default-resources) @ artemis-odb ---
[INFO] Using 'UTF-8' encoding to copy filtered resources.
[INFO] skip non existing resourceDirectory /home/travis/build/failed/junkdog/artemis-odb/artemis/src/main/resources
[INFO] 
[INFO] --- maven-compiler-plugin:3.2:compile (default-compile) @ artemis-odb ---
[INFO] Changes detected - recompiling the module!
[INFO] Compiling 80 source files to /home/travis/build/failed/junkdog/artemis-odb/artemis/target/classes
[INFO] /home/travis/build/failed/junkdog/artemis-odb/artemis/src/main/java/com/artemis/World.java: Some input files use or override a deprecated API.
[INFO] /home/travis/build/failed/junkdog/artemis-odb/artemis/src/main/java/com/artemis/World.java: Recompile with -Xlint:deprecation for details.
[INFO] /home/travis/build/failed/junkdog/artemis-odb/artemis/src/main/java/com/artemis/systems/VoidEntitySystem.java: /home/travis/build/failed/junkdog/artemis-odb/artemis/src/main/java/com/artemis/systems/VoidEntitySystem.java uses unchecked or unsafe operations.
[INFO] /home/travis/build/failed/junkdog/artemis-odb/artemis/src/main/java/com/artemis/systems/VoidEntitySystem.java: Recompile with -Xlint:unchecked for details.
[INFO] 
[INFO] --- maven-resources-plugin:2.6:testResources (default-testResources) @ artemis-odb ---
[INFO] Using 'UTF-8' encoding to copy filtered resources.
[INFO] skip non existing resourceDirectory /home/travis/build/failed/junkdog/artemis-odb/artemis/src/test/resources
[INFO] 
[INFO] --- maven-compiler-plugin:3.2:testCompile (default-testCompile) @ artemis-odb ---
[INFO] Nothing to compile - all classes are up to date
[INFO] 
[INFO] --- maven-surefire-plugin:2.12.4:test (default-test) @ artemis-odb ---
[INFO] Surefire report directory: /home/travis/build/failed/junkdog/artemis-odb/artemis/target/surefire-reports

-------------------------------------------------------
 T E S T S
-------------------------------------------------------
Running com.artemis.utils.BagTest
Tests run: 1, Failures: 0, Errors: 0, Skipped: 0, Time elapsed: 0.15 sec
Running com.artemis.ArchetypeSystemTest
Tests run: 3, Failures: 0, Errors: 0, Skipped: 0, Time elapsed: 0.02 sec
Running com.artemis.PackedComponentTest
Tests run: 2, Failures: 0, Errors: 0, Skipped: 0, Time elapsed: 0 sec
Running com.artemis.WorldTest
Tests run: 3, Failures: 0, Errors: 0, Skipped: 0, Time elapsed: 0 sec
Running com.artemis.EntityManagerTest
Tests run: 5, Failures: 0, Errors: 0, Skipped: 0, Time elapsed: 0.01 sec
Running com.artemis.ComponentPoolTest
Tests run: 1, Failures: 0, Errors: 0, Skipped: 0, Time elapsed: 0 sec
Running com.artemis.PerformerWorldTest
Tests run: 1, Failures: 0, Errors: 0, Skipped: 0, Time elapsed: 0 sec
Running com.artemis.managers.GroupManagerTest
Tests run: 3, Failures: 0, Errors: 0, Skipped: 0, Time elapsed: 0 sec
Running com.artemis.managers.UuidEntityManagerTest
Tests run: 4, Failures: 0, Errors: 0, Skipped: 0, Time elapsed: 0.009 sec
Running com.artemis.Issue206SystemTest
Tests run: 1, Failures: 0, Errors: 0, Skipped: 0, Time elapsed: 0 sec
Running com.artemis.EntityEditTest
Tests run: 3, Failures: 0, Errors: 0, Skipped: 0, Time elapsed: 0.001 sec
Running com.artemis.EntityStateTest
Tests run: 2, Failures: 0, Errors: 0, Skipped: 0, Time elapsed: 0.001 sec
Running com.artemis.MultiWorldTest
Tests run: 1, Failures: 0, Errors: 0, Skipped: 0, Time elapsed: 0.001 sec
Running com.artemis.MapperTest
Tests run: 2, Failures: 0, Errors: 0, Skipped: 0, Time elapsed: 0.003 sec
Running com.artemis.SubscriptionListenerTest
Tests run: 4, Failures: 0, Errors: 2, Skipped: 0, Time elapsed: 0.01 sec <<< FAILURE!
entity_components_changed_by_edit_and_transmuter_test(com.artemis.SubscriptionListenerTest)  Time elapsed: 0.006 sec  <<< ERROR!
java.lang.NullPointerException
	at com.artemis.EntityEditPool.isEdited(EntityEditPool.java:25)
	at com.artemis.EntityTransmuter.getOperation(EntityTransmuter.java:50)
	at com.artemis.EntityTransmuter.transmute(EntityTransmuter.java:38)
	at com.artemis.SubscriptionListenerTest.entity_components_changed_by_edit_and_transmuter_test(SubscriptionListenerTest.java:50)
	at sun.reflect.NativeMethodAccessorImpl.invoke0(Native Method)
	at sun.reflect.NativeMethodAccessorImpl.invoke(NativeMethodAccessorImpl.java:57)
	at sun.reflect.DelegatingMethodAccessorImpl.invoke(DelegatingMethodAccessorImpl.java:43)
	at java.lang.reflect.Method.invoke(Method.java:606)
	at org.junit.runners.model.FrameworkMethod$1.runReflectiveCall(FrameworkMethod.java:47)
	at org.junit.internal.runners.model.ReflectiveCallable.run(ReflectiveCallable.java:12)
	at org.junit.runners.model.FrameworkMethod.invokeExplosively(FrameworkMethod.java:44)
	at org.junit.internal.runners.statements.InvokeMethod.evaluate(InvokeMethod.java:17)
	at org.junit.runners.ParentRunner.runLeaf(ParentRunner.java:271)
	at org.junit.runners.BlockJUnit4ClassRunner.runChild(BlockJUnit4ClassRunner.java:70)
	at org.junit.runners.BlockJUnit4ClassRunner.runChild(BlockJUnit4ClassRunner.java:50)
	at org.junit.runners.ParentRunner$3.run(ParentRunner.java:238)
	at org.junit.runners.ParentRunner$1.schedule(ParentRunner.java:63)
	at org.junit.runners.ParentRunner.runChildren(ParentRunner.java:236)
	at org.junit.runners.ParentRunner.access$000(ParentRunner.java:53)
	at org.junit.runners.ParentRunner$2.evaluate(ParentRunner.java:229)
	at org.junit.runners.ParentRunner.run(ParentRunner.java:309)
	at org.apache.maven.surefire.junit4.JUnit4Provider.execute(JUnit4Provider.java:252)
	at org.apache.maven.surefire.junit4.JUnit4Provider.executeTestSet(JUnit4Provider.java:141)
	at org.apache.maven.surefire.junit4.JUnit4Provider.invoke(JUnit4Provider.java:112)
	at sun.reflect.NativeMethodAccessorImpl.invoke0(Native Method)
	at sun.reflect.NativeMethodAccessorImpl.invoke(NativeMethodAccessorImpl.java:57)
	at sun.reflect.DelegatingMethodAccessorImpl.invoke(DelegatingMethodAccessorImpl.java:43)
	at java.lang.reflect.Method.invoke(Method.java:606)
	at org.apache.maven.surefire.util.ReflectionUtils.invokeMethodWithArray(ReflectionUtils.java:189)
	at org.apache.maven.surefire.booter.ProviderFactory$ProviderProxy.invoke(ProviderFactory.java:165)
	at org.apache.maven.surefire.booter.ProviderFactory.invokeProvider(ProviderFactory.java:85)
	at org.apache.maven.surefire.booter.ForkedBooter.runSuitesInProcess(ForkedBooter.java:115)
	at org.apache.maven.surefire.booter.ForkedBooter.main(ForkedBooter.java:75)

entity_components_changed_by_archetype_and_transmuter_test(com.artemis.SubscriptionListenerTest)  Time elapsed: 0 sec  <<< ERROR!
java.lang.NullPointerException
	at com.artemis.EntityEditPool.isEdited(EntityEditPool.java:25)
	at com.artemis.EntityTransmuter.getOperation(EntityTransmuter.java:50)
	at com.artemis.EntityTransmuter.transmute(EntityTransmuter.java:38)
	at com.artemis.SubscriptionListenerTest.entity_components_changed_by_archetype_and_transmuter_test(SubscriptionListenerTest.java:100)
	at sun.reflect.NativeMethodAccessorImpl.invoke0(Native Method)
	at sun.reflect.NativeMethodAccessorImpl.invoke(NativeMethodAccessorImpl.java:57)
	at sun.reflect.DelegatingMethodAccessorImpl.invoke(DelegatingMethodAccessorImpl.java:43)
	at java.lang.reflect.Method.invoke(Method.java:606)
	at org.junit.runners.model.FrameworkMethod$1.runReflectiveCall(FrameworkMethod.java:47)
	at org.junit.internal.runners.model.ReflectiveCallable.run(ReflectiveCallable.java:12)
	at org.junit.runners.model.FrameworkMethod.invokeExplosively(FrameworkMethod.java:44)
	at org.junit.internal.runners.statements.InvokeMethod.evaluate(InvokeMethod.java:17)
	at org.junit.runners.ParentRunner.runLeaf(ParentRunner.java:271)
	at org.junit.runners.BlockJUnit4ClassRunner.runChild(BlockJUnit4ClassRunner.java:70)
	at org.junit.runners.BlockJUnit4ClassRunner.runChild(BlockJUnit4ClassRunner.java:50)
	at org.junit.runners.ParentRunner$3.run(ParentRunner.java:238)
	at org.junit.runners.ParentRunner$1.schedule(ParentRunner.java:63)
	at org.junit.runners.ParentRunner.runChildren(ParentRunner.java:236)
	at org.junit.runners.ParentRunner.access$000(ParentRunner.java:53)
	at org.junit.runners.ParentRunner$2.evaluate(ParentRunner.java:229)
	at org.junit.runners.ParentRunner.run(ParentRunner.java:309)
	at org.apache.maven.surefire.junit4.JUnit4Provider.execute(JUnit4Provider.java:252)
	at org.apache.maven.surefire.junit4.JUnit4Provider.executeTestSet(JUnit4Provider.java:141)
	at org.apache.maven.surefire.junit4.JUnit4Provider.invoke(JUnit4Provider.java:112)
	at sun.reflect.NativeMethodAccessorImpl.invoke0(Native Method)
	at sun.reflect.NativeMethodAccessorImpl.invoke(NativeMethodAccessorImpl.java:57)
	at sun.reflect.DelegatingMethodAccessorImpl.invoke(DelegatingMethodAccessorImpl.java:43)
	at java.lang.reflect.Method.invoke(Method.java:606)
	at org.apache.maven.surefire.util.ReflectionUtils.invokeMethodWithArray(ReflectionUtils.java:189)
	at org.apache.maven.surefire.booter.ProviderFactory$ProviderProxy.invoke(ProviderFactory.java:165)
	at org.apache.maven.surefire.booter.ProviderFactory.invokeProvider(ProviderFactory.java:85)
	at org.apache.maven.surefire.booter.ForkedBooter.runSuitesInProcess(ForkedBooter.java:115)
	at org.apache.maven.surefire.booter.ForkedBooter.main(ForkedBooter.java:75)

Running com.artemis.ComponentManagerTest
Tests run: 5, Failures: 0, Errors: 0, Skipped: 0, Time elapsed: 0.007 sec
Running com.artemis.SmarterWireTest
Tests run: 2, Failures: 0, Errors: 0, Skipped: 0, Time elapsed: 0.001 sec
Running com.artemis.EntityTransmuterTest
has not Entity[0]
has not Entity[1]
has Entity[0]
has Entity[1]
Tests run: 4, Failures: 0, Errors: 0, Skipped: 0, Time elapsed: 0.006 sec
Running com.artemis.systems.VoidEntitySystemTest
Tests run: 1, Failures: 0, Errors: 0, Skipped: 0, Time elapsed: 0 sec
Running com.artemis.systems.IntervalEntitySystemTest
Tests run: 1, Failures: 0, Errors: 0, Skipped: 0, Time elapsed: 0 sec
Running com.artemis.EntitySubscriptionTest
Tests run: 3, Failures: 0, Errors: 0, Skipped: 0, Time elapsed: 0 sec
Running com.artemis.AspectSubscriptionManagerTest
Tests run: 1, Failures: 0, Errors: 0, Skipped: 0, Time elapsed: 0.001 sec
Running com.artemis.EntityFactoryTest
Tests run: 5, Failures: 0, Errors: 0, Skipped: 0, Time elapsed: 0 sec
Running com.artemis.WorldPooledComponentTest
Tests run: 1, Failures: 0, Errors: 0, Skipped: 0, Time elapsed: 0 sec
Running com.artemis.ArchetypeTest
Tests run: 5, Failures: 0, Errors: 0, Skipped: 0, Time elapsed: 0 sec
Running com.artemis.DelayedEntityProcessingSystemTest
Tests run: 2, Failures: 0, Errors: 0, Skipped: 0, Time elapsed: 0 sec
Running com.artemis.EntitySystemTest
Entity[0]=1
Tests run: 3, Failures: 0, Errors: 0, Skipped: 0, Time elapsed: 0 sec
Running com.artemis.WireTest
Tests run: 13, Failures: 0, Errors: 0, Skipped: 0, Time elapsed: 0.019 sec
Running com.artemis.ArchetypeManagerTest
Tests run: 3, Failures: 0, Errors: 0, Skipped: 0, Time elapsed: 0.002 sec

Results :

Tests in error: 
  entity_components_changed_by_edit_and_transmuter_test(com.artemis.SubscriptionListenerTest)
  entity_components_changed_by_archetype_and_transmuter_test(com.artemis.SubscriptionListenerTest)

Tests run: 85, Failures: 0, Errors: 2, Skipped: 0

[INFO] ------------------------------------------------------------------------
[INFO] Reactor Summary:
[INFO] 
[INFO] artemis parent ..................................... SUCCESS [  0.002 s]
[INFO] artemis-odb ........................................ FAILURE [  4.084 s]
[INFO] artemis-odb-component-weaver ....................... SKIPPED
[INFO] artemis-odb-maven-plugin ........................... SKIPPED
[INFO] artemis-odb-gradle-plugin .......................... SKIPPED
[INFO] artemis-odb-processor .............................. SKIPPED
[INFO] artemis-odb-integration-test ....................... SKIPPED
[INFO] artemis-odb-cli .................................... SKIPPED
[INFO] artemis-odb-gwt .................................... SKIPPED
[INFO] ------------------------------------------------------------------------
[INFO] BUILD FAILURE
[INFO] ------------------------------------------------------------------------
[INFO] Total time: 4.287 s
[INFO] Finished at: 2022-01-19T12:52:52+00:00
[INFO] Final Memory: 15M/491M
[INFO] ------------------------------------------------------------------------
[ERROR] Failed to execute goal org.apache.maven.plugins:maven-surefire-plugin:2.12.4:test (default-test) on project artemis-odb: There are test failures.
[ERROR] 
[ERROR] Please refer to /home/travis/build/failed/junkdog/artemis-odb/artemis/target/surefire-reports for the individual test results.
[ERROR] -> [Help 1]
[ERROR] 
[ERROR] To see the full stack trace of the errors, re-run Maven with the -e switch.
[ERROR] Re-run Maven using the -X switch to enable full debug logging.
[ERROR] 
[ERROR] For more information about the errors and possible solutions, please read the following articles:
[ERROR] [Help 1] http://cwiki.apache.org/confluence/display/MAVEN/MojoFailureException
[ERROR] 
[ERROR] After correcting the problems, you can resume the build with the command
[ERROR]   mvn <goals> -rf :artemis-odb

travis_time:end:0f5f62de:start=1642596766564301871,finish=1642596772314250633,duration=5749948762[0K
[31;1mThe command "mvn test -Dhttps.protocols=TLSv1.2 -Dhttps.protocols=TLSv1.2 -B" exited with 1.[0m

Done. Your build exited with 1.
