travis_fold:start:system_info[0K[33;1mBuild system information[0m
Build language: java
Build group: stable
Build dist: trusty
Build id: ''
Job id: ''
[34m[1mBuild image provisioning date and time[0m
Tue Aug 29 02:50:02 UTC 2017
[34m[1mOperating System Details[0m
Distributor ID:	Ubuntu
Description:	Ubuntu 14.04.5 LTS
Release:	14.04
Codename:	trusty
[34m[1mCookbooks Version[0m
4642454 https://github.com/travis-ci/travis-cookbooks/tree/4642454
[34m[1mgit version[0m
git version 2.14.1
[34m[1mbash version[0m
GNU bash, version 4.3.11(1)-release (x86_64-pc-linux-gnu)
[34m[1mgcc version[0m
gcc (Ubuntu 4.8.4-2ubuntu1~14.04.3) 4.8.4
Copyright (C) 2013 Free Software Foundation, Inc.
This is free software; see the source for copying conditions.  There is NO
warranty; not even for MERCHANTABILITY or FITNESS FOR A PARTICULAR PURPOSE.

[34m[1mdocker version[0m
Client:
 Version:      17.03.1-ce
 API version:  1.27
 Go version:   go1.7.5
 Git commit:   c6d412e
 Built:        Mon Mar 27 16:58:30 2017
 OS/Arch:      linux/amd64
[34m[1mclang version[0m
clang version 3.9.0 (tags/RELEASE_390/final)
Target: x86_64-unknown-linux-gnu
Thread model: posix
InstalledDir: /usr/local/clang-3.9.0/bin
[34m[1mjq version[0m
jq-1.5
[34m[1mbats version[0m
Bats 0.4.0
[34m[1mshellcheck version[0m
0.4.6
[34m[1mshfmt version[0m
v1.3.1
[34m[1mccache version[0m
ccache version 3.1.9

Copyright (C) 2002-2007 Andrew Tridgell
Copyright (C) 2009-2011 Joel Rosdahl

This program is free software; you can redistribute it and/or modify it under
the terms of the GNU General Public License as published by the Free Software
Foundation; either version 3 of the License, or (at your option) any later
version.
[34m[1mcmake version[0m
cmake version 3.2.2

CMake suite maintained and supported by Kitware (kitware.com/cmake).
[34m[1mheroku version[0m
heroku-cli/6.13.19-6cd27b3 (linux-x64) node-v8.3.0
[34m[1mimagemagick version[0m
Version: ImageMagick 6.7.7-10 2017-07-31 Q16 http://www.imagemagick.org
[34m[1mmd5deep version[0m
4.2
[34m[1mmercurial version[0m
Mercurial Distributed SCM (version 4.2.2)
(see https://mercurial-scm.org for more information)

Copyright (C) 2005-2017 Matt Mackall and others
This is free software; see the source for copying conditions. There is NO
warranty; not even for MERCHANTABILITY or FITNESS FOR A PARTICULAR PURPOSE.
[34m[1mmysql version[0m
mysql  Ver 14.14 Distrib 5.6.33, for debian-linux-gnu (x86_64) using  EditLine wrapper
[34m[1mopenssl version[0m
OpenSSL 1.0.1f 6 Jan 2014
[34m[1mpacker version[0m
Packer v1.0.2

Your version of Packer is out of date! The latest version
is 1.0.4. You can update by downloading from www.packer.io
[34m[1mpostgresql client version[0m
psql (PostgreSQL) 9.6.4
[34m[1mragel version[0m
Ragel State Machine Compiler version 6.8 Feb 2013
Copyright (c) 2001-2009 by Adrian Thurston
[34m[1msubversion version[0m
svn, version 1.8.8 (r1568071)
   compiled Aug 10 2017, 17:20:39 on x86_64-pc-linux-gnu

Copyright (C) 2013 The Apache Software Foundation.
This software consists of contributions made by many people;
see the NOTICE file for more information.
Subversion is open source software, see http://subversion.apache.org/

The following repository access (RA) modules are available:

* ra_svn : Module for accessing a repository using the svn network protocol.
  - with Cyrus SASL authentication
  - handles 'svn' scheme
* ra_local : Module for accessing a repository on local disk.
  - handles 'file' scheme
* ra_serf : Module for accessing a repository via WebDAV protocol using serf.
  - using serf 1.3.3
  - handles 'http' scheme
  - handles 'https' scheme

[34m[1msudo version[0m
Sudo version 1.8.9p5
Configure options: --prefix=/usr -v --with-all-insults --with-pam --with-fqdn --with-logging=syslog --with-logfac=authpriv --with-env-editor --with-editor=/usr/bin/editor --with-timeout=15 --with-password-timeout=0 --with-passprompt=[sudo] password for %p:  --without-lecture --with-tty-tickets --disable-root-mailer --enable-admin-flag --with-sendmail=/usr/sbin/sendmail --with-timedir=/var/lib/sudo --mandir=/usr/share/man --libexecdir=/usr/lib/sudo --with-sssd --with-sssd-lib=/usr/lib/x86_64-linux-gnu --with-selinux
Sudoers policy plugin version 1.8.9p5
Sudoers file grammar version 43

Sudoers path: /etc/sudoers
Authentication methods: 'pam'
Syslog facility if syslog is being used for logging: authpriv
Syslog priority to use when user authenticates successfully: notice
Syslog priority to use when user authenticates unsuccessfully: alert
Send mail if the user is not in sudoers
Use a separate timestamp for each user/tty combo
Lecture user the first time they run sudo
Root may run sudo
Allow some information gathering to give useful error messages
Require fully-qualified hostnames in the sudoers file
Visudo will honor the EDITOR environment variable
Set the LOGNAME and USER environment variables
Length at which to wrap log file lines (0 for no wrap): 80
Authentication timestamp timeout: 15.0 minutes
Password prompt timeout: 0.0 minutes
Number of tries to enter a password: 3
Umask to use or 0777 to use user's: 022
Path to mail program: /usr/sbin/sendmail
Flags for mail program: -t
Address to send mail to: root
Subject line for mail messages: *** SECURITY information for %h ***
Incorrect password message: Sorry, try again.
Path to authentication timestamp dir: /var/lib/sudo
Default password prompt: [sudo] password for %p: 
Default user to run commands as: root
Value to override user's $PATH with: /usr/local/sbin:/usr/local/bin:/usr/sbin:/usr/bin:/sbin:/bin:/snap/bin
Path to the editor for use by visudo: /usr/bin/editor
When to require a password for 'list' pseudocommand: any
When to require a password for 'verify' pseudocommand: all
File descriptors >= 3 will be closed before executing a command
Environment variables to check for sanity:
	TZ
	TERM
	LINGUAS
	LC_*
	LANGUAGE
	LANG
	COLORTERM
Environment variables to remove:
	RUBYOPT
	RUBYLIB
	PYTHONUSERBASE
	PYTHONINSPECT
	PYTHONPATH
	PYTHONHOME
	TMPPREFIX
	ZDOTDIR
	READNULLCMD
	NULLCMD
	FPATH
	PERL5DB
	PERL5OPT
	PERL5LIB
	PERLLIB
	PERLIO_DEBUG 
	JAVA_TOOL_OPTIONS
	SHELLOPTS
	GLOBIGNORE
	PS4
	BASH_ENV
	ENV
	TERMCAP
	TERMPATH
	TERMINFO_DIRS
	TERMINFO
	_RLD*
	LD_*
	PATH_LOCALE
	NLSPATH
	HOSTALIASES
	RES_OPTIONS
	LOCALDOMAIN
	CDPATH
	IFS
Environment variables to preserve:
	JAVA_HOME
	TRAVIS
	CI
	DEBIAN_FRONTEND
	XAUTHORIZATION
	XAUTHORITY
	PS2
	PS1
	PATH
	LS_COLORS
	KRB5CCNAME
	HOSTNAME
	HOME
	DISPLAY
	COLORS
Locale to use while parsing sudoers: C
Directory in which to store input/output logs: /var/log/sudo-io
File in which to store the input/output log: %{seq}
Add an entry to the utmp/utmpx file when allocating a pty
PAM service name to use
PAM service name to use for login shells
Create a new PAM session for the command to run in
Maximum I/O log sequence number: 0

Local IP address and netmask pairs:
	172.17.0.2/255.255.0.0

Sudoers I/O plugin version 1.8.9p5
[34m[1mgzip version[0m
gzip 1.6
Copyright (C) 2007, 2010, 2011 Free Software Foundation, Inc.
Copyright (C) 1993 Jean-loup Gailly.
This is free software.  You may redistribute copies of it under the terms of
the GNU General Public License <http://www.gnu.org/licenses/gpl.html>.
There is NO WARRANTY, to the extent permitted by law.

Written by Jean-loup Gailly.
[34m[1mzip version[0m
Copyright (c) 1990-2008 Info-ZIP - Type 'zip "-L"' for software license.
This is Zip 3.0 (July 5th 2008), by Info-ZIP.
Currently maintained by E. Gordon.  Please send bug reports to
the authors using the web page at www.info-zip.org; see README for details.

Latest sources and executables are at ftp://ftp.info-zip.org/pub/infozip,
as of above date; see http://www.info-zip.org/ for other sites.

Compiled with gcc 4.8.2 for Unix (Linux ELF) on Oct 21 2013.

Zip special compilation options:
	USE_EF_UT_TIME       (store Universal Time)
	BZIP2_SUPPORT        (bzip2 library version 1.0.6, 6-Sept-2010)
	    bzip2 code and library copyright (c) Julian R Seward
	    (See the bzip2 license for terms of use)
	SYMLINK_SUPPORT      (symbolic links supported)
	LARGE_FILE_SUPPORT   (can read and write large files on file system)
	ZIP64_SUPPORT        (use Zip64 to store large files in archives)
	UNICODE_SUPPORT      (store and read UTF-8 Unicode paths)
	STORE_UNIX_UIDs_GIDs (store UID/GID sizes/values using new extra field)
	UIDGID_NOT_16BIT     (old Unix 16-bit UID/GID extra field not used)
	[encryption, version 2.91 of 05 Jan 2007] (modified for Zip 3)

Encryption notice:
	The encryption code of this program is not copyrighted and is
	put in the public domain.  It was originally written in Europe
	and, to the best of our knowledge, can be freely distributed
	in both source and object forms from any country, including
	the USA under License Exception TSU of the U.S. Export
	Administration Regulations (section 740.13(e)) of 6 June 2002.

Zip environment options:
             ZIP:  [none]
          ZIPOPT:  [none]
[34m[1mvim version[0m
VIM - Vi IMproved 7.4 (2013 Aug 10, compiled Nov 24 2016 16:43:18)
Included patches: 1-52
Extra patches: 8.0.0056
Modified by pkg-vim-maintainers@lists.alioth.debian.org
Compiled by buildd@
Huge version without GUI.  Features included (+) or not (-):
+acl             +farsi           +mouse_netterm   +syntax
+arabic          +file_in_path    +mouse_sgr       +tag_binary
+autocmd         +find_in_path    -mouse_sysmouse  +tag_old_static
-balloon_eval    +float           +mouse_urxvt     -tag_any_white
-browse          +folding         +mouse_xterm     -tcl
++builtin_terms  -footer          +multi_byte      +terminfo
+byte_offset     +fork()          +multi_lang      +termresponse
+cindent         +gettext         -mzscheme        +textobjects
-clientserver    -hangul_input    +netbeans_intg   +title
-clipboard       +iconv           +path_extra      -toolbar
+cmdline_compl   +insert_expand   -perl            +user_commands
+cmdline_hist    +jumplist        +persistent_undo +vertsplit
+cmdline_info    +keymap          +postscript      +virtualedit
+comments        +langmap         +printer         +visual
+conceal         +libcall         +profile         +visualextra
+cryptv          +linebreak       +python          +viminfo
+cscope          +lispindent      -python3         +vreplace
+cursorbind      +listcmds        +quickfix        +wildignore
+cursorshape     +localmap        +reltime         +wildmenu
+dialog_con      -lua             +rightleft       +windows
+diff            +menu            -ruby            +writebackup
+digraphs        +mksession       +scrollbind      -X11
-dnd             +modify_fname    +signs           -xfontset
-ebcdic          +mouse           +smartindent     -xim
+emacs_tags      -mouseshape      -sniff           -xsmp
+eval            +mouse_dec       +startuptime     -xterm_clipboard
+ex_extra        +mouse_gpm       +statusline      -xterm_save
+extra_search    -mouse_jsbterm   -sun_workshop    -xpm
   system vimrc file: "$VIM/vimrc"
     user vimrc file: "$HOME/.vimrc"
 2nd user vimrc file: "~/.vim/vimrc"
      user exrc file: "$HOME/.exrc"
  fall-back for $VIM: "/usr/share/vim"
Compilation: gcc -c -I. -Iproto -DHAVE_CONFIG_H     -g -O2 -fstack-protector --param=ssp-buffer-size=4 -Wformat -Werror=format-security -U_FORTIFY_SOURCE -D_FORTIFY_SOURCE=1      
Linking: gcc   -Wl,-Bsymbolic-functions -Wl,-z,relro -Wl,--as-needed -o vim        -lm -ltinfo -lnsl  -lselinux  -lacl -lattr -lgpm -ldl    -L/usr/lib/python2.7/config-x86_64-linux-gnu -lpython2.7 -lpthread -ldl -lutil -lm -Xlinker -export-dynamic -Wl,-O1 -Wl,-Bsymbolic-functions      
[34m[1miptables version[0m
iptables v1.4.21
[34m[1mcurl version[0m
curl 7.35.0 (x86_64-pc-linux-gnu) libcurl/7.35.0 OpenSSL/1.0.1f zlib/1.2.8 libidn/1.28 librtmp/2.3
[34m[1mwget version[0m
GNU Wget 1.15 built on linux-gnu.
[34m[1mrsync version[0m
rsync  version 3.1.0  protocol version 31
[34m[1mgimme version[0m
v1.2.0
[34m[1mnvm version[0m
0.33.2
[34m[1mperlbrew version[0m
/home/travis/perl5/perlbrew/bin/perlbrew  - App::perlbrew/0.80
[34m[1mphpenv version[0m
rbenv 1.1.1-4-g4ebd1bd
[34m[1mrvm version[0m
rvm 1.29.2 (latest) by Michal Papis, Piotr Kuczynski, Wayne E. Seguin [https://rvm.io/]
[34m[1mdefault ruby version[0m
ruby 2.4.1p111 (2017-03-22 revision 58053) [x86_64-linux]
[34m[1mCouchDB version[0m
couchdb 1.6.1
[34m[1mElasticSearch version[0m
5.5.0
[34m[1mInstalled Firefox version[0m
firefox 55.0.2
[34m[1mMongoDB version[0m
MongoDB 3.2.16
[34m[1mPre-installed PostgreSQL versions[0m
9.2.22
9.3.18
9.4.13
9.5.8
9.6.4
[34m[1mRabbitMQ Version[0m
3.6.11
[34m[1mRedis version[0m
redis-server 4.0.1
[34m[1mriak version[0m
2.2.3
[34m[1mPre-installed Go versions[0m
1.7.4
[34m[1mant version[0m
Apache Ant(TM) version 1.9.3 compiled on April 8 2014
[34m[1mmvn version[0m
Apache Maven 3.5.0 (ff8f5e7444045639af65f6095c62210b5713f426; 2017-04-03T19:39:06Z)
Maven home: /usr/local/maven-3.5.0
Java version: 1.8.0_144, vendor: Oracle Corporation
Java home: /usr/lib/jvm/java-8-oracle/jre
Default locale: en_US, platform encoding: UTF-8
OS name: "linux", version: "4.4.0-92-generic", arch: "amd64", family: "unix"
[34m[1mgradle version[0m

------------------------------------------------------------
Gradle 4.0.1
------------------------------------------------------------

Build time:   2017-07-07 14:02:41 UTC
Revision:     38e5dc0f772daecca1d2681885d3d85414eb6826

Groovy:       2.4.11
Ant:          Apache Ant(TM) version 1.9.6 compiled on June 29 2015
JVM:          1.8.0_144 (Oracle Corporation 25.144-b01)
OS:           Linux 4.4.0-92-generic amd64

[34m[1mlein version[0m
WARNING: You're currently running as root; probably by accident.
Press control-C to abort or Enter to continue as root.
Set LEIN_ROOT to disable this warning.
Leiningen 2.7.1 on Java 1.8.0_144 Java HotSpot(TM) 64-Bit Server VM
[34m[1mPre-installed Node.js versions[0m
v4.8.4
v6.11.2
v6.9.4
v7.4.0
v8.4
[34m[1mphpenv versions[0m
  system
  5.6
* 5.6.31 (set by /home/travis/.phpenv/version)
  7.0
  7.0.22
  hhvm
  hhvm-stable
[34m[1mcomposer --version[0m
Composer version 1.4.2 2017-05-17 08:17:52
[34m[1mPre-installed Ruby versions[0m
ruby-2.2.7
ruby-2.3.4
ruby-2.4.1
travis_fold:end:system_info[0K
grep: /etc/apt/sources.list.d/*: No such file or directory
sed: cannot rename /etc/hosts: Device or resource busy
sed: cannot rename /etc/hosts: Device or resource busy
$ jdk_switcher use oraclejdk8
Switching to Oracle JDK8 (java-8-oracle), JAVA_HOME will be set to /usr/lib/jvm/java-8-oracle
$ cd failed/square/retrofit
travis_fold:start:cache.1[0KSetting up build cache
$ export CASHER_DIR=$HOME/.casher
travis_time:start:08846b41[0K
travis_time:end:08846b41:start=1642634556656631916,finish=1642634556666192189,duration=9560273[0Ktravis_time:start:20bd3ce0[0K/home/travis/.casher/bin/casher:213:in `cache_archive_name': undefined method `[]' for nil:NilClass (NoMethodError)
	from /home/travis/.casher/bin/casher:65:in `block in fetch'
	from /home/travis/.casher/bin/casher:64:in `each'
	from /home/travis/.casher/bin/casher:64:in `fetch'
	from /home/travis/.casher/bin/casher:53:in `block in run'
	from /home/travis/.rvm/rubies/ruby-2.2.7/lib/ruby/2.2.0/timeout.rb:88:in `block in timeout'
	from /home/travis/.rvm/rubies/ruby-2.2.7/lib/ruby/2.2.0/timeout.rb:32:in `block in catch'
	from /home/travis/.rvm/rubies/ruby-2.2.7/lib/ruby/2.2.0/timeout.rb:32:in `catch'
	from /home/travis/.rvm/rubies/ruby-2.2.7/lib/ruby/2.2.0/timeout.rb:32:in `catch'
	from /home/travis/.rvm/rubies/ruby-2.2.7/lib/ruby/2.2.0/timeout.rb:103:in `timeout'
	from /home/travis/.casher/bin/casher:53:in `run'
	from /home/travis/.casher/bin/casher:263:in `<main>'
[32;1mattempting to download cache archive[0m

travis_time:end:20bd3ce0:start=1642634556682987262,finish=1642634557678212498,duration=995225236[0Ktravis_time:start:17fe8f6e[0K
travis_time:end:17fe8f6e:start=1642634557688540273,finish=1642634557700326013,duration=11785740[0Ktravis_time:start:0274dc30[0K[32;1madding /home/travis/.m2 to cache[0m

travis_time:end:0274dc30:start=1642634557713394859,finish=1642634558973795888,duration=1260401029[0Ktravis_fold:end:cache.1[0K$ java -Xmx32m -version
Picked up _JAVA_OPTIONS: -Xmx2048m -Xms512m
java version "1.8.0_144"
Java(TM) SE Runtime Environment (build 1.8.0_144-b01)
Java HotSpot(TM) 64-Bit Server VM (build 25.144-b01, mixed mode)
$ javac -J-Xmx32m -version
Picked up _JAVA_OPTIONS: -Xmx2048m -Xms512m
javac 1.8.0_144
travis_fold:start:install[0Ktravis_time:start:157d2b60[0K$ mvn -o install -Dhttps.protocols=TLSv1.2 -DskipTests=true -Dmaven.javadoc.skip=true -B -V
Picked up _JAVA_OPTIONS: -Xmx2048m -Xms512m
Apache Maven 3.5.0 (ff8f5e7444045639af65f6095c62210b5713f426; 2017-04-03T19:39:06Z)
Maven home: /usr/local/maven-3.5.0
Java version: 1.8.0_144, vendor: Oracle Corporation
Java home: /usr/lib/jvm/java-8-oracle/jre
Default locale: en_US, platform encoding: UTF-8
OS name: "linux", version: "4.15.0-109-generic", arch: "amd64", family: "unix"
[INFO] Scanning for projects...
[WARNING] 
[WARNING] Some problems were encountered while building the effective model for com.squareup.retrofit2:samples:jar:2.4.0-SNAPSHOT
[WARNING] 'build.plugins.plugin.version' for org.apache.maven.plugins:maven-deploy-plugin is missing. @ com.squareup.retrofit2:samples:[unknown-version], /home/travis/build/failed/square/retrofit/samples/pom.xml, line 65, column 15
[WARNING] 
[WARNING] It is highly recommended to fix these problems because they threaten the stability of your build.
[WARNING] 
[WARNING] For this reason, future Maven versions might no longer support building such malformed projects.
[WARNING] 
[INFO] ------------------------------------------------------------------------
[INFO] Reactor Build Order:
[INFO] 
[INFO] Retrofit (Parent)
[INFO] Retrofit
[INFO] Adapters
[INFO] Adapter: Guava
[INFO] Adapter: Java 8
[INFO] Adapter: RxJava
[INFO] Adapter: RxJava 2
[INFO] Adapter: Scala
[INFO] Converters
[INFO] Converter: Gson
[INFO] Converter: Guava
[INFO] Converter: Protocol Buffers
[INFO] Converter: Jackson
[INFO] Converter: Java 8
[INFO] Converter: Wire Protocol Buffers
[INFO] Converter: SimpleXML
[INFO] Converter: Java Scalars
[INFO] Converter: Moshi
[INFO] Retrofit Mock Adapter
[INFO] Samples
[INFO] 
[INFO] ------------------------------------------------------------------------
[INFO] Building Retrofit (Parent) 2.4.0-SNAPSHOT
[INFO] ------------------------------------------------------------------------
[INFO] 
[INFO] --- maven-enforcer-plugin:1.0:enforce (enforce-maven) @ parent ---
[INFO] 
[INFO] --- animal-sniffer-maven-plugin:1.14:check (default) @ parent ---
[INFO] Checking unresolved references to org.codehaus.mojo.signature:java16:1.1
[INFO] 
[INFO] --- maven-javadoc-plugin:2.10.3:jar (attach-javadocs) @ parent ---
[INFO] Skipping javadoc generation
[INFO] 
[INFO] --- maven-checkstyle-plugin:2.17:checkstyle (default) @ parent ---
[INFO] 
[INFO] --- maven-install-plugin:2.4:install (default-install) @ parent ---
[INFO] Installing /home/travis/build/failed/square/retrofit/pom.xml to /home/travis/.m2/failed/com/squareup/retrofit2/parent/2.4.0-SNAPSHOT/parent-2.4.0-SNAPSHOT.pom
[INFO] 
[INFO] ------------------------------------------------------------------------
[INFO] Building Retrofit 2.4.0-SNAPSHOT
[INFO] ------------------------------------------------------------------------
[INFO] 
[INFO] --- maven-enforcer-plugin:1.0:enforce (enforce-maven) @ retrofit ---
[INFO] 
[INFO] --- maven-resources-plugin:2.6:resources (default-resources) @ retrofit ---
[INFO] Using 'UTF-8' encoding to copy filtered resources.
[INFO] skip non existing resourceDirectory /home/travis/build/failed/square/retrofit/retrofit/src/main/resources
[INFO] 
[INFO] --- maven-compiler-plugin:3.6.1:compile (default-compile) @ retrofit ---
[INFO] Changes detected - recompiling the module!
[INFO] Compiling 42 source files to /home/travis/build/failed/square/retrofit/retrofit/target/classes
Note: Some input files use unchecked or unsafe operations.
Note: Recompile with -Xlint:unchecked for details.
[INFO] 
[INFO] --- maven-resources-plugin:2.6:testResources (default-testResources) @ retrofit ---
[INFO] Using 'UTF-8' encoding to copy filtered resources.
[INFO] skip non existing resourceDirectory /home/travis/build/failed/square/retrofit/retrofit/src/test/resources
[INFO] 
[INFO] --- maven-compiler-plugin:3.6.1:testCompile (default-testCompile) @ retrofit ---
[INFO] Nothing to compile - all classes are up to date
[INFO] 
[INFO] --- maven-surefire-plugin:2.12.4:test (default-test) @ retrofit ---
[INFO] Tests are skipped.
[INFO] 
[INFO] --- animal-sniffer-maven-plugin:1.14:check (default) @ retrofit ---
[INFO] Checking unresolved references to org.codehaus.mojo.signature:java16:1.1
[INFO] 
[INFO] --- maven-jar-plugin:2.4:jar (default-jar) @ retrofit ---
[INFO] Building jar: /home/travis/build/failed/square/retrofit/retrofit/target/retrofit-2.4.0-SNAPSHOT.jar
[INFO] 
[INFO] --- maven-javadoc-plugin:2.10.3:jar (attach-javadocs) @ retrofit ---
[INFO] Skipping javadoc generation
[INFO] 
[INFO] --- maven-checkstyle-plugin:2.17:checkstyle (default) @ retrofit ---
[INFO] Starting audit...
Audit done.
[WARNING] Unable to locate Source XRef to link to - DISABLED
[INFO] 
[INFO] --- maven-install-plugin:2.4:install (default-install) @ retrofit ---
[INFO] Installing /home/travis/build/failed/square/retrofit/retrofit/target/retrofit-2.4.0-SNAPSHOT.jar to /home/travis/.m2/failed/com/squareup/retrofit2/retrofit/2.4.0-SNAPSHOT/retrofit-2.4.0-SNAPSHOT.jar
[INFO] Installing /home/travis/build/failed/square/retrofit/retrofit/pom.xml to /home/travis/.m2/failed/com/squareup/retrofit2/retrofit/2.4.0-SNAPSHOT/retrofit-2.4.0-SNAPSHOT.pom
[INFO] 
[INFO] ------------------------------------------------------------------------
[INFO] Building Adapters 2.4.0-SNAPSHOT
[INFO] ------------------------------------------------------------------------
[INFO] 
[INFO] --- maven-enforcer-plugin:1.0:enforce (enforce-maven) @ retrofit-adapters ---
[INFO] 
[INFO] --- animal-sniffer-maven-plugin:1.14:check (default) @ retrofit-adapters ---
[INFO] Checking unresolved references to org.codehaus.mojo.signature:java16:1.1
[INFO] 
[INFO] --- maven-javadoc-plugin:2.10.3:jar (attach-javadocs) @ retrofit-adapters ---
[INFO] Skipping javadoc generation
[INFO] 
[INFO] --- maven-checkstyle-plugin:2.17:checkstyle (default) @ retrofit-adapters ---
[INFO] 
[INFO] --- maven-install-plugin:2.4:install (default-install) @ retrofit-adapters ---
[INFO] Installing /home/travis/build/failed/square/retrofit/retrofit-adapters/pom.xml to /home/travis/.m2/failed/com/squareup/retrofit2/retrofit-adapters/2.4.0-SNAPSHOT/retrofit-adapters-2.4.0-SNAPSHOT.pom
[INFO] 
[INFO] ------------------------------------------------------------------------
[INFO] Building Adapter: Guava 2.4.0-SNAPSHOT
[INFO] ------------------------------------------------------------------------
[INFO] 
[INFO] --- maven-enforcer-plugin:1.0:enforce (enforce-maven) @ adapter-guava ---
[INFO] 
[INFO] --- maven-resources-plugin:2.6:resources (default-resources) @ adapter-guava ---
[INFO] Using 'UTF-8' encoding to copy filtered resources.
[INFO] skip non existing resourceDirectory /home/travis/build/failed/square/retrofit/retrofit-adapters/guava/src/main/resources
[INFO] 
[INFO] --- maven-compiler-plugin:3.6.1:compile (default-compile) @ adapter-guava ---
[INFO] Nothing to compile - all classes are up to date
[INFO] 
[INFO] --- maven-resources-plugin:2.6:testResources (default-testResources) @ adapter-guava ---
[INFO] Using 'UTF-8' encoding to copy filtered resources.
[INFO] skip non existing resourceDirectory /home/travis/build/failed/square/retrofit/retrofit-adapters/guava/src/test/resources
[INFO] 
[INFO] --- maven-compiler-plugin:3.6.1:testCompile (default-testCompile) @ adapter-guava ---
[INFO] Nothing to compile - all classes are up to date
[INFO] 
[INFO] --- maven-surefire-plugin:2.12.4:test (default-test) @ adapter-guava ---
[INFO] Tests are skipped.
[INFO] 
[INFO] --- animal-sniffer-maven-plugin:1.14:check (default) @ adapter-guava ---
[INFO] Checking unresolved references to org.codehaus.mojo.signature:java16:1.1
[INFO] 
[INFO] --- maven-jar-plugin:2.4:jar (default-jar) @ adapter-guava ---
[INFO] 
[INFO] --- maven-javadoc-plugin:2.10.3:jar (attach-javadocs) @ adapter-guava ---
[INFO] Skipping javadoc generation
[INFO] 
[INFO] --- maven-checkstyle-plugin:2.17:checkstyle (default) @ adapter-guava ---
[INFO] Starting audit...
Audit done.
[WARNING] Unable to locate Source XRef to link to - DISABLED
[INFO] 
[INFO] --- maven-install-plugin:2.4:install (default-install) @ adapter-guava ---
[INFO] Installing /home/travis/build/failed/square/retrofit/retrofit-adapters/guava/target/adapter-guava-2.4.0-SNAPSHOT.jar to /home/travis/.m2/failed/com/squareup/retrofit2/adapter-guava/2.4.0-SNAPSHOT/adapter-guava-2.4.0-SNAPSHOT.jar
[INFO] Installing /home/travis/build/failed/square/retrofit/retrofit-adapters/guava/pom.xml to /home/travis/.m2/failed/com/squareup/retrofit2/adapter-guava/2.4.0-SNAPSHOT/adapter-guava-2.4.0-SNAPSHOT.pom
[INFO] 
[INFO] ------------------------------------------------------------------------
[INFO] Building Adapter: Java 8 2.4.0-SNAPSHOT
[INFO] ------------------------------------------------------------------------
[INFO] 
[INFO] --- maven-enforcer-plugin:1.0:enforce (enforce-maven) @ adapter-java8 ---
[INFO] 
[INFO] --- maven-resources-plugin:2.6:resources (default-resources) @ adapter-java8 ---
[INFO] Using 'UTF-8' encoding to copy filtered resources.
[INFO] skip non existing resourceDirectory /home/travis/build/failed/square/retrofit/retrofit-adapters/java8/src/main/resources
[INFO] 
[INFO] --- maven-compiler-plugin:3.6.1:compile (default-compile) @ adapter-java8 ---
[INFO] Nothing to compile - all classes are up to date
[INFO] 
[INFO] --- maven-resources-plugin:2.6:testResources (default-testResources) @ adapter-java8 ---
[INFO] Using 'UTF-8' encoding to copy filtered resources.
[INFO] skip non existing resourceDirectory /home/travis/build/failed/square/retrofit/retrofit-adapters/java8/src/test/resources
[INFO] 
[INFO] --- maven-compiler-plugin:3.6.1:testCompile (default-testCompile) @ adapter-java8 ---
[INFO] Nothing to compile - all classes are up to date
[INFO] 
[INFO] --- maven-surefire-plugin:2.12.4:test (default-test) @ adapter-java8 ---
[INFO] Tests are skipped.
[INFO] 
[INFO] --- animal-sniffer-maven-plugin:1.14:check (default) @ adapter-java8 ---
[INFO] Checking unresolved references to org.kaazing.mojo.signature:java18:1.0
[INFO] 
[INFO] --- maven-jar-plugin:2.4:jar (default-jar) @ adapter-java8 ---
[INFO] 
[INFO] --- maven-javadoc-plugin:2.10.3:jar (attach-javadocs) @ adapter-java8 ---
[INFO] Skipping javadoc generation
[INFO] 
[INFO] --- maven-checkstyle-plugin:2.17:checkstyle (default) @ adapter-java8 ---
[INFO] Starting audit...
Audit done.
[WARNING] Unable to locate Source XRef to link to - DISABLED
[INFO] 
[INFO] --- maven-install-plugin:2.4:install (default-install) @ adapter-java8 ---
[INFO] Installing /home/travis/build/failed/square/retrofit/retrofit-adapters/java8/target/adapter-java8-2.4.0-SNAPSHOT.jar to /home/travis/.m2/failed/com/squareup/retrofit2/adapter-java8/2.4.0-SNAPSHOT/adapter-java8-2.4.0-SNAPSHOT.jar
[INFO] Installing /home/travis/build/failed/square/retrofit/retrofit-adapters/java8/pom.xml to /home/travis/.m2/failed/com/squareup/retrofit2/adapter-java8/2.4.0-SNAPSHOT/adapter-java8-2.4.0-SNAPSHOT.pom
[INFO] 
[INFO] ------------------------------------------------------------------------
[INFO] Building Adapter: RxJava 2.4.0-SNAPSHOT
[INFO] ------------------------------------------------------------------------
[INFO] 
[INFO] --- maven-enforcer-plugin:1.0:enforce (enforce-maven) @ adapter-rxjava ---
[INFO] 
[INFO] --- maven-resources-plugin:2.6:resources (default-resources) @ adapter-rxjava ---
[INFO] Using 'UTF-8' encoding to copy filtered resources.
[INFO] skip non existing resourceDirectory /home/travis/build/failed/square/retrofit/retrofit-adapters/rxjava/src/main/resources
[INFO] 
[INFO] --- maven-compiler-plugin:3.6.1:compile (default-compile) @ adapter-rxjava ---
[INFO] Nothing to compile - all classes are up to date
[INFO] 
[INFO] --- maven-resources-plugin:2.6:testResources (default-testResources) @ adapter-rxjava ---
[INFO] Using 'UTF-8' encoding to copy filtered resources.
[INFO] skip non existing resourceDirectory /home/travis/build/failed/square/retrofit/retrofit-adapters/rxjava/src/test/resources
[INFO] 
[INFO] --- maven-compiler-plugin:3.6.1:testCompile (default-testCompile) @ adapter-rxjava ---
[INFO] Nothing to compile - all classes are up to date
[INFO] 
[INFO] --- maven-surefire-plugin:2.12.4:test (default-test) @ adapter-rxjava ---
[INFO] Tests are skipped.
[INFO] 
[INFO] --- animal-sniffer-maven-plugin:1.14:check (default) @ adapter-rxjava ---
[INFO] Checking unresolved references to org.codehaus.mojo.signature:java16:1.1
[INFO] 
[INFO] --- maven-jar-plugin:2.4:jar (default-jar) @ adapter-rxjava ---
[INFO] 
[INFO] --- maven-javadoc-plugin:2.10.3:jar (attach-javadocs) @ adapter-rxjava ---
[INFO] Skipping javadoc generation
[INFO] 
[INFO] --- maven-checkstyle-plugin:2.17:checkstyle (default) @ adapter-rxjava ---
[INFO] Starting audit...
Audit done.
[WARNING] Unable to locate Source XRef to link to - DISABLED
[INFO] 
[INFO] --- maven-install-plugin:2.4:install (default-install) @ adapter-rxjava ---
[INFO] Installing /home/travis/build/failed/square/retrofit/retrofit-adapters/rxjava/target/adapter-rxjava-2.4.0-SNAPSHOT.jar to /home/travis/.m2/failed/com/squareup/retrofit2/adapter-rxjava/2.4.0-SNAPSHOT/adapter-rxjava-2.4.0-SNAPSHOT.jar
[INFO] Installing /home/travis/build/failed/square/retrofit/retrofit-adapters/rxjava/pom.xml to /home/travis/.m2/failed/com/squareup/retrofit2/adapter-rxjava/2.4.0-SNAPSHOT/adapter-rxjava-2.4.0-SNAPSHOT.pom
[INFO] 
[INFO] ------------------------------------------------------------------------
[INFO] Building Adapter: RxJava 2 2.4.0-SNAPSHOT
[INFO] ------------------------------------------------------------------------
[INFO] 
[INFO] --- maven-enforcer-plugin:1.0:enforce (enforce-maven) @ adapter-rxjava2 ---
[INFO] 
[INFO] --- maven-resources-plugin:2.6:resources (default-resources) @ adapter-rxjava2 ---
[INFO] Using 'UTF-8' encoding to copy filtered resources.
[INFO] skip non existing resourceDirectory /home/travis/build/failed/square/retrofit/retrofit-adapters/rxjava2/src/main/resources
[INFO] 
[INFO] --- maven-compiler-plugin:3.6.1:compile (default-compile) @ adapter-rxjava2 ---
[INFO] Nothing to compile - all classes are up to date
[INFO] 
[INFO] --- maven-resources-plugin:2.6:testResources (default-testResources) @ adapter-rxjava2 ---
[INFO] Using 'UTF-8' encoding to copy filtered resources.
[INFO] skip non existing resourceDirectory /home/travis/build/failed/square/retrofit/retrofit-adapters/rxjava2/src/test/resources
[INFO] 
[INFO] --- maven-compiler-plugin:3.6.1:testCompile (default-testCompile) @ adapter-rxjava2 ---
[INFO] Nothing to compile - all classes are up to date
[INFO] 
[INFO] --- maven-surefire-plugin:2.12.4:test (default-test) @ adapter-rxjava2 ---
[INFO] Tests are skipped.
[INFO] 
[INFO] --- animal-sniffer-maven-plugin:1.14:check (default) @ adapter-rxjava2 ---
[INFO] Checking unresolved references to org.codehaus.mojo.signature:java16:1.1
[INFO] 
[INFO] --- maven-jar-plugin:2.4:jar (default-jar) @ adapter-rxjava2 ---
[INFO] 
[INFO] --- maven-javadoc-plugin:2.10.3:jar (attach-javadocs) @ adapter-rxjava2 ---
[INFO] Skipping javadoc generation
[INFO] 
[INFO] --- maven-checkstyle-plugin:2.17:checkstyle (default) @ adapter-rxjava2 ---
[INFO] Starting audit...
Audit done.
[WARNING] Unable to locate Source XRef to link to - DISABLED
[INFO] 
[INFO] --- maven-install-plugin:2.4:install (default-install) @ adapter-rxjava2 ---
[INFO] Installing /home/travis/build/failed/square/retrofit/retrofit-adapters/rxjava2/target/adapter-rxjava2-2.4.0-SNAPSHOT.jar to /home/travis/.m2/failed/com/squareup/retrofit2/adapter-rxjava2/2.4.0-SNAPSHOT/adapter-rxjava2-2.4.0-SNAPSHOT.jar
[INFO] Installing /home/travis/build/failed/square/retrofit/retrofit-adapters/rxjava2/pom.xml to /home/travis/.m2/failed/com/squareup/retrofit2/adapter-rxjava2/2.4.0-SNAPSHOT/adapter-rxjava2-2.4.0-SNAPSHOT.pom
[INFO] 
[INFO] ------------------------------------------------------------------------
[INFO] Building Adapter: Scala 2.4.0-SNAPSHOT
[INFO] ------------------------------------------------------------------------
[INFO] 
[INFO] --- maven-enforcer-plugin:1.0:enforce (enforce-maven) @ adapter-scala ---
[INFO] 
[INFO] --- maven-resources-plugin:2.6:resources (default-resources) @ adapter-scala ---
[INFO] Using 'UTF-8' encoding to copy filtered resources.
[INFO] skip non existing resourceDirectory /home/travis/build/failed/square/retrofit/retrofit-adapters/scala/src/main/resources
[INFO] 
[INFO] --- maven-compiler-plugin:3.6.1:compile (default-compile) @ adapter-scala ---
[INFO] Nothing to compile - all classes are up to date
[INFO] 
[INFO] --- maven-resources-plugin:2.6:testResources (default-testResources) @ adapter-scala ---
[INFO] Using 'UTF-8' encoding to copy filtered resources.
[INFO] skip non existing resourceDirectory /home/travis/build/failed/square/retrofit/retrofit-adapters/scala/src/test/resources
[INFO] 
[INFO] --- maven-compiler-plugin:3.6.1:testCompile (default-testCompile) @ adapter-scala ---
[INFO] Nothing to compile - all classes are up to date
[INFO] 
[INFO] --- maven-surefire-plugin:2.12.4:test (default-test) @ adapter-scala ---
[INFO] Tests are skipped.
[INFO] 
[INFO] --- animal-sniffer-maven-plugin:1.14:check (default) @ adapter-scala ---
[INFO] Checking unresolved references to org.kaazing.mojo.signature:java18:1.0
[INFO] 
[INFO] --- maven-jar-plugin:2.4:jar (default-jar) @ adapter-scala ---
[INFO] 
[INFO] --- maven-javadoc-plugin:2.10.3:jar (attach-javadocs) @ adapter-scala ---
[INFO] Skipping javadoc generation
[INFO] 
[INFO] --- maven-checkstyle-plugin:2.17:checkstyle (default) @ adapter-scala ---
[INFO] Starting audit...
Audit done.
[WARNING] Unable to locate Source XRef to link to - DISABLED
[INFO] 
[INFO] --- maven-install-plugin:2.4:install (default-install) @ adapter-scala ---
[INFO] Installing /home/travis/build/failed/square/retrofit/retrofit-adapters/scala/target/adapter-scala-2.4.0-SNAPSHOT.jar to /home/travis/.m2/failed/com/squareup/retrofit2/adapter-scala/2.4.0-SNAPSHOT/adapter-scala-2.4.0-SNAPSHOT.jar
[INFO] Installing /home/travis/build/failed/square/retrofit/retrofit-adapters/scala/pom.xml to /home/travis/.m2/failed/com/squareup/retrofit2/adapter-scala/2.4.0-SNAPSHOT/adapter-scala-2.4.0-SNAPSHOT.pom
[INFO] 
[INFO] ------------------------------------------------------------------------
[INFO] Building Converters 2.4.0-SNAPSHOT
[INFO] ------------------------------------------------------------------------
[INFO] 
[INFO] --- maven-enforcer-plugin:1.0:enforce (enforce-maven) @ retrofit-converters ---
[INFO] 
[INFO] --- animal-sniffer-maven-plugin:1.14:check (default) @ retrofit-converters ---
[INFO] Checking unresolved references to org.codehaus.mojo.signature:java16:1.1
[INFO] 
[INFO] --- maven-javadoc-plugin:2.10.3:jar (attach-javadocs) @ retrofit-converters ---
[INFO] Skipping javadoc generation
[INFO] 
[INFO] --- maven-checkstyle-plugin:2.17:checkstyle (default) @ retrofit-converters ---
[INFO] 
[INFO] --- maven-install-plugin:2.4:install (default-install) @ retrofit-converters ---
[INFO] Installing /home/travis/build/failed/square/retrofit/retrofit-converters/pom.xml to /home/travis/.m2/failed/com/squareup/retrofit2/retrofit-converters/2.4.0-SNAPSHOT/retrofit-converters-2.4.0-SNAPSHOT.pom
[INFO] 
[INFO] ------------------------------------------------------------------------
[INFO] Building Converter: Gson 2.4.0-SNAPSHOT
[INFO] ------------------------------------------------------------------------
[INFO] 
[INFO] --- maven-enforcer-plugin:1.0:enforce (enforce-maven) @ converter-gson ---
[INFO] 
[INFO] --- maven-resources-plugin:2.6:resources (default-resources) @ converter-gson ---
[INFO] Using 'UTF-8' encoding to copy filtered resources.
[INFO] skip non existing resourceDirectory /home/travis/build/failed/square/retrofit/retrofit-converters/gson/src/main/resources
[INFO] 
[INFO] --- maven-compiler-plugin:3.6.1:compile (default-compile) @ converter-gson ---
[INFO] Nothing to compile - all classes are up to date
[INFO] 
[INFO] --- maven-resources-plugin:2.6:testResources (default-testResources) @ converter-gson ---
[INFO] Using 'UTF-8' encoding to copy filtered resources.
[INFO] skip non existing resourceDirectory /home/travis/build/failed/square/retrofit/retrofit-converters/gson/src/test/resources
[INFO] 
[INFO] --- maven-compiler-plugin:3.6.1:testCompile (default-testCompile) @ converter-gson ---
[INFO] Nothing to compile - all classes are up to date
[INFO] 
[INFO] --- maven-surefire-plugin:2.12.4:test (default-test) @ converter-gson ---
[INFO] Tests are skipped.
[INFO] 
[INFO] --- animal-sniffer-maven-plugin:1.14:check (default) @ converter-gson ---
[INFO] Checking unresolved references to org.codehaus.mojo.signature:java16:1.1
[INFO] 
[INFO] --- maven-jar-plugin:2.4:jar (default-jar) @ converter-gson ---
[INFO] 
[INFO] --- maven-javadoc-plugin:2.10.3:jar (attach-javadocs) @ converter-gson ---
[INFO] Skipping javadoc generation
[INFO] 
[INFO] --- maven-checkstyle-plugin:2.17:checkstyle (default) @ converter-gson ---
[INFO] Starting audit...
Audit done.
[WARNING] Unable to locate Source XRef to link to - DISABLED
[INFO] 
[INFO] --- maven-install-plugin:2.4:install (default-install) @ converter-gson ---
[INFO] Installing /home/travis/build/failed/square/retrofit/retrofit-converters/gson/target/converter-gson-2.4.0-SNAPSHOT.jar to /home/travis/.m2/failed/com/squareup/retrofit2/converter-gson/2.4.0-SNAPSHOT/converter-gson-2.4.0-SNAPSHOT.jar
[INFO] Installing /home/travis/build/failed/square/retrofit/retrofit-converters/gson/pom.xml to /home/travis/.m2/failed/com/squareup/retrofit2/converter-gson/2.4.0-SNAPSHOT/converter-gson-2.4.0-SNAPSHOT.pom
[INFO] 
[INFO] ------------------------------------------------------------------------
[INFO] Building Converter: Guava 2.4.0-SNAPSHOT
[INFO] ------------------------------------------------------------------------
[INFO] 
[INFO] --- maven-enforcer-plugin:1.0:enforce (enforce-maven) @ converter-guava ---
[INFO] 
[INFO] --- maven-resources-plugin:2.6:resources (default-resources) @ converter-guava ---
[INFO] Using 'UTF-8' encoding to copy filtered resources.
[INFO] skip non existing resourceDirectory /home/travis/build/failed/square/retrofit/retrofit-converters/guava/src/main/resources
[INFO] 
[INFO] --- maven-compiler-plugin:3.6.1:compile (default-compile) @ converter-guava ---
[INFO] Nothing to compile - all classes are up to date
[INFO] 
[INFO] --- maven-resources-plugin:2.6:testResources (default-testResources) @ converter-guava ---
[INFO] Using 'UTF-8' encoding to copy filtered resources.
[INFO] skip non existing resourceDirectory /home/travis/build/failed/square/retrofit/retrofit-converters/guava/src/test/resources
[INFO] 
[INFO] --- maven-compiler-plugin:3.6.1:testCompile (default-testCompile) @ converter-guava ---
[INFO] Nothing to compile - all classes are up to date
[INFO] 
[INFO] --- maven-surefire-plugin:2.12.4:test (default-test) @ converter-guava ---
[INFO] Tests are skipped.
[INFO] 
[INFO] --- animal-sniffer-maven-plugin:1.14:check (default) @ converter-guava ---
[INFO] Checking unresolved references to org.codehaus.mojo.signature:java16:1.1
[INFO] 
[INFO] --- maven-jar-plugin:2.4:jar (default-jar) @ converter-guava ---
[INFO] 
[INFO] --- maven-javadoc-plugin:2.10.3:jar (attach-javadocs) @ converter-guava ---
[INFO] Skipping javadoc generation
[INFO] 
[INFO] --- maven-checkstyle-plugin:2.17:checkstyle (default) @ converter-guava ---
[INFO] Starting audit...
Audit done.
[WARNING] Unable to locate Source XRef to link to - DISABLED
[INFO] 
[INFO] --- maven-install-plugin:2.4:install (default-install) @ converter-guava ---
[INFO] Installing /home/travis/build/failed/square/retrofit/retrofit-converters/guava/target/converter-guava-2.4.0-SNAPSHOT.jar to /home/travis/.m2/failed/com/squareup/retrofit2/converter-guava/2.4.0-SNAPSHOT/converter-guava-2.4.0-SNAPSHOT.jar
[INFO] Installing /home/travis/build/failed/square/retrofit/retrofit-converters/guava/pom.xml to /home/travis/.m2/failed/com/squareup/retrofit2/converter-guava/2.4.0-SNAPSHOT/converter-guava-2.4.0-SNAPSHOT.pom
[INFO] 
[INFO] ------------------------------------------------------------------------
[INFO] Building Converter: Protocol Buffers 2.4.0-SNAPSHOT
[INFO] ------------------------------------------------------------------------
[INFO] 
[INFO] --- maven-enforcer-plugin:1.0:enforce (enforce-maven) @ converter-protobuf ---
[INFO] 
[INFO] --- maven-resources-plugin:2.6:resources (default-resources) @ converter-protobuf ---
[INFO] Using 'UTF-8' encoding to copy filtered resources.
[INFO] skip non existing resourceDirectory /home/travis/build/failed/square/retrofit/retrofit-converters/protobuf/src/main/resources
[INFO] 
[INFO] --- maven-compiler-plugin:3.6.1:compile (default-compile) @ converter-protobuf ---
[INFO] Nothing to compile - all classes are up to date
[INFO] 
[INFO] --- maven-resources-plugin:2.6:testResources (default-testResources) @ converter-protobuf ---
[INFO] Using 'UTF-8' encoding to copy filtered resources.
[INFO] skip non existing resourceDirectory /home/travis/build/failed/square/retrofit/retrofit-converters/protobuf/src/test/resources
[INFO] 
[INFO] --- maven-compiler-plugin:3.6.1:testCompile (default-testCompile) @ converter-protobuf ---
[INFO] Nothing to compile - all classes are up to date
[INFO] 
[INFO] --- maven-surefire-plugin:2.12.4:test (default-test) @ converter-protobuf ---
[INFO] Tests are skipped.
[INFO] 
[INFO] --- animal-sniffer-maven-plugin:1.14:check (default) @ converter-protobuf ---
[INFO] Checking unresolved references to org.codehaus.mojo.signature:java16:1.1
[INFO] 
[INFO] --- maven-jar-plugin:2.4:jar (default-jar) @ converter-protobuf ---
[INFO] 
[INFO] --- maven-javadoc-plugin:2.10.3:jar (attach-javadocs) @ converter-protobuf ---
[INFO] Skipping javadoc generation
[INFO] 
[INFO] --- maven-checkstyle-plugin:2.17:checkstyle (default) @ converter-protobuf ---
[INFO] Starting audit...
Audit done.
[WARNING] Unable to locate Source XRef to link to - DISABLED
[INFO] 
[INFO] --- maven-install-plugin:2.4:install (default-install) @ converter-protobuf ---
[INFO] Installing /home/travis/build/failed/square/retrofit/retrofit-converters/protobuf/target/converter-protobuf-2.4.0-SNAPSHOT.jar to /home/travis/.m2/failed/com/squareup/retrofit2/converter-protobuf/2.4.0-SNAPSHOT/converter-protobuf-2.4.0-SNAPSHOT.jar
[INFO] Installing /home/travis/build/failed/square/retrofit/retrofit-converters/protobuf/pom.xml to /home/travis/.m2/failed/com/squareup/retrofit2/converter-protobuf/2.4.0-SNAPSHOT/converter-protobuf-2.4.0-SNAPSHOT.pom
[INFO] 
[INFO] ------------------------------------------------------------------------
[INFO] Building Converter: Jackson 2.4.0-SNAPSHOT
[INFO] ------------------------------------------------------------------------
[INFO] 
[INFO] --- maven-enforcer-plugin:1.0:enforce (enforce-maven) @ converter-jackson ---
[INFO] 
[INFO] --- maven-resources-plugin:2.6:resources (default-resources) @ converter-jackson ---
[INFO] Using 'UTF-8' encoding to copy filtered resources.
[INFO] skip non existing resourceDirectory /home/travis/build/failed/square/retrofit/retrofit-converters/jackson/src/main/resources
[INFO] 
[INFO] --- maven-compiler-plugin:3.6.1:compile (default-compile) @ converter-jackson ---
[INFO] Nothing to compile - all classes are up to date
[INFO] 
[INFO] --- maven-resources-plugin:2.6:testResources (default-testResources) @ converter-jackson ---
[INFO] Using 'UTF-8' encoding to copy filtered resources.
[INFO] skip non existing resourceDirectory /home/travis/build/failed/square/retrofit/retrofit-converters/jackson/src/test/resources
[INFO] 
[INFO] --- maven-compiler-plugin:3.6.1:testCompile (default-testCompile) @ converter-jackson ---
[INFO] Nothing to compile - all classes are up to date
[INFO] 
[INFO] --- maven-surefire-plugin:2.12.4:test (default-test) @ converter-jackson ---
[INFO] Tests are skipped.
[INFO] 
[INFO] --- animal-sniffer-maven-plugin:1.14:check (default) @ converter-jackson ---
[INFO] Checking unresolved references to org.codehaus.mojo.signature:java16:1.1
[INFO] 
[INFO] --- maven-jar-plugin:2.4:jar (default-jar) @ converter-jackson ---
[INFO] 
[INFO] --- maven-javadoc-plugin:2.10.3:jar (attach-javadocs) @ converter-jackson ---
[INFO] Skipping javadoc generation
[INFO] 
[INFO] --- maven-checkstyle-plugin:2.17:checkstyle (default) @ converter-jackson ---
[INFO] Starting audit...
Audit done.
[WARNING] Unable to locate Source XRef to link to - DISABLED
[INFO] 
[INFO] --- maven-install-plugin:2.4:install (default-install) @ converter-jackson ---
[INFO] Installing /home/travis/build/failed/square/retrofit/retrofit-converters/jackson/target/converter-jackson-2.4.0-SNAPSHOT.jar to /home/travis/.m2/failed/com/squareup/retrofit2/converter-jackson/2.4.0-SNAPSHOT/converter-jackson-2.4.0-SNAPSHOT.jar
[INFO] Installing /home/travis/build/failed/square/retrofit/retrofit-converters/jackson/pom.xml to /home/travis/.m2/failed/com/squareup/retrofit2/converter-jackson/2.4.0-SNAPSHOT/converter-jackson-2.4.0-SNAPSHOT.pom
[INFO] 
[INFO] ------------------------------------------------------------------------
[INFO] Building Converter: Java 8 2.4.0-SNAPSHOT
[INFO] ------------------------------------------------------------------------
[INFO] 
[INFO] --- maven-enforcer-plugin:1.0:enforce (enforce-maven) @ converter-java8 ---
[INFO] 
[INFO] --- maven-resources-plugin:2.6:resources (default-resources) @ converter-java8 ---
[INFO] Using 'UTF-8' encoding to copy filtered resources.
[INFO] skip non existing resourceDirectory /home/travis/build/failed/square/retrofit/retrofit-converters/java8/src/main/resources
[INFO] 
[INFO] --- maven-compiler-plugin:3.6.1:compile (default-compile) @ converter-java8 ---
[INFO] Nothing to compile - all classes are up to date
[INFO] 
[INFO] --- maven-resources-plugin:2.6:testResources (default-testResources) @ converter-java8 ---
[INFO] Using 'UTF-8' encoding to copy filtered resources.
[INFO] skip non existing resourceDirectory /home/travis/build/failed/square/retrofit/retrofit-converters/java8/src/test/resources
[INFO] 
[INFO] --- maven-compiler-plugin:3.6.1:testCompile (default-testCompile) @ converter-java8 ---
[INFO] Nothing to compile - all classes are up to date
[INFO] 
[INFO] --- maven-surefire-plugin:2.12.4:test (default-test) @ converter-java8 ---
[INFO] Tests are skipped.
[INFO] 
[INFO] --- animal-sniffer-maven-plugin:1.14:check (default) @ converter-java8 ---
[INFO] Checking unresolved references to org.kaazing.mojo.signature:java18:1.0
[INFO] 
[INFO] --- maven-jar-plugin:2.4:jar (default-jar) @ converter-java8 ---
[INFO] 
[INFO] --- maven-javadoc-plugin:2.10.3:jar (attach-javadocs) @ converter-java8 ---
[INFO] Skipping javadoc generation
[INFO] 
[INFO] --- maven-checkstyle-plugin:2.17:checkstyle (default) @ converter-java8 ---
[INFO] Starting audit...
Audit done.
[WARNING] Unable to locate Source XRef to link to - DISABLED
[INFO] 
[INFO] --- maven-install-plugin:2.4:install (default-install) @ converter-java8 ---
[INFO] Installing /home/travis/build/failed/square/retrofit/retrofit-converters/java8/target/converter-java8-2.4.0-SNAPSHOT.jar to /home/travis/.m2/failed/com/squareup/retrofit2/converter-java8/2.4.0-SNAPSHOT/converter-java8-2.4.0-SNAPSHOT.jar
[INFO] Installing /home/travis/build/failed/square/retrofit/retrofit-converters/java8/pom.xml to /home/travis/.m2/failed/com/squareup/retrofit2/converter-java8/2.4.0-SNAPSHOT/converter-java8-2.4.0-SNAPSHOT.pom
[INFO] 
[INFO] ------------------------------------------------------------------------
[INFO] Building Converter: Wire Protocol Buffers 2.4.0-SNAPSHOT
[INFO] ------------------------------------------------------------------------
[INFO] 
[INFO] --- maven-enforcer-plugin:1.0:enforce (enforce-maven) @ converter-wire ---
[INFO] 
[INFO] --- maven-resources-plugin:2.6:resources (default-resources) @ converter-wire ---
[INFO] Using 'UTF-8' encoding to copy filtered resources.
[INFO] skip non existing resourceDirectory /home/travis/build/failed/square/retrofit/retrofit-converters/wire/src/main/resources
[INFO] 
[INFO] --- maven-compiler-plugin:3.6.1:compile (default-compile) @ converter-wire ---
[INFO] Nothing to compile - all classes are up to date
[INFO] 
[INFO] --- maven-resources-plugin:2.6:testResources (default-testResources) @ converter-wire ---
[INFO] Using 'UTF-8' encoding to copy filtered resources.
[INFO] skip non existing resourceDirectory /home/travis/build/failed/square/retrofit/retrofit-converters/wire/src/test/resources
[INFO] 
[INFO] --- maven-compiler-plugin:3.6.1:testCompile (default-testCompile) @ converter-wire ---
[INFO] Nothing to compile - all classes are up to date
[INFO] 
[INFO] --- maven-surefire-plugin:2.12.4:test (default-test) @ converter-wire ---
[INFO] Tests are skipped.
[INFO] 
[INFO] --- animal-sniffer-maven-plugin:1.14:check (default) @ converter-wire ---
[INFO] Checking unresolved references to org.codehaus.mojo.signature:java16:1.1
[INFO] 
[INFO] --- maven-jar-plugin:2.4:jar (default-jar) @ converter-wire ---
[INFO] 
[INFO] --- maven-javadoc-plugin:2.10.3:jar (attach-javadocs) @ converter-wire ---
[INFO] Skipping javadoc generation
[INFO] 
[INFO] --- maven-checkstyle-plugin:2.17:checkstyle (default) @ converter-wire ---
[INFO] Starting audit...
Audit done.
[WARNING] Unable to locate Source XRef to link to - DISABLED
[INFO] 
[INFO] --- maven-install-plugin:2.4:install (default-install) @ converter-wire ---
[INFO] Installing /home/travis/build/failed/square/retrofit/retrofit-converters/wire/target/converter-wire-2.4.0-SNAPSHOT.jar to /home/travis/.m2/failed/com/squareup/retrofit2/converter-wire/2.4.0-SNAPSHOT/converter-wire-2.4.0-SNAPSHOT.jar
[INFO] Installing /home/travis/build/failed/square/retrofit/retrofit-converters/wire/pom.xml to /home/travis/.m2/failed/com/squareup/retrofit2/converter-wire/2.4.0-SNAPSHOT/converter-wire-2.4.0-SNAPSHOT.pom
[INFO] 
[INFO] ------------------------------------------------------------------------
[INFO] Building Converter: SimpleXML 2.4.0-SNAPSHOT
[INFO] ------------------------------------------------------------------------
[INFO] 
[INFO] --- maven-enforcer-plugin:1.0:enforce (enforce-maven) @ converter-simplexml ---
[INFO] 
[INFO] --- maven-resources-plugin:2.6:resources (default-resources) @ converter-simplexml ---
[INFO] Using 'UTF-8' encoding to copy filtered resources.
[INFO] skip non existing resourceDirectory /home/travis/build/failed/square/retrofit/retrofit-converters/simplexml/src/main/resources
[INFO] 
[INFO] --- maven-compiler-plugin:3.6.1:compile (default-compile) @ converter-simplexml ---
[INFO] Nothing to compile - all classes are up to date
[INFO] 
[INFO] --- maven-resources-plugin:2.6:testResources (default-testResources) @ converter-simplexml ---
[INFO] Using 'UTF-8' encoding to copy filtered resources.
[INFO] skip non existing resourceDirectory /home/travis/build/failed/square/retrofit/retrofit-converters/simplexml/src/test/resources
[INFO] 
[INFO] --- maven-compiler-plugin:3.6.1:testCompile (default-testCompile) @ converter-simplexml ---
[INFO] Nothing to compile - all classes are up to date
[INFO] 
[INFO] --- maven-surefire-plugin:2.12.4:test (default-test) @ converter-simplexml ---
[INFO] Tests are skipped.
[INFO] 
[INFO] --- animal-sniffer-maven-plugin:1.14:check (default) @ converter-simplexml ---
[INFO] Checking unresolved references to org.codehaus.mojo.signature:java16:1.1
[INFO] 
[INFO] --- maven-jar-plugin:2.4:jar (default-jar) @ converter-simplexml ---
[INFO] 
[INFO] --- maven-javadoc-plugin:2.10.3:jar (attach-javadocs) @ converter-simplexml ---
[INFO] Skipping javadoc generation
[INFO] 
[INFO] --- maven-checkstyle-plugin:2.17:checkstyle (default) @ converter-simplexml ---
[INFO] Starting audit...
Audit done.
[WARNING] Unable to locate Source XRef to link to - DISABLED
[INFO] 
[INFO] --- maven-install-plugin:2.4:install (default-install) @ converter-simplexml ---
[INFO] Installing /home/travis/build/failed/square/retrofit/retrofit-converters/simplexml/target/converter-simplexml-2.4.0-SNAPSHOT.jar to /home/travis/.m2/failed/com/squareup/retrofit2/converter-simplexml/2.4.0-SNAPSHOT/converter-simplexml-2.4.0-SNAPSHOT.jar
[INFO] Installing /home/travis/build/failed/square/retrofit/retrofit-converters/simplexml/pom.xml to /home/travis/.m2/failed/com/squareup/retrofit2/converter-simplexml/2.4.0-SNAPSHOT/converter-simplexml-2.4.0-SNAPSHOT.pom
[INFO] 
[INFO] ------------------------------------------------------------------------
[INFO] Building Converter: Java Scalars 2.4.0-SNAPSHOT
[INFO] ------------------------------------------------------------------------
[INFO] 
[INFO] --- maven-enforcer-plugin:1.0:enforce (enforce-maven) @ converter-scalars ---
[INFO] 
[INFO] --- maven-resources-plugin:2.6:resources (default-resources) @ converter-scalars ---
[INFO] Using 'UTF-8' encoding to copy filtered resources.
[INFO] skip non existing resourceDirectory /home/travis/build/failed/square/retrofit/retrofit-converters/scalars/src/main/resources
[INFO] 
[INFO] --- maven-compiler-plugin:3.6.1:compile (default-compile) @ converter-scalars ---
[INFO] Nothing to compile - all classes are up to date
[INFO] 
[INFO] --- maven-resources-plugin:2.6:testResources (default-testResources) @ converter-scalars ---
[INFO] Using 'UTF-8' encoding to copy filtered resources.
[INFO] skip non existing resourceDirectory /home/travis/build/failed/square/retrofit/retrofit-converters/scalars/src/test/resources
[INFO] 
[INFO] --- maven-compiler-plugin:3.6.1:testCompile (default-testCompile) @ converter-scalars ---
[INFO] Nothing to compile - all classes are up to date
[INFO] 
[INFO] --- maven-surefire-plugin:2.12.4:test (default-test) @ converter-scalars ---
[INFO] Tests are skipped.
[INFO] 
[INFO] --- animal-sniffer-maven-plugin:1.14:check (default) @ converter-scalars ---
[INFO] Checking unresolved references to org.codehaus.mojo.signature:java16:1.1
[INFO] 
[INFO] --- maven-jar-plugin:2.4:jar (default-jar) @ converter-scalars ---
[INFO] 
[INFO] --- maven-javadoc-plugin:2.10.3:jar (attach-javadocs) @ converter-scalars ---
[INFO] Skipping javadoc generation
[INFO] 
[INFO] --- maven-checkstyle-plugin:2.17:checkstyle (default) @ converter-scalars ---
[INFO] Starting audit...
Audit done.
[WARNING] Unable to locate Source XRef to link to - DISABLED
[INFO] 
[INFO] --- maven-install-plugin:2.4:install (default-install) @ converter-scalars ---
[INFO] Installing /home/travis/build/failed/square/retrofit/retrofit-converters/scalars/target/converter-scalars-2.4.0-SNAPSHOT.jar to /home/travis/.m2/failed/com/squareup/retrofit2/converter-scalars/2.4.0-SNAPSHOT/converter-scalars-2.4.0-SNAPSHOT.jar
[INFO] Installing /home/travis/build/failed/square/retrofit/retrofit-converters/scalars/pom.xml to /home/travis/.m2/failed/com/squareup/retrofit2/converter-scalars/2.4.0-SNAPSHOT/converter-scalars-2.4.0-SNAPSHOT.pom
[INFO] 
[INFO] ------------------------------------------------------------------------
[INFO] Building Converter: Moshi 2.4.0-SNAPSHOT
[INFO] ------------------------------------------------------------------------
[INFO] 
[INFO] --- maven-enforcer-plugin:1.0:enforce (enforce-maven) @ converter-moshi ---
[INFO] 
[INFO] --- maven-resources-plugin:2.6:resources (default-resources) @ converter-moshi ---
[INFO] Using 'UTF-8' encoding to copy filtered resources.
[INFO] skip non existing resourceDirectory /home/travis/build/failed/square/retrofit/retrofit-converters/moshi/src/main/resources
[INFO] 
[INFO] --- maven-compiler-plugin:3.6.1:compile (default-compile) @ converter-moshi ---
[INFO] Nothing to compile - all classes are up to date
[INFO] 
[INFO] --- maven-resources-plugin:2.6:testResources (default-testResources) @ converter-moshi ---
[INFO] Using 'UTF-8' encoding to copy filtered resources.
[INFO] skip non existing resourceDirectory /home/travis/build/failed/square/retrofit/retrofit-converters/moshi/src/test/resources
[INFO] 
[INFO] --- maven-compiler-plugin:3.6.1:testCompile (default-testCompile) @ converter-moshi ---
[INFO] Nothing to compile - all classes are up to date
[INFO] 
[INFO] --- maven-surefire-plugin:2.12.4:test (default-test) @ converter-moshi ---
[INFO] Tests are skipped.
[INFO] 
[INFO] --- animal-sniffer-maven-plugin:1.14:check (default) @ converter-moshi ---
[INFO] Checking unresolved references to org.codehaus.mojo.signature:java16:1.1
[INFO] 
[INFO] --- maven-jar-plugin:2.4:jar (default-jar) @ converter-moshi ---
[INFO] 
[INFO] --- maven-javadoc-plugin:2.10.3:jar (attach-javadocs) @ converter-moshi ---
[INFO] Skipping javadoc generation
[INFO] 
[INFO] --- maven-checkstyle-plugin:2.17:checkstyle (default) @ converter-moshi ---
[INFO] Starting audit...
Audit done.
[WARNING] Unable to locate Source XRef to link to - DISABLED
[INFO] 
[INFO] --- maven-install-plugin:2.4:install (default-install) @ converter-moshi ---
[INFO] Installing /home/travis/build/failed/square/retrofit/retrofit-converters/moshi/target/converter-moshi-2.4.0-SNAPSHOT.jar to /home/travis/.m2/failed/com/squareup/retrofit2/converter-moshi/2.4.0-SNAPSHOT/converter-moshi-2.4.0-SNAPSHOT.jar
[INFO] Installing /home/travis/build/failed/square/retrofit/retrofit-converters/moshi/pom.xml to /home/travis/.m2/failed/com/squareup/retrofit2/converter-moshi/2.4.0-SNAPSHOT/converter-moshi-2.4.0-SNAPSHOT.pom
[INFO] 
[INFO] ------------------------------------------------------------------------
[INFO] Building Retrofit Mock Adapter 2.4.0-SNAPSHOT
[INFO] ------------------------------------------------------------------------
[INFO] 
[INFO] --- maven-enforcer-plugin:1.0:enforce (enforce-maven) @ retrofit-mock ---
[INFO] 
[INFO] --- maven-resources-plugin:2.6:resources (default-resources) @ retrofit-mock ---
[INFO] Using 'UTF-8' encoding to copy filtered resources.
[INFO] skip non existing resourceDirectory /home/travis/build/failed/square/retrofit/retrofit-mock/src/main/resources
[INFO] 
[INFO] --- maven-compiler-plugin:3.6.1:compile (default-compile) @ retrofit-mock ---
[INFO] Nothing to compile - all classes are up to date
[INFO] 
[INFO] --- maven-resources-plugin:2.6:testResources (default-testResources) @ retrofit-mock ---
[INFO] Using 'UTF-8' encoding to copy filtered resources.
[INFO] skip non existing resourceDirectory /home/travis/build/failed/square/retrofit/retrofit-mock/src/test/resources
[INFO] 
[INFO] --- maven-compiler-plugin:3.6.1:testCompile (default-testCompile) @ retrofit-mock ---
[INFO] Nothing to compile - all classes are up to date
[INFO] 
[INFO] --- maven-surefire-plugin:2.12.4:test (default-test) @ retrofit-mock ---
[INFO] Tests are skipped.
[INFO] 
[INFO] --- animal-sniffer-maven-plugin:1.14:check (default) @ retrofit-mock ---
[INFO] Checking unresolved references to org.codehaus.mojo.signature:java16:1.1
[INFO] 
[INFO] --- maven-jar-plugin:2.4:jar (default-jar) @ retrofit-mock ---
[INFO] 
[INFO] --- maven-javadoc-plugin:2.10.3:jar (attach-javadocs) @ retrofit-mock ---
[INFO] Skipping javadoc generation
[INFO] 
[INFO] --- maven-checkstyle-plugin:2.17:checkstyle (default) @ retrofit-mock ---
[INFO] Starting audit...
Audit done.
[WARNING] Unable to locate Source XRef to link to - DISABLED
[INFO] 
[INFO] --- maven-install-plugin:2.4:install (default-install) @ retrofit-mock ---
[INFO] Installing /home/travis/build/failed/square/retrofit/retrofit-mock/target/retrofit-mock-2.4.0-SNAPSHOT.jar to /home/travis/.m2/failed/com/squareup/retrofit2/retrofit-mock/2.4.0-SNAPSHOT/retrofit-mock-2.4.0-SNAPSHOT.jar
[INFO] Installing /home/travis/build/failed/square/retrofit/retrofit-mock/pom.xml to /home/travis/.m2/failed/com/squareup/retrofit2/retrofit-mock/2.4.0-SNAPSHOT/retrofit-mock-2.4.0-SNAPSHOT.pom
[INFO] 
[INFO] ------------------------------------------------------------------------
[INFO] Building Samples 2.4.0-SNAPSHOT
[INFO] ------------------------------------------------------------------------
[INFO] 
[INFO] --- maven-enforcer-plugin:1.0:enforce (enforce-maven) @ samples ---
[INFO] 
[INFO] --- maven-resources-plugin:2.6:resources (default-resources) @ samples ---
[INFO] Using 'UTF-8' encoding to copy filtered resources.
[INFO] skip non existing resourceDirectory /home/travis/build/failed/square/retrofit/samples/src/main/resources
[INFO] 
[INFO] --- maven-compiler-plugin:3.6.1:compile (default-compile) @ samples ---
[INFO] Nothing to compile - all classes are up to date
[INFO] 
[INFO] --- maven-resources-plugin:2.6:testResources (default-testResources) @ samples ---
[INFO] Using 'UTF-8' encoding to copy filtered resources.
[INFO] skip non existing resourceDirectory /home/travis/build/failed/square/retrofit/samples/src/test/resources
[INFO] 
[INFO] --- maven-compiler-plugin:3.6.1:testCompile (default-testCompile) @ samples ---
[INFO] No sources to compile
[INFO] 
[INFO] --- maven-surefire-plugin:2.12.4:test (default-test) @ samples ---
[INFO] Tests are skipped.
[INFO] 
[INFO] --- animal-sniffer-maven-plugin:1.14:check (default) @ samples ---
[INFO] Checking unresolved references to org.codehaus.mojo.signature:java16:1.1
[INFO] 
[INFO] --- maven-jar-plugin:2.4:jar (default-jar) @ samples ---
[INFO] 
[INFO] --- maven-javadoc-plugin:2.10.3:jar (attach-javadocs) @ samples ---
[INFO] Skipping javadoc generation
[INFO] 
[INFO] --- maven-checkstyle-plugin:2.17:checkstyle (default) @ samples ---
[INFO] Starting audit...
Audit done.
[WARNING] Unable to locate Source XRef to link to - DISABLED
[INFO] 
[INFO] --- maven-install-plugin:2.4:install (default-install) @ samples ---
[INFO] Installing /home/travis/build/failed/square/retrofit/samples/target/samples-2.4.0-SNAPSHOT.jar to /home/travis/.m2/failed/com/squareup/retrofit2/samples/2.4.0-SNAPSHOT/samples-2.4.0-SNAPSHOT.jar
[INFO] Installing /home/travis/build/failed/square/retrofit/samples/pom.xml to /home/travis/.m2/failed/com/squareup/retrofit2/samples/2.4.0-SNAPSHOT/samples-2.4.0-SNAPSHOT.pom
[INFO] ------------------------------------------------------------------------
[INFO] Reactor Summary:
[INFO] 
[INFO] Retrofit (Parent) .................................. SUCCESS [ 39.234 s]
[INFO] Retrofit ........................................... SUCCESS [ 32.123 s]
[INFO] Adapters ........................................... SUCCESS [  0.396 s]
[INFO] Adapter: Guava ..................................... SUCCESS [  3.172 s]
[INFO] Adapter: Java 8 .................................... SUCCESS [  2.144 s]
[INFO] Adapter: RxJava .................................... SUCCESS [  6.291 s]
[INFO] Adapter: RxJava 2 .................................. SUCCESS [ 14.299 s]
[INFO] Adapter: Scala ..................................... SUCCESS [  6.254 s]
[INFO] Converters ......................................... SUCCESS [  0.489 s]
[INFO] Converter: Gson .................................... SUCCESS [  3.258 s]
[INFO] Converter: Guava ................................... SUCCESS [  2.268 s]
[INFO] Converter: Protocol Buffers ........................ SUCCESS [  5.598 s]
[INFO] Converter: Jackson ................................. SUCCESS [  4.516 s]
[INFO] Converter: Java 8 .................................. SUCCESS [  2.217 s]
[INFO] Converter: Wire Protocol Buffers ................... SUCCESS [  2.613 s]
[INFO] Converter: SimpleXML ............................... SUCCESS [  4.122 s]
[INFO] Converter: Java Scalars ............................ SUCCESS [  7.651 s]
[INFO] Converter: Moshi ................................... SUCCESS [  3.952 s]
[INFO] Retrofit Mock Adapter .............................. SUCCESS [  9.686 s]
[INFO] Samples ............................................ SUCCESS [ 34.535 s]
[INFO] ------------------------------------------------------------------------
[INFO] BUILD SUCCESS
[INFO] ------------------------------------------------------------------------
[INFO] Total time: 03:06 min
[INFO] Finished at: 2022-01-19T23:25:47Z
[INFO] Final Memory: 58M/655M
[INFO] ------------------------------------------------------------------------

travis_time:end:157d2b60:start=1642634559360990808,finish=1642634748152112946,duration=188791122138[0Ktravis_fold:end:install[0Ktravis_time:start:1f62fbfa[0K$ mvn -o test -Dhttps.protocols=TLSv1.2 -B
Picked up _JAVA_OPTIONS: -Xmx2048m -Xms512m
[INFO] Scanning for projects...
[WARNING] 
[WARNING] Some problems were encountered while building the effective model for com.squareup.retrofit2:samples:jar:2.4.0-SNAPSHOT
[WARNING] 'build.plugins.plugin.version' for org.apache.maven.plugins:maven-deploy-plugin is missing. @ com.squareup.retrofit2:samples:[unknown-version], /home/travis/build/failed/square/retrofit/samples/pom.xml, line 65, column 15
[WARNING] 
[WARNING] It is highly recommended to fix these problems because they threaten the stability of your build.
[WARNING] 
[WARNING] For this reason, future Maven versions might no longer support building such malformed projects.
[WARNING] 
[INFO] ------------------------------------------------------------------------
[INFO] Reactor Build Order:
[INFO] 
[INFO] Retrofit (Parent)
[INFO] Retrofit
[INFO] Adapters
[INFO] Adapter: Guava
[INFO] Adapter: Java 8
[INFO] Adapter: RxJava
[INFO] Adapter: RxJava 2
[INFO] Adapter: Scala
[INFO] Converters
[INFO] Converter: Gson
[INFO] Converter: Guava
[INFO] Converter: Protocol Buffers
[INFO] Converter: Jackson
[INFO] Converter: Java 8
[INFO] Converter: Wire Protocol Buffers
[INFO] Converter: SimpleXML
[INFO] Converter: Java Scalars
[INFO] Converter: Moshi
[INFO] Retrofit Mock Adapter
[INFO] Samples
[INFO] 
[INFO] ------------------------------------------------------------------------
[INFO] Building Retrofit (Parent) 2.4.0-SNAPSHOT
[INFO] ------------------------------------------------------------------------
[INFO] 
[INFO] --- maven-enforcer-plugin:1.0:enforce (enforce-maven) @ parent ---
[INFO] 
[INFO] --- animal-sniffer-maven-plugin:1.14:check (default) @ parent ---
[INFO] Checking unresolved references to org.codehaus.mojo.signature:java16:1.1
[INFO] 
[INFO] ------------------------------------------------------------------------
[INFO] Building Retrofit 2.4.0-SNAPSHOT
[INFO] ------------------------------------------------------------------------
[INFO] 
[INFO] --- maven-enforcer-plugin:1.0:enforce (enforce-maven) @ retrofit ---
[INFO] 
[INFO] --- maven-resources-plugin:2.6:resources (default-resources) @ retrofit ---
[INFO] Using 'UTF-8' encoding to copy filtered resources.
[INFO] skip non existing resourceDirectory /home/travis/build/failed/square/retrofit/retrofit/src/main/resources
[INFO] 
[INFO] --- maven-compiler-plugin:3.6.1:compile (default-compile) @ retrofit ---
[INFO] Changes detected - recompiling the module!
[INFO] Compiling 42 source files to /home/travis/build/failed/square/retrofit/retrofit/target/classes
Note: Some input files use unchecked or unsafe operations.
Note: Recompile with -Xlint:unchecked for details.
[INFO] 
[INFO] --- maven-resources-plugin:2.6:testResources (default-testResources) @ retrofit ---
[INFO] Using 'UTF-8' encoding to copy filtered resources.
[INFO] skip non existing resourceDirectory /home/travis/build/failed/square/retrofit/retrofit/src/test/resources
[INFO] 
[INFO] --- maven-compiler-plugin:3.6.1:testCompile (default-testCompile) @ retrofit ---
[INFO] Nothing to compile - all classes are up to date
[INFO] 
[INFO] --- maven-surefire-plugin:2.12.4:test (default-test) @ retrofit ---
[INFO] Surefire report directory: /home/travis/build/failed/square/retrofit/retrofit/target/surefire-reports

-------------------------------------------------------
 T E S T S
-------------------------------------------------------
Picked up _JAVA_OPTIONS: -Xmx2048m -Xms512m
Running retrofit2.CallAdapterTest
Tests run: 4, Failures: 0, Errors: 0, Skipped: 0, Time elapsed: 0.918 sec
Running retrofit2.CallTest
Jan 19, 2022 11:26:01 PM okhttp3.mockwebserver.MockWebServer$2 execute
INFO: MockWebServer[37377] starting to accept connections
Jan 19, 2022 11:26:02 PM okhttp3.mockwebserver.MockWebServer$2 acceptConnections
INFO: MockWebServer[37377] done accepting connections: Socket closed
Jan 19, 2022 11:26:02 PM okhttp3.mockwebserver.MockWebServer$2 execute
INFO: MockWebServer[53969] starting to accept connections
Jan 19, 2022 11:26:02 PM okhttp3.mockwebserver.MockWebServer$2 acceptConnections
INFO: MockWebServer[53969] done accepting connections: Socket closed
Jan 19, 2022 11:26:02 PM okhttp3.mockwebserver.MockWebServer$2 execute
INFO: MockWebServer[37775] starting to accept connections
Jan 19, 2022 11:26:02 PM okhttp3.mockwebserver.MockWebServer$3 processOneRequest
INFO: MockWebServer[37775] received request: GET / HTTP/1.1 and responded: HTTP/1.1 200 OK
Jan 19, 2022 11:26:02 PM okhttp3.mockwebserver.MockWebServer$2 acceptConnections
INFO: MockWebServer[37775] done accepting connections: Socket closed
Jan 19, 2022 11:26:02 PM okhttp3.mockwebserver.MockWebServer$2 execute
INFO: MockWebServer[56617] starting to accept connections
Jan 19, 2022 11:26:02 PM okhttp3.mockwebserver.MockWebServer$3 processOneRequest
INFO: MockWebServer[56617] received request: GET / HTTP/1.1 and responded: HTTP/1.1 404 Client Error
Jan 19, 2022 11:26:02 PM okhttp3.mockwebserver.MockWebServer$2 acceptConnections
INFO: MockWebServer[56617] done accepting connections: Socket closed
Jan 19, 2022 11:26:02 PM okhttp3.mockwebserver.MockWebServer$2 execute
INFO: MockWebServer[33787] starting to accept connections
Jan 19, 2022 11:26:02 PM okhttp3.mockwebserver.MockWebServer$3 processOneRequest
INFO: MockWebServer[33787] received request: POST /Hello HTTP/1.1 and responded: HTTP/1.1 200 OK
Jan 19, 2022 11:26:02 PM okhttp3.mockwebserver.MockWebServer$2 acceptConnections
INFO: MockWebServer[33787] done accepting connections: Socket closed
Jan 19, 2022 11:26:02 PM okhttp3.mockwebserver.MockWebServer$2 execute
INFO: MockWebServer[60481] starting to accept connections
Jan 19, 2022 11:26:02 PM okhttp3.mockwebserver.MockWebServer$2 acceptConnections
INFO: MockWebServer[60481] done accepting connections: Socket closed
Jan 19, 2022 11:26:02 PM okhttp3.mockwebserver.MockWebServer$2 execute
INFO: MockWebServer[54233] starting to accept connections
Jan 19, 2022 11:26:02 PM okhttp3.mockwebserver.MockWebServer$2 acceptConnections
INFO: MockWebServer[54233] done accepting connections: Socket closed
Jan 19, 2022 11:26:02 PM okhttp3.mockwebserver.MockWebServer$2 execute
INFO: MockWebServer[46609] starting to accept connections
Jan 19, 2022 11:26:02 PM okhttp3.mockwebserver.MockWebServer$3 processOneRequest
INFO: MockWebServer[46609] received request: GET / HTTP/1.1 and responded: HTTP/1.1 200 OK
Jan 19, 2022 11:26:02 PM okhttp3.mockwebserver.MockWebServer$2 acceptConnections
INFO: MockWebServer[46609] done accepting connections: Socket closed
Jan 19, 2022 11:26:02 PM okhttp3.mockwebserver.MockWebServer$2 execute
INFO: MockWebServer[57063] starting to accept connections
Jan 19, 2022 11:26:03 PM okhttp3.mockwebserver.MockWebServer$3 processOneRequest
INFO: MockWebServer[57063] received request: GET / HTTP/1.1 and responded: HTTP/1.1 200 OK
Jan 19, 2022 11:26:03 PM okhttp3.mockwebserver.MockWebServer$2 acceptConnections
INFO: MockWebServer[57063] done accepting connections: Socket closed
Jan 19, 2022 11:26:03 PM okhttp3.mockwebserver.MockWebServer$2 execute
INFO: MockWebServer[49065] starting to accept connections
Jan 19, 2022 11:26:03 PM okhttp3.mockwebserver.MockWebServer$2 acceptConnections
INFO: MockWebServer[49065] done accepting connections: Socket closed
Jan 19, 2022 11:26:03 PM okhttp3.mockwebserver.MockWebServer$2 execute
INFO: MockWebServer[36055] starting to accept connections
Jan 19, 2022 11:26:05 PM okhttp3.mockwebserver.MockWebServer$3 processOneRequest
INFO: MockWebServer[36055] received request: POST /Hello HTTP/1.1 and responded: HTTP/1.1 200 OK
Jan 19, 2022 11:26:05 PM okhttp3.mockwebserver.MockWebServer$2 acceptConnections
INFO: MockWebServer[36055] done accepting connections: Socket closed
Jan 19, 2022 11:26:05 PM okhttp3.mockwebserver.MockWebServer$2 execute
INFO: MockWebServer[38157] starting to accept connections
Jan 19, 2022 11:26:05 PM okhttp3.mockwebserver.MockWebServer$3 processOneRequest
INFO: MockWebServer[38157] received request: POST /Hello HTTP/1.1 and responded: HTTP/1.1 200 OK
Jan 19, 2022 11:26:05 PM okhttp3.mockwebserver.MockWebServer$2 acceptConnections
INFO: MockWebServer[38157] done accepting connections: Socket closed
Jan 19, 2022 11:26:05 PM okhttp3.mockwebserver.MockWebServer$2 execute
INFO: MockWebServer[36525] starting to accept connections
Jan 19, 2022 11:26:06 PM okhttp3.mockwebserver.MockWebServer$2 acceptConnections
INFO: MockWebServer[36525] done accepting connections: Socket closed
Jan 19, 2022 11:26:06 PM okhttp3.mockwebserver.MockWebServer$2 execute
INFO: MockWebServer[49201] starting to accept connections
Jan 19, 2022 11:26:06 PM okhttp3.mockwebserver.MockWebServer$2 acceptConnections
INFO: MockWebServer[49201] done accepting connections: Socket closed
Jan 19, 2022 11:26:06 PM okhttp3.mockwebserver.MockWebServer$2 execute
INFO: MockWebServer[33433] starting to accept connections
Jan 19, 2022 11:26:06 PM okhttp3.mockwebserver.MockWebServer$3 processOneRequest
INFO: MockWebServer[33433] received request: GET / HTTP/1.1 and responded: HTTP/1.1 404 Client Error
Jan 19, 2022 11:26:06 PM okhttp3.mockwebserver.MockWebServer$2 acceptConnections
INFO: MockWebServer[33433] done accepting connections: Socket closed
Jan 19, 2022 11:26:06 PM okhttp3.mockwebserver.MockWebServer$2 execute
INFO: MockWebServer[36541] starting to accept connections
Jan 19, 2022 11:26:07 PM okhttp3.mockwebserver.MockWebServer$3 processOneRequest
INFO: MockWebServer[36541] received request: POST / HTTP/1.1 and responded: HTTP/1.1 200 OK
Jan 19, 2022 11:26:07 PM okhttp3.mockwebserver.MockWebServer$2 acceptConnections
INFO: MockWebServer[36541] done accepting connections: Socket closed
Jan 19, 2022 11:26:07 PM okhttp3.mockwebserver.MockWebServer$2 execute
INFO: MockWebServer[34763] starting to accept connections
Jan 19, 2022 11:26:10 PM okhttp3.mockwebserver.MockWebServer$3 processOneRequest
INFO: MockWebServer[34763] received request: GET / HTTP/1.1 and responded: HTTP/1.1 204 Nothin
Jan 19, 2022 11:26:10 PM okhttp3.mockwebserver.MockWebServer$2 acceptConnections
INFO: MockWebServer[34763] done accepting connections: Socket closed
Jan 19, 2022 11:26:10 PM okhttp3.mockwebserver.MockWebServer$2 execute
INFO: MockWebServer[37303] starting to accept connections
Jan 19, 2022 11:26:10 PM okhttp3.mockwebserver.MockWebServer$2 acceptConnections
INFO: MockWebServer[37303] done accepting connections: Socket closed
Jan 19, 2022 11:26:10 PM okhttp3.mockwebserver.MockWebServer$2 execute
INFO: MockWebServer[54767] starting to accept connections
Jan 19, 2022 11:26:10 PM okhttp3.mockwebserver.MockWebServer$3 processOneRequest
INFO: MockWebServer[54767] received request: GET / HTTP/1.1 and responded: HTTP/1.1 200 OK
Jan 19, 2022 11:26:10 PM okhttp3.mockwebserver.MockWebServer$2 acceptConnections
INFO: MockWebServer[54767] done accepting connections: Socket closed
Jan 19, 2022 11:26:10 PM okhttp3.mockwebserver.MockWebServer$2 execute
INFO: MockWebServer[50969] starting to accept connections
Jan 19, 2022 11:26:11 PM okhttp3.mockwebserver.MockWebServer$3 processOneRequest
INFO: MockWebServer[50969] received request: POST /Hello HTTP/1.1 and responded: HTTP/1.1 200 OK
Jan 19, 2022 11:26:11 PM okhttp3.mockwebserver.MockWebServer$2 acceptConnections
INFO: MockWebServer[50969] done accepting connections: Socket closed
Jan 19, 2022 11:26:11 PM okhttp3.mockwebserver.MockWebServer$2 execute
INFO: MockWebServer[58665] starting to accept connections
Jan 19, 2022 11:26:11 PM okhttp3.mockwebserver.MockWebServer$3 processOneRequest
INFO: MockWebServer[58665] received request: GET / HTTP/1.1 and responded: HTTP/1.1 200 OK
Jan 19, 2022 11:26:11 PM okhttp3.mockwebserver.MockWebServer$2 acceptConnections
INFO: MockWebServer[58665] done accepting connections: Socket closed
Jan 19, 2022 11:26:11 PM okhttp3.mockwebserver.MockWebServer$2 execute
INFO: MockWebServer[53985] starting to accept connections
Jan 19, 2022 11:26:11 PM okhttp3.mockwebserver.MockWebServer$3 processOneRequest
INFO: MockWebServer[53985] received request: POST / HTTP/1.1 and responded: HTTP/1.1 200 OK
Jan 19, 2022 11:26:11 PM okhttp3.mockwebserver.MockWebServer$2 acceptConnections
INFO: MockWebServer[53985] done accepting connections: Socket closed
Jan 19, 2022 11:26:11 PM okhttp3.mockwebserver.MockWebServer$2 execute
INFO: MockWebServer[48913] starting to accept connections
Jan 19, 2022 11:26:11 PM okhttp3.mockwebserver.MockWebServer$2 acceptConnections
INFO: MockWebServer[48913] done accepting connections: Socket closed
Jan 19, 2022 11:26:11 PM okhttp3.mockwebserver.MockWebServer$2 execute
INFO: MockWebServer[53995] starting to accept connections
Jan 19, 2022 11:26:11 PM okhttp3.mockwebserver.MockWebServer$2 acceptConnections
INFO: MockWebServer[53995] done accepting connections: Socket closed
Jan 19, 2022 11:26:11 PM okhttp3.mockwebserver.MockWebServer$2 execute
INFO: MockWebServer[36795] starting to accept connections
Jan 19, 2022 11:26:11 PM okhttp3.mockwebserver.MockWebServer$2 acceptConnections
INFO: MockWebServer[36795] done accepting connections: Socket closed
Jan 19, 2022 11:26:11 PM okhttp3.mockwebserver.MockWebServer$2 execute
INFO: MockWebServer[55649] starting to accept connections
Jan 19, 2022 11:26:11 PM okhttp3.mockwebserver.MockWebServer$2 acceptConnections
INFO: MockWebServer[55649] done accepting connections: Socket closed
Jan 19, 2022 11:26:11 PM okhttp3.mockwebserver.MockWebServer$2 execute
INFO: MockWebServer[55189] starting to accept connections
Jan 19, 2022 11:26:11 PM okhttp3.mockwebserver.MockWebServer$3 processOneRequest
INFO: MockWebServer[55189] received request: GET / HTTP/1.1 and responded: HTTP/1.1 200 OK
Jan 19, 2022 11:26:11 PM okhttp3.mockwebserver.MockWebServer$2 acceptConnections
INFO: MockWebServer[55189] done accepting connections: Socket closed
Jan 19, 2022 11:26:11 PM okhttp3.mockwebserver.MockWebServer$2 execute
INFO: MockWebServer[33491] starting to accept connections
Jan 19, 2022 11:26:11 PM okhttp3.mockwebserver.MockWebServer$2 acceptConnections
INFO: MockWebServer[33491] done accepting connections: Socket closed
Jan 19, 2022 11:26:11 PM okhttp3.mockwebserver.MockWebServer$2 execute
INFO: MockWebServer[35383] starting to accept connections
Jan 19, 2022 11:26:11 PM okhttp3.mockwebserver.MockWebServer$3 processOneRequest
INFO: MockWebServer[35383] received request: GET / HTTP/1.1 and responded: HTTP/1.1 200 OK
Jan 19, 2022 11:26:11 PM okhttp3.mockwebserver.MockWebServer$2 acceptConnections
INFO: MockWebServer[35383] done accepting connections: Socket closed
Jan 19, 2022 11:26:11 PM okhttp3.mockwebserver.MockWebServer$2 execute
INFO: MockWebServer[39495] starting to accept connections
Jan 19, 2022 11:26:11 PM okhttp3.mockwebserver.MockWebServer$3 processOneRequest
INFO: MockWebServer[39495] received request: GET / HTTP/1.1 and responded: HTTP/1.1 205 Nothin
Jan 19, 2022 11:26:11 PM okhttp3.mockwebserver.MockWebServer$2 acceptConnections
INFO: MockWebServer[39495] done accepting connections: Socket closed
Jan 19, 2022 11:26:11 PM okhttp3.mockwebserver.MockWebServer$2 execute
INFO: MockWebServer[44477] starting to accept connections
Jan 19, 2022 11:26:11 PM okhttp3.mockwebserver.MockWebServer$3 processOneRequest
INFO: MockWebServer[44477] received request: GET / HTTP/1.1 and responded: HTTP/1.1 200 OK
Jan 19, 2022 11:26:11 PM okhttp3.mockwebserver.MockWebServer$3 processOneRequest
INFO: MockWebServer[44477] received request: GET / HTTP/1.1 and responded: HTTP/1.1 200 OK
Jan 19, 2022 11:26:11 PM okhttp3.mockwebserver.MockWebServer$2 acceptConnections
INFO: MockWebServer[44477] done accepting connections: Socket closed
Jan 19, 2022 11:26:11 PM okhttp3.mockwebserver.MockWebServer$2 execute
INFO: MockWebServer[38803] starting to accept connections
Jan 19, 2022 11:26:12 PM okhttp3.mockwebserver.MockWebServer$2 acceptConnections
INFO: MockWebServer[38803] done accepting connections: Socket closed
Jan 19, 2022 11:26:12 PM okhttp3.mockwebserver.MockWebServer$2 execute
INFO: MockWebServer[54607] starting to accept connections
Jan 19, 2022 11:26:12 PM okhttp3.mockwebserver.MockWebServer$3 processOneRequest
INFO: MockWebServer[54607] received request: GET / HTTP/1.1 and responded: HTTP/1.1 200 OK
Jan 19, 2022 11:26:12 PM okhttp3.mockwebserver.MockWebServer$2 acceptConnections
INFO: MockWebServer[54607] done accepting connections: Socket closed
Jan 19, 2022 11:26:12 PM okhttp3.mockwebserver.MockWebServer$2 execute
INFO: MockWebServer[59807] starting to accept connections
Jan 19, 2022 11:26:12 PM okhttp3.mockwebserver.MockWebServer$2 acceptConnections
INFO: MockWebServer[59807] done accepting connections: Socket closed
Jan 19, 2022 11:26:12 PM okhttp3.mockwebserver.MockWebServer$2 execute
INFO: MockWebServer[53201] starting to accept connections
Jan 19, 2022 11:26:12 PM okhttp3.mockwebserver.MockWebServer$2 acceptConnections
INFO: MockWebServer[53201] done accepting connections: Socket closed
Jan 19, 2022 11:26:12 PM okhttp3.mockwebserver.MockWebServer$2 execute
INFO: MockWebServer[53721] starting to accept connections
Jan 19, 2022 11:26:12 PM okhttp3.mockwebserver.MockWebServer$2 acceptConnections
INFO: MockWebServer[53721] done accepting connections: Socket closed
Jan 19, 2022 11:26:12 PM okhttp3.mockwebserver.MockWebServer$2 execute
INFO: MockWebServer[59213] starting to accept connections
Jan 19, 2022 11:26:12 PM okhttp3.mockwebserver.MockWebServer$2 acceptConnections
INFO: MockWebServer[59213] done accepting connections: Socket closed
Jan 19, 2022 11:26:12 PM okhttp3.mockwebserver.MockWebServer$2 execute
INFO: MockWebServer[35465] starting to accept connections
Jan 19, 2022 11:26:12 PM okhttp3.mockwebserver.MockWebServer$3 processOneRequest
INFO: MockWebServer[35465] received request: GET / HTTP/1.1 and responded: HTTP/1.1 200 OK
Jan 19, 2022 11:26:12 PM okhttp3.mockwebserver.MockWebServer$2 acceptConnections
INFO: MockWebServer[35465] done accepting connections: Socket closed
Jan 19, 2022 11:26:12 PM okhttp3.mockwebserver.MockWebServer$2 execute
INFO: MockWebServer[36561] starting to accept connections
Jan 19, 2022 11:26:12 PM okhttp3.mockwebserver.MockWebServer$3 processOneRequest
INFO: MockWebServer[36561] received request: GET / HTTP/1.1 and responded: HTTP/1.1 200 OK
Jan 19, 2022 11:26:12 PM okhttp3.mockwebserver.MockWebServer$2 acceptConnections
INFO: MockWebServer[36561] done accepting connections: Socket closed
Jan 19, 2022 11:26:12 PM okhttp3.mockwebserver.MockWebServer$2 execute
INFO: MockWebServer[36941] starting to accept connections
Jan 19, 2022 11:26:12 PM okhttp3.mockwebserver.MockWebServer$3 processOneRequest
INFO: MockWebServer[36941] received request: GET / HTTP/1.1 and responded: HTTP/1.1 200 OK
Jan 19, 2022 11:26:12 PM okhttp3.mockwebserver.MockWebServer$2 acceptConnections
INFO: MockWebServer[36941] done accepting connections: Socket closed
Tests run: 40, Failures: 1, Errors: 0, Skipped: 0, Time elapsed: 10.88 sec <<< FAILURE!
unrecoverableErrorsAreNotCaughtForCallback(retrofit2.CallTest)  Time elapsed: 0.301 sec  <<< FAILURE!
java.lang.AssertionError
	at org.junit.Assert.fail(Assert.java:86)
	at org.junit.Assert.fail(Assert.java:95)
	at retrofit2.CallTest.unrecoverableErrorsAreNotCaughtForCallback(CallTest.java:1160)
	at sun.reflect.NativeMethodAccessorImpl.invoke0(Native Method)
	at sun.reflect.NativeMethodAccessorImpl.invoke(NativeMethodAccessorImpl.java:62)
	at sun.reflect.DelegatingMethodAccessorImpl.invoke(DelegatingMethodAccessorImpl.java:43)
	at java.lang.reflect.Method.invoke(Method.java:498)
	at org.junit.runners.model.FrameworkMethod$1.runReflectiveCall(FrameworkMethod.java:50)
	at org.junit.internal.runners.model.ReflectiveCallable.run(ReflectiveCallable.java:12)
	at org.junit.runners.model.FrameworkMethod.invokeExplosively(FrameworkMethod.java:47)
	at org.junit.internal.runners.statements.InvokeMethod.evaluate(InvokeMethod.java:17)
	at org.junit.rules.ExternalResource$1.evaluate(ExternalResource.java:48)
	at org.junit.rules.RunRules.evaluate(RunRules.java:20)
	at org.junit.runners.ParentRunner.runLeaf(ParentRunner.java:325)
	at org.junit.runners.BlockJUnit4ClassRunner.runChild(BlockJUnit4ClassRunner.java:78)
	at org.junit.runners.BlockJUnit4ClassRunner.runChild(BlockJUnit4ClassRunner.java:57)
	at org.junit.runners.ParentRunner$3.run(ParentRunner.java:290)
	at org.junit.runners.ParentRunner$1.schedule(ParentRunner.java:71)
	at org.junit.runners.ParentRunner.runChildren(ParentRunner.java:288)
	at org.junit.runners.ParentRunner.access$000(ParentRunner.java:58)
	at org.junit.runners.ParentRunner$2.evaluate(ParentRunner.java:268)
	at org.junit.runners.ParentRunner.run(ParentRunner.java:363)
	at org.apache.maven.surefire.junit4.JUnit4Provider.execute(JUnit4Provider.java:252)
	at org.apache.maven.surefire.junit4.JUnit4Provider.executeTestSet(JUnit4Provider.java:141)
	at org.apache.maven.surefire.junit4.JUnit4Provider.invoke(JUnit4Provider.java:112)
	at sun.reflect.NativeMethodAccessorImpl.invoke0(Native Method)
	at sun.reflect.NativeMethodAccessorImpl.invoke(NativeMethodAccessorImpl.java:62)
	at sun.reflect.DelegatingMethodAccessorImpl.invoke(DelegatingMethodAccessorImpl.java:43)
	at java.lang.reflect.Method.invoke(Method.java:498)
	at org.apache.maven.surefire.util.ReflectionUtils.invokeMethodWithArray(ReflectionUtils.java:189)
	at org.apache.maven.surefire.booter.ProviderFactory$ProviderProxy.invoke(ProviderFactory.java:165)
	at org.apache.maven.surefire.booter.ProviderFactory.invokeProvider(ProviderFactory.java:85)
	at org.apache.maven.surefire.booter.ForkedBooter.runSuitesInProcess(ForkedBooter.java:115)
	at org.apache.maven.surefire.booter.ForkedBooter.main(ForkedBooter.java:75)

Running retrofit2.ExecutorCallAdapterFactoryTest
Tests run: 7, Failures: 0, Errors: 0, Skipped: 0, Time elapsed: 1.513 sec
Running retrofit2.HttpExceptionTest
Tests run: 2, Failures: 0, Errors: 0, Skipped: 0, Time elapsed: 0 sec
Running retrofit2.RequestBuilderAndroidTest
WARNING: No manifest file found at ./AndroidManifest.xml.Falling back to the Android OS resources only.
To remove this warning, annotate your test class with @Config(manifest=Config.NONE).
WARNING: No manifest file found at ./AndroidManifest.xml.Falling back to the Android OS resources only.
To remove this warning, annotate your test class with @Config(manifest=Config.NONE).
Tests run: 2, Failures: 0, Errors: 0, Skipped: 0, Time elapsed: 18.501 sec
Running retrofit2.RequestBuilderTest
Tests run: 149, Failures: 0, Errors: 0, Skipped: 2, Time elapsed: 4.11 sec
Running retrofit2.ResponseTest
Tests run: 14, Failures: 0, Errors: 0, Skipped: 0, Time elapsed: 0.001 sec
Running retrofit2.RetrofitTest
Jan 19, 2022 11:26:36 PM okhttp3.mockwebserver.MockWebServer$2 execute
INFO: MockWebServer[60263] starting to accept connections
Jan 19, 2022 11:26:37 PM okhttp3.mockwebserver.MockWebServer$2 acceptConnections
INFO: MockWebServer[60263] done accepting connections: Socket closed
Jan 19, 2022 11:26:37 PM okhttp3.mockwebserver.MockWebServer$2 execute
INFO: MockWebServer[41355] starting to accept connections
Jan 19, 2022 11:26:37 PM okhttp3.mockwebserver.MockWebServer$2 acceptConnections
INFO: MockWebServer[41355] done accepting connections: Socket closed
Jan 19, 2022 11:26:37 PM okhttp3.mockwebserver.MockWebServer$2 execute
INFO: MockWebServer[42889] starting to accept connections
Jan 19, 2022 11:26:37 PM okhttp3.mockwebserver.MockWebServer$2 acceptConnections
INFO: MockWebServer[42889] done accepting connections: Socket closed
Jan 19, 2022 11:26:37 PM okhttp3.mockwebserver.MockWebServer$2 execute
INFO: MockWebServer[34279] starting to accept connections
Jan 19, 2022 11:26:37 PM okhttp3.mockwebserver.MockWebServer$2 acceptConnections
INFO: MockWebServer[34279] done accepting connections: Socket closed
Jan 19, 2022 11:26:37 PM okhttp3.mockwebserver.MockWebServer$2 execute
INFO: MockWebServer[44349] starting to accept connections
Jan 19, 2022 11:26:37 PM okhttp3.mockwebserver.MockWebServer$2 acceptConnections
INFO: MockWebServer[44349] done accepting connections: Socket is closed
Jan 19, 2022 11:26:37 PM okhttp3.mockwebserver.MockWebServer$2 execute
INFO: MockWebServer[60121] starting to accept connections
Jan 19, 2022 11:26:37 PM okhttp3.mockwebserver.MockWebServer$3 processOneRequest
INFO: MockWebServer[60121] received request: GET / HTTP/1.1 and responded: HTTP/1.1 200 OK
Jan 19, 2022 11:26:37 PM okhttp3.mockwebserver.MockWebServer$2 acceptConnections
INFO: MockWebServer[60121] done accepting connections: Socket closed
Jan 19, 2022 11:26:37 PM okhttp3.mockwebserver.MockWebServer$2 execute
INFO: MockWebServer[43013] starting to accept connections
Jan 19, 2022 11:26:37 PM okhttp3.mockwebserver.MockWebServer$2 acceptConnections
INFO: MockWebServer[43013] done accepting connections: Socket closed
Jan 19, 2022 11:26:37 PM okhttp3.mockwebserver.MockWebServer$2 execute
INFO: MockWebServer[38495] starting to accept connections
Jan 19, 2022 11:26:37 PM okhttp3.mockwebserver.MockWebServer$2 acceptConnections
INFO: MockWebServer[38495] done accepting connections: Socket is closed
Jan 19, 2022 11:26:37 PM okhttp3.mockwebserver.MockWebServer$2 execute
INFO: MockWebServer[37529] starting to accept connections
Jan 19, 2022 11:26:37 PM okhttp3.mockwebserver.MockWebServer$2 acceptConnections
INFO: MockWebServer[37529] done accepting connections: Socket closed
Jan 19, 2022 11:26:37 PM okhttp3.mockwebserver.MockWebServer$2 execute
INFO: MockWebServer[43767] starting to accept connections
Jan 19, 2022 11:26:37 PM okhttp3.mockwebserver.MockWebServer$2 acceptConnections
INFO: MockWebServer[43767] done accepting connections: Socket closed
Jan 19, 2022 11:26:37 PM okhttp3.mockwebserver.MockWebServer$2 execute
INFO: MockWebServer[47355] starting to accept connections
Jan 19, 2022 11:26:37 PM okhttp3.mockwebserver.MockWebServer$2 acceptConnections
INFO: MockWebServer[47355] done accepting connections: Socket closed
Jan 19, 2022 11:26:37 PM okhttp3.mockwebserver.MockWebServer$2 execute
INFO: MockWebServer[35969] starting to accept connections
Jan 19, 2022 11:26:38 PM okhttp3.mockwebserver.MockWebServer$2 acceptConnections
INFO: MockWebServer[35969] done accepting connections: Socket closed
Jan 19, 2022 11:26:38 PM okhttp3.mockwebserver.MockWebServer$2 execute
INFO: MockWebServer[47101] starting to accept connections
Jan 19, 2022 11:26:38 PM okhttp3.mockwebserver.MockWebServer$2 acceptConnections
INFO: MockWebServer[47101] done accepting connections: Socket closed
Jan 19, 2022 11:26:38 PM okhttp3.mockwebserver.MockWebServer$2 execute
INFO: MockWebServer[53327] starting to accept connections
Jan 19, 2022 11:26:38 PM okhttp3.mockwebserver.MockWebServer$2 acceptConnections
INFO: MockWebServer[53327] done accepting connections: Socket closed
Jan 19, 2022 11:26:38 PM okhttp3.mockwebserver.MockWebServer$2 execute
INFO: MockWebServer[47611] starting to accept connections
Jan 19, 2022 11:26:38 PM okhttp3.mockwebserver.MockWebServer$2 acceptConnections
INFO: MockWebServer[47611] done accepting connections: Socket closed
Jan 19, 2022 11:26:38 PM okhttp3.mockwebserver.MockWebServer$2 execute
INFO: MockWebServer[32773] starting to accept connections
Jan 19, 2022 11:26:38 PM okhttp3.mockwebserver.MockWebServer$2 acceptConnections
INFO: MockWebServer[32773] done accepting connections: Socket closed
Jan 19, 2022 11:26:38 PM okhttp3.mockwebserver.MockWebServer$2 execute
INFO: MockWebServer[39643] starting to accept connections
Jan 19, 2022 11:26:38 PM okhttp3.mockwebserver.MockWebServer$3 processOneRequest
INFO: MockWebServer[39643] received request: GET / HTTP/1.1 and responded: HTTP/1.1 200 OK
Jan 19, 2022 11:26:38 PM okhttp3.mockwebserver.MockWebServer$2 acceptConnections
INFO: MockWebServer[39643] done accepting connections: Socket closed
Jan 19, 2022 11:26:38 PM okhttp3.mockwebserver.MockWebServer$2 execute
INFO: MockWebServer[60911] starting to accept connections
Jan 19, 2022 11:26:38 PM okhttp3.mockwebserver.MockWebServer$2 acceptConnections
INFO: MockWebServer[60911] done accepting connections: Socket is closed
Jan 19, 2022 11:26:38 PM okhttp3.mockwebserver.MockWebServer$2 execute
INFO: MockWebServer[55685] starting to accept connections
Jan 19, 2022 11:26:38 PM okhttp3.mockwebserver.MockWebServer$2 acceptConnections
INFO: MockWebServer[55685] done accepting connections: Socket closed
Jan 19, 2022 11:26:38 PM okhttp3.mockwebserver.MockWebServer$2 execute
INFO: MockWebServer[58485] starting to accept connections
Jan 19, 2022 11:26:38 PM okhttp3.mockwebserver.MockWebServer$3 processOneRequest
INFO: MockWebServer[58485] received request: GET / HTTP/1.1 and responded: HTTP/1.1 200 OK
Jan 19, 2022 11:26:38 PM okhttp3.mockwebserver.MockWebServer$2 acceptConnections
INFO: MockWebServer[58485] done accepting connections: Socket closed
Jan 19, 2022 11:26:38 PM okhttp3.mockwebserver.MockWebServer$2 execute
INFO: MockWebServer[60123] starting to accept connections
Jan 19, 2022 11:26:38 PM okhttp3.mockwebserver.MockWebServer$2 acceptConnections
INFO: MockWebServer[60123] done accepting connections: Socket closed
Jan 19, 2022 11:26:38 PM okhttp3.mockwebserver.MockWebServer$2 execute
INFO: MockWebServer[42237] starting to accept connections
Jan 19, 2022 11:26:38 PM okhttp3.mockwebserver.MockWebServer$3 processOneRequest
INFO: MockWebServer[42237] received request: POST / HTTP/1.1 and responded: HTTP/1.1 200 OK
Jan 19, 2022 11:26:38 PM okhttp3.mockwebserver.MockWebServer$2 acceptConnections
INFO: MockWebServer[42237] done accepting connections: Socket closed
Jan 19, 2022 11:26:38 PM okhttp3.mockwebserver.MockWebServer$2 execute
INFO: MockWebServer[55105] starting to accept connections
Jan 19, 2022 11:26:38 PM okhttp3.mockwebserver.MockWebServer$2 acceptConnections
INFO: MockWebServer[55105] done accepting connections: Socket closed
Jan 19, 2022 11:26:38 PM okhttp3.mockwebserver.MockWebServer$2 execute
INFO: MockWebServer[34567] starting to accept connections
Jan 19, 2022 11:26:38 PM okhttp3.mockwebserver.MockWebServer$2 acceptConnections
INFO: MockWebServer[34567] done accepting connections: Socket closed
Jan 19, 2022 11:26:38 PM okhttp3.mockwebserver.MockWebServer$2 execute
INFO: MockWebServer[49555] starting to accept connections
Jan 19, 2022 11:26:38 PM okhttp3.mockwebserver.MockWebServer$2 acceptConnections
INFO: MockWebServer[49555] done accepting connections: Socket closed
Jan 19, 2022 11:26:38 PM okhttp3.mockwebserver.MockWebServer$2 execute
INFO: MockWebServer[48863] starting to accept connections
Jan 19, 2022 11:26:38 PM okhttp3.mockwebserver.MockWebServer$2 acceptConnections
INFO: MockWebServer[48863] done accepting connections: Socket is closed
Jan 19, 2022 11:26:38 PM okhttp3.mockwebserver.MockWebServer$2 execute
INFO: MockWebServer[49267] starting to accept connections
Jan 19, 2022 11:26:38 PM okhttp3.mockwebserver.MockWebServer$2 acceptConnections
INFO: MockWebServer[49267] done accepting connections: Socket closed
Jan 19, 2022 11:26:38 PM okhttp3.mockwebserver.MockWebServer$2 execute
INFO: MockWebServer[45707] starting to accept connections
Jan 19, 2022 11:26:38 PM okhttp3.mockwebserver.MockWebServer$2 acceptConnections
INFO: MockWebServer[45707] done accepting connections: Socket is closed
Jan 19, 2022 11:26:38 PM okhttp3.mockwebserver.MockWebServer$2 execute
INFO: MockWebServer[50207] starting to accept connections
Jan 19, 2022 11:26:38 PM okhttp3.mockwebserver.MockWebServer$2 acceptConnections
INFO: MockWebServer[50207] done accepting connections: Socket closed
Jan 19, 2022 11:26:38 PM okhttp3.mockwebserver.MockWebServer$2 execute
INFO: MockWebServer[34501] starting to accept connections
Jan 19, 2022 11:26:39 PM okhttp3.mockwebserver.MockWebServer$3 processOneRequest
INFO: MockWebServer[34501] received request: GET / HTTP/1.1 and responded: HTTP/1.1 200 OK
Jan 19, 2022 11:26:39 PM okhttp3.mockwebserver.MockWebServer$2 acceptConnections
INFO: MockWebServer[34501] done accepting connections: Socket closed
Jan 19, 2022 11:26:39 PM okhttp3.mockwebserver.MockWebServer$2 execute
INFO: MockWebServer[36237] starting to accept connections
Jan 19, 2022 11:26:39 PM okhttp3.mockwebserver.MockWebServer$2 acceptConnections
INFO: MockWebServer[36237] done accepting connections: Socket closed
Jan 19, 2022 11:26:39 PM okhttp3.mockwebserver.MockWebServer$2 execute
INFO: MockWebServer[45695] starting to accept connections
Jan 19, 2022 11:26:39 PM okhttp3.mockwebserver.MockWebServer$2 acceptConnections
INFO: MockWebServer[45695] done accepting connections: Socket closed
Jan 19, 2022 11:26:39 PM okhttp3.mockwebserver.MockWebServer$2 execute
INFO: MockWebServer[38517] starting to accept connections
Jan 19, 2022 11:26:39 PM okhttp3.mockwebserver.MockWebServer$2 acceptConnections
INFO: MockWebServer[38517] done accepting connections: Socket closed
Jan 19, 2022 11:26:39 PM okhttp3.mockwebserver.MockWebServer$2 execute
INFO: MockWebServer[47551] starting to accept connections
Jan 19, 2022 11:26:39 PM okhttp3.mockwebserver.MockWebServer$2 acceptConnections
INFO: MockWebServer[47551] done accepting connections: Socket closed
Jan 19, 2022 11:26:39 PM okhttp3.mockwebserver.MockWebServer$2 execute
INFO: MockWebServer[53973] starting to accept connections
Jan 19, 2022 11:26:39 PM okhttp3.mockwebserver.MockWebServer$2 acceptConnections
INFO: MockWebServer[53973] done accepting connections: Socket closed
Jan 19, 2022 11:26:39 PM okhttp3.mockwebserver.MockWebServer$2 execute
INFO: MockWebServer[32969] starting to accept connections
Jan 19, 2022 11:26:39 PM okhttp3.mockwebserver.MockWebServer$3 processOneRequest
INFO: MockWebServer[32969] received request: GET / HTTP/1.1 and responded: HTTP/1.1 200 OK
Jan 19, 2022 11:26:39 PM okhttp3.mockwebserver.MockWebServer$3 processOneRequest
INFO: MockWebServer[32969] received request: GET / HTTP/1.1 and responded: HTTP/1.1 200 OK
Jan 19, 2022 11:26:39 PM okhttp3.mockwebserver.MockWebServer$2 acceptConnections
INFO: MockWebServer[32969] done accepting connections: Socket closed
Jan 19, 2022 11:26:39 PM okhttp3.mockwebserver.MockWebServer$2 execute
INFO: MockWebServer[33335] starting to accept connections
Jan 19, 2022 11:26:39 PM okhttp3.mockwebserver.MockWebServer$2 acceptConnections
INFO: MockWebServer[33335] done accepting connections: Socket closed
Jan 19, 2022 11:26:39 PM okhttp3.mockwebserver.MockWebServer$2 execute
INFO: MockWebServer[33309] starting to accept connections
Jan 19, 2022 11:26:39 PM okhttp3.mockwebserver.MockWebServer$2 acceptConnections
INFO: MockWebServer[33309] done accepting connections: Socket closed
Jan 19, 2022 11:26:39 PM okhttp3.mockwebserver.MockWebServer$2 execute
INFO: MockWebServer[50025] starting to accept connections
Jan 19, 2022 11:26:39 PM okhttp3.mockwebserver.MockWebServer$2 acceptConnections
INFO: MockWebServer[50025] done accepting connections: Socket closed
Jan 19, 2022 11:26:39 PM okhttp3.mockwebserver.MockWebServer$2 execute
INFO: MockWebServer[52613] starting to accept connections
Jan 19, 2022 11:26:39 PM okhttp3.mockwebserver.MockWebServer$2 acceptConnections
INFO: MockWebServer[52613] done accepting connections: Socket closed
Jan 19, 2022 11:26:39 PM okhttp3.mockwebserver.MockWebServer$2 execute
INFO: MockWebServer[34505] starting to accept connections
Jan 19, 2022 11:26:39 PM okhttp3.mockwebserver.MockWebServer$2 acceptConnections
INFO: MockWebServer[34505] done accepting connections: Socket closed
Jan 19, 2022 11:26:39 PM okhttp3.mockwebserver.MockWebServer$2 execute
INFO: MockWebServer[58379] starting to accept connections
Jan 19, 2022 11:26:40 PM okhttp3.mockwebserver.MockWebServer$2 acceptConnections
INFO: MockWebServer[58379] done accepting connections: Socket closed
Jan 19, 2022 11:26:40 PM okhttp3.mockwebserver.MockWebServer$2 execute
INFO: MockWebServer[37551] starting to accept connections
Jan 19, 2022 11:26:40 PM okhttp3.mockwebserver.MockWebServer$2 acceptConnections
INFO: MockWebServer[37551] done accepting connections: Socket closed
Jan 19, 2022 11:26:40 PM okhttp3.mockwebserver.MockWebServer$2 execute
INFO: MockWebServer[55277] starting to accept connections
Jan 19, 2022 11:26:40 PM okhttp3.mockwebserver.MockWebServer$2 acceptConnections
INFO: MockWebServer[55277] done accepting connections: Socket closed
Jan 19, 2022 11:26:40 PM okhttp3.mockwebserver.MockWebServer$2 execute
INFO: MockWebServer[44663] starting to accept connections
Jan 19, 2022 11:26:40 PM okhttp3.mockwebserver.MockWebServer$2 acceptConnections
INFO: MockWebServer[44663] done accepting connections: Socket is closed
Jan 19, 2022 11:26:40 PM okhttp3.mockwebserver.MockWebServer$2 execute
INFO: MockWebServer[51955] starting to accept connections
Jan 19, 2022 11:26:40 PM okhttp3.mockwebserver.MockWebServer$2 acceptConnections
INFO: MockWebServer[51955] done accepting connections: Socket closed
Jan 19, 2022 11:26:40 PM okhttp3.mockwebserver.MockWebServer$2 execute
INFO: MockWebServer[55393] starting to accept connections
Jan 19, 2022 11:26:40 PM okhttp3.mockwebserver.MockWebServer$2 acceptConnections
INFO: MockWebServer[55393] done accepting connections: Socket closed
Jan 19, 2022 11:26:40 PM okhttp3.mockwebserver.MockWebServer$2 execute
INFO: MockWebServer[55671] starting to accept connections
Jan 19, 2022 11:26:40 PM okhttp3.mockwebserver.MockWebServer$2 acceptConnections
INFO: MockWebServer[55671] done accepting connections: Socket closed
Jan 19, 2022 11:26:40 PM okhttp3.mockwebserver.MockWebServer$2 execute
INFO: MockWebServer[52369] starting to accept connections
Jan 19, 2022 11:26:40 PM okhttp3.mockwebserver.MockWebServer$2 acceptConnections
INFO: MockWebServer[52369] done accepting connections: Socket is closed
Jan 19, 2022 11:26:40 PM okhttp3.mockwebserver.MockWebServer$2 execute
INFO: MockWebServer[53551] starting to accept connections
Jan 19, 2022 11:26:40 PM okhttp3.mockwebserver.MockWebServer$3 processOneRequest
INFO: MockWebServer[53551] received request: GET /?i=101 HTTP/1.1 and responded: HTTP/1.1 200 OK
Jan 19, 2022 11:26:40 PM okhttp3.mockwebserver.MockWebServer$3 processOneRequest
INFO: MockWebServer[53551] received request: GET /?i=201 HTTP/1.1 and responded: HTTP/1.1 200 OK
Jan 19, 2022 11:26:40 PM okhttp3.mockwebserver.MockWebServer$2 acceptConnections
INFO: MockWebServer[53551] done accepting connections: Socket closed
Jan 19, 2022 11:26:40 PM okhttp3.mockwebserver.MockWebServer$2 execute
INFO: MockWebServer[59817] starting to accept connections
Jan 19, 2022 11:26:40 PM okhttp3.mockwebserver.MockWebServer$2 acceptConnections
INFO: MockWebServer[59817] done accepting connections: Socket closed
Jan 19, 2022 11:26:40 PM okhttp3.mockwebserver.MockWebServer$2 execute
INFO: MockWebServer[44423] starting to accept connections
Jan 19, 2022 11:26:40 PM okhttp3.mockwebserver.MockWebServer$2 acceptConnections
INFO: MockWebServer[44423] done accepting connections: Socket closed
Jan 19, 2022 11:26:40 PM okhttp3.mockwebserver.MockWebServer$2 execute
INFO: MockWebServer[59457] starting to accept connections
Jan 19, 2022 11:26:40 PM okhttp3.mockwebserver.MockWebServer$2 acceptConnections
INFO: MockWebServer[59457] done accepting connections: Socket closed
Jan 19, 2022 11:26:40 PM okhttp3.mockwebserver.MockWebServer$2 execute
INFO: MockWebServer[50759] starting to accept connections
Jan 19, 2022 11:26:40 PM okhttp3.mockwebserver.MockWebServer$2 acceptConnections
INFO: MockWebServer[50759] done accepting connections: Socket is closed
Jan 19, 2022 11:26:40 PM okhttp3.mockwebserver.MockWebServer$2 execute
INFO: MockWebServer[48565] starting to accept connections
Jan 19, 2022 11:26:40 PM okhttp3.mockwebserver.MockWebServer$2 acceptConnections
INFO: MockWebServer[48565] done accepting connections: Socket closed
Jan 19, 2022 11:26:40 PM okhttp3.mockwebserver.MockWebServer$2 execute
INFO: MockWebServer[34613] starting to accept connections
Jan 19, 2022 11:26:40 PM okhttp3.mockwebserver.MockWebServer$2 acceptConnections
INFO: MockWebServer[34613] done accepting connections: Socket closed
Jan 19, 2022 11:26:40 PM okhttp3.mockwebserver.MockWebServer$2 execute
INFO: MockWebServer[46945] starting to accept connections
Jan 19, 2022 11:26:40 PM okhttp3.mockwebserver.MockWebServer$2 acceptConnections
INFO: MockWebServer[46945] done accepting connections: Socket closed
Jan 19, 2022 11:26:40 PM okhttp3.mockwebserver.MockWebServer$2 execute
INFO: MockWebServer[59651] starting to accept connections
Jan 19, 2022 11:26:40 PM okhttp3.mockwebserver.MockWebServer$2 acceptConnections
INFO: MockWebServer[59651] done accepting connections: Socket closed
Jan 19, 2022 11:26:40 PM okhttp3.mockwebserver.MockWebServer$2 execute
INFO: MockWebServer[48645] starting to accept connections
Jan 19, 2022 11:26:40 PM okhttp3.mockwebserver.MockWebServer$2 acceptConnections
INFO: MockWebServer[48645] done accepting connections: Socket closed
Jan 19, 2022 11:26:40 PM okhttp3.mockwebserver.MockWebServer$2 execute
INFO: MockWebServer[45969] starting to accept connections
Jan 19, 2022 11:26:40 PM okhttp3.mockwebserver.MockWebServer$2 acceptConnections
INFO: MockWebServer[45969] done accepting connections: Socket closed
Jan 19, 2022 11:26:40 PM okhttp3.mockwebserver.MockWebServer$2 execute
INFO: MockWebServer[45761] starting to accept connections
Jan 19, 2022 11:26:40 PM okhttp3.mockwebserver.MockWebServer$2 acceptConnections
INFO: MockWebServer[45761] done accepting connections: Socket closed
Jan 19, 2022 11:26:40 PM okhttp3.mockwebserver.MockWebServer$2 execute
INFO: MockWebServer[35077] starting to accept connections
Jan 19, 2022 11:26:40 PM okhttp3.mockwebserver.MockWebServer$2 acceptConnections
INFO: MockWebServer[35077] done accepting connections: Socket closed
Jan 19, 2022 11:26:40 PM okhttp3.mockwebserver.MockWebServer$2 execute
INFO: MockWebServer[50635] starting to accept connections
Jan 19, 2022 11:26:40 PM okhttp3.mockwebserver.MockWebServer$2 acceptConnections
INFO: MockWebServer[50635] done accepting connections: Socket is closed
Jan 19, 2022 11:26:40 PM okhttp3.mockwebserver.MockWebServer$2 execute
INFO: MockWebServer[41747] starting to accept connections
Jan 19, 2022 11:26:40 PM okhttp3.mockwebserver.MockWebServer$2 acceptConnections
INFO: MockWebServer[41747] done accepting connections: Socket closed
Jan 19, 2022 11:26:40 PM okhttp3.mockwebserver.MockWebServer$2 execute
INFO: MockWebServer[42851] starting to accept connections
Jan 19, 2022 11:26:41 PM okhttp3.mockwebserver.MockWebServer$2 acceptConnections
INFO: MockWebServer[42851] done accepting connections: Socket closed
Jan 19, 2022 11:26:41 PM okhttp3.mockwebserver.MockWebServer$2 execute
INFO: MockWebServer[39809] starting to accept connections
Jan 19, 2022 11:26:41 PM okhttp3.mockwebserver.MockWebServer$2 acceptConnections
INFO: MockWebServer[39809] done accepting connections: Socket closed
Jan 19, 2022 11:26:41 PM okhttp3.mockwebserver.MockWebServer$2 execute
INFO: MockWebServer[34525] starting to accept connections
Jan 19, 2022 11:26:41 PM okhttp3.mockwebserver.MockWebServer$2 acceptConnections
INFO: MockWebServer[34525] done accepting connections: Socket closed
Jan 19, 2022 11:26:41 PM okhttp3.mockwebserver.MockWebServer$2 execute
INFO: MockWebServer[51507] starting to accept connections
Jan 19, 2022 11:26:41 PM okhttp3.mockwebserver.MockWebServer$2 acceptConnections
INFO: MockWebServer[51507] done accepting connections: Socket closed
Tests run: 68, Failures: 0, Errors: 0, Skipped: 0, Time elapsed: 4.56 sec
Running retrofit2.ServiceMethodTest
Tests run: 1, Failures: 0, Errors: 0, Skipped: 0, Time elapsed: 0.001 sec

Results :

Failed tests:   unrecoverableErrorsAreNotCaughtForCallback(retrofit2.CallTest)

Tests run: 287, Failures: 1, Errors: 0, Skipped: 2

[INFO] ------------------------------------------------------------------------
[INFO] Reactor Summary:
[INFO] 
[INFO] Retrofit (Parent) .................................. SUCCESS [  1.064 s]
[INFO] Retrofit ........................................... FAILURE [ 50.356 s]
[INFO] Adapters ........................................... SKIPPED
[INFO] Adapter: Guava ..................................... SKIPPED
[INFO] Adapter: Java 8 .................................... SKIPPED
[INFO] Adapter: RxJava .................................... SKIPPED
[INFO] Adapter: RxJava 2 .................................. SKIPPED
[INFO] Adapter: Scala ..................................... SKIPPED
[INFO] Converters ......................................... SKIPPED
[INFO] Converter: Gson .................................... SKIPPED
[INFO] Converter: Guava ................................... SKIPPED
[INFO] Converter: Protocol Buffers ........................ SKIPPED
[INFO] Converter: Jackson ................................. SKIPPED
[INFO] Converter: Java 8 .................................. SKIPPED
[INFO] Converter: Wire Protocol Buffers ................... SKIPPED
[INFO] Converter: SimpleXML ............................... SKIPPED
[INFO] Converter: Java Scalars ............................ SKIPPED
[INFO] Converter: Moshi ................................... SKIPPED
[INFO] Retrofit Mock Adapter .............................. SKIPPED
[INFO] Samples ............................................ SKIPPED
[INFO] ------------------------------------------------------------------------
[INFO] BUILD FAILURE
[INFO] ------------------------------------------------------------------------
[INFO] Total time: 51.727 s
[INFO] Finished at: 2022-01-19T23:26:41Z
[INFO] Final Memory: 39M/799M
[INFO] ------------------------------------------------------------------------
[ERROR] Failed to execute goal org.apache.maven.plugins:maven-surefire-plugin:2.12.4:test (default-test) on project retrofit: There are test failures.
[ERROR] 
[ERROR] Please refer to /home/travis/build/failed/square/retrofit/retrofit/target/surefire-reports for the individual test results.
[ERROR] -> [Help 1]
[ERROR] 
[ERROR] To see the full stack trace of the errors, re-run Maven with the -e switch.
[ERROR] Re-run Maven using the -X switch to enable full debug logging.
[ERROR] 
[ERROR] For more information about the errors and possible solutions, please read the following articles:
[ERROR] [Help 1] http://cwiki.apache.org/confluence/display/MAVEN/MojoFailureException
[ERROR] 
[ERROR] After correcting the problems, you can resume the build with the command
[ERROR]   mvn <goals> -rf :retrofit

travis_time:end:1f62fbfa:start=1642634748164744320,finish=1642634801463188195,duration=53298443875[0K
[31;1mThe command "mvn -o test -Dhttps.protocols=TLSv1.2 -B" exited with 1.[0m
travis_fold:start:cache.2[0Kstore build cache
travis_time:start:06595f34[0K
travis_time:end:06595f34:start=1642634801472910571,finish=1642634801483474000,duration=10563429[0Ktravis_time:start:09e56b93[0K/home/travis/.casher/bin/casher:190: warning: Insecure world writable dir /usr/local/bin in PATH, mode 040757
[32;1mchanges detected, packing new archive[0m
running `casher push` took longer than 180 seconds and has been aborted.
You can extend the timeout with `cache.timeout`. See https://docs.travis-ci.com/user/caching/#Setting-the-timeout for details
.
.
.
.
.
.
.
.
.
.
.
.
.
.
.
.
.
.
.
.
.
.
.
.
.
.
.
.
.
.
.
.
.
.
.
.

travis_time:end:09e56b93:start=1642634801494107439,finish=1642634982288302156,duration=180794194717[0Ktravis_fold:end:cache.2[0K
Done. Your build exited with 1.
