travis_fold:start:system_info[0K[33;1mBuild system information[0m
Build language: java
Build id: ''
Job id: ''
[34m[1mBuild image provisioning date and time[0m
Thu Feb  5 15:09:33 UTC 2015
[34m[1mOperating System Details[0m
Distributor ID:	Ubuntu
Description:	Ubuntu 12.04.5 LTS
Release:	12.04
Codename:	precise
[34m[1mLinux Version[0m
3.13.0-29-generic
[34m[1mCookbooks Version[0m
a68419e https://github.com/travis-ci/travis-cookbooks/tree/a68419e
[34m[1mGCC version[0m
gcc (Ubuntu/Linaro 4.6.3-1ubuntu5) 4.6.3
Copyright (C) 2011 Free Software Foundation, Inc.
This is free software; see the source for copying conditions.  There is NO
warranty; not even for MERCHANTABILITY or FITNESS FOR A PARTICULAR PURPOSE.

[34m[1mLLVM version[0m
clang version 3.4 (tags/RELEASE_34/final)
Target: x86_64-unknown-linux-gnu
Thread model: posix
[34m[1mPre-installed Ruby versions[0m
ruby-1.9.3-p551
[34m[1mPre-installed Node.js versions[0m
v0.10.36
[34m[1mPre-installed Go versions[0m
1.4.1
[34m[1mRedis version[0m
redis-server 2.8.19
[34m[1mriak version[0m
2.0.2
[34m[1mMongoDB version[0m
MongoDB 2.4.12
[34m[1mCouchDB version[0m
couchdb 1.6.1
[34m[1mNeo4j version[0m
1.9.4
[34m[1mRabbitMQ Version[0m
3.4.3
[34m[1mElasticSearch version[0m
1.4.0
[34m[1mInstalled Sphinx versions[0m
2.0.10
2.1.9
2.2.6
[34m[1mDefault Sphinx version[0m
2.2.6
[34m[1mInstalled Firefox version[0m
firefox 31.0esr
[34m[1mPhantomJS version[0m
1.9.8
[34m[1mant -version[0m
Apache Ant(TM) version 1.8.2 compiled on December 3 2011
[34m[1mmvn -version[0m
Apache Maven 3.2.5 (12a6b3acb947671f09b81f49094c53f426d8cea1; 2014-12-14T17:29:23+00:00)
Maven home: /usr/local/maven
Java version: 1.7.0_76, vendor: Oracle Corporation
Java home: /usr/lib/jvm/java-7-oracle/jre
Default locale: en_US, platform encoding: ANSI_X3.4-1968
OS name: "linux", version: "3.13.0-29-generic", arch: "amd64", family: "unix"
travis_fold:end:system_info[0K
W: Failed to fetch http://security.ubuntu.com/ubuntu/dists/precise-security/main/source/Sources  404  Not Found [IP: 91.189.91.38 80]

W: Failed to fetch http://security.ubuntu.com/ubuntu/dists/precise-security/restricted/source/Sources  404  Not Found [IP: 91.189.91.38 80]

W: Failed to fetch http://security.ubuntu.com/ubuntu/dists/precise-security/universe/source/Sources  404  Not Found [IP: 91.189.91.38 80]

W: Failed to fetch http://security.ubuntu.com/ubuntu/dists/precise-security/multiverse/source/Sources  404  Not Found [IP: 91.189.91.38 80]

W: Failed to fetch http://security.ubuntu.com/ubuntu/dists/precise-security/main/binary-amd64/Packages  404  Not Found [IP: 91.189.91.38 80]

W: Failed to fetch http://security.ubuntu.com/ubuntu/dists/precise-security/restricted/binary-amd64/Packages  404  Not Found [IP: 91.189.91.38 80]

W: Failed to fetch http://security.ubuntu.com/ubuntu/dists/precise-security/universe/binary-amd64/Packages  404  Not Found [IP: 91.189.91.38 80]

W: Failed to fetch http://security.ubuntu.com/ubuntu/dists/precise-security/multiverse/binary-amd64/Packages  404  Not Found [IP: 91.189.91.38 80]

W: Failed to fetch http://security.ubuntu.com/ubuntu/dists/precise-security/main/binary-i386/Packages  404  Not Found [IP: 91.189.91.38 80]

W: Failed to fetch http://security.ubuntu.com/ubuntu/dists/precise-security/restricted/binary-i386/Packages  404  Not Found [IP: 91.189.91.38 80]

W: Failed to fetch http://security.ubuntu.com/ubuntu/dists/precise-security/universe/binary-i386/Packages  404  Not Found [IP: 91.189.91.38 80]

W: Failed to fetch http://security.ubuntu.com/ubuntu/dists/precise-security/multiverse/binary-i386/Packages  404  Not Found [IP: 91.189.91.38 80]

W: Failed to fetch http://us.archive.ubuntu.com/ubuntu/dists/precise/main/source/Sources  404  Not Found [IP: 91.189.91.38 80]

W: Failed to fetch http://us.archive.ubuntu.com/ubuntu/dists/precise/restricted/source/Sources  404  Not Found [IP: 91.189.91.38 80]

W: Failed to fetch http://us.archive.ubuntu.com/ubuntu/dists/precise/universe/source/Sources  404  Not Found [IP: 91.189.91.38 80]

W: Failed to fetch http://us.archive.ubuntu.com/ubuntu/dists/precise/multiverse/source/Sources  404  Not Found [IP: 91.189.91.38 80]

W: Failed to fetch http://us.archive.ubuntu.com/ubuntu/dists/precise/main/binary-amd64/Packages  404  Not Found [IP: 91.189.91.38 80]

W: Failed to fetch http://us.archive.ubuntu.com/ubuntu/dists/precise/restricted/binary-amd64/Packages  404  Not Found [IP: 91.189.91.38 80]

W: Failed to fetch http://us.archive.ubuntu.com/ubuntu/dists/precise/universe/binary-amd64/Packages  404  Not Found [IP: 91.189.91.38 80]

W: Failed to fetch http://us.archive.ubuntu.com/ubuntu/dists/precise/multiverse/binary-amd64/Packages  404  Not Found [IP: 91.189.91.38 80]

W: Failed to fetch http://us.archive.ubuntu.com/ubuntu/dists/precise/main/binary-i386/Packages  404  Not Found [IP: 91.189.91.38 80]

W: Failed to fetch http://us.archive.ubuntu.com/ubuntu/dists/precise/restricted/binary-i386/Packages  404  Not Found [IP: 91.189.91.38 80]

W: Failed to fetch http://us.archive.ubuntu.com/ubuntu/dists/precise/universe/binary-i386/Packages  404  Not Found [IP: 91.189.91.38 80]

W: Failed to fetch http://us.archive.ubuntu.com/ubuntu/dists/precise/multiverse/binary-i386/Packages  404  Not Found [IP: 91.189.91.38 80]

W: Failed to fetch http://us.archive.ubuntu.com/ubuntu/dists/precise-updates/main/source/Sources  404  Not Found [IP: 91.189.91.38 80]

W: Failed to fetch http://us.archive.ubuntu.com/ubuntu/dists/precise-updates/restricted/source/Sources  404  Not Found [IP: 91.189.91.38 80]

W: Failed to fetch http://us.archive.ubuntu.com/ubuntu/dists/precise-updates/universe/source/Sources  404  Not Found [IP: 91.189.91.38 80]

W: Failed to fetch http://us.archive.ubuntu.com/ubuntu/dists/precise-updates/multiverse/source/Sources  404  Not Found [IP: 91.189.91.38 80]

W: Failed to fetch http://us.archive.ubuntu.com/ubuntu/dists/precise-updates/main/binary-amd64/Packages  404  Not Found [IP: 91.189.91.38 80]

W: Failed to fetch http://us.archive.ubuntu.com/ubuntu/dists/precise-updates/restricted/binary-amd64/Packages  404  Not Found [IP: 91.189.91.38 80]

W: Failed to fetch http://us.archive.ubuntu.com/ubuntu/dists/precise-updates/universe/binary-amd64/Packages  404  Not Found [IP: 91.189.91.38 80]

W: Failed to fetch http://us.archive.ubuntu.com/ubuntu/dists/precise-updates/multiverse/binary-amd64/Packages  404  Not Found [IP: 91.189.91.38 80]

W: Failed to fetch http://us.archive.ubuntu.com/ubuntu/dists/precise-updates/main/binary-i386/Packages  404  Not Found [IP: 91.189.91.38 80]

W: Failed to fetch http://us.archive.ubuntu.com/ubuntu/dists/precise-updates/restricted/binary-i386/Packages  404  Not Found [IP: 91.189.91.38 80]

W: Failed to fetch http://us.archive.ubuntu.com/ubuntu/dists/precise-updates/universe/binary-i386/Packages  404  Not Found [IP: 91.189.91.38 80]

W: Failed to fetch http://us.archive.ubuntu.com/ubuntu/dists/precise-updates/multiverse/binary-i386/Packages  404  Not Found [IP: 91.189.91.38 80]

W: Failed to fetch http://us.archive.ubuntu.com/ubuntu/dists/precise-backports/main/source/Sources  404  Not Found [IP: 91.189.91.38 80]

W: Failed to fetch http://us.archive.ubuntu.com/ubuntu/dists/precise-backports/restricted/source/Sources  404  Not Found [IP: 91.189.91.38 80]

W: Failed to fetch http://us.archive.ubuntu.com/ubuntu/dists/precise-backports/universe/source/Sources  404  Not Found [IP: 91.189.91.38 80]

W: Failed to fetch http://us.archive.ubuntu.com/ubuntu/dists/precise-backports/multiverse/source/Sources  404  Not Found [IP: 91.189.91.38 80]

W: Failed to fetch http://us.archive.ubuntu.com/ubuntu/dists/precise-backports/main/binary-amd64/Packages  404  Not Found [IP: 91.189.91.38 80]

W: Failed to fetch http://us.archive.ubuntu.com/ubuntu/dists/precise-backports/restricted/binary-amd64/Packages  404  Not Found [IP: 91.189.91.38 80]

W: Failed to fetch http://us.archive.ubuntu.com/ubuntu/dists/precise-backports/universe/binary-amd64/Packages  404  Not Found [IP: 91.189.91.38 80]

W: Failed to fetch http://us.archive.ubuntu.com/ubuntu/dists/precise-backports/multiverse/binary-amd64/Packages  404  Not Found [IP: 91.189.91.38 80]

W: Failed to fetch http://us.archive.ubuntu.com/ubuntu/dists/precise-backports/main/binary-i386/Packages  404  Not Found [IP: 91.189.91.38 80]

W: Failed to fetch http://us.archive.ubuntu.com/ubuntu/dists/precise-backports/restricted/binary-i386/Packages  404  Not Found [IP: 91.189.91.38 80]

W: Failed to fetch http://us.archive.ubuntu.com/ubuntu/dists/precise-backports/universe/binary-i386/Packages  404  Not Found [IP: 91.189.91.38 80]

W: Failed to fetch http://us.archive.ubuntu.com/ubuntu/dists/precise-backports/multiverse/binary-i386/Packages  404  Not Found [IP: 91.189.91.38 80]

W: Failed to fetch http://apt.postgresql.org/pub/repos/apt/dists/precise-pgdg/main/binary-amd64/Packages  404  Not Found [IP: 217.196.149.55 80]

W: Failed to fetch http://apt.postgresql.org/pub/repos/apt/dists/precise-pgdg/main/binary-i386/Packages  404  Not Found [IP: 217.196.149.55 80]

W: Failed to fetch http://ppa.launchpad.net/rwky/ppa/ubuntu/dists/precise/main/binary-amd64/Packages  403  Forbidden

W: Failed to fetch http://ppa.launchpad.net/rwky/ppa/ubuntu/dists/precise/main/binary-i386/Packages  403  Forbidden

W: Failed to fetch http://ppa.launchpad.net/travis-ci/zero-mq/ubuntu/dists/precise/main/binary-amd64/Packages  403  Forbidden

W: Failed to fetch http://ppa.launchpad.net/travis-ci/zero-mq/ubuntu/dists/precise/main/binary-i386/Packages  403  Forbidden

W: Failed to fetch http://downloads-distro.mongodb.org/repo/debian-sysvinit/dists/dist/10gen/binary-amd64/Packages  Undetermined Error [IP: 52.206.222.245 80]

W: Failed to fetch http://downloads-distro.mongodb.org/repo/debian-sysvinit/dists/dist/10gen/binary-i386/Packages  Undetermined Error [IP: 52.206.222.245 80]

E: Some index files failed to download. They have been ignored, or old ones used instead.
sed: cannot rename /etc/hosts: Device or resource busy
sed: cannot rename /etc/hosts: Device or resource busy
$ jdk_switcher use oraclejdk8
Switching to Oracle JDK8 (java-8-oracle), JAVA_HOME will be set to /usr/lib/jvm/java-8-oracle
$ cd failed/square/retrofit

[33;1mSetting environment variables from .travis.yml[0m
$ export CI_DEPLOY_USERNAME=[secure]
$ export CI_DEPLOY_PASSWORD=[secure]

travis_fold:start:cache.1[0KSetting up build cache
$ export CASHER_DIR=$HOME/.casher
travis_time:start:05af5a5d[0K
travis_time:end:05af5a5d:start=1642703439015508883,finish=1642703439023434243,duration=7925360[0Ktravis_time:start:0efb466d[0K/home/travis/.casher/bin/casher:213:in `cache_archive_name': undefined method `[]' for nil:NilClass (NoMethodError)
	from /home/travis/.casher/bin/casher:65:in `block in fetch'
	from /home/travis/.casher/bin/casher:64:in `each'
	from /home/travis/.casher/bin/casher:64:in `fetch'
	from /home/travis/.casher/bin/casher:53:in `block in run'
	from /home/travis/.rvm/rubies/ruby-1.9.3-p551/lib/ruby/1.9.1/timeout.rb:69:in `timeout'
	from /home/travis/.casher/bin/casher:53:in `run'
	from /home/travis/.casher/bin/casher:263:in `<main>'
[32;1mattempting to download cache archive[0m

travis_time:end:0efb466d:start=1642703439033899903,finish=1642703439786795630,duration=752895727[0Ktravis_time:start:08c6f480[0K
travis_time:end:08c6f480:start=1642703439796758392,finish=1642703439804906111,duration=8147719[0Ktravis_time:start:19a6b9e0[0K[32;1madding /home/travis/.m2 to cache[0m

travis_time:end:19a6b9e0:start=1642703439815753121,finish=1642703441528056330,duration=1712303209[0Ktravis_fold:end:cache.1[0K$ java -Xmx32m -version
java version "1.8.0_31"
Java(TM) SE Runtime Environment (build 1.8.0_31-b13)
Java HotSpot(TM) 64-Bit Server VM (build 25.31-b07, mixed mode)
$ javac -J-Xmx32m -version
javac 1.8.0_31
travis_fold:start:install[0Ktravis_time:start:1d6c1f5e[0K$ mvn -o install -Dhttps.protocols=TLSv1.2 -DskipTests=true -Dmaven.javadoc.skip=true -B -V
Java HotSpot(TM) 64-Bit Server VM warning: ignoring option MaxPermSize=192m; support was removed in 8.0
Apache Maven 3.2.5 (12a6b3acb947671f09b81f49094c53f426d8cea1; 2014-12-14T17:29:23+00:00)
Maven home: /usr/local/maven
Java version: 1.8.0_31, vendor: Oracle Corporation
Java home: /usr/lib/jvm/java-8-oracle/jre
Default locale: en_US, platform encoding: UTF-8
OS name: "linux", version: "4.15.0-109-generic", arch: "amd64", family: "unix"
[INFO] Scanning for projects...
[WARNING] 
[WARNING] Some problems were encountered while building the effective model for com.squareup.retrofit:samples:jar:2.0.0-SNAPSHOT
[WARNING] 'build.plugins.plugin.version' for org.apache.maven.plugins:maven-deploy-plugin is missing. @ com.squareup.retrofit:samples:[unknown-version], /home/travis/build/failed/square/retrofit/samples/pom.xml, line 41, column 15
[WARNING] 
[WARNING] It is highly recommended to fix these problems because they threaten the stability of your build.
[WARNING] 
[WARNING] For this reason, future Maven versions might no longer support building such malformed projects.
[WARNING] 
[INFO] ------------------------------------------------------------------------
[INFO] Reactor Build Order:
[INFO] 
[INFO] Retrofit (Parent)
[INFO] Retrofit
[INFO] Adapters
[INFO] Adapter: RxJava
[INFO] Retrofit Mock Adapter
[INFO] Adapter: RxJava Mock
[INFO] Converters
[INFO] Converter: Gson
[INFO] Converter: Protocol Buffers
[INFO] Converter: Jackson
[INFO] Converter: Wire Protocol Buffers
[INFO] Converter: SimpleXML
[INFO] Converter: Moshi
[INFO] Samples
[INFO]                                                                         
[INFO] ------------------------------------------------------------------------
[INFO] Building Retrofit (Parent) 2.0.0-SNAPSHOT
[INFO] ------------------------------------------------------------------------
[INFO] 
[INFO] --- maven-enforcer-plugin:1.0:enforce (enforce-maven) @ parent ---
[INFO] 
[INFO] --- animal-sniffer-maven-plugin:1.14:check (default) @ parent ---
[INFO] Checking unresolved references to org.codehaus.mojo.signature:java16:1.1
[INFO] 
[INFO] --- maven-checkstyle-plugin:2.15:checkstyle (default) @ parent ---
[INFO] 
[INFO] --- maven-install-plugin:2.4:install (default-install) @ parent ---
[INFO] Installing /home/travis/build/failed/square/retrofit/pom.xml to /home/travis/.m2/repository/com/squareup/retrofit/parent/2.0.0-SNAPSHOT/parent-2.0.0-SNAPSHOT.pom
[INFO]                                                                         
[INFO] ------------------------------------------------------------------------
[INFO] Building Retrofit 2.0.0-SNAPSHOT
[INFO] ------------------------------------------------------------------------
[INFO] 
[INFO] --- maven-enforcer-plugin:1.0:enforce (enforce-maven) @ retrofit ---
[INFO] 
[INFO] --- maven-resources-plugin:2.6:resources (default-resources) @ retrofit ---
[INFO] Using 'UTF-8' encoding to copy filtered resources.
[INFO] skip non existing resourceDirectory /home/travis/build/failed/square/retrofit/retrofit/src/main/resources
[INFO] 
[INFO] --- maven-compiler-plugin:3.0:compile (default-compile) @ retrofit ---
[INFO] Changes detected - recompiling the module!
[INFO] Compiling 46 source files to /home/travis/build/failed/square/retrofit/retrofit/target/classes
[WARNING] /home/travis/build/failed/square/retrofit/retrofit/src/main/java/retrofit/RequestBuilderAction.java: /home/travis/build/failed/square/retrofit/retrofit/src/main/java/retrofit/RequestBuilderAction.java uses unchecked or unsafe operations.
[WARNING] /home/travis/build/failed/square/retrofit/retrofit/src/main/java/retrofit/RequestBuilderAction.java: Recompile with -Xlint:unchecked for details.
[INFO] 
[INFO] --- maven-resources-plugin:2.6:testResources (default-testResources) @ retrofit ---
[INFO] Using 'UTF-8' encoding to copy filtered resources.
[INFO] skip non existing resourceDirectory /home/travis/build/failed/square/retrofit/retrofit/src/test/resources
[INFO] 
[INFO] --- maven-compiler-plugin:3.0:testCompile (default-testCompile) @ retrofit ---
[INFO] Changes detected - recompiling the module!
[INFO] Compiling 7 source files to /home/travis/build/failed/square/retrofit/retrofit/target/test-classes
[INFO] 
[INFO] --- maven-surefire-plugin:2.12.4:test (default-test) @ retrofit ---
[INFO] Tests are skipped.
[INFO] 
[INFO] --- animal-sniffer-maven-plugin:1.14:check (default) @ retrofit ---
[INFO] Checking unresolved references to org.codehaus.mojo.signature:java16:1.1
[INFO] 
[INFO] --- maven-jar-plugin:2.4:jar (default-jar) @ retrofit ---
[INFO] Building jar: /home/travis/build/failed/square/retrofit/retrofit/target/retrofit-2.0.0-SNAPSHOT.jar
[INFO] 
[INFO] --- maven-checkstyle-plugin:2.15:checkstyle (default) @ retrofit ---
[INFO] Starting audit...
Audit done.
[WARNING] Unable to locate Source XRef to link to - DISABLED
[INFO] 
[INFO] --- maven-install-plugin:2.4:install (default-install) @ retrofit ---
[INFO] Installing /home/travis/build/failed/square/retrofit/retrofit/target/retrofit-2.0.0-SNAPSHOT.jar to /home/travis/.m2/repository/com/squareup/retrofit/retrofit/2.0.0-SNAPSHOT/retrofit-2.0.0-SNAPSHOT.jar
[INFO] Installing /home/travis/build/failed/square/retrofit/retrofit/pom.xml to /home/travis/.m2/repository/com/squareup/retrofit/retrofit/2.0.0-SNAPSHOT/retrofit-2.0.0-SNAPSHOT.pom
[INFO]                                                                         
[INFO] ------------------------------------------------------------------------
[INFO] Building Adapters 2.0.0-SNAPSHOT
[INFO] ------------------------------------------------------------------------
[INFO] 
[INFO] --- maven-enforcer-plugin:1.0:enforce (enforce-maven) @ retrofit-adapters ---
[INFO] 
[INFO] --- animal-sniffer-maven-plugin:1.14:check (default) @ retrofit-adapters ---
[INFO] Checking unresolved references to org.codehaus.mojo.signature:java16:1.1
[INFO] 
[INFO] --- maven-checkstyle-plugin:2.15:checkstyle (default) @ retrofit-adapters ---
[INFO] 
[INFO] --- maven-install-plugin:2.4:install (default-install) @ retrofit-adapters ---
[INFO] Installing /home/travis/build/failed/square/retrofit/retrofit-adapters/pom.xml to /home/travis/.m2/repository/com/squareup/retrofit/retrofit-adapters/2.0.0-SNAPSHOT/retrofit-adapters-2.0.0-SNAPSHOT.pom
[INFO]                                                                         
[INFO] ------------------------------------------------------------------------
[INFO] Building Adapter: RxJava 2.0.0-SNAPSHOT
[INFO] ------------------------------------------------------------------------
[INFO] 
[INFO] --- maven-enforcer-plugin:1.0:enforce (enforce-maven) @ adapter-rxjava ---
[INFO] 
[INFO] --- maven-resources-plugin:2.6:resources (default-resources) @ adapter-rxjava ---
[INFO] Using 'UTF-8' encoding to copy filtered resources.
[INFO] skip non existing resourceDirectory /home/travis/build/failed/square/retrofit/retrofit-adapters/rxjava/src/main/resources
[INFO] 
[INFO] --- maven-compiler-plugin:3.0:compile (default-compile) @ adapter-rxjava ---
[INFO] Changes detected - recompiling the module!
[INFO] Compiling 4 source files to /home/travis/build/failed/square/retrofit/retrofit-adapters/rxjava/target/classes
[INFO] 
[INFO] --- maven-resources-plugin:2.6:testResources (default-testResources) @ adapter-rxjava ---
[INFO] Using 'UTF-8' encoding to copy filtered resources.
[INFO] skip non existing resourceDirectory /home/travis/build/failed/square/retrofit/retrofit-adapters/rxjava/src/test/resources
[INFO] 
[INFO] --- maven-compiler-plugin:3.0:testCompile (default-testCompile) @ adapter-rxjava ---
[INFO] Changes detected - recompiling the module!
[INFO] Compiling 2 source files to /home/travis/build/failed/square/retrofit/retrofit-adapters/rxjava/target/test-classes
[INFO] 
[INFO] --- maven-surefire-plugin:2.12.4:test (default-test) @ adapter-rxjava ---
[INFO] Tests are skipped.
[INFO] 
[INFO] --- animal-sniffer-maven-plugin:1.14:check (default) @ adapter-rxjava ---
[INFO] Checking unresolved references to org.codehaus.mojo.signature:java16:1.1
[INFO] 
[INFO] --- maven-jar-plugin:2.4:jar (default-jar) @ adapter-rxjava ---
[INFO] Building jar: /home/travis/build/failed/square/retrofit/retrofit-adapters/rxjava/target/adapter-rxjava-2.0.0-SNAPSHOT.jar
[INFO] 
[INFO] --- maven-checkstyle-plugin:2.15:checkstyle (default) @ adapter-rxjava ---
[INFO] Starting audit...
Audit done.
[WARNING] Unable to locate Source XRef to link to - DISABLED
[INFO] 
[INFO] --- maven-install-plugin:2.4:install (default-install) @ adapter-rxjava ---
[INFO] Installing /home/travis/build/failed/square/retrofit/retrofit-adapters/rxjava/target/adapter-rxjava-2.0.0-SNAPSHOT.jar to /home/travis/.m2/repository/com/squareup/retrofit/adapter-rxjava/2.0.0-SNAPSHOT/adapter-rxjava-2.0.0-SNAPSHOT.jar
[INFO] Installing /home/travis/build/failed/square/retrofit/retrofit-adapters/rxjava/pom.xml to /home/travis/.m2/repository/com/squareup/retrofit/adapter-rxjava/2.0.0-SNAPSHOT/adapter-rxjava-2.0.0-SNAPSHOT.pom
[INFO]                                                                         
[INFO] ------------------------------------------------------------------------
[INFO] Building Retrofit Mock Adapter 2.0.0-SNAPSHOT
[INFO] ------------------------------------------------------------------------
[INFO] 
[INFO] --- maven-enforcer-plugin:1.0:enforce (enforce-maven) @ retrofit-mock ---
[INFO] 
[INFO] --- maven-resources-plugin:2.6:resources (default-resources) @ retrofit-mock ---
[INFO] Using 'UTF-8' encoding to copy filtered resources.
[INFO] skip non existing resourceDirectory /home/travis/build/failed/square/retrofit/retrofit-mock/src/main/resources
[INFO] 
[INFO] --- maven-compiler-plugin:3.0:compile (default-compile) @ retrofit-mock ---
[INFO] Changes detected - recompiling the module!
[INFO] Compiling 5 source files to /home/travis/build/failed/square/retrofit/retrofit-mock/target/classes
[INFO] 
[INFO] --- maven-resources-plugin:2.6:testResources (default-testResources) @ retrofit-mock ---
[INFO] Using 'UTF-8' encoding to copy filtered resources.
[INFO] skip non existing resourceDirectory /home/travis/build/failed/square/retrofit/retrofit-mock/src/test/resources
[INFO] 
[INFO] --- maven-compiler-plugin:3.0:testCompile (default-testCompile) @ retrofit-mock ---
[INFO] Changes detected - recompiling the module!
[INFO] Compiling 2 source files to /home/travis/build/failed/square/retrofit/retrofit-mock/target/test-classes
[INFO] 
[INFO] --- maven-surefire-plugin:2.12.4:test (default-test) @ retrofit-mock ---
[INFO] Tests are skipped.
[INFO] 
[INFO] --- animal-sniffer-maven-plugin:1.14:check (default) @ retrofit-mock ---
[INFO] Checking unresolved references to org.codehaus.mojo.signature:java16:1.1
[INFO] 
[INFO] --- maven-jar-plugin:2.4:jar (default-jar) @ retrofit-mock ---
[INFO] Building jar: /home/travis/build/failed/square/retrofit/retrofit-mock/target/retrofit-mock-2.0.0-SNAPSHOT.jar
[INFO] 
[INFO] --- maven-checkstyle-plugin:2.15:checkstyle (default) @ retrofit-mock ---
[INFO] Starting audit...
Audit done.
[WARNING] Unable to locate Source XRef to link to - DISABLED
[INFO] 
[INFO] --- maven-install-plugin:2.4:install (default-install) @ retrofit-mock ---
[INFO] Installing /home/travis/build/failed/square/retrofit/retrofit-mock/target/retrofit-mock-2.0.0-SNAPSHOT.jar to /home/travis/.m2/repository/com/squareup/retrofit/retrofit-mock/2.0.0-SNAPSHOT/retrofit-mock-2.0.0-SNAPSHOT.jar
[INFO] Installing /home/travis/build/failed/square/retrofit/retrofit-mock/pom.xml to /home/travis/.m2/repository/com/squareup/retrofit/retrofit-mock/2.0.0-SNAPSHOT/retrofit-mock-2.0.0-SNAPSHOT.pom
[INFO]                                                                         
[INFO] ------------------------------------------------------------------------
[INFO] Building Adapter: RxJava Mock 2.0.0-SNAPSHOT
[INFO] ------------------------------------------------------------------------
[INFO] 
[INFO] --- maven-enforcer-plugin:1.0:enforce (enforce-maven) @ adapter-rxjava-mock ---
[INFO] 
[INFO] --- maven-resources-plugin:2.6:resources (default-resources) @ adapter-rxjava-mock ---
[INFO] Using 'UTF-8' encoding to copy filtered resources.
[INFO] skip non existing resourceDirectory /home/travis/build/failed/square/retrofit/retrofit-adapters/rxjava-mock/src/main/resources
[INFO] 
[INFO] --- maven-compiler-plugin:3.0:compile (default-compile) @ adapter-rxjava-mock ---
[INFO] Changes detected - recompiling the module!
[INFO] Compiling 2 source files to /home/travis/build/failed/square/retrofit/retrofit-adapters/rxjava-mock/target/classes
[INFO] 
[INFO] --- maven-resources-plugin:2.6:testResources (default-testResources) @ adapter-rxjava-mock ---
[INFO] Using 'UTF-8' encoding to copy filtered resources.
[INFO] skip non existing resourceDirectory /home/travis/build/failed/square/retrofit/retrofit-adapters/rxjava-mock/src/test/resources
[INFO] 
[INFO] --- maven-compiler-plugin:3.0:testCompile (default-testCompile) @ adapter-rxjava-mock ---
[INFO] Changes detected - recompiling the module!
[INFO] Compiling 1 source file to /home/travis/build/failed/square/retrofit/retrofit-adapters/rxjava-mock/target/test-classes
[INFO] 
[INFO] --- maven-surefire-plugin:2.12.4:test (default-test) @ adapter-rxjava-mock ---
[INFO] Tests are skipped.
[INFO] 
[INFO] --- animal-sniffer-maven-plugin:1.14:check (default) @ adapter-rxjava-mock ---
[INFO] Checking unresolved references to org.codehaus.mojo.signature:java16:1.1
[INFO] 
[INFO] --- maven-jar-plugin:2.4:jar (default-jar) @ adapter-rxjava-mock ---
[INFO] Building jar: /home/travis/build/failed/square/retrofit/retrofit-adapters/rxjava-mock/target/adapter-rxjava-mock-2.0.0-SNAPSHOT.jar
[INFO] 
[INFO] --- maven-checkstyle-plugin:2.15:checkstyle (default) @ adapter-rxjava-mock ---
[INFO] Starting audit...
Audit done.
[WARNING] Unable to locate Source XRef to link to - DISABLED
[INFO] 
[INFO] --- maven-install-plugin:2.4:install (default-install) @ adapter-rxjava-mock ---
[INFO] Installing /home/travis/build/failed/square/retrofit/retrofit-adapters/rxjava-mock/target/adapter-rxjava-mock-2.0.0-SNAPSHOT.jar to /home/travis/.m2/repository/com/squareup/retrofit/adapter-rxjava-mock/2.0.0-SNAPSHOT/adapter-rxjava-mock-2.0.0-SNAPSHOT.jar
[INFO] Installing /home/travis/build/failed/square/retrofit/retrofit-adapters/rxjava-mock/pom.xml to /home/travis/.m2/repository/com/squareup/retrofit/adapter-rxjava-mock/2.0.0-SNAPSHOT/adapter-rxjava-mock-2.0.0-SNAPSHOT.pom
[INFO]                                                                         
[INFO] ------------------------------------------------------------------------
[INFO] Building Converters 2.0.0-SNAPSHOT
[INFO] ------------------------------------------------------------------------
[INFO] 
[INFO] --- maven-enforcer-plugin:1.0:enforce (enforce-maven) @ retrofit-converters ---
[INFO] 
[INFO] --- animal-sniffer-maven-plugin:1.14:check (default) @ retrofit-converters ---
[INFO] Checking unresolved references to org.codehaus.mojo.signature:java16:1.1
[INFO] 
[INFO] --- maven-checkstyle-plugin:2.15:checkstyle (default) @ retrofit-converters ---
[INFO] 
[INFO] --- maven-install-plugin:2.4:install (default-install) @ retrofit-converters ---
[INFO] Installing /home/travis/build/failed/square/retrofit/retrofit-converters/pom.xml to /home/travis/.m2/repository/com/squareup/retrofit/retrofit-converters/2.0.0-SNAPSHOT/retrofit-converters-2.0.0-SNAPSHOT.pom
[INFO]                                                                         
[INFO] ------------------------------------------------------------------------
[INFO] Building Converter: Gson 2.0.0-SNAPSHOT
[INFO] ------------------------------------------------------------------------
[INFO] 
[INFO] --- maven-enforcer-plugin:1.0:enforce (enforce-maven) @ converter-gson ---
[INFO] 
[INFO] --- maven-resources-plugin:2.6:resources (default-resources) @ converter-gson ---
[INFO] Using 'UTF-8' encoding to copy filtered resources.
[INFO] skip non existing resourceDirectory /home/travis/build/failed/square/retrofit/retrofit-converters/gson/src/main/resources
[INFO] 
[INFO] --- maven-compiler-plugin:3.0:compile (default-compile) @ converter-gson ---
[INFO] Changes detected - recompiling the module!
[INFO] Compiling 2 source files to /home/travis/build/failed/square/retrofit/retrofit-converters/gson/target/classes
[INFO] 
[INFO] --- maven-resources-plugin:2.6:testResources (default-testResources) @ converter-gson ---
[INFO] Using 'UTF-8' encoding to copy filtered resources.
[INFO] skip non existing resourceDirectory /home/travis/build/failed/square/retrofit/retrofit-converters/gson/src/test/resources
[INFO] 
[INFO] --- maven-compiler-plugin:3.0:testCompile (default-testCompile) @ converter-gson ---
[INFO] Changes detected - recompiling the module!
[INFO] Compiling 1 source file to /home/travis/build/failed/square/retrofit/retrofit-converters/gson/target/test-classes
[INFO] 
[INFO] --- maven-surefire-plugin:2.12.4:test (default-test) @ converter-gson ---
[INFO] Tests are skipped.
[INFO] 
[INFO] --- animal-sniffer-maven-plugin:1.14:check (default) @ converter-gson ---
[INFO] Checking unresolved references to org.codehaus.mojo.signature:java16:1.1
[INFO] 
[INFO] --- maven-jar-plugin:2.4:jar (default-jar) @ converter-gson ---
[INFO] Building jar: /home/travis/build/failed/square/retrofit/retrofit-converters/gson/target/converter-gson-2.0.0-SNAPSHOT.jar
[INFO] 
[INFO] --- maven-checkstyle-plugin:2.15:checkstyle (default) @ converter-gson ---
[INFO] Starting audit...
Audit done.
[WARNING] Unable to locate Source XRef to link to - DISABLED
[INFO] 
[INFO] --- maven-install-plugin:2.4:install (default-install) @ converter-gson ---
[INFO] Installing /home/travis/build/failed/square/retrofit/retrofit-converters/gson/target/converter-gson-2.0.0-SNAPSHOT.jar to /home/travis/.m2/repository/com/squareup/retrofit/converter-gson/2.0.0-SNAPSHOT/converter-gson-2.0.0-SNAPSHOT.jar
[INFO] Installing /home/travis/build/failed/square/retrofit/retrofit-converters/gson/pom.xml to /home/travis/.m2/repository/com/squareup/retrofit/converter-gson/2.0.0-SNAPSHOT/converter-gson-2.0.0-SNAPSHOT.pom
[INFO]                                                                         
[INFO] ------------------------------------------------------------------------
[INFO] Building Converter: Protocol Buffers 2.0.0-SNAPSHOT
[INFO] ------------------------------------------------------------------------
[INFO] 
[INFO] --- maven-enforcer-plugin:1.0:enforce (enforce-maven) @ converter-protobuf ---
[INFO] 
[INFO] --- maven-resources-plugin:2.6:resources (default-resources) @ converter-protobuf ---
[INFO] Using 'UTF-8' encoding to copy filtered resources.
[INFO] skip non existing resourceDirectory /home/travis/build/failed/square/retrofit/retrofit-converters/protobuf/src/main/resources
[INFO] 
[INFO] --- maven-compiler-plugin:3.0:compile (default-compile) @ converter-protobuf ---
[INFO] Changes detected - recompiling the module!
[INFO] Compiling 2 source files to /home/travis/build/failed/square/retrofit/retrofit-converters/protobuf/target/classes
[WARNING] /home/travis/build/failed/square/retrofit/retrofit-converters/protobuf/src/main/java/retrofit/ProtoConverterFactory.java: /home/travis/build/failed/square/retrofit/retrofit-converters/protobuf/src/main/java/retrofit/ProtoConverterFactory.java uses unchecked or unsafe operations.
[WARNING] /home/travis/build/failed/square/retrofit/retrofit-converters/protobuf/src/main/java/retrofit/ProtoConverterFactory.java: Recompile with -Xlint:unchecked for details.
[INFO] 
[INFO] --- maven-resources-plugin:2.6:testResources (default-testResources) @ converter-protobuf ---
[INFO] Using 'UTF-8' encoding to copy filtered resources.
[INFO] skip non existing resourceDirectory /home/travis/build/failed/square/retrofit/retrofit-converters/protobuf/src/test/resources
[INFO] 
[INFO] --- maven-compiler-plugin:3.0:testCompile (default-testCompile) @ converter-protobuf ---
[INFO] Changes detected - recompiling the module!
[INFO] Compiling 2 source files to /home/travis/build/failed/square/retrofit/retrofit-converters/protobuf/target/test-classes
[INFO] 
[INFO] --- maven-surefire-plugin:2.12.4:test (default-test) @ converter-protobuf ---
[INFO] Tests are skipped.
[INFO] 
[INFO] --- animal-sniffer-maven-plugin:1.14:check (default) @ converter-protobuf ---
[INFO] Checking unresolved references to org.codehaus.mojo.signature:java16:1.1
[INFO] 
[INFO] --- maven-jar-plugin:2.4:jar (default-jar) @ converter-protobuf ---
[INFO] Building jar: /home/travis/build/failed/square/retrofit/retrofit-converters/protobuf/target/converter-protobuf-2.0.0-SNAPSHOT.jar
[INFO] 
[INFO] --- maven-checkstyle-plugin:2.15:checkstyle (default) @ converter-protobuf ---
[INFO] Starting audit...
Audit done.
[WARNING] Unable to locate Source XRef to link to - DISABLED
[INFO] 
[INFO] --- maven-install-plugin:2.4:install (default-install) @ converter-protobuf ---
[INFO] Installing /home/travis/build/failed/square/retrofit/retrofit-converters/protobuf/target/converter-protobuf-2.0.0-SNAPSHOT.jar to /home/travis/.m2/repository/com/squareup/retrofit/converter-protobuf/2.0.0-SNAPSHOT/converter-protobuf-2.0.0-SNAPSHOT.jar
[INFO] Installing /home/travis/build/failed/square/retrofit/retrofit-converters/protobuf/pom.xml to /home/travis/.m2/repository/com/squareup/retrofit/converter-protobuf/2.0.0-SNAPSHOT/converter-protobuf-2.0.0-SNAPSHOT.pom
[INFO]                                                                         
[INFO] ------------------------------------------------------------------------
[INFO] Building Converter: Jackson 2.0.0-SNAPSHOT
[INFO] ------------------------------------------------------------------------
[INFO] 
[INFO] --- maven-enforcer-plugin:1.0:enforce (enforce-maven) @ converter-jackson ---
[INFO] 
[INFO] --- maven-resources-plugin:2.6:resources (default-resources) @ converter-jackson ---
[INFO] Using 'UTF-8' encoding to copy filtered resources.
[INFO] skip non existing resourceDirectory /home/travis/build/failed/square/retrofit/retrofit-converters/jackson/src/main/resources
[INFO] 
[INFO] --- maven-compiler-plugin:3.0:compile (default-compile) @ converter-jackson ---
[INFO] Changes detected - recompiling the module!
[INFO] Compiling 2 source files to /home/travis/build/failed/square/retrofit/retrofit-converters/jackson/target/classes
[INFO] 
[INFO] --- maven-resources-plugin:2.6:testResources (default-testResources) @ converter-jackson ---
[INFO] Using 'UTF-8' encoding to copy filtered resources.
[INFO] skip non existing resourceDirectory /home/travis/build/failed/square/retrofit/retrofit-converters/jackson/src/test/resources
[INFO] 
[INFO] --- maven-compiler-plugin:3.0:testCompile (default-testCompile) @ converter-jackson ---
[INFO] Changes detected - recompiling the module!
[INFO] Compiling 1 source file to /home/travis/build/failed/square/retrofit/retrofit-converters/jackson/target/test-classes
[INFO] 
[INFO] --- maven-surefire-plugin:2.12.4:test (default-test) @ converter-jackson ---
[INFO] Tests are skipped.
[INFO] 
[INFO] --- animal-sniffer-maven-plugin:1.14:check (default) @ converter-jackson ---
[INFO] Checking unresolved references to org.codehaus.mojo.signature:java16:1.1
[INFO] 
[INFO] --- maven-jar-plugin:2.4:jar (default-jar) @ converter-jackson ---
[INFO] Building jar: /home/travis/build/failed/square/retrofit/retrofit-converters/jackson/target/converter-jackson-2.0.0-SNAPSHOT.jar
[INFO] 
[INFO] --- maven-checkstyle-plugin:2.15:checkstyle (default) @ converter-jackson ---
[INFO] Starting audit...
Audit done.
[WARNING] Unable to locate Source XRef to link to - DISABLED
[INFO] 
[INFO] --- maven-install-plugin:2.4:install (default-install) @ converter-jackson ---
[INFO] Installing /home/travis/build/failed/square/retrofit/retrofit-converters/jackson/target/converter-jackson-2.0.0-SNAPSHOT.jar to /home/travis/.m2/repository/com/squareup/retrofit/converter-jackson/2.0.0-SNAPSHOT/converter-jackson-2.0.0-SNAPSHOT.jar
[INFO] Installing /home/travis/build/failed/square/retrofit/retrofit-converters/jackson/pom.xml to /home/travis/.m2/repository/com/squareup/retrofit/converter-jackson/2.0.0-SNAPSHOT/converter-jackson-2.0.0-SNAPSHOT.pom
[INFO]                                                                         
[INFO] ------------------------------------------------------------------------
[INFO] Building Converter: Wire Protocol Buffers 2.0.0-SNAPSHOT
[INFO] ------------------------------------------------------------------------
[INFO] 
[INFO] --- maven-enforcer-plugin:1.0:enforce (enforce-maven) @ converter-wire ---
[INFO] 
[INFO] --- maven-resources-plugin:2.6:resources (default-resources) @ converter-wire ---
[INFO] Using 'UTF-8' encoding to copy filtered resources.
[INFO] skip non existing resourceDirectory /home/travis/build/failed/square/retrofit/retrofit-converters/wire/src/main/resources
[INFO] 
[INFO] --- maven-compiler-plugin:3.0:compile (default-compile) @ converter-wire ---
[INFO] Changes detected - recompiling the module!
[INFO] Compiling 2 source files to /home/travis/build/failed/square/retrofit/retrofit-converters/wire/target/classes
[WARNING] /home/travis/build/failed/square/retrofit/retrofit-converters/wire/src/main/java/retrofit/WireConverterFactory.java: /home/travis/build/failed/square/retrofit/retrofit-converters/wire/src/main/java/retrofit/WireConverterFactory.java uses unchecked or unsafe operations.
[WARNING] /home/travis/build/failed/square/retrofit/retrofit-converters/wire/src/main/java/retrofit/WireConverterFactory.java: Recompile with -Xlint:unchecked for details.
[INFO] 
[INFO] --- maven-resources-plugin:2.6:testResources (default-testResources) @ converter-wire ---
[INFO] Using 'UTF-8' encoding to copy filtered resources.
[INFO] skip non existing resourceDirectory /home/travis/build/failed/square/retrofit/retrofit-converters/wire/src/test/resources
[INFO] 
[INFO] --- maven-compiler-plugin:3.0:testCompile (default-testCompile) @ converter-wire ---
[INFO] Changes detected - recompiling the module!
[INFO] Compiling 2 source files to /home/travis/build/failed/square/retrofit/retrofit-converters/wire/target/test-classes
[INFO] 
[INFO] --- maven-surefire-plugin:2.12.4:test (default-test) @ converter-wire ---
[INFO] Tests are skipped.
[INFO] 
[INFO] --- animal-sniffer-maven-plugin:1.14:check (default) @ converter-wire ---
[INFO] Checking unresolved references to org.codehaus.mojo.signature:java16:1.1
[INFO] 
[INFO] --- maven-jar-plugin:2.4:jar (default-jar) @ converter-wire ---
[INFO] Building jar: /home/travis/build/failed/square/retrofit/retrofit-converters/wire/target/converter-wire-2.0.0-SNAPSHOT.jar
[INFO] 
[INFO] --- maven-checkstyle-plugin:2.15:checkstyle (default) @ converter-wire ---
[INFO] Starting audit...
Audit done.
[WARNING] Unable to locate Source XRef to link to - DISABLED
[INFO] 
[INFO] --- maven-install-plugin:2.4:install (default-install) @ converter-wire ---
[INFO] Installing /home/travis/build/failed/square/retrofit/retrofit-converters/wire/target/converter-wire-2.0.0-SNAPSHOT.jar to /home/travis/.m2/repository/com/squareup/retrofit/converter-wire/2.0.0-SNAPSHOT/converter-wire-2.0.0-SNAPSHOT.jar
[INFO] Installing /home/travis/build/failed/square/retrofit/retrofit-converters/wire/pom.xml to /home/travis/.m2/repository/com/squareup/retrofit/converter-wire/2.0.0-SNAPSHOT/converter-wire-2.0.0-SNAPSHOT.pom
[INFO]                                                                         
[INFO] ------------------------------------------------------------------------
[INFO] Building Converter: SimpleXML 2.0.0-SNAPSHOT
[INFO] ------------------------------------------------------------------------
[INFO] 
[INFO] --- maven-enforcer-plugin:1.0:enforce (enforce-maven) @ converter-simplexml ---
[INFO] 
[INFO] --- maven-resources-plugin:2.6:resources (default-resources) @ converter-simplexml ---
[INFO] Using 'UTF-8' encoding to copy filtered resources.
[INFO] skip non existing resourceDirectory /home/travis/build/failed/square/retrofit/retrofit-converters/simplexml/src/main/resources
[INFO] 
[INFO] --- maven-compiler-plugin:3.0:compile (default-compile) @ converter-simplexml ---
[INFO] Changes detected - recompiling the module!
[INFO] Compiling 2 source files to /home/travis/build/failed/square/retrofit/retrofit-converters/simplexml/target/classes
[INFO] 
[INFO] --- maven-resources-plugin:2.6:testResources (default-testResources) @ converter-simplexml ---
[INFO] Using 'UTF-8' encoding to copy filtered resources.
[INFO] skip non existing resourceDirectory /home/travis/build/failed/square/retrofit/retrofit-converters/simplexml/src/test/resources
[INFO] 
[INFO] --- maven-compiler-plugin:3.0:testCompile (default-testCompile) @ converter-simplexml ---
[INFO] Changes detected - recompiling the module!
[INFO] Compiling 2 source files to /home/travis/build/failed/square/retrofit/retrofit-converters/simplexml/target/test-classes
[INFO] 
[INFO] --- maven-surefire-plugin:2.12.4:test (default-test) @ converter-simplexml ---
[INFO] Tests are skipped.
[INFO] 
[INFO] --- animal-sniffer-maven-plugin:1.14:check (default) @ converter-simplexml ---
[INFO] Checking unresolved references to org.codehaus.mojo.signature:java16:1.1
[INFO] 
[INFO] --- maven-jar-plugin:2.4:jar (default-jar) @ converter-simplexml ---
[INFO] Building jar: /home/travis/build/failed/square/retrofit/retrofit-converters/simplexml/target/converter-simplexml-2.0.0-SNAPSHOT.jar
[INFO] 
[INFO] --- maven-checkstyle-plugin:2.15:checkstyle (default) @ converter-simplexml ---
[INFO] Starting audit...
Audit done.
[WARNING] Unable to locate Source XRef to link to - DISABLED
[INFO] 
[INFO] --- maven-install-plugin:2.4:install (default-install) @ converter-simplexml ---
[INFO] Installing /home/travis/build/failed/square/retrofit/retrofit-converters/simplexml/target/converter-simplexml-2.0.0-SNAPSHOT.jar to /home/travis/.m2/repository/com/squareup/retrofit/converter-simplexml/2.0.0-SNAPSHOT/converter-simplexml-2.0.0-SNAPSHOT.jar
[INFO] Installing /home/travis/build/failed/square/retrofit/retrofit-converters/simplexml/pom.xml to /home/travis/.m2/repository/com/squareup/retrofit/converter-simplexml/2.0.0-SNAPSHOT/converter-simplexml-2.0.0-SNAPSHOT.pom
[INFO]                                                                         
[INFO] ------------------------------------------------------------------------
[INFO] Building Converter: Moshi 2.0.0-SNAPSHOT
[INFO] ------------------------------------------------------------------------
[INFO] 
[INFO] --- maven-enforcer-plugin:1.0:enforce (enforce-maven) @ converter-moshi ---
[INFO] 
[INFO] --- maven-resources-plugin:2.6:resources (default-resources) @ converter-moshi ---
[INFO] Using 'UTF-8' encoding to copy filtered resources.
[INFO] skip non existing resourceDirectory /home/travis/build/failed/square/retrofit/retrofit-converters/moshi/src/main/resources
[INFO] 
[INFO] --- maven-compiler-plugin:3.0:compile (default-compile) @ converter-moshi ---
[INFO] Changes detected - recompiling the module!
[INFO] Compiling 2 source files to /home/travis/build/failed/square/retrofit/retrofit-converters/moshi/target/classes
[INFO] 
[INFO] --- maven-resources-plugin:2.6:testResources (default-testResources) @ converter-moshi ---
[INFO] Using 'UTF-8' encoding to copy filtered resources.
[INFO] skip non existing resourceDirectory /home/travis/build/failed/square/retrofit/retrofit-converters/moshi/src/test/resources
[INFO] 
[INFO] --- maven-compiler-plugin:3.0:testCompile (default-testCompile) @ converter-moshi ---
[INFO] Changes detected - recompiling the module!
[INFO] Compiling 1 source file to /home/travis/build/failed/square/retrofit/retrofit-converters/moshi/target/test-classes
[INFO] 
[INFO] --- maven-surefire-plugin:2.12.4:test (default-test) @ converter-moshi ---
[INFO] Tests are skipped.
[INFO] 
[INFO] --- animal-sniffer-maven-plugin:1.14:check (default) @ converter-moshi ---
[INFO] Checking unresolved references to org.codehaus.mojo.signature:java16:1.1
[INFO] 
[INFO] --- maven-jar-plugin:2.4:jar (default-jar) @ converter-moshi ---
[INFO] Building jar: /home/travis/build/failed/square/retrofit/retrofit-converters/moshi/target/converter-moshi-2.0.0-SNAPSHOT.jar
[INFO] 
[INFO] --- maven-checkstyle-plugin:2.15:checkstyle (default) @ converter-moshi ---
[INFO] Starting audit...
Audit done.
[WARNING] Unable to locate Source XRef to link to - DISABLED
[INFO] 
[INFO] --- maven-install-plugin:2.4:install (default-install) @ converter-moshi ---
[INFO] Installing /home/travis/build/failed/square/retrofit/retrofit-converters/moshi/target/converter-moshi-2.0.0-SNAPSHOT.jar to /home/travis/.m2/repository/com/squareup/retrofit/converter-moshi/2.0.0-SNAPSHOT/converter-moshi-2.0.0-SNAPSHOT.jar
[INFO] Installing /home/travis/build/failed/square/retrofit/retrofit-converters/moshi/pom.xml to /home/travis/.m2/repository/com/squareup/retrofit/converter-moshi/2.0.0-SNAPSHOT/converter-moshi-2.0.0-SNAPSHOT.pom
[INFO]                                                                         
[INFO] ------------------------------------------------------------------------
[INFO] Building Samples 2.0.0-SNAPSHOT
[INFO] ------------------------------------------------------------------------
[INFO] 
[INFO] --- maven-enforcer-plugin:1.0:enforce (enforce-maven) @ samples ---
[INFO] 
[INFO] --- maven-resources-plugin:2.6:resources (default-resources) @ samples ---
[INFO] Using 'UTF-8' encoding to copy filtered resources.
[INFO] skip non existing resourceDirectory /home/travis/build/failed/square/retrofit/samples/src/main/resources
[INFO] 
[INFO] --- maven-compiler-plugin:3.0:compile (default-compile) @ samples ---
[INFO] Changes detected - recompiling the module!
[INFO] Compiling 3 source files to /home/travis/build/failed/square/retrofit/samples/target/classes
[INFO] 
[INFO] --- maven-resources-plugin:2.6:testResources (default-testResources) @ samples ---
[INFO] Using 'UTF-8' encoding to copy filtered resources.
[INFO] skip non existing resourceDirectory /home/travis/build/failed/square/retrofit/samples/src/test/resources
[INFO] 
[INFO] --- maven-compiler-plugin:3.0:testCompile (default-testCompile) @ samples ---
[INFO] No sources to compile
[INFO] 
[INFO] --- maven-surefire-plugin:2.12.4:test (default-test) @ samples ---
[INFO] Tests are skipped.
[INFO] 
[INFO] --- animal-sniffer-maven-plugin:1.14:check (default) @ samples ---
[INFO] Checking unresolved references to org.codehaus.mojo.signature:java16:1.1
[INFO] 
[INFO] --- maven-jar-plugin:2.4:jar (default-jar) @ samples ---
[INFO] Building jar: /home/travis/build/failed/square/retrofit/samples/target/samples-2.0.0-SNAPSHOT.jar
[INFO] 
[INFO] --- maven-checkstyle-plugin:2.15:checkstyle (default) @ samples ---
[INFO] Starting audit...
Audit done.
[WARNING] Unable to locate Source XRef to link to - DISABLED
[INFO] 
[INFO] --- maven-install-plugin:2.4:install (default-install) @ samples ---
[INFO] Installing /home/travis/build/failed/square/retrofit/samples/target/samples-2.0.0-SNAPSHOT.jar to /home/travis/.m2/repository/com/squareup/retrofit/samples/2.0.0-SNAPSHOT/samples-2.0.0-SNAPSHOT.jar
[INFO] Installing /home/travis/build/failed/square/retrofit/samples/pom.xml to /home/travis/.m2/repository/com/squareup/retrofit/samples/2.0.0-SNAPSHOT/samples-2.0.0-SNAPSHOT.pom
[INFO] ------------------------------------------------------------------------
[INFO] Reactor Summary:
[INFO] 
[INFO] Retrofit (Parent) .................................. SUCCESS [ 59.275 s]
[INFO] Retrofit ........................................... SUCCESS [ 43.836 s]
[INFO] Adapters ........................................... SUCCESS [  1.910 s]
[INFO] Adapter: RxJava .................................... SUCCESS [  5.928 s]
[INFO] Retrofit Mock Adapter .............................. SUCCESS [  5.323 s]
[INFO] Adapter: RxJava Mock ............................... SUCCESS [  6.108 s]
[INFO] Converters ......................................... SUCCESS [  0.888 s]
[INFO] Converter: Gson .................................... SUCCESS [  4.992 s]
[INFO] Converter: Protocol Buffers ........................ SUCCESS [  4.386 s]
[INFO] Converter: Jackson ................................. SUCCESS [  5.761 s]
[INFO] Converter: Wire Protocol Buffers ................... SUCCESS [  3.802 s]
[INFO] Converter: SimpleXML ............................... SUCCESS [  5.590 s]
[INFO] Converter: Moshi ................................... SUCCESS [  5.681 s]
[INFO] Samples ............................................ SUCCESS [  4.703 s]
[INFO] ------------------------------------------------------------------------
[INFO] BUILD SUCCESS
[INFO] ------------------------------------------------------------------------
[INFO] Total time: 02:42 min
[INFO] Finished at: 2022-01-20T18:33:24+00:00
[INFO] Final Memory: 37M/265M
[INFO] ------------------------------------------------------------------------

travis_time:end:1d6c1f5e:start=1642703441784825773,finish=1642703605150391242,duration=163365565469[0Ktravis_fold:end:install[0Ktravis_time:start:286f351b[0K$ mvn test -Dhttps.protocols=TLSv1.2 -B
Java HotSpot(TM) 64-Bit Server VM warning: ignoring option MaxPermSize=192m; support was removed in 8.0
[INFO] Scanning for projects...
[WARNING] 
[WARNING] Some problems were encountered while building the effective model for com.squareup.retrofit:samples:jar:2.0.0-SNAPSHOT
[WARNING] 'build.plugins.plugin.version' for org.apache.maven.plugins:maven-deploy-plugin is missing. @ com.squareup.retrofit:samples:[unknown-version], /home/travis/build/failed/square/retrofit/samples/pom.xml, line 41, column 15
[WARNING] 
[WARNING] It is highly recommended to fix these problems because they threaten the stability of your build.
[WARNING] 
[WARNING] For this reason, future Maven versions might no longer support building such malformed projects.
[WARNING] 
[INFO] ------------------------------------------------------------------------
[INFO] Reactor Build Order:
[INFO] 
[INFO] Retrofit (Parent)
[INFO] Retrofit
[INFO] Adapters
[INFO] Adapter: RxJava
[INFO] Retrofit Mock Adapter
[INFO] Adapter: RxJava Mock
[INFO] Converters
[INFO] Converter: Gson
[INFO] Converter: Protocol Buffers
[INFO] Converter: Jackson
[INFO] Converter: Wire Protocol Buffers
[INFO] Converter: SimpleXML
[INFO] Converter: Moshi
[INFO] Samples
[INFO]                                                                         
[INFO] ------------------------------------------------------------------------
[INFO] Building Retrofit (Parent) 2.0.0-SNAPSHOT
[INFO] ------------------------------------------------------------------------
[INFO] 
[INFO] --- maven-enforcer-plugin:1.0:enforce (enforce-maven) @ parent ---
[INFO] 
[INFO] --- animal-sniffer-maven-plugin:1.14:check (default) @ parent ---
[INFO] Checking unresolved references to org.codehaus.mojo.signature:java16:1.1
[INFO]                                                                         
[INFO] ------------------------------------------------------------------------
[INFO] Building Retrofit 2.0.0-SNAPSHOT
[INFO] ------------------------------------------------------------------------
[INFO] 
[INFO] --- maven-enforcer-plugin:1.0:enforce (enforce-maven) @ retrofit ---
[INFO] 
[INFO] --- maven-resources-plugin:2.6:resources (default-resources) @ retrofit ---
[INFO] Using 'UTF-8' encoding to copy filtered resources.
[INFO] skip non existing resourceDirectory /home/travis/build/failed/square/retrofit/retrofit/src/main/resources
[INFO] 
[INFO] --- maven-compiler-plugin:3.0:compile (default-compile) @ retrofit ---
[INFO] Changes detected - recompiling the module!
[INFO] Compiling 46 source files to /home/travis/build/failed/square/retrofit/retrofit/target/classes
[WARNING] /home/travis/build/failed/square/retrofit/retrofit/src/main/java/retrofit/RequestBuilderAction.java: /home/travis/build/failed/square/retrofit/retrofit/src/main/java/retrofit/RequestBuilderAction.java uses unchecked or unsafe operations.
[WARNING] /home/travis/build/failed/square/retrofit/retrofit/src/main/java/retrofit/RequestBuilderAction.java: Recompile with -Xlint:unchecked for details.
[INFO] 
[INFO] --- maven-resources-plugin:2.6:testResources (default-testResources) @ retrofit ---
[INFO] Using 'UTF-8' encoding to copy filtered resources.
[INFO] skip non existing resourceDirectory /home/travis/build/failed/square/retrofit/retrofit/src/test/resources
[INFO] 
[INFO] --- maven-compiler-plugin:3.0:testCompile (default-testCompile) @ retrofit ---
[INFO] Changes detected - recompiling the module!
[INFO] Compiling 7 source files to /home/travis/build/failed/square/retrofit/retrofit/target/test-classes
[INFO] 
[INFO] --- maven-surefire-plugin:2.12.4:test (default-test) @ retrofit ---
[INFO] Surefire report directory: /home/travis/build/failed/square/retrofit/retrofit/target/surefire-reports

-------------------------------------------------------
 T E S T S
-------------------------------------------------------
Running retrofit.CallTest
Jan 20, 2022 6:33:30 PM com.squareup.okhttp.mockwebserver.MockWebServer$3 execute
INFO: MockWebServer[35131] starting to accept connections
Jan 20, 2022 6:33:31 PM com.squareup.okhttp.mockwebserver.MockWebServer$3 acceptConnections
INFO: MockWebServer[35131] done accepting connections: Socket closed
Jan 20, 2022 6:33:31 PM com.squareup.okhttp.mockwebserver.MockWebServer$3 execute
INFO: MockWebServer[56063] starting to accept connections
Jan 20, 2022 6:33:31 PM com.squareup.okhttp.mockwebserver.MockWebServer$4 processOneRequest
INFO: MockWebServer[56063] received request: GET / HTTP/1.1 and responded: HTTP/1.1 200 OK
Jan 20, 2022 6:33:31 PM com.squareup.okhttp.mockwebserver.MockWebServer$3 acceptConnections
INFO: MockWebServer[56063] done accepting connections: Socket closed
Jan 20, 2022 6:33:31 PM com.squareup.okhttp.mockwebserver.MockWebServer$3 execute
INFO: MockWebServer[53667] starting to accept connections
Jan 20, 2022 6:33:31 PM com.squareup.okhttp.mockwebserver.MockWebServer$4 processOneRequest
INFO: MockWebServer[53667] received request: GET / HTTP/1.1 and responded: HTTP/1.1 404 OK
Jan 20, 2022 6:33:31 PM com.squareup.okhttp.mockwebserver.MockWebServer$3 acceptConnections
INFO: MockWebServer[53667] done accepting connections: Socket closed
Jan 20, 2022 6:33:31 PM com.squareup.okhttp.mockwebserver.MockWebServer$3 execute
INFO: MockWebServer[58385] starting to accept connections
Jan 20, 2022 6:33:31 PM com.squareup.okhttp.mockwebserver.MockWebServer$3 acceptConnections
INFO: MockWebServer[58385] done accepting connections: Socket closed
Jan 20, 2022 6:33:31 PM com.squareup.okhttp.mockwebserver.MockWebServer$3 execute
INFO: MockWebServer[55395] starting to accept connections
Jan 20, 2022 6:33:31 PM com.squareup.okhttp.mockwebserver.MockWebServer$3 acceptConnections
INFO: MockWebServer[55395] done accepting connections: Socket closed
Jan 20, 2022 6:33:31 PM com.squareup.okhttp.mockwebserver.MockWebServer$3 execute
INFO: MockWebServer[53919] starting to accept connections
Jan 20, 2022 6:33:31 PM com.squareup.okhttp.mockwebserver.MockWebServer$4 processOneRequest
INFO: MockWebServer[53919] received request: GET / HTTP/1.1 and responded: HTTP/1.1 200 OK
Jan 20, 2022 6:33:31 PM com.squareup.okhttp.mockwebserver.MockWebServer$3 acceptConnections
INFO: MockWebServer[53919] done accepting connections: Socket closed
Jan 20, 2022 6:33:31 PM com.squareup.okhttp.mockwebserver.MockWebServer$3 execute
INFO: MockWebServer[48537] starting to accept connections
Jan 20, 2022 6:33:31 PM com.squareup.okhttp.mockwebserver.MockWebServer$3 acceptConnections
INFO: MockWebServer[48537] done accepting connections: Socket closed
Jan 20, 2022 6:33:31 PM com.squareup.okhttp.mockwebserver.MockWebServer$3 execute
INFO: MockWebServer[56265] starting to accept connections
Jan 20, 2022 6:33:31 PM com.squareup.okhttp.mockwebserver.MockWebServer$4 processOneRequest
INFO: MockWebServer[56265] received request: GET / HTTP/1.1 and responded: HTTP/1.1 404 OK
Jan 20, 2022 6:33:31 PM com.squareup.okhttp.mockwebserver.MockWebServer$3 acceptConnections
INFO: MockWebServer[56265] done accepting connections: Socket closed
Jan 20, 2022 6:33:31 PM com.squareup.okhttp.mockwebserver.MockWebServer$3 execute
INFO: MockWebServer[35103] starting to accept connections
Jan 20, 2022 6:33:31 PM com.squareup.okhttp.mockwebserver.MockWebServer$4 processOneRequest
INFO: MockWebServer[35103] received request: POST / HTTP/1.1 and responded: HTTP/1.1 200 OK
Jan 20, 2022 6:33:31 PM com.squareup.okhttp.mockwebserver.MockWebServer$3 acceptConnections
INFO: MockWebServer[35103] done accepting connections: Socket closed
Jan 20, 2022 6:33:31 PM com.squareup.okhttp.mockwebserver.MockWebServer$3 execute
INFO: MockWebServer[53415] starting to accept connections
Jan 20, 2022 6:33:32 PM com.squareup.okhttp.mockwebserver.MockWebServer$4 processOneRequest
INFO: MockWebServer[53415] received request: GET / HTTP/1.1 and responded: HTTP/1.1 204 Nothin
Jan 20, 2022 6:33:32 PM com.squareup.okhttp.mockwebserver.MockWebServer$3 acceptConnections
INFO: MockWebServer[53415] done accepting connections: Socket closed
Jan 20, 2022 6:33:32 PM com.squareup.okhttp.mockwebserver.MockWebServer$3 execute
INFO: MockWebServer[33443] starting to accept connections
Jan 20, 2022 6:33:32 PM com.squareup.okhttp.mockwebserver.MockWebServer$4 processOneRequest
INFO: MockWebServer[33443] received request: GET / HTTP/1.1 and responded: HTTP/1.1 200 OK
Jan 20, 2022 6:33:32 PM com.squareup.okhttp.mockwebserver.MockWebServer$3 acceptConnections
INFO: MockWebServer[33443] done accepting connections: Socket closed
Jan 20, 2022 6:33:32 PM com.squareup.okhttp.mockwebserver.MockWebServer$3 execute
INFO: MockWebServer[59317] starting to accept connections
Jan 20, 2022 6:33:32 PM com.squareup.okhttp.mockwebserver.MockWebServer$4 processOneRequest
INFO: MockWebServer[59317] received request: GET / HTTP/1.1 and responded: HTTP/1.1 200 OK
Jan 20, 2022 6:33:32 PM com.squareup.okhttp.mockwebserver.MockWebServer$3 acceptConnections
INFO: MockWebServer[59317] done accepting connections: Socket closed
Jan 20, 2022 6:33:32 PM com.squareup.okhttp.mockwebserver.MockWebServer$3 execute
INFO: MockWebServer[50557] starting to accept connections
Jan 20, 2022 6:33:32 PM com.squareup.okhttp.mockwebserver.MockWebServer$4 processOneRequest
INFO: MockWebServer[50557] received request: POST / HTTP/1.1 and responded: HTTP/1.1 200 OK
Jan 20, 2022 6:33:32 PM com.squareup.okhttp.mockwebserver.MockWebServer$3 acceptConnections
INFO: MockWebServer[50557] done accepting connections: Socket closed
Jan 20, 2022 6:33:32 PM com.squareup.okhttp.mockwebserver.MockWebServer$3 execute
INFO: MockWebServer[57765] starting to accept connections
Jan 20, 2022 6:33:32 PM com.squareup.okhttp.mockwebserver.MockWebServer$3 acceptConnections
INFO: MockWebServer[57765] done accepting connections: Socket closed
Jan 20, 2022 6:33:32 PM com.squareup.okhttp.mockwebserver.MockWebServer$3 execute
INFO: MockWebServer[47545] starting to accept connections
Jan 20, 2022 6:33:32 PM com.squareup.okhttp.mockwebserver.MockWebServer$4 processOneRequest
INFO: MockWebServer[47545] received request: GET / HTTP/1.1 and responded: HTTP/1.1 200 OK
Jan 20, 2022 6:33:32 PM com.squareup.okhttp.mockwebserver.MockWebServer$3 acceptConnections
INFO: MockWebServer[47545] done accepting connections: Socket closed
Jan 20, 2022 6:33:32 PM com.squareup.okhttp.mockwebserver.MockWebServer$3 execute
INFO: MockWebServer[43439] starting to accept connections
Jan 20, 2022 6:33:32 PM com.squareup.okhttp.mockwebserver.MockWebServer$4 processOneRequest
INFO: MockWebServer[43439] received request: GET / HTTP/1.1 and responded: HTTP/1.1 200 OK
Jan 20, 2022 6:33:32 PM com.squareup.okhttp.mockwebserver.MockWebServer$3 acceptConnections
INFO: MockWebServer[43439] done accepting connections: Socket closed
Jan 20, 2022 6:33:32 PM com.squareup.okhttp.mockwebserver.MockWebServer$3 execute
INFO: MockWebServer[41269] starting to accept connections
Jan 20, 2022 6:33:32 PM com.squareup.okhttp.mockwebserver.MockWebServer$4 processOneRequest
INFO: MockWebServer[41269] received request: GET / HTTP/1.1 and responded: HTTP/1.1 205 Nothin
Jan 20, 2022 6:33:32 PM com.squareup.okhttp.mockwebserver.MockWebServer$3 acceptConnections
INFO: MockWebServer[41269] done accepting connections: Socket closed
Jan 20, 2022 6:33:32 PM com.squareup.okhttp.mockwebserver.MockWebServer$3 execute
INFO: MockWebServer[38265] starting to accept connections
Jan 20, 2022 6:33:32 PM com.squareup.okhttp.mockwebserver.MockWebServer$4 processOneRequest
INFO: MockWebServer[38265] received request: GET / HTTP/1.1 and responded: HTTP/1.1 200 OK
Jan 20, 2022 6:33:32 PM com.squareup.okhttp.mockwebserver.MockWebServer$4 processOneRequest
INFO: MockWebServer[38265] received request: GET / HTTP/1.1 and responded: HTTP/1.1 200 OK
Jan 20, 2022 6:33:33 PM com.squareup.okhttp.mockwebserver.MockWebServer$3 acceptConnections
INFO: MockWebServer[38265] done accepting connections: Socket closed
Jan 20, 2022 6:33:33 PM com.squareup.okhttp.mockwebserver.MockWebServer$3 execute
INFO: MockWebServer[51113] starting to accept connections
Jan 20, 2022 6:33:33 PM com.squareup.okhttp.mockwebserver.MockWebServer$4 processOneRequest
INFO: MockWebServer[51113] received request: GET / HTTP/1.1 and responded: HTTP/1.1 200 OK
Jan 20, 2022 6:33:33 PM com.squareup.okhttp.mockwebserver.MockWebServer$3 acceptConnections
INFO: MockWebServer[51113] done accepting connections: Socket closed
Jan 20, 2022 6:33:33 PM com.squareup.okhttp.mockwebserver.MockWebServer$3 execute
INFO: MockWebServer[54587] starting to accept connections
Jan 20, 2022 6:33:33 PM com.squareup.okhttp.mockwebserver.MockWebServer$3 acceptConnections
INFO: MockWebServer[54587] done accepting connections: Socket closed
Jan 20, 2022 6:33:33 PM com.squareup.okhttp.mockwebserver.MockWebServer$3 execute
INFO: MockWebServer[54677] starting to accept connections
Jan 20, 2022 6:33:33 PM com.squareup.okhttp.mockwebserver.MockWebServer$3 acceptConnections
INFO: MockWebServer[54677] done accepting connections: Socket closed
Jan 20, 2022 6:33:33 PM com.squareup.okhttp.mockwebserver.MockWebServer$3 execute
INFO: MockWebServer[36387] starting to accept connections
Jan 20, 2022 6:33:33 PM com.squareup.okhttp.mockwebserver.MockWebServer$4 processOneRequest
INFO: MockWebServer[36387] received request: GET / HTTP/1.1 and responded: HTTP/1.1 200 OK
Jan 20, 2022 6:33:33 PM com.squareup.okhttp.mockwebserver.MockWebServer$3 acceptConnections
INFO: MockWebServer[36387] done accepting connections: Socket closed
Jan 20, 2022 6:33:33 PM com.squareup.okhttp.mockwebserver.MockWebServer$3 execute
INFO: MockWebServer[38023] starting to accept connections
Jan 20, 2022 6:33:33 PM com.squareup.okhttp.mockwebserver.MockWebServer$4 processOneRequest
INFO: MockWebServer[38023] received request: GET / HTTP/1.1 and responded: HTTP/1.1 200 OK
Jan 20, 2022 6:33:33 PM com.squareup.okhttp.mockwebserver.MockWebServer$3 acceptConnections
INFO: MockWebServer[38023] done accepting connections: Socket closed
Tests run: 23, Failures: 0, Errors: 0, Skipped: 0, Time elapsed: 2.656 sec
Running retrofit.ExecutorCallAdapterFactoryTest
Tests run: 8, Failures: 0, Errors: 0, Skipped: 0, Time elapsed: 0.122 sec
Running retrofit.RequestBuilderTest
Tests run: 97, Failures: 0, Errors: 0, Skipped: 2, Time elapsed: 0.121 sec
Running retrofit.RequestFactoryParserTest
Tests run: 1, Failures: 0, Errors: 0, Skipped: 0, Time elapsed: 0 sec
Running retrofit.RetrofitTest
Jan 20, 2022 6:33:33 PM com.squareup.okhttp.mockwebserver.MockWebServer$3 execute
INFO: MockWebServer[47711] starting to accept connections
Jan 20, 2022 6:33:33 PM com.squareup.okhttp.mockwebserver.MockWebServer$3 acceptConnections
INFO: MockWebServer[47711] done accepting connections: Socket closed
Jan 20, 2022 6:33:33 PM com.squareup.okhttp.mockwebserver.MockWebServer$3 execute
INFO: MockWebServer[42227] starting to accept connections
Jan 20, 2022 6:33:33 PM com.squareup.okhttp.mockwebserver.MockWebServer$3 acceptConnections
INFO: MockWebServer[42227] done accepting connections: Socket closed
Jan 20, 2022 6:33:33 PM com.squareup.okhttp.mockwebserver.MockWebServer$3 execute
INFO: MockWebServer[33393] starting to accept connections
Jan 20, 2022 6:33:33 PM com.squareup.okhttp.mockwebserver.MockWebServer$3 acceptConnections
INFO: MockWebServer[33393] done accepting connections: Socket closed
Jan 20, 2022 6:33:33 PM com.squareup.okhttp.mockwebserver.MockWebServer$3 execute
INFO: MockWebServer[59551] starting to accept connections
Jan 20, 2022 6:33:33 PM com.squareup.okhttp.mockwebserver.MockWebServer$3 acceptConnections
INFO: MockWebServer[59551] done accepting connections: Socket is closed
Jan 20, 2022 6:33:33 PM com.squareup.okhttp.mockwebserver.MockWebServer$3 execute
INFO: MockWebServer[38831] starting to accept connections
Jan 20, 2022 6:33:33 PM com.squareup.okhttp.mockwebserver.MockWebServer$3 acceptConnections
INFO: MockWebServer[38831] done accepting connections: Socket is closed
Jan 20, 2022 6:33:33 PM com.squareup.okhttp.mockwebserver.MockWebServer$3 execute
INFO: MockWebServer[56481] starting to accept connections
Jan 20, 2022 6:33:33 PM com.squareup.okhttp.mockwebserver.MockWebServer$3 acceptConnections
INFO: MockWebServer[56481] done accepting connections: Socket is closed
Jan 20, 2022 6:33:33 PM com.squareup.okhttp.mockwebserver.MockWebServer$3 execute
INFO: MockWebServer[52407] starting to accept connections
Jan 20, 2022 6:33:33 PM com.squareup.okhttp.mockwebserver.MockWebServer$3 acceptConnections
INFO: MockWebServer[52407] done accepting connections: Socket is closed
Jan 20, 2022 6:33:33 PM com.squareup.okhttp.mockwebserver.MockWebServer$3 execute
INFO: MockWebServer[40317] starting to accept connections
Jan 20, 2022 6:33:33 PM com.squareup.okhttp.mockwebserver.MockWebServer$3 acceptConnections
INFO: MockWebServer[40317] done accepting connections: Socket closed
Jan 20, 2022 6:33:33 PM com.squareup.okhttp.mockwebserver.MockWebServer$3 execute
INFO: MockWebServer[38483] starting to accept connections
Jan 20, 2022 6:33:33 PM com.squareup.okhttp.mockwebserver.MockWebServer$3 acceptConnections
INFO: MockWebServer[38483] done accepting connections: Socket closed
Jan 20, 2022 6:33:33 PM com.squareup.okhttp.mockwebserver.MockWebServer$3 execute
INFO: MockWebServer[45045] starting to accept connections
Jan 20, 2022 6:33:33 PM com.squareup.okhttp.mockwebserver.MockWebServer$4 processOneRequest
INFO: MockWebServer[45045] received request: GET / HTTP/1.1 and responded: HTTP/1.1 200 OK
Jan 20, 2022 6:33:33 PM com.squareup.okhttp.mockwebserver.MockWebServer$3 acceptConnections
INFO: MockWebServer[45045] done accepting connections: Socket closed
Jan 20, 2022 6:33:33 PM com.squareup.okhttp.mockwebserver.MockWebServer$3 execute
INFO: MockWebServer[52073] starting to accept connections
Jan 20, 2022 6:33:33 PM com.squareup.okhttp.mockwebserver.MockWebServer$3 acceptConnections
INFO: MockWebServer[52073] done accepting connections: Socket is closed
Jan 20, 2022 6:33:33 PM com.squareup.okhttp.mockwebserver.MockWebServer$3 execute
INFO: MockWebServer[43157] starting to accept connections
Jan 20, 2022 6:33:33 PM com.squareup.okhttp.mockwebserver.MockWebServer$3 acceptConnections
INFO: MockWebServer[43157] done accepting connections: Socket closed
Jan 20, 2022 6:33:33 PM com.squareup.okhttp.mockwebserver.MockWebServer$3 execute
INFO: MockWebServer[52613] starting to accept connections
Jan 20, 2022 6:33:33 PM com.squareup.okhttp.mockwebserver.MockWebServer$4 processOneRequest
INFO: MockWebServer[52613] received request: GET / HTTP/1.1 and responded: HTTP/1.1 200 OK
Jan 20, 2022 6:33:33 PM com.squareup.okhttp.mockwebserver.MockWebServer$3 acceptConnections
INFO: MockWebServer[52613] done accepting connections: Socket closed
Jan 20, 2022 6:33:33 PM com.squareup.okhttp.mockwebserver.MockWebServer$3 execute
INFO: MockWebServer[40603] starting to accept connections
Jan 20, 2022 6:33:33 PM com.squareup.okhttp.mockwebserver.MockWebServer$4 processOneRequest
INFO: MockWebServer[40603] received request: POST / HTTP/1.1 and responded: HTTP/1.1 200 OK
Jan 20, 2022 6:33:33 PM com.squareup.okhttp.mockwebserver.MockWebServer$3 acceptConnections
INFO: MockWebServer[40603] done accepting connections: Socket closed
Jan 20, 2022 6:33:33 PM com.squareup.okhttp.mockwebserver.MockWebServer$3 execute
INFO: MockWebServer[38861] starting to accept connections
Jan 20, 2022 6:33:33 PM com.squareup.okhttp.mockwebserver.MockWebServer$3 acceptConnections
INFO: MockWebServer[38861] done accepting connections: Socket is closed
Jan 20, 2022 6:33:33 PM com.squareup.okhttp.mockwebserver.MockWebServer$3 execute
INFO: MockWebServer[33833] starting to accept connections
Jan 20, 2022 6:33:33 PM com.squareup.okhttp.mockwebserver.MockWebServer$3 acceptConnections
INFO: MockWebServer[33833] done accepting connections: Socket is closed
Jan 20, 2022 6:33:33 PM com.squareup.okhttp.mockwebserver.MockWebServer$3 execute
INFO: MockWebServer[42433] starting to accept connections
Jan 20, 2022 6:33:33 PM com.squareup.okhttp.mockwebserver.MockWebServer$3 acceptConnections
INFO: MockWebServer[42433] done accepting connections: Socket is closed
Jan 20, 2022 6:33:33 PM com.squareup.okhttp.mockwebserver.MockWebServer$3 execute
INFO: MockWebServer[38201] starting to accept connections
Jan 20, 2022 6:33:33 PM com.squareup.okhttp.mockwebserver.MockWebServer$3 acceptConnections
INFO: MockWebServer[38201] done accepting connections: Socket is closed
Jan 20, 2022 6:33:33 PM com.squareup.okhttp.mockwebserver.MockWebServer$3 execute
INFO: MockWebServer[37665] starting to accept connections
Jan 20, 2022 6:33:33 PM com.squareup.okhttp.mockwebserver.MockWebServer$4 processOneRequest
INFO: MockWebServer[37665] received request: GET / HTTP/1.1 and responded: HTTP/1.1 200 OK
Jan 20, 2022 6:33:33 PM com.squareup.okhttp.mockwebserver.MockWebServer$3 acceptConnections
INFO: MockWebServer[37665] done accepting connections: Socket closed
Jan 20, 2022 6:33:33 PM com.squareup.okhttp.mockwebserver.MockWebServer$3 execute
INFO: MockWebServer[60397] starting to accept connections
Jan 20, 2022 6:33:33 PM com.squareup.okhttp.mockwebserver.MockWebServer$4 processOneRequest
INFO: MockWebServer[60397] received request: POST /a HTTP/1.1 and responded: HTTP/1.1 200 OK
Jan 20, 2022 6:33:33 PM com.squareup.okhttp.mockwebserver.MockWebServer$4 processOneRequest
INFO: MockWebServer[60397] received request: POST /b HTTP/1.1 and responded: HTTP/1.1 200 OK
Jan 20, 2022 6:33:33 PM com.squareup.okhttp.mockwebserver.MockWebServer$3 acceptConnections
INFO: MockWebServer[60397] done accepting connections: Socket closed
Jan 20, 2022 6:33:33 PM com.squareup.okhttp.mockwebserver.MockWebServer$3 execute
INFO: MockWebServer[37355] starting to accept connections
Jan 20, 2022 6:33:33 PM com.squareup.okhttp.mockwebserver.MockWebServer$3 acceptConnections
INFO: MockWebServer[37355] done accepting connections: Socket closed
Jan 20, 2022 6:33:33 PM com.squareup.okhttp.mockwebserver.MockWebServer$3 execute
INFO: MockWebServer[59467] starting to accept connections
Jan 20, 2022 6:33:33 PM com.squareup.okhttp.mockwebserver.MockWebServer$3 acceptConnections
INFO: MockWebServer[59467] done accepting connections: Socket closed
Jan 20, 2022 6:33:33 PM com.squareup.okhttp.mockwebserver.MockWebServer$3 execute
INFO: MockWebServer[56865] starting to accept connections
Jan 20, 2022 6:33:33 PM com.squareup.okhttp.mockwebserver.MockWebServer$3 acceptConnections
INFO: MockWebServer[56865] done accepting connections: Socket is closed
Jan 20, 2022 6:33:33 PM com.squareup.okhttp.mockwebserver.MockWebServer$3 execute
INFO: MockWebServer[46839] starting to accept connections
Jan 20, 2022 6:33:33 PM com.squareup.okhttp.mockwebserver.MockWebServer$3 acceptConnections
INFO: MockWebServer[46839] done accepting connections: Socket is closed
Jan 20, 2022 6:33:33 PM com.squareup.okhttp.mockwebserver.MockWebServer$3 execute
INFO: MockWebServer[45551] starting to accept connections
Jan 20, 2022 6:33:33 PM com.squareup.okhttp.mockwebserver.MockWebServer$3 acceptConnections
INFO: MockWebServer[45551] done accepting connections: Socket closed
Jan 20, 2022 6:33:33 PM com.squareup.okhttp.mockwebserver.MockWebServer$3 execute
INFO: MockWebServer[51235] starting to accept connections
Jan 20, 2022 6:33:33 PM com.squareup.okhttp.mockwebserver.MockWebServer$3 acceptConnections
INFO: MockWebServer[51235] done accepting connections: Socket closed
Jan 20, 2022 6:33:33 PM com.squareup.okhttp.mockwebserver.MockWebServer$3 execute
INFO: MockWebServer[48975] starting to accept connections
Jan 20, 2022 6:33:33 PM com.squareup.okhttp.mockwebserver.MockWebServer$3 acceptConnections
INFO: MockWebServer[48975] done accepting connections: Socket is closed
Jan 20, 2022 6:33:33 PM com.squareup.okhttp.mockwebserver.MockWebServer$3 execute
INFO: MockWebServer[36033] starting to accept connections
Jan 20, 2022 6:33:33 PM com.squareup.okhttp.mockwebserver.MockWebServer$3 acceptConnections
INFO: MockWebServer[36033] done accepting connections: Socket is closed
Jan 20, 2022 6:33:33 PM com.squareup.okhttp.mockwebserver.MockWebServer$3 execute
INFO: MockWebServer[41649] starting to accept connections
Jan 20, 2022 6:33:33 PM com.squareup.okhttp.mockwebserver.MockWebServer$3 acceptConnections
INFO: MockWebServer[41649] done accepting connections: Socket is closed
Jan 20, 2022 6:33:33 PM com.squareup.okhttp.mockwebserver.MockWebServer$3 execute
INFO: MockWebServer[47463] starting to accept connections
Jan 20, 2022 6:33:33 PM com.squareup.okhttp.mockwebserver.MockWebServer$3 acceptConnections
INFO: MockWebServer[47463] done accepting connections: Socket is closed
Jan 20, 2022 6:33:33 PM com.squareup.okhttp.mockwebserver.MockWebServer$3 execute
INFO: MockWebServer[43069] starting to accept connections
Jan 20, 2022 6:33:33 PM com.squareup.okhttp.mockwebserver.MockWebServer$3 acceptConnections
INFO: MockWebServer[43069] done accepting connections: Socket closed
Jan 20, 2022 6:33:33 PM com.squareup.okhttp.mockwebserver.MockWebServer$3 execute
INFO: MockWebServer[49361] starting to accept connections
Jan 20, 2022 6:33:33 PM com.squareup.okhttp.mockwebserver.MockWebServer$3 acceptConnections
INFO: MockWebServer[49361] done accepting connections: Socket is closed
Jan 20, 2022 6:33:33 PM com.squareup.okhttp.mockwebserver.MockWebServer$3 execute
INFO: MockWebServer[43305] starting to accept connections
Jan 20, 2022 6:33:33 PM com.squareup.okhttp.mockwebserver.MockWebServer$3 acceptConnections
INFO: MockWebServer[43305] done accepting connections: Socket closed
Jan 20, 2022 6:33:33 PM com.squareup.okhttp.mockwebserver.MockWebServer$3 execute
INFO: MockWebServer[55485] starting to accept connections
Jan 20, 2022 6:33:33 PM com.squareup.okhttp.mockwebserver.MockWebServer$3 acceptConnections
INFO: MockWebServer[55485] done accepting connections: Socket is closed
Jan 20, 2022 6:33:33 PM com.squareup.okhttp.mockwebserver.MockWebServer$3 execute
INFO: MockWebServer[36597] starting to accept connections
Jan 20, 2022 6:33:33 PM com.squareup.okhttp.mockwebserver.MockWebServer$3 acceptConnections
INFO: MockWebServer[36597] done accepting connections: Socket closed
Jan 20, 2022 6:33:33 PM com.squareup.okhttp.mockwebserver.MockWebServer$3 execute
INFO: MockWebServer[47159] starting to accept connections
Jan 20, 2022 6:33:33 PM com.squareup.okhttp.mockwebserver.MockWebServer$3 acceptConnections
INFO: MockWebServer[47159] done accepting connections: Socket closed
Jan 20, 2022 6:33:33 PM com.squareup.okhttp.mockwebserver.MockWebServer$3 execute
INFO: MockWebServer[42813] starting to accept connections
Jan 20, 2022 6:33:33 PM com.squareup.okhttp.mockwebserver.MockWebServer$3 acceptConnections
INFO: MockWebServer[42813] done accepting connections: Socket is closed
Jan 20, 2022 6:33:33 PM com.squareup.okhttp.mockwebserver.MockWebServer$3 execute
INFO: MockWebServer[55817] starting to accept connections
Jan 20, 2022 6:33:33 PM com.squareup.okhttp.mockwebserver.MockWebServer$3 acceptConnections
INFO: MockWebServer[55817] done accepting connections: Socket is closed
Jan 20, 2022 6:33:33 PM com.squareup.okhttp.mockwebserver.MockWebServer$3 execute
INFO: MockWebServer[41103] starting to accept connections
Jan 20, 2022 6:33:33 PM com.squareup.okhttp.mockwebserver.MockWebServer$3 acceptConnections
INFO: MockWebServer[41103] done accepting connections: Socket closed
Jan 20, 2022 6:33:33 PM com.squareup.okhttp.mockwebserver.MockWebServer$3 execute
INFO: MockWebServer[56025] starting to accept connections
Jan 20, 2022 6:33:33 PM com.squareup.okhttp.mockwebserver.MockWebServer$3 acceptConnections
INFO: MockWebServer[56025] done accepting connections: Socket is closed
Tests run: 40, Failures: 0, Errors: 0, Skipped: 0, Time elapsed: 0.163 sec

Results :

Tests run: 169, Failures: 0, Errors: 0, Skipped: 2

[INFO] 
[INFO] --- animal-sniffer-maven-plugin:1.14:check (default) @ retrofit ---
[INFO] Checking unresolved references to org.codehaus.mojo.signature:java16:1.1
[INFO]                                                                         
[INFO] ------------------------------------------------------------------------
[INFO] Building Adapters 2.0.0-SNAPSHOT
[INFO] ------------------------------------------------------------------------
[INFO] 
[INFO] --- maven-enforcer-plugin:1.0:enforce (enforce-maven) @ retrofit-adapters ---
[INFO] 
[INFO] --- animal-sniffer-maven-plugin:1.14:check (default) @ retrofit-adapters ---
[INFO] Checking unresolved references to org.codehaus.mojo.signature:java16:1.1
[INFO]                                                                         
[INFO] ------------------------------------------------------------------------
[INFO] Building Adapter: RxJava 2.0.0-SNAPSHOT
[INFO] ------------------------------------------------------------------------
[INFO] 
[INFO] --- maven-enforcer-plugin:1.0:enforce (enforce-maven) @ adapter-rxjava ---
[INFO] 
[INFO] --- maven-resources-plugin:2.6:resources (default-resources) @ adapter-rxjava ---
[INFO] Using 'UTF-8' encoding to copy filtered resources.
[INFO] skip non existing resourceDirectory /home/travis/build/failed/square/retrofit/retrofit-adapters/rxjava/src/main/resources
[INFO] 
[INFO] --- maven-compiler-plugin:3.0:compile (default-compile) @ adapter-rxjava ---
[INFO] Changes detected - recompiling the module!
[INFO] Compiling 4 source files to /home/travis/build/failed/square/retrofit/retrofit-adapters/rxjava/target/classes
[INFO] 
[INFO] --- maven-resources-plugin:2.6:testResources (default-testResources) @ adapter-rxjava ---
[INFO] Using 'UTF-8' encoding to copy filtered resources.
[INFO] skip non existing resourceDirectory /home/travis/build/failed/square/retrofit/retrofit-adapters/rxjava/src/test/resources
[INFO] 
[INFO] --- maven-compiler-plugin:3.0:testCompile (default-testCompile) @ adapter-rxjava ---
[INFO] Changes detected - recompiling the module!
[INFO] Compiling 2 source files to /home/travis/build/failed/square/retrofit/retrofit-adapters/rxjava/target/test-classes
[INFO] 
[INFO] --- maven-surefire-plugin:2.12.4:test (default-test) @ adapter-rxjava ---
[INFO] Surefire report directory: /home/travis/build/failed/square/retrofit/retrofit-adapters/rxjava/target/surefire-reports

-------------------------------------------------------
 T E S T S
-------------------------------------------------------
Running retrofit.ResultTest
Tests run: 4, Failures: 0, Errors: 0, Skipped: 0, Time elapsed: 0.115 sec
Running retrofit.RxJavaCallAdapterFactoryTest
Jan 20, 2022 6:33:34 PM com.squareup.okhttp.mockwebserver.MockWebServer$3 execute
INFO: MockWebServer[32895] starting to accept connections
Jan 20, 2022 6:33:35 PM com.squareup.okhttp.mockwebserver.MockWebServer$4 processConnection
WARNING: MockWebServer[32895] connection from /127.0.0.1 didn't make a request
Jan 20, 2022 6:33:35 PM com.squareup.okhttp.mockwebserver.MockWebServer$3 acceptConnections
INFO: MockWebServer[32895] done accepting connections: Socket closed
Jan 20, 2022 6:33:35 PM com.squareup.okhttp.mockwebserver.MockWebServer$3 execute
INFO: MockWebServer[46925] starting to accept connections
Jan 20, 2022 6:33:35 PM com.squareup.okhttp.mockwebserver.MockWebServer$4 processOneRequest
INFO: MockWebServer[46925] received request: GET / HTTP/1.1 and responded: HTTP/1.1 200 OK
Jan 20, 2022 6:33:35 PM com.squareup.okhttp.mockwebserver.MockWebServer$3 acceptConnections
INFO: MockWebServer[46925] done accepting connections: Socket closed
Jan 20, 2022 6:33:35 PM com.squareup.okhttp.mockwebserver.MockWebServer$3 execute
INFO: MockWebServer[41427] starting to accept connections
Jan 20, 2022 6:33:35 PM com.squareup.okhttp.mockwebserver.MockWebServer$4 processOneRequest
INFO: MockWebServer[41427] received request: GET / HTTP/1.1 and responded: HTTP/1.1 404 OK
Jan 20, 2022 6:33:35 PM com.squareup.okhttp.mockwebserver.MockWebServer$3 acceptConnections
INFO: MockWebServer[41427] done accepting connections: Socket closed
Jan 20, 2022 6:33:35 PM com.squareup.okhttp.mockwebserver.MockWebServer$3 execute
INFO: MockWebServer[44685] starting to accept connections
Jan 20, 2022 6:33:35 PM com.squareup.okhttp.mockwebserver.MockWebServer$3 acceptConnections
INFO: MockWebServer[44685] done accepting connections: Socket closed
Jan 20, 2022 6:33:35 PM com.squareup.okhttp.mockwebserver.MockWebServer$3 execute
INFO: MockWebServer[47911] starting to accept connections
Jan 20, 2022 6:33:35 PM com.squareup.okhttp.mockwebserver.MockWebServer$3 acceptConnections
INFO: MockWebServer[47911] done accepting connections: Socket closed
Jan 20, 2022 6:33:35 PM com.squareup.okhttp.mockwebserver.MockWebServer$3 execute
INFO: MockWebServer[60185] starting to accept connections
Jan 20, 2022 6:33:35 PM com.squareup.okhttp.mockwebserver.MockWebServer$4 processConnection
WARNING: MockWebServer[60185] connection from /127.0.0.1 didn't make a request
Jan 20, 2022 6:33:35 PM com.squareup.okhttp.mockwebserver.MockWebServer$3 acceptConnections
INFO: MockWebServer[60185] done accepting connections: Socket closed
Jan 20, 2022 6:33:35 PM com.squareup.okhttp.mockwebserver.MockWebServer$3 execute
INFO: MockWebServer[41189] starting to accept connections
Jan 20, 2022 6:33:35 PM com.squareup.okhttp.mockwebserver.MockWebServer$4 processOneRequest
INFO: MockWebServer[41189] received request: GET / HTTP/1.1 and responded: HTTP/1.1 200 OK
Jan 20, 2022 6:33:35 PM com.squareup.okhttp.mockwebserver.MockWebServer$3 acceptConnections
INFO: MockWebServer[41189] done accepting connections: Socket closed
Jan 20, 2022 6:33:35 PM com.squareup.okhttp.mockwebserver.MockWebServer$3 execute
INFO: MockWebServer[50903] starting to accept connections
Jan 20, 2022 6:33:35 PM com.squareup.okhttp.mockwebserver.MockWebServer$4 processOneRequest
INFO: MockWebServer[50903] received request: GET / HTTP/1.1 and responded: HTTP/1.1 404 OK
Jan 20, 2022 6:33:35 PM com.squareup.okhttp.mockwebserver.MockWebServer$3 acceptConnections
INFO: MockWebServer[50903] done accepting connections: Socket closed
Jan 20, 2022 6:33:35 PM com.squareup.okhttp.mockwebserver.MockWebServer$3 execute
INFO: MockWebServer[43027] starting to accept connections
Jan 20, 2022 6:33:35 PM com.squareup.okhttp.mockwebserver.MockWebServer$3 acceptConnections
INFO: MockWebServer[43027] done accepting connections: Socket is closed
Jan 20, 2022 6:33:35 PM com.squareup.okhttp.mockwebserver.MockWebServer$3 execute
INFO: MockWebServer[44465] starting to accept connections
Jan 20, 2022 6:33:35 PM com.squareup.okhttp.mockwebserver.MockWebServer$4 processConnection
WARNING: MockWebServer[44465] connection from /127.0.0.1 didn't make a request
Jan 20, 2022 6:33:35 PM com.squareup.okhttp.mockwebserver.MockWebServer$3 acceptConnections
INFO: MockWebServer[44465] done accepting connections: Socket closed
Jan 20, 2022 6:33:35 PM com.squareup.okhttp.mockwebserver.MockWebServer$3 execute
INFO: MockWebServer[44187] starting to accept connections
Jan 20, 2022 6:33:35 PM com.squareup.okhttp.mockwebserver.MockWebServer$3 acceptConnections
INFO: MockWebServer[44187] done accepting connections: Socket closed
Jan 20, 2022 6:33:35 PM com.squareup.okhttp.mockwebserver.MockWebServer$3 execute
INFO: MockWebServer[38277] starting to accept connections
Jan 20, 2022 6:33:35 PM com.squareup.okhttp.mockwebserver.MockWebServer$3 acceptConnections
INFO: MockWebServer[38277] done accepting connections: Socket closed
Jan 20, 2022 6:33:35 PM com.squareup.okhttp.mockwebserver.MockWebServer$3 execute
INFO: MockWebServer[48585] starting to accept connections
Jan 20, 2022 6:33:35 PM com.squareup.okhttp.mockwebserver.MockWebServer$4 processOneRequest
INFO: MockWebServer[48585] received request: GET / HTTP/1.1 and responded: HTTP/1.1 200 OK
Jan 20, 2022 6:33:35 PM com.squareup.okhttp.mockwebserver.MockWebServer$3 acceptConnections
INFO: MockWebServer[48585] done accepting connections: Socket closed
Jan 20, 2022 6:33:35 PM com.squareup.okhttp.mockwebserver.MockWebServer$3 execute
INFO: MockWebServer[39795] starting to accept connections
Jan 20, 2022 6:33:35 PM com.squareup.okhttp.mockwebserver.MockWebServer$4 processOneRequest
INFO: MockWebServer[39795] received request: GET / HTTP/1.1 and responded: HTTP/1.1 404 OK
Jan 20, 2022 6:33:35 PM com.squareup.okhttp.mockwebserver.MockWebServer$3 acceptConnections
INFO: MockWebServer[39795] done accepting connections: Socket closed
Jan 20, 2022 6:33:35 PM com.squareup.okhttp.mockwebserver.MockWebServer$3 execute
INFO: MockWebServer[56691] starting to accept connections
Jan 20, 2022 6:33:35 PM com.squareup.okhttp.mockwebserver.MockWebServer$3 acceptConnections
INFO: MockWebServer[56691] done accepting connections: Socket closed
Tests run: 15, Failures: 0, Errors: 0, Skipped: 0, Time elapsed: 0.42 sec

Results :

Tests run: 19, Failures: 0, Errors: 0, Skipped: 0

[INFO] 
[INFO] --- animal-sniffer-maven-plugin:1.14:check (default) @ adapter-rxjava ---
[INFO] Checking unresolved references to org.codehaus.mojo.signature:java16:1.1
[INFO]                                                                         
[INFO] ------------------------------------------------------------------------
[INFO] Building Retrofit Mock Adapter 2.0.0-SNAPSHOT
[INFO] ------------------------------------------------------------------------
[INFO] 
[INFO] --- maven-enforcer-plugin:1.0:enforce (enforce-maven) @ retrofit-mock ---
[INFO] 
[INFO] --- maven-resources-plugin:2.6:resources (default-resources) @ retrofit-mock ---
[INFO] Using 'UTF-8' encoding to copy filtered resources.
[INFO] skip non existing resourceDirectory /home/travis/build/failed/square/retrofit/retrofit-mock/src/main/resources
[INFO] 
[INFO] --- maven-compiler-plugin:3.0:compile (default-compile) @ retrofit-mock ---
[INFO] Changes detected - recompiling the module!
[INFO] Compiling 5 source files to /home/travis/build/failed/square/retrofit/retrofit-mock/target/classes
[INFO] 
[INFO] --- maven-resources-plugin:2.6:testResources (default-testResources) @ retrofit-mock ---
[INFO] Using 'UTF-8' encoding to copy filtered resources.
[INFO] skip non existing resourceDirectory /home/travis/build/failed/square/retrofit/retrofit-mock/src/test/resources
[INFO] 
[INFO] --- maven-compiler-plugin:3.0:testCompile (default-testCompile) @ retrofit-mock ---
[INFO] Changes detected - recompiling the module!
[INFO] Compiling 2 source files to /home/travis/build/failed/square/retrofit/retrofit-mock/target/test-classes
[INFO] 
[INFO] --- maven-surefire-plugin:2.12.4:test (default-test) @ retrofit-mock ---
[INFO] Surefire report directory: /home/travis/build/failed/square/retrofit/retrofit-mock/target/surefire-reports

-------------------------------------------------------
 T E S T S
-------------------------------------------------------
Running retrofit.MockRetrofitTest
Tests run: 10, Failures: 0, Errors: 0, Skipped: 0, Time elapsed: 0.946 sec
Running retrofit.NetworkBehaviorTest
Tests run: 5, Failures: 0, Errors: 0, Skipped: 0, Time elapsed: 0.035 sec

Results :

Tests run: 15, Failures: 0, Errors: 0, Skipped: 0

[INFO] 
[INFO] --- animal-sniffer-maven-plugin:1.14:check (default) @ retrofit-mock ---
[INFO] Checking unresolved references to org.codehaus.mojo.signature:java16:1.1
[INFO]                                                                         
[INFO] ------------------------------------------------------------------------
[INFO] Building Adapter: RxJava Mock 2.0.0-SNAPSHOT
[INFO] ------------------------------------------------------------------------
[INFO] 
[INFO] --- maven-enforcer-plugin:1.0:enforce (enforce-maven) @ adapter-rxjava-mock ---
[INFO] 
[INFO] --- maven-resources-plugin:2.6:resources (default-resources) @ adapter-rxjava-mock ---
[INFO] Using 'UTF-8' encoding to copy filtered resources.
[INFO] skip non existing resourceDirectory /home/travis/build/failed/square/retrofit/retrofit-adapters/rxjava-mock/src/main/resources
[INFO] 
[INFO] --- maven-compiler-plugin:3.0:compile (default-compile) @ adapter-rxjava-mock ---
[INFO] Changes detected - recompiling the module!
[INFO] Compiling 2 source files to /home/travis/build/failed/square/retrofit/retrofit-adapters/rxjava-mock/target/classes
[INFO] 
[INFO] --- maven-resources-plugin:2.6:testResources (default-testResources) @ adapter-rxjava-mock ---
[INFO] Using 'UTF-8' encoding to copy filtered resources.
[INFO] skip non existing resourceDirectory /home/travis/build/failed/square/retrofit/retrofit-adapters/rxjava-mock/src/test/resources
[INFO] 
[INFO] --- maven-compiler-plugin:3.0:testCompile (default-testCompile) @ adapter-rxjava-mock ---
[INFO] Changes detected - recompiling the module!
[INFO] Compiling 1 source file to /home/travis/build/failed/square/retrofit/retrofit-adapters/rxjava-mock/target/test-classes
[INFO] 
[INFO] --- maven-surefire-plugin:2.12.4:test (default-test) @ adapter-rxjava-mock ---
[INFO] Surefire report directory: /home/travis/build/failed/square/retrofit/retrofit-adapters/rxjava-mock/target/surefire-reports

-------------------------------------------------------
 T E S T S
-------------------------------------------------------
Running retrofit.mock.RxJavaBehaviorAdapterTest
Tests run: 4, Failures: 0, Errors: 0, Skipped: 0, Time elapsed: 0.589 sec

Results :

Tests run: 4, Failures: 0, Errors: 0, Skipped: 0

[INFO] 
[INFO] --- animal-sniffer-maven-plugin:1.14:check (default) @ adapter-rxjava-mock ---
[INFO] Checking unresolved references to org.codehaus.mojo.signature:java16:1.1
[INFO]                                                                         
[INFO] ------------------------------------------------------------------------
[INFO] Building Converters 2.0.0-SNAPSHOT
[INFO] ------------------------------------------------------------------------
[INFO] 
[INFO] --- maven-enforcer-plugin:1.0:enforce (enforce-maven) @ retrofit-converters ---
[INFO] 
[INFO] --- animal-sniffer-maven-plugin:1.14:check (default) @ retrofit-converters ---
[INFO] Checking unresolved references to org.codehaus.mojo.signature:java16:1.1
[INFO]                                                                         
[INFO] ------------------------------------------------------------------------
[INFO] Building Converter: Gson 2.0.0-SNAPSHOT
[INFO] ------------------------------------------------------------------------
[INFO] 
[INFO] --- maven-enforcer-plugin:1.0:enforce (enforce-maven) @ converter-gson ---
[INFO] 
[INFO] --- maven-resources-plugin:2.6:resources (default-resources) @ converter-gson ---
[INFO] Using 'UTF-8' encoding to copy filtered resources.
[INFO] skip non existing resourceDirectory /home/travis/build/failed/square/retrofit/retrofit-converters/gson/src/main/resources
[INFO] 
[INFO] --- maven-compiler-plugin:3.0:compile (default-compile) @ converter-gson ---
[INFO] Changes detected - recompiling the module!
[INFO] Compiling 2 source files to /home/travis/build/failed/square/retrofit/retrofit-converters/gson/target/classes
[INFO] 
[INFO] --- maven-resources-plugin:2.6:testResources (default-testResources) @ converter-gson ---
[INFO] Using 'UTF-8' encoding to copy filtered resources.
[INFO] skip non existing resourceDirectory /home/travis/build/failed/square/retrofit/retrofit-converters/gson/src/test/resources
[INFO] 
[INFO] --- maven-compiler-plugin:3.0:testCompile (default-testCompile) @ converter-gson ---
[INFO] Changes detected - recompiling the module!
[INFO] Compiling 1 source file to /home/travis/build/failed/square/retrofit/retrofit-converters/gson/target/test-classes
[INFO] 
[INFO] --- maven-surefire-plugin:2.12.4:test (default-test) @ converter-gson ---
[INFO] Surefire report directory: /home/travis/build/failed/square/retrofit/retrofit-converters/gson/target/surefire-reports

-------------------------------------------------------
 T E S T S
-------------------------------------------------------
Running retrofit.GsonConverterFactoryTest
Jan 20, 2022 6:33:39 PM com.squareup.okhttp.mockwebserver.MockWebServer$3 execute
INFO: MockWebServer[35895] starting to accept connections
Jan 20, 2022 6:33:39 PM com.squareup.okhttp.mockwebserver.MockWebServer$4 processOneRequest
INFO: MockWebServer[35895] received request: POST / HTTP/1.1 and responded: HTTP/1.1 200 OK
Jan 20, 2022 6:33:39 PM com.squareup.okhttp.mockwebserver.MockWebServer$3 acceptConnections
INFO: MockWebServer[35895] done accepting connections: Socket closed
Jan 20, 2022 6:33:39 PM com.squareup.okhttp.mockwebserver.MockWebServer$3 execute
INFO: MockWebServer[33273] starting to accept connections
Jan 20, 2022 6:33:39 PM com.squareup.okhttp.mockwebserver.MockWebServer$4 processOneRequest
INFO: MockWebServer[33273] received request: POST / HTTP/1.1 and responded: HTTP/1.1 200 OK
Jan 20, 2022 6:33:39 PM com.squareup.okhttp.mockwebserver.MockWebServer$3 acceptConnections
INFO: MockWebServer[33273] done accepting connections: Socket closed
Tests run: 2, Failures: 0, Errors: 0, Skipped: 0, Time elapsed: 0.428 sec

Results :

Tests run: 2, Failures: 0, Errors: 0, Skipped: 0

[INFO] 
[INFO] --- animal-sniffer-maven-plugin:1.14:check (default) @ converter-gson ---
[INFO] Checking unresolved references to org.codehaus.mojo.signature:java16:1.1
[INFO]                                                                         
[INFO] ------------------------------------------------------------------------
[INFO] Building Converter: Protocol Buffers 2.0.0-SNAPSHOT
[INFO] ------------------------------------------------------------------------
[INFO] 
[INFO] --- maven-enforcer-plugin:1.0:enforce (enforce-maven) @ converter-protobuf ---
[INFO] 
[INFO] --- maven-resources-plugin:2.6:resources (default-resources) @ converter-protobuf ---
[INFO] Using 'UTF-8' encoding to copy filtered resources.
[INFO] skip non existing resourceDirectory /home/travis/build/failed/square/retrofit/retrofit-converters/protobuf/src/main/resources
[INFO] 
[INFO] --- maven-compiler-plugin:3.0:compile (default-compile) @ converter-protobuf ---
[INFO] Changes detected - recompiling the module!
[INFO] Compiling 2 source files to /home/travis/build/failed/square/retrofit/retrofit-converters/protobuf/target/classes
[WARNING] /home/travis/build/failed/square/retrofit/retrofit-converters/protobuf/src/main/java/retrofit/ProtoConverterFactory.java: /home/travis/build/failed/square/retrofit/retrofit-converters/protobuf/src/main/java/retrofit/ProtoConverterFactory.java uses unchecked or unsafe operations.
[WARNING] /home/travis/build/failed/square/retrofit/retrofit-converters/protobuf/src/main/java/retrofit/ProtoConverterFactory.java: Recompile with -Xlint:unchecked for details.
[INFO] 
[INFO] --- maven-resources-plugin:2.6:testResources (default-testResources) @ converter-protobuf ---
[INFO] Using 'UTF-8' encoding to copy filtered resources.
[INFO] skip non existing resourceDirectory /home/travis/build/failed/square/retrofit/retrofit-converters/protobuf/src/test/resources
[INFO] 
[INFO] --- maven-compiler-plugin:3.0:testCompile (default-testCompile) @ converter-protobuf ---
[INFO] Changes detected - recompiling the module!
[INFO] Compiling 2 source files to /home/travis/build/failed/square/retrofit/retrofit-converters/protobuf/target/test-classes
[INFO] 
[INFO] --- maven-surefire-plugin:2.12.4:test (default-test) @ converter-protobuf ---
[INFO] Surefire report directory: /home/travis/build/failed/square/retrofit/retrofit-converters/protobuf/target/surefire-reports

-------------------------------------------------------
 T E S T S
-------------------------------------------------------
Running retrofit.ProtoConverterFactoryTest
Jan 20, 2022 6:33:40 PM com.squareup.okhttp.mockwebserver.MockWebServer$3 execute
INFO: MockWebServer[47011] starting to accept connections
Jan 20, 2022 6:33:40 PM com.squareup.okhttp.mockwebserver.MockWebServer$4 processOneRequest
INFO: MockWebServer[47011] received request: POST / HTTP/1.1 and responded: HTTP/1.1 200 OK
Jan 20, 2022 6:33:40 PM com.squareup.okhttp.mockwebserver.MockWebServer$3 acceptConnections
INFO: MockWebServer[47011] done accepting connections: Socket closed
Jan 20, 2022 6:33:40 PM com.squareup.okhttp.mockwebserver.MockWebServer$3 execute
INFO: MockWebServer[39101] starting to accept connections
Jan 20, 2022 6:33:40 PM com.squareup.okhttp.mockwebserver.MockWebServer$3 acceptConnections
INFO: MockWebServer[39101] done accepting connections: Socket closed
Jan 20, 2022 6:33:40 PM com.squareup.okhttp.mockwebserver.MockWebServer$3 execute
INFO: MockWebServer[57691] starting to accept connections
Jan 20, 2022 6:33:40 PM com.squareup.okhttp.mockwebserver.MockWebServer$4 processOneRequest
INFO: MockWebServer[57691] received request: GET / HTTP/1.1 and responded: HTTP/1.1 200 OK
Jan 20, 2022 6:33:40 PM com.squareup.okhttp.mockwebserver.MockWebServer$3 acceptConnections
INFO: MockWebServer[57691] done accepting connections: Socket closed
Jan 20, 2022 6:33:40 PM com.squareup.okhttp.mockwebserver.MockWebServer$3 execute
INFO: MockWebServer[43063] starting to accept connections
Jan 20, 2022 6:33:40 PM com.squareup.okhttp.mockwebserver.MockWebServer$3 acceptConnections
INFO: MockWebServer[43063] done accepting connections: Socket is closed
Jan 20, 2022 6:33:40 PM com.squareup.okhttp.mockwebserver.MockWebServer$3 execute
INFO: MockWebServer[58757] starting to accept connections
Jan 20, 2022 6:33:40 PM com.squareup.okhttp.mockwebserver.MockWebServer$4 processOneRequest
INFO: MockWebServer[58757] received request: GET / HTTP/1.1 and responded: HTTP/1.1 200 OK
Jan 20, 2022 6:33:40 PM com.squareup.okhttp.mockwebserver.MockWebServer$3 acceptConnections
INFO: MockWebServer[58757] done accepting connections: Socket closed
Tests run: 5, Failures: 2, Errors: 0, Skipped: 0, Time elapsed: 0.42 sec <<< FAILURE!
deserializeWrongClass(retrofit.ProtoConverterFactoryTest)  Time elapsed: 0.011 sec  <<< FAILURE!
java.lang.AssertionError: 
Expecting message:
 <"Could not locate converter for class java.lang.String. Tried:
 * retrofit.ProtoConverterFactory
 * retrofit.OkHttpBodyConverterFactory">
but was:
 <"Could not locate converter for class java.lang.String. Tried:
 * retrofit.BuiltInConverterFactory
 * retrofit.ProtoConverterFactory">
	at retrofit.ProtoConverterFactoryTest.deserializeWrongClass(ProtoConverterFactoryTest.java:90)
	at sun.reflect.NativeMethodAccessorImpl.invoke0(Native Method)
	at sun.reflect.NativeMethodAccessorImpl.invoke(NativeMethodAccessorImpl.java:62)
	at sun.reflect.DelegatingMethodAccessorImpl.invoke(DelegatingMethodAccessorImpl.java:43)
	at java.lang.reflect.Method.invoke(Method.java:483)
	at org.junit.runners.model.FrameworkMethod$1.runReflectiveCall(FrameworkMethod.java:50)
	at org.junit.internal.runners.model.ReflectiveCallable.run(ReflectiveCallable.java:12)
	at org.junit.runners.model.FrameworkMethod.invokeExplosively(FrameworkMethod.java:47)
	at org.junit.internal.runners.statements.InvokeMethod.evaluate(InvokeMethod.java:17)
	at org.junit.internal.runners.statements.RunBefores.evaluate(RunBefores.java:26)
	at com.squareup.okhttp.mockwebserver.MockWebServer$2.evaluate(MockWebServer.java:148)
	at org.junit.rules.RunRules.evaluate(RunRules.java:20)
	at org.junit.runners.ParentRunner.runLeaf(ParentRunner.java:325)
	at org.junit.runners.BlockJUnit4ClassRunner.runChild(BlockJUnit4ClassRunner.java:78)
	at org.junit.runners.BlockJUnit4ClassRunner.runChild(BlockJUnit4ClassRunner.java:57)
	at org.junit.runners.ParentRunner$3.run(ParentRunner.java:290)
	at org.junit.runners.ParentRunner$1.schedule(ParentRunner.java:71)
	at org.junit.runners.ParentRunner.runChildren(ParentRunner.java:288)
	at org.junit.runners.ParentRunner.access$000(ParentRunner.java:58)
	at org.junit.runners.ParentRunner$2.evaluate(ParentRunner.java:268)
	at org.junit.runners.ParentRunner.run(ParentRunner.java:363)
	at org.apache.maven.surefire.junit4.JUnit4Provider.execute(JUnit4Provider.java:252)
	at org.apache.maven.surefire.junit4.JUnit4Provider.executeTestSet(JUnit4Provider.java:141)
	at org.apache.maven.surefire.junit4.JUnit4Provider.invoke(JUnit4Provider.java:112)
	at sun.reflect.NativeMethodAccessorImpl.invoke0(Native Method)
	at sun.reflect.NativeMethodAccessorImpl.invoke(NativeMethodAccessorImpl.java:62)
	at sun.reflect.DelegatingMethodAccessorImpl.invoke(DelegatingMethodAccessorImpl.java:43)
	at java.lang.reflect.Method.invoke(Method.java:483)
	at org.apache.maven.surefire.util.ReflectionUtils.invokeMethodWithArray(ReflectionUtils.java:189)
	at org.apache.maven.surefire.booter.ProviderFactory$ProviderProxy.invoke(ProviderFactory.java:165)
	at org.apache.maven.surefire.booter.ProviderFactory.invokeProvider(ProviderFactory.java:85)
	at org.apache.maven.surefire.booter.ForkedBooter.runSuitesInProcess(ForkedBooter.java:115)
	at org.apache.maven.surefire.booter.ForkedBooter.main(ForkedBooter.java:75)

deserializeWrongType(retrofit.ProtoConverterFactoryTest)  Time elapsed: 0.003 sec  <<< FAILURE!
java.lang.AssertionError: 
Expecting message:
 <"Could not locate converter for java.util.List<java.lang.String>. Tried:
 * retrofit.ProtoConverterFactory
 * retrofit.OkHttpBodyConverterFactory">
but was:
 <"Could not locate converter for java.util.List<java.lang.String>. Tried:
 * retrofit.BuiltInConverterFactory
 * retrofit.ProtoConverterFactory">
	at retrofit.ProtoConverterFactoryTest.deserializeWrongType(ProtoConverterFactoryTest.java:107)
	at sun.reflect.NativeMethodAccessorImpl.invoke0(Native Method)
	at sun.reflect.NativeMethodAccessorImpl.invoke(NativeMethodAccessorImpl.java:62)
	at sun.reflect.DelegatingMethodAccessorImpl.invoke(DelegatingMethodAccessorImpl.java:43)
	at java.lang.reflect.Method.invoke(Method.java:483)
	at org.junit.runners.model.FrameworkMethod$1.runReflectiveCall(FrameworkMethod.java:50)
	at org.junit.internal.runners.model.ReflectiveCallable.run(ReflectiveCallable.java:12)
	at org.junit.runners.model.FrameworkMethod.invokeExplosively(FrameworkMethod.java:47)
	at org.junit.internal.runners.statements.InvokeMethod.evaluate(InvokeMethod.java:17)
	at org.junit.internal.runners.statements.RunBefores.evaluate(RunBefores.java:26)
	at com.squareup.okhttp.mockwebserver.MockWebServer$2.evaluate(MockWebServer.java:148)
	at org.junit.rules.RunRules.evaluate(RunRules.java:20)
	at org.junit.runners.ParentRunner.runLeaf(ParentRunner.java:325)
	at org.junit.runners.BlockJUnit4ClassRunner.runChild(BlockJUnit4ClassRunner.java:78)
	at org.junit.runners.BlockJUnit4ClassRunner.runChild(BlockJUnit4ClassRunner.java:57)
	at org.junit.runners.ParentRunner$3.run(ParentRunner.java:290)
	at org.junit.runners.ParentRunner$1.schedule(ParentRunner.java:71)
	at org.junit.runners.ParentRunner.runChildren(ParentRunner.java:288)
	at org.junit.runners.ParentRunner.access$000(ParentRunner.java:58)
	at org.junit.runners.ParentRunner$2.evaluate(ParentRunner.java:268)
	at org.junit.runners.ParentRunner.run(ParentRunner.java:363)
	at org.apache.maven.surefire.junit4.JUnit4Provider.execute(JUnit4Provider.java:252)
	at org.apache.maven.surefire.junit4.JUnit4Provider.executeTestSet(JUnit4Provider.java:141)
	at org.apache.maven.surefire.junit4.JUnit4Provider.invoke(JUnit4Provider.java:112)
	at sun.reflect.NativeMethodAccessorImpl.invoke0(Native Method)
	at sun.reflect.NativeMethodAccessorImpl.invoke(NativeMethodAccessorImpl.java:62)
	at sun.reflect.DelegatingMethodAccessorImpl.invoke(DelegatingMethodAccessorImpl.java:43)
	at java.lang.reflect.Method.invoke(Method.java:483)
	at org.apache.maven.surefire.util.ReflectionUtils.invokeMethodWithArray(ReflectionUtils.java:189)
	at org.apache.maven.surefire.booter.ProviderFactory$ProviderProxy.invoke(ProviderFactory.java:165)
	at org.apache.maven.surefire.booter.ProviderFactory.invokeProvider(ProviderFactory.java:85)
	at org.apache.maven.surefire.booter.ForkedBooter.runSuitesInProcess(ForkedBooter.java:115)
	at org.apache.maven.surefire.booter.ForkedBooter.main(ForkedBooter.java:75)


Results :

Failed tests:   deserializeWrongClass(retrofit.ProtoConverterFactoryTest): (..)
  deserializeWrongType(retrofit.ProtoConverterFactoryTest): (..)

Tests run: 5, Failures: 2, Errors: 0, Skipped: 0

[INFO] ------------------------------------------------------------------------
[INFO] Reactor Summary:
[INFO] 
[INFO] Retrofit (Parent) .................................. SUCCESS [  0.870 s]
[INFO] Retrofit ........................................... SUCCESS [  6.648 s]
[INFO] Adapters ........................................... SUCCESS [  0.252 s]
[INFO] Adapter: RxJava .................................... SUCCESS [  1.356 s]
[INFO] Retrofit Mock Adapter .............................. SUCCESS [  1.622 s]
[INFO] Adapter: RxJava Mock ............................... SUCCESS [  1.360 s]
[INFO] Converters ......................................... SUCCESS [  0.252 s]
[INFO] Converter: Gson .................................... SUCCESS [  1.054 s]
[INFO] Converter: Protocol Buffers ........................ FAILURE [  0.790 s]
[INFO] Converter: Jackson ................................. SKIPPED
[INFO] Converter: Wire Protocol Buffers ................... SKIPPED
[INFO] Converter: SimpleXML ............................... SKIPPED
[INFO] Converter: Moshi ................................... SKIPPED
[INFO] Samples ............................................ SKIPPED
[INFO] ------------------------------------------------------------------------
[INFO] BUILD FAILURE
[INFO] ------------------------------------------------------------------------
[INFO] Total time: 14.454 s
[INFO] Finished at: 2022-01-20T18:33:40+00:00
[INFO] Final Memory: 25M/354M
[INFO] ------------------------------------------------------------------------
[ERROR] Failed to execute goal org.apache.maven.plugins:maven-surefire-plugin:2.12.4:test (default-test) on project converter-protobuf: There are test failures.
[ERROR] 
[ERROR] Please refer to /home/travis/build/failed/square/retrofit/retrofit-converters/protobuf/target/surefire-reports for the individual test results.
[ERROR] -> [Help 1]
[ERROR] 
[ERROR] To see the full stack trace of the errors, re-run Maven with the -e switch.
[ERROR] Re-run Maven using the -X switch to enable full debug logging.
[ERROR] 
[ERROR] For more information about the errors and possible solutions, please read the following articles:
[ERROR] [Help 1] http://cwiki.apache.org/confluence/display/MAVEN/MojoFailureException
[ERROR] 
[ERROR] After correcting the problems, you can resume the build with the command
[ERROR]   mvn <goals> -rf :converter-protobuf

travis_time:end:286f351b:start=1642703605159506124,finish=1642703620996640735,duration=15837134611[0K
[31;1mThe command "mvn test -Dhttps.protocols=TLSv1.2 -B" exited with 1.[0m
travis_fold:start:cache.2[0Kstore build cache
travis_time:start:0879bc76[0K
travis_time:end:0879bc76:start=1642703621006075751,finish=1642703621014313887,duration=8238136[0Ktravis_time:start:0175ba38[0K/home/travis/.casher/bin/casher:190: warning: Insecure world writable dir /home/travis/build/failed/square/retrofit/. in PATH, mode 040777
[32;1mchanges detected, packing new archive[0m
/home/travis/.casher/bin/casher:213:in `cache_archive_name': undefined method `[]' for nil:NilClass (NoMethodError)
	from /home/travis/.casher/bin/casher:143:in `push'
	from /home/travis/.casher/bin/casher:53:in `block in run'
	from /home/travis/.rvm/rubies/ruby-1.9.3-p551/lib/ruby/1.9.1/timeout.rb:69:in `timeout'
	from /home/travis/.casher/bin/casher:53:in `run'
	from /home/travis/.casher/bin/casher:263:in `<main>'
.
.
.
.

travis_time:end:0175ba38:start=1642703621023581237,finish=1642703645755318927,duration=24731737690[0Ktravis_fold:end:cache.2[0K
Done. Your build exited with 1.
