travis_fold:start:system_info[0K[33;1mBuild system information[0m
Build language: java
Build group: stable
Build dist: precise
Build id: ''
Job id: ''
[34m[1mBuild image provisioning date and time[0m
Thu Feb  5 15:09:33 UTC 2015
[34m[1mOperating System Details[0m
Distributor ID:	Ubuntu
Description:	Ubuntu 12.04.5 LTS
Release:	12.04
Codename:	precise
[34m[1mLinux Version[0m
3.13.0-29-generic
[34m[1mCookbooks Version[0m
a68419e https://github.com/travis-ci/travis-cookbooks/tree/a68419e
[34m[1mGCC version[0m
gcc (Ubuntu/Linaro 4.6.3-1ubuntu5) 4.6.3
Copyright (C) 2011 Free Software Foundation, Inc.
This is free software; see the source for copying conditions.  There is NO
warranty; not even for MERCHANTABILITY or FITNESS FOR A PARTICULAR PURPOSE.

[34m[1mLLVM version[0m
clang version 3.4 (tags/RELEASE_34/final)
Target: x86_64-unknown-linux-gnu
Thread model: posix
[34m[1mPre-installed Ruby versions[0m
ruby-1.9.3-p551
[34m[1mPre-installed Node.js versions[0m
v0.10.36
[34m[1mPre-installed Go versions[0m
1.4.1
[34m[1mRedis version[0m
redis-server 2.8.19
[34m[1mriak version[0m
2.0.2
[34m[1mMongoDB version[0m
MongoDB 2.4.12
[34m[1mCouchDB version[0m
couchdb 1.6.1
[34m[1mNeo4j version[0m
1.9.4
[34m[1mRabbitMQ Version[0m
3.4.3
[34m[1mElasticSearch version[0m
1.4.0
[34m[1mInstalled Sphinx versions[0m
2.0.10
2.1.9
2.2.6
[34m[1mDefault Sphinx version[0m
2.2.6
[34m[1mInstalled Firefox version[0m
firefox 31.0esr
[34m[1mPhantomJS version[0m
1.9.8
[34m[1mant -version[0m
Apache Ant(TM) version 1.8.2 compiled on December 3 2011
[34m[1mmvn -version[0m
Apache Maven 3.2.5 (12a6b3acb947671f09b81f49094c53f426d8cea1; 2014-12-14T17:29:23+00:00)
Maven home: /usr/local/maven
Java version: 1.7.0_76, vendor: Oracle Corporation
Java home: /usr/lib/jvm/java-7-oracle/jre
Default locale: en_US, platform encoding: ANSI_X3.4-1968
OS name: "linux", version: "3.13.0-29-generic", arch: "amd64", family: "unix"
travis_fold:end:system_info[0K
W: Failed to fetch http://apt.postgresql.org/pub/repos/apt/dists/precise-pgdg/main/binary-amd64/Packages  404  Not Found [IP: 72.32.157.246 80]

W: Failed to fetch http://apt.postgresql.org/pub/repos/apt/dists/precise-pgdg/main/binary-i386/Packages  404  Not Found [IP: 72.32.157.246 80]

W: Failed to fetch http://security.ubuntu.com/ubuntu/dists/precise-security/main/source/Sources  404  Not Found [IP: 91.189.91.39 80]

W: Failed to fetch http://security.ubuntu.com/ubuntu/dists/precise-security/restricted/source/Sources  404  Not Found [IP: 91.189.91.39 80]

W: Failed to fetch http://security.ubuntu.com/ubuntu/dists/precise-security/universe/source/Sources  404  Not Found [IP: 91.189.91.39 80]

W: Failed to fetch http://security.ubuntu.com/ubuntu/dists/precise-security/multiverse/source/Sources  404  Not Found [IP: 91.189.91.39 80]

W: Failed to fetch http://security.ubuntu.com/ubuntu/dists/precise-security/main/binary-amd64/Packages  404  Not Found [IP: 91.189.91.39 80]

W: Failed to fetch http://security.ubuntu.com/ubuntu/dists/precise-security/restricted/binary-amd64/Packages  404  Not Found [IP: 91.189.91.39 80]

W: Failed to fetch http://security.ubuntu.com/ubuntu/dists/precise-security/universe/binary-amd64/Packages  404  Not Found [IP: 91.189.91.39 80]

W: Failed to fetch http://security.ubuntu.com/ubuntu/dists/precise-security/multiverse/binary-amd64/Packages  404  Not Found [IP: 91.189.91.39 80]

W: Failed to fetch http://security.ubuntu.com/ubuntu/dists/precise-security/main/binary-i386/Packages  404  Not Found [IP: 91.189.91.39 80]

W: Failed to fetch http://security.ubuntu.com/ubuntu/dists/precise-security/restricted/binary-i386/Packages  404  Not Found [IP: 91.189.91.39 80]

W: Failed to fetch http://security.ubuntu.com/ubuntu/dists/precise-security/universe/binary-i386/Packages  404  Not Found [IP: 91.189.91.39 80]

W: Failed to fetch http://security.ubuntu.com/ubuntu/dists/precise-security/multiverse/binary-i386/Packages  404  Not Found [IP: 91.189.91.39 80]

W: Failed to fetch http://us.archive.ubuntu.com/ubuntu/dists/precise/main/source/Sources  404  Not Found [IP: 91.189.91.39 80]

W: Failed to fetch http://us.archive.ubuntu.com/ubuntu/dists/precise/restricted/source/Sources  404  Not Found [IP: 91.189.91.39 80]

W: Failed to fetch http://us.archive.ubuntu.com/ubuntu/dists/precise/universe/source/Sources  404  Not Found [IP: 91.189.91.39 80]

W: Failed to fetch http://us.archive.ubuntu.com/ubuntu/dists/precise/multiverse/source/Sources  404  Not Found [IP: 91.189.91.39 80]

W: Failed to fetch http://us.archive.ubuntu.com/ubuntu/dists/precise/main/binary-amd64/Packages  404  Not Found [IP: 91.189.91.39 80]

W: Failed to fetch http://us.archive.ubuntu.com/ubuntu/dists/precise/restricted/binary-amd64/Packages  404  Not Found [IP: 91.189.91.39 80]

W: Failed to fetch http://us.archive.ubuntu.com/ubuntu/dists/precise/universe/binary-amd64/Packages  404  Not Found [IP: 91.189.91.39 80]

W: Failed to fetch http://us.archive.ubuntu.com/ubuntu/dists/precise/multiverse/binary-amd64/Packages  404  Not Found [IP: 91.189.91.39 80]

W: Failed to fetch http://us.archive.ubuntu.com/ubuntu/dists/precise/main/binary-i386/Packages  404  Not Found [IP: 91.189.91.39 80]

W: Failed to fetch http://us.archive.ubuntu.com/ubuntu/dists/precise/restricted/binary-i386/Packages  404  Not Found [IP: 91.189.91.39 80]

W: Failed to fetch http://us.archive.ubuntu.com/ubuntu/dists/precise/universe/binary-i386/Packages  404  Not Found [IP: 91.189.91.39 80]

W: Failed to fetch http://us.archive.ubuntu.com/ubuntu/dists/precise/multiverse/binary-i386/Packages  404  Not Found [IP: 91.189.91.39 80]

W: Failed to fetch http://us.archive.ubuntu.com/ubuntu/dists/precise-updates/main/source/Sources  404  Not Found [IP: 91.189.91.39 80]

W: Failed to fetch http://us.archive.ubuntu.com/ubuntu/dists/precise-updates/restricted/source/Sources  404  Not Found [IP: 91.189.91.39 80]

W: Failed to fetch http://us.archive.ubuntu.com/ubuntu/dists/precise-updates/universe/source/Sources  404  Not Found [IP: 91.189.91.39 80]

W: Failed to fetch http://us.archive.ubuntu.com/ubuntu/dists/precise-updates/multiverse/source/Sources  404  Not Found [IP: 91.189.91.39 80]

W: Failed to fetch http://us.archive.ubuntu.com/ubuntu/dists/precise-updates/main/binary-amd64/Packages  404  Not Found [IP: 91.189.91.39 80]

W: Failed to fetch http://us.archive.ubuntu.com/ubuntu/dists/precise-updates/restricted/binary-amd64/Packages  404  Not Found [IP: 91.189.91.39 80]

W: Failed to fetch http://us.archive.ubuntu.com/ubuntu/dists/precise-updates/universe/binary-amd64/Packages  404  Not Found [IP: 91.189.91.39 80]

W: Failed to fetch http://us.archive.ubuntu.com/ubuntu/dists/precise-updates/multiverse/binary-amd64/Packages  404  Not Found [IP: 91.189.91.39 80]

W: Failed to fetch http://us.archive.ubuntu.com/ubuntu/dists/precise-updates/main/binary-i386/Packages  404  Not Found [IP: 91.189.91.39 80]

W: Failed to fetch http://us.archive.ubuntu.com/ubuntu/dists/precise-updates/restricted/binary-i386/Packages  404  Not Found [IP: 91.189.91.39 80]

W: Failed to fetch http://us.archive.ubuntu.com/ubuntu/dists/precise-updates/universe/binary-i386/Packages  404  Not Found [IP: 91.189.91.39 80]

W: Failed to fetch http://us.archive.ubuntu.com/ubuntu/dists/precise-updates/multiverse/binary-i386/Packages  404  Not Found [IP: 91.189.91.39 80]

W: Failed to fetch http://us.archive.ubuntu.com/ubuntu/dists/precise-backports/main/source/Sources  404  Not Found [IP: 91.189.91.39 80]

W: Failed to fetch http://us.archive.ubuntu.com/ubuntu/dists/precise-backports/restricted/source/Sources  404  Not Found [IP: 91.189.91.39 80]

W: Failed to fetch http://us.archive.ubuntu.com/ubuntu/dists/precise-backports/universe/source/Sources  404  Not Found [IP: 91.189.91.39 80]

W: Failed to fetch http://us.archive.ubuntu.com/ubuntu/dists/precise-backports/multiverse/source/Sources  404  Not Found [IP: 91.189.91.39 80]

W: Failed to fetch http://us.archive.ubuntu.com/ubuntu/dists/precise-backports/main/binary-amd64/Packages  404  Not Found [IP: 91.189.91.39 80]

W: Failed to fetch http://us.archive.ubuntu.com/ubuntu/dists/precise-backports/restricted/binary-amd64/Packages  404  Not Found [IP: 91.189.91.39 80]

W: Failed to fetch http://us.archive.ubuntu.com/ubuntu/dists/precise-backports/universe/binary-amd64/Packages  404  Not Found [IP: 91.189.91.39 80]

W: Failed to fetch http://us.archive.ubuntu.com/ubuntu/dists/precise-backports/multiverse/binary-amd64/Packages  404  Not Found [IP: 91.189.91.39 80]

W: Failed to fetch http://us.archive.ubuntu.com/ubuntu/dists/precise-backports/main/binary-i386/Packages  404  Not Found [IP: 91.189.91.39 80]

W: Failed to fetch http://us.archive.ubuntu.com/ubuntu/dists/precise-backports/restricted/binary-i386/Packages  404  Not Found [IP: 91.189.91.39 80]

W: Failed to fetch http://us.archive.ubuntu.com/ubuntu/dists/precise-backports/universe/binary-i386/Packages  404  Not Found [IP: 91.189.91.39 80]

W: Failed to fetch http://us.archive.ubuntu.com/ubuntu/dists/precise-backports/multiverse/binary-i386/Packages  404  Not Found [IP: 91.189.91.39 80]

W: Failed to fetch http://ppa.launchpad.net/rwky/ppa/ubuntu/dists/precise/main/binary-amd64/Packages  403  Forbidden

W: Failed to fetch http://ppa.launchpad.net/rwky/ppa/ubuntu/dists/precise/main/binary-i386/Packages  403  Forbidden

W: Failed to fetch http://ppa.launchpad.net/travis-ci/zero-mq/ubuntu/dists/precise/main/binary-amd64/Packages  403  Forbidden

W: Failed to fetch http://ppa.launchpad.net/travis-ci/zero-mq/ubuntu/dists/precise/main/binary-i386/Packages  403  Forbidden

W: Failed to fetch http://downloads-distro.mongodb.org/repo/debian-sysvinit/dists/dist/10gen/binary-amd64/Packages  Undetermined Error [IP: 52.21.89.200 80]

W: Failed to fetch http://downloads-distro.mongodb.org/repo/debian-sysvinit/dists/dist/10gen/binary-i386/Packages  Undetermined Error [IP: 52.21.89.200 80]

E: Some index files failed to download. They have been ignored, or old ones used instead.
sed: cannot rename /etc/hosts: Device or resource busy
sed: cannot rename /etc/hosts: Device or resource busy
$ jdk_switcher use oraclejdk8
Switching to Oracle JDK8 (java-8-oracle), JAVA_HOME will be set to /usr/lib/jvm/java-8-oracle
$ cd passed/yamcs/yamcs
travis_fold:start:cache.1[0KSetting up build cache
$ export CASHER_DIR=$HOME/.casher
travis_time:start:304bf1bc[0K
travis_time:end:304bf1bc:start=1642638972606958067,finish=1642638972613762164,duration=6804097[0Ktravis_time:start:1bc3fecd[0K/home/travis/.casher/bin/casher:213:in `cache_archive_name': undefined method `[]' for nil:NilClass (NoMethodError)
	from /home/travis/.casher/bin/casher:65:in `block in fetch'
	from /home/travis/.casher/bin/casher:64:in `each'
	from /home/travis/.casher/bin/casher:64:in `fetch'
	from /home/travis/.casher/bin/casher:53:in `block in run'
	from /home/travis/.rvm/rubies/ruby-1.9.3-p551/lib/ruby/1.9.1/timeout.rb:69:in `timeout'
	from /home/travis/.casher/bin/casher:53:in `run'
	from /home/travis/.casher/bin/casher:263:in `<main>'
[32;1mattempting to download cache archive[0m

travis_time:end:1bc3fecd:start=1642638972622447763,finish=1642638973384101658,duration=761653895[0Ktravis_time:start:015c1e8f[0K
travis_time:end:015c1e8f:start=1642638973395483329,finish=1642638973404497416,duration=9014087[0Ktravis_time:start:0fe32020[0K[32;1madding /home/travis/.m2 to cache[0m
[32;1madding /home/travis/.sonar/cache to cache[0m

travis_time:end:0fe32020:start=1642638973414693174,finish=1642638974361524905,duration=946831731[0Ktravis_fold:end:cache.1[0K$ java -Xmx32m -version
java version "1.8.0_31"
Java(TM) SE Runtime Environment (build 1.8.0_31-b13)
Java HotSpot(TM) 64-Bit Server VM (build 25.31-b07, mixed mode)
$ javac -J-Xmx32m -version
javac 1.8.0_31
travis_fold:start:install[0Ktravis_time:start:07ec5106[0K$ mvn -o install -Dhttps.protocols=TLSv1.2 -DskipTests=true -Dmaven.javadoc.skip=true -B -V
Java HotSpot(TM) 64-Bit Server VM warning: ignoring option MaxPermSize=192m; support was removed in 8.0
Apache Maven 3.2.5 (12a6b3acb947671f09b81f49094c53f426d8cea1; 2014-12-14T17:29:23+00:00)
Maven home: /usr/local/maven
Java version: 1.8.0_31, vendor: Oracle Corporation
Java home: /usr/lib/jvm/java-8-oracle/jre
Default locale: en_US, platform encoding: UTF-8
OS name: "linux", version: "4.15.0-109-generic", arch: "amd64", family: "unix"
[INFO] Scanning for projects...
[INFO] ------------------------------------------------------------------------
[INFO] Reactor Build Order:
[INFO] 
[INFO] Yamcs
[INFO] Yamcs API
[INFO] Yamcs XTCE
[INFO] Yamcs Core
[INFO] Yamcs Simulation
[INFO]                                                                         
[INFO] ------------------------------------------------------------------------
[INFO] Building Yamcs 3.2.0-SNAPSHOT
[INFO] ------------------------------------------------------------------------
[INFO] 
[INFO] --- maven-source-plugin:2.2.1:jar-no-fork (attach-sources) @ yamcs ---
[INFO] 
[INFO] --- maven-install-plugin:2.4:install (default-install) @ yamcs ---
[INFO] Installing /home/travis/build/passed/yamcs/yamcs/pom.xml to /home/travis/.m2/repository/org/yamcs/yamcs/3.2.0-SNAPSHOT/yamcs-3.2.0-SNAPSHOT.pom
[INFO]                                                                         
[INFO] ------------------------------------------------------------------------
[INFO] Building Yamcs API 3.2.0-SNAPSHOT
[INFO] ------------------------------------------------------------------------
[INFO] 
[INFO] --- maven-resources-plugin:2.6:resources (default-resources) @ yamcs-api ---
[INFO] Using 'UTF-8' encoding to copy filtered resources.
[INFO] Copying 1 resource
[INFO] 
[INFO] --- maven-compiler-plugin:2.3.2:compile (default-compile) @ yamcs-api ---
[INFO] Nothing to compile - all classes are up to date
[INFO] 
[INFO] --- maven-resources-plugin:2.6:testResources (default-testResources) @ yamcs-api ---
[INFO] Using 'UTF-8' encoding to copy filtered resources.
[INFO] skip non existing resourceDirectory /home/travis/build/passed/yamcs/yamcs/yamcs-api/src/test/resources
[INFO] 
[INFO] --- maven-compiler-plugin:2.3.2:testCompile (default-testCompile) @ yamcs-api ---
[INFO] Nothing to compile - all classes are up to date
[INFO] 
[INFO] --- maven-surefire-plugin:2.19.1:test (default-test) @ yamcs-api ---
[INFO] Tests are skipped.
[INFO] 
[INFO] --- maven-jar-plugin:2.4:jar (default-jar) @ yamcs-api ---
[INFO] 
[INFO] --- maven-source-plugin:2.2.1:jar-no-fork (attach-sources) @ yamcs-api ---
[INFO] 
[INFO] --- maven-install-plugin:2.4:install (default-install) @ yamcs-api ---
[INFO] Installing /home/travis/build/passed/yamcs/yamcs/yamcs-api/target/yamcs-api-3.2.0-SNAPSHOT.jar to /home/travis/.m2/repository/org/yamcs/yamcs-api/3.2.0-SNAPSHOT/yamcs-api-3.2.0-SNAPSHOT.jar
[INFO] Installing /home/travis/build/passed/yamcs/yamcs/yamcs-api/pom.xml to /home/travis/.m2/repository/org/yamcs/yamcs-api/3.2.0-SNAPSHOT/yamcs-api-3.2.0-SNAPSHOT.pom
[INFO] Installing /home/travis/build/passed/yamcs/yamcs/yamcs-api/target/yamcs-api-3.2.0-SNAPSHOT-sources.jar to /home/travis/.m2/repository/org/yamcs/yamcs-api/3.2.0-SNAPSHOT/yamcs-api-3.2.0-SNAPSHOT-sources.jar
[INFO]                                                                         
[INFO] ------------------------------------------------------------------------
[INFO] Building Yamcs XTCE 3.2.0-SNAPSHOT
[INFO] ------------------------------------------------------------------------
[INFO] 
[INFO] --- maven-resources-plugin:2.6:resources (default-resources) @ yamcs-xtce ---
[INFO] Using 'UTF-8' encoding to copy filtered resources.
[INFO] Copying 1 resource
[INFO] 
[INFO] --- maven-compiler-plugin:2.3.2:compile (default-compile) @ yamcs-xtce ---
[INFO] Nothing to compile - all classes are up to date
[INFO] 
[INFO] --- maven-resources-plugin:2.6:testResources (default-testResources) @ yamcs-xtce ---
[INFO] Using 'UTF-8' encoding to copy filtered resources.
[INFO] Copying 1 resource
[INFO] 
[INFO] --- maven-compiler-plugin:2.3.2:testCompile (default-testCompile) @ yamcs-xtce ---
[INFO] Nothing to compile - all classes are up to date
[INFO] 
[INFO] --- maven-surefire-plugin:2.19.1:test (default-test) @ yamcs-xtce ---
[INFO] Tests are skipped.
[INFO] 
[INFO] --- maven-jar-plugin:2.4:jar (default-jar) @ yamcs-xtce ---
[INFO] Building jar: /home/travis/build/passed/yamcs/yamcs/yamcs-xtce/target/yamcs-xtce-3.2.0-SNAPSHOT.jar
[INFO] 
[INFO] --- maven-source-plugin:2.2.1:jar-no-fork (attach-sources) @ yamcs-xtce ---
[INFO] 
[INFO] --- maven-install-plugin:2.4:install (default-install) @ yamcs-xtce ---
[INFO] Installing /home/travis/build/passed/yamcs/yamcs/yamcs-xtce/target/yamcs-xtce-3.2.0-SNAPSHOT.jar to /home/travis/.m2/repository/org/yamcs/yamcs-xtce/3.2.0-SNAPSHOT/yamcs-xtce-3.2.0-SNAPSHOT.jar
[INFO] Installing /home/travis/build/passed/yamcs/yamcs/yamcs-xtce/pom.xml to /home/travis/.m2/repository/org/yamcs/yamcs-xtce/3.2.0-SNAPSHOT/yamcs-xtce-3.2.0-SNAPSHOT.pom
[INFO] Installing /home/travis/build/passed/yamcs/yamcs/yamcs-xtce/target/yamcs-xtce-3.2.0-SNAPSHOT-sources.jar to /home/travis/.m2/repository/org/yamcs/yamcs-xtce/3.2.0-SNAPSHOT/yamcs-xtce-3.2.0-SNAPSHOT-sources.jar
[INFO]                                                                         
[INFO] ------------------------------------------------------------------------
[INFO] Building Yamcs Core 3.2.0-SNAPSHOT
[INFO] ------------------------------------------------------------------------
[INFO] 
[INFO] --- build-helper-maven-plugin:1.11:add-source (add-source) @ yamcs-core ---
[INFO] Source directory: /home/travis/build/passed/yamcs/yamcs/yamcs-core/target/generated-sources/version added.
[INFO] 
[INFO] --- maven-antrun-plugin:1.3:run (generate-version) @ yamcs-core ---
[INFO] Executing tasks
[INFO] Executed tasks
[INFO] 
[INFO] --- maven-resources-plugin:2.6:resources (default-resources) @ yamcs-core ---
[INFO] Using 'UTF-8' encoding to copy filtered resources.
[INFO] Copying 31 resources
[INFO] 
[INFO] --- maven-compiler-plugin:2.3.2:compile (default-compile) @ yamcs-core ---
[INFO] Nothing to compile - all classes are up to date
[INFO] 
[INFO] --- maven-resources-plugin:2.6:testResources (default-testResources) @ yamcs-core ---
[INFO] Using 'UTF-8' encoding to copy filtered resources.
[INFO] Copying 37 resources
[INFO] Copying 19 resources
[INFO] 
[INFO] --- maven-compiler-plugin:2.3.2:testCompile (default-testCompile) @ yamcs-core ---
[INFO] Nothing to compile - all classes are up to date
[INFO] 
[INFO] --- maven-surefire-plugin:2.19.1:test (default-test) @ yamcs-core ---
[INFO] Tests are skipped.
[INFO] 
[INFO] --- maven-jar-plugin:2.4:jar (default-jar) @ yamcs-core ---
[INFO] 
[INFO] --- maven-dependency-plugin:2.8:copy-dependencies (copy-dependencies) @ yamcs-core ---
[INFO] Copying yamcs-xtce-3.2.0-SNAPSHOT.jar to /home/travis/build/passed/yamcs/yamcs/yamcs-core/lib/yamcs-xtce-3.2.0-SNAPSHOT.jar
[INFO] artemis-native-1.5.4.jar already exists in destination.
[INFO] netty-all-4.1.9.Final.jar already exists in destination.
[INFO] protobuf-java-2.5.0.jar already exists in destination.
[INFO] johnzon-core-0.9.5.jar already exists in destination.
[INFO] slf4j-jdk14-1.7.1.jar already exists in destination.
[INFO] janino-2.5.15.jar already exists in destination.
[INFO] commons-collections-3.2.1.jar already exists in destination.
[INFO] artemis-journal-1.5.4.jar already exists in destination.
[INFO] jcommander-1.48.jar already exists in destination.
[INFO] rocksdbjni-5.2.1.jar already exists in destination.
[INFO] javacsv-2.0.jar already exists in destination.
[INFO] protostuff-api-1.5.3.jar already exists in destination.
[INFO] artemis-core-client-1.5.4.jar already exists in destination.
[INFO] slf4j-api-1.7.1.jar already exists in destination.
[INFO] jgroups-3.6.9.Final.jar already exists in destination.
[INFO] jackson-core-2.7.1.jar already exists in destination.
[INFO] geronimo-json_1.0_spec-1.0-alpha-1.jar already exists in destination.
[INFO] yamcs-api-3.2.0-SNAPSHOT.jar already exists in destination.
[INFO] protostuff-json-1.5.3.jar already exists in destination.
[INFO] snakeyaml-1.9.jar already exists in destination.
[INFO] commons-logging-1.1.1.jar already exists in destination.
[INFO] commons-beanutils-1.9.2.jar already exists in destination.
[INFO] log4j-1.2.14.jar already exists in destination.
[INFO] artemis-jdbc-store-1.5.4.jar already exists in destination.
[INFO] jxl-2.6.10.jar already exists in destination.
[INFO] guava-18.0.jar already exists in destination.
[INFO] jdatepicker-1.3.2.jar already exists in destination.
[INFO] artemis-commons-1.5.4.jar already exists in destination.
[INFO] artemis-server-1.5.4.jar already exists in destination.
[INFO] jboss-logging-3.3.0.Final.jar already exists in destination.
[INFO] artemis-selector-1.5.4.jar already exists in destination.
[INFO] 
[INFO] --- maven-source-plugin:2.2.1:jar-no-fork (attach-sources) @ yamcs-core ---
[INFO] 
[INFO] --- maven-install-plugin:2.4:install (default-install) @ yamcs-core ---
[INFO] Installing /home/travis/build/passed/yamcs/yamcs/yamcs-core/target/yamcs-core-3.2.0-SNAPSHOT.jar to /home/travis/.m2/repository/org/yamcs/yamcs-core/3.2.0-SNAPSHOT/yamcs-core-3.2.0-SNAPSHOT.jar
[INFO] Installing /home/travis/build/passed/yamcs/yamcs/yamcs-core/pom.xml to /home/travis/.m2/repository/org/yamcs/yamcs-core/3.2.0-SNAPSHOT/yamcs-core-3.2.0-SNAPSHOT.pom
[INFO] Installing /home/travis/build/passed/yamcs/yamcs/yamcs-core/target/yamcs-core-3.2.0-SNAPSHOT-sources.jar to /home/travis/.m2/repository/org/yamcs/yamcs-core/3.2.0-SNAPSHOT/yamcs-core-3.2.0-SNAPSHOT-sources.jar
[INFO]                                                                         
[INFO] ------------------------------------------------------------------------
[INFO] Building Yamcs Simulation 3.2.0-SNAPSHOT
[INFO] ------------------------------------------------------------------------
[INFO] 
[INFO] --- maven-resources-plugin:2.6:resources (default-resources) @ yamcs-simulation ---
[INFO] Using 'UTF-8' encoding to copy filtered resources.
[INFO] Copying 2 resources
[INFO] 
[INFO] --- maven-compiler-plugin:2.3.2:compile (default-compile) @ yamcs-simulation ---
[INFO] Nothing to compile - all classes are up to date
[INFO] 
[INFO] --- maven-resources-plugin:2.6:testResources (default-testResources) @ yamcs-simulation ---
[INFO] Using 'UTF-8' encoding to copy filtered resources.
[INFO] Copying 5 resources
[INFO] 
[INFO] --- maven-compiler-plugin:2.3.2:testCompile (default-testCompile) @ yamcs-simulation ---
[INFO] Nothing to compile - all classes are up to date
[INFO] 
[INFO] --- maven-surefire-plugin:2.19.1:test (default-test) @ yamcs-simulation ---
[INFO] Tests are skipped.
[INFO] 
[INFO] --- maven-jar-plugin:2.4:jar (default-jar) @ yamcs-simulation ---
[INFO] 
[INFO] --- maven-source-plugin:2.2.1:jar-no-fork (attach-sources) @ yamcs-simulation ---
[INFO] 
[INFO] --- maven-install-plugin:2.4:install (default-install) @ yamcs-simulation ---
[INFO] Installing /home/travis/build/passed/yamcs/yamcs/yamcs-simulation/target/yamcs-simulation-3.2.0-SNAPSHOT.jar to /home/travis/.m2/repository/org/yamcs/yamcs-simulation/3.2.0-SNAPSHOT/yamcs-simulation-3.2.0-SNAPSHOT.jar
[INFO] Installing /home/travis/build/passed/yamcs/yamcs/yamcs-simulation/pom.xml to /home/travis/.m2/repository/org/yamcs/yamcs-simulation/3.2.0-SNAPSHOT/yamcs-simulation-3.2.0-SNAPSHOT.pom
[INFO] Installing /home/travis/build/passed/yamcs/yamcs/yamcs-simulation/target/yamcs-simulation-3.2.0-SNAPSHOT-sources.jar to /home/travis/.m2/repository/org/yamcs/yamcs-simulation/3.2.0-SNAPSHOT/yamcs-simulation-3.2.0-SNAPSHOT-sources.jar
[INFO] ------------------------------------------------------------------------
[INFO] Reactor Summary:
[INFO] 
[INFO] Yamcs .............................................. SUCCESS [  0.711 s]
[INFO] Yamcs API .......................................... SUCCESS [ 35.384 s]
[INFO] Yamcs XTCE ......................................... SUCCESS [  1.938 s]
[INFO] Yamcs Core ......................................... SUCCESS [ 24.099 s]
[INFO] Yamcs Simulation ................................... SUCCESS [  0.683 s]
[INFO] ------------------------------------------------------------------------
[INFO] BUILD SUCCESS
[INFO] ------------------------------------------------------------------------
[INFO] Total time: 01:03 min
[INFO] Finished at: 2022-01-20T00:37:19+00:00
[INFO] Final Memory: 18M/293M
[INFO] ------------------------------------------------------------------------

travis_time:end:07ec5106:start=1642638974640591439,finish=1642639039466224433,duration=64825632994[0Ktravis_fold:end:install[0Ktravis_time:start:06946105[0K$ mvn -o -Dhttps.protocols=TLSv1.2 -Dsurefire.useFile=false test
Java HotSpot(TM) 64-Bit Server VM warning: ignoring option MaxPermSize=192m; support was removed in 8.0
[INFO] Scanning for projects...
[INFO] ------------------------------------------------------------------------
[INFO] Reactor Build Order:
[INFO] 
[INFO] Yamcs
[INFO] Yamcs API
[INFO] Yamcs XTCE
[INFO] Yamcs Core
[INFO] Yamcs Simulation
[INFO]                                                                         
[INFO] ------------------------------------------------------------------------
[INFO] Building Yamcs 3.2.0-SNAPSHOT
[INFO] ------------------------------------------------------------------------
[INFO]                                                                         
[INFO] ------------------------------------------------------------------------
[INFO] Building Yamcs API 3.2.0-SNAPSHOT
[INFO] ------------------------------------------------------------------------
[INFO] 
[INFO] --- maven-resources-plugin:2.6:resources (default-resources) @ yamcs-api ---
[INFO] Using 'UTF-8' encoding to copy filtered resources.
[INFO] Copying 1 resource
[INFO] 
[INFO] --- maven-compiler-plugin:2.3.2:compile (default-compile) @ yamcs-api ---
[INFO] Nothing to compile - all classes are up to date
[INFO] 
[INFO] --- maven-resources-plugin:2.6:testResources (default-testResources) @ yamcs-api ---
[INFO] Using 'UTF-8' encoding to copy filtered resources.
[INFO] skip non existing resourceDirectory /home/travis/build/passed/yamcs/yamcs/yamcs-api/src/test/resources
[INFO] 
[INFO] --- maven-compiler-plugin:2.3.2:testCompile (default-testCompile) @ yamcs-api ---
[INFO] Nothing to compile - all classes are up to date
[INFO] 
[INFO] --- maven-surefire-plugin:2.19.1:test (default-test) @ yamcs-api ---

-------------------------------------------------------
 T E S T S
-------------------------------------------------------
Running org.yamcs.api.AbstractEventProducerTest
Tests run: 5, Failures: 0, Errors: 0, Skipped: 0, Time elapsed: 0.143 sec - in org.yamcs.api.AbstractEventProducerTest
Running org.yamcs.utils.TaiUtcConverterTest
Tests run: 2, Failures: 0, Errors: 0, Skipped: 0, Time elapsed: 0 sec - in org.yamcs.utils.TaiUtcConverterTest
Running org.yamcs.utils.TimeEncodingTest
sdf,format:2010-12-31T23:59:59.000
d=Fri Dec 31 23:59:59 UTC 2010
cal=Fri Dec 31 23:59:59 UTC 2010
hod=23
s=2010-12-31T23:59:59.000
Tests run: 15, Failures: 0, Errors: 0, Skipped: 0, Time elapsed: 0.013 sec - in org.yamcs.utils.TimeEncodingTest

Results :

Tests run: 22, Failures: 0, Errors: 0, Skipped: 0

[INFO]                                                                         
[INFO] ------------------------------------------------------------------------
[INFO] Building Yamcs XTCE 3.2.0-SNAPSHOT
[INFO] ------------------------------------------------------------------------
[INFO] 
[INFO] --- maven-resources-plugin:2.6:resources (default-resources) @ yamcs-xtce ---
[INFO] Using 'UTF-8' encoding to copy filtered resources.
[INFO] Copying 1 resource
[INFO] 
[INFO] --- maven-compiler-plugin:2.3.2:compile (default-compile) @ yamcs-xtce ---
[INFO] Nothing to compile - all classes are up to date
[INFO] 
[INFO] --- maven-resources-plugin:2.6:testResources (default-testResources) @ yamcs-xtce ---
[INFO] Using 'UTF-8' encoding to copy filtered resources.
[INFO] Copying 1 resource
[INFO] 
[INFO] --- maven-compiler-plugin:2.3.2:testCompile (default-testCompile) @ yamcs-xtce ---
[INFO] Nothing to compile - all classes are up to date
[INFO] 
[INFO] --- maven-surefire-plugin:2.19.1:test (default-test) @ yamcs-xtce ---

-------------------------------------------------------
 T E S T S
-------------------------------------------------------
Running org.yamcs.xtce.HistoryTest
Tests run: 2, Failures: 0, Errors: 0, Skipped: 0, Time elapsed: 0.054 sec - in org.yamcs.xtce.HistoryTest
Running org.yamcs.xtce.XtceStaxReaderTest
Jan 20, 2022 12:37:23 AM org.yamcs.xtce.xml.XtceStaxReader skipXtceSection
INFO: Section <AuthorSet> skipped
Jan 20, 2022 12:37:23 AM org.yamcs.xtce.xml.XtceStaxReader skipXtceSection
INFO: Section <NoteSet> skipped
Jan 20, 2022 12:37:23 AM org.yamcs.xtce.xml.XtceStaxReader skipXtceSection
INFO: Section <AbsoluteTimeParameterType> skipped
Jan 20, 2022 12:37:23 AM org.yamcs.xtce.xml.XtceStaxReader skipXtceSection
INFO: Section <CommandMetaData> skipped
Jan 20, 2022 12:37:23 AM org.yamcs.xtce.xml.XtceStaxReader skipXtceSection
INFO: Section <ContextCalibratorList> skipped
Jan 20, 2022 12:37:23 AM org.yamcs.xtce.xml.XtceStaxReader skipXtceSection
INFO: Section <ContextCalibratorList> skipped
Jan 20, 2022 12:37:23 AM org.yamcs.xtce.xml.XtceStaxReader skipXtceSection
INFO: Section <SystemName> skipped
Jan 20, 2022 12:37:23 AM org.yamcs.xtce.xml.XtceStaxReader skipXtceSection
INFO: Section <SystemName> skipped
Jan 20, 2022 12:37:23 AM org.yamcs.xtce.xml.XtceStaxReader skipXtceSection
INFO: Section <SystemName> skipped
Jan 20, 2022 12:37:23 AM org.yamcs.xtce.xml.XtceStaxReader skipXtceSection
INFO: Section <SystemName> skipped
Jan 20, 2022 12:37:23 AM org.yamcs.xtce.xml.XtceStaxReader skipXtceSection
INFO: Section <SystemName> skipped
Jan 20, 2022 12:37:23 AM org.yamcs.xtce.xml.XtceStaxReader skipXtceSection
INFO: Section <SystemName> skipped
Jan 20, 2022 12:37:23 AM org.yamcs.xtce.xml.XtceStaxReader skipXtceSection
INFO: Section <SystemName> skipped
Jan 20, 2022 12:37:23 AM org.yamcs.xtce.xml.XtceStaxReader skipXtceSection
INFO: Section <SystemName> skipped
Jan 20, 2022 12:37:23 AM org.yamcs.xtce.xml.XtceStaxReader skipXtceSection
INFO: Section <SystemName> skipped
Jan 20, 2022 12:37:23 AM org.yamcs.xtce.xml.XtceStaxReader skipXtceSection
INFO: Section <SystemName> skipped
Jan 20, 2022 12:37:23 AM org.yamcs.xtce.xml.XtceStaxReader skipXtceSection
INFO: Section <SystemName> skipped
Jan 20, 2022 12:37:23 AM org.yamcs.xtce.xml.XtceStaxReader skipXtceSection
INFO: Section <PhysicalAddressSet> skipped
Jan 20, 2022 12:37:23 AM org.yamcs.xtce.xml.XtceStaxReader skipXtceSection
INFO: Section <SystemName> skipped
Jan 20, 2022 12:37:23 AM org.yamcs.xtce.xml.XtceStaxReader skipXtceSection
INFO: Section <PhysicalAddressSet> skipped
Jan 20, 2022 12:37:23 AM org.yamcs.xtce.xml.XtceStaxReader skipXtceSection
INFO: Section <SystemName> skipped
Jan 20, 2022 12:37:23 AM org.yamcs.xtce.xml.XtceStaxReader skipXtceSection
INFO: Section <PhysicalAddressSet> skipped
Jan 20, 2022 12:37:23 AM org.yamcs.xtce.xml.XtceStaxReader skipXtceSection
INFO: Section <AlgorithmSet> skipped
Jan 20, 2022 12:37:23 AM org.yamcs.xtce.xml.XtceStaxReader skipXtceSection
INFO: Section <SystemName> skipped
Jan 20, 2022 12:37:23 AM org.yamcs.xtce.xml.XtceStaxReader skipXtceSection
INFO: Section <SystemName> skipped
Jan 20, 2022 12:37:23 AM org.yamcs.xtce.xml.XtceStaxReader skipXtceSection
INFO: Section <SystemName> skipped
Jan 20, 2022 12:37:23 AM org.yamcs.xtce.xml.XtceStaxReader skipXtceSection
INFO: Section <SystemName> skipped
Jan 20, 2022 12:37:23 AM org.yamcs.xtce.xml.XtceStaxReader skipXtceSection
INFO: Section <SystemName> skipped
Jan 20, 2022 12:37:23 AM org.yamcs.xtce.xml.XtceStaxReader skipXtceSection
INFO: Section <SystemName> skipped
Jan 20, 2022 12:37:23 AM org.yamcs.xtce.xml.XtceStaxReader skipXtceSection
INFO: Section <SystemName> skipped
Jan 20, 2022 12:37:23 AM org.yamcs.xtce.xml.XtceStaxReader skipXtceSection
INFO: Section <SystemName> skipped
Jan 20, 2022 12:37:23 AM org.yamcs.xtce.xml.XtceStaxReader skipXtceSection
INFO: Section <SystemName> skipped
Jan 20, 2022 12:37:23 AM org.yamcs.xtce.xml.XtceStaxReader skipXtceSection
INFO: Section <SystemName> skipped
Jan 20, 2022 12:37:23 AM org.yamcs.xtce.xml.XtceStaxReader skipXtceSection
INFO: Section <SystemName> skipped
Jan 20, 2022 12:37:23 AM org.yamcs.xtce.xml.XtceStaxReader skipXtceSection
INFO: Section <SystemName> skipped
Jan 20, 2022 12:37:23 AM org.yamcs.xtce.xml.XtceStaxReader skipXtceSection
INFO: Section <SystemName> skipped
Jan 20, 2022 12:37:23 AM org.yamcs.xtce.xml.XtceStaxReader skipXtceSection
INFO: Section <SystemName> skipped
Jan 20, 2022 12:37:23 AM org.yamcs.xtce.xml.XtceStaxReader skipXtceSection
INFO: Section <SystemName> skipped
Jan 20, 2022 12:37:23 AM org.yamcs.xtce.xml.XtceStaxReader readXmlDocument
INFO: XTCE file parsing finished successfully
ss: SpaceSystem[BogusSAT]
Tests run: 1, Failures: 0, Errors: 0, Skipped: 0, Time elapsed: 0.25 sec - in org.yamcs.xtce.XtceStaxReaderTest

Results :

Tests run: 3, Failures: 0, Errors: 0, Skipped: 0

[INFO]                                                                         
[INFO] ------------------------------------------------------------------------
[INFO] Building Yamcs Core 3.2.0-SNAPSHOT
[INFO] ------------------------------------------------------------------------
[INFO] 
[INFO] --- build-helper-maven-plugin:1.11:add-source (add-source) @ yamcs-core ---
[INFO] Source directory: /home/travis/build/passed/yamcs/yamcs/yamcs-core/target/generated-sources/version added.
[INFO] 
[INFO] --- maven-antrun-plugin:1.3:run (generate-version) @ yamcs-core ---
[INFO] Executing tasks
[INFO] Executed tasks
[INFO] 
[INFO] --- maven-resources-plugin:2.6:resources (default-resources) @ yamcs-core ---
[INFO] Using 'UTF-8' encoding to copy filtered resources.
[INFO] Copying 31 resources
[INFO] 
[INFO] --- maven-compiler-plugin:2.3.2:compile (default-compile) @ yamcs-core ---
[INFO] Nothing to compile - all classes are up to date
[INFO] 
[INFO] --- maven-resources-plugin:2.6:testResources (default-testResources) @ yamcs-core ---
[INFO] Using 'UTF-8' encoding to copy filtered resources.
[INFO] Copying 37 resources
[INFO] Copying 19 resources
[INFO] 
[INFO] --- maven-compiler-plugin:2.3.2:testCompile (default-testCompile) @ yamcs-core ---
[INFO] Nothing to compile - all classes are up to date
[INFO] 
[INFO] --- maven-surefire-plugin:2.19.1:test (default-test) @ yamcs-core ---

-------------------------------------------------------
 T E S T S
-------------------------------------------------------
Running org.yamcs.AlarmTest
Tests run: 5, Failures: 0, Errors: 0, Skipped: 0, Time elapsed: 0.652 sec - in org.yamcs.AlarmTest
Running org.yamcs.ArchiveIntegrationTest
Jan 20 00:37:36.244 [38] org.yamcs.web.rest.archive.ArchiveParameterRestHandler listParameterHistory WARNING:No parameter id found in the parameter archive for /REFMDB/ccsds-apid
Jan 20 00:37:36.344 [41] org.yamcs.web.rest.archive.ArchiveParameterRestHandler listParameterHistory WARNING:No parameter id found in the parameter archive for /REFMDB/ccsds-apid
Jan 20 00:37:36.569 [51] org.yamcs.web.rest.archive.ArchiveTableRestHandler$TableLoader exceptionCaught WARNING:Exception caught in the table load pipeline, closing the connection: com.google.protobuf.InvalidProtocolBufferException: Protocol message contained an invalid tag (zero).
Jan 20 00:37:36.579 [51] org.yamcs.web.HttpRequestHandler sendResponse WARNING:POST /api/archive/IntegrationTest/tables/table2/data 400
pdata: parameter {
  id {
    name: "/REFMDB/SUBSYS1/processed_para_uint"
  }
  engValue {
    type: UINT32
    uint32Value: 60
  }
  generationTime: 1420106495030
  acquisitionStatus: ACQUIRED
  processingStatus: true
  generationTimeUTC: "2015-01-01T10:01:00.030"
}

Jan 20 00:37:39.864 [83] org.yamcs.web.HttpRequestHandler sendResponse WARNING:POST /api/archive/IntegrationTest/tables/table1/data 400
Tests run: 7, Failures: 0, Errors: 0, Skipped: 0, Time elapsed: 12.687 sec - in org.yamcs.ArchiveIntegrationTest
Running org.yamcs.ComVerifIntegrationTest
alg_verif_started:
  receivedCmdId: 25
  sentCmdId: 25
  receivedSeqNum: 5000
  sentSeqNum: 5000
  stage: 0
  result: 0
yep, this is our command
alg_verif_completed:
  receivedCmdId: 25
  sentCmdId: 25
  receivedSeqNum: 5000
  sentSeqNum: 5000
  stage: 0
  result: 0
alg_verif_completed:
  receivedCmdId: 25
  sentCmdId: 25
  receivedSeqNum: 5000
  sentSeqNum: 5000
  stage: 1
  result: 5
yep, this is our command
Tests run: 2, Failures: 0, Errors: 0, Skipped: 0, Time elapsed: 5.158 sec - in org.yamcs.ComVerifIntegrationTest
Running org.yamcs.ContainerRequestManagerTest
Tests run: 1, Failures: 0, Errors: 0, Skipped: 0, Time elapsed: 0.583 sec - in org.yamcs.ContainerRequestManagerTest
Running org.yamcs.EventCrashHandlerTest
Tests run: 1, Failures: 0, Errors: 0, Skipped: 0, Time elapsed: 0.131 sec - in org.yamcs.EventCrashHandlerTest
Running org.yamcs.IntegrationTest
Jan 20 00:37:52.431 [38] org.yamcs.web.rest.Router handleException WARNING:R1: Sending nominal exception 400 Bad Request back to client: Cannot find a local(software) parameter for 'name: "/REFMDB/SUBSYS1/IntegerPara1_1_6"
'
Jan 20 00:37:52.439 [38] org.yamcs.web.HttpRequestHandler sendResponse WARNING:POST /api/processors/IntegrationTest/realtime/parameters/mset 400
Jan 20 00:37:56.109 [61] org.yamcs.web.rest.Router handleException WARNING:R4: Sending nominal exception 400 Bad Request back to client: Invalid parameters: [name: "/REFMDB/SUBSYS1/InvalidParaName"
]
Jan 20 00:37:56.110 [61] org.yamcs.web.HttpRequestHandler sendResponse WARNING:GET /api/processors/IntegrationTest/realtime/parameters/mget 400
Jan 20 00:37:59.146 [39] org.yamcs.web.rest.Router lambda$dispatch$4 SEVERE:R6 blocking the netty thread for 2 seconds. uri: /api/processors/IntegrationTest/realtime/parameters/mget
Jan 20 00:38:03.868 [192] org.yamcs.web.rest.Router handleException WARNING:R25: Sending nominal exception 400 Bad Request back to client: Cannot assign integer from STRING
Jan 20 00:38:03.869 [192] org.yamcs.web.HttpRequestHandler sendResponse WARNING:POST /api/processors/IntegrationTest/realtime/parameters/mset 400
Tests run: 17, Failures: 0, Errors: 0, Skipped: 1, Time elapsed: 16.254 sec - in org.yamcs.IntegrationTest
Running org.yamcs.ParameterArchiveIntegrationTest
Jan 20 00:38:14.522 [38] org.yamcs.web.rest.archive.ArchiveParameterRestHandler listParameterHistory WARNING:No parameter id found in the parameter archive for /REFMDB/SUBSYS1/FloatPara1_1_2
Jan 20 00:38:14.638 [41] org.yamcs.web.rest.archive.ArchiveParameterRestHandler getParameterSamples WARNING:No parameter id found in the parameter archive for /REFMDB/SUBSYS1/FloatPara1_1_2
Jan 20 00:38:14.699 [1] org.yamcs.parameterarchive.ParameterArchive reprocess FINE:Scheduling a reprocess for interval [2015-01-02T10:00:00.000 - 2016-01-02T11:00:00.000]
Jan 20 00:38:14.707 [42] org.yamcs.parameterarchive.BackFiller runTask INFO:Starting an parameter archive fillup for interval [2015-01-02T09:34:59.400-2016-01-02T11:01:04.480)
Jan 20 00:38:15.018 [45] org.yamcs.parameterarchive.ArchiveFillerTask[IntegrationTest] updateItems FINE:Writing to archive the segment: [2015-01-02T09:34:59.400 - 2015-01-02T10:44:53.704)
Jan 20 00:38:15.317 [45] org.yamcs.parameterarchive.ArchiveFillerTask[IntegrationTest] updateItems FINE:Writing to archive the segment: [2015-01-02T10:44:53.704 - 2015-01-02T11:54:48.008)
Jan 20 00:38:15.366 [42] org.yamcs.parameterarchive.ArchiveFillerTask[IntegrationTest] flush INFO:Starting a consolidation process, number of intervals: 1
Jan 20 00:38:15.370 [42] org.yamcs.parameterarchive.BackFiller runTask INFO:Parameter archive fillup for interval [2015-01-02T09:34:59.400-2016-01-02T11:01:04.480) finished, number of processed parameter samples: 194400
Jan 20 00:38:15.438 [49] org.yamcs.parameterarchive.MultiParameterDataRetrieval retrieve FINE:Stoped early due to receiving ConsumerAbortException
Jan 20 00:38:15.468 [51] org.yamcs.parameterarchive.MultiParameterDataRetrieval retrieve FINE:Stoped early due to receiving ConsumerAbortException
Jan 20 00:38:15.511 [55] org.yamcs.parameterarchive.MultiParameterDataRetrieval retrieve FINE:Stoped early due to receiving ConsumerAbortException
Jan 20 00:38:15.557 [1] org.yamcs.parameterarchive.ParameterArchive doStop FINE:Stopping ParameterArchive service for instance IntegrationTest
Tests run: 2, Failures: 0, Errors: 0, Skipped: 1, Time elapsed: 9.656 sec - in org.yamcs.ParameterArchiveIntegrationTest
Running org.yamcs.PermissionsTest
Jan 20 00:38:20.336 [38] org.yamcs.web.rest.Router handleException WARNING:R1: Sending nominal exception 403 Forbidden back to client: User operator/***** has no 'set' permission for parameter /REFMDB/SUBSYS1/LocalPara1
Jan 20 00:38:20.345 [38] org.yamcs.web.HttpRequestHandler sendResponse WARNING:POST /api/processors/IntegrationTest/realtime/parameters/mset 403
Jan 20 00:38:20.418 [122] org.yamcs.security.YamlRealm getPrivileges WARNING:No privileges of type tm_parameter_privileges for role EmptyRole
Jan 20 00:38:20.421 [122] org.yamcs.security.YamlRealm getPrivileges WARNING:No privileges of type tm_parameter_set_privileges for role EmptyRole
Jan 20 00:38:20.421 [122] org.yamcs.security.YamlRealm getPrivileges WARNING:No privileges of type tm_packet_privileges for role EmptyRole
Jan 20 00:38:20.421 [122] org.yamcs.security.YamlRealm getPrivileges WARNING:No privileges of type tc_privileges for role EmptyRole
Jan 20 00:38:20.421 [122] org.yamcs.security.YamlRealm getPrivileges WARNING:No privileges of type system_privileges for role EmptyRole
Jan 20 00:38:21.262 [124] org.yamcs.web.rest.RestHandler verifyCommand WARNING:Command 'FLOAT_ARG_TC' (namespace: '/REFMDB/SUBSYS1') found, but withheld due to insufficient privileges. Returning 404 instead
Jan 20 00:38:21.263 [124] org.yamcs.web.rest.Router handleException WARNING:R3: Sending nominal exception 404 Not Found back to client: No resource named '/api/processors/IntegrationTest/realtime/commands/REFMDB/SUBSYS1/FLOAT_ARG_TC' (No such command)
Jan 20 00:38:21.264 [124] org.yamcs.web.HttpRequestHandler sendResponse WARNING:POST /api/processors/IntegrationTest/realtime/commands/REFMDB/SUBSYS1/FLOAT_ARG_TC 404
Jan 20 00:38:21.339 [128] org.yamcs.commanding.CommandingManager addToCommandHistory WARNING:Throwing InsufficientPrivileges for lack of COMMANDING privilege for user testuser/*****
Jan 20 00:38:21.340 [128] org.yamcs.web.rest.Router handleException WARNING:R4: Sending nominal exception 403 Forbidden back to client: Forbidden
Jan 20 00:38:21.341 [128] org.yamcs.web.HttpRequestHandler sendResponse WARNING:POST /api/processors/IntegrationTest/realtime/commandhistory/REFMDB/SUBSYS1/ONE_INT_ARG_TC 403
Jan 20 00:38:24.437 [135] org.yamcs.web.rest.archive.ArchiveParameterRestHandler listParameterHistory WARNING:No parameter id found in the parameter archive for /REFMDB/SUBSYS1/IntegerPara1_1_6
Jan 20 00:38:24.469 [137] org.yamcs.web.HttpRequestHandler sendResponse WARNING:GET /api/archive/IntegrationTest/REFMDB/SUBSYS1/FixedStringPara1_3_1?start=2015-03-02T10:10:00&stop=2015-03-02T10:10:02&order=asc 404
Jan 20 00:38:24.551 [219] org.yamcs.security.BasicAuthModule sendUnauthorized WARNING:GET /api/user 401 [realm="org.yamcs.security.BasicAuthModule"]: the realm could not authenticate the provided token
Jan 20 00:38:24.647 [304] org.yamcs.web.rest.Router handleException WARNING:R8: Sending nominal exception 403 Forbidden back to client: User testuser/***** has no permission for parameter /REFMDB/SUBSYS1/FloatPara1_1_3
Jan 20 00:38:24.648 [304] org.yamcs.web.HttpRequestHandler sendResponse WARNING:GET /api/processors/IntegrationTest/realtime/parameters/mget 403
Tests run: 6, Failures: 0, Errors: 0, Skipped: 0, Time elapsed: 8.359 sec - in org.yamcs.PermissionsTest
Running org.yamcs.RestClientTest
Jan 20 00:38:30.105 [205] org.yamcs.security.BasicAuthModule sendUnauthorized WARNING:GET /api/instances 401 [realm="org.yamcs.security.BasicAuthModule"]: No authorization header present
Tests run: 3, Failures: 0, Errors: 0, Skipped: 0, Time elapsed: 4.794 sec - in org.yamcs.RestClientTest
Running org.yamcs.alarms.AlarmServerTest
Tests run: 6, Failures: 0, Errors: 0, Skipped: 0, Time elapsed: 0.273 sec - in org.yamcs.alarms.AlarmServerTest
Running org.yamcs.algorithms.AlgorithmManagerJavaTest
Tests run: 3, Failures: 0, Errors: 0, Skipped: 0, Time elapsed: 2.569 sec - in org.yamcs.algorithms.AlgorithmManagerJavaTest
Running org.yamcs.algorithms.AlgorithmManagerPyTest
Tests run: 3, Failures: 0, Errors: 0, Skipped: 0, Time elapsed: 2.933 sec - in org.yamcs.algorithms.AlgorithmManagerPyTest
Running org.yamcs.algorithms.AlgorithmManagerTest
Tests run: 14, Failures: 0, Errors: 0, Skipped: 1, Time elapsed: 14.521 sec - in org.yamcs.algorithms.AlgorithmManagerTest
Running org.yamcs.algorithms.AlgorithmWithContextTest
Tests run: 1, Failures: 0, Errors: 0, Skipped: 0, Time elapsed: 2.667 sec - in org.yamcs.algorithms.AlgorithmWithContextTest
Running org.yamcs.algorithms.WindowBufferTest
Tests run: 1, Failures: 0, Errors: 0, Skipped: 0, Time elapsed: 0.074 sec - in org.yamcs.algorithms.WindowBufferTest
Running org.yamcs.api.artemis.ArtemisEventProducerTest
Jan 20 00:38:57.657 [1] org.yamcs.security.Privilege <clinit> WARNING:Privileges disabled, all connections are allowed and have full permissions
Jan 20 00:38:58.110 [1] org.apache.activemq.artemis.core.server internalStart INFO:AMQ221000: live Message Broker is starting with configuration Broker Configuration (clustered=false,journalDirectory=data/journal,bindingsDirectory=data/bindings,largeMessagesDirectory=data/largemessages,pagingDirectory=data/paging)
Jan 20 00:38:58.158 [1] org.apache.activemq.artemis.core.server <init> INFO:AMQ221043: Protocol module found: [artemis-server]. Adding protocol support for: CORE
log4j:WARN No appenders could be found for logger (org.apache.commons.beanutils.converters.BooleanConverter).
log4j:WARN Please initialize the log4j system properly.
Jan 20 00:38:58.324 [1] org.apache.activemq.artemis.core.server run INFO:AMQ221007: Server is now live
Jan 20 00:38:58.325 [1] org.apache.activemq.artemis.core.server internalStart INFO:AMQ221001: Apache ActiveMQ Artemis Message Broker version 1.5.4 [localhost, nodeID=5ab58af9-7989-11ec-98ab-0242ac11001c] 
Jan 20 00:38:58.669 [34] org.apache.activemq.artemis.core.server checkDeadLetterAddressAndExpiryAddress WARNING:AMQ222165: No Dead Letter Address configured for queue tempDataQueue.e17367fb-163a-4dd2-8273-dcfea691bedb in AddressSettings
Jan 20 00:38:58.670 [34] org.apache.activemq.artemis.core.server checkDeadLetterAddressAndExpiryAddress WARNING:AMQ222166: No Expiry Address configured for queue tempDataQueue.e17367fb-163a-4dd2-8273-dcfea691bedb in AddressSettings
Jan 20 00:38:58.816 [1] org.apache.activemq.artemis.core.server stop INFO:AMQ221002: Apache ActiveMQ Artemis Message Broker version 1.5.4 [5ab58af9-7989-11ec-98ab-0242ac11001c] stopped, uptime 0.751 seconds
Tests run: 1, Failures: 0, Errors: 0, Skipped: 0, Time elapsed: 1.428 sec - in org.yamcs.api.artemis.ArtemisEventProducerTest
Running org.yamcs.api.rest.HttpClientTest
Jan 20 00:39:03.570 [38] org.yamcs.web.HttpRequestHandler sendResponse WARNING:GET /blaba 404
Tests run: 2, Failures: 0, Errors: 0, Skipped: 0, Time elapsed: 4.171 sec - in org.yamcs.api.rest.HttpClientTest
Running org.yamcs.archive.CcsdsTmIndexTest
Tests run: 3, Failures: 0, Errors: 0, Skipped: 1, Time elapsed: 0.347 sec - in org.yamcs.archive.CcsdsTmIndexTest
Running org.yamcs.archive.CmdHistoryRecordingTest
Jan 20 00:39:05.574 [1] org.yamcs.archive.CommandHistoryRecorder[yarchtest_CmdHistoryRecordingTest] doStart WARNING:The stream cmdhist_dump has not been found
Tests run: 1, Failures: 0, Errors: 0, Skipped: 0, Time elapsed: 0.579 sec - in org.yamcs.archive.CmdHistoryRecordingTest
Running org.yamcs.archive.EventRecordingTest
Jan 20 00:39:06.589 [1] org.yamcs.security.Privilege <clinit> WARNING:Privileges disabled, all connections are allowed and have full permissions
Jan 20 00:39:07.052 [1] org.apache.activemq.artemis.core.server internalStart INFO:AMQ221000: live Message Broker is starting with configuration Broker Configuration (clustered=false,journalDirectory=data/journal,bindingsDirectory=data/bindings,largeMessagesDirectory=data/largemessages,pagingDirectory=data/paging)
Jan 20 00:39:07.101 [1] org.apache.activemq.artemis.core.server <init> INFO:AMQ221043: Protocol module found: [artemis-server]. Adding protocol support for: CORE
log4j:WARN No appenders could be found for logger (org.apache.commons.beanutils.converters.BooleanConverter).
log4j:WARN Please initialize the log4j system properly.
Jan 20 00:39:07.260 [1] org.apache.activemq.artemis.core.server run INFO:AMQ221007: Server is now live
Jan 20 00:39:07.260 [1] org.apache.activemq.artemis.core.server internalStart INFO:AMQ221001: Apache ActiveMQ Artemis Message Broker version 1.5.4 [localhost, nodeID=6009ad83-7989-11ec-8275-0242ac11001c] 
Jan 20 00:39:07.929 [34] org.apache.activemq.artemis.core.server checkDeadLetterAddressAndExpiryAddress WARNING:AMQ222165: No Dead Letter Address configured for queue yarchtest_EventRecordingTest.events_realtime-StreamAdapter in AddressSettings
Jan 20 00:39:07.930 [34] org.apache.activemq.artemis.core.server checkDeadLetterAddressAndExpiryAddress WARNING:AMQ222166: No Expiry Address configured for queue yarchtest_EventRecordingTest.events_realtime-StreamAdapter in AddressSettings
Jan 20 00:39:08.988 [34] org.apache.activemq.artemis.core.server checkDeadLetterAddressAndExpiryAddress WARNING:AMQ222165: No Dead Letter Address configured for queue tempDataQueue.a60ae949-8039-4915-9726-63ab98e57f0b in AddressSettings
Jan 20 00:39:08.989 [34] org.apache.activemq.artemis.core.server checkDeadLetterAddressAndExpiryAddress WARNING:AMQ222166: No Expiry Address configured for queue tempDataQueue.a60ae949-8039-4915-9726-63ab98e57f0b in AddressSettings
Jan 20 00:39:10.103 [42] org.apache.activemq.artemis.core.client fail WARNING:AMQ212037: Connection failure has been detected: AMQ119015: The connection was disconnected because of server shutdown [code=DISCONNECTED]
Jan 20 00:39:10.106 [1] org.apache.activemq.artemis.core.server stop INFO:AMQ221002: Apache ActiveMQ Artemis Message Broker version 1.5.4 [6009ad83-7989-11ec-8275-0242ac11001c] stopped, uptime 3.099 seconds
Tests run: 1, Failures: 0, Errors: 0, Skipped: 0, Time elapsed: 3.758 sec - in org.yamcs.archive.EventRecordingTest
Running org.yamcs.archive.PpTupleTranslatorTest
Jan 20 00:39:10.944 [1] org.yamcs.security.Privilege <clinit> WARNING:Privileges disabled, all connections are allowed and have full permissions
Jan 20 00:39:11.295 [1] org.apache.activemq.artemis.core.server internalStart INFO:AMQ221000: live Message Broker is starting with configuration Broker Configuration (clustered=false,journalDirectory=data/journal,bindingsDirectory=data/bindings,largeMessagesDirectory=data/largemessages,pagingDirectory=data/paging)
Jan 20 00:39:11.336 [1] org.apache.activemq.artemis.core.server <init> INFO:AMQ221043: Protocol module found: [artemis-server]. Adding protocol support for: CORE
log4j:WARN No appenders could be found for logger (org.apache.commons.beanutils.converters.BooleanConverter).
log4j:WARN Please initialize the log4j system properly.
Jan 20 00:39:11.481 [1] org.apache.activemq.artemis.core.server run INFO:AMQ221007: Server is now live
Jan 20 00:39:11.481 [1] org.apache.activemq.artemis.core.server internalStart INFO:AMQ221001: Apache ActiveMQ Artemis Message Broker version 1.5.4 [localhost, nodeID=6291b79a-7989-11ec-a8d7-0242ac11001c] 
Jan 20 00:39:12.029 [34] org.apache.activemq.artemis.core.server checkDeadLetterAddressAndExpiryAddress WARNING:AMQ222165: No Dead Letter Address configured for queue pp_realtime-StreamAdapter in AddressSettings
Jan 20 00:39:12.030 [34] org.apache.activemq.artemis.core.server checkDeadLetterAddressAndExpiryAddress WARNING:AMQ222166: No Expiry Address configured for queue pp_realtime-StreamAdapter in AddressSettings
Jan 20 00:39:12.088 [34] org.apache.activemq.artemis.core.server checkDeadLetterAddressAndExpiryAddress WARNING:AMQ222165: No Dead Letter Address configured for queue tempDataQueue.02f63fd6-f168-46db-8d6e-a736928478d0 in AddressSettings
Jan 20 00:39:12.088 [34] org.apache.activemq.artemis.core.server checkDeadLetterAddressAndExpiryAddress WARNING:AMQ222166: No Expiry Address configured for queue tempDataQueue.02f63fd6-f168-46db-8d6e-a736928478d0 in AddressSettings
Jan 20 00:39:15.379 [1] org.apache.activemq.artemis.core.server stop INFO:AMQ221002: Apache ActiveMQ Artemis Message Broker version 1.5.4 [6291b79a-7989-11ec-a8d7-0242ac11001c] stopped, uptime 4.122 seconds
Tests run: 1, Failures: 0, Errors: 0, Skipped: 0, Time elapsed: 4.653 sec - in org.yamcs.archive.PpTupleTranslatorTest
Running org.yamcs.artemis.ProducerKillerTest
log4j:WARN No appenders could be found for logger (org.jboss.logging).
log4j:WARN Please initialize the log4j system properly.
Jan 20 00:39:17.552 [41] org.yamcs.api.artemis.Protocol onMessage WARNING:closing producer org.apache.activemq.artemis.core.client.impl.ClientProducerImpl@6a84a97d because the consumer to the address tempDataAddress.3a398954-f190-46bf-872e-e617ee26d905 has closed
org.yamcs.api.YamcsApiException: Failed to send message to tempDataAddress.3a398954-f190-46bf-872e-e617ee26d905
	at org.yamcs.api.artemis.YamcsClient.sendData(YamcsClient.java:449)
	at org.yamcs.artemis.ProducerKillerTest$2.run(ProducerKillerTest.java:59)
	at java.lang.Thread.run(Thread.java:745)
Caused by: ActiveMQObjectClosedException[errorType=OBJECT_CLOSED message=AMQ119018: Producer is closed]
	at org.apache.activemq.artemis.core.client.impl.ClientProducerImpl.checkClosed(ClientProducerImpl.java:292)
	at org.apache.activemq.artemis.core.client.impl.ClientProducerImpl.send(ClientProducerImpl.java:124)
	at org.yamcs.api.artemis.YamcsClient.sendData(YamcsClient.java:447)
	... 2 more
Tests run: 1, Failures: 0, Errors: 0, Skipped: 0, Time elapsed: 1.647 sec - in org.yamcs.artemis.ProducerKillerTest
Running org.yamcs.artemis.StreamAdapterTest
Jan 20 00:39:18.520 [1] org.yamcs.security.Privilege <clinit> WARNING:Privileges disabled, all connections are allowed and have full permissions
Jan 20 00:39:18.983 [1] org.apache.activemq.artemis.core.server internalStart INFO:AMQ221000: live Message Broker is starting with configuration Broker Configuration (clustered=false,journalDirectory=data/journal,bindingsDirectory=data/bindings,largeMessagesDirectory=data/largemessages,pagingDirectory=data/paging)
Jan 20 00:39:19.037 [1] org.apache.activemq.artemis.core.server <init> INFO:AMQ221043: Protocol module found: [artemis-server]. Adding protocol support for: CORE
log4j:WARN No appenders could be found for logger (org.apache.commons.beanutils.converters.BooleanConverter).
log4j:WARN Please initialize the log4j system properly.
Jan 20 00:39:19.218 [1] org.apache.activemq.artemis.core.server run INFO:AMQ221007: Server is now live
Jan 20 00:39:19.218 [1] org.apache.activemq.artemis.core.server internalStart INFO:AMQ221001: Apache ActiveMQ Artemis Message Broker version 1.5.4 [localhost, nodeID=672633d1-7989-11ec-8b94-0242ac11001c] 
Jan 20 00:39:19.543 [32] org.apache.activemq.artemis.core.server checkDeadLetterAddressAndExpiryAddress WARNING:AMQ222165: No Dead Letter Address configured for queue tests2h-StreamAdapter in AddressSettings
Jan 20 00:39:19.544 [32] org.apache.activemq.artemis.core.server checkDeadLetterAddressAndExpiryAddress WARNING:AMQ222166: No Expiry Address configured for queue tests2h-StreamAdapter in AddressSettings
Jan 20 00:39:19.598 [32] org.apache.activemq.artemis.core.server checkDeadLetterAddressAndExpiryAddress WARNING:AMQ222165: No Dead Letter Address configured for queue tempDataQueue.0e3c1992-bd0e-465c-b206-4ad4759c5300 in AddressSettings
Jan 20 00:39:19.598 [32] org.apache.activemq.artemis.core.server checkDeadLetterAddressAndExpiryAddress WARNING:AMQ222166: No Expiry Address configured for queue tempDataQueue.0e3c1992-bd0e-465c-b206-4ad4759c5300 in AddressSettings
Jan 20 00:39:19.675 [32] org.apache.activemq.artemis.core.server checkDeadLetterAddressAndExpiryAddress WARNING:AMQ222165: No Dead Letter Address configured for queue tests2h-StreamAdapter in AddressSettings
Jan 20 00:39:19.675 [32] org.apache.activemq.artemis.core.server checkDeadLetterAddressAndExpiryAddress WARNING:AMQ222166: No Expiry Address configured for queue tests2h-StreamAdapter in AddressSettings
Jan 20 00:39:19.683 [32] org.apache.activemq.artemis.core.server checkDeadLetterAddressAndExpiryAddress WARNING:AMQ222165: No Dead Letter Address configured for queue tempDataQueue.6a65d936-00e1-40a5-8f87-e50e06e90f7b in AddressSettings
Jan 20 00:39:19.684 [32] org.apache.activemq.artemis.core.server checkDeadLetterAddressAndExpiryAddress WARNING:AMQ222166: No Expiry Address configured for queue tempDataQueue.6a65d936-00e1-40a5-8f87-e50e06e90f7b in AddressSettings
Jan 20 00:39:19.718 [1] org.apache.activemq.artemis.core.server stop INFO:AMQ221002: Apache ActiveMQ Artemis Message Broker version 1.5.4 [672633d1-7989-11ec-8b94-0242ac11001c] stopped, uptime 0.786 seconds
Tests run: 2, Failures: 0, Errors: 0, Skipped: 0, Time elapsed: 1.441 sec - in org.yamcs.artemis.StreamAdapterTest
Running org.yamcs.cli.YamcsCliTest
Tests run: 1, Failures: 0, Errors: 0, Skipped: 0, Time elapsed: 5.507 sec - in org.yamcs.cli.YamcsCliTest
Running org.yamcs.commanding.CommandingManagerTest
Tests run: 10, Failures: 0, Errors: 0, Skipped: 0, Time elapsed: 0.406 sec - in org.yamcs.commanding.CommandingManagerTest
Running org.yamcs.management.ProcessorsTest
connecting to yamcs
Jan 20 00:39:28.850 [32] org.yamcs.security.Privilege <clinit> WARNING:Privileges disabled, all connections are allowed and have full permissions
connecting to yamcs
Jan 20 00:39:35.161 [49] org.yamcs.management.ManagementService createProcessor WARNING:createProcessor called with invalid client id:10; ignored.
Jan 20 00:39:35.161 [49] org.yamcs.management.ManagementService createProcessor WARNING:createProcessor called with invalid client id:14; ignored.
Jan 20 00:39:35.164 [49] org.yamcs.web.rest.Router handleException WARNING:R6: Sending nominal exception 400 Bad Request back to client: createProcessor invoked with a list full of invalid client ids
Jan 20 00:39:35.172 [49] org.yamcs.web.HttpRequestHandler sendResponse WARNING:POST /api/processors/yproctest0 400
log: Exception creating processor: createProcessor invoked with a list full of invalid client ids
Tests run: 2, Failures: 0, Errors: 0, Skipped: 0, Time elapsed: 7.786 sec - in org.yamcs.management.ProcessorsTest
Running org.yamcs.parameter.ParameterCacheTest
Tests run: 5, Failures: 0, Errors: 0, Skipped: 1, Time elapsed: 0.12 sec - in org.yamcs.parameter.ParameterCacheTest
Running org.yamcs.parameter.ParameterValueListTest
Tests run: 5, Failures: 0, Errors: 0, Skipped: 0, Time elapsed: 0.159 sec - in org.yamcs.parameter.ParameterValueListTest
Running org.yamcs.parameter.SoftwareParameterManagerTest
Tests run: 1, Failures: 0, Errors: 0, Skipped: 0, Time elapsed: 2.665 sec - in org.yamcs.parameter.SoftwareParameterManagerTest
Running org.yamcs.parameter.SubsriptionArrayTest
Tests run: 1, Failures: 0, Errors: 0, Skipped: 0, Time elapsed: 0.063 sec - in org.yamcs.parameter.SubsriptionArrayTest
Running org.yamcs.parameter.ValueTest
Tests run: 1, Failures: 0, Errors: 0, Skipped: 1, Time elapsed: 0.065 sec - in org.yamcs.parameter.ValueTest
Running org.yamcs.parameterarchive.BooleanValueSegmentTest
Tests run: 1, Failures: 0, Errors: 0, Skipped: 0, Time elapsed: 0.065 sec - in org.yamcs.parameterarchive.BooleanValueSegmentTest
Running org.yamcs.parameterarchive.DoubleValueSegmentTest
Tests run: 1, Failures: 0, Errors: 0, Skipped: 0, Time elapsed: 0.072 sec - in org.yamcs.parameterarchive.DoubleValueSegmentTest
Running org.yamcs.parameterarchive.FloatValueSegmentTest
Tests run: 2, Failures: 0, Errors: 0, Skipped: 0, Time elapsed: 0.07 sec - in org.yamcs.parameterarchive.FloatValueSegmentTest
Running org.yamcs.parameterarchive.GenericValueSegmentTest
Tests run: 1, Failures: 0, Errors: 0, Skipped: 0, Time elapsed: 0.093 sec - in org.yamcs.parameterarchive.GenericValueSegmentTest
Running org.yamcs.parameterarchive.IntValueSegmentTest
Tests run: 3, Failures: 0, Errors: 0, Skipped: 0, Time elapsed: 0.075 sec - in org.yamcs.parameterarchive.IntValueSegmentTest
Running org.yamcs.parameterarchive.LongValueSegmentTest
Tests run: 2, Failures: 0, Errors: 0, Skipped: 0, Time elapsed: 0.075 sec - in org.yamcs.parameterarchive.LongValueSegmentTest
Running org.yamcs.parameterarchive.ObjectSegmentTest
Tests run: 4, Failures: 0, Errors: 0, Skipped: 0, Time elapsed: 0.236 sec - in org.yamcs.parameterarchive.ObjectSegmentTest
Running org.yamcs.parameterarchive.ParameterArchiveTest
Tests run: 5, Failures: 0, Errors: 0, Skipped: 0, Time elapsed: 0.785 sec - in org.yamcs.parameterarchive.ParameterArchiveTest
Running org.yamcs.parameterarchive.ParameterGroupIdMapTest
Tests run: 1, Failures: 0, Errors: 0, Skipped: 0, Time elapsed: 0.199 sec - in org.yamcs.parameterarchive.ParameterGroupIdMapTest
Running org.yamcs.parameterarchive.ParameterIdMapTest
Tests run: 1, Failures: 0, Errors: 0, Skipped: 0, Time elapsed: 0.192 sec - in org.yamcs.parameterarchive.ParameterIdMapTest
Running org.yamcs.parameterarchive.StringValueSegmentTest
Tests run: 1, Failures: 0, Errors: 0, Skipped: 0, Time elapsed: 0.077 sec - in org.yamcs.parameterarchive.StringValueSegmentTest
Running org.yamcs.parameterarchive.TestCompression
Tests run: 1, Failures: 0, Errors: 0, Skipped: 1, Time elapsed: 0.055 sec - in org.yamcs.parameterarchive.TestCompression
Running org.yamcs.parameterarchive.TestStructure
Tests run: 2, Failures: 0, Errors: 0, Skipped: 2, Time elapsed: 0.07 sec - in org.yamcs.parameterarchive.TestStructure
Running org.yamcs.parameterarchive.TimeSegmentTest
Tests run: 1, Failures: 0, Errors: 0, Skipped: 0, Time elapsed: 0.058 sec - in org.yamcs.parameterarchive.TimeSegmentTest
Running org.yamcs.security.PasswordHashTest
1000:009730ba6a2537cf09130740676d709a1fe5c2ef24d8ec60:865aa63c14406000ab18b15949cc7d7ccddf0c0c6d0ebd10
1000:59b383dbf9dcdb1f5ac4f14dd0146298f9fe48b112e71d1e:12828d43e6a84cad32f538bdc6b941fcffee480edd1f77b4
1000:3bcc8f8622f2a6fa4bf31ae3c3d6b6b2e9d428d896bd6a23:f2b371a2c7fedd9ac72139a48277c20d158282f57b8c6c79
1000:bbbfaa3e9947b42a1583e487390f4c2c998c7a28450bc0f7:6050ea84b0d64b85f92c54a15e9e6b4129ba377bb4e32508
1000:1c4bef8e88bb698daca5f0b3a52b28a2018aff0e6e95a83c:1b99f910fcc84d0428a8c6698ee045220c7409c263f03b4c
1000:27c6dcb65c6419bb66b9b16e04b4061385dda22b60f6bda2:e9a1074e80de41e67158464cd29219d6af7e5e5ad5d192b6
1000:8d654c7fa9b46be29574664cb10902181ee758ee82541a59:421f482daa5fda98a42849b0b34ef532dd7fb4baca01b1d8
1000:b77d1d1c87f133bbf74724105b1dc54971893ad49c41fcc5:76c1b0f5cfac7c5beda7ef574bdf30d0fc8b413f048bae78
1000:052492f3aa59042256de844607cf7c37213003758d7bdc22:7268f83543bd2ea3d56386bf299a209973d158fc9fa28977
1000:40c89d1a6501d165d3d346aeef25b4efcb9b7fc9f2e45b2a:7adcc76db8717f19ee749d18a8e4472f08697d1775691c37
Running tests...
Tests run: 1, Failures: 0, Errors: 0, Skipped: 0, Time elapsed: 1.652 sec - in org.yamcs.security.PasswordHashTest
Running org.yamcs.tctm.TcpTcUplinkerTest
Tests run: 1, Failures: 0, Errors: 0, Skipped: 0, Time elapsed: 0.203 sec - in org.yamcs.tctm.TcpTcUplinkerTest
Running org.yamcs.tctm.TmFileReaderTest
Tests run: 2, Failures: 0, Errors: 0, Skipped: 0, Time elapsed: 0.48 sec - in org.yamcs.tctm.TmFileReaderTest
Running org.yamcs.ui.eventviewer.UtilsTest
Tests run: 3, Failures: 0, Errors: 0, Skipped: 0, Time elapsed: 0.066 sec - in org.yamcs.ui.eventviewer.UtilsTest
Running org.yamcs.utils.SortedIntArrayTest
s2 encoded: [-1, 5, 20]
Tests run: 10, Failures: 0, Errors: 0, Skipped: 1, Time elapsed: 0.061 sec - in org.yamcs.utils.SortedIntArrayTest
Running org.yamcs.utils.TestBitBuffer
Tests run: 3, Failures: 0, Errors: 0, Skipped: 0, Time elapsed: 0.058 sec - in org.yamcs.utils.TestBitBuffer
Running org.yamcs.utils.TimeEncodingTest
max = 185539080470436999
5881469-05-27T23:59:59.999
Tests run: 2, Failures: 0, Errors: 0, Skipped: 0, Time elapsed: 0.102 sec - in org.yamcs.utils.TimeEncodingTest
Running org.yamcs.utils.VarIntUtilTest
Tests run: 3, Failures: 0, Errors: 0, Skipped: 0, Time elapsed: 0.059 sec - in org.yamcs.utils.VarIntUtilTest
Running org.yamcs.web.rest.RestRequestTest
Tests run: 5, Failures: 0, Errors: 0, Skipped: 0, Time elapsed: 0.172 sec - in org.yamcs.web.rest.RestRequestTest
Running org.yamcs.web.rest.RouterTest
Tests run: 10, Failures: 0, Errors: 0, Skipped: 0, Time elapsed: 0.395 sec - in org.yamcs.web.rest.RouterTest
Running org.yamcs.web.rest.archive.RestDownsamplerTest
Tests run: 1, Failures: 0, Errors: 0, Skipped: 0, Time elapsed: 0.141 sec - in org.yamcs.web.rest.archive.RestDownsamplerTest
Running org.yamcs.web.rest.mdb.NameDescriptionSearchMatcherTest
Tests run: 1, Failures: 0, Errors: 0, Skipped: 0, Time elapsed: 0.462 sec - in org.yamcs.web.rest.mdb.NameDescriptionSearchMatcherTest
Running org.yamcs.web.rest.mdb.XtceToGpbAssemblerTest
Tests run: 3, Failures: 0, Errors: 0, Skipped: 0, Time elapsed: 0.574 sec - in org.yamcs.web.rest.mdb.XtceToGpbAssemblerTest
Running org.yamcs.xtce.SpreadsheetLoaderTest
Tests run: 5, Failures: 0, Errors: 0, Skipped: 0, Time elapsed: 0.635 sec - in org.yamcs.xtce.SpreadsheetLoaderTest
Running org.yamcs.xtceproc.XtceCommandEncodingTest
command buffer: 0B0A1200
Tests run: 11, Failures: 0, Errors: 0, Skipped: 0, Time elapsed: 1.011 sec - in org.yamcs.xtceproc.XtceCommandEncodingTest
Running org.yamcs.xtceproc.XtceDbFactoryTest
Tests run: 3, Failures: 0, Errors: 0, Skipped: 0, Time elapsed: 0.702 sec - in org.yamcs.xtceproc.XtceDbFactoryTest
Running org.yamcs.xtceproc.XtceTmExtractorTest
Jan 20 00:40:08.596 [1] org.yamcs.xtceproc.ParameterTypeProcessor calibrateInteger WARNING:StringIntTermPara1_5_2: failed to parse string 'invalidint' to long
Jan 20 00:40:08.616 [1] org.yamcs.xtceproc.ParameterTypeProcessor calibrateEnumerated WARNING:StringIntTermPara20_1: failed to parse string 'invalidlong' to long
Jan 20 00:40:08.619 [1] org.yamcs.xtceproc.ParameterTypeProcessor calibrateFloat WARNING:StringFloatTSCPara1_4_2: failed to parse string 'invalidfloat' to double
Tests run: 21, Failures: 0, Errors: 0, Skipped: 0, Time elapsed: 0.511 sec - in org.yamcs.xtceproc.XtceTmExtractorTest
Running org.yamcs.yarch.ConcurrencyTest
Tests run: 2, Failures: 0, Errors: 0, Skipped: 0, Time elapsed: 29.53 sec - in org.yamcs.yarch.ConcurrencyTest
Running org.yamcs.yarch.DynamicSchemaTableTest
Tests run: 4, Failures: 0, Errors: 0, Skipped: 0, Time elapsed: 0.653 sec - in org.yamcs.yarch.DynamicSchemaTableTest
Running org.yamcs.yarch.EnumTest
Tests run: 6, Failures: 0, Errors: 0, Skipped: 0, Time elapsed: 1.739 sec - in org.yamcs.yarch.EnumTest
Running org.yamcs.yarch.EnumWithPartitionTest
Tests run: 8, Failures: 0, Errors: 0, Skipped: 0, Time elapsed: 2.214 sec - in org.yamcs.yarch.EnumWithPartitionTest
Running org.yamcs.yarch.HistogramSegmentTest
Tests run: 10, Failures: 0, Errors: 0, Skipped: 0, Time elapsed: 0.147 sec - in org.yamcs.yarch.HistogramSegmentTest
Running org.yamcs.yarch.HistogramStreamTest
Tests run: 8, Failures: 0, Errors: 0, Skipped: 2, Time elapsed: 1.758 sec - in org.yamcs.yarch.HistogramStreamTest
Running org.yamcs.yarch.StandaloneStreamTest
Tests run: 1, Failures: 0, Errors: 0, Skipped: 0, Time elapsed: 0.309 sec - in org.yamcs.yarch.StandaloneStreamTest
Running org.yamcs.yarch.StarSelectTest
Tests run: 1, Failures: 0, Errors: 0, Skipped: 0, Time elapsed: 0.386 sec - in org.yamcs.yarch.StarSelectTest
Running org.yamcs.yarch.StreamMergeTest
Tests run: 4, Failures: 0, Errors: 0, Skipped: 0, Time elapsed: 1.485 sec - in org.yamcs.yarch.StreamMergeTest
Running org.yamcs.yarch.StreamSelect1Test
Tests run: 2, Failures: 0, Errors: 0, Skipped: 0, Time elapsed: 0.557 sec - in org.yamcs.yarch.StreamSelect1Test
Running org.yamcs.yarch.StreamSelect2Test
Tests run: 8, Failures: 0, Errors: 0, Skipped: 0, Time elapsed: 3.948 sec - in org.yamcs.yarch.StreamSelect2Test
Running org.yamcs.yarch.StreamSelectPerfTest
Tests run: 1, Failures: 0, Errors: 0, Skipped: 0, Time elapsed: 1.812 sec - in org.yamcs.yarch.StreamSelectPerfTest
Running org.yamcs.yarch.StreamSelectTest
Tests run: 3, Failures: 0, Errors: 0, Skipped: 0, Time elapsed: 0.668 sec - in org.yamcs.yarch.StreamSelectTest
Running org.yamcs.yarch.StreamSqlParserTest
Tests run: 3, Failures: 0, Errors: 0, Skipped: 0, Time elapsed: 0.401 sec - in org.yamcs.yarch.StreamSqlParserTest
Running org.yamcs.yarch.TableDefinitionSerializationTest
Tests run: 4, Failures: 0, Errors: 0, Skipped: 0, Time elapsed: 0.706 sec - in org.yamcs.yarch.TableDefinitionSerializationTest
Running org.yamcs.yarch.rocksdb.HistogramRebuilderTest
Tests run: 3, Failures: 0, Errors: 0, Skipped: 0, Time elapsed: 0.52 sec - in org.yamcs.yarch.rocksdb.HistogramRebuilderTest
Running org.yamcs.yarch.rocksdb.PartitionManagerTest
Tests run: 5, Failures: 0, Errors: 0, Skipped: 0, Time elapsed: 0.74 sec - in org.yamcs.yarch.rocksdb.PartitionManagerTest
Running org.yamcs.yarch.rocksdb.PartitioningTest
Tests run: 6, Failures: 0, Errors: 0, Skipped: 0, Time elapsed: 2.492 sec - in org.yamcs.yarch.rocksdb.PartitioningTest
Running org.yamcs.yarch.rocksdb.RDBFactoryTest
Jan 20 00:41:10.581 [24] org.yamcs.yarch.rocksdb.RDBFactory lambda$doBackup$72 WARNING:Got error when creating the backup: /tmp/rdb_backup_test//db1: Directory '/tmp/rdb_backup_test//db1' is not a backup directory 
Tests run: 2, Failures: 0, Errors: 0, Skipped: 0, Time elapsed: 8.819 sec - in org.yamcs.yarch.rocksdb.RDBFactoryTest
Running org.yamcs.yarch.rocksdb.RdbEngineTest
Tests run: 1, Failures: 0, Errors: 0, Skipped: 0, Time elapsed: 0.547 sec - in org.yamcs.yarch.rocksdb.RdbEngineTest
Running org.yamcs.yarch.rocksdb.RdbSelectPerfTest
Tests run: 1, Failures: 0, Errors: 0, Skipped: 1, Time elapsed: 0.014 sec - in org.yamcs.yarch.rocksdb.RdbSelectPerfTest
Running org.yamcs.yarch.rocksdb.RdbSelectTest
Tests run: 14, Failures: 0, Errors: 0, Skipped: 0, Time elapsed: 1.327 sec - in org.yamcs.yarch.rocksdb.RdbSelectTest
Running org.yamcs.yarch.rocksdb.TagsTest
Tests run: 1, Failures: 0, Errors: 0, Skipped: 0, Time elapsed: 0.529 sec - in org.yamcs.yarch.rocksdb.TagsTest

Results :

Tests run: 319, Failures: 0, Errors: 0, Skipped: 13

[INFO]                                                                         
[INFO] ------------------------------------------------------------------------
[INFO] Building Yamcs Simulation 3.2.0-SNAPSHOT
[INFO] ------------------------------------------------------------------------
[INFO] 
[INFO] --- maven-resources-plugin:2.6:resources (default-resources) @ yamcs-simulation ---
[INFO] Using 'UTF-8' encoding to copy filtered resources.
[INFO] Copying 2 resources
[INFO] 
[INFO] --- maven-compiler-plugin:2.3.2:compile (default-compile) @ yamcs-simulation ---
[INFO] Nothing to compile - all classes are up to date
[INFO] 
[INFO] --- maven-resources-plugin:2.6:testResources (default-testResources) @ yamcs-simulation ---
[INFO] Using 'UTF-8' encoding to copy filtered resources.
[INFO] Copying 5 resources
[INFO] 
[INFO] --- maven-compiler-plugin:2.3.2:testCompile (default-testCompile) @ yamcs-simulation ---
[INFO] Nothing to compile - all classes are up to date
[INFO] 
[INFO] --- maven-surefire-plugin:2.19.1:test (default-test) @ yamcs-simulation ---

-------------------------------------------------------
 T E S T S
-------------------------------------------------------
Running org.yamcs.simulation.SimulationPpProviderTest
<?xml version="1.0" encoding="UTF-8" standalone="yes"?>
<ppSimulation>
    <parameterSequence>
        <parameter spaceSystem="APM" paraName="SOLAR_toto" generationStep="2" aquisitionStep="1"/>
    </parameterSequence>
</ppSimulation>
Tests run: 5, Failures: 0, Errors: 0, Skipped: 0, Time elapsed: 4.283 sec - in org.yamcs.simulation.SimulationPpProviderTest

Results :

Tests run: 5, Failures: 0, Errors: 0, Skipped: 0

[INFO] ------------------------------------------------------------------------
[INFO] Reactor Summary:
[INFO] 
[INFO] Yamcs .............................................. SUCCESS [  0.045 s]
[INFO] Yamcs API .......................................... SUCCESS [  1.943 s]
[INFO] Yamcs XTCE ......................................... SUCCESS [  1.194 s]
[INFO] Yamcs Core ......................................... SUCCESS [04:00 min]
[INFO] Yamcs Simulation ................................... SUCCESS [  5.003 s]
[INFO] ------------------------------------------------------------------------
[INFO] BUILD SUCCESS
[INFO] ------------------------------------------------------------------------
[INFO] Total time: 04:08 min
[INFO] Finished at: 2022-01-20T00:41:29+00:00
[INFO] Final Memory: 12M/358M
[INFO] ------------------------------------------------------------------------

travis_time:end:06946105:start=1642639039477326879,finish=1642639289576928514,duration=250099601635[0K
[32;1mThe command "mvn -o -Dhttps.protocols=TLSv1.2 -Dsurefire.useFile=false test" exited with 0.[0m
travis_fold:start:cache.2[0Kstore build cache
travis_time:start:07041cc9[0K
travis_time:end:07041cc9:start=1642639289588613762,finish=1642639289597950924,duration=9337162[0Ktravis_time:start:227050b8[0K/home/travis/.casher/bin/casher:190: warning: Insecure world writable dir /home/travis/build/passed/yamcs/yamcs/. in PATH, mode 040777
[32;1mchanges detected, packing new archive[0m
/home/travis/.casher/bin/casher:213:in `cache_archive_name': undefined method `[]' for nil:NilClass (NoMethodError)
	from /home/travis/.casher/bin/casher:143:in `push'
	from /home/travis/.casher/bin/casher:53:in `block in run'
	from /home/travis/.rvm/rubies/ruby-1.9.3-p551/lib/ruby/1.9.1/timeout.rb:69:in `timeout'
	from /home/travis/.casher/bin/casher:53:in `run'
	from /home/travis/.casher/bin/casher:263:in `<main>'

travis_time:end:227050b8:start=1642639289608921744,finish=1642639293420156597,duration=3811234853[0Ktravis_fold:end:cache.2[0Ktravis_fold:start:after_success[0Ktravis_time:start:0fcdae38[0K$ rm -Dhttps.protocols=TLSv1.2 -r $HOME/.yamcs; mvn -o -Dsurefire.useFile=false clean org.jacoco:jacoco-maven-plugin:prepare-agent package sonar:sonar
rm: invalid option -- 'D'
Try `rm --help' for more information.
Java HotSpot(TM) 64-Bit Server VM warning: ignoring option MaxPermSize=192m; support was removed in 8.0
[INFO] Scanning for projects...
[INFO] ------------------------------------------------------------------------
[INFO] Reactor Build Order:
[INFO] 
[INFO] Yamcs
[INFO] Yamcs API
[INFO] Yamcs XTCE
[INFO] Yamcs Core
[INFO] Yamcs Simulation
[INFO]                                                                         
[INFO] ------------------------------------------------------------------------
[INFO] Building Yamcs 3.2.0-SNAPSHOT
[INFO] ------------------------------------------------------------------------
[INFO] 
[INFO] --- maven-clean-plugin:2.5:clean (default-clean) @ yamcs ---
[INFO] 
[INFO] --- jacoco-maven-plugin:0.8.6:prepare-agent (default-cli) @ yamcs ---
[INFO] argLine set to -javaagent:/home/travis/.m2/repository/org/jacoco/org.jacoco.agent/0.8.6/org.jacoco.agent-0.8.6-runtime.jar=destfile=/home/travis/build/passed/yamcs/yamcs/target/jacoco.exec
[INFO] 
[INFO] --- maven-source-plugin:2.2.1:jar-no-fork (attach-sources) @ yamcs ---
[INFO]                                                                         
[INFO] ------------------------------------------------------------------------
[INFO] Building Yamcs API 3.2.0-SNAPSHOT
[INFO] ------------------------------------------------------------------------
[INFO] 
[INFO] --- maven-clean-plugin:2.5:clean (default-clean) @ yamcs-api ---
[INFO] Deleting /home/travis/build/passed/yamcs/yamcs/yamcs-api/target
[INFO] 
[INFO] --- jacoco-maven-plugin:0.8.6:prepare-agent (default-cli) @ yamcs-api ---
[INFO] argLine set to -javaagent:/home/travis/.m2/repository/org/jacoco/org.jacoco.agent/0.8.6/org.jacoco.agent-0.8.6-runtime.jar=destfile=/home/travis/build/passed/yamcs/yamcs/yamcs-api/target/jacoco.exec
[INFO] 
[INFO] --- maven-resources-plugin:2.6:resources (default-resources) @ yamcs-api ---
[INFO] Using 'UTF-8' encoding to copy filtered resources.
[INFO] Copying 1 resource
[INFO] 
[INFO] --- maven-compiler-plugin:2.3.2:compile (default-compile) @ yamcs-api ---
[INFO] Compiling 72 source files to /home/travis/build/passed/yamcs/yamcs/yamcs-api/target/classes
[INFO] 
[INFO] --- maven-resources-plugin:2.6:testResources (default-testResources) @ yamcs-api ---
[INFO] Using 'UTF-8' encoding to copy filtered resources.
[INFO] skip non existing resourceDirectory /home/travis/build/passed/yamcs/yamcs/yamcs-api/src/test/resources
[INFO] 
[INFO] --- maven-compiler-plugin:2.3.2:testCompile (default-testCompile) @ yamcs-api ---
[INFO] Compiling 4 source files to /home/travis/build/passed/yamcs/yamcs/yamcs-api/target/test-classes
[INFO] 
[INFO] --- maven-surefire-plugin:2.19.1:test (default-test) @ yamcs-api ---

-------------------------------------------------------
 T E S T S
-------------------------------------------------------
Running org.yamcs.api.AbstractEventProducerTest
Tests run: 5, Failures: 0, Errors: 0, Skipped: 0, Time elapsed: 0.179 sec - in org.yamcs.api.AbstractEventProducerTest
Running org.yamcs.utils.TaiUtcConverterTest
Tests run: 2, Failures: 0, Errors: 0, Skipped: 0, Time elapsed: 0 sec - in org.yamcs.utils.TaiUtcConverterTest
Running org.yamcs.utils.TimeEncodingTest
sdf,format:2010-12-31T23:59:59.000
d=Fri Dec 31 23:59:59 UTC 2010
cal=Fri Dec 31 23:59:59 UTC 2010
hod=23
s=2010-12-31T23:59:59.000
Tests run: 15, Failures: 0, Errors: 0, Skipped: 0, Time elapsed: 0.021 sec - in org.yamcs.utils.TimeEncodingTest

Results :

Tests run: 22, Failures: 0, Errors: 0, Skipped: 0

[INFO] 
[INFO] --- maven-jar-plugin:2.4:jar (default-jar) @ yamcs-api ---
[INFO] Building jar: /home/travis/build/passed/yamcs/yamcs/yamcs-api/target/yamcs-api-3.2.0-SNAPSHOT.jar
[INFO] 
[INFO] --- maven-source-plugin:2.2.1:jar-no-fork (attach-sources) @ yamcs-api ---
[INFO] Building jar: /home/travis/build/passed/yamcs/yamcs/yamcs-api/target/yamcs-api-3.2.0-SNAPSHOT-sources.jar
[INFO]                                                                         
[INFO] ------------------------------------------------------------------------
[INFO] Building Yamcs XTCE 3.2.0-SNAPSHOT
[INFO] ------------------------------------------------------------------------
[INFO] 
[INFO] --- maven-clean-plugin:2.5:clean (default-clean) @ yamcs-xtce ---
[INFO] Deleting /home/travis/build/passed/yamcs/yamcs/yamcs-xtce/target
[INFO] 
[INFO] --- jacoco-maven-plugin:0.8.6:prepare-agent (default-cli) @ yamcs-xtce ---
[INFO] argLine set to -javaagent:/home/travis/.m2/repository/org/jacoco/org.jacoco.agent/0.8.6/org.jacoco.agent-0.8.6-runtime.jar=destfile=/home/travis/build/passed/yamcs/yamcs/yamcs-xtce/target/jacoco.exec
[INFO] 
[INFO] --- maven-resources-plugin:2.6:resources (default-resources) @ yamcs-xtce ---
[INFO] Using 'UTF-8' encoding to copy filtered resources.
[INFO] Copying 1 resource
[INFO] 
[INFO] --- maven-compiler-plugin:2.3.2:compile (default-compile) @ yamcs-xtce ---
[INFO] Compiling 106 source files to /home/travis/build/passed/yamcs/yamcs/yamcs-xtce/target/classes
[INFO] 
[INFO] --- maven-resources-plugin:2.6:testResources (default-testResources) @ yamcs-xtce ---
[INFO] Using 'UTF-8' encoding to copy filtered resources.
[INFO] Copying 1 resource
[INFO] 
[INFO] --- maven-compiler-plugin:2.3.2:testCompile (default-testCompile) @ yamcs-xtce ---
[INFO] Compiling 2 source files to /home/travis/build/passed/yamcs/yamcs/yamcs-xtce/target/test-classes
[INFO] 
[INFO] --- maven-surefire-plugin:2.19.1:test (default-test) @ yamcs-xtce ---

-------------------------------------------------------
 T E S T S
-------------------------------------------------------
Running org.yamcs.xtce.XtceStaxReaderTest
Jan 20, 2022 12:41:52 AM org.yamcs.xtce.xml.XtceStaxReader skipXtceSection
INFO: Section <AuthorSet> skipped
Jan 20, 2022 12:41:52 AM org.yamcs.xtce.xml.XtceStaxReader skipXtceSection
INFO: Section <NoteSet> skipped
Jan 20, 2022 12:41:52 AM org.yamcs.xtce.xml.XtceStaxReader skipXtceSection
INFO: Section <AbsoluteTimeParameterType> skipped
Jan 20, 2022 12:41:52 AM org.yamcs.xtce.xml.XtceStaxReader skipXtceSection
INFO: Section <CommandMetaData> skipped
Jan 20, 2022 12:41:52 AM org.yamcs.xtce.xml.XtceStaxReader skipXtceSection
INFO: Section <ContextCalibratorList> skipped
Jan 20, 2022 12:41:52 AM org.yamcs.xtce.xml.XtceStaxReader skipXtceSection
INFO: Section <ContextCalibratorList> skipped
Jan 20, 2022 12:41:52 AM org.yamcs.xtce.xml.XtceStaxReader skipXtceSection
INFO: Section <SystemName> skipped
Jan 20, 2022 12:41:52 AM org.yamcs.xtce.xml.XtceStaxReader skipXtceSection
INFO: Section <SystemName> skipped
Jan 20, 2022 12:41:52 AM org.yamcs.xtce.xml.XtceStaxReader skipXtceSection
INFO: Section <SystemName> skipped
Jan 20, 2022 12:41:52 AM org.yamcs.xtce.xml.XtceStaxReader skipXtceSection
INFO: Section <SystemName> skipped
Jan 20, 2022 12:41:52 AM org.yamcs.xtce.xml.XtceStaxReader skipXtceSection
INFO: Section <SystemName> skipped
Jan 20, 2022 12:41:52 AM org.yamcs.xtce.xml.XtceStaxReader skipXtceSection
INFO: Section <SystemName> skipped
Jan 20, 2022 12:41:52 AM org.yamcs.xtce.xml.XtceStaxReader skipXtceSection
INFO: Section <SystemName> skipped
Jan 20, 2022 12:41:52 AM org.yamcs.xtce.xml.XtceStaxReader skipXtceSection
INFO: Section <SystemName> skipped
Jan 20, 2022 12:41:52 AM org.yamcs.xtce.xml.XtceStaxReader skipXtceSection
INFO: Section <SystemName> skipped
Jan 20, 2022 12:41:52 AM org.yamcs.xtce.xml.XtceStaxReader skipXtceSection
INFO: Section <SystemName> skipped
Jan 20, 2022 12:41:52 AM org.yamcs.xtce.xml.XtceStaxReader skipXtceSection
INFO: Section <SystemName> skipped
Jan 20, 2022 12:41:52 AM org.yamcs.xtce.xml.XtceStaxReader skipXtceSection
INFO: Section <PhysicalAddressSet> skipped
Jan 20, 2022 12:41:52 AM org.yamcs.xtce.xml.XtceStaxReader skipXtceSection
INFO: Section <SystemName> skipped
Jan 20, 2022 12:41:52 AM org.yamcs.xtce.xml.XtceStaxReader skipXtceSection
INFO: Section <PhysicalAddressSet> skipped
Jan 20, 2022 12:41:52 AM org.yamcs.xtce.xml.XtceStaxReader skipXtceSection
INFO: Section <SystemName> skipped
Jan 20, 2022 12:41:52 AM org.yamcs.xtce.xml.XtceStaxReader skipXtceSection
INFO: Section <PhysicalAddressSet> skipped
Jan 20, 2022 12:41:52 AM org.yamcs.xtce.xml.XtceStaxReader skipXtceSection
INFO: Section <AlgorithmSet> skipped
Jan 20, 2022 12:41:52 AM org.yamcs.xtce.xml.XtceStaxReader skipXtceSection
INFO: Section <SystemName> skipped
Jan 20, 2022 12:41:52 AM org.yamcs.xtce.xml.XtceStaxReader skipXtceSection
INFO: Section <SystemName> skipped
Jan 20, 2022 12:41:52 AM org.yamcs.xtce.xml.XtceStaxReader skipXtceSection
INFO: Section <SystemName> skipped
Jan 20, 2022 12:41:52 AM org.yamcs.xtce.xml.XtceStaxReader skipXtceSection
INFO: Section <SystemName> skipped
Jan 20, 2022 12:41:52 AM org.yamcs.xtce.xml.XtceStaxReader skipXtceSection
INFO: Section <SystemName> skipped
Jan 20, 2022 12:41:52 AM org.yamcs.xtce.xml.XtceStaxReader skipXtceSection
INFO: Section <SystemName> skipped
Jan 20, 2022 12:41:52 AM org.yamcs.xtce.xml.XtceStaxReader skipXtceSection
INFO: Section <SystemName> skipped
Jan 20, 2022 12:41:52 AM org.yamcs.xtce.xml.XtceStaxReader skipXtceSection
INFO: Section <SystemName> skipped
Jan 20, 2022 12:41:52 AM org.yamcs.xtce.xml.XtceStaxReader skipXtceSection
INFO: Section <SystemName> skipped
Jan 20, 2022 12:41:52 AM org.yamcs.xtce.xml.XtceStaxReader skipXtceSection
INFO: Section <SystemName> skipped
Jan 20, 2022 12:41:52 AM org.yamcs.xtce.xml.XtceStaxReader skipXtceSection
INFO: Section <SystemName> skipped
Jan 20, 2022 12:41:52 AM org.yamcs.xtce.xml.XtceStaxReader skipXtceSection
INFO: Section <SystemName> skipped
Jan 20, 2022 12:41:52 AM org.yamcs.xtce.xml.XtceStaxReader skipXtceSection
INFO: Section <SystemName> skipped
Jan 20, 2022 12:41:52 AM org.yamcs.xtce.xml.XtceStaxReader skipXtceSection
INFO: Section <SystemName> skipped
Jan 20, 2022 12:41:52 AM org.yamcs.xtce.xml.XtceStaxReader skipXtceSection
INFO: Section <SystemName> skipped
Jan 20, 2022 12:41:52 AM org.yamcs.xtce.xml.XtceStaxReader readXmlDocument
INFO: XTCE file parsing finished successfully
ss: SpaceSystem[BogusSAT]
Tests run: 1, Failures: 0, Errors: 0, Skipped: 0, Time elapsed: 0.336 sec - in org.yamcs.xtce.XtceStaxReaderTest
Running org.yamcs.xtce.HistoryTest
Tests run: 2, Failures: 0, Errors: 0, Skipped: 0, Time elapsed: 0.004 sec - in org.yamcs.xtce.HistoryTest

Results :

Tests run: 3, Failures: 0, Errors: 0, Skipped: 0

[INFO] 
[INFO] --- maven-jar-plugin:2.4:jar (default-jar) @ yamcs-xtce ---
[INFO] Building jar: /home/travis/build/passed/yamcs/yamcs/yamcs-xtce/target/yamcs-xtce-3.2.0-SNAPSHOT.jar
[INFO] 
[INFO] --- maven-source-plugin:2.2.1:jar-no-fork (attach-sources) @ yamcs-xtce ---
[INFO] Building jar: /home/travis/build/passed/yamcs/yamcs/yamcs-xtce/target/yamcs-xtce-3.2.0-SNAPSHOT-sources.jar
[INFO]                                                                         
[INFO] ------------------------------------------------------------------------
[INFO] Building Yamcs Core 3.2.0-SNAPSHOT
[INFO] ------------------------------------------------------------------------
[INFO] 
[INFO] --- maven-clean-plugin:2.4.1:clean (default-clean) @ yamcs-core ---
[INFO] Deleting /home/travis/build/passed/yamcs/yamcs/yamcs-core/target
[INFO] Deleting /home/travis/build/passed/yamcs/yamcs/yamcs-core/lib (includes = [**/*.jar], excludes = [])
[INFO] 
[INFO] --- jacoco-maven-plugin:0.8.6:prepare-agent (default-cli) @ yamcs-core ---
[INFO] argLine set to -javaagent:/home/travis/.m2/repository/org/jacoco/org.jacoco.agent/0.8.6/org.jacoco.agent-0.8.6-runtime.jar=destfile=/home/travis/build/passed/yamcs/yamcs/yamcs-core/target/jacoco.exec
[INFO] 
[INFO] --- build-helper-maven-plugin:1.11:add-source (add-source) @ yamcs-core ---
[INFO] Source directory: /home/travis/build/passed/yamcs/yamcs/yamcs-core/target/generated-sources/version added.
[INFO] 
[INFO] --- maven-antrun-plugin:1.3:run (generate-version) @ yamcs-core ---
[INFO] Executing tasks
     [copy] Copying 1 file to /home/travis/build/passed/yamcs/yamcs/yamcs-core/target/generated-sources/version/org/yamcs
[INFO] Executed tasks
[INFO] 
[INFO] --- maven-resources-plugin:2.6:resources (default-resources) @ yamcs-core ---
[INFO] Using 'UTF-8' encoding to copy filtered resources.
[INFO] Copying 31 resources
[INFO] 
[INFO] --- maven-compiler-plugin:2.3.2:compile (default-compile) @ yamcs-core ---
[INFO] Compiling 603 source files to /home/travis/build/passed/yamcs/yamcs/yamcs-core/target/classes
[INFO] 
[INFO] --- maven-resources-plugin:2.6:testResources (default-testResources) @ yamcs-core ---
[INFO] Using 'UTF-8' encoding to copy filtered resources.
[INFO] Copying 37 resources
[INFO] Copying 19 resources
[INFO] 
[INFO] --- maven-compiler-plugin:2.3.2:testCompile (default-testCompile) @ yamcs-core ---
[INFO] Compiling 98 source files to /home/travis/build/passed/yamcs/yamcs/yamcs-core/target/test-classes
[INFO] 
[INFO] --- maven-surefire-plugin:2.19.1:test (default-test) @ yamcs-core ---

-------------------------------------------------------
 T E S T S
-------------------------------------------------------
Running org.yamcs.yarch.TableDefinitionSerializationTest
Tests run: 4, Failures: 0, Errors: 0, Skipped: 0, Time elapsed: 1.043 sec - in org.yamcs.yarch.TableDefinitionSerializationTest
Running org.yamcs.yarch.DynamicSchemaTableTest
Tests run: 4, Failures: 0, Errors: 0, Skipped: 0, Time elapsed: 0.968 sec - in org.yamcs.yarch.DynamicSchemaTableTest
Running org.yamcs.yarch.StreamSelectTest
Tests run: 3, Failures: 0, Errors: 0, Skipped: 0, Time elapsed: 0.87 sec - in org.yamcs.yarch.StreamSelectTest
Running org.yamcs.yarch.StreamSelectPerfTest
Tests run: 1, Failures: 0, Errors: 0, Skipped: 0, Time elapsed: 3.353 sec - in org.yamcs.yarch.StreamSelectPerfTest
Running org.yamcs.yarch.rocksdb.PartitionManagerTest
Tests run: 5, Failures: 0, Errors: 0, Skipped: 0, Time elapsed: 0.735 sec - in org.yamcs.yarch.rocksdb.PartitionManagerTest
Running org.yamcs.yarch.rocksdb.HistogramRebuilderTest
Tests run: 3, Failures: 0, Errors: 0, Skipped: 0, Time elapsed: 0.75 sec - in org.yamcs.yarch.rocksdb.HistogramRebuilderTest
Running org.yamcs.yarch.rocksdb.RdbSelectTest
Tests run: 14, Failures: 0, Errors: 0, Skipped: 0, Time elapsed: 1.121 sec - in org.yamcs.yarch.rocksdb.RdbSelectTest
Running org.yamcs.yarch.rocksdb.TagsTest
Tests run: 1, Failures: 0, Errors: 0, Skipped: 0, Time elapsed: 0.891 sec - in org.yamcs.yarch.rocksdb.TagsTest
Running org.yamcs.yarch.rocksdb.RdbSelectPerfTest
Tests run: 1, Failures: 0, Errors: 0, Skipped: 1, Time elapsed: 0.022 sec - in org.yamcs.yarch.rocksdb.RdbSelectPerfTest
Running org.yamcs.yarch.rocksdb.RdbEngineTest
Tests run: 1, Failures: 0, Errors: 0, Skipped: 0, Time elapsed: 0.548 sec - in org.yamcs.yarch.rocksdb.RdbEngineTest
Running org.yamcs.yarch.rocksdb.PartitioningTest
Tests run: 6, Failures: 0, Errors: 0, Skipped: 0, Time elapsed: 1.22 sec - in org.yamcs.yarch.rocksdb.PartitioningTest
Running org.yamcs.yarch.rocksdb.RDBFactoryTest
Jan 20 00:42:33.854 [25] org.yamcs.yarch.rocksdb.RDBFactory lambda$doBackup$72 WARNING:Got error when creating the backup: /tmp/rdb_backup_test//db1: Directory '/tmp/rdb_backup_test//db1' is not a backup directory 
Tests run: 2, Failures: 0, Errors: 0, Skipped: 0, Time elapsed: 3.176 sec - in org.yamcs.yarch.rocksdb.RDBFactoryTest
Running org.yamcs.yarch.StreamSelect1Test
Tests run: 2, Failures: 0, Errors: 0, Skipped: 0, Time elapsed: 0.778 sec - in org.yamcs.yarch.StreamSelect1Test
Running org.yamcs.yarch.ConcurrencyTest
Tests run: 2, Failures: 0, Errors: 0, Skipped: 0, Time elapsed: 29.397 sec - in org.yamcs.yarch.ConcurrencyTest
Running org.yamcs.yarch.StreamSelect2Test
Tests run: 8, Failures: 0, Errors: 0, Skipped: 0, Time elapsed: 5.302 sec - in org.yamcs.yarch.StreamSelect2Test
Running org.yamcs.yarch.HistogramSegmentTest
Tests run: 10, Failures: 0, Errors: 0, Skipped: 0, Time elapsed: 0.189 sec - in org.yamcs.yarch.HistogramSegmentTest
Running org.yamcs.yarch.StreamMergeTest
Tests run: 4, Failures: 0, Errors: 0, Skipped: 0, Time elapsed: 4.305 sec - in org.yamcs.yarch.StreamMergeTest
Running org.yamcs.yarch.HistogramStreamTest
Tests run: 8, Failures: 0, Errors: 0, Skipped: 2, Time elapsed: 3.285 sec - in org.yamcs.yarch.HistogramStreamTest
Running org.yamcs.yarch.EnumTest
Tests run: 6, Failures: 0, Errors: 0, Skipped: 0, Time elapsed: 1.685 sec - in org.yamcs.yarch.EnumTest
Running org.yamcs.yarch.StarSelectTest
Tests run: 1, Failures: 0, Errors: 0, Skipped: 0, Time elapsed: 0.579 sec - in org.yamcs.yarch.StarSelectTest
Running org.yamcs.yarch.StreamSqlParserTest
Tests run: 3, Failures: 0, Errors: 0, Skipped: 0, Time elapsed: 0.566 sec - in org.yamcs.yarch.StreamSqlParserTest
Running org.yamcs.yarch.StandaloneStreamTest
Tests run: 1, Failures: 0, Errors: 0, Skipped: 0, Time elapsed: 0.5 sec - in org.yamcs.yarch.StandaloneStreamTest
Running org.yamcs.yarch.EnumWithPartitionTest
Tests run: 8, Failures: 0, Errors: 0, Skipped: 0, Time elapsed: 1.614 sec - in org.yamcs.yarch.EnumWithPartitionTest
Running org.yamcs.parameterarchive.FloatValueSegmentTest
Tests run: 2, Failures: 0, Errors: 0, Skipped: 0, Time elapsed: 0.139 sec - in org.yamcs.parameterarchive.FloatValueSegmentTest
Running org.yamcs.parameterarchive.ParameterGroupIdMapTest
Tests run: 1, Failures: 0, Errors: 0, Skipped: 0, Time elapsed: 0.26 sec - in org.yamcs.parameterarchive.ParameterGroupIdMapTest
Running org.yamcs.parameterarchive.GenericValueSegmentTest
Tests run: 1, Failures: 0, Errors: 0, Skipped: 0, Time elapsed: 0.199 sec - in org.yamcs.parameterarchive.GenericValueSegmentTest
Running org.yamcs.parameterarchive.IntValueSegmentTest
Tests run: 3, Failures: 0, Errors: 0, Skipped: 0, Time elapsed: 0.173 sec - in org.yamcs.parameterarchive.IntValueSegmentTest
Running org.yamcs.parameterarchive.ObjectSegmentTest
Tests run: 4, Failures: 0, Errors: 0, Skipped: 0, Time elapsed: 0.433 sec - in org.yamcs.parameterarchive.ObjectSegmentTest
Running org.yamcs.parameterarchive.TestStructure
Tests run: 2, Failures: 0, Errors: 0, Skipped: 2, Time elapsed: 0.097 sec - in org.yamcs.parameterarchive.TestStructure
Running org.yamcs.parameterarchive.TimeSegmentTest
Tests run: 1, Failures: 0, Errors: 0, Skipped: 0, Time elapsed: 0.118 sec - in org.yamcs.parameterarchive.TimeSegmentTest
Running org.yamcs.parameterarchive.LongValueSegmentTest
Tests run: 2, Failures: 0, Errors: 0, Skipped: 0, Time elapsed: 0.13 sec - in org.yamcs.parameterarchive.LongValueSegmentTest
Running org.yamcs.parameterarchive.TestCompression
Tests run: 1, Failures: 0, Errors: 0, Skipped: 1, Time elapsed: 0.077 sec - in org.yamcs.parameterarchive.TestCompression
Running org.yamcs.parameterarchive.BooleanValueSegmentTest
Tests run: 1, Failures: 0, Errors: 0, Skipped: 0, Time elapsed: 0.111 sec - in org.yamcs.parameterarchive.BooleanValueSegmentTest
Running org.yamcs.parameterarchive.DoubleValueSegmentTest
Tests run: 1, Failures: 0, Errors: 0, Skipped: 0, Time elapsed: 0.125 sec - in org.yamcs.parameterarchive.DoubleValueSegmentTest
Running org.yamcs.parameterarchive.ParameterIdMapTest
Tests run: 1, Failures: 0, Errors: 0, Skipped: 0, Time elapsed: 0.277 sec - in org.yamcs.parameterarchive.ParameterIdMapTest
Running org.yamcs.parameterarchive.StringValueSegmentTest
Tests run: 1, Failures: 0, Errors: 0, Skipped: 0, Time elapsed: 0.13 sec - in org.yamcs.parameterarchive.StringValueSegmentTest
Running org.yamcs.parameterarchive.ParameterArchiveTest
Tests run: 5, Failures: 0, Errors: 0, Skipped: 0, Time elapsed: 1.091 sec - in org.yamcs.parameterarchive.ParameterArchiveTest
Running org.yamcs.parameter.SoftwareParameterManagerTest
Tests run: 1, Failures: 0, Errors: 0, Skipped: 0, Time elapsed: 2.734 sec - in org.yamcs.parameter.SoftwareParameterManagerTest
Running org.yamcs.parameter.SubsriptionArrayTest
Tests run: 1, Failures: 0, Errors: 0, Skipped: 0, Time elapsed: 0.081 sec - in org.yamcs.parameter.SubsriptionArrayTest
Running org.yamcs.parameter.ParameterValueListTest
Tests run: 5, Failures: 0, Errors: 0, Skipped: 0, Time elapsed: 0.209 sec - in org.yamcs.parameter.ParameterValueListTest
Running org.yamcs.parameter.ValueTest
Tests run: 1, Failures: 0, Errors: 0, Skipped: 1, Time elapsed: 0.095 sec - in org.yamcs.parameter.ValueTest
Running org.yamcs.parameter.ParameterCacheTest
Tests run: 5, Failures: 0, Errors: 0, Skipped: 1, Time elapsed: 0.17 sec - in org.yamcs.parameter.ParameterCacheTest
Running org.yamcs.alarms.AlarmServerTest
Tests run: 6, Failures: 0, Errors: 0, Skipped: 0, Time elapsed: 0.234 sec - in org.yamcs.alarms.AlarmServerTest
Running org.yamcs.algorithms.AlgorithmWithContextTest
Tests run: 1, Failures: 0, Errors: 0, Skipped: 0, Time elapsed: 3.576 sec - in org.yamcs.algorithms.AlgorithmWithContextTest
Running org.yamcs.algorithms.WindowBufferTest
Tests run: 1, Failures: 0, Errors: 0, Skipped: 0, Time elapsed: 0.096 sec - in org.yamcs.algorithms.WindowBufferTest
Running org.yamcs.algorithms.AlgorithmManagerTest
Tests run: 14, Failures: 0, Errors: 0, Skipped: 1, Time elapsed: 14.933 sec - in org.yamcs.algorithms.AlgorithmManagerTest
Running org.yamcs.algorithms.AlgorithmManagerPyTest
Tests run: 3, Failures: 0, Errors: 0, Skipped: 0, Time elapsed: 3.984 sec - in org.yamcs.algorithms.AlgorithmManagerPyTest
Running org.yamcs.algorithms.AlgorithmManagerJavaTest
Tests run: 3, Failures: 0, Errors: 0, Skipped: 0, Time elapsed: 3.607 sec - in org.yamcs.algorithms.AlgorithmManagerJavaTest
Running org.yamcs.ui.eventviewer.UtilsTest
Tests run: 3, Failures: 0, Errors: 0, Skipped: 0, Time elapsed: 0.098 sec - in org.yamcs.ui.eventviewer.UtilsTest
Running org.yamcs.artemis.StreamAdapterTest
Jan 20 00:44:30.780 [1] org.yamcs.security.Privilege <clinit> WARNING:Privileges disabled, all connections are allowed and have full permissions
Jan 20 00:44:31.262 [1] org.apache.activemq.artemis.core.server internalStart INFO:AMQ221000: live Message Broker is starting with configuration Broker Configuration (clustered=false,journalDirectory=data/journal,bindingsDirectory=data/bindings,largeMessagesDirectory=data/largemessages,pagingDirectory=data/paging)
Jan 20 00:44:31.329 [1] org.apache.activemq.artemis.core.server <init> INFO:AMQ221043: Protocol module found: [artemis-server]. Adding protocol support for: CORE
log4j:WARN No appenders could be found for logger (org.apache.commons.beanutils.converters.BooleanConverter).
log4j:WARN Please initialize the log4j system properly.
Jan 20 00:44:31.512 [1] org.apache.activemq.artemis.core.server run INFO:AMQ221007: Server is now live
Jan 20 00:44:31.512 [1] org.apache.activemq.artemis.core.server internalStart INFO:AMQ221001: Apache ActiveMQ Artemis Message Broker version 1.5.4 [localhost, nodeID=21465d93-798a-11ec-a1b4-0242ac11001c] 
Jan 20 00:44:32.026 [33] org.apache.activemq.artemis.core.server checkDeadLetterAddressAndExpiryAddress WARNING:AMQ222165: No Dead Letter Address configured for queue tests2h-StreamAdapter in AddressSettings
Jan 20 00:44:32.026 [33] org.apache.activemq.artemis.core.server checkDeadLetterAddressAndExpiryAddress WARNING:AMQ222166: No Expiry Address configured for queue tests2h-StreamAdapter in AddressSettings
Jan 20 00:44:32.099 [33] org.apache.activemq.artemis.core.server checkDeadLetterAddressAndExpiryAddress WARNING:AMQ222165: No Dead Letter Address configured for queue tempDataQueue.4f197f03-cbf2-4e4f-882a-6f2c15eec447 in AddressSettings
Jan 20 00:44:32.100 [33] org.apache.activemq.artemis.core.server checkDeadLetterAddressAndExpiryAddress WARNING:AMQ222166: No Expiry Address configured for queue tempDataQueue.4f197f03-cbf2-4e4f-882a-6f2c15eec447 in AddressSettings
Jan 20 00:44:32.295 [33] org.apache.activemq.artemis.core.server checkDeadLetterAddressAndExpiryAddress WARNING:AMQ222165: No Dead Letter Address configured for queue tests2h-StreamAdapter in AddressSettings
Jan 20 00:44:32.295 [33] org.apache.activemq.artemis.core.server checkDeadLetterAddressAndExpiryAddress WARNING:AMQ222166: No Expiry Address configured for queue tests2h-StreamAdapter in AddressSettings
Jan 20 00:44:32.306 [33] org.apache.activemq.artemis.core.server checkDeadLetterAddressAndExpiryAddress WARNING:AMQ222165: No Dead Letter Address configured for queue tempDataQueue.ca80451a-5d35-48e5-830e-263336b5f575 in AddressSettings
Jan 20 00:44:32.306 [33] org.apache.activemq.artemis.core.server checkDeadLetterAddressAndExpiryAddress WARNING:AMQ222166: No Expiry Address configured for queue tempDataQueue.ca80451a-5d35-48e5-830e-263336b5f575 in AddressSettings
Jan 20 00:44:32.342 [1] org.apache.activemq.artemis.core.server stop INFO:AMQ221002: Apache ActiveMQ Artemis Message Broker version 1.5.4 [21465d93-798a-11ec-a1b4-0242ac11001c] stopped, uptime 1.139 seconds
Tests run: 2, Failures: 0, Errors: 0, Skipped: 0, Time elapsed: 1.874 sec - in org.yamcs.artemis.StreamAdapterTest
Running org.yamcs.artemis.ProducerKillerTest
log4j:WARN No appenders could be found for logger (org.jboss.logging).
log4j:WARN Please initialize the log4j system properly.
Jan 20 00:44:35.190 [43] org.yamcs.api.artemis.Protocol onMessage WARNING:closing producer org.apache.activemq.artemis.core.client.impl.ClientProducerImpl@43094e0c because the consumer to the address tempDataAddress.f21a7f0f-8427-49b8-a928-55c55190ce7c has closed
org.yamcs.api.YamcsApiException: Failed to send message to tempDataAddress.f21a7f0f-8427-49b8-a928-55c55190ce7c
	at org.yamcs.api.artemis.YamcsClient.sendData(YamcsClient.java:449)
	at org.yamcs.artemis.ProducerKillerTest$2.run(ProducerKillerTest.java:59)
	at java.lang.Thread.run(Thread.java:745)
Caused by: ActiveMQObjectClosedException[errorType=OBJECT_CLOSED message=AMQ119018: Producer is closed]
	at org.apache.activemq.artemis.core.client.impl.ClientProducerImpl.checkClosed(ClientProducerImpl.java:292)
	at org.apache.activemq.artemis.core.client.impl.ClientProducerImpl.send(ClientProducerImpl.java:124)
	at org.yamcs.api.artemis.YamcsClient.sendData(YamcsClient.java:447)
	... 2 more
Tests run: 1, Failures: 0, Errors: 0, Skipped: 0, Time elapsed: 2.098 sec - in org.yamcs.artemis.ProducerKillerTest
Running org.yamcs.utils.TimeEncodingTest
max = 185539080470436999
5881469-05-27T23:59:59.999
Tests run: 2, Failures: 0, Errors: 0, Skipped: 0, Time elapsed: 0.157 sec - in org.yamcs.utils.TimeEncodingTest
Running org.yamcs.utils.TestBitBuffer
Tests run: 3, Failures: 0, Errors: 0, Skipped: 0, Time elapsed: 0.079 sec - in org.yamcs.utils.TestBitBuffer
Running org.yamcs.utils.VarIntUtilTest
Tests run: 3, Failures: 0, Errors: 0, Skipped: 0, Time elapsed: 0.092 sec - in org.yamcs.utils.VarIntUtilTest
Running org.yamcs.utils.SortedIntArrayTest
s2 encoded: [-1, 5, 20]
Tests run: 10, Failures: 0, Errors: 0, Skipped: 1, Time elapsed: 0.096 sec - in org.yamcs.utils.SortedIntArrayTest
Running org.yamcs.tctm.TmFileReaderTest
Tests run: 2, Failures: 0, Errors: 0, Skipped: 0, Time elapsed: 0.127 sec - in org.yamcs.tctm.TmFileReaderTest
Running org.yamcs.tctm.TcpTcUplinkerTest
Tests run: 1, Failures: 0, Errors: 0, Skipped: 0, Time elapsed: 0.291 sec - in org.yamcs.tctm.TcpTcUplinkerTest
Running org.yamcs.management.ProcessorsTest
connecting to yamcs
Jan 20 00:44:44.123 [33] org.yamcs.security.Privilege <clinit> WARNING:Privileges disabled, all connections are allowed and have full permissions
connecting to yamcs
Jan 20 00:44:50.466 [50] org.yamcs.management.ManagementService createProcessor WARNING:createProcessor called with invalid client id:10; ignored.
Jan 20 00:44:50.466 [50] org.yamcs.management.ManagementService createProcessor WARNING:createProcessor called with invalid client id:14; ignored.
Jan 20 00:44:50.472 [50] org.yamcs.web.rest.Router handleException WARNING:R6: Sending nominal exception 400 Bad Request back to client: createProcessor invoked with a list full of invalid client ids
Jan 20 00:44:50.483 [50] org.yamcs.web.HttpRequestHandler sendResponse WARNING:POST /api/processors/yproctest0 400
log: Exception creating processor: createProcessor invoked with a list full of invalid client ids
Tests run: 2, Failures: 0, Errors: 0, Skipped: 0, Time elapsed: 8.696 sec - in org.yamcs.management.ProcessorsTest
Running org.yamcs.web.rest.archive.RestDownsamplerTest
Tests run: 1, Failures: 0, Errors: 0, Skipped: 0, Time elapsed: 0.158 sec - in org.yamcs.web.rest.archive.RestDownsamplerTest
Running org.yamcs.web.rest.mdb.XtceToGpbAssemblerTest
Tests run: 3, Failures: 0, Errors: 0, Skipped: 0, Time elapsed: 0.718 sec - in org.yamcs.web.rest.mdb.XtceToGpbAssemblerTest
Running org.yamcs.web.rest.mdb.NameDescriptionSearchMatcherTest
Tests run: 1, Failures: 0, Errors: 0, Skipped: 0, Time elapsed: 0.617 sec - in org.yamcs.web.rest.mdb.NameDescriptionSearchMatcherTest
Running org.yamcs.web.rest.RouterTest
Tests run: 10, Failures: 0, Errors: 0, Skipped: 0, Time elapsed: 0.656 sec - in org.yamcs.web.rest.RouterTest
Running org.yamcs.web.rest.RestRequestTest
Tests run: 5, Failures: 0, Errors: 0, Skipped: 0, Time elapsed: 0.374 sec - in org.yamcs.web.rest.RestRequestTest
Running org.yamcs.archive.CcsdsTmIndexTest
Tests run: 3, Failures: 0, Errors: 0, Skipped: 1, Time elapsed: 1.266 sec - in org.yamcs.archive.CcsdsTmIndexTest
Running org.yamcs.archive.CmdHistoryRecordingTest
Jan 20 00:45:00.629 [1] org.yamcs.archive.CommandHistoryRecorder[yarchtest_CmdHistoryRecordingTest] doStart WARNING:The stream cmdhist_dump has not been found
Tests run: 1, Failures: 0, Errors: 0, Skipped: 0, Time elapsed: 1.401 sec - in org.yamcs.archive.CmdHistoryRecordingTest
Running org.yamcs.archive.PpTupleTranslatorTest
Jan 20 00:45:02.459 [1] org.yamcs.security.Privilege <clinit> WARNING:Privileges disabled, all connections are allowed and have full permissions
Jan 20 00:45:02.950 [1] org.apache.activemq.artemis.core.server internalStart INFO:AMQ221000: live Message Broker is starting with configuration Broker Configuration (clustered=false,journalDirectory=data/journal,bindingsDirectory=data/bindings,largeMessagesDirectory=data/largemessages,pagingDirectory=data/paging)
Jan 20 00:45:03.032 [1] org.apache.activemq.artemis.core.server <init> INFO:AMQ221043: Protocol module found: [artemis-server]. Adding protocol support for: CORE
log4j:WARN No appenders could be found for logger (org.apache.commons.beanutils.converters.BooleanConverter).
log4j:WARN Please initialize the log4j system properly.
Jan 20 00:45:03.237 [1] org.apache.activemq.artemis.core.server run INFO:AMQ221007: Server is now live
Jan 20 00:45:03.237 [1] org.apache.activemq.artemis.core.server internalStart INFO:AMQ221001: Apache ActiveMQ Artemis Message Broker version 1.5.4 [localhost, nodeID=34291c9e-798a-11ec-ab5e-0242ac11001c] 
Jan 20 00:45:04.473 [36] org.apache.activemq.artemis.core.server checkDeadLetterAddressAndExpiryAddress WARNING:AMQ222165: No Dead Letter Address configured for queue pp_realtime-StreamAdapter in AddressSettings
Jan 20 00:45:04.474 [36] org.apache.activemq.artemis.core.server checkDeadLetterAddressAndExpiryAddress WARNING:AMQ222166: No Expiry Address configured for queue pp_realtime-StreamAdapter in AddressSettings
Jan 20 00:45:04.576 [36] org.apache.activemq.artemis.core.server checkDeadLetterAddressAndExpiryAddress WARNING:AMQ222165: No Dead Letter Address configured for queue tempDataQueue.eebcb8cc-1ce1-4cb9-88e2-f27e1858fa21 in AddressSettings
Jan 20 00:45:04.576 [36] org.apache.activemq.artemis.core.server checkDeadLetterAddressAndExpiryAddress WARNING:AMQ222166: No Expiry Address configured for queue tempDataQueue.eebcb8cc-1ce1-4cb9-88e2-f27e1858fa21 in AddressSettings
Jan 20 00:45:07.844 [1] org.apache.activemq.artemis.core.server stop INFO:AMQ221002: Apache ActiveMQ Artemis Message Broker version 1.5.4 [34291c9e-798a-11ec-ab5e-0242ac11001c] stopped, uptime 4.962 seconds
Tests run: 1, Failures: 0, Errors: 0, Skipped: 0, Time elapsed: 5.716 sec - in org.yamcs.archive.PpTupleTranslatorTest
Running org.yamcs.archive.EventRecordingTest
Jan 20 00:45:09.274 [1] org.yamcs.security.Privilege <clinit> WARNING:Privileges disabled, all connections are allowed and have full permissions
Jan 20 00:45:09.837 [1] org.apache.activemq.artemis.core.server internalStart INFO:AMQ221000: live Message Broker is starting with configuration Broker Configuration (clustered=false,journalDirectory=data/journal,bindingsDirectory=data/bindings,largeMessagesDirectory=data/largemessages,pagingDirectory=data/paging)
Jan 20 00:45:09.935 [1] org.apache.activemq.artemis.core.server <init> INFO:AMQ221043: Protocol module found: [artemis-server]. Adding protocol support for: CORE
log4j:WARN No appenders could be found for logger (org.apache.commons.beanutils.converters.BooleanConverter).
log4j:WARN Please initialize the log4j system properly.
Jan 20 00:45:10.150 [1] org.apache.activemq.artemis.core.server run INFO:AMQ221007: Server is now live
Jan 20 00:45:10.151 [1] org.apache.activemq.artemis.core.server internalStart INFO:AMQ221001: Apache ActiveMQ Artemis Message Broker version 1.5.4 [localhost, nodeID=3843ae44-798a-11ec-bc7b-0242ac11001c] 
Jan 20 00:45:11.235 [36] org.apache.activemq.artemis.core.server checkDeadLetterAddressAndExpiryAddress WARNING:AMQ222165: No Dead Letter Address configured for queue yarchtest_EventRecordingTest.events_realtime-StreamAdapter in AddressSettings
Jan 20 00:45:11.235 [36] org.apache.activemq.artemis.core.server checkDeadLetterAddressAndExpiryAddress WARNING:AMQ222166: No Expiry Address configured for queue yarchtest_EventRecordingTest.events_realtime-StreamAdapter in AddressSettings
Jan 20 00:45:12.336 [36] org.apache.activemq.artemis.core.server checkDeadLetterAddressAndExpiryAddress WARNING:AMQ222165: No Dead Letter Address configured for queue tempDataQueue.7db45aea-8154-4007-a4d6-cf666413ea06 in AddressSettings
Jan 20 00:45:12.336 [36] org.apache.activemq.artemis.core.server checkDeadLetterAddressAndExpiryAddress WARNING:AMQ222166: No Expiry Address configured for queue tempDataQueue.7db45aea-8154-4007-a4d6-cf666413ea06 in AddressSettings
Jan 20 00:45:14.999 [1] org.apache.activemq.artemis.core.server stop INFO:AMQ221002: Apache ActiveMQ Artemis Message Broker version 1.5.4 [3843ae44-798a-11ec-bc7b-0242ac11001c] stopped, uptime 5.233 seconds
Tests run: 1, Failures: 1, Errors: 0, Skipped: 0, Time elapsed: 6.072 sec <<< FAILURE! - in org.yamcs.archive.EventRecordingTest
testRecording(org.yamcs.archive.EventRecordingTest)  Time elapsed: 4.83 sec  <<< FAILURE!
java.lang.AssertionError: expected:<20> but was:<17>
	at org.yamcs.archive.EventRecordingTest.testRecording(EventRecordingTest.java:115)

Running org.yamcs.ComVerifIntegrationTest
alg_verif_started:
  receivedCmdId: 25
  sentCmdId: 25
  receivedSeqNum: 5000
  sentSeqNum: 5000
  stage: 0
  result: 0
yep, this is our command
alg_verif_completed:
  receivedCmdId: 25
  sentCmdId: 25
  receivedSeqNum: 5000
  sentSeqNum: 5000
  stage: 0
  result: 0
alg_verif_completed:
  receivedCmdId: 25
  sentCmdId: 25
  receivedSeqNum: 5000
  sentSeqNum: 5000
  stage: 1
  result: 5
yep, this is our command
Tests run: 2, Failures: 1, Errors: 0, Skipped: 0, Time elapsed: 13.381 sec <<< FAILURE! - in org.yamcs.ComVerifIntegrationTest
testCommandVerificationContainter(org.yamcs.ComVerifIntegrationTest)  Time elapsed: 3.526 sec  <<< FAILURE!
org.junit.ComparisonFailure: expected:<Verifier_[Execution]> but was:<Verifier_[Complete]>
	at org.yamcs.ComVerifIntegrationTest.testCommandVerificationContainter(ComVerifIntegrationTest.java:60)

Running org.yamcs.security.PasswordHashTest
1000:a4aa2ba180eafc98a21df6a48e37ce32bb2ee167fcbeda51:d471620ed479b695969c4da892653bf6d80cbc4b0eb88a32
1000:b64749d8cc1d0c62591fec2abb271c30df22b131fd51671f:86ce0866aaa60f8338c440fdcda19027f48419cc4b8cb8ec
1000:ef1c8ee0c1fcb7696cb840d1dbcba43f7ec8bc522b270996:6524c16b7c23aee0f84c859b1ec130e05c24f4bfdcf7b70f
1000:13ae978d2558009661fdbc49daff5a693768633d57780a1d:6269d9934b367ce3d019589103331ff4b7ddd14481fe5abd
1000:d54bb8b1218fc063bdc2f6878014db8f81e354b87fd30eca:8f73ed84d97845738badd89ae07fe1370b61eceba3e03d8d
1000:c7b4e74b0abc8859adb912a047e541b2a88f7f7ef03c8461:44698e18254d3be7e8a728b555edae77b0d94be71bac8a09
1000:9123bba67ba75b9ced421d51b757b8578d4f770b5ee0eea4:9dba2538d425cd2d0cd01b26a7211af5d85e240047f98359
1000:57b92bfdbf2d216029349da64b5ce7f1c671ec8fac9ffb52:2ce6aa5b9fe2e9153f0b9415f4bea2715157516f306ac97b
1000:be0cafb527ac6c4f073606f5bd860cbd368f5bb96163f5ef:cf66f04a0c6f1b7d251f76a67b7aded7d56489a07254b615
1000:d4c195028f53ee1dbae5fd103e7bae47aaddfe10abc09e5d:0e01153c357b6a28f50b74890351085d913effc1825ff209
Running tests...
Tests run: 1, Failures: 0, Errors: 0, Skipped: 0, Time elapsed: 1.453 sec - in org.yamcs.security.PasswordHashTest
Running org.yamcs.xtceproc.XtceCommandEncodingTest
command buffer: 0B0A1200
Tests run: 11, Failures: 0, Errors: 0, Skipped: 0, Time elapsed: 0.973 sec - in org.yamcs.xtceproc.XtceCommandEncodingTest
Running org.yamcs.xtceproc.XtceDbFactoryTest
Tests run: 3, Failures: 0, Errors: 0, Skipped: 0, Time elapsed: 0.642 sec - in org.yamcs.xtceproc.XtceDbFactoryTest
Running org.yamcs.xtceproc.XtceTmExtractorTest
Jan 20 00:45:36.308 [1] org.yamcs.xtceproc.ParameterTypeProcessor calibrateInteger WARNING:StringIntTermPara1_5_2: failed to parse string 'invalidint' to long
Jan 20 00:45:36.334 [1] org.yamcs.xtceproc.ParameterTypeProcessor calibrateEnumerated WARNING:StringIntTermPara20_1: failed to parse string 'invalidlong' to long
Jan 20 00:45:36.339 [1] org.yamcs.xtceproc.ParameterTypeProcessor calibrateFloat WARNING:StringFloatTSCPara1_4_2: failed to parse string 'invalidfloat' to double
Tests run: 21, Failures: 0, Errors: 0, Skipped: 0, Time elapsed: 0.731 sec - in org.yamcs.xtceproc.XtceTmExtractorTest
Running org.yamcs.ParameterArchiveIntegrationTest
Jan 20 00:45:57.680 [39] org.yamcs.web.rest.archive.ArchiveParameterRestHandler listParameterHistory WARNING:No parameter id found in the parameter archive for /REFMDB/SUBSYS1/FloatPara1_1_2
Jan 20 00:45:57.842 [42] org.yamcs.web.rest.archive.ArchiveParameterRestHandler getParameterSamples WARNING:No parameter id found in the parameter archive for /REFMDB/SUBSYS1/FloatPara1_1_2
Jan 20 00:45:57.917 [1] org.yamcs.parameterarchive.ParameterArchive reprocess FINE:Scheduling a reprocess for interval [2015-01-02T10:00:00.000 - 2016-01-02T11:00:00.000]
Jan 20 00:45:57.931 [43] org.yamcs.parameterarchive.BackFiller runTask INFO:Starting an parameter archive fillup for interval [2015-01-02T09:34:59.400-2016-01-02T11:01:04.480)
Jan 20 00:45:58.261 [46] org.yamcs.parameterarchive.ArchiveFillerTask[IntegrationTest] updateItems FINE:Writing to archive the segment: [2015-01-02T09:34:59.400 - 2015-01-02T10:44:53.704)
Jan 20 00:46:00.070 [46] org.yamcs.parameterarchive.ArchiveFillerTask[IntegrationTest] updateItems FINE:Writing to archive the segment: [2015-01-02T10:44:53.704 - 2015-01-02T11:54:48.008)
Jan 20 00:46:00.129 [43] org.yamcs.parameterarchive.ArchiveFillerTask[IntegrationTest] flush INFO:Starting a consolidation process, number of intervals: 1
Jan 20 00:46:00.138 [43] org.yamcs.parameterarchive.BackFiller runTask INFO:Parameter archive fillup for interval [2015-01-02T09:34:59.400-2016-01-02T11:01:04.480) finished, number of processed parameter samples: 194400
Jan 20 00:46:00.220 [50] org.yamcs.parameterarchive.MultiParameterDataRetrieval retrieve FINE:Stoped early due to receiving ConsumerAbortException
Jan 20 00:46:00.254 [52] org.yamcs.parameterarchive.MultiParameterDataRetrieval retrieve FINE:Stoped early due to receiving ConsumerAbortException
Jan 20 00:46:00.300 [56] org.yamcs.parameterarchive.MultiParameterDataRetrieval retrieve FINE:Stoped early due to receiving ConsumerAbortException
Jan 20 00:46:00.356 [1] org.yamcs.parameterarchive.ParameterArchive doStop FINE:Stopping ParameterArchive service for instance IntegrationTest
Tests run: 2, Failures: 0, Errors: 0, Skipped: 1, Time elapsed: 23.377 sec - in org.yamcs.ParameterArchiveIntegrationTest
Running org.yamcs.AlarmTest
Tests run: 5, Failures: 0, Errors: 0, Skipped: 0, Time elapsed: 0.876 sec - in org.yamcs.AlarmTest
Running org.yamcs.api.rest.HttpClientTest
Jan 20 00:46:22.866 [39] org.yamcs.web.HttpRequestHandler sendResponse WARNING:GET /blaba 404
Tests run: 2, Failures: 0, Errors: 0, Skipped: 0, Time elapsed: 19.773 sec - in org.yamcs.api.rest.HttpClientTest
Running org.yamcs.api.artemis.ArtemisEventProducerTest
Jan 20 00:46:24.464 [1] org.yamcs.security.Privilege <clinit> WARNING:Privileges disabled, all connections are allowed and have full permissions
Jan 20 00:46:25.035 [1] org.apache.activemq.artemis.core.server internalStart INFO:AMQ221000: live Message Broker is starting with configuration Broker Configuration (clustered=false,journalDirectory=data/journal,bindingsDirectory=data/bindings,largeMessagesDirectory=data/largemessages,pagingDirectory=data/paging)
Jan 20 00:46:25.127 [1] org.apache.activemq.artemis.core.server <init> INFO:AMQ221043: Protocol module found: [artemis-server]. Adding protocol support for: CORE
log4j:WARN No appenders could be found for logger (org.apache.commons.beanutils.converters.BooleanConverter).
log4j:WARN Please initialize the log4j system properly.
Jan 20 00:46:25.331 [1] org.apache.activemq.artemis.core.server run INFO:AMQ221007: Server is now live
Jan 20 00:46:25.331 [1] org.apache.activemq.artemis.core.server internalStart INFO:AMQ221001: Apache ActiveMQ Artemis Message Broker version 1.5.4 [localhost, nodeID=651649e3-798a-11ec-98e8-0242ac11001c] 
Jan 20 00:46:25.821 [35] org.apache.activemq.artemis.core.server checkDeadLetterAddressAndExpiryAddress WARNING:AMQ222165: No Dead Letter Address configured for queue tempDataQueue.ae4f9900-30da-4252-bf18-0e6de4a841fa in AddressSettings
Jan 20 00:46:25.821 [35] org.apache.activemq.artemis.core.server checkDeadLetterAddressAndExpiryAddress WARNING:AMQ222166: No Expiry Address configured for queue tempDataQueue.ae4f9900-30da-4252-bf18-0e6de4a841fa in AddressSettings
Jan 20 00:46:26.164 [1] org.apache.activemq.artemis.core.server stop INFO:AMQ221002: Apache ActiveMQ Artemis Message Broker version 1.5.4 [651649e3-798a-11ec-98e8-0242ac11001c] stopped, uptime 1.202 seconds
Tests run: 1, Failures: 0, Errors: 0, Skipped: 0, Time elapsed: 2.075 sec - in org.yamcs.api.artemis.ArtemisEventProducerTest
Running org.yamcs.xtce.SpreadsheetLoaderTest
Tests run: 5, Failures: 0, Errors: 0, Skipped: 0, Time elapsed: 0.852 sec - in org.yamcs.xtce.SpreadsheetLoaderTest
Running org.yamcs.cli.YamcsCliTest
Tests run: 1, Failures: 0, Errors: 0, Skipped: 0, Time elapsed: 10.429 sec - in org.yamcs.cli.YamcsCliTest
Running org.yamcs.PermissionsTest
Jan 20 00:46:47.960 [39] org.yamcs.web.rest.Router handleException WARNING:R1: Sending nominal exception 403 Forbidden back to client: User operator/***** has no 'set' permission for parameter /REFMDB/SUBSYS1/LocalPara1
Jan 20 00:46:47.972 [39] org.yamcs.web.HttpRequestHandler sendResponse WARNING:POST /api/processors/IntegrationTest/realtime/parameters/mset 403
Jan 20 00:46:48.067 [123] org.yamcs.security.YamlRealm getPrivileges WARNING:No privileges of type tm_parameter_privileges for role EmptyRole
Jan 20 00:46:48.068 [123] org.yamcs.security.YamlRealm getPrivileges WARNING:No privileges of type tm_parameter_set_privileges for role EmptyRole
Jan 20 00:46:48.069 [123] org.yamcs.security.YamlRealm getPrivileges WARNING:No privileges of type tm_packet_privileges for role EmptyRole
Jan 20 00:46:48.070 [123] org.yamcs.security.YamlRealm getPrivileges WARNING:No privileges of type tc_privileges for role EmptyRole
Jan 20 00:46:48.070 [123] org.yamcs.security.YamlRealm getPrivileges WARNING:No privileges of type system_privileges for role EmptyRole
Jan 20 00:46:48.449 [125] org.yamcs.web.rest.RestHandler verifyCommand WARNING:Command 'FLOAT_ARG_TC' (namespace: '/REFMDB/SUBSYS1') found, but withheld due to insufficient privileges. Returning 404 instead
Jan 20 00:46:48.450 [125] org.yamcs.web.rest.Router handleException WARNING:R3: Sending nominal exception 404 Not Found back to client: No resource named '/api/processors/IntegrationTest/realtime/commands/REFMDB/SUBSYS1/FLOAT_ARG_TC' (No such command)
Jan 20 00:46:48.451 [125] org.yamcs.web.HttpRequestHandler sendResponse WARNING:POST /api/processors/IntegrationTest/realtime/commands/REFMDB/SUBSYS1/FLOAT_ARG_TC 404
Jan 20 00:46:48.536 [129] org.yamcs.commanding.CommandingManager addToCommandHistory WARNING:Throwing InsufficientPrivileges for lack of COMMANDING privilege for user testuser/*****
Jan 20 00:46:48.537 [129] org.yamcs.web.rest.Router handleException WARNING:R4: Sending nominal exception 403 Forbidden back to client: Forbidden
Jan 20 00:46:48.538 [129] org.yamcs.web.HttpRequestHandler sendResponse WARNING:POST /api/processors/IntegrationTest/realtime/commandhistory/REFMDB/SUBSYS1/ONE_INT_ARG_TC 403
Jan 20 00:46:51.281 [136] org.yamcs.web.rest.archive.ArchiveParameterRestHandler listParameterHistory WARNING:No parameter id found in the parameter archive for /REFMDB/SUBSYS1/IntegerPara1_1_6
Jan 20 00:46:51.325 [138] org.yamcs.web.HttpRequestHandler sendResponse WARNING:GET /api/archive/IntegrationTest/REFMDB/SUBSYS1/FixedStringPara1_3_1?start=2015-03-02T10:10:00&stop=2015-03-02T10:10:02&order=asc 404
Jan 20 00:46:51.370 [220] org.yamcs.security.BasicAuthModule sendUnauthorized WARNING:GET /api/user 401 [realm="org.yamcs.security.BasicAuthModule"]: the realm could not authenticate the provided token
Jan 20 00:46:51.462 [305] org.yamcs.web.rest.Router handleException WARNING:R8: Sending nominal exception 403 Forbidden back to client: User testuser/***** has no permission for parameter /REFMDB/SUBSYS1/FloatPara1_1_3
Jan 20 00:46:51.462 [305] org.yamcs.web.HttpRequestHandler sendResponse WARNING:GET /api/processors/IntegrationTest/realtime/parameters/mget 403
Tests run: 6, Failures: 0, Errors: 0, Skipped: 0, Time elapsed: 11.424 sec - in org.yamcs.PermissionsTest
Running org.yamcs.RestClientTest
Jan 20 00:47:00.085 [206] org.yamcs.security.BasicAuthModule sendUnauthorized WARNING:GET /api/instances 401 [realm="org.yamcs.security.BasicAuthModule"]: No authorization header present
Tests run: 3, Failures: 0, Errors: 0, Skipped: 0, Time elapsed: 7.984 sec - in org.yamcs.RestClientTest
Running org.yamcs.ArchiveIntegrationTest
Jan 20 00:47:12.110 [39] org.yamcs.web.rest.archive.ArchiveParameterRestHandler listParameterHistory WARNING:No parameter id found in the parameter archive for /REFMDB/ccsds-apid
Jan 20 00:47:12.208 [42] org.yamcs.web.rest.archive.ArchiveParameterRestHandler listParameterHistory WARNING:No parameter id found in the parameter archive for /REFMDB/ccsds-apid
Jan 20 00:47:12.570 [52] org.yamcs.web.rest.archive.ArchiveTableRestHandler$TableLoader exceptionCaught WARNING:Exception caught in the table load pipeline, closing the connection: com.google.protobuf.InvalidProtocolBufferException: Protocol message contained an invalid tag (zero).
Jan 20 00:47:12.583 [52] org.yamcs.web.HttpRequestHandler sendResponse WARNING:POST /api/archive/IntegrationTest/tables/table2/data 400
pdata: parameter {
  id {
    name: "/REFMDB/SUBSYS1/processed_para_uint"
  }
  engValue {
    type: UINT32
    uint32Value: 60
  }
  generationTime: 1420106495030
  acquisitionStatus: ACQUIRED
  processingStatus: true
  generationTimeUTC: "2015-01-01T10:01:00.030"
}

Jan 20 00:47:16.424 [84] org.yamcs.web.HttpRequestHandler sendResponse WARNING:POST /api/archive/IntegrationTest/tables/table1/data 400
Tests run: 7, Failures: 0, Errors: 0, Skipped: 0, Time elapsed: 15.222 sec - in org.yamcs.ArchiveIntegrationTest
Running org.yamcs.IntegrationTest
Jan 20 00:47:23.563 [39] org.yamcs.web.rest.Router handleException WARNING:R1: Sending nominal exception 400 Bad Request back to client: Cannot find a local(software) parameter for 'name: "/REFMDB/SUBSYS1/IntegerPara1_1_6"
'
Jan 20 00:47:23.575 [39] org.yamcs.web.HttpRequestHandler sendResponse WARNING:POST /api/processors/IntegrationTest/realtime/parameters/mset 400
Jan 20 00:47:28.015 [62] org.yamcs.web.rest.Router handleException WARNING:R4: Sending nominal exception 400 Bad Request back to client: Invalid parameters: [name: "/REFMDB/SUBSYS1/InvalidParaName"
]
Jan 20 00:47:28.016 [62] org.yamcs.web.HttpRequestHandler sendResponse WARNING:GET /api/processors/IntegrationTest/realtime/parameters/mget 400
Jan 20 00:47:31.063 [40] org.yamcs.web.rest.Router lambda$dispatch$4 SEVERE:R6 blocking the netty thread for 2 seconds. uri: /api/processors/IntegrationTest/realtime/parameters/mget
Jan 20 00:47:35.569 [173] org.yamcs.web.rest.Router handleException WARNING:R25: Sending nominal exception 400 Bad Request back to client: Cannot assign integer from STRING
Jan 20 00:47:35.570 [173] org.yamcs.web.HttpRequestHandler sendResponse WARNING:POST /api/processors/IntegrationTest/realtime/parameters/mset 400
Tests run: 17, Failures: 0, Errors: 0, Skipped: 1, Time elapsed: 18.951 sec - in org.yamcs.IntegrationTest
#
# A fatal error has been detected by the Java Runtime Environment:
#
#  SIGSEGV (0xb) at pc=0x00007f11183aff34, pid=15748, tid=139708241741568
#
# JRE version: Java(TM) SE Runtime Environment (8.0_31-b13) (build 1.8.0_31-b13)
# Java VM: Java HotSpot(TM) 64-Bit Server VM (25.31-b07 mixed mode linux-amd64 compressed oops)
# Problematic frame:
# C  [librocksdbjni663459506742689997.so+0x2e9f34]
#
# Core dump written. Default location: /home/travis/build/passed/yamcs/yamcs/yamcs-core/core or core.15748
#
# An error report file with more information is saved as:
# /home/travis/build/passed/yamcs/yamcs/yamcs-core/hs_err_pid15748.log
#
# If you would like to submit a bug report, please visit:
#   http://bugreport.java.com/bugreport/crash.jsp
# The crash happened outside the Java Virtual Machine in native code.
# See problematic frame for where to report the bug.
#
Aborted (core dumped)
Running org.yamcs.commanding.CommandingManagerTest
Tests run: 10, Failures: 0, Errors: 0, Skipped: 0, Time elapsed: 0.687 sec - in org.yamcs.commanding.CommandingManagerTest
Running org.yamcs.EventCrashHandlerTest
Tests run: 1, Failures: 0, Errors: 0, Skipped: 0, Time elapsed: 0.2 sec - in org.yamcs.EventCrashHandlerTest
Running org.yamcs.ContainerRequestManagerTest
Tests run: 1, Failures: 0, Errors: 0, Skipped: 0, Time elapsed: 0.993 sec - in org.yamcs.ContainerRequestManagerTest

Results :

Failed tests: 
  ComVerifIntegrationTest.testCommandVerificationContainter:60 expected:<Verifier_[Execution]> but was:<Verifier_[Complete]>
  EventRecordingTest.testRecording:115 expected:<20> but was:<17>

Tests run: 319, Failures: 2, Errors: 0, Skipped: 13

[INFO]                                                                         
[INFO] ------------------------------------------------------------------------
[INFO] Skipping Yamcs
[INFO] This project has been banned from the build due to previous failures.
[INFO] ------------------------------------------------------------------------
[INFO] ------------------------------------------------------------------------
[INFO] Reactor Summary:
[INFO] 
[INFO] Yamcs .............................................. SUCCESS [  0.739 s]
[INFO] Yamcs API .......................................... SUCCESS [ 13.039 s]
[INFO] Yamcs XTCE ......................................... SUCCESS [  4.022 s]
[INFO] Yamcs Core ......................................... FAILURE [05:48 min]
[INFO] Yamcs Simulation ................................... SKIPPED
[INFO] ------------------------------------------------------------------------
[INFO] BUILD FAILURE
[INFO] ------------------------------------------------------------------------
[INFO] Total time: 06:06 min
[INFO] Finished at: 2022-01-20T00:47:41+00:00
[INFO] Final Memory: 65M/480M
[INFO] ------------------------------------------------------------------------
[ERROR] Failed to execute goal org.apache.maven.plugins:maven-surefire-plugin:2.19.1:test (default-test) on project yamcs-core: ExecutionException Error occurred in starting fork, check output in log -> [Help 1]
[ERROR] 
[ERROR] To see the full stack trace of the errors, re-run Maven with the -e switch.
[ERROR] Re-run Maven using the -X switch to enable full debug logging.
[ERROR] 
[ERROR] For more information about the errors and possible solutions, please read the following articles:
[ERROR] [Help 1] http://cwiki.apache.org/confluence/display/MAVEN/MojoFailureException
[ERROR] 
[ERROR] After correcting the problems, you can resume the build with the command
[ERROR]   mvn <goals> -rf :yamcs-core

travis_time:end:0fcdae38:start=1642639293432288468,finish=1642639662095174820,duration=368662886352[0Ktravis_fold:end:after_success[0K
Done. Your build exited with 0.
