travis_fold:start:system_info[0K[33;1mBuild system information[0m
Build language: java
Build id: ''
Job id: ''
[34m[1mBuild image provisioning date and time[0m
Fri Dec 12 23:29:11 UTC 2014
[34m[1mlsb_release -a[0m
Distributor ID:	Ubuntu
Description:	Ubuntu 12.04.5 LTS
Release:	12.04
Codename:	precise
[34m[1mCookbooks Version[0m
540230e https://github.com/travis-ci/travis-cookbooks/tree/540230e
[34m[1mGCC version[0m
gcc (Ubuntu/Linaro 4.6.3-1ubuntu5) 4.6.3
Copyright (C) 2011 Free Software Foundation, Inc.
This is free software; see the source for copying conditions.  There is NO
warranty; not even for MERCHANTABILITY or FITNESS FOR A PARTICULAR PURPOSE.

[34m[1mLLVM version[0m
clang version 3.4 (tags/RELEASE_34/final)
Target: x86_64-unknown-linux-gnu
Thread model: posix
[34m[1mPre-installed Ruby versions[0m
ruby-1.9.3-p551
[34m[1mPre-installed Node.js versions[0m
v0.10.33
[34m[1mPre-installed Go versions[0m
go1.4
[34m[1mRedis version[0m
redis-server 2.8.18
[34m[1mriak version[0m
1.4.12
[34m[1mMongoDB version[0m
MongoDB 2.4.12
[34m[1mCouchDB version[0m
couchdb 1.6.1
[34m[1mNeo4j version[0m
1.9.4
[34m[1mCassandra version[0m
2.0.9
[34m[1mRabbitMQ Version[0m
3.4.2
[34m[1mElasticSearch version[0m
1.4.0
[34m[1mInstalled Sphinx versions[0m
2.0.10
2.1.9
2.2.4
[34m[1mDefault Sphinx version[0m
2.1.9
[34m[1mInstalled Firefox version[0m
firefox 31.0esr
[34m[1mPhantomJS version[0m
1.9.8
[34m[1mant -version[0m
Apache Ant(TM) version 1.8.2 compiled on December 3 2011
[34m[1mmvn -version[0m
Apache Maven 3.2.3 (33f8c3e1027c3ddde99d3cdebad2656a31e8fdf4; 2014-08-11T20:58:10+00:00)
Maven home: /usr/local/maven
Java version: 1.7.0_72, vendor: Oracle Corporation
Java home: /usr/lib/jvm/java-7-oracle/jre
Default locale: en_US, platform encoding: ANSI_X3.4-1968
OS name: "linux", version: "3.13.0-29-generic", arch: "amd64", family: "unix"
[34m[1mgradle -version[0m

------------------------------------------------------------
Gradle 2.2.1
------------------------------------------------------------

Build time:   2014-11-24 09:45:35 UTC
Build number: none
Revision:     6fcb59c06f43a4e6b1bcb401f7686a8601a1fb4a

Groovy:       2.3.6
Ant:          Apache Ant(TM) version 1.9.3 compiled on December 23 2013
JVM:          1.7.0_72 (Oracle Corporation 24.72-b04)
OS:           Linux 3.13.0-29-generic amd64

[34m[1mlein1 version[0m
Using JLine for console I/O; install rlwrap for optimum experience.
Leiningen 1.7.1 on Java 1.7.0_72 Java HotSpot(TM) 64-Bit Server VM
[34m[1mlein2 version[0m
Leiningen 2.5.0 on Java 1.7.0_72 Java HotSpot(TM) 64-Bit Server VM
[34m[1mlein version[0m
Leiningen 2.5.0 on Java 1.7.0_72 Java HotSpot(TM) 64-Bit Server VM
travis_fold:end:system_info[0K
grep: /etc/apt/sources.list.d/*: No such file or directory
sed: cannot rename /etc/hosts: Device or resource busy
sed: cannot rename /etc/hosts: Device or resource busy
$ jdk_switcher use oraclejdk7
Switching to Oracle JDK7 (java-7-oracle), JAVA_HOME will be set to /usr/lib/jvm/java-7-oracle
$ cd failed/square/javapoet

[33;1mSetting environment variables from .travis.yml[0m
$ export CI_DEPLOY_USERNAME=[secure]
$ export CI_DEPLOY_PASSWORD=[secure]

travis_fold:start:cache.1[0KSetting up build cache
$ export CASHER_DIR=$HOME/.casher
travis_time:start:0bca3274[0K$ Installing caching utilities

travis_time:end:0bca3274:start=1619652295351787614,finish=1619652295636919681,duration=285132067[0Ktravis_time:start:173b1bbd[0K
travis_time:end:173b1bbd:start=1619652295650640771,finish=1619652295660408884,duration=9768113[0Ktravis_time:start:071af175[0K/home/travis/.casher/bin/casher:213:in `cache_archive_name': undefined method `[]' for nil:NilClass (NoMethodError)
	from /home/travis/.casher/bin/casher:65:in `block in fetch'
	from /home/travis/.casher/bin/casher:64:in `each'
	from /home/travis/.casher/bin/casher:64:in `fetch'
	from /home/travis/.casher/bin/casher:53:in `block in run'
	from /home/travis/.rvm/rubies/ruby-1.9.3-p551/lib/ruby/1.9.1/timeout.rb:69:in `timeout'
	from /home/travis/.casher/bin/casher:53:in `run'
	from /home/travis/.casher/bin/casher:263:in `<main>'
[32;1mattempting to download cache archive[0m

travis_time:end:071af175:start=1619652295670870125,finish=1619652296469890993,duration=799020868[0Ktravis_time:start:13c289eb[0K
travis_time:end:13c289eb:start=1619652296480732230,finish=1619652296489582306,duration=8850076[0Ktravis_time:start:0505f145[0K[32;1madding /home/travis/.m2 to cache[0m

travis_time:end:0505f145:start=1619652296498837309,finish=1619652297288351907,duration=789514598[0Ktravis_fold:end:cache.1[0K$ java -Xmx32m -version
java version "1.7.0_72"
Java(TM) SE Runtime Environment (build 1.7.0_72-b14)
Java HotSpot(TM) 64-Bit Server VM (build 24.72-b04, mixed mode)
$ javac -J-Xmx32m -version
javac 1.7.0_72
travis_fold:start:install[0Ktravis_time:start:04642e47[0K$ mvn install -Dhttps.protocols=TLSv1.2 -Dhttps.protocols=TLSv1.2 -DskipTests=true -Dmaven.javadoc.skip=true -B -V
Apache Maven 3.2.3 (33f8c3e1027c3ddde99d3cdebad2656a31e8fdf4; 2014-08-11T20:58:10+00:00)
Maven home: /usr/local/maven
Java version: 1.7.0_72, vendor: Oracle Corporation
Java home: /usr/lib/jvm/java-7-oracle/jre
Default locale: en_US, platform encoding: UTF-8
OS name: "linux", version: "4.15.0-109-generic", arch: "amd64", family: "unix"
[INFO] Scanning for projects...
[INFO] Downloading: http://insecure.repo1.maven.org/maven2/org/sonatype/oss/oss-parent/7/oss-parent-7.pom
[INFO] Downloaded: http://insecure.repo1.maven.org/maven2/org/sonatype/oss/oss-parent/7/oss-parent-7.pom (5 KB at 35.2 KB/sec)
[INFO] Downloading: https://oss.sonatype.org/content/repositories/releases/org/sonatype/oss/oss-parent/7/oss-parent-7.pom
[INFO] Downloaded: https://oss.sonatype.org/content/repositories/releases/org/sonatype/oss/oss-parent/7/oss-parent-7.pom (5 KB at 4.9 KB/sec)
[INFO] Downloading: https://repository.apache.org/releases/org/sonatype/oss/oss-parent/7/oss-parent-7.pom
[INFO]                                                                         
[INFO] ------------------------------------------------------------------------
[INFO] Building JavaWriter 3.0.0-SNAPSHOT
[INFO] ------------------------------------------------------------------------
[INFO] Downloading: https://repo.maven.apache.org/maven2/org/apache/maven/plugins/maven-enforcer-plugin/1.0/maven-enforcer-plugin-1.0.pom
[INFO] Downloaded: https://repo.maven.apache.org/maven2/org/apache/maven/plugins/maven-enforcer-plugin/1.0/maven-enforcer-plugin-1.0.pom (7 KB at 53.0 KB/sec)
[INFO] Downloading: https://repo.maven.apache.org/maven2/org/apache/maven/enforcer/enforcer/1.0/enforcer-1.0.pom
[INFO] Downloaded: https://repo.maven.apache.org/maven2/org/apache/maven/enforcer/enforcer/1.0/enforcer-1.0.pom (12 KB at 416.6 KB/sec)
[INFO] Downloading: https://repo.maven.apache.org/maven2/org/apache/maven/maven-parent/17/maven-parent-17.pom
[INFO] Downloaded: https://repo.maven.apache.org/maven2/org/apache/maven/maven-parent/17/maven-parent-17.pom (25 KB at 901.0 KB/sec)
[INFO] Downloading: https://repo.maven.apache.org/maven2/org/apache/apache/7/apache-7.pom
[INFO] Downloaded: https://repo.maven.apache.org/maven2/org/apache/apache/7/apache-7.pom (15 KB at 503.3 KB/sec)
[INFO] Downloading: https://repo.maven.apache.org/maven2/org/apache/maven/plugins/maven-enforcer-plugin/1.0/maven-enforcer-plugin-1.0.jar
[INFO] Downloaded: https://repo.maven.apache.org/maven2/org/apache/maven/plugins/maven-enforcer-plugin/1.0/maven-enforcer-plugin-1.0.jar (22 KB at 916.0 KB/sec)
[INFO] Downloading: https://repo.maven.apache.org/maven2/org/apache/maven/plugins/maven-resources-plugin/2.6/maven-resources-plugin-2.6.pom
[INFO] Downloaded: https://repo.maven.apache.org/maven2/org/apache/maven/plugins/maven-resources-plugin/2.6/maven-resources-plugin-2.6.pom (8 KB at 360.2 KB/sec)
[INFO] Downloading: https://repo.maven.apache.org/maven2/org/apache/maven/plugins/maven-plugins/23/maven-plugins-23.pom
[INFO] Downloaded: https://repo.maven.apache.org/maven2/org/apache/maven/plugins/maven-plugins/23/maven-plugins-23.pom (9 KB at 408.3 KB/sec)
[INFO] Downloading: https://repo.maven.apache.org/maven2/org/apache/maven/maven-parent/22/maven-parent-22.pom
[INFO] Downloaded: https://repo.maven.apache.org/maven2/org/apache/maven/maven-parent/22/maven-parent-22.pom (30 KB at 907.7 KB/sec)
[INFO] Downloading: https://repo.maven.apache.org/maven2/org/apache/apache/11/apache-11.pom
[INFO] Downloaded: https://repo.maven.apache.org/maven2/org/apache/apache/11/apache-11.pom (15 KB at 535.7 KB/sec)
[INFO] Downloading: https://repo.maven.apache.org/maven2/org/apache/maven/plugins/maven-resources-plugin/2.6/maven-resources-plugin-2.6.jar
[INFO] Downloaded: https://repo.maven.apache.org/maven2/org/apache/maven/plugins/maven-resources-plugin/2.6/maven-resources-plugin-2.6.jar (29 KB at 1201.1 KB/sec)
[INFO] Downloading: https://repo.maven.apache.org/maven2/org/apache/maven/plugins/maven-compiler-plugin/3.0/maven-compiler-plugin-3.0.pom
[INFO] Downloaded: https://repo.maven.apache.org/maven2/org/apache/maven/plugins/maven-compiler-plugin/3.0/maven-compiler-plugin-3.0.pom (10 KB at 461.0 KB/sec)
[INFO] Downloading: https://repo.maven.apache.org/maven2/org/apache/maven/plugins/maven-compiler-plugin/3.0/maven-compiler-plugin-3.0.jar
[INFO] Downloaded: https://repo.maven.apache.org/maven2/org/apache/maven/plugins/maven-compiler-plugin/3.0/maven-compiler-plugin-3.0.jar (41 KB at 1618.2 KB/sec)
[INFO] Downloading: https://repo.maven.apache.org/maven2/org/apache/maven/plugins/maven-surefire-plugin/2.12.4/maven-surefire-plugin-2.12.4.pom
[INFO] Downloaded: https://repo.maven.apache.org/maven2/org/apache/maven/plugins/maven-surefire-plugin/2.12.4/maven-surefire-plugin-2.12.4.pom (11 KB at 444.8 KB/sec)
[INFO] Downloading: https://repo.maven.apache.org/maven2/org/apache/maven/surefire/surefire/2.12.4/surefire-2.12.4.pom
[INFO] Downloaded: https://repo.maven.apache.org/maven2/org/apache/maven/surefire/surefire/2.12.4/surefire-2.12.4.pom (14 KB at 673.3 KB/sec)
[INFO] Downloading: https://repo.maven.apache.org/maven2/org/apache/maven/plugins/maven-surefire-plugin/2.12.4/maven-surefire-plugin-2.12.4.jar
[INFO] Downloaded: https://repo.maven.apache.org/maven2/org/apache/maven/plugins/maven-surefire-plugin/2.12.4/maven-surefire-plugin-2.12.4.jar (30 KB at 1487.4 KB/sec)
[INFO] Downloading: https://repo.maven.apache.org/maven2/org/apache/maven/plugins/maven-jar-plugin/2.4/maven-jar-plugin-2.4.pom
[INFO] Downloaded: https://repo.maven.apache.org/maven2/org/apache/maven/plugins/maven-jar-plugin/2.4/maven-jar-plugin-2.4.pom (6 KB at 284.9 KB/sec)
[INFO] Downloading: https://repo.maven.apache.org/maven2/org/apache/maven/plugins/maven-plugins/22/maven-plugins-22.pom
[INFO] Downloaded: https://repo.maven.apache.org/maven2/org/apache/maven/plugins/maven-plugins/22/maven-plugins-22.pom (13 KB at 606.4 KB/sec)
[INFO] Downloading: https://repo.maven.apache.org/maven2/org/apache/maven/maven-parent/21/maven-parent-21.pom
[INFO] Downloaded: https://repo.maven.apache.org/maven2/org/apache/maven/maven-parent/21/maven-parent-21.pom (26 KB at 1170.0 KB/sec)
[INFO] Downloading: https://repo.maven.apache.org/maven2/org/apache/apache/10/apache-10.pom
[INFO] Downloaded: https://repo.maven.apache.org/maven2/org/apache/apache/10/apache-10.pom (15 KB at 722.6 KB/sec)
[INFO] Downloading: https://repo.maven.apache.org/maven2/org/apache/maven/plugins/maven-jar-plugin/2.4/maven-jar-plugin-2.4.jar
[INFO] Downloaded: https://repo.maven.apache.org/maven2/org/apache/maven/plugins/maven-jar-plugin/2.4/maven-jar-plugin-2.4.jar (34 KB at 1582.1 KB/sec)
[INFO] Downloading: https://repo.maven.apache.org/maven2/org/apache/maven/plugins/maven-checkstyle-plugin/2.13/maven-checkstyle-plugin-2.13.pom
[INFO] Downloaded: https://repo.maven.apache.org/maven2/org/apache/maven/plugins/maven-checkstyle-plugin/2.13/maven-checkstyle-plugin-2.13.pom (13 KB at 560.5 KB/sec)
[INFO] Downloading: https://repo.maven.apache.org/maven2/org/apache/maven/plugins/maven-plugins/25/maven-plugins-25.pom
[INFO] Downloaded: https://repo.maven.apache.org/maven2/org/apache/maven/plugins/maven-plugins/25/maven-plugins-25.pom (10 KB at 490.9 KB/sec)
[INFO] Downloading: https://repo.maven.apache.org/maven2/org/apache/maven/maven-parent/24/maven-parent-24.pom
[INFO] Downloaded: https://repo.maven.apache.org/maven2/org/apache/maven/maven-parent/24/maven-parent-24.pom (37 KB at 1501.4 KB/sec)
[INFO] Downloading: https://repo.maven.apache.org/maven2/org/apache/apache/14/apache-14.pom
[INFO] Downloaded: https://repo.maven.apache.org/maven2/org/apache/apache/14/apache-14.pom (15 KB at 682.9 KB/sec)
[INFO] Downloading: https://repo.maven.apache.org/maven2/org/apache/maven/plugins/maven-checkstyle-plugin/2.13/maven-checkstyle-plugin-2.13.jar
[INFO] Downloaded: https://repo.maven.apache.org/maven2/org/apache/maven/plugins/maven-checkstyle-plugin/2.13/maven-checkstyle-plugin-2.13.jar (112 KB at 3491.9 KB/sec)
[INFO] Downloading: https://repo.maven.apache.org/maven2/org/apache/maven/plugins/maven-install-plugin/2.4/maven-install-plugin-2.4.pom
[INFO] Downloaded: https://repo.maven.apache.org/maven2/org/apache/maven/plugins/maven-install-plugin/2.4/maven-install-plugin-2.4.pom (7 KB at 328.0 KB/sec)
[INFO] Downloading: https://repo.maven.apache.org/maven2/org/apache/maven/plugins/maven-install-plugin/2.4/maven-install-plugin-2.4.jar
[INFO] Downloaded: https://repo.maven.apache.org/maven2/org/apache/maven/plugins/maven-install-plugin/2.4/maven-install-plugin-2.4.jar (27 KB at 1012.3 KB/sec)
[INFO] Downloading: http://insecure.repo1.maven.org/maven2/com/google/guava/guava/18.0/guava-18.0.pom
[INFO] Downloaded: http://insecure.repo1.maven.org/maven2/com/google/guava/guava/18.0/guava-18.0.pom (6 KB at 230.6 KB/sec)
[INFO] Downloading: https://oss.sonatype.org/content/repositories/releases/com/google/guava/guava/18.0/guava-18.0.pom
[INFO] Downloaded: https://oss.sonatype.org/content/repositories/releases/com/google/guava/guava/18.0/guava-18.0.pom (6 KB at 26.5 KB/sec)
[INFO] Downloading: https://repository.apache.org/releases/com/google/guava/guava/18.0/guava-18.0.pom
[INFO] Downloading: http://insecure.repo1.maven.org/maven2/com/google/guava/guava-parent/18.0/guava-parent-18.0.pom
[INFO] Downloaded: http://insecure.repo1.maven.org/maven2/com/google/guava/guava-parent/18.0/guava-parent-18.0.pom (8 KB at 300.2 KB/sec)
[INFO] Downloading: https://oss.sonatype.org/content/repositories/releases/com/google/guava/guava-parent/18.0/guava-parent-18.0.pom
[INFO] Downloaded: https://oss.sonatype.org/content/repositories/releases/com/google/guava/guava-parent/18.0/guava-parent-18.0.pom (8 KB at 36.4 KB/sec)
[INFO] Downloading: https://repository.apache.org/releases/com/google/guava/guava-parent/18.0/guava-parent-18.0.pom
[INFO] Downloading: http://insecure.repo1.maven.org/maven2/com/google/truth/truth/1.0/truth-1.0.pom
[INFO] Downloaded: http://insecure.repo1.maven.org/maven2/com/google/truth/truth/1.0/truth-1.0.pom (7 KB at 269.4 KB/sec)
[INFO] Downloading: https://oss.sonatype.org/content/repositories/releases/com/google/truth/truth/1.0/truth-1.0.pom
[INFO] Downloaded: https://oss.sonatype.org/content/repositories/releases/com/google/truth/truth/1.0/truth-1.0.pom (7 KB at 32.4 KB/sec)
[INFO] Downloading: https://repository.apache.org/releases/com/google/truth/truth/1.0/truth-1.0.pom
[INFO] Downloading: http://insecure.repo1.maven.org/maven2/com/google/truth/truth-parent/1.0/truth-parent-1.0.pom
[INFO] Downloaded: http://insecure.repo1.maven.org/maven2/com/google/truth/truth-parent/1.0/truth-parent-1.0.pom (16 KB at 666.5 KB/sec)
[INFO] Downloading: https://oss.sonatype.org/content/repositories/releases/com/google/truth/truth-parent/1.0/truth-parent-1.0.pom
[INFO] Downloaded: https://oss.sonatype.org/content/repositories/releases/com/google/truth/truth-parent/1.0/truth-parent-1.0.pom (16 KB at 73.3 KB/sec)
[INFO] Downloading: https://repository.apache.org/releases/com/google/truth/truth-parent/1.0/truth-parent-1.0.pom
[INFO] Downloading: http://insecure.repo1.maven.org/maven2/com/google/guava/guava/27.0.1-android/guava-27.0.1-android.pom
[INFO] Downloaded: http://insecure.repo1.maven.org/maven2/com/google/guava/guava/27.0.1-android/guava-27.0.1-android.pom (9 KB at 337.4 KB/sec)
[INFO] Downloading: https://oss.sonatype.org/content/repositories/releases/com/google/guava/guava/27.0.1-android/guava-27.0.1-android.pom
[INFO] Downloaded: https://oss.sonatype.org/content/repositories/releases/com/google/guava/guava/27.0.1-android/guava-27.0.1-android.pom (9 KB at 37.5 KB/sec)
[INFO] Downloading: https://repository.apache.org/releases/com/google/guava/guava/27.0.1-android/guava-27.0.1-android.pom
[INFO] Downloading: http://insecure.repo1.maven.org/maven2/com/google/guava/guava-parent/27.0.1-android/guava-parent-27.0.1-android.pom
[INFO] Downloaded: http://insecure.repo1.maven.org/maven2/com/google/guava/guava-parent/27.0.1-android/guava-parent-27.0.1-android.pom (10 KB at 414.3 KB/sec)
[INFO] Downloading: https://oss.sonatype.org/content/repositories/releases/com/google/guava/guava-parent/27.0.1-android/guava-parent-27.0.1-android.pom
[INFO] Downloaded: https://oss.sonatype.org/content/repositories/releases/com/google/guava/guava-parent/27.0.1-android/guava-parent-27.0.1-android.pom (10 KB at 48.0 KB/sec)
[INFO] Downloading: https://repository.apache.org/releases/com/google/guava/guava-parent/27.0.1-android/guava-parent-27.0.1-android.pom
[INFO] Downloading: http://insecure.repo1.maven.org/maven2/org/sonatype/oss/oss-parent/9/oss-parent-9.pom
[INFO] Downloaded: http://insecure.repo1.maven.org/maven2/org/sonatype/oss/oss-parent/9/oss-parent-9.pom (7 KB at 278.9 KB/sec)
[INFO] Downloading: https://oss.sonatype.org/content/repositories/releases/org/sonatype/oss/oss-parent/9/oss-parent-9.pom
[INFO] Downloaded: https://oss.sonatype.org/content/repositories/releases/org/sonatype/oss/oss-parent/9/oss-parent-9.pom (7 KB at 31.1 KB/sec)
[INFO] Downloading: https://repository.apache.org/releases/org/sonatype/oss/oss-parent/9/oss-parent-9.pom
[INFO] Downloading: http://insecure.repo1.maven.org/maven2/com/google/guava/failureaccess/1.0.1/failureaccess-1.0.1.pom
[INFO] Downloaded: http://insecure.repo1.maven.org/maven2/com/google/guava/failureaccess/1.0.1/failureaccess-1.0.1.pom (3 KB at 124.0 KB/sec)
[INFO] Downloading: https://oss.sonatype.org/content/repositories/releases/com/google/guava/failureaccess/1.0.1/failureaccess-1.0.1.pom
[INFO] Downloaded: https://oss.sonatype.org/content/repositories/releases/com/google/guava/failureaccess/1.0.1/failureaccess-1.0.1.pom (3 KB at 11.4 KB/sec)
[INFO] Downloading: https://repository.apache.org/releases/com/google/guava/failureaccess/1.0.1/failureaccess-1.0.1.pom
[INFO] Downloading: http://insecure.repo1.maven.org/maven2/com/google/guava/guava-parent/26.0-android/guava-parent-26.0-android.pom
[INFO] Downloaded: http://insecure.repo1.maven.org/maven2/com/google/guava/guava-parent/26.0-android/guava-parent-26.0-android.pom (10 KB at 397.7 KB/sec)
[INFO] Downloading: https://oss.sonatype.org/content/repositories/releases/com/google/guava/guava-parent/26.0-android/guava-parent-26.0-android.pom
[INFO] Downloaded: https://oss.sonatype.org/content/repositories/releases/com/google/guava/guava-parent/26.0-android/guava-parent-26.0-android.pom (10 KB at 48.5 KB/sec)
[INFO] Downloading: https://repository.apache.org/releases/com/google/guava/guava-parent/26.0-android/guava-parent-26.0-android.pom
[INFO] Downloading: http://insecure.repo1.maven.org/maven2/com/google/guava/listenablefuture/9999.0-empty-to-avoid-conflict-with-guava/listenablefuture-9999.0-empty-to-avoid-conflict-with-guava.pom
[INFO] Downloaded: http://insecure.repo1.maven.org/maven2/com/google/guava/listenablefuture/9999.0-empty-to-avoid-conflict-with-guava/listenablefuture-9999.0-empty-to-avoid-conflict-with-guava.pom (3 KB at 105.9 KB/sec)
[INFO] Downloading: https://oss.sonatype.org/content/repositories/releases/com/google/guava/listenablefuture/9999.0-empty-to-avoid-conflict-with-guava/listenablefuture-9999.0-empty-to-avoid-conflict-with-guava.pom
[INFO] Downloaded: https://oss.sonatype.org/content/repositories/releases/com/google/guava/listenablefuture/9999.0-empty-to-avoid-conflict-with-guava/listenablefuture-9999.0-empty-to-avoid-conflict-with-guava.pom (3 KB at 10.9 KB/sec)
[INFO] Downloading: https://repository.apache.org/releases/com/google/guava/listenablefuture/9999.0-empty-to-avoid-conflict-with-guava/listenablefuture-9999.0-empty-to-avoid-conflict-with-guava.pom
[INFO] Downloading: http://insecure.repo1.maven.org/maven2/com/google/code/findbugs/jsr305/3.0.2/jsr305-3.0.2.pom
[INFO] Downloaded: http://insecure.repo1.maven.org/maven2/com/google/code/findbugs/jsr305/3.0.2/jsr305-3.0.2.pom (5 KB at 190.3 KB/sec)
[INFO] Downloading: https://oss.sonatype.org/content/repositories/releases/com/google/code/findbugs/jsr305/3.0.2/jsr305-3.0.2.pom
[INFO] Downloaded: https://oss.sonatype.org/content/repositories/releases/com/google/code/findbugs/jsr305/3.0.2/jsr305-3.0.2.pom (5 KB at 20.3 KB/sec)
[INFO] Downloading: https://repository.apache.org/releases/com/google/code/findbugs/jsr305/3.0.2/jsr305-3.0.2.pom
[INFO] Downloading: http://insecure.repo1.maven.org/maven2/org/checkerframework/checker-compat-qual/2.5.2/checker-compat-qual-2.5.2.pom
[INFO] Downloaded: http://insecure.repo1.maven.org/maven2/org/checkerframework/checker-compat-qual/2.5.2/checker-compat-qual-2.5.2.pom (3 KB at 121.9 KB/sec)
[INFO] Downloading: https://oss.sonatype.org/content/repositories/releases/org/checkerframework/checker-compat-qual/2.5.2/checker-compat-qual-2.5.2.pom
[INFO] Downloaded: https://oss.sonatype.org/content/repositories/releases/org/checkerframework/checker-compat-qual/2.5.2/checker-compat-qual-2.5.2.pom (3 KB at 13.0 KB/sec)
[INFO] Downloading: https://repository.apache.org/releases/org/checkerframework/checker-compat-qual/2.5.2/checker-compat-qual-2.5.2.pom
[INFO] Downloading: http://insecure.repo1.maven.org/maven2/com/google/errorprone/error_prone_annotations/2.2.0/error_prone_annotations-2.2.0.pom
[INFO] Downloaded: http://insecure.repo1.maven.org/maven2/com/google/errorprone/error_prone_annotations/2.2.0/error_prone_annotations-2.2.0.pom (2 KB at 83.0 KB/sec)
[INFO] Downloading: https://oss.sonatype.org/content/repositories/releases/com/google/errorprone/error_prone_annotations/2.2.0/error_prone_annotations-2.2.0.pom
[INFO] Downloaded: https://oss.sonatype.org/content/repositories/releases/com/google/errorprone/error_prone_annotations/2.2.0/error_prone_annotations-2.2.0.pom (2 KB at 8.2 KB/sec)
[INFO] Downloading: https://repository.apache.org/releases/com/google/errorprone/error_prone_annotations/2.2.0/error_prone_annotations-2.2.0.pom
[INFO] Downloading: http://insecure.repo1.maven.org/maven2/com/google/errorprone/error_prone_parent/2.2.0/error_prone_parent-2.2.0.pom
[INFO] Downloaded: http://insecure.repo1.maven.org/maven2/com/google/errorprone/error_prone_parent/2.2.0/error_prone_parent-2.2.0.pom (5 KB at 226.0 KB/sec)
[INFO] Downloading: https://oss.sonatype.org/content/repositories/releases/com/google/errorprone/error_prone_parent/2.2.0/error_prone_parent-2.2.0.pom
[INFO] Downloaded: https://oss.sonatype.org/content/repositories/releases/com/google/errorprone/error_prone_parent/2.2.0/error_prone_parent-2.2.0.pom (5 KB at 24.1 KB/sec)
[INFO] Downloading: https://repository.apache.org/releases/com/google/errorprone/error_prone_parent/2.2.0/error_prone_parent-2.2.0.pom
[INFO] Downloading: http://insecure.repo1.maven.org/maven2/com/google/j2objc/j2objc-annotations/1.1/j2objc-annotations-1.1.pom
[INFO] Downloaded: http://insecure.repo1.maven.org/maven2/com/google/j2objc/j2objc-annotations/1.1/j2objc-annotations-1.1.pom (3 KB at 134.9 KB/sec)
[INFO] Downloading: https://oss.sonatype.org/content/repositories/releases/com/google/j2objc/j2objc-annotations/1.1/j2objc-annotations-1.1.pom
[INFO] Downloaded: https://oss.sonatype.org/content/repositories/releases/com/google/j2objc/j2objc-annotations/1.1/j2objc-annotations-1.1.pom (3 KB at 13.1 KB/sec)
[INFO] Downloading: https://repository.apache.org/releases/com/google/j2objc/j2objc-annotations/1.1/j2objc-annotations-1.1.pom
[INFO] Downloading: http://insecure.repo1.maven.org/maven2/org/codehaus/mojo/animal-sniffer-annotations/1.17/animal-sniffer-annotations-1.17.pom
[INFO] Downloaded: http://insecure.repo1.maven.org/maven2/org/codehaus/mojo/animal-sniffer-annotations/1.17/animal-sniffer-annotations-1.17.pom (3 KB at 119.6 KB/sec)
[INFO] Downloading: https://oss.sonatype.org/content/repositories/releases/org/codehaus/mojo/animal-sniffer-annotations/1.17/animal-sniffer-annotations-1.17.pom
[INFO] Downloaded: https://oss.sonatype.org/content/repositories/releases/org/codehaus/mojo/animal-sniffer-annotations/1.17/animal-sniffer-annotations-1.17.pom (3 KB at 12.4 KB/sec)
[INFO] Downloading: https://repository.apache.org/releases/org/codehaus/mojo/animal-sniffer-annotations/1.17/animal-sniffer-annotations-1.17.pom
[INFO] Downloading: http://insecure.repo1.maven.org/maven2/org/codehaus/mojo/animal-sniffer-parent/1.17/animal-sniffer-parent-1.17.pom
[INFO] Downloaded: http://insecure.repo1.maven.org/maven2/org/codehaus/mojo/animal-sniffer-parent/1.17/animal-sniffer-parent-1.17.pom (9 KB at 382.1 KB/sec)
[INFO] Downloading: https://oss.sonatype.org/content/repositories/releases/org/codehaus/mojo/animal-sniffer-parent/1.17/animal-sniffer-parent-1.17.pom
[INFO] Downloaded: https://oss.sonatype.org/content/repositories/releases/org/codehaus/mojo/animal-sniffer-parent/1.17/animal-sniffer-parent-1.17.pom (9 KB at 40.6 KB/sec)
[INFO] Downloading: https://repository.apache.org/releases/org/codehaus/mojo/animal-sniffer-parent/1.17/animal-sniffer-parent-1.17.pom
[INFO] Downloading: http://insecure.repo1.maven.org/maven2/org/codehaus/mojo/mojo-parent/40/mojo-parent-40.pom
[INFO] Downloaded: http://insecure.repo1.maven.org/maven2/org/codehaus/mojo/mojo-parent/40/mojo-parent-40.pom (33 KB at 1172.6 KB/sec)
[INFO] Downloading: https://oss.sonatype.org/content/repositories/releases/org/codehaus/mojo/mojo-parent/40/mojo-parent-40.pom
[INFO] Downloaded: https://oss.sonatype.org/content/repositories/releases/org/codehaus/mojo/mojo-parent/40/mojo-parent-40.pom (33 KB at 157.1 KB/sec)
[INFO] Downloading: https://repository.apache.org/releases/org/codehaus/mojo/mojo-parent/40/mojo-parent-40.pom
[INFO] Downloading: http://insecure.repo1.maven.org/maven2/org/checkerframework/checker-compat-qual/2.5.5/checker-compat-qual-2.5.5.pom
[INFO] Downloaded: http://insecure.repo1.maven.org/maven2/org/checkerframework/checker-compat-qual/2.5.5/checker-compat-qual-2.5.5.pom (3 KB at 121.9 KB/sec)
[INFO] Downloading: https://oss.sonatype.org/content/repositories/releases/org/checkerframework/checker-compat-qual/2.5.5/checker-compat-qual-2.5.5.pom
[INFO] Downloaded: https://oss.sonatype.org/content/repositories/releases/org/checkerframework/checker-compat-qual/2.5.5/checker-compat-qual-2.5.5.pom (3 KB at 12.7 KB/sec)
[INFO] Downloading: https://repository.apache.org/releases/org/checkerframework/checker-compat-qual/2.5.5/checker-compat-qual-2.5.5.pom
[INFO] Downloading: http://insecure.repo1.maven.org/maven2/junit/junit/4.12/junit-4.12.pom
[INFO] Downloaded: http://insecure.repo1.maven.org/maven2/junit/junit/4.12/junit-4.12.pom (24 KB at 825.8 KB/sec)
[INFO] Downloading: https://oss.sonatype.org/content/repositories/releases/junit/junit/4.12/junit-4.12.pom
[INFO] Downloaded: https://oss.sonatype.org/content/repositories/releases/junit/junit/4.12/junit-4.12.pom (24 KB at 110.6 KB/sec)
[INFO] Downloading: https://repository.apache.org/releases/junit/junit/4.12/junit-4.12.pom
[INFO] Downloading: http://insecure.repo1.maven.org/maven2/org/hamcrest/hamcrest-core/1.3/hamcrest-core-1.3.pom
[INFO] Downloaded: http://insecure.repo1.maven.org/maven2/org/hamcrest/hamcrest-core/1.3/hamcrest-core-1.3.pom (766 B at 37.4 KB/sec)
[INFO] Downloading: https://oss.sonatype.org/content/repositories/releases/org/hamcrest/hamcrest-core/1.3/hamcrest-core-1.3.pom
[INFO] Downloaded: https://oss.sonatype.org/content/repositories/releases/org/hamcrest/hamcrest-core/1.3/hamcrest-core-1.3.pom (766 B at 3.6 KB/sec)
[INFO] Downloading: https://repository.apache.org/releases/org/hamcrest/hamcrest-core/1.3/hamcrest-core-1.3.pom
[INFO] Downloading: http://insecure.repo1.maven.org/maven2/org/hamcrest/hamcrest-parent/1.3/hamcrest-parent-1.3.pom
[INFO] Downloaded: http://insecure.repo1.maven.org/maven2/org/hamcrest/hamcrest-parent/1.3/hamcrest-parent-1.3.pom (2 KB at 91.7 KB/sec)
[INFO] Downloading: https://oss.sonatype.org/content/repositories/releases/org/hamcrest/hamcrest-parent/1.3/hamcrest-parent-1.3.pom
[INFO] Downloaded: https://oss.sonatype.org/content/repositories/releases/org/hamcrest/hamcrest-parent/1.3/hamcrest-parent-1.3.pom (2 KB at 9.4 KB/sec)
[INFO] Downloading: https://repository.apache.org/releases/org/hamcrest/hamcrest-parent/1.3/hamcrest-parent-1.3.pom
[INFO] Downloading: http://insecure.repo1.maven.org/maven2/com/googlecode/java-diff-utils/diffutils/1.3.0/diffutils-1.3.0.pom
[INFO] Downloaded: http://insecure.repo1.maven.org/maven2/com/googlecode/java-diff-utils/diffutils/1.3.0/diffutils-1.3.0.pom (3 KB at 129.1 KB/sec)
[INFO] Downloading: https://oss.sonatype.org/content/repositories/releases/com/googlecode/java-diff-utils/diffutils/1.3.0/diffutils-1.3.0.pom
[INFO] Downloaded: https://oss.sonatype.org/content/repositories/releases/com/googlecode/java-diff-utils/diffutils/1.3.0/diffutils-1.3.0.pom (3 KB at 12.6 KB/sec)
[INFO] Downloading: https://repository.apache.org/releases/com/googlecode/java-diff-utils/diffutils/1.3.0/diffutils-1.3.0.pom
[INFO] Downloading: http://insecure.repo1.maven.org/maven2/com/google/auto/value/auto-value-annotations/1.6.3/auto-value-annotations-1.6.3.pom
[INFO] Downloaded: http://insecure.repo1.maven.org/maven2/com/google/auto/value/auto-value-annotations/1.6.3/auto-value-annotations-1.6.3.pom (3 KB at 119.7 KB/sec)
[INFO] Downloading: https://oss.sonatype.org/content/repositories/releases/com/google/auto/value/auto-value-annotations/1.6.3/auto-value-annotations-1.6.3.pom
[INFO] Downloaded: https://oss.sonatype.org/content/repositories/releases/com/google/auto/value/auto-value-annotations/1.6.3/auto-value-annotations-1.6.3.pom (3 KB at 12.1 KB/sec)
[INFO] Downloading: https://repository.apache.org/releases/com/google/auto/value/auto-value-annotations/1.6.3/auto-value-annotations-1.6.3.pom
[INFO] Downloading: http://insecure.repo1.maven.org/maven2/com/google/auto/value/auto-value-parent/1.6.3/auto-value-parent-1.6.3.pom
[INFO] Downloaded: http://insecure.repo1.maven.org/maven2/com/google/auto/value/auto-value-parent/1.6.3/auto-value-parent-1.6.3.pom (2 KB at 75.0 KB/sec)
[INFO] Downloading: https://oss.sonatype.org/content/repositories/releases/com/google/auto/value/auto-value-parent/1.6.3/auto-value-parent-1.6.3.pom
[INFO] Downloaded: https://oss.sonatype.org/content/repositories/releases/com/google/auto/value/auto-value-parent/1.6.3/auto-value-parent-1.6.3.pom (2 KB at 7.9 KB/sec)
[INFO] Downloading: https://repository.apache.org/releases/com/google/auto/value/auto-value-parent/1.6.3/auto-value-parent-1.6.3.pom
[INFO] Downloading: http://insecure.repo1.maven.org/maven2/com/google/auto/auto-parent/7/auto-parent-7.pom
[INFO] Downloaded: http://insecure.repo1.maven.org/maven2/com/google/auto/auto-parent/7/auto-parent-7.pom (7 KB at 277.6 KB/sec)
[INFO] Downloading: https://oss.sonatype.org/content/repositories/releases/com/google/auto/auto-parent/7/auto-parent-7.pom
[INFO] Downloaded: https://oss.sonatype.org/content/repositories/releases/com/google/auto/auto-parent/7/auto-parent-7.pom (7 KB at 31.1 KB/sec)
[INFO] Downloading: https://repository.apache.org/releases/com/google/auto/auto-parent/7/auto-parent-7.pom
[INFO] Downloading: http://insecure.repo1.maven.org/maven2/com/google/errorprone/error_prone_annotations/2.3.1/error_prone_annotations-2.3.1.pom
[INFO] Downloaded: http://insecure.repo1.maven.org/maven2/com/google/errorprone/error_prone_annotations/2.3.1/error_prone_annotations-2.3.1.pom (2 KB at 87.1 KB/sec)
[INFO] Downloading: https://oss.sonatype.org/content/repositories/releases/com/google/errorprone/error_prone_annotations/2.3.1/error_prone_annotations-2.3.1.pom
[INFO] Downloaded: https://oss.sonatype.org/content/repositories/releases/com/google/errorprone/error_prone_annotations/2.3.1/error_prone_annotations-2.3.1.pom (2 KB at 8.5 KB/sec)
[INFO] Downloading: https://repository.apache.org/releases/com/google/errorprone/error_prone_annotations/2.3.1/error_prone_annotations-2.3.1.pom
[INFO] Downloading: http://insecure.repo1.maven.org/maven2/com/google/errorprone/error_prone_parent/2.3.1/error_prone_parent-2.3.1.pom
[INFO] Downloaded: http://insecure.repo1.maven.org/maven2/com/google/errorprone/error_prone_parent/2.3.1/error_prone_parent-2.3.1.pom (5 KB at 219.8 KB/sec)
[INFO] Downloading: https://oss.sonatype.org/content/repositories/releases/com/google/errorprone/error_prone_parent/2.3.1/error_prone_parent-2.3.1.pom
[INFO] Downloaded: https://oss.sonatype.org/content/repositories/releases/com/google/errorprone/error_prone_parent/2.3.1/error_prone_parent-2.3.1.pom (5 KB at 23.5 KB/sec)
[INFO] Downloading: https://repository.apache.org/releases/com/google/errorprone/error_prone_parent/2.3.1/error_prone_parent-2.3.1.pom
[INFO] Downloading: https://repository.apache.org/snapshots/com/google/testing/compile/compile-testing/1.0-SNAPSHOT/maven-metadata.xml
[INFO] Downloading: https://oss.sonatype.org/content/repositories/snapshots/com/google/testing/compile/compile-testing/1.0-SNAPSHOT/maven-metadata.xml
[INFO] Downloading: https://oss.sonatype.org/content/repositories/snapshots/com/google/testing/compile/compile-testing/1.0-SNAPSHOT/maven-metadata.xml
[INFO] Downloading: https://nexus.codehaus.org/snapshots/com/google/testing/compile/compile-testing/1.0-SNAPSHOT/maven-metadata.xml
[INFO] Downloaded: https://oss.sonatype.org/content/repositories/snapshots/com/google/testing/compile/compile-testing/1.0-SNAPSHOT/maven-metadata.xml (785 B at 2.1 KB/sec)
[INFO] Downloaded: https://oss.sonatype.org/content/repositories/snapshots/com/google/testing/compile/compile-testing/1.0-SNAPSHOT/maven-metadata.xml (785 B at 1.6 KB/sec)
[WARNING] Could not transfer metadata com.google.testing.compile:compile-testing:1.0-SNAPSHOT/maven-metadata.xml from/to codehaus-snapshots (https://nexus.codehaus.org/snapshots/): nexus.codehaus.org
[WARNING] Failure to transfer com.google.testing.compile:compile-testing:1.0-SNAPSHOT/maven-metadata.xml from https://nexus.codehaus.org/snapshots/ was cached in the local repository, resolution will not be reattempted until the update interval of codehaus-snapshots has elapsed or updates are forced. Original error: Could not transfer metadata com.google.testing.compile:compile-testing:1.0-SNAPSHOT/maven-metadata.xml from/to codehaus-snapshots (https://nexus.codehaus.org/snapshots/): nexus.codehaus.org
[INFO] Downloading: https://oss.sonatype.org/content/repositories/snapshots/com/google/testing/compile/compile-testing/1.0-SNAPSHOT/compile-testing-1.0-20151019.225449-3.pom
[INFO] Downloaded: https://oss.sonatype.org/content/repositories/snapshots/com/google/testing/compile/compile-testing/1.0-SNAPSHOT/compile-testing-1.0-20151019.225449-3.pom (5 KB at 26.1 KB/sec)
[INFO] Downloading: https://repository.apache.org/snapshots/com/google/testing/compile/compile-testing/1.0-SNAPSHOT/compile-testing-1.0-20151019.225449-3.pom
[INFO] Downloading: http://insecure.repo1.maven.org/maven2/junit/junit/4.11/junit-4.11.pom
[INFO] Downloaded: http://insecure.repo1.maven.org/maven2/junit/junit/4.11/junit-4.11.pom (3 KB at 109.0 KB/sec)
[INFO] Downloading: https://oss.sonatype.org/content/repositories/releases/junit/junit/4.11/junit-4.11.pom
[INFO] Downloaded: https://oss.sonatype.org/content/repositories/releases/junit/junit/4.11/junit-4.11.pom (3 KB at 11.1 KB/sec)
[INFO] Downloading: https://repository.apache.org/releases/junit/junit/4.11/junit-4.11.pom
[INFO] Downloading: http://insecure.repo1.maven.org/maven2/com/google/truth/truth/0.25/truth-0.25.pom
[INFO] Downloaded: http://insecure.repo1.maven.org/maven2/com/google/truth/truth/0.25/truth-0.25.pom (7 KB at 302.6 KB/sec)
[INFO] Downloading: https://oss.sonatype.org/content/repositories/releases/com/google/truth/truth/0.25/truth-0.25.pom
[INFO] Downloaded: https://oss.sonatype.org/content/repositories/releases/com/google/truth/truth/0.25/truth-0.25.pom (7 KB at 29.5 KB/sec)
[INFO] Downloading: https://repository.apache.org/releases/com/google/truth/truth/0.25/truth-0.25.pom
[INFO] Downloading: http://insecure.repo1.maven.org/maven2/com/google/truth/truth-parent/0.25/truth-parent-0.25.pom
[INFO] Downloaded: http://insecure.repo1.maven.org/maven2/com/google/truth/truth-parent/0.25/truth-parent-0.25.pom (4 KB at 167.1 KB/sec)
[INFO] Downloading: https://oss.sonatype.org/content/repositories/releases/com/google/truth/truth-parent/0.25/truth-parent-0.25.pom
[INFO] Downloaded: https://oss.sonatype.org/content/repositories/releases/com/google/truth/truth-parent/0.25/truth-parent-0.25.pom (4 KB at 15.6 KB/sec)
[INFO] Downloading: https://repository.apache.org/releases/com/google/truth/truth-parent/0.25/truth-parent-0.25.pom
[INFO] Downloading: http://insecure.repo1.maven.org/maven2/com/google/guava/guava/17.0/guava-17.0.pom
[INFO] Downloaded: http://insecure.repo1.maven.org/maven2/com/google/guava/guava/17.0/guava-17.0.pom (6 KB at 250.0 KB/sec)
[INFO] Downloading: https://oss.sonatype.org/content/repositories/releases/com/google/guava/guava/17.0/guava-17.0.pom
[INFO] Downloaded: https://oss.sonatype.org/content/repositories/releases/com/google/guava/guava/17.0/guava-17.0.pom (6 KB at 26.6 KB/sec)
[INFO] Downloading: https://repository.apache.org/releases/com/google/guava/guava/17.0/guava-17.0.pom
[INFO] Downloading: http://insecure.repo1.maven.org/maven2/com/google/guava/guava-parent/17.0/guava-parent-17.0.pom
[INFO] Downloaded: http://insecure.repo1.maven.org/maven2/com/google/guava/guava-parent/17.0/guava-parent-17.0.pom (8 KB at 347.7 KB/sec)
[INFO] Downloading: https://oss.sonatype.org/content/repositories/releases/com/google/guava/guava-parent/17.0/guava-parent-17.0.pom
[INFO] Downloaded: https://oss.sonatype.org/content/repositories/releases/com/google/guava/guava-parent/17.0/guava-parent-17.0.pom (8 KB at 37.3 KB/sec)
[INFO] Downloading: https://repository.apache.org/releases/com/google/guava/guava-parent/17.0/guava-parent-17.0.pom
[INFO] Downloading: http://insecure.repo1.maven.org/maven2/junit/junit/4.10/junit-4.10.pom
[INFO] Downloaded: http://insecure.repo1.maven.org/maven2/junit/junit/4.10/junit-4.10.pom (3 KB at 114.5 KB/sec)
[INFO] Downloading: https://oss.sonatype.org/content/repositories/releases/junit/junit/4.10/junit-4.10.pom
[INFO] Downloaded: https://oss.sonatype.org/content/repositories/releases/junit/junit/4.10/junit-4.10.pom (3 KB at 11.1 KB/sec)
[INFO] Downloading: https://repository.apache.org/releases/junit/junit/4.10/junit-4.10.pom
[INFO] Downloading: http://insecure.repo1.maven.org/maven2/org/hamcrest/hamcrest-core/1.1/hamcrest-core-1.1.pom
[INFO] Downloaded: http://insecure.repo1.maven.org/maven2/org/hamcrest/hamcrest-core/1.1/hamcrest-core-1.1.pom (481 B at 23.5 KB/sec)
[INFO] Downloading: https://oss.sonatype.org/content/repositories/releases/org/hamcrest/hamcrest-core/1.1/hamcrest-core-1.1.pom
[INFO] Downloaded: https://oss.sonatype.org/content/repositories/releases/org/hamcrest/hamcrest-core/1.1/hamcrest-core-1.1.pom (481 B at 2.2 KB/sec)
[INFO] Downloading: https://repository.apache.org/releases/org/hamcrest/hamcrest-core/1.1/hamcrest-core-1.1.pom
[INFO] Downloading: http://insecure.repo1.maven.org/maven2/org/hamcrest/hamcrest-parent/1.1/hamcrest-parent-1.1.pom
[INFO] Downloaded: http://insecure.repo1.maven.org/maven2/org/hamcrest/hamcrest-parent/1.1/hamcrest-parent-1.1.pom (6 KB at 249.5 KB/sec)
[INFO] Downloading: https://oss.sonatype.org/content/repositories/releases/org/hamcrest/hamcrest-parent/1.1/hamcrest-parent-1.1.pom
[INFO] Downloaded: https://oss.sonatype.org/content/repositories/releases/org/hamcrest/hamcrest-parent/1.1/hamcrest-parent-1.1.pom (6 KB at 27.6 KB/sec)
[INFO] Downloading: https://repository.apache.org/releases/org/hamcrest/hamcrest-parent/1.1/hamcrest-parent-1.1.pom
[INFO] Downloading: http://insecure.repo1.maven.org/maven2/com/google/guava/guava/16.0.1/guava-16.0.1.pom
[INFO] Downloaded: http://insecure.repo1.maven.org/maven2/com/google/guava/guava/16.0.1/guava-16.0.1.pom (6 KB at 283.8 KB/sec)
[INFO] Downloading: https://oss.sonatype.org/content/repositories/releases/com/google/guava/guava/16.0.1/guava-16.0.1.pom
[INFO] Downloaded: https://oss.sonatype.org/content/repositories/releases/com/google/guava/guava/16.0.1/guava-16.0.1.pom (6 KB at 28.9 KB/sec)
[INFO] Downloading: https://repository.apache.org/releases/com/google/guava/guava/16.0.1/guava-16.0.1.pom
[INFO] Downloading: http://insecure.repo1.maven.org/maven2/com/google/guava/guava-parent/16.0.1/guava-parent-16.0.1.pom
[INFO] Downloaded: http://insecure.repo1.maven.org/maven2/com/google/guava/guava-parent/16.0.1/guava-parent-16.0.1.pom (8 KB at 311.5 KB/sec)
[INFO] Downloading: https://oss.sonatype.org/content/repositories/releases/com/google/guava/guava-parent/16.0.1/guava-parent-16.0.1.pom
[INFO] Downloaded: https://oss.sonatype.org/content/repositories/releases/com/google/guava/guava-parent/16.0.1/guava-parent-16.0.1.pom (8 KB at 34.4 KB/sec)
[INFO] Downloading: https://repository.apache.org/releases/com/google/guava/guava-parent/16.0.1/guava-parent-16.0.1.pom
[INFO] Downloading: http://insecure.repo1.maven.org/maven2/com/google/jimfs/jimfs/1.0/jimfs-1.0.pom
[INFO] Downloaded: http://insecure.repo1.maven.org/maven2/com/google/jimfs/jimfs/1.0/jimfs-1.0.pom (5 KB at 202.2 KB/sec)
[INFO] Downloading: https://oss.sonatype.org/content/repositories/releases/com/google/jimfs/jimfs/1.0/jimfs-1.0.pom
[INFO] Downloaded: https://oss.sonatype.org/content/repositories/releases/com/google/jimfs/jimfs/1.0/jimfs-1.0.pom (5 KB at 19.5 KB/sec)
[INFO] Downloading: https://repository.apache.org/releases/com/google/jimfs/jimfs/1.0/jimfs-1.0.pom
[INFO] Downloading: http://insecure.repo1.maven.org/maven2/com/google/jimfs/jimfs-parent/1.0/jimfs-parent-1.0.pom
[INFO] Downloaded: http://insecure.repo1.maven.org/maven2/com/google/jimfs/jimfs-parent/1.0/jimfs-parent-1.0.pom (6 KB at 242.7 KB/sec)
[INFO] Downloading: https://oss.sonatype.org/content/repositories/releases/com/google/jimfs/jimfs-parent/1.0/jimfs-parent-1.0.pom
[INFO] Downloaded: https://oss.sonatype.org/content/repositories/releases/com/google/jimfs/jimfs-parent/1.0/jimfs-parent-1.0.pom (6 KB at 26.0 KB/sec)
[INFO] Downloading: https://repository.apache.org/releases/com/google/jimfs/jimfs-parent/1.0/jimfs-parent-1.0.pom
[INFO] Downloading: http://insecure.repo1.maven.org/maven2/org/mockito/mockito-core/1.10.16/mockito-core-1.10.16.pom
[INFO] Downloaded: http://insecure.repo1.maven.org/maven2/org/mockito/mockito-core/1.10.16/mockito-core-1.10.16.pom (2 KB at 64.2 KB/sec)
[INFO] Downloading: https://oss.sonatype.org/content/repositories/releases/org/mockito/mockito-core/1.10.16/mockito-core-1.10.16.pom
[INFO] Downloaded: https://oss.sonatype.org/content/repositories/releases/org/mockito/mockito-core/1.10.16/mockito-core-1.10.16.pom (2 KB at 6.3 KB/sec)
[INFO] Downloading: https://repository.apache.org/releases/org/mockito/mockito-core/1.10.16/mockito-core-1.10.16.pom
[INFO] Downloading: http://insecure.repo1.maven.org/maven2/org/objenesis/objenesis/2.1/objenesis-2.1.pom
[INFO] Downloaded: http://insecure.repo1.maven.org/maven2/org/objenesis/objenesis/2.1/objenesis-2.1.pom (3 KB at 117.9 KB/sec)
[INFO] Downloading: https://oss.sonatype.org/content/repositories/releases/org/objenesis/objenesis/2.1/objenesis-2.1.pom
[INFO] Downloaded: https://oss.sonatype.org/content/repositories/releases/org/objenesis/objenesis/2.1/objenesis-2.1.pom (3 KB at 11.8 KB/sec)
[INFO] Downloading: https://repository.apache.org/releases/org/objenesis/objenesis/2.1/objenesis-2.1.pom
[INFO] Downloading: http://insecure.repo1.maven.org/maven2/org/objenesis/objenesis-parent/2.1/objenesis-parent-2.1.pom
[INFO] Downloaded: http://insecure.repo1.maven.org/maven2/org/objenesis/objenesis-parent/2.1/objenesis-parent-2.1.pom (17 KB at 679.8 KB/sec)
[INFO] Downloading: https://oss.sonatype.org/content/repositories/releases/org/objenesis/objenesis-parent/2.1/objenesis-parent-2.1.pom
[INFO] Downloaded: https://oss.sonatype.org/content/repositories/releases/org/objenesis/objenesis-parent/2.1/objenesis-parent-2.1.pom (17 KB at 78.4 KB/sec)
[INFO] Downloading: https://repository.apache.org/releases/org/objenesis/objenesis-parent/2.1/objenesis-parent-2.1.pom
[INFO] Downloading: http://insecure.repo1.maven.org/maven2/com/google/guava/guava/18.0/guava-18.0.jar
[INFO] Downloading: http://insecure.repo1.maven.org/maven2/com/google/truth/truth/1.0/truth-1.0.jar
[INFO] Downloading: http://insecure.repo1.maven.org/maven2/org/checkerframework/checker-compat-qual/2.5.5/checker-compat-qual-2.5.5.jar
[INFO] Downloading: http://insecure.repo1.maven.org/maven2/com/googlecode/java-diff-utils/diffutils/1.3.0/diffutils-1.3.0.jar
[INFO] Downloading: http://insecure.repo1.maven.org/maven2/com/google/auto/value/auto-value-annotations/1.6.3/auto-value-annotations-1.6.3.jar
[INFO] Downloaded: http://insecure.repo1.maven.org/maven2/org/checkerframework/checker-compat-qual/2.5.5/checker-compat-qual-2.5.5.jar (6 KB at 102.1 KB/sec)
[INFO] Downloading: http://insecure.repo1.maven.org/maven2/com/google/errorprone/error_prone_annotations/2.3.1/error_prone_annotations-2.3.1.jar
[INFO] Downloaded: http://insecure.repo1.maven.org/maven2/com/google/auto/value/auto-value-annotations/1.6.3/auto-value-annotations-1.6.3.jar (6 KB at 94.6 KB/sec)
[INFO] Downloading: http://insecure.repo1.maven.org/maven2/junit/junit/4.12/junit-4.12.jar
[INFO] Downloaded: http://insecure.repo1.maven.org/maven2/com/googlecode/java-diff-utils/diffutils/1.3.0/diffutils-1.3.0.jar (34 KB at 347.2 KB/sec)
[INFO] Downloading: http://insecure.repo1.maven.org/maven2/org/hamcrest/hamcrest-core/1.3/hamcrest-core-1.3.jar
[INFO] Downloaded: http://insecure.repo1.maven.org/maven2/com/google/errorprone/error_prone_annotations/2.3.1/error_prone_annotations-2.3.1.jar (13 KB at 217.9 KB/sec)
[INFO] Downloading: http://insecure.repo1.maven.org/maven2/com/google/jimfs/jimfs/1.0/jimfs-1.0.jar
[INFO] Downloaded: http://insecure.repo1.maven.org/maven2/org/hamcrest/hamcrest-core/1.3/hamcrest-core-1.3.jar (44 KB at 426.9 KB/sec)
[INFO] Downloading: http://insecure.repo1.maven.org/maven2/org/mockito/mockito-core/1.10.16/mockito-core-1.10.16.jar
[INFO] Downloaded: http://insecure.repo1.maven.org/maven2/com/google/truth/truth/1.0/truth-1.0.jar (235 KB at 541.0 KB/sec)
[INFO] Downloading: http://insecure.repo1.maven.org/maven2/org/objenesis/objenesis/2.1/objenesis-2.1.jar
[INFO] Downloaded: http://insecure.repo1.maven.org/maven2/com/google/jimfs/jimfs/1.0/jimfs-1.0.jar (191 KB at 531.3 KB/sec)
[INFO] Downloaded: http://insecure.repo1.maven.org/maven2/org/objenesis/objenesis/2.1/objenesis-2.1.jar (41 KB at 453.1 KB/sec)
[INFO] Downloaded: http://insecure.repo1.maven.org/maven2/junit/junit/4.12/junit-4.12.jar (308 KB at 538.6 KB/sec)
[INFO] Downloaded: http://insecure.repo1.maven.org/maven2/org/mockito/mockito-core/1.10.16/mockito-core-1.10.16.jar (1144 KB at 616.0 KB/sec)
[INFO] Downloaded: http://insecure.repo1.maven.org/maven2/com/google/guava/guava/18.0/guava-18.0.jar (2204 KB at 755.1 KB/sec)
[INFO] Downloading: https://oss.sonatype.org/content/repositories/releases/com/google/guava/guava/18.0/guava-18.0.jar
[INFO] Downloading: https://oss.sonatype.org/content/repositories/releases/com/google/truth/truth/1.0/truth-1.0.jar
[INFO] Downloading: https://oss.sonatype.org/content/repositories/releases/org/checkerframework/checker-compat-qual/2.5.5/checker-compat-qual-2.5.5.jar
[INFO] Downloading: https://oss.sonatype.org/content/repositories/releases/com/googlecode/java-diff-utils/diffutils/1.3.0/diffutils-1.3.0.jar
[INFO] Downloading: https://oss.sonatype.org/content/repositories/releases/com/google/auto/value/auto-value-annotations/1.6.3/auto-value-annotations-1.6.3.jar
[INFO] Downloaded: https://oss.sonatype.org/content/repositories/releases/com/google/truth/truth/1.0/truth-1.0.jar (235 KB at 922.3 KB/sec)
[INFO] Downloading: https://oss.sonatype.org/content/repositories/releases/com/google/errorprone/error_prone_annotations/2.3.1/error_prone_annotations-2.3.1.jar
[INFO] Downloaded: https://oss.sonatype.org/content/repositories/releases/com/google/guava/guava/18.0/guava-18.0.jar (2204 KB at 5767.9 KB/sec)
[INFO] Downloading: https://oss.sonatype.org/content/repositories/releases/junit/junit/4.12/junit-4.12.jar
[INFO] Downloaded: https://oss.sonatype.org/content/repositories/releases/com/google/errorprone/error_prone_annotations/2.3.1/error_prone_annotations-2.3.1.jar (13 KB at 59.8 KB/sec)
[INFO] Downloading: https://oss.sonatype.org/content/repositories/releases/org/hamcrest/hamcrest-core/1.3/hamcrest-core-1.3.jar
[INFO] Downloaded: https://oss.sonatype.org/content/repositories/releases/junit/junit/4.12/junit-4.12.jar (308 KB at 1398.0 KB/sec)
[INFO] Downloading: https://oss.sonatype.org/content/repositories/releases/com/google/jimfs/jimfs/1.0/jimfs-1.0.jar
[INFO] Downloaded: https://oss.sonatype.org/content/repositories/releases/com/google/auto/value/auto-value-annotations/1.6.3/auto-value-annotations-1.6.3.jar (6 KB at 9.3 KB/sec)
[INFO] Downloading: https://oss.sonatype.org/content/repositories/releases/org/mockito/mockito-core/1.10.16/mockito-core-1.10.16.jar
[INFO] Downloaded: https://oss.sonatype.org/content/repositories/releases/com/googlecode/java-diff-utils/diffutils/1.3.0/diffutils-1.3.0.jar (34 KB at 53.0 KB/sec)
[INFO] Downloading: https://oss.sonatype.org/content/repositories/releases/org/objenesis/objenesis/2.1/objenesis-2.1.jar
[INFO] Downloaded: https://oss.sonatype.org/content/repositories/releases/org/checkerframework/checker-compat-qual/2.5.5/checker-compat-qual-2.5.5.jar (6 KB at 8.6 KB/sec)
[INFO] Downloaded: https://oss.sonatype.org/content/repositories/releases/org/hamcrest/hamcrest-core/1.3/hamcrest-core-1.3.jar (44 KB at 212.4 KB/sec)
[INFO] Downloaded: https://oss.sonatype.org/content/repositories/releases/com/google/jimfs/jimfs/1.0/jimfs-1.0.jar (191 KB at 859.2 KB/sec)
[INFO] Downloaded: https://oss.sonatype.org/content/repositories/releases/org/objenesis/objenesis/2.1/objenesis-2.1.jar (41 KB at 193.3 KB/sec)
[INFO] Downloaded: https://oss.sonatype.org/content/repositories/releases/org/mockito/mockito-core/1.10.16/mockito-core-1.10.16.jar (1144 KB at 4203.0 KB/sec)
[INFO] Downloading: https://repository.apache.org/releases/com/google/guava/guava/18.0/guava-18.0.jar
[INFO] Downloading: https://repository.apache.org/releases/com/google/truth/truth/1.0/truth-1.0.jar
[INFO] Downloading: https://repository.apache.org/releases/org/checkerframework/checker-compat-qual/2.5.5/checker-compat-qual-2.5.5.jar
[INFO] Downloading: https://repository.apache.org/releases/com/googlecode/java-diff-utils/diffutils/1.3.0/diffutils-1.3.0.jar
[INFO] Downloading: https://repository.apache.org/releases/com/google/auto/value/auto-value-annotations/1.6.3/auto-value-annotations-1.6.3.jar
[INFO] Downloading: https://repository.apache.org/releases/junit/junit/4.12/junit-4.12.jar
[INFO] Downloading: https://repository.apache.org/releases/com/google/errorprone/error_prone_annotations/2.3.1/error_prone_annotations-2.3.1.jar
[INFO] Downloading: https://repository.apache.org/releases/org/hamcrest/hamcrest-core/1.3/hamcrest-core-1.3.jar
[INFO] Downloading: https://repository.apache.org/releases/com/google/jimfs/jimfs/1.0/jimfs-1.0.jar
[INFO] Downloading: https://repository.apache.org/releases/org/mockito/mockito-core/1.10.16/mockito-core-1.10.16.jar
[INFO] Downloading: https://repository.apache.org/releases/org/objenesis/objenesis/2.1/objenesis-2.1.jar
[INFO] Downloading: https://oss.sonatype.org/content/repositories/snapshots/com/google/testing/compile/compile-testing/1.0-SNAPSHOT/compile-testing-1.0-20151019.225449-3.jar
[INFO] Downloaded: https://oss.sonatype.org/content/repositories/snapshots/com/google/testing/compile/compile-testing/1.0-SNAPSHOT/compile-testing-1.0-20151019.225449-3.jar (96 KB at 216.1 KB/sec)
[INFO] 
[INFO] --- maven-enforcer-plugin:1.0:enforce (enforce-maven) @ javawriter ---
[INFO] Downloading: https://repo.maven.apache.org/maven2/org/apache/maven/maven-artifact/2.0.9/maven-artifact-2.0.9.pom
[INFO] Downloaded: https://repo.maven.apache.org/maven2/org/apache/maven/maven-artifact/2.0.9/maven-artifact-2.0.9.pom (2 KB at 93.0 KB/sec)
[INFO] Downloading: https://repo.maven.apache.org/maven2/org/apache/maven/maven/2.0.9/maven-2.0.9.pom
[INFO] Downloaded: https://repo.maven.apache.org/maven2/org/apache/maven/maven/2.0.9/maven-2.0.9.pom (19 KB at 1025.8 KB/sec)
[INFO] Downloading: https://repo.maven.apache.org/maven2/org/apache/maven/maven-parent/8/maven-parent-8.pom
[INFO] Downloaded: https://repo.maven.apache.org/maven2/org/apache/maven/maven-parent/8/maven-parent-8.pom (24 KB at 1309.3 KB/sec)
[INFO] Downloading: https://repo.maven.apache.org/maven2/org/apache/apache/4/apache-4.pom
[INFO] Downloaded: https://repo.maven.apache.org/maven2/org/apache/apache/4/apache-4.pom (5 KB at 292.6 KB/sec)
[INFO] Downloading: https://repo.maven.apache.org/maven2/org/codehaus/plexus/plexus-utils/1.5.8/plexus-utils-1.5.8.pom
[INFO] Downloaded: https://repo.maven.apache.org/maven2/org/codehaus/plexus/plexus-utils/1.5.8/plexus-utils-1.5.8.pom (8 KB at 492.1 KB/sec)
[INFO] Downloading: https://repo.maven.apache.org/maven2/org/codehaus/plexus/plexus/2.0.2/plexus-2.0.2.pom
[INFO] Downloaded: https://repo.maven.apache.org/maven2/org/codehaus/plexus/plexus/2.0.2/plexus-2.0.2.pom (12 KB at 666.9 KB/sec)
[INFO] Downloading: https://repo.maven.apache.org/maven2/org/apache/maven/maven-plugin-api/2.0.9/maven-plugin-api-2.0.9.pom
[INFO] Downloaded: https://repo.maven.apache.org/maven2/org/apache/maven/maven-plugin-api/2.0.9/maven-plugin-api-2.0.9.pom (2 KB at 91.2 KB/sec)
[INFO] Downloading: https://repo.maven.apache.org/maven2/org/apache/maven/maven-project/2.0.9/maven-project-2.0.9.pom
[INFO] Downloaded: https://repo.maven.apache.org/maven2/org/apache/maven/maven-project/2.0.9/maven-project-2.0.9.pom (3 KB at 165.4 KB/sec)
[INFO] Downloading: https://repo.maven.apache.org/maven2/org/apache/maven/maven-settings/2.0.9/maven-settings-2.0.9.pom
[INFO] Downloaded: https://repo.maven.apache.org/maven2/org/apache/maven/maven-settings/2.0.9/maven-settings-2.0.9.pom (3 KB at 125.6 KB/sec)
[INFO] Downloading: https://repo.maven.apache.org/maven2/org/apache/maven/maven-model/2.0.9/maven-model-2.0.9.pom
[INFO] Downloaded: https://repo.maven.apache.org/maven2/org/apache/maven/maven-model/2.0.9/maven-model-2.0.9.pom (4 KB at 191.7 KB/sec)
[INFO] Downloading: https://repo.maven.apache.org/maven2/org/codehaus/plexus/plexus-container-default/1.0-alpha-9-stable-1/plexus-container-default-1.0-alpha-9-stable-1.pom
[INFO] Downloaded: https://repo.maven.apache.org/maven2/org/codehaus/plexus/plexus-container-default/1.0-alpha-9-stable-1/plexus-container-default-1.0-alpha-9-stable-1.pom (4 KB at 257.1 KB/sec)
[INFO] Downloading: https://repo.maven.apache.org/maven2/org/codehaus/plexus/plexus-containers/1.0.3/plexus-containers-1.0.3.pom
[INFO] Downloaded: https://repo.maven.apache.org/maven2/org/codehaus/plexus/plexus-containers/1.0.3/plexus-containers-1.0.3.pom (492 B at 30.0 KB/sec)
[INFO] Downloading: https://repo.maven.apache.org/maven2/org/codehaus/plexus/plexus/1.0.4/plexus-1.0.4.pom
[INFO] Downloaded: https://repo.maven.apache.org/maven2/org/codehaus/plexus/plexus/1.0.4/plexus-1.0.4.pom (6 KB at 400.2 KB/sec)
[INFO] Downloading: https://repo.maven.apache.org/maven2/junit/junit/3.8.2/junit-3.8.2.pom
[INFO] Downloaded: https://repo.maven.apache.org/maven2/junit/junit/3.8.2/junit-3.8.2.pom (747 B at 45.6 KB/sec)
[INFO] Downloading: https://repo.maven.apache.org/maven2/classworlds/classworlds/1.1-alpha-2/classworlds-1.1-alpha-2.pom
[INFO] Downloaded: https://repo.maven.apache.org/maven2/classworlds/classworlds/1.1-alpha-2/classworlds-1.1-alpha-2.pom (4 KB at 160.8 KB/sec)
[INFO] Downloading: https://repo.maven.apache.org/maven2/org/apache/maven/maven-profile/2.0.9/maven-profile-2.0.9.pom
[INFO] Downloaded: https://repo.maven.apache.org/maven2/org/apache/maven/maven-profile/2.0.9/maven-profile-2.0.9.pom (3 KB at 117.8 KB/sec)
[INFO] Downloading: https://repo.maven.apache.org/maven2/org/apache/maven/maven-artifact-manager/2.0.9/maven-artifact-manager-2.0.9.pom
[INFO] Downloaded: https://repo.maven.apache.org/maven2/org/apache/maven/maven-artifact-manager/2.0.9/maven-artifact-manager-2.0.9.pom (3 KB at 164.8 KB/sec)
[INFO] Downloading: https://repo.maven.apache.org/maven2/org/apache/maven/maven-repository-metadata/2.0.9/maven-repository-metadata-2.0.9.pom
[INFO] Downloaded: https://repo.maven.apache.org/maven2/org/apache/maven/maven-repository-metadata/2.0.9/maven-repository-metadata-2.0.9.pom (2 KB at 109.2 KB/sec)
[INFO] Downloading: https://repo.maven.apache.org/maven2/org/apache/maven/maven-plugin-registry/2.0.9/maven-plugin-registry-2.0.9.pom
[INFO] Downloaded: https://repo.maven.apache.org/maven2/org/apache/maven/maven-plugin-registry/2.0.9/maven-plugin-registry-2.0.9.pom (2 KB at 113.2 KB/sec)
[INFO] Downloading: https://repo.maven.apache.org/maven2/org/apache/maven/maven-core/2.0.9/maven-core-2.0.9.pom
[INFO] Downloaded: https://repo.maven.apache.org/maven2/org/apache/maven/maven-core/2.0.9/maven-core-2.0.9.pom (8 KB at 475.2 KB/sec)
[INFO] Downloading: https://repo.maven.apache.org/maven2/org/apache/maven/maven-plugin-parameter-documenter/2.0.9/maven-plugin-parameter-documenter-2.0.9.pom
[INFO] Downloaded: https://repo.maven.apache.org/maven2/org/apache/maven/maven-plugin-parameter-documenter/2.0.9/maven-plugin-parameter-documenter-2.0.9.pom (2 KB at 112.8 KB/sec)
[INFO] Downloading: https://repo.maven.apache.org/maven2/org/apache/maven/reporting/maven-reporting-api/2.0.9/maven-reporting-api-2.0.9.pom
[INFO] Downloaded: https://repo.maven.apache.org/maven2/org/apache/maven/reporting/maven-reporting-api/2.0.9/maven-reporting-api-2.0.9.pom (2 KB at 110.0 KB/sec)
[INFO] Downloading: https://repo.maven.apache.org/maven2/org/apache/maven/reporting/maven-reporting/2.0.9/maven-reporting-2.0.9.pom
[INFO] Downloaded: https://repo.maven.apache.org/maven2/org/apache/maven/reporting/maven-reporting/2.0.9/maven-reporting-2.0.9.pom (2 KB at 90.1 KB/sec)
[INFO] Downloading: https://repo.maven.apache.org/maven2/org/apache/maven/doxia/doxia-sink-api/1.0-alpha-10/doxia-sink-api-1.0-alpha-10.pom
[INFO] Downloaded: https://repo.maven.apache.org/maven2/org/apache/maven/doxia/doxia-sink-api/1.0-alpha-10/doxia-sink-api-1.0-alpha-10.pom (2 KB at 82.2 KB/sec)
[INFO] Downloading: https://repo.maven.apache.org/maven2/org/apache/maven/doxia/doxia/1.0-alpha-10/doxia-1.0-alpha-10.pom
[INFO] Downloaded: https://repo.maven.apache.org/maven2/org/apache/maven/doxia/doxia/1.0-alpha-10/doxia-1.0-alpha-10.pom (9 KB at 526.2 KB/sec)
[INFO] Downloading: https://repo.maven.apache.org/maven2/org/apache/maven/maven-parent/6/maven-parent-6.pom
[INFO] Downloaded: https://repo.maven.apache.org/maven2/org/apache/maven/maven-parent/6/maven-parent-6.pom (20 KB at 1151.5 KB/sec)
[INFO] Downloading: https://repo.maven.apache.org/maven2/org/apache/maven/maven-error-diagnostics/2.0.9/maven-error-diagnostics-2.0.9.pom
[INFO] Downloaded: https://repo.maven.apache.org/maven2/org/apache/maven/maven-error-diagnostics/2.0.9/maven-error-diagnostics-2.0.9.pom (2 KB at 113.5 KB/sec)
[INFO] Downloading: https://repo.maven.apache.org/maven2/commons-cli/commons-cli/1.0/commons-cli-1.0.pom
[INFO] Downloaded: https://repo.maven.apache.org/maven2/commons-cli/commons-cli/1.0/commons-cli-1.0.pom (3 KB at 114.2 KB/sec)
[INFO] Downloading: https://repo.maven.apache.org/maven2/org/apache/maven/maven-plugin-descriptor/2.0.9/maven-plugin-descriptor-2.0.9.pom
[INFO] Downloaded: https://repo.maven.apache.org/maven2/org/apache/maven/maven-plugin-descriptor/2.0.9/maven-plugin-descriptor-2.0.9.pom (3 KB at 119.2 KB/sec)
[INFO] Downloading: https://repo.maven.apache.org/maven2/org/codehaus/plexus/plexus-interactivity-api/1.0-alpha-4/plexus-interactivity-api-1.0-alpha-4.pom
[INFO] Downloaded: https://repo.maven.apache.org/maven2/org/codehaus/plexus/plexus-interactivity-api/1.0-alpha-4/plexus-interactivity-api-1.0-alpha-4.pom (7 KB at 407.3 KB/sec)
[INFO] Downloading: https://repo.maven.apache.org/maven2/org/apache/maven/maven-monitor/2.0.9/maven-monitor-2.0.9.pom
[INFO] Downloaded: https://repo.maven.apache.org/maven2/org/apache/maven/maven-monitor/2.0.9/maven-monitor-2.0.9.pom (2 KB at 69.7 KB/sec)
[INFO] Downloading: https://repo.maven.apache.org/maven2/classworlds/classworlds/1.1/classworlds-1.1.pom
[INFO] Downloaded: https://repo.maven.apache.org/maven2/classworlds/classworlds/1.1/classworlds-1.1.pom (4 KB at 190.9 KB/sec)
[INFO] Downloading: https://repo.maven.apache.org/maven2/commons-lang/commons-lang/2.3/commons-lang-2.3.pom
[INFO] Downloaded: https://repo.maven.apache.org/maven2/commons-lang/commons-lang/2.3/commons-lang-2.3.pom (11 KB at 638.5 KB/sec)
[INFO] Downloading: https://repo.maven.apache.org/maven2/org/apache/maven/enforcer/enforcer-api/1.0/enforcer-api-1.0.pom
[INFO] Downloaded: https://repo.maven.apache.org/maven2/org/apache/maven/enforcer/enforcer-api/1.0/enforcer-api-1.0.pom (4 KB at 188.2 KB/sec)
[INFO] Downloading: https://repo.maven.apache.org/maven2/org/codehaus/plexus/plexus-container-default/1.0-alpha-9/plexus-container-default-1.0-alpha-9.pom
[INFO] Downloaded: https://repo.maven.apache.org/maven2/org/codehaus/plexus/plexus-container-default/1.0-alpha-9/plexus-container-default-1.0-alpha-9.pom (2 KB at 75.4 KB/sec)
[INFO] Downloading: https://repo.maven.apache.org/maven2/org/apache/maven/enforcer/enforcer-rules/1.0/enforcer-rules-1.0.pom
[INFO] Downloaded: https://repo.maven.apache.org/maven2/org/apache/maven/enforcer/enforcer-rules/1.0/enforcer-rules-1.0.pom (5 KB at 252.3 KB/sec)
[INFO] Downloading: https://repo.maven.apache.org/maven2/org/apache/maven/shared/maven-common-artifact-filters/1.2/maven-common-artifact-filters-1.2.pom
[INFO] Downloaded: https://repo.maven.apache.org/maven2/org/apache/maven/shared/maven-common-artifact-filters/1.2/maven-common-artifact-filters-1.2.pom (5 KB at 245.3 KB/sec)
[INFO] Downloading: https://repo.maven.apache.org/maven2/org/apache/maven/shared/maven-shared-components/11/maven-shared-components-11.pom
[INFO] Downloaded: https://repo.maven.apache.org/maven2/org/apache/maven/shared/maven-shared-components/11/maven-shared-components-11.pom (9 KB at 479.1 KB/sec)
[INFO] Downloading: https://repo.maven.apache.org/maven2/org/apache/maven/maven-parent/11/maven-parent-11.pom
[INFO] Downloaded: https://repo.maven.apache.org/maven2/org/apache/maven/maven-parent/11/maven-parent-11.pom (32 KB at 1582.5 KB/sec)
[INFO] Downloading: https://repo.maven.apache.org/maven2/org/apache/apache/5/apache-5.pom
[INFO] Downloaded: https://repo.maven.apache.org/maven2/org/apache/apache/5/apache-5.pom (5 KB at 250.1 KB/sec)
[INFO] Downloading: https://repo.maven.apache.org/maven2/org/apache/maven/maven-model/2.0.8/maven-model-2.0.8.pom
[INFO] Downloaded: https://repo.maven.apache.org/maven2/org/apache/maven/maven-model/2.0.8/maven-model-2.0.8.pom (4 KB at 191.7 KB/sec)
[INFO] Downloading: https://repo.maven.apache.org/maven2/org/apache/maven/maven/2.0.8/maven-2.0.8.pom
[INFO] Downloaded: https://repo.maven.apache.org/maven2/org/apache/maven/maven/2.0.8/maven-2.0.8.pom (12 KB at 694.8 KB/sec)
[INFO] Downloading: https://repo.maven.apache.org/maven2/org/apache/maven/shared/maven-plugin-testing-harness/1.1/maven-plugin-testing-harness-1.1.pom
[INFO] Downloaded: https://repo.maven.apache.org/maven2/org/apache/maven/shared/maven-plugin-testing-harness/1.1/maven-plugin-testing-harness-1.1.pom (7 KB at 343.7 KB/sec)
[INFO] Downloading: https://repo.maven.apache.org/maven2/org/apache/maven/shared/maven-shared-components/7/maven-shared-components-7.pom
[INFO] Downloaded: https://repo.maven.apache.org/maven2/org/apache/maven/shared/maven-shared-components/7/maven-shared-components-7.pom (3 KB at 81.9 KB/sec)
[INFO] Downloading: https://repo.maven.apache.org/maven2/org/apache/maven/maven-parent/5/maven-parent-5.pom
[INFO] Downloaded: https://repo.maven.apache.org/maven2/org/apache/maven/maven-parent/5/maven-parent-5.pom (15 KB at 513.1 KB/sec)
[INFO] Downloading: https://repo.maven.apache.org/maven2/org/apache/apache/3/apache-3.pom
[INFO] Downloaded: https://repo.maven.apache.org/maven2/org/apache/apache/3/apache-3.pom (4 KB at 115.5 KB/sec)
[INFO] Downloading: https://repo.maven.apache.org/maven2/org/codehaus/plexus/plexus-archiver/1.0-alpha-7/plexus-archiver-1.0-alpha-7.pom
[INFO] Downloaded: https://repo.maven.apache.org/maven2/org/codehaus/plexus/plexus-archiver/1.0-alpha-7/plexus-archiver-1.0-alpha-7.pom (2 KB at 40.7 KB/sec)
[INFO] Downloading: https://repo.maven.apache.org/maven2/org/codehaus/plexus/plexus-components/1.1.6/plexus-components-1.1.6.pom
[INFO] Downloaded: https://repo.maven.apache.org/maven2/org/codehaus/plexus/plexus-components/1.1.6/plexus-components-1.1.6.pom (2 KB at 102.4 KB/sec)
[INFO] Downloading: https://repo.maven.apache.org/maven2/org/codehaus/plexus/plexus/1.0.8/plexus-1.0.8.pom
[INFO] Downloaded: https://repo.maven.apache.org/maven2/org/codehaus/plexus/plexus/1.0.8/plexus-1.0.8.pom (8 KB at 252.2 KB/sec)
[INFO] Downloading: https://repo.maven.apache.org/maven2/org/codehaus/plexus/plexus-container-default/1.0-alpha-8/plexus-container-default-1.0-alpha-8.pom
[INFO] Downloaded: https://repo.maven.apache.org/maven2/org/codehaus/plexus/plexus-container-default/1.0-alpha-8/plexus-container-default-1.0-alpha-8.pom (8 KB at 417.2 KB/sec)
[INFO] Downloading: https://repo.maven.apache.org/maven2/org/beanshell/bsh/2.0b4/bsh-2.0b4.pom
[INFO] Downloaded: https://repo.maven.apache.org/maven2/org/beanshell/bsh/2.0b4/bsh-2.0b4.pom (2 KB at 64.8 KB/sec)
[INFO] Downloading: https://repo.maven.apache.org/maven2/org/beanshell/beanshell/2.0b4/beanshell-2.0b4.pom
[INFO] Downloaded: https://repo.maven.apache.org/maven2/org/beanshell/beanshell/2.0b4/beanshell-2.0b4.pom (2 KB at 76.6 KB/sec)
[INFO] Downloading: https://repo.maven.apache.org/maven2/org/apache/maven/shared/maven-dependency-tree/1.2/maven-dependency-tree-1.2.pom
[INFO] Downloaded: https://repo.maven.apache.org/maven2/org/apache/maven/shared/maven-dependency-tree/1.2/maven-dependency-tree-1.2.pom (4 KB at 195.9 KB/sec)
[INFO] Downloading: https://repo.maven.apache.org/maven2/org/apache/maven/shared/maven-shared-components/9/maven-shared-components-9.pom
[INFO] Downloaded: https://repo.maven.apache.org/maven2/org/apache/maven/shared/maven-shared-components/9/maven-shared-components-9.pom (4 KB at 189.9 KB/sec)
[INFO] Downloading: https://repo.maven.apache.org/maven2/org/codehaus/plexus/plexus-i18n/1.0-beta-6/plexus-i18n-1.0-beta-6.pom
[INFO] Downloaded: https://repo.maven.apache.org/maven2/org/codehaus/plexus/plexus-i18n/1.0-beta-6/plexus-i18n-1.0-beta-6.pom (771 B at 41.8 KB/sec)
[INFO] Downloading: https://repo.maven.apache.org/maven2/org/codehaus/plexus/plexus-components/1.1.4/plexus-components-1.1.4.pom
[INFO] Downloaded: https://repo.maven.apache.org/maven2/org/codehaus/plexus/plexus-components/1.1.4/plexus-components-1.1.4.pom (3 KB at 119.0 KB/sec)
[INFO] Downloading: https://repo.maven.apache.org/maven2/org/apache/maven/reporting/maven-reporting-api/2.0.9/maven-reporting-api-2.0.9.jar
[INFO] Downloading: https://repo.maven.apache.org/maven2/org/apache/maven/doxia/doxia-sink-api/1.0-alpha-10/doxia-sink-api-1.0-alpha-10.jar
[INFO] Downloading: https://repo.maven.apache.org/maven2/org/codehaus/plexus/plexus-utils/1.5.8/plexus-utils-1.5.8.jar
[INFO] Downloading: https://repo.maven.apache.org/maven2/commons-cli/commons-cli/1.0/commons-cli-1.0.jar
[INFO] Downloading: https://repo.maven.apache.org/maven2/org/codehaus/plexus/plexus-interactivity-api/1.0-alpha-4/plexus-interactivity-api-1.0-alpha-4.jar
[INFO] Downloaded: https://repo.maven.apache.org/maven2/org/apache/maven/reporting/maven-reporting-api/2.0.9/maven-reporting-api-2.0.9.jar (10 KB at 582.3 KB/sec)
[INFO] Downloading: https://repo.maven.apache.org/maven2/commons-lang/commons-lang/2.3/commons-lang-2.3.jar
[INFO] Downloaded: https://repo.maven.apache.org/maven2/commons-lang/commons-lang/2.3/commons-lang-2.3.jar (240 KB at 7726.6 KB/sec)
[INFO] Downloading: https://repo.maven.apache.org/maven2/org/apache/maven/enforcer/enforcer-api/1.0/enforcer-api-1.0.jar
[INFO] Downloaded: https://repo.maven.apache.org/maven2/org/codehaus/plexus/plexus-interactivity-api/1.0-alpha-4/plexus-interactivity-api-1.0-alpha-4.jar (14 KB at 247.0 KB/sec)
[INFO] Downloading: https://repo.maven.apache.org/maven2/org/apache/maven/enforcer/enforcer-rules/1.0/enforcer-rules-1.0.jar
[INFO] Downloaded: https://repo.maven.apache.org/maven2/commons-cli/commons-cli/1.0/commons-cli-1.0.jar (30 KB at 534.7 KB/sec)
[INFO] Downloading: https://repo.maven.apache.org/maven2/org/apache/maven/shared/maven-common-artifact-filters/1.2/maven-common-artifact-filters-1.2.jar
[INFO] Downloaded: https://repo.maven.apache.org/maven2/org/apache/maven/doxia/doxia-sink-api/1.0-alpha-10/doxia-sink-api-1.0-alpha-10.jar (10 KB at 156.0 KB/sec)
[INFO] Downloading: https://repo.maven.apache.org/maven2/org/beanshell/bsh/2.0b4/bsh-2.0b4.jar
[INFO] Downloaded: https://repo.maven.apache.org/maven2/org/apache/maven/enforcer/enforcer-api/1.0/enforcer-api-1.0.jar (10 KB at 563.2 KB/sec)
[INFO] Downloading: https://repo.maven.apache.org/maven2/org/apache/maven/shared/maven-dependency-tree/1.2/maven-dependency-tree-1.2.jar
[INFO] Downloaded: https://repo.maven.apache.org/maven2/org/apache/maven/shared/maven-common-artifact-filters/1.2/maven-common-artifact-filters-1.2.jar (31 KB at 1714.4 KB/sec)
[INFO] Downloading: https://repo.maven.apache.org/maven2/org/codehaus/plexus/plexus-i18n/1.0-beta-6/plexus-i18n-1.0-beta-6.jar
[INFO] Downloaded: https://repo.maven.apache.org/maven2/org/codehaus/plexus/plexus-utils/1.5.8/plexus-utils-1.5.8.jar (262 KB at 3397.1 KB/sec)
[INFO] Downloaded: https://repo.maven.apache.org/maven2/org/apache/maven/enforcer/enforcer-rules/1.0/enforcer-rules-1.0.jar (60 KB at 2480.9 KB/sec)
[INFO] Downloaded: https://repo.maven.apache.org/maven2/org/apache/maven/shared/maven-dependency-tree/1.2/maven-dependency-tree-1.2.jar (34 KB at 1687.5 KB/sec)
[INFO] Downloaded: https://repo.maven.apache.org/maven2/org/codehaus/plexus/plexus-i18n/1.0-beta-6/plexus-i18n-1.0-beta-6.jar (12 KB at 781.8 KB/sec)
[INFO] Downloaded: https://repo.maven.apache.org/maven2/org/beanshell/bsh/2.0b4/bsh-2.0b4.jar (276 KB at 7641.4 KB/sec)
[INFO] 
[INFO] --- maven-resources-plugin:2.6:resources (default-resources) @ javawriter ---
[INFO] Downloading: https://repo.maven.apache.org/maven2/org/apache/maven/maven-plugin-api/2.0.6/maven-plugin-api-2.0.6.pom
[INFO] Downloaded: https://repo.maven.apache.org/maven2/org/apache/maven/maven-plugin-api/2.0.6/maven-plugin-api-2.0.6.pom (2 KB at 88.8 KB/sec)
[INFO] Downloading: https://repo.maven.apache.org/maven2/org/apache/maven/maven/2.0.6/maven-2.0.6.pom
[INFO] Downloaded: https://repo.maven.apache.org/maven2/org/apache/maven/maven/2.0.6/maven-2.0.6.pom (9 KB at 519.7 KB/sec)
[INFO] Downloading: https://repo.maven.apache.org/maven2/org/apache/maven/maven-project/2.0.6/maven-project-2.0.6.pom
[INFO] Downloaded: https://repo.maven.apache.org/maven2/org/apache/maven/maven-project/2.0.6/maven-project-2.0.6.pom (3 KB at 151.5 KB/sec)
[INFO] Downloading: https://repo.maven.apache.org/maven2/org/apache/maven/maven-settings/2.0.6/maven-settings-2.0.6.pom
[INFO] Downloaded: https://repo.maven.apache.org/maven2/org/apache/maven/maven-settings/2.0.6/maven-settings-2.0.6.pom (2 KB at 122.1 KB/sec)
[INFO] Downloading: https://repo.maven.apache.org/maven2/org/apache/maven/maven-model/2.0.6/maven-model-2.0.6.pom
[INFO] Downloaded: https://repo.maven.apache.org/maven2/org/apache/maven/maven-model/2.0.6/maven-model-2.0.6.pom (3 KB at 148.8 KB/sec)
[INFO] Downloading: https://repo.maven.apache.org/maven2/org/codehaus/plexus/plexus-utils/1.4.1/plexus-utils-1.4.1.pom
[INFO] Downloaded: https://repo.maven.apache.org/maven2/org/codehaus/plexus/plexus-utils/1.4.1/plexus-utils-1.4.1.pom (2 KB at 81.1 KB/sec)
[INFO] Downloading: https://repo.maven.apache.org/maven2/org/codehaus/plexus/plexus/1.0.11/plexus-1.0.11.pom
[INFO] Downloaded: https://repo.maven.apache.org/maven2/org/codehaus/plexus/plexus/1.0.11/plexus-1.0.11.pom (9 KB at 292.0 KB/sec)
[INFO] Downloading: https://repo.maven.apache.org/maven2/junit/junit/3.8.1/junit-3.8.1.pom
[INFO] Downloaded: https://repo.maven.apache.org/maven2/junit/junit/3.8.1/junit-3.8.1.pom (998 B at 33.6 KB/sec)
[INFO] Downloading: https://repo.maven.apache.org/maven2/org/codehaus/plexus/plexus-utils/1.0.4/plexus-utils-1.0.4.pom
[INFO] Downloaded: https://repo.maven.apache.org/maven2/org/codehaus/plexus/plexus-utils/1.0.4/plexus-utils-1.0.4.pom (7 KB at 418.5 KB/sec)
[INFO] Downloading: https://repo.maven.apache.org/maven2/org/apache/maven/maven-profile/2.0.6/maven-profile-2.0.6.pom
[INFO] Downloaded: https://repo.maven.apache.org/maven2/org/apache/maven/maven-profile/2.0.6/maven-profile-2.0.6.pom (2 KB at 128.9 KB/sec)
[INFO] Downloading: https://repo.maven.apache.org/maven2/org/apache/maven/maven-artifact-manager/2.0.6/maven-artifact-manager-2.0.6.pom
[INFO] Downloaded: https://repo.maven.apache.org/maven2/org/apache/maven/maven-artifact-manager/2.0.6/maven-artifact-manager-2.0.6.pom (3 KB at 150.6 KB/sec)
[INFO] Downloading: https://repo.maven.apache.org/maven2/org/apache/maven/maven-repository-metadata/2.0.6/maven-repository-metadata-2.0.6.pom
[INFO] Downloaded: https://repo.maven.apache.org/maven2/org/apache/maven/maven-repository-metadata/2.0.6/maven-repository-metadata-2.0.6.pom (2 KB at 90.3 KB/sec)
[INFO] Downloading: https://repo.maven.apache.org/maven2/org/apache/maven/maven-artifact/2.0.6/maven-artifact-2.0.6.pom
[INFO] Downloaded: https://repo.maven.apache.org/maven2/org/apache/maven/maven-artifact/2.0.6/maven-artifact-2.0.6.pom (2 KB at 96.3 KB/sec)
[INFO] Downloading: https://repo.maven.apache.org/maven2/org/apache/maven/maven-plugin-registry/2.0.6/maven-plugin-registry-2.0.6.pom
[INFO] Downloaded: https://repo.maven.apache.org/maven2/org/apache/maven/maven-plugin-registry/2.0.6/maven-plugin-registry-2.0.6.pom (2 KB at 118.8 KB/sec)
[INFO] Downloading: https://repo.maven.apache.org/maven2/org/apache/maven/maven-core/2.0.6/maven-core-2.0.6.pom
[INFO] Downloaded: https://repo.maven.apache.org/maven2/org/apache/maven/maven-core/2.0.6/maven-core-2.0.6.pom (7 KB at 385.5 KB/sec)
[INFO] Downloading: https://repo.maven.apache.org/maven2/org/apache/maven/maven-plugin-parameter-documenter/2.0.6/maven-plugin-parameter-documenter-2.0.6.pom
[INFO] Downloaded: https://repo.maven.apache.org/maven2/org/apache/maven/maven-plugin-parameter-documenter/2.0.6/maven-plugin-parameter-documenter-2.0.6.pom (2 KB at 88.9 KB/sec)
[INFO] Downloading: https://repo.maven.apache.org/maven2/org/apache/maven/reporting/maven-reporting-api/2.0.6/maven-reporting-api-2.0.6.pom
[INFO] Downloaded: https://repo.maven.apache.org/maven2/org/apache/maven/reporting/maven-reporting-api/2.0.6/maven-reporting-api-2.0.6.pom (2 KB at 106.9 KB/sec)
[INFO] Downloading: https://repo.maven.apache.org/maven2/org/apache/maven/reporting/maven-reporting/2.0.6/maven-reporting-2.0.6.pom
[INFO] Downloaded: https://repo.maven.apache.org/maven2/org/apache/maven/reporting/maven-reporting/2.0.6/maven-reporting-2.0.6.pom (2 KB at 87.8 KB/sec)
[INFO] Downloading: https://repo.maven.apache.org/maven2/org/apache/maven/doxia/doxia-sink-api/1.0-alpha-7/doxia-sink-api-1.0-alpha-7.pom
[INFO] Downloaded: https://repo.maven.apache.org/maven2/org/apache/maven/doxia/doxia-sink-api/1.0-alpha-7/doxia-sink-api-1.0-alpha-7.pom (424 B at 24.4 KB/sec)
[INFO] Downloading: https://repo.maven.apache.org/maven2/org/apache/maven/doxia/doxia/1.0-alpha-7/doxia-1.0-alpha-7.pom
[INFO] Downloaded: https://repo.maven.apache.org/maven2/org/apache/maven/doxia/doxia/1.0-alpha-7/doxia-1.0-alpha-7.pom (4 KB at 238.8 KB/sec)
[INFO] Downloading: https://repo.maven.apache.org/maven2/org/apache/maven/maven-error-diagnostics/2.0.6/maven-error-diagnostics-2.0.6.pom
[INFO] Downloaded: https://repo.maven.apache.org/maven2/org/apache/maven/maven-error-diagnostics/2.0.6/maven-error-diagnostics-2.0.6.pom (2 KB at 110.9 KB/sec)
[INFO] Downloading: https://repo.maven.apache.org/maven2/org/apache/maven/maven-plugin-descriptor/2.0.6/maven-plugin-descriptor-2.0.6.pom
[INFO] Downloaded: https://repo.maven.apache.org/maven2/org/apache/maven/maven-plugin-descriptor/2.0.6/maven-plugin-descriptor-2.0.6.pom (2 KB at 123.2 KB/sec)
[INFO] Downloading: https://repo.maven.apache.org/maven2/org/apache/maven/maven-monitor/2.0.6/maven-monitor-2.0.6.pom
[INFO] Downloaded: https://repo.maven.apache.org/maven2/org/apache/maven/maven-monitor/2.0.6/maven-monitor-2.0.6.pom (2 KB at 76.5 KB/sec)
[INFO] Downloading: https://repo.maven.apache.org/maven2/org/codehaus/plexus/plexus-utils/2.0.5/plexus-utils-2.0.5.pom
[INFO] Downloaded: https://repo.maven.apache.org/maven2/org/codehaus/plexus/plexus-utils/2.0.5/plexus-utils-2.0.5.pom (4 KB at 148.0 KB/sec)
[INFO] Downloading: https://repo.maven.apache.org/maven2/org/codehaus/plexus/plexus/2.0.6/plexus-2.0.6.pom
[INFO] Downloaded: https://repo.maven.apache.org/maven2/org/codehaus/plexus/plexus/2.0.6/plexus-2.0.6.pom (17 KB at 962.9 KB/sec)
[INFO] Downloading: https://repo.maven.apache.org/maven2/org/apache/maven/shared/maven-filtering/1.1/maven-filtering-1.1.pom
[INFO] Downloaded: https://repo.maven.apache.org/maven2/org/apache/maven/shared/maven-filtering/1.1/maven-filtering-1.1.pom (6 KB at 376.9 KB/sec)
[INFO] Downloading: https://repo.maven.apache.org/maven2/org/apache/maven/shared/maven-shared-components/17/maven-shared-components-17.pom
[INFO] Downloaded: https://repo.maven.apache.org/maven2/org/apache/maven/shared/maven-shared-components/17/maven-shared-components-17.pom (9 KB at 566.5 KB/sec)
[INFO] Downloading: https://repo.maven.apache.org/maven2/org/codehaus/plexus/plexus-utils/1.5.15/plexus-utils-1.5.15.pom
[INFO] Downloaded: https://repo.maven.apache.org/maven2/org/codehaus/plexus/plexus-utils/1.5.15/plexus-utils-1.5.15.pom (7 KB at 418.0 KB/sec)
[INFO] Downloading: https://repo.maven.apache.org/maven2/org/codehaus/plexus/plexus-interpolation/1.12/plexus-interpolation-1.12.pom
[INFO] Downloaded: https://repo.maven.apache.org/maven2/org/codehaus/plexus/plexus-interpolation/1.12/plexus-interpolation-1.12.pom (889 B at 57.9 KB/sec)
[INFO] Downloading: https://repo.maven.apache.org/maven2/org/codehaus/plexus/plexus-components/1.1.14/plexus-components-1.1.14.pom
[INFO] Downloaded: https://repo.maven.apache.org/maven2/org/codehaus/plexus/plexus-components/1.1.14/plexus-components-1.1.14.pom (6 KB at 380.3 KB/sec)
[INFO] Downloading: https://repo.maven.apache.org/maven2/org/sonatype/plexus/plexus-build-api/0.0.4/plexus-build-api-0.0.4.pom
[INFO] Downloaded: https://repo.maven.apache.org/maven2/org/sonatype/plexus/plexus-build-api/0.0.4/plexus-build-api-0.0.4.pom (3 KB at 79.9 KB/sec)
[INFO] Downloading: https://repo.maven.apache.org/maven2/org/sonatype/spice/spice-parent/10/spice-parent-10.pom
[INFO] Downloaded: https://repo.maven.apache.org/maven2/org/sonatype/spice/spice-parent/10/spice-parent-10.pom (3 KB at 173.2 KB/sec)
[INFO] Downloading: https://repo.maven.apache.org/maven2/org/sonatype/forge/forge-parent/3/forge-parent-3.pom
[INFO] Downloaded: https://repo.maven.apache.org/maven2/org/sonatype/forge/forge-parent/3/forge-parent-3.pom (5 KB at 289.1 KB/sec)
[INFO] Downloading: https://repo.maven.apache.org/maven2/org/codehaus/plexus/plexus-interpolation/1.13/plexus-interpolation-1.13.pom
[INFO] Downloaded: https://repo.maven.apache.org/maven2/org/codehaus/plexus/plexus-interpolation/1.13/plexus-interpolation-1.13.pom (890 B at 51.1 KB/sec)
[INFO] Downloading: https://repo.maven.apache.org/maven2/org/codehaus/plexus/plexus-components/1.1.15/plexus-components-1.1.15.pom
[INFO] Downloaded: https://repo.maven.apache.org/maven2/org/codehaus/plexus/plexus-components/1.1.15/plexus-components-1.1.15.pom (3 KB at 163.6 KB/sec)
[INFO] Downloading: https://repo.maven.apache.org/maven2/org/codehaus/plexus/plexus/2.0.3/plexus-2.0.3.pom
[INFO] Downloaded: https://repo.maven.apache.org/maven2/org/codehaus/plexus/plexus/2.0.3/plexus-2.0.3.pom (16 KB at 943.7 KB/sec)
[INFO] Downloading: https://repo.maven.apache.org/maven2/org/apache/maven/reporting/maven-reporting-api/2.0.6/maven-reporting-api-2.0.6.jar
[INFO] Downloading: https://repo.maven.apache.org/maven2/org/apache/maven/doxia/doxia-sink-api/1.0-alpha-7/doxia-sink-api-1.0-alpha-7.jar
[INFO] Downloading: https://repo.maven.apache.org/maven2/org/codehaus/plexus/plexus-utils/2.0.5/plexus-utils-2.0.5.jar
[INFO] Downloading: https://repo.maven.apache.org/maven2/junit/junit/3.8.1/junit-3.8.1.jar
[INFO] Downloading: https://repo.maven.apache.org/maven2/org/apache/maven/shared/maven-filtering/1.1/maven-filtering-1.1.jar
[INFO] Downloaded: https://repo.maven.apache.org/maven2/org/apache/maven/doxia/doxia-sink-api/1.0-alpha-7/doxia-sink-api-1.0-alpha-7.jar (6 KB at 341.0 KB/sec)
[INFO] Downloading: https://repo.maven.apache.org/maven2/org/sonatype/plexus/plexus-build-api/0.0.4/plexus-build-api-0.0.4.jar
[INFO] Downloaded: https://repo.maven.apache.org/maven2/org/apache/maven/reporting/maven-reporting-api/2.0.6/maven-reporting-api-2.0.6.jar (10 KB at 539.3 KB/sec)
[INFO] Downloading: https://repo.maven.apache.org/maven2/org/codehaus/plexus/plexus-interpolation/1.13/plexus-interpolation-1.13.jar
[INFO] Downloaded: https://repo.maven.apache.org/maven2/junit/junit/3.8.1/junit-3.8.1.jar (119 KB at 4729.3 KB/sec)
[INFO] Downloaded: https://repo.maven.apache.org/maven2/org/codehaus/plexus/plexus-utils/2.0.5/plexus-utils-2.0.5.jar (218 KB at 7783.6 KB/sec)
[INFO] Downloaded: https://repo.maven.apache.org/maven2/org/apache/maven/shared/maven-filtering/1.1/maven-filtering-1.1.jar (43 KB at 1403.2 KB/sec)
[INFO] Downloaded: https://repo.maven.apache.org/maven2/org/sonatype/plexus/plexus-build-api/0.0.4/plexus-build-api-0.0.4.jar (7 KB at 475.0 KB/sec)
[INFO] Downloaded: https://repo.maven.apache.org/maven2/org/codehaus/plexus/plexus-interpolation/1.13/plexus-interpolation-1.13.jar (60 KB at 3507.4 KB/sec)
[INFO] Using 'UTF-8' encoding to copy filtered resources.
[INFO] skip non existing resourceDirectory /home/travis/build/failed/square/javapoet/src/main/resources
[INFO] 
[INFO] --- maven-compiler-plugin:3.0:compile (default-compile) @ javawriter ---
[INFO] Downloading: https://repo.maven.apache.org/maven2/org/codehaus/plexus/plexus-utils/1.5.1/plexus-utils-1.5.1.pom
[INFO] Downloaded: https://repo.maven.apache.org/maven2/org/codehaus/plexus/plexus-utils/1.5.1/plexus-utils-1.5.1.pom (3 KB at 131.9 KB/sec)
[INFO] Downloading: https://repo.maven.apache.org/maven2/org/apache/maven/maven-toolchain/1.0/maven-toolchain-1.0.pom
[INFO] Downloaded: https://repo.maven.apache.org/maven2/org/apache/maven/maven-toolchain/1.0/maven-toolchain-1.0.pom (4 KB at 196.1 KB/sec)
[INFO] Downloading: https://repo.maven.apache.org/maven2/org/apache/maven/shared/maven-shared-utils/0.1/maven-shared-utils-0.1.pom
[INFO] Downloaded: https://repo.maven.apache.org/maven2/org/apache/maven/shared/maven-shared-utils/0.1/maven-shared-utils-0.1.pom (4 KB at 247.0 KB/sec)
[INFO] Downloading: https://repo.maven.apache.org/maven2/org/apache/maven/shared/maven-shared-components/18/maven-shared-components-18.pom
[INFO] Downloaded: https://repo.maven.apache.org/maven2/org/apache/maven/shared/maven-shared-components/18/maven-shared-components-18.pom (5 KB at 283.4 KB/sec)
[INFO] Downloading: https://repo.maven.apache.org/maven2/com/google/code/findbugs/jsr305/2.0.1/jsr305-2.0.1.pom
[INFO] Downloaded: https://repo.maven.apache.org/maven2/com/google/code/findbugs/jsr305/2.0.1/jsr305-2.0.1.pom (965 B at 62.8 KB/sec)
[INFO] Downloading: https://repo.maven.apache.org/maven2/org/apache/maven/shared/maven-shared-incremental/1.0/maven-shared-incremental-1.0.pom
[INFO] Downloaded: https://repo.maven.apache.org/maven2/org/apache/maven/shared/maven-shared-incremental/1.0/maven-shared-incremental-1.0.pom (5 KB at 257.2 KB/sec)
[INFO] Downloading: https://repo.maven.apache.org/maven2/org/apache/maven/maven-plugin-api/2.2.1/maven-plugin-api-2.2.1.pom
[INFO] Downloaded: https://repo.maven.apache.org/maven2/org/apache/maven/maven-plugin-api/2.2.1/maven-plugin-api-2.2.1.pom (2 KB at 89.1 KB/sec)
[INFO] Downloading: https://repo.maven.apache.org/maven2/org/apache/maven/maven/2.2.1/maven-2.2.1.pom
[INFO] Downloaded: https://repo.maven.apache.org/maven2/org/apache/maven/maven/2.2.1/maven-2.2.1.pom (22 KB at 1367.7 KB/sec)
[INFO] Downloading: https://repo.maven.apache.org/maven2/org/apache/maven/maven-core/2.2.1/maven-core-2.2.1.pom
[INFO] Downloaded: https://repo.maven.apache.org/maven2/org/apache/maven/maven-core/2.2.1/maven-core-2.2.1.pom (12 KB at 668.3 KB/sec)
[INFO] Downloading: https://repo.maven.apache.org/maven2/org/apache/maven/maven-settings/2.2.1/maven-settings-2.2.1.pom
[INFO] Downloaded: https://repo.maven.apache.org/maven2/org/apache/maven/maven-settings/2.2.1/maven-settings-2.2.1.pom (3 KB at 125.2 KB/sec)
[INFO] Downloading: https://repo.maven.apache.org/maven2/org/apache/maven/maven-model/2.2.1/maven-model-2.2.1.pom
[INFO] Downloaded: https://repo.maven.apache.org/maven2/org/apache/maven/maven-model/2.2.1/maven-model-2.2.1.pom (4 KB at 186.1 KB/sec)
[INFO] Downloading: https://repo.maven.apache.org/maven2/org/codehaus/plexus/plexus-interpolation/1.11/plexus-interpolation-1.11.pom
[INFO] Downloaded: https://repo.maven.apache.org/maven2/org/codehaus/plexus/plexus-interpolation/1.11/plexus-interpolation-1.11.pom (889 B at 51.1 KB/sec)
[INFO] Downloading: https://repo.maven.apache.org/maven2/org/apache/maven/maven-plugin-parameter-documenter/2.2.1/maven-plugin-parameter-documenter-2.2.1.pom
[INFO] Downloaded: https://repo.maven.apache.org/maven2/org/apache/maven/maven-plugin-parameter-documenter/2.2.1/maven-plugin-parameter-documenter-2.2.1.pom (2 KB at 112.4 KB/sec)
[INFO] Downloading: https://repo.maven.apache.org/maven2/org/slf4j/slf4j-jdk14/1.5.6/slf4j-jdk14-1.5.6.pom
[INFO] Downloaded: https://repo.maven.apache.org/maven2/org/slf4j/slf4j-jdk14/1.5.6/slf4j-jdk14-1.5.6.pom (2 KB at 115.8 KB/sec)
[INFO] Downloading: https://repo.maven.apache.org/maven2/org/slf4j/slf4j-parent/1.5.6/slf4j-parent-1.5.6.pom
[INFO] Downloaded: https://repo.maven.apache.org/maven2/org/slf4j/slf4j-parent/1.5.6/slf4j-parent-1.5.6.pom (8 KB at 483.4 KB/sec)
[INFO] Downloading: https://repo.maven.apache.org/maven2/org/slf4j/slf4j-api/1.5.6/slf4j-api-1.5.6.pom
[INFO] Downloaded: https://repo.maven.apache.org/maven2/org/slf4j/slf4j-api/1.5.6/slf4j-api-1.5.6.pom (3 KB at 194.3 KB/sec)
[INFO] Downloading: https://repo.maven.apache.org/maven2/org/slf4j/jcl-over-slf4j/1.5.6/jcl-over-slf4j-1.5.6.pom
[INFO] Downloaded: https://repo.maven.apache.org/maven2/org/slf4j/jcl-over-slf4j/1.5.6/jcl-over-slf4j-1.5.6.pom (3 KB at 141.2 KB/sec)
[INFO] Downloading: https://repo.maven.apache.org/maven2/org/apache/maven/maven-profile/2.2.1/maven-profile-2.2.1.pom
[INFO] Downloaded: https://repo.maven.apache.org/maven2/org/apache/maven/maven-profile/2.2.1/maven-profile-2.2.1.pom (3 KB at 132.5 KB/sec)
[INFO] Downloading: https://repo.maven.apache.org/maven2/org/apache/maven/maven-artifact/2.2.1/maven-artifact-2.2.1.pom
[INFO] Downloaded: https://repo.maven.apache.org/maven2/org/apache/maven/maven-artifact/2.2.1/maven-artifact-2.2.1.pom (2 KB at 102.9 KB/sec)
[INFO] Downloading: https://repo.maven.apache.org/maven2/org/apache/maven/maven-repository-metadata/2.2.1/maven-repository-metadata-2.2.1.pom
[INFO] Downloaded: https://repo.maven.apache.org/maven2/org/apache/maven/maven-repository-metadata/2.2.1/maven-repository-metadata-2.2.1.pom (2 KB at 107.5 KB/sec)
[INFO] Downloading: https://repo.maven.apache.org/maven2/org/apache/maven/maven-error-diagnostics/2.2.1/maven-error-diagnostics-2.2.1.pom
[INFO] Downloaded: https://repo.maven.apache.org/maven2/org/apache/maven/maven-error-diagnostics/2.2.1/maven-error-diagnostics-2.2.1.pom (2 KB at 104.2 KB/sec)
[INFO] Downloading: https://repo.maven.apache.org/maven2/org/apache/maven/maven-project/2.2.1/maven-project-2.2.1.pom
[INFO] Downloaded: https://repo.maven.apache.org/maven2/org/apache/maven/maven-project/2.2.1/maven-project-2.2.1.pom (3 KB at 169.3 KB/sec)
[INFO] Downloading: https://repo.maven.apache.org/maven2/org/apache/maven/maven-artifact-manager/2.2.1/maven-artifact-manager-2.2.1.pom
[INFO] Downloaded: https://repo.maven.apache.org/maven2/org/apache/maven/maven-artifact-manager/2.2.1/maven-artifact-manager-2.2.1.pom (4 KB at 189.4 KB/sec)
[INFO] Downloading: https://repo.maven.apache.org/maven2/backport-util-concurrent/backport-util-concurrent/3.1/backport-util-concurrent-3.1.pom
[INFO] Downloaded: https://repo.maven.apache.org/maven2/backport-util-concurrent/backport-util-concurrent/3.1/backport-util-concurrent-3.1.pom (880 B at 45.2 KB/sec)
[INFO] Downloading: https://repo.maven.apache.org/maven2/org/apache/maven/maven-plugin-registry/2.2.1/maven-plugin-registry-2.2.1.pom
[INFO] Downloaded: https://repo.maven.apache.org/maven2/org/apache/maven/maven-plugin-registry/2.2.1/maven-plugin-registry-2.2.1.pom (2 KB at 117.7 KB/sec)
[INFO] Downloading: https://repo.maven.apache.org/maven2/org/apache/maven/maven-plugin-descriptor/2.2.1/maven-plugin-descriptor-2.2.1.pom
[INFO] Downloaded: https://repo.maven.apache.org/maven2/org/apache/maven/maven-plugin-descriptor/2.2.1/maven-plugin-descriptor-2.2.1.pom (3 KB at 134.4 KB/sec)
[INFO] Downloading: https://repo.maven.apache.org/maven2/org/apache/maven/maven-monitor/2.2.1/maven-monitor-2.2.1.pom
[INFO] Downloaded: https://repo.maven.apache.org/maven2/org/apache/maven/maven-monitor/2.2.1/maven-monitor-2.2.1.pom (2 KB at 81.8 KB/sec)
[INFO] Downloading: https://repo.maven.apache.org/maven2/org/sonatype/plexus/plexus-sec-dispatcher/1.3/plexus-sec-dispatcher-1.3.pom
[INFO] Downloaded: https://repo.maven.apache.org/maven2/org/sonatype/plexus/plexus-sec-dispatcher/1.3/plexus-sec-dispatcher-1.3.pom (3 KB at 192.8 KB/sec)
[INFO] Downloading: https://repo.maven.apache.org/maven2/org/sonatype/spice/spice-parent/12/spice-parent-12.pom
[INFO] Downloaded: https://repo.maven.apache.org/maven2/org/sonatype/spice/spice-parent/12/spice-parent-12.pom (7 KB at 414.9 KB/sec)
[INFO] Downloading: https://repo.maven.apache.org/maven2/org/sonatype/forge/forge-parent/4/forge-parent-4.pom
[INFO] Downloaded: https://repo.maven.apache.org/maven2/org/sonatype/forge/forge-parent/4/forge-parent-4.pom (9 KB at 546.7 KB/sec)
[INFO] Downloading: https://repo.maven.apache.org/maven2/org/codehaus/plexus/plexus-utils/1.5.5/plexus-utils-1.5.5.pom
[INFO] Downloaded: https://repo.maven.apache.org/maven2/org/codehaus/plexus/plexus-utils/1.5.5/plexus-utils-1.5.5.pom (6 KB at 335.1 KB/sec)
[INFO] Downloading: https://repo.maven.apache.org/maven2/org/sonatype/plexus/plexus-cipher/1.4/plexus-cipher-1.4.pom
[INFO] Downloaded: https://repo.maven.apache.org/maven2/org/sonatype/plexus/plexus-cipher/1.4/plexus-cipher-1.4.pom (3 KB at 118.6 KB/sec)
[INFO] Downloading: https://repo.maven.apache.org/maven2/org/codehaus/plexus/plexus-component-annotations/1.5.5/plexus-component-annotations-1.5.5.pom
[INFO] Downloaded: https://repo.maven.apache.org/maven2/org/codehaus/plexus/plexus-component-annotations/1.5.5/plexus-component-annotations-1.5.5.pom (815 B at 53.1 KB/sec)
[INFO] Downloading: https://repo.maven.apache.org/maven2/org/codehaus/plexus/plexus-containers/1.5.5/plexus-containers-1.5.5.pom
[INFO] Downloaded: https://repo.maven.apache.org/maven2/org/codehaus/plexus/plexus-containers/1.5.5/plexus-containers-1.5.5.pom (5 KB at 276.0 KB/sec)
[INFO] Downloading: https://repo.maven.apache.org/maven2/org/codehaus/plexus/plexus/2.0.7/plexus-2.0.7.pom
[INFO] Downloaded: https://repo.maven.apache.org/maven2/org/codehaus/plexus/plexus/2.0.7/plexus-2.0.7.pom (17 KB at 1126.0 KB/sec)
[INFO] Downloading: https://repo.maven.apache.org/maven2/org/codehaus/plexus/plexus-compiler-api/2.0/plexus-compiler-api-2.0.pom
[INFO] Downloaded: https://repo.maven.apache.org/maven2/org/codehaus/plexus/plexus-compiler-api/2.0/plexus-compiler-api-2.0.pom (865 B at 49.7 KB/sec)
[INFO] Downloading: https://repo.maven.apache.org/maven2/org/codehaus/plexus/plexus-compiler/2.0/plexus-compiler-2.0.pom
[INFO] Downloaded: https://repo.maven.apache.org/maven2/org/codehaus/plexus/plexus-compiler/2.0/plexus-compiler-2.0.pom (4 KB at 207.5 KB/sec)
[INFO] Downloading: https://repo.maven.apache.org/maven2/org/codehaus/plexus/plexus-components/1.3/plexus-components-1.3.pom
[INFO] Downloaded: https://repo.maven.apache.org/maven2/org/codehaus/plexus/plexus-components/1.3/plexus-components-1.3.pom (3 KB at 199.1 KB/sec)
[INFO] Downloading: https://repo.maven.apache.org/maven2/org/codehaus/plexus/plexus/3.3/plexus-3.3.pom
[INFO] Downloaded: https://repo.maven.apache.org/maven2/org/codehaus/plexus/plexus/3.3/plexus-3.3.pom (20 KB at 1143.2 KB/sec)
[INFO] Downloading: https://repo.maven.apache.org/maven2/org/sonatype/spice/spice-parent/17/spice-parent-17.pom
[INFO] Downloaded: https://repo.maven.apache.org/maven2/org/sonatype/spice/spice-parent/17/spice-parent-17.pom (7 KB at 388.3 KB/sec)
[INFO] Downloading: https://repo.maven.apache.org/maven2/org/sonatype/forge/forge-parent/10/forge-parent-10.pom
[INFO] Downloaded: https://repo.maven.apache.org/maven2/org/sonatype/forge/forge-parent/10/forge-parent-10.pom (14 KB at 779.0 KB/sec)
[INFO] Downloading: https://repo.maven.apache.org/maven2/org/codehaus/plexus/plexus-utils/3.0.8/plexus-utils-3.0.8.pom
[INFO] Downloaded: https://repo.maven.apache.org/maven2/org/codehaus/plexus/plexus-utils/3.0.8/plexus-utils-3.0.8.pom (4 KB at 180.5 KB/sec)
[INFO] Downloading: https://repo.maven.apache.org/maven2/org/codehaus/plexus/plexus/3.2/plexus-3.2.pom
[INFO] Downloaded: https://repo.maven.apache.org/maven2/org/codehaus/plexus/plexus/3.2/plexus-3.2.pom (19 KB at 1144.2 KB/sec)
[INFO] Downloading: https://repo.maven.apache.org/maven2/org/codehaus/plexus/plexus-compiler-manager/2.0/plexus-compiler-manager-2.0.pom
[INFO] Downloaded: https://repo.maven.apache.org/maven2/org/codehaus/plexus/plexus-compiler-manager/2.0/plexus-compiler-manager-2.0.pom (690 B at 39.6 KB/sec)
[INFO] Downloading: https://repo.maven.apache.org/maven2/org/codehaus/plexus/plexus-compiler-javac/2.0/plexus-compiler-javac-2.0.pom
[INFO] Downloaded: https://repo.maven.apache.org/maven2/org/codehaus/plexus/plexus-compiler-javac/2.0/plexus-compiler-javac-2.0.pom (769 B at 44.2 KB/sec)
[INFO] Downloading: https://repo.maven.apache.org/maven2/org/codehaus/plexus/plexus-compilers/2.0/plexus-compilers-2.0.pom
[INFO] Downloaded: https://repo.maven.apache.org/maven2/org/codehaus/plexus/plexus-compilers/2.0/plexus-compilers-2.0.pom (2 KB at 67.3 KB/sec)
[INFO] Downloading: https://repo.maven.apache.org/maven2/org/codehaus/plexus/plexus-container-default/1.5.5/plexus-container-default-1.5.5.pom
[INFO] Downloaded: https://repo.maven.apache.org/maven2/org/codehaus/plexus/plexus-container-default/1.5.5/plexus-container-default-1.5.5.pom (3 KB at 179.4 KB/sec)
[INFO] Downloading: https://repo.maven.apache.org/maven2/org/codehaus/plexus/plexus-utils/1.4.5/plexus-utils-1.4.5.pom
[INFO] Downloaded: https://repo.maven.apache.org/maven2/org/codehaus/plexus/plexus-utils/1.4.5/plexus-utils-1.4.5.pom (3 KB at 147.5 KB/sec)
[INFO] Downloading: https://repo.maven.apache.org/maven2/org/codehaus/plexus/plexus-classworlds/2.2.2/plexus-classworlds-2.2.2.pom
[INFO] Downloaded: https://repo.maven.apache.org/maven2/org/codehaus/plexus/plexus-classworlds/2.2.2/plexus-classworlds-2.2.2.pom (4 KB at 231.7 KB/sec)
[INFO] Downloading: https://repo.maven.apache.org/maven2/org/apache/xbean/xbean-reflect/3.4/xbean-reflect-3.4.pom
[INFO] Downloaded: https://repo.maven.apache.org/maven2/org/apache/xbean/xbean-reflect/3.4/xbean-reflect-3.4.pom (3 KB at 171.4 KB/sec)
[INFO] Downloading: https://repo.maven.apache.org/maven2/org/apache/xbean/xbean/3.4/xbean-3.4.pom
[INFO] Downloaded: https://repo.maven.apache.org/maven2/org/apache/xbean/xbean/3.4/xbean-3.4.pom (19 KB at 1064.6 KB/sec)
[INFO] Downloading: https://repo.maven.apache.org/maven2/log4j/log4j/1.2.12/log4j-1.2.12.pom
[INFO] Downloaded: https://repo.maven.apache.org/maven2/log4j/log4j/1.2.12/log4j-1.2.12.pom (145 B at 5.1 KB/sec)
[INFO] Downloading: https://repo.maven.apache.org/maven2/commons-logging/commons-logging-api/1.1/commons-logging-api-1.1.pom
[INFO] Downloaded: https://repo.maven.apache.org/maven2/commons-logging/commons-logging-api/1.1/commons-logging-api-1.1.pom (6 KB at 174.1 KB/sec)
[INFO] Downloading: https://repo.maven.apache.org/maven2/com/google/collections/google-collections/1.0/google-collections-1.0.pom
[INFO] Downloaded: https://repo.maven.apache.org/maven2/com/google/collections/google-collections/1.0/google-collections-1.0.pom (3 KB at 151.2 KB/sec)
[INFO] Downloading: https://repo.maven.apache.org/maven2/com/google/google/1/google-1.pom
[INFO] Downloaded: https://repo.maven.apache.org/maven2/com/google/google/1/google-1.pom (2 KB at 101.2 KB/sec)
[INFO] Downloading: https://repo.maven.apache.org/maven2/org/codehaus/plexus/plexus-utils/1.5.1/plexus-utils-1.5.1.jar
[INFO] Downloading: https://repo.maven.apache.org/maven2/org/apache/maven/shared/maven-shared-utils/0.1/maven-shared-utils-0.1.jar
[INFO] Downloading: https://repo.maven.apache.org/maven2/com/google/code/findbugs/jsr305/2.0.1/jsr305-2.0.1.jar
[INFO] Downloading: https://repo.maven.apache.org/maven2/org/apache/maven/shared/maven-shared-incremental/1.0/maven-shared-incremental-1.0.jar
[INFO] Downloading: https://repo.maven.apache.org/maven2/org/codehaus/plexus/plexus-component-annotations/1.5.5/plexus-component-annotations-1.5.5.jar
[INFO] Downloaded: https://repo.maven.apache.org/maven2/org/codehaus/plexus/plexus-component-annotations/1.5.5/plexus-component-annotations-1.5.5.jar (5 KB at 241.9 KB/sec)
[INFO] Downloading: https://repo.maven.apache.org/maven2/org/codehaus/plexus/plexus-compiler-api/2.0/plexus-compiler-api-2.0.jar
[INFO] Downloaded: https://repo.maven.apache.org/maven2/org/apache/maven/shared/maven-shared-incremental/1.0/maven-shared-incremental-1.0.jar (13 KB at 670.3 KB/sec)
[INFO] Downloading: https://repo.maven.apache.org/maven2/org/codehaus/plexus/plexus-compiler-manager/2.0/plexus-compiler-manager-2.0.jar
[INFO] Downloaded: https://repo.maven.apache.org/maven2/com/google/code/findbugs/jsr305/2.0.1/jsr305-2.0.1.jar (32 KB at 1728.8 KB/sec)
[INFO] Downloading: https://repo.maven.apache.org/maven2/org/codehaus/plexus/plexus-compiler-javac/2.0/plexus-compiler-javac-2.0.jar
[INFO] Downloaded: https://repo.maven.apache.org/maven2/org/codehaus/plexus/plexus-utils/1.5.1/plexus-utils-1.5.1.jar (206 KB at 6429.4 KB/sec)
[INFO] Downloading: https://repo.maven.apache.org/maven2/org/apache/xbean/xbean-reflect/3.4/xbean-reflect-3.4.jar
[INFO] Downloaded: https://repo.maven.apache.org/maven2/org/codehaus/plexus/plexus-compiler-manager/2.0/plexus-compiler-manager-2.0.jar (5 KB at 297.1 KB/sec)
[INFO] Downloaded: https://repo.maven.apache.org/maven2/org/apache/maven/shared/maven-shared-utils/0.1/maven-shared-utils-0.1.jar (151 KB at 4572.7 KB/sec)
[INFO] Downloading: https://repo.maven.apache.org/maven2/log4j/log4j/1.2.12/log4j-1.2.12.jar
[INFO] Downloading: https://repo.maven.apache.org/maven2/commons-logging/commons-logging-api/1.1/commons-logging-api-1.1.jar
[INFO] Downloaded: https://repo.maven.apache.org/maven2/org/codehaus/plexus/plexus-compiler-api/2.0/plexus-compiler-api-2.0.jar (25 KB at 1525.0 KB/sec)
[INFO] Downloading: https://repo.maven.apache.org/maven2/com/google/collections/google-collections/1.0/google-collections-1.0.jar
[INFO] Downloaded: https://repo.maven.apache.org/maven2/org/codehaus/plexus/plexus-compiler-javac/2.0/plexus-compiler-javac-2.0.jar (19 KB at 1084.5 KB/sec)
[INFO] Downloading: https://repo.maven.apache.org/maven2/junit/junit/3.8.2/junit-3.8.2.jar
[INFO] Downloaded: https://repo.maven.apache.org/maven2/org/apache/xbean/xbean-reflect/3.4/xbean-reflect-3.4.jar (131 KB at 6878.4 KB/sec)
[INFO] Downloaded: https://repo.maven.apache.org/maven2/commons-logging/commons-logging-api/1.1/commons-logging-api-1.1.jar (44 KB at 1742.1 KB/sec)
[INFO] Downloaded: https://repo.maven.apache.org/maven2/junit/junit/3.8.2/junit-3.8.2.jar (118 KB at 4363.4 KB/sec)
[INFO] Downloaded: https://repo.maven.apache.org/maven2/log4j/log4j/1.2.12/log4j-1.2.12.jar (350 KB at 9451.1 KB/sec)
[INFO] Downloaded: https://repo.maven.apache.org/maven2/com/google/collections/google-collections/1.0/google-collections-1.0.jar (625 KB at 12247.1 KB/sec)
[INFO] Changes detected - recompiling the module!
[INFO] Compiling 42 source files to /home/travis/build/failed/square/javapoet/target/classes
[INFO] 
[INFO] --- maven-resources-plugin:2.6:testResources (default-testResources) @ javawriter ---
[INFO] Using 'UTF-8' encoding to copy filtered resources.
[INFO] skip non existing resourceDirectory /home/travis/build/failed/square/javapoet/src/test/resources
[INFO] 
[INFO] --- maven-compiler-plugin:3.0:testCompile (default-testCompile) @ javawriter ---
[INFO] Changes detected - recompiling the module!
[INFO] Compiling 15 source files to /home/travis/build/failed/square/javapoet/target/test-classes
[INFO] 
[INFO] --- maven-surefire-plugin:2.12.4:test (default-test) @ javawriter ---
[INFO] Downloading: https://repo.maven.apache.org/maven2/org/apache/maven/surefire/surefire-booter/2.12.4/surefire-booter-2.12.4.pom
[INFO] Downloaded: https://repo.maven.apache.org/maven2/org/apache/maven/surefire/surefire-booter/2.12.4/surefire-booter-2.12.4.pom (3 KB at 164.5 KB/sec)
[INFO] Downloading: https://repo.maven.apache.org/maven2/org/apache/maven/surefire/surefire-api/2.12.4/surefire-api-2.12.4.pom
[INFO] Downloaded: https://repo.maven.apache.org/maven2/org/apache/maven/surefire/surefire-api/2.12.4/surefire-api-2.12.4.pom (3 KB at 152.0 KB/sec)
[INFO] Downloading: https://repo.maven.apache.org/maven2/org/apache/maven/surefire/maven-surefire-common/2.12.4/maven-surefire-common-2.12.4.pom
[INFO] Downloaded: https://repo.maven.apache.org/maven2/org/apache/maven/surefire/maven-surefire-common/2.12.4/maven-surefire-common-2.12.4.pom (6 KB at 317.7 KB/sec)
[INFO] Downloading: https://repo.maven.apache.org/maven2/org/apache/maven/plugin-tools/maven-plugin-annotations/3.1/maven-plugin-annotations-3.1.pom
[INFO] Downloaded: https://repo.maven.apache.org/maven2/org/apache/maven/plugin-tools/maven-plugin-annotations/3.1/maven-plugin-annotations-3.1.pom (2 KB at 93.3 KB/sec)
[INFO] Downloading: https://repo.maven.apache.org/maven2/org/apache/maven/plugin-tools/maven-plugin-tools/3.1/maven-plugin-tools-3.1.pom
[INFO] Downloaded: https://repo.maven.apache.org/maven2/org/apache/maven/plugin-tools/maven-plugin-tools/3.1/maven-plugin-tools-3.1.pom (16 KB at 929.7 KB/sec)
[INFO] Downloading: https://repo.maven.apache.org/maven2/org/apache/maven/maven-toolchain/2.0.9/maven-toolchain-2.0.9.pom
[INFO] Downloaded: https://repo.maven.apache.org/maven2/org/apache/maven/maven-toolchain/2.0.9/maven-toolchain-2.0.9.pom (4 KB at 188.6 KB/sec)
[INFO] Downloading: https://repo.maven.apache.org/maven2/org/apache/commons/commons-lang3/3.1/commons-lang3-3.1.pom
[INFO] Downloaded: https://repo.maven.apache.org/maven2/org/apache/commons/commons-lang3/3.1/commons-lang3-3.1.pom (17 KB at 652.8 KB/sec)
[INFO] Downloading: https://repo.maven.apache.org/maven2/org/apache/commons/commons-parent/22/commons-parent-22.pom
[INFO] Downloaded: https://repo.maven.apache.org/maven2/org/apache/commons/commons-parent/22/commons-parent-22.pom (41 KB at 2154.5 KB/sec)
[INFO] Downloading: https://repo.maven.apache.org/maven2/org/apache/apache/9/apache-9.pom
[INFO] Downloaded: https://repo.maven.apache.org/maven2/org/apache/apache/9/apache-9.pom (15 KB at 870.9 KB/sec)
[INFO] Downloading: https://repo.maven.apache.org/maven2/org/apache/maven/shared/maven-common-artifact-filters/1.3/maven-common-artifact-filters-1.3.pom
[INFO] Downloaded: https://repo.maven.apache.org/maven2/org/apache/maven/shared/maven-common-artifact-filters/1.3/maven-common-artifact-filters-1.3.pom (4 KB at 212.7 KB/sec)
[INFO] Downloading: https://repo.maven.apache.org/maven2/org/apache/maven/shared/maven-shared-components/12/maven-shared-components-12.pom
[INFO] Downloaded: https://repo.maven.apache.org/maven2/org/apache/maven/shared/maven-shared-components/12/maven-shared-components-12.pom (10 KB at 536.4 KB/sec)
[INFO] Downloading: https://repo.maven.apache.org/maven2/org/apache/maven/maven-parent/13/maven-parent-13.pom
[INFO] Downloaded: https://repo.maven.apache.org/maven2/org/apache/maven/maven-parent/13/maven-parent-13.pom (23 KB at 1228.0 KB/sec)
[INFO] Downloading: https://repo.maven.apache.org/maven2/org/apache/apache/6/apache-6.pom
[INFO] Downloaded: https://repo.maven.apache.org/maven2/org/apache/apache/6/apache-6.pom (13 KB at 781.0 KB/sec)
[INFO] Downloading: https://repo.maven.apache.org/maven2/org/apache/maven/surefire/surefire-booter/2.12.4/surefire-booter-2.12.4.jar
[INFO] Downloading: https://repo.maven.apache.org/maven2/org/apache/maven/surefire/maven-surefire-common/2.12.4/maven-surefire-common-2.12.4.jar
[INFO] Downloading: https://repo.maven.apache.org/maven2/org/apache/maven/surefire/surefire-api/2.12.4/surefire-api-2.12.4.jar
[INFO] Downloading: https://repo.maven.apache.org/maven2/org/apache/commons/commons-lang3/3.1/commons-lang3-3.1.jar
[INFO] Downloading: https://repo.maven.apache.org/maven2/org/apache/maven/shared/maven-common-artifact-filters/1.3/maven-common-artifact-filters-1.3.jar
[INFO] Downloaded: https://repo.maven.apache.org/maven2/org/apache/maven/shared/maven-common-artifact-filters/1.3/maven-common-artifact-filters-1.3.jar (31 KB at 1784.2 KB/sec)
[INFO] Downloading: https://repo.maven.apache.org/maven2/org/codehaus/plexus/plexus-utils/3.0.8/plexus-utils-3.0.8.jar
[INFO] Downloaded: https://repo.maven.apache.org/maven2/org/apache/maven/surefire/surefire-booter/2.12.4/surefire-booter-2.12.4.jar (34 KB at 1782.6 KB/sec)
[INFO] Downloading: https://repo.maven.apache.org/maven2/org/apache/maven/plugin-tools/maven-plugin-annotations/3.1/maven-plugin-annotations-3.1.jar
[INFO] Downloaded: https://repo.maven.apache.org/maven2/org/apache/maven/surefire/surefire-api/2.12.4/surefire-api-2.12.4.jar (115 KB at 4784.5 KB/sec)
[INFO] Downloaded: https://repo.maven.apache.org/maven2/org/apache/commons/commons-lang3/3.1/commons-lang3-3.1.jar (309 KB at 9345.6 KB/sec)
[INFO] Downloaded: https://repo.maven.apache.org/maven2/org/apache/maven/surefire/maven-surefire-common/2.12.4/maven-surefire-common-2.12.4.jar (257 KB at 7543.3 KB/sec)
[INFO] Downloaded: https://repo.maven.apache.org/maven2/org/apache/maven/plugin-tools/maven-plugin-annotations/3.1/maven-plugin-annotations-3.1.jar (14 KB at 855.9 KB/sec)
[INFO] Downloaded: https://repo.maven.apache.org/maven2/org/codehaus/plexus/plexus-utils/3.0.8/plexus-utils-3.0.8.jar (227 KB at 5804.8 KB/sec)
[INFO] Tests are skipped.
[INFO] 
[INFO] --- maven-jar-plugin:2.4:jar (default-jar) @ javawriter ---
[INFO] Downloading: https://repo.maven.apache.org/maven2/org/apache/maven/maven-archiver/2.5/maven-archiver-2.5.pom
[INFO] Downloaded: https://repo.maven.apache.org/maven2/org/apache/maven/maven-archiver/2.5/maven-archiver-2.5.pom (5 KB at 260.7 KB/sec)
[INFO] Downloading: https://repo.maven.apache.org/maven2/org/codehaus/plexus/plexus-archiver/2.1/plexus-archiver-2.1.pom
[INFO] Downloaded: https://repo.maven.apache.org/maven2/org/codehaus/plexus/plexus-archiver/2.1/plexus-archiver-2.1.pom (3 KB at 161.4 KB/sec)
[INFO] Downloading: https://repo.maven.apache.org/maven2/org/codehaus/plexus/plexus-utils/3.0/plexus-utils-3.0.pom
[INFO] Downloaded: https://repo.maven.apache.org/maven2/org/codehaus/plexus/plexus-utils/3.0/plexus-utils-3.0.pom (4 KB at 233.6 KB/sec)
[INFO] Downloading: https://repo.maven.apache.org/maven2/org/sonatype/spice/spice-parent/16/spice-parent-16.pom
[INFO] Downloaded: https://repo.maven.apache.org/maven2/org/sonatype/spice/spice-parent/16/spice-parent-16.pom (9 KB at 510.1 KB/sec)
[INFO] Downloading: https://repo.maven.apache.org/maven2/org/sonatype/forge/forge-parent/5/forge-parent-5.pom
[INFO] Downloaded: https://repo.maven.apache.org/maven2/org/sonatype/forge/forge-parent/5/forge-parent-5.pom (9 KB at 510.4 KB/sec)
[INFO] Downloading: https://repo.maven.apache.org/maven2/org/codehaus/plexus/plexus-io/2.0.2/plexus-io-2.0.2.pom
[INFO] Downloaded: https://repo.maven.apache.org/maven2/org/codehaus/plexus/plexus-io/2.0.2/plexus-io-2.0.2.pom (2 KB at 112.8 KB/sec)
[INFO] Downloading: https://repo.maven.apache.org/maven2/org/codehaus/plexus/plexus-components/1.1.19/plexus-components-1.1.19.pom
[INFO] Downloaded: https://repo.maven.apache.org/maven2/org/codehaus/plexus/plexus-components/1.1.19/plexus-components-1.1.19.pom (3 KB at 164.7 KB/sec)
[INFO] Downloading: https://repo.maven.apache.org/maven2/org/codehaus/plexus/plexus/3.0.1/plexus-3.0.1.pom
[INFO] Downloaded: https://repo.maven.apache.org/maven2/org/codehaus/plexus/plexus/3.0.1/plexus-3.0.1.pom (19 KB at 956.7 KB/sec)
[INFO] Downloading: https://repo.maven.apache.org/maven2/org/codehaus/plexus/plexus-interpolation/1.15/plexus-interpolation-1.15.pom
[INFO] Downloaded: https://repo.maven.apache.org/maven2/org/codehaus/plexus/plexus-interpolation/1.15/plexus-interpolation-1.15.pom (1018 B at 58.5 KB/sec)
[INFO] Downloading: https://repo.maven.apache.org/maven2/commons-lang/commons-lang/2.1/commons-lang-2.1.pom
[INFO] Downloaded: https://repo.maven.apache.org/maven2/commons-lang/commons-lang/2.1/commons-lang-2.1.pom (10 KB at 606.0 KB/sec)
[INFO] Downloading: https://repo.maven.apache.org/maven2/org/codehaus/plexus/plexus-interpolation/1.15/plexus-interpolation-1.15.jar
[INFO] Downloading: https://repo.maven.apache.org/maven2/org/apache/maven/maven-archiver/2.5/maven-archiver-2.5.jar
[INFO] Downloading: https://repo.maven.apache.org/maven2/org/codehaus/plexus/plexus-io/2.0.2/plexus-io-2.0.2.jar
[INFO] Downloading: https://repo.maven.apache.org/maven2/org/codehaus/plexus/plexus-archiver/2.1/plexus-archiver-2.1.jar
[INFO] Downloading: https://repo.maven.apache.org/maven2/commons-lang/commons-lang/2.1/commons-lang-2.1.jar
[INFO] Downloaded: https://repo.maven.apache.org/maven2/org/codehaus/plexus/plexus-interpolation/1.15/plexus-interpolation-1.15.jar (60 KB at 3108.2 KB/sec)
[INFO] Downloaded: https://repo.maven.apache.org/maven2/org/apache/maven/maven-archiver/2.5/maven-archiver-2.5.jar (22 KB at 1121.1 KB/sec)
[INFO] Downloading: https://repo.maven.apache.org/maven2/org/codehaus/plexus/plexus-utils/3.0/plexus-utils-3.0.jar
[INFO] Downloaded: https://repo.maven.apache.org/maven2/org/codehaus/plexus/plexus-io/2.0.2/plexus-io-2.0.2.jar (57 KB at 2845.0 KB/sec)
[INFO] Downloaded: https://repo.maven.apache.org/maven2/org/codehaus/plexus/plexus-archiver/2.1/plexus-archiver-2.1.jar (181 KB at 6927.5 KB/sec)
[INFO] Downloaded: https://repo.maven.apache.org/maven2/commons-lang/commons-lang/2.1/commons-lang-2.1.jar (203 KB at 6995.0 KB/sec)
[INFO] Downloaded: https://repo.maven.apache.org/maven2/org/codehaus/plexus/plexus-utils/3.0/plexus-utils-3.0.jar (221 KB at 8176.8 KB/sec)
[INFO] Building jar: /home/travis/build/failed/square/javapoet/target/javawriter-3.0.0-SNAPSHOT.jar
[INFO] 
[INFO] --- maven-checkstyle-plugin:2.13:checkstyle (default) @ javawriter ---
[INFO] Downloading: https://repo.maven.apache.org/maven2/org/apache/maven/reporting/maven-reporting-api/2.2.1/maven-reporting-api-2.2.1.pom
[INFO] Downloaded: https://repo.maven.apache.org/maven2/org/apache/maven/reporting/maven-reporting-api/2.2.1/maven-reporting-api-2.2.1.pom (2 KB at 100.5 KB/sec)
[INFO] Downloading: https://repo.maven.apache.org/maven2/org/apache/maven/reporting/maven-reporting/2.2.1/maven-reporting-2.2.1.pom
[INFO] Downloaded: https://repo.maven.apache.org/maven2/org/apache/maven/reporting/maven-reporting/2.2.1/maven-reporting-2.2.1.pom (2 KB at 70.5 KB/sec)
[INFO] Downloading: https://repo.maven.apache.org/maven2/org/apache/maven/doxia/doxia-sink-api/1.1/doxia-sink-api-1.1.pom
[INFO] Downloaded: https://repo.maven.apache.org/maven2/org/apache/maven/doxia/doxia-sink-api/1.1/doxia-sink-api-1.1.pom (2 KB at 124.5 KB/sec)
[INFO] Downloading: https://repo.maven.apache.org/maven2/org/apache/maven/doxia/doxia/1.1/doxia-1.1.pom
[INFO] Downloaded: https://repo.maven.apache.org/maven2/org/apache/maven/doxia/doxia/1.1/doxia-1.1.pom (15 KB at 926.4 KB/sec)
[INFO] Downloading: https://repo.maven.apache.org/maven2/org/apache/maven/doxia/doxia-logging-api/1.1/doxia-logging-api-1.1.pom
[INFO] Downloaded: https://repo.maven.apache.org/maven2/org/apache/maven/doxia/doxia-logging-api/1.1/doxia-logging-api-1.1.pom (2 KB at 96.1 KB/sec)
[INFO] Downloading: https://repo.maven.apache.org/maven2/org/codehaus/plexus/plexus-container-default/1.0-alpha-30/plexus-container-default-1.0-alpha-30.pom
[INFO] Downloaded: https://repo.maven.apache.org/maven2/org/codehaus/plexus/plexus-container-default/1.0-alpha-30/plexus-container-default-1.0-alpha-30.pom (4 KB at 212.2 KB/sec)
[INFO] Downloading: https://repo.maven.apache.org/maven2/org/codehaus/plexus/plexus-containers/1.0-alpha-30/plexus-containers-1.0-alpha-30.pom
[INFO] Downloaded: https://repo.maven.apache.org/maven2/org/codehaus/plexus/plexus-containers/1.0-alpha-30/plexus-containers-1.0-alpha-30.pom (2 KB at 115.6 KB/sec)
[INFO] Downloading: https://repo.maven.apache.org/maven2/org/codehaus/plexus/plexus-classworlds/1.2-alpha-9/plexus-classworlds-1.2-alpha-9.pom
[INFO] Downloaded: https://repo.maven.apache.org/maven2/org/codehaus/plexus/plexus-classworlds/1.2-alpha-9/plexus-classworlds-1.2-alpha-9.pom (4 KB at 196.7 KB/sec)
[INFO] Downloading: https://repo.maven.apache.org/maven2/org/codehaus/plexus/plexus/1.0.10/plexus-1.0.10.pom
[INFO] Downloaded: https://repo.maven.apache.org/maven2/org/codehaus/plexus/plexus/1.0.10/plexus-1.0.10.pom (9 KB at 537.1 KB/sec)
[INFO] Downloading: https://repo.maven.apache.org/maven2/commons-cli/commons-cli/1.2/commons-cli-1.2.pom
[INFO] Downloaded: https://repo.maven.apache.org/maven2/commons-cli/commons-cli/1.2/commons-cli-1.2.pom (8 KB at 487.1 KB/sec)
[INFO] Downloading: https://repo.maven.apache.org/maven2/org/apache/commons/commons-parent/11/commons-parent-11.pom
[INFO] Downloaded: https://repo.maven.apache.org/maven2/org/apache/commons/commons-parent/11/commons-parent-11.pom (25 KB at 1416.0 KB/sec)
[INFO] Downloading: https://repo.maven.apache.org/maven2/org/apache/maven/reporting/maven-reporting-api/3.0/maven-reporting-api-3.0.pom
[INFO] Downloaded: https://repo.maven.apache.org/maven2/org/apache/maven/reporting/maven-reporting-api/3.0/maven-reporting-api-3.0.pom (3 KB at 154.5 KB/sec)
[INFO] Downloading: https://repo.maven.apache.org/maven2/org/apache/maven/shared/maven-shared-components/15/maven-shared-components-15.pom
[INFO] Downloaded: https://repo.maven.apache.org/maven2/org/apache/maven/shared/maven-shared-components/15/maven-shared-components-15.pom (10 KB at 569.9 KB/sec)
[INFO] Downloading: https://repo.maven.apache.org/maven2/org/apache/maven/maven-parent/16/maven-parent-16.pom
[INFO] Downloaded: https://repo.maven.apache.org/maven2/org/apache/maven/maven-parent/16/maven-parent-16.pom (23 KB at 1336.9 KB/sec)
[INFO] Downloading: https://repo.maven.apache.org/maven2/org/apache/maven/doxia/doxia-sink-api/1.0/doxia-sink-api-1.0.pom
[INFO] Downloaded: https://repo.maven.apache.org/maven2/org/apache/maven/doxia/doxia-sink-api/1.0/doxia-sink-api-1.0.pom (2 KB at 90.3 KB/sec)
[INFO] Downloading: https://repo.maven.apache.org/maven2/org/apache/maven/doxia/doxia/1.0/doxia-1.0.pom
[INFO] Downloaded: https://repo.maven.apache.org/maven2/org/apache/maven/doxia/doxia/1.0/doxia-1.0.pom (10 KB at 627.9 KB/sec)
[INFO] Downloading: https://repo.maven.apache.org/maven2/org/apache/maven/maven-parent/10/maven-parent-10.pom
[INFO] Downloaded: https://repo.maven.apache.org/maven2/org/apache/maven/maven-parent/10/maven-parent-10.pom (31 KB at 1930.8 KB/sec)
[INFO] Downloading: https://repo.maven.apache.org/maven2/org/apache/maven/reporting/maven-reporting-impl/2.3/maven-reporting-impl-2.3.pom
[INFO] Downloaded: https://repo.maven.apache.org/maven2/org/apache/maven/reporting/maven-reporting-impl/2.3/maven-reporting-impl-2.3.pom (5 KB at 305.2 KB/sec)
[INFO] Downloading: https://repo.maven.apache.org/maven2/org/apache/maven/shared/maven-shared-components/20/maven-shared-components-20.pom
[INFO] Downloaded: https://repo.maven.apache.org/maven2/org/apache/maven/shared/maven-shared-components/20/maven-shared-components-20.pom (5 KB at 311.6 KB/sec)
[INFO] Downloading: https://repo.maven.apache.org/maven2/org/apache/maven/shared/maven-shared-utils/0.6/maven-shared-utils-0.6.pom
[INFO] Downloaded: https://repo.maven.apache.org/maven2/org/apache/maven/shared/maven-shared-utils/0.6/maven-shared-utils-0.6.pom (5 KB at 317.6 KB/sec)
[INFO] Downloading: https://repo.maven.apache.org/maven2/org/apache/maven/shared/maven-shared-components/19/maven-shared-components-19.pom
[INFO] Downloaded: https://repo.maven.apache.org/maven2/org/apache/maven/shared/maven-shared-components/19/maven-shared-components-19.pom (7 KB at 388.1 KB/sec)
[INFO] Downloading: https://repo.maven.apache.org/maven2/org/apache/maven/maven-parent/23/maven-parent-23.pom
[INFO] Downloaded: https://repo.maven.apache.org/maven2/org/apache/maven/maven-parent/23/maven-parent-23.pom (32 KB at 1871.9 KB/sec)
[INFO] Downloading: https://repo.maven.apache.org/maven2/org/apache/apache/13/apache-13.pom
[INFO] Downloaded: https://repo.maven.apache.org/maven2/org/apache/apache/13/apache-13.pom (14 KB at 909.8 KB/sec)
[INFO] Downloading: https://repo.maven.apache.org/maven2/org/apache/maven/doxia/doxia-sink-api/1.2/doxia-sink-api-1.2.pom
[INFO] Downloaded: https://repo.maven.apache.org/maven2/org/apache/maven/doxia/doxia-sink-api/1.2/doxia-sink-api-1.2.pom (2 KB at 100.0 KB/sec)
[INFO] Downloading: https://repo.maven.apache.org/maven2/org/apache/maven/doxia/doxia/1.2/doxia-1.2.pom
[INFO] Downloaded: https://repo.maven.apache.org/maven2/org/apache/maven/doxia/doxia/1.2/doxia-1.2.pom (19 KB at 1081.5 KB/sec)
[INFO] Downloading: https://repo.maven.apache.org/maven2/org/apache/maven/maven-parent/19/maven-parent-19.pom
[INFO] Downloaded: https://repo.maven.apache.org/maven2/org/apache/maven/maven-parent/19/maven-parent-19.pom (25 KB at 1526.2 KB/sec)
[INFO] Downloading: https://repo.maven.apache.org/maven2/org/apache/maven/doxia/doxia-logging-api/1.2/doxia-logging-api-1.2.pom
[INFO] Downloaded: https://repo.maven.apache.org/maven2/org/apache/maven/doxia/doxia-logging-api/1.2/doxia-logging-api-1.2.pom (2 KB at 107.2 KB/sec)
[INFO] Downloading: https://repo.maven.apache.org/maven2/org/apache/maven/doxia/doxia-core/1.2/doxia-core-1.2.pom
[INFO] Downloaded: https://repo.maven.apache.org/maven2/org/apache/maven/doxia/doxia-core/1.2/doxia-core-1.2.pom (4 KB at 241.4 KB/sec)
[INFO] Downloading: https://repo.maven.apache.org/maven2/xerces/xercesImpl/2.9.1/xercesImpl-2.9.1.pom
[INFO] Downloaded: https://repo.maven.apache.org/maven2/xerces/xercesImpl/2.9.1/xercesImpl-2.9.1.pom (2 KB at 88.7 KB/sec)
[INFO] Downloading: https://repo.maven.apache.org/maven2/xml-apis/xml-apis/1.3.04/xml-apis-1.3.04.pom
[INFO] Downloaded: https://repo.maven.apache.org/maven2/xml-apis/xml-apis/1.3.04/xml-apis-1.3.04.pom (2 KB at 118.6 KB/sec)
[INFO] Downloading: https://repo.maven.apache.org/maven2/commons-lang/commons-lang/2.4/commons-lang-2.4.pom
[INFO] Downloaded: https://repo.maven.apache.org/maven2/commons-lang/commons-lang/2.4/commons-lang-2.4.pom (14 KB at 802.8 KB/sec)
[INFO] Downloading: https://repo.maven.apache.org/maven2/org/apache/commons/commons-parent/9/commons-parent-9.pom
[INFO] Downloaded: https://repo.maven.apache.org/maven2/org/apache/commons/commons-parent/9/commons-parent-9.pom (22 KB at 1259.8 KB/sec)
[INFO] Downloading: https://repo.maven.apache.org/maven2/org/apache/httpcomponents/httpclient/4.0.2/httpclient-4.0.2.pom
[INFO] Downloaded: https://repo.maven.apache.org/maven2/org/apache/httpcomponents/httpclient/4.0.2/httpclient-4.0.2.pom (8 KB at 430.5 KB/sec)
[INFO] Downloading: https://repo.maven.apache.org/maven2/org/apache/httpcomponents/httpcomponents-client/4.0.2/httpcomponents-client-4.0.2.pom
[INFO] Downloaded: https://repo.maven.apache.org/maven2/org/apache/httpcomponents/httpcomponents-client/4.0.2/httpcomponents-client-4.0.2.pom (9 KB at 547.2 KB/sec)
[INFO] Downloading: https://repo.maven.apache.org/maven2/org/apache/httpcomponents/project/4.1/project-4.1.pom
[INFO] Downloaded: https://repo.maven.apache.org/maven2/org/apache/httpcomponents/project/4.1/project-4.1.pom (16 KB at 941.1 KB/sec)
[INFO] Downloading: https://repo.maven.apache.org/maven2/org/apache/httpcomponents/httpcore/4.0.1/httpcore-4.0.1.pom
[INFO] Downloaded: https://repo.maven.apache.org/maven2/org/apache/httpcomponents/httpcore/4.0.1/httpcore-4.0.1.pom (5 KB at 265.2 KB/sec)
[INFO] Downloading: https://repo.maven.apache.org/maven2/org/apache/httpcomponents/httpcomponents-core/4.0.1/httpcomponents-core-4.0.1.pom
[INFO] Downloaded: https://repo.maven.apache.org/maven2/org/apache/httpcomponents/httpcomponents-core/4.0.1/httpcomponents-core-4.0.1.pom (10 KB at 537.2 KB/sec)
[INFO] Downloading: https://repo.maven.apache.org/maven2/org/apache/httpcomponents/project/4.0/project-4.0.pom
[INFO] Downloaded: https://repo.maven.apache.org/maven2/org/apache/httpcomponents/project/4.0/project-4.0.pom (13 KB at 800.4 KB/sec)
[INFO] Downloading: https://repo.maven.apache.org/maven2/commons-logging/commons-logging/1.1.1/commons-logging-1.1.1.pom
[INFO] Downloaded: https://repo.maven.apache.org/maven2/commons-logging/commons-logging/1.1.1/commons-logging-1.1.1.pom (18 KB at 1055.0 KB/sec)
[INFO] Downloading: https://repo.maven.apache.org/maven2/org/apache/commons/commons-parent/5/commons-parent-5.pom
[INFO] Downloaded: https://repo.maven.apache.org/maven2/org/apache/commons/commons-parent/5/commons-parent-5.pom (16 KB at 979.1 KB/sec)
[INFO] Downloading: https://repo.maven.apache.org/maven2/commons-codec/commons-codec/1.3/commons-codec-1.3.pom
[INFO] Downloaded: https://repo.maven.apache.org/maven2/commons-codec/commons-codec/1.3/commons-codec-1.3.pom (6 KB at 372.6 KB/sec)
[INFO] Downloading: https://repo.maven.apache.org/maven2/org/apache/maven/doxia/doxia-site-renderer/1.2/doxia-site-renderer-1.2.pom
[INFO] Downloaded: https://repo.maven.apache.org/maven2/org/apache/maven/doxia/doxia-site-renderer/1.2/doxia-site-renderer-1.2.pom (7 KB at 358.3 KB/sec)
[INFO] Downloading: https://repo.maven.apache.org/maven2/org/apache/maven/doxia/doxia-sitetools/1.2/doxia-sitetools-1.2.pom
[INFO] Downloaded: https://repo.maven.apache.org/maven2/org/apache/maven/doxia/doxia-sitetools/1.2/doxia-sitetools-1.2.pom (16 KB at 922.9 KB/sec)
[INFO] Downloading: https://repo.maven.apache.org/maven2/org/apache/maven/doxia/doxia-decoration-model/1.2/doxia-decoration-model-1.2.pom
[INFO] Downloaded: https://repo.maven.apache.org/maven2/org/apache/maven/doxia/doxia-decoration-model/1.2/doxia-decoration-model-1.2.pom (3 KB at 199.0 KB/sec)
[INFO] Downloading: https://repo.maven.apache.org/maven2/org/apache/maven/doxia/doxia-module-xhtml/1.2/doxia-module-xhtml-1.2.pom
[INFO] Downloaded: https://repo.maven.apache.org/maven2/org/apache/maven/doxia/doxia-module-xhtml/1.2/doxia-module-xhtml-1.2.pom (2 KB at 114.6 KB/sec)
[INFO] Downloading: https://repo.maven.apache.org/maven2/org/apache/maven/doxia/doxia-modules/1.2/doxia-modules-1.2.pom
[INFO] Downloaded: https://repo.maven.apache.org/maven2/org/apache/maven/doxia/doxia-modules/1.2/doxia-modules-1.2.pom (3 KB at 162.8 KB/sec)
[INFO] Downloading: https://repo.maven.apache.org/maven2/org/apache/maven/doxia/doxia-module-fml/1.2/doxia-module-fml-1.2.pom
[INFO] Downloaded: https://repo.maven.apache.org/maven2/org/apache/maven/doxia/doxia-module-fml/1.2/doxia-module-fml-1.2.pom (6 KB at 323.2 KB/sec)
[INFO] Downloading: https://repo.maven.apache.org/maven2/org/codehaus/plexus/plexus-i18n/1.0-beta-7/plexus-i18n-1.0-beta-7.pom
[INFO] Downloaded: https://repo.maven.apache.org/maven2/org/codehaus/plexus/plexus-i18n/1.0-beta-7/plexus-i18n-1.0-beta-7.pom (2 KB at 64.6 KB/sec)
[INFO] Downloading: https://repo.maven.apache.org/maven2/org/codehaus/plexus/plexus-components/1.1.12/plexus-components-1.1.12.pom
[INFO] Downloaded: https://repo.maven.apache.org/maven2/org/codehaus/plexus/plexus-components/1.1.12/plexus-components-1.1.12.pom (3 KB at 183.3 KB/sec)
[INFO] Downloading: https://repo.maven.apache.org/maven2/org/codehaus/plexus/plexus-velocity/1.1.7/plexus-velocity-1.1.7.pom
[INFO] Downloaded: https://repo.maven.apache.org/maven2/org/codehaus/plexus/plexus-velocity/1.1.7/plexus-velocity-1.1.7.pom (2 KB at 119.4 KB/sec)
[INFO] Downloading: https://repo.maven.apache.org/maven2/org/codehaus/plexus/plexus-container-default/1.0-alpha-20/plexus-container-default-1.0-alpha-20.pom
[INFO] Downloaded: https://repo.maven.apache.org/maven2/org/codehaus/plexus/plexus-container-default/1.0-alpha-20/plexus-container-default-1.0-alpha-20.pom (3 KB at 182.6 KB/sec)
[INFO] Downloading: https://repo.maven.apache.org/maven2/org/codehaus/plexus/plexus-containers/1.0-alpha-20/plexus-containers-1.0-alpha-20.pom
[INFO] Downloaded: https://repo.maven.apache.org/maven2/org/codehaus/plexus/plexus-containers/1.0-alpha-20/plexus-containers-1.0-alpha-20.pom (2 KB at 115.1 KB/sec)
[INFO] Downloading: https://repo.maven.apache.org/maven2/org/codehaus/plexus/plexus-utils/1.3/plexus-utils-1.3.pom
[INFO] Downloaded: https://repo.maven.apache.org/maven2/org/codehaus/plexus/plexus-utils/1.3/plexus-utils-1.3.pom (2 KB at 67.3 KB/sec)
[INFO] Downloading: https://repo.maven.apache.org/maven2/org/codehaus/plexus/plexus-classworlds/1.2-alpha-7/plexus-classworlds-1.2-alpha-7.pom
[INFO] Downloaded: https://repo.maven.apache.org/maven2/org/codehaus/plexus/plexus-classworlds/1.2-alpha-7/plexus-classworlds-1.2-alpha-7.pom (3 KB at 154.4 KB/sec)
[INFO] Downloading: https://repo.maven.apache.org/maven2/org/codehaus/plexus/plexus/1.0.9/plexus-1.0.9.pom
[INFO] Downloaded: https://repo.maven.apache.org/maven2/org/codehaus/plexus/plexus/1.0.9/plexus-1.0.9.pom (8 KB at 535.7 KB/sec)
[INFO] Downloading: https://repo.maven.apache.org/maven2/org/apache/velocity/velocity/1.5/velocity-1.5.pom
[INFO] Downloaded: https://repo.maven.apache.org/maven2/org/apache/velocity/velocity/1.5/velocity-1.5.pom (8 KB at 446.1 KB/sec)
[INFO] Downloading: https://repo.maven.apache.org/maven2/commons-collections/commons-collections/3.1/commons-collections-3.1.pom
[INFO] Downloaded: https://repo.maven.apache.org/maven2/commons-collections/commons-collections/3.1/commons-collections-3.1.pom (6 KB at 371.3 KB/sec)
[INFO] Downloading: https://repo.maven.apache.org/maven2/oro/oro/2.0.8/oro-2.0.8.pom
[INFO] Downloaded: https://repo.maven.apache.org/maven2/oro/oro/2.0.8/oro-2.0.8.pom (140 B at 8.0 KB/sec)
[INFO] Downloading: https://repo.maven.apache.org/maven2/commons-collections/commons-collections/3.2.1/commons-collections-3.2.1.pom
[INFO] Downloaded: https://repo.maven.apache.org/maven2/commons-collections/commons-collections/3.2.1/commons-collections-3.2.1.pom (13 KB at 763.2 KB/sec)
[INFO] Downloading: https://repo.maven.apache.org/maven2/commons-validator/commons-validator/1.3.1/commons-validator-1.3.1.pom
[INFO] Downloaded: https://repo.maven.apache.org/maven2/commons-validator/commons-validator/1.3.1/commons-validator-1.3.1.pom (9 KB at 550.9 KB/sec)
[INFO] Downloading: https://repo.maven.apache.org/maven2/commons-beanutils/commons-beanutils/1.7.0/commons-beanutils-1.7.0.pom
[INFO] Downloaded: https://repo.maven.apache.org/maven2/commons-beanutils/commons-beanutils/1.7.0/commons-beanutils-1.7.0.pom (357 B at 23.2 KB/sec)
[INFO] Downloading: https://repo.maven.apache.org/maven2/commons-logging/commons-logging/1.0.3/commons-logging-1.0.3.pom
[INFO] Downloaded: https://repo.maven.apache.org/maven2/commons-logging/commons-logging/1.0.3/commons-logging-1.0.3.pom (866 B at 52.9 KB/sec)
[INFO] Downloading: https://repo.maven.apache.org/maven2/commons-digester/commons-digester/1.6/commons-digester-1.6.pom
[INFO] Downloaded: https://repo.maven.apache.org/maven2/commons-digester/commons-digester/1.6/commons-digester-1.6.pom (974 B at 59.4 KB/sec)
[INFO] Downloading: https://repo.maven.apache.org/maven2/commons-beanutils/commons-beanutils/1.6/commons-beanutils-1.6.pom
[INFO] Downloaded: https://repo.maven.apache.org/maven2/commons-beanutils/commons-beanutils/1.6/commons-beanutils-1.6.pom (3 KB at 132.7 KB/sec)
[INFO] Downloading: https://repo.maven.apache.org/maven2/commons-logging/commons-logging/1.0/commons-logging-1.0.pom
[INFO] Downloaded: https://repo.maven.apache.org/maven2/commons-logging/commons-logging/1.0/commons-logging-1.0.pom (163 B at 11.4 KB/sec)
[INFO] Downloading: https://repo.maven.apache.org/maven2/commons-collections/commons-collections/2.0/commons-collections-2.0.pom
[INFO] Downloaded: https://repo.maven.apache.org/maven2/commons-collections/commons-collections/2.0/commons-collections-2.0.pom (171 B at 11.1 KB/sec)
[INFO] Downloading: https://repo.maven.apache.org/maven2/commons-collections/commons-collections/2.1/commons-collections-2.1.pom
[INFO] Downloaded: https://repo.maven.apache.org/maven2/commons-collections/commons-collections/2.1/commons-collections-2.1.pom (4 KB at 217.2 KB/sec)
[INFO] Downloading: https://repo.maven.apache.org/maven2/xml-apis/xml-apis/1.0.b2/xml-apis-1.0.b2.pom
[INFO] Downloaded: https://repo.maven.apache.org/maven2/xml-apis/xml-apis/1.0.b2/xml-apis-1.0.b2.pom (3 KB at 137.3 KB/sec)
[INFO] Downloading: https://repo.maven.apache.org/maven2/commons-logging/commons-logging/1.0.4/commons-logging-1.0.4.pom
[INFO] Downloaded: https://repo.maven.apache.org/maven2/commons-logging/commons-logging/1.0.4/commons-logging-1.0.4.pom (6 KB at 342.7 KB/sec)
[INFO] Downloading: https://repo.maven.apache.org/maven2/org/apache/maven/doxia/doxia-sink-api/1.4/doxia-sink-api-1.4.pom
[INFO] Downloaded: https://repo.maven.apache.org/maven2/org/apache/maven/doxia/doxia-sink-api/1.4/doxia-sink-api-1.4.pom (2 KB at 93.4 KB/sec)
[INFO] Downloading: https://repo.maven.apache.org/maven2/org/apache/maven/doxia/doxia/1.4/doxia-1.4.pom
[INFO] Downloaded: https://repo.maven.apache.org/maven2/org/apache/maven/doxia/doxia/1.4/doxia-1.4.pom (18 KB at 1095.8 KB/sec)
[INFO] Downloading: https://repo.maven.apache.org/maven2/org/apache/maven/doxia/doxia-logging-api/1.4/doxia-logging-api-1.4.pom
[INFO] Downloaded: https://repo.maven.apache.org/maven2/org/apache/maven/doxia/doxia-logging-api/1.4/doxia-logging-api-1.4.pom (2 KB at 93.8 KB/sec)
[INFO] Downloading: https://repo.maven.apache.org/maven2/org/apache/maven/doxia/doxia-decoration-model/1.4/doxia-decoration-model-1.4.pom
[INFO] Downloaded: https://repo.maven.apache.org/maven2/org/apache/maven/doxia/doxia-decoration-model/1.4/doxia-decoration-model-1.4.pom (3 KB at 163.2 KB/sec)
[INFO] Downloading: https://repo.maven.apache.org/maven2/org/apache/maven/doxia/doxia-sitetools/1.4/doxia-sitetools-1.4.pom
[INFO] Downloaded: https://repo.maven.apache.org/maven2/org/apache/maven/doxia/doxia-sitetools/1.4/doxia-sitetools-1.4.pom (17 KB at 1047.6 KB/sec)
[INFO] Downloading: https://repo.maven.apache.org/maven2/org/codehaus/plexus/plexus-utils/3.0.10/plexus-utils-3.0.10.pom
[INFO] Downloaded: https://repo.maven.apache.org/maven2/org/codehaus/plexus/plexus-utils/3.0.10/plexus-utils-3.0.10.pom (4 KB at 191.9 KB/sec)
[INFO] Downloading: https://repo.maven.apache.org/maven2/org/apache/maven/doxia/doxia-site-renderer/1.4/doxia-site-renderer-1.4.pom
[INFO] Downloaded: https://repo.maven.apache.org/maven2/org/apache/maven/doxia/doxia-site-renderer/1.4/doxia-site-renderer-1.4.pom (6 KB at 397.9 KB/sec)
[INFO] Downloading: https://repo.maven.apache.org/maven2/org/apache/maven/doxia/doxia-core/1.4/doxia-core-1.4.pom
[INFO] Downloaded: https://repo.maven.apache.org/maven2/org/apache/maven/doxia/doxia-core/1.4/doxia-core-1.4.pom (4 KB at 248.2 KB/sec)
[INFO] Downloading: https://repo.maven.apache.org/maven2/org/apache/maven/doxia/doxia-module-xhtml/1.4/doxia-module-xhtml-1.4.pom
[INFO] Downloaded: https://repo.maven.apache.org/maven2/org/apache/maven/doxia/doxia-module-xhtml/1.4/doxia-module-xhtml-1.4.pom (2 KB at 106.2 KB/sec)
[INFO] Downloading: https://repo.maven.apache.org/maven2/org/apache/maven/doxia/doxia-modules/1.4/doxia-modules-1.4.pom
[INFO] Downloaded: https://repo.maven.apache.org/maven2/org/apache/maven/doxia/doxia-modules/1.4/doxia-modules-1.4.pom (3 KB at 170.7 KB/sec)
[INFO] Downloading: https://repo.maven.apache.org/maven2/org/apache/maven/doxia/doxia-module-fml/1.4/doxia-module-fml-1.4.pom
[INFO] Downloaded: https://repo.maven.apache.org/maven2/org/apache/maven/doxia/doxia-module-fml/1.4/doxia-module-fml-1.4.pom (5 KB at 312.8 KB/sec)
[INFO] Downloading: https://repo.maven.apache.org/maven2/org/apache/velocity/velocity-tools/2.0/velocity-tools-2.0.pom
[INFO] Downloaded: https://repo.maven.apache.org/maven2/org/apache/velocity/velocity-tools/2.0/velocity-tools-2.0.pom (18 KB at 1045.5 KB/sec)
[INFO] Downloading: https://repo.maven.apache.org/maven2/commons-digester/commons-digester/1.8/commons-digester-1.8.pom
[INFO] Downloaded: https://repo.maven.apache.org/maven2/commons-digester/commons-digester/1.8/commons-digester-1.8.pom (7 KB at 456.0 KB/sec)
[INFO] Downloading: https://repo.maven.apache.org/maven2/commons-logging/commons-logging/1.1/commons-logging-1.1.pom
[INFO] Downloaded: https://repo.maven.apache.org/maven2/commons-logging/commons-logging/1.1/commons-logging-1.1.pom (7 KB at 223.6 KB/sec)
[INFO] Downloading: https://repo.maven.apache.org/maven2/logkit/logkit/1.0.1/logkit-1.0.1.pom
[INFO] Downloaded: https://repo.maven.apache.org/maven2/logkit/logkit/1.0.1/logkit-1.0.1.pom (147 B at 3.0 KB/sec)
[INFO] Downloading: https://repo.maven.apache.org/maven2/avalon-framework/avalon-framework/4.1.3/avalon-framework-4.1.3.pom
[INFO] Downloaded: https://repo.maven.apache.org/maven2/avalon-framework/avalon-framework/4.1.3/avalon-framework-4.1.3.pom (167 B at 10.2 KB/sec)
[INFO] Downloading: https://repo.maven.apache.org/maven2/javax/servlet/servlet-api/2.3/servlet-api-2.3.pom
[INFO] Downloaded: https://repo.maven.apache.org/maven2/javax/servlet/servlet-api/2.3/servlet-api-2.3.pom (156 B at 10.2 KB/sec)
[INFO] Downloading: https://repo.maven.apache.org/maven2/commons-chain/commons-chain/1.1/commons-chain-1.1.pom
[INFO] Downloaded: https://repo.maven.apache.org/maven2/commons-chain/commons-chain/1.1/commons-chain-1.1.pom (6 KB at 367.0 KB/sec)
[INFO] Downloading: https://repo.maven.apache.org/maven2/commons-collections/commons-collections/3.2/commons-collections-3.2.pom
[INFO] Downloaded: https://repo.maven.apache.org/maven2/commons-collections/commons-collections/3.2/commons-collections-3.2.pom (11 KB at 673.5 KB/sec)
[INFO] Downloading: https://repo.maven.apache.org/maven2/dom4j/dom4j/1.1/dom4j-1.1.pom
[INFO] Downloaded: https://repo.maven.apache.org/maven2/dom4j/dom4j/1.1/dom4j-1.1.pom (142 B at 9.2 KB/sec)
[INFO] Downloading: https://repo.maven.apache.org/maven2/sslext/sslext/1.2-0/sslext-1.2-0.pom
[INFO] Downloaded: https://repo.maven.apache.org/maven2/sslext/sslext/1.2-0/sslext-1.2-0.pom (653 B at 39.9 KB/sec)
[INFO] Downloading: https://repo.maven.apache.org/maven2/org/apache/struts/struts-core/1.3.8/struts-core-1.3.8.pom
[INFO] Downloaded: https://repo.maven.apache.org/maven2/org/apache/struts/struts-core/1.3.8/struts-core-1.3.8.pom (5 KB at 263.2 KB/sec)
[INFO] Downloading: https://repo.maven.apache.org/maven2/org/apache/struts/struts-parent/1.3.8/struts-parent-1.3.8.pom
[INFO] Downloaded: https://repo.maven.apache.org/maven2/org/apache/struts/struts-parent/1.3.8/struts-parent-1.3.8.pom (10 KB at 640.6 KB/sec)
[INFO] Downloading: https://repo.maven.apache.org/maven2/org/apache/struts/struts-master/4/struts-master-4.pom
[INFO] Downloaded: https://repo.maven.apache.org/maven2/org/apache/struts/struts-master/4/struts-master-4.pom (12 KB at 770.2 KB/sec)
[INFO] Downloading: https://repo.maven.apache.org/maven2/org/apache/apache/2/apache-2.pom
[INFO] Downloaded: https://repo.maven.apache.org/maven2/org/apache/apache/2/apache-2.pom (4 KB at 208.1 KB/sec)
[INFO] Downloading: https://repo.maven.apache.org/maven2/antlr/antlr/2.7.2/antlr-2.7.2.pom
[INFO] Downloaded: https://repo.maven.apache.org/maven2/antlr/antlr/2.7.2/antlr-2.7.2.pom (145 B at 8.9 KB/sec)
[INFO] Downloading: https://repo.maven.apache.org/maven2/org/apache/struts/struts-taglib/1.3.8/struts-taglib-1.3.8.pom
[INFO] Downloaded: https://repo.maven.apache.org/maven2/org/apache/struts/struts-taglib/1.3.8/struts-taglib-1.3.8.pom (4 KB at 187.7 KB/sec)
[INFO] Downloading: https://repo.maven.apache.org/maven2/org/apache/struts/struts-tiles/1.3.8/struts-tiles-1.3.8.pom
[INFO] Downloaded: https://repo.maven.apache.org/maven2/org/apache/struts/struts-tiles/1.3.8/struts-tiles-1.3.8.pom (3 KB at 109.1 KB/sec)
[INFO] Downloading: https://repo.maven.apache.org/maven2/org/apache/velocity/velocity/1.6.2/velocity-1.6.2.pom
[INFO] Downloaded: https://repo.maven.apache.org/maven2/org/apache/velocity/velocity/1.6.2/velocity-1.6.2.pom (11 KB at 414.8 KB/sec)
[INFO] Downloading: https://repo.maven.apache.org/maven2/org/apache/maven/doxia/doxia-integration-tools/1.6/doxia-integration-tools-1.6.pom
[INFO] Downloaded: https://repo.maven.apache.org/maven2/org/apache/maven/doxia/doxia-integration-tools/1.6/doxia-integration-tools-1.6.pom (7 KB at 424.6 KB/sec)
[INFO] Downloading: https://repo.maven.apache.org/maven2/org/apache/maven/doxia/doxia-tools/3/doxia-tools-3.pom
[INFO] Downloaded: https://repo.maven.apache.org/maven2/org/apache/maven/doxia/doxia-tools/3/doxia-tools-3.pom (10 KB at 606.0 KB/sec)
[INFO] Downloading: https://repo.maven.apache.org/maven2/commons-io/commons-io/1.4/commons-io-1.4.pom
[INFO] Downloaded: https://repo.maven.apache.org/maven2/commons-io/commons-io/1.4/commons-io-1.4.pom (13 KB at 756.3 KB/sec)
[INFO] Downloading: https://repo.maven.apache.org/maven2/org/apache/commons/commons-parent/7/commons-parent-7.pom
[INFO] Downloaded: https://repo.maven.apache.org/maven2/org/apache/commons/commons-parent/7/commons-parent-7.pom (18 KB at 1067.9 KB/sec)
[INFO] Downloading: https://repo.maven.apache.org/maven2/org/apache/maven/doxia/doxia-logging-api/1.6/doxia-logging-api-1.6.pom
[INFO] Downloaded: https://repo.maven.apache.org/maven2/org/apache/maven/doxia/doxia-logging-api/1.6/doxia-logging-api-1.6.pom (2 KB at 93.8 KB/sec)
[INFO] Downloading: https://repo.maven.apache.org/maven2/org/apache/maven/doxia/doxia/1.6/doxia-1.6.pom
[INFO] Downloaded: https://repo.maven.apache.org/maven2/org/apache/maven/doxia/doxia/1.6/doxia-1.6.pom (19 KB at 1158.7 KB/sec)
[INFO] Downloading: https://repo.maven.apache.org/maven2/org/apache/maven/doxia/doxia-decoration-model/1.6/doxia-decoration-model-1.6.pom
[INFO] Downloaded: https://repo.maven.apache.org/maven2/org/apache/maven/doxia/doxia-decoration-model/1.6/doxia-decoration-model-1.6.pom (3 KB at 182.7 KB/sec)
[INFO] Downloading: https://repo.maven.apache.org/maven2/org/apache/maven/doxia/doxia-sitetools/1.6/doxia-sitetools-1.6.pom
[INFO] Downloaded: https://repo.maven.apache.org/maven2/org/apache/maven/doxia/doxia-sitetools/1.6/doxia-sitetools-1.6.pom (18 KB at 1027.5 KB/sec)
[INFO] Downloading: https://repo.maven.apache.org/maven2/org/codehaus/plexus/plexus-utils/3.0.15/plexus-utils-3.0.15.pom
[INFO] Downloaded: https://repo.maven.apache.org/maven2/org/codehaus/plexus/plexus-utils/3.0.15/plexus-utils-3.0.15.pom (4 KB at 204.8 KB/sec)
[INFO] Downloading: https://repo.maven.apache.org/maven2/org/codehaus/plexus/plexus/3.3.1/plexus-3.3.1.pom
[INFO] Downloaded: https://repo.maven.apache.org/maven2/org/codehaus/plexus/plexus/3.3.1/plexus-3.3.1.pom (20 KB at 1174.5 KB/sec)
[INFO] Downloading: https://repo.maven.apache.org/maven2/org/codehaus/plexus/plexus-interpolation/1.14/plexus-interpolation-1.14.pom
[INFO] Downloaded: https://repo.maven.apache.org/maven2/org/codehaus/plexus/plexus-interpolation/1.14/plexus-interpolation-1.14.pom (910 B at 59.2 KB/sec)
[INFO] Downloading: https://repo.maven.apache.org/maven2/org/codehaus/plexus/plexus-components/1.1.18/plexus-components-1.1.18.pom
[INFO] Downloaded: https://repo.maven.apache.org/maven2/org/codehaus/plexus/plexus-components/1.1.18/plexus-components-1.1.18.pom (6 KB at 326.8 KB/sec)
[INFO] Downloading: https://repo.maven.apache.org/maven2/org/codehaus/plexus/plexus-resources/1.0-alpha-7/plexus-resources-1.0-alpha-7.pom
[INFO] Downloaded: https://repo.maven.apache.org/maven2/org/codehaus/plexus/plexus-resources/1.0-alpha-7/plexus-resources-1.0-alpha-7.pom (2 KB at 82.9 KB/sec)
[INFO] Downloading: https://repo.maven.apache.org/maven2/org/codehaus/plexus/plexus-components/1.1.17/plexus-components-1.1.17.pom
[INFO] Downloaded: https://repo.maven.apache.org/maven2/org/codehaus/plexus/plexus-components/1.1.17/plexus-components-1.1.17.pom (6 KB at 339.2 KB/sec)
[INFO] Downloading: https://repo.maven.apache.org/maven2/org/codehaus/plexus/plexus/2.0.5/plexus-2.0.5.pom
[INFO] Downloaded: https://repo.maven.apache.org/maven2/org/codehaus/plexus/plexus/2.0.5/plexus-2.0.5.pom (17 KB at 1058.8 KB/sec)
[INFO] Downloading: https://repo.maven.apache.org/maven2/org/codehaus/plexus/plexus-interpolation/1.19/plexus-interpolation-1.19.pom
[INFO] Downloaded: https://repo.maven.apache.org/maven2/org/codehaus/plexus/plexus-interpolation/1.19/plexus-interpolation-1.19.pom (2 KB at 67.0 KB/sec)
[INFO] Downloading: https://repo.maven.apache.org/maven2/org/codehaus/plexus/plexus-components/1.3.1/plexus-components-1.3.1.pom
[INFO] Downloaded: https://repo.maven.apache.org/maven2/org/codehaus/plexus/plexus-components/1.3.1/plexus-components-1.3.1.pom (3 KB at 157.5 KB/sec)
[INFO] Downloading: https://repo.maven.apache.org/maven2/org/codehaus/plexus/plexus-velocity/1.1.8/plexus-velocity-1.1.8.pom
[INFO] Downloaded: https://repo.maven.apache.org/maven2/org/codehaus/plexus/plexus-velocity/1.1.8/plexus-velocity-1.1.8.pom (2 KB at 117.2 KB/sec)
[INFO] Downloading: https://repo.maven.apache.org/maven2/com/puppycrawl/tools/checkstyle/5.7/checkstyle-5.7.pom
[INFO] Downloaded: https://repo.maven.apache.org/maven2/com/puppycrawl/tools/checkstyle/5.7/checkstyle-5.7.pom (24 KB at 1329.6 KB/sec)
[INFO] Downloading: https://repo.maven.apache.org/maven2/org/sonatype/oss/oss-parent/5/oss-parent-5.pom
[INFO] Downloaded: https://repo.maven.apache.org/maven2/org/sonatype/oss/oss-parent/5/oss-parent-5.pom (4 KB at 249.1 KB/sec)
[INFO] Downloading: https://repo.maven.apache.org/maven2/antlr/antlr/2.7.7/antlr-2.7.7.pom
[INFO] Downloaded: https://repo.maven.apache.org/maven2/antlr/antlr/2.7.7/antlr-2.7.7.pom (632 B at 36.3 KB/sec)
[INFO] Downloading: https://repo.maven.apache.org/maven2/commons-beanutils/commons-beanutils-core/1.8.3/commons-beanutils-core-1.8.3.pom
[INFO] Downloaded: https://repo.maven.apache.org/maven2/commons-beanutils/commons-beanutils-core/1.8.3/commons-beanutils-core-1.8.3.pom (2 KB at 100.0 KB/sec)
[INFO] Downloading: https://repo.maven.apache.org/maven2/com/google/guava/guava-jdk5/14.0.1/guava-jdk5-14.0.1.pom
[INFO] Downloaded: https://repo.maven.apache.org/maven2/com/google/guava/guava-jdk5/14.0.1/guava-jdk5-14.0.1.pom (7 KB at 347.7 KB/sec)
[INFO] Downloading: https://repo.maven.apache.org/maven2/com/google/guava/guava-parent-jdk5/14.0.1/guava-parent-jdk5-14.0.1.pom
[INFO] Downloaded: https://repo.maven.apache.org/maven2/com/google/guava/guava-parent-jdk5/14.0.1/guava-parent-jdk5-14.0.1.pom (3 KB at 196.3 KB/sec)
[INFO] Downloading: https://repo.maven.apache.org/maven2/org/slf4j/slf4j-jdk14/1.5.6/slf4j-jdk14-1.5.6.jar
[INFO] Downloading: https://repo.maven.apache.org/maven2/org/slf4j/slf4j-api/1.5.6/slf4j-api-1.5.6.jar
[INFO] Downloading: https://repo.maven.apache.org/maven2/org/slf4j/jcl-over-slf4j/1.5.6/jcl-over-slf4j-1.5.6.jar
[INFO] Downloading: https://repo.maven.apache.org/maven2/commons-cli/commons-cli/1.2/commons-cli-1.2.jar
[INFO] Downloading: https://repo.maven.apache.org/maven2/backport-util-concurrent/backport-util-concurrent/3.1/backport-util-concurrent-3.1.jar
[INFO] Downloaded: https://repo.maven.apache.org/maven2/org/slf4j/slf4j-jdk14/1.5.6/slf4j-jdk14-1.5.6.jar (9 KB at 506.4 KB/sec)
[INFO] Downloading: https://repo.maven.apache.org/maven2/org/sonatype/plexus/plexus-sec-dispatcher/1.3/plexus-sec-dispatcher-1.3.jar
[INFO] Downloaded: https://repo.maven.apache.org/maven2/org/slf4j/jcl-over-slf4j/1.5.6/jcl-over-slf4j-1.5.6.jar (17 KB at 960.6 KB/sec)
[INFO] Downloading: https://repo.maven.apache.org/maven2/org/sonatype/plexus/plexus-cipher/1.4/plexus-cipher-1.4.jar
[INFO] Downloaded: https://repo.maven.apache.org/maven2/commons-cli/commons-cli/1.2/commons-cli-1.2.jar (41 KB at 2231.1 KB/sec)
[INFO] Downloading: https://repo.maven.apache.org/maven2/org/apache/maven/reporting/maven-reporting-api/3.0/maven-reporting-api-3.0.jar
[INFO] Downloaded: https://repo.maven.apache.org/maven2/org/slf4j/slf4j-api/1.5.6/slf4j-api-1.5.6.jar (22 KB at 807.9 KB/sec)
[INFO] Downloading: https://repo.maven.apache.org/maven2/org/apache/maven/reporting/maven-reporting-impl/2.3/maven-reporting-impl-2.3.jar
[INFO] Downloaded: https://repo.maven.apache.org/maven2/backport-util-concurrent/backport-util-concurrent/3.1/backport-util-concurrent-3.1.jar (324 KB at 11170.4 KB/sec)
[INFO] Downloading: https://repo.maven.apache.org/maven2/org/apache/maven/shared/maven-shared-utils/0.6/maven-shared-utils-0.6.jar
[INFO] Downloaded: https://repo.maven.apache.org/maven2/org/apache/maven/reporting/maven-reporting-api/3.0/maven-reporting-api-3.0.jar (11 KB at 763.1 KB/sec)
[INFO] Downloaded: https://repo.maven.apache.org/maven2/org/sonatype/plexus/plexus-sec-dispatcher/1.3/plexus-sec-dispatcher-1.3.jar (28 KB at 1742.9 KB/sec)
[INFO] Downloading: https://repo.maven.apache.org/maven2/org/apache/maven/doxia/doxia-core/1.2/doxia-core-1.2.jar
[INFO] Downloading: https://repo.maven.apache.org/maven2/xerces/xercesImpl/2.9.1/xercesImpl-2.9.1.jar
[INFO] Downloaded: https://repo.maven.apache.org/maven2/org/sonatype/plexus/plexus-cipher/1.4/plexus-cipher-1.4.jar (14 KB at 878.5 KB/sec)
[INFO] Downloading: https://repo.maven.apache.org/maven2/xml-apis/xml-apis/1.3.04/xml-apis-1.3.04.jar
[INFO] Downloaded: https://repo.maven.apache.org/maven2/org/apache/maven/shared/maven-shared-utils/0.6/maven-shared-utils-0.6.jar (161 KB at 7307.9 KB/sec)
[INFO] Downloading: https://repo.maven.apache.org/maven2/org/apache/httpcomponents/httpclient/4.0.2/httpclient-4.0.2.jar
[INFO] Downloaded: https://repo.maven.apache.org/maven2/org/apache/maven/reporting/maven-reporting-impl/2.3/maven-reporting-impl-2.3.jar (18 KB at 702.3 KB/sec)
[INFO] Downloading: https://repo.maven.apache.org/maven2/org/apache/httpcomponents/httpcore/4.0.1/httpcore-4.0.1.jar
[INFO] Downloaded: https://repo.maven.apache.org/maven2/org/apache/maven/doxia/doxia-core/1.2/doxia-core-1.2.jar (151 KB at 5190.0 KB/sec)
[INFO] Downloading: https://repo.maven.apache.org/maven2/commons-codec/commons-codec/1.3/commons-codec-1.3.jar
[INFO] Downloaded: https://repo.maven.apache.org/maven2/xml-apis/xml-apis/1.3.04/xml-apis-1.3.04.jar (190 KB at 6122.5 KB/sec)
[INFO] Downloading: https://repo.maven.apache.org/maven2/commons-validator/commons-validator/1.3.1/commons-validator-1.3.1.jar
[INFO] Downloaded: https://repo.maven.apache.org/maven2/org/apache/httpcomponents/httpclient/4.0.2/httpclient-4.0.2.jar (287 KB at 12435.9 KB/sec)
[INFO] Downloading: https://repo.maven.apache.org/maven2/commons-beanutils/commons-beanutils/1.7.0/commons-beanutils-1.7.0.jar
[INFO] Downloaded: https://repo.maven.apache.org/maven2/org/apache/httpcomponents/httpcore/4.0.1/httpcore-4.0.1.jar (169 KB at 7034.8 KB/sec)
[INFO] Downloading: https://repo.maven.apache.org/maven2/commons-digester/commons-digester/1.6/commons-digester-1.6.jar
[INFO] Downloaded: https://repo.maven.apache.org/maven2/commons-codec/commons-codec/1.3/commons-codec-1.3.jar (46 KB at 2684.1 KB/sec)
[INFO] Downloading: https://repo.maven.apache.org/maven2/commons-logging/commons-logging/1.0.4/commons-logging-1.0.4.jar
[INFO] Downloaded: https://repo.maven.apache.org/maven2/commons-logging/commons-logging/1.0.4/commons-logging-1.0.4.jar (38 KB at 2320.3 KB/sec)
[INFO] Downloading: https://repo.maven.apache.org/maven2/org/apache/maven/doxia/doxia-sink-api/1.4/doxia-sink-api-1.4.jar
[INFO] Downloaded: https://repo.maven.apache.org/maven2/commons-beanutils/commons-beanutils/1.7.0/commons-beanutils-1.7.0.jar (185 KB at 8010.8 KB/sec)
[INFO] Downloading: https://repo.maven.apache.org/maven2/org/apache/maven/doxia/doxia-logging-api/1.4/doxia-logging-api-1.4.jar
[INFO] Downloaded: https://repo.maven.apache.org/maven2/commons-digester/commons-digester/1.6/commons-digester-1.6.jar (165 KB at 7152.1 KB/sec)
[INFO] Downloading: https://repo.maven.apache.org/maven2/org/apache/maven/doxia/doxia-decoration-model/1.4/doxia-decoration-model-1.4.jar
[INFO] Downloaded: https://repo.maven.apache.org/maven2/commons-validator/commons-validator/1.3.1/commons-validator-1.3.1.jar (136 KB at 3479.5 KB/sec)
[INFO] Downloading: https://repo.maven.apache.org/maven2/org/apache/maven/doxia/doxia-site-renderer/1.4/doxia-site-renderer-1.4.jar
[INFO] Downloaded: https://repo.maven.apache.org/maven2/org/apache/maven/doxia/doxia-sink-api/1.4/doxia-sink-api-1.4.jar (11 KB at 781.5 KB/sec)
[INFO] Downloading: https://repo.maven.apache.org/maven2/org/apache/maven/doxia/doxia-module-xhtml/1.4/doxia-module-xhtml-1.4.jar
[INFO] Downloaded: https://repo.maven.apache.org/maven2/org/apache/maven/doxia/doxia-decoration-model/1.4/doxia-decoration-model-1.4.jar (60 KB at 3323.6 KB/sec)
[INFO] Downloading: https://repo.maven.apache.org/maven2/org/apache/maven/doxia/doxia-module-fml/1.4/doxia-module-fml-1.4.jar
[INFO] Downloaded: https://repo.maven.apache.org/maven2/org/apache/maven/doxia/doxia-site-renderer/1.4/doxia-site-renderer-1.4.jar (52 KB at 3239.8 KB/sec)
[INFO] Downloading: https://repo.maven.apache.org/maven2/org/codehaus/plexus/plexus-i18n/1.0-beta-7/plexus-i18n-1.0-beta-7.jar
[INFO] Downloaded: https://repo.maven.apache.org/maven2/org/apache/maven/doxia/doxia-logging-api/1.4/doxia-logging-api-1.4.jar (12 KB at 380.9 KB/sec)
[INFO] Downloaded: https://repo.maven.apache.org/maven2/org/apache/maven/doxia/doxia-module-xhtml/1.4/doxia-module-xhtml-1.4.jar (16 KB at 939.1 KB/sec)
[INFO] Downloading: https://repo.maven.apache.org/maven2/org/apache/velocity/velocity-tools/2.0/velocity-tools-2.0.jar
[INFO] Downloading: https://repo.maven.apache.org/maven2/commons-chain/commons-chain/1.1/commons-chain-1.1.jar
[INFO] Downloaded: https://repo.maven.apache.org/maven2/org/codehaus/plexus/plexus-i18n/1.0-beta-7/plexus-i18n-1.0-beta-7.jar (11 KB at 684.2 KB/sec)
[INFO] Downloading: https://repo.maven.apache.org/maven2/dom4j/dom4j/1.1/dom4j-1.1.jar
[INFO] Downloaded: https://repo.maven.apache.org/maven2/org/apache/maven/doxia/doxia-module-fml/1.4/doxia-module-fml-1.4.jar (37 KB at 2172.9 KB/sec)
[INFO] Downloading: https://repo.maven.apache.org/maven2/sslext/sslext/1.2-0/sslext-1.2-0.jar
[INFO] Downloaded: https://repo.maven.apache.org/maven2/xerces/xercesImpl/2.9.1/xercesImpl-2.9.1.jar (1201 KB at 11323.7 KB/sec)
[INFO] Downloading: https://repo.maven.apache.org/maven2/org/apache/struts/struts-core/1.3.8/struts-core-1.3.8.jar
[INFO] Downloaded: https://repo.maven.apache.org/maven2/commons-chain/commons-chain/1.1/commons-chain-1.1.jar (88 KB at 5493.2 KB/sec)
[INFO] Downloading: https://repo.maven.apache.org/maven2/org/apache/struts/struts-taglib/1.3.8/struts-taglib-1.3.8.jar
[INFO] Downloaded: https://repo.maven.apache.org/maven2/sslext/sslext/1.2-0/sslext-1.2-0.jar (26 KB at 1600.0 KB/sec)
[INFO] Downloading: https://repo.maven.apache.org/maven2/org/apache/struts/struts-tiles/1.3.8/struts-tiles-1.3.8.jar
[INFO] Downloaded: https://repo.maven.apache.org/maven2/dom4j/dom4j/1.1/dom4j-1.1.jar (447 KB at 13943.9 KB/sec)
[INFO] Downloading: https://repo.maven.apache.org/maven2/org/apache/maven/doxia/doxia-integration-tools/1.6/doxia-integration-tools-1.6.jar
[INFO] Downloaded: https://repo.maven.apache.org/maven2/org/apache/struts/struts-taglib/1.3.8/struts-taglib-1.3.8.jar (246 KB at 9447.2 KB/sec)
[INFO] Downloading: https://repo.maven.apache.org/maven2/commons-io/commons-io/1.4/commons-io-1.4.jar
[INFO] Downloaded: https://repo.maven.apache.org/maven2/org/apache/velocity/velocity-tools/2.0/velocity-tools-2.0.jar (339 KB at 7051.2 KB/sec)
[INFO] Downloading: https://repo.maven.apache.org/maven2/org/codehaus/plexus/plexus-resources/1.0-alpha-7/plexus-resources-1.0-alpha-7.jar
[INFO] Downloaded: https://repo.maven.apache.org/maven2/org/apache/struts/struts-tiles/1.3.8/struts-tiles-1.3.8.jar (117 KB at 5564.2 KB/sec)
[INFO] Downloading: https://repo.maven.apache.org/maven2/org/codehaus/plexus/plexus-utils/3.0.15/plexus-utils-3.0.15.jar
[INFO] Downloaded: https://repo.maven.apache.org/maven2/org/apache/struts/struts-core/1.3.8/struts-core-1.3.8.jar (322 KB at 8680.7 KB/sec)
[INFO] Downloading: https://repo.maven.apache.org/maven2/org/codehaus/plexus/plexus-interpolation/1.19/plexus-interpolation-1.19.jar
[INFO] Downloaded: https://repo.maven.apache.org/maven2/org/apache/maven/doxia/doxia-integration-tools/1.6/doxia-integration-tools-1.6.jar (44 KB at 2421.3 KB/sec)
[INFO] Downloading: https://repo.maven.apache.org/maven2/org/codehaus/plexus/plexus-velocity/1.1.8/plexus-velocity-1.1.8.jar
[INFO] Downloaded: https://repo.maven.apache.org/maven2/commons-io/commons-io/1.4/commons-io-1.4.jar (107 KB at 5916.0 KB/sec)
[INFO] Downloading: https://repo.maven.apache.org/maven2/com/puppycrawl/tools/checkstyle/5.7/checkstyle-5.7.jar
[INFO] Downloaded: https://repo.maven.apache.org/maven2/org/codehaus/plexus/plexus-resources/1.0-alpha-7/plexus-resources-1.0-alpha-7.jar (23 KB at 1514.3 KB/sec)
[INFO] Downloading: https://repo.maven.apache.org/maven2/antlr/antlr/2.7.7/antlr-2.7.7.jar
[INFO] Downloaded: https://repo.maven.apache.org/maven2/org/codehaus/plexus/plexus-interpolation/1.19/plexus-interpolation-1.19.jar (61 KB at 3347.3 KB/sec)
[INFO] Downloading: https://repo.maven.apache.org/maven2/commons-beanutils/commons-beanutils-core/1.8.3/commons-beanutils-core-1.8.3.jar
[INFO] Downloaded: https://repo.maven.apache.org/maven2/org/codehaus/plexus/plexus-velocity/1.1.8/plexus-velocity-1.1.8.jar (8 KB at 513.3 KB/sec)
[INFO] Downloading: https://repo.maven.apache.org/maven2/com/google/guava/guava-jdk5/14.0.1/guava-jdk5-14.0.1.jar
[INFO] Downloaded: https://repo.maven.apache.org/maven2/org/codehaus/plexus/plexus-utils/3.0.15/plexus-utils-3.0.15.jar (234 KB at 8975.1 KB/sec)
[INFO] Downloading: https://repo.maven.apache.org/maven2/org/apache/velocity/velocity/1.5/velocity-1.5.jar
[INFO] Downloaded: https://repo.maven.apache.org/maven2/antlr/antlr/2.7.7/antlr-2.7.7.jar (435 KB at 16725.1 KB/sec)
[INFO] Downloading: https://repo.maven.apache.org/maven2/oro/oro/2.0.8/oro-2.0.8.jar
[INFO] Downloaded: https://repo.maven.apache.org/maven2/commons-beanutils/commons-beanutils-core/1.8.3/commons-beanutils-core-1.8.3.jar (202 KB at 7476.5 KB/sec)
[INFO] Downloading: https://repo.maven.apache.org/maven2/commons-collections/commons-collections/3.2.1/commons-collections-3.2.1.jar
[INFO] Downloaded: https://repo.maven.apache.org/maven2/com/puppycrawl/tools/checkstyle/5.7/checkstyle-5.7.jar (645 KB at 17430.4 KB/sec)
[INFO] Downloaded: https://repo.maven.apache.org/maven2/oro/oro/2.0.8/oro-2.0.8.jar (64 KB at 3540.6 KB/sec)
[INFO] Downloaded: https://repo.maven.apache.org/maven2/org/apache/velocity/velocity/1.5/velocity-1.5.jar (383 KB at 9117.5 KB/sec)
[INFO] Downloaded: https://repo.maven.apache.org/maven2/commons-collections/commons-collections/3.2.1/commons-collections-3.2.1.jar (562 KB at 12486.7 KB/sec)
[INFO] Downloaded: https://repo.maven.apache.org/maven2/com/google/guava/guava-jdk5/14.0.1/guava-jdk5-14.0.1.jar (1957 KB at 12151.0 KB/sec)
[INFO] Starting audit...
Audit done.

[WARNING] Unable to locate Source XRef to link to - DISABLED
[INFO] 
[INFO] --- maven-install-plugin:2.4:install (default-install) @ javawriter ---
[INFO] Downloading: https://repo.maven.apache.org/maven2/org/codehaus/plexus/plexus-utils/3.0.5/plexus-utils-3.0.5.pom
[INFO] Downloaded: https://repo.maven.apache.org/maven2/org/codehaus/plexus/plexus-utils/3.0.5/plexus-utils-3.0.5.pom (3 KB at 144.3 KB/sec)
[INFO] Downloading: https://repo.maven.apache.org/maven2/org/codehaus/plexus/plexus/3.1/plexus-3.1.pom
[INFO] Downloaded: https://repo.maven.apache.org/maven2/org/codehaus/plexus/plexus/3.1/plexus-3.1.pom (19 KB at 1211.9 KB/sec)
[INFO] Downloading: https://repo.maven.apache.org/maven2/org/codehaus/plexus/plexus-digest/1.0/plexus-digest-1.0.pom
[INFO] Downloaded: https://repo.maven.apache.org/maven2/org/codehaus/plexus/plexus-digest/1.0/plexus-digest-1.0.pom (2 KB at 64.6 KB/sec)
[INFO] Downloading: https://repo.maven.apache.org/maven2/org/codehaus/plexus/plexus-components/1.1.7/plexus-components-1.1.7.pom
[INFO] Downloaded: https://repo.maven.apache.org/maven2/org/codehaus/plexus/plexus-components/1.1.7/plexus-components-1.1.7.pom (5 KB at 323.9 KB/sec)
[INFO] Downloading: https://repo.maven.apache.org/maven2/org/codehaus/plexus/plexus-utils/3.0.5/plexus-utils-3.0.5.jar
[INFO] Downloading: https://repo.maven.apache.org/maven2/org/codehaus/plexus/plexus-digest/1.0/plexus-digest-1.0.jar
[INFO] Downloaded: https://repo.maven.apache.org/maven2/org/codehaus/plexus/plexus-digest/1.0/plexus-digest-1.0.jar (12 KB at 723.8 KB/sec)
[INFO] Downloaded: https://repo.maven.apache.org/maven2/org/codehaus/plexus/plexus-utils/3.0.5/plexus-utils-3.0.5.jar (226 KB at 6619.0 KB/sec)
[INFO] Installing /home/travis/build/failed/square/javapoet/target/javawriter-3.0.0-SNAPSHOT.jar to /home/travis/.m2/repository/com/squareup/javawriter/3.0.0-SNAPSHOT/javawriter-3.0.0-SNAPSHOT.jar
[INFO] Installing /home/travis/build/failed/square/javapoet/pom.xml to /home/travis/.m2/repository/com/squareup/javawriter/3.0.0-SNAPSHOT/javawriter-3.0.0-SNAPSHOT.pom
[INFO] ------------------------------------------------------------------------
[INFO] BUILD SUCCESS
[INFO] ------------------------------------------------------------------------
[INFO] Total time: 56.437 s
[INFO] Finished at: 2021-04-28T23:25:55+00:00
[INFO] Final Memory: 29M/470M
[INFO] ------------------------------------------------------------------------

travis_time:end:04642e47:start=1619652297481969083,finish=1619652355640457496,duration=58158488413[0Ktravis_fold:end:install[0Ktravis_time:start:26279c9d[0K$ mvn test -Dhttps.protocols=TLSv1.2 -Dhttps.protocols=TLSv1.2 -B
[INFO] Scanning for projects...
[INFO]                                                                         
[INFO] ------------------------------------------------------------------------
[INFO] Building JavaWriter 3.0.0-SNAPSHOT
[INFO] ------------------------------------------------------------------------
[INFO] Downloading: https://repository.apache.org/snapshots/com/google/testing/compile/compile-testing/1.0-SNAPSHOT/maven-metadata.xml
[INFO] Downloading: https://nexus.codehaus.org/snapshots/com/google/testing/compile/compile-testing/1.0-SNAPSHOT/maven-metadata.xml
[WARNING] Could not transfer metadata com.google.testing.compile:compile-testing:1.0-SNAPSHOT/maven-metadata.xml from/to codehaus-snapshots (https://nexus.codehaus.org/snapshots/): nexus.codehaus.org
[WARNING] Failure to transfer com.google.testing.compile:compile-testing:1.0-SNAPSHOT/maven-metadata.xml from https://nexus.codehaus.org/snapshots/ was cached in the local repository, resolution will not be reattempted until the update interval of codehaus-snapshots has elapsed or updates are forced. Original error: Could not transfer metadata com.google.testing.compile:compile-testing:1.0-SNAPSHOT/maven-metadata.xml from/to codehaus-snapshots (https://nexus.codehaus.org/snapshots/): nexus.codehaus.org
[INFO] 
[INFO] --- maven-enforcer-plugin:1.0:enforce (enforce-maven) @ javawriter ---
[INFO] 
[INFO] --- maven-resources-plugin:2.6:resources (default-resources) @ javawriter ---
[INFO] Using 'UTF-8' encoding to copy filtered resources.
[INFO] skip non existing resourceDirectory /home/travis/build/failed/square/javapoet/src/main/resources
[INFO] 
[INFO] --- maven-compiler-plugin:3.0:compile (default-compile) @ javawriter ---
[INFO] Changes detected - recompiling the module!
[INFO] Compiling 42 source files to /home/travis/build/failed/square/javapoet/target/classes
[INFO] 
[INFO] --- maven-resources-plugin:2.6:testResources (default-testResources) @ javawriter ---
[INFO] Using 'UTF-8' encoding to copy filtered resources.
[INFO] skip non existing resourceDirectory /home/travis/build/failed/square/javapoet/src/test/resources
[INFO] 
[INFO] --- maven-compiler-plugin:3.0:testCompile (default-testCompile) @ javawriter ---
[INFO] Changes detected - recompiling the module!
[INFO] Compiling 15 source files to /home/travis/build/failed/square/javapoet/target/test-classes
[INFO] 
[INFO] --- maven-surefire-plugin:2.12.4:test (default-test) @ javawriter ---
[INFO] Surefire report directory: /home/travis/build/failed/square/javapoet/target/surefire-reports
[INFO] Downloading: https://repo.maven.apache.org/maven2/org/apache/maven/surefire/surefire-junit4/2.12.4/surefire-junit4-2.12.4.pom
[INFO] Downloaded: https://repo.maven.apache.org/maven2/org/apache/maven/surefire/surefire-junit4/2.12.4/surefire-junit4-2.12.4.pom (3 KB at 18.4 KB/sec)
[INFO] Downloading: https://repo.maven.apache.org/maven2/org/apache/maven/surefire/surefire-providers/2.12.4/surefire-providers-2.12.4.pom
[INFO] Downloaded: https://repo.maven.apache.org/maven2/org/apache/maven/surefire/surefire-providers/2.12.4/surefire-providers-2.12.4.pom (3 KB at 95.5 KB/sec)
[INFO] Downloading: https://repo.maven.apache.org/maven2/org/apache/maven/surefire/surefire-junit4/2.12.4/surefire-junit4-2.12.4.jar
[INFO] Downloaded: https://repo.maven.apache.org/maven2/org/apache/maven/surefire/surefire-junit4/2.12.4/surefire-junit4-2.12.4.jar (37 KB at 581.6 KB/sec)

-------------------------------------------------------
 T E S T S
-------------------------------------------------------
Running com.squareup.javawriter.builders.TypeSpecTest
Tests run: 2, Failures: 2, Errors: 0, Skipped: 0, Time elapsed: 0.204 sec <<< FAILURE!
basic(com.squareup.javawriter.builders.TypeSpecTest)  Time elapsed: 0.153 sec  <<< FAILURE!
diff:
    @@ -7,5 +7,4 @@
       @Override public final String toString() {
         return "taco";
       }
    -}
    -
    +};
	at com.squareup.javawriter.builders.TypeSpecTest.basic(TypeSpecTest.java:39)

anonymousInnerClass(com.squareup.javawriter.builders.TypeSpecTest)  Time elapsed: 0.01 sec  <<< FAILURE!
diff:
    @@ -17,5 +17,4 @@
           };
         }
       };
    -}
    -
    +};
	at com.squareup.javawriter.builders.TypeSpecTest.anonymousInnerClass(TypeSpecTest.java:106)

Running com.squareup.javawriter.JavaWriterTest
Tests run: 12, Failures: 0, Errors: 0, Skipped: 0, Time elapsed: 0.295 sec
Running com.squareup.javawriter.InterfaceWriterTest
Tests run: 1, Failures: 0, Errors: 0, Skipped: 0, Time elapsed: 0.001 sec
Running com.squareup.javawriter.ClassWriterTest
Tests run: 1, Failures: 0, Errors: 0, Skipped: 0, Time elapsed: 0 sec
Running com.squareup.javawriter.ClassNameTest
Tests run: 10, Failures: 0, Errors: 0, Skipped: 0, Time elapsed: 0.626 sec
Running com.squareup.javawriter.ParameterWriterTest
Tests run: 2, Failures: 0, Errors: 0, Skipped: 0, Time elapsed: 0 sec
Running com.squareup.javawriter.ConstructorWriterTest
Tests run: 2, Failures: 0, Errors: 0, Skipped: 0, Time elapsed: 0.001 sec
Running com.squareup.javawriter.EnumWriterTest
Tests run: 5, Failures: 0, Errors: 0, Skipped: 0, Time elapsed: 0.001 sec
Running com.squareup.javawriter.TypeNamesTest
Tests run: 9, Failures: 0, Errors: 0, Skipped: 0, Time elapsed: 0.162 sec
Running com.squareup.javawriter.TypeWriterTest
Tests run: 5, Failures: 0, Errors: 0, Skipped: 0, Time elapsed: 0.001 sec
Running com.squareup.javawriter.AnnotationWriterTest
Tests run: 5, Failures: 0, Errors: 0, Skipped: 0, Time elapsed: 0.001 sec
Running com.squareup.javawriter.MethodWriterTest
Tests run: 6, Failures: 0, Errors: 0, Skipped: 0, Time elapsed: 0 sec
Running com.squareup.javawriter.AnonymousClassWriterTest
Tests run: 4, Failures: 0, Errors: 0, Skipped: 0, Time elapsed: 0.004 sec
Running com.squareup.javawriter.IndentingAppendableTest
Tests run: 4, Failures: 0, Errors: 0, Skipped: 0, Time elapsed: 0 sec

Results :

Failed tests:   basic(com.squareup.javawriter.builders.TypeSpecTest): diff:(..)
  anonymousInnerClass(com.squareup.javawriter.builders.TypeSpecTest): diff:(..)

Tests run: 68, Failures: 2, Errors: 0, Skipped: 0

[INFO] ------------------------------------------------------------------------
[INFO] BUILD FAILURE
[INFO] ------------------------------------------------------------------------
[INFO] Total time: 6.485 s
[INFO] Finished at: 2021-04-28T23:26:03+00:00
[INFO] Final Memory: 18M/491M
[INFO] ------------------------------------------------------------------------
[ERROR] Failed to execute goal org.apache.maven.plugins:maven-surefire-plugin:2.12.4:test (default-test) on project javawriter: There are test failures.
[ERROR] 
[ERROR] Please refer to /home/travis/build/failed/square/javapoet/target/surefire-reports for the individual test results.
[ERROR] -> [Help 1]
[ERROR] 
[ERROR] To see the full stack trace of the errors, re-run Maven with the -e switch.
[ERROR] Re-run Maven using the -X switch to enable full debug logging.
[ERROR] 
[ERROR] For more information about the errors and possible solutions, please read the following articles:
[ERROR] [Help 1] http://cwiki.apache.org/confluence/display/MAVEN/MojoFailureException

travis_time:end:26279c9d:start=1619652355648556286,finish=1619652363458020171,duration=7809463885[0K
[31;1mThe command "mvn test -Dhttps.protocols=TLSv1.2 -Dhttps.protocols=TLSv1.2 -B" exited with 1.[0m
travis_fold:start:cache.2[0Kstore build cache
travis_time:start:1aa68322[0K
travis_time:end:1aa68322:start=1619652363469142171,finish=1619652363480356199,duration=11214028[0Ktravis_time:start:02c5b132[0K/home/travis/.casher/bin/casher:190: warning: Insecure world writable dir /home/travis/build/failed/square/javapoet/. in PATH, mode 040777
[32;1mchanges detected, packing new archive[0m
/home/travis/.casher/bin/casher:213:in `cache_archive_name': undefined method `[]' for nil:NilClass (NoMethodError)
	from /home/travis/.casher/bin/casher:143:in `push'
	from /home/travis/.casher/bin/casher:53:in `block in run'
	from /home/travis/.rvm/rubies/ruby-1.9.3-p551/lib/ruby/1.9.1/timeout.rb:69:in `timeout'
	from /home/travis/.casher/bin/casher:53:in `run'
	from /home/travis/.casher/bin/casher:263:in `<main>'

travis_time:end:02c5b132:start=1619652363491302588,finish=1619652366388657735,duration=2897355147[0Ktravis_fold:end:cache.2[0K
Done. Your build exited with 1.
