travis_fold:start:system_info[0K[33;1mBuild system information[0m
Build language: java
Build group: stable
Build dist: precise
Build id: ''
Job id: ''
[34m[1mBuild image provisioning date and time[0m
Thu Feb  5 15:09:33 UTC 2015
[34m[1mOperating System Details[0m
Distributor ID:	Ubuntu
Description:	Ubuntu 12.04.5 LTS
Release:	12.04
Codename:	precise
[34m[1mLinux Version[0m
3.13.0-29-generic
[34m[1mCookbooks Version[0m
a68419e https://github.com/travis-ci/travis-cookbooks/tree/a68419e
[34m[1mGCC version[0m
gcc (Ubuntu/Linaro 4.6.3-1ubuntu5) 4.6.3
Copyright (C) 2011 Free Software Foundation, Inc.
This is free software; see the source for copying conditions.  There is NO
warranty; not even for MERCHANTABILITY or FITNESS FOR A PARTICULAR PURPOSE.

[34m[1mLLVM version[0m
clang version 3.4 (tags/RELEASE_34/final)
Target: x86_64-unknown-linux-gnu
Thread model: posix
[34m[1mPre-installed Ruby versions[0m
ruby-1.9.3-p551
[34m[1mPre-installed Node.js versions[0m
v0.10.36
[34m[1mPre-installed Go versions[0m
1.4.1
[34m[1mRedis version[0m
redis-server 2.8.19
[34m[1mriak version[0m
2.0.2
[34m[1mMongoDB version[0m
MongoDB 2.4.12
[34m[1mCouchDB version[0m
couchdb 1.6.1
[34m[1mNeo4j version[0m
1.9.4
[34m[1mRabbitMQ Version[0m
3.4.3
[34m[1mElasticSearch version[0m
1.4.0
[34m[1mInstalled Sphinx versions[0m
2.0.10
2.1.9
2.2.6
[34m[1mDefault Sphinx version[0m
2.2.6
[34m[1mInstalled Firefox version[0m
firefox 31.0esr
[34m[1mPhantomJS version[0m
1.9.8
[34m[1mant -version[0m
Apache Ant(TM) version 1.8.2 compiled on December 3 2011
[34m[1mmvn -version[0m
Apache Maven 3.2.5 (12a6b3acb947671f09b81f49094c53f426d8cea1; 2014-12-14T17:29:23+00:00)
Maven home: /usr/local/maven
Java version: 1.7.0_76, vendor: Oracle Corporation
Java home: /usr/lib/jvm/java-7-oracle/jre
Default locale: en_US, platform encoding: ANSI_X3.4-1968
OS name: "linux", version: "3.13.0-29-generic", arch: "amd64", family: "unix"
travis_fold:end:system_info[0K
W: GPG error: http://apt.postgresql.org precise-pgdg Release: The following signatures were invalid: KEYEXPIRED 1562078959
W: Failed to fetch http://ppa.launchpad.net/travis-ci/zero-mq/ubuntu/dists/precise/main/binary-amd64/Packages  403  Forbidden

W: Failed to fetch http://ppa.launchpad.net/travis-ci/zero-mq/ubuntu/dists/precise/main/binary-i386/Packages  403  Forbidden

W: Failed to fetch http://downloads-distro.mongodb.org/repo/debian-sysvinit/dists/dist/10gen/binary-amd64/Packages  Undetermined Error [IP: 52.21.89.200 80]

W: Failed to fetch http://downloads-distro.mongodb.org/repo/debian-sysvinit/dists/dist/10gen/binary-i386/Packages  Undetermined Error [IP: 52.21.89.200 80]

E: Some index files failed to download. They have been ignored, or old ones used instead.
sed: cannot rename /etc/hosts: Device or resource busy
sed: cannot rename /etc/hosts: Device or resource busy
$ jdk_switcher use oraclejdk8
Switching to Oracle JDK8 (java-8-oracle), JAVA_HOME will be set to /usr/lib/jvm/java-8-oracle
$ cd failed/yamcs/yamcs
travis_fold:start:cache.1[0KSetting up build cache
$ export CASHER_DIR=$HOME/.casher
travis_time:start:1a37ac7e[0K$ Installing caching utilities

travis_time:end:1a37ac7e:start=1619640977998919958,finish=1619640978286782744,duration=287862786[0Ktravis_time:start:0d0b5940[0K
travis_time:end:0d0b5940:start=1619640978300841196,finish=1619640978309074115,duration=8232919[0Ktravis_time:start:01392294[0K/home/travis/.casher/bin/casher:213:in `cache_archive_name': undefined method `[]' for nil:NilClass (NoMethodError)
	from /home/travis/.casher/bin/casher:65:in `block in fetch'
	from /home/travis/.casher/bin/casher:64:in `each'
	from /home/travis/.casher/bin/casher:64:in `fetch'
	from /home/travis/.casher/bin/casher:53:in `block in run'
	from /home/travis/.rvm/rubies/ruby-1.9.3-p551/lib/ruby/1.9.1/timeout.rb:69:in `timeout'
	from /home/travis/.casher/bin/casher:53:in `run'
	from /home/travis/.casher/bin/casher:263:in `<main>'
[32;1mattempting to download cache archive[0m

travis_time:end:01392294:start=1619640978318657430,finish=1619640979089561439,duration=770904009[0Ktravis_time:start:0062f342[0K
travis_time:end:0062f342:start=1619640979100310723,finish=1619640979109175603,duration=8864880[0Ktravis_time:start:34927f79[0K[32;1madding /home/travis/.m2 to cache[0m
[32;1madding /home/travis/.sonar/cache to cache[0m
[32;1mcreating directory /home/travis/.sonar/cache[0m

travis_time:end:34927f79:start=1619640979119270742,finish=1619640980128182734,duration=1008911992[0Ktravis_fold:end:cache.1[0K$ java -Xmx32m -version
java version "1.8.0_31"
Java(TM) SE Runtime Environment (build 1.8.0_31-b13)
Java HotSpot(TM) 64-Bit Server VM (build 25.31-b07, mixed mode)
$ javac -J-Xmx32m -version
javac 1.8.0_31
travis_fold:start:install[0Ktravis_time:start:178b7199[0K$ mvn install -Dhttps.protocols=TLSv1.2 -DskipTests=true -Dmaven.javadoc.skip=true -B -V
Java HotSpot(TM) 64-Bit Server VM warning: ignoring option MaxPermSize=192m; support was removed in 8.0
Apache Maven 3.2.5 (12a6b3acb947671f09b81f49094c53f426d8cea1; 2014-12-14T17:29:23+00:00)
Maven home: /usr/local/maven
Java version: 1.8.0_31, vendor: Oracle Corporation
Java home: /usr/lib/jvm/java-8-oracle/jre
Default locale: en_US, platform encoding: UTF-8
OS name: "linux", version: "4.15.0-109-generic", arch: "amd64", family: "unix"
[INFO] Scanning for projects...
[INFO] ------------------------------------------------------------------------
[INFO] Reactor Build Order:
[INFO] 
[INFO] Yamcs
[INFO] Yamcs API
[INFO] Yamcs XTCE
[INFO] Yamcs Core
[INFO] Yamcs Simulation
[INFO]                                                                         
[INFO] ------------------------------------------------------------------------
[INFO] Building Yamcs 3.1.3-SNAPSHOT
[INFO] ------------------------------------------------------------------------
[INFO] Downloading: https://repo.maven.apache.org/maven2/org/apache/maven/plugins/maven-source-plugin/2.2.1/maven-source-plugin-2.2.1.pom
[INFO] Downloaded: https://repo.maven.apache.org/maven2/org/apache/maven/plugins/maven-source-plugin/2.2.1/maven-source-plugin-2.2.1.pom (7 KB at 17.4 KB/sec)
[INFO] Downloading: https://repo.maven.apache.org/maven2/org/apache/maven/plugins/maven-plugins/23/maven-plugins-23.pom
[INFO] Downloaded: https://repo.maven.apache.org/maven2/org/apache/maven/plugins/maven-plugins/23/maven-plugins-23.pom (9 KB at 219.1 KB/sec)
[INFO] Downloading: https://repo.maven.apache.org/maven2/org/apache/maven/maven-parent/22/maven-parent-22.pom
[INFO] Downloaded: https://repo.maven.apache.org/maven2/org/apache/maven/maven-parent/22/maven-parent-22.pom (30 KB at 806.8 KB/sec)
[INFO] Downloading: https://repo.maven.apache.org/maven2/org/apache/apache/11/apache-11.pom
[INFO] Downloaded: https://repo.maven.apache.org/maven2/org/apache/apache/11/apache-11.pom (15 KB at 498.8 KB/sec)
[INFO] Downloading: https://repo.maven.apache.org/maven2/org/apache/maven/plugins/maven-source-plugin/2.2.1/maven-source-plugin-2.2.1.jar
[INFO] Downloaded: https://repo.maven.apache.org/maven2/org/apache/maven/plugins/maven-source-plugin/2.2.1/maven-source-plugin-2.2.1.jar (30 KB at 380.8 KB/sec)
[INFO] Downloading: https://repo.maven.apache.org/maven2/org/apache/maven/plugins/maven-install-plugin/2.4/maven-install-plugin-2.4.pom
[INFO] Downloaded: https://repo.maven.apache.org/maven2/org/apache/maven/plugins/maven-install-plugin/2.4/maven-install-plugin-2.4.pom (7 KB at 328.0 KB/sec)
[INFO] Downloading: https://repo.maven.apache.org/maven2/org/apache/maven/plugins/maven-install-plugin/2.4/maven-install-plugin-2.4.jar
[INFO] Downloaded: https://repo.maven.apache.org/maven2/org/apache/maven/plugins/maven-install-plugin/2.4/maven-install-plugin-2.4.jar (27 KB at 674.9 KB/sec)
[INFO] 
[INFO] --- maven-source-plugin:2.2.1:jar-no-fork (attach-sources) @ yamcs ---
[INFO] Downloading: https://repo.maven.apache.org/maven2/org/apache/maven/maven-model/2.0.9/maven-model-2.0.9.pom
[INFO] Downloaded: https://repo.maven.apache.org/maven2/org/apache/maven/maven-model/2.0.9/maven-model-2.0.9.pom (4 KB at 153.3 KB/sec)
[INFO] Downloading: https://repo.maven.apache.org/maven2/org/apache/maven/maven/2.0.9/maven-2.0.9.pom
[INFO] Downloaded: https://repo.maven.apache.org/maven2/org/apache/maven/maven/2.0.9/maven-2.0.9.pom (19 KB at 615.5 KB/sec)
[INFO] Downloading: https://repo.maven.apache.org/maven2/org/apache/maven/maven-parent/8/maven-parent-8.pom
[INFO] Downloaded: https://repo.maven.apache.org/maven2/org/apache/maven/maven-parent/8/maven-parent-8.pom (24 KB at 760.2 KB/sec)
[INFO] Downloading: https://repo.maven.apache.org/maven2/org/apache/apache/4/apache-4.pom
[INFO] Downloaded: https://repo.maven.apache.org/maven2/org/apache/apache/4/apache-4.pom (5 KB at 182.9 KB/sec)
[INFO] Downloading: https://repo.maven.apache.org/maven2/org/codehaus/plexus/plexus-utils/1.5.1/plexus-utils-1.5.1.pom
[INFO] Downloaded: https://repo.maven.apache.org/maven2/org/codehaus/plexus/plexus-utils/1.5.1/plexus-utils-1.5.1.pom (3 KB at 112.1 KB/sec)
[INFO] Downloading: https://repo.maven.apache.org/maven2/org/codehaus/plexus/plexus/1.0.11/plexus-1.0.11.pom
[INFO] Downloaded: https://repo.maven.apache.org/maven2/org/codehaus/plexus/plexus/1.0.11/plexus-1.0.11.pom (9 KB at 350.4 KB/sec)
[INFO] Downloading: https://repo.maven.apache.org/maven2/org/apache/maven/maven-artifact/2.0.9/maven-artifact-2.0.9.pom
[INFO] Downloaded: https://repo.maven.apache.org/maven2/org/apache/maven/maven-artifact/2.0.9/maven-artifact-2.0.9.pom (2 KB at 75.3 KB/sec)
[INFO] Downloading: https://repo.maven.apache.org/maven2/org/apache/maven/maven-plugin-api/2.0.9/maven-plugin-api-2.0.9.pom
[INFO] Downloaded: https://repo.maven.apache.org/maven2/org/apache/maven/maven-plugin-api/2.0.9/maven-plugin-api-2.0.9.pom (2 KB at 72.9 KB/sec)
[INFO] Downloading: https://repo.maven.apache.org/maven2/org/apache/maven/maven-project/2.0.9/maven-project-2.0.9.pom
[INFO] Downloaded: https://repo.maven.apache.org/maven2/org/apache/maven/maven-project/2.0.9/maven-project-2.0.9.pom (3 KB at 126.0 KB/sec)
[INFO] Downloading: https://repo.maven.apache.org/maven2/org/apache/maven/maven-settings/2.0.9/maven-settings-2.0.9.pom
[INFO] Downloaded: https://repo.maven.apache.org/maven2/org/apache/maven/maven-settings/2.0.9/maven-settings-2.0.9.pom (3 KB at 111.7 KB/sec)
[INFO] Downloading: https://repo.maven.apache.org/maven2/org/codehaus/plexus/plexus-container-default/1.0-alpha-9-stable-1/plexus-container-default-1.0-alpha-9-stable-1.pom
[INFO] Downloaded: https://repo.maven.apache.org/maven2/org/codehaus/plexus/plexus-container-default/1.0-alpha-9-stable-1/plexus-container-default-1.0-alpha-9-stable-1.pom (4 KB at 203.0 KB/sec)
[INFO] Downloading: https://repo.maven.apache.org/maven2/org/codehaus/plexus/plexus-containers/1.0.3/plexus-containers-1.0.3.pom
[INFO] Downloaded: https://repo.maven.apache.org/maven2/org/codehaus/plexus/plexus-containers/1.0.3/plexus-containers-1.0.3.pom (492 B at 22.9 KB/sec)
[INFO] Downloading: https://repo.maven.apache.org/maven2/org/codehaus/plexus/plexus/1.0.4/plexus-1.0.4.pom
[INFO] Downloaded: https://repo.maven.apache.org/maven2/org/codehaus/plexus/plexus/1.0.4/plexus-1.0.4.pom (6 KB at 266.8 KB/sec)
[INFO] Downloading: https://repo.maven.apache.org/maven2/junit/junit/3.8.1/junit-3.8.1.pom
[INFO] Downloaded: https://repo.maven.apache.org/maven2/junit/junit/3.8.1/junit-3.8.1.pom (998 B at 51.3 KB/sec)
[INFO] Downloading: https://repo.maven.apache.org/maven2/org/codehaus/plexus/plexus-utils/1.0.4/plexus-utils-1.0.4.pom
[INFO] Downloaded: https://repo.maven.apache.org/maven2/org/codehaus/plexus/plexus-utils/1.0.4/plexus-utils-1.0.4.pom (7 KB at 279.0 KB/sec)
[INFO] Downloading: https://repo.maven.apache.org/maven2/classworlds/classworlds/1.1-alpha-2/classworlds-1.1-alpha-2.pom
[INFO] Downloaded: https://repo.maven.apache.org/maven2/classworlds/classworlds/1.1-alpha-2/classworlds-1.1-alpha-2.pom (4 KB at 152.7 KB/sec)
[INFO] Downloading: https://repo.maven.apache.org/maven2/org/apache/maven/maven-profile/2.0.9/maven-profile-2.0.9.pom
[INFO] Downloaded: https://repo.maven.apache.org/maven2/org/apache/maven/maven-profile/2.0.9/maven-profile-2.0.9.pom (3 KB at 100.1 KB/sec)
[INFO] Downloading: https://repo.maven.apache.org/maven2/org/apache/maven/maven-artifact-manager/2.0.9/maven-artifact-manager-2.0.9.pom
[INFO] Downloaded: https://repo.maven.apache.org/maven2/org/apache/maven/maven-artifact-manager/2.0.9/maven-artifact-manager-2.0.9.pom (3 KB at 155.1 KB/sec)
[INFO] Downloading: https://repo.maven.apache.org/maven2/org/apache/maven/maven-repository-metadata/2.0.9/maven-repository-metadata-2.0.9.pom
[INFO] Downloaded: https://repo.maven.apache.org/maven2/org/apache/maven/maven-repository-metadata/2.0.9/maven-repository-metadata-2.0.9.pom (2 KB at 103.1 KB/sec)
[INFO] Downloading: https://repo.maven.apache.org/maven2/org/apache/maven/maven-plugin-registry/2.0.9/maven-plugin-registry-2.0.9.pom
[INFO] Downloaded: https://repo.maven.apache.org/maven2/org/apache/maven/maven-plugin-registry/2.0.9/maven-plugin-registry-2.0.9.pom (2 KB at 106.9 KB/sec)
[INFO] Downloading: https://repo.maven.apache.org/maven2/org/apache/maven/maven-archiver/2.5/maven-archiver-2.5.pom
[INFO] Downloaded: https://repo.maven.apache.org/maven2/org/apache/maven/maven-archiver/2.5/maven-archiver-2.5.pom (5 KB at 246.2 KB/sec)
[INFO] Downloading: https://repo.maven.apache.org/maven2/org/apache/maven/shared/maven-shared-components/17/maven-shared-components-17.pom
[INFO] Downloaded: https://repo.maven.apache.org/maven2/org/apache/maven/shared/maven-shared-components/17/maven-shared-components-17.pom (9 KB at 386.3 KB/sec)
[INFO] Downloading: https://repo.maven.apache.org/maven2/org/apache/maven/maven-parent/21/maven-parent-21.pom
[INFO] Downloaded: https://repo.maven.apache.org/maven2/org/apache/maven/maven-parent/21/maven-parent-21.pom (26 KB at 735.4 KB/sec)
[INFO] Downloading: https://repo.maven.apache.org/maven2/org/apache/apache/10/apache-10.pom
[INFO] Downloaded: https://repo.maven.apache.org/maven2/org/apache/apache/10/apache-10.pom (15 KB at 481.7 KB/sec)
[INFO] Downloading: https://repo.maven.apache.org/maven2/org/apache/maven/maven-artifact/2.0.6/maven-artifact-2.0.6.pom
[INFO] Downloaded: https://repo.maven.apache.org/maven2/org/apache/maven/maven-artifact/2.0.6/maven-artifact-2.0.6.pom (2 KB at 96.3 KB/sec)
[INFO] Downloading: https://repo.maven.apache.org/maven2/org/apache/maven/maven/2.0.6/maven-2.0.6.pom
[INFO] Downloaded: https://repo.maven.apache.org/maven2/org/apache/maven/maven/2.0.6/maven-2.0.6.pom (9 KB at 384.1 KB/sec)
[INFO] Downloading: https://repo.maven.apache.org/maven2/org/apache/maven/maven-parent/5/maven-parent-5.pom
[INFO] Downloaded: https://repo.maven.apache.org/maven2/org/apache/maven/maven-parent/5/maven-parent-5.pom (15 KB at 551.1 KB/sec)
[INFO] Downloading: https://repo.maven.apache.org/maven2/org/apache/apache/3/apache-3.pom
[INFO] Downloaded: https://repo.maven.apache.org/maven2/org/apache/apache/3/apache-3.pom (4 KB at 176.3 KB/sec)
[INFO] Downloading: https://repo.maven.apache.org/maven2/org/codehaus/plexus/plexus-utils/1.4.1/plexus-utils-1.4.1.pom
[INFO] Downloaded: https://repo.maven.apache.org/maven2/org/codehaus/plexus/plexus-utils/1.4.1/plexus-utils-1.4.1.pom (2 KB at 109.7 KB/sec)
[INFO] Downloading: https://repo.maven.apache.org/maven2/org/apache/maven/maven-model/2.0.6/maven-model-2.0.6.pom
[INFO] Downloaded: https://repo.maven.apache.org/maven2/org/apache/maven/maven-model/2.0.6/maven-model-2.0.6.pom (3 KB at 165.3 KB/sec)
[INFO] Downloading: https://repo.maven.apache.org/maven2/org/apache/maven/maven-core/2.0.6/maven-core-2.0.6.pom
[INFO] Downloaded: https://repo.maven.apache.org/maven2/org/apache/maven/maven-core/2.0.6/maven-core-2.0.6.pom (7 KB at 327.7 KB/sec)
[INFO] Downloading: https://repo.maven.apache.org/maven2/org/apache/maven/maven-settings/2.0.6/maven-settings-2.0.6.pom
[INFO] Downloaded: https://repo.maven.apache.org/maven2/org/apache/maven/maven-settings/2.0.6/maven-settings-2.0.6.pom (2 KB at 102.8 KB/sec)
[INFO] Downloading: https://repo.maven.apache.org/maven2/org/apache/maven/maven-plugin-parameter-documenter/2.0.6/maven-plugin-parameter-documenter-2.0.6.pom
[INFO] Downloaded: https://repo.maven.apache.org/maven2/org/apache/maven/maven-plugin-parameter-documenter/2.0.6/maven-plugin-parameter-documenter-2.0.6.pom (2 KB at 98.2 KB/sec)
[INFO] Downloading: https://repo.maven.apache.org/maven2/org/apache/maven/reporting/maven-reporting-api/2.0.6/maven-reporting-api-2.0.6.pom
[INFO] Downloaded: https://repo.maven.apache.org/maven2/org/apache/maven/reporting/maven-reporting-api/2.0.6/maven-reporting-api-2.0.6.pom (2 KB at 95.1 KB/sec)
[INFO] Downloading: https://repo.maven.apache.org/maven2/org/apache/maven/reporting/maven-reporting/2.0.6/maven-reporting-2.0.6.pom
[INFO] Downloaded: https://repo.maven.apache.org/maven2/org/apache/maven/reporting/maven-reporting/2.0.6/maven-reporting-2.0.6.pom (2 KB at 78.1 KB/sec)
[INFO] Downloading: https://repo.maven.apache.org/maven2/org/apache/maven/doxia/doxia-sink-api/1.0-alpha-7/doxia-sink-api-1.0-alpha-7.pom
[INFO] Downloaded: https://repo.maven.apache.org/maven2/org/apache/maven/doxia/doxia-sink-api/1.0-alpha-7/doxia-sink-api-1.0-alpha-7.pom (424 B at 20.7 KB/sec)
[INFO] Downloading: https://repo.maven.apache.org/maven2/org/apache/maven/doxia/doxia/1.0-alpha-7/doxia-1.0-alpha-7.pom
[INFO] Downloaded: https://repo.maven.apache.org/maven2/org/apache/maven/doxia/doxia/1.0-alpha-7/doxia-1.0-alpha-7.pom (4 KB at 212.3 KB/sec)
[INFO] Downloading: https://repo.maven.apache.org/maven2/org/apache/maven/maven-profile/2.0.6/maven-profile-2.0.6.pom
[INFO] Downloaded: https://repo.maven.apache.org/maven2/org/apache/maven/maven-profile/2.0.6/maven-profile-2.0.6.pom (2 KB at 92.1 KB/sec)
[INFO] Downloading: https://repo.maven.apache.org/maven2/org/apache/maven/maven-repository-metadata/2.0.6/maven-repository-metadata-2.0.6.pom
[INFO] Downloaded: https://repo.maven.apache.org/maven2/org/apache/maven/maven-repository-metadata/2.0.6/maven-repository-metadata-2.0.6.pom (2 KB at 106.3 KB/sec)
[INFO] Downloading: https://repo.maven.apache.org/maven2/org/apache/maven/maven-error-diagnostics/2.0.6/maven-error-diagnostics-2.0.6.pom
[INFO] Downloaded: https://repo.maven.apache.org/maven2/org/apache/maven/maven-error-diagnostics/2.0.6/maven-error-diagnostics-2.0.6.pom (2 KB at 87.6 KB/sec)
[INFO] Downloading: https://repo.maven.apache.org/maven2/org/apache/maven/maven-project/2.0.6/maven-project-2.0.6.pom
[INFO] Downloaded: https://repo.maven.apache.org/maven2/org/apache/maven/maven-project/2.0.6/maven-project-2.0.6.pom (3 KB at 143.1 KB/sec)
[INFO] Downloading: https://repo.maven.apache.org/maven2/org/apache/maven/maven-artifact-manager/2.0.6/maven-artifact-manager-2.0.6.pom
[INFO] Downloaded: https://repo.maven.apache.org/maven2/org/apache/maven/maven-artifact-manager/2.0.6/maven-artifact-manager-2.0.6.pom (3 KB at 142.3 KB/sec)
[INFO] Downloading: https://repo.maven.apache.org/maven2/org/apache/maven/maven-plugin-registry/2.0.6/maven-plugin-registry-2.0.6.pom
[INFO] Downloaded: https://repo.maven.apache.org/maven2/org/apache/maven/maven-plugin-registry/2.0.6/maven-plugin-registry-2.0.6.pom (2 KB at 105.6 KB/sec)
[INFO] Downloading: https://repo.maven.apache.org/maven2/commons-cli/commons-cli/1.0/commons-cli-1.0.pom
[INFO] Downloaded: https://repo.maven.apache.org/maven2/commons-cli/commons-cli/1.0/commons-cli-1.0.pom (3 KB at 114.2 KB/sec)
[INFO] Downloading: https://repo.maven.apache.org/maven2/org/apache/maven/maven-plugin-api/2.0.6/maven-plugin-api-2.0.6.pom
[INFO] Downloaded: https://repo.maven.apache.org/maven2/org/apache/maven/maven-plugin-api/2.0.6/maven-plugin-api-2.0.6.pom (2 KB at 83.6 KB/sec)
[INFO] Downloading: https://repo.maven.apache.org/maven2/org/apache/maven/maven-plugin-descriptor/2.0.6/maven-plugin-descriptor-2.0.6.pom
[INFO] Downloaded: https://repo.maven.apache.org/maven2/org/apache/maven/maven-plugin-descriptor/2.0.6/maven-plugin-descriptor-2.0.6.pom (2 KB at 93.8 KB/sec)
[INFO] Downloading: https://repo.maven.apache.org/maven2/org/codehaus/plexus/plexus-interactivity-api/1.0-alpha-4/plexus-interactivity-api-1.0-alpha-4.pom
[INFO] Downloaded: https://repo.maven.apache.org/maven2/org/codehaus/plexus/plexus-interactivity-api/1.0-alpha-4/plexus-interactivity-api-1.0-alpha-4.pom (7 KB at 329.8 KB/sec)
[INFO] Downloading: https://repo.maven.apache.org/maven2/org/apache/maven/maven-monitor/2.0.6/maven-monitor-2.0.6.pom
[INFO] Downloaded: https://repo.maven.apache.org/maven2/org/apache/maven/maven-monitor/2.0.6/maven-monitor-2.0.6.pom (2 KB at 64.5 KB/sec)
[INFO] Downloading: https://repo.maven.apache.org/maven2/classworlds/classworlds/1.1/classworlds-1.1.pom
[INFO] Downloaded: https://repo.maven.apache.org/maven2/classworlds/classworlds/1.1/classworlds-1.1.pom (4 KB at 162.3 KB/sec)
[INFO] Downloading: https://repo.maven.apache.org/maven2/org/codehaus/plexus/plexus-archiver/2.1/plexus-archiver-2.1.pom
[INFO] Downloaded: https://repo.maven.apache.org/maven2/org/codehaus/plexus/plexus-archiver/2.1/plexus-archiver-2.1.pom (3 KB at 137.2 KB/sec)
[INFO] Downloading: https://repo.maven.apache.org/maven2/org/sonatype/spice/spice-parent/17/spice-parent-17.pom
[INFO] Downloaded: https://repo.maven.apache.org/maven2/org/sonatype/spice/spice-parent/17/spice-parent-17.pom (7 KB at 300.0 KB/sec)
[INFO] Downloading: https://repo.maven.apache.org/maven2/org/sonatype/forge/forge-parent/10/forge-parent-10.pom
[INFO] Downloaded: https://repo.maven.apache.org/maven2/org/sonatype/forge/forge-parent/10/forge-parent-10.pom (14 KB at 551.8 KB/sec)
[INFO] Downloading: https://repo.maven.apache.org/maven2/org/codehaus/plexus/plexus-utils/3.0/plexus-utils-3.0.pom
[INFO] Downloaded: https://repo.maven.apache.org/maven2/org/codehaus/plexus/plexus-utils/3.0/plexus-utils-3.0.pom (4 KB at 198.6 KB/sec)
[INFO] Downloading: https://repo.maven.apache.org/maven2/org/sonatype/spice/spice-parent/16/spice-parent-16.pom
[INFO] Downloaded: https://repo.maven.apache.org/maven2/org/sonatype/spice/spice-parent/16/spice-parent-16.pom (9 KB at 388.7 KB/sec)
[INFO] Downloading: https://repo.maven.apache.org/maven2/org/sonatype/forge/forge-parent/5/forge-parent-5.pom
[INFO] Downloaded: https://repo.maven.apache.org/maven2/org/sonatype/forge/forge-parent/5/forge-parent-5.pom (9 KB at 408.3 KB/sec)
[INFO] Downloading: https://repo.maven.apache.org/maven2/org/codehaus/plexus/plexus-io/2.0.2/plexus-io-2.0.2.pom
[INFO] Downloaded: https://repo.maven.apache.org/maven2/org/codehaus/plexus/plexus-io/2.0.2/plexus-io-2.0.2.pom (2 KB at 99.6 KB/sec)
[INFO] Downloading: https://repo.maven.apache.org/maven2/org/codehaus/plexus/plexus-components/1.1.19/plexus-components-1.1.19.pom
[INFO] Downloaded: https://repo.maven.apache.org/maven2/org/codehaus/plexus/plexus-components/1.1.19/plexus-components-1.1.19.pom (3 KB at 146.4 KB/sec)
[INFO] Downloading: https://repo.maven.apache.org/maven2/org/codehaus/plexus/plexus/3.0.1/plexus-3.0.1.pom
[INFO] Downloaded: https://repo.maven.apache.org/maven2/org/codehaus/plexus/plexus/3.0.1/plexus-3.0.1.pom (19 KB at 699.1 KB/sec)
[INFO] Downloading: https://repo.maven.apache.org/maven2/org/codehaus/plexus/plexus-interpolation/1.15/plexus-interpolation-1.15.pom
[INFO] Downloaded: https://repo.maven.apache.org/maven2/org/codehaus/plexus/plexus-interpolation/1.15/plexus-interpolation-1.15.pom (1018 B at 55.2 KB/sec)
[INFO] Downloading: https://repo.maven.apache.org/maven2/org/codehaus/plexus/plexus-archiver/2.2/plexus-archiver-2.2.pom
[INFO] Downloaded: https://repo.maven.apache.org/maven2/org/codehaus/plexus/plexus-archiver/2.2/plexus-archiver-2.2.pom (4 KB at 149.4 KB/sec)
[INFO] Downloading: https://repo.maven.apache.org/maven2/org/codehaus/plexus/plexus-components/1.1.20/plexus-components-1.1.20.pom
[INFO] Downloaded: https://repo.maven.apache.org/maven2/org/codehaus/plexus/plexus-components/1.1.20/plexus-components-1.1.20.pom (3 KB at 155.1 KB/sec)
[INFO] Downloading: https://repo.maven.apache.org/maven2/org/codehaus/plexus/plexus/3.1/plexus-3.1.pom
[INFO] Downloaded: https://repo.maven.apache.org/maven2/org/codehaus/plexus/plexus/3.1/plexus-3.1.pom (19 KB at 699.2 KB/sec)
[INFO] Downloading: https://repo.maven.apache.org/maven2/org/codehaus/plexus/plexus-utils/3.0.7/plexus-utils-3.0.7.pom
[INFO] Downloaded: https://repo.maven.apache.org/maven2/org/codehaus/plexus/plexus-utils/3.0.7/plexus-utils-3.0.7.pom (3 KB at 136.3 KB/sec)
[INFO] Downloading: https://repo.maven.apache.org/maven2/org/codehaus/plexus/plexus-io/2.0.4/plexus-io-2.0.4.pom
[INFO] Downloaded: https://repo.maven.apache.org/maven2/org/codehaus/plexus/plexus-io/2.0.4/plexus-io-2.0.4.pom (2 KB at 84.6 KB/sec)
[INFO] Downloading: https://repo.maven.apache.org/maven2/org/codehaus/plexus/plexus-utils/3.0.8/plexus-utils-3.0.8.pom
[INFO] Downloaded: https://repo.maven.apache.org/maven2/org/codehaus/plexus/plexus-utils/3.0.8/plexus-utils-3.0.8.pom (4 KB at 170.5 KB/sec)
[INFO] Downloading: https://repo.maven.apache.org/maven2/org/codehaus/plexus/plexus/3.2/plexus-3.2.pom
[INFO] Downloaded: https://repo.maven.apache.org/maven2/org/codehaus/plexus/plexus/3.2/plexus-3.2.pom (19 KB at 631.3 KB/sec)
[INFO] Downloading: https://repo.maven.apache.org/maven2/junit/junit/3.8.1/junit-3.8.1.jar
[INFO] Downloading: https://repo.maven.apache.org/maven2/org/apache/maven/maven-archiver/2.5/maven-archiver-2.5.jar
[INFO] Downloading: https://repo.maven.apache.org/maven2/org/apache/maven/reporting/maven-reporting-api/2.0.6/maven-reporting-api-2.0.6.jar
[INFO] Downloading: https://repo.maven.apache.org/maven2/org/apache/maven/doxia/doxia-sink-api/1.0-alpha-7/doxia-sink-api-1.0-alpha-7.jar
[INFO] Downloading: https://repo.maven.apache.org/maven2/commons-cli/commons-cli/1.0/commons-cli-1.0.jar
[INFO] Downloaded: https://repo.maven.apache.org/maven2/org/apache/maven/reporting/maven-reporting-api/2.0.6/maven-reporting-api-2.0.6.jar (10 KB at 262.4 KB/sec)
[INFO] Downloading: https://repo.maven.apache.org/maven2/org/codehaus/plexus/plexus-interactivity-api/1.0-alpha-4/plexus-interactivity-api-1.0-alpha-4.jar
[INFO] Downloaded: https://repo.maven.apache.org/maven2/org/apache/maven/maven-archiver/2.5/maven-archiver-2.5.jar (22 KB at 387.3 KB/sec)
[INFO] Downloading: https://repo.maven.apache.org/maven2/org/codehaus/plexus/plexus-interpolation/1.15/plexus-interpolation-1.15.jar
[INFO] Downloaded: https://repo.maven.apache.org/maven2/commons-cli/commons-cli/1.0/commons-cli-1.0.jar (30 KB at 534.7 KB/sec)
[INFO] Downloading: https://repo.maven.apache.org/maven2/org/codehaus/plexus/plexus-archiver/2.2/plexus-archiver-2.2.jar
[INFO] Downloaded: https://repo.maven.apache.org/maven2/org/codehaus/plexus/plexus-interactivity-api/1.0-alpha-4/plexus-interactivity-api-1.0-alpha-4.jar (14 KB at 221.9 KB/sec)
[INFO] Downloading: https://repo.maven.apache.org/maven2/org/codehaus/plexus/plexus-io/2.0.4/plexus-io-2.0.4.jar
[INFO] Downloaded: https://repo.maven.apache.org/maven2/org/apache/maven/doxia/doxia-sink-api/1.0-alpha-7/doxia-sink-api-1.0-alpha-7.jar (6 KB at 81.6 KB/sec)
[INFO] Downloading: https://repo.maven.apache.org/maven2/org/codehaus/plexus/plexus-utils/3.0.8/plexus-utils-3.0.8.jar
[INFO] Downloaded: https://repo.maven.apache.org/maven2/junit/junit/3.8.1/junit-3.8.1.jar (119 KB at 1231.6 KB/sec)
[INFO] Downloaded: https://repo.maven.apache.org/maven2/org/codehaus/plexus/plexus-io/2.0.4/plexus-io-2.0.4.jar (57 KB at 580.7 KB/sec)
[INFO] Downloaded: https://repo.maven.apache.org/maven2/org/codehaus/plexus/plexus-interpolation/1.15/plexus-interpolation-1.15.jar (60 KB at 518.0 KB/sec)
[INFO] Downloaded: https://repo.maven.apache.org/maven2/org/codehaus/plexus/plexus-archiver/2.2/plexus-archiver-2.2.jar (181 KB at 1143.3 KB/sec)
[INFO] Downloaded: https://repo.maven.apache.org/maven2/org/codehaus/plexus/plexus-utils/3.0.8/plexus-utils-3.0.8.jar (227 KB at 1167.0 KB/sec)
[INFO] 
[INFO] --- maven-install-plugin:2.4:install (default-install) @ yamcs ---
[INFO] Downloading: https://repo.maven.apache.org/maven2/org/codehaus/plexus/plexus-utils/3.0.5/plexus-utils-3.0.5.pom
[INFO] Downloaded: https://repo.maven.apache.org/maven2/org/codehaus/plexus/plexus-utils/3.0.5/plexus-utils-3.0.5.pom (3 KB at 122.7 KB/sec)
[INFO] Downloading: https://repo.maven.apache.org/maven2/org/codehaus/plexus/plexus-digest/1.0/plexus-digest-1.0.pom
[INFO] Downloaded: https://repo.maven.apache.org/maven2/org/codehaus/plexus/plexus-digest/1.0/plexus-digest-1.0.pom (2 KB at 54.4 KB/sec)
[INFO] Downloading: https://repo.maven.apache.org/maven2/org/codehaus/plexus/plexus-components/1.1.7/plexus-components-1.1.7.pom
[INFO] Downloaded: https://repo.maven.apache.org/maven2/org/codehaus/plexus/plexus-components/1.1.7/plexus-components-1.1.7.pom (5 KB at 147.2 KB/sec)
[INFO] Downloading: https://repo.maven.apache.org/maven2/org/codehaus/plexus/plexus/1.0.8/plexus-1.0.8.pom
[INFO] Downloaded: https://repo.maven.apache.org/maven2/org/codehaus/plexus/plexus/1.0.8/plexus-1.0.8.pom (8 KB at 320.9 KB/sec)
[INFO] Downloading: https://repo.maven.apache.org/maven2/org/codehaus/plexus/plexus-container-default/1.0-alpha-8/plexus-container-default-1.0-alpha-8.pom
[INFO] Downloaded: https://repo.maven.apache.org/maven2/org/codehaus/plexus/plexus-container-default/1.0-alpha-8/plexus-container-default-1.0-alpha-8.pom (8 KB at 322.4 KB/sec)
[INFO] Downloading: https://repo.maven.apache.org/maven2/org/codehaus/plexus/plexus-utils/3.0.5/plexus-utils-3.0.5.jar
[INFO] Downloading: https://repo.maven.apache.org/maven2/org/codehaus/plexus/plexus-digest/1.0/plexus-digest-1.0.jar
[INFO] Downloaded: https://repo.maven.apache.org/maven2/org/codehaus/plexus/plexus-digest/1.0/plexus-digest-1.0.jar (12 KB at 428.9 KB/sec)
[INFO] Downloaded: https://repo.maven.apache.org/maven2/org/codehaus/plexus/plexus-utils/3.0.5/plexus-utils-3.0.5.jar (226 KB at 2027.4 KB/sec)
[INFO] Installing /home/travis/build/failed/yamcs/yamcs/pom.xml to /home/travis/.m2/repository/org/yamcs/yamcs/3.1.3-SNAPSHOT/yamcs-3.1.3-SNAPSHOT.pom
[INFO]                                                                         
[INFO] ------------------------------------------------------------------------
[INFO] Building Yamcs API 3.1.3-SNAPSHOT
[INFO] ------------------------------------------------------------------------
[INFO] Downloading: https://repo.maven.apache.org/maven2/org/apache/maven/plugins/maven-resources-plugin/2.6/maven-resources-plugin-2.6.pom
[INFO] Downloaded: https://repo.maven.apache.org/maven2/org/apache/maven/plugins/maven-resources-plugin/2.6/maven-resources-plugin-2.6.pom (8 KB at 396.2 KB/sec)
[INFO] Downloading: https://repo.maven.apache.org/maven2/org/apache/maven/plugins/maven-resources-plugin/2.6/maven-resources-plugin-2.6.jar
[INFO] Downloaded: https://repo.maven.apache.org/maven2/org/apache/maven/plugins/maven-resources-plugin/2.6/maven-resources-plugin-2.6.jar (29 KB at 720.7 KB/sec)
[INFO] Downloading: https://repo.maven.apache.org/maven2/org/apache/maven/plugins/maven-compiler-plugin/2.3.2/maven-compiler-plugin-2.3.2.pom
[INFO] Downloaded: https://repo.maven.apache.org/maven2/org/apache/maven/plugins/maven-compiler-plugin/2.3.2/maven-compiler-plugin-2.3.2.pom (8 KB at 325.3 KB/sec)
[INFO] Downloading: https://repo.maven.apache.org/maven2/org/apache/maven/plugins/maven-plugins/18/maven-plugins-18.pom
[INFO] Downloaded: https://repo.maven.apache.org/maven2/org/apache/maven/plugins/maven-plugins/18/maven-plugins-18.pom (13 KB at 529.0 KB/sec)
[INFO] Downloading: https://repo.maven.apache.org/maven2/org/apache/maven/maven-parent/16/maven-parent-16.pom
[INFO] Downloaded: https://repo.maven.apache.org/maven2/org/apache/maven/maven-parent/16/maven-parent-16.pom (23 KB at 757.6 KB/sec)
[INFO] Downloading: https://repo.maven.apache.org/maven2/org/apache/apache/7/apache-7.pom
[INFO] Downloaded: https://repo.maven.apache.org/maven2/org/apache/apache/7/apache-7.pom (15 KB at 521.9 KB/sec)
[INFO] Downloading: https://repo.maven.apache.org/maven2/org/apache/maven/plugins/maven-compiler-plugin/2.3.2/maven-compiler-plugin-2.3.2.jar
[INFO] Downloaded: https://repo.maven.apache.org/maven2/org/apache/maven/plugins/maven-compiler-plugin/2.3.2/maven-compiler-plugin-2.3.2.jar (29 KB at 678.4 KB/sec)
[INFO] Downloading: https://repo.maven.apache.org/maven2/org/apache/maven/plugins/maven-surefire-plugin/2.19.1/maven-surefire-plugin-2.19.1.pom
[INFO] Downloaded: https://repo.maven.apache.org/maven2/org/apache/maven/plugins/maven-surefire-plugin/2.19.1/maven-surefire-plugin-2.19.1.pom (6 KB at 247.0 KB/sec)
[INFO] Downloading: https://repo.maven.apache.org/maven2/org/apache/maven/surefire/surefire/2.19.1/surefire-2.19.1.pom
[INFO] Downloaded: https://repo.maven.apache.org/maven2/org/apache/maven/surefire/surefire/2.19.1/surefire-2.19.1.pom (19 KB at 621.4 KB/sec)
[INFO] Downloading: https://repo.maven.apache.org/maven2/org/apache/maven/maven-parent/26/maven-parent-26.pom
[INFO] Downloaded: https://repo.maven.apache.org/maven2/org/apache/maven/maven-parent/26/maven-parent-26.pom (39 KB at 1022.4 KB/sec)
[INFO] Downloading: https://repo.maven.apache.org/maven2/org/apache/apache/16/apache-16.pom
[INFO] Downloaded: https://repo.maven.apache.org/maven2/org/apache/apache/16/apache-16.pom (16 KB at 683.5 KB/sec)
[INFO] Downloading: https://repo.maven.apache.org/maven2/org/apache/maven/plugins/maven-surefire-plugin/2.19.1/maven-surefire-plugin-2.19.1.jar
[INFO] Downloaded: https://repo.maven.apache.org/maven2/org/apache/maven/plugins/maven-surefire-plugin/2.19.1/maven-surefire-plugin-2.19.1.jar (38 KB at 797.9 KB/sec)
[INFO] Downloading: https://repo.maven.apache.org/maven2/org/apache/maven/plugins/maven-jar-plugin/2.4/maven-jar-plugin-2.4.pom
[INFO] Downloaded: https://repo.maven.apache.org/maven2/org/apache/maven/plugins/maven-jar-plugin/2.4/maven-jar-plugin-2.4.pom (6 KB at 271.3 KB/sec)
[INFO] Downloading: https://repo.maven.apache.org/maven2/org/apache/maven/plugins/maven-plugins/22/maven-plugins-22.pom
[INFO] Downloaded: https://repo.maven.apache.org/maven2/org/apache/maven/plugins/maven-plugins/22/maven-plugins-22.pom (13 KB at 553.6 KB/sec)
[INFO] Downloading: https://repo.maven.apache.org/maven2/org/apache/maven/plugins/maven-jar-plugin/2.4/maven-jar-plugin-2.4.jar
[INFO] Downloaded: https://repo.maven.apache.org/maven2/org/apache/maven/plugins/maven-jar-plugin/2.4/maven-jar-plugin-2.4.jar (34 KB at 949.3 KB/sec)
[INFO] Downloading: http://insecure.repo1.maven.org/maven2/org/slf4j/slf4j-api/1.7.1/slf4j-api-1.7.1.pom
[INFO] Downloaded: http://insecure.repo1.maven.org/maven2/org/slf4j/slf4j-api/1.7.1/slf4j-api-1.7.1.pom (3 KB at 41.7 KB/sec)
[INFO] Downloading: http://insecure.repo1.maven.org/maven2/org/slf4j/slf4j-parent/1.7.1/slf4j-parent-1.7.1.pom
[INFO] Downloaded: http://insecure.repo1.maven.org/maven2/org/slf4j/slf4j-parent/1.7.1/slf4j-parent-1.7.1.pom (13 KB at 556.6 KB/sec)
[INFO] Downloading: http://insecure.repo1.maven.org/maven2/com/google/protobuf/protobuf-java/2.5.0/protobuf-java-2.5.0.pom
[INFO] Downloaded: http://insecure.repo1.maven.org/maven2/com/google/protobuf/protobuf-java/2.5.0/protobuf-java-2.5.0.pom (9 KB at 389.5 KB/sec)
[INFO] Downloading: http://insecure.repo1.maven.org/maven2/com/google/google/1/google-1.pom
[INFO] Downloaded: http://insecure.repo1.maven.org/maven2/com/google/google/1/google-1.pom (2 KB at 79.9 KB/sec)
[INFO] Downloading: http://insecure.repo1.maven.org/maven2/io/netty/netty-all/4.1.9.Final/netty-all-4.1.9.Final.pom
[INFO] Downloaded: http://insecure.repo1.maven.org/maven2/io/netty/netty-all/4.1.9.Final/netty-all-4.1.9.Final.pom (21 KB at 857.3 KB/sec)
[INFO] Downloading: http://insecure.repo1.maven.org/maven2/io/netty/netty-parent/4.1.9.Final/netty-parent-4.1.9.Final.pom
[INFO] Downloaded: http://insecure.repo1.maven.org/maven2/io/netty/netty-parent/4.1.9.Final/netty-parent-4.1.9.Final.pom (47 KB at 1491.0 KB/sec)
[INFO] Downloading: http://insecure.repo1.maven.org/maven2/org/sonatype/oss/oss-parent/9/oss-parent-9.pom
[INFO] Downloaded: http://insecure.repo1.maven.org/maven2/org/sonatype/oss/oss-parent/9/oss-parent-9.pom (7 KB at 305.5 KB/sec)
[INFO] Downloading: http://insecure.repo1.maven.org/maven2/org/apache/activemq/artemis-core-client/1.5.4/artemis-core-client-1.5.4.pom
[INFO] Downloaded: http://insecure.repo1.maven.org/maven2/org/apache/activemq/artemis-core-client/1.5.4/artemis-core-client-1.5.4.pom (5 KB at 217.8 KB/sec)
[INFO] Downloading: http://insecure.repo1.maven.org/maven2/org/apache/activemq/artemis-pom/1.5.4/artemis-pom-1.5.4.pom
[INFO] Downloaded: http://insecure.repo1.maven.org/maven2/org/apache/activemq/artemis-pom/1.5.4/artemis-pom-1.5.4.pom (56 KB at 1793.5 KB/sec)
[INFO] Downloading: http://insecure.repo1.maven.org/maven2/org/apache/apache/18/apache-18.pom
[INFO] Downloaded: http://insecure.repo1.maven.org/maven2/org/apache/apache/18/apache-18.pom (16 KB at 665.2 KB/sec)
[INFO] Downloading: http://insecure.repo1.maven.org/maven2/org/jgroups/jgroups/3.6.9.Final/jgroups-3.6.9.Final.pom
[INFO] Downloaded: http://insecure.repo1.maven.org/maven2/org/jgroups/jgroups/3.6.9.Final/jgroups-3.6.9.Final.pom (20 KB at 737.6 KB/sec)
[INFO] Downloading: http://insecure.repo1.maven.org/maven2/org/apache/activemq/artemis-commons/1.5.4/artemis-commons-1.5.4.pom
[INFO] Downloaded: http://insecure.repo1.maven.org/maven2/org/apache/activemq/artemis-commons/1.5.4/artemis-commons-1.5.4.pom (3 KB at 151.8 KB/sec)
[INFO] Downloading: http://insecure.repo1.maven.org/maven2/org/jboss/logging/jboss-logging/3.3.0.Final/jboss-logging-3.3.0.Final.pom
[INFO] Downloaded: http://insecure.repo1.maven.org/maven2/org/jboss/logging/jboss-logging/3.3.0.Final/jboss-logging-3.3.0.Final.pom (6 KB at 286.6 KB/sec)
[INFO] Downloading: http://insecure.repo1.maven.org/maven2/org/jboss/jboss-parent/15/jboss-parent-15.pom
[INFO] Downloaded: http://insecure.repo1.maven.org/maven2/org/jboss/jboss-parent/15/jboss-parent-15.pom (31 KB at 1183.9 KB/sec)
[INFO] Downloading: http://insecure.repo1.maven.org/maven2/io/netty/netty-all/4.1.5.Final/netty-all-4.1.5.Final.pom
[INFO] Downloaded: http://insecure.repo1.maven.org/maven2/io/netty/netty-all/4.1.5.Final/netty-all-4.1.5.Final.pom (20 KB at 826.5 KB/sec)
[INFO] Downloading: http://insecure.repo1.maven.org/maven2/io/netty/netty-parent/4.1.5.Final/netty-parent-4.1.5.Final.pom
[INFO] Downloaded: http://insecure.repo1.maven.org/maven2/io/netty/netty-parent/4.1.5.Final/netty-parent-4.1.5.Final.pom (46 KB at 1584.3 KB/sec)
[INFO] Downloading: http://insecure.repo1.maven.org/maven2/commons-beanutils/commons-beanutils/1.9.2/commons-beanutils-1.9.2.pom
[INFO] Downloaded: http://insecure.repo1.maven.org/maven2/commons-beanutils/commons-beanutils/1.9.2/commons-beanutils-1.9.2.pom (14 KB at 607.4 KB/sec)
[INFO] Downloading: http://insecure.repo1.maven.org/maven2/org/apache/commons/commons-parent/33/commons-parent-33.pom
[INFO] Downloaded: http://insecure.repo1.maven.org/maven2/org/apache/commons/commons-parent/33/commons-parent-33.pom (52 KB at 1728.1 KB/sec)
[INFO] Downloading: http://insecure.repo1.maven.org/maven2/org/apache/apache/13/apache-13.pom
[INFO] Downloaded: http://insecure.repo1.maven.org/maven2/org/apache/apache/13/apache-13.pom (14 KB at 620.3 KB/sec)
[INFO] Downloading: http://insecure.repo1.maven.org/maven2/commons-logging/commons-logging/1.1.1/commons-logging-1.1.1.pom
[INFO] Downloaded: http://insecure.repo1.maven.org/maven2/commons-logging/commons-logging/1.1.1/commons-logging-1.1.1.pom (18 KB at 747.3 KB/sec)
[INFO] Downloading: http://insecure.repo1.maven.org/maven2/org/apache/commons/commons-parent/5/commons-parent-5.pom
[INFO] Downloaded: http://insecure.repo1.maven.org/maven2/org/apache/commons/commons-parent/5/commons-parent-5.pom (16 KB at 652.7 KB/sec)
[INFO] Downloading: http://insecure.repo1.maven.org/maven2/commons-collections/commons-collections/3.2.1/commons-collections-3.2.1.pom
[INFO] Downloaded: http://insecure.repo1.maven.org/maven2/commons-collections/commons-collections/3.2.1/commons-collections-3.2.1.pom (13 KB at 531.0 KB/sec)
[INFO] Downloading: http://insecure.repo1.maven.org/maven2/org/apache/commons/commons-parent/9/commons-parent-9.pom
[INFO] Downloaded: http://insecure.repo1.maven.org/maven2/org/apache/commons/commons-parent/9/commons-parent-9.pom (22 KB at 823.7 KB/sec)
[INFO] Downloading: http://insecure.repo1.maven.org/maven2/com/google/guava/guava/19.0/guava-19.0.pom
[INFO] Downloaded: http://insecure.repo1.maven.org/maven2/com/google/guava/guava/19.0/guava-19.0.pom (7 KB at 276.4 KB/sec)
[INFO] Downloading: http://insecure.repo1.maven.org/maven2/com/google/guava/guava-parent/19.0/guava-parent-19.0.pom
[INFO] Downloaded: http://insecure.repo1.maven.org/maven2/com/google/guava/guava-parent/19.0/guava-parent-19.0.pom (10 KB at 438.4 KB/sec)
[INFO] Downloading: http://insecure.repo1.maven.org/maven2/org/sonatype/oss/oss-parent/7/oss-parent-7.pom
[INFO] Downloaded: http://insecure.repo1.maven.org/maven2/org/sonatype/oss/oss-parent/7/oss-parent-7.pom (5 KB at 235.5 KB/sec)
[INFO] Downloading: http://insecure.repo1.maven.org/maven2/org/apache/geronimo/specs/geronimo-json_1.0_spec/1.0-alpha-1/geronimo-json_1.0_spec-1.0-alpha-1.pom
[INFO] Downloaded: http://insecure.repo1.maven.org/maven2/org/apache/geronimo/specs/geronimo-json_1.0_spec/1.0-alpha-1/geronimo-json_1.0_spec-1.0-alpha-1.pom (5 KB at 207.4 KB/sec)
[INFO] Downloading: http://insecure.repo1.maven.org/maven2/org/apache/geronimo/genesis/genesis-java6-flava/2.2/genesis-java6-flava-2.2.pom
[INFO] Downloaded: http://insecure.repo1.maven.org/maven2/org/apache/geronimo/genesis/genesis-java6-flava/2.2/genesis-java6-flava-2.2.pom (6 KB at 267.8 KB/sec)
[INFO] Downloading: http://insecure.repo1.maven.org/maven2/org/apache/geronimo/genesis/genesis-default-flava/2.2/genesis-default-flava-2.2.pom
[INFO] Downloaded: http://insecure.repo1.maven.org/maven2/org/apache/geronimo/genesis/genesis-default-flava/2.2/genesis-default-flava-2.2.pom (15 KB at 636.8 KB/sec)
[INFO] Downloading: http://insecure.repo1.maven.org/maven2/org/apache/geronimo/genesis/genesis/2.2/genesis-2.2.pom
[INFO] Downloaded: http://insecure.repo1.maven.org/maven2/org/apache/geronimo/genesis/genesis/2.2/genesis-2.2.pom (17 KB at 729.0 KB/sec)
[INFO] Downloading: http://insecure.repo1.maven.org/maven2/org/apache/apache/14/apache-14.pom
[INFO] Downloaded: http://insecure.repo1.maven.org/maven2/org/apache/apache/14/apache-14.pom (15 KB at 651.9 KB/sec)
[INFO] Downloading: http://insecure.repo1.maven.org/maven2/org/apache/johnzon/johnzon-core/0.9.5/johnzon-core-0.9.5.pom
[INFO] Downloaded: http://insecure.repo1.maven.org/maven2/org/apache/johnzon/johnzon-core/0.9.5/johnzon-core-0.9.5.pom (2 KB at 73.9 KB/sec)
[INFO] Downloading: http://insecure.repo1.maven.org/maven2/org/apache/johnzon/johnzon/0.9.5/johnzon-0.9.5.pom
[INFO] Downloaded: http://insecure.repo1.maven.org/maven2/org/apache/johnzon/johnzon/0.9.5/johnzon-0.9.5.pom (25 KB at 981.3 KB/sec)
[INFO] Downloading: http://insecure.repo1.maven.org/maven2/org/apache/apache/17/apache-17.pom
[INFO] Downloaded: http://insecure.repo1.maven.org/maven2/org/apache/apache/17/apache-17.pom (16 KB at 681.7 KB/sec)
[INFO] Downloading: http://insecure.repo1.maven.org/maven2/org/yaml/snakeyaml/1.9/snakeyaml-1.9.pom
[INFO] Downloaded: http://insecure.repo1.maven.org/maven2/org/yaml/snakeyaml/1.9/snakeyaml-1.9.pom (15 KB at 585.6 KB/sec)
[INFO] Downloading: http://insecure.repo1.maven.org/maven2/net/sourceforge/javacsv/javacsv/2.0/javacsv-2.0.pom
[INFO] Downloaded: http://insecure.repo1.maven.org/maven2/net/sourceforge/javacsv/javacsv/2.0/javacsv-2.0.pom (865 B at 42.2 KB/sec)
[INFO] Downloading: http://insecure.repo1.maven.org/maven2/io/protostuff/protostuff-api/1.5.3/protostuff-api-1.5.3.pom
[INFO] Downloaded: http://insecure.repo1.maven.org/maven2/io/protostuff/protostuff-api/1.5.3/protostuff-api-1.5.3.pom (681 B at 35.0 KB/sec)
[INFO] Downloading: http://insecure.repo1.maven.org/maven2/io/protostuff/protostuff/1.5.3/protostuff-1.5.3.pom
[INFO] Downloaded: http://insecure.repo1.maven.org/maven2/io/protostuff/protostuff/1.5.3/protostuff-1.5.3.pom (15 KB at 648.1 KB/sec)
[INFO] Downloading: http://insecure.repo1.maven.org/maven2/io/protostuff/protostuff-json/1.5.3/protostuff-json-1.5.3.pom
[INFO] Downloaded: http://insecure.repo1.maven.org/maven2/io/protostuff/protostuff-json/1.5.3/protostuff-json-1.5.3.pom (3 KB at 145.1 KB/sec)
[INFO] Downloading: http://insecure.repo1.maven.org/maven2/com/fasterxml/jackson/core/jackson-core/2.7.1/jackson-core-2.7.1.pom
[INFO] Downloaded: http://insecure.repo1.maven.org/maven2/com/fasterxml/jackson/core/jackson-core/2.7.1/jackson-core-2.7.1.pom (5 KB at 235.4 KB/sec)
[INFO] Downloading: http://insecure.repo1.maven.org/maven2/com/fasterxml/jackson/jackson-parent/2.7/jackson-parent-2.7.pom
[INFO] Downloaded: http://insecure.repo1.maven.org/maven2/com/fasterxml/jackson/jackson-parent/2.7/jackson-parent-2.7.pom (8 KB at 378.8 KB/sec)
[INFO] Downloading: http://insecure.repo1.maven.org/maven2/com/fasterxml/oss-parent/25/oss-parent-25.pom
[INFO] Downloaded: http://insecure.repo1.maven.org/maven2/com/fasterxml/oss-parent/25/oss-parent-25.pom (19 KB at 861.0 KB/sec)
[INFO] Downloading: http://insecure.repo1.maven.org/maven2/junit/junit/4.12/junit-4.12.pom
[INFO] Downloaded: http://insecure.repo1.maven.org/maven2/junit/junit/4.12/junit-4.12.pom (24 KB at 889.3 KB/sec)
[INFO] Downloading: http://insecure.repo1.maven.org/maven2/org/hamcrest/hamcrest-core/1.3/hamcrest-core-1.3.pom
[INFO] Downloaded: http://insecure.repo1.maven.org/maven2/org/hamcrest/hamcrest-core/1.3/hamcrest-core-1.3.pom (766 B at 41.6 KB/sec)
[INFO] Downloading: http://insecure.repo1.maven.org/maven2/org/hamcrest/hamcrest-parent/1.3/hamcrest-parent-1.3.pom
[INFO] Downloaded: http://insecure.repo1.maven.org/maven2/org/hamcrest/hamcrest-parent/1.3/hamcrest-parent-1.3.pom (2 KB at 107.0 KB/sec)
[INFO] Downloading: http://insecure.repo1.maven.org/maven2/org/slf4j/slf4j-jdk14/1.7.1/slf4j-jdk14-1.7.1.pom
[INFO] Downloaded: http://insecure.repo1.maven.org/maven2/org/slf4j/slf4j-jdk14/1.7.1/slf4j-jdk14-1.7.1.pom (2 KB at 83.1 KB/sec)
[INFO] Downloading: http://insecure.repo1.maven.org/maven2/org/slf4j/slf4j-api/1.7.1/slf4j-api-1.7.1.jar
[INFO] Downloading: http://insecure.repo1.maven.org/maven2/com/google/protobuf/protobuf-java/2.5.0/protobuf-java-2.5.0.jar
[INFO] Downloading: http://insecure.repo1.maven.org/maven2/io/netty/netty-all/4.1.9.Final/netty-all-4.1.9.Final.jar
[INFO] Downloading: http://insecure.repo1.maven.org/maven2/org/apache/activemq/artemis-core-client/1.5.4/artemis-core-client-1.5.4.jar
[INFO] Downloading: http://insecure.repo1.maven.org/maven2/org/jgroups/jgroups/3.6.9.Final/jgroups-3.6.9.Final.jar
[INFO] Downloaded: http://insecure.repo1.maven.org/maven2/org/slf4j/slf4j-api/1.7.1/slf4j-api-1.7.1.jar (26 KB at 353.5 KB/sec)
[INFO] Downloading: http://insecure.repo1.maven.org/maven2/org/apache/activemq/artemis-commons/1.5.4/artemis-commons-1.5.4.jar
[INFO] Downloaded: http://insecure.repo1.maven.org/maven2/io/netty/netty-all/4.1.9.Final/netty-all-4.1.9.Final.jar (3429 KB at 11823.5 KB/sec)
[INFO] Downloading: http://insecure.repo1.maven.org/maven2/org/jboss/logging/jboss-logging/3.3.0.Final/jboss-logging-3.3.0.Final.jar
[INFO] Downloaded: http://insecure.repo1.maven.org/maven2/org/jboss/logging/jboss-logging/3.3.0.Final/jboss-logging-3.3.0.Final.jar (66 KB at 206.4 KB/sec)
[INFO] Downloading: http://insecure.repo1.maven.org/maven2/commons-beanutils/commons-beanutils/1.9.2/commons-beanutils-1.9.2.jar
[INFO] Downloaded: http://insecure.repo1.maven.org/maven2/commons-beanutils/commons-beanutils/1.9.2/commons-beanutils-1.9.2.jar (229 KB at 679.7 KB/sec)
[INFO] Downloading: http://insecure.repo1.maven.org/maven2/commons-logging/commons-logging/1.1.1/commons-logging-1.1.1.jar
[INFO] Downloaded: http://insecure.repo1.maven.org/maven2/commons-logging/commons-logging/1.1.1/commons-logging-1.1.1.jar (60 KB at 168.8 KB/sec)
[INFO] Downloading: http://insecure.repo1.maven.org/maven2/commons-collections/commons-collections/3.2.1/commons-collections-3.2.1.jar
[INFO] Downloaded: http://insecure.repo1.maven.org/maven2/commons-collections/commons-collections/3.2.1/commons-collections-3.2.1.jar (562 KB at 1502.4 KB/sec)
[INFO] Downloading: http://insecure.repo1.maven.org/maven2/com/google/guava/guava/19.0/guava-19.0.jar
[INFO] Downloaded: http://insecure.repo1.maven.org/maven2/com/google/guava/guava/19.0/guava-19.0.jar (2255 KB at 5279.7 KB/sec)
[INFO] Downloading: http://insecure.repo1.maven.org/maven2/org/apache/geronimo/specs/geronimo-json_1.0_spec/1.0-alpha-1/geronimo-json_1.0_spec-1.0-alpha-1.jar
[INFO] Downloaded: http://insecure.repo1.maven.org/maven2/org/apache/geronimo/specs/geronimo-json_1.0_spec/1.0-alpha-1/geronimo-json_1.0_spec-1.0-alpha-1.jar (26 KB at 57.6 KB/sec)
[INFO] Downloading: http://insecure.repo1.maven.org/maven2/org/apache/johnzon/johnzon-core/0.9.5/johnzon-core-0.9.5.jar
[INFO] Downloaded: http://insecure.repo1.maven.org/maven2/org/apache/johnzon/johnzon-core/0.9.5/johnzon-core-0.9.5.jar (87 KB at 188.9 KB/sec)
[INFO] Downloading: http://insecure.repo1.maven.org/maven2/org/yaml/snakeyaml/1.9/snakeyaml-1.9.jar
[INFO] Downloaded: http://insecure.repo1.maven.org/maven2/org/yaml/snakeyaml/1.9/snakeyaml-1.9.jar (260 KB at 540.8 KB/sec)
[INFO] Downloading: http://insecure.repo1.maven.org/maven2/net/sourceforge/javacsv/javacsv/2.0/javacsv-2.0.jar
[INFO] Downloaded: http://insecure.repo1.maven.org/maven2/org/apache/activemq/artemis-commons/1.5.4/artemis-commons-1.5.4.jar (192 KB at 279.2 KB/sec)
[INFO] Downloading: http://insecure.repo1.maven.org/maven2/io/protostuff/protostuff-api/1.5.3/protostuff-api-1.5.3.jar
[INFO] Downloaded: http://insecure.repo1.maven.org/maven2/net/sourceforge/javacsv/javacsv/2.0/javacsv-2.0.jar (14 KB at 18.9 KB/sec)
[INFO] Downloading: http://insecure.repo1.maven.org/maven2/io/protostuff/protostuff-json/1.5.3/protostuff-json-1.5.3.jar
[INFO] Downloaded: http://insecure.repo1.maven.org/maven2/io/protostuff/protostuff-json/1.5.3/protostuff-json-1.5.3.jar (30 KB at 31.9 KB/sec)
[INFO] Downloading: http://insecure.repo1.maven.org/maven2/com/fasterxml/jackson/core/jackson-core/2.7.1/jackson-core-2.7.1.jar
[INFO] Downloaded: http://insecure.repo1.maven.org/maven2/com/fasterxml/jackson/core/jackson-core/2.7.1/jackson-core-2.7.1.jar (247 KB at 260.2 KB/sec)
[INFO] Downloading: http://insecure.repo1.maven.org/maven2/junit/junit/4.12/junit-4.12.jar
[INFO] Downloaded: http://insecure.repo1.maven.org/maven2/junit/junit/4.12/junit-4.12.jar (308 KB at 318.7 KB/sec)
[INFO] Downloading: http://insecure.repo1.maven.org/maven2/org/hamcrest/hamcrest-core/1.3/hamcrest-core-1.3.jar
[INFO] Downloaded: http://insecure.repo1.maven.org/maven2/com/google/protobuf/protobuf-java/2.5.0/protobuf-java-2.5.0.jar (521 KB at 537.1 KB/sec)
[INFO] Downloading: http://insecure.repo1.maven.org/maven2/org/slf4j/slf4j-jdk14/1.7.1/slf4j-jdk14-1.7.1.jar
[INFO] Downloaded: http://insecure.repo1.maven.org/maven2/org/hamcrest/hamcrest-core/1.3/hamcrest-core-1.3.jar (44 KB at 41.2 KB/sec)
[INFO] Downloaded: http://insecure.repo1.maven.org/maven2/org/apache/activemq/artemis-core-client/1.5.4/artemis-core-client-1.5.4.jar (617 KB at 538.5 KB/sec)
[INFO] Downloaded: http://insecure.repo1.maven.org/maven2/org/slf4j/slf4j-jdk14/1.7.1/slf4j-jdk14-1.7.1.jar (8 KB at 6.5 KB/sec)
[INFO] Downloaded: http://insecure.repo1.maven.org/maven2/io/protostuff/protostuff-api/1.5.3/protostuff-api-1.5.3.jar (58 KB at 46.9 KB/sec)
[INFO] Downloaded: http://insecure.repo1.maven.org/maven2/org/jgroups/jgroups/3.6.9.Final/jgroups-3.6.9.Final.jar (2344 KB at 1088.3 KB/sec)
[INFO] 
[INFO] --- maven-resources-plugin:2.6:resources (default-resources) @ yamcs-api ---
[INFO] Downloading: https://repo.maven.apache.org/maven2/org/codehaus/plexus/plexus-utils/2.0.5/plexus-utils-2.0.5.pom
[INFO] Downloaded: https://repo.maven.apache.org/maven2/org/codehaus/plexus/plexus-utils/2.0.5/plexus-utils-2.0.5.pom (4 KB at 171.4 KB/sec)
[INFO] Downloading: https://repo.maven.apache.org/maven2/org/codehaus/plexus/plexus/2.0.6/plexus-2.0.6.pom
[INFO] Downloaded: https://repo.maven.apache.org/maven2/org/codehaus/plexus/plexus/2.0.6/plexus-2.0.6.pom (17 KB at 654.8 KB/sec)
[INFO] Downloading: https://repo.maven.apache.org/maven2/org/apache/maven/shared/maven-filtering/1.1/maven-filtering-1.1.pom
[INFO] Downloaded: https://repo.maven.apache.org/maven2/org/apache/maven/shared/maven-filtering/1.1/maven-filtering-1.1.pom (6 KB at 297.5 KB/sec)
[INFO] Downloading: https://repo.maven.apache.org/maven2/org/codehaus/plexus/plexus-utils/1.5.15/plexus-utils-1.5.15.pom
[INFO] Downloaded: https://repo.maven.apache.org/maven2/org/codehaus/plexus/plexus-utils/1.5.15/plexus-utils-1.5.15.pom (7 KB at 334.4 KB/sec)
[INFO] Downloading: https://repo.maven.apache.org/maven2/org/codehaus/plexus/plexus/2.0.2/plexus-2.0.2.pom
[INFO] Downloaded: https://repo.maven.apache.org/maven2/org/codehaus/plexus/plexus/2.0.2/plexus-2.0.2.pom (12 KB at 493.0 KB/sec)
[INFO] Downloading: https://repo.maven.apache.org/maven2/org/codehaus/plexus/plexus-interpolation/1.12/plexus-interpolation-1.12.pom
[INFO] Downloaded: https://repo.maven.apache.org/maven2/org/codehaus/plexus/plexus-interpolation/1.12/plexus-interpolation-1.12.pom (889 B at 54.3 KB/sec)
[INFO] Downloading: https://repo.maven.apache.org/maven2/org/codehaus/plexus/plexus-components/1.1.14/plexus-components-1.1.14.pom
[INFO] Downloaded: https://repo.maven.apache.org/maven2/org/codehaus/plexus/plexus-components/1.1.14/plexus-components-1.1.14.pom (6 KB at 271.7 KB/sec)
[INFO] Downloading: https://repo.maven.apache.org/maven2/org/sonatype/plexus/plexus-build-api/0.0.4/plexus-build-api-0.0.4.pom
[INFO] Downloaded: https://repo.maven.apache.org/maven2/org/sonatype/plexus/plexus-build-api/0.0.4/plexus-build-api-0.0.4.pom (3 KB at 147.2 KB/sec)
[INFO] Downloading: https://repo.maven.apache.org/maven2/org/sonatype/spice/spice-parent/10/spice-parent-10.pom
[INFO] Downloaded: https://repo.maven.apache.org/maven2/org/sonatype/spice/spice-parent/10/spice-parent-10.pom (3 KB at 163.6 KB/sec)
[INFO] Downloading: https://repo.maven.apache.org/maven2/org/sonatype/forge/forge-parent/3/forge-parent-3.pom
[INFO] Downloaded: https://repo.maven.apache.org/maven2/org/sonatype/forge/forge-parent/3/forge-parent-3.pom (5 KB at 258.7 KB/sec)
[INFO] Downloading: https://repo.maven.apache.org/maven2/org/codehaus/plexus/plexus-utils/1.5.8/plexus-utils-1.5.8.pom
[INFO] Downloaded: https://repo.maven.apache.org/maven2/org/codehaus/plexus/plexus-utils/1.5.8/plexus-utils-1.5.8.pom (8 KB at 375.0 KB/sec)
[INFO] Downloading: https://repo.maven.apache.org/maven2/org/codehaus/plexus/plexus-interpolation/1.13/plexus-interpolation-1.13.pom
[INFO] Downloaded: https://repo.maven.apache.org/maven2/org/codehaus/plexus/plexus-interpolation/1.13/plexus-interpolation-1.13.pom (890 B at 54.3 KB/sec)
[INFO] Downloading: https://repo.maven.apache.org/maven2/org/codehaus/plexus/plexus-components/1.1.15/plexus-components-1.1.15.pom
[INFO] Downloaded: https://repo.maven.apache.org/maven2/org/codehaus/plexus/plexus-components/1.1.15/plexus-components-1.1.15.pom (3 KB at 173.8 KB/sec)
[INFO] Downloading: https://repo.maven.apache.org/maven2/org/codehaus/plexus/plexus/2.0.3/plexus-2.0.3.pom
[INFO] Downloaded: https://repo.maven.apache.org/maven2/org/codehaus/plexus/plexus/2.0.3/plexus-2.0.3.pom (16 KB at 559.2 KB/sec)
[INFO] Downloading: https://repo.maven.apache.org/maven2/org/codehaus/plexus/plexus-utils/2.0.5/plexus-utils-2.0.5.jar
[INFO] Downloading: https://repo.maven.apache.org/maven2/org/apache/maven/shared/maven-filtering/1.1/maven-filtering-1.1.jar
[INFO] Downloading: https://repo.maven.apache.org/maven2/org/sonatype/plexus/plexus-build-api/0.0.4/plexus-build-api-0.0.4.jar
[INFO] Downloading: https://repo.maven.apache.org/maven2/org/codehaus/plexus/plexus-interpolation/1.13/plexus-interpolation-1.13.jar
[INFO] Downloaded: https://repo.maven.apache.org/maven2/org/sonatype/plexus/plexus-build-api/0.0.4/plexus-build-api-0.0.4.jar (7 KB at 302.2 KB/sec)
[INFO] Downloaded: https://repo.maven.apache.org/maven2/org/apache/maven/shared/maven-filtering/1.1/maven-filtering-1.1.jar (43 KB at 1169.3 KB/sec)
[INFO] Downloaded: https://repo.maven.apache.org/maven2/org/codehaus/plexus/plexus-interpolation/1.13/plexus-interpolation-1.13.jar (60 KB at 1268.6 KB/sec)
[INFO] Downloaded: https://repo.maven.apache.org/maven2/org/codehaus/plexus/plexus-utils/2.0.5/plexus-utils-2.0.5.jar (218 KB at 1911.8 KB/sec)
[INFO] Using 'UTF-8' encoding to copy filtered resources.
[INFO] Copying 1 resource
[INFO] 
[INFO] --- maven-compiler-plugin:2.3.2:compile (default-compile) @ yamcs-api ---
[INFO] Downloading: https://repo.maven.apache.org/maven2/org/apache/maven/maven-toolchain/1.0/maven-toolchain-1.0.pom
[INFO] Downloaded: https://repo.maven.apache.org/maven2/org/apache/maven/maven-toolchain/1.0/maven-toolchain-1.0.pom (4 KB at 196.1 KB/sec)
[INFO] Downloading: https://repo.maven.apache.org/maven2/org/codehaus/plexus/plexus-compiler-api/1.8.1/plexus-compiler-api-1.8.1.pom
[INFO] Downloaded: https://repo.maven.apache.org/maven2/org/codehaus/plexus/plexus-compiler-api/1.8.1/plexus-compiler-api-1.8.1.pom (805 B at 41.4 KB/sec)
[INFO] Downloading: https://repo.maven.apache.org/maven2/org/codehaus/plexus/plexus-compiler/1.8.1/plexus-compiler-1.8.1.pom
[INFO] Downloaded: https://repo.maven.apache.org/maven2/org/codehaus/plexus/plexus-compiler/1.8.1/plexus-compiler-1.8.1.pom (4 KB at 154.3 KB/sec)
[INFO] Downloading: https://repo.maven.apache.org/maven2/org/codehaus/plexus/plexus-components/1.1.18/plexus-components-1.1.18.pom
[INFO] Downloaded: https://repo.maven.apache.org/maven2/org/codehaus/plexus/plexus-components/1.1.18/plexus-components-1.1.18.pom (6 KB at 290.5 KB/sec)
[INFO] Downloading: https://repo.maven.apache.org/maven2/org/codehaus/plexus/plexus/2.0.7/plexus-2.0.7.pom
[INFO] Downloaded: https://repo.maven.apache.org/maven2/org/codehaus/plexus/plexus/2.0.7/plexus-2.0.7.pom (17 KB at 582.4 KB/sec)
[INFO] Downloading: https://repo.maven.apache.org/maven2/org/codehaus/plexus/plexus-utils/1.5.5/plexus-utils-1.5.5.pom
[INFO] Downloaded: https://repo.maven.apache.org/maven2/org/codehaus/plexus/plexus-utils/1.5.5/plexus-utils-1.5.5.pom (6 KB at 295.7 KB/sec)
[INFO] Downloading: https://repo.maven.apache.org/maven2/org/codehaus/plexus/plexus-compiler-manager/1.8.1/plexus-compiler-manager-1.8.1.pom
[INFO] Downloaded: https://repo.maven.apache.org/maven2/org/codehaus/plexus/plexus-compiler-manager/1.8.1/plexus-compiler-manager-1.8.1.pom (713 B at 41.0 KB/sec)
[INFO] Downloading: https://repo.maven.apache.org/maven2/org/codehaus/plexus/plexus-compiler-javac/1.8.1/plexus-compiler-javac-1.8.1.pom
[INFO] Downloaded: https://repo.maven.apache.org/maven2/org/codehaus/plexus/plexus-compiler-javac/1.8.1/plexus-compiler-javac-1.8.1.pom (710 B at 36.5 KB/sec)
[INFO] Downloading: https://repo.maven.apache.org/maven2/org/codehaus/plexus/plexus-compilers/1.8.1/plexus-compilers-1.8.1.pom
[INFO] Downloaded: https://repo.maven.apache.org/maven2/org/codehaus/plexus/plexus-compilers/1.8.1/plexus-compilers-1.8.1.pom (2 KB at 68.2 KB/sec)
[INFO] Downloading: https://repo.maven.apache.org/maven2/org/codehaus/plexus/plexus-compiler-api/1.8.1/plexus-compiler-api-1.8.1.jar
[INFO] Downloading: https://repo.maven.apache.org/maven2/org/codehaus/plexus/plexus-compiler-manager/1.8.1/plexus-compiler-manager-1.8.1.jar
[INFO] Downloading: https://repo.maven.apache.org/maven2/org/codehaus/plexus/plexus-compiler-javac/1.8.1/plexus-compiler-javac-1.8.1.jar
[INFO] Downloaded: https://repo.maven.apache.org/maven2/org/codehaus/plexus/plexus-compiler-manager/1.8.1/plexus-compiler-manager-1.8.1.jar (6 KB at 216.7 KB/sec)
[INFO] Downloaded: https://repo.maven.apache.org/maven2/org/codehaus/plexus/plexus-compiler-api/1.8.1/plexus-compiler-api-1.8.1.jar (20 KB at 722.0 KB/sec)
[INFO] Downloaded: https://repo.maven.apache.org/maven2/org/codehaus/plexus/plexus-compiler-javac/1.8.1/plexus-compiler-javac-1.8.1.jar (13 KB at 359.6 KB/sec)
[INFO] Compiling 72 source files to /home/travis/build/failed/yamcs/yamcs/yamcs-api/target/classes
[INFO] 
[INFO] --- maven-resources-plugin:2.6:testResources (default-testResources) @ yamcs-api ---
[INFO] Using 'UTF-8' encoding to copy filtered resources.
[INFO] skip non existing resourceDirectory /home/travis/build/failed/yamcs/yamcs/yamcs-api/src/test/resources
[INFO] 
[INFO] --- maven-compiler-plugin:2.3.2:testCompile (default-testCompile) @ yamcs-api ---
[INFO] Compiling 4 source files to /home/travis/build/failed/yamcs/yamcs/yamcs-api/target/test-classes
[INFO] 
[INFO] --- maven-surefire-plugin:2.19.1:test (default-test) @ yamcs-api ---
[INFO] Downloading: https://repo.maven.apache.org/maven2/org/apache/maven/maven-plugin-api/2.2.1/maven-plugin-api-2.2.1.pom
[INFO] Downloaded: https://repo.maven.apache.org/maven2/org/apache/maven/maven-plugin-api/2.2.1/maven-plugin-api-2.2.1.pom (2 KB at 79.2 KB/sec)
[INFO] Downloading: https://repo.maven.apache.org/maven2/org/apache/maven/maven/2.2.1/maven-2.2.1.pom
[INFO] Downloaded: https://repo.maven.apache.org/maven2/org/apache/maven/maven/2.2.1/maven-2.2.1.pom (22 KB at 810.5 KB/sec)
[INFO] Downloading: https://repo.maven.apache.org/maven2/org/apache/maven/maven-parent/11/maven-parent-11.pom
[INFO] Downloaded: https://repo.maven.apache.org/maven2/org/apache/maven/maven-parent/11/maven-parent-11.pom (32 KB at 959.1 KB/sec)
[INFO] Downloading: https://repo.maven.apache.org/maven2/org/apache/apache/5/apache-5.pom
[INFO] Downloaded: https://repo.maven.apache.org/maven2/org/apache/apache/5/apache-5.pom (5 KB at 160.0 KB/sec)
[INFO] Downloading: https://repo.maven.apache.org/maven2/org/apache/maven/surefire/maven-surefire-common/2.19.1/maven-surefire-common-2.19.1.pom
[INFO] Downloaded: https://repo.maven.apache.org/maven2/org/apache/maven/surefire/maven-surefire-common/2.19.1/maven-surefire-common-2.19.1.pom (8 KB at 341.0 KB/sec)
[INFO] Downloading: https://repo.maven.apache.org/maven2/org/apache/maven/plugin-tools/maven-plugin-annotations/3.3/maven-plugin-annotations-3.3.pom
[INFO] Downloaded: https://repo.maven.apache.org/maven2/org/apache/maven/plugin-tools/maven-plugin-annotations/3.3/maven-plugin-annotations-3.3.pom (2 KB at 83.7 KB/sec)
[INFO] Downloading: https://repo.maven.apache.org/maven2/org/apache/maven/plugin-tools/maven-plugin-tools/3.3/maven-plugin-tools-3.3.pom
[INFO] Downloaded: https://repo.maven.apache.org/maven2/org/apache/maven/plugin-tools/maven-plugin-tools/3.3/maven-plugin-tools-3.3.pom (13 KB at 475.1 KB/sec)
[INFO] Downloading: https://repo.maven.apache.org/maven2/org/apache/maven/maven-parent/24/maven-parent-24.pom
[INFO] Downloaded: https://repo.maven.apache.org/maven2/org/apache/maven/maven-parent/24/maven-parent-24.pom (37 KB at 1029.5 KB/sec)
[INFO] Downloading: https://repo.maven.apache.org/maven2/org/apache/maven/maven-artifact/2.2.1/maven-artifact-2.2.1.pom
[INFO] Downloaded: https://repo.maven.apache.org/maven2/org/apache/maven/maven-artifact/2.2.1/maven-artifact-2.2.1.pom (2 KB at 90.8 KB/sec)
[INFO] Downloading: https://repo.maven.apache.org/maven2/org/apache/maven/surefire/surefire-api/2.19.1/surefire-api-2.19.1.pom
[INFO] Downloaded: https://repo.maven.apache.org/maven2/org/apache/maven/surefire/surefire-api/2.19.1/surefire-api-2.19.1.pom (4 KB at 163.2 KB/sec)
[INFO] Downloading: https://repo.maven.apache.org/maven2/org/apache/maven/surefire/surefire-booter/2.19.1/surefire-booter-2.19.1.pom
[INFO] Downloaded: https://repo.maven.apache.org/maven2/org/apache/maven/surefire/surefire-booter/2.19.1/surefire-booter-2.19.1.pom (4 KB at 163.6 KB/sec)
[INFO] Downloading: https://repo.maven.apache.org/maven2/org/apache/maven/maven-plugin-descriptor/2.2.1/maven-plugin-descriptor-2.2.1.pom
[INFO] Downloaded: https://repo.maven.apache.org/maven2/org/apache/maven/maven-plugin-descriptor/2.2.1/maven-plugin-descriptor-2.2.1.pom (3 KB at 126.0 KB/sec)
[INFO] Downloading: https://repo.maven.apache.org/maven2/org/apache/maven/maven-project/2.2.1/maven-project-2.2.1.pom
[INFO] Downloaded: https://repo.maven.apache.org/maven2/org/apache/maven/maven-project/2.2.1/maven-project-2.2.1.pom (3 KB at 135.4 KB/sec)
[INFO] Downloading: https://repo.maven.apache.org/maven2/org/apache/maven/maven-settings/2.2.1/maven-settings-2.2.1.pom
[INFO] Downloaded: https://repo.maven.apache.org/maven2/org/apache/maven/maven-settings/2.2.1/maven-settings-2.2.1.pom (3 KB at 133.0 KB/sec)
[INFO] Downloading: https://repo.maven.apache.org/maven2/org/apache/maven/maven-model/2.2.1/maven-model-2.2.1.pom
[INFO] Downloaded: https://repo.maven.apache.org/maven2/org/apache/maven/maven-model/2.2.1/maven-model-2.2.1.pom (4 KB at 175.8 KB/sec)
[INFO] Downloading: https://repo.maven.apache.org/maven2/org/codehaus/plexus/plexus-interpolation/1.11/plexus-interpolation-1.11.pom
[INFO] Downloaded: https://repo.maven.apache.org/maven2/org/codehaus/plexus/plexus-interpolation/1.11/plexus-interpolation-1.11.pom (889 B at 43.4 KB/sec)
[INFO] Downloading: https://repo.maven.apache.org/maven2/org/apache/maven/maven-profile/2.2.1/maven-profile-2.2.1.pom
[INFO] Downloaded: https://repo.maven.apache.org/maven2/org/apache/maven/maven-profile/2.2.1/maven-profile-2.2.1.pom (3 KB at 111.6 KB/sec)
[INFO] Downloading: https://repo.maven.apache.org/maven2/org/apache/maven/maven-artifact-manager/2.2.1/maven-artifact-manager-2.2.1.pom
[INFO] Downloaded: https://repo.maven.apache.org/maven2/org/apache/maven/maven-artifact-manager/2.2.1/maven-artifact-manager-2.2.1.pom (4 KB at 168.3 KB/sec)
[INFO] Downloading: https://repo.maven.apache.org/maven2/org/apache/maven/maven-repository-metadata/2.2.1/maven-repository-metadata-2.2.1.pom
[INFO] Downloaded: https://repo.maven.apache.org/maven2/org/apache/maven/maven-repository-metadata/2.2.1/maven-repository-metadata-2.2.1.pom (2 KB at 101.5 KB/sec)
[INFO] Downloading: https://repo.maven.apache.org/maven2/backport-util-concurrent/backport-util-concurrent/3.1/backport-util-concurrent-3.1.pom
[INFO] Downloaded: https://repo.maven.apache.org/maven2/backport-util-concurrent/backport-util-concurrent/3.1/backport-util-concurrent-3.1.pom (880 B at 50.6 KB/sec)
[INFO] Downloading: https://repo.maven.apache.org/maven2/org/apache/maven/maven-plugin-registry/2.2.1/maven-plugin-registry-2.2.1.pom
[INFO] Downloaded: https://repo.maven.apache.org/maven2/org/apache/maven/maven-plugin-registry/2.2.1/maven-plugin-registry-2.2.1.pom (2 KB at 125.6 KB/sec)
[INFO] Downloading: https://repo.maven.apache.org/maven2/org/apache/maven/maven-core/2.2.1/maven-core-2.2.1.pom
[INFO] Downloaded: https://repo.maven.apache.org/maven2/org/apache/maven/maven-core/2.2.1/maven-core-2.2.1.pom (12 KB at 493.9 KB/sec)
[INFO] Downloading: https://repo.maven.apache.org/maven2/org/apache/maven/maven-plugin-parameter-documenter/2.2.1/maven-plugin-parameter-documenter-2.2.1.pom
[INFO] Downloaded: https://repo.maven.apache.org/maven2/org/apache/maven/maven-plugin-parameter-documenter/2.2.1/maven-plugin-parameter-documenter-2.2.1.pom (2 KB at 119.4 KB/sec)
[INFO] Downloading: https://repo.maven.apache.org/maven2/org/slf4j/slf4j-jdk14/1.5.6/slf4j-jdk14-1.5.6.pom
[INFO] Downloaded: https://repo.maven.apache.org/maven2/org/slf4j/slf4j-jdk14/1.5.6/slf4j-jdk14-1.5.6.pom (2 KB at 109.0 KB/sec)
[INFO] Downloading: https://repo.maven.apache.org/maven2/org/slf4j/slf4j-parent/1.5.6/slf4j-parent-1.5.6.pom
[INFO] Downloaded: https://repo.maven.apache.org/maven2/org/slf4j/slf4j-parent/1.5.6/slf4j-parent-1.5.6.pom (8 KB at 322.3 KB/sec)
[INFO] Downloading: https://repo.maven.apache.org/maven2/org/slf4j/slf4j-api/1.5.6/slf4j-api-1.5.6.pom
[INFO] Downloaded: https://repo.maven.apache.org/maven2/org/slf4j/slf4j-api/1.5.6/slf4j-api-1.5.6.pom (3 KB at 171.4 KB/sec)
[INFO] Downloading: https://repo.maven.apache.org/maven2/org/slf4j/jcl-over-slf4j/1.5.6/jcl-over-slf4j-1.5.6.pom
[INFO] Downloaded: https://repo.maven.apache.org/maven2/org/slf4j/jcl-over-slf4j/1.5.6/jcl-over-slf4j-1.5.6.pom (3 KB at 117.7 KB/sec)
[INFO] Downloading: https://repo.maven.apache.org/maven2/org/apache/maven/reporting/maven-reporting-api/3.0/maven-reporting-api-3.0.pom
[INFO] Downloaded: https://repo.maven.apache.org/maven2/org/apache/maven/reporting/maven-reporting-api/3.0/maven-reporting-api-3.0.pom (3 KB at 144.8 KB/sec)
[INFO] Downloading: https://repo.maven.apache.org/maven2/org/apache/maven/shared/maven-shared-components/15/maven-shared-components-15.pom
[INFO] Downloaded: https://repo.maven.apache.org/maven2/org/apache/maven/shared/maven-shared-components/15/maven-shared-components-15.pom (10 KB at 479.9 KB/sec)
[INFO] Downloading: https://repo.maven.apache.org/maven2/org/apache/maven/maven-error-diagnostics/2.2.1/maven-error-diagnostics-2.2.1.pom
[INFO] Downloaded: https://repo.maven.apache.org/maven2/org/apache/maven/maven-error-diagnostics/2.2.1/maven-error-diagnostics-2.2.1.pom (2 KB at 98.1 KB/sec)
[INFO] Downloading: https://repo.maven.apache.org/maven2/org/apache/maven/maven-monitor/2.2.1/maven-monitor-2.2.1.pom
[INFO] Downloaded: https://repo.maven.apache.org/maven2/org/apache/maven/maven-monitor/2.2.1/maven-monitor-2.2.1.pom (2 KB at 81.8 KB/sec)
[INFO] Downloading: https://repo.maven.apache.org/maven2/org/sonatype/plexus/plexus-sec-dispatcher/1.3/plexus-sec-dispatcher-1.3.pom
[INFO] Downloaded: https://repo.maven.apache.org/maven2/org/sonatype/plexus/plexus-sec-dispatcher/1.3/plexus-sec-dispatcher-1.3.pom (3 KB at 137.7 KB/sec)
[INFO] Downloading: https://repo.maven.apache.org/maven2/org/sonatype/spice/spice-parent/12/spice-parent-12.pom
[INFO] Downloaded: https://repo.maven.apache.org/maven2/org/sonatype/spice/spice-parent/12/spice-parent-12.pom (7 KB at 368.8 KB/sec)
[INFO] Downloading: https://repo.maven.apache.org/maven2/org/sonatype/forge/forge-parent/4/forge-parent-4.pom
[INFO] Downloaded: https://repo.maven.apache.org/maven2/org/sonatype/forge/forge-parent/4/forge-parent-4.pom (9 KB at 431.6 KB/sec)
[INFO] Downloading: https://repo.maven.apache.org/maven2/org/sonatype/plexus/plexus-cipher/1.4/plexus-cipher-1.4.pom
[INFO] Downloaded: https://repo.maven.apache.org/maven2/org/sonatype/plexus/plexus-cipher/1.4/plexus-cipher-1.4.pom (3 KB at 134.4 KB/sec)
[INFO] Downloading: https://repo.maven.apache.org/maven2/org/apache/maven/maven-toolchain/2.2.1/maven-toolchain-2.2.1.pom
[INFO] Downloaded: https://repo.maven.apache.org/maven2/org/apache/maven/maven-toolchain/2.2.1/maven-toolchain-2.2.1.pom (4 KB at 181.4 KB/sec)
[INFO] Downloading: https://repo.maven.apache.org/maven2/org/apache/commons/commons-lang3/3.1/commons-lang3-3.1.pom
[INFO] Downloaded: https://repo.maven.apache.org/maven2/org/apache/commons/commons-lang3/3.1/commons-lang3-3.1.pom (17 KB at 652.8 KB/sec)
[INFO] Downloading: https://repo.maven.apache.org/maven2/org/apache/commons/commons-parent/22/commons-parent-22.pom
[INFO] Downloaded: https://repo.maven.apache.org/maven2/org/apache/commons/commons-parent/22/commons-parent-22.pom (41 KB at 1106.4 KB/sec)
[INFO] Downloading: https://repo.maven.apache.org/maven2/org/apache/apache/9/apache-9.pom
[INFO] Downloaded: https://repo.maven.apache.org/maven2/org/apache/apache/9/apache-9.pom (15 KB at 592.2 KB/sec)
[INFO] Downloading: https://repo.maven.apache.org/maven2/org/apache/maven/surefire/maven-surefire-common/2.19.1/maven-surefire-common-2.19.1.jar
[INFO] Downloading: https://repo.maven.apache.org/maven2/org/apache/maven/surefire/surefire-booter/2.19.1/surefire-booter-2.19.1.jar
[INFO] Downloading: https://repo.maven.apache.org/maven2/org/codehaus/plexus/plexus-utils/1.5.15/plexus-utils-1.5.15.jar
[INFO] Downloading: https://repo.maven.apache.org/maven2/backport-util-concurrent/backport-util-concurrent/3.1/backport-util-concurrent-3.1.jar
[INFO] Downloading: https://repo.maven.apache.org/maven2/org/codehaus/plexus/plexus-interpolation/1.11/plexus-interpolation-1.11.jar
[INFO] Downloaded: https://repo.maven.apache.org/maven2/org/apache/maven/surefire/surefire-booter/2.19.1/surefire-booter-2.19.1.jar (45 KB at 1110.8 KB/sec)
[INFO] Downloading: https://repo.maven.apache.org/maven2/org/slf4j/slf4j-jdk14/1.5.6/slf4j-jdk14-1.5.6.jar
[INFO] Downloaded: https://repo.maven.apache.org/maven2/org/slf4j/slf4j-jdk14/1.5.6/slf4j-jdk14-1.5.6.jar (9 KB at 148.4 KB/sec)
[INFO] Downloading: https://repo.maven.apache.org/maven2/org/slf4j/slf4j-api/1.5.6/slf4j-api-1.5.6.jar
[INFO] Downloaded: https://repo.maven.apache.org/maven2/org/codehaus/plexus/plexus-interpolation/1.11/plexus-interpolation-1.11.jar (50 KB at 843.1 KB/sec)
[INFO] Downloading: https://repo.maven.apache.org/maven2/org/slf4j/jcl-over-slf4j/1.5.6/jcl-over-slf4j-1.5.6.jar
[INFO] Downloaded: https://repo.maven.apache.org/maven2/org/slf4j/slf4j-api/1.5.6/slf4j-api-1.5.6.jar (22 KB at 269.3 KB/sec)
[INFO] Downloading: https://repo.maven.apache.org/maven2/org/apache/maven/reporting/maven-reporting-api/3.0/maven-reporting-api-3.0.jar
[INFO] Downloaded: https://repo.maven.apache.org/maven2/org/slf4j/jcl-over-slf4j/1.5.6/jcl-over-slf4j-1.5.6.jar (17 KB at 196.7 KB/sec)
[INFO] Downloading: https://repo.maven.apache.org/maven2/org/sonatype/plexus/plexus-sec-dispatcher/1.3/plexus-sec-dispatcher-1.3.jar
[INFO] Downloaded: https://repo.maven.apache.org/maven2/org/apache/maven/reporting/maven-reporting-api/3.0/maven-reporting-api-3.0.jar (11 KB at 105.8 KB/sec)
[INFO] Downloading: https://repo.maven.apache.org/maven2/org/sonatype/plexus/plexus-cipher/1.4/plexus-cipher-1.4.jar
[INFO] Downloaded: https://repo.maven.apache.org/maven2/org/sonatype/plexus/plexus-cipher/1.4/plexus-cipher-1.4.jar (14 KB at 108.0 KB/sec)
[INFO] Downloading: https://repo.maven.apache.org/maven2/org/apache/commons/commons-lang3/3.1/commons-lang3-3.1.jar
[INFO] Downloaded: https://repo.maven.apache.org/maven2/org/codehaus/plexus/plexus-utils/1.5.15/plexus-utils-1.5.15.jar (223 KB at 1782.1 KB/sec)
[INFO] Downloading: https://repo.maven.apache.org/maven2/org/apache/maven/surefire/surefire-api/2.19.1/surefire-api-2.19.1.jar
[INFO] Downloaded: https://repo.maven.apache.org/maven2/org/apache/maven/surefire/maven-surefire-common/2.19.1/maven-surefire-common-2.19.1.jar (286 KB at 2069.9 KB/sec)
[INFO] Downloaded: https://repo.maven.apache.org/maven2/org/sonatype/plexus/plexus-sec-dispatcher/1.3/plexus-sec-dispatcher-1.3.jar (28 KB at 203.5 KB/sec)
[INFO] Downloading: https://repo.maven.apache.org/maven2/org/apache/maven/plugin-tools/maven-plugin-annotations/3.3/maven-plugin-annotations-3.3.jar
[INFO] Downloaded: https://repo.maven.apache.org/maven2/backport-util-concurrent/backport-util-concurrent/3.1/backport-util-concurrent-3.1.jar (324 KB at 1975.3 KB/sec)
[INFO] Downloaded: https://repo.maven.apache.org/maven2/org/apache/maven/plugin-tools/maven-plugin-annotations/3.3/maven-plugin-annotations-3.3.jar (14 KB at 80.2 KB/sec)
[INFO] Downloaded: https://repo.maven.apache.org/maven2/org/apache/maven/surefire/surefire-api/2.19.1/surefire-api-2.19.1.jar (192 KB at 878.3 KB/sec)
[INFO] Downloaded: https://repo.maven.apache.org/maven2/org/apache/commons/commons-lang3/3.1/commons-lang3-3.1.jar (309 KB at 1031.4 KB/sec)
[INFO] Tests are skipped.
[INFO] 
[INFO] --- maven-jar-plugin:2.4:jar (default-jar) @ yamcs-api ---
[INFO] Downloading: https://repo.maven.apache.org/maven2/commons-lang/commons-lang/2.1/commons-lang-2.1.pom
[INFO] Downloaded: https://repo.maven.apache.org/maven2/commons-lang/commons-lang/2.1/commons-lang-2.1.pom (10 KB at 387.8 KB/sec)
[INFO] Downloading: https://repo.maven.apache.org/maven2/org/codehaus/plexus/plexus-archiver/2.1/plexus-archiver-2.1.jar
[INFO] Downloading: https://repo.maven.apache.org/maven2/org/codehaus/plexus/plexus-io/2.0.2/plexus-io-2.0.2.jar
[INFO] Downloading: https://repo.maven.apache.org/maven2/commons-lang/commons-lang/2.1/commons-lang-2.1.jar
[INFO] Downloading: https://repo.maven.apache.org/maven2/org/codehaus/plexus/plexus-utils/3.0/plexus-utils-3.0.jar
[INFO] Downloaded: https://repo.maven.apache.org/maven2/org/codehaus/plexus/plexus-io/2.0.2/plexus-io-2.0.2.jar (57 KB at 1073.6 KB/sec)
[INFO] Downloaded: https://repo.maven.apache.org/maven2/org/codehaus/plexus/plexus-archiver/2.1/plexus-archiver-2.1.jar (181 KB at 1683.3 KB/sec)
[INFO] Downloaded: https://repo.maven.apache.org/maven2/commons-lang/commons-lang/2.1/commons-lang-2.1.jar (203 KB at 1779.4 KB/sec)
[INFO] Downloaded: https://repo.maven.apache.org/maven2/org/codehaus/plexus/plexus-utils/3.0/plexus-utils-3.0.jar (221 KB at 1871.0 KB/sec)
[INFO] Building jar: /home/travis/build/failed/yamcs/yamcs/yamcs-api/target/yamcs-api-3.1.3-SNAPSHOT.jar
[INFO] 
[INFO] --- maven-source-plugin:2.2.1:jar-no-fork (attach-sources) @ yamcs-api ---
[INFO] Building jar: /home/travis/build/failed/yamcs/yamcs/yamcs-api/target/yamcs-api-3.1.3-SNAPSHOT-sources.jar
[INFO] 
[INFO] --- maven-install-plugin:2.4:install (default-install) @ yamcs-api ---
[INFO] Installing /home/travis/build/failed/yamcs/yamcs/yamcs-api/target/yamcs-api-3.1.3-SNAPSHOT.jar to /home/travis/.m2/repository/org/yamcs/yamcs-api/3.1.3-SNAPSHOT/yamcs-api-3.1.3-SNAPSHOT.jar
[INFO] Installing /home/travis/build/failed/yamcs/yamcs/yamcs-api/pom.xml to /home/travis/.m2/repository/org/yamcs/yamcs-api/3.1.3-SNAPSHOT/yamcs-api-3.1.3-SNAPSHOT.pom
[INFO] Installing /home/travis/build/failed/yamcs/yamcs/yamcs-api/target/yamcs-api-3.1.3-SNAPSHOT-sources.jar to /home/travis/.m2/repository/org/yamcs/yamcs-api/3.1.3-SNAPSHOT/yamcs-api-3.1.3-SNAPSHOT-sources.jar
[INFO]                                                                         
[INFO] ------------------------------------------------------------------------
[INFO] Building Yamcs XTCE 3.1.3-SNAPSHOT
[INFO] ------------------------------------------------------------------------
[INFO] 
[INFO] --- maven-resources-plugin:2.6:resources (default-resources) @ yamcs-xtce ---
[INFO] Using 'UTF-8' encoding to copy filtered resources.
[INFO] Copying 1 resource
[INFO] 
[INFO] --- maven-compiler-plugin:2.3.2:compile (default-compile) @ yamcs-xtce ---
[INFO] Compiling 106 source files to /home/travis/build/failed/yamcs/yamcs/yamcs-xtce/target/classes
[INFO] 
[INFO] --- maven-resources-plugin:2.6:testResources (default-testResources) @ yamcs-xtce ---
[INFO] Using 'UTF-8' encoding to copy filtered resources.
[INFO] Copying 1 resource
[INFO] 
[INFO] --- maven-compiler-plugin:2.3.2:testCompile (default-testCompile) @ yamcs-xtce ---
[INFO] Compiling 2 source files to /home/travis/build/failed/yamcs/yamcs/yamcs-xtce/target/test-classes
[INFO] 
[INFO] --- maven-surefire-plugin:2.19.1:test (default-test) @ yamcs-xtce ---
[INFO] Tests are skipped.
[INFO] 
[INFO] --- maven-jar-plugin:2.4:jar (default-jar) @ yamcs-xtce ---
[INFO] Building jar: /home/travis/build/failed/yamcs/yamcs/yamcs-xtce/target/yamcs-xtce-3.1.3-SNAPSHOT.jar
[INFO] 
[INFO] --- maven-source-plugin:2.2.1:jar-no-fork (attach-sources) @ yamcs-xtce ---
[INFO] Building jar: /home/travis/build/failed/yamcs/yamcs/yamcs-xtce/target/yamcs-xtce-3.1.3-SNAPSHOT-sources.jar
[INFO] 
[INFO] --- maven-install-plugin:2.4:install (default-install) @ yamcs-xtce ---
[INFO] Installing /home/travis/build/failed/yamcs/yamcs/yamcs-xtce/target/yamcs-xtce-3.1.3-SNAPSHOT.jar to /home/travis/.m2/repository/org/yamcs/yamcs-xtce/3.1.3-SNAPSHOT/yamcs-xtce-3.1.3-SNAPSHOT.jar
[INFO] Installing /home/travis/build/failed/yamcs/yamcs/yamcs-xtce/pom.xml to /home/travis/.m2/repository/org/yamcs/yamcs-xtce/3.1.3-SNAPSHOT/yamcs-xtce-3.1.3-SNAPSHOT.pom
[INFO] Installing /home/travis/build/failed/yamcs/yamcs/yamcs-xtce/target/yamcs-xtce-3.1.3-SNAPSHOT-sources.jar to /home/travis/.m2/repository/org/yamcs/yamcs-xtce/3.1.3-SNAPSHOT/yamcs-xtce-3.1.3-SNAPSHOT-sources.jar
[INFO]                                                                         
[INFO] ------------------------------------------------------------------------
[INFO] Building Yamcs Core 3.1.3-SNAPSHOT
[INFO] ------------------------------------------------------------------------
[INFO] Downloading: https://repo.maven.apache.org/maven2/org/codehaus/mojo/build-helper-maven-plugin/1.11/build-helper-maven-plugin-1.11.pom
[INFO] Downloaded: https://repo.maven.apache.org/maven2/org/codehaus/mojo/build-helper-maven-plugin/1.11/build-helper-maven-plugin-1.11.pom (6 KB at 258.4 KB/sec)
[INFO] Downloading: https://repo.maven.apache.org/maven2/org/codehaus/mojo/mojo-parent/39/mojo-parent-39.pom
[INFO] Downloaded: https://repo.maven.apache.org/maven2/org/codehaus/mojo/mojo-parent/39/mojo-parent-39.pom (34 KB at 847.9 KB/sec)
[INFO] Downloading: https://repo.maven.apache.org/maven2/org/codehaus/mojo/build-helper-maven-plugin/1.11/build-helper-maven-plugin-1.11.jar
[INFO] Downloaded: https://repo.maven.apache.org/maven2/org/codehaus/mojo/build-helper-maven-plugin/1.11/build-helper-maven-plugin-1.11.jar (61 KB at 1097.2 KB/sec)
[INFO] Downloading: https://repo.maven.apache.org/maven2/org/apache/maven/plugins/maven-antrun-plugin/1.3/maven-antrun-plugin-1.3.pom
[INFO] Downloaded: https://repo.maven.apache.org/maven2/org/apache/maven/plugins/maven-antrun-plugin/1.3/maven-antrun-plugin-1.3.pom (5 KB at 200.9 KB/sec)
[INFO] Downloading: https://repo.maven.apache.org/maven2/org/apache/maven/plugins/maven-plugins/12/maven-plugins-12.pom
[INFO] Downloaded: https://repo.maven.apache.org/maven2/org/apache/maven/plugins/maven-plugins/12/maven-plugins-12.pom (12 KB at 478.0 KB/sec)
[INFO] Downloading: https://repo.maven.apache.org/maven2/org/apache/maven/maven-parent/9/maven-parent-9.pom
[INFO] Downloaded: https://repo.maven.apache.org/maven2/org/apache/maven/maven-parent/9/maven-parent-9.pom (33 KB at 843.9 KB/sec)
[INFO] Downloading: https://repo.maven.apache.org/maven2/org/apache/maven/plugins/maven-antrun-plugin/1.3/maven-antrun-plugin-1.3.jar
[INFO] Downloaded: https://repo.maven.apache.org/maven2/org/apache/maven/plugins/maven-antrun-plugin/1.3/maven-antrun-plugin-1.3.jar (24 KB at 822.2 KB/sec)
[INFO] Downloading: https://repo.maven.apache.org/maven2/org/apache/maven/plugins/maven-dependency-plugin/2.8/maven-dependency-plugin-2.8.pom
[INFO] Downloaded: https://repo.maven.apache.org/maven2/org/apache/maven/plugins/maven-dependency-plugin/2.8/maven-dependency-plugin-2.8.pom (12 KB at 466.1 KB/sec)
[INFO] Downloading: https://repo.maven.apache.org/maven2/org/apache/maven/plugins/maven-plugins/24/maven-plugins-24.pom
[INFO] Downloaded: https://repo.maven.apache.org/maven2/org/apache/maven/plugins/maven-plugins/24/maven-plugins-24.pom (11 KB at 319.8 KB/sec)
[INFO] Downloading: https://repo.maven.apache.org/maven2/org/apache/maven/maven-parent/23/maven-parent-23.pom
[INFO] Downloaded: https://repo.maven.apache.org/maven2/org/apache/maven/maven-parent/23/maven-parent-23.pom (32 KB at 964.3 KB/sec)
[INFO] Downloading: https://repo.maven.apache.org/maven2/org/apache/maven/plugins/maven-dependency-plugin/2.8/maven-dependency-plugin-2.8.jar
[INFO] Downloaded: https://repo.maven.apache.org/maven2/org/apache/maven/plugins/maven-dependency-plugin/2.8/maven-dependency-plugin-2.8.jar (150 KB at 1300.8 KB/sec)
[INFO] Downloading: http://insecure.repo1.maven.org/maven2/org/python/jython-standalone/2.5.3/jython-standalone-2.5.3.pom
[INFO] Downloaded: http://insecure.repo1.maven.org/maven2/org/python/jython-standalone/2.5.3/jython-standalone-2.5.3.pom (2 KB at 83.0 KB/sec)
[INFO] Downloading: http://insecure.repo1.maven.org/maven2/org/codehaus/janino/janino/2.5.15/janino-2.5.15.pom
[INFO] Downloaded: http://insecure.repo1.maven.org/maven2/org/codehaus/janino/janino/2.5.15/janino-2.5.15.pom (9 KB at 533.7 KB/sec)
[INFO] Downloading: http://insecure.repo1.maven.org/maven2/net/sourceforge/jdatepicker/jdatepicker/1.3.2/jdatepicker-1.3.2.pom
[INFO] Downloaded: http://insecure.repo1.maven.org/maven2/net/sourceforge/jdatepicker/jdatepicker/1.3.2/jdatepicker-1.3.2.pom (3 KB at 148.1 KB/sec)
[INFO] Downloading: http://insecure.repo1.maven.org/maven2/net/sourceforge/jexcelapi/jxl/2.6.10/jxl-2.6.10.pom
[INFO] Downloaded: http://insecure.repo1.maven.org/maven2/net/sourceforge/jexcelapi/jxl/2.6.10/jxl-2.6.10.pom (2 KB at 118.6 KB/sec)
[INFO] Downloading: http://insecure.repo1.maven.org/maven2/log4j/log4j/1.2.14/log4j-1.2.14.pom
[INFO] Downloaded: http://insecure.repo1.maven.org/maven2/log4j/log4j/1.2.14/log4j-1.2.14.pom (3 KB at 128.8 KB/sec)
[INFO] Downloading: http://insecure.repo1.maven.org/maven2/org/apache/activemq/artemis-server/1.5.4/artemis-server-1.5.4.pom
[INFO] Downloaded: http://insecure.repo1.maven.org/maven2/org/apache/activemq/artemis-server/1.5.4/artemis-server-1.5.4.pom (6 KB at 25.9 KB/sec)
[INFO] Downloading: http://insecure.repo1.maven.org/maven2/org/apache/activemq/artemis-selector/1.5.4/artemis-selector-1.5.4.pom
[INFO] Downloaded: http://insecure.repo1.maven.org/maven2/org/apache/activemq/artemis-selector/1.5.4/artemis-selector-1.5.4.pom (5 KB at 12.2 KB/sec)
[INFO] Downloading: http://insecure.repo1.maven.org/maven2/org/apache/activemq/artemis-journal/1.5.4/artemis-journal-1.5.4.pom
[INFO] Downloaded: http://insecure.repo1.maven.org/maven2/org/apache/activemq/artemis-journal/1.5.4/artemis-journal-1.5.4.pom (3 KB at 5.9 KB/sec)
[INFO] Downloading: http://insecure.repo1.maven.org/maven2/org/apache/activemq/artemis-native/1.5.4/artemis-native-1.5.4.pom
[INFO] Downloaded: http://insecure.repo1.maven.org/maven2/org/apache/activemq/artemis-native/1.5.4/artemis-native-1.5.4.pom (4 KB at 257.1 KB/sec)
[INFO] Downloading: http://insecure.repo1.maven.org/maven2/org/apache/activemq/artemis-jdbc-store/1.5.4/artemis-jdbc-store-1.5.4.pom
[INFO] Downloaded: http://insecure.repo1.maven.org/maven2/org/apache/activemq/artemis-jdbc-store/1.5.4/artemis-jdbc-store-1.5.4.pom (4 KB at 177.7 KB/sec)
[INFO] Downloading: http://insecure.repo1.maven.org/maven2/com/google/guava/guava/18.0/guava-18.0.pom
[INFO] Downloaded: http://insecure.repo1.maven.org/maven2/com/google/guava/guava/18.0/guava-18.0.pom (6 KB at 368.9 KB/sec)
[INFO] Downloading: http://insecure.repo1.maven.org/maven2/com/google/guava/guava-parent/18.0/guava-parent-18.0.pom
[INFO] Downloaded: http://insecure.repo1.maven.org/maven2/com/google/guava/guava-parent/18.0/guava-parent-18.0.pom (8 KB at 469.1 KB/sec)
[INFO] Downloading: http://insecure.repo1.maven.org/maven2/org/rocksdb/rocksdbjni/5.2.1/rocksdbjni-5.2.1.pom
[INFO] Downloaded: http://insecure.repo1.maven.org/maven2/org/rocksdb/rocksdbjni/5.2.1/rocksdbjni-5.2.1.pom (7 KB at 13.2 KB/sec)
[INFO] Downloading: http://insecure.repo1.maven.org/maven2/com/beust/jcommander/1.48/jcommander-1.48.pom
[INFO] Downloaded: http://insecure.repo1.maven.org/maven2/com/beust/jcommander/1.48/jcommander-1.48.pom (10 KB at 504.2 KB/sec)
[INFO] Downloading: http://insecure.repo1.maven.org/maven2/org/sonatype/oss/oss-parent/3/oss-parent-3.pom
[INFO] Downloaded: http://insecure.repo1.maven.org/maven2/org/sonatype/oss/oss-parent/3/oss-parent-3.pom (4 KB at 218.2 KB/sec)
[INFO] Downloading: http://insecure.repo1.maven.org/maven2/org/python/jython-standalone/2.5.3/jython-standalone-2.5.3.jar
[INFO] Downloading: http://insecure.repo1.maven.org/maven2/org/codehaus/janino/janino/2.5.15/janino-2.5.15.jar
[INFO] Downloading: http://insecure.repo1.maven.org/maven2/net/sourceforge/jdatepicker/jdatepicker/1.3.2/jdatepicker-1.3.2.jar
[INFO] Downloading: http://insecure.repo1.maven.org/maven2/net/sourceforge/jexcelapi/jxl/2.6.10/jxl-2.6.10.jar
[INFO] Downloading: http://insecure.repo1.maven.org/maven2/log4j/log4j/1.2.14/log4j-1.2.14.jar
[INFO] Downloaded: http://insecure.repo1.maven.org/maven2/net/sourceforge/jdatepicker/jdatepicker/1.3.2/jdatepicker-1.3.2.jar (34 KB at 580.6 KB/sec)
[INFO] Downloading: http://insecure.repo1.maven.org/maven2/org/apache/activemq/artemis-server/1.5.4/artemis-server-1.5.4.jar
[INFO] Downloaded: http://insecure.repo1.maven.org/maven2/log4j/log4j/1.2.14/log4j-1.2.14.jar (359 KB at 9200.8 KB/sec)
[INFO] Downloading: http://insecure.repo1.maven.org/maven2/org/apache/activemq/artemis-selector/1.5.4/artemis-selector-1.5.4.jar
[INFO] Downloaded: http://insecure.repo1.maven.org/maven2/net/sourceforge/jexcelapi/jxl/2.6.10/jxl-2.6.10.jar (726 KB at 8540.5 KB/sec)
[INFO] Downloading: http://insecure.repo1.maven.org/maven2/org/apache/activemq/artemis-journal/1.5.4/artemis-journal-1.5.4.jar
[INFO] Downloaded: http://insecure.repo1.maven.org/maven2/org/python/jython-standalone/2.5.3/jython-standalone-2.5.3.jar (14005 KB at 56696.5 KB/sec)
[INFO] Downloading: http://insecure.repo1.maven.org/maven2/org/apache/activemq/artemis-native/1.5.4/artemis-native-1.5.4.jar
[INFO] Downloaded: http://insecure.repo1.maven.org/maven2/org/apache/activemq/artemis-journal/1.5.4/artemis-journal-1.5.4.jar (204 KB at 381.8 KB/sec)
[INFO] Downloading: http://insecure.repo1.maven.org/maven2/org/apache/activemq/artemis-jdbc-store/1.5.4/artemis-jdbc-store-1.5.4.jar
[INFO] Downloaded: http://insecure.repo1.maven.org/maven2/org/apache/activemq/artemis-native/1.5.4/artemis-native-1.5.4.jar (38 KB at 62.5 KB/sec)
[INFO] Downloading: http://insecure.repo1.maven.org/maven2/com/google/guava/guava/18.0/guava-18.0.jar
[INFO] Downloaded: http://insecure.repo1.maven.org/maven2/org/apache/activemq/artemis-server/1.5.4/artemis-server-1.5.4.jar (1355 KB at 2106.4 KB/sec)
[INFO] Downloading: http://insecure.repo1.maven.org/maven2/org/rocksdb/rocksdbjni/5.2.1/rocksdbjni-5.2.1.jar
[INFO] Downloaded: http://insecure.repo1.maven.org/maven2/com/google/guava/guava/18.0/guava-18.0.jar (2204 KB at 3384.5 KB/sec)
[INFO] Downloading: http://insecure.repo1.maven.org/maven2/com/beust/jcommander/1.48/jcommander-1.48.jar
[INFO] Downloaded: http://insecure.repo1.maven.org/maven2/org/codehaus/janino/janino/2.5.15/janino-2.5.15.jar (453 KB at 613.2 KB/sec)
[INFO] Downloaded: http://insecure.repo1.maven.org/maven2/com/beust/jcommander/1.48/jcommander-1.48.jar (63 KB at 87.1 KB/sec)
[INFO] Downloaded: http://insecure.repo1.maven.org/maven2/org/apache/activemq/artemis-selector/1.5.4/artemis-selector-1.5.4.jar (104 KB at 135.9 KB/sec)
[INFO] Downloaded: http://insecure.repo1.maven.org/maven2/org/apache/activemq/artemis-jdbc-store/1.5.4/artemis-jdbc-store-1.5.4.jar (67 KB at 55.2 KB/sec)
[INFO] Downloaded: http://insecure.repo1.maven.org/maven2/org/rocksdb/rocksdbjni/5.2.1/rocksdbjni-5.2.1.jar (6050 KB at 3985.5 KB/sec)
[INFO] 
[INFO] --- build-helper-maven-plugin:1.11:add-source (add-source) @ yamcs-core ---
[INFO] Downloading: https://repo.maven.apache.org/maven2/org/apache/maven/reporting/maven-reporting-api/2.2.1/maven-reporting-api-2.2.1.pom
[INFO] Downloaded: https://repo.maven.apache.org/maven2/org/apache/maven/reporting/maven-reporting-api/2.2.1/maven-reporting-api-2.2.1.pom (2 KB at 69.6 KB/sec)
[INFO] Downloading: https://repo.maven.apache.org/maven2/org/apache/maven/reporting/maven-reporting/2.2.1/maven-reporting-2.2.1.pom
[INFO] Downloaded: https://repo.maven.apache.org/maven2/org/apache/maven/reporting/maven-reporting/2.2.1/maven-reporting-2.2.1.pom (2 KB at 54.2 KB/sec)
[INFO] Downloading: https://repo.maven.apache.org/maven2/org/apache/maven/doxia/doxia-sink-api/1.1/doxia-sink-api-1.1.pom
[INFO] Downloaded: https://repo.maven.apache.org/maven2/org/apache/maven/doxia/doxia-sink-api/1.1/doxia-sink-api-1.1.pom (2 KB at 104.8 KB/sec)
[INFO] Downloading: https://repo.maven.apache.org/maven2/org/apache/maven/doxia/doxia/1.1/doxia-1.1.pom
[INFO] Downloaded: https://repo.maven.apache.org/maven2/org/apache/maven/doxia/doxia/1.1/doxia-1.1.pom (15 KB at 644.4 KB/sec)
[INFO] Downloading: https://repo.maven.apache.org/maven2/org/apache/maven/doxia/doxia-logging-api/1.1/doxia-logging-api-1.1.pom
[INFO] Downloaded: https://repo.maven.apache.org/maven2/org/apache/maven/doxia/doxia-logging-api/1.1/doxia-logging-api-1.1.pom (2 KB at 96.1 KB/sec)
[INFO] Downloading: https://repo.maven.apache.org/maven2/org/codehaus/plexus/plexus-container-default/1.0-alpha-30/plexus-container-default-1.0-alpha-30.pom
[INFO] Downloaded: https://repo.maven.apache.org/maven2/org/codehaus/plexus/plexus-container-default/1.0-alpha-30/plexus-container-default-1.0-alpha-30.pom (4 KB at 199.7 KB/sec)
[INFO] Downloading: https://repo.maven.apache.org/maven2/org/codehaus/plexus/plexus-containers/1.0-alpha-30/plexus-containers-1.0-alpha-30.pom
[INFO] Downloaded: https://repo.maven.apache.org/maven2/org/codehaus/plexus/plexus-containers/1.0-alpha-30/plexus-containers-1.0-alpha-30.pom (2 KB at 115.6 KB/sec)
[INFO] Downloading: https://repo.maven.apache.org/maven2/org/codehaus/plexus/plexus-utils/1.4.5/plexus-utils-1.4.5.pom
[INFO] Downloaded: https://repo.maven.apache.org/maven2/org/codehaus/plexus/plexus-utils/1.4.5/plexus-utils-1.4.5.pom (3 KB at 110.6 KB/sec)
[INFO] Downloading: https://repo.maven.apache.org/maven2/org/codehaus/plexus/plexus-classworlds/1.2-alpha-9/plexus-classworlds-1.2-alpha-9.pom
[INFO] Downloaded: https://repo.maven.apache.org/maven2/org/codehaus/plexus/plexus-classworlds/1.2-alpha-9/plexus-classworlds-1.2-alpha-9.pom (4 KB at 174.9 KB/sec)
[INFO] Downloading: https://repo.maven.apache.org/maven2/org/codehaus/plexus/plexus/1.0.10/plexus-1.0.10.pom
[INFO] Downloaded: https://repo.maven.apache.org/maven2/org/codehaus/plexus/plexus/1.0.10/plexus-1.0.10.pom (9 KB at 424.0 KB/sec)
[INFO] Downloading: https://repo.maven.apache.org/maven2/commons-cli/commons-cli/1.2/commons-cli-1.2.pom
[INFO] Downloaded: https://repo.maven.apache.org/maven2/commons-cli/commons-cli/1.2/commons-cli-1.2.pom (8 KB at 410.2 KB/sec)
[INFO] Downloading: https://repo.maven.apache.org/maven2/org/apache/commons/commons-parent/11/commons-parent-11.pom
[INFO] Downloaded: https://repo.maven.apache.org/maven2/org/apache/commons/commons-parent/11/commons-parent-11.pom (25 KB at 859.7 KB/sec)
[INFO] Downloading: https://repo.maven.apache.org/maven2/org/codehaus/plexus/plexus-utils/3.0.22/plexus-utils-3.0.22.pom
[INFO] Downloaded: https://repo.maven.apache.org/maven2/org/codehaus/plexus/plexus-utils/3.0.22/plexus-utils-3.0.22.pom (4 KB at 207.8 KB/sec)
[INFO] Downloading: https://repo.maven.apache.org/maven2/org/codehaus/plexus/plexus/3.3.1/plexus-3.3.1.pom
[INFO] Downloaded: https://repo.maven.apache.org/maven2/org/codehaus/plexus/plexus/3.3.1/plexus-3.3.1.pom (20 KB at 768.0 KB/sec)
[INFO] Downloading: https://repo.maven.apache.org/maven2/org/beanshell/bsh/2.0b4/bsh-2.0b4.pom
[INFO] Downloaded: https://repo.maven.apache.org/maven2/org/beanshell/bsh/2.0b4/bsh-2.0b4.pom (2 KB at 29.9 KB/sec)
[INFO] Downloading: https://repo.maven.apache.org/maven2/org/beanshell/beanshell/2.0b4/beanshell-2.0b4.pom
[INFO] Downloaded: https://repo.maven.apache.org/maven2/org/beanshell/beanshell/2.0b4/beanshell-2.0b4.pom (2 KB at 47.5 KB/sec)
[INFO] Downloading: https://repo.maven.apache.org/maven2/org/apache/maven/shared/file-management/3.0.0/file-management-3.0.0.pom
[INFO] Downloaded: https://repo.maven.apache.org/maven2/org/apache/maven/shared/file-management/3.0.0/file-management-3.0.0.pom (5 KB at 147.7 KB/sec)
[INFO] Downloading: https://repo.maven.apache.org/maven2/org/apache/maven/shared/maven-shared-components/22/maven-shared-components-22.pom
[INFO] Downloaded: https://repo.maven.apache.org/maven2/org/apache/maven/shared/maven-shared-components/22/maven-shared-components-22.pom (5 KB at 151.3 KB/sec)
[INFO] Downloading: https://repo.maven.apache.org/maven2/org/apache/maven/maven-parent/27/maven-parent-27.pom
[INFO] Downloaded: https://repo.maven.apache.org/maven2/org/apache/maven/maven-parent/27/maven-parent-27.pom (40 KB at 969.6 KB/sec)
[INFO] Downloading: https://repo.maven.apache.org/maven2/org/apache/maven/shared/maven-shared-io/3.0.0/maven-shared-io-3.0.0.pom
[INFO] Downloaded: https://repo.maven.apache.org/maven2/org/apache/maven/shared/maven-shared-io/3.0.0/maven-shared-io-3.0.0.pom (5 KB at 238.8 KB/sec)
[INFO] Downloading: https://repo.maven.apache.org/maven2/org/apache/maven/maven-artifact/3.0/maven-artifact-3.0.pom
[INFO] Downloaded: https://repo.maven.apache.org/maven2/org/apache/maven/maven-artifact/3.0/maven-artifact-3.0.pom (2 KB at 99.1 KB/sec)
[INFO] Downloading: https://repo.maven.apache.org/maven2/org/apache/maven/maven/3.0/maven-3.0.pom
[INFO] Downloaded: https://repo.maven.apache.org/maven2/org/apache/maven/maven/3.0/maven-3.0.pom (22 KB at 791.6 KB/sec)
[INFO] Downloading: https://repo.maven.apache.org/maven2/org/apache/maven/maven-parent/15/maven-parent-15.pom
[INFO] Downloaded: https://repo.maven.apache.org/maven2/org/apache/maven/maven-parent/15/maven-parent-15.pom (24 KB at 837.2 KB/sec)
[INFO] Downloading: https://repo.maven.apache.org/maven2/org/apache/apache/6/apache-6.pom
[INFO] Downloaded: https://repo.maven.apache.org/maven2/org/apache/apache/6/apache-6.pom (13 KB at 543.3 KB/sec)
[INFO] Downloading: https://repo.maven.apache.org/maven2/org/codehaus/plexus/plexus-utils/2.0.4/plexus-utils-2.0.4.pom
[INFO] Downloaded: https://repo.maven.apache.org/maven2/org/codehaus/plexus/plexus-utils/2.0.4/plexus-utils-2.0.4.pom (4 KB at 180.9 KB/sec)
[INFO] Downloading: https://repo.maven.apache.org/maven2/org/apache/maven/maven-compat/3.0/maven-compat-3.0.pom
[INFO] Downloaded: https://repo.maven.apache.org/maven2/org/apache/maven/maven-compat/3.0/maven-compat-3.0.pom (4 KB at 206.7 KB/sec)
[INFO] Downloading: https://repo.maven.apache.org/maven2/org/apache/maven/maven-model/3.0/maven-model-3.0.pom
[INFO] Downloaded: https://repo.maven.apache.org/maven2/org/apache/maven/maven-model/3.0/maven-model-3.0.pom (4 KB at 223.6 KB/sec)
[INFO] Downloading: https://repo.maven.apache.org/maven2/org/apache/maven/maven-model-builder/3.0/maven-model-builder-3.0.pom
[INFO] Downloaded: https://repo.maven.apache.org/maven2/org/apache/maven/maven-model-builder/3.0/maven-model-builder-3.0.pom (3 KB at 129.0 KB/sec)
[INFO] Downloading: https://repo.maven.apache.org/maven2/org/codehaus/plexus/plexus-interpolation/1.14/plexus-interpolation-1.14.pom
[INFO] Downloaded: https://repo.maven.apache.org/maven2/org/codehaus/plexus/plexus-interpolation/1.14/plexus-interpolation-1.14.pom (910 B at 59.2 KB/sec)
[INFO] Downloading: https://repo.maven.apache.org/maven2/org/codehaus/plexus/plexus-component-annotations/1.5.5/plexus-component-annotations-1.5.5.pom
[INFO] Downloaded: https://repo.maven.apache.org/maven2/org/codehaus/plexus/plexus-component-annotations/1.5.5/plexus-component-annotations-1.5.5.pom (815 B at 49.7 KB/sec)
[INFO] Downloading: https://repo.maven.apache.org/maven2/org/codehaus/plexus/plexus-containers/1.5.5/plexus-containers-1.5.5.pom
[INFO] Downloaded: https://repo.maven.apache.org/maven2/org/codehaus/plexus/plexus-containers/1.5.5/plexus-containers-1.5.5.pom (5 KB at 243.6 KB/sec)
[INFO] Downloading: https://repo.maven.apache.org/maven2/org/apache/maven/maven-settings/3.0/maven-settings-3.0.pom
[INFO] Downloaded: https://repo.maven.apache.org/maven2/org/apache/maven/maven-settings/3.0/maven-settings-3.0.pom (2 KB at 131.2 KB/sec)
[INFO] Downloading: https://repo.maven.apache.org/maven2/org/apache/maven/maven-core/3.0/maven-core-3.0.pom
[INFO] Downloaded: https://repo.maven.apache.org/maven2/org/apache/maven/maven-core/3.0/maven-core-3.0.pom (7 KB at 340.7 KB/sec)
[INFO] Downloading: https://repo.maven.apache.org/maven2/org/apache/maven/maven-settings-builder/3.0/maven-settings-builder-3.0.pom
[INFO] Downloaded: https://repo.maven.apache.org/maven2/org/apache/maven/maven-settings-builder/3.0/maven-settings-builder-3.0.pom (3 KB at 135.5 KB/sec)
[INFO] Downloading: https://repo.maven.apache.org/maven2/org/apache/maven/maven-repository-metadata/3.0/maven-repository-metadata-3.0.pom
[INFO] Downloaded: https://repo.maven.apache.org/maven2/org/apache/maven/maven-repository-metadata/3.0/maven-repository-metadata-3.0.pom (2 KB at 110.8 KB/sec)
[INFO] Downloading: https://repo.maven.apache.org/maven2/org/apache/maven/maven-aether-provider/3.0/maven-aether-provider-3.0.pom
[INFO] Downloaded: https://repo.maven.apache.org/maven2/org/apache/maven/maven-aether-provider/3.0/maven-aether-provider-3.0.pom (3 KB at 114.9 KB/sec)
[INFO] Downloading: https://repo.maven.apache.org/maven2/org/sonatype/aether/aether-api/1.7/aether-api-1.7.pom
[INFO] Downloaded: https://repo.maven.apache.org/maven2/org/sonatype/aether/aether-api/1.7/aether-api-1.7.pom (2 KB at 108.9 KB/sec)
[INFO] Downloading: https://repo.maven.apache.org/maven2/org/sonatype/aether/aether-parent/1.7/aether-parent-1.7.pom
[INFO] Downloaded: https://repo.maven.apache.org/maven2/org/sonatype/aether/aether-parent/1.7/aether-parent-1.7.pom (8 KB at 397.0 KB/sec)
[INFO] Downloading: https://repo.maven.apache.org/maven2/org/sonatype/forge/forge-parent/6/forge-parent-6.pom
[INFO] Downloaded: https://repo.maven.apache.org/maven2/org/sonatype/forge/forge-parent/6/forge-parent-6.pom (11 KB at 500.1 KB/sec)
[INFO] Downloading: https://repo.maven.apache.org/maven2/org/sonatype/aether/aether-util/1.7/aether-util-1.7.pom
[INFO] Downloaded: https://repo.maven.apache.org/maven2/org/sonatype/aether/aether-util/1.7/aether-util-1.7.pom (3 KB at 125.9 KB/sec)
[INFO] Downloading: https://repo.maven.apache.org/maven2/org/sonatype/aether/aether-impl/1.7/aether-impl-1.7.pom
[INFO] Downloaded: https://repo.maven.apache.org/maven2/org/sonatype/aether/aether-impl/1.7/aether-impl-1.7.pom (4 KB at 212.1 KB/sec)
[INFO] Downloading: https://repo.maven.apache.org/maven2/org/sonatype/aether/aether-spi/1.7/aether-spi-1.7.pom
[INFO] Downloaded: https://repo.maven.apache.org/maven2/org/sonatype/aether/aether-spi/1.7/aether-spi-1.7.pom (2 KB at 106.3 KB/sec)
[INFO] Downloading: https://repo.maven.apache.org/maven2/org/sonatype/sisu/sisu-inject-plexus/1.4.2/sisu-inject-plexus-1.4.2.pom
[INFO] Downloaded: https://repo.maven.apache.org/maven2/org/sonatype/sisu/sisu-inject-plexus/1.4.2/sisu-inject-plexus-1.4.2.pom (6 KB at 308.4 KB/sec)
[INFO] Downloading: https://repo.maven.apache.org/maven2/org/sonatype/sisu/inject/guice-plexus/1.4.2/guice-plexus-1.4.2.pom
[INFO] Downloaded: https://repo.maven.apache.org/maven2/org/sonatype/sisu/inject/guice-plexus/1.4.2/guice-plexus-1.4.2.pom (4 KB at 127.3 KB/sec)
[INFO] Downloading: https://repo.maven.apache.org/maven2/org/sonatype/sisu/inject/guice-bean/1.4.2/guice-bean-1.4.2.pom
[INFO] Downloaded: https://repo.maven.apache.org/maven2/org/sonatype/sisu/inject/guice-bean/1.4.2/guice-bean-1.4.2.pom (3 KB at 70.7 KB/sec)
[INFO] Downloading: https://repo.maven.apache.org/maven2/org/sonatype/sisu/sisu-inject/1.4.2/sisu-inject-1.4.2.pom
[INFO] Downloaded: https://repo.maven.apache.org/maven2/org/sonatype/sisu/sisu-inject/1.4.2/sisu-inject-1.4.2.pom (2 KB at 55.4 KB/sec)
[INFO] Downloading: https://repo.maven.apache.org/maven2/org/sonatype/sisu/sisu-parent/1.4.2/sisu-parent-1.4.2.pom
[INFO] Downloaded: https://repo.maven.apache.org/maven2/org/sonatype/sisu/sisu-parent/1.4.2/sisu-parent-1.4.2.pom (8 KB at 292.1 KB/sec)
[INFO] Downloading: https://repo.maven.apache.org/maven2/org/codehaus/plexus/plexus-component-annotations/1.5.4/plexus-component-annotations-1.5.4.pom
[INFO] Downloaded: https://repo.maven.apache.org/maven2/org/codehaus/plexus/plexus-component-annotations/1.5.4/plexus-component-annotations-1.5.4.pom (815 B at 56.8 KB/sec)
[INFO] Downloading: https://repo.maven.apache.org/maven2/org/codehaus/plexus/plexus-containers/1.5.4/plexus-containers-1.5.4.pom
[INFO] Downloaded: https://repo.maven.apache.org/maven2/org/codehaus/plexus/plexus-containers/1.5.4/plexus-containers-1.5.4.pom (5 KB at 207.0 KB/sec)
[INFO] Downloading: https://repo.maven.apache.org/maven2/org/codehaus/plexus/plexus/2.0.5/plexus-2.0.5.pom
[INFO] Downloaded: https://repo.maven.apache.org/maven2/org/codehaus/plexus/plexus/2.0.5/plexus-2.0.5.pom (17 KB at 605.1 KB/sec)
[INFO] Downloading: https://repo.maven.apache.org/maven2/org/codehaus/plexus/plexus-classworlds/2.2.3/plexus-classworlds-2.2.3.pom
[INFO] Downloaded: https://repo.maven.apache.org/maven2/org/codehaus/plexus/plexus-classworlds/2.2.3/plexus-classworlds-2.2.3.pom (4 KB at 134.6 KB/sec)
[INFO] Downloading: https://repo.maven.apache.org/maven2/org/sonatype/sisu/sisu-inject-bean/1.4.2/sisu-inject-bean-1.4.2.pom
[INFO] Downloaded: https://repo.maven.apache.org/maven2/org/sonatype/sisu/sisu-inject-bean/1.4.2/sisu-inject-bean-1.4.2.pom (6 KB at 156.7 KB/sec)
[INFO] Downloading: https://repo.maven.apache.org/maven2/org/sonatype/sisu/sisu-guice/2.1.7/sisu-guice-2.1.7.pom
[INFO] Downloaded: https://repo.maven.apache.org/maven2/org/sonatype/sisu/sisu-guice/2.1.7/sisu-guice-2.1.7.pom (11 KB at 450.1 KB/sec)
[INFO] Downloading: https://repo.maven.apache.org/maven2/org/apache/maven/wagon/wagon-provider-api/1.0-beta-6/wagon-provider-api-1.0-beta-6.pom
[INFO] Downloaded: https://repo.maven.apache.org/maven2/org/apache/maven/wagon/wagon-provider-api/1.0-beta-6/wagon-provider-api-1.0-beta-6.pom (2 KB at 107.4 KB/sec)
[INFO] Downloading: https://repo.maven.apache.org/maven2/org/apache/maven/wagon/wagon/1.0-beta-6/wagon-1.0-beta-6.pom
[INFO] Downloaded: https://repo.maven.apache.org/maven2/org/apache/maven/wagon/wagon/1.0-beta-6/wagon-1.0-beta-6.pom (13 KB at 576.0 KB/sec)
[INFO] Downloading: https://repo.maven.apache.org/maven2/org/codehaus/plexus/plexus-utils/1.4.2/plexus-utils-1.4.2.pom
[INFO] Downloaded: https://repo.maven.apache.org/maven2/org/codehaus/plexus/plexus-utils/1.4.2/plexus-utils-1.4.2.pom (2 KB at 127.5 KB/sec)
[INFO] Downloading: https://repo.maven.apache.org/maven2/org/apache/maven/wagon/wagon-provider-api/2.10/wagon-provider-api-2.10.pom
[INFO] Downloaded: https://repo.maven.apache.org/maven2/org/apache/maven/wagon/wagon-provider-api/2.10/wagon-provider-api-2.10.pom (2 KB at 112.7 KB/sec)
[INFO] Downloading: https://repo.maven.apache.org/maven2/org/apache/maven/wagon/wagon/2.10/wagon-2.10.pom
[INFO] Downloaded: https://repo.maven.apache.org/maven2/org/apache/maven/wagon/wagon/2.10/wagon-2.10.pom (21 KB at 646.3 KB/sec)
[INFO] Downloading: https://repo.maven.apache.org/maven2/org/codehaus/plexus/plexus-utils/3.0.15/plexus-utils-3.0.15.pom
[INFO] Downloaded: https://repo.maven.apache.org/maven2/org/codehaus/plexus/plexus-utils/3.0.15/plexus-utils-3.0.15.pom (4 KB at 180.7 KB/sec)
[INFO] Downloading: https://repo.maven.apache.org/maven2/org/apache/maven/shared/maven-shared-utils/3.0.0/maven-shared-utils-3.0.0.pom
[INFO] Downloaded: https://repo.maven.apache.org/maven2/org/apache/maven/shared/maven-shared-utils/3.0.0/maven-shared-utils-3.0.0.pom (6 KB at 287.0 KB/sec)
[INFO] Downloading: https://repo.maven.apache.org/maven2/org/apache/maven/shared/maven-shared-components/21/maven-shared-components-21.pom
[INFO] Downloaded: https://repo.maven.apache.org/maven2/org/apache/maven/shared/maven-shared-components/21/maven-shared-components-21.pom (5 KB at 311.7 KB/sec)
[INFO] Downloading: https://repo.maven.apache.org/maven2/org/apache/maven/maven-parent/25/maven-parent-25.pom
[INFO] Downloaded: https://repo.maven.apache.org/maven2/org/apache/maven/maven-parent/25/maven-parent-25.pom (37 KB at 1218.8 KB/sec)
[INFO] Downloading: https://repo.maven.apache.org/maven2/org/apache/apache/15/apache-15.pom
[INFO] Downloaded: https://repo.maven.apache.org/maven2/org/apache/apache/15/apache-15.pom (15 KB at 676.3 KB/sec)
[INFO] Downloading: https://repo.maven.apache.org/maven2/commons-io/commons-io/2.4/commons-io-2.4.pom
[INFO] Downloaded: https://repo.maven.apache.org/maven2/commons-io/commons-io/2.4/commons-io-2.4.pom (10 KB at 397.1 KB/sec)
[INFO] Downloading: https://repo.maven.apache.org/maven2/org/apache/commons/commons-parent/25/commons-parent-25.pom
[INFO] Downloaded: https://repo.maven.apache.org/maven2/org/apache/commons/commons-parent/25/commons-parent-25.pom (48 KB at 1241.4 KB/sec)
[INFO] Downloading: https://repo.maven.apache.org/maven2/com/google/code/findbugs/jsr305/2.0.1/jsr305-2.0.1.pom
[INFO] Downloaded: https://repo.maven.apache.org/maven2/com/google/code/findbugs/jsr305/2.0.1/jsr305-2.0.1.pom (965 B at 58.9 KB/sec)
[INFO] Downloading: https://repo.maven.apache.org/maven2/org/apache/maven/reporting/maven-reporting-api/2.2.1/maven-reporting-api-2.2.1.jar
[INFO] Downloading: https://repo.maven.apache.org/maven2/org/apache/maven/doxia/doxia-sink-api/1.1/doxia-sink-api-1.1.jar
[INFO] Downloading: https://repo.maven.apache.org/maven2/org/apache/maven/doxia/doxia-logging-api/1.1/doxia-logging-api-1.1.jar
[INFO] Downloading: https://repo.maven.apache.org/maven2/commons-cli/commons-cli/1.2/commons-cli-1.2.jar
[INFO] Downloading: https://repo.maven.apache.org/maven2/org/codehaus/plexus/plexus-utils/3.0.22/plexus-utils-3.0.22.jar
[INFO] Downloaded: https://repo.maven.apache.org/maven2/org/apache/maven/doxia/doxia-logging-api/1.1/doxia-logging-api-1.1.jar (12 KB at 335.5 KB/sec)
[INFO] Downloaded: https://repo.maven.apache.org/maven2/org/apache/maven/doxia/doxia-sink-api/1.1/doxia-sink-api-1.1.jar (13 KB at 379.2 KB/sec)
[INFO] Downloading: https://repo.maven.apache.org/maven2/org/beanshell/bsh/2.0b4/bsh-2.0b4.jar
[INFO] Downloading: https://repo.maven.apache.org/maven2/org/apache/maven/shared/file-management/3.0.0/file-management-3.0.0.jar
[INFO] Downloaded: https://repo.maven.apache.org/maven2/org/apache/maven/reporting/maven-reporting-api/2.2.1/maven-reporting-api-2.2.1.jar (10 KB at 233.1 KB/sec)
[INFO] Downloading: https://repo.maven.apache.org/maven2/org/apache/maven/shared/maven-shared-io/3.0.0/maven-shared-io-3.0.0.jar
[INFO] Downloaded: https://repo.maven.apache.org/maven2/commons-cli/commons-cli/1.2/commons-cli-1.2.jar (41 KB at 912.7 KB/sec)
[INFO] Downloading: https://repo.maven.apache.org/maven2/org/sonatype/sisu/sisu-inject-bean/1.4.2/sisu-inject-bean-1.4.2.jar
[INFO] Downloaded: https://repo.maven.apache.org/maven2/org/apache/maven/shared/file-management/3.0.0/file-management-3.0.0.jar (35 KB at 638.8 KB/sec)
[INFO] Downloading: https://repo.maven.apache.org/maven2/org/sonatype/sisu/sisu-guice/2.1.7/sisu-guice-2.1.7-noaop.jar
[INFO] Downloaded: https://repo.maven.apache.org/maven2/org/apache/maven/shared/maven-shared-io/3.0.0/maven-shared-io-3.0.0.jar (41 KB at 595.4 KB/sec)
[INFO] Downloading: https://repo.maven.apache.org/maven2/org/codehaus/plexus/plexus-component-annotations/1.5.5/plexus-component-annotations-1.5.5.jar
[INFO] Downloaded: https://repo.maven.apache.org/maven2/org/codehaus/plexus/plexus-component-annotations/1.5.5/plexus-component-annotations-1.5.5.jar (5 KB at 48.4 KB/sec)
[INFO] Downloading: https://repo.maven.apache.org/maven2/org/apache/maven/shared/maven-shared-utils/3.0.0/maven-shared-utils-3.0.0.jar
[INFO] Downloaded: https://repo.maven.apache.org/maven2/org/sonatype/sisu/sisu-inject-bean/1.4.2/sisu-inject-bean-1.4.2.jar (150 KB at 1370.7 KB/sec)
[INFO] Downloading: https://repo.maven.apache.org/maven2/commons-io/commons-io/2.4/commons-io-2.4.jar
[INFO] Downloaded: https://repo.maven.apache.org/maven2/org/codehaus/plexus/plexus-utils/3.0.22/plexus-utils-3.0.22.jar (240 KB at 1868.4 KB/sec)
[INFO] Downloading: https://repo.maven.apache.org/maven2/com/google/code/findbugs/jsr305/2.0.1/jsr305-2.0.1.jar
[INFO] Downloaded: https://repo.maven.apache.org/maven2/org/beanshell/bsh/2.0b4/bsh-2.0b4.jar (276 KB at 1821.8 KB/sec)
[INFO] Downloaded: https://repo.maven.apache.org/maven2/com/google/code/findbugs/jsr305/2.0.1/jsr305-2.0.1.jar (32 KB at 202.1 KB/sec)
[INFO] Downloaded: https://repo.maven.apache.org/maven2/org/apache/maven/shared/maven-shared-utils/3.0.0/maven-shared-utils-3.0.0.jar (152 KB at 782.8 KB/sec)
[INFO] Downloaded: https://repo.maven.apache.org/maven2/commons-io/commons-io/2.4/commons-io-2.4.jar (181 KB at 829.4 KB/sec)
[INFO] Downloaded: https://repo.maven.apache.org/maven2/org/sonatype/sisu/sisu-guice/2.1.7/sisu-guice-2.1.7-noaop.jar (461 KB at 1520.4 KB/sec)
[INFO] Source directory: /home/travis/build/failed/yamcs/yamcs/yamcs-core/target/generated-sources/version added.
[INFO] 
[INFO] --- maven-antrun-plugin:1.3:run (generate-version) @ yamcs-core ---
[INFO] Downloading: https://repo.maven.apache.org/maven2/org/apache/maven/maven-plugin-api/2.0.4/maven-plugin-api-2.0.4.pom
[INFO] Downloaded: https://repo.maven.apache.org/maven2/org/apache/maven/maven-plugin-api/2.0.4/maven-plugin-api-2.0.4.pom (643 B at 41.9 KB/sec)
[INFO] Downloading: https://repo.maven.apache.org/maven2/org/apache/maven/maven/2.0.4/maven-2.0.4.pom
[INFO] Downloaded: https://repo.maven.apache.org/maven2/org/apache/maven/maven/2.0.4/maven-2.0.4.pom (12 KB at 500.8 KB/sec)
[INFO] Downloading: https://repo.maven.apache.org/maven2/org/apache/maven/maven-project/2.0.4/maven-project-2.0.4.pom
[INFO] Downloaded: https://repo.maven.apache.org/maven2/org/apache/maven/maven-project/2.0.4/maven-project-2.0.4.pom (2 KB at 119.9 KB/sec)
[INFO] Downloading: https://repo.maven.apache.org/maven2/org/apache/maven/maven-settings/2.0.4/maven-settings-2.0.4.pom
[INFO] Downloaded: https://repo.maven.apache.org/maven2/org/apache/maven/maven-settings/2.0.4/maven-settings-2.0.4.pom (2 KB at 99.2 KB/sec)
[INFO] Downloading: https://repo.maven.apache.org/maven2/org/apache/maven/maven-model/2.0.4/maven-model-2.0.4.pom
[INFO] Downloaded: https://repo.maven.apache.org/maven2/org/apache/maven/maven-model/2.0.4/maven-model-2.0.4.pom (3 KB at 165.4 KB/sec)
[INFO] Downloading: https://repo.maven.apache.org/maven2/org/codehaus/plexus/plexus-utils/1.1/plexus-utils-1.1.pom
[INFO] Downloaded: https://repo.maven.apache.org/maven2/org/codehaus/plexus/plexus-utils/1.1/plexus-utils-1.1.pom (767 B at 44.1 KB/sec)
[INFO] Downloading: https://repo.maven.apache.org/maven2/org/codehaus/plexus/plexus-container-default/1.0-alpha-9/plexus-container-default-1.0-alpha-9.pom
[INFO] Downloaded: https://repo.maven.apache.org/maven2/org/codehaus/plexus/plexus-container-default/1.0-alpha-9/plexus-container-default-1.0-alpha-9.pom (2 KB at 80.5 KB/sec)
[INFO] Downloading: https://repo.maven.apache.org/maven2/org/apache/maven/maven-profile/2.0.4/maven-profile-2.0.4.pom
[INFO] Downloaded: https://repo.maven.apache.org/maven2/org/apache/maven/maven-profile/2.0.4/maven-profile-2.0.4.pom (2 KB at 98.8 KB/sec)
[INFO] Downloading: https://repo.maven.apache.org/maven2/org/apache/maven/maven-artifact-manager/2.0.4/maven-artifact-manager-2.0.4.pom
[INFO] Downloaded: https://repo.maven.apache.org/maven2/org/apache/maven/maven-artifact-manager/2.0.4/maven-artifact-manager-2.0.4.pom (2 KB at 88.4 KB/sec)
[INFO] Downloading: https://repo.maven.apache.org/maven2/org/apache/maven/maven-repository-metadata/2.0.4/maven-repository-metadata-2.0.4.pom
[INFO] Downloaded: https://repo.maven.apache.org/maven2/org/apache/maven/maven-repository-metadata/2.0.4/maven-repository-metadata-2.0.4.pom (2 KB at 90.8 KB/sec)
[INFO] Downloading: https://repo.maven.apache.org/maven2/org/apache/maven/maven-artifact/2.0.4/maven-artifact-2.0.4.pom
[INFO] Downloaded: https://repo.maven.apache.org/maven2/org/apache/maven/maven-artifact/2.0.4/maven-artifact-2.0.4.pom (765 B at 49.8 KB/sec)
[INFO] Downloading: https://repo.maven.apache.org/maven2/org/codehaus/plexus/plexus-utils/1.5.6/plexus-utils-1.5.6.pom
[INFO] Downloaded: https://repo.maven.apache.org/maven2/org/codehaus/plexus/plexus-utils/1.5.6/plexus-utils-1.5.6.pom (6 KB at 287.7 KB/sec)
[INFO] Downloading: https://repo.maven.apache.org/maven2/org/codehaus/plexus/plexus/1.0.12/plexus-1.0.12.pom
[INFO] Downloaded: https://repo.maven.apache.org/maven2/org/codehaus/plexus/plexus/1.0.12/plexus-1.0.12.pom (10 KB at 503.7 KB/sec)
[INFO] Downloading: https://repo.maven.apache.org/maven2/org/apache/ant/ant-launcher/1.7.1/ant-launcher-1.7.1.pom
[INFO] Downloaded: https://repo.maven.apache.org/maven2/org/apache/ant/ant-launcher/1.7.1/ant-launcher-1.7.1.pom (3 KB at 145.4 KB/sec)
[INFO] Downloading: https://repo.maven.apache.org/maven2/org/apache/ant/ant-parent/1.7.1/ant-parent-1.7.1.pom
[INFO] Downloaded: https://repo.maven.apache.org/maven2/org/apache/ant/ant-parent/1.7.1/ant-parent-1.7.1.pom (5 KB at 251.5 KB/sec)
[INFO] Downloading: https://repo.maven.apache.org/maven2/org/apache/ant/ant/1.7.1/ant-1.7.1.pom
[INFO] Downloaded: https://repo.maven.apache.org/maven2/org/apache/ant/ant/1.7.1/ant-1.7.1.pom (10 KB at 476.5 KB/sec)
[INFO] Downloading: https://repo.maven.apache.org/maven2/org/codehaus/plexus/plexus-utils/1.5.6/plexus-utils-1.5.6.jar
[INFO] Downloading: https://repo.maven.apache.org/maven2/org/apache/ant/ant-launcher/1.7.1/ant-launcher-1.7.1.jar
[INFO] Downloading: https://repo.maven.apache.org/maven2/org/apache/ant/ant/1.7.1/ant-1.7.1.jar
[INFO] Downloaded: https://repo.maven.apache.org/maven2/org/apache/ant/ant-launcher/1.7.1/ant-launcher-1.7.1.jar (12 KB at 624.1 KB/sec)
[INFO] Downloaded: https://repo.maven.apache.org/maven2/org/codehaus/plexus/plexus-utils/1.5.6/plexus-utils-1.5.6.jar (245 KB at 1773.0 KB/sec)
[INFO] Downloaded: https://repo.maven.apache.org/maven2/org/apache/ant/ant/1.7.1/ant-1.7.1.jar (1292 KB at 2171.4 KB/sec)
[INFO] Executing tasks
     [copy] Copying 1 file to /home/travis/build/failed/yamcs/yamcs/yamcs-core/target/generated-sources/version/org/yamcs
[INFO] Executed tasks
[INFO] 
[INFO] --- maven-resources-plugin:2.6:resources (default-resources) @ yamcs-core ---
[INFO] Using 'UTF-8' encoding to copy filtered resources.
[INFO] Copying 31 resources
[INFO] 
[INFO] --- maven-compiler-plugin:2.3.2:compile (default-compile) @ yamcs-core ---
[INFO] Compiling 602 source files to /home/travis/build/failed/yamcs/yamcs/yamcs-core/target/classes
[INFO] 
[INFO] --- maven-resources-plugin:2.6:testResources (default-testResources) @ yamcs-core ---
[INFO] Using 'UTF-8' encoding to copy filtered resources.
[INFO] Copying 37 resources
[INFO] Copying 19 resources
[INFO] 
[INFO] --- maven-compiler-plugin:2.3.2:testCompile (default-testCompile) @ yamcs-core ---
[INFO] Compiling 99 source files to /home/travis/build/failed/yamcs/yamcs/yamcs-core/target/test-classes
[INFO] 
[INFO] --- maven-surefire-plugin:2.19.1:test (default-test) @ yamcs-core ---
[INFO] Tests are skipped.
[INFO] 
[INFO] --- maven-jar-plugin:2.4:jar (default-jar) @ yamcs-core ---
[INFO] Building jar: /home/travis/build/failed/yamcs/yamcs/yamcs-core/target/yamcs-core-3.1.3-SNAPSHOT.jar
[INFO] 
[INFO] --- maven-dependency-plugin:2.8:copy-dependencies (copy-dependencies) @ yamcs-core ---
[INFO] Downloading: https://repo.maven.apache.org/maven2/org/apache/maven/maven-core/2.0.9/maven-core-2.0.9.pom
[INFO] Downloaded: https://repo.maven.apache.org/maven2/org/apache/maven/maven-core/2.0.9/maven-core-2.0.9.pom (8 KB at 362.0 KB/sec)
[INFO] Downloading: https://repo.maven.apache.org/maven2/org/apache/maven/maven-plugin-parameter-documenter/2.0.9/maven-plugin-parameter-documenter-2.0.9.pom
[INFO] Downloaded: https://repo.maven.apache.org/maven2/org/apache/maven/maven-plugin-parameter-documenter/2.0.9/maven-plugin-parameter-documenter-2.0.9.pom (2 KB at 119.9 KB/sec)
[INFO] Downloading: https://repo.maven.apache.org/maven2/org/apache/maven/reporting/maven-reporting-api/2.0.9/maven-reporting-api-2.0.9.pom
[INFO] Downloaded: https://repo.maven.apache.org/maven2/org/apache/maven/reporting/maven-reporting-api/2.0.9/maven-reporting-api-2.0.9.pom (2 KB at 110.0 KB/sec)
[INFO] Downloading: https://repo.maven.apache.org/maven2/org/apache/maven/reporting/maven-reporting/2.0.9/maven-reporting-2.0.9.pom
[INFO] Downloaded: https://repo.maven.apache.org/maven2/org/apache/maven/reporting/maven-reporting/2.0.9/maven-reporting-2.0.9.pom (2 KB at 84.8 KB/sec)
[INFO] Downloading: https://repo.maven.apache.org/maven2/org/apache/maven/doxia/doxia-sink-api/1.0-alpha-10/doxia-sink-api-1.0-alpha-10.pom
[INFO] Downloaded: https://repo.maven.apache.org/maven2/org/apache/maven/doxia/doxia-sink-api/1.0-alpha-10/doxia-sink-api-1.0-alpha-10.pom (2 KB at 82.2 KB/sec)
[INFO] Downloading: https://repo.maven.apache.org/maven2/org/apache/maven/doxia/doxia/1.0-alpha-10/doxia-1.0-alpha-10.pom
[INFO] Downloaded: https://repo.maven.apache.org/maven2/org/apache/maven/doxia/doxia/1.0-alpha-10/doxia-1.0-alpha-10.pom (9 KB at 357.8 KB/sec)
[INFO] Downloading: https://repo.maven.apache.org/maven2/org/apache/maven/maven-parent/6/maven-parent-6.pom
[INFO] Downloaded: https://repo.maven.apache.org/maven2/org/apache/maven/maven-parent/6/maven-parent-6.pom (20 KB at 725.0 KB/sec)
[INFO] Downloading: https://repo.maven.apache.org/maven2/org/apache/maven/maven-error-diagnostics/2.0.9/maven-error-diagnostics-2.0.9.pom
[INFO] Downloaded: https://repo.maven.apache.org/maven2/org/apache/maven/maven-error-diagnostics/2.0.9/maven-error-diagnostics-2.0.9.pom (2 KB at 113.5 KB/sec)
[INFO] Downloading: https://repo.maven.apache.org/maven2/org/apache/maven/maven-plugin-descriptor/2.0.9/maven-plugin-descriptor-2.0.9.pom
[INFO] Downloaded: https://repo.maven.apache.org/maven2/org/apache/maven/maven-plugin-descriptor/2.0.9/maven-plugin-descriptor-2.0.9.pom (3 KB at 119.2 KB/sec)
[INFO] Downloading: https://repo.maven.apache.org/maven2/org/apache/maven/maven-monitor/2.0.9/maven-monitor-2.0.9.pom
[INFO] Downloaded: https://repo.maven.apache.org/maven2/org/apache/maven/maven-monitor/2.0.9/maven-monitor-2.0.9.pom (2 KB at 83.7 KB/sec)
[INFO] Downloading: https://repo.maven.apache.org/maven2/org/apache/maven/doxia/doxia-sink-api/1.0/doxia-sink-api-1.0.pom
[INFO] Downloaded: https://repo.maven.apache.org/maven2/org/apache/maven/doxia/doxia-sink-api/1.0/doxia-sink-api-1.0.pom (2 KB at 79.7 KB/sec)
[INFO] Downloading: https://repo.maven.apache.org/maven2/org/apache/maven/doxia/doxia/1.0/doxia-1.0.pom
[INFO] Downloaded: https://repo.maven.apache.org/maven2/org/apache/maven/doxia/doxia/1.0/doxia-1.0.pom (10 KB at 495.7 KB/sec)
[INFO] Downloading: https://repo.maven.apache.org/maven2/org/apache/maven/maven-parent/10/maven-parent-10.pom
[INFO] Downloaded: https://repo.maven.apache.org/maven2/org/apache/maven/maven-parent/10/maven-parent-10.pom (31 KB at 965.4 KB/sec)
[INFO] Downloading: https://repo.maven.apache.org/maven2/org/apache/maven/reporting/maven-reporting-impl/2.0.5/maven-reporting-impl-2.0.5.pom
[INFO] Downloaded: https://repo.maven.apache.org/maven2/org/apache/maven/reporting/maven-reporting-impl/2.0.5/maven-reporting-impl-2.0.5.pom (5 KB at 242.6 KB/sec)
[INFO] Downloading: https://repo.maven.apache.org/maven2/org/apache/maven/doxia/doxia-core/1.0/doxia-core-1.0.pom
[INFO] Downloaded: https://repo.maven.apache.org/maven2/org/apache/maven/doxia/doxia-core/1.0/doxia-core-1.0.pom (3 KB at 137.6 KB/sec)
[INFO] Downloading: https://repo.maven.apache.org/maven2/org/codehaus/plexus/plexus-utils/1.5.7/plexus-utils-1.5.7.pom
[INFO] Downloaded: https://repo.maven.apache.org/maven2/org/codehaus/plexus/plexus-utils/1.5.7/plexus-utils-1.5.7.pom (8 KB at 375.0 KB/sec)
[INFO] Downloading: https://repo.maven.apache.org/maven2/org/apache/maven/doxia/doxia-site-renderer/1.0/doxia-site-renderer-1.0.pom
[INFO] Downloaded: https://repo.maven.apache.org/maven2/org/apache/maven/doxia/doxia-site-renderer/1.0/doxia-site-renderer-1.0.pom (5 KB at 254.3 KB/sec)
[INFO] Downloading: https://repo.maven.apache.org/maven2/org/apache/maven/doxia/doxia-sitetools/1.0/doxia-sitetools-1.0.pom
[INFO] Downloaded: https://repo.maven.apache.org/maven2/org/apache/maven/doxia/doxia-sitetools/1.0/doxia-sitetools-1.0.pom (10 KB at 445.8 KB/sec)
[INFO] Downloading: https://repo.maven.apache.org/maven2/org/codehaus/plexus/plexus-i18n/1.0-beta-7/plexus-i18n-1.0-beta-7.pom
[INFO] Downloaded: https://repo.maven.apache.org/maven2/org/codehaus/plexus/plexus-i18n/1.0-beta-7/plexus-i18n-1.0-beta-7.pom (2 KB at 68.9 KB/sec)
[INFO] Downloading: https://repo.maven.apache.org/maven2/org/codehaus/plexus/plexus-components/1.1.12/plexus-components-1.1.12.pom
[INFO] Downloaded: https://repo.maven.apache.org/maven2/org/codehaus/plexus/plexus-components/1.1.12/plexus-components-1.1.12.pom (3 KB at 195.5 KB/sec)
[INFO] Downloading: https://repo.maven.apache.org/maven2/org/codehaus/plexus/plexus-velocity/1.1.7/plexus-velocity-1.1.7.pom
[INFO] Downloaded: https://repo.maven.apache.org/maven2/org/codehaus/plexus/plexus-velocity/1.1.7/plexus-velocity-1.1.7.pom (2 KB at 119.4 KB/sec)
[INFO] Downloading: https://repo.maven.apache.org/maven2/org/codehaus/plexus/plexus-container-default/1.0-alpha-20/plexus-container-default-1.0-alpha-20.pom
[INFO] Downloaded: https://repo.maven.apache.org/maven2/org/codehaus/plexus/plexus-container-default/1.0-alpha-20/plexus-container-default-1.0-alpha-20.pom (3 KB at 146.0 KB/sec)
[INFO] Downloading: https://repo.maven.apache.org/maven2/org/codehaus/plexus/plexus-containers/1.0-alpha-20/plexus-containers-1.0-alpha-20.pom
[INFO] Downloaded: https://repo.maven.apache.org/maven2/org/codehaus/plexus/plexus-containers/1.0-alpha-20/plexus-containers-1.0-alpha-20.pom (2 KB at 102.3 KB/sec)
[INFO] Downloading: https://repo.maven.apache.org/maven2/org/codehaus/plexus/plexus-utils/1.3/plexus-utils-1.3.pom
[INFO] Downloaded: https://repo.maven.apache.org/maven2/org/codehaus/plexus/plexus-utils/1.3/plexus-utils-1.3.pom (2 KB at 72.1 KB/sec)
[INFO] Downloading: https://repo.maven.apache.org/maven2/org/codehaus/plexus/plexus-classworlds/1.2-alpha-7/plexus-classworlds-1.2-alpha-7.pom
[INFO] Downloaded: https://repo.maven.apache.org/maven2/org/codehaus/plexus/plexus-classworlds/1.2-alpha-7/plexus-classworlds-1.2-alpha-7.pom (3 KB at 154.4 KB/sec)
[INFO] Downloading: https://repo.maven.apache.org/maven2/org/codehaus/plexus/plexus/1.0.9/plexus-1.0.9.pom
[INFO] Downloaded: https://repo.maven.apache.org/maven2/org/codehaus/plexus/plexus/1.0.9/plexus-1.0.9.pom (8 KB at 416.7 KB/sec)
[INFO] Downloading: https://repo.maven.apache.org/maven2/org/apache/velocity/velocity/1.5/velocity-1.5.pom
[INFO] Downloaded: https://repo.maven.apache.org/maven2/org/apache/velocity/velocity/1.5/velocity-1.5.pom (8 KB at 399.1 KB/sec)
[INFO] Downloading: https://repo.maven.apache.org/maven2/commons-collections/commons-collections/3.1/commons-collections-3.1.pom
[INFO] Downloaded: https://repo.maven.apache.org/maven2/commons-collections/commons-collections/3.1/commons-collections-3.1.pom (6 KB at 349.5 KB/sec)
[INFO] Downloading: https://repo.maven.apache.org/maven2/oro/oro/2.0.8/oro-2.0.8.pom
[INFO] Downloaded: https://repo.maven.apache.org/maven2/oro/oro/2.0.8/oro-2.0.8.pom (140 B at 9.8 KB/sec)
[INFO] Downloading: https://repo.maven.apache.org/maven2/org/apache/maven/doxia/doxia-decoration-model/1.0/doxia-decoration-model-1.0.pom
[INFO] Downloaded: https://repo.maven.apache.org/maven2/org/apache/maven/doxia/doxia-decoration-model/1.0/doxia-decoration-model-1.0.pom (4 KB at 181.2 KB/sec)
[INFO] Downloading: https://repo.maven.apache.org/maven2/commons-collections/commons-collections/3.2/commons-collections-3.2.pom
[INFO] Downloaded: https://repo.maven.apache.org/maven2/commons-collections/commons-collections/3.2/commons-collections-3.2.pom (11 KB at 513.1 KB/sec)
[INFO] Downloading: https://repo.maven.apache.org/maven2/org/apache/maven/doxia/doxia-module-apt/1.0/doxia-module-apt-1.0.pom
[INFO] Downloaded: https://repo.maven.apache.org/maven2/org/apache/maven/doxia/doxia-module-apt/1.0/doxia-module-apt-1.0.pom (3 KB at 100.0 KB/sec)
[INFO] Downloading: https://repo.maven.apache.org/maven2/org/apache/maven/doxia/doxia-modules/1.0/doxia-modules-1.0.pom
[INFO] Downloaded: https://repo.maven.apache.org/maven2/org/apache/maven/doxia/doxia-modules/1.0/doxia-modules-1.0.pom (3 KB at 129.9 KB/sec)
[INFO] Downloading: https://repo.maven.apache.org/maven2/org/apache/maven/doxia/doxia-module-fml/1.0/doxia-module-fml-1.0.pom
[INFO] Downloaded: https://repo.maven.apache.org/maven2/org/apache/maven/doxia/doxia-module-fml/1.0/doxia-module-fml-1.0.pom (3 KB at 154.6 KB/sec)
[INFO] Downloading: https://repo.maven.apache.org/maven2/org/apache/maven/doxia/doxia-module-xdoc/1.0/doxia-module-xdoc-1.0.pom
[INFO] Downloaded: https://repo.maven.apache.org/maven2/org/apache/maven/doxia/doxia-module-xdoc/1.0/doxia-module-xdoc-1.0.pom (3 KB at 136.8 KB/sec)
[INFO] Downloading: https://repo.maven.apache.org/maven2/org/apache/maven/doxia/doxia-module-xhtml/1.0/doxia-module-xhtml-1.0.pom
[INFO] Downloaded: https://repo.maven.apache.org/maven2/org/apache/maven/doxia/doxia-module-xhtml/1.0/doxia-module-xhtml-1.0.pom (2 KB at 91.9 KB/sec)
[INFO] Downloading: https://repo.maven.apache.org/maven2/org/apache/maven/shared/maven-doxia-tools/1.0.2/maven-doxia-tools-1.0.2.pom
[INFO] Downloaded: https://repo.maven.apache.org/maven2/org/apache/maven/shared/maven-doxia-tools/1.0.2/maven-doxia-tools-1.0.2.pom (6 KB at 204.6 KB/sec)
[INFO] Downloading: https://repo.maven.apache.org/maven2/org/apache/maven/shared/maven-shared-components/11/maven-shared-components-11.pom
[INFO] Downloaded: https://repo.maven.apache.org/maven2/org/apache/maven/shared/maven-shared-components/11/maven-shared-components-11.pom (9 KB at 387.9 KB/sec)
[INFO] Downloading: https://repo.maven.apache.org/maven2/commons-io/commons-io/1.4/commons-io-1.4.pom
[INFO] Downloaded: https://repo.maven.apache.org/maven2/commons-io/commons-io/1.4/commons-io-1.4.pom (13 KB at 584.4 KB/sec)
[INFO] Downloading: https://repo.maven.apache.org/maven2/org/apache/commons/commons-parent/7/commons-parent-7.pom
[INFO] Downloaded: https://repo.maven.apache.org/maven2/org/apache/commons/commons-parent/7/commons-parent-7.pom (18 KB at 683.4 KB/sec)
[INFO] Downloading: https://repo.maven.apache.org/maven2/commons-validator/commons-validator/1.2.0/commons-validator-1.2.0.pom
[INFO] Downloaded: https://repo.maven.apache.org/maven2/commons-validator/commons-validator/1.2.0/commons-validator-1.2.0.pom (9 KB at 422.4 KB/sec)
[INFO] Downloading: https://repo.maven.apache.org/maven2/commons-beanutils/commons-beanutils/1.7.0/commons-beanutils-1.7.0.pom
[INFO] Downloaded: https://repo.maven.apache.org/maven2/commons-beanutils/commons-beanutils/1.7.0/commons-beanutils-1.7.0.pom (357 B at 23.2 KB/sec)
[INFO] Downloading: https://repo.maven.apache.org/maven2/commons-logging/commons-logging/1.0.3/commons-logging-1.0.3.pom
[INFO] Downloaded: https://repo.maven.apache.org/maven2/commons-logging/commons-logging/1.0.3/commons-logging-1.0.3.pom (866 B at 56.4 KB/sec)
[INFO] Downloading: https://repo.maven.apache.org/maven2/commons-digester/commons-digester/1.6/commons-digester-1.6.pom
[INFO] Downloaded: https://repo.maven.apache.org/maven2/commons-digester/commons-digester/1.6/commons-digester-1.6.pom (974 B at 59.4 KB/sec)
[INFO] Downloading: https://repo.maven.apache.org/maven2/commons-beanutils/commons-beanutils/1.6/commons-beanutils-1.6.pom
[INFO] Downloaded: https://repo.maven.apache.org/maven2/commons-beanutils/commons-beanutils/1.6/commons-beanutils-1.6.pom (3 KB at 125.3 KB/sec)
[INFO] Downloading: https://repo.maven.apache.org/maven2/commons-logging/commons-logging/1.0/commons-logging-1.0.pom
[INFO] Downloaded: https://repo.maven.apache.org/maven2/commons-logging/commons-logging/1.0/commons-logging-1.0.pom (163 B at 4.4 KB/sec)
[INFO] Downloading: https://repo.maven.apache.org/maven2/commons-collections/commons-collections/2.0/commons-collections-2.0.pom
[INFO] Downloaded: https://repo.maven.apache.org/maven2/commons-collections/commons-collections/2.0/commons-collections-2.0.pom (171 B at 11.9 KB/sec)
[INFO] Downloading: https://repo.maven.apache.org/maven2/commons-collections/commons-collections/2.1/commons-collections-2.1.pom
[INFO] Downloaded: https://repo.maven.apache.org/maven2/commons-collections/commons-collections/2.1/commons-collections-2.1.pom (4 KB at 191.6 KB/sec)
[INFO] Downloading: https://repo.maven.apache.org/maven2/xml-apis/xml-apis/1.0.b2/xml-apis-1.0.b2.pom
[INFO] Downloaded: https://repo.maven.apache.org/maven2/xml-apis/xml-apis/1.0.b2/xml-apis-1.0.b2.pom (3 KB at 122.0 KB/sec)
[INFO] Downloading: https://repo.maven.apache.org/maven2/commons-logging/commons-logging/1.0.4/commons-logging-1.0.4.pom
[INFO] Downloaded: https://repo.maven.apache.org/maven2/commons-logging/commons-logging/1.0.4/commons-logging-1.0.4.pom (6 KB at 257.0 KB/sec)
[INFO] Downloading: https://repo.maven.apache.org/maven2/xml-apis/xml-apis/2.0.2/xml-apis-2.0.2.pom
[INFO] Downloaded: https://repo.maven.apache.org/maven2/xml-apis/xml-apis/2.0.2/xml-apis-2.0.2.pom (346 B at 22.5 KB/sec)
[INFO] Downloading: https://repo.maven.apache.org/maven2/org/codehaus/plexus/plexus-archiver/2.3/plexus-archiver-2.3.pom
[INFO] Downloaded: https://repo.maven.apache.org/maven2/org/codehaus/plexus/plexus-archiver/2.3/plexus-archiver-2.3.pom (4 KB at 182.8 KB/sec)
[INFO] Downloading: https://repo.maven.apache.org/maven2/org/codehaus/plexus/plexus-components/1.3/plexus-components-1.3.pom
[INFO] Downloaded: https://repo.maven.apache.org/maven2/org/codehaus/plexus/plexus-components/1.3/plexus-components-1.3.pom (3 KB at 165.9 KB/sec)
[INFO] Downloading: https://repo.maven.apache.org/maven2/org/codehaus/plexus/plexus/3.3/plexus-3.3.pom
[INFO] Downloaded: https://repo.maven.apache.org/maven2/org/codehaus/plexus/plexus/3.3/plexus-3.3.pom (20 KB at 777.3 KB/sec)
[INFO] Downloading: https://repo.maven.apache.org/maven2/org/codehaus/plexus/plexus-utils/3.0.10/plexus-utils-3.0.10.pom
[INFO] Downloaded: https://repo.maven.apache.org/maven2/org/codehaus/plexus/plexus-utils/3.0.10/plexus-utils-3.0.10.pom (4 KB at 170.6 KB/sec)
[INFO] Downloading: https://repo.maven.apache.org/maven2/org/codehaus/plexus/plexus-io/2.0.6/plexus-io-2.0.6.pom
[INFO] Downloaded: https://repo.maven.apache.org/maven2/org/codehaus/plexus/plexus-io/2.0.6/plexus-io-2.0.6.pom (3 KB at 134.9 KB/sec)
[INFO] Downloading: https://repo.maven.apache.org/maven2/org/codehaus/plexus/plexus-components/1.2/plexus-components-1.2.pom
[INFO] Downloaded: https://repo.maven.apache.org/maven2/org/codehaus/plexus/plexus-components/1.2/plexus-components-1.2.pom (3 KB at 175.7 KB/sec)
[INFO] Downloading: https://repo.maven.apache.org/maven2/org/codehaus/plexus/plexus-utils/3.0.9/plexus-utils-3.0.9.pom
[INFO] Downloaded: https://repo.maven.apache.org/maven2/org/codehaus/plexus/plexus-utils/3.0.9/plexus-utils-3.0.9.pom (4 KB at 180.5 KB/sec)
[INFO] Downloading: https://repo.maven.apache.org/maven2/org/apache/maven/shared/file-management/1.2.1/file-management-1.2.1.pom
[INFO] Downloaded: https://repo.maven.apache.org/maven2/org/apache/maven/shared/file-management/1.2.1/file-management-1.2.1.pom (4 KB at 151.6 KB/sec)
[INFO] Downloading: https://repo.maven.apache.org/maven2/org/apache/maven/shared/maven-shared-components/10/maven-shared-components-10.pom
[INFO] Downloaded: https://repo.maven.apache.org/maven2/org/apache/maven/shared/maven-shared-components/10/maven-shared-components-10.pom (9 KB at 411.8 KB/sec)
[INFO] Downloading: https://repo.maven.apache.org/maven2/org/apache/maven/shared/maven-shared-io/1.1/maven-shared-io-1.1.pom
[INFO] Downloaded: https://repo.maven.apache.org/maven2/org/apache/maven/shared/maven-shared-io/1.1/maven-shared-io-1.1.pom (4 KB at 220.3 KB/sec)
[INFO] Downloading: https://repo.maven.apache.org/maven2/org/apache/maven/shared/maven-shared-components/8/maven-shared-components-8.pom
[INFO] Downloaded: https://repo.maven.apache.org/maven2/org/apache/maven/shared/maven-shared-components/8/maven-shared-components-8.pom (3 KB at 153.6 KB/sec)
[INFO] Downloading: https://repo.maven.apache.org/maven2/org/apache/maven/maven-parent/7/maven-parent-7.pom
[INFO] Downloaded: https://repo.maven.apache.org/maven2/org/apache/maven/maven-parent/7/maven-parent-7.pom (21 KB at 715.4 KB/sec)
[INFO] Downloading: https://repo.maven.apache.org/maven2/org/apache/maven/maven-artifact/2.0.2/maven-artifact-2.0.2.pom
[INFO] Downloaded: https://repo.maven.apache.org/maven2/org/apache/maven/maven-artifact/2.0.2/maven-artifact-2.0.2.pom (765 B at 46.7 KB/sec)
[INFO] Downloading: https://repo.maven.apache.org/maven2/org/apache/maven/maven/2.0.2/maven-2.0.2.pom
[INFO] Downloaded: https://repo.maven.apache.org/maven2/org/apache/maven/maven/2.0.2/maven-2.0.2.pom (13 KB at 584.7 KB/sec)
[INFO] Downloading: https://repo.maven.apache.org/maven2/org/apache/maven/maven-artifact-manager/2.0.2/maven-artifact-manager-2.0.2.pom
[INFO] Downloaded: https://repo.maven.apache.org/maven2/org/apache/maven/maven-artifact-manager/2.0.2/maven-artifact-manager-2.0.2.pom (2 KB at 68.1 KB/sec)
[INFO] Downloading: https://repo.maven.apache.org/maven2/org/apache/maven/maven-repository-metadata/2.0.2/maven-repository-metadata-2.0.2.pom
[INFO] Downloaded: https://repo.maven.apache.org/maven2/org/apache/maven/maven-repository-metadata/2.0.2/maven-repository-metadata-2.0.2.pom (2 KB at 85.2 KB/sec)
[INFO] Downloading: https://repo.maven.apache.org/maven2/org/apache/maven/wagon/wagon-provider-api/1.0-alpha-6/wagon-provider-api-1.0-alpha-6.pom
[INFO] Downloaded: https://repo.maven.apache.org/maven2/org/apache/maven/wagon/wagon-provider-api/1.0-alpha-6/wagon-provider-api-1.0-alpha-6.pom (588 B at 13.7 KB/sec)
[INFO] Downloading: https://repo.maven.apache.org/maven2/org/apache/maven/wagon/wagon/1.0-alpha-6/wagon-1.0-alpha-6.pom
[INFO] Downloaded: https://repo.maven.apache.org/maven2/org/apache/maven/wagon/wagon/1.0-alpha-6/wagon-1.0-alpha-6.pom (7 KB at 347.4 KB/sec)
[INFO] Downloading: https://repo.maven.apache.org/maven2/org/codehaus/plexus/plexus-utils/1.4.6/plexus-utils-1.4.6.pom
[INFO] Downloaded: https://repo.maven.apache.org/maven2/org/codehaus/plexus/plexus-utils/1.4.6/plexus-utils-1.4.6.pom (3 KB at 138.2 KB/sec)
[INFO] Downloading: https://repo.maven.apache.org/maven2/org/apache/maven/shared/maven-dependency-analyzer/1.4/maven-dependency-analyzer-1.4.pom
[INFO] Downloaded: https://repo.maven.apache.org/maven2/org/apache/maven/shared/maven-dependency-analyzer/1.4/maven-dependency-analyzer-1.4.pom (6 KB at 296.1 KB/sec)
[INFO] Downloading: https://repo.maven.apache.org/maven2/org/apache/maven/shared/maven-shared-components/19/maven-shared-components-19.pom
[INFO] Downloaded: https://repo.maven.apache.org/maven2/org/apache/maven/shared/maven-shared-components/19/maven-shared-components-19.pom (7 KB at 365.3 KB/sec)
[INFO] Downloading: https://repo.maven.apache.org/maven2/asm/asm/3.3.1/asm-3.3.1.pom
[INFO] Downloaded: https://repo.maven.apache.org/maven2/asm/asm/3.3.1/asm-3.3.1.pom (266 B at 17.3 KB/sec)
[INFO] Downloading: https://repo.maven.apache.org/maven2/asm/asm-parent/3.3.1/asm-parent-3.3.1.pom
[INFO] Downloaded: https://repo.maven.apache.org/maven2/asm/asm-parent/3.3.1/asm-parent-3.3.1.pom (5 KB at 235.0 KB/sec)
[INFO] Downloading: https://repo.maven.apache.org/maven2/org/apache/maven/maven-project/2.0.5/maven-project-2.0.5.pom
[INFO] Downloaded: https://repo.maven.apache.org/maven2/org/apache/maven/maven-project/2.0.5/maven-project-2.0.5.pom (2 KB at 112.4 KB/sec)
[INFO] Downloading: https://repo.maven.apache.org/maven2/org/apache/maven/maven/2.0.5/maven-2.0.5.pom
[INFO] Downloaded: https://repo.maven.apache.org/maven2/org/apache/maven/maven/2.0.5/maven-2.0.5.pom (6 KB at 327.7 KB/sec)
[INFO] Downloading: https://repo.maven.apache.org/maven2/org/apache/maven/maven-settings/2.0.5/maven-settings-2.0.5.pom
[INFO] Downloaded: https://repo.maven.apache.org/maven2/org/apache/maven/maven-settings/2.0.5/maven-settings-2.0.5.pom (2 KB at 90.9 KB/sec)
[INFO] Downloading: https://repo.maven.apache.org/maven2/org/apache/maven/maven-model/2.0.5/maven-model-2.0.5.pom
[INFO] Downloaded: https://repo.maven.apache.org/maven2/org/apache/maven/maven-model/2.0.5/maven-model-2.0.5.pom (3 KB at 156.4 KB/sec)
[INFO] Downloading: https://repo.maven.apache.org/maven2/org/apache/maven/maven-profile/2.0.5/maven-profile-2.0.5.pom
[INFO] Downloaded: https://repo.maven.apache.org/maven2/org/apache/maven/maven-profile/2.0.5/maven-profile-2.0.5.pom (2 KB at 101.0 KB/sec)
[INFO] Downloading: https://repo.maven.apache.org/maven2/org/apache/maven/maven-artifact-manager/2.0.5/maven-artifact-manager-2.0.5.pom
[INFO] Downloaded: https://repo.maven.apache.org/maven2/org/apache/maven/maven-artifact-manager/2.0.5/maven-artifact-manager-2.0.5.pom (2 KB at 99.5 KB/sec)
[INFO] Downloading: https://repo.maven.apache.org/maven2/org/apache/maven/maven-repository-metadata/2.0.5/maven-repository-metadata-2.0.5.pom
[INFO] Downloaded: https://repo.maven.apache.org/maven2/org/apache/maven/maven-repository-metadata/2.0.5/maven-repository-metadata-2.0.5.pom (2 KB at 85.4 KB/sec)
[INFO] Downloading: https://repo.maven.apache.org/maven2/org/apache/maven/maven-artifact/2.0.5/maven-artifact-2.0.5.pom
[INFO] Downloaded: https://repo.maven.apache.org/maven2/org/apache/maven/maven-artifact/2.0.5/maven-artifact-2.0.5.pom (727 B at 44.4 KB/sec)
[INFO] Downloading: https://repo.maven.apache.org/maven2/org/apache/maven/shared/maven-dependency-tree/2.1/maven-dependency-tree-2.1.pom
[INFO] Downloaded: https://repo.maven.apache.org/maven2/org/apache/maven/shared/maven-dependency-tree/2.1/maven-dependency-tree-2.1.pom (7 KB at 349.0 KB/sec)
[INFO] Downloading: https://repo.maven.apache.org/maven2/org/apache/maven/maven-project/2.2.0/maven-project-2.2.0.pom
[INFO] Downloaded: https://repo.maven.apache.org/maven2/org/apache/maven/maven-project/2.2.0/maven-project-2.2.0.pom (3 KB at 135.4 KB/sec)
[INFO] Downloading: https://repo.maven.apache.org/maven2/org/apache/maven/maven/2.2.0/maven-2.2.0.pom
[INFO] Downloaded: https://repo.maven.apache.org/maven2/org/apache/maven/maven/2.2.0/maven-2.2.0.pom (22 KB at 877.2 KB/sec)
[INFO] Downloading: https://repo.maven.apache.org/maven2/org/apache/maven/maven-settings/2.2.0/maven-settings-2.2.0.pom
[INFO] Downloaded: https://repo.maven.apache.org/maven2/org/apache/maven/maven-settings/2.2.0/maven-settings-2.2.0.pom (3 KB at 141.9 KB/sec)
[INFO] Downloading: https://repo.maven.apache.org/maven2/org/apache/maven/maven-model/2.2.0/maven-model-2.2.0.pom
[INFO] Downloaded: https://repo.maven.apache.org/maven2/org/apache/maven/maven-model/2.2.0/maven-model-2.2.0.pom (4 KB at 210.9 KB/sec)
[INFO] Downloading: https://repo.maven.apache.org/maven2/org/apache/maven/maven-profile/2.2.0/maven-profile-2.2.0.pom
[INFO] Downloaded: https://repo.maven.apache.org/maven2/org/apache/maven/maven-profile/2.2.0/maven-profile-2.2.0.pom (3 KB at 124.7 KB/sec)
[INFO] Downloading: https://repo.maven.apache.org/maven2/org/apache/maven/maven-artifact-manager/2.2.0/maven-artifact-manager-2.2.0.pom
[INFO] Downloaded: https://repo.maven.apache.org/maven2/org/apache/maven/maven-artifact-manager/2.2.0/maven-artifact-manager-2.2.0.pom (4 KB at 168.3 KB/sec)
[INFO] Downloading: https://repo.maven.apache.org/maven2/org/apache/maven/maven-repository-metadata/2.2.0/maven-repository-metadata-2.2.0.pom
[INFO] Downloaded: https://repo.maven.apache.org/maven2/org/apache/maven/maven-repository-metadata/2.2.0/maven-repository-metadata-2.2.0.pom (2 KB at 114.2 KB/sec)
[INFO] Downloading: https://repo.maven.apache.org/maven2/org/apache/maven/maven-artifact/2.2.0/maven-artifact-2.2.0.pom
[INFO] Downloaded: https://repo.maven.apache.org/maven2/org/apache/maven/maven-artifact/2.2.0/maven-artifact-2.2.0.pom (2 KB at 90.8 KB/sec)
[INFO] Downloading: https://repo.maven.apache.org/maven2/org/apache/maven/maven-plugin-registry/2.2.0/maven-plugin-registry-2.2.0.pom
[INFO] Downloaded: https://repo.maven.apache.org/maven2/org/apache/maven/maven-plugin-registry/2.2.0/maven-plugin-registry-2.2.0.pom (2 KB at 117.7 KB/sec)
[INFO] Downloading: https://repo.maven.apache.org/maven2/org/eclipse/aether/aether-util/0.9.0.M2/aether-util-0.9.0.M2.pom
[INFO] Downloaded: https://repo.maven.apache.org/maven2/org/eclipse/aether/aether-util/0.9.0.M2/aether-util-0.9.0.M2.pom (2 KB at 110.4 KB/sec)
[INFO] Downloading: https://repo.maven.apache.org/maven2/org/eclipse/aether/aether/0.9.0.M2/aether-0.9.0.M2.pom
[INFO] Downloaded: https://repo.maven.apache.org/maven2/org/eclipse/aether/aether/0.9.0.M2/aether-0.9.0.M2.pom (28 KB at 579.1 KB/sec)
[INFO] Downloading: https://repo.maven.apache.org/maven2/org/apache/maven/shared/maven-common-artifact-filters/1.4/maven-common-artifact-filters-1.4.pom
[INFO] Downloaded: https://repo.maven.apache.org/maven2/org/apache/maven/shared/maven-common-artifact-filters/1.4/maven-common-artifact-filters-1.4.pom (4 KB at 229.5 KB/sec)
[INFO] Downloading: https://repo.maven.apache.org/maven2/org/apache/maven/maven-artifact/2.0.8/maven-artifact-2.0.8.pom
[INFO] Downloaded: https://repo.maven.apache.org/maven2/org/apache/maven/maven-artifact/2.0.8/maven-artifact-2.0.8.pom (2 KB at 93.0 KB/sec)
[INFO] Downloading: https://repo.maven.apache.org/maven2/org/apache/maven/maven/2.0.8/maven-2.0.8.pom
[INFO] Downloaded: https://repo.maven.apache.org/maven2/org/apache/maven/maven/2.0.8/maven-2.0.8.pom (12 KB at 472.5 KB/sec)
[INFO] Downloading: https://repo.maven.apache.org/maven2/org/apache/maven/maven-model/2.0.8/maven-model-2.0.8.pom
[INFO] Downloaded: https://repo.maven.apache.org/maven2/org/apache/maven/maven-model/2.0.8/maven-model-2.0.8.pom (4 KB at 204.4 KB/sec)
[INFO] Downloading: https://repo.maven.apache.org/maven2/org/apache/maven/maven-project/2.0.8/maven-project-2.0.8.pom
[INFO] Downloaded: https://repo.maven.apache.org/maven2/org/apache/maven/maven-project/2.0.8/maven-project-2.0.8.pom (3 KB at 176.4 KB/sec)
[INFO] Downloading: https://repo.maven.apache.org/maven2/org/apache/maven/maven-settings/2.0.8/maven-settings-2.0.8.pom
[INFO] Downloaded: https://repo.maven.apache.org/maven2/org/apache/maven/maven-settings/2.0.8/maven-settings-2.0.8.pom (3 KB at 100.5 KB/sec)
[INFO] Downloading: https://repo.maven.apache.org/maven2/org/apache/maven/maven-profile/2.0.8/maven-profile-2.0.8.pom
[INFO] Downloaded: https://repo.maven.apache.org/maven2/org/apache/maven/maven-profile/2.0.8/maven-profile-2.0.8.pom (2 KB at 124.3 KB/sec)
[INFO] Downloading: https://repo.maven.apache.org/maven2/org/apache/maven/maven-artifact-manager/2.0.8/maven-artifact-manager-2.0.8.pom
[INFO] Downloaded: https://repo.maven.apache.org/maven2/org/apache/maven/maven-artifact-manager/2.0.8/maven-artifact-manager-2.0.8.pom (3 KB at 164.8 KB/sec)
[INFO] Downloading: https://repo.maven.apache.org/maven2/org/apache/maven/maven-repository-metadata/2.0.8/maven-repository-metadata-2.0.8.pom
[INFO] Downloaded: https://repo.maven.apache.org/maven2/org/apache/maven/maven-repository-metadata/2.0.8/maven-repository-metadata-2.0.8.pom (2 KB at 116.0 KB/sec)
[INFO] Downloading: https://repo.maven.apache.org/maven2/org/apache/maven/maven-plugin-registry/2.0.8/maven-plugin-registry-2.0.8.pom
[INFO] Downloaded: https://repo.maven.apache.org/maven2/org/apache/maven/maven-plugin-registry/2.0.8/maven-plugin-registry-2.0.8.pom (2 KB at 84.9 KB/sec)
[INFO] Downloading: https://repo.maven.apache.org/maven2/org/apache/maven/maven-plugin-api/2.0.8/maven-plugin-api-2.0.8.pom
[INFO] Downloaded: https://repo.maven.apache.org/maven2/org/apache/maven/maven-plugin-api/2.0.8/maven-plugin-api-2.0.8.pom (2 KB at 91.2 KB/sec)
[INFO] Downloading: https://repo.maven.apache.org/maven2/org/codehaus/plexus/plexus-container-default/1.5.5/plexus-container-default-1.5.5.pom
[INFO] Downloaded: https://repo.maven.apache.org/maven2/org/codehaus/plexus/plexus-container-default/1.5.5/plexus-container-default-1.5.5.pom (3 KB at 149.5 KB/sec)
[INFO] Downloading: https://repo.maven.apache.org/maven2/org/codehaus/plexus/plexus-classworlds/2.2.2/plexus-classworlds-2.2.2.pom
[INFO] Downloaded: https://repo.maven.apache.org/maven2/org/codehaus/plexus/plexus-classworlds/2.2.2/plexus-classworlds-2.2.2.pom (4 KB at 218.8 KB/sec)
[INFO] Downloading: https://repo.maven.apache.org/maven2/org/apache/xbean/xbean-reflect/3.4/xbean-reflect-3.4.pom
[INFO] Downloaded: https://repo.maven.apache.org/maven2/org/apache/xbean/xbean-reflect/3.4/xbean-reflect-3.4.pom (3 KB at 161.4 KB/sec)
[INFO] Downloading: https://repo.maven.apache.org/maven2/org/apache/xbean/xbean/3.4/xbean-3.4.pom
[INFO] Downloaded: https://repo.maven.apache.org/maven2/org/apache/xbean/xbean/3.4/xbean-3.4.pom (19 KB at 124.8 KB/sec)
[INFO] Downloading: https://repo.maven.apache.org/maven2/log4j/log4j/1.2.12/log4j-1.2.12.pom
[INFO] Downloaded: https://repo.maven.apache.org/maven2/log4j/log4j/1.2.12/log4j-1.2.12.pom (145 B at 10.1 KB/sec)
[INFO] Downloading: https://repo.maven.apache.org/maven2/commons-logging/commons-logging-api/1.1/commons-logging-api-1.1.pom
[INFO] Downloaded: https://repo.maven.apache.org/maven2/commons-logging/commons-logging-api/1.1/commons-logging-api-1.1.pom (6 KB at 290.1 KB/sec)
[INFO] Downloading: https://repo.maven.apache.org/maven2/com/google/collections/google-collections/1.0/google-collections-1.0.pom
[INFO] Downloaded: https://repo.maven.apache.org/maven2/com/google/collections/google-collections/1.0/google-collections-1.0.pom (3 KB at 172.9 KB/sec)
[INFO] Downloading: https://repo.maven.apache.org/maven2/junit/junit/3.8.2/junit-3.8.2.pom
[INFO] Downloaded: https://repo.maven.apache.org/maven2/junit/junit/3.8.2/junit-3.8.2.pom (747 B at 45.6 KB/sec)
[INFO] Downloading: https://repo.maven.apache.org/maven2/org/codehaus/plexus/plexus-utils/2.1/plexus-utils-2.1.pom
[INFO] Downloaded: https://repo.maven.apache.org/maven2/org/codehaus/plexus/plexus-utils/2.1/plexus-utils-2.1.pom (4 KB at 218.9 KB/sec)
[INFO] Downloading: https://repo.maven.apache.org/maven2/org/apache/maven/shared/maven-invoker/2.0.11/maven-invoker-2.0.11.pom
[INFO] Downloaded: https://repo.maven.apache.org/maven2/org/apache/maven/shared/maven-invoker/2.0.11/maven-invoker-2.0.11.pom (5 KB at 206.5 KB/sec)
[INFO] Downloading: https://repo.maven.apache.org/maven2/org/apache/maven/shared/maven-shared-components/12/maven-shared-components-12.pom
[INFO] Downloaded: https://repo.maven.apache.org/maven2/org/apache/maven/shared/maven-shared-components/12/maven-shared-components-12.pom (10 KB at 414.5 KB/sec)
[INFO] Downloading: https://repo.maven.apache.org/maven2/org/apache/maven/maven-parent/13/maven-parent-13.pom
[INFO] Downloaded: https://repo.maven.apache.org/maven2/org/apache/maven/maven-parent/13/maven-parent-13.pom (23 KB at 921.0 KB/sec)
[INFO] Downloading: https://repo.maven.apache.org/maven2/commons-lang/commons-lang/2.6/commons-lang-2.6.pom
[INFO] Downloaded: https://repo.maven.apache.org/maven2/commons-lang/commons-lang/2.6/commons-lang-2.6.pom (18 KB at 711.8 KB/sec)
[INFO] Downloading: https://repo.maven.apache.org/maven2/org/apache/commons/commons-parent/17/commons-parent-17.pom
[INFO] Downloaded: https://repo.maven.apache.org/maven2/org/apache/commons/commons-parent/17/commons-parent-17.pom (31 KB at 1050.1 KB/sec)
[INFO] Downloading: https://repo.maven.apache.org/maven2/org/apache/maven/reporting/maven-reporting-impl/2.0.5/maven-reporting-impl-2.0.5.jar
[INFO] Downloading: https://repo.maven.apache.org/maven2/org/apache/maven/doxia/doxia-core/1.0/doxia-core-1.0.jar
[INFO] Downloading: https://repo.maven.apache.org/maven2/org/apache/maven/shared/maven-doxia-tools/1.0.2/maven-doxia-tools-1.0.2.jar
[INFO] Downloading: https://repo.maven.apache.org/maven2/commons-io/commons-io/1.4/commons-io-1.4.jar
[INFO] Downloading: https://repo.maven.apache.org/maven2/commons-validator/commons-validator/1.2.0/commons-validator-1.2.0.jar
[INFO] Downloaded: https://repo.maven.apache.org/maven2/org/apache/maven/shared/maven-doxia-tools/1.0.2/maven-doxia-tools-1.0.2.jar (41 KB at 1146.3 KB/sec)
[INFO] Downloading: https://repo.maven.apache.org/maven2/commons-beanutils/commons-beanutils/1.7.0/commons-beanutils-1.7.0.jar
[INFO] Downloaded: https://repo.maven.apache.org/maven2/org/apache/maven/doxia/doxia-core/1.0/doxia-core-1.0.jar (54 KB at 1412.2 KB/sec)
[INFO] Downloading: https://repo.maven.apache.org/maven2/commons-digester/commons-digester/1.6/commons-digester-1.6.jar
[INFO] Downloaded: https://repo.maven.apache.org/maven2/org/apache/maven/reporting/maven-reporting-impl/2.0.5/maven-reporting-impl-2.0.5.jar (21 KB at 447.3 KB/sec)
[INFO] Downloading: https://repo.maven.apache.org/maven2/commons-logging/commons-logging/1.0.4/commons-logging-1.0.4.jar
[INFO] Downloaded: https://repo.maven.apache.org/maven2/commons-validator/commons-validator/1.2.0/commons-validator-1.2.0.jar (89 KB at 1271.1 KB/sec)
[INFO] Downloading: https://repo.maven.apache.org/maven2/oro/oro/2.0.8/oro-2.0.8.jar
[INFO] Downloaded: https://repo.maven.apache.org/maven2/commons-io/commons-io/1.4/commons-io-1.4.jar (107 KB at 1458.7 KB/sec)
[INFO] Downloading: https://repo.maven.apache.org/maven2/xml-apis/xml-apis/1.0.b2/xml-apis-1.0.b2.jar
[INFO] Downloaded: https://repo.maven.apache.org/maven2/commons-logging/commons-logging/1.0.4/commons-logging-1.0.4.jar (38 KB at 475.9 KB/sec)
[INFO] Downloading: https://repo.maven.apache.org/maven2/org/apache/maven/doxia/doxia-sink-api/1.0/doxia-sink-api-1.0.jar
[INFO] Downloaded: https://repo.maven.apache.org/maven2/org/apache/maven/doxia/doxia-sink-api/1.0/doxia-sink-api-1.0.jar (10 KB at 94.6 KB/sec)
[INFO] Downloading: https://repo.maven.apache.org/maven2/org/apache/maven/doxia/doxia-site-renderer/1.0/doxia-site-renderer-1.0.jar
[INFO] Downloaded: https://repo.maven.apache.org/maven2/commons-digester/commons-digester/1.6/commons-digester-1.6.jar (165 KB at 1406.0 KB/sec)
[INFO] Downloading: https://repo.maven.apache.org/maven2/org/codehaus/plexus/plexus-i18n/1.0-beta-7/plexus-i18n-1.0-beta-7.jar
[INFO] Downloaded: https://repo.maven.apache.org/maven2/oro/oro/2.0.8/oro-2.0.8.jar (64 KB at 535.6 KB/sec)
[INFO] Downloading: https://repo.maven.apache.org/maven2/org/codehaus/plexus/plexus-velocity/1.1.7/plexus-velocity-1.1.7.jar
[INFO] Downloaded: https://repo.maven.apache.org/maven2/commons-beanutils/commons-beanutils/1.7.0/commons-beanutils-1.7.0.jar (185 KB at 1485.9 KB/sec)
[INFO] Downloading: https://repo.maven.apache.org/maven2/org/apache/velocity/velocity/1.5/velocity-1.5.jar
[INFO] Downloaded: https://repo.maven.apache.org/maven2/xml-apis/xml-apis/1.0.b2/xml-apis-1.0.b2.jar (107 KB at 802.7 KB/sec)
[INFO] Downloading: https://repo.maven.apache.org/maven2/org/apache/maven/doxia/doxia-decoration-model/1.0/doxia-decoration-model-1.0.jar
[INFO] Downloaded: https://repo.maven.apache.org/maven2/org/codehaus/plexus/plexus-i18n/1.0-beta-7/plexus-i18n-1.0-beta-7.jar (11 KB at 75.5 KB/sec)
[INFO] Downloading: https://repo.maven.apache.org/maven2/org/apache/maven/doxia/doxia-module-apt/1.0/doxia-module-apt-1.0.jar
[INFO] Downloaded: https://repo.maven.apache.org/maven2/org/apache/maven/doxia/doxia-site-renderer/1.0/doxia-site-renderer-1.0.jar (46 KB at 329.2 KB/sec)
[INFO] Downloading: https://repo.maven.apache.org/maven2/org/apache/maven/doxia/doxia-module-fml/1.0/doxia-module-fml-1.0.jar
[INFO] Downloaded: https://repo.maven.apache.org/maven2/org/codehaus/plexus/plexus-velocity/1.1.7/plexus-velocity-1.1.7.jar (8 KB at 53.1 KB/sec)
[INFO] Downloading: https://repo.maven.apache.org/maven2/org/apache/maven/doxia/doxia-module-xdoc/1.0/doxia-module-xdoc-1.0.jar
[INFO] Downloaded: https://repo.maven.apache.org/maven2/org/apache/maven/doxia/doxia-module-fml/1.0/doxia-module-fml-1.0.jar (19 KB at 108.4 KB/sec)
[INFO] Downloading: https://repo.maven.apache.org/maven2/org/apache/maven/doxia/doxia-module-xhtml/1.0/doxia-module-xhtml-1.0.jar
[INFO] Downloaded: https://repo.maven.apache.org/maven2/org/apache/maven/doxia/doxia-module-apt/1.0/doxia-module-apt-1.0.jar (46 KB at 267.3 KB/sec)
[INFO] Downloading: https://repo.maven.apache.org/maven2/org/codehaus/plexus/plexus-archiver/2.3/plexus-archiver-2.3.jar
[INFO] Downloaded: https://repo.maven.apache.org/maven2/org/apache/maven/doxia/doxia-module-xdoc/1.0/doxia-module-xdoc-1.0.jar (28 KB at 155.1 KB/sec)
[INFO] Downloading: https://repo.maven.apache.org/maven2/org/codehaus/plexus/plexus-utils/3.0.9/plexus-utils-3.0.9.jar
[INFO] Downloaded: https://repo.maven.apache.org/maven2/org/apache/maven/doxia/doxia-decoration-model/1.0/doxia-decoration-model-1.0.jar (48 KB at 267.3 KB/sec)
[INFO] Downloading: https://repo.maven.apache.org/maven2/org/apache/maven/shared/file-management/1.2.1/file-management-1.2.1.jar
[INFO] Downloaded: https://repo.maven.apache.org/maven2/org/apache/maven/doxia/doxia-module-xhtml/1.0/doxia-module-xhtml-1.0.jar (22 KB at 111.5 KB/sec)
[INFO] Downloading: https://repo.maven.apache.org/maven2/org/apache/maven/shared/maven-shared-io/1.1/maven-shared-io-1.1.jar
[INFO] Downloaded: https://repo.maven.apache.org/maven2/org/apache/maven/shared/file-management/1.2.1/file-management-1.2.1.jar (37 KB at 169.9 KB/sec)
[INFO] Downloading: https://repo.maven.apache.org/maven2/org/codehaus/plexus/plexus-io/2.0.6/plexus-io-2.0.6.jar
[INFO] Downloaded: https://repo.maven.apache.org/maven2/org/apache/maven/shared/maven-shared-io/1.1/maven-shared-io-1.1.jar (39 KB at 172.9 KB/sec)
[INFO] Downloading: https://repo.maven.apache.org/maven2/org/apache/maven/shared/maven-dependency-analyzer/1.4/maven-dependency-analyzer-1.4.jar
[INFO] Downloaded: https://repo.maven.apache.org/maven2/org/codehaus/plexus/plexus-io/2.0.6/plexus-io-2.0.6.jar (57 KB at 220.0 KB/sec)
[INFO] Downloading: https://repo.maven.apache.org/maven2/asm/asm/3.3.1/asm-3.3.1.jar
[INFO] Downloaded: https://repo.maven.apache.org/maven2/org/apache/velocity/velocity/1.5/velocity-1.5.jar (383 KB at 1490.0 KB/sec)
[INFO] Downloading: https://repo.maven.apache.org/maven2/org/apache/maven/shared/maven-dependency-tree/2.1/maven-dependency-tree-2.1.jar
[INFO] Downloaded: https://repo.maven.apache.org/maven2/org/codehaus/plexus/plexus-archiver/2.3/plexus-archiver-2.3.jar (183 KB at 703.1 KB/sec)
[INFO] Downloading: https://repo.maven.apache.org/maven2/org/eclipse/aether/aether-util/0.9.0.M2/aether-util-0.9.0.M2.jar
[INFO] Downloaded: https://repo.maven.apache.org/maven2/org/apache/maven/shared/maven-dependency-analyzer/1.4/maven-dependency-analyzer-1.4.jar (27 KB at 102.6 KB/sec)
[INFO] Downloading: https://repo.maven.apache.org/maven2/org/apache/maven/shared/maven-common-artifact-filters/1.4/maven-common-artifact-filters-1.4.jar
[INFO] Downloaded: https://repo.maven.apache.org/maven2/org/codehaus/plexus/plexus-utils/3.0.9/plexus-utils-3.0.9.jar (227 KB at 808.9 KB/sec)
[INFO] Downloading: https://repo.maven.apache.org/maven2/org/apache/maven/shared/maven-invoker/2.0.11/maven-invoker-2.0.11.jar
[INFO] Downloaded: https://repo.maven.apache.org/maven2/asm/asm/3.3.1/asm-3.3.1.jar (43 KB at 147.3 KB/sec)
[INFO] Downloading: https://repo.maven.apache.org/maven2/commons-lang/commons-lang/2.6/commons-lang-2.6.jar
[INFO] Downloaded: https://repo.maven.apache.org/maven2/org/apache/maven/shared/maven-common-artifact-filters/1.4/maven-common-artifact-filters-1.4.jar (31 KB at 106.4 KB/sec)
[INFO] Downloaded: https://repo.maven.apache.org/maven2/org/apache/maven/shared/maven-dependency-tree/2.1/maven-dependency-tree-2.1.jar (59 KB at 190.7 KB/sec)
[INFO] Downloaded: https://repo.maven.apache.org/maven2/org/apache/maven/shared/maven-invoker/2.0.11/maven-invoker-2.0.11.jar (29 KB at 92.0 KB/sec)
[INFO] Downloaded: https://repo.maven.apache.org/maven2/org/eclipse/aether/aether-util/0.9.0.M2/aether-util-0.9.0.M2.jar (131 KB at 390.6 KB/sec)
[INFO] Downloaded: https://repo.maven.apache.org/maven2/commons-lang/commons-lang/2.6/commons-lang-2.6.jar (278 KB at 709.9 KB/sec)
[INFO] Copying artemis-native-1.5.4.jar to /home/travis/build/failed/yamcs/yamcs/yamcs-core/lib/artemis-native-1.5.4.jar
[INFO] Copying netty-all-4.1.9.Final.jar to /home/travis/build/failed/yamcs/yamcs/yamcs-core/lib/netty-all-4.1.9.Final.jar
[INFO] Copying protobuf-java-2.5.0.jar to /home/travis/build/failed/yamcs/yamcs/yamcs-core/lib/protobuf-java-2.5.0.jar
[INFO] Copying johnzon-core-0.9.5.jar to /home/travis/build/failed/yamcs/yamcs/yamcs-core/lib/johnzon-core-0.9.5.jar
[INFO] Copying slf4j-jdk14-1.7.1.jar to /home/travis/build/failed/yamcs/yamcs/yamcs-core/lib/slf4j-jdk14-1.7.1.jar
[INFO] Copying janino-2.5.15.jar to /home/travis/build/failed/yamcs/yamcs/yamcs-core/lib/janino-2.5.15.jar
[INFO] Copying commons-collections-3.2.1.jar to /home/travis/build/failed/yamcs/yamcs/yamcs-core/lib/commons-collections-3.2.1.jar
[INFO] Copying artemis-journal-1.5.4.jar to /home/travis/build/failed/yamcs/yamcs/yamcs-core/lib/artemis-journal-1.5.4.jar
[INFO] Copying jcommander-1.48.jar to /home/travis/build/failed/yamcs/yamcs/yamcs-core/lib/jcommander-1.48.jar
[INFO] Copying rocksdbjni-5.2.1.jar to /home/travis/build/failed/yamcs/yamcs/yamcs-core/lib/rocksdbjni-5.2.1.jar
[INFO] Copying javacsv-2.0.jar to /home/travis/build/failed/yamcs/yamcs/yamcs-core/lib/javacsv-2.0.jar
[INFO] Copying protostuff-api-1.5.3.jar to /home/travis/build/failed/yamcs/yamcs/yamcs-core/lib/protostuff-api-1.5.3.jar
[INFO] Copying artemis-core-client-1.5.4.jar to /home/travis/build/failed/yamcs/yamcs/yamcs-core/lib/artemis-core-client-1.5.4.jar
[INFO] Copying slf4j-api-1.7.1.jar to /home/travis/build/failed/yamcs/yamcs/yamcs-core/lib/slf4j-api-1.7.1.jar
[INFO] Copying jgroups-3.6.9.Final.jar to /home/travis/build/failed/yamcs/yamcs/yamcs-core/lib/jgroups-3.6.9.Final.jar
[INFO] Copying jackson-core-2.7.1.jar to /home/travis/build/failed/yamcs/yamcs/yamcs-core/lib/jackson-core-2.7.1.jar
[INFO] Copying geronimo-json_1.0_spec-1.0-alpha-1.jar to /home/travis/build/failed/yamcs/yamcs/yamcs-core/lib/geronimo-json_1.0_spec-1.0-alpha-1.jar
[INFO] Copying protostuff-json-1.5.3.jar to /home/travis/build/failed/yamcs/yamcs/yamcs-core/lib/protostuff-json-1.5.3.jar
[INFO] Copying snakeyaml-1.9.jar to /home/travis/build/failed/yamcs/yamcs/yamcs-core/lib/snakeyaml-1.9.jar
[INFO] Copying commons-logging-1.1.1.jar to /home/travis/build/failed/yamcs/yamcs/yamcs-core/lib/commons-logging-1.1.1.jar
[INFO] Copying commons-beanutils-1.9.2.jar to /home/travis/build/failed/yamcs/yamcs/yamcs-core/lib/commons-beanutils-1.9.2.jar
[INFO] Copying log4j-1.2.14.jar to /home/travis/build/failed/yamcs/yamcs/yamcs-core/lib/log4j-1.2.14.jar
[INFO] Copying yamcs-api-3.1.3-SNAPSHOT.jar to /home/travis/build/failed/yamcs/yamcs/yamcs-core/lib/yamcs-api-3.1.3-SNAPSHOT.jar
[INFO] Copying artemis-jdbc-store-1.5.4.jar to /home/travis/build/failed/yamcs/yamcs/yamcs-core/lib/artemis-jdbc-store-1.5.4.jar
[INFO] Copying jxl-2.6.10.jar to /home/travis/build/failed/yamcs/yamcs/yamcs-core/lib/jxl-2.6.10.jar
[INFO] Copying guava-18.0.jar to /home/travis/build/failed/yamcs/yamcs/yamcs-core/lib/guava-18.0.jar
[INFO] Copying jdatepicker-1.3.2.jar to /home/travis/build/failed/yamcs/yamcs/yamcs-core/lib/jdatepicker-1.3.2.jar
[INFO] Copying yamcs-xtce-3.1.3-SNAPSHOT.jar to /home/travis/build/failed/yamcs/yamcs/yamcs-core/lib/yamcs-xtce-3.1.3-SNAPSHOT.jar
[INFO] Copying artemis-commons-1.5.4.jar to /home/travis/build/failed/yamcs/yamcs/yamcs-core/lib/artemis-commons-1.5.4.jar
[INFO] Copying artemis-server-1.5.4.jar to /home/travis/build/failed/yamcs/yamcs/yamcs-core/lib/artemis-server-1.5.4.jar
[INFO] Copying jboss-logging-3.3.0.Final.jar to /home/travis/build/failed/yamcs/yamcs/yamcs-core/lib/jboss-logging-3.3.0.Final.jar
[INFO] Copying artemis-selector-1.5.4.jar to /home/travis/build/failed/yamcs/yamcs/yamcs-core/lib/artemis-selector-1.5.4.jar
[INFO] 
[INFO] --- maven-source-plugin:2.2.1:jar-no-fork (attach-sources) @ yamcs-core ---
[INFO] Building jar: /home/travis/build/failed/yamcs/yamcs/yamcs-core/target/yamcs-core-3.1.3-SNAPSHOT-sources.jar
[INFO] 
[INFO] --- maven-install-plugin:2.4:install (default-install) @ yamcs-core ---
[INFO] Installing /home/travis/build/failed/yamcs/yamcs/yamcs-core/target/yamcs-core-3.1.3-SNAPSHOT.jar to /home/travis/.m2/repository/org/yamcs/yamcs-core/3.1.3-SNAPSHOT/yamcs-core-3.1.3-SNAPSHOT.jar
[INFO] Installing /home/travis/build/failed/yamcs/yamcs/yamcs-core/pom.xml to /home/travis/.m2/repository/org/yamcs/yamcs-core/3.1.3-SNAPSHOT/yamcs-core-3.1.3-SNAPSHOT.pom
[INFO] Installing /home/travis/build/failed/yamcs/yamcs/yamcs-core/target/yamcs-core-3.1.3-SNAPSHOT-sources.jar to /home/travis/.m2/repository/org/yamcs/yamcs-core/3.1.3-SNAPSHOT/yamcs-core-3.1.3-SNAPSHOT-sources.jar
[INFO]                                                                         
[INFO] ------------------------------------------------------------------------
[INFO] Building Yamcs Simulation 3.1.3-SNAPSHOT
[INFO] ------------------------------------------------------------------------
[INFO] 
[INFO] --- maven-resources-plugin:2.6:resources (default-resources) @ yamcs-simulation ---
[INFO] Using 'UTF-8' encoding to copy filtered resources.
[INFO] Copying 2 resources
[INFO] 
[INFO] --- maven-compiler-plugin:2.3.2:compile (default-compile) @ yamcs-simulation ---
[INFO] Compiling 34 source files to /home/travis/build/failed/yamcs/yamcs/yamcs-simulation/target/classes
[INFO] 
[INFO] --- maven-resources-plugin:2.6:testResources (default-testResources) @ yamcs-simulation ---
[INFO] Using 'UTF-8' encoding to copy filtered resources.
[INFO] Copying 5 resources
[INFO] 
[INFO] --- maven-compiler-plugin:2.3.2:testCompile (default-testCompile) @ yamcs-simulation ---
[INFO] Compiling 1 source file to /home/travis/build/failed/yamcs/yamcs/yamcs-simulation/target/test-classes
[INFO] 
[INFO] --- maven-surefire-plugin:2.19.1:test (default-test) @ yamcs-simulation ---
[INFO] Tests are skipped.
[INFO] 
[INFO] --- maven-jar-plugin:2.4:jar (default-jar) @ yamcs-simulation ---
[INFO] Building jar: /home/travis/build/failed/yamcs/yamcs/yamcs-simulation/target/yamcs-simulation-3.1.3-SNAPSHOT.jar
[INFO] 
[INFO] --- maven-source-plugin:2.2.1:jar-no-fork (attach-sources) @ yamcs-simulation ---
[INFO] Building jar: /home/travis/build/failed/yamcs/yamcs/yamcs-simulation/target/yamcs-simulation-3.1.3-SNAPSHOT-sources.jar
[INFO] 
[INFO] --- maven-install-plugin:2.4:install (default-install) @ yamcs-simulation ---
[INFO] Installing /home/travis/build/failed/yamcs/yamcs/yamcs-simulation/target/yamcs-simulation-3.1.3-SNAPSHOT.jar to /home/travis/.m2/repository/org/yamcs/yamcs-simulation/3.1.3-SNAPSHOT/yamcs-simulation-3.1.3-SNAPSHOT.jar
[INFO] Installing /home/travis/build/failed/yamcs/yamcs/yamcs-simulation/pom.xml to /home/travis/.m2/repository/org/yamcs/yamcs-simulation/3.1.3-SNAPSHOT/yamcs-simulation-3.1.3-SNAPSHOT.pom
[INFO] Installing /home/travis/build/failed/yamcs/yamcs/yamcs-simulation/target/yamcs-simulation-3.1.3-SNAPSHOT-sources.jar to /home/travis/.m2/repository/org/yamcs/yamcs-simulation/3.1.3-SNAPSHOT/yamcs-simulation-3.1.3-SNAPSHOT-sources.jar
[INFO] ------------------------------------------------------------------------
[INFO] Reactor Summary:
[INFO] 
[INFO] Yamcs .............................................. SUCCESS [  4.312 s]
[INFO] Yamcs API .......................................... SUCCESS [ 27.301 s]
[INFO] Yamcs XTCE ......................................... SUCCESS [  5.025 s]
[INFO] Yamcs Core ......................................... SUCCESS [ 58.864 s]
[INFO] Yamcs Simulation ................................... SUCCESS [  2.577 s]
[INFO] ------------------------------------------------------------------------
[INFO] BUILD SUCCESS
[INFO] ------------------------------------------------------------------------
[INFO] Total time: 01:38 min
[INFO] Finished at: 2021-04-28T20:18:00+00:00
[INFO] Final Memory: 84M/479M
[INFO] ------------------------------------------------------------------------

travis_time:end:178b7199:start=1619640980471304165,finish=1619641080998320767,duration=100527016602[0Ktravis_fold:end:install[0Ktravis_time:start:0f0b96ca[0K$ mvn -Dhttps.protocols=TLSv1.2 -Dsurefire.useFile=false test
Java HotSpot(TM) 64-Bit Server VM warning: ignoring option MaxPermSize=192m; support was removed in 8.0
[INFO] Scanning for projects...
[INFO] ------------------------------------------------------------------------
[INFO] Reactor Build Order:
[INFO] 
[INFO] Yamcs
[INFO] Yamcs API
[INFO] Yamcs XTCE
[INFO] Yamcs Core
[INFO] Yamcs Simulation
[INFO]                                                                         
[INFO] ------------------------------------------------------------------------
[INFO] Building Yamcs 3.1.3-SNAPSHOT
[INFO] ------------------------------------------------------------------------
[INFO]                                                                         
[INFO] ------------------------------------------------------------------------
[INFO] Building Yamcs API 3.1.3-SNAPSHOT
[INFO] ------------------------------------------------------------------------
[INFO] 
[INFO] --- maven-resources-plugin:2.6:resources (default-resources) @ yamcs-api ---
[INFO] Using 'UTF-8' encoding to copy filtered resources.
[INFO] Copying 1 resource
[INFO] 
[INFO] --- maven-compiler-plugin:2.3.2:compile (default-compile) @ yamcs-api ---
[INFO] Nothing to compile - all classes are up to date
[INFO] 
[INFO] --- maven-resources-plugin:2.6:testResources (default-testResources) @ yamcs-api ---
[INFO] Using 'UTF-8' encoding to copy filtered resources.
[INFO] skip non existing resourceDirectory /home/travis/build/failed/yamcs/yamcs/yamcs-api/src/test/resources
[INFO] 
[INFO] --- maven-compiler-plugin:2.3.2:testCompile (default-testCompile) @ yamcs-api ---
[INFO] Nothing to compile - all classes are up to date
[INFO] 
[INFO] --- maven-surefire-plugin:2.19.1:test (default-test) @ yamcs-api ---
Downloading: https://repo.maven.apache.org/maven2/org/apache/maven/surefire/surefire-junit4/2.19.1/surefire-junit4-2.19.1.pom
2/4 KB   3/4 KB   4/4 KB            Downloaded: https://repo.maven.apache.org/maven2/org/apache/maven/surefire/surefire-junit4/2.19.1/surefire-junit4-2.19.1.pom (4 KB at 6.8 KB/sec)
Downloading: https://repo.maven.apache.org/maven2/org/apache/maven/surefire/surefire-providers/2.19.1/surefire-providers-2.19.1.pom
2/3 KB   3/3 KB            Downloaded: https://repo.maven.apache.org/maven2/org/apache/maven/surefire/surefire-providers/2.19.1/surefire-providers-2.19.1.pom (3 KB at 78.2 KB/sec)
Downloading: https://repo.maven.apache.org/maven2/org/apache/maven/surefire/surefire-junit4/2.19.1/surefire-junit4-2.19.1.jar
2/74 KB   3/74 KB   5/74 KB   6/74 KB   7/74 KB   9/74 KB   10/74 KB   11/74 KB   13/74 KB   14/74 KB   15/74 KB   17/74 KB   18/74 KB   19/74 KB   21/74 KB   22/74 KB   23/74 KB   25/74 KB   26/74 KB   27/74 KB   29/74 KB   30/74 KB   31/74 KB   33/74 KB   34/74 KB   35/74 KB   37/74 KB   38/74 KB   39/74 KB   41/74 KB   42/74 KB   43/74 KB   45/74 KB   46/74 KB   47/74 KB   49/74 KB   50/74 KB   51/74 KB   53/74 KB   54/74 KB   55/74 KB   57/74 KB   58/74 KB   59/74 KB   61/74 KB   62/74 KB   63/74 KB   65/74 KB   66/74 KB   67/74 KB   69/74 KB   70/74 KB   71/74 KB   73/74 KB   74/74 KB   74/74 KB              Downloaded: https://repo.maven.apache.org/maven2/org/apache/maven/surefire/surefire-junit4/2.19.1/surefire-junit4-2.19.1.jar (74 KB at 920.6 KB/sec)

-------------------------------------------------------
 T E S T S
-------------------------------------------------------
Running org.yamcs.utils.TaiUtcConverterTest
Tests run: 2, Failures: 0, Errors: 0, Skipped: 0, Time elapsed: 0.063 sec - in org.yamcs.utils.TaiUtcConverterTest
Running org.yamcs.utils.TimeEncodingTest
sdf,format:2010-12-31T23:59:59.000
d=Fri Dec 31 23:59:59 UTC 2010
cal=Fri Dec 31 23:59:59 UTC 2010
hod=23
s=2010-12-31T23:59:59.000
Tests run: 15, Failures: 0, Errors: 0, Skipped: 0, Time elapsed: 0.017 sec - in org.yamcs.utils.TimeEncodingTest
Running org.yamcs.api.AbstractEventProducerTest
Tests run: 5, Failures: 2, Errors: 0, Skipped: 0, Time elapsed: 0.064 sec <<< FAILURE! - in org.yamcs.api.AbstractEventProducerTest
testEventReduction_interleave(org.yamcs.api.AbstractEventProducerTest)  Time elapsed: 0.014 sec  <<< FAILURE!
org.junit.ComparisonFailure: Incorrect msg at index 5 expected:<[last event repeated 2 times]> but was:<[Repeated 2 times: another-msg]>
	at org.yamcs.api.AbstractEventProducerTest.assertMsgsEqual(AbstractEventProducerTest.java:92)
	at org.yamcs.api.AbstractEventProducerTest.testEventReduction_interleave(AbstractEventProducerTest.java:71)

testEventReduction_3msgs(org.yamcs.api.AbstractEventProducerTest)  Time elapsed: 0.004 sec  <<< FAILURE!
org.junit.ComparisonFailure: Incorrect msg at index 1 expected:<[last event repeated 2 times]> but was:<[Repeated 2 times: a-msg]>
	at org.yamcs.api.AbstractEventProducerTest.assertMsgsEqual(AbstractEventProducerTest.java:92)
	at org.yamcs.api.AbstractEventProducerTest.testEventReduction_3msgs(AbstractEventProducerTest.java:34)


Results :

Failed tests: 
  AbstractEventProducerTest.testEventReduction_3msgs:34->assertMsgsEqual:92 Incorrect msg at index 1 expected:<[last event repeated 2 times]> but was:<[Repeated 2 times: a-msg]>
  AbstractEventProducerTest.testEventReduction_interleave:71->assertMsgsEqual:92 Incorrect msg at index 5 expected:<[last event repeated 2 times]> but was:<[Repeated 2 times: another-msg]>

Tests run: 22, Failures: 2, Errors: 0, Skipped: 0

[INFO] ------------------------------------------------------------------------
[INFO] Reactor Summary:
[INFO] 
[INFO] Yamcs .............................................. SUCCESS [  0.046 s]
[INFO] Yamcs API .......................................... FAILURE [  2.756 s]
[INFO] Yamcs XTCE ......................................... SKIPPED
[INFO] Yamcs Core ......................................... SKIPPED
[INFO] Yamcs Simulation ................................... SKIPPED
[INFO] ------------------------------------------------------------------------
[INFO] BUILD FAILURE
[INFO] ------------------------------------------------------------------------
[INFO] Total time: 2.954 s
[INFO] Finished at: 2021-04-28T20:18:05+00:00
[INFO] Final Memory: 14M/369M
[INFO] ------------------------------------------------------------------------
[ERROR] Failed to execute goal org.apache.maven.plugins:maven-surefire-plugin:2.19.1:test (default-test) on project yamcs-api: There are test failures.
[ERROR] 
[ERROR] Please refer to /home/travis/build/failed/yamcs/yamcs/yamcs-api/target/surefire-reports for the individual test results.
[ERROR] -> [Help 1]
[ERROR] 
[ERROR] To see the full stack trace of the errors, re-run Maven with the -e switch.
[ERROR] Re-run Maven using the -X switch to enable full debug logging.
[ERROR] 
[ERROR] For more information about the errors and possible solutions, please read the following articles:
[ERROR] [Help 1] http://cwiki.apache.org/confluence/display/MAVEN/MojoFailureException
[ERROR] 
[ERROR] After correcting the problems, you can resume the build with the command
[ERROR]   mvn <goals> -rf :yamcs-api

travis_time:end:0f0b96ca:start=1619641081009614780,finish=1619641085350707079,duration=4341092299[0K
[31;1mThe command "mvn -Dhttps.protocols=TLSv1.2 -Dsurefire.useFile=false test" exited with 1.[0m
travis_fold:start:cache.2[0Kstore build cache
travis_time:start:029d6738[0K
travis_time:end:029d6738:start=1619641085361938318,finish=1619641085371067389,duration=9129071[0Ktravis_time:start:0ab63aad[0K/home/travis/.casher/bin/casher:190: warning: Insecure world writable dir /home/travis/build/failed/yamcs/yamcs/. in PATH, mode 040777
[32;1mchanges detected, packing new archive[0m
/home/travis/.casher/bin/casher:213:in `cache_archive_name': undefined method `[]' for nil:NilClass (NoMethodError)
	from /home/travis/.casher/bin/casher:143:in `push'
	from /home/travis/.casher/bin/casher:53:in `block in run'
	from /home/travis/.rvm/rubies/ruby-1.9.3-p551/lib/ruby/1.9.1/timeout.rb:69:in `timeout'
	from /home/travis/.casher/bin/casher:53:in `run'
	from /home/travis/.casher/bin/casher:263:in `<main>'

travis_time:end:0ab63aad:start=1619641085382567913,finish=1619641089171858906,duration=3789290993[0Ktravis_fold:end:cache.2[0K
Done. Your build exited with 1.
